09-27 03:11 DEBUG    Experiment arguments: Namespace(alpha=0.5, communication_rounds=None, datadir='data/mnist', dataset='mnist', device=1.0, dropout_p=0.0, epochs=10, experiment=['pdm_KL'], init_seed=0, iter_epochs=5, layers=0, loaddir='saved_weights/mnist/homo', logdir='KL_regs_bst_hyp_unlimi/mnist/homo', lr=0.01, lr_decay=0.99, n=15, n_layers=1, n_nets=15, net_config=[784, 100, 10], num_pool_workers=1, partition='homo', pdm_gamma=10, pdm_sig=0.5, pdm_sig0=10, reg=1e-06, reg_fac=0.0, trials=10)
09-27 03:11 DEBUG    ####################################################################################################
09-27 03:11 DEBUG    Executing Trial 0 with seed 0
09-27 03:11 DEBUG    Data statistics: {0: {0: 419, 1: 442, 2: 388, 3: 388, 4: 386, 5: 342, 6: 414, 7: 428, 8: 383, 9: 410}, 1: {0: 389, 1: 474, 2: 405, 3: 402, 4: 370, 5: 360, 6: 392, 7: 401, 8: 411, 9: 396}, 2: {0: 397, 1: 463, 2: 373, 3: 418, 4: 397, 5: 373, 6: 384, 7: 399, 8: 397, 9: 399}, 3: {0: 393, 1: 475, 2: 386, 3: 436, 4: 381, 5: 346, 6: 378, 7: 432, 8: 386, 9: 387}, 4: {0: 418, 1: 430, 2: 409, 3: 393, 4: 386, 5: 356, 6: 385, 7: 416, 8: 418, 9: 389}, 5: {0: 401, 1: 428, 2: 398, 3: 390, 4: 400, 5: 379, 6: 380, 7: 425, 8: 383, 9: 416}, 6: {0: 390, 1: 430, 2: 405, 3: 385, 4: 435, 5: 388, 6: 431, 7: 393, 8: 362, 9: 381}, 7: {0: 368, 1: 455, 2: 409, 3: 422, 4: 375, 5: 367, 6: 369, 7: 432, 8: 411, 9: 392}, 8: {0: 416, 1: 458, 2: 380, 3: 436, 4: 406, 5: 340, 6: 376, 7: 395, 8: 376, 9: 417}, 9: {0: 416, 1: 453, 2: 397, 3: 398, 4: 381, 5: 361, 6: 400, 7: 395, 8: 413, 9: 386}, 10: {0: 388, 1: 401, 2: 423, 3: 417, 4: 384, 5: 372, 6: 420, 7: 439, 8: 367, 9: 389}, 11: {0: 338, 1: 473, 2: 398, 3: 400, 4: 412, 5: 385, 6: 386, 7: 465, 8: 346, 9: 397}, 12: {0: 377, 1: 451, 2: 416, 3: 423, 4: 383, 5: 338, 6: 379, 7: 418, 8: 397, 9: 418}, 13: {0: 380, 1: 443, 2: 386, 3: 412, 4: 373, 5: 352, 6: 444, 7: 411, 8: 387, 9: 412}, 14: {0: 433, 1: 466, 2: 385, 3: 411, 4: 373, 5: 362, 6: 380, 7: 416, 8: 414, 9: 360}}
09-27 03:12 DEBUG    **************************************************
09-27 03:12 DEBUG    Running experiments 

09-27 03:16 DEBUG    ****** PDM_KL matching ******** 
09-27 03:16 DEBUG    Best Sigma0: 10. Best sigma: 0.5 Best gamma: 10. Best Test accuracy: 0.9648. Train acc: 0.9661333333333333. 

09-27 03:16 DEBUG    PDM_KL log: {(10, 0.5, 10): {'shapes': [(784, 1331), (1331,), (1331, 10), (10,)], 'train_accuracy': 0.9661333333333333, 'test_accuracy': 0.9648}} 
09-27 03:23 DEBUG    ****** PDM_KL matching ******** 
09-27 03:23 DEBUG    Best Sigma0: 10. Best sigma: 0.5 Best gamma: 10. Best Test accuracy: 0.9648. Train acc: 0.9661333333333333. 

09-27 03:23 DEBUG    PDM_KL log: {(10, 0.5, 10): {'shapes': [(784, 1331), (1331,), (1331, 10), (10,)], 'train_accuracy': 0.9661333333333333, 'test_accuracy': 0.9648}} 
09-27 03:31 DEBUG    ****** PDM_KL matching ******** 
09-27 03:31 DEBUG    Best Sigma0: 10. Best sigma: 0.5 Best gamma: 10. Best Test accuracy: 0.9648. Train acc: 0.9661333333333333. 

09-27 03:31 DEBUG    PDM_KL log: {(10, 0.5, 10): {'shapes': [(784, 1331), (1331,), (1331, 10), (10,)], 'train_accuracy': 0.9661333333333333, 'test_accuracy': 0.9648}} 
09-27 03:38 DEBUG    ****** PDM_KL matching ******** 
09-27 03:38 DEBUG    Best Sigma0: 10. Best sigma: 0.5 Best gamma: 10. Best Test accuracy: 0.9648. Train acc: 0.9661333333333333. 

09-27 03:38 DEBUG    PDM_KL log: {(10, 0.5, 10): {'shapes': [(784, 1328), (1328,), (1328, 10), (10,)], 'train_accuracy': 0.9661333333333333, 'test_accuracy': 0.9648}} 
09-27 03:45 DEBUG    ****** PDM_KL matching ******** 
09-27 03:45 DEBUG    Best Sigma0: 10. Best sigma: 0.5 Best gamma: 10. Best Test accuracy: 0.9648. Train acc: 0.9661333333333333. 

09-27 03:45 DEBUG    PDM_KL log: {(10, 0.5, 10): {'shapes': [(784, 1325), (1325,), (1325, 10), (10,)], 'train_accuracy': 0.9661333333333333, 'test_accuracy': 0.9648}} 
09-27 03:52 DEBUG    ****** PDM_KL matching ******** 
09-27 03:52 DEBUG    Best Sigma0: 10. Best sigma: 0.5 Best gamma: 10. Best Test accuracy: 0.9648. Train acc: 0.9661333333333333. 

09-27 03:52 DEBUG    PDM_KL log: {(10, 0.5, 10): {'shapes': [(784, 1320), (1320,), (1320, 10), (10,)], 'train_accuracy': 0.9661333333333333, 'test_accuracy': 0.9648}} 
09-27 03:59 DEBUG    ****** PDM_KL matching ******** 
09-27 03:59 DEBUG    Best Sigma0: 10. Best sigma: 0.5 Best gamma: 10. Best Test accuracy: 0.9647. Train acc: 0.9661166666666666. 

09-27 03:59 DEBUG    PDM_KL log: {(10, 0.5, 10): {'shapes': [(784, 1287), (1287,), (1287, 10), (10,)], 'train_accuracy': 0.9661166666666666, 'test_accuracy': 0.9647}} 
09-27 04:00 DEBUG    ****** PDM_KL matching ******** 
09-27 04:00 DEBUG    Best Sigma0: 10. Best sigma: 0.5 Best gamma: 10. Best Test accuracy: 0.8939. Train acc: 0.88945. 

09-27 04:00 DEBUG    PDM_KL log: {(10, 0.5, 10): {'shapes': [(784, 227), (227,), (227, 10), (10,)], 'train_accuracy': 0.88945, 'test_accuracy': 0.8939}} 
09-27 04:01 DEBUG    ****** PDM_KL matching ******** 
09-27 04:01 DEBUG    Best Sigma0: 10. Best sigma: 0.5 Best gamma: 10. Best Test accuracy: 0.0974. Train acc: 0.09751666666666667. 

09-27 04:01 DEBUG    PDM_KL log: {(10, 0.5, 10): {'shapes': [(784, 100), (100,), (100, 10), (10,)], 'train_accuracy': 0.09751666666666667, 'test_accuracy': 0.0974}} 
09-27 04:01 DEBUG    ****** PDM_KL matching ******** 
09-27 04:01 DEBUG    Best Sigma0: 10. Best sigma: 0.5 Best gamma: 10. Best Test accuracy: 0.0974. Train acc: 0.09751666666666667. 

09-27 04:01 DEBUG    PDM_KL log: {(10, 0.5, 10): {'shapes': [(784, 100), (100,), (100, 10), (10,)], 'train_accuracy': 0.09751666666666667, 'test_accuracy': 0.0974}} 
09-27 04:02 DEBUG    ****** PDM_KL matching ******** 
09-27 04:02 DEBUG    Best Sigma0: 10. Best sigma: 0.5 Best gamma: 10. Best Test accuracy: 0.0974. Train acc: 0.09751666666666667. 

09-27 04:02 DEBUG    PDM_KL log: {(10, 0.5, 10): {'shapes': [(784, 100), (100,), (100, 10), (10,)], 'train_accuracy': 0.09751666666666667, 'test_accuracy': 0.0974}} 
09-27 04:02 DEBUG    Trial 0 completed
09-27 04:02 DEBUG    ####################################################################################################
09-27 04:02 DEBUG    ####################################################################################################
09-27 04:02 DEBUG    Executing Trial 1 with seed 1
09-27 04:02 DEBUG    Data statistics: {0: {0: 357, 1: 459, 2: 383, 3: 433, 4: 398, 5: 344, 6: 423, 7: 410, 8: 400, 9: 393}, 1: {0: 404, 1: 453, 2: 395, 3: 395, 4: 376, 5: 396, 6: 407, 7: 414, 8: 366, 9: 394}, 2: {0: 397, 1: 461, 2: 416, 3: 409, 4: 383, 5: 370, 6: 357, 7: 441, 8: 406, 9: 360}, 3: {0: 409, 1: 451, 2: 405, 3: 407, 4: 387, 5: 417, 6: 379, 7: 395, 8: 380, 9: 370}, 4: {0: 379, 1: 440, 2: 403, 3: 431, 4: 375, 5: 375, 6: 411, 7: 429, 8: 372, 9: 385}, 5: {0: 426, 1: 448, 2: 386, 3: 383, 4: 410, 5: 372, 6: 401, 7: 384, 8: 393, 9: 397}, 6: {0: 413, 1: 420, 2: 409, 3: 389, 4: 375, 5: 341, 6: 399, 7: 433, 8: 392, 9: 429}, 7: {0: 377, 1: 461, 2: 395, 3: 433, 4: 406, 5: 331, 6: 430, 7: 383, 8: 403, 9: 381}, 8: {0: 383, 1: 455, 2: 418, 3: 439, 4: 392, 5: 328, 6: 357, 7: 446, 8: 371, 9: 411}, 9: {0: 401, 1: 479, 2: 425, 3: 419, 4: 364, 5: 348, 6: 369, 7: 426, 8: 396, 9: 373}, 10: {0: 375, 1: 422, 2: 416, 3: 381, 4: 389, 5: 358, 6: 406, 7: 388, 8: 425, 9: 440}, 11: {0: 399, 1: 417, 2: 372, 3: 379, 4: 421, 5: 365, 6: 391, 7: 448, 8: 392, 9: 416}, 12: {0: 404, 1: 432, 2: 372, 3: 423, 4: 395, 5: 367, 6: 392, 7: 422, 8: 388, 9: 405}, 13: {0: 412, 1: 468, 2: 383, 3: 385, 4: 390, 5: 352, 6: 397, 7: 419, 8: 406, 9: 388}, 14: {0: 387, 1: 476, 2: 380, 3: 425, 4: 381, 5: 357, 6: 399, 7: 427, 8: 361, 9: 407}}
09-27 04:02 DEBUG    **************************************************
09-27 04:02 DEBUG    Running experiments 

09-27 04:06 DEBUG    ****** PDM_KL matching ******** 
09-27 04:06 DEBUG    Best Sigma0: 10. Best sigma: 0.5 Best gamma: 10. Best Test accuracy: 0.9629. Train acc: 0.96495. 

09-27 04:06 DEBUG    PDM_KL log: {(10, 0.5, 10): {'shapes': [(784, 1306), (1306,), (1306, 10), (10,)], 'train_accuracy': 0.96495, 'test_accuracy': 0.9629}} 
09-27 04:12 DEBUG    ****** PDM_KL matching ******** 
09-27 04:12 DEBUG    Best Sigma0: 10. Best sigma: 0.5 Best gamma: 10. Best Test accuracy: 0.9629. Train acc: 0.96495. 

09-27 04:12 DEBUG    PDM_KL log: {(10, 0.5, 10): {'shapes': [(784, 1309), (1309,), (1309, 10), (10,)], 'train_accuracy': 0.96495, 'test_accuracy': 0.9629}} 
09-27 04:19 DEBUG    ****** PDM_KL matching ******** 
09-27 04:19 DEBUG    Best Sigma0: 10. Best sigma: 0.5 Best gamma: 10. Best Test accuracy: 0.9629. Train acc: 0.96495. 

09-27 04:19 DEBUG    PDM_KL log: {(10, 0.5, 10): {'shapes': [(784, 1304), (1304,), (1304, 10), (10,)], 'train_accuracy': 0.96495, 'test_accuracy': 0.9629}} 
09-27 04:26 DEBUG    ****** PDM_KL matching ******** 
09-27 04:26 DEBUG    Best Sigma0: 10. Best sigma: 0.5 Best gamma: 10. Best Test accuracy: 0.9629. Train acc: 0.96495. 

09-27 04:26 DEBUG    PDM_KL log: {(10, 0.5, 10): {'shapes': [(784, 1304), (1304,), (1304, 10), (10,)], 'train_accuracy': 0.96495, 'test_accuracy': 0.9629}} 
09-27 04:33 DEBUG    ****** PDM_KL matching ******** 
09-27 04:33 DEBUG    Best Sigma0: 10. Best sigma: 0.5 Best gamma: 10. Best Test accuracy: 0.9629. Train acc: 0.96495. 

09-27 04:33 DEBUG    PDM_KL log: {(10, 0.5, 10): {'shapes': [(784, 1297), (1297,), (1297, 10), (10,)], 'train_accuracy': 0.96495, 'test_accuracy': 0.9629}} 
09-27 04:40 DEBUG    ****** PDM_KL matching ******** 
09-27 04:40 DEBUG    Best Sigma0: 10. Best sigma: 0.5 Best gamma: 10. Best Test accuracy: 0.9629. Train acc: 0.96495. 

09-27 04:40 DEBUG    PDM_KL log: {(10, 0.5, 10): {'shapes': [(784, 1293), (1293,), (1293, 10), (10,)], 'train_accuracy': 0.96495, 'test_accuracy': 0.9629}} 
09-27 04:46 DEBUG    ****** PDM_KL matching ******** 
09-27 04:46 DEBUG    Best Sigma0: 10. Best sigma: 0.5 Best gamma: 10. Best Test accuracy: 0.9629. Train acc: 0.96495. 

09-27 04:46 DEBUG    PDM_KL log: {(10, 0.5, 10): {'shapes': [(784, 1251), (1251,), (1251, 10), (10,)], 'train_accuracy': 0.96495, 'test_accuracy': 0.9629}} 
09-27 04:47 DEBUG    ****** PDM_KL matching ******** 
09-27 04:47 DEBUG    Best Sigma0: 10. Best sigma: 0.5 Best gamma: 10. Best Test accuracy: 0.7916. Train acc: 0.7906333333333333. 

09-27 04:47 DEBUG    PDM_KL log: {(10, 0.5, 10): {'shapes': [(784, 223), (223,), (223, 10), (10,)], 'train_accuracy': 0.7906333333333333, 'test_accuracy': 0.7916}} 
09-27 04:48 DEBUG    ****** PDM_KL matching ******** 
09-27 04:48 DEBUG    Best Sigma0: 10. Best sigma: 0.5 Best gamma: 10. Best Test accuracy: 0.0974. Train acc: 0.09751666666666667. 

09-27 04:48 DEBUG    PDM_KL log: {(10, 0.5, 10): {'shapes': [(784, 100), (100,), (100, 10), (10,)], 'train_accuracy': 0.09751666666666667, 'test_accuracy': 0.0974}} 
09-27 04:48 DEBUG    ****** PDM_KL matching ******** 
09-27 04:48 DEBUG    Best Sigma0: 10. Best sigma: 0.5 Best gamma: 10. Best Test accuracy: 0.0974. Train acc: 0.09751666666666667. 

09-27 04:48 DEBUG    PDM_KL log: {(10, 0.5, 10): {'shapes': [(784, 100), (100,), (100, 10), (10,)], 'train_accuracy': 0.09751666666666667, 'test_accuracy': 0.0974}} 
09-27 04:49 DEBUG    ****** PDM_KL matching ******** 
09-27 04:49 DEBUG    Best Sigma0: 10. Best sigma: 0.5 Best gamma: 10. Best Test accuracy: 0.0974. Train acc: 0.09751666666666667. 

09-27 04:49 DEBUG    PDM_KL log: {(10, 0.5, 10): {'shapes': [(784, 100), (100,), (100, 10), (10,)], 'train_accuracy': 0.09751666666666667, 'test_accuracy': 0.0974}} 
09-27 04:49 DEBUG    Trial 1 completed
09-27 04:49 DEBUG    ####################################################################################################
09-27 04:49 DEBUG    ####################################################################################################
09-27 04:49 DEBUG    Executing Trial 2 with seed 2
09-27 04:49 DEBUG    Data statistics: {0: {0: 440, 1: 456, 2: 390, 3: 404, 4: 381, 5: 391, 6: 394, 7: 395, 8: 387, 9: 362}, 1: {0: 373, 1: 469, 2: 369, 3: 438, 4: 405, 5: 331, 6: 402, 7: 389, 8: 409, 9: 415}, 2: {0: 370, 1: 429, 2: 435, 3: 410, 4: 431, 5: 361, 6: 373, 7: 436, 8: 370, 9: 385}, 3: {0: 389, 1: 453, 2: 404, 3: 419, 4: 381, 5: 368, 6: 403, 7: 402, 8: 367, 9: 414}, 4: {0: 413, 1: 445, 2: 412, 3: 405, 4: 376, 5: 382, 6: 401, 7: 425, 8: 367, 9: 374}, 5: {0: 365, 1: 446, 2: 381, 3: 388, 4: 402, 5: 359, 6: 413, 7: 428, 8: 419, 9: 399}, 6: {0: 399, 1: 405, 2: 411, 3: 412, 4: 397, 5: 350, 6: 415, 7: 405, 8: 399, 9: 407}, 7: {0: 387, 1: 438, 2: 399, 3: 460, 4: 374, 5: 386, 6: 389, 7: 426, 8: 379, 9: 362}, 8: {0: 370, 1: 475, 2: 403, 3: 387, 4: 385, 5: 360, 6: 389, 7: 434, 8: 399, 9: 398}, 9: {0: 406, 1: 452, 2: 411, 3: 384, 4: 394, 5: 364, 6: 361, 7: 425, 8: 389, 9: 414}, 10: {0: 421, 1: 448, 2: 375, 3: 385, 4: 400, 5: 349, 6: 394, 7: 430, 8: 397, 9: 401}, 11: {0: 402, 1: 481, 2: 401, 3: 427, 4: 366, 5: 358, 6: 368, 7: 438, 8: 359, 9: 400}, 12: {0: 407, 1: 434, 2: 400, 3: 375, 4: 384, 5: 351, 6: 412, 7: 408, 8: 410, 9: 419}, 13: {0: 420, 1: 466, 2: 371, 3: 395, 4: 405, 5: 357, 6: 397, 7: 422, 8: 371, 9: 396}, 14: {0: 361, 1: 445, 2: 396, 3: 442, 4: 361, 5: 354, 6: 407, 7: 402, 8: 429, 9: 403}}
09-27 04:49 DEBUG    **************************************************
09-27 04:49 DEBUG    Running experiments 

09-27 04:53 DEBUG    ****** PDM_KL matching ******** 
09-27 04:53 DEBUG    Best Sigma0: 10. Best sigma: 0.5 Best gamma: 10. Best Test accuracy: 0.9643. Train acc: 0.9661333333333333. 

09-27 04:53 DEBUG    PDM_KL log: {(10, 0.5, 10): {'shapes': [(784, 1314), (1314,), (1314, 10), (10,)], 'train_accuracy': 0.9661333333333333, 'test_accuracy': 0.9643}} 
09-27 04:59 DEBUG    ****** PDM_KL matching ******** 
09-27 04:59 DEBUG    Best Sigma0: 10. Best sigma: 0.5 Best gamma: 10. Best Test accuracy: 0.9643. Train acc: 0.9661333333333333. 

09-27 04:59 DEBUG    PDM_KL log: {(10, 0.5, 10): {'shapes': [(784, 1313), (1313,), (1313, 10), (10,)], 'train_accuracy': 0.9661333333333333, 'test_accuracy': 0.9643}} 
09-27 05:06 DEBUG    ****** PDM_KL matching ******** 
09-27 05:06 DEBUG    Best Sigma0: 10. Best sigma: 0.5 Best gamma: 10. Best Test accuracy: 0.9643. Train acc: 0.9661333333333333. 

09-27 05:06 DEBUG    PDM_KL log: {(10, 0.5, 10): {'shapes': [(784, 1309), (1309,), (1309, 10), (10,)], 'train_accuracy': 0.9661333333333333, 'test_accuracy': 0.9643}} 
09-27 05:13 DEBUG    ****** PDM_KL matching ******** 
09-27 05:13 DEBUG    Best Sigma0: 10. Best sigma: 0.5 Best gamma: 10. Best Test accuracy: 0.9643. Train acc: 0.9661333333333333. 

09-27 05:13 DEBUG    PDM_KL log: {(10, 0.5, 10): {'shapes': [(784, 1308), (1308,), (1308, 10), (10,)], 'train_accuracy': 0.9661333333333333, 'test_accuracy': 0.9643}} 
09-27 05:20 DEBUG    ****** PDM_KL matching ******** 
09-27 05:20 DEBUG    Best Sigma0: 10. Best sigma: 0.5 Best gamma: 10. Best Test accuracy: 0.9643. Train acc: 0.9661333333333333. 

09-27 05:20 DEBUG    PDM_KL log: {(10, 0.5, 10): {'shapes': [(784, 1300), (1300,), (1300, 10), (10,)], 'train_accuracy': 0.9661333333333333, 'test_accuracy': 0.9643}} 
09-27 05:27 DEBUG    ****** PDM_KL matching ******** 
09-27 05:27 DEBUG    Best Sigma0: 10. Best sigma: 0.5 Best gamma: 10. Best Test accuracy: 0.9643. Train acc: 0.9661333333333333. 

09-27 05:27 DEBUG    PDM_KL log: {(10, 0.5, 10): {'shapes': [(784, 1293), (1293,), (1293, 10), (10,)], 'train_accuracy': 0.9661333333333333, 'test_accuracy': 0.9643}} 
09-27 05:34 DEBUG    ****** PDM_KL matching ******** 
09-27 05:34 DEBUG    Best Sigma0: 10. Best sigma: 0.5 Best gamma: 10. Best Test accuracy: 0.9643. Train acc: 0.9661333333333333. 

09-27 05:34 DEBUG    PDM_KL log: {(10, 0.5, 10): {'shapes': [(784, 1257), (1257,), (1257, 10), (10,)], 'train_accuracy': 0.9661333333333333, 'test_accuracy': 0.9643}} 
09-27 05:35 DEBUG    ****** PDM_KL matching ******** 
09-27 05:35 DEBUG    Best Sigma0: 10. Best sigma: 0.5 Best gamma: 10. Best Test accuracy: 0.7622. Train acc: 0.7585166666666666. 

09-27 05:35 DEBUG    PDM_KL log: {(10, 0.5, 10): {'shapes': [(784, 215), (215,), (215, 10), (10,)], 'train_accuracy': 0.7585166666666666, 'test_accuracy': 0.7622}} 
09-27 05:36 DEBUG    ****** PDM_KL matching ******** 
09-27 05:36 DEBUG    Best Sigma0: 10. Best sigma: 0.5 Best gamma: 10. Best Test accuracy: 0.0974. Train acc: 0.09751666666666667. 

09-27 05:36 DEBUG    PDM_KL log: {(10, 0.5, 10): {'shapes': [(784, 100), (100,), (100, 10), (10,)], 'train_accuracy': 0.09751666666666667, 'test_accuracy': 0.0974}} 
09-27 05:36 DEBUG    ****** PDM_KL matching ******** 
09-27 05:36 DEBUG    Best Sigma0: 10. Best sigma: 0.5 Best gamma: 10. Best Test accuracy: 0.0974. Train acc: 0.09751666666666667. 

09-27 05:36 DEBUG    PDM_KL log: {(10, 0.5, 10): {'shapes': [(784, 100), (100,), (100, 10), (10,)], 'train_accuracy': 0.09751666666666667, 'test_accuracy': 0.0974}} 
09-27 05:37 DEBUG    ****** PDM_KL matching ******** 
09-27 05:37 DEBUG    Best Sigma0: 10. Best sigma: 0.5 Best gamma: 10. Best Test accuracy: 0.0974. Train acc: 0.09751666666666667. 

09-27 05:37 DEBUG    PDM_KL log: {(10, 0.5, 10): {'shapes': [(784, 100), (100,), (100, 10), (10,)], 'train_accuracy': 0.09751666666666667, 'test_accuracy': 0.0974}} 
09-27 05:37 DEBUG    Trial 2 completed
09-27 05:37 DEBUG    ####################################################################################################
09-27 05:37 DEBUG    ####################################################################################################
09-27 05:37 DEBUG    Executing Trial 3 with seed 3
09-27 05:37 DEBUG    Data statistics: {0: {0: 373, 1: 479, 2: 423, 3: 394, 4: 375, 5: 355, 6: 374, 7: 447, 8: 403, 9: 377}, 1: {0: 425, 1: 468, 2: 379, 3: 403, 4: 378, 5: 369, 6: 391, 7: 425, 8: 370, 9: 392}, 2: {0: 380, 1: 435, 2: 399, 3: 402, 4: 404, 5: 380, 6: 393, 7: 413, 8: 394, 9: 400}, 3: {0: 391, 1: 440, 2: 387, 3: 424, 4: 412, 5: 344, 6: 377, 7: 418, 8: 400, 9: 407}, 4: {0: 348, 1: 467, 2: 416, 3: 403, 4: 397, 5: 375, 6: 383, 7: 421, 8: 391, 9: 399}, 5: {0: 392, 1: 433, 2: 406, 3: 446, 4: 381, 5: 334, 6: 383, 7: 382, 8: 421, 9: 422}, 6: {0: 376, 1: 453, 2: 380, 3: 418, 4: 392, 5: 371, 6: 415, 7: 400, 8: 397, 9: 398}, 7: {0: 401, 1: 446, 2: 406, 3: 454, 4: 390, 5: 327, 6: 385, 7: 413, 8: 368, 9: 410}, 8: {0: 382, 1: 460, 2: 404, 3: 395, 4: 405, 5: 365, 6: 399, 7: 409, 8: 367, 9: 414}, 9: {0: 432, 1: 456, 2: 388, 3: 410, 4: 353, 5: 386, 6: 422, 7: 405, 8: 371, 9: 377}, 10: {0: 406, 1: 448, 2: 399, 3: 384, 4: 391, 5: 332, 6: 387, 7: 444, 8: 419, 9: 390}, 11: {0: 401, 1: 452, 2: 387, 3: 391, 4: 374, 5: 366, 6: 396, 7: 429, 8: 413, 9: 391}, 12: {0: 404, 1: 460, 2: 399, 3: 406, 4: 402, 5: 348, 6: 382, 7: 417, 8: 385, 9: 397}, 13: {0: 419, 1: 432, 2: 381, 3: 419, 4: 388, 5: 397, 6: 406, 7: 410, 8: 365, 9: 383}, 14: {0: 393, 1: 413, 2: 404, 3: 382, 4: 400, 5: 372, 6: 425, 7: 432, 8: 387, 9: 392}}
09-27 05:37 DEBUG    **************************************************
09-27 05:37 DEBUG    Running experiments 

09-27 05:41 DEBUG    ****** PDM_KL matching ******** 
09-27 05:41 DEBUG    Best Sigma0: 10. Best sigma: 0.5 Best gamma: 10. Best Test accuracy: 0.9651. Train acc: 0.9666. 

09-27 05:41 DEBUG    PDM_KL log: {(10, 0.5, 10): {'shapes': [(784, 1323), (1323,), (1323, 10), (10,)], 'train_accuracy': 0.9666, 'test_accuracy': 0.9651}} 
09-27 05:48 DEBUG    ****** PDM_KL matching ******** 
09-27 05:48 DEBUG    Best Sigma0: 10. Best sigma: 0.5 Best gamma: 10. Best Test accuracy: 0.9651. Train acc: 0.9666. 

09-27 05:48 DEBUG    PDM_KL log: {(10, 0.5, 10): {'shapes': [(784, 1321), (1321,), (1321, 10), (10,)], 'train_accuracy': 0.9666, 'test_accuracy': 0.9651}} 
09-27 05:56 DEBUG    ****** PDM_KL matching ******** 
09-27 05:56 DEBUG    Best Sigma0: 10. Best sigma: 0.5 Best gamma: 10. Best Test accuracy: 0.9651. Train acc: 0.9666. 

09-27 05:56 DEBUG    PDM_KL log: {(10, 0.5, 10): {'shapes': [(784, 1320), (1320,), (1320, 10), (10,)], 'train_accuracy': 0.9666, 'test_accuracy': 0.9651}} 
09-27 06:02 DEBUG    ****** PDM_KL matching ******** 
09-27 06:02 DEBUG    Best Sigma0: 10. Best sigma: 0.5 Best gamma: 10. Best Test accuracy: 0.9651. Train acc: 0.9666. 

09-27 06:02 DEBUG    PDM_KL log: {(10, 0.5, 10): {'shapes': [(784, 1315), (1315,), (1315, 10), (10,)], 'train_accuracy': 0.9666, 'test_accuracy': 0.9651}} 
09-27 06:08 DEBUG    ****** PDM_KL matching ******** 
09-27 06:08 DEBUG    Best Sigma0: 10. Best sigma: 0.5 Best gamma: 10. Best Test accuracy: 0.9651. Train acc: 0.9666. 

09-27 06:08 DEBUG    PDM_KL log: {(10, 0.5, 10): {'shapes': [(784, 1306), (1306,), (1306, 10), (10,)], 'train_accuracy': 0.9666, 'test_accuracy': 0.9651}} 
09-27 06:14 DEBUG    ****** PDM_KL matching ******** 
09-27 06:14 DEBUG    Best Sigma0: 10. Best sigma: 0.5 Best gamma: 10. Best Test accuracy: 0.9651. Train acc: 0.9666. 

09-27 06:14 DEBUG    PDM_KL log: {(10, 0.5, 10): {'shapes': [(784, 1299), (1299,), (1299, 10), (10,)], 'train_accuracy': 0.9666, 'test_accuracy': 0.9651}} 
09-27 06:20 DEBUG    ****** PDM_KL matching ******** 
09-27 06:20 DEBUG    Best Sigma0: 10. Best sigma: 0.5 Best gamma: 10. Best Test accuracy: 0.9651. Train acc: 0.9666. 

09-27 06:20 DEBUG    PDM_KL log: {(10, 0.5, 10): {'shapes': [(784, 1258), (1258,), (1258, 10), (10,)], 'train_accuracy': 0.9666, 'test_accuracy': 0.9651}} 
09-27 06:22 DEBUG    ****** PDM_KL matching ******** 
09-27 06:22 DEBUG    Best Sigma0: 10. Best sigma: 0.5 Best gamma: 10. Best Test accuracy: 0.8158. Train acc: 0.8133333333333334. 

09-27 06:22 DEBUG    PDM_KL log: {(10, 0.5, 10): {'shapes': [(784, 222), (222,), (222, 10), (10,)], 'train_accuracy': 0.8133333333333334, 'test_accuracy': 0.8158}} 
09-27 06:22 DEBUG    ****** PDM_KL matching ******** 
09-27 06:22 DEBUG    Best Sigma0: 10. Best sigma: 0.5 Best gamma: 10. Best Test accuracy: 0.0974. Train acc: 0.09751666666666667. 

09-27 06:22 DEBUG    PDM_KL log: {(10, 0.5, 10): {'shapes': [(784, 100), (100,), (100, 10), (10,)], 'train_accuracy': 0.09751666666666667, 'test_accuracy': 0.0974}} 
09-27 06:23 DEBUG    ****** PDM_KL matching ******** 
09-27 06:23 DEBUG    Best Sigma0: 10. Best sigma: 0.5 Best gamma: 10. Best Test accuracy: 0.0974. Train acc: 0.09751666666666667. 

09-27 06:23 DEBUG    PDM_KL log: {(10, 0.5, 10): {'shapes': [(784, 100), (100,), (100, 10), (10,)], 'train_accuracy': 0.09751666666666667, 'test_accuracy': 0.0974}} 
09-27 06:23 DEBUG    ****** PDM_KL matching ******** 
09-27 06:23 DEBUG    Best Sigma0: 10. Best sigma: 0.5 Best gamma: 10. Best Test accuracy: 0.0974. Train acc: 0.09751666666666667. 

09-27 06:23 DEBUG    PDM_KL log: {(10, 0.5, 10): {'shapes': [(784, 100), (100,), (100, 10), (10,)], 'train_accuracy': 0.09751666666666667, 'test_accuracy': 0.0974}} 
09-27 06:23 DEBUG    Trial 3 completed
09-27 06:23 DEBUG    ####################################################################################################
09-27 06:23 DEBUG    ####################################################################################################
09-27 06:23 DEBUG    Executing Trial 4 with seed 4
09-27 06:23 DEBUG    Data statistics: {0: {0: 380, 1: 448, 2: 433, 3: 417, 4: 377, 5: 337, 6: 401, 7: 426, 8: 379, 9: 402}, 1: {0: 432, 1: 460, 2: 374, 3: 394, 4: 384, 5: 358, 6: 386, 7: 423, 8: 409, 9: 380}, 2: {0: 385, 1: 434, 2: 438, 3: 414, 4: 365, 5: 393, 6: 385, 7: 431, 8: 380, 9: 375}, 3: {0: 381, 1: 453, 2: 388, 3: 411, 4: 404, 5: 360, 6: 411, 7: 396, 8: 392, 9: 404}, 4: {0: 371, 1: 461, 2: 384, 3: 397, 4: 403, 5: 350, 6: 385, 7: 420, 8: 414, 9: 415}, 5: {0: 399, 1: 442, 2: 377, 3: 412, 4: 407, 5: 376, 6: 398, 7: 393, 8: 374, 9: 422}, 6: {0: 384, 1: 461, 2: 402, 3: 428, 4: 372, 5: 381, 6: 425, 7: 413, 8: 342, 9: 392}, 7: {0: 417, 1: 446, 2: 400, 3: 430, 4: 407, 5: 366, 6: 409, 7: 375, 8: 377, 9: 373}, 8: {0: 409, 1: 457, 2: 380, 3: 411, 4: 404, 5: 326, 6: 390, 7: 437, 8: 392, 9: 394}, 9: {0: 364, 1: 454, 2: 404, 3: 406, 4: 393, 5: 377, 6: 388, 7: 449, 8: 368, 9: 397}, 10: {0: 396, 1: 460, 2: 412, 3: 397, 4: 377, 5: 337, 6: 380, 7: 448, 8: 411, 9: 382}, 11: {0: 430, 1: 435, 2: 403, 3: 398, 4: 390, 5: 349, 6: 395, 7: 391, 8: 416, 9: 393}, 12: {0: 379, 1: 477, 2: 394, 3: 397, 4: 394, 5: 362, 6: 370, 7: 411, 8: 399, 9: 417}, 13: {0: 399, 1: 415, 2: 405, 3: 408, 4: 375, 5: 362, 6: 402, 7: 433, 8: 391, 9: 410}, 14: {0: 397, 1: 439, 2: 364, 3: 411, 4: 390, 5: 387, 6: 393, 7: 419, 8: 407, 9: 393}}
09-27 06:24 DEBUG    **************************************************
09-27 06:24 DEBUG    Running experiments 

09-27 06:28 DEBUG    ****** PDM_KL matching ******** 
09-27 06:28 DEBUG    Best Sigma0: 10. Best sigma: 0.5 Best gamma: 10. Best Test accuracy: 0.9645. Train acc: 0.9661. 

09-27 06:28 DEBUG    PDM_KL log: {(10, 0.5, 10): {'shapes': [(784, 1301), (1301,), (1301, 10), (10,)], 'train_accuracy': 0.9661, 'test_accuracy': 0.9645}} 
09-27 06:35 DEBUG    ****** PDM_KL matching ******** 
09-27 06:35 DEBUG    Best Sigma0: 10. Best sigma: 0.5 Best gamma: 10. Best Test accuracy: 0.9645. Train acc: 0.9661. 

09-27 06:35 DEBUG    PDM_KL log: {(10, 0.5, 10): {'shapes': [(784, 1303), (1303,), (1303, 10), (10,)], 'train_accuracy': 0.9661, 'test_accuracy': 0.9645}} 
09-27 06:41 DEBUG    ****** PDM_KL matching ******** 
09-27 06:41 DEBUG    Best Sigma0: 10. Best sigma: 0.5 Best gamma: 10. Best Test accuracy: 0.9645. Train acc: 0.9661. 

09-27 06:41 DEBUG    PDM_KL log: {(10, 0.5, 10): {'shapes': [(784, 1298), (1298,), (1298, 10), (10,)], 'train_accuracy': 0.9661, 'test_accuracy': 0.9645}} 
09-27 06:48 DEBUG    ****** PDM_KL matching ******** 
09-27 06:48 DEBUG    Best Sigma0: 10. Best sigma: 0.5 Best gamma: 10. Best Test accuracy: 0.9645. Train acc: 0.9661. 

09-27 06:48 DEBUG    PDM_KL log: {(10, 0.5, 10): {'shapes': [(784, 1299), (1299,), (1299, 10), (10,)], 'train_accuracy': 0.9661, 'test_accuracy': 0.9645}} 
09-27 06:55 DEBUG    ****** PDM_KL matching ******** 
09-27 06:55 DEBUG    Best Sigma0: 10. Best sigma: 0.5 Best gamma: 10. Best Test accuracy: 0.9645. Train acc: 0.9661. 

09-27 06:55 DEBUG    PDM_KL log: {(10, 0.5, 10): {'shapes': [(784, 1290), (1290,), (1290, 10), (10,)], 'train_accuracy': 0.9661, 'test_accuracy': 0.9645}} 
09-27 07:02 DEBUG    ****** PDM_KL matching ******** 
09-27 07:02 DEBUG    Best Sigma0: 10. Best sigma: 0.5 Best gamma: 10. Best Test accuracy: 0.9645. Train acc: 0.9661. 

09-27 07:02 DEBUG    PDM_KL log: {(10, 0.5, 10): {'shapes': [(784, 1287), (1287,), (1287, 10), (10,)], 'train_accuracy': 0.9661, 'test_accuracy': 0.9645}} 
09-27 07:08 DEBUG    ****** PDM_KL matching ******** 
09-27 07:08 DEBUG    Best Sigma0: 10. Best sigma: 0.5 Best gamma: 10. Best Test accuracy: 0.9645. Train acc: 0.9661. 

09-27 07:08 DEBUG    PDM_KL log: {(10, 0.5, 10): {'shapes': [(784, 1257), (1257,), (1257, 10), (10,)], 'train_accuracy': 0.9661, 'test_accuracy': 0.9645}} 
09-27 07:09 DEBUG    ****** PDM_KL matching ******** 
09-27 07:09 DEBUG    Best Sigma0: 10. Best sigma: 0.5 Best gamma: 10. Best Test accuracy: 0.8816. Train acc: 0.8824666666666666. 

09-27 07:09 DEBUG    PDM_KL log: {(10, 0.5, 10): {'shapes': [(784, 211), (211,), (211, 10), (10,)], 'train_accuracy': 0.8824666666666666, 'test_accuracy': 0.8816}} 
09-27 07:10 DEBUG    ****** PDM_KL matching ******** 
09-27 07:10 DEBUG    Best Sigma0: 10. Best sigma: 0.5 Best gamma: 10. Best Test accuracy: 0.0974. Train acc: 0.09751666666666667. 

09-27 07:10 DEBUG    PDM_KL log: {(10, 0.5, 10): {'shapes': [(784, 100), (100,), (100, 10), (10,)], 'train_accuracy': 0.09751666666666667, 'test_accuracy': 0.0974}} 
09-27 07:11 DEBUG    ****** PDM_KL matching ******** 
09-27 07:11 DEBUG    Best Sigma0: 10. Best sigma: 0.5 Best gamma: 10. Best Test accuracy: 0.0974. Train acc: 0.09751666666666667. 

09-27 07:11 DEBUG    PDM_KL log: {(10, 0.5, 10): {'shapes': [(784, 100), (100,), (100, 10), (10,)], 'train_accuracy': 0.09751666666666667, 'test_accuracy': 0.0974}} 
09-27 07:11 DEBUG    ****** PDM_KL matching ******** 
09-27 07:11 DEBUG    Best Sigma0: 10. Best sigma: 0.5 Best gamma: 10. Best Test accuracy: 0.0974. Train acc: 0.09751666666666667. 

09-27 07:11 DEBUG    PDM_KL log: {(10, 0.5, 10): {'shapes': [(784, 100), (100,), (100, 10), (10,)], 'train_accuracy': 0.09751666666666667, 'test_accuracy': 0.0974}} 
09-27 07:11 DEBUG    Trial 4 completed
09-27 07:11 DEBUG    ####################################################################################################
09-27 07:11 DEBUG    ####################################################################################################
09-27 07:11 DEBUG    Executing Trial 5 with seed 5
09-27 07:11 DEBUG    Data statistics: {0: {0: 375, 1: 421, 2: 403, 3: 430, 4: 411, 5: 343, 6: 402, 7: 443, 8: 386, 9: 386}, 1: {0: 395, 1: 450, 2: 371, 3: 418, 4: 376, 5: 338, 6: 420, 7: 420, 8: 404, 9: 408}, 2: {0: 428, 1: 452, 2: 397, 3: 401, 4: 388, 5: 333, 6: 383, 7: 437, 8: 392, 9: 389}, 3: {0: 413, 1: 466, 2: 370, 3: 404, 4: 375, 5: 360, 6: 374, 7: 423, 8: 393, 9: 422}, 4: {0: 397, 1: 444, 2: 409, 3: 396, 4: 393, 5: 365, 6: 402, 7: 397, 8: 399, 9: 398}, 5: {0: 419, 1: 441, 2: 393, 3: 396, 4: 379, 5: 384, 6: 381, 7: 435, 8: 353, 9: 419}, 6: {0: 369, 1: 455, 2: 394, 3: 413, 4: 384, 5: 374, 6: 377, 7: 430, 8: 424, 9: 380}, 7: {0: 403, 1: 444, 2: 398, 3: 435, 4: 385, 5: 344, 6: 396, 7: 398, 8: 393, 9: 404}, 8: {0: 386, 1: 457, 2: 416, 3: 412, 4: 367, 5: 382, 6: 380, 7: 445, 8: 379, 9: 376}, 9: {0: 384, 1: 438, 2: 413, 3: 416, 4: 421, 5: 384, 6: 371, 7: 393, 8: 367, 9: 413}, 10: {0: 365, 1: 454, 2: 414, 3: 402, 4: 406, 5: 387, 6: 396, 7: 408, 8: 371, 9: 397}, 11: {0: 402, 1: 450, 2: 392, 3: 405, 4: 392, 5: 344, 6: 423, 7: 415, 8: 384, 9: 393}, 12: {0: 388, 1: 467, 2: 388, 3: 436, 4: 401, 5: 366, 6: 392, 7: 419, 8: 388, 9: 355}, 13: {0: 424, 1: 442, 2: 400, 3: 376, 4: 368, 5: 381, 6: 418, 7: 397, 8: 391, 9: 403}, 14: {0: 375, 1: 461, 2: 400, 3: 391, 4: 396, 5: 336, 6: 403, 7: 405, 8: 427, 9: 406}}
09-27 07:12 DEBUG    **************************************************
09-27 07:12 DEBUG    Running experiments 

09-27 07:15 DEBUG    ****** PDM_KL matching ******** 
09-27 07:15 DEBUG    Best Sigma0: 10. Best sigma: 0.5 Best gamma: 10. Best Test accuracy: 0.964. Train acc: 0.9655. 

09-27 07:15 DEBUG    PDM_KL log: {(10, 0.5, 10): {'shapes': [(784, 1313), (1313,), (1313, 10), (10,)], 'train_accuracy': 0.9655, 'test_accuracy': 0.964}} 
09-27 07:22 DEBUG    ****** PDM_KL matching ******** 
09-27 07:22 DEBUG    Best Sigma0: 10. Best sigma: 0.5 Best gamma: 10. Best Test accuracy: 0.964. Train acc: 0.9655. 

09-27 07:22 DEBUG    PDM_KL log: {(10, 0.5, 10): {'shapes': [(784, 1313), (1313,), (1313, 10), (10,)], 'train_accuracy': 0.9655, 'test_accuracy': 0.964}} 
09-27 07:29 DEBUG    ****** PDM_KL matching ******** 
09-27 07:29 DEBUG    Best Sigma0: 10. Best sigma: 0.5 Best gamma: 10. Best Test accuracy: 0.964. Train acc: 0.9655. 

09-27 07:29 DEBUG    PDM_KL log: {(10, 0.5, 10): {'shapes': [(784, 1313), (1313,), (1313, 10), (10,)], 'train_accuracy': 0.9655, 'test_accuracy': 0.964}} 
09-27 07:36 DEBUG    ****** PDM_KL matching ******** 
09-27 07:36 DEBUG    Best Sigma0: 10. Best sigma: 0.5 Best gamma: 10. Best Test accuracy: 0.964. Train acc: 0.9655. 

09-27 07:36 DEBUG    PDM_KL log: {(10, 0.5, 10): {'shapes': [(784, 1313), (1313,), (1313, 10), (10,)], 'train_accuracy': 0.9655, 'test_accuracy': 0.964}} 
09-27 07:43 DEBUG    ****** PDM_KL matching ******** 
09-27 07:43 DEBUG    Best Sigma0: 10. Best sigma: 0.5 Best gamma: 10. Best Test accuracy: 0.964. Train acc: 0.9655. 

09-27 07:43 DEBUG    PDM_KL log: {(10, 0.5, 10): {'shapes': [(784, 1313), (1313,), (1313, 10), (10,)], 'train_accuracy': 0.9655, 'test_accuracy': 0.964}} 
09-27 07:50 DEBUG    ****** PDM_KL matching ******** 
09-27 07:50 DEBUG    Best Sigma0: 10. Best sigma: 0.5 Best gamma: 10. Best Test accuracy: 0.964. Train acc: 0.9655. 

09-27 07:50 DEBUG    PDM_KL log: {(10, 0.5, 10): {'shapes': [(784, 1304), (1304,), (1304, 10), (10,)], 'train_accuracy': 0.9655, 'test_accuracy': 0.964}} 
09-27 07:57 DEBUG    ****** PDM_KL matching ******** 
09-27 07:57 DEBUG    Best Sigma0: 10. Best sigma: 0.5 Best gamma: 10. Best Test accuracy: 0.964. Train acc: 0.9655. 

09-27 07:57 DEBUG    PDM_KL log: {(10, 0.5, 10): {'shapes': [(784, 1269), (1269,), (1269, 10), (10,)], 'train_accuracy': 0.9655, 'test_accuracy': 0.964}} 
09-27 07:59 DEBUG    ****** PDM_KL matching ******** 
09-27 07:59 DEBUG    Best Sigma0: 10. Best sigma: 0.5 Best gamma: 10. Best Test accuracy: 0.7473. Train acc: 0.7423833333333333. 

09-27 07:59 DEBUG    PDM_KL log: {(10, 0.5, 10): {'shapes': [(784, 229), (229,), (229, 10), (10,)], 'train_accuracy': 0.7423833333333333, 'test_accuracy': 0.7473}} 
09-27 07:59 DEBUG    ****** PDM_KL matching ******** 
09-27 07:59 DEBUG    Best Sigma0: 10. Best sigma: 0.5 Best gamma: 10. Best Test accuracy: 0.0974. Train acc: 0.09751666666666667. 

09-27 07:59 DEBUG    PDM_KL log: {(10, 0.5, 10): {'shapes': [(784, 100), (100,), (100, 10), (10,)], 'train_accuracy': 0.09751666666666667, 'test_accuracy': 0.0974}} 
09-27 08:00 DEBUG    ****** PDM_KL matching ******** 
09-27 08:00 DEBUG    Best Sigma0: 10. Best sigma: 0.5 Best gamma: 10. Best Test accuracy: 0.0974. Train acc: 0.09751666666666667. 

09-27 08:00 DEBUG    PDM_KL log: {(10, 0.5, 10): {'shapes': [(784, 100), (100,), (100, 10), (10,)], 'train_accuracy': 0.09751666666666667, 'test_accuracy': 0.0974}} 
09-27 08:00 DEBUG    ****** PDM_KL matching ******** 
09-27 08:00 DEBUG    Best Sigma0: 10. Best sigma: 0.5 Best gamma: 10. Best Test accuracy: 0.0974. Train acc: 0.09751666666666667. 

09-27 08:00 DEBUG    PDM_KL log: {(10, 0.5, 10): {'shapes': [(784, 100), (100,), (100, 10), (10,)], 'train_accuracy': 0.09751666666666667, 'test_accuracy': 0.0974}} 
09-27 08:00 DEBUG    Trial 5 completed
09-27 08:00 DEBUG    ####################################################################################################
09-27 08:00 DEBUG    ####################################################################################################
09-27 08:00 DEBUG    Executing Trial 6 with seed 6
09-27 08:00 DEBUG    Data statistics: {0: {0: 385, 1: 454, 2: 370, 3: 419, 4: 416, 5: 359, 6: 426, 7: 408, 8: 368, 9: 395}, 1: {0: 389, 1: 429, 2: 399, 3: 439, 4: 380, 5: 346, 6: 383, 7: 403, 8: 407, 9: 425}, 2: {0: 377, 1: 494, 2: 424, 3: 402, 4: 385, 5: 384, 6: 366, 7: 426, 8: 396, 9: 346}, 3: {0: 410, 1: 467, 2: 387, 3: 414, 4: 379, 5: 338, 6: 395, 7: 403, 8: 401, 9: 406}, 4: {0: 396, 1: 477, 2: 374, 3: 412, 4: 387, 5: 367, 6: 398, 7: 406, 8: 369, 9: 414}, 5: {0: 389, 1: 436, 2: 374, 3: 398, 4: 374, 5: 378, 6: 410, 7: 434, 8: 405, 9: 402}, 6: {0: 396, 1: 463, 2: 427, 3: 401, 4: 422, 5: 319, 6: 394, 7: 436, 8: 371, 9: 371}, 7: {0: 395, 1: 448, 2: 441, 3: 443, 4: 340, 5: 374, 6: 380, 7: 415, 8: 381, 9: 383}, 8: {0: 373, 1: 464, 2: 377, 3: 421, 4: 371, 5: 374, 6: 392, 7: 421, 8: 406, 9: 401}, 9: {0: 397, 1: 437, 2: 382, 3: 388, 4: 408, 5: 365, 6: 410, 7: 391, 8: 400, 9: 422}, 10: {0: 431, 1: 445, 2: 398, 3: 371, 4: 410, 5: 363, 6: 403, 7: 426, 8: 366, 9: 387}, 11: {0: 415, 1: 431, 2: 407, 3: 397, 4: 388, 5: 332, 6: 408, 7: 437, 8: 379, 9: 406}, 12: {0: 388, 1: 425, 2: 395, 3: 418, 4: 399, 5: 348, 6: 394, 7: 452, 8: 384, 9: 397}, 13: {0: 377, 1: 440, 2: 413, 3: 404, 4: 382, 5: 397, 6: 357, 7: 431, 8: 397, 9: 402}, 14: {0: 405, 1: 432, 2: 390, 3: 404, 4: 401, 5: 377, 6: 402, 7: 376, 8: 421, 9: 392}}
09-27 08:00 DEBUG    **************************************************
09-27 08:00 DEBUG    Running experiments 

09-27 08:05 DEBUG    ****** PDM_KL matching ******** 
09-27 08:05 DEBUG    Best Sigma0: 10. Best sigma: 0.5 Best gamma: 10. Best Test accuracy: 0.9652. Train acc: 0.9658333333333333. 

09-27 08:05 DEBUG    PDM_KL log: {(10, 0.5, 10): {'shapes': [(784, 1320), (1320,), (1320, 10), (10,)], 'train_accuracy': 0.9658333333333333, 'test_accuracy': 0.9652}} 
09-27 08:12 DEBUG    ****** PDM_KL matching ******** 
09-27 08:12 DEBUG    Best Sigma0: 10. Best sigma: 0.5 Best gamma: 10. Best Test accuracy: 0.9652. Train acc: 0.9658333333333333. 

09-27 08:12 DEBUG    PDM_KL log: {(10, 0.5, 10): {'shapes': [(784, 1321), (1321,), (1321, 10), (10,)], 'train_accuracy': 0.9658333333333333, 'test_accuracy': 0.9652}} 
09-27 08:18 DEBUG    ****** PDM_KL matching ******** 
09-27 08:18 DEBUG    Best Sigma0: 10. Best sigma: 0.5 Best gamma: 10. Best Test accuracy: 0.9652. Train acc: 0.9658333333333333. 

09-27 08:18 DEBUG    PDM_KL log: {(10, 0.5, 10): {'shapes': [(784, 1324), (1324,), (1324, 10), (10,)], 'train_accuracy': 0.9658333333333333, 'test_accuracy': 0.9652}} 
09-27 08:25 DEBUG    ****** PDM_KL matching ******** 
09-27 08:25 DEBUG    Best Sigma0: 10. Best sigma: 0.5 Best gamma: 10. Best Test accuracy: 0.9652. Train acc: 0.9658333333333333. 

09-27 08:25 DEBUG    PDM_KL log: {(10, 0.5, 10): {'shapes': [(784, 1321), (1321,), (1321, 10), (10,)], 'train_accuracy': 0.9658333333333333, 'test_accuracy': 0.9652}} 
09-27 08:32 DEBUG    ****** PDM_KL matching ******** 
09-27 08:32 DEBUG    Best Sigma0: 10. Best sigma: 0.5 Best gamma: 10. Best Test accuracy: 0.9652. Train acc: 0.9658333333333333. 

09-27 08:32 DEBUG    PDM_KL log: {(10, 0.5, 10): {'shapes': [(784, 1313), (1313,), (1313, 10), (10,)], 'train_accuracy': 0.9658333333333333, 'test_accuracy': 0.9652}} 
09-27 08:39 DEBUG    ****** PDM_KL matching ******** 
09-27 08:39 DEBUG    Best Sigma0: 10. Best sigma: 0.5 Best gamma: 10. Best Test accuracy: 0.9652. Train acc: 0.9658333333333333. 

09-27 08:39 DEBUG    PDM_KL log: {(10, 0.5, 10): {'shapes': [(784, 1306), (1306,), (1306, 10), (10,)], 'train_accuracy': 0.9658333333333333, 'test_accuracy': 0.9652}} 
09-27 08:46 DEBUG    ****** PDM_KL matching ******** 
09-27 08:46 DEBUG    Best Sigma0: 10. Best sigma: 0.5 Best gamma: 10. Best Test accuracy: 0.9651. Train acc: 0.9658166666666667. 

09-27 08:46 DEBUG    PDM_KL log: {(10, 0.5, 10): {'shapes': [(784, 1263), (1263,), (1263, 10), (10,)], 'train_accuracy': 0.9658166666666667, 'test_accuracy': 0.9651}} 
09-27 08:47 DEBUG    ****** PDM_KL matching ******** 
09-27 08:47 DEBUG    Best Sigma0: 10. Best sigma: 0.5 Best gamma: 10. Best Test accuracy: 0.7771. Train acc: 0.7763166666666667. 

09-27 08:47 DEBUG    PDM_KL log: {(10, 0.5, 10): {'shapes': [(784, 217), (217,), (217, 10), (10,)], 'train_accuracy': 0.7763166666666667, 'test_accuracy': 0.7771}} 
09-27 08:48 DEBUG    ****** PDM_KL matching ******** 
09-27 08:48 DEBUG    Best Sigma0: 10. Best sigma: 0.5 Best gamma: 10. Best Test accuracy: 0.0974. Train acc: 0.09751666666666667. 

09-27 08:48 DEBUG    PDM_KL log: {(10, 0.5, 10): {'shapes': [(784, 100), (100,), (100, 10), (10,)], 'train_accuracy': 0.09751666666666667, 'test_accuracy': 0.0974}} 
09-27 08:48 DEBUG    ****** PDM_KL matching ******** 
09-27 08:48 DEBUG    Best Sigma0: 10. Best sigma: 0.5 Best gamma: 10. Best Test accuracy: 0.0974. Train acc: 0.09751666666666667. 

09-27 08:48 DEBUG    PDM_KL log: {(10, 0.5, 10): {'shapes': [(784, 100), (100,), (100, 10), (10,)], 'train_accuracy': 0.09751666666666667, 'test_accuracy': 0.0974}} 
09-27 08:49 DEBUG    ****** PDM_KL matching ******** 
09-27 08:49 DEBUG    Best Sigma0: 10. Best sigma: 0.5 Best gamma: 10. Best Test accuracy: 0.0974. Train acc: 0.09751666666666667. 

09-27 08:49 DEBUG    PDM_KL log: {(10, 0.5, 10): {'shapes': [(784, 100), (100,), (100, 10), (10,)], 'train_accuracy': 0.09751666666666667, 'test_accuracy': 0.0974}} 
09-27 08:49 DEBUG    Trial 6 completed
09-27 08:49 DEBUG    ####################################################################################################
09-27 08:49 DEBUG    ####################################################################################################
09-27 08:49 DEBUG    Executing Trial 7 with seed 7
09-27 08:49 DEBUG    Data statistics: {0: {0: 370, 1: 448, 2: 368, 3: 447, 4: 403, 5: 391, 6: 419, 7: 418, 8: 373, 9: 363}, 1: {0: 369, 1: 456, 2: 395, 3: 423, 4: 398, 5: 353, 6: 398, 7: 431, 8: 387, 9: 390}, 2: {0: 405, 1: 439, 2: 366, 3: 374, 4: 397, 5: 367, 6: 384, 7: 444, 8: 441, 9: 383}, 3: {0: 434, 1: 451, 2: 387, 3: 430, 4: 386, 5: 352, 6: 374, 7: 402, 8: 395, 9: 389}, 4: {0: 364, 1: 496, 2: 417, 3: 416, 4: 382, 5: 382, 6: 387, 7: 387, 8: 353, 9: 416}, 5: {0: 388, 1: 436, 2: 395, 3: 419, 4: 370, 5: 383, 6: 418, 7: 421, 8: 352, 9: 418}, 6: {0: 406, 1: 453, 2: 411, 3: 409, 4: 404, 5: 360, 6: 393, 7: 403, 8: 381, 9: 380}, 7: {0: 406, 1: 425, 2: 386, 3: 411, 4: 391, 5: 366, 6: 410, 7: 437, 8: 381, 9: 387}, 8: {0: 382, 1: 403, 2: 397, 3: 429, 4: 396, 5: 352, 6: 362, 7: 448, 8: 402, 9: 429}, 9: {0: 377, 1: 458, 2: 390, 3: 417, 4: 365, 5: 339, 6: 395, 7: 435, 8: 395, 9: 429}, 10: {0: 390, 1: 447, 2: 438, 3: 397, 4: 380, 5: 352, 6: 413, 7: 389, 8: 409, 9: 385}, 11: {0: 405, 1: 484, 2: 408, 3: 397, 4: 382, 5: 343, 6: 366, 7: 431, 8: 399, 9: 385}, 12: {0: 421, 1: 435, 2: 387, 3: 357, 4: 421, 5: 355, 6: 448, 7: 389, 8: 367, 9: 420}, 13: {0: 393, 1: 466, 2: 415, 3: 408, 4: 369, 5: 368, 6: 370, 7: 432, 8: 404, 9: 375}, 14: {0: 413, 1: 445, 2: 398, 3: 397, 4: 398, 5: 358, 6: 381, 7: 398, 8: 412, 9: 400}}
09-27 08:49 DEBUG    **************************************************
09-27 08:49 DEBUG    Running experiments 

09-27 08:53 DEBUG    ****** PDM_KL matching ******** 
09-27 08:53 DEBUG    Best Sigma0: 10. Best sigma: 0.5 Best gamma: 10. Best Test accuracy: 0.965. Train acc: 0.96605. 

09-27 08:53 DEBUG    PDM_KL log: {(10, 0.5, 10): {'shapes': [(784, 1328), (1328,), (1328, 10), (10,)], 'train_accuracy': 0.96605, 'test_accuracy': 0.965}} 
09-27 09:00 DEBUG    ****** PDM_KL matching ******** 
09-27 09:00 DEBUG    Best Sigma0: 10. Best sigma: 0.5 Best gamma: 10. Best Test accuracy: 0.965. Train acc: 0.96605. 

09-27 09:00 DEBUG    PDM_KL log: {(10, 0.5, 10): {'shapes': [(784, 1328), (1328,), (1328, 10), (10,)], 'train_accuracy': 0.96605, 'test_accuracy': 0.965}} 
09-27 09:07 DEBUG    ****** PDM_KL matching ******** 
09-27 09:07 DEBUG    Best Sigma0: 10. Best sigma: 0.5 Best gamma: 10. Best Test accuracy: 0.965. Train acc: 0.96605. 

09-27 09:07 DEBUG    PDM_KL log: {(10, 0.5, 10): {'shapes': [(784, 1321), (1321,), (1321, 10), (10,)], 'train_accuracy': 0.96605, 'test_accuracy': 0.965}} 
09-27 09:15 DEBUG    ****** PDM_KL matching ******** 
09-27 09:15 DEBUG    Best Sigma0: 10. Best sigma: 0.5 Best gamma: 10. Best Test accuracy: 0.965. Train acc: 0.96605. 

09-27 09:15 DEBUG    PDM_KL log: {(10, 0.5, 10): {'shapes': [(784, 1327), (1327,), (1327, 10), (10,)], 'train_accuracy': 0.96605, 'test_accuracy': 0.965}} 
09-27 09:21 DEBUG    ****** PDM_KL matching ******** 
09-27 09:21 DEBUG    Best Sigma0: 10. Best sigma: 0.5 Best gamma: 10. Best Test accuracy: 0.965. Train acc: 0.96605. 

09-27 09:21 DEBUG    PDM_KL log: {(10, 0.5, 10): {'shapes': [(784, 1319), (1319,), (1319, 10), (10,)], 'train_accuracy': 0.96605, 'test_accuracy': 0.965}} 
09-27 09:27 DEBUG    ****** PDM_KL matching ******** 
09-27 09:27 DEBUG    Best Sigma0: 10. Best sigma: 0.5 Best gamma: 10. Best Test accuracy: 0.965. Train acc: 0.96605. 

09-27 09:27 DEBUG    PDM_KL log: {(10, 0.5, 10): {'shapes': [(784, 1310), (1310,), (1310, 10), (10,)], 'train_accuracy': 0.96605, 'test_accuracy': 0.965}} 
09-27 09:34 DEBUG    ****** PDM_KL matching ******** 
09-27 09:34 DEBUG    Best Sigma0: 10. Best sigma: 0.5 Best gamma: 10. Best Test accuracy: 0.9652. Train acc: 0.96605. 

09-27 09:34 DEBUG    PDM_KL log: {(10, 0.5, 10): {'shapes': [(784, 1273), (1273,), (1273, 10), (10,)], 'train_accuracy': 0.96605, 'test_accuracy': 0.9652}} 
09-27 09:35 DEBUG    ****** PDM_KL matching ******** 
09-27 09:35 DEBUG    Best Sigma0: 10. Best sigma: 0.5 Best gamma: 10. Best Test accuracy: 0.8068. Train acc: 0.8088333333333333. 

09-27 09:35 DEBUG    PDM_KL log: {(10, 0.5, 10): {'shapes': [(784, 231), (231,), (231, 10), (10,)], 'train_accuracy': 0.8088333333333333, 'test_accuracy': 0.8068}} 
09-27 09:36 DEBUG    ****** PDM_KL matching ******** 
09-27 09:36 DEBUG    Best Sigma0: 10. Best sigma: 0.5 Best gamma: 10. Best Test accuracy: 0.0974. Train acc: 0.09751666666666667. 

09-27 09:36 DEBUG    PDM_KL log: {(10, 0.5, 10): {'shapes': [(784, 100), (100,), (100, 10), (10,)], 'train_accuracy': 0.09751666666666667, 'test_accuracy': 0.0974}} 
09-27 09:36 DEBUG    ****** PDM_KL matching ******** 
09-27 09:36 DEBUG    Best Sigma0: 10. Best sigma: 0.5 Best gamma: 10. Best Test accuracy: 0.0974. Train acc: 0.09751666666666667. 

09-27 09:36 DEBUG    PDM_KL log: {(10, 0.5, 10): {'shapes': [(784, 100), (100,), (100, 10), (10,)], 'train_accuracy': 0.09751666666666667, 'test_accuracy': 0.0974}} 
09-27 09:37 DEBUG    ****** PDM_KL matching ******** 
09-27 09:37 DEBUG    Best Sigma0: 10. Best sigma: 0.5 Best gamma: 10. Best Test accuracy: 0.0974. Train acc: 0.09751666666666667. 

09-27 09:37 DEBUG    PDM_KL log: {(10, 0.5, 10): {'shapes': [(784, 100), (100,), (100, 10), (10,)], 'train_accuracy': 0.09751666666666667, 'test_accuracy': 0.0974}} 
09-27 09:37 DEBUG    Trial 7 completed
09-27 09:37 DEBUG    ####################################################################################################
09-27 09:37 DEBUG    ####################################################################################################
09-27 09:37 DEBUG    Executing Trial 8 with seed 8
09-27 09:37 DEBUG    Data statistics: {0: {0: 402, 1: 495, 2: 391, 3: 410, 4: 394, 5: 355, 6: 385, 7: 397, 8: 383, 9: 388}, 1: {0: 411, 1: 464, 2: 373, 3: 412, 4: 390, 5: 377, 6: 367, 7: 414, 8: 386, 9: 406}, 2: {0: 368, 1: 469, 2: 396, 3: 426, 4: 366, 5: 356, 6: 390, 7: 427, 8: 408, 9: 394}, 3: {0: 385, 1: 475, 2: 398, 3: 401, 4: 408, 5: 355, 6: 331, 7: 428, 8: 411, 9: 408}, 4: {0: 365, 1: 409, 2: 419, 3: 425, 4: 376, 5: 358, 6: 410, 7: 438, 8: 398, 9: 402}, 5: {0: 398, 1: 452, 2: 404, 3: 416, 4: 392, 5: 373, 6: 391, 7: 391, 8: 395, 9: 388}, 6: {0: 411, 1: 437, 2: 380, 3: 412, 4: 378, 5: 379, 6: 418, 7: 404, 8: 381, 9: 400}, 7: {0: 403, 1: 436, 2: 400, 3: 419, 4: 411, 5: 344, 6: 405, 7: 416, 8: 366, 9: 400}, 8: {0: 420, 1: 422, 2: 405, 3: 372, 4: 415, 5: 357, 6: 409, 7: 424, 8: 382, 9: 394}, 9: {0: 401, 1: 428, 2: 378, 3: 408, 4: 370, 5: 364, 6: 374, 7: 459, 8: 396, 9: 422}, 10: {0: 374, 1: 476, 2: 388, 3: 438, 4: 375, 5: 388, 6: 369, 7: 424, 8: 373, 9: 395}, 11: {0: 389, 1: 430, 2: 420, 3: 389, 4: 387, 5: 376, 6: 429, 7: 399, 8: 383, 9: 398}, 12: {0: 392, 1: 440, 2: 423, 3: 402, 4: 403, 5: 344, 6: 388, 7: 412, 8: 403, 9: 393}, 13: {0: 389, 1: 432, 2: 380, 3: 414, 4: 383, 5: 324, 6: 442, 7: 432, 8: 404, 9: 400}, 14: {0: 415, 1: 477, 2: 403, 3: 387, 4: 394, 5: 371, 6: 410, 7: 400, 8: 382, 9: 361}}
09-27 09:37 DEBUG    **************************************************
09-27 09:37 DEBUG    Running experiments 

09-27 09:41 DEBUG    ****** PDM_KL matching ******** 
09-27 09:41 DEBUG    Best Sigma0: 10. Best sigma: 0.5 Best gamma: 10. Best Test accuracy: 0.9653. Train acc: 0.96455. 

09-27 09:41 DEBUG    PDM_KL log: {(10, 0.5, 10): {'shapes': [(784, 1343), (1343,), (1343, 10), (10,)], 'train_accuracy': 0.96455, 'test_accuracy': 0.9653}} 
09-27 09:49 DEBUG    ****** PDM_KL matching ******** 
09-27 09:49 DEBUG    Best Sigma0: 10. Best sigma: 0.5 Best gamma: 10. Best Test accuracy: 0.9653. Train acc: 0.96455. 

09-27 09:49 DEBUG    PDM_KL log: {(10, 0.5, 10): {'shapes': [(784, 1346), (1346,), (1346, 10), (10,)], 'train_accuracy': 0.96455, 'test_accuracy': 0.9653}} 
09-27 09:56 DEBUG    ****** PDM_KL matching ******** 
09-27 09:56 DEBUG    Best Sigma0: 10. Best sigma: 0.5 Best gamma: 10. Best Test accuracy: 0.9653. Train acc: 0.96455. 

09-27 09:56 DEBUG    PDM_KL log: {(10, 0.5, 10): {'shapes': [(784, 1348), (1348,), (1348, 10), (10,)], 'train_accuracy': 0.96455, 'test_accuracy': 0.9653}} 
09-27 10:03 DEBUG    ****** PDM_KL matching ******** 
09-27 10:03 DEBUG    Best Sigma0: 10. Best sigma: 0.5 Best gamma: 10. Best Test accuracy: 0.9653. Train acc: 0.96455. 

09-27 10:03 DEBUG    PDM_KL log: {(10, 0.5, 10): {'shapes': [(784, 1348), (1348,), (1348, 10), (10,)], 'train_accuracy': 0.96455, 'test_accuracy': 0.9653}} 
09-27 10:10 DEBUG    ****** PDM_KL matching ******** 
09-27 10:10 DEBUG    Best Sigma0: 10. Best sigma: 0.5 Best gamma: 10. Best Test accuracy: 0.9653. Train acc: 0.96455. 

09-27 10:10 DEBUG    PDM_KL log: {(10, 0.5, 10): {'shapes': [(784, 1327), (1327,), (1327, 10), (10,)], 'train_accuracy': 0.96455, 'test_accuracy': 0.9653}} 
09-27 10:17 DEBUG    ****** PDM_KL matching ******** 
09-27 10:17 DEBUG    Best Sigma0: 10. Best sigma: 0.5 Best gamma: 10. Best Test accuracy: 0.9653. Train acc: 0.96455. 

09-27 10:17 DEBUG    PDM_KL log: {(10, 0.5, 10): {'shapes': [(784, 1320), (1320,), (1320, 10), (10,)], 'train_accuracy': 0.96455, 'test_accuracy': 0.9653}} 
09-27 10:23 DEBUG    ****** PDM_KL matching ******** 
09-27 10:23 DEBUG    Best Sigma0: 10. Best sigma: 0.5 Best gamma: 10. Best Test accuracy: 0.9653. Train acc: 0.96455. 

09-27 10:23 DEBUG    PDM_KL log: {(10, 0.5, 10): {'shapes': [(784, 1281), (1281,), (1281, 10), (10,)], 'train_accuracy': 0.96455, 'test_accuracy': 0.9653}} 
09-27 10:24 DEBUG    ****** PDM_KL matching ******** 
09-27 10:24 DEBUG    Best Sigma0: 10. Best sigma: 0.5 Best gamma: 10. Best Test accuracy: 0.7425. Train acc: 0.7456166666666667. 

09-27 10:24 DEBUG    PDM_KL log: {(10, 0.5, 10): {'shapes': [(784, 215), (215,), (215, 10), (10,)], 'train_accuracy': 0.7456166666666667, 'test_accuracy': 0.7425}} 
09-27 10:25 DEBUG    ****** PDM_KL matching ******** 
09-27 10:25 DEBUG    Best Sigma0: 10. Best sigma: 0.5 Best gamma: 10. Best Test accuracy: 0.0974. Train acc: 0.09751666666666667. 

09-27 10:25 DEBUG    PDM_KL log: {(10, 0.5, 10): {'shapes': [(784, 100), (100,), (100, 10), (10,)], 'train_accuracy': 0.09751666666666667, 'test_accuracy': 0.0974}} 
09-27 10:25 DEBUG    ****** PDM_KL matching ******** 
09-27 10:25 DEBUG    Best Sigma0: 10. Best sigma: 0.5 Best gamma: 10. Best Test accuracy: 0.0974. Train acc: 0.09751666666666667. 

09-27 10:25 DEBUG    PDM_KL log: {(10, 0.5, 10): {'shapes': [(784, 100), (100,), (100, 10), (10,)], 'train_accuracy': 0.09751666666666667, 'test_accuracy': 0.0974}} 
09-27 10:26 DEBUG    ****** PDM_KL matching ******** 
09-27 10:26 DEBUG    Best Sigma0: 10. Best sigma: 0.5 Best gamma: 10. Best Test accuracy: 0.0974. Train acc: 0.09751666666666667. 

09-27 10:26 DEBUG    PDM_KL log: {(10, 0.5, 10): {'shapes': [(784, 100), (100,), (100, 10), (10,)], 'train_accuracy': 0.09751666666666667, 'test_accuracy': 0.0974}} 
09-27 10:26 DEBUG    Trial 8 completed
09-27 10:26 DEBUG    ####################################################################################################
09-27 10:26 DEBUG    ####################################################################################################
09-27 10:26 DEBUG    Executing Trial 9 with seed 9
09-27 10:26 DEBUG    Data statistics: {0: {0: 383, 1: 478, 2: 392, 3: 398, 4: 389, 5: 342, 6: 406, 7: 432, 8: 387, 9: 393}, 1: {0: 421, 1: 486, 2: 364, 3: 413, 4: 372, 5: 370, 6: 383, 7: 405, 8: 386, 9: 400}, 2: {0: 357, 1: 440, 2: 394, 3: 408, 4: 402, 5: 374, 6: 400, 7: 436, 8: 398, 9: 391}, 3: {0: 399, 1: 457, 2: 407, 3: 396, 4: 379, 5: 341, 6: 393, 7: 397, 8: 385, 9: 446}, 4: {0: 403, 1: 431, 2: 378, 3: 451, 4: 384, 5: 368, 6: 414, 7: 411, 8: 364, 9: 396}, 5: {0: 406, 1: 468, 2: 392, 3: 396, 4: 376, 5: 374, 6: 381, 7: 433, 8: 389, 9: 385}, 6: {0: 429, 1: 455, 2: 365, 3: 420, 4: 399, 5: 363, 6: 366, 7: 429, 8: 401, 9: 373}, 7: {0: 367, 1: 449, 2: 405, 3: 406, 4: 401, 5: 374, 6: 379, 7: 416, 8: 404, 9: 399}, 8: {0: 393, 1: 414, 2: 416, 3: 426, 4: 389, 5: 366, 6: 388, 7: 415, 8: 379, 9: 414}, 9: {0: 411, 1: 449, 2: 407, 3: 405, 4: 392, 5: 357, 6: 411, 7: 395, 8: 394, 9: 379}, 10: {0: 360, 1: 464, 2: 422, 3: 423, 4: 397, 5: 332, 6: 375, 7: 431, 8: 417, 9: 379}, 11: {0: 408, 1: 439, 2: 412, 3: 404, 4: 392, 5: 335, 6: 417, 7: 384, 8: 391, 9: 418}, 12: {0: 380, 1: 477, 2: 431, 3: 385, 4: 400, 5: 360, 6: 382, 7: 416, 8: 369, 9: 400}, 13: {0: 404, 1: 433, 2: 401, 3: 378, 4: 394, 5: 374, 6: 388, 7: 453, 8: 384, 9: 391}, 14: {0: 402, 1: 402, 2: 372, 3: 422, 4: 376, 5: 391, 6: 435, 7: 412, 8: 403, 9: 385}}
09-27 10:26 DEBUG    **************************************************
09-27 10:26 DEBUG    Running experiments 

09-27 10:30 DEBUG    ****** PDM_KL matching ******** 
09-27 10:30 DEBUG    Best Sigma0: 10. Best sigma: 0.5 Best gamma: 10. Best Test accuracy: 0.9641. Train acc: 0.9657333333333333. 

09-27 10:30 DEBUG    PDM_KL log: {(10, 0.5, 10): {'shapes': [(784, 1314), (1314,), (1314, 10), (10,)], 'train_accuracy': 0.9657333333333333, 'test_accuracy': 0.9641}} 
09-27 10:37 DEBUG    ****** PDM_KL matching ******** 
09-27 10:37 DEBUG    Best Sigma0: 10. Best sigma: 0.5 Best gamma: 10. Best Test accuracy: 0.9641. Train acc: 0.9657333333333333. 

09-27 10:37 DEBUG    PDM_KL log: {(10, 0.5, 10): {'shapes': [(784, 1315), (1315,), (1315, 10), (10,)], 'train_accuracy': 0.9657333333333333, 'test_accuracy': 0.9641}} 
09-27 10:43 DEBUG    ****** PDM_KL matching ******** 
09-27 10:43 DEBUG    Best Sigma0: 10. Best sigma: 0.5 Best gamma: 10. Best Test accuracy: 0.9641. Train acc: 0.9657333333333333. 

09-27 10:43 DEBUG    PDM_KL log: {(10, 0.5, 10): {'shapes': [(784, 1311), (1311,), (1311, 10), (10,)], 'train_accuracy': 0.9657333333333333, 'test_accuracy': 0.9641}} 
09-27 10:50 DEBUG    ****** PDM_KL matching ******** 
09-27 10:50 DEBUG    Best Sigma0: 10. Best sigma: 0.5 Best gamma: 10. Best Test accuracy: 0.9641. Train acc: 0.9657333333333333. 

09-27 10:50 DEBUG    PDM_KL log: {(10, 0.5, 10): {'shapes': [(784, 1312), (1312,), (1312, 10), (10,)], 'train_accuracy': 0.9657333333333333, 'test_accuracy': 0.9641}} 
09-27 10:57 DEBUG    ****** PDM_KL matching ******** 
09-27 10:57 DEBUG    Best Sigma0: 10. Best sigma: 0.5 Best gamma: 10. Best Test accuracy: 0.9641. Train acc: 0.9657333333333333. 

09-27 10:57 DEBUG    PDM_KL log: {(10, 0.5, 10): {'shapes': [(784, 1307), (1307,), (1307, 10), (10,)], 'train_accuracy': 0.9657333333333333, 'test_accuracy': 0.9641}} 
09-27 11:04 DEBUG    ****** PDM_KL matching ******** 
09-27 11:04 DEBUG    Best Sigma0: 10. Best sigma: 0.5 Best gamma: 10. Best Test accuracy: 0.9641. Train acc: 0.9657333333333333. 

09-27 11:04 DEBUG    PDM_KL log: {(10, 0.5, 10): {'shapes': [(784, 1294), (1294,), (1294, 10), (10,)], 'train_accuracy': 0.9657333333333333, 'test_accuracy': 0.9641}} 
09-27 11:11 DEBUG    ****** PDM_KL matching ******** 
09-27 11:11 DEBUG    Best Sigma0: 10. Best sigma: 0.5 Best gamma: 10. Best Test accuracy: 0.9643. Train acc: 0.9657666666666667. 

09-27 11:11 DEBUG    PDM_KL log: {(10, 0.5, 10): {'shapes': [(784, 1256), (1256,), (1256, 10), (10,)], 'train_accuracy': 0.9657666666666667, 'test_accuracy': 0.9643}} 
09-27 11:12 DEBUG    ****** PDM_KL matching ******** 
09-27 11:12 DEBUG    Best Sigma0: 10. Best sigma: 0.5 Best gamma: 10. Best Test accuracy: 0.7779. Train acc: 0.7779. 

09-27 11:12 DEBUG    PDM_KL log: {(10, 0.5, 10): {'shapes': [(784, 243), (243,), (243, 10), (10,)], 'train_accuracy': 0.7779, 'test_accuracy': 0.7779}} 
09-27 11:12 DEBUG    ****** PDM_KL matching ******** 
09-27 11:12 DEBUG    Best Sigma0: 10. Best sigma: 0.5 Best gamma: 10. Best Test accuracy: 0.0974. Train acc: 0.09751666666666667. 

09-27 11:12 DEBUG    PDM_KL log: {(10, 0.5, 10): {'shapes': [(784, 100), (100,), (100, 10), (10,)], 'train_accuracy': 0.09751666666666667, 'test_accuracy': 0.0974}} 
09-27 11:13 DEBUG    ****** PDM_KL matching ******** 
09-27 11:13 DEBUG    Best Sigma0: 10. Best sigma: 0.5 Best gamma: 10. Best Test accuracy: 0.0974. Train acc: 0.09751666666666667. 

09-27 11:13 DEBUG    PDM_KL log: {(10, 0.5, 10): {'shapes': [(784, 100), (100,), (100, 10), (10,)], 'train_accuracy': 0.09751666666666667, 'test_accuracy': 0.0974}} 
09-27 11:14 DEBUG    ****** PDM_KL matching ******** 
09-27 11:14 DEBUG    Best Sigma0: 10. Best sigma: 0.5 Best gamma: 10. Best Test accuracy: 0.0974. Train acc: 0.09751666666666667. 

09-27 11:14 DEBUG    PDM_KL log: {(10, 0.5, 10): {'shapes': [(784, 100), (100,), (100, 10), (10,)], 'train_accuracy': 0.09751666666666667, 'test_accuracy': 0.0974}} 
09-27 11:14 DEBUG    Trial 9 completed
09-27 11:14 DEBUG    ####################################################################################################
