09-11 17:38 DEBUG    Experiment arguments: Namespace(alpha=0.5, communication_rounds=None, datadir='data/mnist', dataset='mnist', device=1.0, dropout_p=0.0, epochs=10, experiment=['all'], init_seed=0, iter_epochs=5, layers=1, loaddir='saved_weights/mnist/hetero-dir', logdir='KL_regs/mnist/hetero-dir', lr=0.01, lr_decay=1.0, n=6, n_layers=1, n_nets=10, net_config=[784, 100, 100, 100, 100, 100, 10], num_pool_workers=6, partition='hetero-dir', pdm_gamma=1.0, pdm_sig=1.0, pdm_sig0=1.0, reg=1e-06, reg_fac=0.0, trials=10)
09-11 17:38 DEBUG    ####################################################################################################
09-11 17:38 DEBUG    Executing Trial 0 with seed 0
09-11 17:38 DEBUG    Data statistics: {0: {0: 602, 2: 796, 3: 948, 4: 477, 5: 120, 6: 546, 7: 191, 8: 143, 9: 1650}, 1: {0: 820, 1: 2411, 2: 2824}, 2: {0: 770, 1: 25, 2: 669, 3: 963, 4: 2734, 5: 28, 6: 7, 7: 16, 8: 602, 9: 663}, 3: {0: 237, 1: 923, 2: 396, 3: 273, 4: 609, 5: 240, 6: 468, 7: 150, 8: 2975}, 4: {0: 241, 1: 409, 2: 58, 3: 1175, 4: 425, 5: 64, 6: 88, 7: 55, 8: 100, 9: 670}, 5: {0: 103, 1: 356, 3: 10, 4: 474, 5: 29, 6: 2121, 7: 554, 8: 888, 9: 2934}, 6: {0: 1430, 1: 2487, 2: 58, 3: 266, 4: 650, 5: 551, 6: 128, 7: 2929}, 7: {0: 554, 1: 1, 2: 160, 3: 51, 5: 1511, 6: 2451, 7: 1609}, 8: {0: 234, 1: 100, 2: 867, 3: 1177, 4: 77, 5: 2396, 6: 92, 7: 646, 8: 1133}, 9: {0: 932, 1: 30, 2: 130, 3: 1268, 4: 396, 5: 482, 6: 17, 7: 115, 8: 10, 9: 32}}
09-11 17:39 DEBUG    **************************************************
09-11 17:39 DEBUG    Running experiments 

09-11 17:39 DEBUG    Uniform ensemble (Train acc): 0.948800
09-11 17:39 DEBUG    Uniform ensemble (Test acc): 0.944000
09-11 17:39 DEBUG    FedAvg (Train acc): 0.090350
09-11 17:39 DEBUG    FedAvg (Test acc): 0.089200
09-11 17:40 DEBUG    ****** PDM_KL matching ******** 
09-11 17:40 DEBUG    Best Sigma0: 0.5. Best sigma: 1 Best gamma: 10. Best Test accuracy: 0.1306. Train acc: 0.12888333333333332. 

09-11 17:40 DEBUG    PDM_KL log: {(0.5, 1, 10): {'shapes': [(784, 266), (266,), (266, 118), (118,), (118, 118), (118,), (118, 118), (118,), (118, 116), (116,), (116, 10), (10,)], 'train_accuracy': 0.12888333333333332, 'test_accuracy': 0.1306}} 
09-11 17:42 DEBUG    ****** PDM_KL matching ******** 
09-11 17:42 DEBUG    Best Sigma0: 0.5. Best sigma: 1 Best gamma: 10. Best Test accuracy: 0.0912. Train acc: 0.0879. 

09-11 17:42 DEBUG    PDM_KL log: {(0.5, 1, 10): {'shapes': [(784, 262), (262,), (262, 118), (118,), (118, 127), (127,), (127, 118), (118,), (118, 116), (116,), (116, 10), (10,)], 'train_accuracy': 0.0879, 'test_accuracy': 0.0912}} 
09-11 17:44 DEBUG    ****** PDM_KL matching ******** 
09-11 17:44 DEBUG    Best Sigma0: 0.5. Best sigma: 1 Best gamma: 10. Best Test accuracy: 0.1388. Train acc: 0.13605. 

09-11 17:44 DEBUG    PDM_KL log: {(0.5, 1, 10): {'shapes': [(784, 261), (261,), (261, 118), (118,), (118, 118), (118,), (118, 118), (118,), (118, 116), (116,), (116, 10), (10,)], 'train_accuracy': 0.13605, 'test_accuracy': 0.1388}} 
09-11 17:47 DEBUG    ****** PDM_KL matching ******** 
09-11 17:47 DEBUG    Best Sigma0: 0.5. Best sigma: 1 Best gamma: 10. Best Test accuracy: 0.0892. Train acc: 0.09043333333333334. 

09-11 17:47 DEBUG    PDM_KL log: {(0.5, 1, 10): {'shapes': [(784, 270), (270,), (270, 118), (118,), (118, 118), (118,), (118, 127), (127,), (127, 116), (116,), (116, 10), (10,)], 'train_accuracy': 0.09043333333333334, 'test_accuracy': 0.0892}} 
09-11 17:49 DEBUG    ****** PDM_KL matching ******** 
09-11 17:49 DEBUG    Best Sigma0: 0.5. Best sigma: 1 Best gamma: 10. Best Test accuracy: 0.1625. Train acc: 0.15685. 

09-11 17:49 DEBUG    PDM_KL log: {(0.5, 1, 10): {'shapes': [(784, 272), (272,), (272, 127), (127,), (127, 118), (118,), (118, 127), (127,), (127, 116), (116,), (116, 10), (10,)], 'train_accuracy': 0.15685, 'test_accuracy': 0.1625}} 
09-11 17:52 DEBUG    ****** PDM_KL matching ******** 
09-11 17:52 DEBUG    Best Sigma0: 0.5. Best sigma: 1 Best gamma: 10. Best Test accuracy: 0.1177. Train acc: 0.11483333333333333. 

09-11 17:52 DEBUG    PDM_KL log: {(0.5, 1, 10): {'shapes': [(784, 278), (278,), (278, 127), (127,), (127, 118), (118,), (118, 118), (118,), (118, 116), (116,), (116, 10), (10,)], 'train_accuracy': 0.11483333333333333, 'test_accuracy': 0.1177}} 
09-11 17:56 DEBUG    ****** PDM_KL matching ******** 
09-11 17:56 DEBUG    Best Sigma0: 0.5. Best sigma: 1 Best gamma: 10. Best Test accuracy: 0.1032. Train acc: 0.0993. 

09-11 17:56 DEBUG    PDM_KL log: {(0.5, 1, 10): {'shapes': [(784, 376), (376,), (376, 127), (127,), (127, 127), (127,), (127, 127), (127,), (127, 116), (116,), (116, 10), (10,)], 'train_accuracy': 0.0993, 'test_accuracy': 0.1032}} 
09-11 18:02 DEBUG    ****** PDM_KL matching ******** 
09-11 18:02 DEBUG    Best Sigma0: 0.5. Best sigma: 1 Best gamma: 10. Best Test accuracy: 0.1032. Train acc: 0.09946666666666666. 

09-11 18:02 DEBUG    PDM_KL log: {(0.5, 1, 10): {'shapes': [(784, 506), (506,), (506, 127), (127,), (127, 127), (127,), (127, 127), (127,), (127, 118), (118,), (118, 10), (10,)], 'train_accuracy': 0.09946666666666666, 'test_accuracy': 0.1032}} 
09-11 18:07 DEBUG    ****** PDM_KL matching ******** 
09-11 18:07 DEBUG    Best Sigma0: 0.5. Best sigma: 1 Best gamma: 10. Best Test accuracy: 0.1032. Train acc: 0.0993. 

09-11 18:07 DEBUG    PDM_KL log: {(0.5, 1, 10): {'shapes': [(784, 542), (542,), (542, 145), (145,), (145, 145), (145,), (145, 136), (136,), (136, 127), (127,), (127, 10), (10,)], 'train_accuracy': 0.0993, 'test_accuracy': 0.1032}} 
09-11 18:11 DEBUG    ****** PDM_KL matching ******** 
09-11 18:11 DEBUG    Best Sigma0: 0.5. Best sigma: 1 Best gamma: 10. Best Test accuracy: 0.1032. Train acc: 0.0993. 

09-11 18:11 DEBUG    PDM_KL log: {(0.5, 1, 10): {'shapes': [(784, 270), (270,), (270, 172), (172,), (172, 154), (154,), (154, 145), (145,), (145, 127), (127,), (127, 10), (10,)], 'train_accuracy': 0.0993, 'test_accuracy': 0.1032}} 
09-11 18:14 DEBUG    ****** PDM_KL matching ******** 
09-11 18:14 DEBUG    Best Sigma0: 0.5. Best sigma: 1 Best gamma: 10. Best Test accuracy: 0.1032. Train acc: 0.0993. 

09-11 18:14 DEBUG    PDM_KL log: {(0.5, 1, 10): {'shapes': [(784, 218), (218,), (218, 199), (199,), (199, 181), (181,), (181, 154), (154,), (154, 127), (127,), (127, 10), (10,)], 'train_accuracy': 0.0993, 'test_accuracy': 0.1032}} 
09-11 18:14 DEBUG    Trial 0 completed
09-11 18:14 DEBUG    ####################################################################################################
09-11 18:14 DEBUG    ####################################################################################################
09-11 18:14 DEBUG    Executing Trial 1 with seed 1
09-11 18:14 DEBUG    Data statistics: {0: {0: 248, 1: 83, 2: 207, 3: 99, 4: 776, 5: 380, 6: 206, 7: 350, 8: 326, 9: 117}, 1: {0: 32, 1: 787, 2: 107, 3: 76, 4: 860, 5: 388, 6: 1125, 7: 1, 8: 586, 9: 2654}, 2: {0: 1711, 1: 1222, 2: 2657, 3: 143, 4: 349}, 3: {0: 301, 1: 336, 2: 1374, 3: 1805, 4: 2026, 5: 2536}, 4: {0: 166, 1: 315, 2: 274, 3: 12, 4: 47, 5: 38, 6: 723, 7: 175, 8: 48, 9: 2474}, 5: {0: 2902, 1: 187, 3: 322, 4: 24, 5: 71, 6: 2360, 7: 2841}, 6: {0: 127, 1: 963, 2: 729, 3: 810, 4: 960, 5: 24, 6: 804, 7: 111, 8: 1703}, 7: {0: 28, 1: 1747, 2: 276, 3: 72, 4: 657, 5: 1128, 6: 668, 7: 58, 8: 457, 9: 122}, 8: {0: 4, 1: 364, 2: 138, 3: 177, 4: 45, 5: 798, 7: 2648, 8: 2247}, 9: {0: 404, 1: 738, 2: 196, 3: 2615, 4: 98, 5: 58, 6: 32, 7: 81, 8: 484, 9: 582}}
09-11 18:15 DEBUG    **************************************************
09-11 18:15 DEBUG    Running experiments 

09-11 18:15 DEBUG    Uniform ensemble (Train acc): 0.918767
09-11 18:15 DEBUG    Uniform ensemble (Test acc): 0.916300
09-11 18:15 DEBUG    FedAvg (Train acc): 0.097367
09-11 18:15 DEBUG    FedAvg (Test acc): 0.098200
09-11 18:17 DEBUG    ****** PDM_KL matching ******** 
09-11 18:17 DEBUG    Best Sigma0: 0.5. Best sigma: 1 Best gamma: 10. Best Test accuracy: 0.101. Train acc: 0.10218333333333333. 

09-11 18:17 DEBUG    PDM_KL log: {(0.5, 1, 10): {'shapes': [(784, 261), (261,), (261, 127), (127,), (127, 127), (127,), (127, 118), (118,), (118, 114), (114,), (114, 10), (10,)], 'train_accuracy': 0.10218333333333333, 'test_accuracy': 0.101}} 
09-11 18:19 DEBUG    ****** PDM_KL matching ******** 
09-11 18:19 DEBUG    Best Sigma0: 0.5. Best sigma: 1 Best gamma: 10. Best Test accuracy: 0.101. Train acc: 0.10218333333333333. 

09-11 18:19 DEBUG    PDM_KL log: {(0.5, 1, 10): {'shapes': [(784, 269), (269,), (269, 127), (127,), (127, 118), (118,), (118, 118), (118,), (118, 114), (114,), (114, 10), (10,)], 'train_accuracy': 0.10218333333333333, 'test_accuracy': 0.101}} 
09-11 18:22 DEBUG    ****** PDM_KL matching ******** 
09-11 18:22 DEBUG    Best Sigma0: 0.5. Best sigma: 1 Best gamma: 10. Best Test accuracy: 0.1081. Train acc: 0.11086666666666667. 

09-11 18:22 DEBUG    PDM_KL log: {(0.5, 1, 10): {'shapes': [(784, 262), (262,), (262, 127), (127,), (127, 127), (127,), (127, 118), (118,), (118, 114), (114,), (114, 10), (10,)], 'train_accuracy': 0.11086666666666667, 'test_accuracy': 0.1081}} 
09-11 18:24 DEBUG    ****** PDM_KL matching ******** 
09-11 18:24 DEBUG    Best Sigma0: 0.5. Best sigma: 1 Best gamma: 10. Best Test accuracy: 0.101. Train acc: 0.10218333333333333. 

09-11 18:24 DEBUG    PDM_KL log: {(0.5, 1, 10): {'shapes': [(784, 262), (262,), (262, 127), (127,), (127, 127), (127,), (127, 127), (127,), (127, 114), (114,), (114, 10), (10,)], 'train_accuracy': 0.10218333333333333, 'test_accuracy': 0.101}} 
09-11 18:27 DEBUG    ****** PDM_KL matching ******** 
09-11 18:27 DEBUG    Best Sigma0: 0.5. Best sigma: 1 Best gamma: 10. Best Test accuracy: 0.101. Train acc: 0.10218333333333333. 

09-11 18:27 DEBUG    PDM_KL log: {(0.5, 1, 10): {'shapes': [(784, 265), (265,), (265, 126), (126,), (126, 127), (127,), (127, 127), (127,), (127, 114), (114,), (114, 10), (10,)], 'train_accuracy': 0.10218333333333333, 'test_accuracy': 0.101}} 
09-11 18:29 DEBUG    ****** PDM_KL matching ******** 
09-11 18:29 DEBUG    Best Sigma0: 0.5. Best sigma: 1 Best gamma: 10. Best Test accuracy: 0.101. Train acc: 0.10218333333333333. 

09-11 18:29 DEBUG    PDM_KL log: {(0.5, 1, 10): {'shapes': [(784, 271), (271,), (271, 127), (127,), (127, 127), (127,), (127, 127), (127,), (127, 114), (114,), (114, 10), (10,)], 'train_accuracy': 0.10218333333333333, 'test_accuracy': 0.101}} 
09-11 18:33 DEBUG    ****** PDM_KL matching ******** 
09-11 18:33 DEBUG    Best Sigma0: 0.5. Best sigma: 1 Best gamma: 10. Best Test accuracy: 0.0589. Train acc: 0.05865. 

09-11 18:33 DEBUG    PDM_KL log: {(0.5, 1, 10): {'shapes': [(784, 365), (365,), (365, 127), (127,), (127, 127), (127,), (127, 127), (127,), (127, 109), (109,), (109, 10), (10,)], 'train_accuracy': 0.05865, 'test_accuracy': 0.0589}} 
09-11 18:38 DEBUG    ****** PDM_KL matching ******** 
09-11 18:38 DEBUG    Best Sigma0: 0.5. Best sigma: 1 Best gamma: 10. Best Test accuracy: 0.101. Train acc: 0.10218333333333333. 

09-11 18:38 DEBUG    PDM_KL log: {(0.5, 1, 10): {'shapes': [(784, 498), (498,), (498, 127), (127,), (127, 127), (127,), (127, 127), (127,), (127, 118), (118,), (118, 10), (10,)], 'train_accuracy': 0.10218333333333333, 'test_accuracy': 0.101}} 
09-11 18:44 DEBUG    ****** PDM_KL matching ******** 
09-11 18:44 DEBUG    Best Sigma0: 0.5. Best sigma: 1 Best gamma: 10. Best Test accuracy: 0.101. Train acc: 0.10218333333333333. 

09-11 18:44 DEBUG    PDM_KL log: {(0.5, 1, 10): {'shapes': [(784, 537), (537,), (537, 145), (145,), (145, 136), (136,), (136, 136), (136,), (136, 127), (127,), (127, 10), (10,)], 'train_accuracy': 0.10218333333333333, 'test_accuracy': 0.101}} 
09-11 18:48 DEBUG    ****** PDM_KL matching ******** 
09-11 18:48 DEBUG    Best Sigma0: 0.5. Best sigma: 1 Best gamma: 10. Best Test accuracy: 0.1032. Train acc: 0.0993. 

09-11 18:48 DEBUG    PDM_KL log: {(0.5, 1, 10): {'shapes': [(784, 270), (270,), (270, 172), (172,), (172, 154), (154,), (154, 154), (154,), (154, 127), (127,), (127, 10), (10,)], 'train_accuracy': 0.0993, 'test_accuracy': 0.1032}} 
09-11 18:52 DEBUG    ****** PDM_KL matching ******** 
09-11 18:52 DEBUG    Best Sigma0: 0.5. Best sigma: 1 Best gamma: 10. Best Test accuracy: 0.1032. Train acc: 0.0993. 

09-11 18:52 DEBUG    PDM_KL log: {(0.5, 1, 10): {'shapes': [(784, 234), (234,), (234, 203), (203,), (203, 172), (172,), (172, 163), (163,), (163, 127), (127,), (127, 10), (10,)], 'train_accuracy': 0.0993, 'test_accuracy': 0.1032}} 
09-11 18:52 DEBUG    Trial 1 completed
09-11 18:52 DEBUG    ####################################################################################################
09-11 18:52 DEBUG    ####################################################################################################
09-11 18:52 DEBUG    Executing Trial 2 with seed 2
09-11 18:52 DEBUG    Data statistics: {0: {0: 1593, 1: 475, 2: 877, 3: 767, 4: 2, 5: 8, 6: 895, 7: 50, 8: 962, 9: 212}, 1: {0: 260, 1: 1498, 2: 2, 3: 84, 4: 346, 5: 957, 6: 1195, 7: 381, 8: 642, 9: 2884}, 2: {0: 1433, 1: 390, 2: 392, 3: 285, 4: 2456, 5: 192, 6: 418, 7: 586}, 3: {0: 68, 1: 2184, 2: 1, 3: 162, 4: 195, 5: 473, 6: 704, 7: 293, 8: 1474, 9: 12}, 4: {0: 997, 2: 102, 3: 259, 4: 100, 5: 1559, 6: 164, 7: 88, 8: 1216, 9: 6}, 5: {0: 371, 1: 826, 2: 1594, 3: 2116, 4: 906, 5: 127, 6: 1421}, 6: {0: 203, 1: 1300, 2: 255, 3: 53, 4: 67, 5: 54, 6: 308, 7: 900, 8: 432, 9: 455}, 7: {0: 2, 1: 19, 2: 86, 3: 846, 4: 1087, 5: 1307, 6: 694, 7: 185, 9: 519}, 8: {0: 992, 1: 15, 2: 1552, 3: 1413, 4: 514, 5: 329, 6: 99, 7: 142, 8: 660, 9: 569}, 9: {0: 4, 1: 35, 2: 1097, 3: 146, 4: 169, 5: 415, 6: 20, 7: 3640, 8: 465, 9: 1292}}
09-11 18:53 DEBUG    **************************************************
09-11 18:53 DEBUG    Running experiments 

09-11 18:53 DEBUG    Uniform ensemble (Train acc): 0.955917
09-11 18:53 DEBUG    Uniform ensemble (Test acc): 0.953400
09-11 18:53 DEBUG    FedAvg (Train acc): 0.090350
09-11 18:53 DEBUG    FedAvg (Test acc): 0.089200
09-11 18:56 DEBUG    ****** PDM_KL matching ******** 
09-11 18:56 DEBUG    Best Sigma0: 0.5. Best sigma: 1 Best gamma: 10. Best Test accuracy: 0.0924. Train acc: 0.0945. 

09-11 18:56 DEBUG    PDM_KL log: {(0.5, 1, 10): {'shapes': [(784, 271), (271,), (271, 118), (118,), (118, 127), (127,), (127, 118), (118,), (118, 109), (109,), (109, 10), (10,)], 'train_accuracy': 0.0945, 'test_accuracy': 0.0924}} 
09-11 18:58 DEBUG    ****** PDM_KL matching ******** 
09-11 18:58 DEBUG    Best Sigma0: 0.5. Best sigma: 1 Best gamma: 10. Best Test accuracy: 0.0892. Train acc: 0.09036666666666666. 

09-11 18:58 DEBUG    PDM_KL log: {(0.5, 1, 10): {'shapes': [(784, 270), (270,), (270, 118), (118,), (118, 118), (118,), (118, 118), (118,), (118, 109), (109,), (109, 10), (10,)], 'train_accuracy': 0.09036666666666666, 'test_accuracy': 0.0892}} 
09-11 19:00 DEBUG    ****** PDM_KL matching ******** 
09-11 19:00 DEBUG    Best Sigma0: 0.5. Best sigma: 1 Best gamma: 10. Best Test accuracy: 0.0892. Train acc: 0.09035. 

09-11 19:00 DEBUG    PDM_KL log: {(0.5, 1, 10): {'shapes': [(784, 272), (272,), (272, 125), (125,), (125, 127), (127,), (127, 126), (126,), (126, 109), (109,), (109, 10), (10,)], 'train_accuracy': 0.09035, 'test_accuracy': 0.0892}} 
09-11 19:03 DEBUG    ****** PDM_KL matching ******** 
09-11 19:03 DEBUG    Best Sigma0: 0.5. Best sigma: 1 Best gamma: 10. Best Test accuracy: 0.1385. Train acc: 0.1357. 

09-11 19:03 DEBUG    PDM_KL log: {(0.5, 1, 10): {'shapes': [(784, 278), (278,), (278, 126), (126,), (126, 118), (118,), (118, 127), (127,), (127, 109), (109,), (109, 10), (10,)], 'train_accuracy': 0.1357, 'test_accuracy': 0.1385}} 
09-11 19:05 DEBUG    ****** PDM_KL matching ******** 
09-11 19:05 DEBUG    Best Sigma0: 0.5. Best sigma: 1 Best gamma: 10. Best Test accuracy: 0.0718. Train acc: 0.0719. 

09-11 19:05 DEBUG    PDM_KL log: {(0.5, 1, 10): {'shapes': [(784, 278), (278,), (278, 127), (127,), (127, 127), (127,), (127, 118), (118,), (118, 109), (109,), (109, 10), (10,)], 'train_accuracy': 0.0719, 'test_accuracy': 0.0718}} 
09-11 19:08 DEBUG    ****** PDM_KL matching ******** 
09-11 19:08 DEBUG    Best Sigma0: 0.5. Best sigma: 1 Best gamma: 10. Best Test accuracy: 0.0892. Train acc: 0.09038333333333333. 

09-11 19:08 DEBUG    PDM_KL log: {(0.5, 1, 10): {'shapes': [(784, 287), (287,), (287, 124), (124,), (124, 118), (118,), (118, 127), (127,), (127, 109), (109,), (109, 10), (10,)], 'train_accuracy': 0.09038333333333333, 'test_accuracy': 0.0892}} 
09-11 19:12 DEBUG    ****** PDM_KL matching ******** 
09-11 19:12 DEBUG    Best Sigma0: 0.5. Best sigma: 1 Best gamma: 10. Best Test accuracy: 0.101. Train acc: 0.10218333333333333. 

09-11 19:12 DEBUG    PDM_KL log: {(0.5, 1, 10): {'shapes': [(784, 388), (388,), (388, 127), (127,), (127, 127), (127,), (127, 127), (127,), (127, 118), (118,), (118, 10), (10,)], 'train_accuracy': 0.10218333333333333, 'test_accuracy': 0.101}} 
09-11 19:18 DEBUG    ****** PDM_KL matching ******** 
09-11 19:18 DEBUG    Best Sigma0: 0.5. Best sigma: 1 Best gamma: 10. Best Test accuracy: 0.101. Train acc: 0.10218333333333333. 

09-11 19:18 DEBUG    PDM_KL log: {(0.5, 1, 10): {'shapes': [(784, 539), (539,), (539, 135), (135,), (135, 127), (127,), (127, 127), (127,), (127, 118), (118,), (118, 10), (10,)], 'train_accuracy': 0.10218333333333333, 'test_accuracy': 0.101}} 
09-11 19:23 DEBUG    ****** PDM_KL matching ******** 
09-11 19:23 DEBUG    Best Sigma0: 0.5. Best sigma: 1 Best gamma: 10. Best Test accuracy: 0.0892. Train acc: 0.09035. 

09-11 19:23 DEBUG    PDM_KL log: {(0.5, 1, 10): {'shapes': [(784, 570), (570,), (570, 154), (154,), (154, 145), (145,), (145, 136), (136,), (136, 127), (127,), (127, 10), (10,)], 'train_accuracy': 0.09035, 'test_accuracy': 0.0892}} 
09-11 19:27 DEBUG    ****** PDM_KL matching ******** 
09-11 19:27 DEBUG    Best Sigma0: 0.5. Best sigma: 1 Best gamma: 10. Best Test accuracy: 0.0935. Train acc: 0.0967. 

09-11 19:27 DEBUG    PDM_KL log: {(0.5, 1, 10): {'shapes': [(784, 297), (297,), (297, 197), (197,), (197, 172), (172,), (172, 163), (163,), (163, 127), (127,), (127, 10), (10,)], 'train_accuracy': 0.0967, 'test_accuracy': 0.0935}} 
09-11 19:31 DEBUG    ****** PDM_KL matching ******** 
09-11 19:31 DEBUG    Best Sigma0: 0.5. Best sigma: 1 Best gamma: 10. Best Test accuracy: 0.1009. Train acc: 0.09915. 

09-11 19:31 DEBUG    PDM_KL log: {(0.5, 1, 10): {'shapes': [(784, 235), (235,), (235, 226), (226,), (226, 197), (197,), (197, 181), (181,), (181, 127), (127,), (127, 10), (10,)], 'train_accuracy': 0.09915, 'test_accuracy': 0.1009}} 
09-11 19:31 DEBUG    Trial 2 completed
09-11 19:31 DEBUG    ####################################################################################################
09-11 19:31 DEBUG    ####################################################################################################
09-11 19:31 DEBUG    Executing Trial 3 with seed 3
09-11 19:31 DEBUG    Data statistics: {0: {0: 416, 1: 250, 2: 208, 3: 168, 4: 7, 5: 2127, 6: 1354, 7: 1453, 8: 272}, 1: {0: 44, 1: 656, 2: 58, 3: 207, 4: 338, 5: 859, 6: 919, 7: 1, 8: 211, 9: 4223}, 2: {0: 4, 1: 136, 2: 877, 3: 632, 4: 143, 5: 124, 6: 212, 7: 11, 9: 17}, 3: {0: 51, 1: 5, 2: 1548, 3: 15, 4: 1673, 5: 159, 6: 226, 7: 867, 8: 99, 9: 893}, 4: {0: 238, 1: 152, 2: 122, 3: 1396, 4: 18, 5: 460, 6: 246, 7: 262, 8: 1433, 9: 815}, 5: {0: 3481, 1: 2521}, 6: {0: 1409, 1: 1469, 2: 476, 3: 30, 4: 74, 5: 233, 6: 756, 7: 25, 8: 2145}, 7: {0: 22, 1: 1, 2: 57, 3: 1707, 4: 2570, 5: 136, 6: 1234, 7: 2438}, 8: {0: 89, 1: 381, 2: 2176, 3: 1701, 4: 184, 5: 174, 6: 906, 7: 223, 8: 551}, 9: {0: 169, 1: 1171, 2: 436, 3: 275, 4: 835, 5: 1149, 6: 65, 7: 985, 8: 1140, 9: 1}}
09-11 19:32 DEBUG    **************************************************
09-11 19:32 DEBUG    Running experiments 

09-11 19:32 DEBUG    Uniform ensemble (Train acc): 0.917983
09-11 19:32 DEBUG    Uniform ensemble (Test acc): 0.915600
09-11 19:32 DEBUG    FedAvg (Train acc): 0.090350
09-11 19:32 DEBUG    FedAvg (Test acc): 0.089200
09-11 19:34 DEBUG    ****** PDM_KL matching ******** 
09-11 19:34 DEBUG    Best Sigma0: 0.5. Best sigma: 1 Best gamma: 10. Best Test accuracy: 0.103. Train acc: 0.10418333333333334. 

09-11 19:34 DEBUG    PDM_KL log: {(0.5, 1, 10): {'shapes': [(784, 276), (276,), (276, 127), (127,), (127, 127), (127,), (127, 118), (118,), (118, 109), (109,), (109, 10), (10,)], 'train_accuracy': 0.10418333333333334, 'test_accuracy': 0.103}} 
09-11 19:37 DEBUG    ****** PDM_KL matching ******** 
09-11 19:37 DEBUG    Best Sigma0: 0.5. Best sigma: 1 Best gamma: 10. Best Test accuracy: 0.1011. Train acc: 0.1024. 

09-11 19:37 DEBUG    PDM_KL log: {(0.5, 1, 10): {'shapes': [(784, 274), (274,), (274, 127), (127,), (127, 118), (118,), (118, 118), (118,), (118, 109), (109,), (109, 10), (10,)], 'train_accuracy': 0.1024, 'test_accuracy': 0.1011}} 
09-11 19:40 DEBUG    ****** PDM_KL matching ******** 
09-11 19:40 DEBUG    Best Sigma0: 0.5. Best sigma: 1 Best gamma: 10. Best Test accuracy: 0.1719. Train acc: 0.17445. 

09-11 19:40 DEBUG    PDM_KL log: {(0.5, 1, 10): {'shapes': [(784, 271), (271,), (271, 118), (118,), (118, 118), (118,), (118, 118), (118,), (118, 109), (109,), (109, 10), (10,)], 'train_accuracy': 0.17445, 'test_accuracy': 0.1719}} 
09-11 19:43 DEBUG    ****** PDM_KL matching ******** 
09-11 19:43 DEBUG    Best Sigma0: 0.5. Best sigma: 1 Best gamma: 10. Best Test accuracy: 0.0641. Train acc: 0.06621666666666666. 

09-11 19:43 DEBUG    PDM_KL log: {(0.5, 1, 10): {'shapes': [(784, 272), (272,), (272, 127), (127,), (127, 118), (118,), (118, 118), (118,), (118, 109), (109,), (109, 10), (10,)], 'train_accuracy': 0.06621666666666666, 'test_accuracy': 0.0641}} 
09-11 19:45 DEBUG    ****** PDM_KL matching ******** 
09-11 19:45 DEBUG    Best Sigma0: 0.5. Best sigma: 1 Best gamma: 10. Best Test accuracy: 0.1034. Train acc: 0.1045. 

09-11 19:45 DEBUG    PDM_KL log: {(0.5, 1, 10): {'shapes': [(784, 279), (279,), (279, 118), (118,), (118, 118), (118,), (118, 118), (118,), (118, 109), (109,), (109, 10), (10,)], 'train_accuracy': 0.1045, 'test_accuracy': 0.1034}} 
09-11 19:48 DEBUG    ****** PDM_KL matching ******** 
09-11 19:48 DEBUG    Best Sigma0: 0.5. Best sigma: 1 Best gamma: 10. Best Test accuracy: 0.1011. Train acc: 0.10241666666666667. 

09-11 19:48 DEBUG    PDM_KL log: {(0.5, 1, 10): {'shapes': [(784, 294), (294,), (294, 127), (127,), (127, 127), (127,), (127, 127), (127,), (127, 109), (109,), (109, 10), (10,)], 'train_accuracy': 0.10241666666666667, 'test_accuracy': 0.1011}} 
09-11 19:51 DEBUG    ****** PDM_KL matching ******** 
09-11 19:51 DEBUG    Best Sigma0: 0.5. Best sigma: 1 Best gamma: 10. Best Test accuracy: 0.1727. Train acc: 0.1758. 

09-11 19:51 DEBUG    PDM_KL log: {(0.5, 1, 10): {'shapes': [(784, 386), (386,), (386, 127), (127,), (127, 127), (127,), (127, 127), (127,), (127, 109), (109,), (109, 10), (10,)], 'train_accuracy': 0.1758, 'test_accuracy': 0.1727}} 
09-11 19:57 DEBUG    ****** PDM_KL matching ******** 
09-11 19:57 DEBUG    Best Sigma0: 0.5. Best sigma: 1 Best gamma: 10. Best Test accuracy: 0.1012. Train acc: 0.10233333333333333. 

09-11 19:57 DEBUG    PDM_KL log: {(0.5, 1, 10): {'shapes': [(784, 524), (524,), (524, 127), (127,), (127, 127), (127,), (127, 127), (127,), (127, 118), (118,), (118, 10), (10,)], 'train_accuracy': 0.10233333333333333, 'test_accuracy': 0.1012}} 
09-11 20:02 DEBUG    ****** PDM_KL matching ******** 
09-11 20:02 DEBUG    Best Sigma0: 0.5. Best sigma: 1 Best gamma: 10. Best Test accuracy: 0.0983. Train acc: 0.0992. 

09-11 20:02 DEBUG    PDM_KL log: {(0.5, 1, 10): {'shapes': [(784, 547), (547,), (547, 144), (144,), (144, 136), (136,), (136, 136), (136,), (136, 127), (127,), (127, 10), (10,)], 'train_accuracy': 0.0992, 'test_accuracy': 0.0983}} 
09-11 20:06 DEBUG    ****** PDM_KL matching ******** 
09-11 20:06 DEBUG    Best Sigma0: 0.5. Best sigma: 1 Best gamma: 10. Best Test accuracy: 0.098. Train acc: 0.09871666666666666. 

09-11 20:06 DEBUG    PDM_KL log: {(0.5, 1, 10): {'shapes': [(784, 273), (273,), (273, 169), (169,), (169, 153), (153,), (153, 136), (136,), (136, 127), (127,), (127, 10), (10,)], 'train_accuracy': 0.09871666666666666, 'test_accuracy': 0.098}} 
09-11 20:10 DEBUG    ****** PDM_KL matching ******** 
09-11 20:10 DEBUG    Best Sigma0: 0.5. Best sigma: 1 Best gamma: 10. Best Test accuracy: 0.0974. Train acc: 0.09751666666666667. 

09-11 20:10 DEBUG    PDM_KL log: {(0.5, 1, 10): {'shapes': [(784, 228), (228,), (228, 204), (204,), (204, 188), (188,), (188, 160), (160,), (160, 127), (127,), (127, 10), (10,)], 'train_accuracy': 0.09751666666666667, 'test_accuracy': 0.0974}} 
09-11 20:10 DEBUG    Trial 3 completed
09-11 20:10 DEBUG    ####################################################################################################
09-11 20:10 DEBUG    ####################################################################################################
09-11 20:10 DEBUG    Executing Trial 4 with seed 4
09-11 20:10 DEBUG    Data statistics: {0: {0: 321, 1: 1287, 2: 157, 3: 21, 4: 607, 5: 1592, 6: 2154}, 1: {0: 689, 1: 357, 2: 399, 3: 51, 4: 2117, 5: 62, 6: 291, 7: 1583, 8: 204, 9: 143}, 2: {0: 455, 1: 255, 2: 873, 3: 149, 4: 226, 5: 168, 7: 212, 8: 34, 9: 1895}, 3: {0: 629, 1: 1403, 2: 274, 3: 870, 4: 911, 5: 436, 6: 1, 7: 829, 8: 48, 9: 10}, 4: {0: 2, 1: 2167, 2: 2124, 3: 72, 4: 6, 5: 431, 6: 83, 7: 97, 8: 407, 9: 295}, 5: {0: 234, 1: 4, 2: 589, 3: 2311, 4: 245, 5: 329, 6: 445, 7: 448, 8: 24, 9: 2405}, 6: {0: 118, 1: 210, 2: 490, 3: 10, 4: 1, 5: 1653, 6: 1894, 7: 3, 8: 1496, 9: 178}, 7: {0: 693, 1: 224, 2: 255, 3: 789, 4: 1093, 5: 63, 6: 837, 7: 916, 8: 3239}, 8: {0: 2544, 1: 789, 2: 131, 3: 422, 4: 176, 5: 2, 6: 135, 7: 1957}, 9: {0: 238, 1: 46, 2: 666, 3: 1436, 4: 460, 5: 685, 6: 78, 7: 220, 8: 399, 9: 1023}}
09-11 20:10 DEBUG    **************************************************
09-11 20:10 DEBUG    Running experiments 

09-11 20:10 DEBUG    Uniform ensemble (Train acc): 0.954867
09-11 20:10 DEBUG    Uniform ensemble (Test acc): 0.954100
09-11 20:11 DEBUG    FedAvg (Train acc): 0.099300
09-11 20:11 DEBUG    FedAvg (Test acc): 0.103200
09-11 20:13 DEBUG    ****** PDM_KL matching ******** 
09-11 20:13 DEBUG    Best Sigma0: 0.5. Best sigma: 1 Best gamma: 10. Best Test accuracy: 0.1716. Train acc: 0.17456666666666668. 

09-11 20:13 DEBUG    PDM_KL log: {(0.5, 1, 10): {'shapes': [(784, 252), (252,), (252, 126), (126,), (126, 127), (127,), (127, 118), (118,), (118, 117), (117,), (117, 10), (10,)], 'train_accuracy': 0.17456666666666668, 'test_accuracy': 0.1716}} 
09-11 20:16 DEBUG    ****** PDM_KL matching ******** 
09-11 20:16 DEBUG    Best Sigma0: 0.5. Best sigma: 1 Best gamma: 10. Best Test accuracy: 0.1637. Train acc: 0.15966666666666668. 

09-11 20:16 DEBUG    PDM_KL log: {(0.5, 1, 10): {'shapes': [(784, 256), (256,), (256, 124), (124,), (124, 118), (118,), (118, 118), (118,), (118, 117), (117,), (117, 10), (10,)], 'train_accuracy': 0.15966666666666668, 'test_accuracy': 0.1637}} 
09-11 20:18 DEBUG    ****** PDM_KL matching ******** 
09-11 20:18 DEBUG    Best Sigma0: 0.5. Best sigma: 1 Best gamma: 10. Best Test accuracy: 0.0891. Train acc: 0.08591666666666667. 

09-11 20:18 DEBUG    PDM_KL log: {(0.5, 1, 10): {'shapes': [(784, 260), (260,), (260, 127), (127,), (127, 127), (127,), (127, 118), (118,), (118, 117), (117,), (117, 10), (10,)], 'train_accuracy': 0.08591666666666667, 'test_accuracy': 0.0891}} 
09-11 20:20 DEBUG    ****** PDM_KL matching ******** 
09-11 20:20 DEBUG    Best Sigma0: 0.5. Best sigma: 1 Best gamma: 10. Best Test accuracy: 0.167. Train acc: 0.16941666666666666. 

09-11 20:20 DEBUG    PDM_KL log: {(0.5, 1, 10): {'shapes': [(784, 254), (254,), (254, 127), (127,), (127, 127), (127,), (127, 118), (118,), (118, 117), (117,), (117, 10), (10,)], 'train_accuracy': 0.16941666666666666, 'test_accuracy': 0.167}} 
09-11 20:22 DEBUG    ****** PDM_KL matching ******** 
09-11 20:22 DEBUG    Best Sigma0: 0.5. Best sigma: 1 Best gamma: 10. Best Test accuracy: 0.1603. Train acc: 0.15948333333333334. 

09-11 20:22 DEBUG    PDM_KL log: {(0.5, 1, 10): {'shapes': [(784, 263), (263,), (263, 118), (118,), (118, 118), (118,), (118, 118), (118,), (118, 117), (117,), (117, 10), (10,)], 'train_accuracy': 0.15948333333333334, 'test_accuracy': 0.1603}} 
09-11 20:25 DEBUG    ****** PDM_KL matching ******** 
09-11 20:25 DEBUG    Best Sigma0: 0.5. Best sigma: 1 Best gamma: 10. Best Test accuracy: 0.1168. Train acc: 0.11866666666666667. 

09-11 20:25 DEBUG    PDM_KL log: {(0.5, 1, 10): {'shapes': [(784, 275), (275,), (275, 127), (127,), (127, 127), (127,), (127, 118), (118,), (118, 117), (117,), (117, 10), (10,)], 'train_accuracy': 0.11866666666666667, 'test_accuracy': 0.1168}} 
09-11 20:28 DEBUG    ****** PDM_KL matching ******** 
09-11 20:28 DEBUG    Best Sigma0: 0.5. Best sigma: 1 Best gamma: 10. Best Test accuracy: 0.1189. Train acc: 0.12155. 

09-11 20:28 DEBUG    PDM_KL log: {(0.5, 1, 10): {'shapes': [(784, 377), (377,), (377, 127), (127,), (127, 127), (127,), (127, 127), (127,), (127, 117), (117,), (117, 10), (10,)], 'train_accuracy': 0.12155, 'test_accuracy': 0.1189}} 
09-11 20:34 DEBUG    ****** PDM_KL matching ******** 
09-11 20:34 DEBUG    Best Sigma0: 0.5. Best sigma: 1 Best gamma: 10. Best Test accuracy: 0.113. Train acc: 0.109. 

09-11 20:34 DEBUG    PDM_KL log: {(0.5, 1, 10): {'shapes': [(784, 524), (524,), (524, 127), (127,), (127, 127), (127,), (127, 127), (127,), (127, 118), (118,), (118, 10), (10,)], 'train_accuracy': 0.109, 'test_accuracy': 0.113}} 
09-11 20:39 DEBUG    ****** PDM_KL matching ******** 
09-11 20:39 DEBUG    Best Sigma0: 0.5. Best sigma: 1 Best gamma: 10. Best Test accuracy: 0.1032. Train acc: 0.0993. 

09-11 20:39 DEBUG    PDM_KL log: {(0.5, 1, 10): {'shapes': [(784, 574), (574,), (574, 153), (153,), (153, 145), (145,), (145, 136), (136,), (136, 127), (127,), (127, 10), (10,)], 'train_accuracy': 0.0993, 'test_accuracy': 0.1032}} 
09-11 20:43 DEBUG    ****** PDM_KL matching ******** 
09-11 20:43 DEBUG    Best Sigma0: 0.5. Best sigma: 1 Best gamma: 10. Best Test accuracy: 0.1048. Train acc: 0.10025. 

09-11 20:43 DEBUG    PDM_KL log: {(0.5, 1, 10): {'shapes': [(784, 310), (310,), (310, 181), (181,), (181, 163), (163,), (163, 163), (163,), (163, 127), (127,), (127, 10), (10,)], 'train_accuracy': 0.10025, 'test_accuracy': 0.1048}} 
09-11 20:46 DEBUG    ****** PDM_KL matching ******** 
09-11 20:46 DEBUG    Best Sigma0: 0.5. Best sigma: 1 Best gamma: 10. Best Test accuracy: 0.0974. Train acc: 0.09751666666666667. 

09-11 20:46 DEBUG    PDM_KL log: {(0.5, 1, 10): {'shapes': [(784, 234), (234,), (234, 235), (235,), (235, 207), (207,), (207, 190), (190,), (190, 127), (127,), (127, 10), (10,)], 'train_accuracy': 0.09751666666666667, 'test_accuracy': 0.0974}} 
09-11 20:46 DEBUG    Trial 4 completed
09-11 20:46 DEBUG    ####################################################################################################
09-11 20:46 DEBUG    ####################################################################################################
09-11 20:46 DEBUG    Executing Trial 5 with seed 5
09-11 20:46 DEBUG    Data statistics: {0: {0: 1274, 1: 582, 3: 276, 4: 2899, 5: 487, 6: 472, 7: 30}, 1: {0: 2625, 1: 243, 2: 511, 3: 1290, 4: 253, 5: 1031, 6: 601}, 2: {0: 927, 1: 1352, 2: 97, 3: 196, 4: 833, 5: 111, 6: 25, 7: 1460, 8: 231, 9: 134}, 3: {0: 12, 1: 382, 2: 692, 3: 41, 4: 55, 5: 73, 6: 59, 7: 274, 8: 782, 9: 653}, 4: {0: 16, 1: 32, 2: 4, 3: 31, 4: 410, 5: 1631, 6: 13, 7: 148, 8: 3007, 9: 2564}, 5: {0: 63, 1: 315, 2: 43, 3: 3062, 4: 9, 5: 287, 6: 1396, 7: 1188}, 6: {1: 2919, 2: 102, 3: 33, 4: 980, 5: 573, 6: 1114, 7: 47, 8: 1144}, 7: {0: 332, 1: 36, 2: 3305, 3: 223, 4: 56, 5: 446, 6: 328, 7: 2857}, 8: {0: 564, 1: 28, 2: 1048, 3: 932, 4: 277, 5: 696, 6: 142, 7: 144, 8: 395, 9: 481}, 9: {0: 110, 1: 853, 2: 156, 3: 47, 4: 70, 5: 86, 6: 1768, 7: 117, 8: 292, 9: 2117}}
09-11 20:47 DEBUG    **************************************************
09-11 20:47 DEBUG    Running experiments 

09-11 20:47 DEBUG    Uniform ensemble (Train acc): 0.945183
09-11 20:47 DEBUG    Uniform ensemble (Test acc): 0.944600
09-11 20:48 DEBUG    FedAvg (Train acc): 0.090350
09-11 20:48 DEBUG    FedAvg (Test acc): 0.089200
09-11 20:49 DEBUG    ****** PDM_KL matching ******** 
09-11 20:49 DEBUG    Best Sigma0: 0.5. Best sigma: 1 Best gamma: 10. Best Test accuracy: 0.0892. Train acc: 0.09035. 

09-11 20:49 DEBUG    PDM_KL log: {(0.5, 1, 10): {'shapes': [(784, 255), (255,), (255, 118), (118,), (118, 118), (118,), (118, 118), (118,), (118, 110), (110,), (110, 10), (10,)], 'train_accuracy': 0.09035, 'test_accuracy': 0.0892}} 
09-11 20:52 DEBUG    ****** PDM_KL matching ******** 
09-11 20:52 DEBUG    Best Sigma0: 0.5. Best sigma: 1 Best gamma: 10. Best Test accuracy: 0.0892. Train acc: 0.09035. 

09-11 20:52 DEBUG    PDM_KL log: {(0.5, 1, 10): {'shapes': [(784, 255), (255,), (255, 127), (127,), (127, 118), (118,), (118, 118), (118,), (118, 110), (110,), (110, 10), (10,)], 'train_accuracy': 0.09035, 'test_accuracy': 0.0892}} 
09-11 20:55 DEBUG    ****** PDM_KL matching ******** 
09-11 20:55 DEBUG    Best Sigma0: 0.5. Best sigma: 1 Best gamma: 10. Best Test accuracy: 0.0892. Train acc: 0.09035. 

09-11 20:55 DEBUG    PDM_KL log: {(0.5, 1, 10): {'shapes': [(784, 258), (258,), (258, 118), (118,), (118, 118), (118,), (118, 127), (127,), (127, 110), (110,), (110, 10), (10,)], 'train_accuracy': 0.09035, 'test_accuracy': 0.0892}} 
09-11 20:58 DEBUG    ****** PDM_KL matching ******** 
09-11 20:58 DEBUG    Best Sigma0: 0.5. Best sigma: 1 Best gamma: 10. Best Test accuracy: 0.0892. Train acc: 0.09035. 

09-11 20:58 DEBUG    PDM_KL log: {(0.5, 1, 10): {'shapes': [(784, 252), (252,), (252, 118), (118,), (118, 118), (118,), (118, 118), (118,), (118, 110), (110,), (110, 10), (10,)], 'train_accuracy': 0.09035, 'test_accuracy': 0.0892}} 
09-11 21:01 DEBUG    ****** PDM_KL matching ******** 
09-11 21:01 DEBUG    Best Sigma0: 0.5. Best sigma: 1 Best gamma: 10. Best Test accuracy: 0.0892. Train acc: 0.09035. 

09-11 21:01 DEBUG    PDM_KL log: {(0.5, 1, 10): {'shapes': [(784, 265), (265,), (265, 126), (126,), (126, 118), (118,), (118, 118), (118,), (118, 106), (106,), (106, 10), (10,)], 'train_accuracy': 0.09035, 'test_accuracy': 0.0892}} 
09-11 21:03 DEBUG    ****** PDM_KL matching ******** 
09-11 21:03 DEBUG    Best Sigma0: 0.5. Best sigma: 1 Best gamma: 10. Best Test accuracy: 0.0894. Train acc: 0.09046666666666667. 

09-11 21:03 DEBUG    PDM_KL log: {(0.5, 1, 10): {'shapes': [(784, 271), (271,), (271, 118), (118,), (118, 118), (118,), (118, 118), (118,), (118, 110), (110,), (110, 10), (10,)], 'train_accuracy': 0.09046666666666667, 'test_accuracy': 0.0894}} 
09-11 21:05 DEBUG    ****** PDM_KL matching ******** 
09-11 21:05 DEBUG    Best Sigma0: 0.5. Best sigma: 1 Best gamma: 10. Best Test accuracy: 0.0892. Train acc: 0.09035. 

09-11 21:05 DEBUG    PDM_KL log: {(0.5, 1, 10): {'shapes': [(784, 363), (363,), (363, 127), (127,), (127, 127), (127,), (127, 127), (127,), (127, 106), (106,), (106, 10), (10,)], 'train_accuracy': 0.09035, 'test_accuracy': 0.0892}} 
09-11 21:09 DEBUG    ****** PDM_KL matching ******** 
09-11 21:09 DEBUG    Best Sigma0: 0.5. Best sigma: 1 Best gamma: 10. Best Test accuracy: 0.1344. Train acc: 0.13223333333333334. 

09-11 21:09 DEBUG    PDM_KL log: {(0.5, 1, 10): {'shapes': [(784, 496), (496,), (496, 127), (127,), (127, 127), (127,), (127, 127), (127,), (127, 118), (118,), (118, 10), (10,)], 'train_accuracy': 0.13223333333333334, 'test_accuracy': 0.1344}} 
09-11 21:13 DEBUG    ****** PDM_KL matching ******** 
09-11 21:13 DEBUG    Best Sigma0: 0.5. Best sigma: 1 Best gamma: 10. Best Test accuracy: 0.0892. Train acc: 0.09035. 

09-11 21:13 DEBUG    PDM_KL log: {(0.5, 1, 10): {'shapes': [(784, 517), (517,), (517, 154), (154,), (154, 145), (145,), (145, 136), (136,), (136, 127), (127,), (127, 10), (10,)], 'train_accuracy': 0.09035, 'test_accuracy': 0.0892}} 
09-11 21:16 DEBUG    ****** PDM_KL matching ******** 
09-11 21:16 DEBUG    Best Sigma0: 0.5. Best sigma: 1 Best gamma: 10. Best Test accuracy: 0.0892. Train acc: 0.09035. 

09-11 21:16 DEBUG    PDM_KL log: {(0.5, 1, 10): {'shapes': [(784, 275), (275,), (275, 189), (189,), (189, 163), (163,), (163, 145), (145,), (145, 127), (127,), (127, 10), (10,)], 'train_accuracy': 0.09035, 'test_accuracy': 0.0892}} 
09-11 21:20 DEBUG    ****** PDM_KL matching ******** 
09-11 21:20 DEBUG    Best Sigma0: 0.5. Best sigma: 1 Best gamma: 10. Best Test accuracy: 0.0892. Train acc: 0.09035. 

09-11 21:20 DEBUG    PDM_KL log: {(0.5, 1, 10): {'shapes': [(784, 228), (228,), (228, 234), (234,), (234, 189), (189,), (189, 163), (163,), (163, 127), (127,), (127, 10), (10,)], 'train_accuracy': 0.09035, 'test_accuracy': 0.0892}} 
09-11 21:20 DEBUG    Trial 5 completed
09-11 21:20 DEBUG    ####################################################################################################
09-11 21:20 DEBUG    ####################################################################################################
09-11 21:20 DEBUG    Executing Trial 6 with seed 6
09-11 21:20 DEBUG    Data statistics: {0: {0: 1969, 1: 73, 2: 724, 3: 808, 4: 281, 5: 2, 6: 905, 7: 172, 8: 491, 9: 1202}, 1: {0: 2298, 1: 612, 2: 588, 3: 1362, 4: 39, 5: 100, 6: 367, 7: 1669}, 2: {0: 198, 1: 72, 2: 874, 3: 365, 4: 552, 5: 45, 6: 805, 7: 495, 8: 27, 9: 168}, 3: {0: 22, 1: 20, 2: 513, 3: 1968, 4: 932, 5: 99, 6: 6, 7: 2975}, 4: {0: 126, 1: 1063, 2: 1297, 3: 26, 4: 1, 5: 758, 6: 3057}, 5: {0: 1, 1: 3254, 2: 807, 3: 77, 4: 49, 5: 520, 6: 70, 7: 53, 8: 596, 9: 379}, 6: {0: 1020, 1: 102, 2: 155, 3: 556, 4: 32, 5: 195, 6: 336, 7: 452, 8: 1109, 9: 4199}, 7: {0: 55, 1: 127, 2: 74, 3: 365, 4: 41, 5: 86, 6: 214, 7: 114, 8: 1004, 9: 1}, 8: {0: 226, 1: 18, 2: 156, 3: 603, 4: 2813, 5: 495, 6: 158, 7: 335, 8: 2624}, 9: {0: 8, 1: 1401, 2: 770, 3: 1, 4: 1102, 5: 3121}}
09-11 21:20 DEBUG    **************************************************
09-11 21:20 DEBUG    Running experiments 

09-11 21:21 DEBUG    Uniform ensemble (Train acc): 0.928017
09-11 21:21 DEBUG    Uniform ensemble (Test acc): 0.922300
09-11 21:21 DEBUG    FedAvg (Train acc): 0.090350
09-11 21:21 DEBUG    FedAvg (Test acc): 0.089200
09-11 21:23 DEBUG    ****** PDM_KL matching ******** 
09-11 21:23 DEBUG    Best Sigma0: 0.5. Best sigma: 1 Best gamma: 10. Best Test accuracy: 0.1032. Train acc: 0.0993. 

09-11 21:23 DEBUG    PDM_KL log: {(0.5, 1, 10): {'shapes': [(784, 269), (269,), (269, 127), (127,), (127, 127), (127,), (127, 120), (120,), (120, 106), (106,), (106, 10), (10,)], 'train_accuracy': 0.0993, 'test_accuracy': 0.1032}} 
09-11 21:28 DEBUG    ****** PDM_KL matching ******** 
09-11 21:28 DEBUG    Best Sigma0: 0.5. Best sigma: 1 Best gamma: 10. Best Test accuracy: 0.1032. Train acc: 0.0993. 

09-11 21:28 DEBUG    PDM_KL log: {(0.5, 1, 10): {'shapes': [(784, 271), (271,), (271, 127), (127,), (127, 127), (127,), (127, 127), (127,), (127, 106), (106,), (106, 10), (10,)], 'train_accuracy': 0.0993, 'test_accuracy': 0.1032}} 
09-11 21:32 DEBUG    ****** PDM_KL matching ******** 
09-11 21:32 DEBUG    Best Sigma0: 0.5. Best sigma: 1 Best gamma: 10. Best Test accuracy: 0.1032. Train acc: 0.0993. 

09-11 21:32 DEBUG    PDM_KL log: {(0.5, 1, 10): {'shapes': [(784, 269), (269,), (269, 127), (127,), (127, 118), (118,), (118, 118), (118,), (118, 106), (106,), (106, 10), (10,)], 'train_accuracy': 0.0993, 'test_accuracy': 0.1032}} 
09-11 21:36 DEBUG    ****** PDM_KL matching ******** 
09-11 21:36 DEBUG    Best Sigma0: 0.5. Best sigma: 1 Best gamma: 10. Best Test accuracy: 0.1032. Train acc: 0.0993. 

09-11 21:36 DEBUG    PDM_KL log: {(0.5, 1, 10): {'shapes': [(784, 266), (266,), (266, 118), (118,), (118, 118), (118,), (118, 118), (118,), (118, 106), (106,), (106, 10), (10,)], 'train_accuracy': 0.0993, 'test_accuracy': 0.1032}} 
09-11 21:39 DEBUG    ****** PDM_KL matching ******** 
09-11 21:39 DEBUG    Best Sigma0: 0.5. Best sigma: 1 Best gamma: 10. Best Test accuracy: 0.1032. Train acc: 0.0993. 

09-11 21:39 DEBUG    PDM_KL log: {(0.5, 1, 10): {'shapes': [(784, 279), (279,), (279, 127), (127,), (127, 126), (126,), (126, 118), (118,), (118, 106), (106,), (106, 10), (10,)], 'train_accuracy': 0.0993, 'test_accuracy': 0.1032}} 
09-11 21:43 DEBUG    ****** PDM_KL matching ******** 
09-11 21:43 DEBUG    Best Sigma0: 0.5. Best sigma: 1 Best gamma: 10. Best Test accuracy: 0.1032. Train acc: 0.0993. 

09-11 21:43 DEBUG    PDM_KL log: {(0.5, 1, 10): {'shapes': [(784, 280), (280,), (280, 127), (127,), (127, 126), (126,), (126, 126), (126,), (126, 106), (106,), (106, 10), (10,)], 'train_accuracy': 0.0993, 'test_accuracy': 0.1032}} 
09-11 21:48 DEBUG    ****** PDM_KL matching ******** 
09-11 21:48 DEBUG    Best Sigma0: 0.5. Best sigma: 1 Best gamma: 10. Best Test accuracy: 0.1032. Train acc: 0.0993. 

09-11 21:48 DEBUG    PDM_KL log: {(0.5, 1, 10): {'shapes': [(784, 385), (385,), (385, 127), (127,), (127, 127), (127,), (127, 127), (127,), (127, 106), (106,), (106, 10), (10,)], 'train_accuracy': 0.0993, 'test_accuracy': 0.1032}} 
09-11 21:56 DEBUG    ****** PDM_KL matching ******** 
09-11 21:56 DEBUG    Best Sigma0: 0.5. Best sigma: 1 Best gamma: 10. Best Test accuracy: 0.1032. Train acc: 0.0993. 

09-11 21:56 DEBUG    PDM_KL log: {(0.5, 1, 10): {'shapes': [(784, 527), (527,), (527, 135), (135,), (135, 127), (127,), (127, 127), (127,), (127, 118), (118,), (118, 10), (10,)], 'train_accuracy': 0.0993, 'test_accuracy': 0.1032}} 
09-11 22:07 DEBUG    ****** PDM_KL matching ******** 
09-11 22:07 DEBUG    Best Sigma0: 0.5. Best sigma: 1 Best gamma: 10. Best Test accuracy: 0.1032. Train acc: 0.0993. 

09-11 22:07 DEBUG    PDM_KL log: {(0.5, 1, 10): {'shapes': [(784, 565), (565,), (565, 153), (153,), (153, 136), (136,), (136, 136), (136,), (136, 127), (127,), (127, 10), (10,)], 'train_accuracy': 0.0993, 'test_accuracy': 0.1032}} 
09-11 22:14 DEBUG    ****** PDM_KL matching ******** 
09-11 22:14 DEBUG    Best Sigma0: 0.5. Best sigma: 1 Best gamma: 10. Best Test accuracy: 0.1032. Train acc: 0.0993. 

09-11 22:14 DEBUG    PDM_KL log: {(0.5, 1, 10): {'shapes': [(784, 288), (288,), (288, 187), (187,), (187, 163), (163,), (163, 153), (153,), (153, 127), (127,), (127, 10), (10,)], 'train_accuracy': 0.0993, 'test_accuracy': 0.1032}} 
09-11 22:18 DEBUG    ****** PDM_KL matching ******** 
09-11 22:18 DEBUG    Best Sigma0: 0.5. Best sigma: 1 Best gamma: 10. Best Test accuracy: 0.0982. Train acc: 0.09736666666666667. 

09-11 22:18 DEBUG    PDM_KL log: {(0.5, 1, 10): {'shapes': [(784, 235), (235,), (235, 206), (206,), (206, 198), (198,), (198, 171), (171,), (171, 127), (127,), (127, 10), (10,)], 'train_accuracy': 0.09736666666666667, 'test_accuracy': 0.0982}} 
09-11 22:18 DEBUG    Trial 6 completed
09-11 22:18 DEBUG    ####################################################################################################
09-11 22:18 DEBUG    ####################################################################################################
09-11 22:18 DEBUG    Executing Trial 7 with seed 7
09-11 22:18 DEBUG    Data statistics: {0: {0: 39, 1: 2014, 2: 25, 3: 43, 4: 1522, 5: 21, 6: 303, 7: 229, 8: 2115}, 1: {0: 127, 1: 213, 2: 2333, 3: 2359, 4: 151, 5: 803, 6: 394}, 2: {0: 3587, 2: 44, 3: 1117, 4: 286, 5: 577, 6: 30, 7: 2393}, 3: {0: 443, 1: 33, 2: 537, 3: 707, 4: 598, 5: 84, 6: 2435, 7: 187, 8: 144, 9: 775}, 4: {0: 253, 1: 17, 3: 149, 4: 1600, 5: 1235, 6: 70, 7: 1179, 8: 605, 9: 538}, 5: {0: 107, 1: 166, 2: 48, 3: 28, 4: 166, 5: 517, 6: 73, 7: 255, 8: 2148, 9: 677}, 6: {0: 629, 1: 23, 2: 1190, 3: 175, 4: 1064, 5: 810, 6: 26, 8: 526, 9: 3818}, 7: {0: 108, 1: 239, 2: 1388, 3: 133, 4: 435, 5: 1312, 6: 461, 8: 112, 9: 123}, 8: {0: 102, 1: 407, 2: 331, 3: 1094, 4: 1, 5: 60, 6: 272, 7: 2022, 8: 200, 9: 18}, 9: {0: 528, 1: 3630, 2: 62, 3: 326, 4: 19, 5: 2, 6: 1854, 8: 1}}
09-11 22:19 DEBUG    **************************************************
09-11 22:19 DEBUG    Running experiments 

09-11 22:19 DEBUG    Uniform ensemble (Train acc): 0.954667
09-11 22:19 DEBUG    Uniform ensemble (Test acc): 0.951900
09-11 22:20 DEBUG    FedAvg (Train acc): 0.102183
09-11 22:20 DEBUG    FedAvg (Test acc): 0.101000
09-11 22:21 DEBUG    ****** PDM_KL matching ******** 
09-11 22:21 DEBUG    Best Sigma0: 0.5. Best sigma: 1 Best gamma: 10. Best Test accuracy: 0.101. Train acc: 0.10218333333333333. 

09-11 22:21 DEBUG    PDM_KL log: {(0.5, 1, 10): {'shapes': [(784, 261), (261,), (261, 118), (118,), (118, 118), (118,), (118, 118), (118,), (118, 109), (109,), (109, 10), (10,)], 'train_accuracy': 0.10218333333333333, 'test_accuracy': 0.101}} 
09-11 22:23 DEBUG    ****** PDM_KL matching ******** 
09-11 22:23 DEBUG    Best Sigma0: 0.5. Best sigma: 1 Best gamma: 10. Best Test accuracy: 0.101. Train acc: 0.10218333333333333. 

09-11 22:23 DEBUG    PDM_KL log: {(0.5, 1, 10): {'shapes': [(784, 258), (258,), (258, 127), (127,), (127, 118), (118,), (118, 118), (118,), (118, 109), (109,), (109, 10), (10,)], 'train_accuracy': 0.10218333333333333, 'test_accuracy': 0.101}} 
09-11 22:26 DEBUG    ****** PDM_KL matching ******** 
09-11 22:26 DEBUG    Best Sigma0: 0.5. Best sigma: 1 Best gamma: 10. Best Test accuracy: 0.1017. Train acc: 0.10358333333333333. 

09-11 22:26 DEBUG    PDM_KL log: {(0.5, 1, 10): {'shapes': [(784, 259), (259,), (259, 118), (118,), (118, 118), (118,), (118, 118), (118,), (118, 114), (114,), (114, 10), (10,)], 'train_accuracy': 0.10358333333333333, 'test_accuracy': 0.1017}} 
09-11 22:29 DEBUG    ****** PDM_KL matching ******** 
09-11 22:29 DEBUG    Best Sigma0: 0.5. Best sigma: 1 Best gamma: 10. Best Test accuracy: 0.101. Train acc: 0.10218333333333333. 

09-11 22:29 DEBUG    PDM_KL log: {(0.5, 1, 10): {'shapes': [(784, 261), (261,), (261, 127), (127,), (127, 127), (127,), (127, 118), (118,), (118, 113), (113,), (113, 10), (10,)], 'train_accuracy': 0.10218333333333333, 'test_accuracy': 0.101}} 
09-11 22:32 DEBUG    ****** PDM_KL matching ******** 
09-11 22:32 DEBUG    Best Sigma0: 0.5. Best sigma: 1 Best gamma: 10. Best Test accuracy: 0.101. Train acc: 0.10218333333333333. 

09-11 22:32 DEBUG    PDM_KL log: {(0.5, 1, 10): {'shapes': [(784, 266), (266,), (266, 127), (127,), (127, 118), (118,), (118, 118), (118,), (118, 113), (113,), (113, 10), (10,)], 'train_accuracy': 0.10218333333333333, 'test_accuracy': 0.101}} 
09-11 22:35 DEBUG    ****** PDM_KL matching ******** 
09-11 22:35 DEBUG    Best Sigma0: 0.5. Best sigma: 1 Best gamma: 10. Best Test accuracy: 0.101. Train acc: 0.10218333333333333. 

09-11 22:35 DEBUG    PDM_KL log: {(0.5, 1, 10): {'shapes': [(784, 270), (270,), (270, 127), (127,), (127, 118), (118,), (118, 118), (118,), (118, 114), (114,), (114, 10), (10,)], 'train_accuracy': 0.10218333333333333, 'test_accuracy': 0.101}} 
09-11 22:39 DEBUG    ****** PDM_KL matching ******** 
09-11 22:39 DEBUG    Best Sigma0: 0.5. Best sigma: 1 Best gamma: 10. Best Test accuracy: 0.101. Train acc: 0.10218333333333333. 

09-11 22:39 DEBUG    PDM_KL log: {(0.5, 1, 10): {'shapes': [(784, 370), (370,), (370, 127), (127,), (127, 127), (127,), (127, 127), (127,), (127, 114), (114,), (114, 10), (10,)], 'train_accuracy': 0.10218333333333333, 'test_accuracy': 0.101}} 
09-11 22:47 DEBUG    ****** PDM_KL matching ******** 
09-11 22:47 DEBUG    Best Sigma0: 0.5. Best sigma: 1 Best gamma: 10. Best Test accuracy: 0.101. Train acc: 0.10218333333333333. 

09-11 22:47 DEBUG    PDM_KL log: {(0.5, 1, 10): {'shapes': [(784, 506), (506,), (506, 136), (136,), (136, 127), (127,), (127, 127), (127,), (127, 118), (118,), (118, 10), (10,)], 'train_accuracy': 0.10218333333333333, 'test_accuracy': 0.101}} 
09-11 22:54 DEBUG    ****** PDM_KL matching ******** 
09-11 22:54 DEBUG    Best Sigma0: 0.5. Best sigma: 1 Best gamma: 10. Best Test accuracy: 0.101. Train acc: 0.10218333333333333. 

09-11 22:54 DEBUG    PDM_KL log: {(0.5, 1, 10): {'shapes': [(784, 528), (528,), (528, 145), (145,), (145, 145), (145,), (145, 136), (136,), (136, 127), (127,), (127, 10), (10,)], 'train_accuracy': 0.10218333333333333, 'test_accuracy': 0.101}} 
09-11 22:58 DEBUG    ****** PDM_KL matching ******** 
09-11 22:58 DEBUG    Best Sigma0: 0.5. Best sigma: 1 Best gamma: 10. Best Test accuracy: 0.101. Train acc: 0.10218333333333333. 

09-11 22:58 DEBUG    PDM_KL log: {(0.5, 1, 10): {'shapes': [(784, 275), (275,), (275, 180), (180,), (180, 154), (154,), (154, 154), (154,), (154, 127), (127,), (127, 10), (10,)], 'train_accuracy': 0.10218333333333333, 'test_accuracy': 0.101}} 
09-11 23:01 DEBUG    ****** PDM_KL matching ******** 
09-11 23:01 DEBUG    Best Sigma0: 0.5. Best sigma: 1 Best gamma: 10. Best Test accuracy: 0.0974. Train acc: 0.09751666666666667. 

09-11 23:01 DEBUG    PDM_KL log: {(0.5, 1, 10): {'shapes': [(784, 221), (221,), (221, 222), (222,), (222, 181), (181,), (181, 180), (180,), (180, 127), (127,), (127, 10), (10,)], 'train_accuracy': 0.09751666666666667, 'test_accuracy': 0.0974}} 
09-11 23:01 DEBUG    Trial 7 completed
09-11 23:01 DEBUG    ####################################################################################################
09-11 23:01 DEBUG    ####################################################################################################
09-11 23:01 DEBUG    Executing Trial 8 with seed 8
09-11 23:01 DEBUG    Data statistics: {0: {0: 588, 1: 601, 2: 566, 3: 535, 4: 165, 5: 3, 6: 1215, 7: 1269, 8: 1173}, 1: {0: 461, 1: 185, 2: 96, 3: 3974, 4: 2103}, 2: {0: 361, 1: 4, 2: 3, 3: 40, 4: 50, 5: 2242, 6: 364, 7: 148, 8: 4444}, 3: {0: 445, 1: 921, 2: 1207, 3: 32, 4: 566, 5: 5, 6: 389, 7: 26, 8: 160, 9: 698}, 4: {0: 195, 1: 178, 2: 470, 3: 83, 4: 673, 5: 1991, 6: 1114, 7: 301, 8: 30, 9: 1077}, 5: {0: 562, 1: 1196, 2: 911, 3: 171, 4: 495, 5: 14, 6: 155, 7: 3853}, 6: {0: 2595, 1: 742, 2: 2407, 3: 316}, 7: {0: 81, 1: 15, 2: 169, 3: 333, 4: 1, 5: 127, 6: 293, 7: 297, 8: 26, 9: 4172}, 8: {0: 482, 1: 996, 2: 6, 3: 55, 4: 1783, 5: 935, 6: 2201}, 9: {0: 153, 1: 1904, 2: 123, 3: 592, 4: 6, 5: 104, 6: 187, 7: 371, 8: 18, 9: 2}}
09-11 23:01 DEBUG    **************************************************
09-11 23:01 DEBUG    Running experiments 

09-11 23:01 DEBUG    Uniform ensemble (Train acc): 0.855217
09-11 23:01 DEBUG    Uniform ensemble (Test acc): 0.849900
09-11 23:02 DEBUG    FedAvg (Train acc): 0.099300
09-11 23:02 DEBUG    FedAvg (Test acc): 0.103200
09-11 23:03 DEBUG    ****** PDM_KL matching ******** 
09-11 23:03 DEBUG    Best Sigma0: 0.5. Best sigma: 1 Best gamma: 10. Best Test accuracy: 0.101. Train acc: 0.10218333333333333. 

09-11 23:03 DEBUG    PDM_KL log: {(0.5, 1, 10): {'shapes': [(784, 269), (269,), (269, 124), (124,), (124, 126), (126,), (126, 118), (118,), (118, 118), (118,), (118, 10), (10,)], 'train_accuracy': 0.10218333333333333, 'test_accuracy': 0.101}} 
09-11 23:05 DEBUG    ****** PDM_KL matching ******** 
09-11 23:05 DEBUG    Best Sigma0: 0.5. Best sigma: 1 Best gamma: 10. Best Test accuracy: 0.101. Train acc: 0.10218333333333333. 

09-11 23:05 DEBUG    PDM_KL log: {(0.5, 1, 10): {'shapes': [(784, 267), (267,), (267, 124), (124,), (124, 118), (118,), (118, 118), (118,), (118, 118), (118,), (118, 10), (10,)], 'train_accuracy': 0.10218333333333333, 'test_accuracy': 0.101}} 
09-11 23:07 DEBUG    ****** PDM_KL matching ******** 
09-11 23:07 DEBUG    Best Sigma0: 0.5. Best sigma: 1 Best gamma: 10. Best Test accuracy: 0.101. Train acc: 0.10218333333333333. 

09-11 23:07 DEBUG    PDM_KL log: {(0.5, 1, 10): {'shapes': [(784, 267), (267,), (267, 118), (118,), (118, 118), (118,), (118, 118), (118,), (118, 118), (118,), (118, 10), (10,)], 'train_accuracy': 0.10218333333333333, 'test_accuracy': 0.101}} 
09-11 23:09 DEBUG    ****** PDM_KL matching ******** 
09-11 23:09 DEBUG    Best Sigma0: 0.5. Best sigma: 1 Best gamma: 10. Best Test accuracy: 0.101. Train acc: 0.10218333333333333. 

09-11 23:09 DEBUG    PDM_KL log: {(0.5, 1, 10): {'shapes': [(784, 268), (268,), (268, 118), (118,), (118, 118), (118,), (118, 118), (118,), (118, 118), (118,), (118, 10), (10,)], 'train_accuracy': 0.10218333333333333, 'test_accuracy': 0.101}} 
09-11 23:11 DEBUG    ****** PDM_KL matching ******** 
09-11 23:11 DEBUG    Best Sigma0: 0.5. Best sigma: 1 Best gamma: 10. Best Test accuracy: 0.101. Train acc: 0.10218333333333333. 

09-11 23:11 DEBUG    PDM_KL log: {(0.5, 1, 10): {'shapes': [(784, 271), (271,), (271, 126), (126,), (126, 118), (118,), (118, 118), (118,), (118, 115), (115,), (115, 10), (10,)], 'train_accuracy': 0.10218333333333333, 'test_accuracy': 0.101}} 
09-11 23:14 DEBUG    ****** PDM_KL matching ******** 
09-11 23:14 DEBUG    Best Sigma0: 0.5. Best sigma: 1 Best gamma: 10. Best Test accuracy: 0.101. Train acc: 0.10218333333333333. 

09-11 23:14 DEBUG    PDM_KL log: {(0.5, 1, 10): {'shapes': [(784, 274), (274,), (274, 127), (127,), (127, 127), (127,), (127, 118), (118,), (118, 115), (115,), (115, 10), (10,)], 'train_accuracy': 0.10218333333333333, 'test_accuracy': 0.101}} 
09-11 23:17 DEBUG    ****** PDM_KL matching ******** 
09-11 23:17 DEBUG    Best Sigma0: 0.5. Best sigma: 1 Best gamma: 10. Best Test accuracy: 0.1047. Train acc: 0.10693333333333334. 

09-11 23:17 DEBUG    PDM_KL log: {(0.5, 1, 10): {'shapes': [(784, 374), (374,), (374, 127), (127,), (127, 127), (127,), (127, 127), (127,), (127, 116), (116,), (116, 10), (10,)], 'train_accuracy': 0.10693333333333334, 'test_accuracy': 0.1047}} 
09-11 23:23 DEBUG    ****** PDM_KL matching ******** 
09-11 23:23 DEBUG    Best Sigma0: 0.5. Best sigma: 1 Best gamma: 10. Best Test accuracy: 0.1007. Train acc: 0.10175. 

09-11 23:23 DEBUG    PDM_KL log: {(0.5, 1, 10): {'shapes': [(784, 511), (511,), (511, 135), (135,), (135, 127), (127,), (127, 127), (127,), (127, 118), (118,), (118, 10), (10,)], 'train_accuracy': 0.10175, 'test_accuracy': 0.1007}} 
09-11 23:28 DEBUG    ****** PDM_KL matching ******** 
09-11 23:28 DEBUG    Best Sigma0: 0.5. Best sigma: 1 Best gamma: 10. Best Test accuracy: 0.101. Train acc: 0.10228333333333334. 

09-11 23:28 DEBUG    PDM_KL log: {(0.5, 1, 10): {'shapes': [(784, 546), (546,), (546, 145), (145,), (145, 145), (145,), (145, 136), (136,), (136, 127), (127,), (127, 10), (10,)], 'train_accuracy': 0.10228333333333334, 'test_accuracy': 0.101}} 
09-11 23:31 DEBUG    ****** PDM_KL matching ******** 
09-11 23:31 DEBUG    Best Sigma0: 0.5. Best sigma: 1 Best gamma: 10. Best Test accuracy: 0.1025. Train acc: 0.10225. 

09-11 23:31 DEBUG    PDM_KL log: {(0.5, 1, 10): {'shapes': [(784, 270), (270,), (270, 172), (172,), (172, 163), (163,), (163, 154), (154,), (154, 127), (127,), (127, 10), (10,)], 'train_accuracy': 0.10225, 'test_accuracy': 0.1025}} 
09-11 23:33 DEBUG    ****** PDM_KL matching ******** 
09-11 23:33 DEBUG    Best Sigma0: 0.5. Best sigma: 1 Best gamma: 10. Best Test accuracy: 0.1032. Train acc: 0.0993. 

09-11 23:33 DEBUG    PDM_KL log: {(0.5, 1, 10): {'shapes': [(784, 231), (231,), (231, 199), (199,), (199, 198), (198,), (198, 181), (181,), (181, 136), (136,), (136, 10), (10,)], 'train_accuracy': 0.0993, 'test_accuracy': 0.1032}} 
09-11 23:33 DEBUG    Trial 8 completed
09-11 23:33 DEBUG    ####################################################################################################
09-11 23:33 DEBUG    ####################################################################################################
09-11 23:33 DEBUG    Executing Trial 9 with seed 9
09-11 23:33 DEBUG    Data statistics: {0: {0: 251, 1: 342, 2: 225, 3: 12, 4: 59, 5: 1486, 7: 17, 8: 992, 9: 515}, 1: {0: 2028, 1: 470, 2: 201, 3: 1226, 4: 192, 5: 1, 6: 1978}, 2: {0: 214, 1: 2029, 2: 634, 3: 13, 4: 480, 5: 908, 6: 383, 7: 405, 8: 682, 9: 68}, 3: {0: 401, 1: 121, 2: 45, 3: 1, 4: 537, 5: 16, 6: 263, 7: 47, 8: 1461, 9: 32}, 4: {0: 544, 1: 735, 2: 2801, 3: 44, 4: 169, 5: 636, 6: 48, 7: 1110}, 5: {0: 1374, 1: 844, 2: 661, 3: 90, 4: 363, 5: 194, 7: 3969}, 6: {0: 75, 1: 2184, 2: 333, 3: 845, 4: 2294, 5: 192, 6: 600}, 7: {0: 447, 1: 11, 2: 21, 3: 39, 5: 309, 6: 775, 7: 297, 8: 19, 9: 5334}, 8: {0: 112, 1: 5, 2: 4, 3: 3816, 4: 7, 5: 851, 6: 1183, 7: 112}, 9: {0: 477, 1: 1, 2: 1033, 3: 45, 4: 1741, 5: 828, 6: 688, 7: 308, 8: 2697}}
09-11 23:34 DEBUG    **************************************************
09-11 23:34 DEBUG    Running experiments 

09-11 23:34 DEBUG    Uniform ensemble (Train acc): 0.863850
09-11 23:34 DEBUG    Uniform ensemble (Test acc): 0.857300
09-11 23:34 DEBUG    FedAvg (Train acc): 0.099300
09-11 23:34 DEBUG    FedAvg (Test acc): 0.103200
09-11 23:35 DEBUG    ****** PDM_KL matching ******** 
09-11 23:35 DEBUG    Best Sigma0: 0.5. Best sigma: 1 Best gamma: 10. Best Test accuracy: 0.0892. Train acc: 0.09035. 

09-11 23:35 DEBUG    PDM_KL log: {(0.5, 1, 10): {'shapes': [(784, 258), (258,), (258, 118), (118,), (118, 118), (118,), (118, 118), (118,), (118, 109), (109,), (109, 10), (10,)], 'train_accuracy': 0.09035, 'test_accuracy': 0.0892}} 
09-11 23:37 DEBUG    ****** PDM_KL matching ******** 
09-11 23:37 DEBUG    Best Sigma0: 0.5. Best sigma: 1 Best gamma: 10. Best Test accuracy: 0.0892. Train acc: 0.09035. 

09-11 23:37 DEBUG    PDM_KL log: {(0.5, 1, 10): {'shapes': [(784, 257), (257,), (257, 118), (118,), (118, 118), (118,), (118, 118), (118,), (118, 109), (109,), (109, 10), (10,)], 'train_accuracy': 0.09035, 'test_accuracy': 0.0892}} 
09-11 23:38 DEBUG    ****** PDM_KL matching ******** 
09-11 23:38 DEBUG    Best Sigma0: 0.5. Best sigma: 1 Best gamma: 10. Best Test accuracy: 0.0892. Train acc: 0.09035. 

09-11 23:38 DEBUG    PDM_KL log: {(0.5, 1, 10): {'shapes': [(784, 253), (253,), (253, 127), (127,), (127, 118), (118,), (118, 118), (118,), (118, 109), (109,), (109, 10), (10,)], 'train_accuracy': 0.09035, 'test_accuracy': 0.0892}} 
09-11 23:40 DEBUG    ****** PDM_KL matching ******** 
09-11 23:40 DEBUG    Best Sigma0: 0.5. Best sigma: 1 Best gamma: 10. Best Test accuracy: 0.0956. Train acc: 0.0952. 

09-11 23:40 DEBUG    PDM_KL log: {(0.5, 1, 10): {'shapes': [(784, 254), (254,), (254, 127), (127,), (127, 127), (127,), (127, 118), (118,), (118, 109), (109,), (109, 10), (10,)], 'train_accuracy': 0.0952, 'test_accuracy': 0.0956}} 
09-11 23:42 DEBUG    ****** PDM_KL matching ******** 
09-11 23:42 DEBUG    Best Sigma0: 0.5. Best sigma: 1 Best gamma: 10. Best Test accuracy: 0.0892. Train acc: 0.09035. 

09-11 23:42 DEBUG    PDM_KL log: {(0.5, 1, 10): {'shapes': [(784, 262), (262,), (262, 118), (118,), (118, 127), (127,), (127, 127), (127,), (127, 109), (109,), (109, 10), (10,)], 'train_accuracy': 0.09035, 'test_accuracy': 0.0892}} 
09-11 23:43 DEBUG    ****** PDM_KL matching ******** 
09-11 23:43 DEBUG    Best Sigma0: 0.5. Best sigma: 1 Best gamma: 10. Best Test accuracy: 0.1244. Train acc: 0.12346666666666667. 

09-11 23:43 DEBUG    PDM_KL log: {(0.5, 1, 10): {'shapes': [(784, 265), (265,), (265, 127), (127,), (127, 127), (127,), (127, 118), (118,), (118, 109), (109,), (109, 10), (10,)], 'train_accuracy': 0.12346666666666667, 'test_accuracy': 0.1244}} 
09-11 23:46 DEBUG    ****** PDM_KL matching ******** 
09-11 23:46 DEBUG    Best Sigma0: 0.5. Best sigma: 1 Best gamma: 10. Best Test accuracy: 0.1657. Train acc: 0.16298333333333334. 

09-11 23:46 DEBUG    PDM_KL log: {(0.5, 1, 10): {'shapes': [(784, 355), (355,), (355, 127), (127,), (127, 127), (127,), (127, 127), (127,), (127, 109), (109,), (109, 10), (10,)], 'train_accuracy': 0.16298333333333334, 'test_accuracy': 0.1657}} 
09-11 23:50 DEBUG    ****** PDM_KL matching ******** 
09-11 23:50 DEBUG    Best Sigma0: 0.5. Best sigma: 1 Best gamma: 10. Best Test accuracy: 0.1727. Train acc: 0.16728333333333334. 

09-11 23:50 DEBUG    PDM_KL log: {(0.5, 1, 10): {'shapes': [(784, 494), (494,), (494, 127), (127,), (127, 127), (127,), (127, 127), (127,), (127, 118), (118,), (118, 10), (10,)], 'train_accuracy': 0.16728333333333334, 'test_accuracy': 0.1727}} 
09-11 23:53 DEBUG    ****** PDM_KL matching ******** 
09-11 23:53 DEBUG    Best Sigma0: 0.5. Best sigma: 1 Best gamma: 10. Best Test accuracy: 0.0982. Train acc: 0.09736666666666667. 

09-11 23:53 DEBUG    PDM_KL log: {(0.5, 1, 10): {'shapes': [(784, 530), (530,), (530, 145), (145,), (145, 136), (136,), (136, 136), (136,), (136, 127), (127,), (127, 10), (10,)], 'train_accuracy': 0.09736666666666667, 'test_accuracy': 0.0982}} 
09-11 23:56 DEBUG    ****** PDM_KL matching ******** 
09-11 23:56 DEBUG    Best Sigma0: 0.5. Best sigma: 1 Best gamma: 10. Best Test accuracy: 0.0982. Train acc: 0.09736666666666667. 

09-11 23:56 DEBUG    PDM_KL log: {(0.5, 1, 10): {'shapes': [(784, 303), (303,), (303, 172), (172,), (172, 154), (154,), (154, 145), (145,), (145, 127), (127,), (127, 10), (10,)], 'train_accuracy': 0.09736666666666667, 'test_accuracy': 0.0982}} 
09-11 23:58 DEBUG    ****** PDM_KL matching ******** 
09-11 23:58 DEBUG    Best Sigma0: 0.5. Best sigma: 1 Best gamma: 10. Best Test accuracy: 0.1032. Train acc: 0.0993. 

09-11 23:58 DEBUG    PDM_KL log: {(0.5, 1, 10): {'shapes': [(784, 245), (245,), (245, 206), (206,), (206, 190), (190,), (190, 163), (163,), (163, 136), (136,), (136, 10), (10,)], 'train_accuracy': 0.0993, 'test_accuracy': 0.1032}} 
09-11 23:58 DEBUG    Trial 9 completed
09-11 23:58 DEBUG    ####################################################################################################
