09-13 12:00 DEBUG    Experiment arguments: Namespace(alpha=0.5, communication_rounds=None, datadir='data/mnist', dataset='mnist', device=1.0, dropout_p=0.0, epochs=10, experiment=['all'], init_seed=0, iter_epochs=5, layers=0, loaddir='saved_weights/mnist/hetero-dir', logdir='KL_regs_bst_hyp/mnist/hetero-dir', lr=0.01, lr_decay=1.0, n=30, n_layers=1, n_nets=25, net_config=[784, 100, 10], num_pool_workers=7, partition='hetero-dir', pdm_gamma=1, pdm_sig=0.9, pdm_sig0=3, reg=1e-06, reg_fac=0.0, trials=10)
09-13 12:00 DEBUG    ####################################################################################################
09-13 12:00 DEBUG    Executing Trial 0 with seed 0
09-13 12:00 DEBUG    Data statistics: {0: {0: 193, 1: 300, 2: 32, 3: 420, 4: 67, 5: 5, 6: 1185, 7: 48, 8: 1002}, 1: {0: 263, 2: 76, 3: 16, 4: 1546, 5: 469, 6: 77}, 2: {0: 247, 1: 565, 2: 625, 3: 923, 4: 450}, 3: {0: 76, 1: 63, 2: 13, 3: 153, 4: 228, 5: 246, 6: 1, 7: 328, 8: 171, 9: 145}, 4: {0: 77, 1: 130, 2: 296, 3: 46, 4: 228, 5: 5, 6: 39, 7: 1, 8: 2041}, 5: {0: 33, 1: 707, 2: 125, 3: 204, 4: 63, 5: 32, 6: 715, 7: 260, 8: 733}, 6: {0: 459, 1: 697, 2: 827, 3: 243, 4: 35, 5: 126, 6: 95}, 7: {0: 177, 1: 197, 2: 409, 3: 307, 4: 67, 5: 582, 6: 16, 7: 652}, 8: {0: 76, 1: 7, 2: 3, 3: 293, 4: 9, 5: 249, 6: 17, 7: 370, 8: 3, 9: 536}, 9: {0: 298, 1: 223, 3: 705, 4: 159, 5: 450, 6: 503, 7: 75}, 10: {0: 1073, 1: 209, 2: 36, 3: 213, 4: 113, 5: 35, 6: 743}, 11: {0: 8, 1: 5, 3: 38, 4: 1044, 5: 3, 6: 898, 8: 1, 9: 95}, 12: {0: 92, 1: 389, 2: 100, 3: 192, 4: 9, 5: 37, 6: 225, 7: 103, 8: 459, 9: 758}, 13: {0: 1, 1: 739, 2: 92, 3: 55, 4: 40, 5: 90, 6: 46, 7: 30, 8: 337, 9: 791}, 14: {0: 1, 3: 153, 4: 104, 5: 386, 6: 56, 7: 241, 8: 463, 9: 1139}, 15: {0: 45, 1: 78, 2: 101, 3: 143, 4: 9, 5: 175, 6: 126, 7: 2149}, 16: {0: 178, 1: 171, 2: 142, 3: 120, 4: 1, 5: 84, 6: 33, 7: 77, 8: 212, 9: 172}, 17: {0: 130, 1: 354, 2: 838, 3: 148, 5: 327, 6: 310, 7: 760}, 18: {1: 246, 2: 73, 3: 487, 4: 76, 6: 228, 7: 11, 8: 17, 9: 1}, 19: {0: 7, 1: 108, 2: 470, 3: 365, 4: 783, 5: 62, 6: 52, 7: 5, 8: 290, 9: 1024}, 20: {0: 754, 1: 374, 2: 1046, 4: 183, 5: 649}, 21: {1: 187, 2: 174, 3: 61, 4: 14, 5: 741, 6: 535, 7: 1071}, 22: {0: 12, 1: 61, 2: 23, 3: 776, 4: 584, 5: 601, 6: 15, 7: 53, 8: 70, 9: 1089}, 23: {0: 1435, 1: 838, 2: 330}, 24: {0: 288, 1: 94, 2: 127, 3: 70, 4: 30, 5: 67, 6: 3, 7: 31, 8: 52, 9: 199}}
09-13 12:01 DEBUG    **************************************************
09-13 12:01 DEBUG    Running experiments 

09-13 12:02 DEBUG    Uniform ensemble (Train acc): 0.918467
09-13 12:02 DEBUG    Uniform ensemble (Test acc): 0.913800
09-13 12:02 DEBUG    FedAvg (Train acc): 0.196217
09-13 12:02 DEBUG    FedAvg (Test acc): 0.195300
09-13 12:24 DEBUG    ****** PDM_KL matching ******** 
09-13 12:24 DEBUG    Best Sigma0: 3. Best sigma: 0.9 Best gamma: 1. Best Test accuracy: 0.8339. Train acc: 0.83375. 

09-13 12:24 DEBUG    PDM_KL log: {(3, 0.9, 1): {'shapes': [(784, 700), (700,), (700, 10), (10,)], 'train_accuracy': 0.83375, 'test_accuracy': 0.8339}} 
09-13 13:08 DEBUG    ****** PDM_KL matching ******** 
09-13 13:08 DEBUG    Best Sigma0: 3. Best sigma: 0.9 Best gamma: 1. Best Test accuracy: 0.8292. Train acc: 0.8323333333333334. 

09-13 13:08 DEBUG    PDM_KL log: {(3, 0.9, 1): {'shapes': [(784, 700), (700,), (700, 10), (10,)], 'train_accuracy': 0.8323333333333334, 'test_accuracy': 0.8292}} 
09-13 13:52 DEBUG    ****** PDM_KL matching ******** 
09-13 13:52 DEBUG    Best Sigma0: 3. Best sigma: 0.9 Best gamma: 1. Best Test accuracy: 0.8352. Train acc: 0.8358. 

09-13 13:52 DEBUG    PDM_KL log: {(3, 0.9, 1): {'shapes': [(784, 700), (700,), (700, 10), (10,)], 'train_accuracy': 0.8358, 'test_accuracy': 0.8352}} 
09-13 14:33 DEBUG    ****** PDM_KL matching ******** 
09-13 14:33 DEBUG    Best Sigma0: 3. Best sigma: 0.9 Best gamma: 1. Best Test accuracy: 0.8311. Train acc: 0.83395. 

09-13 14:33 DEBUG    PDM_KL log: {(3, 0.9, 1): {'shapes': [(784, 702), (702,), (702, 10), (10,)], 'train_accuracy': 0.83395, 'test_accuracy': 0.8311}} 
09-13 15:13 DEBUG    ****** PDM_KL matching ******** 
09-13 15:13 DEBUG    Best Sigma0: 3. Best sigma: 0.9 Best gamma: 1. Best Test accuracy: 0.8289. Train acc: 0.8307. 

09-13 15:13 DEBUG    PDM_KL log: {(3, 0.9, 1): {'shapes': [(784, 700), (700,), (700, 10), (10,)], 'train_accuracy': 0.8307, 'test_accuracy': 0.8289}} 
09-13 15:53 DEBUG    ****** PDM_KL matching ******** 
09-13 15:53 DEBUG    Best Sigma0: 3. Best sigma: 0.9 Best gamma: 1. Best Test accuracy: 0.8342. Train acc: 0.83515. 

09-13 15:53 DEBUG    PDM_KL log: {(3, 0.9, 1): {'shapes': [(784, 700), (700,), (700, 10), (10,)], 'train_accuracy': 0.83515, 'test_accuracy': 0.8342}} 
09-13 16:18 DEBUG    ****** PDM_KL matching ******** 
09-13 16:18 DEBUG    Best Sigma0: 3. Best sigma: 0.9 Best gamma: 1. Best Test accuracy: 0.8333. Train acc: 0.8362666666666667. 

09-13 16:18 DEBUG    PDM_KL log: {(3, 0.9, 1): {'shapes': [(784, 517), (517,), (517, 10), (10,)], 'train_accuracy': 0.8362666666666667, 'test_accuracy': 0.8333}} 
09-13 16:27 DEBUG    ****** PDM_KL matching ******** 
09-13 16:27 DEBUG    Best Sigma0: 3. Best sigma: 0.9 Best gamma: 1. Best Test accuracy: 0.7788. Train acc: 0.7851833333333333. 

09-13 16:27 DEBUG    PDM_KL log: {(3, 0.9, 1): {'shapes': [(784, 161), (161,), (161, 10), (10,)], 'train_accuracy': 0.7851833333333333, 'test_accuracy': 0.7788}} 
09-13 16:35 DEBUG    ****** PDM_KL matching ******** 
09-13 16:35 DEBUG    Best Sigma0: 3. Best sigma: 0.9 Best gamma: 1. Best Test accuracy: 0.7323. Train acc: 0.7366666666666667. 

09-13 16:35 DEBUG    PDM_KL log: {(3, 0.9, 1): {'shapes': [(784, 110), (110,), (110, 10), (10,)], 'train_accuracy': 0.7366666666666667, 'test_accuracy': 0.7323}} 
09-13 16:42 DEBUG    ****** PDM_KL matching ******** 
09-13 16:42 DEBUG    Best Sigma0: 3. Best sigma: 0.9 Best gamma: 1. Best Test accuracy: 0.0892. Train acc: 0.09035. 

09-13 16:42 DEBUG    PDM_KL log: {(3, 0.9, 1): {'shapes': [(784, 100), (100,), (100, 10), (10,)], 'train_accuracy': 0.09035, 'test_accuracy': 0.0892}} 
09-13 16:48 DEBUG    ****** PDM_KL matching ******** 
09-13 16:48 DEBUG    Best Sigma0: 3. Best sigma: 0.9 Best gamma: 1. Best Test accuracy: 0.0892. Train acc: 0.09035. 

09-13 16:48 DEBUG    PDM_KL log: {(3, 0.9, 1): {'shapes': [(784, 100), (100,), (100, 10), (10,)], 'train_accuracy': 0.09035, 'test_accuracy': 0.0892}} 
09-13 16:48 DEBUG    Trial 0 completed
09-13 16:48 DEBUG    ####################################################################################################
09-13 16:48 DEBUG    ####################################################################################################
09-13 16:48 DEBUG    Executing Trial 1 with seed 1
09-13 16:48 DEBUG    Data statistics: {0: {0: 125, 1: 258, 2: 71, 3: 185, 4: 87, 5: 44, 6: 339, 7: 963, 8: 11, 9: 73}, 1: {0: 17, 1: 450, 2: 148, 3: 108, 4: 432, 5: 215, 6: 4, 7: 480, 8: 605}, 2: {0: 864, 1: 1535, 2: 1808}, 3: {0: 153, 1: 148, 2: 305, 4: 4, 5: 171, 6: 88, 7: 29, 8: 822, 9: 426}, 4: {0: 84, 1: 52, 2: 48, 3: 340, 4: 288, 5: 1, 6: 483, 7: 96, 8: 4, 9: 1338}, 5: {0: 1466, 1: 324, 2: 333, 3: 2, 4: 31, 5: 30, 6: 178, 7: 33, 8: 373}, 6: {0: 65, 1: 94, 2: 422, 3: 65, 4: 80, 5: 96, 6: 5, 8: 22, 9: 272}, 7: {0: 14, 1: 134, 2: 51, 3: 127, 4: 320, 5: 454, 6: 316, 7: 703, 8: 26, 9: 26}, 8: {0: 2, 1: 7, 2: 69, 3: 250, 4: 848, 5: 373, 6: 58, 7: 180, 8: 8, 9: 13}, 9: {0: 204, 1: 12, 2: 126, 3: 45, 4: 94, 5: 461, 6: 1, 7: 1419, 8: 5, 9: 723}, 10: {0: 170, 1: 169, 2: 1191, 3: 406, 4: 268, 5: 551}, 11: {0: 300, 1: 26, 2: 10, 3: 785, 4: 85, 5: 79, 6: 309, 7: 8, 8: 957}, 12: {0: 29, 1: 140, 2: 122, 3: 641, 4: 7, 5: 74, 6: 153, 7: 195, 8: 17, 9: 333}, 13: {0: 111, 1: 78, 2: 2, 3: 41, 4: 299, 5: 38, 6: 76, 7: 4, 8: 831, 9: 39}, 14: {0: 112, 1: 330, 2: 242, 3: 50, 4: 53, 5: 36, 6: 24, 7: 353, 8: 7, 9: 1490}, 15: {0: 1171, 1: 147, 2: 37, 3: 92, 4: 37, 5: 17, 6: 9, 7: 272, 8: 442, 9: 503}, 16: {0: 1, 1: 233, 2: 503, 3: 231, 4: 824, 5: 800}, 17: {0: 3, 1: 143, 2: 3, 3: 21, 4: 105, 5: 379, 6: 876, 7: 51, 8: 478, 9: 138}, 18: {0: 5, 1: 178, 2: 71, 3: 286, 4: 42, 5: 6, 6: 74, 7: 757, 8: 210, 9: 376}, 19: {1: 198, 2: 44, 3: 270, 4: 82, 5: 51, 6: 188, 7: 1, 8: 49, 9: 196}, 20: {0: 80, 1: 410, 2: 91, 3: 1182, 4: 500, 5: 70, 6: 910}, 21: {0: 290, 1: 35, 2: 1, 3: 62, 4: 884, 5: 135, 6: 677, 7: 251, 8: 830}, 22: {0: 395, 1: 106, 2: 26, 3: 36, 4: 25, 5: 561, 6: 799, 7: 400, 8: 74}, 23: {0: 1, 1: 1005, 2: 99, 3: 358, 4: 328, 5: 580, 6: 176}, 24: {0: 261, 1: 530, 2: 135, 3: 548, 4: 119, 5: 199, 6: 175, 7: 70, 8: 80, 9: 3}}
09-13 16:51 DEBUG    **************************************************
09-13 16:51 DEBUG    Running experiments 

09-13 16:53 DEBUG    Uniform ensemble (Train acc): 0.937317
09-13 16:53 DEBUG    Uniform ensemble (Test acc): 0.935800
09-13 16:54 DEBUG    FedAvg (Train acc): 0.091417
09-13 16:54 DEBUG    FedAvg (Test acc): 0.090100
09-13 17:15 DEBUG    ****** PDM_KL matching ******** 
09-13 17:15 DEBUG    Best Sigma0: 3. Best sigma: 0.9 Best gamma: 1. Best Test accuracy: 0.8758. Train acc: 0.8753333333333333. 

09-13 17:15 DEBUG    PDM_KL log: {(3, 0.9, 1): {'shapes': [(784, 700), (700,), (700, 10), (10,)], 'train_accuracy': 0.8753333333333333, 'test_accuracy': 0.8758}} 
09-13 17:52 DEBUG    ****** PDM_KL matching ******** 
09-13 17:52 DEBUG    Best Sigma0: 3. Best sigma: 0.9 Best gamma: 1. Best Test accuracy: 0.8618. Train acc: 0.8649666666666667. 

09-13 17:52 DEBUG    PDM_KL log: {(3, 0.9, 1): {'shapes': [(784, 701), (701,), (701, 10), (10,)], 'train_accuracy': 0.8649666666666667, 'test_accuracy': 0.8618}} 
09-13 18:28 DEBUG    ****** PDM_KL matching ******** 
09-13 18:28 DEBUG    Best Sigma0: 3. Best sigma: 0.9 Best gamma: 1. Best Test accuracy: 0.8742. Train acc: 0.8763. 

09-13 18:28 DEBUG    PDM_KL log: {(3, 0.9, 1): {'shapes': [(784, 700), (700,), (700, 10), (10,)], 'train_accuracy': 0.8763, 'test_accuracy': 0.8742}} 
09-13 19:13 DEBUG    ****** PDM_KL matching ******** 
09-13 19:13 DEBUG    Best Sigma0: 3. Best sigma: 0.9 Best gamma: 1. Best Test accuracy: 0.8745. Train acc: 0.8763666666666666. 

09-13 19:13 DEBUG    PDM_KL log: {(3, 0.9, 1): {'shapes': [(784, 700), (700,), (700, 10), (10,)], 'train_accuracy': 0.8763666666666666, 'test_accuracy': 0.8745}} 
09-13 19:51 DEBUG    ****** PDM_KL matching ******** 
09-13 19:51 DEBUG    Best Sigma0: 3. Best sigma: 0.9 Best gamma: 1. Best Test accuracy: 0.8648. Train acc: 0.8659166666666667. 

09-13 19:51 DEBUG    PDM_KL log: {(3, 0.9, 1): {'shapes': [(784, 700), (700,), (700, 10), (10,)], 'train_accuracy': 0.8659166666666667, 'test_accuracy': 0.8648}} 
09-13 20:25 DEBUG    ****** PDM_KL matching ******** 
09-13 20:25 DEBUG    Best Sigma0: 3. Best sigma: 0.9 Best gamma: 1. Best Test accuracy: 0.8748. Train acc: 0.87435. 

09-13 20:25 DEBUG    PDM_KL log: {(3, 0.9, 1): {'shapes': [(784, 700), (700,), (700, 10), (10,)], 'train_accuracy': 0.87435, 'test_accuracy': 0.8748}} 
09-13 20:53 DEBUG    ****** PDM_KL matching ******** 
09-13 20:53 DEBUG    Best Sigma0: 3. Best sigma: 0.9 Best gamma: 1. Best Test accuracy: 0.8734. Train acc: 0.8709666666666667. 

09-13 20:53 DEBUG    PDM_KL log: {(3, 0.9, 1): {'shapes': [(784, 514), (514,), (514, 10), (10,)], 'train_accuracy': 0.8709666666666667, 'test_accuracy': 0.8734}} 
09-13 21:00 DEBUG    ****** PDM_KL matching ******** 
09-13 21:00 DEBUG    Best Sigma0: 3. Best sigma: 0.9 Best gamma: 1. Best Test accuracy: 0.821. Train acc: 0.8266. 

09-13 21:00 DEBUG    PDM_KL log: {(3, 0.9, 1): {'shapes': [(784, 155), (155,), (155, 10), (10,)], 'train_accuracy': 0.8266, 'test_accuracy': 0.821}} 
09-13 21:07 DEBUG    ****** PDM_KL matching ******** 
09-13 21:07 DEBUG    Best Sigma0: 3. Best sigma: 0.9 Best gamma: 1. Best Test accuracy: 0.7492. Train acc: 0.7456333333333334. 

09-13 21:07 DEBUG    PDM_KL log: {(3, 0.9, 1): {'shapes': [(784, 109), (109,), (109, 10), (10,)], 'train_accuracy': 0.7456333333333334, 'test_accuracy': 0.7492}} 
09-13 21:12 DEBUG    ****** PDM_KL matching ******** 
09-13 21:12 DEBUG    Best Sigma0: 3. Best sigma: 0.9 Best gamma: 1. Best Test accuracy: 0.1032. Train acc: 0.0993. 

09-13 21:12 DEBUG    PDM_KL log: {(3, 0.9, 1): {'shapes': [(784, 100), (100,), (100, 10), (10,)], 'train_accuracy': 0.0993, 'test_accuracy': 0.1032}} 
09-13 21:17 DEBUG    ****** PDM_KL matching ******** 
09-13 21:17 DEBUG    Best Sigma0: 3. Best sigma: 0.9 Best gamma: 1. Best Test accuracy: 0.1032. Train acc: 0.0993. 

09-13 21:17 DEBUG    PDM_KL log: {(3, 0.9, 1): {'shapes': [(784, 100), (100,), (100, 10), (10,)], 'train_accuracy': 0.0993, 'test_accuracy': 0.1032}} 
09-13 21:17 DEBUG    Trial 1 completed
09-13 21:17 DEBUG    ####################################################################################################
09-13 21:17 DEBUG    ####################################################################################################
09-13 21:17 DEBUG    Executing Trial 2 with seed 2
09-13 21:17 DEBUG    Data statistics: {0: {0: 553, 2: 756, 3: 131, 4: 58, 5: 997}, 1: {0: 90, 1: 234, 2: 71, 3: 216, 4: 502, 5: 76, 6: 4, 7: 48, 8: 25, 9: 54}, 2: {0: 498, 1: 370, 2: 57, 3: 696, 4: 372, 5: 5, 6: 50, 7: 1, 8: 376}, 3: {0: 24, 1: 5, 2: 7, 3: 889, 4: 113, 5: 301, 6: 600, 8: 4, 9: 357}, 4: {0: 346, 1: 4, 2: 9, 3: 1, 4: 349, 5: 10, 6: 2147}, 5: {0: 129, 1: 10, 2: 2, 3: 88, 4: 107, 6: 77, 7: 503, 8: 50, 9: 1443}, 6: {0: 70, 1: 16, 2: 11, 3: 1, 4: 848, 5: 178, 6: 79, 7: 1353}, 7: {0: 1, 1: 149, 2: 95, 3: 6, 4: 6, 5: 6, 6: 202, 7: 141, 8: 2346}, 8: {0: 345, 1: 737, 2: 95, 3: 373, 4: 57, 5: 1, 6: 223, 7: 582}, 9: {0: 1, 1: 99, 2: 2, 3: 43, 4: 5, 5: 780, 6: 110, 7: 425, 8: 619, 9: 1276}, 10: {0: 31, 1: 325, 2: 6, 3: 29, 4: 31, 5: 558, 6: 307, 7: 416, 8: 135, 9: 2315}, 11: {0: 136, 1: 16, 2: 789, 3: 157, 4: 9, 5: 114, 6: 174, 7: 15, 8: 170}, 12: {0: 61, 1: 383, 2: 412, 3: 254, 4: 175, 5: 18, 6: 234, 7: 28, 8: 630, 9: 1}, 13: {0: 1313, 1: 899, 2: 226}, 14: {0: 403, 1: 662, 2: 9, 3: 149, 4: 777, 5: 457}, 15: {0: 69, 1: 199, 2: 306, 3: 122, 4: 164, 5: 32, 6: 148, 7: 1093, 8: 434}, 16: {1: 54, 2: 1414, 3: 1, 4: 394, 5: 608}, 17: {0: 22, 1: 201, 2: 1, 3: 899, 4: 1297}, 18: {1: 561, 2: 564, 3: 1189, 4: 78, 5: 123}, 19: {0: 88, 1: 96, 2: 277, 3: 20, 4: 92, 5: 159, 6: 175, 7: 559, 8: 148, 9: 171}, 20: {0: 68, 1: 541, 2: 48, 3: 163, 4: 1, 5: 36, 6: 1086, 7: 710}, 21: {0: 268, 1: 200, 2: 9, 3: 562, 4: 47, 5: 5, 6: 293, 7: 98, 8: 404, 9: 22}, 22: {0: 536, 1: 281, 2: 279, 4: 33, 5: 55, 7: 103, 8: 14, 9: 168}, 23: {0: 269, 1: 474, 2: 242, 3: 128, 4: 186, 5: 350, 6: 6, 7: 22, 8: 275, 9: 1}, 24: {0: 602, 1: 226, 2: 271, 3: 14, 4: 141, 5: 552, 6: 3, 7: 168, 8: 221, 9: 141}}
09-13 21:21 DEBUG    **************************************************
09-13 21:21 DEBUG    Running experiments 

09-13 21:23 DEBUG    Uniform ensemble (Train acc): 0.892650
09-13 21:23 DEBUG    Uniform ensemble (Test acc): 0.887600
09-13 21:24 DEBUG    FedAvg (Train acc): 0.108767
09-13 21:24 DEBUG    FedAvg (Test acc): 0.106900
09-13 21:46 DEBUG    ****** PDM_KL matching ******** 
09-13 21:46 DEBUG    Best Sigma0: 3. Best sigma: 0.9 Best gamma: 1. Best Test accuracy: 0.8494. Train acc: 0.8524. 

09-13 21:46 DEBUG    PDM_KL log: {(3, 0.9, 1): {'shapes': [(784, 700), (700,), (700, 10), (10,)], 'train_accuracy': 0.8524, 'test_accuracy': 0.8494}} 
09-13 22:17 DEBUG    ****** PDM_KL matching ******** 
09-13 22:17 DEBUG    Best Sigma0: 3. Best sigma: 0.9 Best gamma: 1. Best Test accuracy: 0.847. Train acc: 0.8499. 

09-13 22:17 DEBUG    PDM_KL log: {(3, 0.9, 1): {'shapes': [(784, 700), (700,), (700, 10), (10,)], 'train_accuracy': 0.8499, 'test_accuracy': 0.847}} 
09-13 22:51 DEBUG    ****** PDM_KL matching ******** 
09-13 22:51 DEBUG    Best Sigma0: 3. Best sigma: 0.9 Best gamma: 1. Best Test accuracy: 0.8479. Train acc: 0.851. 

09-13 22:51 DEBUG    PDM_KL log: {(3, 0.9, 1): {'shapes': [(784, 700), (700,), (700, 10), (10,)], 'train_accuracy': 0.851, 'test_accuracy': 0.8479}} 
09-13 23:23 DEBUG    ****** PDM_KL matching ******** 
09-13 23:23 DEBUG    Best Sigma0: 3. Best sigma: 0.9 Best gamma: 1. Best Test accuracy: 0.8471. Train acc: 0.8505833333333334. 

09-13 23:23 DEBUG    PDM_KL log: {(3, 0.9, 1): {'shapes': [(784, 700), (700,), (700, 10), (10,)], 'train_accuracy': 0.8505833333333334, 'test_accuracy': 0.8471}} 
09-13 23:52 DEBUG    ****** PDM_KL matching ******** 
09-13 23:52 DEBUG    Best Sigma0: 3. Best sigma: 0.9 Best gamma: 1. Best Test accuracy: 0.8491. Train acc: 0.8533166666666666. 

09-13 23:52 DEBUG    PDM_KL log: {(3, 0.9, 1): {'shapes': [(784, 699), (699,), (699, 10), (10,)], 'train_accuracy': 0.8533166666666666, 'test_accuracy': 0.8491}} 
09-14 00:29 DEBUG    ****** PDM_KL matching ******** 
09-14 00:29 DEBUG    Best Sigma0: 3. Best sigma: 0.9 Best gamma: 1. Best Test accuracy: 0.8498. Train acc: 0.8542. 

09-14 00:29 DEBUG    PDM_KL log: {(3, 0.9, 1): {'shapes': [(784, 700), (700,), (700, 10), (10,)], 'train_accuracy': 0.8542, 'test_accuracy': 0.8498}} 
09-14 00:54 DEBUG    ****** PDM_KL matching ******** 
09-14 00:54 DEBUG    Best Sigma0: 3. Best sigma: 0.9 Best gamma: 1. Best Test accuracy: 0.8553. Train acc: 0.8563166666666666. 

09-14 00:54 DEBUG    PDM_KL log: {(3, 0.9, 1): {'shapes': [(784, 438), (438,), (438, 10), (10,)], 'train_accuracy': 0.8563166666666666, 'test_accuracy': 0.8553}} 
09-14 01:03 DEBUG    ****** PDM_KL matching ******** 
09-14 01:03 DEBUG    Best Sigma0: 3. Best sigma: 0.9 Best gamma: 1. Best Test accuracy: 0.8066. Train acc: 0.80595. 

09-14 01:03 DEBUG    PDM_KL log: {(3, 0.9, 1): {'shapes': [(784, 143), (143,), (143, 10), (10,)], 'train_accuracy': 0.80595, 'test_accuracy': 0.8066}} 
09-14 01:11 DEBUG    ****** PDM_KL matching ******** 
09-14 01:11 DEBUG    Best Sigma0: 3. Best sigma: 0.9 Best gamma: 1. Best Test accuracy: 0.7359. Train acc: 0.7358333333333333. 

09-14 01:11 DEBUG    PDM_KL log: {(3, 0.9, 1): {'shapes': [(784, 107), (107,), (107, 10), (10,)], 'train_accuracy': 0.7358333333333333, 'test_accuracy': 0.7359}} 
09-14 01:16 DEBUG    ****** PDM_KL matching ******** 
09-14 01:16 DEBUG    Best Sigma0: 3. Best sigma: 0.9 Best gamma: 1. Best Test accuracy: 0.0892. Train acc: 0.09035. 

09-14 01:16 DEBUG    PDM_KL log: {(3, 0.9, 1): {'shapes': [(784, 100), (100,), (100, 10), (10,)], 'train_accuracy': 0.09035, 'test_accuracy': 0.0892}} 
09-14 01:22 DEBUG    ****** PDM_KL matching ******** 
09-14 01:22 DEBUG    Best Sigma0: 3. Best sigma: 0.9 Best gamma: 1. Best Test accuracy: 0.0892. Train acc: 0.09035. 

09-14 01:22 DEBUG    PDM_KL log: {(3, 0.9, 1): {'shapes': [(784, 100), (100,), (100, 10), (10,)], 'train_accuracy': 0.09035, 'test_accuracy': 0.0892}} 
09-14 01:22 DEBUG    Trial 2 completed
09-14 01:22 DEBUG    ####################################################################################################
09-14 01:22 DEBUG    ####################################################################################################
09-14 01:22 DEBUG    Executing Trial 3 with seed 3
09-14 01:22 DEBUG    Data statistics: {0: {0: 245, 1: 263, 2: 581, 3: 871, 4: 211, 5: 205, 6: 85}, 1: {0: 26, 1: 217, 2: 1226, 3: 876, 4: 59}, 2: {0: 2, 1: 204, 2: 3, 3: 553, 4: 512, 5: 43, 6: 164, 7: 1530}, 3: {0: 31, 1: 137, 2: 2, 3: 286, 4: 9, 6: 867, 7: 101, 8: 61, 9: 12}, 4: {0: 140, 1: 300, 2: 76, 3: 203, 4: 34, 5: 321, 6: 328, 7: 309, 8: 145, 9: 76}, 5: {0: 2053, 1: 165, 2: 48, 3: 3, 4: 171}, 6: {0: 830, 1: 2, 2: 378, 3: 19, 4: 452, 5: 24, 6: 52, 7: 180, 8: 108, 9: 4}, 7: {0: 13, 1: 745, 2: 416, 3: 255, 4: 63, 5: 526, 6: 317, 7: 43, 8: 1595}, 8: {0: 53, 1: 113, 2: 216, 3: 69, 4: 24, 5: 12, 6: 675, 7: 23, 8: 86, 9: 1970}, 9: {0: 99, 1: 182, 2: 312, 3: 7, 4: 5, 5: 102, 6: 307, 7: 5, 8: 121, 9: 37}, 10: {0: 178, 1: 58, 2: 12, 3: 742, 4: 1, 6: 90, 7: 5, 8: 222, 9: 1013}, 11: {0: 14, 1: 1638, 2: 381, 3: 393}, 12: {0: 64, 2: 81, 3: 148, 4: 699, 5: 327, 6: 568, 7: 837}, 13: {0: 249, 1: 5, 2: 248, 3: 37, 4: 219, 5: 1, 6: 329, 7: 11, 8: 59, 9: 12}, 14: {0: 379, 1: 832, 2: 25, 3: 250, 4: 896, 5: 1489}, 15: {0: 284, 1: 307, 2: 278, 3: 5, 5: 299, 6: 4, 7: 291, 8: 2, 9: 54}, 16: {0: 6, 1: 67, 3: 36, 4: 79, 5: 560, 6: 17, 7: 338, 8: 323, 9: 867}, 17: {0: 2, 2: 62, 3: 34, 4: 20, 6: 283, 7: 258, 8: 66, 9: 162}, 18: {0: 145, 1: 55, 2: 224, 3: 22, 4: 23, 5: 29, 6: 808, 7: 762, 8: 14, 9: 1428}, 19: {0: 18, 1: 20, 2: 88, 3: 195, 4: 328, 5: 491, 6: 138, 7: 113, 8: 1603}, 20: {0: 65, 1: 709, 2: 3, 3: 13, 4: 177, 5: 267, 6: 652, 7: 798}, 21: {0: 14, 2: 181, 3: 6, 4: 40, 5: 335, 6: 158, 7: 15, 8: 1440, 9: 288}, 22: {0: 683, 1: 43, 2: 452, 3: 788, 4: 776}, 23: {0: 322, 1: 305, 2: 619, 3: 242, 4: 522, 5: 44, 6: 47, 7: 617}, 24: {0: 8, 1: 375, 2: 46, 3: 78, 4: 522, 5: 346, 6: 29, 7: 29, 8: 6, 9: 26}}
09-14 01:26 DEBUG    **************************************************
09-14 01:26 DEBUG    Running experiments 

09-14 01:28 DEBUG    Uniform ensemble (Train acc): 0.909433
09-14 01:28 DEBUG    Uniform ensemble (Test acc): 0.907300
09-14 01:29 DEBUG    FedAvg (Train acc): 0.159367
09-14 01:29 DEBUG    FedAvg (Test acc): 0.160300
09-14 01:48 DEBUG    ****** PDM_KL matching ******** 
09-14 01:48 DEBUG    Best Sigma0: 3. Best sigma: 0.9 Best gamma: 1. Best Test accuracy: 0.846. Train acc: 0.84775. 

09-14 01:48 DEBUG    PDM_KL log: {(3, 0.9, 1): {'shapes': [(784, 701), (701,), (701, 10), (10,)], 'train_accuracy': 0.84775, 'test_accuracy': 0.846}} 
09-14 02:21 DEBUG    ****** PDM_KL matching ******** 
09-14 02:21 DEBUG    Best Sigma0: 3. Best sigma: 0.9 Best gamma: 1. Best Test accuracy: 0.8467. Train acc: 0.8510833333333333. 

09-14 02:21 DEBUG    PDM_KL log: {(3, 0.9, 1): {'shapes': [(784, 701), (701,), (701, 10), (10,)], 'train_accuracy': 0.8510833333333333, 'test_accuracy': 0.8467}} 
09-14 02:49 DEBUG    ****** PDM_KL matching ******** 
09-14 02:49 DEBUG    Best Sigma0: 3. Best sigma: 0.9 Best gamma: 1. Best Test accuracy: 0.8479. Train acc: 0.8516666666666667. 

09-14 02:49 DEBUG    PDM_KL log: {(3, 0.9, 1): {'shapes': [(784, 700), (700,), (700, 10), (10,)], 'train_accuracy': 0.8516666666666667, 'test_accuracy': 0.8479}} 
09-14 03:19 DEBUG    ****** PDM_KL matching ******** 
09-14 03:19 DEBUG    Best Sigma0: 3. Best sigma: 0.9 Best gamma: 1. Best Test accuracy: 0.8382. Train acc: 0.8428833333333333. 

09-14 03:19 DEBUG    PDM_KL log: {(3, 0.9, 1): {'shapes': [(784, 700), (700,), (700, 10), (10,)], 'train_accuracy': 0.8428833333333333, 'test_accuracy': 0.8382}} 
09-14 03:53 DEBUG    ****** PDM_KL matching ******** 
09-14 03:53 DEBUG    Best Sigma0: 3. Best sigma: 0.9 Best gamma: 1. Best Test accuracy: 0.8456. Train acc: 0.84825. 

09-14 03:53 DEBUG    PDM_KL log: {(3, 0.9, 1): {'shapes': [(784, 698), (698,), (698, 10), (10,)], 'train_accuracy': 0.84825, 'test_accuracy': 0.8456}} 
09-14 04:32 DEBUG    ****** PDM_KL matching ******** 
09-14 04:32 DEBUG    Best Sigma0: 3. Best sigma: 0.9 Best gamma: 1. Best Test accuracy: 0.8436. Train acc: 0.84585. 

09-14 04:32 DEBUG    PDM_KL log: {(3, 0.9, 1): {'shapes': [(784, 697), (697,), (697, 10), (10,)], 'train_accuracy': 0.84585, 'test_accuracy': 0.8436}} 
09-14 04:55 DEBUG    ****** PDM_KL matching ******** 
09-14 04:55 DEBUG    Best Sigma0: 3. Best sigma: 0.9 Best gamma: 1. Best Test accuracy: 0.8519. Train acc: 0.8527833333333333. 

09-14 04:55 DEBUG    PDM_KL log: {(3, 0.9, 1): {'shapes': [(784, 454), (454,), (454, 10), (10,)], 'train_accuracy': 0.8527833333333333, 'test_accuracy': 0.8519}} 
09-14 05:02 DEBUG    ****** PDM_KL matching ******** 
09-14 05:02 DEBUG    Best Sigma0: 3. Best sigma: 0.9 Best gamma: 1. Best Test accuracy: 0.7696. Train acc: 0.77635. 

09-14 05:02 DEBUG    PDM_KL log: {(3, 0.9, 1): {'shapes': [(784, 147), (147,), (147, 10), (10,)], 'train_accuracy': 0.77635, 'test_accuracy': 0.7696}} 
09-14 05:08 DEBUG    ****** PDM_KL matching ******** 
09-14 05:08 DEBUG    Best Sigma0: 3. Best sigma: 0.9 Best gamma: 1. Best Test accuracy: 0.7312. Train acc: 0.7298833333333333. 

09-14 05:08 DEBUG    PDM_KL log: {(3, 0.9, 1): {'shapes': [(784, 107), (107,), (107, 10), (10,)], 'train_accuracy': 0.7298833333333333, 'test_accuracy': 0.7312}} 
09-14 05:11 DEBUG    ****** PDM_KL matching ******** 
09-14 05:11 DEBUG    Best Sigma0: 3. Best sigma: 0.9 Best gamma: 1. Best Test accuracy: 0.0974. Train acc: 0.09751666666666667. 

09-14 05:11 DEBUG    PDM_KL log: {(3, 0.9, 1): {'shapes': [(784, 100), (100,), (100, 10), (10,)], 'train_accuracy': 0.09751666666666667, 'test_accuracy': 0.0974}} 
09-14 05:15 DEBUG    ****** PDM_KL matching ******** 
09-14 05:15 DEBUG    Best Sigma0: 3. Best sigma: 0.9 Best gamma: 1. Best Test accuracy: 0.0974. Train acc: 0.09751666666666667. 

09-14 05:15 DEBUG    PDM_KL log: {(3, 0.9, 1): {'shapes': [(784, 100), (100,), (100, 10), (10,)], 'train_accuracy': 0.09751666666666667, 'test_accuracy': 0.0974}} 
09-14 05:15 DEBUG    Trial 3 completed
09-14 05:15 DEBUG    ####################################################################################################
09-14 05:15 DEBUG    ####################################################################################################
09-14 05:15 DEBUG    Executing Trial 4 with seed 4
09-14 05:15 DEBUG    Data statistics: {0: {0: 151, 1: 46, 2: 72, 3: 282, 4: 352, 5: 446, 6: 221, 7: 412, 8: 1069}, 1: {0: 326, 1: 416, 2: 589, 3: 2, 4: 462, 5: 37, 6: 429, 7: 53, 8: 142}, 2: {0: 214, 1: 111, 2: 156, 3: 61, 4: 458, 5: 24, 6: 238, 7: 102, 8: 30}, 3: {0: 297, 1: 115, 2: 209, 3: 156, 4: 83, 5: 16, 6: 1184, 7: 1345}, 4: {0: 1, 1: 349, 2: 41, 3: 874, 4: 32, 5: 2240}, 5: {0: 111, 1: 281, 2: 271, 4: 15, 5: 214, 6: 94, 7: 5, 8: 166, 9: 333}, 6: {0: 55, 1: 9, 2: 21, 4: 216, 5: 355, 6: 242, 7: 1318, 8: 9, 9: 292}, 7: {0: 327, 1: 130, 2: 33, 3: 206, 4: 413, 5: 82, 6: 4, 7: 39, 8: 473, 9: 509}, 8: {0: 1201, 1: 19, 2: 283, 3: 6, 4: 435, 6: 194, 7: 17, 8: 7, 9: 1125}, 9: {0: 112, 1: 3, 2: 529, 3: 332, 4: 72, 5: 10, 6: 70, 7: 370, 8: 25, 9: 25}, 10: {0: 872, 1: 1467, 2: 177}, 11: {0: 610, 1: 52, 2: 14, 3: 344, 4: 1366, 5: 168}, 12: {0: 279, 1: 15, 2: 31, 3: 48, 4: 174, 5: 307, 6: 545, 7: 412, 8: 31, 9: 107}, 13: {0: 620, 1: 311, 2: 13, 3: 35, 4: 3, 5: 43, 6: 10, 7: 2, 8: 1177, 9: 145}, 14: {0: 122, 1: 2, 2: 469, 3: 17, 4: 4, 5: 377, 6: 65, 7: 6, 8: 605}, 15: {0: 57, 1: 319, 2: 679, 3: 1128, 4: 310}, 16: {0: 71, 1: 86, 2: 7, 3: 7, 4: 93, 5: 248, 6: 80, 7: 516, 9: 9}, 17: {0: 188, 1: 1565, 2: 1032}, 18: {0: 199, 1: 523, 2: 54, 3: 695, 4: 398, 5: 21, 6: 5, 7: 63, 8: 264, 9: 1153}, 19: {0: 1, 1: 438, 2: 18, 3: 527, 4: 2, 5: 360, 6: 39, 7: 800, 8: 629}, 20: {0: 91, 1: 368, 2: 551, 3: 2, 4: 187, 5: 4, 6: 98, 7: 143, 8: 220, 9: 96}, 21: {0: 2, 1: 96, 2: 441, 3: 296, 5: 12, 6: 789, 7: 115, 8: 822}, 22: {0: 15, 1: 3, 3: 208, 4: 3, 5: 148, 6: 659, 7: 135, 8: 55, 9: 1616}, 23: {1: 11, 2: 149, 3: 485, 4: 763, 5: 7, 6: 488, 7: 368, 8: 54, 9: 131}, 24: {0: 1, 1: 7, 2: 119, 3: 420, 4: 1, 5: 302, 6: 464, 7: 44, 8: 73, 9: 408}}
09-14 05:19 DEBUG    **************************************************
09-14 05:19 DEBUG    Running experiments 

09-14 05:21 DEBUG    Uniform ensemble (Train acc): 0.948500
09-14 05:21 DEBUG    Uniform ensemble (Test acc): 0.948200
09-14 05:22 DEBUG    FedAvg (Train acc): 0.190783
09-14 05:22 DEBUG    FedAvg (Test acc): 0.193600
09-14 05:42 DEBUG    ****** PDM_KL matching ******** 
09-14 05:42 DEBUG    Best Sigma0: 3. Best sigma: 0.9 Best gamma: 1. Best Test accuracy: 0.893. Train acc: 0.8912. 

09-14 05:42 DEBUG    PDM_KL log: {(3, 0.9, 1): {'shapes': [(784, 700), (700,), (700, 10), (10,)], 'train_accuracy': 0.8912, 'test_accuracy': 0.893}} 
09-14 06:18 DEBUG    ****** PDM_KL matching ******** 
09-14 06:18 DEBUG    Best Sigma0: 3. Best sigma: 0.9 Best gamma: 1. Best Test accuracy: 0.896. Train acc: 0.8944333333333333. 

09-14 06:18 DEBUG    PDM_KL log: {(3, 0.9, 1): {'shapes': [(784, 701), (701,), (701, 10), (10,)], 'train_accuracy': 0.8944333333333333, 'test_accuracy': 0.896}} 
09-14 06:57 DEBUG    ****** PDM_KL matching ******** 
09-14 06:57 DEBUG    Best Sigma0: 3. Best sigma: 0.9 Best gamma: 1. Best Test accuracy: 0.9012. Train acc: 0.9005. 

09-14 06:57 DEBUG    PDM_KL log: {(3, 0.9, 1): {'shapes': [(784, 700), (700,), (700, 10), (10,)], 'train_accuracy': 0.9005, 'test_accuracy': 0.9012}} 
09-14 07:24 DEBUG    ****** PDM_KL matching ******** 
09-14 07:24 DEBUG    Best Sigma0: 3. Best sigma: 0.9 Best gamma: 1. Best Test accuracy: 0.8916. Train acc: 0.89125. 

09-14 07:24 DEBUG    PDM_KL log: {(3, 0.9, 1): {'shapes': [(784, 700), (700,), (700, 10), (10,)], 'train_accuracy': 0.89125, 'test_accuracy': 0.8916}} 
09-14 07:44 DEBUG    ****** PDM_KL matching ******** 
09-14 07:44 DEBUG    Best Sigma0: 3. Best sigma: 0.9 Best gamma: 1. Best Test accuracy: 0.9028. Train acc: 0.9024333333333333. 

09-14 07:44 DEBUG    PDM_KL log: {(3, 0.9, 1): {'shapes': [(784, 700), (700,), (700, 10), (10,)], 'train_accuracy': 0.9024333333333333, 'test_accuracy': 0.9028}} 
09-14 08:14 DEBUG    ****** PDM_KL matching ******** 
09-14 08:14 DEBUG    Best Sigma0: 3. Best sigma: 0.9 Best gamma: 1. Best Test accuracy: 0.8968. Train acc: 0.8958333333333334. 

09-14 08:14 DEBUG    PDM_KL log: {(3, 0.9, 1): {'shapes': [(784, 700), (700,), (700, 10), (10,)], 'train_accuracy': 0.8958333333333334, 'test_accuracy': 0.8968}} 
09-14 08:36 DEBUG    ****** PDM_KL matching ******** 
09-14 08:36 DEBUG    Best Sigma0: 3. Best sigma: 0.9 Best gamma: 1. Best Test accuracy: 0.8946. Train acc: 0.8936166666666666. 

09-14 08:36 DEBUG    PDM_KL log: {(3, 0.9, 1): {'shapes': [(784, 497), (497,), (497, 10), (10,)], 'train_accuracy': 0.8936166666666666, 'test_accuracy': 0.8946}} 
09-14 08:42 DEBUG    ****** PDM_KL matching ******** 
09-14 08:42 DEBUG    Best Sigma0: 3. Best sigma: 0.9 Best gamma: 1. Best Test accuracy: 0.8491. Train acc: 0.85455. 

09-14 08:42 DEBUG    PDM_KL log: {(3, 0.9, 1): {'shapes': [(784, 156), (156,), (156, 10), (10,)], 'train_accuracy': 0.85455, 'test_accuracy': 0.8491}} 
09-14 08:47 DEBUG    ****** PDM_KL matching ******** 
09-14 08:47 DEBUG    Best Sigma0: 3. Best sigma: 0.9 Best gamma: 1. Best Test accuracy: 0.7315. Train acc: 0.73245. 

09-14 08:47 DEBUG    PDM_KL log: {(3, 0.9, 1): {'shapes': [(784, 108), (108,), (108, 10), (10,)], 'train_accuracy': 0.73245, 'test_accuracy': 0.7315}} 
09-14 08:49 DEBUG    ****** PDM_KL matching ******** 
09-14 08:49 DEBUG    Best Sigma0: 3. Best sigma: 0.9 Best gamma: 1. Best Test accuracy: 0.0892. Train acc: 0.09035. 

09-14 08:49 DEBUG    PDM_KL log: {(3, 0.9, 1): {'shapes': [(784, 100), (100,), (100, 10), (10,)], 'train_accuracy': 0.09035, 'test_accuracy': 0.0892}} 
09-14 08:52 DEBUG    ****** PDM_KL matching ******** 
09-14 08:52 DEBUG    Best Sigma0: 3. Best sigma: 0.9 Best gamma: 1. Best Test accuracy: 0.0892. Train acc: 0.09035. 

09-14 08:52 DEBUG    PDM_KL log: {(3, 0.9, 1): {'shapes': [(784, 100), (100,), (100, 10), (10,)], 'train_accuracy': 0.09035, 'test_accuracy': 0.0892}} 
09-14 08:52 DEBUG    Trial 4 completed
09-14 08:52 DEBUG    ####################################################################################################
09-14 08:52 DEBUG    ####################################################################################################
09-14 08:52 DEBUG    Executing Trial 5 with seed 5
09-14 08:52 DEBUG    Data statistics: {0: {0: 192, 1: 1376, 2: 37, 3: 546, 4: 858}, 1: {0: 396, 1: 296, 2: 82, 3: 239, 4: 99, 5: 37, 6: 20, 7: 200, 8: 1312}, 2: {0: 140, 1: 18, 2: 42, 3: 542, 4: 15, 6: 49, 7: 312, 8: 228, 9: 67}, 3: {0: 2, 1: 12, 2: 112, 3: 60, 4: 18, 5: 11, 6: 5, 7: 4, 8: 213, 9: 2}, 4: {0: 2, 1: 3, 2: 27, 3: 75, 4: 13, 5: 5, 6: 439, 7: 1523, 8: 19, 9: 426}, 5: {0: 10, 1: 66, 3: 21, 4: 153, 5: 73, 6: 151, 7: 635, 8: 18, 9: 14}, 6: {1: 1716, 2: 506, 3: 28, 4: 18, 5: 87, 6: 1, 7: 719}, 7: {0: 50, 1: 1, 2: 364, 3: 102, 5: 800, 6: 93, 7: 124, 8: 23, 9: 20}, 8: {0: 85, 1: 670, 2: 951, 3: 452, 4: 1457}, 9: {0: 16, 1: 35, 2: 78, 3: 11, 4: 634, 5: 78, 6: 92, 7: 25, 8: 6, 9: 535}, 10: {0: 1297, 1: 10, 2: 257, 4: 537, 5: 265, 6: 22, 7: 364}, 11: {0: 2, 1: 28, 2: 3, 3: 1139, 4: 15, 6: 350, 7: 34, 8: 6, 9: 861}, 12: {0: 868, 1: 200, 2: 350, 3: 214, 4: 30, 5: 78, 6: 603, 7: 11, 8: 7, 9: 784}, 13: {0: 511, 1: 737, 2: 241, 3: 274, 4: 161, 5: 26, 6: 272, 7: 1, 8: 54, 9: 1766}, 14: {0: 133, 1: 219, 2: 132, 3: 96, 4: 46, 5: 10, 6: 2899}, 15: {0: 533, 1: 57, 2: 36, 3: 69, 4: 2, 5: 85, 6: 32, 7: 128, 9: 30}, 16: {0: 63, 1: 141, 2: 467, 3: 27, 4: 43, 5: 2817}, 17: {0: 31, 1: 917, 2: 40, 3: 17, 4: 71, 5: 205, 7: 148, 8: 121, 9: 8}, 18: {0: 25, 1: 16, 2: 52, 4: 415, 5: 150, 6: 2, 7: 258, 8: 1038, 9: 380}, 19: {0: 7, 1: 39, 2: 882, 3: 542, 4: 682, 5: 51, 6: 5, 7: 449}, 20: {0: 6, 1: 155, 2: 599, 3: 313, 4: 37, 5: 194, 6: 193, 7: 16, 8: 377, 9: 294}, 21: {0: 412, 1: 14, 2: 175, 3: 213, 4: 13, 5: 58, 6: 308, 7: 26, 8: 279, 9: 26}, 22: {0: 788, 1: 3, 2: 445, 3: 32, 5: 384, 6: 9, 8: 569}, 23: {0: 107, 1: 11, 2: 57, 3: 301, 4: 9, 5: 6, 6: 296, 7: 664, 8: 556, 9: 736}, 24: {0: 247, 1: 2, 2: 23, 3: 818, 4: 516, 5: 1, 6: 77, 7: 624, 8: 1025}}
09-14 08:54 DEBUG    **************************************************
09-14 08:54 DEBUG    Running experiments 

09-14 08:56 DEBUG    Uniform ensemble (Train acc): 0.941083
09-14 08:56 DEBUG    Uniform ensemble (Test acc): 0.941700
09-14 08:56 DEBUG    FedAvg (Train acc): 0.163450
09-14 08:56 DEBUG    FedAvg (Test acc): 0.162200
09-14 09:12 DEBUG    ****** PDM_KL matching ******** 
09-14 09:12 DEBUG    Best Sigma0: 3. Best sigma: 0.9 Best gamma: 1. Best Test accuracy: 0.8162. Train acc: 0.8206333333333333. 

09-14 09:12 DEBUG    PDM_KL log: {(3, 0.9, 1): {'shapes': [(784, 702), (702,), (702, 10), (10,)], 'train_accuracy': 0.8206333333333333, 'test_accuracy': 0.8162}} 
09-14 09:38 DEBUG    ****** PDM_KL matching ******** 
09-14 09:38 DEBUG    Best Sigma0: 3. Best sigma: 0.9 Best gamma: 1. Best Test accuracy: 0.8102. Train acc: 0.8134166666666667. 

09-14 09:38 DEBUG    PDM_KL log: {(3, 0.9, 1): {'shapes': [(784, 700), (700,), (700, 10), (10,)], 'train_accuracy': 0.8134166666666667, 'test_accuracy': 0.8102}} 
09-14 10:09 DEBUG    ****** PDM_KL matching ******** 
09-14 10:09 DEBUG    Best Sigma0: 3. Best sigma: 0.9 Best gamma: 1. Best Test accuracy: 0.8079. Train acc: 0.8115333333333333. 

09-14 10:09 DEBUG    PDM_KL log: {(3, 0.9, 1): {'shapes': [(784, 700), (700,), (700, 10), (10,)], 'train_accuracy': 0.8115333333333333, 'test_accuracy': 0.8079}} 
09-14 10:42 DEBUG    ****** PDM_KL matching ******** 
09-14 10:42 DEBUG    Best Sigma0: 3. Best sigma: 0.9 Best gamma: 1. Best Test accuracy: 0.8117. Train acc: 0.8145. 

09-14 10:42 DEBUG    PDM_KL log: {(3, 0.9, 1): {'shapes': [(784, 700), (700,), (700, 10), (10,)], 'train_accuracy': 0.8145, 'test_accuracy': 0.8117}} 
09-14 11:10 DEBUG    ****** PDM_KL matching ******** 
09-14 11:10 DEBUG    Best Sigma0: 3. Best sigma: 0.9 Best gamma: 1. Best Test accuracy: 0.8102. Train acc: 0.8145666666666667. 

09-14 11:10 DEBUG    PDM_KL log: {(3, 0.9, 1): {'shapes': [(784, 700), (700,), (700, 10), (10,)], 'train_accuracy': 0.8145666666666667, 'test_accuracy': 0.8102}} 
09-14 11:31 DEBUG    ****** PDM_KL matching ******** 
09-14 11:31 DEBUG    Best Sigma0: 3. Best sigma: 0.9 Best gamma: 1. Best Test accuracy: 0.8193. Train acc: 0.82225. 

09-14 11:31 DEBUG    PDM_KL log: {(3, 0.9, 1): {'shapes': [(784, 700), (700,), (700, 10), (10,)], 'train_accuracy': 0.82225, 'test_accuracy': 0.8193}} 
09-14 11:42 DEBUG    ****** PDM_KL matching ******** 
09-14 11:42 DEBUG    Best Sigma0: 3. Best sigma: 0.9 Best gamma: 1. Best Test accuracy: 0.7715. Train acc: 0.7738833333333334. 

09-14 11:42 DEBUG    PDM_KL log: {(3, 0.9, 1): {'shapes': [(784, 487), (487,), (487, 10), (10,)], 'train_accuracy': 0.7738833333333334, 'test_accuracy': 0.7715}} 
09-14 11:47 DEBUG    ****** PDM_KL matching ******** 
09-14 11:47 DEBUG    Best Sigma0: 3. Best sigma: 0.9 Best gamma: 1. Best Test accuracy: 0.8423. Train acc: 0.8406666666666667. 

09-14 11:47 DEBUG    PDM_KL log: {(3, 0.9, 1): {'shapes': [(784, 153), (153,), (153, 10), (10,)], 'train_accuracy': 0.8406666666666667, 'test_accuracy': 0.8423}} 
09-14 11:53 DEBUG    ****** PDM_KL matching ******** 
09-14 11:53 DEBUG    Best Sigma0: 3. Best sigma: 0.9 Best gamma: 1. Best Test accuracy: 0.8109. Train acc: 0.80345. 

09-14 11:53 DEBUG    PDM_KL log: {(3, 0.9, 1): {'shapes': [(784, 108), (108,), (108, 10), (10,)], 'train_accuracy': 0.80345, 'test_accuracy': 0.8109}} 
09-14 11:58 DEBUG    ****** PDM_KL matching ******** 
09-14 11:58 DEBUG    Best Sigma0: 3. Best sigma: 0.9 Best gamma: 1. Best Test accuracy: 0.0974. Train acc: 0.09751666666666667. 

09-14 11:58 DEBUG    PDM_KL log: {(3, 0.9, 1): {'shapes': [(784, 100), (100,), (100, 10), (10,)], 'train_accuracy': 0.09751666666666667, 'test_accuracy': 0.0974}} 
09-14 12:02 DEBUG    ****** PDM_KL matching ******** 
09-14 12:02 DEBUG    Best Sigma0: 3. Best sigma: 0.9 Best gamma: 1. Best Test accuracy: 0.0974. Train acc: 0.09751666666666667. 

09-14 12:02 DEBUG    PDM_KL log: {(3, 0.9, 1): {'shapes': [(784, 100), (100,), (100, 10), (10,)], 'train_accuracy': 0.09751666666666667, 'test_accuracy': 0.0974}} 
09-14 12:02 DEBUG    Trial 5 completed
09-14 12:02 DEBUG    ####################################################################################################
09-14 12:02 DEBUG    ####################################################################################################
09-14 12:02 DEBUG    Executing Trial 6 with seed 6
09-14 12:02 DEBUG    Data statistics: {0: {0: 824, 1: 101, 2: 20, 3: 72, 4: 153, 5: 321, 6: 33, 7: 21, 8: 49, 9: 100}, 1: {0: 961, 1: 35, 2: 59, 3: 552, 4: 535, 5: 133, 8: 296}, 2: {0: 83, 1: 228, 2: 4, 3: 21, 4: 888, 5: 338, 6: 280, 7: 674}, 3: {0: 9, 1: 95, 2: 104, 3: 392, 4: 2, 5: 676, 6: 269, 7: 23, 8: 773, 9: 556}, 4: {0: 53, 1: 67, 2: 87, 3: 38, 4: 278, 5: 13, 6: 137, 7: 176, 8: 1430, 9: 362}, 5: {1: 73, 2: 485, 3: 35, 4: 115, 5: 1, 6: 1, 7: 37, 8: 614, 9: 76}, 6: {0: 427, 1: 1365, 2: 261, 3: 9, 4: 11, 5: 1526}, 7: {0: 23, 1: 662, 2: 77, 3: 267, 4: 29, 5: 128, 6: 319, 7: 8, 8: 325, 9: 300}, 8: {0: 95, 1: 1, 2: 4, 3: 13, 4: 13, 5: 470, 6: 367, 7: 248, 8: 60, 9: 283}, 9: {0: 3, 1: 91, 2: 69, 3: 278, 4: 42, 5: 90, 6: 1598, 7: 571}, 10: {0: 165, 1: 429, 2: 25, 3: 1, 4: 170, 5: 206, 6: 682, 7: 504, 8: 177, 9: 1335}, 11: {0: 7, 1: 115, 2: 423, 3: 787, 4: 1, 5: 224, 6: 1, 7: 3, 8: 256, 9: 5}, 12: {0: 54, 1: 273, 2: 160, 3: 138, 4: 24, 5: 35, 6: 29, 7: 1, 8: 579, 9: 81}, 13: {0: 8, 1: 31, 2: 540, 3: 1636, 4: 98, 5: 80, 6: 497}, 14: {0: 230, 1: 159, 2: 29, 3: 2, 4: 85, 5: 42, 6: 266, 7: 532, 8: 166, 9: 934}, 15: {0: 266, 1: 68, 2: 3, 3: 93, 4: 699, 5: 3, 6: 6, 7: 98, 8: 466, 9: 605}, 16: {0: 975, 1: 29, 2: 268, 3: 3, 4: 518, 5: 5, 6: 378, 7: 289}, 17: {0: 233, 1: 276, 2: 87, 3: 17, 4: 1281, 5: 8, 6: 31, 7: 755}, 18: {0: 18, 1: 659, 2: 942, 3: 879}, 19: {0: 3, 1: 137, 2: 122, 3: 88, 4: 124, 5: 276, 6: 177, 7: 31, 8: 17, 9: 432}, 20: {0: 277, 1: 43, 2: 1062, 3: 2, 4: 18, 6: 14, 7: 1301}, 21: {1: 101, 2: 85, 3: 344, 4: 55, 5: 86, 6: 139, 7: 912, 8: 439, 9: 736}, 22: {0: 549, 1: 1055, 2: 367, 3: 48, 4: 317, 5: 106}, 23: {0: 609, 1: 514, 2: 38, 3: 313, 4: 9, 5: 1, 6: 19, 7: 81, 8: 204, 9: 144}, 24: {0: 51, 1: 135, 2: 637, 3: 103, 4: 377, 5: 653, 6: 675}}
09-14 12:05 DEBUG    **************************************************
09-14 12:05 DEBUG    Running experiments 

09-14 12:07 DEBUG    Uniform ensemble (Train acc): 0.951500
09-14 12:07 DEBUG    Uniform ensemble (Test acc): 0.948300
09-14 12:08 DEBUG    FedAvg (Train acc): 0.125583
09-14 12:08 DEBUG    FedAvg (Test acc): 0.127000
09-14 12:25 DEBUG    ****** PDM_KL matching ******** 
09-14 12:25 DEBUG    Best Sigma0: 3. Best sigma: 0.9 Best gamma: 1. Best Test accuracy: 0.8738. Train acc: 0.8769166666666667. 

09-14 12:25 DEBUG    PDM_KL log: {(3, 0.9, 1): {'shapes': [(784, 700), (700,), (700, 10), (10,)], 'train_accuracy': 0.8769166666666667, 'test_accuracy': 0.8738}} 
09-14 12:57 DEBUG    ****** PDM_KL matching ******** 
09-14 12:57 DEBUG    Best Sigma0: 3. Best sigma: 0.9 Best gamma: 1. Best Test accuracy: 0.8702. Train acc: 0.8752. 

09-14 12:57 DEBUG    PDM_KL log: {(3, 0.9, 1): {'shapes': [(784, 700), (700,), (700, 10), (10,)], 'train_accuracy': 0.8752, 'test_accuracy': 0.8702}} 
09-14 13:29 DEBUG    ****** PDM_KL matching ******** 
09-14 13:29 DEBUG    Best Sigma0: 3. Best sigma: 0.9 Best gamma: 1. Best Test accuracy: 0.8736. Train acc: 0.8773166666666666. 

09-14 13:29 DEBUG    PDM_KL log: {(3, 0.9, 1): {'shapes': [(784, 700), (700,), (700, 10), (10,)], 'train_accuracy': 0.8773166666666666, 'test_accuracy': 0.8736}} 
09-14 13:54 DEBUG    ****** PDM_KL matching ******** 
09-14 13:54 DEBUG    Best Sigma0: 3. Best sigma: 0.9 Best gamma: 1. Best Test accuracy: 0.8768. Train acc: 0.88025. 

09-14 13:54 DEBUG    PDM_KL log: {(3, 0.9, 1): {'shapes': [(784, 700), (700,), (700, 10), (10,)], 'train_accuracy': 0.88025, 'test_accuracy': 0.8768}} 
09-14 14:12 DEBUG    ****** PDM_KL matching ******** 
09-14 14:12 DEBUG    Best Sigma0: 3. Best sigma: 0.9 Best gamma: 1. Best Test accuracy: 0.87. Train acc: 0.87445. 

09-14 14:12 DEBUG    PDM_KL log: {(3, 0.9, 1): {'shapes': [(784, 701), (701,), (701, 10), (10,)], 'train_accuracy': 0.87445, 'test_accuracy': 0.87}} 
09-14 14:30 DEBUG    ****** PDM_KL matching ******** 
09-14 14:30 DEBUG    Best Sigma0: 3. Best sigma: 0.9 Best gamma: 1. Best Test accuracy: 0.8837. Train acc: 0.8857833333333334. 

09-14 14:30 DEBUG    PDM_KL log: {(3, 0.9, 1): {'shapes': [(784, 700), (700,), (700, 10), (10,)], 'train_accuracy': 0.8857833333333334, 'test_accuracy': 0.8837}} 
09-14 14:41 DEBUG    ****** PDM_KL matching ******** 
09-14 14:41 DEBUG    Best Sigma0: 3. Best sigma: 0.9 Best gamma: 1. Best Test accuracy: 0.8753. Train acc: 0.8784666666666666. 

09-14 14:41 DEBUG    PDM_KL log: {(3, 0.9, 1): {'shapes': [(784, 463), (463,), (463, 10), (10,)], 'train_accuracy': 0.8784666666666666, 'test_accuracy': 0.8753}} 
09-14 14:43 DEBUG    ****** PDM_KL matching ******** 
09-14 14:43 DEBUG    Best Sigma0: 3. Best sigma: 0.9 Best gamma: 1. Best Test accuracy: 0.8772. Train acc: 0.87495. 

09-14 14:43 DEBUG    PDM_KL log: {(3, 0.9, 1): {'shapes': [(784, 149), (149,), (149, 10), (10,)], 'train_accuracy': 0.87495, 'test_accuracy': 0.8772}} 
09-14 14:46 DEBUG    ****** PDM_KL matching ******** 
09-14 14:46 DEBUG    Best Sigma0: 3. Best sigma: 0.9 Best gamma: 1. Best Test accuracy: 0.7534. Train acc: 0.7545833333333334. 

09-14 14:46 DEBUG    PDM_KL log: {(3, 0.9, 1): {'shapes': [(784, 108), (108,), (108, 10), (10,)], 'train_accuracy': 0.7545833333333334, 'test_accuracy': 0.7534}} 
09-14 14:48 DEBUG    ****** PDM_KL matching ******** 
09-14 14:48 DEBUG    Best Sigma0: 3. Best sigma: 0.9 Best gamma: 1. Best Test accuracy: 0.0892. Train acc: 0.09035. 

09-14 14:48 DEBUG    PDM_KL log: {(3, 0.9, 1): {'shapes': [(784, 100), (100,), (100, 10), (10,)], 'train_accuracy': 0.09035, 'test_accuracy': 0.0892}} 
09-14 14:50 DEBUG    ****** PDM_KL matching ******** 
09-14 14:50 DEBUG    Best Sigma0: 3. Best sigma: 0.9 Best gamma: 1. Best Test accuracy: 0.0892. Train acc: 0.09035. 

09-14 14:50 DEBUG    PDM_KL log: {(3, 0.9, 1): {'shapes': [(784, 100), (100,), (100, 10), (10,)], 'train_accuracy': 0.09035, 'test_accuracy': 0.0892}} 
09-14 14:50 DEBUG    Trial 6 completed
09-14 14:50 DEBUG    ####################################################################################################
09-14 14:50 DEBUG    ####################################################################################################
09-14 14:50 DEBUG    Executing Trial 7 with seed 7
09-14 14:50 DEBUG    Data statistics: {0: {0: 21, 1: 456, 2: 122, 3: 525, 4: 844, 5: 16, 6: 112, 7: 48, 8: 112, 9: 137}, 1: {0: 66, 1: 232, 2: 275, 3: 203, 4: 45, 5: 82, 6: 198, 7: 55, 8: 2, 9: 193}, 2: {0: 1896, 1: 977}, 3: {0: 234, 1: 345, 2: 491, 3: 109, 4: 62, 5: 182, 7: 109, 8: 247, 9: 883}, 4: {0: 134, 1: 40, 2: 830, 3: 3, 4: 31, 5: 2, 6: 5, 7: 261, 8: 32, 9: 191}, 5: {0: 56, 1: 22, 2: 28, 4: 47, 5: 84, 6: 58, 7: 41, 8: 351, 9: 9}, 6: {0: 333, 1: 479, 2: 70, 3: 1, 4: 691, 5: 11, 6: 19, 7: 75, 8: 130}, 7: {0: 57, 1: 213, 2: 287, 3: 3, 4: 479, 5: 2, 6: 671, 7: 98, 8: 121, 9: 12}, 8: {0: 54, 1: 35, 2: 446, 3: 45, 4: 128, 5: 54, 6: 52, 7: 129, 8: 941, 9: 191}, 9: {0: 279, 1: 790, 2: 7, 3: 1, 4: 126, 5: 41, 6: 256, 7: 1809}, 10: {0: 135, 1: 263, 2: 163, 4: 553, 5: 521, 6: 446, 7: 61, 8: 330}, 11: {0: 383, 1: 3, 2: 471, 3: 269, 4: 2, 5: 1333}, 12: {0: 11, 1: 172, 2: 449, 3: 11, 4: 130, 5: 60, 6: 502, 7: 458, 8: 396, 9: 447}, 13: {1: 151, 2: 32, 3: 79, 4: 385, 5: 151, 6: 861, 7: 348, 8: 179, 9: 1093}, 14: {0: 161, 1: 808, 2: 105, 3: 572, 4: 343, 5: 294, 6: 20, 7: 19, 8: 2345}, 15: {0: 129, 1: 62, 2: 324, 3: 857, 4: 3, 5: 458, 6: 50, 7: 289, 8: 317}, 16: {0: 39, 1: 269, 2: 33, 3: 276, 4: 86, 5: 1441, 6: 49, 7: 628}, 17: {0: 353, 1: 303, 2: 49, 3: 1038, 4: 227, 5: 109, 6: 40, 7: 2, 8: 53, 9: 902}, 18: {0: 5, 1: 91, 2: 13, 3: 73, 4: 274, 5: 2, 6: 171, 7: 1093, 8: 113, 9: 1}, 19: {0: 26, 1: 48, 2: 4, 3: 925, 4: 20, 5: 188, 6: 121, 7: 194, 8: 1, 9: 1711}, 20: {0: 15, 1: 70, 2: 475, 3: 73, 4: 254, 5: 357, 6: 289, 7: 84, 8: 7}, 21: {0: 1396, 1: 581, 3: 240, 4: 391}, 22: {1: 209, 2: 1268, 4: 192, 5: 13, 6: 1879}, 23: {0: 13, 1: 68, 2: 15, 3: 512, 4: 379, 5: 16, 6: 58, 7: 104, 8: 46, 9: 150}, 24: {0: 127, 1: 55, 2: 1, 3: 316, 4: 150, 5: 4, 6: 61, 7: 360, 8: 128, 9: 29}}
09-14 14:52 DEBUG    **************************************************
09-14 14:52 DEBUG    Running experiments 

09-14 14:52 DEBUG    Uniform ensemble (Train acc): 0.938900
09-14 14:52 DEBUG    Uniform ensemble (Test acc): 0.938300
09-14 14:53 DEBUG    FedAvg (Train acc): 0.200033
09-14 14:53 DEBUG    FedAvg (Test acc): 0.205100
09-14 15:05 DEBUG    ****** PDM_KL matching ******** 
09-14 15:05 DEBUG    Best Sigma0: 3. Best sigma: 0.9 Best gamma: 1. Best Test accuracy: 0.8763. Train acc: 0.8784. 

09-14 15:05 DEBUG    PDM_KL log: {(3, 0.9, 1): {'shapes': [(784, 701), (701,), (701, 10), (10,)], 'train_accuracy': 0.8784, 'test_accuracy': 0.8763}} 
09-14 15:28 DEBUG    ****** PDM_KL matching ******** 
09-14 15:28 DEBUG    Best Sigma0: 3. Best sigma: 0.9 Best gamma: 1. Best Test accuracy: 0.871. Train acc: 0.8721833333333333. 

09-14 15:28 DEBUG    PDM_KL log: {(3, 0.9, 1): {'shapes': [(784, 701), (701,), (701, 10), (10,)], 'train_accuracy': 0.8721833333333333, 'test_accuracy': 0.871}} 
09-14 15:51 DEBUG    ****** PDM_KL matching ******** 
09-14 15:51 DEBUG    Best Sigma0: 3. Best sigma: 0.9 Best gamma: 1. Best Test accuracy: 0.8746. Train acc: 0.8753833333333333. 

09-14 15:51 DEBUG    PDM_KL log: {(3, 0.9, 1): {'shapes': [(784, 700), (700,), (700, 10), (10,)], 'train_accuracy': 0.8753833333333333, 'test_accuracy': 0.8746}} 
09-14 16:09 DEBUG    ****** PDM_KL matching ******** 
09-14 16:09 DEBUG    Best Sigma0: 3. Best sigma: 0.9 Best gamma: 1. Best Test accuracy: 0.8765. Train acc: 0.8787666666666667. 

09-14 16:09 DEBUG    PDM_KL log: {(3, 0.9, 1): {'shapes': [(784, 701), (701,), (701, 10), (10,)], 'train_accuracy': 0.8787666666666667, 'test_accuracy': 0.8765}} 
09-14 16:31 DEBUG    ****** PDM_KL matching ******** 
09-14 16:31 DEBUG    Best Sigma0: 3. Best sigma: 0.9 Best gamma: 1. Best Test accuracy: 0.8827. Train acc: 0.8835666666666666. 

09-14 16:31 DEBUG    PDM_KL log: {(3, 0.9, 1): {'shapes': [(784, 700), (700,), (700, 10), (10,)], 'train_accuracy': 0.8835666666666666, 'test_accuracy': 0.8827}} 
09-14 16:54 DEBUG    ****** PDM_KL matching ******** 
09-14 16:54 DEBUG    Best Sigma0: 3. Best sigma: 0.9 Best gamma: 1. Best Test accuracy: 0.8781. Train acc: 0.8783333333333333. 

09-14 16:54 DEBUG    PDM_KL log: {(3, 0.9, 1): {'shapes': [(784, 700), (700,), (700, 10), (10,)], 'train_accuracy': 0.8783333333333333, 'test_accuracy': 0.8781}} 
09-14 17:09 DEBUG    ****** PDM_KL matching ******** 
09-14 17:09 DEBUG    Best Sigma0: 3. Best sigma: 0.9 Best gamma: 1. Best Test accuracy: 0.8962. Train acc: 0.89555. 

09-14 17:09 DEBUG    PDM_KL log: {(3, 0.9, 1): {'shapes': [(784, 512), (512,), (512, 10), (10,)], 'train_accuracy': 0.89555, 'test_accuracy': 0.8962}} 
09-14 17:13 DEBUG    ****** PDM_KL matching ******** 
09-14 17:13 DEBUG    Best Sigma0: 3. Best sigma: 0.9 Best gamma: 1. Best Test accuracy: 0.8357. Train acc: 0.8360333333333333. 

09-14 17:13 DEBUG    PDM_KL log: {(3, 0.9, 1): {'shapes': [(784, 154), (154,), (154, 10), (10,)], 'train_accuracy': 0.8360333333333333, 'test_accuracy': 0.8357}} 
09-14 17:15 DEBUG    ****** PDM_KL matching ******** 
09-14 17:15 DEBUG    Best Sigma0: 3. Best sigma: 0.9 Best gamma: 1. Best Test accuracy: 0.7281. Train acc: 0.72755. 

09-14 17:15 DEBUG    PDM_KL log: {(3, 0.9, 1): {'shapes': [(784, 109), (109,), (109, 10), (10,)], 'train_accuracy': 0.72755, 'test_accuracy': 0.7281}} 
09-14 17:17 DEBUG    ****** PDM_KL matching ******** 
09-14 17:17 DEBUG    Best Sigma0: 3. Best sigma: 0.9 Best gamma: 1. Best Test accuracy: 0.0974. Train acc: 0.09751666666666667. 

09-14 17:17 DEBUG    PDM_KL log: {(3, 0.9, 1): {'shapes': [(784, 100), (100,), (100, 10), (10,)], 'train_accuracy': 0.09751666666666667, 'test_accuracy': 0.0974}} 
09-14 17:18 DEBUG    ****** PDM_KL matching ******** 
09-14 17:18 DEBUG    Best Sigma0: 3. Best sigma: 0.9 Best gamma: 1. Best Test accuracy: 0.0974. Train acc: 0.09751666666666667. 

09-14 17:18 DEBUG    PDM_KL log: {(3, 0.9, 1): {'shapes': [(784, 100), (100,), (100, 10), (10,)], 'train_accuracy': 0.09751666666666667, 'test_accuracy': 0.0974}} 
09-14 17:18 DEBUG    Trial 7 completed
09-14 17:18 DEBUG    ####################################################################################################
09-14 17:18 DEBUG    ####################################################################################################
09-14 17:18 DEBUG    Executing Trial 8 with seed 8
09-14 17:18 DEBUG    Data statistics: {0: {0: 249, 1: 609, 2: 855, 3: 286, 4: 1188}, 1: {0: 195, 1: 905, 2: 305, 3: 130, 4: 15, 5: 151, 6: 111, 7: 139, 8: 836}, 2: {0: 153, 1: 14, 2: 46, 3: 73, 4: 291, 5: 419, 6: 2, 7: 145, 8: 51, 9: 190}, 3: {0: 188, 1: 521, 2: 2, 3: 1368, 4: 23, 5: 156, 6: 221}, 4: {0: 83, 1: 118, 2: 1098, 3: 144, 4: 53, 5: 3, 6: 286, 7: 76, 8: 76, 9: 21}, 5: {0: 237, 1: 7, 2: 39, 3: 141, 4: 15, 5: 22, 6: 145, 7: 128, 8: 16, 9: 956}, 6: {0: 1099, 1: 63, 3: 146, 4: 206, 5: 209, 6: 71, 7: 85, 8: 6}, 7: {0: 34, 1: 243, 2: 17, 3: 114, 4: 7, 5: 92, 6: 233, 7: 139, 8: 63, 9: 239}, 8: {0: 204, 1: 45, 2: 33, 3: 952, 4: 7, 6: 35, 7: 65, 8: 548, 9: 657}, 9: {0: 65, 1: 15, 2: 46, 3: 192, 4: 153, 5: 95, 6: 37, 7: 205, 8: 901, 9: 4}, 10: {0: 78, 1: 278, 2: 181, 3: 877, 4: 5, 5: 1007}, 11: {0: 350, 1: 531, 2: 685, 3: 233, 4: 183, 5: 17, 6: 5, 7: 1163}, 12: {0: 62, 1: 553, 2: 494, 3: 263, 4: 569, 5: 331, 6: 6, 7: 13, 8: 546}, 13: {0: 561, 1: 329, 2: 15, 3: 12, 4: 192, 5: 245, 7: 63, 8: 216, 9: 91}, 14: {0: 339, 1: 28, 3: 8, 4: 2, 5: 181, 6: 1005, 7: 2, 8: 552, 9: 465}, 15: {0: 208, 1: 915, 2: 1, 3: 151, 4: 27, 5: 12, 6: 36, 7: 242, 8: 89, 9: 940}, 16: {0: 18, 2: 82, 3: 23, 4: 253, 5: 650, 6: 162, 7: 166, 8: 366, 9: 314}, 17: {0: 612, 1: 449, 3: 325, 4: 76, 5: 529, 6: 124, 7: 57, 8: 88, 9: 16}, 18: {0: 2, 1: 168, 2: 186, 3: 24, 4: 351, 5: 4, 6: 5, 7: 328, 8: 75, 9: 383}, 19: {0: 801, 1: 176, 2: 764, 3: 114, 4: 1365}, 20: {0: 17, 1: 67, 2: 5, 3: 361, 4: 16, 5: 26, 6: 57, 7: 270, 8: 10, 9: 1632}, 21: {0: 105, 1: 20, 2: 174, 3: 110, 4: 581, 5: 210, 6: 1910}, 22: {0: 181, 1: 352, 2: 572, 3: 63, 4: 56, 5: 74, 6: 11, 7: 60, 8: 1406}, 23: {0: 40, 1: 302, 2: 87, 3: 16, 4: 70, 5: 475, 6: 712, 7: 432, 8: 5, 9: 40}, 24: {0: 42, 1: 34, 2: 271, 3: 5, 4: 138, 5: 513, 6: 744, 7: 2487, 8: 1, 9: 1}}
09-14 17:19 DEBUG    **************************************************
09-14 17:19 DEBUG    Running experiments 

09-14 17:20 DEBUG    Uniform ensemble (Train acc): 0.940450
09-14 17:20 DEBUG    Uniform ensemble (Test acc): 0.939700
09-14 17:20 DEBUG    FedAvg (Train acc): 0.179933
09-14 17:20 DEBUG    FedAvg (Test acc): 0.181200
09-14 17:30 DEBUG    ****** PDM_KL matching ******** 
09-14 17:30 DEBUG    Best Sigma0: 3. Best sigma: 0.9 Best gamma: 1. Best Test accuracy: 0.8434. Train acc: 0.8473833333333334. 

09-14 17:30 DEBUG    PDM_KL log: {(3, 0.9, 1): {'shapes': [(784, 700), (700,), (700, 10), (10,)], 'train_accuracy': 0.8473833333333334, 'test_accuracy': 0.8434}} 
09-14 17:51 DEBUG    ****** PDM_KL matching ******** 
09-14 17:51 DEBUG    Best Sigma0: 3. Best sigma: 0.9 Best gamma: 1. Best Test accuracy: 0.84. Train acc: 0.84365. 

09-14 17:51 DEBUG    PDM_KL log: {(3, 0.9, 1): {'shapes': [(784, 700), (700,), (700, 10), (10,)], 'train_accuracy': 0.84365, 'test_accuracy': 0.84}} 
09-14 18:07 DEBUG    ****** PDM_KL matching ******** 
09-14 18:07 DEBUG    Best Sigma0: 3. Best sigma: 0.9 Best gamma: 1. Best Test accuracy: 0.842. Train acc: 0.8462666666666666. 

09-14 18:07 DEBUG    PDM_KL log: {(3, 0.9, 1): {'shapes': [(784, 700), (700,), (700, 10), (10,)], 'train_accuracy': 0.8462666666666666, 'test_accuracy': 0.842}} 
09-14 18:21 DEBUG    ****** PDM_KL matching ******** 
09-14 18:21 DEBUG    Best Sigma0: 3. Best sigma: 0.9 Best gamma: 1. Best Test accuracy: 0.8399. Train acc: 0.8457333333333333. 

09-14 18:21 DEBUG    PDM_KL log: {(3, 0.9, 1): {'shapes': [(784, 700), (700,), (700, 10), (10,)], 'train_accuracy': 0.8457333333333333, 'test_accuracy': 0.8399}} 
09-14 18:36 DEBUG    ****** PDM_KL matching ******** 
09-14 18:36 DEBUG    Best Sigma0: 3. Best sigma: 0.9 Best gamma: 1. Best Test accuracy: 0.8351. Train acc: 0.84225. 

09-14 18:36 DEBUG    PDM_KL log: {(3, 0.9, 1): {'shapes': [(784, 700), (700,), (700, 10), (10,)], 'train_accuracy': 0.84225, 'test_accuracy': 0.8351}} 
09-14 18:50 DEBUG    ****** PDM_KL matching ******** 
09-14 18:50 DEBUG    Best Sigma0: 3. Best sigma: 0.9 Best gamma: 1. Best Test accuracy: 0.8367. Train acc: 0.8429833333333333. 

09-14 18:50 DEBUG    PDM_KL log: {(3, 0.9, 1): {'shapes': [(784, 700), (700,), (700, 10), (10,)], 'train_accuracy': 0.8429833333333333, 'test_accuracy': 0.8367}} 
09-14 19:00 DEBUG    ****** PDM_KL matching ******** 
09-14 19:00 DEBUG    Best Sigma0: 3. Best sigma: 0.9 Best gamma: 1. Best Test accuracy: 0.836. Train acc: 0.84045. 

09-14 19:00 DEBUG    PDM_KL log: {(3, 0.9, 1): {'shapes': [(784, 503), (503,), (503, 10), (10,)], 'train_accuracy': 0.84045, 'test_accuracy': 0.836}} 
09-14 19:02 DEBUG    ****** PDM_KL matching ******** 
09-14 19:02 DEBUG    Best Sigma0: 3. Best sigma: 0.9 Best gamma: 1. Best Test accuracy: 0.8195. Train acc: 0.8186166666666667. 

09-14 19:02 DEBUG    PDM_KL log: {(3, 0.9, 1): {'shapes': [(784, 155), (155,), (155, 10), (10,)], 'train_accuracy': 0.8186166666666667, 'test_accuracy': 0.8195}} 
09-14 19:04 DEBUG    ****** PDM_KL matching ******** 
09-14 19:04 DEBUG    Best Sigma0: 3. Best sigma: 0.9 Best gamma: 1. Best Test accuracy: 0.7024. Train acc: 0.70445. 

09-14 19:04 DEBUG    PDM_KL log: {(3, 0.9, 1): {'shapes': [(784, 110), (110,), (110, 10), (10,)], 'train_accuracy': 0.70445, 'test_accuracy': 0.7024}} 
09-14 19:05 DEBUG    ****** PDM_KL matching ******** 
09-14 19:05 DEBUG    Best Sigma0: 3. Best sigma: 0.9 Best gamma: 1. Best Test accuracy: 0.0892. Train acc: 0.09035. 

09-14 19:05 DEBUG    PDM_KL log: {(3, 0.9, 1): {'shapes': [(784, 100), (100,), (100, 10), (10,)], 'train_accuracy': 0.09035, 'test_accuracy': 0.0892}} 
09-14 19:06 DEBUG    ****** PDM_KL matching ******** 
09-14 19:06 DEBUG    Best Sigma0: 3. Best sigma: 0.9 Best gamma: 1. Best Test accuracy: 0.0892. Train acc: 0.09035. 

09-14 19:06 DEBUG    PDM_KL log: {(3, 0.9, 1): {'shapes': [(784, 100), (100,), (100, 10), (10,)], 'train_accuracy': 0.09035, 'test_accuracy': 0.0892}} 
09-14 19:06 DEBUG    Trial 8 completed
09-14 19:06 DEBUG    ####################################################################################################
09-14 19:06 DEBUG    ####################################################################################################
09-14 19:06 DEBUG    Executing Trial 9 with seed 9
09-14 19:06 DEBUG    Data statistics: {0: {0: 92, 1: 51, 2: 206, 3: 8, 4: 28, 5: 206, 6: 1, 7: 69, 8: 2, 9: 216}, 1: {0: 743, 1: 915, 2: 17, 3: 943}, 2: {0: 78, 1: 4, 2: 1, 3: 47, 4: 224, 5: 14, 6: 287, 7: 1, 8: 31, 9: 58}, 3: {0: 147, 1: 1, 2: 9, 3: 1, 4: 1529, 5: 427, 6: 587}, 4: {0: 199, 1: 1340, 2: 380, 3: 463, 4: 455}, 5: {0: 504, 1: 410, 2: 442, 3: 8, 4: 92, 5: 4, 6: 161, 7: 317, 8: 4, 9: 1618}, 6: {0: 27, 1: 423, 2: 42, 3: 3, 4: 14, 5: 99, 6: 27, 7: 557, 8: 105, 9: 6}, 7: {0: 164, 1: 228, 2: 491, 3: 183, 4: 443, 5: 234, 6: 141, 7: 27, 8: 888}, 8: {0: 41, 1: 75, 2: 173, 3: 344, 4: 63, 5: 25, 6: 201, 7: 44, 8: 496, 9: 35}, 9: {0: 175, 1: 885, 2: 57, 3: 603, 4: 14, 5: 236, 6: 1, 7: 323, 8: 359}, 10: {0: 6, 2: 594, 3: 738, 4: 128, 5: 82, 6: 399, 7: 776}, 11: {0: 50, 1: 5, 2: 218, 3: 99, 4: 46, 5: 121, 6: 129, 8: 320, 9: 435}, 12: {0: 300, 1: 92, 2: 799, 3: 9, 4: 224, 5: 306, 6: 730}, 13: {0: 175, 1: 168, 2: 958, 3: 137, 4: 220, 5: 85, 6: 665}, 14: {0: 694, 1: 5, 2: 3, 3: 814, 4: 20, 5: 137, 6: 13, 7: 92, 8: 21, 9: 760}, 15: {0: 146, 1: 92, 2: 257, 3: 69, 4: 15, 5: 232, 7: 337, 8: 1, 9: 68}, 16: {0: 417, 1: 154, 2: 362, 3: 286, 5: 868, 6: 30, 7: 1249}, 17: {0: 13, 1: 361, 2: 36, 3: 23, 5: 233, 6: 946, 7: 10, 8: 19, 9: 680}, 18: {0: 75, 1: 42, 2: 2, 3: 143, 4: 133, 5: 245, 6: 224, 7: 370, 8: 556, 9: 1417}, 19: {0: 135, 1: 331, 2: 7, 3: 852, 4: 106, 5: 490, 6: 46, 7: 591}, 20: {0: 90, 1: 411, 2: 31, 3: 7, 4: 709, 5: 97, 6: 552, 7: 379, 8: 339}, 21: {0: 7, 1: 61, 2: 340, 3: 52, 4: 186, 5: 709, 7: 359, 8: 2, 9: 268}, 22: {0: 956, 1: 141, 2: 290, 3: 54, 4: 99, 5: 403, 6: 26, 7: 191, 8: 2424}, 23: {0: 677, 1: 106, 2: 65, 3: 243, 4: 996, 5: 97, 6: 372}, 24: {0: 12, 1: 441, 2: 178, 3: 2, 4: 98, 5: 71, 6: 380, 7: 573, 8: 284, 9: 388}}
09-14 19:07 DEBUG    **************************************************
09-14 19:07 DEBUG    Running experiments 

09-14 19:07 DEBUG    Uniform ensemble (Train acc): 0.937250
09-14 19:07 DEBUG    Uniform ensemble (Test acc): 0.938700
09-14 19:08 DEBUG    FedAvg (Train acc): 0.136700
09-14 19:08 DEBUG    FedAvg (Test acc): 0.130800
09-14 19:12 DEBUG    ****** PDM_KL matching ******** 
09-14 19:12 DEBUG    Best Sigma0: 3. Best sigma: 0.9 Best gamma: 1. Best Test accuracy: 0.8412. Train acc: 0.8431333333333333. 

09-14 19:12 DEBUG    PDM_KL log: {(3, 0.9, 1): {'shapes': [(784, 700), (700,), (700, 10), (10,)], 'train_accuracy': 0.8431333333333333, 'test_accuracy': 0.8412}} 
09-14 19:21 DEBUG    ****** PDM_KL matching ******** 
09-14 19:21 DEBUG    Best Sigma0: 3. Best sigma: 0.9 Best gamma: 1. Best Test accuracy: 0.8373. Train acc: 0.8398166666666667. 

09-14 19:21 DEBUG    PDM_KL log: {(3, 0.9, 1): {'shapes': [(784, 700), (700,), (700, 10), (10,)], 'train_accuracy': 0.8398166666666667, 'test_accuracy': 0.8373}} 
09-14 19:35 DEBUG    ****** PDM_KL matching ******** 
09-14 19:35 DEBUG    Best Sigma0: 3. Best sigma: 0.9 Best gamma: 1. Best Test accuracy: 0.8372. Train acc: 0.84. 

09-14 19:35 DEBUG    PDM_KL log: {(3, 0.9, 1): {'shapes': [(784, 700), (700,), (700, 10), (10,)], 'train_accuracy': 0.84, 'test_accuracy': 0.8372}} 
09-14 19:50 DEBUG    ****** PDM_KL matching ******** 
09-14 19:50 DEBUG    Best Sigma0: 3. Best sigma: 0.9 Best gamma: 1. Best Test accuracy: 0.8408. Train acc: 0.84315. 

09-14 19:50 DEBUG    PDM_KL log: {(3, 0.9, 1): {'shapes': [(784, 701), (701,), (701, 10), (10,)], 'train_accuracy': 0.84315, 'test_accuracy': 0.8408}} 
09-14 20:05 DEBUG    ****** PDM_KL matching ******** 
09-14 20:05 DEBUG    Best Sigma0: 3. Best sigma: 0.9 Best gamma: 1. Best Test accuracy: 0.8375. Train acc: 0.8409833333333333. 

09-14 20:05 DEBUG    PDM_KL log: {(3, 0.9, 1): {'shapes': [(784, 700), (700,), (700, 10), (10,)], 'train_accuracy': 0.8409833333333333, 'test_accuracy': 0.8375}} 
09-14 20:19 DEBUG    ****** PDM_KL matching ******** 
09-14 20:19 DEBUG    Best Sigma0: 3. Best sigma: 0.9 Best gamma: 1. Best Test accuracy: 0.8396. Train acc: 0.8426833333333333. 

09-14 20:19 DEBUG    PDM_KL log: {(3, 0.9, 1): {'shapes': [(784, 700), (700,), (700, 10), (10,)], 'train_accuracy': 0.8426833333333333, 'test_accuracy': 0.8396}} 
09-14 20:30 DEBUG    ****** PDM_KL matching ******** 
09-14 20:30 DEBUG    Best Sigma0: 3. Best sigma: 0.9 Best gamma: 1. Best Test accuracy: 0.8424. Train acc: 0.84485. 

09-14 20:30 DEBUG    PDM_KL log: {(3, 0.9, 1): {'shapes': [(784, 533), (533,), (533, 10), (10,)], 'train_accuracy': 0.84485, 'test_accuracy': 0.8424}} 
09-14 20:32 DEBUG    ****** PDM_KL matching ******** 
09-14 20:32 DEBUG    Best Sigma0: 3. Best sigma: 0.9 Best gamma: 1. Best Test accuracy: 0.8021. Train acc: 0.8032166666666667. 

09-14 20:32 DEBUG    PDM_KL log: {(3, 0.9, 1): {'shapes': [(784, 160), (160,), (160, 10), (10,)], 'train_accuracy': 0.8032166666666667, 'test_accuracy': 0.8021}} 
09-14 20:34 DEBUG    ****** PDM_KL matching ******** 
09-14 20:34 DEBUG    Best Sigma0: 3. Best sigma: 0.9 Best gamma: 1. Best Test accuracy: 0.6944. Train acc: 0.6929166666666666. 

09-14 20:34 DEBUG    PDM_KL log: {(3, 0.9, 1): {'shapes': [(784, 111), (111,), (111, 10), (10,)], 'train_accuracy': 0.6929166666666666, 'test_accuracy': 0.6944}} 
09-14 20:35 DEBUG    ****** PDM_KL matching ******** 
09-14 20:35 DEBUG    Best Sigma0: 3. Best sigma: 0.9 Best gamma: 1. Best Test accuracy: 0.0892. Train acc: 0.09035. 

09-14 20:35 DEBUG    PDM_KL log: {(3, 0.9, 1): {'shapes': [(784, 100), (100,), (100, 10), (10,)], 'train_accuracy': 0.09035, 'test_accuracy': 0.0892}} 
09-14 20:36 DEBUG    ****** PDM_KL matching ******** 
09-14 20:36 DEBUG    Best Sigma0: 3. Best sigma: 0.9 Best gamma: 1. Best Test accuracy: 0.0892. Train acc: 0.09035. 

09-14 20:36 DEBUG    PDM_KL log: {(3, 0.9, 1): {'shapes': [(784, 100), (100,), (100, 10), (10,)], 'train_accuracy': 0.09035, 'test_accuracy': 0.0892}} 
09-14 20:36 DEBUG    Trial 9 completed
09-14 20:36 DEBUG    ####################################################################################################
