09-13 11:56 DEBUG    Experiment arguments: Namespace(alpha=0.5, communication_rounds=None, datadir='data/cifar10', dataset='cifar10', device=1.0, dropout_p=0.0, epochs=10, experiment=['all'], init_seed=0, iter_epochs=5, layers=1, loaddir='saved_weights/cifar10/hetero-dir', logdir='KL_regs_bst_hyp/cifar10/hetero-dir', lr=0.01, lr_decay=1.0, n=6, n_layers=1, n_nets=10, net_config=[3072, 100, 100, 100, 10], num_pool_workers=6, partition='hetero-dir', pdm_gamma=50, pdm_sig=1, pdm_sig0=10, reg=1e-06, reg_fac=0.0, trials=10)
09-13 11:56 DEBUG    ####################################################################################################
09-13 11:56 DEBUG    Executing Trial 0 with seed 0
09-13 11:56 DEBUG    Data statistics: {0: {0: 953, 1: 142, 2: 141, 3: 75, 4: 695, 5: 819, 7: 2482}, 1: {0: 16, 1: 43, 2: 902, 3: 1650, 4: 86, 5: 182, 7: 693, 8: 110, 9: 6}, 2: {0: 9, 1: 8, 2: 290, 3: 769, 4: 841, 5: 283, 6: 119, 7: 1044, 8: 1014, 9: 58}, 3: {0: 395, 1: 1200, 2: 48, 3: 68, 4: 896, 5: 681, 6: 90, 7: 17, 8: 1351, 9: 301}, 4: {0: 504, 1: 2917, 2: 570, 3: 721, 4: 121, 5: 356}, 5: {0: 1262, 1: 71, 2: 325, 3: 119, 4: 1560, 5: 14, 6: 1, 7: 85, 8: 366}, 6: {0: 9, 1: 273, 2: 1657, 3: 40, 4: 1, 5: 130, 6: 1911, 7: 21, 8: 1160}, 7: {0: 722, 1: 3, 2: 281, 3: 738, 4: 22, 5: 974, 6: 624, 7: 1, 8: 82, 9: 878}, 8: {0: 1127, 1: 153, 2: 680, 3: 500, 4: 698, 5: 1139, 6: 92, 7: 23, 8: 1, 9: 3665}, 9: {0: 3, 1: 190, 2: 106, 3: 320, 4: 80, 5: 422, 6: 2163, 7: 634, 8: 916, 9: 92}}
09-13 11:57 DEBUG    **************************************************
09-13 11:57 DEBUG    Running experiments 

09-13 11:57 DEBUG    Uniform ensemble (Train acc): 0.350660
09-13 11:57 DEBUG    Uniform ensemble (Test acc): 0.349000
09-13 11:57 DEBUG    FedAvg (Train acc): 0.100000
09-13 11:57 DEBUG    FedAvg (Test acc): 0.100000
09-13 12:10 DEBUG    ****** PDM_KL matching ******** 
09-13 12:10 DEBUG    Best Sigma0: 10. Best sigma: 1 Best gamma: 50. Best Test accuracy: 0.1782. Train acc: 0.18298. 

09-13 12:10 DEBUG    PDM_KL log: {(10, 1, 50): {'shapes': [(3072, 700), (700,), (700, 298), (298,), (298, 234), (234,), (234, 10), (10,)], 'train_accuracy': 0.18298, 'test_accuracy': 0.1782}} 
09-13 12:40 DEBUG    ****** PDM_KL matching ******** 
09-13 12:40 DEBUG    Best Sigma0: 10. Best sigma: 1 Best gamma: 50. Best Test accuracy: 0.1787. Train acc: 0.18132. 

09-13 12:40 DEBUG    PDM_KL log: {(10, 1, 50): {'shapes': [(3072, 700), (700,), (700, 298), (298,), (298, 234), (234,), (234, 10), (10,)], 'train_accuracy': 0.18132, 'test_accuracy': 0.1787}} 
09-13 13:11 DEBUG    ****** PDM_KL matching ******** 
09-13 13:11 DEBUG    Best Sigma0: 10. Best sigma: 1 Best gamma: 50. Best Test accuracy: 0.1779. Train acc: 0.18152. 

09-13 13:11 DEBUG    PDM_KL log: {(10, 1, 50): {'shapes': [(3072, 700), (700,), (700, 298), (298,), (298, 234), (234,), (234, 10), (10,)], 'train_accuracy': 0.18152, 'test_accuracy': 0.1779}} 
09-13 13:41 DEBUG    ****** PDM_KL matching ******** 
09-13 13:41 DEBUG    Best Sigma0: 10. Best sigma: 1 Best gamma: 50. Best Test accuracy: 0.1844. Train acc: 0.189. 

09-13 13:41 DEBUG    PDM_KL log: {(10, 1, 50): {'shapes': [(3072, 700), (700,), (700, 298), (298,), (298, 234), (234,), (234, 10), (10,)], 'train_accuracy': 0.189, 'test_accuracy': 0.1844}} 
09-13 14:13 DEBUG    ****** PDM_KL matching ******** 
09-13 14:13 DEBUG    Best Sigma0: 10. Best sigma: 1 Best gamma: 50. Best Test accuracy: 0.1724. Train acc: 0.17744. 

09-13 14:13 DEBUG    PDM_KL log: {(10, 1, 50): {'shapes': [(3072, 700), (700,), (700, 298), (298,), (298, 234), (234,), (234, 10), (10,)], 'train_accuracy': 0.17744, 'test_accuracy': 0.1724}} 
09-13 14:46 DEBUG    ****** PDM_KL matching ******** 
09-13 14:46 DEBUG    Best Sigma0: 10. Best sigma: 1 Best gamma: 50. Best Test accuracy: 0.1765. Train acc: 0.18058. 

09-13 14:46 DEBUG    PDM_KL log: {(10, 1, 50): {'shapes': [(3072, 700), (700,), (700, 289), (289,), (289, 234), (234,), (234, 10), (10,)], 'train_accuracy': 0.18058, 'test_accuracy': 0.1765}} 
09-13 15:11 DEBUG    ****** PDM_KL matching ******** 
09-13 15:11 DEBUG    Best Sigma0: 10. Best sigma: 1 Best gamma: 50. Best Test accuracy: 0.173. Train acc: 0.17862. 

09-13 15:11 DEBUG    PDM_KL log: {(10, 1, 50): {'shapes': [(3072, 700), (700,), (700, 271), (271,), (271, 235), (235,), (235, 10), (10,)], 'train_accuracy': 0.17862, 'test_accuracy': 0.173}} 
09-13 15:37 DEBUG    ****** PDM_KL matching ******** 
09-13 15:37 DEBUG    Best Sigma0: 10. Best sigma: 1 Best gamma: 50. Best Test accuracy: 0.1974. Train acc: 0.20146. 

09-13 15:37 DEBUG    PDM_KL log: {(10, 1, 50): {'shapes': [(3072, 541), (541,), (541, 244), (244,), (244, 235), (235,), (235, 10), (10,)], 'train_accuracy': 0.20146, 'test_accuracy': 0.1974}} 
09-13 15:47 DEBUG    ****** PDM_KL matching ******** 
09-13 15:47 DEBUG    Best Sigma0: 10. Best sigma: 1 Best gamma: 50. Best Test accuracy: 0.1. Train acc: 0.1. 

09-13 15:47 DEBUG    PDM_KL log: {(10, 1, 50): {'shapes': [(3072, 109), (109,), (109, 190), (190,), (190, 217), (217,), (217, 10), (10,)], 'train_accuracy': 0.1, 'test_accuracy': 0.1}} 
09-13 15:55 DEBUG    ****** PDM_KL matching ******** 
09-13 15:55 DEBUG    Best Sigma0: 10. Best sigma: 1 Best gamma: 50. Best Test accuracy: 0.1. Train acc: 0.1. 

09-13 15:55 DEBUG    PDM_KL log: {(10, 1, 50): {'shapes': [(3072, 100), (100,), (100, 154), (154,), (154, 199), (199,), (199, 10), (10,)], 'train_accuracy': 0.1, 'test_accuracy': 0.1}} 
09-13 16:01 DEBUG    ****** PDM_KL matching ******** 
09-13 16:01 DEBUG    Best Sigma0: 10. Best sigma: 1 Best gamma: 50. Best Test accuracy: 0.1. Train acc: 0.1. 

09-13 16:01 DEBUG    PDM_KL log: {(10, 1, 50): {'shapes': [(3072, 100), (100,), (100, 136), (136,), (136, 172), (172,), (172, 10), (10,)], 'train_accuracy': 0.1, 'test_accuracy': 0.1}} 
09-13 16:01 DEBUG    Trial 0 completed
09-13 16:01 DEBUG    ####################################################################################################
09-13 16:01 DEBUG    ####################################################################################################
09-13 16:01 DEBUG    Executing Trial 1 with seed 1
09-13 16:01 DEBUG    Data statistics: {0: {0: 64, 1: 306, 2: 78, 3: 575, 4: 153, 5: 1405, 6: 540, 7: 346, 8: 1359, 9: 1110}, 1: {0: 727, 1: 1165, 2: 328, 3: 541, 4: 88, 5: 2, 6: 289, 7: 5, 8: 96, 9: 963}, 2: {0: 97, 1: 6, 2: 449, 3: 1188, 4: 884, 5: 1983, 6: 1198}, 3: {0: 1155, 1: 249, 2: 41, 3: 844, 4: 1354, 5: 27, 6: 2, 7: 612, 8: 1013}, 4: {0: 11, 1: 434, 2: 412, 3: 239, 4: 1707, 5: 740, 6: 107, 7: 830, 8: 236, 9: 272}, 5: {0: 2048, 1: 1819, 2: 716, 3: 194, 4: 566}, 6: {0: 12, 1: 682, 2: 1563, 3: 2, 4: 108, 5: 36, 6: 1697, 7: 811, 8: 52, 9: 2532}, 7: {0: 381, 1: 270, 2: 1103, 3: 250, 4: 16, 5: 214, 6: 381, 7: 1715, 8: 828}, 8: {0: 231, 1: 5, 3: 617, 4: 123, 5: 326, 6: 2, 8: 664, 9: 12}, 9: {0: 274, 1: 64, 2: 310, 3: 550, 4: 1, 5: 267, 6: 784, 7: 681, 8: 752, 9: 111}}
09-13 16:02 DEBUG    **************************************************
09-13 16:02 DEBUG    Running experiments 

09-13 16:03 DEBUG    Uniform ensemble (Train acc): 0.323180
09-13 16:03 DEBUG    Uniform ensemble (Test acc): 0.321600
09-13 16:03 DEBUG    FedAvg (Train acc): 0.100000
09-13 16:03 DEBUG    FedAvg (Test acc): 0.100000
09-13 16:21 DEBUG    ****** PDM_KL matching ******** 
09-13 16:21 DEBUG    Best Sigma0: 10. Best sigma: 1 Best gamma: 50. Best Test accuracy: 0.2141. Train acc: 0.21272. 

09-13 16:21 DEBUG    PDM_KL log: {(10, 1, 50): {'shapes': [(3072, 700), (700,), (700, 298), (298,), (298, 225), (225,), (225, 10), (10,)], 'train_accuracy': 0.21272, 'test_accuracy': 0.2141}} 
09-13 16:49 DEBUG    ****** PDM_KL matching ******** 
09-13 16:49 DEBUG    Best Sigma0: 10. Best sigma: 1 Best gamma: 50. Best Test accuracy: 0.2175. Train acc: 0.2152. 

09-13 16:49 DEBUG    PDM_KL log: {(10, 1, 50): {'shapes': [(3072, 700), (700,), (700, 298), (298,), (298, 225), (225,), (225, 10), (10,)], 'train_accuracy': 0.2152, 'test_accuracy': 0.2175}} 
09-13 17:14 DEBUG    ****** PDM_KL matching ******** 
09-13 17:14 DEBUG    Best Sigma0: 10. Best sigma: 1 Best gamma: 50. Best Test accuracy: 0.2078. Train acc: 0.20778. 

09-13 17:14 DEBUG    PDM_KL log: {(10, 1, 50): {'shapes': [(3072, 700), (700,), (700, 298), (298,), (298, 225), (225,), (225, 10), (10,)], 'train_accuracy': 0.20778, 'test_accuracy': 0.2078}} 
09-13 17:43 DEBUG    ****** PDM_KL matching ******** 
09-13 17:43 DEBUG    Best Sigma0: 10. Best sigma: 1 Best gamma: 50. Best Test accuracy: 0.2136. Train acc: 0.21294. 

09-13 17:43 DEBUG    PDM_KL log: {(10, 1, 50): {'shapes': [(3072, 700), (700,), (700, 298), (298,), (298, 225), (225,), (225, 10), (10,)], 'train_accuracy': 0.21294, 'test_accuracy': 0.2136}} 
09-13 18:09 DEBUG    ****** PDM_KL matching ******** 
09-13 18:09 DEBUG    Best Sigma0: 10. Best sigma: 1 Best gamma: 50. Best Test accuracy: 0.2012. Train acc: 0.1998. 

09-13 18:09 DEBUG    PDM_KL log: {(10, 1, 50): {'shapes': [(3072, 700), (700,), (700, 298), (298,), (298, 225), (225,), (225, 10), (10,)], 'train_accuracy': 0.1998, 'test_accuracy': 0.2012}} 
09-13 18:41 DEBUG    ****** PDM_KL matching ******** 
09-13 18:41 DEBUG    Best Sigma0: 10. Best sigma: 1 Best gamma: 50. Best Test accuracy: 0.2172. Train acc: 0.21862. 

09-13 18:41 DEBUG    PDM_KL log: {(10, 1, 50): {'shapes': [(3072, 700), (700,), (700, 289), (289,), (289, 225), (225,), (225, 10), (10,)], 'train_accuracy': 0.21862, 'test_accuracy': 0.2172}} 
09-13 19:13 DEBUG    ****** PDM_KL matching ******** 
09-13 19:13 DEBUG    Best Sigma0: 10. Best sigma: 1 Best gamma: 50. Best Test accuracy: 0.21. Train acc: 0.21012. 

09-13 19:13 DEBUG    PDM_KL log: {(10, 1, 50): {'shapes': [(3072, 700), (700,), (700, 262), (262,), (262, 235), (235,), (235, 10), (10,)], 'train_accuracy': 0.21012, 'test_accuracy': 0.21}} 
09-13 19:43 DEBUG    ****** PDM_KL matching ******** 
09-13 19:43 DEBUG    Best Sigma0: 10. Best sigma: 1 Best gamma: 50. Best Test accuracy: 0.1934. Train acc: 0.1949. 

09-13 19:43 DEBUG    PDM_KL log: {(10, 1, 50): {'shapes': [(3072, 649), (649,), (649, 244), (244,), (244, 235), (235,), (235, 10), (10,)], 'train_accuracy': 0.1949, 'test_accuracy': 0.1934}} 
09-13 19:52 DEBUG    ****** PDM_KL matching ******** 
09-13 19:52 DEBUG    Best Sigma0: 10. Best sigma: 1 Best gamma: 50. Best Test accuracy: 0.1. Train acc: 0.1. 

09-13 19:52 DEBUG    PDM_KL log: {(10, 1, 50): {'shapes': [(3072, 118), (118,), (118, 190), (190,), (190, 226), (226,), (226, 10), (10,)], 'train_accuracy': 0.1, 'test_accuracy': 0.1}} 
09-13 20:00 DEBUG    ****** PDM_KL matching ******** 
09-13 20:00 DEBUG    Best Sigma0: 10. Best sigma: 1 Best gamma: 50. Best Test accuracy: 0.1. Train acc: 0.1. 

09-13 20:00 DEBUG    PDM_KL log: {(10, 1, 50): {'shapes': [(3072, 105), (105,), (105, 154), (154,), (154, 199), (199,), (199, 10), (10,)], 'train_accuracy': 0.1, 'test_accuracy': 0.1}} 
09-13 20:09 DEBUG    ****** PDM_KL matching ******** 
09-13 20:09 DEBUG    Best Sigma0: 10. Best sigma: 1 Best gamma: 50. Best Test accuracy: 0.1. Train acc: 0.1. 

09-13 20:09 DEBUG    PDM_KL log: {(10, 1, 50): {'shapes': [(3072, 100), (100,), (100, 126), (126,), (126, 181), (181,), (181, 10), (10,)], 'train_accuracy': 0.1, 'test_accuracy': 0.1}} 
09-13 20:09 DEBUG    Trial 1 completed
09-13 20:09 DEBUG    ####################################################################################################
09-13 20:09 DEBUG    ####################################################################################################
09-13 20:09 DEBUG    Executing Trial 2 with seed 2
09-13 20:09 DEBUG    Data statistics: {0: {0: 20, 1: 166, 2: 805, 3: 1865, 4: 1297, 5: 1014}, 1: {0: 318, 1: 1068, 2: 10, 3: 177, 4: 73, 5: 25, 6: 630, 7: 719, 8: 206, 9: 1249}, 2: {0: 527, 1: 20, 2: 32, 3: 198, 4: 71, 5: 33, 6: 27, 7: 626, 8: 383, 9: 244}, 3: {0: 271, 1: 1707, 2: 2, 3: 229, 4: 526, 5: 372, 6: 24, 7: 175, 8: 413, 9: 1788}, 4: {0: 930, 1: 357, 2: 340, 3: 268, 4: 2215, 5: 2429}, 5: {0: 226, 1: 83, 2: 2028, 3: 461, 4: 131, 5: 293, 6: 10, 7: 3134}, 6: {0: 39, 1: 1568, 2: 691, 3: 1584, 4: 370, 5: 669, 6: 1506}, 7: {0: 1548, 1: 6, 2: 397, 3: 188, 4: 35, 5: 155, 6: 806, 7: 179, 8: 2216}, 8: {0: 1107, 1: 22, 2: 294, 3: 17, 4: 264, 6: 1214, 7: 8, 8: 749, 9: 929}, 9: {0: 14, 1: 3, 2: 401, 3: 13, 4: 18, 5: 10, 6: 783, 7: 159, 8: 1033, 9: 790}}
09-13 20:11 DEBUG    **************************************************
09-13 20:11 DEBUG    Running experiments 

09-13 20:11 DEBUG    Uniform ensemble (Train acc): 0.349940
09-13 20:11 DEBUG    Uniform ensemble (Test acc): 0.345200
09-13 20:12 DEBUG    FedAvg (Train acc): 0.100000
09-13 20:12 DEBUG    FedAvg (Test acc): 0.100000
09-13 20:26 DEBUG    ****** PDM_KL matching ******** 
09-13 20:26 DEBUG    Best Sigma0: 10. Best sigma: 1 Best gamma: 50. Best Test accuracy: 0.1868. Train acc: 0.18662. 

09-13 20:26 DEBUG    PDM_KL log: {(10, 1, 50): {'shapes': [(3072, 700), (700,), (700, 298), (298,), (298, 223), (223,), (223, 10), (10,)], 'train_accuracy': 0.18662, 'test_accuracy': 0.1868}} 
09-13 20:56 DEBUG    ****** PDM_KL matching ******** 
09-13 20:56 DEBUG    Best Sigma0: 10. Best sigma: 1 Best gamma: 50. Best Test accuracy: 0.1793. Train acc: 0.18166. 

09-13 20:56 DEBUG    PDM_KL log: {(10, 1, 50): {'shapes': [(3072, 700), (700,), (700, 289), (289,), (289, 223), (223,), (223, 10), (10,)], 'train_accuracy': 0.18166, 'test_accuracy': 0.1793}} 
09-13 21:24 DEBUG    ****** PDM_KL matching ******** 
09-13 21:24 DEBUG    Best Sigma0: 10. Best sigma: 1 Best gamma: 50. Best Test accuracy: 0.1897. Train acc: 0.18922. 

09-13 21:24 DEBUG    PDM_KL log: {(10, 1, 50): {'shapes': [(3072, 700), (700,), (700, 298), (298,), (298, 223), (223,), (223, 10), (10,)], 'train_accuracy': 0.18922, 'test_accuracy': 0.1897}} 
09-13 21:51 DEBUG    ****** PDM_KL matching ******** 
09-13 21:51 DEBUG    Best Sigma0: 10. Best sigma: 1 Best gamma: 50. Best Test accuracy: 0.1935. Train acc: 0.19546. 

09-13 21:51 DEBUG    PDM_KL log: {(10, 1, 50): {'shapes': [(3072, 700), (700,), (700, 289), (289,), (289, 223), (223,), (223, 10), (10,)], 'train_accuracy': 0.19546, 'test_accuracy': 0.1935}} 
09-13 22:16 DEBUG    ****** PDM_KL matching ******** 
09-13 22:16 DEBUG    Best Sigma0: 10. Best sigma: 1 Best gamma: 50. Best Test accuracy: 0.1924. Train acc: 0.19376. 

09-13 22:16 DEBUG    PDM_KL log: {(10, 1, 50): {'shapes': [(3072, 700), (700,), (700, 289), (289,), (289, 223), (223,), (223, 10), (10,)], 'train_accuracy': 0.19376, 'test_accuracy': 0.1924}} 
09-13 22:45 DEBUG    ****** PDM_KL matching ******** 
09-13 22:45 DEBUG    Best Sigma0: 10. Best sigma: 1 Best gamma: 50. Best Test accuracy: 0.1988. Train acc: 0.19992. 

09-13 22:45 DEBUG    PDM_KL log: {(10, 1, 50): {'shapes': [(3072, 700), (700,), (700, 289), (289,), (289, 232), (232,), (232, 10), (10,)], 'train_accuracy': 0.19992, 'test_accuracy': 0.1988}} 
09-13 23:15 DEBUG    ****** PDM_KL matching ******** 
09-13 23:15 DEBUG    Best Sigma0: 10. Best sigma: 1 Best gamma: 50. Best Test accuracy: 0.1779. Train acc: 0.18214. 

09-13 23:15 DEBUG    PDM_KL log: {(10, 1, 50): {'shapes': [(3072, 700), (700,), (700, 262), (262,), (262, 235), (235,), (235, 10), (10,)], 'train_accuracy': 0.18214, 'test_accuracy': 0.1779}} 
09-13 23:45 DEBUG    ****** PDM_KL matching ******** 
09-13 23:45 DEBUG    Best Sigma0: 10. Best sigma: 1 Best gamma: 50. Best Test accuracy: 0.1832. Train acc: 0.18468. 

09-13 23:45 DEBUG    PDM_KL log: {(10, 1, 50): {'shapes': [(3072, 541), (541,), (541, 244), (244,), (244, 235), (235,), (235, 10), (10,)], 'train_accuracy': 0.18468, 'test_accuracy': 0.1832}} 
09-13 23:51 DEBUG    ****** PDM_KL matching ******** 
09-13 23:51 DEBUG    Best Sigma0: 10. Best sigma: 1 Best gamma: 50. Best Test accuracy: 0.1. Train acc: 0.1. 

09-13 23:51 DEBUG    PDM_KL log: {(10, 1, 50): {'shapes': [(3072, 116), (116,), (116, 190), (190,), (190, 217), (217,), (217, 10), (10,)], 'train_accuracy': 0.1, 'test_accuracy': 0.1}} 
09-13 23:58 DEBUG    ****** PDM_KL matching ******** 
09-13 23:58 DEBUG    Best Sigma0: 10. Best sigma: 1 Best gamma: 50. Best Test accuracy: 0.1. Train acc: 0.1. 

09-13 23:58 DEBUG    PDM_KL log: {(10, 1, 50): {'shapes': [(3072, 104), (104,), (104, 145), (145,), (145, 199), (199,), (199, 10), (10,)], 'train_accuracy': 0.1, 'test_accuracy': 0.1}} 
09-14 00:07 DEBUG    ****** PDM_KL matching ******** 
09-14 00:07 DEBUG    Best Sigma0: 10. Best sigma: 1 Best gamma: 50. Best Test accuracy: 0.1. Train acc: 0.1. 

09-14 00:07 DEBUG    PDM_KL log: {(10, 1, 50): {'shapes': [(3072, 100), (100,), (100, 127), (127,), (127, 172), (172,), (172, 10), (10,)], 'train_accuracy': 0.1, 'test_accuracy': 0.1}} 
09-14 00:07 DEBUG    Trial 2 completed
09-14 00:07 DEBUG    ####################################################################################################
09-14 00:07 DEBUG    ####################################################################################################
09-14 00:07 DEBUG    Executing Trial 3 with seed 3
09-14 00:07 DEBUG    Data statistics: {0: {0: 324, 1: 286, 2: 177, 3: 114, 4: 936, 5: 105, 6: 350, 7: 5, 8: 428, 9: 978}, 1: {0: 906, 1: 924, 2: 1139, 3: 191, 4: 579, 5: 333, 6: 718, 7: 28, 8: 83, 9: 1105}, 2: {0: 381, 1: 108, 2: 483, 3: 1152, 4: 1050, 5: 78, 6: 954, 7: 206, 8: 620}, 3: {0: 7, 1: 1745, 2: 1728, 3: 388, 4: 193, 5: 831, 6: 841}, 4: {0: 1403, 1: 431, 2: 577, 3: 316, 4: 1020, 5: 559, 6: 1770}, 5: {0: 635, 1: 195, 2: 61, 3: 595, 4: 275, 5: 842, 6: 4, 7: 3009}, 6: {0: 23, 1: 46, 2: 454, 3: 833, 4: 189, 5: 117, 6: 161, 7: 426, 8: 1887, 9: 1182}, 7: {0: 1227, 1: 455, 2: 49, 3: 370, 4: 150, 5: 261, 6: 18, 7: 1, 8: 35, 9: 120}, 8: {0: 88, 1: 72, 2: 3, 3: 1022, 4: 57, 5: 627, 6: 66, 7: 1039, 8: 1251, 9: 1308}, 9: {0: 6, 1: 738, 2: 329, 3: 19, 4: 551, 5: 1247, 6: 118, 7: 286, 8: 696, 9: 307}}
09-14 00:08 DEBUG    **************************************************
09-14 00:08 DEBUG    Running experiments 

09-14 00:08 DEBUG    Uniform ensemble (Train acc): 0.363960
09-14 00:08 DEBUG    Uniform ensemble (Test acc): 0.351800
09-14 00:09 DEBUG    FedAvg (Train acc): 0.100000
09-14 00:09 DEBUG    FedAvg (Test acc): 0.100000
09-14 00:23 DEBUG    ****** PDM_KL matching ******** 
09-14 00:23 DEBUG    Best Sigma0: 10. Best sigma: 1 Best gamma: 50. Best Test accuracy: 0.2395. Train acc: 0.23938. 

09-14 00:23 DEBUG    PDM_KL log: {(10, 1, 50): {'shapes': [(3072, 700), (700,), (700, 289), (289,), (289, 224), (224,), (224, 10), (10,)], 'train_accuracy': 0.23938, 'test_accuracy': 0.2395}} 
09-14 00:53 DEBUG    ****** PDM_KL matching ******** 
09-14 00:53 DEBUG    Best Sigma0: 10. Best sigma: 1 Best gamma: 50. Best Test accuracy: 0.2466. Train acc: 0.24834. 

09-14 00:53 DEBUG    PDM_KL log: {(10, 1, 50): {'shapes': [(3072, 700), (700,), (700, 289), (289,), (289, 224), (224,), (224, 10), (10,)], 'train_accuracy': 0.24834, 'test_accuracy': 0.2466}} 
09-14 01:26 DEBUG    ****** PDM_KL matching ******** 
09-14 01:26 DEBUG    Best Sigma0: 10. Best sigma: 1 Best gamma: 50. Best Test accuracy: 0.2375. Train acc: 0.23448. 

09-14 01:26 DEBUG    PDM_KL log: {(10, 1, 50): {'shapes': [(3072, 700), (700,), (700, 289), (289,), (289, 225), (225,), (225, 10), (10,)], 'train_accuracy': 0.23448, 'test_accuracy': 0.2375}} 
09-14 01:57 DEBUG    ****** PDM_KL matching ******** 
09-14 01:57 DEBUG    Best Sigma0: 10. Best sigma: 1 Best gamma: 50. Best Test accuracy: 0.2471. Train acc: 0.24692. 

09-14 01:57 DEBUG    PDM_KL log: {(10, 1, 50): {'shapes': [(3072, 700), (700,), (700, 289), (289,), (289, 225), (225,), (225, 10), (10,)], 'train_accuracy': 0.24692, 'test_accuracy': 0.2471}} 
09-14 02:26 DEBUG    ****** PDM_KL matching ******** 
09-14 02:26 DEBUG    Best Sigma0: 10. Best sigma: 1 Best gamma: 50. Best Test accuracy: 0.2463. Train acc: 0.24584. 

09-14 02:26 DEBUG    PDM_KL log: {(10, 1, 50): {'shapes': [(3072, 700), (700,), (700, 289), (289,), (289, 225), (225,), (225, 10), (10,)], 'train_accuracy': 0.24584, 'test_accuracy': 0.2463}} 
09-14 02:51 DEBUG    ****** PDM_KL matching ******** 
09-14 02:51 DEBUG    Best Sigma0: 10. Best sigma: 1 Best gamma: 50. Best Test accuracy: 0.2454. Train acc: 0.2446. 

09-14 02:51 DEBUG    PDM_KL log: {(10, 1, 50): {'shapes': [(3072, 700), (700,), (700, 289), (289,), (289, 225), (225,), (225, 10), (10,)], 'train_accuracy': 0.2446, 'test_accuracy': 0.2454}} 
09-14 03:13 DEBUG    ****** PDM_KL matching ******** 
09-14 03:13 DEBUG    Best Sigma0: 10. Best sigma: 1 Best gamma: 50. Best Test accuracy: 0.24. Train acc: 0.2432. 

09-14 03:13 DEBUG    PDM_KL log: {(10, 1, 50): {'shapes': [(3072, 700), (700,), (700, 271), (271,), (271, 235), (235,), (235, 10), (10,)], 'train_accuracy': 0.2432, 'test_accuracy': 0.24}} 
09-14 03:41 DEBUG    ****** PDM_KL matching ******** 
09-14 03:41 DEBUG    Best Sigma0: 10. Best sigma: 1 Best gamma: 50. Best Test accuracy: 0.2358. Train acc: 0.23504. 

09-14 03:41 DEBUG    PDM_KL log: {(10, 1, 50): {'shapes': [(3072, 685), (685,), (685, 244), (244,), (244, 235), (235,), (235, 10), (10,)], 'train_accuracy': 0.23504, 'test_accuracy': 0.2358}} 
09-14 03:52 DEBUG    ****** PDM_KL matching ******** 
09-14 03:52 DEBUG    Best Sigma0: 10. Best sigma: 1 Best gamma: 50. Best Test accuracy: 0.1. Train acc: 0.1. 

09-14 03:52 DEBUG    PDM_KL log: {(10, 1, 50): {'shapes': [(3072, 117), (117,), (117, 190), (190,), (190, 217), (217,), (217, 10), (10,)], 'train_accuracy': 0.1, 'test_accuracy': 0.1}} 
09-14 04:02 DEBUG    ****** PDM_KL matching ******** 
09-14 04:02 DEBUG    Best Sigma0: 10. Best sigma: 1 Best gamma: 50. Best Test accuracy: 0.1. Train acc: 0.1. 

09-14 04:02 DEBUG    PDM_KL log: {(10, 1, 50): {'shapes': [(3072, 101), (101,), (101, 154), (154,), (154, 199), (199,), (199, 10), (10,)], 'train_accuracy': 0.1, 'test_accuracy': 0.1}} 
09-14 04:07 DEBUG    ****** PDM_KL matching ******** 
09-14 04:07 DEBUG    Best Sigma0: 10. Best sigma: 1 Best gamma: 50. Best Test accuracy: 0.1. Train acc: 0.1. 

09-14 04:07 DEBUG    PDM_KL log: {(10, 1, 50): {'shapes': [(3072, 100), (100,), (100, 136), (136,), (136, 172), (172,), (172, 10), (10,)], 'train_accuracy': 0.1, 'test_accuracy': 0.1}} 
09-14 04:07 DEBUG    Trial 3 completed
09-14 04:07 DEBUG    ####################################################################################################
09-14 04:07 DEBUG    ####################################################################################################
09-14 04:07 DEBUG    Executing Trial 4 with seed 4
09-14 04:07 DEBUG    Data statistics: {0: {0: 116, 1: 167, 2: 88, 3: 501, 4: 1763, 5: 100, 6: 1147, 7: 1088, 8: 101}, 1: {0: 1327, 1: 229, 2: 881, 3: 372, 4: 1411, 5: 4, 6: 263, 7: 15, 8: 830}, 2: {0: 866, 1: 225, 2: 26, 3: 5, 4: 46, 5: 576, 6: 123, 7: 66, 8: 2380, 9: 108}, 3: {0: 1036, 1: 224, 2: 53, 3: 278, 4: 529, 5: 27, 6: 210, 7: 986, 8: 945, 9: 642}, 4: {0: 177, 1: 95, 2: 97, 3: 238, 4: 1032, 5: 782, 6: 1659, 7: 18, 8: 55, 9: 19}, 5: {0: 218, 1: 12, 2: 2048, 3: 2046, 4: 22, 5: 257, 6: 1287}, 6: {0: 161, 1: 358, 2: 10, 3: 353, 4: 105, 5: 1008, 6: 3, 7: 102, 8: 192, 9: 1874}, 7: {0: 2, 1: 3399, 2: 1473, 3: 595}, 8: {0: 151, 1: 187, 2: 41, 3: 128, 4: 67, 5: 398, 6: 54, 7: 181, 8: 497, 9: 2357}, 9: {0: 946, 1: 104, 2: 283, 3: 484, 4: 25, 5: 1848, 6: 254, 7: 2544}}
09-14 04:08 DEBUG    **************************************************
09-14 04:08 DEBUG    Running experiments 

09-14 04:09 DEBUG    Uniform ensemble (Train acc): 0.323180
09-14 04:09 DEBUG    Uniform ensemble (Test acc): 0.321900
09-14 04:09 DEBUG    FedAvg (Train acc): 0.100000
09-14 04:09 DEBUG    FedAvg (Test acc): 0.100000
09-14 04:28 DEBUG    ****** PDM_KL matching ******** 
09-14 04:28 DEBUG    Best Sigma0: 10. Best sigma: 1 Best gamma: 50. Best Test accuracy: 0.1957. Train acc: 0.19366. 

09-14 04:28 DEBUG    PDM_KL log: {(10, 1, 50): {'shapes': [(3072, 700), (700,), (700, 289), (289,), (289, 226), (226,), (226, 10), (10,)], 'train_accuracy': 0.19366, 'test_accuracy': 0.1957}} 
09-14 04:58 DEBUG    ****** PDM_KL matching ******** 
09-14 04:58 DEBUG    Best Sigma0: 10. Best sigma: 1 Best gamma: 50. Best Test accuracy: 0.1882. Train acc: 0.18984. 

09-14 04:58 DEBUG    PDM_KL log: {(10, 1, 50): {'shapes': [(3072, 700), (700,), (700, 298), (298,), (298, 226), (226,), (226, 10), (10,)], 'train_accuracy': 0.18984, 'test_accuracy': 0.1882}} 
09-14 05:29 DEBUG    ****** PDM_KL matching ******** 
09-14 05:29 DEBUG    Best Sigma0: 10. Best sigma: 1 Best gamma: 50. Best Test accuracy: 0.1826. Train acc: 0.17996. 

09-14 05:29 DEBUG    PDM_KL log: {(10, 1, 50): {'shapes': [(3072, 700), (700,), (700, 298), (298,), (298, 226), (226,), (226, 10), (10,)], 'train_accuracy': 0.17996, 'test_accuracy': 0.1826}} 
09-14 05:55 DEBUG    ****** PDM_KL matching ******** 
09-14 05:55 DEBUG    Best Sigma0: 10. Best sigma: 1 Best gamma: 50. Best Test accuracy: 0.1886. Train acc: 0.18622. 

09-14 05:55 DEBUG    PDM_KL log: {(10, 1, 50): {'shapes': [(3072, 700), (700,), (700, 289), (289,), (289, 226), (226,), (226, 10), (10,)], 'train_accuracy': 0.18622, 'test_accuracy': 0.1886}} 
09-14 06:26 DEBUG    ****** PDM_KL matching ******** 
09-14 06:26 DEBUG    Best Sigma0: 10. Best sigma: 1 Best gamma: 50. Best Test accuracy: 0.1934. Train acc: 0.192. 

09-14 06:26 DEBUG    PDM_KL log: {(10, 1, 50): {'shapes': [(3072, 700), (700,), (700, 289), (289,), (289, 226), (226,), (226, 10), (10,)], 'train_accuracy': 0.192, 'test_accuracy': 0.1934}} 
09-14 06:58 DEBUG    ****** PDM_KL matching ******** 
09-14 06:58 DEBUG    Best Sigma0: 10. Best sigma: 1 Best gamma: 50. Best Test accuracy: 0.1732. Train acc: 0.1704. 

09-14 06:58 DEBUG    PDM_KL log: {(10, 1, 50): {'shapes': [(3072, 700), (700,), (700, 280), (280,), (280, 226), (226,), (226, 10), (10,)], 'train_accuracy': 0.1704, 'test_accuracy': 0.1732}} 
09-14 07:26 DEBUG    ****** PDM_KL matching ******** 
09-14 07:26 DEBUG    Best Sigma0: 10. Best sigma: 1 Best gamma: 50. Best Test accuracy: 0.1837. Train acc: 0.17954. 

09-14 07:26 DEBUG    PDM_KL log: {(10, 1, 50): {'shapes': [(3072, 700), (700,), (700, 262), (262,), (262, 235), (235,), (235, 10), (10,)], 'train_accuracy': 0.17954, 'test_accuracy': 0.1837}} 
09-14 07:51 DEBUG    ****** PDM_KL matching ******** 
09-14 07:51 DEBUG    Best Sigma0: 10. Best sigma: 1 Best gamma: 50. Best Test accuracy: 0.1885. Train acc: 0.1867. 

09-14 07:51 DEBUG    PDM_KL log: {(10, 1, 50): {'shapes': [(3072, 559), (559,), (559, 244), (244,), (244, 235), (235,), (235, 10), (10,)], 'train_accuracy': 0.1867, 'test_accuracy': 0.1885}} 
09-14 07:59 DEBUG    ****** PDM_KL matching ******** 
09-14 07:59 DEBUG    Best Sigma0: 10. Best sigma: 1 Best gamma: 50. Best Test accuracy: 0.1. Train acc: 0.1. 

09-14 07:59 DEBUG    PDM_KL log: {(10, 1, 50): {'shapes': [(3072, 117), (117,), (117, 190), (190,), (190, 226), (226,), (226, 10), (10,)], 'train_accuracy': 0.1, 'test_accuracy': 0.1}} 
09-14 08:07 DEBUG    ****** PDM_KL matching ******** 
09-14 08:07 DEBUG    Best Sigma0: 10. Best sigma: 1 Best gamma: 50. Best Test accuracy: 0.1. Train acc: 0.1. 

09-14 08:07 DEBUG    PDM_KL log: {(10, 1, 50): {'shapes': [(3072, 107), (107,), (107, 136), (136,), (136, 199), (199,), (199, 10), (10,)], 'train_accuracy': 0.1, 'test_accuracy': 0.1}} 
09-14 08:12 DEBUG    ****** PDM_KL matching ******** 
09-14 08:12 DEBUG    Best Sigma0: 10. Best sigma: 1 Best gamma: 50. Best Test accuracy: 0.1. Train acc: 0.1. 

09-14 08:12 DEBUG    PDM_KL log: {(10, 1, 50): {'shapes': [(3072, 103), (103,), (103, 127), (127,), (127, 181), (181,), (181, 10), (10,)], 'train_accuracy': 0.1, 'test_accuracy': 0.1}} 
09-14 08:12 DEBUG    Trial 4 completed
09-14 08:12 DEBUG    ####################################################################################################
09-14 08:12 DEBUG    ####################################################################################################
09-14 08:12 DEBUG    Executing Trial 5 with seed 5
09-14 08:12 DEBUG    Data statistics: {0: {0: 160, 1: 191, 2: 2146, 3: 460, 5: 1, 6: 98, 7: 491, 8: 455, 9: 624}, 1: {0: 26, 1: 1554, 2: 97, 3: 112, 4: 906, 5: 998, 6: 109, 7: 1910}, 2: {0: 329, 1: 8, 2: 65, 3: 34, 4: 1651, 5: 55, 6: 1842, 7: 465, 8: 2, 9: 15}, 3: {0: 1828, 1: 177, 2: 821, 3: 523, 4: 165, 5: 304, 6: 1230}, 4: {0: 29, 1: 76, 2: 1207, 3: 188, 4: 164, 5: 234, 6: 100, 7: 11, 8: 2266, 9: 1034}, 5: {0: 42, 1: 358, 2: 148, 3: 1909, 4: 121, 5: 105, 6: 985, 7: 503, 8: 466, 9: 2717}, 6: {0: 1553, 1: 12, 2: 282, 3: 1, 4: 1311, 5: 2405}, 7: {0: 795, 1: 736, 2: 8, 3: 7, 4: 150, 5: 523, 6: 216, 7: 1253, 8: 507, 9: 374}, 8: {0: 44, 1: 347, 2: 76, 3: 1581, 4: 14, 5: 360, 6: 22, 7: 103, 8: 1303, 9: 19}, 9: {0: 194, 1: 1541, 2: 150, 3: 185, 4: 518, 5: 15, 6: 398, 7: 264, 8: 1, 9: 217}}
09-14 08:14 DEBUG    **************************************************
09-14 08:14 DEBUG    Running experiments 

09-14 08:14 DEBUG    Uniform ensemble (Train acc): 0.368380
09-14 08:14 DEBUG    Uniform ensemble (Test acc): 0.362500
09-14 08:14 DEBUG    FedAvg (Train acc): 0.100000
09-14 08:14 DEBUG    FedAvg (Test acc): 0.100000
09-14 08:29 DEBUG    ****** PDM_KL matching ******** 
09-14 08:29 DEBUG    Best Sigma0: 10. Best sigma: 1 Best gamma: 50. Best Test accuracy: 0.1917. Train acc: 0.18956. 

09-14 08:29 DEBUG    PDM_KL log: {(10, 1, 50): {'shapes': [(3072, 700), (700,), (700, 289), (289,), (289, 226), (226,), (226, 10), (10,)], 'train_accuracy': 0.18956, 'test_accuracy': 0.1917}} 
09-14 08:56 DEBUG    ****** PDM_KL matching ******** 
09-14 08:56 DEBUG    Best Sigma0: 10. Best sigma: 1 Best gamma: 50. Best Test accuracy: 0.1741. Train acc: 0.17606. 

09-14 08:56 DEBUG    PDM_KL log: {(10, 1, 50): {'shapes': [(3072, 700), (700,), (700, 289), (289,), (289, 226), (226,), (226, 10), (10,)], 'train_accuracy': 0.17606, 'test_accuracy': 0.1741}} 
09-14 09:25 DEBUG    ****** PDM_KL matching ******** 
09-14 09:25 DEBUG    Best Sigma0: 10. Best sigma: 1 Best gamma: 50. Best Test accuracy: 0.1723. Train acc: 0.17488. 

09-14 09:25 DEBUG    PDM_KL log: {(10, 1, 50): {'shapes': [(3072, 700), (700,), (700, 298), (298,), (298, 226), (226,), (226, 10), (10,)], 'train_accuracy': 0.17488, 'test_accuracy': 0.1723}} 
09-14 09:54 DEBUG    ****** PDM_KL matching ******** 
09-14 09:54 DEBUG    Best Sigma0: 10. Best sigma: 1 Best gamma: 50. Best Test accuracy: 0.1742. Train acc: 0.17582. 

09-14 09:54 DEBUG    PDM_KL log: {(10, 1, 50): {'shapes': [(3072, 700), (700,), (700, 289), (289,), (289, 226), (226,), (226, 10), (10,)], 'train_accuracy': 0.17582, 'test_accuracy': 0.1742}} 
09-14 10:24 DEBUG    ****** PDM_KL matching ******** 
09-14 10:24 DEBUG    Best Sigma0: 10. Best sigma: 1 Best gamma: 50. Best Test accuracy: 0.1673. Train acc: 0.1683. 

09-14 10:24 DEBUG    PDM_KL log: {(10, 1, 50): {'shapes': [(3072, 700), (700,), (700, 289), (289,), (289, 233), (233,), (233, 10), (10,)], 'train_accuracy': 0.1683, 'test_accuracy': 0.1673}} 
09-14 10:57 DEBUG    ****** PDM_KL matching ******** 
09-14 10:57 DEBUG    Best Sigma0: 10. Best sigma: 1 Best gamma: 50. Best Test accuracy: 0.1598. Train acc: 0.16136. 

09-14 10:57 DEBUG    PDM_KL log: {(10, 1, 50): {'shapes': [(3072, 700), (700,), (700, 289), (289,), (289, 234), (234,), (234, 10), (10,)], 'train_accuracy': 0.16136, 'test_accuracy': 0.1598}} 
09-14 11:29 DEBUG    ****** PDM_KL matching ******** 
09-14 11:29 DEBUG    Best Sigma0: 10. Best sigma: 1 Best gamma: 50. Best Test accuracy: 0.1508. Train acc: 0.14928. 

09-14 11:29 DEBUG    PDM_KL log: {(10, 1, 50): {'shapes': [(3072, 700), (700,), (700, 262), (262,), (262, 235), (235,), (235, 10), (10,)], 'train_accuracy': 0.14928, 'test_accuracy': 0.1508}} 
09-14 11:53 DEBUG    ****** PDM_KL matching ******** 
09-14 11:53 DEBUG    Best Sigma0: 10. Best sigma: 1 Best gamma: 50. Best Test accuracy: 0.1715. Train acc: 0.171. 

09-14 11:53 DEBUG    PDM_KL log: {(10, 1, 50): {'shapes': [(3072, 568), (568,), (568, 244), (244,), (244, 235), (235,), (235, 10), (10,)], 'train_accuracy': 0.171, 'test_accuracy': 0.1715}} 
09-14 12:01 DEBUG    ****** PDM_KL matching ******** 
09-14 12:01 DEBUG    Best Sigma0: 10. Best sigma: 1 Best gamma: 50. Best Test accuracy: 0.1. Train acc: 0.1. 

09-14 12:01 DEBUG    PDM_KL log: {(10, 1, 50): {'shapes': [(3072, 118), (118,), (118, 199), (199,), (199, 226), (226,), (226, 10), (10,)], 'train_accuracy': 0.1, 'test_accuracy': 0.1}} 
09-14 12:06 DEBUG    ****** PDM_KL matching ******** 
09-14 12:06 DEBUG    Best Sigma0: 10. Best sigma: 1 Best gamma: 50. Best Test accuracy: 0.1. Train acc: 0.1. 

09-14 12:06 DEBUG    PDM_KL log: {(10, 1, 50): {'shapes': [(3072, 100), (100,), (100, 154), (154,), (154, 199), (199,), (199, 10), (10,)], 'train_accuracy': 0.1, 'test_accuracy': 0.1}} 
09-14 12:15 DEBUG    ****** PDM_KL matching ******** 
09-14 12:15 DEBUG    Best Sigma0: 10. Best sigma: 1 Best gamma: 50. Best Test accuracy: 0.1. Train acc: 0.1. 

09-14 12:15 DEBUG    PDM_KL log: {(10, 1, 50): {'shapes': [(3072, 101), (101,), (101, 145), (145,), (145, 172), (172,), (172, 10), (10,)], 'train_accuracy': 0.1, 'test_accuracy': 0.1}} 
09-14 12:15 DEBUG    Trial 5 completed
09-14 12:15 DEBUG    ####################################################################################################
09-14 12:15 DEBUG    ####################################################################################################
09-14 12:15 DEBUG    Executing Trial 6 with seed 6
09-14 12:15 DEBUG    Data statistics: {0: {0: 193, 1: 210, 3: 460, 4: 26, 5: 5, 6: 126, 7: 49, 8: 874, 9: 332}, 1: {0: 1769, 1: 168, 2: 620, 3: 158, 4: 2341}, 2: {0: 346, 1: 931, 2: 26, 3: 64, 4: 636, 5: 23, 6: 462, 7: 144, 8: 1123, 9: 3145}, 3: {0: 126, 1: 415, 2: 75, 3: 2, 4: 736, 5: 57, 6: 327, 7: 3568}, 4: {1: 503, 2: 2042, 3: 114, 4: 84, 5: 81, 6: 1902, 7: 282}, 5: {0: 1, 1: 1891, 2: 88, 3: 53, 4: 33, 5: 2056, 6: 159, 7: 13, 8: 1196}, 6: {0: 1958, 1: 90, 2: 196, 3: 739, 4: 670, 5: 89, 6: 25, 7: 71, 8: 1494}, 7: {0: 147, 1: 44, 2: 165, 3: 2558, 4: 99, 5: 1075, 6: 1979}, 8: {0: 453, 1: 735, 2: 111, 3: 484, 4: 164, 5: 1328, 6: 16, 7: 565, 8: 300, 9: 1430}, 9: {0: 7, 1: 13, 2: 1677, 3: 368, 4: 211, 5: 286, 6: 4, 7: 308, 8: 13, 9: 93}}
09-14 12:17 DEBUG    **************************************************
09-14 12:17 DEBUG    Running experiments 

09-14 12:18 DEBUG    Uniform ensemble (Train acc): 0.348780
09-14 12:18 DEBUG    Uniform ensemble (Test acc): 0.348800
09-14 12:18 DEBUG    FedAvg (Train acc): 0.100000
09-14 12:18 DEBUG    FedAvg (Test acc): 0.100000
09-14 12:33 DEBUG    ****** PDM_KL matching ******** 
09-14 12:33 DEBUG    Best Sigma0: 10. Best sigma: 1 Best gamma: 50. Best Test accuracy: 0.161. Train acc: 0.16106. 

09-14 12:33 DEBUG    PDM_KL log: {(10, 1, 50): {'shapes': [(3072, 700), (700,), (700, 298), (298,), (298, 225), (225,), (225, 10), (10,)], 'train_accuracy': 0.16106, 'test_accuracy': 0.161}} 
09-14 12:59 DEBUG    ****** PDM_KL matching ******** 
09-14 12:59 DEBUG    Best Sigma0: 10. Best sigma: 1 Best gamma: 50. Best Test accuracy: 0.1656. Train acc: 0.16582. 

09-14 12:59 DEBUG    PDM_KL log: {(10, 1, 50): {'shapes': [(3072, 700), (700,), (700, 298), (298,), (298, 225), (225,), (225, 10), (10,)], 'train_accuracy': 0.16582, 'test_accuracy': 0.1656}} 
09-14 13:26 DEBUG    ****** PDM_KL matching ******** 
09-14 13:26 DEBUG    Best Sigma0: 10. Best sigma: 1 Best gamma: 50. Best Test accuracy: 0.1545. Train acc: 0.15462. 

09-14 13:26 DEBUG    PDM_KL log: {(10, 1, 50): {'shapes': [(3072, 700), (700,), (700, 298), (298,), (298, 225), (225,), (225, 10), (10,)], 'train_accuracy': 0.15462, 'test_accuracy': 0.1545}} 
09-14 13:57 DEBUG    ****** PDM_KL matching ******** 
09-14 13:57 DEBUG    Best Sigma0: 10. Best sigma: 1 Best gamma: 50. Best Test accuracy: 0.1586. Train acc: 0.15766. 

09-14 13:57 DEBUG    PDM_KL log: {(10, 1, 50): {'shapes': [(3072, 700), (700,), (700, 298), (298,), (298, 225), (225,), (225, 10), (10,)], 'train_accuracy': 0.15766, 'test_accuracy': 0.1586}} 
09-14 14:27 DEBUG    ****** PDM_KL matching ******** 
09-14 14:27 DEBUG    Best Sigma0: 10. Best sigma: 1 Best gamma: 50. Best Test accuracy: 0.1633. Train acc: 0.16186. 

09-14 14:27 DEBUG    PDM_KL log: {(10, 1, 50): {'shapes': [(3072, 700), (700,), (700, 289), (289,), (289, 225), (225,), (225, 10), (10,)], 'train_accuracy': 0.16186, 'test_accuracy': 0.1633}} 
09-14 14:52 DEBUG    ****** PDM_KL matching ******** 
09-14 14:52 DEBUG    Best Sigma0: 10. Best sigma: 1 Best gamma: 50. Best Test accuracy: 0.1504. Train acc: 0.14982. 

09-14 14:52 DEBUG    PDM_KL log: {(10, 1, 50): {'shapes': [(3072, 700), (700,), (700, 289), (289,), (289, 226), (226,), (226, 10), (10,)], 'train_accuracy': 0.14982, 'test_accuracy': 0.1504}} 
09-14 15:21 DEBUG    ****** PDM_KL matching ******** 
09-14 15:21 DEBUG    Best Sigma0: 10. Best sigma: 1 Best gamma: 50. Best Test accuracy: 0.1671. Train acc: 0.16578. 

09-14 15:21 DEBUG    PDM_KL log: {(10, 1, 50): {'shapes': [(3072, 700), (700,), (700, 262), (262,), (262, 235), (235,), (235, 10), (10,)], 'train_accuracy': 0.16578, 'test_accuracy': 0.1671}} 
09-14 15:50 DEBUG    ****** PDM_KL matching ******** 
09-14 15:50 DEBUG    Best Sigma0: 10. Best sigma: 1 Best gamma: 50. Best Test accuracy: 0.1691. Train acc: 0.16946. 

09-14 15:50 DEBUG    PDM_KL log: {(10, 1, 50): {'shapes': [(3072, 541), (541,), (541, 244), (244,), (244, 235), (235,), (235, 10), (10,)], 'train_accuracy': 0.16946, 'test_accuracy': 0.1691}} 
09-14 15:57 DEBUG    ****** PDM_KL matching ******** 
09-14 15:57 DEBUG    Best Sigma0: 10. Best sigma: 1 Best gamma: 50. Best Test accuracy: 0.1. Train acc: 0.1. 

09-14 15:57 DEBUG    PDM_KL log: {(10, 1, 50): {'shapes': [(3072, 109), (109,), (109, 190), (190,), (190, 217), (217,), (217, 10), (10,)], 'train_accuracy': 0.1, 'test_accuracy': 0.1}} 
09-14 16:06 DEBUG    ****** PDM_KL matching ******** 
09-14 16:06 DEBUG    Best Sigma0: 10. Best sigma: 1 Best gamma: 50. Best Test accuracy: 0.1. Train acc: 0.1. 

09-14 16:06 DEBUG    PDM_KL log: {(10, 1, 50): {'shapes': [(3072, 105), (105,), (105, 145), (145,), (145, 199), (199,), (199, 10), (10,)], 'train_accuracy': 0.1, 'test_accuracy': 0.1}} 
09-14 16:16 DEBUG    ****** PDM_KL matching ******** 
09-14 16:16 DEBUG    Best Sigma0: 10. Best sigma: 1 Best gamma: 50. Best Test accuracy: 0.1. Train acc: 0.1. 

09-14 16:16 DEBUG    PDM_KL log: {(10, 1, 50): {'shapes': [(3072, 104), (104,), (104, 127), (127,), (127, 172), (172,), (172, 10), (10,)], 'train_accuracy': 0.1, 'test_accuracy': 0.1}} 
09-14 16:16 DEBUG    Trial 6 completed
09-14 16:16 DEBUG    ####################################################################################################
09-14 16:16 DEBUG    ####################################################################################################
09-14 16:16 DEBUG    Executing Trial 7 with seed 7
09-14 16:16 DEBUG    Data statistics: {0: {0: 52, 1: 603, 2: 315, 3: 412, 5: 3608, 6: 16}, 1: {0: 162, 1: 1520, 2: 51, 3: 67, 4: 978, 5: 22, 6: 467, 7: 46, 9: 76}, 2: {0: 15, 1: 17, 2: 1323, 3: 1633, 4: 80, 5: 211, 6: 2577}, 3: {0: 133, 1: 14, 2: 5, 3: 1, 4: 47, 5: 760, 6: 167, 7: 266, 8: 2296, 9: 2060}, 4: {0: 23, 1: 546, 2: 655, 3: 267, 4: 307, 5: 19, 6: 17, 7: 2045, 8: 2274}, 5: {0: 502, 1: 44, 2: 36, 3: 1384, 4: 56, 5: 169, 6: 353, 7: 78, 8: 163, 9: 1041}, 6: {0: 1081, 1: 586, 2: 261, 3: 178, 4: 3212}, 7: {0: 10, 1: 549, 2: 1142, 3: 864, 4: 131, 5: 7, 6: 967, 7: 1968}, 8: {0: 2077, 1: 24, 2: 767, 3: 109, 4: 114, 5: 34, 6: 12, 7: 596, 8: 261, 9: 602}, 9: {0: 945, 1: 1097, 2: 445, 3: 85, 4: 75, 5: 170, 6: 424, 7: 1, 8: 6, 9: 1221}}
09-14 16:18 DEBUG    **************************************************
09-14 16:18 DEBUG    Running experiments 

09-14 16:18 DEBUG    Uniform ensemble (Train acc): 0.349840
09-14 16:18 DEBUG    Uniform ensemble (Test acc): 0.349500
09-14 16:19 DEBUG    FedAvg (Train acc): 0.100000
09-14 16:19 DEBUG    FedAvg (Test acc): 0.100000
09-14 16:31 DEBUG    ****** PDM_KL matching ******** 
09-14 16:31 DEBUG    Best Sigma0: 10. Best sigma: 1 Best gamma: 50. Best Test accuracy: 0.2085. Train acc: 0.20804. 

09-14 16:31 DEBUG    PDM_KL log: {(10, 1, 50): {'shapes': [(3072, 700), (700,), (700, 289), (289,), (289, 226), (226,), (226, 10), (10,)], 'train_accuracy': 0.20804, 'test_accuracy': 0.2085}} 
09-14 17:02 DEBUG    ****** PDM_KL matching ******** 
09-14 17:02 DEBUG    Best Sigma0: 10. Best sigma: 1 Best gamma: 50. Best Test accuracy: 0.197. Train acc: 0.19798. 

09-14 17:02 DEBUG    PDM_KL log: {(10, 1, 50): {'shapes': [(3072, 700), (700,), (700, 289), (289,), (289, 226), (226,), (226, 10), (10,)], 'train_accuracy': 0.19798, 'test_accuracy': 0.197}} 
09-14 17:34 DEBUG    ****** PDM_KL matching ******** 
09-14 17:34 DEBUG    Best Sigma0: 10. Best sigma: 1 Best gamma: 50. Best Test accuracy: 0.2156. Train acc: 0.21756. 

09-14 17:34 DEBUG    PDM_KL log: {(10, 1, 50): {'shapes': [(3072, 700), (700,), (700, 298), (298,), (298, 226), (226,), (226, 10), (10,)], 'train_accuracy': 0.21756, 'test_accuracy': 0.2156}} 
09-14 17:52 DEBUG    ****** PDM_KL matching ******** 
09-14 17:52 DEBUG    Best Sigma0: 10. Best sigma: 1 Best gamma: 50. Best Test accuracy: 0.2238. Train acc: 0.22366. 

09-14 17:52 DEBUG    PDM_KL log: {(10, 1, 50): {'shapes': [(3072, 700), (700,), (700, 289), (289,), (289, 226), (226,), (226, 10), (10,)], 'train_accuracy': 0.22366, 'test_accuracy': 0.2238}} 
09-14 18:07 DEBUG    ****** PDM_KL matching ******** 
09-14 18:07 DEBUG    Best Sigma0: 10. Best sigma: 1 Best gamma: 50. Best Test accuracy: 0.2088. Train acc: 0.2091. 

09-14 18:07 DEBUG    PDM_KL log: {(10, 1, 50): {'shapes': [(3072, 700), (700,), (700, 289), (289,), (289, 226), (226,), (226, 10), (10,)], 'train_accuracy': 0.2091, 'test_accuracy': 0.2088}} 
09-14 18:26 DEBUG    ****** PDM_KL matching ******** 
09-14 18:26 DEBUG    Best Sigma0: 10. Best sigma: 1 Best gamma: 50. Best Test accuracy: 0.2154. Train acc: 0.21624. 

09-14 18:26 DEBUG    PDM_KL log: {(10, 1, 50): {'shapes': [(3072, 700), (700,), (700, 289), (289,), (289, 226), (226,), (226, 10), (10,)], 'train_accuracy': 0.21624, 'test_accuracy': 0.2154}} 
09-14 18:43 DEBUG    ****** PDM_KL matching ******** 
09-14 18:43 DEBUG    Best Sigma0: 10. Best sigma: 1 Best gamma: 50. Best Test accuracy: 0.2208. Train acc: 0.22308. 

09-14 18:43 DEBUG    PDM_KL log: {(10, 1, 50): {'shapes': [(3072, 700), (700,), (700, 271), (271,), (271, 235), (235,), (235, 10), (10,)], 'train_accuracy': 0.22308, 'test_accuracy': 0.2208}} 
09-14 19:00 DEBUG    ****** PDM_KL matching ******** 
09-14 19:00 DEBUG    Best Sigma0: 10. Best sigma: 1 Best gamma: 50. Best Test accuracy: 0.2091. Train acc: 0.21136. 

09-14 19:00 DEBUG    PDM_KL log: {(10, 1, 50): {'shapes': [(3072, 667), (667,), (667, 244), (244,), (244, 235), (235,), (235, 10), (10,)], 'train_accuracy': 0.21136, 'test_accuracy': 0.2091}} 
09-14 19:06 DEBUG    ****** PDM_KL matching ******** 
09-14 19:06 DEBUG    Best Sigma0: 10. Best sigma: 1 Best gamma: 50. Best Test accuracy: 0.1. Train acc: 0.1. 

09-14 19:06 DEBUG    PDM_KL log: {(10, 1, 50): {'shapes': [(3072, 115), (115,), (115, 190), (190,), (190, 217), (217,), (217, 10), (10,)], 'train_accuracy': 0.1, 'test_accuracy': 0.1}} 
09-14 19:10 DEBUG    ****** PDM_KL matching ******** 
09-14 19:10 DEBUG    Best Sigma0: 10. Best sigma: 1 Best gamma: 50. Best Test accuracy: 0.1. Train acc: 0.1. 

09-14 19:10 DEBUG    PDM_KL log: {(10, 1, 50): {'shapes': [(3072, 100), (100,), (100, 163), (163,), (163, 199), (199,), (199, 10), (10,)], 'train_accuracy': 0.1, 'test_accuracy': 0.1}} 
09-14 19:13 DEBUG    ****** PDM_KL matching ******** 
09-14 19:13 DEBUG    Best Sigma0: 10. Best sigma: 1 Best gamma: 50. Best Test accuracy: 0.1. Train acc: 0.1. 

09-14 19:13 DEBUG    PDM_KL log: {(10, 1, 50): {'shapes': [(3072, 100), (100,), (100, 145), (145,), (145, 163), (163,), (163, 10), (10,)], 'train_accuracy': 0.1, 'test_accuracy': 0.1}} 
09-14 19:13 DEBUG    Trial 7 completed
09-14 19:13 DEBUG    ####################################################################################################
09-14 19:13 DEBUG    ####################################################################################################
09-14 19:13 DEBUG    Executing Trial 8 with seed 8
09-14 19:13 DEBUG    Data statistics: {0: {0: 524, 1: 168, 2: 259, 3: 1157, 4: 846, 5: 351, 6: 350, 7: 125, 8: 1521}, 1: {0: 10, 1: 1310, 2: 1614, 3: 90, 4: 8, 5: 214, 6: 861, 7: 1092}, 2: {0: 419, 1: 407, 2: 225, 3: 92, 4: 239, 5: 194, 6: 1031, 7: 439, 8: 285, 9: 15}, 3: {0: 28, 1: 306, 2: 33, 3: 771, 4: 66, 5: 275, 6: 140, 7: 431, 8: 14, 9: 3014}, 4: {0: 21, 1: 95, 2: 123, 3: 552, 5: 857, 6: 67, 7: 1578, 8: 108, 9: 1722}, 5: {0: 56, 1: 317, 2: 1458, 3: 2, 4: 205, 5: 2189, 6: 1243}, 6: {0: 167, 1: 198, 2: 701, 3: 793, 4: 735, 5: 779, 6: 196, 7: 139, 8: 3050}, 7: {0: 3355, 1: 1713}, 8: {0: 395, 1: 94, 2: 284, 3: 1438, 4: 88, 5: 140, 7: 515, 8: 21, 9: 249}, 9: {0: 25, 1: 392, 2: 303, 3: 105, 4: 2813, 5: 1, 6: 1112, 7: 681, 8: 1}}
09-14 19:13 DEBUG    **************************************************
09-14 19:13 DEBUG    Running experiments 

09-14 19:14 DEBUG    Uniform ensemble (Train acc): 0.323320
09-14 19:14 DEBUG    Uniform ensemble (Test acc): 0.324600
09-14 19:14 DEBUG    FedAvg (Train acc): 0.100000
09-14 19:14 DEBUG    FedAvg (Test acc): 0.100000
09-14 19:25 DEBUG    ****** PDM_KL matching ******** 
09-14 19:25 DEBUG    Best Sigma0: 10. Best sigma: 1 Best gamma: 50. Best Test accuracy: 0.1808. Train acc: 0.17812. 

09-14 19:25 DEBUG    PDM_KL log: {(10, 1, 50): {'shapes': [(3072, 700), (700,), (700, 298), (298,), (298, 217), (217,), (217, 10), (10,)], 'train_accuracy': 0.17812, 'test_accuracy': 0.1808}} 
09-14 19:43 DEBUG    ****** PDM_KL matching ******** 
09-14 19:43 DEBUG    Best Sigma0: 10. Best sigma: 1 Best gamma: 50. Best Test accuracy: 0.1948. Train acc: 0.19664. 

09-14 19:43 DEBUG    PDM_KL log: {(10, 1, 50): {'shapes': [(3072, 700), (700,), (700, 298), (298,), (298, 217), (217,), (217, 10), (10,)], 'train_accuracy': 0.19664, 'test_accuracy': 0.1948}} 
09-14 20:00 DEBUG    ****** PDM_KL matching ******** 
09-14 20:00 DEBUG    Best Sigma0: 10. Best sigma: 1 Best gamma: 50. Best Test accuracy: 0.1802. Train acc: 0.18076. 

09-14 20:00 DEBUG    PDM_KL log: {(10, 1, 50): {'shapes': [(3072, 700), (700,), (700, 298), (298,), (298, 217), (217,), (217, 10), (10,)], 'train_accuracy': 0.18076, 'test_accuracy': 0.1802}} 
09-14 20:17 DEBUG    ****** PDM_KL matching ******** 
09-14 20:17 DEBUG    Best Sigma0: 10. Best sigma: 1 Best gamma: 50. Best Test accuracy: 0.1923. Train acc: 0.19206. 

09-14 20:17 DEBUG    PDM_KL log: {(10, 1, 50): {'shapes': [(3072, 700), (700,), (700, 298), (298,), (298, 217), (217,), (217, 10), (10,)], 'train_accuracy': 0.19206, 'test_accuracy': 0.1923}} 
09-14 20:36 DEBUG    ****** PDM_KL matching ******** 
09-14 20:36 DEBUG    Best Sigma0: 10. Best sigma: 1 Best gamma: 50. Best Test accuracy: 0.1846. Train acc: 0.18566. 

09-14 20:36 DEBUG    PDM_KL log: {(10, 1, 50): {'shapes': [(3072, 700), (700,), (700, 298), (298,), (298, 217), (217,), (217, 10), (10,)], 'train_accuracy': 0.18566, 'test_accuracy': 0.1846}} 
09-14 20:49 DEBUG    ****** PDM_KL matching ******** 
09-14 20:49 DEBUG    Best Sigma0: 10. Best sigma: 1 Best gamma: 50. Best Test accuracy: 0.2025. Train acc: 0.20076. 

09-14 20:49 DEBUG    PDM_KL log: {(10, 1, 50): {'shapes': [(3072, 700), (700,), (700, 289), (289,), (289, 217), (217,), (217, 10), (10,)], 'train_accuracy': 0.20076, 'test_accuracy': 0.2025}} 
09-14 21:04 DEBUG    ****** PDM_KL matching ******** 
09-14 21:04 DEBUG    Best Sigma0: 10. Best sigma: 1 Best gamma: 50. Best Test accuracy: 0.1912. Train acc: 0.18826. 

09-14 21:04 DEBUG    PDM_KL log: {(10, 1, 50): {'shapes': [(3072, 700), (700,), (700, 271), (271,), (271, 235), (235,), (235, 10), (10,)], 'train_accuracy': 0.18826, 'test_accuracy': 0.1912}} 
09-14 21:20 DEBUG    ****** PDM_KL matching ******** 
09-14 21:20 DEBUG    Best Sigma0: 10. Best sigma: 1 Best gamma: 50. Best Test accuracy: 0.2085. Train acc: 0.20534. 

09-14 21:20 DEBUG    PDM_KL log: {(10, 1, 50): {'shapes': [(3072, 541), (541,), (541, 244), (244,), (244, 235), (235,), (235, 10), (10,)], 'train_accuracy': 0.20534, 'test_accuracy': 0.2085}} 
09-14 21:24 DEBUG    ****** PDM_KL matching ******** 
09-14 21:24 DEBUG    Best Sigma0: 10. Best sigma: 1 Best gamma: 50. Best Test accuracy: 0.1. Train acc: 0.1. 

09-14 21:24 DEBUG    PDM_KL log: {(10, 1, 50): {'shapes': [(3072, 118), (118,), (118, 190), (190,), (190, 217), (217,), (217, 10), (10,)], 'train_accuracy': 0.1, 'test_accuracy': 0.1}} 
09-14 21:27 DEBUG    ****** PDM_KL matching ******** 
09-14 21:27 DEBUG    Best Sigma0: 10. Best sigma: 1 Best gamma: 50. Best Test accuracy: 0.1. Train acc: 0.1. 

09-14 21:27 DEBUG    PDM_KL log: {(10, 1, 50): {'shapes': [(3072, 100), (100,), (100, 145), (145,), (145, 199), (199,), (199, 10), (10,)], 'train_accuracy': 0.1, 'test_accuracy': 0.1}} 
09-14 21:32 DEBUG    ****** PDM_KL matching ******** 
09-14 21:32 DEBUG    Best Sigma0: 10. Best sigma: 1 Best gamma: 50. Best Test accuracy: 0.1. Train acc: 0.1. 

09-14 21:32 DEBUG    PDM_KL log: {(10, 1, 50): {'shapes': [(3072, 100), (100,), (100, 127), (127,), (127, 172), (172,), (172, 10), (10,)], 'train_accuracy': 0.1, 'test_accuracy': 0.1}} 
09-14 21:32 DEBUG    Trial 8 completed
09-14 21:32 DEBUG    ####################################################################################################
09-14 21:32 DEBUG    ####################################################################################################
09-14 21:32 DEBUG    Executing Trial 9 with seed 9
09-14 21:32 DEBUG    Data statistics: {0: {0: 850, 1: 134, 2: 1, 3: 25, 4: 72, 5: 460, 6: 154, 7: 349, 8: 2830, 9: 76}, 1: {0: 207, 1: 1494, 2: 666, 3: 1620, 4: 108, 5: 232, 6: 695}, 2: {0: 273, 1: 142, 2: 96, 3: 413, 4: 807, 5: 440, 6: 112, 7: 72, 8: 6, 9: 476}, 3: {0: 943, 1: 497, 2: 82, 3: 901, 4: 767, 5: 61, 6: 16, 7: 1049, 8: 13, 9: 18}, 4: {0: 706, 1: 124, 2: 1814, 3: 664, 4: 2594}, 5: {0: 58, 2: 452, 3: 3, 4: 95, 5: 842, 6: 14, 7: 1323, 8: 1770, 9: 199}, 6: {0: 289, 1: 63, 2: 4, 3: 214, 4: 342, 5: 1069, 6: 860, 7: 239, 9: 2287}, 7: {0: 755, 1: 464, 2: 1575, 3: 452, 4: 50, 5: 8, 6: 2365}, 8: {0: 116, 1: 1976, 2: 6, 3: 563, 4: 76, 5: 1467, 6: 95, 7: 785}, 9: {0: 803, 1: 106, 2: 304, 3: 145, 4: 89, 5: 421, 6: 689, 7: 1183, 8: 381, 9: 1944}}
09-14 21:33 DEBUG    **************************************************
09-14 21:33 DEBUG    Running experiments 

09-14 21:33 DEBUG    Uniform ensemble (Train acc): 0.345140
09-14 21:33 DEBUG    Uniform ensemble (Test acc): 0.341400
09-14 21:33 DEBUG    FedAvg (Train acc): 0.100000
09-14 21:33 DEBUG    FedAvg (Test acc): 0.100000
09-14 21:41 DEBUG    ****** PDM_KL matching ******** 
09-14 21:41 DEBUG    Best Sigma0: 10. Best sigma: 1 Best gamma: 50. Best Test accuracy: 0.2136. Train acc: 0.21352. 

09-14 21:41 DEBUG    PDM_KL log: {(10, 1, 50): {'shapes': [(3072, 700), (700,), (700, 298), (298,), (298, 224), (224,), (224, 10), (10,)], 'train_accuracy': 0.21352, 'test_accuracy': 0.2136}} 
09-14 22:03 DEBUG    ****** PDM_KL matching ******** 
09-14 22:03 DEBUG    Best Sigma0: 10. Best sigma: 1 Best gamma: 50. Best Test accuracy: 0.2116. Train acc: 0.21062. 

09-14 22:03 DEBUG    PDM_KL log: {(10, 1, 50): {'shapes': [(3072, 700), (700,), (700, 298), (298,), (298, 224), (224,), (224, 10), (10,)], 'train_accuracy': 0.21062, 'test_accuracy': 0.2116}} 
09-14 22:21 DEBUG    ****** PDM_KL matching ******** 
09-14 22:21 DEBUG    Best Sigma0: 10. Best sigma: 1 Best gamma: 50. Best Test accuracy: 0.2113. Train acc: 0.21058. 

09-14 22:21 DEBUG    PDM_KL log: {(10, 1, 50): {'shapes': [(3072, 700), (700,), (700, 298), (298,), (298, 224), (224,), (224, 10), (10,)], 'train_accuracy': 0.21058, 'test_accuracy': 0.2113}} 
09-14 22:39 DEBUG    ****** PDM_KL matching ******** 
09-14 22:39 DEBUG    Best Sigma0: 10. Best sigma: 1 Best gamma: 50. Best Test accuracy: 0.2074. Train acc: 0.20602. 

09-14 22:39 DEBUG    PDM_KL log: {(10, 1, 50): {'shapes': [(3072, 700), (700,), (700, 298), (298,), (298, 224), (224,), (224, 10), (10,)], 'train_accuracy': 0.20602, 'test_accuracy': 0.2074}} 
09-14 22:57 DEBUG    ****** PDM_KL matching ******** 
09-14 22:57 DEBUG    Best Sigma0: 10. Best sigma: 1 Best gamma: 50. Best Test accuracy: 0.198. Train acc: 0.19706. 

09-14 22:57 DEBUG    PDM_KL log: {(10, 1, 50): {'shapes': [(3072, 700), (700,), (700, 289), (289,), (289, 232), (232,), (232, 10), (10,)], 'train_accuracy': 0.19706, 'test_accuracy': 0.198}} 
09-14 23:16 DEBUG    ****** PDM_KL matching ******** 
09-14 23:16 DEBUG    Best Sigma0: 10. Best sigma: 1 Best gamma: 50. Best Test accuracy: 0.1947. Train acc: 0.19408. 

09-14 23:16 DEBUG    PDM_KL log: {(10, 1, 50): {'shapes': [(3072, 700), (700,), (700, 289), (289,), (289, 233), (233,), (233, 10), (10,)], 'train_accuracy': 0.19408, 'test_accuracy': 0.1947}} 
09-14 23:35 DEBUG    ****** PDM_KL matching ******** 
09-14 23:35 DEBUG    Best Sigma0: 10. Best sigma: 1 Best gamma: 50. Best Test accuracy: 0.2013. Train acc: 0.1999. 

09-14 23:35 DEBUG    PDM_KL log: {(10, 1, 50): {'shapes': [(3072, 700), (700,), (700, 271), (271,), (271, 235), (235,), (235, 10), (10,)], 'train_accuracy': 0.1999, 'test_accuracy': 0.2013}} 
09-14 23:47 DEBUG    ****** PDM_KL matching ******** 
09-14 23:47 DEBUG    Best Sigma0: 10. Best sigma: 1 Best gamma: 50. Best Test accuracy: 0.1911. Train acc: 0.19028. 

09-14 23:47 DEBUG    PDM_KL log: {(10, 1, 50): {'shapes': [(3072, 550), (550,), (550, 244), (244,), (244, 235), (235,), (235, 10), (10,)], 'train_accuracy': 0.19028, 'test_accuracy': 0.1911}} 
09-14 23:50 DEBUG    ****** PDM_KL matching ******** 
09-14 23:50 DEBUG    Best Sigma0: 10. Best sigma: 1 Best gamma: 50. Best Test accuracy: 0.1. Train acc: 0.1. 

09-14 23:50 DEBUG    PDM_KL log: {(10, 1, 50): {'shapes': [(3072, 109), (109,), (109, 190), (190,), (190, 217), (217,), (217, 10), (10,)], 'train_accuracy': 0.1, 'test_accuracy': 0.1}} 
09-14 23:52 DEBUG    ****** PDM_KL matching ******** 
09-14 23:52 DEBUG    Best Sigma0: 10. Best sigma: 1 Best gamma: 50. Best Test accuracy: 0.1. Train acc: 0.1. 

09-14 23:52 DEBUG    PDM_KL log: {(10, 1, 50): {'shapes': [(3072, 101), (101,), (101, 145), (145,), (145, 199), (199,), (199, 10), (10,)], 'train_accuracy': 0.1, 'test_accuracy': 0.1}} 
09-14 23:57 DEBUG    ****** PDM_KL matching ******** 
09-14 23:57 DEBUG    Best Sigma0: 10. Best sigma: 1 Best gamma: 50. Best Test accuracy: 0.1. Train acc: 0.1. 

09-14 23:57 DEBUG    PDM_KL log: {(10, 1, 50): {'shapes': [(3072, 100), (100,), (100, 127), (127,), (127, 172), (172,), (172, 10), (10,)], 'train_accuracy': 0.1, 'test_accuracy': 0.1}} 
09-14 23:57 DEBUG    Trial 9 completed
09-14 23:57 DEBUG    ####################################################################################################
