09-29 12:28 DEBUG    Experiment arguments: Namespace(alpha=0.5, communication_rounds=None, datadir='data/mnist', dataset='mnist', device=1.0, dropout_p=0.0, epochs=10, experiment=['pdm_KL'], init_seed=0, iter_epochs=5, layers=0, loaddir='saved_weights/mnist/homo', logdir='KL_regs_bst_hyp_unlimi/mnist/homo', lr=0.01, lr_decay=0.99, n=30, n_layers=1, n_nets=30, net_config=[784, 100, 10], num_pool_workers=1, partition='homo', pdm_gamma=10, pdm_sig=0.5, pdm_sig0=10, reg=1e-06, reg_fac=0.0, trials=10)
09-29 12:28 DEBUG    ####################################################################################################
09-29 12:28 DEBUG    Executing Trial 0 with seed 0
09-29 12:28 DEBUG    Data statistics: {0: {0: 221, 1: 200, 2: 193, 3: 213, 4: 201, 5: 170, 6: 205, 7: 217, 8: 185, 9: 195}, 1: {0: 198, 1: 242, 2: 195, 3: 175, 4: 185, 5: 172, 6: 209, 7: 211, 8: 198, 9: 215}, 2: {0: 186, 1: 246, 2: 198, 3: 195, 4: 179, 5: 176, 6: 217, 7: 197, 8: 201, 9: 205}, 3: {0: 203, 1: 228, 2: 207, 3: 207, 4: 191, 5: 184, 6: 175, 7: 204, 8: 210, 9: 191}, 4: {0: 193, 1: 237, 2: 180, 3: 195, 4: 188, 5: 189, 6: 212, 7: 211, 8: 188, 9: 207}, 5: {0: 204, 1: 226, 2: 193, 3: 223, 4: 209, 5: 184, 6: 172, 7: 188, 8: 209, 9: 192}, 6: {0: 214, 1: 237, 2: 199, 3: 225, 4: 177, 5: 190, 6: 178, 7: 209, 8: 196, 9: 175}, 7: {0: 179, 1: 238, 2: 187, 3: 211, 4: 204, 5: 156, 6: 200, 7: 223, 8: 190, 9: 212}, 8: {0: 214, 1: 216, 2: 197, 3: 203, 4: 196, 5: 170, 6: 193, 7: 209, 8: 210, 9: 192}, 9: {0: 204, 1: 214, 2: 212, 3: 190, 4: 190, 5: 186, 6: 192, 7: 207, 8: 208, 9: 197}, 10: {0: 187, 1: 212, 2: 187, 3: 204, 4: 207, 5: 193, 6: 192, 7: 222, 8: 196, 9: 200}, 11: {0: 214, 1: 216, 2: 211, 3: 186, 4: 193, 5: 186, 6: 188, 7: 203, 8: 187, 9: 216}, 12: {0: 206, 1: 208, 2: 202, 3: 205, 4: 207, 5: 188, 6: 200, 7: 214, 8: 173, 9: 197}, 13: {0: 184, 1: 222, 2: 203, 3: 180, 4: 228, 5: 200, 6: 231, 7: 179, 8: 189, 9: 184}, 14: {0: 188, 1: 223, 2: 195, 3: 208, 4: 192, 5: 168, 6: 198, 7: 215, 8: 219, 9: 194}, 15: {0: 180, 1: 232, 2: 214, 3: 214, 4: 183, 5: 199, 6: 171, 7: 217, 8: 192, 9: 198}, 16: {0: 216, 1: 248, 2: 180, 3: 221, 4: 209, 5: 162, 6: 190, 7: 213, 8: 167, 9: 194}, 17: {0: 200, 1: 210, 2: 200, 3: 215, 4: 197, 5: 178, 6: 186, 7: 182, 8: 209, 9: 223}, 18: {0: 204, 1: 238, 2: 193, 3: 208, 4: 190, 5: 175, 6: 212, 7: 191, 8: 213, 9: 176}, 19: {0: 212, 1: 215, 2: 204, 3: 190, 4: 191, 5: 186, 6: 188, 7: 204, 8: 200, 9: 210}, 20: {0: 182, 1: 192, 2: 217, 3: 226, 4: 191, 5: 195, 6: 205, 7: 210, 8: 188, 9: 194}, 21: {0: 206, 1: 209, 2: 206, 3: 191, 4: 193, 5: 177, 6: 215, 7: 229, 8: 179, 9: 195}, 22: {0: 172, 1: 233, 2: 218, 3: 198, 4: 219, 5: 177, 6: 196, 7: 208, 8: 181, 9: 198}, 23: {0: 166, 1: 240, 2: 180, 3: 202, 4: 193, 5: 208, 6: 190, 7: 257, 8: 165, 9: 199}, 24: {0: 184, 1: 247, 2: 213, 3: 220, 4: 188, 5: 162, 6: 192, 7: 207, 8: 184, 9: 203}, 25: {0: 193, 1: 204, 2: 203, 3: 203, 4: 195, 5: 176, 6: 187, 7: 211, 8: 213, 9: 215}, 26: {0: 187, 1: 214, 2: 192, 3: 224, 4: 183, 5: 182, 6: 236, 7: 195, 8: 197, 9: 190}, 27: {0: 193, 1: 229, 2: 194, 3: 188, 4: 190, 5: 170, 6: 208, 7: 216, 8: 190, 9: 222}, 28: {0: 230, 1: 234, 2: 195, 3: 203, 4: 182, 5: 187, 6: 188, 7: 210, 8: 197, 9: 174}, 29: {0: 203, 1: 232, 2: 190, 3: 208, 4: 191, 5: 175, 6: 192, 7: 206, 8: 217, 9: 186}}
09-29 12:29 DEBUG    **************************************************
09-29 12:29 DEBUG    Running experiments 

09-29 13:13 DEBUG    ****** PDM_KL matching ******** 
09-29 13:13 DEBUG    Best Sigma0: 10. Best sigma: 0.5 Best gamma: 10. Best Test accuracy: 0.9515. Train acc: 0.9515166666666667. 

09-29 13:13 DEBUG    PDM_KL log: {(10, 0.5, 10): {'shapes': [(784, 2598), (2598,), (2598, 10), (10,)], 'train_accuracy': 0.9515166666666667, 'test_accuracy': 0.9515}} 
09-29 14:54 DEBUG    ****** PDM_KL matching ******** 
09-29 14:54 DEBUG    Best Sigma0: 10. Best sigma: 0.5 Best gamma: 10. Best Test accuracy: 0.9515. Train acc: 0.9515166666666667. 

09-29 14:54 DEBUG    PDM_KL log: {(10, 0.5, 10): {'shapes': [(784, 2597), (2597,), (2597, 10), (10,)], 'train_accuracy': 0.9515166666666667, 'test_accuracy': 0.9515}} 
09-29 17:19 DEBUG    ****** PDM_KL matching ******** 
09-29 17:19 DEBUG    Best Sigma0: 10. Best sigma: 0.5 Best gamma: 10. Best Test accuracy: 0.9515. Train acc: 0.9515166666666667. 

09-29 17:19 DEBUG    PDM_KL log: {(10, 0.5, 10): {'shapes': [(784, 2612), (2612,), (2612, 10), (10,)], 'train_accuracy': 0.9515166666666667, 'test_accuracy': 0.9515}} 
09-29 19:43 DEBUG    ****** PDM_KL matching ******** 
09-29 19:43 DEBUG    Best Sigma0: 10. Best sigma: 0.5 Best gamma: 10. Best Test accuracy: 0.9515. Train acc: 0.9515166666666667. 

09-29 19:43 DEBUG    PDM_KL log: {(10, 0.5, 10): {'shapes': [(784, 2612), (2612,), (2612, 10), (10,)], 'train_accuracy': 0.9515166666666667, 'test_accuracy': 0.9515}} 
09-29 22:08 DEBUG    ****** PDM_KL matching ******** 
09-29 22:08 DEBUG    Best Sigma0: 10. Best sigma: 0.5 Best gamma: 10. Best Test accuracy: 0.9515. Train acc: 0.9515166666666667. 

09-29 22:08 DEBUG    PDM_KL log: {(10, 0.5, 10): {'shapes': [(784, 2593), (2593,), (2593, 10), (10,)], 'train_accuracy': 0.9515166666666667, 'test_accuracy': 0.9515}} 
09-30 00:31 DEBUG    ****** PDM_KL matching ******** 
09-30 00:31 DEBUG    Best Sigma0: 10. Best sigma: 0.5 Best gamma: 10. Best Test accuracy: 0.9515. Train acc: 0.9515166666666667. 

09-30 00:31 DEBUG    PDM_KL log: {(10, 0.5, 10): {'shapes': [(784, 2575), (2575,), (2575, 10), (10,)], 'train_accuracy': 0.9515166666666667, 'test_accuracy': 0.9515}} 
09-30 02:42 DEBUG    ****** PDM_KL matching ******** 
09-30 02:42 DEBUG    Best Sigma0: 10. Best sigma: 0.5 Best gamma: 10. Best Test accuracy: 0.9514. Train acc: 0.95165. 

09-30 02:42 DEBUG    PDM_KL log: {(10, 0.5, 10): {'shapes': [(784, 2390), (2390,), (2390, 10), (10,)], 'train_accuracy': 0.95165, 'test_accuracy': 0.9514}} 
09-30 02:45 DEBUG    ****** PDM_KL matching ******** 
09-30 02:45 DEBUG    Best Sigma0: 10. Best sigma: 0.5 Best gamma: 10. Best Test accuracy: 0.8993. Train acc: 0.8980833333333333. 

09-30 02:45 DEBUG    PDM_KL log: {(10, 0.5, 10): {'shapes': [(784, 171), (171,), (171, 10), (10,)], 'train_accuracy': 0.8980833333333333, 'test_accuracy': 0.8993}} 
09-30 02:47 DEBUG    ****** PDM_KL matching ******** 
09-30 02:47 DEBUG    Best Sigma0: 10. Best sigma: 0.5 Best gamma: 10. Best Test accuracy: 0.8429. Train acc: 0.83605. 

09-30 02:47 DEBUG    PDM_KL log: {(10, 0.5, 10): {'shapes': [(784, 135), (135,), (135, 10), (10,)], 'train_accuracy': 0.83605, 'test_accuracy': 0.8429}} 
09-30 02:48 DEBUG    ****** PDM_KL matching ******** 
09-30 02:48 DEBUG    Best Sigma0: 10. Best sigma: 0.5 Best gamma: 10. Best Test accuracy: 0.0892. Train acc: 0.09035. 

09-30 02:48 DEBUG    PDM_KL log: {(10, 0.5, 10): {'shapes': [(784, 100), (100,), (100, 10), (10,)], 'train_accuracy': 0.09035, 'test_accuracy': 0.0892}} 
09-30 02:49 DEBUG    ****** PDM_KL matching ******** 
09-30 02:49 DEBUG    Best Sigma0: 10. Best sigma: 0.5 Best gamma: 10. Best Test accuracy: 0.0892. Train acc: 0.09035. 

09-30 02:49 DEBUG    PDM_KL log: {(10, 0.5, 10): {'shapes': [(784, 100), (100,), (100, 10), (10,)], 'train_accuracy': 0.09035, 'test_accuracy': 0.0892}} 
09-30 02:49 DEBUG    Trial 0 completed
09-30 02:49 DEBUG    ####################################################################################################
09-30 02:49 DEBUG    ####################################################################################################
09-30 02:49 DEBUG    Executing Trial 1 with seed 1
09-30 02:49 DEBUG    Data statistics: {0: {0: 180, 1: 219, 2: 203, 3: 205, 4: 191, 5: 185, 6: 225, 7: 202, 8: 200, 9: 190}, 1: {0: 177, 1: 240, 2: 180, 3: 228, 4: 207, 5: 159, 6: 198, 7: 208, 8: 200, 9: 203}, 2: {0: 200, 1: 237, 2: 219, 3: 203, 4: 177, 5: 202, 6: 204, 7: 214, 8: 176, 9: 168}, 3: {0: 204, 1: 216, 2: 176, 3: 192, 4: 199, 5: 194, 6: 203, 7: 200, 8: 190, 9: 226}, 4: {0: 191, 1: 238, 2: 200, 3: 201, 4: 208, 5: 176, 6: 183, 7: 230, 8: 194, 9: 179}, 5: {0: 206, 1: 223, 2: 216, 3: 208, 4: 175, 5: 194, 6: 174, 7: 211, 8: 212, 9: 181}, 6: {0: 218, 1: 235, 2: 187, 3: 209, 4: 194, 5: 200, 6: 197, 7: 187, 8: 191, 9: 182}, 7: {0: 191, 1: 216, 2: 218, 3: 198, 4: 193, 5: 217, 6: 182, 7: 208, 8: 189, 9: 188}, 8: {0: 182, 1: 209, 2: 202, 3: 212, 4: 196, 5: 187, 6: 205, 7: 214, 8: 191, 9: 202}, 9: {0: 197, 1: 231, 2: 201, 3: 219, 4: 179, 5: 188, 6: 206, 7: 215, 8: 181, 9: 183}, 10: {0: 221, 1: 216, 2: 209, 3: 186, 4: 197, 5: 184, 6: 194, 7: 181, 8: 209, 9: 203}, 11: {0: 205, 1: 232, 2: 177, 3: 197, 4: 213, 5: 188, 6: 207, 7: 203, 8: 184, 9: 194}, 12: {0: 224, 1: 215, 2: 201, 3: 195, 4: 183, 5: 159, 6: 204, 7: 214, 8: 194, 9: 211}, 13: {0: 189, 1: 205, 2: 208, 3: 194, 4: 192, 5: 182, 6: 195, 7: 219, 8: 198, 9: 218}, 14: {0: 177, 1: 222, 2: 190, 3: 219, 4: 208, 5: 168, 6: 203, 7: 192, 8: 218, 9: 203}, 15: {0: 200, 1: 239, 2: 205, 3: 214, 4: 198, 5: 163, 6: 227, 7: 191, 8: 185, 9: 178}, 16: {0: 179, 1: 222, 2: 209, 3: 208, 4: 203, 5: 176, 6: 202, 7: 208, 8: 189, 9: 204}, 17: {0: 204, 1: 233, 2: 209, 3: 231, 4: 189, 5: 152, 6: 155, 7: 238, 8: 182, 9: 207}, 18: {0: 207, 1: 221, 2: 232, 3: 221, 4: 166, 5: 185, 6: 183, 7: 205, 8: 199, 9: 181}, 19: {0: 194, 1: 258, 2: 193, 3: 198, 4: 198, 5: 163, 6: 186, 7: 221, 8: 197, 9: 192}, 20: {0: 201, 1: 200, 2: 219, 3: 180, 4: 202, 5: 182, 6: 195, 7: 183, 8: 228, 9: 210}, 21: {0: 174, 1: 222, 2: 197, 3: 201, 4: 187, 5: 176, 6: 211, 7: 205, 8: 197, 9: 230}, 22: {0: 212, 1: 208, 2: 183, 3: 183, 4: 205, 5: 183, 6: 198, 7: 227, 8: 202, 9: 199}, 23: {0: 187, 1: 209, 2: 189, 3: 196, 4: 216, 5: 182, 6: 193, 7: 221, 8: 190, 9: 217}, 24: {0: 199, 1: 220, 2: 168, 3: 220, 4: 192, 5: 189, 6: 187, 7: 221, 8: 202, 9: 202}, 25: {0: 205, 1: 212, 2: 204, 3: 203, 4: 203, 5: 178, 6: 205, 7: 201, 8: 186, 9: 203}, 26: {0: 218, 1: 237, 2: 195, 3: 189, 4: 202, 5: 186, 6: 187, 7: 213, 8: 190, 9: 183}, 27: {0: 194, 1: 231, 2: 188, 3: 196, 4: 188, 5: 166, 6: 210, 7: 206, 8: 216, 9: 205}, 28: {0: 187, 1: 248, 2: 187, 3: 206, 4: 194, 5: 178, 6: 196, 7: 230, 8: 177, 9: 197}, 29: {0: 200, 1: 228, 2: 193, 3: 219, 4: 187, 5: 179, 6: 203, 7: 197, 8: 184, 9: 210}}
09-30 02:50 DEBUG    **************************************************
09-30 02:50 DEBUG    Running experiments 

09-30 04:15 DEBUG    ****** PDM_KL matching ******** 
09-30 04:15 DEBUG    Best Sigma0: 10. Best sigma: 0.5 Best gamma: 10. Best Test accuracy: 0.951. Train acc: 0.9512333333333334. 

09-30 04:15 DEBUG    PDM_KL log: {(10, 0.5, 10): {'shapes': [(784, 2609), (2609,), (2609, 10), (10,)], 'train_accuracy': 0.9512333333333334, 'test_accuracy': 0.951}} 
09-30 06:42 DEBUG    ****** PDM_KL matching ******** 
09-30 06:42 DEBUG    Best Sigma0: 10. Best sigma: 0.5 Best gamma: 10. Best Test accuracy: 0.951. Train acc: 0.9512333333333334. 

09-30 06:42 DEBUG    PDM_KL log: {(10, 0.5, 10): {'shapes': [(784, 2604), (2604,), (2604, 10), (10,)], 'train_accuracy': 0.9512333333333334, 'test_accuracy': 0.951}} 
09-30 09:09 DEBUG    ****** PDM_KL matching ******** 
09-30 09:09 DEBUG    Best Sigma0: 10. Best sigma: 0.5 Best gamma: 10. Best Test accuracy: 0.951. Train acc: 0.9512333333333334. 

09-30 09:09 DEBUG    PDM_KL log: {(10, 0.5, 10): {'shapes': [(784, 2611), (2611,), (2611, 10), (10,)], 'train_accuracy': 0.9512333333333334, 'test_accuracy': 0.951}} 
09-30 11:37 DEBUG    ****** PDM_KL matching ******** 
09-30 11:37 DEBUG    Best Sigma0: 10. Best sigma: 0.5 Best gamma: 10. Best Test accuracy: 0.951. Train acc: 0.9512333333333334. 

09-30 11:37 DEBUG    PDM_KL log: {(10, 0.5, 10): {'shapes': [(784, 2603), (2603,), (2603, 10), (10,)], 'train_accuracy': 0.9512333333333334, 'test_accuracy': 0.951}} 
09-30 14:01 DEBUG    ****** PDM_KL matching ******** 
09-30 14:01 DEBUG    Best Sigma0: 10. Best sigma: 0.5 Best gamma: 10. Best Test accuracy: 0.951. Train acc: 0.9512333333333334. 

09-30 14:01 DEBUG    PDM_KL log: {(10, 0.5, 10): {'shapes': [(784, 2590), (2590,), (2590, 10), (10,)], 'train_accuracy': 0.9512333333333334, 'test_accuracy': 0.951}} 
09-30 16:30 DEBUG    ****** PDM_KL matching ******** 
09-30 16:30 DEBUG    Best Sigma0: 10. Best sigma: 0.5 Best gamma: 10. Best Test accuracy: 0.951. Train acc: 0.9512333333333334. 

09-30 16:30 DEBUG    PDM_KL log: {(10, 0.5, 10): {'shapes': [(784, 2576), (2576,), (2576, 10), (10,)], 'train_accuracy': 0.9512333333333334, 'test_accuracy': 0.951}} 
09-30 18:46 DEBUG    ****** PDM_KL matching ******** 
09-30 18:46 DEBUG    Best Sigma0: 10. Best sigma: 0.5 Best gamma: 10. Best Test accuracy: 0.9508. Train acc: 0.9511666666666667. 

09-30 18:46 DEBUG    PDM_KL log: {(10, 0.5, 10): {'shapes': [(784, 2403), (2403,), (2403, 10), (10,)], 'train_accuracy': 0.9511666666666667, 'test_accuracy': 0.9508}} 
09-30 18:49 DEBUG    ****** PDM_KL matching ******** 
09-30 18:49 DEBUG    Best Sigma0: 10. Best sigma: 0.5 Best gamma: 10. Best Test accuracy: 0.9174. Train acc: 0.9136833333333333. 

09-30 18:49 DEBUG    PDM_KL log: {(10, 0.5, 10): {'shapes': [(784, 176), (176,), (176, 10), (10,)], 'train_accuracy': 0.9136833333333333, 'test_accuracy': 0.9174}} 
09-30 18:51 DEBUG    ****** PDM_KL matching ******** 
09-30 18:51 DEBUG    Best Sigma0: 10. Best sigma: 0.5 Best gamma: 10. Best Test accuracy: 0.7783. Train acc: 0.78205. 

09-30 18:51 DEBUG    PDM_KL log: {(10, 0.5, 10): {'shapes': [(784, 137), (137,), (137, 10), (10,)], 'train_accuracy': 0.78205, 'test_accuracy': 0.7783}} 
09-30 18:52 DEBUG    ****** PDM_KL matching ******** 
09-30 18:52 DEBUG    Best Sigma0: 10. Best sigma: 0.5 Best gamma: 10. Best Test accuracy: 0.0892. Train acc: 0.09035. 

09-30 18:52 DEBUG    PDM_KL log: {(10, 0.5, 10): {'shapes': [(784, 100), (100,), (100, 10), (10,)], 'train_accuracy': 0.09035, 'test_accuracy': 0.0892}} 
09-30 18:53 DEBUG    ****** PDM_KL matching ******** 
09-30 18:53 DEBUG    Best Sigma0: 10. Best sigma: 0.5 Best gamma: 10. Best Test accuracy: 0.0892. Train acc: 0.09035. 

09-30 18:53 DEBUG    PDM_KL log: {(10, 0.5, 10): {'shapes': [(784, 100), (100,), (100, 10), (10,)], 'train_accuracy': 0.09035, 'test_accuracy': 0.0892}} 
09-30 18:53 DEBUG    Trial 1 completed
09-30 18:53 DEBUG    ####################################################################################################
09-30 18:53 DEBUG    ####################################################################################################
09-30 18:53 DEBUG    Executing Trial 2 with seed 2
09-30 18:53 DEBUG    Data statistics: {0: {0: 223, 1: 221, 2: 185, 3: 210, 4: 194, 5: 204, 6: 199, 7: 204, 8: 192, 9: 168}, 1: {0: 217, 1: 235, 2: 205, 3: 194, 4: 187, 5: 187, 6: 195, 7: 191, 8: 195, 9: 194}, 2: {0: 173, 1: 235, 2: 179, 3: 207, 4: 219, 5: 171, 6: 191, 7: 215, 8: 203, 9: 207}, 3: {0: 200, 1: 234, 2: 190, 3: 231, 4: 186, 5: 160, 6: 211, 7: 174, 8: 206, 9: 208}, 4: {0: 193, 1: 222, 2: 211, 3: 209, 4: 226, 5: 172, 6: 180, 7: 213, 8: 188, 9: 186}, 5: {0: 177, 1: 207, 2: 224, 3: 201, 4: 205, 5: 189, 6: 193, 7: 223, 8: 182, 9: 199}, 6: {0: 207, 1: 233, 2: 198, 3: 208, 4: 176, 5: 173, 6: 201, 7: 202, 8: 196, 9: 206}, 7: {0: 182, 1: 220, 2: 206, 3: 211, 4: 205, 5: 195, 6: 202, 7: 200, 8: 171, 9: 208}, 8: {0: 206, 1: 216, 2: 216, 3: 218, 4: 191, 5: 195, 6: 203, 7: 216, 8: 180, 9: 159}, 9: {0: 207, 1: 229, 2: 196, 3: 187, 4: 185, 5: 187, 6: 198, 7: 209, 8: 187, 9: 215}, 10: {0: 199, 1: 218, 2: 216, 3: 193, 4: 196, 5: 178, 6: 187, 7: 208, 8: 199, 9: 206}, 11: {0: 166, 1: 228, 2: 165, 3: 195, 4: 206, 5: 181, 6: 226, 7: 220, 8: 220, 9: 193}, 12: {0: 201, 1: 202, 2: 197, 3: 209, 4: 197, 5: 168, 6: 213, 7: 202, 8: 209, 9: 202}, 13: {0: 198, 1: 203, 2: 214, 3: 203, 4: 200, 5: 182, 6: 202, 7: 203, 8: 190, 9: 205}, 14: {0: 170, 1: 218, 2: 201, 3: 234, 4: 196, 5: 200, 6: 202, 7: 203, 8: 185, 9: 191}, 15: {0: 217, 1: 220, 2: 198, 3: 226, 4: 178, 5: 186, 6: 187, 7: 223, 8: 194, 9: 171}, 16: {0: 176, 1: 232, 2: 221, 3: 178, 4: 191, 5: 175, 6: 193, 7: 227, 8: 206, 9: 201}, 17: {0: 194, 1: 243, 2: 182, 3: 209, 4: 194, 5: 185, 6: 196, 7: 207, 8: 193, 9: 197}, 18: {0: 207, 1: 241, 2: 202, 3: 188, 4: 193, 5: 178, 6: 181, 7: 205, 8: 205, 9: 200}, 19: {0: 199, 1: 211, 2: 209, 3: 196, 4: 201, 5: 186, 6: 180, 7: 220, 8: 184, 9: 214}, 20: {0: 212, 1: 238, 2: 197, 3: 175, 4: 179, 5: 177, 6: 211, 7: 208, 8: 201, 9: 202}, 21: {0: 209, 1: 210, 2: 178, 3: 210, 4: 221, 5: 172, 6: 183, 7: 222, 8: 196, 9: 199}, 22: {0: 205, 1: 234, 2: 202, 3: 238, 4: 176, 5: 172, 6: 196, 7: 216, 8: 153, 9: 208}, 23: {0: 197, 1: 247, 2: 199, 3: 189, 4: 190, 5: 186, 6: 172, 7: 222, 8: 206, 9: 192}, 24: {0: 213, 1: 218, 2: 196, 3: 167, 4: 199, 5: 171, 6: 199, 7: 205, 8: 206, 9: 226}, 25: {0: 194, 1: 216, 2: 204, 3: 208, 4: 185, 5: 180, 6: 213, 7: 203, 8: 204, 9: 193}, 26: {0: 233, 1: 238, 2: 187, 3: 199, 4: 197, 5: 174, 6: 183, 7: 224, 8: 170, 9: 195}, 27: {0: 187, 1: 228, 2: 184, 3: 196, 4: 208, 5: 183, 6: 214, 7: 198, 8: 201, 9: 201}, 28: {0: 177, 1: 219, 2: 179, 3: 234, 4: 177, 5: 178, 6: 214, 7: 206, 8: 228, 9: 188}, 29: {0: 184, 1: 226, 2: 217, 3: 208, 4: 184, 5: 176, 6: 193, 7: 196, 8: 201, 9: 215}}
09-30 18:54 DEBUG    **************************************************
09-30 18:54 DEBUG    Running experiments 

09-30 20:15 DEBUG    ****** PDM_KL matching ******** 
09-30 20:15 DEBUG    Best Sigma0: 10. Best sigma: 0.5 Best gamma: 10. Best Test accuracy: 0.9522. Train acc: 0.9513833333333334. 

09-30 20:15 DEBUG    PDM_KL log: {(10, 0.5, 10): {'shapes': [(784, 2576), (2576,), (2576, 10), (10,)], 'train_accuracy': 0.9513833333333334, 'test_accuracy': 0.9522}} 
09-30 22:32 DEBUG    ****** PDM_KL matching ******** 
09-30 22:32 DEBUG    Best Sigma0: 10. Best sigma: 0.5 Best gamma: 10. Best Test accuracy: 0.9522. Train acc: 0.9513833333333334. 

09-30 22:32 DEBUG    PDM_KL log: {(10, 0.5, 10): {'shapes': [(784, 2575), (2575,), (2575, 10), (10,)], 'train_accuracy': 0.9513833333333334, 'test_accuracy': 0.9522}} 
10-01 00:48 DEBUG    ****** PDM_KL matching ******** 
10-01 00:48 DEBUG    Best Sigma0: 10. Best sigma: 0.5 Best gamma: 10. Best Test accuracy: 0.9522. Train acc: 0.9513833333333334. 

10-01 00:48 DEBUG    PDM_KL log: {(10, 0.5, 10): {'shapes': [(784, 2573), (2573,), (2573, 10), (10,)], 'train_accuracy': 0.9513833333333334, 'test_accuracy': 0.9522}} 
10-01 02:50 DEBUG    ****** PDM_KL matching ******** 
10-01 02:50 DEBUG    Best Sigma0: 10. Best sigma: 0.5 Best gamma: 10. Best Test accuracy: 0.9522. Train acc: 0.9513833333333334. 

10-01 02:50 DEBUG    PDM_KL log: {(10, 0.5, 10): {'shapes': [(784, 2566), (2566,), (2566, 10), (10,)], 'train_accuracy': 0.9513833333333334, 'test_accuracy': 0.9522}} 
10-01 04:35 DEBUG    ****** PDM_KL matching ******** 
10-01 04:35 DEBUG    Best Sigma0: 10. Best sigma: 0.5 Best gamma: 10. Best Test accuracy: 0.9522. Train acc: 0.9513833333333334. 

10-01 04:35 DEBUG    PDM_KL log: {(10, 0.5, 10): {'shapes': [(784, 2554), (2554,), (2554, 10), (10,)], 'train_accuracy': 0.9513833333333334, 'test_accuracy': 0.9522}} 
10-01 06:18 DEBUG    ****** PDM_KL matching ******** 
10-01 06:18 DEBUG    Best Sigma0: 10. Best sigma: 0.5 Best gamma: 10. Best Test accuracy: 0.9522. Train acc: 0.9513833333333334. 

10-01 06:18 DEBUG    PDM_KL log: {(10, 0.5, 10): {'shapes': [(784, 2536), (2536,), (2536, 10), (10,)], 'train_accuracy': 0.9513833333333334, 'test_accuracy': 0.9522}} 
10-01 07:54 DEBUG    ****** PDM_KL matching ******** 
10-01 07:54 DEBUG    Best Sigma0: 10. Best sigma: 0.5 Best gamma: 10. Best Test accuracy: 0.9518. Train acc: 0.9514666666666667. 

10-01 07:54 DEBUG    PDM_KL log: {(10, 0.5, 10): {'shapes': [(784, 2355), (2355,), (2355, 10), (10,)], 'train_accuracy': 0.9514666666666667, 'test_accuracy': 0.9518}} 
10-01 07:56 DEBUG    ****** PDM_KL matching ******** 
10-01 07:56 DEBUG    Best Sigma0: 10. Best sigma: 0.5 Best gamma: 10. Best Test accuracy: 0.8935. Train acc: 0.8912666666666667. 

10-01 07:56 DEBUG    PDM_KL log: {(10, 0.5, 10): {'shapes': [(784, 175), (175,), (175, 10), (10,)], 'train_accuracy': 0.8912666666666667, 'test_accuracy': 0.8935}} 
10-01 07:57 DEBUG    ****** PDM_KL matching ******** 
10-01 07:57 DEBUG    Best Sigma0: 10. Best sigma: 0.5 Best gamma: 10. Best Test accuracy: 0.8502. Train acc: 0.8475166666666667. 

10-01 07:57 DEBUG    PDM_KL log: {(10, 0.5, 10): {'shapes': [(784, 135), (135,), (135, 10), (10,)], 'train_accuracy': 0.8475166666666667, 'test_accuracy': 0.8502}} 
10-01 07:58 DEBUG    ****** PDM_KL matching ******** 
10-01 07:58 DEBUG    Best Sigma0: 10. Best sigma: 0.5 Best gamma: 10. Best Test accuracy: 0.0892. Train acc: 0.09035. 

10-01 07:58 DEBUG    PDM_KL log: {(10, 0.5, 10): {'shapes': [(784, 100), (100,), (100, 10), (10,)], 'train_accuracy': 0.09035, 'test_accuracy': 0.0892}} 
10-01 07:59 DEBUG    ****** PDM_KL matching ******** 
10-01 07:59 DEBUG    Best Sigma0: 10. Best sigma: 0.5 Best gamma: 10. Best Test accuracy: 0.0892. Train acc: 0.09035. 

10-01 07:59 DEBUG    PDM_KL log: {(10, 0.5, 10): {'shapes': [(784, 100), (100,), (100, 10), (10,)], 'train_accuracy': 0.09035, 'test_accuracy': 0.0892}} 
10-01 07:59 DEBUG    Trial 2 completed
10-01 07:59 DEBUG    ####################################################################################################
10-01 07:59 DEBUG    ####################################################################################################
10-01 07:59 DEBUG    Executing Trial 3 with seed 3
10-01 07:59 DEBUG    Data statistics: {0: {0: 183, 1: 245, 2: 214, 3: 200, 4: 179, 5: 180, 6: 195, 7: 216, 8: 207, 9: 181}, 1: {0: 190, 1: 234, 2: 209, 3: 194, 4: 196, 5: 175, 6: 179, 7: 231, 8: 196, 9: 196}, 2: {0: 205, 1: 247, 2: 188, 3: 212, 4: 196, 5: 180, 6: 188, 7: 199, 8: 191, 9: 194}, 3: {0: 220, 1: 221, 2: 191, 3: 191, 4: 182, 5: 189, 6: 203, 7: 226, 8: 179, 9: 198}, 4: {0: 204, 1: 204, 2: 195, 3: 205, 4: 199, 5: 171, 6: 187, 7: 216, 8: 209, 9: 210}, 5: {0: 176, 1: 231, 2: 204, 3: 197, 4: 205, 5: 209, 6: 206, 7: 197, 8: 185, 9: 190}, 6: {0: 210, 1: 217, 2: 202, 3: 203, 4: 211, 5: 183, 6: 184, 7: 204, 8: 191, 9: 195}, 7: {0: 181, 1: 223, 2: 185, 3: 221, 4: 201, 5: 161, 6: 193, 7: 214, 8: 209, 9: 212}, 8: {0: 166, 1: 231, 2: 207, 3: 204, 4: 183, 5: 186, 6: 187, 7: 226, 8: 212, 9: 198}, 9: {0: 182, 1: 236, 2: 209, 3: 199, 4: 214, 5: 189, 6: 196, 7: 195, 8: 179, 9: 201}, 10: {0: 208, 1: 215, 2: 206, 3: 219, 4: 207, 5: 161, 6: 194, 7: 181, 8: 205, 9: 204}, 11: {0: 184, 1: 218, 2: 200, 3: 227, 4: 174, 5: 173, 6: 189, 7: 201, 8: 216, 9: 218}, 12: {0: 187, 1: 219, 2: 181, 3: 208, 4: 204, 5: 205, 6: 206, 7: 200, 8: 193, 9: 197}, 13: {0: 189, 1: 234, 2: 199, 3: 210, 4: 188, 5: 166, 6: 209, 7: 200, 8: 204, 9: 201}, 14: {0: 198, 1: 224, 2: 191, 3: 218, 4: 208, 5: 168, 6: 193, 7: 223, 8: 182, 9: 195}, 15: {0: 203, 1: 222, 2: 215, 3: 236, 4: 182, 5: 159, 6: 192, 7: 190, 8: 186, 9: 215}, 16: {0: 177, 1: 226, 2: 206, 3: 191, 4: 200, 5: 189, 6: 214, 7: 195, 8: 174, 9: 228}, 17: {0: 205, 1: 234, 2: 198, 3: 204, 4: 205, 5: 176, 6: 185, 7: 214, 8: 193, 9: 186}, 18: {0: 219, 1: 233, 2: 207, 3: 205, 4: 161, 5: 193, 6: 204, 7: 202, 8: 185, 9: 191}, 19: {0: 213, 1: 223, 2: 181, 3: 205, 4: 192, 5: 193, 6: 218, 7: 203, 8: 186, 9: 186}, 20: {0: 194, 1: 237, 2: 194, 3: 185, 4: 215, 5: 177, 6: 183, 7: 213, 8: 217, 9: 185}, 21: {0: 212, 1: 211, 2: 205, 3: 199, 4: 176, 5: 155, 6: 204, 7: 231, 8: 202, 9: 205}, 22: {0: 192, 1: 235, 2: 184, 3: 203, 4: 185, 5: 176, 6: 189, 7: 230, 8: 210, 9: 196}, 23: {0: 209, 1: 217, 2: 203, 3: 188, 4: 189, 5: 190, 6: 207, 7: 199, 8: 203, 9: 195}, 24: {0: 209, 1: 233, 2: 185, 3: 210, 4: 183, 5: 170, 6: 192, 7: 206, 8: 211, 9: 201}, 25: {0: 195, 1: 227, 2: 214, 3: 196, 4: 219, 5: 178, 6: 190, 7: 211, 8: 174, 9: 196}, 26: {0: 220, 1: 229, 2: 190, 3: 214, 4: 165, 5: 222, 6: 193, 7: 201, 8: 178, 9: 188}, 27: {0: 199, 1: 203, 2: 191, 3: 205, 4: 223, 5: 175, 6: 213, 7: 209, 8: 187, 9: 195}, 28: {0: 193, 1: 195, 2: 200, 3: 177, 4: 200, 5: 192, 6: 224, 7: 222, 8: 203, 9: 194}, 29: {0: 200, 1: 218, 2: 204, 3: 205, 4: 200, 5: 180, 6: 201, 7: 210, 8: 184, 9: 198}}
10-01 08:00 DEBUG    **************************************************
10-01 08:00 DEBUG    Running experiments 

10-01 09:01 DEBUG    ****** PDM_KL matching ******** 
10-01 09:01 DEBUG    Best Sigma0: 10. Best sigma: 0.5 Best gamma: 10. Best Test accuracy: 0.9515. Train acc: 0.95155. 

10-01 09:01 DEBUG    PDM_KL log: {(10, 0.5, 10): {'shapes': [(784, 2635), (2635,), (2635, 10), (10,)], 'train_accuracy': 0.95155, 'test_accuracy': 0.9515}} 
10-01 10:48 DEBUG    ****** PDM_KL matching ******** 
10-01 10:48 DEBUG    Best Sigma0: 10. Best sigma: 0.5 Best gamma: 10. Best Test accuracy: 0.9515. Train acc: 0.95155. 

10-01 10:48 DEBUG    PDM_KL log: {(10, 0.5, 10): {'shapes': [(784, 2635), (2635,), (2635, 10), (10,)], 'train_accuracy': 0.95155, 'test_accuracy': 0.9515}} 
10-01 12:36 DEBUG    ****** PDM_KL matching ******** 
10-01 12:36 DEBUG    Best Sigma0: 10. Best sigma: 0.5 Best gamma: 10. Best Test accuracy: 0.9515. Train acc: 0.95155. 

10-01 12:36 DEBUG    PDM_KL log: {(10, 0.5, 10): {'shapes': [(784, 2634), (2634,), (2634, 10), (10,)], 'train_accuracy': 0.95155, 'test_accuracy': 0.9515}} 
10-01 14:22 DEBUG    ****** PDM_KL matching ******** 
10-01 14:22 DEBUG    Best Sigma0: 10. Best sigma: 0.5 Best gamma: 10. Best Test accuracy: 0.9515. Train acc: 0.9515333333333333. 

10-01 14:22 DEBUG    PDM_KL log: {(10, 0.5, 10): {'shapes': [(784, 2631), (2631,), (2631, 10), (10,)], 'train_accuracy': 0.9515333333333333, 'test_accuracy': 0.9515}} 
10-01 16:09 DEBUG    ****** PDM_KL matching ******** 
10-01 16:09 DEBUG    Best Sigma0: 10. Best sigma: 0.5 Best gamma: 10. Best Test accuracy: 0.9515. Train acc: 0.9515333333333333. 

10-01 16:09 DEBUG    PDM_KL log: {(10, 0.5, 10): {'shapes': [(784, 2615), (2615,), (2615, 10), (10,)], 'train_accuracy': 0.9515333333333333, 'test_accuracy': 0.9515}} 
10-01 17:53 DEBUG    ****** PDM_KL matching ******** 
10-01 17:53 DEBUG    Best Sigma0: 10. Best sigma: 0.5 Best gamma: 10. Best Test accuracy: 0.9515. Train acc: 0.9515333333333333. 

10-01 17:53 DEBUG    PDM_KL log: {(10, 0.5, 10): {'shapes': [(784, 2587), (2587,), (2587, 10), (10,)], 'train_accuracy': 0.9515333333333333, 'test_accuracy': 0.9515}} 
10-01 19:30 DEBUG    ****** PDM_KL matching ******** 
10-01 19:30 DEBUG    Best Sigma0: 10. Best sigma: 0.5 Best gamma: 10. Best Test accuracy: 0.9509. Train acc: 0.9513333333333334. 

10-01 19:30 DEBUG    PDM_KL log: {(10, 0.5, 10): {'shapes': [(784, 2387), (2387,), (2387, 10), (10,)], 'train_accuracy': 0.9513333333333334, 'test_accuracy': 0.9509}} 
10-01 19:33 DEBUG    ****** PDM_KL matching ******** 
10-01 19:33 DEBUG    Best Sigma0: 10. Best sigma: 0.5 Best gamma: 10. Best Test accuracy: 0.8891. Train acc: 0.8893166666666666. 

10-01 19:33 DEBUG    PDM_KL log: {(10, 0.5, 10): {'shapes': [(784, 178), (178,), (178, 10), (10,)], 'train_accuracy': 0.8893166666666666, 'test_accuracy': 0.8891}} 
10-01 19:34 DEBUG    ****** PDM_KL matching ******** 
10-01 19:34 DEBUG    Best Sigma0: 10. Best sigma: 0.5 Best gamma: 10. Best Test accuracy: 0.8071. Train acc: 0.8031833333333334. 

10-01 19:34 DEBUG    PDM_KL log: {(10, 0.5, 10): {'shapes': [(784, 135), (135,), (135, 10), (10,)], 'train_accuracy': 0.8031833333333334, 'test_accuracy': 0.8071}} 
10-01 19:35 DEBUG    ****** PDM_KL matching ******** 
10-01 19:35 DEBUG    Best Sigma0: 10. Best sigma: 0.5 Best gamma: 10. Best Test accuracy: 0.0892. Train acc: 0.09035. 

10-01 19:35 DEBUG    PDM_KL log: {(10, 0.5, 10): {'shapes': [(784, 100), (100,), (100, 10), (10,)], 'train_accuracy': 0.09035, 'test_accuracy': 0.0892}} 
10-01 19:36 DEBUG    ****** PDM_KL matching ******** 
10-01 19:36 DEBUG    Best Sigma0: 10. Best sigma: 0.5 Best gamma: 10. Best Test accuracy: 0.0892. Train acc: 0.09035. 

10-01 19:36 DEBUG    PDM_KL log: {(10, 0.5, 10): {'shapes': [(784, 100), (100,), (100, 10), (10,)], 'train_accuracy': 0.09035, 'test_accuracy': 0.0892}} 
10-01 19:36 DEBUG    Trial 3 completed
10-01 19:36 DEBUG    ####################################################################################################
10-01 19:36 DEBUG    ####################################################################################################
10-01 19:36 DEBUG    Executing Trial 4 with seed 4
10-01 19:36 DEBUG    Data statistics: {0: {0: 197, 1: 214, 2: 219, 3: 221, 4: 193, 5: 154, 6: 191, 7: 216, 8: 189, 9: 206}, 1: {0: 183, 1: 234, 2: 214, 3: 196, 4: 184, 5: 183, 6: 210, 7: 210, 8: 190, 9: 196}, 2: {0: 200, 1: 246, 2: 191, 3: 197, 4: 183, 5: 186, 6: 204, 7: 199, 8: 202, 9: 192}, 3: {0: 232, 1: 214, 2: 183, 3: 197, 4: 201, 5: 172, 6: 182, 7: 224, 8: 207, 9: 188}, 4: {0: 177, 1: 202, 2: 212, 3: 215, 4: 195, 5: 206, 6: 188, 7: 220, 8: 188, 9: 197}, 5: {0: 208, 1: 232, 2: 226, 3: 199, 4: 170, 5: 187, 6: 197, 7: 211, 8: 192, 9: 178}, 6: {0: 193, 1: 226, 2: 204, 3: 199, 4: 194, 5: 179, 6: 211, 7: 195, 8: 209, 9: 190}, 7: {0: 188, 1: 227, 2: 184, 3: 212, 4: 210, 5: 181, 6: 200, 7: 201, 8: 183, 9: 214}, 8: {0: 176, 1: 244, 2: 211, 3: 186, 4: 184, 5: 181, 6: 191, 7: 210, 8: 228, 9: 189}, 9: {0: 195, 1: 217, 2: 173, 3: 211, 4: 219, 5: 169, 6: 194, 7: 210, 8: 186, 9: 226}, 10: {0: 179, 1: 219, 2: 197, 3: 207, 4: 204, 5: 184, 6: 197, 7: 198, 8: 192, 9: 223}, 11: {0: 220, 1: 223, 2: 180, 3: 205, 4: 203, 5: 192, 6: 201, 7: 195, 8: 182, 9: 199}, 12: {0: 196, 1: 228, 2: 199, 3: 192, 4: 181, 5: 190, 6: 209, 7: 228, 8: 161, 9: 216}, 13: {0: 188, 1: 233, 2: 203, 3: 236, 4: 191, 5: 191, 6: 216, 7: 185, 8: 181, 9: 176}, 14: {0: 195, 1: 245, 2: 196, 3: 224, 4: 208, 5: 166, 6: 216, 7: 203, 8: 165, 9: 182}, 15: {0: 222, 1: 201, 2: 204, 3: 206, 4: 199, 5: 200, 6: 193, 7: 172, 8: 212, 9: 191}, 16: {0: 182, 1: 239, 2: 199, 3: 220, 4: 210, 5: 156, 6: 217, 7: 210, 8: 188, 9: 179}, 17: {0: 227, 1: 218, 2: 181, 3: 191, 4: 194, 5: 170, 6: 173, 7: 227, 8: 204, 9: 215}, 18: {0: 170, 1: 225, 2: 206, 3: 211, 4: 182, 5: 185, 6: 211, 7: 227, 8: 187, 9: 196}, 19: {0: 194, 1: 229, 2: 198, 3: 195, 4: 211, 5: 192, 6: 177, 7: 222, 8: 181, 9: 201}, 20: {0: 212, 1: 232, 2: 191, 3: 195, 4: 180, 5: 158, 6: 201, 7: 229, 8: 191, 9: 211}, 21: {0: 184, 1: 228, 2: 221, 3: 202, 4: 197, 5: 179, 6: 179, 7: 219, 8: 220, 9: 171}, 22: {0: 202, 1: 203, 2: 190, 3: 215, 4: 210, 5: 175, 6: 190, 7: 194, 8: 223, 9: 198}, 23: {0: 228, 1: 232, 2: 213, 3: 183, 4: 180, 5: 174, 6: 205, 7: 197, 8: 193, 9: 195}, 24: {0: 188, 1: 222, 2: 190, 3: 198, 4: 198, 5: 171, 6: 185, 7: 206, 8: 224, 9: 218}, 25: {0: 191, 1: 255, 2: 204, 3: 199, 4: 196, 5: 191, 6: 185, 7: 205, 8: 175, 9: 199}, 26: {0: 198, 1: 213, 2: 207, 3: 192, 4: 187, 5: 188, 6: 179, 7: 230, 8: 194, 9: 212}, 27: {0: 201, 1: 202, 2: 198, 3: 216, 4: 188, 5: 174, 6: 223, 7: 203, 8: 197, 9: 198}, 28: {0: 187, 1: 216, 2: 181, 3: 207, 4: 204, 5: 196, 6: 204, 7: 209, 8: 212, 9: 184}, 29: {0: 210, 1: 223, 2: 183, 3: 204, 4: 186, 5: 191, 6: 189, 7: 210, 8: 195, 9: 209}}
10-01 19:37 DEBUG    **************************************************
10-01 19:37 DEBUG    Running experiments 

10-01 20:37 DEBUG    ****** PDM_KL matching ******** 
10-01 20:37 DEBUG    Best Sigma0: 10. Best sigma: 0.5 Best gamma: 10. Best Test accuracy: 0.9521. Train acc: 0.9519333333333333. 

10-01 20:37 DEBUG    PDM_KL log: {(10, 0.5, 10): {'shapes': [(784, 2583), (2583,), (2583, 10), (10,)], 'train_accuracy': 0.9519333333333333, 'test_accuracy': 0.9521}} 
10-01 22:25 DEBUG    ****** PDM_KL matching ******** 
10-01 22:25 DEBUG    Best Sigma0: 10. Best sigma: 0.5 Best gamma: 10. Best Test accuracy: 0.9521. Train acc: 0.9519333333333333. 

10-01 22:25 DEBUG    PDM_KL log: {(10, 0.5, 10): {'shapes': [(784, 2582), (2582,), (2582, 10), (10,)], 'train_accuracy': 0.9519333333333333, 'test_accuracy': 0.9521}} 
10-02 00:03 DEBUG    ****** PDM_KL matching ******** 
10-02 00:03 DEBUG    Best Sigma0: 10. Best sigma: 0.5 Best gamma: 10. Best Test accuracy: 0.9521. Train acc: 0.9519333333333333. 

10-02 00:03 DEBUG    PDM_KL log: {(10, 0.5, 10): {'shapes': [(784, 2583), (2583,), (2583, 10), (10,)], 'train_accuracy': 0.9519333333333333, 'test_accuracy': 0.9521}} 
10-02 01:43 DEBUG    ****** PDM_KL matching ******** 
10-02 01:43 DEBUG    Best Sigma0: 10. Best sigma: 0.5 Best gamma: 10. Best Test accuracy: 0.9521. Train acc: 0.9519333333333333. 

10-02 01:43 DEBUG    PDM_KL log: {(10, 0.5, 10): {'shapes': [(784, 2575), (2575,), (2575, 10), (10,)], 'train_accuracy': 0.9519333333333333, 'test_accuracy': 0.9521}} 
10-02 03:20 DEBUG    ****** PDM_KL matching ******** 
10-02 03:20 DEBUG    Best Sigma0: 10. Best sigma: 0.5 Best gamma: 10. Best Test accuracy: 0.9521. Train acc: 0.9519333333333333. 

10-02 03:20 DEBUG    PDM_KL log: {(10, 0.5, 10): {'shapes': [(784, 2561), (2561,), (2561, 10), (10,)], 'train_accuracy': 0.9519333333333333, 'test_accuracy': 0.9521}} 
10-02 04:57 DEBUG    ****** PDM_KL matching ******** 
10-02 04:57 DEBUG    Best Sigma0: 10. Best sigma: 0.5 Best gamma: 10. Best Test accuracy: 0.9521. Train acc: 0.9519166666666666. 

10-02 04:57 DEBUG    PDM_KL log: {(10, 0.5, 10): {'shapes': [(784, 2540), (2540,), (2540, 10), (10,)], 'train_accuracy': 0.9519166666666666, 'test_accuracy': 0.9521}} 
10-02 06:26 DEBUG    ****** PDM_KL matching ******** 
10-02 06:26 DEBUG    Best Sigma0: 10. Best sigma: 0.5 Best gamma: 10. Best Test accuracy: 0.9516. Train acc: 0.9519333333333333. 

10-02 06:26 DEBUG    PDM_KL log: {(10, 0.5, 10): {'shapes': [(784, 2363), (2363,), (2363, 10), (10,)], 'train_accuracy': 0.9519333333333333, 'test_accuracy': 0.9516}} 
10-02 06:28 DEBUG    ****** PDM_KL matching ******** 
10-02 06:28 DEBUG    Best Sigma0: 10. Best sigma: 0.5 Best gamma: 10. Best Test accuracy: 0.843. Train acc: 0.8405833333333333. 

10-02 06:28 DEBUG    PDM_KL log: {(10, 0.5, 10): {'shapes': [(784, 177), (177,), (177, 10), (10,)], 'train_accuracy': 0.8405833333333333, 'test_accuracy': 0.843}} 
10-02 06:30 DEBUG    ****** PDM_KL matching ******** 
10-02 06:30 DEBUG    Best Sigma0: 10. Best sigma: 0.5 Best gamma: 10. Best Test accuracy: 0.829. Train acc: 0.8303833333333334. 

10-02 06:30 DEBUG    PDM_KL log: {(10, 0.5, 10): {'shapes': [(784, 135), (135,), (135, 10), (10,)], 'train_accuracy': 0.8303833333333334, 'test_accuracy': 0.829}} 
10-02 06:31 DEBUG    ****** PDM_KL matching ******** 
10-02 06:31 DEBUG    Best Sigma0: 10. Best sigma: 0.5 Best gamma: 10. Best Test accuracy: 0.0892. Train acc: 0.09035. 

10-02 06:31 DEBUG    PDM_KL log: {(10, 0.5, 10): {'shapes': [(784, 100), (100,), (100, 10), (10,)], 'train_accuracy': 0.09035, 'test_accuracy': 0.0892}} 
10-02 06:32 DEBUG    ****** PDM_KL matching ******** 
10-02 06:32 DEBUG    Best Sigma0: 10. Best sigma: 0.5 Best gamma: 10. Best Test accuracy: 0.0892. Train acc: 0.09035. 

10-02 06:32 DEBUG    PDM_KL log: {(10, 0.5, 10): {'shapes': [(784, 100), (100,), (100, 10), (10,)], 'train_accuracy': 0.09035, 'test_accuracy': 0.0892}} 
10-02 06:32 DEBUG    Trial 4 completed
10-02 06:32 DEBUG    ####################################################################################################
10-02 06:32 DEBUG    ####################################################################################################
10-02 06:32 DEBUG    Executing Trial 5 with seed 5
10-02 06:32 DEBUG    Data statistics: {0: {0: 183, 1: 194, 2: 196, 3: 217, 4: 214, 5: 179, 6: 200, 7: 242, 8: 199, 9: 176}, 1: {0: 192, 1: 227, 2: 207, 3: 213, 4: 197, 5: 164, 6: 202, 7: 201, 8: 187, 9: 210}, 2: {0: 190, 1: 227, 2: 176, 3: 206, 4: 193, 5: 166, 6: 209, 7: 217, 8: 216, 9: 200}, 3: {0: 205, 1: 223, 2: 195, 3: 212, 4: 183, 5: 172, 6: 211, 7: 203, 8: 188, 9: 208}, 4: {0: 206, 1: 227, 2: 204, 3: 202, 4: 189, 5: 169, 6: 190, 7: 225, 8: 192, 9: 196}, 5: {0: 222, 1: 225, 2: 193, 3: 199, 4: 199, 5: 164, 6: 193, 7: 212, 8: 200, 9: 193}, 6: {0: 206, 1: 214, 2: 171, 3: 219, 4: 184, 5: 176, 6: 182, 7: 223, 8: 209, 9: 216}, 7: {0: 207, 1: 252, 2: 199, 3: 185, 4: 191, 5: 184, 6: 192, 7: 200, 8: 184, 9: 206}, 8: {0: 190, 1: 233, 2: 194, 3: 185, 4: 198, 5: 186, 6: 202, 7: 198, 8: 200, 9: 214}, 9: {0: 207, 1: 211, 2: 215, 3: 211, 4: 195, 5: 179, 6: 200, 7: 199, 8: 199, 9: 184}, 10: {0: 201, 1: 221, 2: 210, 3: 197, 4: 189, 5: 192, 6: 183, 7: 233, 8: 166, 9: 208}, 11: {0: 218, 1: 220, 2: 183, 3: 199, 4: 190, 5: 192, 6: 198, 7: 202, 8: 187, 9: 211}, 12: {0: 181, 1: 222, 2: 199, 3: 215, 4: 191, 5: 172, 6: 188, 7: 233, 8: 203, 9: 196}, 13: {0: 188, 1: 233, 2: 195, 3: 198, 4: 193, 5: 202, 6: 189, 7: 197, 8: 221, 9: 184}, 14: {0: 210, 1: 229, 2: 198, 3: 218, 4: 177, 5: 174, 6: 188, 7: 196, 8: 213, 9: 197}, 15: {0: 193, 1: 215, 2: 200, 3: 217, 4: 208, 5: 170, 6: 208, 7: 202, 8: 180, 9: 207}, 16: {0: 193, 1: 232, 2: 205, 3: 209, 4: 188, 5: 183, 6: 191, 7: 233, 8: 187, 9: 179}, 17: {0: 193, 1: 225, 2: 211, 3: 203, 4: 179, 5: 199, 6: 189, 7: 212, 8: 192, 9: 197}, 18: {0: 192, 1: 221, 2: 204, 3: 198, 4: 206, 5: 196, 6: 181, 7: 195, 8: 196, 9: 211}, 19: {0: 192, 1: 217, 2: 209, 3: 218, 4: 215, 5: 188, 6: 190, 7: 198, 8: 171, 9: 202}, 20: {0: 195, 1: 226, 2: 194, 3: 191, 4: 207, 5: 196, 6: 193, 7: 199, 8: 198, 9: 201}, 21: {0: 170, 1: 228, 2: 220, 3: 211, 4: 199, 5: 191, 6: 203, 7: 209, 8: 173, 9: 196}, 22: {0: 200, 1: 242, 2: 189, 3: 210, 4: 200, 5: 173, 6: 209, 7: 203, 8: 181, 9: 193}, 23: {0: 202, 1: 208, 2: 203, 3: 195, 4: 192, 5: 171, 6: 214, 7: 212, 8: 203, 9: 200}, 24: {0: 200, 1: 227, 2: 194, 3: 221, 4: 206, 5: 178, 6: 181, 7: 212, 8: 200, 9: 181}, 25: {0: 188, 1: 240, 2: 194, 3: 215, 4: 195, 5: 188, 6: 211, 7: 207, 8: 188, 9: 174}, 26: {0: 215, 1: 216, 2: 203, 3: 192, 4: 181, 5: 193, 6: 218, 7: 192, 8: 183, 9: 207}, 27: {0: 209, 1: 226, 2: 197, 3: 184, 4: 187, 5: 188, 6: 200, 7: 205, 8: 208, 9: 196}, 28: {0: 192, 1: 238, 2: 210, 3: 185, 4: 207, 5: 161, 6: 218, 7: 194, 8: 197, 9: 198}, 29: {0: 183, 1: 223, 2: 190, 3: 206, 4: 189, 5: 175, 6: 185, 7: 211, 8: 230, 9: 208}}
10-02 06:32 DEBUG    **************************************************
10-02 06:32 DEBUG    Running experiments 

10-02 07:30 DEBUG    ****** PDM_KL matching ******** 
10-02 07:30 DEBUG    Best Sigma0: 10. Best sigma: 0.5 Best gamma: 10. Best Test accuracy: 0.9536. Train acc: 0.9518. 

10-02 07:30 DEBUG    PDM_KL log: {(10, 0.5, 10): {'shapes': [(784, 2591), (2591,), (2591, 10), (10,)], 'train_accuracy': 0.9518, 'test_accuracy': 0.9536}} 
10-02 09:09 DEBUG    ****** PDM_KL matching ******** 
10-02 09:09 DEBUG    Best Sigma0: 10. Best sigma: 0.5 Best gamma: 10. Best Test accuracy: 0.9536. Train acc: 0.9518. 

10-02 09:09 DEBUG    PDM_KL log: {(10, 0.5, 10): {'shapes': [(784, 2593), (2593,), (2593, 10), (10,)], 'train_accuracy': 0.9518, 'test_accuracy': 0.9536}} 
10-02 10:50 DEBUG    ****** PDM_KL matching ******** 
10-02 10:50 DEBUG    Best Sigma0: 10. Best sigma: 0.5 Best gamma: 10. Best Test accuracy: 0.9536. Train acc: 0.9518166666666666. 

10-02 10:50 DEBUG    PDM_KL log: {(10, 0.5, 10): {'shapes': [(784, 2588), (2588,), (2588, 10), (10,)], 'train_accuracy': 0.9518166666666666, 'test_accuracy': 0.9536}} 
10-02 12:27 DEBUG    ****** PDM_KL matching ******** 
10-02 12:27 DEBUG    Best Sigma0: 10. Best sigma: 0.5 Best gamma: 10. Best Test accuracy: 0.9536. Train acc: 0.9518. 

10-02 12:27 DEBUG    PDM_KL log: {(10, 0.5, 10): {'shapes': [(784, 2587), (2587,), (2587, 10), (10,)], 'train_accuracy': 0.9518, 'test_accuracy': 0.9536}} 
10-02 14:05 DEBUG    ****** PDM_KL matching ******** 
10-02 14:05 DEBUG    Best Sigma0: 10. Best sigma: 0.5 Best gamma: 10. Best Test accuracy: 0.9536. Train acc: 0.9518166666666666. 

10-02 14:05 DEBUG    PDM_KL log: {(10, 0.5, 10): {'shapes': [(784, 2565), (2565,), (2565, 10), (10,)], 'train_accuracy': 0.9518166666666666, 'test_accuracy': 0.9536}} 
10-02 15:39 DEBUG    ****** PDM_KL matching ******** 
10-02 15:39 DEBUG    Best Sigma0: 10. Best sigma: 0.5 Best gamma: 10. Best Test accuracy: 0.9536. Train acc: 0.9518166666666666. 

10-02 15:39 DEBUG    PDM_KL log: {(10, 0.5, 10): {'shapes': [(784, 2545), (2545,), (2545, 10), (10,)], 'train_accuracy': 0.9518166666666666, 'test_accuracy': 0.9536}} 
10-02 17:11 DEBUG    ****** PDM_KL matching ******** 
10-02 17:11 DEBUG    Best Sigma0: 10. Best sigma: 0.5 Best gamma: 10. Best Test accuracy: 0.9532. Train acc: 0.95185. 

10-02 17:11 DEBUG    PDM_KL log: {(10, 0.5, 10): {'shapes': [(784, 2374), (2374,), (2374, 10), (10,)], 'train_accuracy': 0.95185, 'test_accuracy': 0.9532}} 
10-02 17:14 DEBUG    ****** PDM_KL matching ******** 
10-02 17:14 DEBUG    Best Sigma0: 10. Best sigma: 0.5 Best gamma: 10. Best Test accuracy: 0.8775. Train acc: 0.8684. 

10-02 17:14 DEBUG    PDM_KL log: {(10, 0.5, 10): {'shapes': [(784, 182), (182,), (182, 10), (10,)], 'train_accuracy': 0.8684, 'test_accuracy': 0.8775}} 
10-02 17:15 DEBUG    ****** PDM_KL matching ******** 
10-02 17:15 DEBUG    Best Sigma0: 10. Best sigma: 0.5 Best gamma: 10. Best Test accuracy: 0.7793. Train acc: 0.7728166666666667. 

10-02 17:15 DEBUG    PDM_KL log: {(10, 0.5, 10): {'shapes': [(784, 138), (138,), (138, 10), (10,)], 'train_accuracy': 0.7728166666666667, 'test_accuracy': 0.7793}} 
10-02 17:16 DEBUG    ****** PDM_KL matching ******** 
10-02 17:16 DEBUG    Best Sigma0: 10. Best sigma: 0.5 Best gamma: 10. Best Test accuracy: 0.0892. Train acc: 0.09035. 

10-02 17:16 DEBUG    PDM_KL log: {(10, 0.5, 10): {'shapes': [(784, 100), (100,), (100, 10), (10,)], 'train_accuracy': 0.09035, 'test_accuracy': 0.0892}} 
10-02 17:17 DEBUG    ****** PDM_KL matching ******** 
10-02 17:17 DEBUG    Best Sigma0: 10. Best sigma: 0.5 Best gamma: 10. Best Test accuracy: 0.0892. Train acc: 0.09035. 

10-02 17:17 DEBUG    PDM_KL log: {(10, 0.5, 10): {'shapes': [(784, 100), (100,), (100, 10), (10,)], 'train_accuracy': 0.09035, 'test_accuracy': 0.0892}} 
10-02 17:17 DEBUG    Trial 5 completed
10-02 17:17 DEBUG    ####################################################################################################
10-02 17:17 DEBUG    ####################################################################################################
10-02 17:17 DEBUG    Executing Trial 6 with seed 6
10-02 17:17 DEBUG    Data statistics: {0: {0: 201, 1: 231, 2: 202, 3: 199, 4: 201, 5: 180, 6: 194, 7: 207, 8: 186, 9: 199}, 1: {0: 184, 1: 223, 2: 168, 3: 220, 4: 215, 5: 179, 6: 232, 7: 201, 8: 182, 9: 196}, 2: {0: 205, 1: 207, 2: 217, 3: 205, 4: 197, 5: 183, 6: 197, 7: 196, 8: 189, 9: 204}, 3: {0: 184, 1: 222, 2: 182, 3: 234, 4: 183, 5: 163, 6: 186, 7: 207, 8: 218, 9: 221}, 4: {0: 184, 1: 274, 2: 228, 3: 173, 4: 194, 5: 192, 6: 185, 7: 210, 8: 198, 9: 162}, 5: {0: 193, 1: 220, 2: 196, 3: 229, 4: 191, 5: 192, 6: 181, 7: 216, 8: 198, 9: 184}, 6: {0: 204, 1: 231, 2: 193, 3: 216, 4: 202, 5: 171, 6: 201, 7: 195, 8: 197, 9: 190}, 7: {0: 206, 1: 236, 2: 194, 3: 198, 4: 177, 5: 167, 6: 194, 7: 208, 8: 204, 9: 216}, 8: {0: 196, 1: 249, 2: 195, 3: 201, 4: 200, 5: 175, 6: 188, 7: 204, 8: 170, 9: 222}, 9: {0: 200, 1: 228, 2: 179, 3: 211, 4: 187, 5: 192, 6: 210, 7: 202, 8: 199, 9: 192}, 10: {0: 186, 1: 219, 2: 182, 3: 192, 4: 194, 5: 197, 6: 202, 7: 225, 8: 208, 9: 195}, 11: {0: 203, 1: 217, 2: 192, 3: 206, 4: 180, 5: 181, 6: 208, 7: 209, 8: 197, 9: 207}, 12: {0: 204, 1: 225, 2: 232, 3: 190, 4: 222, 5: 156, 6: 194, 7: 208, 8: 190, 9: 179}, 13: {0: 192, 1: 238, 2: 195, 3: 211, 4: 200, 5: 163, 6: 200, 7: 228, 8: 181, 9: 192}, 14: {0: 196, 1: 219, 2: 229, 3: 203, 4: 151, 5: 202, 6: 200, 7: 198, 8: 198, 9: 204}, 15: {0: 199, 1: 229, 2: 212, 3: 240, 4: 189, 5: 172, 6: 180, 7: 217, 8: 183, 9: 179}, 16: {0: 177, 1: 248, 2: 198, 3: 214, 4: 191, 5: 196, 6: 192, 7: 198, 8: 192, 9: 194}, 17: {0: 196, 1: 216, 2: 179, 3: 207, 4: 180, 5: 178, 6: 200, 7: 223, 8: 214, 9: 207}, 18: {0: 199, 1: 213, 2: 194, 3: 192, 4: 209, 5: 181, 6: 206, 7: 187, 8: 199, 9: 220}, 19: {0: 198, 1: 224, 2: 188, 3: 196, 4: 199, 5: 184, 6: 204, 7: 204, 8: 201, 9: 202}, 20: {0: 229, 1: 226, 2: 211, 3: 185, 4: 207, 5: 195, 6: 194, 7: 206, 8: 166, 9: 181}, 21: {0: 202, 1: 219, 2: 187, 3: 186, 4: 203, 5: 168, 6: 209, 7: 220, 8: 200, 9: 206}, 22: {0: 206, 1: 219, 2: 209, 3: 197, 4: 188, 5: 172, 6: 210, 7: 229, 8: 174, 9: 196}, 23: {0: 209, 1: 212, 2: 198, 3: 200, 4: 200, 5: 160, 6: 198, 7: 208, 8: 205, 9: 210}, 24: {0: 194, 1: 217, 2: 198, 3: 206, 4: 180, 5: 177, 6: 191, 7: 238, 8: 202, 9: 197}, 25: {0: 194, 1: 208, 2: 197, 3: 212, 4: 219, 5: 171, 6: 203, 7: 214, 8: 182, 9: 200}, 26: {0: 190, 1: 218, 2: 197, 3: 211, 4: 182, 5: 206, 6: 177, 7: 201, 8: 204, 9: 214}, 27: {0: 187, 1: 222, 2: 216, 3: 193, 4: 200, 5: 191, 6: 180, 7: 230, 8: 193, 9: 188}, 28: {0: 209, 1: 213, 2: 209, 3: 200, 4: 205, 5: 184, 6: 226, 7: 171, 8: 207, 9: 176}, 29: {0: 196, 1: 219, 2: 181, 3: 204, 4: 196, 5: 193, 6: 176, 7: 205, 8: 214, 9: 216}}
10-02 17:18 DEBUG    **************************************************
10-02 17:18 DEBUG    Running experiments 

10-02 18:14 DEBUG    ****** PDM_KL matching ******** 
10-02 18:14 DEBUG    Best Sigma0: 10. Best sigma: 0.5 Best gamma: 10. Best Test accuracy: 0.9524. Train acc: 0.95235. 

10-02 18:14 DEBUG    PDM_KL log: {(10, 0.5, 10): {'shapes': [(784, 2567), (2567,), (2567, 10), (10,)], 'train_accuracy': 0.95235, 'test_accuracy': 0.9524}} 
10-02 19:53 DEBUG    ****** PDM_KL matching ******** 
10-02 19:53 DEBUG    Best Sigma0: 10. Best sigma: 0.5 Best gamma: 10. Best Test accuracy: 0.9524. Train acc: 0.95235. 

10-02 19:53 DEBUG    PDM_KL log: {(10, 0.5, 10): {'shapes': [(784, 2565), (2565,), (2565, 10), (10,)], 'train_accuracy': 0.95235, 'test_accuracy': 0.9524}} 
10-02 21:30 DEBUG    ****** PDM_KL matching ******** 
10-02 21:30 DEBUG    Best Sigma0: 10. Best sigma: 0.5 Best gamma: 10. Best Test accuracy: 0.9524. Train acc: 0.95235. 

10-02 21:30 DEBUG    PDM_KL log: {(10, 0.5, 10): {'shapes': [(784, 2566), (2566,), (2566, 10), (10,)], 'train_accuracy': 0.95235, 'test_accuracy': 0.9524}} 
10-02 23:09 DEBUG    ****** PDM_KL matching ******** 
10-02 23:09 DEBUG    Best Sigma0: 10. Best sigma: 0.5 Best gamma: 10. Best Test accuracy: 0.9524. Train acc: 0.95235. 

10-02 23:09 DEBUG    PDM_KL log: {(10, 0.5, 10): {'shapes': [(784, 2566), (2566,), (2566, 10), (10,)], 'train_accuracy': 0.95235, 'test_accuracy': 0.9524}} 
10-03 00:32 DEBUG    ****** PDM_KL matching ******** 
10-03 00:32 DEBUG    Best Sigma0: 10. Best sigma: 0.5 Best gamma: 10. Best Test accuracy: 0.9524. Train acc: 0.95235. 

10-03 00:32 DEBUG    PDM_KL log: {(10, 0.5, 10): {'shapes': [(784, 2544), (2544,), (2544, 10), (10,)], 'train_accuracy': 0.95235, 'test_accuracy': 0.9524}} 
10-03 01:29 DEBUG    ****** PDM_KL matching ******** 
10-03 01:29 DEBUG    Best Sigma0: 10. Best sigma: 0.5 Best gamma: 10. Best Test accuracy: 0.9524. Train acc: 0.95235. 

10-03 01:29 DEBUG    PDM_KL log: {(10, 0.5, 10): {'shapes': [(784, 2523), (2523,), (2523, 10), (10,)], 'train_accuracy': 0.95235, 'test_accuracy': 0.9524}} 
10-03 02:22 DEBUG    ****** PDM_KL matching ******** 
10-03 02:22 DEBUG    Best Sigma0: 10. Best sigma: 0.5 Best gamma: 10. Best Test accuracy: 0.9524. Train acc: 0.95225. 

10-03 02:22 DEBUG    PDM_KL log: {(10, 0.5, 10): {'shapes': [(784, 2356), (2356,), (2356, 10), (10,)], 'train_accuracy': 0.95225, 'test_accuracy': 0.9524}} 
10-03 02:24 DEBUG    ****** PDM_KL matching ******** 
10-03 02:24 DEBUG    Best Sigma0: 10. Best sigma: 0.5 Best gamma: 10. Best Test accuracy: 0.8284. Train acc: 0.8295333333333333. 

10-03 02:24 DEBUG    PDM_KL log: {(10, 0.5, 10): {'shapes': [(784, 177), (177,), (177, 10), (10,)], 'train_accuracy': 0.8295333333333333, 'test_accuracy': 0.8284}} 
10-03 02:26 DEBUG    ****** PDM_KL matching ******** 
10-03 02:26 DEBUG    Best Sigma0: 10. Best sigma: 0.5 Best gamma: 10. Best Test accuracy: 0.8654. Train acc: 0.8642666666666666. 

10-03 02:26 DEBUG    PDM_KL log: {(10, 0.5, 10): {'shapes': [(784, 136), (136,), (136, 10), (10,)], 'train_accuracy': 0.8642666666666666, 'test_accuracy': 0.8654}} 
10-03 02:27 DEBUG    ****** PDM_KL matching ******** 
10-03 02:27 DEBUG    Best Sigma0: 10. Best sigma: 0.5 Best gamma: 10. Best Test accuracy: 0.0892. Train acc: 0.09035. 

10-03 02:27 DEBUG    PDM_KL log: {(10, 0.5, 10): {'shapes': [(784, 100), (100,), (100, 10), (10,)], 'train_accuracy': 0.09035, 'test_accuracy': 0.0892}} 
10-03 02:28 DEBUG    ****** PDM_KL matching ******** 
10-03 02:28 DEBUG    Best Sigma0: 10. Best sigma: 0.5 Best gamma: 10. Best Test accuracy: 0.0892. Train acc: 0.09035. 

10-03 02:28 DEBUG    PDM_KL log: {(10, 0.5, 10): {'shapes': [(784, 100), (100,), (100, 10), (10,)], 'train_accuracy': 0.09035, 'test_accuracy': 0.0892}} 
10-03 02:28 DEBUG    Trial 6 completed
10-03 02:28 DEBUG    ####################################################################################################
10-03 02:28 DEBUG    ####################################################################################################
10-03 02:28 DEBUG    Executing Trial 7 with seed 7
10-03 02:28 DEBUG    Data statistics: {0: {0: 181, 1: 230, 2: 192, 3: 208, 4: 203, 5: 195, 6: 224, 7: 192, 8: 179, 9: 196}, 1: {0: 189, 1: 218, 2: 176, 3: 239, 4: 200, 5: 196, 6: 195, 7: 226, 8: 194, 9: 167}, 2: {0: 184, 1: 221, 2: 204, 3: 234, 4: 195, 5: 167, 6: 217, 7: 201, 8: 189, 9: 188}, 3: {0: 185, 1: 235, 2: 191, 3: 189, 4: 203, 5: 186, 6: 181, 7: 230, 8: 198, 9: 202}, 4: {0: 202, 1: 211, 2: 190, 3: 194, 4: 197, 5: 186, 6: 187, 7: 237, 8: 209, 9: 187}, 5: {0: 203, 1: 228, 2: 176, 3: 180, 4: 200, 5: 181, 6: 197, 7: 207, 8: 232, 9: 196}, 6: {0: 227, 1: 213, 2: 194, 3: 213, 4: 187, 5: 166, 6: 198, 7: 205, 8: 192, 9: 205}, 7: {0: 207, 1: 238, 2: 193, 3: 217, 4: 199, 5: 186, 6: 176, 7: 197, 8: 203, 9: 184}, 8: {0: 171, 1: 252, 2: 197, 3: 214, 4: 192, 5: 177, 6: 189, 7: 204, 8: 182, 9: 222}, 9: {0: 193, 1: 244, 2: 220, 3: 202, 4: 190, 5: 205, 6: 198, 7: 183, 8: 171, 9: 194}, 10: {0: 205, 1: 213, 2: 200, 3: 231, 4: 177, 5: 188, 6: 207, 7: 205, 8: 166, 9: 208}, 11: {0: 183, 1: 223, 2: 195, 3: 188, 4: 193, 5: 195, 6: 211, 7: 216, 8: 186, 9: 210}, 12: {0: 209, 1: 231, 2: 210, 3: 208, 4: 204, 5: 171, 6: 195, 7: 196, 8: 201, 9: 175}, 13: {0: 197, 1: 222, 2: 201, 3: 201, 4: 200, 5: 189, 6: 198, 7: 207, 8: 180, 9: 205}, 14: {0: 217, 1: 218, 2: 210, 3: 214, 4: 185, 5: 161, 6: 211, 7: 207, 8: 179, 9: 198}, 15: {0: 189, 1: 207, 2: 176, 3: 197, 4: 206, 5: 205, 6: 199, 7: 230, 8: 202, 9: 189}, 16: {0: 188, 1: 212, 2: 193, 3: 227, 4: 200, 5: 176, 6: 168, 7: 229, 8: 200, 9: 207}, 17: {0: 194, 1: 191, 2: 204, 3: 202, 4: 196, 5: 176, 6: 194, 7: 219, 8: 202, 9: 222}, 18: {0: 188, 1: 241, 2: 193, 3: 205, 4: 179, 5: 177, 6: 187, 7: 215, 8: 198, 9: 217}, 19: {0: 189, 1: 217, 2: 197, 3: 212, 4: 186, 5: 162, 6: 208, 7: 220, 8: 197, 9: 212}, 20: {0: 175, 1: 221, 2: 225, 3: 196, 4: 194, 5: 175, 6: 204, 7: 208, 8: 211, 9: 191}, 21: {0: 215, 1: 226, 2: 213, 3: 201, 4: 186, 5: 177, 6: 209, 7: 181, 8: 198, 9: 194}, 22: {0: 210, 1: 232, 2: 204, 3: 186, 4: 207, 5: 178, 6: 181, 7: 212, 8: 195, 9: 195}, 23: {0: 195, 1: 252, 2: 204, 3: 211, 4: 175, 5: 165, 6: 185, 7: 219, 8: 204, 9: 190}, 24: {0: 200, 1: 226, 2: 190, 3: 177, 4: 202, 5: 179, 6: 231, 7: 197, 8: 186, 9: 212}, 25: {0: 221, 1: 209, 2: 197, 3: 180, 4: 219, 5: 176, 6: 217, 7: 192, 8: 181, 9: 208}, 26: {0: 204, 1: 236, 2: 209, 3: 203, 4: 199, 5: 175, 6: 198, 7: 204, 8: 191, 9: 181}, 27: {0: 189, 1: 230, 2: 206, 3: 205, 4: 170, 5: 193, 6: 172, 7: 228, 8: 213, 9: 194}, 28: {0: 195, 1: 235, 2: 208, 3: 204, 4: 188, 5: 177, 6: 189, 7: 193, 8: 199, 9: 212}, 29: {0: 218, 1: 210, 2: 190, 3: 193, 4: 210, 5: 181, 6: 192, 7: 205, 8: 213, 9: 188}}
10-03 02:28 DEBUG    **************************************************
10-03 02:28 DEBUG    Running experiments 

10-03 02:58 DEBUG    ****** PDM_KL matching ******** 
10-03 02:58 DEBUG    Best Sigma0: 10. Best sigma: 0.5 Best gamma: 10. Best Test accuracy: 0.9515. Train acc: 0.9515. 

10-03 02:58 DEBUG    PDM_KL log: {(10, 0.5, 10): {'shapes': [(784, 2571), (2571,), (2571, 10), (10,)], 'train_accuracy': 0.9515, 'test_accuracy': 0.9515}} 
10-03 03:49 DEBUG    ****** PDM_KL matching ******** 
10-03 03:49 DEBUG    Best Sigma0: 10. Best sigma: 0.5 Best gamma: 10. Best Test accuracy: 0.9515. Train acc: 0.9515. 

10-03 03:49 DEBUG    PDM_KL log: {(10, 0.5, 10): {'shapes': [(784, 2557), (2557,), (2557, 10), (10,)], 'train_accuracy': 0.9515, 'test_accuracy': 0.9515}} 
10-03 04:40 DEBUG    ****** PDM_KL matching ******** 
10-03 04:40 DEBUG    Best Sigma0: 10. Best sigma: 0.5 Best gamma: 10. Best Test accuracy: 0.9515. Train acc: 0.9515. 

10-03 04:40 DEBUG    PDM_KL log: {(10, 0.5, 10): {'shapes': [(784, 2559), (2559,), (2559, 10), (10,)], 'train_accuracy': 0.9515, 'test_accuracy': 0.9515}} 
10-03 05:31 DEBUG    ****** PDM_KL matching ******** 
10-03 05:31 DEBUG    Best Sigma0: 10. Best sigma: 0.5 Best gamma: 10. Best Test accuracy: 0.9515. Train acc: 0.9515. 

10-03 05:31 DEBUG    PDM_KL log: {(10, 0.5, 10): {'shapes': [(784, 2557), (2557,), (2557, 10), (10,)], 'train_accuracy': 0.9515, 'test_accuracy': 0.9515}} 
10-03 06:22 DEBUG    ****** PDM_KL matching ******** 
10-03 06:22 DEBUG    Best Sigma0: 10. Best sigma: 0.5 Best gamma: 10. Best Test accuracy: 0.9515. Train acc: 0.9515. 

10-03 06:22 DEBUG    PDM_KL log: {(10, 0.5, 10): {'shapes': [(784, 2549), (2549,), (2549, 10), (10,)], 'train_accuracy': 0.9515, 'test_accuracy': 0.9515}} 
10-03 07:12 DEBUG    ****** PDM_KL matching ******** 
10-03 07:12 DEBUG    Best Sigma0: 10. Best sigma: 0.5 Best gamma: 10. Best Test accuracy: 0.9515. Train acc: 0.9515. 

10-03 07:12 DEBUG    PDM_KL log: {(10, 0.5, 10): {'shapes': [(784, 2516), (2516,), (2516, 10), (10,)], 'train_accuracy': 0.9515, 'test_accuracy': 0.9515}} 
10-03 07:58 DEBUG    ****** PDM_KL matching ******** 
10-03 07:58 DEBUG    Best Sigma0: 10. Best sigma: 0.5 Best gamma: 10. Best Test accuracy: 0.9514. Train acc: 0.9515. 

10-03 07:58 DEBUG    PDM_KL log: {(10, 0.5, 10): {'shapes': [(784, 2373), (2373,), (2373, 10), (10,)], 'train_accuracy': 0.9515, 'test_accuracy': 0.9514}} 
10-03 08:00 DEBUG    ****** PDM_KL matching ******** 
10-03 08:00 DEBUG    Best Sigma0: 10. Best sigma: 0.5 Best gamma: 10. Best Test accuracy: 0.8875. Train acc: 0.8861666666666667. 

10-03 08:00 DEBUG    PDM_KL log: {(10, 0.5, 10): {'shapes': [(784, 180), (180,), (180, 10), (10,)], 'train_accuracy': 0.8861666666666667, 'test_accuracy': 0.8875}} 
10-03 08:02 DEBUG    ****** PDM_KL matching ******** 
10-03 08:02 DEBUG    Best Sigma0: 10. Best sigma: 0.5 Best gamma: 10. Best Test accuracy: 0.7958. Train acc: 0.79535. 

10-03 08:02 DEBUG    PDM_KL log: {(10, 0.5, 10): {'shapes': [(784, 134), (134,), (134, 10), (10,)], 'train_accuracy': 0.79535, 'test_accuracy': 0.7958}} 
10-03 08:02 DEBUG    ****** PDM_KL matching ******** 
10-03 08:02 DEBUG    Best Sigma0: 10. Best sigma: 0.5 Best gamma: 10. Best Test accuracy: 0.0892. Train acc: 0.09035. 

10-03 08:02 DEBUG    PDM_KL log: {(10, 0.5, 10): {'shapes': [(784, 100), (100,), (100, 10), (10,)], 'train_accuracy': 0.09035, 'test_accuracy': 0.0892}} 
10-03 08:03 DEBUG    ****** PDM_KL matching ******** 
10-03 08:03 DEBUG    Best Sigma0: 10. Best sigma: 0.5 Best gamma: 10. Best Test accuracy: 0.0892. Train acc: 0.09035. 

10-03 08:03 DEBUG    PDM_KL log: {(10, 0.5, 10): {'shapes': [(784, 100), (100,), (100, 10), (10,)], 'train_accuracy': 0.09035, 'test_accuracy': 0.0892}} 
10-03 08:03 DEBUG    Trial 7 completed
10-03 08:03 DEBUG    ####################################################################################################
10-03 08:03 DEBUG    ####################################################################################################
10-03 08:03 DEBUG    Executing Trial 8 with seed 8
10-03 08:03 DEBUG    Data statistics: {0: {0: 201, 1: 234, 2: 199, 3: 199, 4: 197, 5: 188, 6: 181, 7: 210, 8: 192, 9: 199}, 1: {0: 201, 1: 261, 2: 192, 3: 211, 4: 197, 5: 167, 6: 204, 7: 187, 8: 191, 9: 189}, 2: {0: 218, 1: 235, 2: 177, 3: 192, 4: 196, 5: 197, 6: 180, 7: 192, 8: 206, 9: 207}, 3: {0: 193, 1: 229, 2: 196, 3: 220, 4: 194, 5: 180, 6: 187, 7: 222, 8: 180, 9: 199}, 4: {0: 187, 1: 237, 2: 200, 3: 222, 4: 179, 5: 207, 6: 187, 7: 210, 8: 183, 9: 188}, 5: {0: 181, 1: 232, 2: 196, 3: 204, 4: 187, 5: 149, 6: 203, 7: 217, 8: 225, 9: 206}, 6: {0: 197, 1: 242, 2: 201, 3: 208, 4: 199, 5: 178, 6: 149, 7: 223, 8: 207, 9: 196}, 7: {0: 188, 1: 233, 2: 197, 3: 193, 4: 209, 5: 177, 6: 182, 7: 205, 8: 204, 9: 212}, 8: {0: 185, 1: 213, 2: 205, 3: 228, 4: 196, 5: 168, 6: 219, 7: 193, 8: 193, 9: 200}, 9: {0: 180, 1: 196, 2: 214, 3: 197, 4: 180, 5: 190, 6: 191, 7: 245, 8: 205, 9: 202}, 10: {0: 196, 1: 215, 2: 186, 3: 215, 4: 208, 5: 166, 6: 203, 7: 190, 8: 214, 9: 207}, 11: {0: 202, 1: 237, 2: 218, 3: 201, 4: 184, 5: 207, 6: 188, 7: 201, 8: 181, 9: 181}, 12: {0: 209, 1: 194, 2: 184, 3: 207, 4: 193, 5: 195, 6: 220, 7: 204, 8: 195, 9: 199}, 13: {0: 202, 1: 243, 2: 196, 3: 205, 4: 185, 5: 184, 6: 198, 7: 200, 8: 186, 9: 201}, 14: {0: 208, 1: 223, 2: 218, 3: 188, 4: 208, 5: 170, 6: 202, 7: 205, 8: 173, 9: 205}, 15: {0: 195, 1: 213, 2: 182, 3: 231, 4: 203, 5: 174, 6: 203, 7: 211, 8: 193, 9: 195}, 16: {0: 226, 1: 211, 2: 198, 3: 191, 4: 215, 5: 180, 6: 199, 7: 197, 8: 182, 9: 201}, 17: {0: 194, 1: 211, 2: 207, 3: 181, 4: 200, 5: 177, 6: 210, 7: 227, 8: 200, 9: 193}, 18: {0: 206, 1: 221, 2: 189, 3: 210, 4: 184, 5: 180, 6: 183, 7: 221, 8: 206, 9: 200}, 19: {0: 195, 1: 207, 2: 189, 3: 198, 4: 186, 5: 184, 6: 191, 7: 238, 8: 190, 9: 222}, 20: {0: 181, 1: 231, 2: 201, 3: 214, 4: 184, 5: 199, 6: 186, 7: 210, 8: 198, 9: 196}, 21: {0: 193, 1: 245, 2: 187, 3: 224, 4: 191, 5: 189, 6: 183, 7: 214, 8: 175, 9: 199}, 22: {0: 193, 1: 213, 2: 198, 3: 184, 4: 184, 5: 203, 6: 205, 7: 202, 8: 208, 9: 210}, 23: {0: 196, 1: 217, 2: 222, 3: 205, 4: 203, 5: 173, 6: 224, 7: 197, 8: 175, 9: 188}, 24: {0: 203, 1: 234, 2: 225, 3: 209, 4: 191, 5: 178, 6: 179, 7: 194, 8: 190, 9: 197}, 25: {0: 189, 1: 206, 2: 198, 3: 193, 4: 212, 5: 166, 6: 209, 7: 218, 8: 213, 9: 196}, 26: {0: 194, 1: 229, 2: 186, 3: 190, 4: 186, 5: 162, 6: 228, 7: 225, 8: 201, 9: 199}, 27: {0: 195, 1: 203, 2: 194, 3: 224, 4: 197, 5: 162, 6: 214, 7: 207, 8: 203, 9: 201}, 28: {0: 200, 1: 246, 2: 197, 3: 195, 4: 187, 5: 196, 6: 201, 7: 211, 8: 202, 9: 165}, 29: {0: 215, 1: 231, 2: 206, 3: 192, 4: 207, 5: 175, 6: 209, 7: 189, 8: 180, 9: 196}}
10-03 08:04 DEBUG    **************************************************
10-03 08:04 DEBUG    Running experiments 

10-03 08:34 DEBUG    ****** PDM_KL matching ******** 
10-03 08:34 DEBUG    Best Sigma0: 10. Best sigma: 0.5 Best gamma: 10. Best Test accuracy: 0.9527. Train acc: 0.9520166666666666. 

10-03 08:34 DEBUG    PDM_KL log: {(10, 0.5, 10): {'shapes': [(784, 2585), (2585,), (2585, 10), (10,)], 'train_accuracy': 0.9520166666666666, 'test_accuracy': 0.9527}} 
10-03 09:25 DEBUG    ****** PDM_KL matching ******** 
10-03 09:25 DEBUG    Best Sigma0: 10. Best sigma: 0.5 Best gamma: 10. Best Test accuracy: 0.9527. Train acc: 0.9520166666666666. 

10-03 09:25 DEBUG    PDM_KL log: {(10, 0.5, 10): {'shapes': [(784, 2584), (2584,), (2584, 10), (10,)], 'train_accuracy': 0.9520166666666666, 'test_accuracy': 0.9527}} 
10-03 10:16 DEBUG    ****** PDM_KL matching ******** 
10-03 10:16 DEBUG    Best Sigma0: 10. Best sigma: 0.5 Best gamma: 10. Best Test accuracy: 0.9527. Train acc: 0.9520166666666666. 

10-03 10:16 DEBUG    PDM_KL log: {(10, 0.5, 10): {'shapes': [(784, 2593), (2593,), (2593, 10), (10,)], 'train_accuracy': 0.9520166666666666, 'test_accuracy': 0.9527}} 
10-03 11:06 DEBUG    ****** PDM_KL matching ******** 
10-03 11:06 DEBUG    Best Sigma0: 10. Best sigma: 0.5 Best gamma: 10. Best Test accuracy: 0.9527. Train acc: 0.9520166666666666. 

10-03 11:06 DEBUG    PDM_KL log: {(10, 0.5, 10): {'shapes': [(784, 2585), (2585,), (2585, 10), (10,)], 'train_accuracy': 0.9520166666666666, 'test_accuracy': 0.9527}} 
10-03 11:57 DEBUG    ****** PDM_KL matching ******** 
10-03 11:57 DEBUG    Best Sigma0: 10. Best sigma: 0.5 Best gamma: 10. Best Test accuracy: 0.9527. Train acc: 0.9520166666666666. 

10-03 11:57 DEBUG    PDM_KL log: {(10, 0.5, 10): {'shapes': [(784, 2559), (2559,), (2559, 10), (10,)], 'train_accuracy': 0.9520166666666666, 'test_accuracy': 0.9527}} 
10-03 12:48 DEBUG    ****** PDM_KL matching ******** 
10-03 12:48 DEBUG    Best Sigma0: 10. Best sigma: 0.5 Best gamma: 10. Best Test accuracy: 0.9527. Train acc: 0.9520166666666666. 

10-03 12:48 DEBUG    PDM_KL log: {(10, 0.5, 10): {'shapes': [(784, 2553), (2553,), (2553, 10), (10,)], 'train_accuracy': 0.9520166666666666, 'test_accuracy': 0.9527}} 
10-03 13:35 DEBUG    ****** PDM_KL matching ******** 
10-03 13:35 DEBUG    Best Sigma0: 10. Best sigma: 0.5 Best gamma: 10. Best Test accuracy: 0.9525. Train acc: 0.95215. 

10-03 13:35 DEBUG    PDM_KL log: {(10, 0.5, 10): {'shapes': [(784, 2395), (2395,), (2395, 10), (10,)], 'train_accuracy': 0.95215, 'test_accuracy': 0.9525}} 
10-03 13:37 DEBUG    ****** PDM_KL matching ******** 
10-03 13:37 DEBUG    Best Sigma0: 10. Best sigma: 0.5 Best gamma: 10. Best Test accuracy: 0.8515. Train acc: 0.84875. 

10-03 13:37 DEBUG    PDM_KL log: {(10, 0.5, 10): {'shapes': [(784, 180), (180,), (180, 10), (10,)], 'train_accuracy': 0.84875, 'test_accuracy': 0.8515}} 
10-03 13:38 DEBUG    ****** PDM_KL matching ******** 
10-03 13:38 DEBUG    Best Sigma0: 10. Best sigma: 0.5 Best gamma: 10. Best Test accuracy: 0.7758. Train acc: 0.7694333333333333. 

10-03 13:38 DEBUG    PDM_KL log: {(10, 0.5, 10): {'shapes': [(784, 136), (136,), (136, 10), (10,)], 'train_accuracy': 0.7694333333333333, 'test_accuracy': 0.7758}} 
10-03 13:39 DEBUG    ****** PDM_KL matching ******** 
10-03 13:39 DEBUG    Best Sigma0: 10. Best sigma: 0.5 Best gamma: 10. Best Test accuracy: 0.0892. Train acc: 0.09035. 

10-03 13:39 DEBUG    PDM_KL log: {(10, 0.5, 10): {'shapes': [(784, 100), (100,), (100, 10), (10,)], 'train_accuracy': 0.09035, 'test_accuracy': 0.0892}} 
10-03 13:40 DEBUG    ****** PDM_KL matching ******** 
10-03 13:40 DEBUG    Best Sigma0: 10. Best sigma: 0.5 Best gamma: 10. Best Test accuracy: 0.0892. Train acc: 0.09035. 

10-03 13:40 DEBUG    PDM_KL log: {(10, 0.5, 10): {'shapes': [(784, 100), (100,), (100, 10), (10,)], 'train_accuracy': 0.09035, 'test_accuracy': 0.0892}} 
10-03 13:40 DEBUG    Trial 8 completed
10-03 13:40 DEBUG    ####################################################################################################
10-03 13:40 DEBUG    ####################################################################################################
10-03 13:40 DEBUG    Executing Trial 9 with seed 9
10-03 13:40 DEBUG    Data statistics: {0: {0: 199, 1: 234, 2: 194, 3: 203, 4: 183, 5: 183, 6: 197, 7: 225, 8: 194, 9: 188}, 1: {0: 184, 1: 244, 2: 198, 3: 195, 4: 206, 5: 159, 6: 209, 7: 207, 8: 193, 9: 205}, 2: {0: 215, 1: 250, 2: 172, 3: 205, 4: 197, 5: 188, 6: 206, 7: 192, 8: 179, 9: 196}, 3: {0: 206, 1: 236, 2: 192, 3: 208, 4: 175, 5: 182, 6: 177, 7: 213, 8: 207, 9: 204}, 4: {0: 162, 1: 210, 2: 209, 3: 218, 4: 204, 5: 189, 6: 195, 7: 215, 8: 199, 9: 199}, 5: {0: 195, 1: 230, 2: 185, 3: 190, 4: 198, 5: 185, 6: 205, 7: 221, 8: 199, 9: 192}, 6: {0: 199, 1: 236, 2: 195, 3: 198, 4: 184, 5: 176, 6: 188, 7: 203, 8: 196, 9: 225}, 7: {0: 200, 1: 221, 2: 212, 3: 198, 4: 195, 5: 165, 6: 205, 7: 194, 8: 189, 9: 221}, 8: {0: 221, 1: 210, 2: 176, 3: 243, 4: 199, 5: 191, 6: 210, 7: 186, 8: 173, 9: 191}, 9: {0: 182, 1: 221, 2: 202, 3: 208, 4: 185, 5: 177, 6: 204, 7: 225, 8: 191, 9: 205}, 10: {0: 203, 1: 238, 2: 186, 3: 193, 4: 190, 5: 188, 6: 180, 7: 205, 8: 210, 9: 207}, 11: {0: 203, 1: 230, 2: 206, 3: 203, 4: 186, 5: 186, 6: 201, 7: 228, 8: 179, 9: 178}, 12: {0: 210, 1: 239, 2: 179, 3: 222, 4: 189, 5: 195, 6: 194, 7: 194, 8: 196, 9: 182}, 13: {0: 219, 1: 216, 2: 186, 3: 198, 4: 210, 5: 168, 6: 172, 7: 235, 8: 205, 9: 191}, 14: {0: 172, 1: 224, 2: 205, 3: 206, 4: 211, 5: 195, 6: 197, 7: 205, 8: 190, 9: 195}, 15: {0: 195, 1: 225, 2: 200, 3: 200, 4: 190, 5: 179, 6: 182, 7: 211, 8: 214, 9: 204}, 16: {0: 192, 1: 223, 2: 195, 3: 215, 4: 202, 5: 173, 6: 188, 7: 203, 8: 194, 9: 215}, 17: {0: 201, 1: 191, 2: 221, 3: 211, 4: 187, 5: 193, 6: 200, 7: 212, 8: 185, 9: 199}, 18: {0: 208, 1: 221, 2: 196, 3: 222, 4: 193, 5: 173, 6: 200, 7: 191, 8: 213, 9: 183}, 19: {0: 203, 1: 228, 2: 211, 3: 183, 4: 199, 5: 184, 6: 211, 7: 204, 8: 181, 9: 196}, 20: {0: 178, 1: 236, 2: 216, 3: 194, 4: 207, 5: 169, 6: 188, 7: 219, 8: 214, 9: 179}, 21: {0: 182, 1: 228, 2: 206, 3: 229, 4: 190, 5: 163, 6: 187, 7: 212, 8: 203, 9: 200}, 22: {0: 209, 1: 229, 2: 207, 3: 212, 4: 181, 5: 169, 6: 206, 7: 196, 8: 184, 9: 207}, 23: {0: 199, 1: 210, 2: 205, 3: 192, 4: 211, 5: 166, 6: 211, 7: 188, 8: 207, 9: 211}, 24: {0: 192, 1: 250, 2: 200, 3: 221, 4: 201, 5: 173, 6: 187, 7: 198, 8: 186, 9: 192}, 25: {0: 188, 1: 227, 2: 231, 3: 164, 4: 199, 5: 187, 6: 195, 7: 218, 8: 183, 9: 208}, 26: {0: 206, 1: 189, 2: 219, 3: 185, 4: 199, 5: 173, 6: 191, 7: 244, 8: 194, 9: 200}, 27: {0: 198, 1: 244, 2: 182, 3: 193, 4: 195, 5: 201, 6: 197, 7: 209, 8: 190, 9: 191}, 28: {0: 196, 1: 206, 2: 198, 3: 207, 4: 187, 5: 211, 6: 213, 7: 208, 8: 176, 9: 198}, 29: {0: 206, 1: 196, 2: 174, 3: 215, 4: 189, 5: 180, 6: 222, 7: 204, 8: 227, 9: 187}}
10-03 13:41 DEBUG    **************************************************
10-03 13:41 DEBUG    Running experiments 

10-03 14:11 DEBUG    ****** PDM_KL matching ******** 
10-03 14:11 DEBUG    Best Sigma0: 10. Best sigma: 0.5 Best gamma: 10. Best Test accuracy: 0.9527. Train acc: 0.9525166666666667. 

10-03 14:11 DEBUG    PDM_KL log: {(10, 0.5, 10): {'shapes': [(784, 2579), (2579,), (2579, 10), (10,)], 'train_accuracy': 0.9525166666666667, 'test_accuracy': 0.9527}} 
10-03 15:02 DEBUG    ****** PDM_KL matching ******** 
10-03 15:02 DEBUG    Best Sigma0: 10. Best sigma: 0.5 Best gamma: 10. Best Test accuracy: 0.9527. Train acc: 0.9525166666666667. 

10-03 15:02 DEBUG    PDM_KL log: {(10, 0.5, 10): {'shapes': [(784, 2578), (2578,), (2578, 10), (10,)], 'train_accuracy': 0.9525166666666667, 'test_accuracy': 0.9527}} 
10-03 15:53 DEBUG    ****** PDM_KL matching ******** 
10-03 15:53 DEBUG    Best Sigma0: 10. Best sigma: 0.5 Best gamma: 10. Best Test accuracy: 0.9527. Train acc: 0.9525166666666667. 

10-03 15:53 DEBUG    PDM_KL log: {(10, 0.5, 10): {'shapes': [(784, 2581), (2581,), (2581, 10), (10,)], 'train_accuracy': 0.9525166666666667, 'test_accuracy': 0.9527}} 
10-03 16:44 DEBUG    ****** PDM_KL matching ******** 
10-03 16:44 DEBUG    Best Sigma0: 10. Best sigma: 0.5 Best gamma: 10. Best Test accuracy: 0.9527. Train acc: 0.9525166666666667. 

10-03 16:44 DEBUG    PDM_KL log: {(10, 0.5, 10): {'shapes': [(784, 2579), (2579,), (2579, 10), (10,)], 'train_accuracy': 0.9525166666666667, 'test_accuracy': 0.9527}} 
10-03 17:34 DEBUG    ****** PDM_KL matching ******** 
10-03 17:34 DEBUG    Best Sigma0: 10. Best sigma: 0.5 Best gamma: 10. Best Test accuracy: 0.9527. Train acc: 0.9525166666666667. 

10-03 17:34 DEBUG    PDM_KL log: {(10, 0.5, 10): {'shapes': [(784, 2563), (2563,), (2563, 10), (10,)], 'train_accuracy': 0.9525166666666667, 'test_accuracy': 0.9527}} 
10-03 18:24 DEBUG    ****** PDM_KL matching ******** 
10-03 18:24 DEBUG    Best Sigma0: 10. Best sigma: 0.5 Best gamma: 10. Best Test accuracy: 0.9527. Train acc: 0.9525166666666667. 

10-03 18:24 DEBUG    PDM_KL log: {(10, 0.5, 10): {'shapes': [(784, 2538), (2538,), (2538, 10), (10,)], 'train_accuracy': 0.9525166666666667, 'test_accuracy': 0.9527}} 
10-03 19:11 DEBUG    ****** PDM_KL matching ******** 
10-03 19:11 DEBUG    Best Sigma0: 10. Best sigma: 0.5 Best gamma: 10. Best Test accuracy: 0.9525. Train acc: 0.9525. 

10-03 19:11 DEBUG    PDM_KL log: {(10, 0.5, 10): {'shapes': [(784, 2396), (2396,), (2396, 10), (10,)], 'train_accuracy': 0.9525, 'test_accuracy': 0.9525}} 
10-03 19:13 DEBUG    ****** PDM_KL matching ******** 
10-03 19:13 DEBUG    Best Sigma0: 10. Best sigma: 0.5 Best gamma: 10. Best Test accuracy: 0.8538. Train acc: 0.8513. 

10-03 19:13 DEBUG    PDM_KL log: {(10, 0.5, 10): {'shapes': [(784, 170), (170,), (170, 10), (10,)], 'train_accuracy': 0.8513, 'test_accuracy': 0.8538}} 
10-03 19:14 DEBUG    ****** PDM_KL matching ******** 
10-03 19:14 DEBUG    Best Sigma0: 10. Best sigma: 0.5 Best gamma: 10. Best Test accuracy: 0.7911. Train acc: 0.7838333333333334. 

10-03 19:14 DEBUG    PDM_KL log: {(10, 0.5, 10): {'shapes': [(784, 136), (136,), (136, 10), (10,)], 'train_accuracy': 0.7838333333333334, 'test_accuracy': 0.7911}} 
10-03 19:15 DEBUG    ****** PDM_KL matching ******** 
10-03 19:15 DEBUG    Best Sigma0: 10. Best sigma: 0.5 Best gamma: 10. Best Test accuracy: 0.0892. Train acc: 0.09035. 

10-03 19:15 DEBUG    PDM_KL log: {(10, 0.5, 10): {'shapes': [(784, 100), (100,), (100, 10), (10,)], 'train_accuracy': 0.09035, 'test_accuracy': 0.0892}} 
10-03 19:16 DEBUG    ****** PDM_KL matching ******** 
10-03 19:16 DEBUG    Best Sigma0: 10. Best sigma: 0.5 Best gamma: 10. Best Test accuracy: 0.0892. Train acc: 0.09035. 

10-03 19:16 DEBUG    PDM_KL log: {(10, 0.5, 10): {'shapes': [(784, 100), (100,), (100, 10), (10,)], 'train_accuracy': 0.09035, 'test_accuracy': 0.0892}} 
10-03 19:16 DEBUG    Trial 9 completed
10-03 19:16 DEBUG    ####################################################################################################
