09-17 10:43 DEBUG    Experiment arguments: Namespace(alpha=0.5, communication_rounds=None, datadir='data/cifar10', dataset='cifar10', device=1.0, dropout_p=0.0, epochs=10, experiment=['all'], init_seed=0, iter_epochs=5, layers=1, loaddir='saved_weights/cifar10/hetero-dir', logdir='KL_regs_bst_hyp/cifar10/hetero-dir', lr=0.01, lr_decay=1.0, n=6, n_layers=1, n_nets=10, net_config=[3072, 100, 100, 10], num_pool_workers=6, partition='hetero-dir', pdm_gamma=50, pdm_sig=1, pdm_sig0=10, reg=1e-06, reg_fac=0.0, trials=10)
09-17 10:43 DEBUG    ####################################################################################################
09-17 10:43 DEBUG    Executing Trial 0 with seed 0
09-17 10:43 DEBUG    Data statistics: {0: {0: 953, 1: 142, 2: 141, 3: 75, 4: 695, 5: 819, 7: 2482}, 1: {0: 16, 1: 43, 2: 902, 3: 1650, 4: 86, 5: 182, 7: 693, 8: 110, 9: 6}, 2: {0: 9, 1: 8, 2: 290, 3: 769, 4: 841, 5: 283, 6: 119, 7: 1044, 8: 1014, 9: 58}, 3: {0: 395, 1: 1200, 2: 48, 3: 68, 4: 896, 5: 681, 6: 90, 7: 17, 8: 1351, 9: 301}, 4: {0: 504, 1: 2917, 2: 570, 3: 721, 4: 121, 5: 356}, 5: {0: 1262, 1: 71, 2: 325, 3: 119, 4: 1560, 5: 14, 6: 1, 7: 85, 8: 366}, 6: {0: 9, 1: 273, 2: 1657, 3: 40, 4: 1, 5: 130, 6: 1911, 7: 21, 8: 1160}, 7: {0: 722, 1: 3, 2: 281, 3: 738, 4: 22, 5: 974, 6: 624, 7: 1, 8: 82, 9: 878}, 8: {0: 1127, 1: 153, 2: 680, 3: 500, 4: 698, 5: 1139, 6: 92, 7: 23, 8: 1, 9: 3665}, 9: {0: 3, 1: 190, 2: 106, 3: 320, 4: 80, 5: 422, 6: 2163, 7: 634, 8: 916, 9: 92}}
09-17 10:44 DEBUG    **************************************************
09-17 10:44 DEBUG    Running experiments 

09-17 10:44 DEBUG    Uniform ensemble (Train acc): 0.333320
09-17 10:44 DEBUG    Uniform ensemble (Test acc): 0.326900
09-17 10:44 DEBUG    FedAvg (Train acc): 0.100000
09-17 10:44 DEBUG    FedAvg (Test acc): 0.100000
09-17 10:49 DEBUG    ****** PDM_KL matching ******** 
09-17 10:49 DEBUG    Best Sigma0: 10. Best sigma: 1 Best gamma: 50. Best Test accuracy: 0.2092. Train acc: 0.21068. 

09-17 10:49 DEBUG    PDM_KL log: {(10, 1, 50): {'shapes': [(3072, 700), (700,), (700, 226), (226,), (226, 10), (10,)], 'train_accuracy': 0.21068, 'test_accuracy': 0.2092}} 
09-17 11:03 DEBUG    ****** PDM_KL matching ******** 
09-17 11:03 DEBUG    Best Sigma0: 10. Best sigma: 1 Best gamma: 50. Best Test accuracy: 0.2014. Train acc: 0.2041. 

09-17 11:03 DEBUG    PDM_KL log: {(10, 1, 50): {'shapes': [(3072, 700), (700,), (700, 226), (226,), (226, 10), (10,)], 'train_accuracy': 0.2041, 'test_accuracy': 0.2014}} 
09-17 11:20 DEBUG    ****** PDM_KL matching ******** 
09-17 11:20 DEBUG    Best Sigma0: 10. Best sigma: 1 Best gamma: 50. Best Test accuracy: 0.2061. Train acc: 0.20796. 

09-17 11:20 DEBUG    PDM_KL log: {(10, 1, 50): {'shapes': [(3072, 700), (700,), (700, 226), (226,), (226, 10), (10,)], 'train_accuracy': 0.20796, 'test_accuracy': 0.2061}} 
09-17 11:35 DEBUG    ****** PDM_KL matching ******** 
09-17 11:35 DEBUG    Best Sigma0: 10. Best sigma: 1 Best gamma: 50. Best Test accuracy: 0.2036. Train acc: 0.20968. 

09-17 11:35 DEBUG    PDM_KL log: {(10, 1, 50): {'shapes': [(3072, 700), (700,), (700, 226), (226,), (226, 10), (10,)], 'train_accuracy': 0.20968, 'test_accuracy': 0.2036}} 
09-17 11:51 DEBUG    ****** PDM_KL matching ******** 
09-17 11:51 DEBUG    Best Sigma0: 10. Best sigma: 1 Best gamma: 50. Best Test accuracy: 0.1994. Train acc: 0.19978. 

09-17 11:51 DEBUG    PDM_KL log: {(10, 1, 50): {'shapes': [(3072, 700), (700,), (700, 226), (226,), (226, 10), (10,)], 'train_accuracy': 0.19978, 'test_accuracy': 0.1994}} 
09-17 12:08 DEBUG    ****** PDM_KL matching ******** 
09-17 12:08 DEBUG    Best Sigma0: 10. Best sigma: 1 Best gamma: 50. Best Test accuracy: 0.2088. Train acc: 0.21308. 

09-17 12:08 DEBUG    PDM_KL log: {(10, 1, 50): {'shapes': [(3072, 700), (700,), (700, 226), (226,), (226, 10), (10,)], 'train_accuracy': 0.21308, 'test_accuracy': 0.2088}} 
09-17 12:25 DEBUG    ****** PDM_KL matching ******** 
09-17 12:25 DEBUG    Best Sigma0: 10. Best sigma: 1 Best gamma: 50. Best Test accuracy: 0.2059. Train acc: 0.20876. 

09-17 12:25 DEBUG    PDM_KL log: {(10, 1, 50): {'shapes': [(3072, 700), (700,), (700, 235), (235,), (235, 10), (10,)], 'train_accuracy': 0.20876, 'test_accuracy': 0.2059}} 
09-17 12:37 DEBUG    ****** PDM_KL matching ******** 
09-17 12:37 DEBUG    Best Sigma0: 10. Best sigma: 1 Best gamma: 50. Best Test accuracy: 0.2111. Train acc: 0.21572. 

09-17 12:37 DEBUG    PDM_KL log: {(10, 1, 50): {'shapes': [(3072, 559), (559,), (559, 235), (235,), (235, 10), (10,)], 'train_accuracy': 0.21572, 'test_accuracy': 0.2111}} 
09-17 12:43 DEBUG    ****** PDM_KL matching ******** 
09-17 12:43 DEBUG    Best Sigma0: 10. Best sigma: 1 Best gamma: 50. Best Test accuracy: 0.1. Train acc: 0.1. 

09-17 12:43 DEBUG    PDM_KL log: {(10, 1, 50): {'shapes': [(3072, 117), (117,), (117, 217), (217,), (217, 10), (10,)], 'train_accuracy': 0.1, 'test_accuracy': 0.1}} 
09-17 12:48 DEBUG    ****** PDM_KL matching ******** 
09-17 12:48 DEBUG    Best Sigma0: 10. Best sigma: 1 Best gamma: 50. Best Test accuracy: 0.1. Train acc: 0.1. 

09-17 12:48 DEBUG    PDM_KL log: {(10, 1, 50): {'shapes': [(3072, 105), (105,), (105, 199), (199,), (199, 10), (10,)], 'train_accuracy': 0.1, 'test_accuracy': 0.1}} 
09-17 12:50 DEBUG    ****** PDM_KL matching ******** 
09-17 12:50 DEBUG    Best Sigma0: 10. Best sigma: 1 Best gamma: 50. Best Test accuracy: 0.1. Train acc: 0.1. 

09-17 12:50 DEBUG    PDM_KL log: {(10, 1, 50): {'shapes': [(3072, 102), (102,), (102, 172), (172,), (172, 10), (10,)], 'train_accuracy': 0.1, 'test_accuracy': 0.1}} 
09-17 12:50 DEBUG    Trial 0 completed
09-17 12:50 DEBUG    ####################################################################################################
09-17 12:50 DEBUG    ####################################################################################################
09-17 12:50 DEBUG    Executing Trial 1 with seed 1
09-17 12:50 DEBUG    Data statistics: {0: {0: 64, 1: 306, 2: 78, 3: 575, 4: 153, 5: 1405, 6: 540, 7: 346, 8: 1359, 9: 1110}, 1: {0: 727, 1: 1165, 2: 328, 3: 541, 4: 88, 5: 2, 6: 289, 7: 5, 8: 96, 9: 963}, 2: {0: 97, 1: 6, 2: 449, 3: 1188, 4: 884, 5: 1983, 6: 1198}, 3: {0: 1155, 1: 249, 2: 41, 3: 844, 4: 1354, 5: 27, 6: 2, 7: 612, 8: 1013}, 4: {0: 11, 1: 434, 2: 412, 3: 239, 4: 1707, 5: 740, 6: 107, 7: 830, 8: 236, 9: 272}, 5: {0: 2048, 1: 1819, 2: 716, 3: 194, 4: 566}, 6: {0: 12, 1: 682, 2: 1563, 3: 2, 4: 108, 5: 36, 6: 1697, 7: 811, 8: 52, 9: 2532}, 7: {0: 381, 1: 270, 2: 1103, 3: 250, 4: 16, 5: 214, 6: 381, 7: 1715, 8: 828}, 8: {0: 231, 1: 5, 3: 617, 4: 123, 5: 326, 6: 2, 8: 664, 9: 12}, 9: {0: 274, 1: 64, 2: 310, 3: 550, 4: 1, 5: 267, 6: 784, 7: 681, 8: 752, 9: 111}}
09-17 12:51 DEBUG    **************************************************
09-17 12:51 DEBUG    Running experiments 

09-17 12:51 DEBUG    Uniform ensemble (Train acc): 0.344220
09-17 12:51 DEBUG    Uniform ensemble (Test acc): 0.342400
09-17 12:51 DEBUG    FedAvg (Train acc): 0.100000
09-17 12:51 DEBUG    FedAvg (Test acc): 0.100000
09-17 12:59 DEBUG    ****** PDM_KL matching ******** 
09-17 12:59 DEBUG    Best Sigma0: 10. Best sigma: 1 Best gamma: 50. Best Test accuracy: 0.2088. Train acc: 0.20562. 

09-17 12:59 DEBUG    PDM_KL log: {(10, 1, 50): {'shapes': [(3072, 700), (700,), (700, 217), (217,), (217, 10), (10,)], 'train_accuracy': 0.20562, 'test_accuracy': 0.2088}} 
09-17 13:13 DEBUG    ****** PDM_KL matching ******** 
09-17 13:13 DEBUG    Best Sigma0: 10. Best sigma: 1 Best gamma: 50. Best Test accuracy: 0.2029. Train acc: 0.203. 

09-17 13:13 DEBUG    PDM_KL log: {(10, 1, 50): {'shapes': [(3072, 700), (700,), (700, 226), (226,), (226, 10), (10,)], 'train_accuracy': 0.203, 'test_accuracy': 0.2029}} 
09-17 13:27 DEBUG    ****** PDM_KL matching ******** 
09-17 13:27 DEBUG    Best Sigma0: 10. Best sigma: 1 Best gamma: 50. Best Test accuracy: 0.2165. Train acc: 0.21328. 

09-17 13:27 DEBUG    PDM_KL log: {(10, 1, 50): {'shapes': [(3072, 700), (700,), (700, 226), (226,), (226, 10), (10,)], 'train_accuracy': 0.21328, 'test_accuracy': 0.2165}} 
09-17 13:39 DEBUG    ****** PDM_KL matching ******** 
09-17 13:39 DEBUG    Best Sigma0: 10. Best sigma: 1 Best gamma: 50. Best Test accuracy: 0.2036. Train acc: 0.20342. 

09-17 13:39 DEBUG    PDM_KL log: {(10, 1, 50): {'shapes': [(3072, 700), (700,), (700, 226), (226,), (226, 10), (10,)], 'train_accuracy': 0.20342, 'test_accuracy': 0.2036}} 
09-17 13:52 DEBUG    ****** PDM_KL matching ******** 
09-17 13:52 DEBUG    Best Sigma0: 10. Best sigma: 1 Best gamma: 50. Best Test accuracy: 0.211. Train acc: 0.20688. 

09-17 13:52 DEBUG    PDM_KL log: {(10, 1, 50): {'shapes': [(3072, 700), (700,), (700, 226), (226,), (226, 10), (10,)], 'train_accuracy': 0.20688, 'test_accuracy': 0.211}} 
09-17 14:07 DEBUG    ****** PDM_KL matching ******** 
09-17 14:07 DEBUG    Best Sigma0: 10. Best sigma: 1 Best gamma: 50. Best Test accuracy: 0.2173. Train acc: 0.21506. 

09-17 14:07 DEBUG    PDM_KL log: {(10, 1, 50): {'shapes': [(3072, 700), (700,), (700, 226), (226,), (226, 10), (10,)], 'train_accuracy': 0.21506, 'test_accuracy': 0.2173}} 
09-17 14:25 DEBUG    ****** PDM_KL matching ******** 
09-17 14:25 DEBUG    Best Sigma0: 10. Best sigma: 1 Best gamma: 50. Best Test accuracy: 0.1973. Train acc: 0.19864. 

09-17 14:25 DEBUG    PDM_KL log: {(10, 1, 50): {'shapes': [(3072, 700), (700,), (700, 235), (235,), (235, 10), (10,)], 'train_accuracy': 0.19864, 'test_accuracy': 0.1973}} 
09-17 14:37 DEBUG    ****** PDM_KL matching ******** 
09-17 14:37 DEBUG    Best Sigma0: 10. Best sigma: 1 Best gamma: 50. Best Test accuracy: 0.1993. Train acc: 0.20186. 

09-17 14:37 DEBUG    PDM_KL log: {(10, 1, 50): {'shapes': [(3072, 559), (559,), (559, 235), (235,), (235, 10), (10,)], 'train_accuracy': 0.20186, 'test_accuracy': 0.1993}} 
09-17 14:43 DEBUG    ****** PDM_KL matching ******** 
09-17 14:43 DEBUG    Best Sigma0: 10. Best sigma: 1 Best gamma: 50. Best Test accuracy: 0.1. Train acc: 0.1. 

09-17 14:43 DEBUG    PDM_KL log: {(10, 1, 50): {'shapes': [(3072, 117), (117,), (117, 217), (217,), (217, 10), (10,)], 'train_accuracy': 0.1, 'test_accuracy': 0.1}} 
09-17 14:46 DEBUG    ****** PDM_KL matching ******** 
09-17 14:46 DEBUG    Best Sigma0: 10. Best sigma: 1 Best gamma: 50. Best Test accuracy: 0.1. Train acc: 0.1. 

09-17 14:46 DEBUG    PDM_KL log: {(10, 1, 50): {'shapes': [(3072, 106), (106,), (106, 190), (190,), (190, 10), (10,)], 'train_accuracy': 0.1, 'test_accuracy': 0.1}} 
09-17 14:50 DEBUG    ****** PDM_KL matching ******** 
09-17 14:50 DEBUG    Best Sigma0: 10. Best sigma: 1 Best gamma: 50. Best Test accuracy: 0.1. Train acc: 0.1. 

09-17 14:50 DEBUG    PDM_KL log: {(10, 1, 50): {'shapes': [(3072, 104), (104,), (104, 172), (172,), (172, 10), (10,)], 'train_accuracy': 0.1, 'test_accuracy': 0.1}} 
09-17 14:50 DEBUG    Trial 1 completed
09-17 14:50 DEBUG    ####################################################################################################
09-17 14:50 DEBUG    ####################################################################################################
09-17 14:50 DEBUG    Executing Trial 2 with seed 2
09-17 14:50 DEBUG    Data statistics: {0: {0: 20, 1: 166, 2: 805, 3: 1865, 4: 1297, 5: 1014}, 1: {0: 318, 1: 1068, 2: 10, 3: 177, 4: 73, 5: 25, 6: 630, 7: 719, 8: 206, 9: 1249}, 2: {0: 527, 1: 20, 2: 32, 3: 198, 4: 71, 5: 33, 6: 27, 7: 626, 8: 383, 9: 244}, 3: {0: 271, 1: 1707, 2: 2, 3: 229, 4: 526, 5: 372, 6: 24, 7: 175, 8: 413, 9: 1788}, 4: {0: 930, 1: 357, 2: 340, 3: 268, 4: 2215, 5: 2429}, 5: {0: 226, 1: 83, 2: 2028, 3: 461, 4: 131, 5: 293, 6: 10, 7: 3134}, 6: {0: 39, 1: 1568, 2: 691, 3: 1584, 4: 370, 5: 669, 6: 1506}, 7: {0: 1548, 1: 6, 2: 397, 3: 188, 4: 35, 5: 155, 6: 806, 7: 179, 8: 2216}, 8: {0: 1107, 1: 22, 2: 294, 3: 17, 4: 264, 6: 1214, 7: 8, 8: 749, 9: 929}, 9: {0: 14, 1: 3, 2: 401, 3: 13, 4: 18, 5: 10, 6: 783, 7: 159, 8: 1033, 9: 790}}
09-17 14:50 DEBUG    **************************************************
09-17 14:50 DEBUG    Running experiments 

09-17 14:50 DEBUG    Uniform ensemble (Train acc): 0.365880
09-17 14:50 DEBUG    Uniform ensemble (Test acc): 0.360100
09-17 14:51 DEBUG    FedAvg (Train acc): 0.100000
09-17 14:51 DEBUG    FedAvg (Test acc): 0.100000
09-17 14:59 DEBUG    ****** PDM_KL matching ******** 
09-17 14:59 DEBUG    Best Sigma0: 10. Best sigma: 1 Best gamma: 50. Best Test accuracy: 0.2258. Train acc: 0.22938. 

09-17 14:59 DEBUG    PDM_KL log: {(10, 1, 50): {'shapes': [(3072, 700), (700,), (700, 215), (215,), (215, 10), (10,)], 'train_accuracy': 0.22938, 'test_accuracy': 0.2258}} 
09-17 15:14 DEBUG    ****** PDM_KL matching ******** 
09-17 15:14 DEBUG    Best Sigma0: 10. Best sigma: 1 Best gamma: 50. Best Test accuracy: 0.2212. Train acc: 0.22354. 

09-17 15:14 DEBUG    PDM_KL log: {(10, 1, 50): {'shapes': [(3072, 700), (700,), (700, 215), (215,), (215, 10), (10,)], 'train_accuracy': 0.22354, 'test_accuracy': 0.2212}} 
09-17 15:30 DEBUG    ****** PDM_KL matching ******** 
09-17 15:30 DEBUG    Best Sigma0: 10. Best sigma: 1 Best gamma: 50. Best Test accuracy: 0.2268. Train acc: 0.23144. 

09-17 15:30 DEBUG    PDM_KL log: {(10, 1, 50): {'shapes': [(3072, 700), (700,), (700, 215), (215,), (215, 10), (10,)], 'train_accuracy': 0.23144, 'test_accuracy': 0.2268}} 
09-17 15:44 DEBUG    ****** PDM_KL matching ******** 
09-17 15:44 DEBUG    Best Sigma0: 10. Best sigma: 1 Best gamma: 50. Best Test accuracy: 0.2233. Train acc: 0.2279. 

09-17 15:44 DEBUG    PDM_KL log: {(10, 1, 50): {'shapes': [(3072, 700), (700,), (700, 215), (215,), (215, 10), (10,)], 'train_accuracy': 0.2279, 'test_accuracy': 0.2233}} 
09-17 15:57 DEBUG    ****** PDM_KL matching ******** 
09-17 15:57 DEBUG    Best Sigma0: 10. Best sigma: 1 Best gamma: 50. Best Test accuracy: 0.221. Train acc: 0.2254. 

09-17 15:57 DEBUG    PDM_KL log: {(10, 1, 50): {'shapes': [(3072, 700), (700,), (700, 215), (215,), (215, 10), (10,)], 'train_accuracy': 0.2254, 'test_accuracy': 0.221}} 
09-17 16:12 DEBUG    ****** PDM_KL matching ******** 
09-17 16:12 DEBUG    Best Sigma0: 10. Best sigma: 1 Best gamma: 50. Best Test accuracy: 0.2316. Train acc: 0.23302. 

09-17 16:12 DEBUG    PDM_KL log: {(10, 1, 50): {'shapes': [(3072, 700), (700,), (700, 224), (224,), (224, 10), (10,)], 'train_accuracy': 0.23302, 'test_accuracy': 0.2316}} 
09-17 16:26 DEBUG    ****** PDM_KL matching ******** 
09-17 16:26 DEBUG    Best Sigma0: 10. Best sigma: 1 Best gamma: 50. Best Test accuracy: 0.2389. Train acc: 0.2402. 

09-17 16:26 DEBUG    PDM_KL log: {(10, 1, 50): {'shapes': [(3072, 700), (700,), (700, 235), (235,), (235, 10), (10,)], 'train_accuracy': 0.2402, 'test_accuracy': 0.2389}} 
09-17 16:41 DEBUG    ****** PDM_KL matching ******** 
09-17 16:41 DEBUG    Best Sigma0: 10. Best sigma: 1 Best gamma: 50. Best Test accuracy: 0.2293. Train acc: 0.23342. 

09-17 16:41 DEBUG    PDM_KL log: {(10, 1, 50): {'shapes': [(3072, 559), (559,), (559, 235), (235,), (235, 10), (10,)], 'train_accuracy': 0.23342, 'test_accuracy': 0.2293}} 
09-17 16:44 DEBUG    ****** PDM_KL matching ******** 
09-17 16:44 DEBUG    Best Sigma0: 10. Best sigma: 1 Best gamma: 50. Best Test accuracy: 0.1. Train acc: 0.1. 

09-17 16:44 DEBUG    PDM_KL log: {(10, 1, 50): {'shapes': [(3072, 109), (109,), (109, 217), (217,), (217, 10), (10,)], 'train_accuracy': 0.1, 'test_accuracy': 0.1}} 
09-17 16:47 DEBUG    ****** PDM_KL matching ******** 
09-17 16:47 DEBUG    Best Sigma0: 10. Best sigma: 1 Best gamma: 50. Best Test accuracy: 0.1. Train acc: 0.1. 

09-17 16:47 DEBUG    PDM_KL log: {(10, 1, 50): {'shapes': [(3072, 100), (100,), (100, 199), (199,), (199, 10), (10,)], 'train_accuracy': 0.1, 'test_accuracy': 0.1}} 
09-17 16:50 DEBUG    ****** PDM_KL matching ******** 
09-17 16:50 DEBUG    Best Sigma0: 10. Best sigma: 1 Best gamma: 50. Best Test accuracy: 0.1. Train acc: 0.1. 

09-17 16:50 DEBUG    PDM_KL log: {(10, 1, 50): {'shapes': [(3072, 100), (100,), (100, 172), (172,), (172, 10), (10,)], 'train_accuracy': 0.1, 'test_accuracy': 0.1}} 
09-17 16:50 DEBUG    Trial 2 completed
09-17 16:50 DEBUG    ####################################################################################################
09-17 16:50 DEBUG    ####################################################################################################
09-17 16:50 DEBUG    Executing Trial 3 with seed 3
09-17 16:50 DEBUG    Data statistics: {0: {0: 324, 1: 286, 2: 177, 3: 114, 4: 936, 5: 105, 6: 350, 7: 5, 8: 428, 9: 978}, 1: {0: 906, 1: 924, 2: 1139, 3: 191, 4: 579, 5: 333, 6: 718, 7: 28, 8: 83, 9: 1105}, 2: {0: 381, 1: 108, 2: 483, 3: 1152, 4: 1050, 5: 78, 6: 954, 7: 206, 8: 620}, 3: {0: 7, 1: 1745, 2: 1728, 3: 388, 4: 193, 5: 831, 6: 841}, 4: {0: 1403, 1: 431, 2: 577, 3: 316, 4: 1020, 5: 559, 6: 1770}, 5: {0: 635, 1: 195, 2: 61, 3: 595, 4: 275, 5: 842, 6: 4, 7: 3009}, 6: {0: 23, 1: 46, 2: 454, 3: 833, 4: 189, 5: 117, 6: 161, 7: 426, 8: 1887, 9: 1182}, 7: {0: 1227, 1: 455, 2: 49, 3: 370, 4: 150, 5: 261, 6: 18, 7: 1, 8: 35, 9: 120}, 8: {0: 88, 1: 72, 2: 3, 3: 1022, 4: 57, 5: 627, 6: 66, 7: 1039, 8: 1251, 9: 1308}, 9: {0: 6, 1: 738, 2: 329, 3: 19, 4: 551, 5: 1247, 6: 118, 7: 286, 8: 696, 9: 307}}
09-17 16:51 DEBUG    **************************************************
09-17 16:51 DEBUG    Running experiments 

09-17 16:51 DEBUG    Uniform ensemble (Train acc): 0.352760
09-17 16:51 DEBUG    Uniform ensemble (Test acc): 0.350700
09-17 16:51 DEBUG    FedAvg (Train acc): 0.100000
09-17 16:51 DEBUG    FedAvg (Test acc): 0.100000
09-17 16:57 DEBUG    ****** PDM_KL matching ******** 
09-17 16:57 DEBUG    Best Sigma0: 10. Best sigma: 1 Best gamma: 50. Best Test accuracy: 0.2422. Train acc: 0.24276. 

09-17 16:57 DEBUG    PDM_KL log: {(10, 1, 50): {'shapes': [(3072, 700), (700,), (700, 215), (215,), (215, 10), (10,)], 'train_accuracy': 0.24276, 'test_accuracy': 0.2422}} 
09-17 17:13 DEBUG    ****** PDM_KL matching ******** 
09-17 17:13 DEBUG    Best Sigma0: 10. Best sigma: 1 Best gamma: 50. Best Test accuracy: 0.2413. Train acc: 0.24282. 

09-17 17:13 DEBUG    PDM_KL log: {(10, 1, 50): {'shapes': [(3072, 700), (700,), (700, 215), (215,), (215, 10), (10,)], 'train_accuracy': 0.24282, 'test_accuracy': 0.2413}} 
09-17 17:29 DEBUG    ****** PDM_KL matching ******** 
09-17 17:29 DEBUG    Best Sigma0: 10. Best sigma: 1 Best gamma: 50. Best Test accuracy: 0.2418. Train acc: 0.24308. 

09-17 17:29 DEBUG    PDM_KL log: {(10, 1, 50): {'shapes': [(3072, 700), (700,), (700, 215), (215,), (215, 10), (10,)], 'train_accuracy': 0.24308, 'test_accuracy': 0.2418}} 
09-17 17:43 DEBUG    ****** PDM_KL matching ******** 
09-17 17:43 DEBUG    Best Sigma0: 10. Best sigma: 1 Best gamma: 50. Best Test accuracy: 0.242. Train acc: 0.24172. 

09-17 17:43 DEBUG    PDM_KL log: {(10, 1, 50): {'shapes': [(3072, 700), (700,), (700, 216), (216,), (216, 10), (10,)], 'train_accuracy': 0.24172, 'test_accuracy': 0.242}} 
09-17 17:58 DEBUG    ****** PDM_KL matching ******** 
09-17 17:58 DEBUG    Best Sigma0: 10. Best sigma: 1 Best gamma: 50. Best Test accuracy: 0.2437. Train acc: 0.24366. 

09-17 17:58 DEBUG    PDM_KL log: {(10, 1, 50): {'shapes': [(3072, 700), (700,), (700, 216), (216,), (216, 10), (10,)], 'train_accuracy': 0.24366, 'test_accuracy': 0.2437}} 
09-17 18:15 DEBUG    ****** PDM_KL matching ******** 
09-17 18:15 DEBUG    Best Sigma0: 10. Best sigma: 1 Best gamma: 50. Best Test accuracy: 0.2426. Train acc: 0.24328. 

09-17 18:15 DEBUG    PDM_KL log: {(10, 1, 50): {'shapes': [(3072, 700), (700,), (700, 223), (223,), (223, 10), (10,)], 'train_accuracy': 0.24328, 'test_accuracy': 0.2426}} 
09-17 18:28 DEBUG    ****** PDM_KL matching ******** 
09-17 18:28 DEBUG    Best Sigma0: 10. Best sigma: 1 Best gamma: 50. Best Test accuracy: 0.2459. Train acc: 0.24416. 

09-17 18:28 DEBUG    PDM_KL log: {(10, 1, 50): {'shapes': [(3072, 700), (700,), (700, 235), (235,), (235, 10), (10,)], 'train_accuracy': 0.24416, 'test_accuracy': 0.2459}} 
09-17 18:39 DEBUG    ****** PDM_KL matching ******** 
09-17 18:39 DEBUG    Best Sigma0: 10. Best sigma: 1 Best gamma: 50. Best Test accuracy: 0.2421. Train acc: 0.24288. 

09-17 18:39 DEBUG    PDM_KL log: {(10, 1, 50): {'shapes': [(3072, 550), (550,), (550, 235), (235,), (235, 10), (10,)], 'train_accuracy': 0.24288, 'test_accuracy': 0.2421}} 
09-17 18:42 DEBUG    ****** PDM_KL matching ******** 
09-17 18:42 DEBUG    Best Sigma0: 10. Best sigma: 1 Best gamma: 50. Best Test accuracy: 0.1. Train acc: 0.1. 

09-17 18:42 DEBUG    PDM_KL log: {(10, 1, 50): {'shapes': [(3072, 117), (117,), (117, 217), (217,), (217, 10), (10,)], 'train_accuracy': 0.1, 'test_accuracy': 0.1}} 
09-17 18:47 DEBUG    ****** PDM_KL matching ******** 
09-17 18:47 DEBUG    Best Sigma0: 10. Best sigma: 1 Best gamma: 50. Best Test accuracy: 0.1. Train acc: 0.1. 

09-17 18:47 DEBUG    PDM_KL log: {(10, 1, 50): {'shapes': [(3072, 100), (100,), (100, 190), (190,), (190, 10), (10,)], 'train_accuracy': 0.1, 'test_accuracy': 0.1}} 
09-17 18:52 DEBUG    ****** PDM_KL matching ******** 
09-17 18:52 DEBUG    Best Sigma0: 10. Best sigma: 1 Best gamma: 50. Best Test accuracy: 0.1. Train acc: 0.1. 

09-17 18:52 DEBUG    PDM_KL log: {(10, 1, 50): {'shapes': [(3072, 102), (102,), (102, 163), (163,), (163, 10), (10,)], 'train_accuracy': 0.1, 'test_accuracy': 0.1}} 
09-17 18:52 DEBUG    Trial 3 completed
09-17 18:52 DEBUG    ####################################################################################################
09-17 18:52 DEBUG    ####################################################################################################
09-17 18:52 DEBUG    Executing Trial 4 with seed 4
09-17 18:52 DEBUG    Data statistics: {0: {0: 116, 1: 167, 2: 88, 3: 501, 4: 1763, 5: 100, 6: 1147, 7: 1088, 8: 101}, 1: {0: 1327, 1: 229, 2: 881, 3: 372, 4: 1411, 5: 4, 6: 263, 7: 15, 8: 830}, 2: {0: 866, 1: 225, 2: 26, 3: 5, 4: 46, 5: 576, 6: 123, 7: 66, 8: 2380, 9: 108}, 3: {0: 1036, 1: 224, 2: 53, 3: 278, 4: 529, 5: 27, 6: 210, 7: 986, 8: 945, 9: 642}, 4: {0: 177, 1: 95, 2: 97, 3: 238, 4: 1032, 5: 782, 6: 1659, 7: 18, 8: 55, 9: 19}, 5: {0: 218, 1: 12, 2: 2048, 3: 2046, 4: 22, 5: 257, 6: 1287}, 6: {0: 161, 1: 358, 2: 10, 3: 353, 4: 105, 5: 1008, 6: 3, 7: 102, 8: 192, 9: 1874}, 7: {0: 2, 1: 3399, 2: 1473, 3: 595}, 8: {0: 151, 1: 187, 2: 41, 3: 128, 4: 67, 5: 398, 6: 54, 7: 181, 8: 497, 9: 2357}, 9: {0: 946, 1: 104, 2: 283, 3: 484, 4: 25, 5: 1848, 6: 254, 7: 2544}}
09-17 18:53 DEBUG    **************************************************
09-17 18:53 DEBUG    Running experiments 

09-17 18:53 DEBUG    Uniform ensemble (Train acc): 0.329720
09-17 18:53 DEBUG    Uniform ensemble (Test acc): 0.324100
09-17 18:54 DEBUG    FedAvg (Train acc): 0.100000
09-17 18:54 DEBUG    FedAvg (Test acc): 0.100000
09-17 18:59 DEBUG    ****** PDM_KL matching ******** 
09-17 18:59 DEBUG    Best Sigma0: 10. Best sigma: 1 Best gamma: 50. Best Test accuracy: 0.1815. Train acc: 0.18338. 

09-17 18:59 DEBUG    PDM_KL log: {(10, 1, 50): {'shapes': [(3072, 700), (700,), (700, 226), (226,), (226, 10), (10,)], 'train_accuracy': 0.18338, 'test_accuracy': 0.1815}} 
09-17 19:17 DEBUG    ****** PDM_KL matching ******** 
09-17 19:17 DEBUG    Best Sigma0: 10. Best sigma: 1 Best gamma: 50. Best Test accuracy: 0.1799. Train acc: 0.18248. 

09-17 19:17 DEBUG    PDM_KL log: {(10, 1, 50): {'shapes': [(3072, 700), (700,), (700, 226), (226,), (226, 10), (10,)], 'train_accuracy': 0.18248, 'test_accuracy': 0.1799}} 
09-17 19:32 DEBUG    ****** PDM_KL matching ******** 
09-17 19:32 DEBUG    Best Sigma0: 10. Best sigma: 1 Best gamma: 50. Best Test accuracy: 0.1767. Train acc: 0.17822. 

09-17 19:32 DEBUG    PDM_KL log: {(10, 1, 50): {'shapes': [(3072, 700), (700,), (700, 226), (226,), (226, 10), (10,)], 'train_accuracy': 0.17822, 'test_accuracy': 0.1767}} 
09-17 19:46 DEBUG    ****** PDM_KL matching ******** 
09-17 19:46 DEBUG    Best Sigma0: 10. Best sigma: 1 Best gamma: 50. Best Test accuracy: 0.1963. Train acc: 0.19804. 

09-17 19:46 DEBUG    PDM_KL log: {(10, 1, 50): {'shapes': [(3072, 700), (700,), (700, 226), (226,), (226, 10), (10,)], 'train_accuracy': 0.19804, 'test_accuracy': 0.1963}} 
09-17 19:59 DEBUG    ****** PDM_KL matching ******** 
09-17 19:59 DEBUG    Best Sigma0: 10. Best sigma: 1 Best gamma: 50. Best Test accuracy: 0.1896. Train acc: 0.193. 

09-17 19:59 DEBUG    PDM_KL log: {(10, 1, 50): {'shapes': [(3072, 700), (700,), (700, 226), (226,), (226, 10), (10,)], 'train_accuracy': 0.193, 'test_accuracy': 0.1896}} 
09-17 20:13 DEBUG    ****** PDM_KL matching ******** 
09-17 20:13 DEBUG    Best Sigma0: 10. Best sigma: 1 Best gamma: 50. Best Test accuracy: 0.1848. Train acc: 0.18772. 

09-17 20:13 DEBUG    PDM_KL log: {(10, 1, 50): {'shapes': [(3072, 700), (700,), (700, 226), (226,), (226, 10), (10,)], 'train_accuracy': 0.18772, 'test_accuracy': 0.1848}} 
09-17 20:28 DEBUG    ****** PDM_KL matching ******** 
09-17 20:28 DEBUG    Best Sigma0: 10. Best sigma: 1 Best gamma: 50. Best Test accuracy: 0.1955. Train acc: 0.19682. 

09-17 20:28 DEBUG    PDM_KL log: {(10, 1, 50): {'shapes': [(3072, 700), (700,), (700, 235), (235,), (235, 10), (10,)], 'train_accuracy': 0.19682, 'test_accuracy': 0.1955}} 
09-17 20:43 DEBUG    ****** PDM_KL matching ******** 
09-17 20:43 DEBUG    Best Sigma0: 10. Best sigma: 1 Best gamma: 50. Best Test accuracy: 0.2009. Train acc: 0.20114. 

09-17 20:43 DEBUG    PDM_KL log: {(10, 1, 50): {'shapes': [(3072, 550), (550,), (550, 235), (235,), (235, 10), (10,)], 'train_accuracy': 0.20114, 'test_accuracy': 0.2009}} 
09-17 20:45 DEBUG    ****** PDM_KL matching ******** 
09-17 20:45 DEBUG    Best Sigma0: 10. Best sigma: 1 Best gamma: 50. Best Test accuracy: 0.1. Train acc: 0.1. 

09-17 20:45 DEBUG    PDM_KL log: {(10, 1, 50): {'shapes': [(3072, 109), (109,), (109, 217), (217,), (217, 10), (10,)], 'train_accuracy': 0.1, 'test_accuracy': 0.1}} 
09-17 20:49 DEBUG    ****** PDM_KL matching ******** 
09-17 20:49 DEBUG    Best Sigma0: 10. Best sigma: 1 Best gamma: 50. Best Test accuracy: 0.1. Train acc: 0.1. 

09-17 20:49 DEBUG    PDM_KL log: {(10, 1, 50): {'shapes': [(3072, 100), (100,), (100, 199), (199,), (199, 10), (10,)], 'train_accuracy': 0.1, 'test_accuracy': 0.1}} 
09-17 20:52 DEBUG    ****** PDM_KL matching ******** 
09-17 20:52 DEBUG    Best Sigma0: 10. Best sigma: 1 Best gamma: 50. Best Test accuracy: 0.1. Train acc: 0.1. 

09-17 20:52 DEBUG    PDM_KL log: {(10, 1, 50): {'shapes': [(3072, 100), (100,), (100, 172), (172,), (172, 10), (10,)], 'train_accuracy': 0.1, 'test_accuracy': 0.1}} 
09-17 20:52 DEBUG    Trial 4 completed
09-17 20:52 DEBUG    ####################################################################################################
09-17 20:52 DEBUG    ####################################################################################################
09-17 20:52 DEBUG    Executing Trial 5 with seed 5
09-17 20:52 DEBUG    Data statistics: {0: {0: 160, 1: 191, 2: 2146, 3: 460, 5: 1, 6: 98, 7: 491, 8: 455, 9: 624}, 1: {0: 26, 1: 1554, 2: 97, 3: 112, 4: 906, 5: 998, 6: 109, 7: 1910}, 2: {0: 329, 1: 8, 2: 65, 3: 34, 4: 1651, 5: 55, 6: 1842, 7: 465, 8: 2, 9: 15}, 3: {0: 1828, 1: 177, 2: 821, 3: 523, 4: 165, 5: 304, 6: 1230}, 4: {0: 29, 1: 76, 2: 1207, 3: 188, 4: 164, 5: 234, 6: 100, 7: 11, 8: 2266, 9: 1034}, 5: {0: 42, 1: 358, 2: 148, 3: 1909, 4: 121, 5: 105, 6: 985, 7: 503, 8: 466, 9: 2717}, 6: {0: 1553, 1: 12, 2: 282, 3: 1, 4: 1311, 5: 2405}, 7: {0: 795, 1: 736, 2: 8, 3: 7, 4: 150, 5: 523, 6: 216, 7: 1253, 8: 507, 9: 374}, 8: {0: 44, 1: 347, 2: 76, 3: 1581, 4: 14, 5: 360, 6: 22, 7: 103, 8: 1303, 9: 19}, 9: {0: 194, 1: 1541, 2: 150, 3: 185, 4: 518, 5: 15, 6: 398, 7: 264, 8: 1, 9: 217}}
09-17 20:53 DEBUG    **************************************************
09-17 20:53 DEBUG    Running experiments 

09-17 20:53 DEBUG    Uniform ensemble (Train acc): 0.353140
09-17 20:53 DEBUG    Uniform ensemble (Test acc): 0.344000
09-17 20:54 DEBUG    FedAvg (Train acc): 0.100000
09-17 20:54 DEBUG    FedAvg (Test acc): 0.100000
09-17 20:59 DEBUG    ****** PDM_KL matching ******** 
09-17 20:59 DEBUG    Best Sigma0: 10. Best sigma: 1 Best gamma: 50. Best Test accuracy: 0.1853. Train acc: 0.18464. 

09-17 20:59 DEBUG    PDM_KL log: {(10, 1, 50): {'shapes': [(3072, 700), (700,), (700, 217), (217,), (217, 10), (10,)], 'train_accuracy': 0.18464, 'test_accuracy': 0.1853}} 
09-17 21:14 DEBUG    ****** PDM_KL matching ******** 
09-17 21:14 DEBUG    Best Sigma0: 10. Best sigma: 1 Best gamma: 50. Best Test accuracy: 0.1805. Train acc: 0.17956. 

09-17 21:14 DEBUG    PDM_KL log: {(10, 1, 50): {'shapes': [(3072, 700), (700,), (700, 217), (217,), (217, 10), (10,)], 'train_accuracy': 0.17956, 'test_accuracy': 0.1805}} 
09-17 21:30 DEBUG    ****** PDM_KL matching ******** 
09-17 21:30 DEBUG    Best Sigma0: 10. Best sigma: 1 Best gamma: 50. Best Test accuracy: 0.1821. Train acc: 0.18088. 

09-17 21:30 DEBUG    PDM_KL log: {(10, 1, 50): {'shapes': [(3072, 700), (700,), (700, 217), (217,), (217, 10), (10,)], 'train_accuracy': 0.18088, 'test_accuracy': 0.1821}} 
09-17 21:45 DEBUG    ****** PDM_KL matching ******** 
09-17 21:45 DEBUG    Best Sigma0: 10. Best sigma: 1 Best gamma: 50. Best Test accuracy: 0.1689. Train acc: 0.17142. 

09-17 21:45 DEBUG    PDM_KL log: {(10, 1, 50): {'shapes': [(3072, 700), (700,), (700, 217), (217,), (217, 10), (10,)], 'train_accuracy': 0.17142, 'test_accuracy': 0.1689}} 
09-17 22:02 DEBUG    ****** PDM_KL matching ******** 
09-17 22:02 DEBUG    Best Sigma0: 10. Best sigma: 1 Best gamma: 50. Best Test accuracy: 0.1789. Train acc: 0.17904. 

09-17 22:02 DEBUG    PDM_KL log: {(10, 1, 50): {'shapes': [(3072, 700), (700,), (700, 226), (226,), (226, 10), (10,)], 'train_accuracy': 0.17904, 'test_accuracy': 0.1789}} 
09-17 22:17 DEBUG    ****** PDM_KL matching ******** 
09-17 22:17 DEBUG    Best Sigma0: 10. Best sigma: 1 Best gamma: 50. Best Test accuracy: 0.1675. Train acc: 0.17084. 

09-17 22:17 DEBUG    PDM_KL log: {(10, 1, 50): {'shapes': [(3072, 700), (700,), (700, 226), (226,), (226, 10), (10,)], 'train_accuracy': 0.17084, 'test_accuracy': 0.1675}} 
09-17 22:32 DEBUG    ****** PDM_KL matching ******** 
09-17 22:32 DEBUG    Best Sigma0: 10. Best sigma: 1 Best gamma: 50. Best Test accuracy: 0.1731. Train acc: 0.17568. 

09-17 22:32 DEBUG    PDM_KL log: {(10, 1, 50): {'shapes': [(3072, 700), (700,), (700, 235), (235,), (235, 10), (10,)], 'train_accuracy': 0.17568, 'test_accuracy': 0.1731}} 
09-17 22:48 DEBUG    ****** PDM_KL matching ******** 
09-17 22:48 DEBUG    Best Sigma0: 10. Best sigma: 1 Best gamma: 50. Best Test accuracy: 0.1703. Train acc: 0.17284. 

09-17 22:48 DEBUG    PDM_KL log: {(10, 1, 50): {'shapes': [(3072, 568), (568,), (568, 235), (235,), (235, 10), (10,)], 'train_accuracy': 0.17284, 'test_accuracy': 0.1703}} 
09-17 22:51 DEBUG    ****** PDM_KL matching ******** 
09-17 22:51 DEBUG    Best Sigma0: 10. Best sigma: 1 Best gamma: 50. Best Test accuracy: 0.1. Train acc: 0.1. 

09-17 22:51 DEBUG    PDM_KL log: {(10, 1, 50): {'shapes': [(3072, 116), (116,), (116, 217), (217,), (217, 10), (10,)], 'train_accuracy': 0.1, 'test_accuracy': 0.1}} 
09-17 22:54 DEBUG    ****** PDM_KL matching ******** 
09-17 22:54 DEBUG    Best Sigma0: 10. Best sigma: 1 Best gamma: 50. Best Test accuracy: 0.1. Train acc: 0.1. 

09-17 22:54 DEBUG    PDM_KL log: {(10, 1, 50): {'shapes': [(3072, 104), (104,), (104, 199), (199,), (199, 10), (10,)], 'train_accuracy': 0.1, 'test_accuracy': 0.1}} 
09-17 22:58 DEBUG    ****** PDM_KL matching ******** 
09-17 22:58 DEBUG    Best Sigma0: 10. Best sigma: 1 Best gamma: 50. Best Test accuracy: 0.1. Train acc: 0.1. 

09-17 22:58 DEBUG    PDM_KL log: {(10, 1, 50): {'shapes': [(3072, 102), (102,), (102, 181), (181,), (181, 10), (10,)], 'train_accuracy': 0.1, 'test_accuracy': 0.1}} 
09-17 22:58 DEBUG    Trial 5 completed
09-17 22:58 DEBUG    ####################################################################################################
09-17 22:58 DEBUG    ####################################################################################################
09-17 22:58 DEBUG    Executing Trial 6 with seed 6
09-17 22:58 DEBUG    Data statistics: {0: {0: 193, 1: 210, 3: 460, 4: 26, 5: 5, 6: 126, 7: 49, 8: 874, 9: 332}, 1: {0: 1769, 1: 168, 2: 620, 3: 158, 4: 2341}, 2: {0: 346, 1: 931, 2: 26, 3: 64, 4: 636, 5: 23, 6: 462, 7: 144, 8: 1123, 9: 3145}, 3: {0: 126, 1: 415, 2: 75, 3: 2, 4: 736, 5: 57, 6: 327, 7: 3568}, 4: {1: 503, 2: 2042, 3: 114, 4: 84, 5: 81, 6: 1902, 7: 282}, 5: {0: 1, 1: 1891, 2: 88, 3: 53, 4: 33, 5: 2056, 6: 159, 7: 13, 8: 1196}, 6: {0: 1958, 1: 90, 2: 196, 3: 739, 4: 670, 5: 89, 6: 25, 7: 71, 8: 1494}, 7: {0: 147, 1: 44, 2: 165, 3: 2558, 4: 99, 5: 1075, 6: 1979}, 8: {0: 453, 1: 735, 2: 111, 3: 484, 4: 164, 5: 1328, 6: 16, 7: 565, 8: 300, 9: 1430}, 9: {0: 7, 1: 13, 2: 1677, 3: 368, 4: 211, 5: 286, 6: 4, 7: 308, 8: 13, 9: 93}}
09-17 22:58 DEBUG    **************************************************
09-17 22:58 DEBUG    Running experiments 

09-17 22:58 DEBUG    Uniform ensemble (Train acc): 0.346580
09-17 22:58 DEBUG    Uniform ensemble (Test acc): 0.338000
09-17 22:59 DEBUG    FedAvg (Train acc): 0.100000
09-17 22:59 DEBUG    FedAvg (Test acc): 0.100000
09-17 23:04 DEBUG    ****** PDM_KL matching ******** 
09-17 23:04 DEBUG    Best Sigma0: 10. Best sigma: 1 Best gamma: 50. Best Test accuracy: 0.2033. Train acc: 0.19976. 

09-17 23:04 DEBUG    PDM_KL log: {(10, 1, 50): {'shapes': [(3072, 700), (700,), (700, 233), (233,), (233, 10), (10,)], 'train_accuracy': 0.19976, 'test_accuracy': 0.2033}} 
09-17 23:19 DEBUG    ****** PDM_KL matching ******** 
09-17 23:19 DEBUG    Best Sigma0: 10. Best sigma: 1 Best gamma: 50. Best Test accuracy: 0.2008. Train acc: 0.19946. 

09-17 23:19 DEBUG    PDM_KL log: {(10, 1, 50): {'shapes': [(3072, 700), (700,), (700, 233), (233,), (233, 10), (10,)], 'train_accuracy': 0.19946, 'test_accuracy': 0.2008}} 
09-17 23:30 DEBUG    ****** PDM_KL matching ******** 
09-17 23:30 DEBUG    Best Sigma0: 10. Best sigma: 1 Best gamma: 50. Best Test accuracy: 0.2033. Train acc: 0.19976. 

09-17 23:30 DEBUG    PDM_KL log: {(10, 1, 50): {'shapes': [(3072, 700), (700,), (700, 233), (233,), (233, 10), (10,)], 'train_accuracy': 0.19976, 'test_accuracy': 0.2033}} 
09-17 23:44 DEBUG    ****** PDM_KL matching ******** 
09-17 23:44 DEBUG    Best Sigma0: 10. Best sigma: 1 Best gamma: 50. Best Test accuracy: 0.1979. Train acc: 0.19592. 

09-17 23:44 DEBUG    PDM_KL log: {(10, 1, 50): {'shapes': [(3072, 700), (700,), (700, 233), (233,), (233, 10), (10,)], 'train_accuracy': 0.19592, 'test_accuracy': 0.1979}} 
09-18 00:01 DEBUG    ****** PDM_KL matching ******** 
09-18 00:01 DEBUG    Best Sigma0: 10. Best sigma: 1 Best gamma: 50. Best Test accuracy: 0.2042. Train acc: 0.20178. 

09-18 00:01 DEBUG    PDM_KL log: {(10, 1, 50): {'shapes': [(3072, 700), (700,), (700, 233), (233,), (233, 10), (10,)], 'train_accuracy': 0.20178, 'test_accuracy': 0.2042}} 
09-18 00:15 DEBUG    ****** PDM_KL matching ******** 
09-18 00:15 DEBUG    Best Sigma0: 10. Best sigma: 1 Best gamma: 50. Best Test accuracy: 0.198. Train acc: 0.19596. 

09-18 00:15 DEBUG    PDM_KL log: {(10, 1, 50): {'shapes': [(3072, 700), (700,), (700, 234), (234,), (234, 10), (10,)], 'train_accuracy': 0.19596, 'test_accuracy': 0.198}} 
09-18 00:31 DEBUG    ****** PDM_KL matching ******** 
09-18 00:31 DEBUG    Best Sigma0: 10. Best sigma: 1 Best gamma: 50. Best Test accuracy: 0.174. Train acc: 0.1717. 

09-18 00:31 DEBUG    PDM_KL log: {(10, 1, 50): {'shapes': [(3072, 700), (700,), (700, 235), (235,), (235, 10), (10,)], 'train_accuracy': 0.1717, 'test_accuracy': 0.174}} 
09-18 00:47 DEBUG    ****** PDM_KL matching ******** 
09-18 00:47 DEBUG    Best Sigma0: 10. Best sigma: 1 Best gamma: 50. Best Test accuracy: 0.1734. Train acc: 0.17128. 

09-18 00:47 DEBUG    PDM_KL log: {(10, 1, 50): {'shapes': [(3072, 550), (550,), (550, 235), (235,), (235, 10), (10,)], 'train_accuracy': 0.17128, 'test_accuracy': 0.1734}} 
09-18 00:50 DEBUG    ****** PDM_KL matching ******** 
09-18 00:50 DEBUG    Best Sigma0: 10. Best sigma: 1 Best gamma: 50. Best Test accuracy: 0.1. Train acc: 0.1. 

09-18 00:50 DEBUG    PDM_KL log: {(10, 1, 50): {'shapes': [(3072, 117), (117,), (117, 217), (217,), (217, 10), (10,)], 'train_accuracy': 0.1, 'test_accuracy': 0.1}} 
09-18 00:53 DEBUG    ****** PDM_KL matching ******** 
09-18 00:53 DEBUG    Best Sigma0: 10. Best sigma: 1 Best gamma: 50. Best Test accuracy: 0.1. Train acc: 0.1. 

09-18 00:53 DEBUG    PDM_KL log: {(10, 1, 50): {'shapes': [(3072, 104), (104,), (104, 199), (199,), (199, 10), (10,)], 'train_accuracy': 0.1, 'test_accuracy': 0.1}} 
09-18 00:58 DEBUG    ****** PDM_KL matching ******** 
09-18 00:58 DEBUG    Best Sigma0: 10. Best sigma: 1 Best gamma: 50. Best Test accuracy: 0.1. Train acc: 0.1. 

09-18 00:58 DEBUG    PDM_KL log: {(10, 1, 50): {'shapes': [(3072, 100), (100,), (100, 172), (172,), (172, 10), (10,)], 'train_accuracy': 0.1, 'test_accuracy': 0.1}} 
09-18 00:58 DEBUG    Trial 6 completed
09-18 00:58 DEBUG    ####################################################################################################
09-18 00:58 DEBUG    ####################################################################################################
09-18 00:58 DEBUG    Executing Trial 7 with seed 7
09-18 00:58 DEBUG    Data statistics: {0: {0: 52, 1: 603, 2: 315, 3: 412, 5: 3608, 6: 16}, 1: {0: 162, 1: 1520, 2: 51, 3: 67, 4: 978, 5: 22, 6: 467, 7: 46, 9: 76}, 2: {0: 15, 1: 17, 2: 1323, 3: 1633, 4: 80, 5: 211, 6: 2577}, 3: {0: 133, 1: 14, 2: 5, 3: 1, 4: 47, 5: 760, 6: 167, 7: 266, 8: 2296, 9: 2060}, 4: {0: 23, 1: 546, 2: 655, 3: 267, 4: 307, 5: 19, 6: 17, 7: 2045, 8: 2274}, 5: {0: 502, 1: 44, 2: 36, 3: 1384, 4: 56, 5: 169, 6: 353, 7: 78, 8: 163, 9: 1041}, 6: {0: 1081, 1: 586, 2: 261, 3: 178, 4: 3212}, 7: {0: 10, 1: 549, 2: 1142, 3: 864, 4: 131, 5: 7, 6: 967, 7: 1968}, 8: {0: 2077, 1: 24, 2: 767, 3: 109, 4: 114, 5: 34, 6: 12, 7: 596, 8: 261, 9: 602}, 9: {0: 945, 1: 1097, 2: 445, 3: 85, 4: 75, 5: 170, 6: 424, 7: 1, 8: 6, 9: 1221}}
09-18 00:59 DEBUG    **************************************************
09-18 00:59 DEBUG    Running experiments 

09-18 00:59 DEBUG    Uniform ensemble (Train acc): 0.323840
09-18 00:59 DEBUG    Uniform ensemble (Test acc): 0.319700
09-18 01:00 DEBUG    FedAvg (Train acc): 0.100000
09-18 01:00 DEBUG    FedAvg (Test acc): 0.100000
09-18 01:07 DEBUG    ****** PDM_KL matching ******** 
09-18 01:07 DEBUG    Best Sigma0: 10. Best sigma: 1 Best gamma: 50. Best Test accuracy: 0.2142. Train acc: 0.2133. 

09-18 01:07 DEBUG    PDM_KL log: {(10, 1, 50): {'shapes': [(3072, 700), (700,), (700, 225), (225,), (225, 10), (10,)], 'train_accuracy': 0.2133, 'test_accuracy': 0.2142}} 
09-18 01:23 DEBUG    ****** PDM_KL matching ******** 
09-18 01:23 DEBUG    Best Sigma0: 10. Best sigma: 1 Best gamma: 50. Best Test accuracy: 0.2133. Train acc: 0.21272. 

09-18 01:23 DEBUG    PDM_KL log: {(10, 1, 50): {'shapes': [(3072, 700), (700,), (700, 225), (225,), (225, 10), (10,)], 'train_accuracy': 0.21272, 'test_accuracy': 0.2133}} 
09-18 01:38 DEBUG    ****** PDM_KL matching ******** 
09-18 01:38 DEBUG    Best Sigma0: 10. Best sigma: 1 Best gamma: 50. Best Test accuracy: 0.211. Train acc: 0.21092. 

09-18 01:38 DEBUG    PDM_KL log: {(10, 1, 50): {'shapes': [(3072, 700), (700,), (700, 225), (225,), (225, 10), (10,)], 'train_accuracy': 0.21092, 'test_accuracy': 0.211}} 
09-18 01:54 DEBUG    ****** PDM_KL matching ******** 
09-18 01:54 DEBUG    Best Sigma0: 10. Best sigma: 1 Best gamma: 50. Best Test accuracy: 0.2079. Train acc: 0.20968. 

09-18 01:54 DEBUG    PDM_KL log: {(10, 1, 50): {'shapes': [(3072, 700), (700,), (700, 225), (225,), (225, 10), (10,)], 'train_accuracy': 0.20968, 'test_accuracy': 0.2079}} 
09-18 02:06 DEBUG    ****** PDM_KL matching ******** 
09-18 02:06 DEBUG    Best Sigma0: 10. Best sigma: 1 Best gamma: 50. Best Test accuracy: 0.2149. Train acc: 0.21344. 

09-18 02:06 DEBUG    PDM_KL log: {(10, 1, 50): {'shapes': [(3072, 700), (700,), (700, 225), (225,), (225, 10), (10,)], 'train_accuracy': 0.21344, 'test_accuracy': 0.2149}} 
09-18 02:16 DEBUG    ****** PDM_KL matching ******** 
09-18 02:16 DEBUG    Best Sigma0: 10. Best sigma: 1 Best gamma: 50. Best Test accuracy: 0.2104. Train acc: 0.21028. 

09-18 02:16 DEBUG    PDM_KL log: {(10, 1, 50): {'shapes': [(3072, 700), (700,), (700, 216), (216,), (216, 10), (10,)], 'train_accuracy': 0.21028, 'test_accuracy': 0.2104}} 
09-18 02:29 DEBUG    ****** PDM_KL matching ******** 
09-18 02:29 DEBUG    Best Sigma0: 10. Best sigma: 1 Best gamma: 50. Best Test accuracy: 0.2086. Train acc: 0.2084. 

09-18 02:29 DEBUG    PDM_KL log: {(10, 1, 50): {'shapes': [(3072, 700), (700,), (700, 226), (226,), (226, 10), (10,)], 'train_accuracy': 0.2084, 'test_accuracy': 0.2086}} 
09-18 02:45 DEBUG    ****** PDM_KL matching ******** 
09-18 02:45 DEBUG    Best Sigma0: 10. Best sigma: 1 Best gamma: 50. Best Test accuracy: 0.2065. Train acc: 0.20842. 

09-18 02:45 DEBUG    PDM_KL log: {(10, 1, 50): {'shapes': [(3072, 568), (568,), (568, 235), (235,), (235, 10), (10,)], 'train_accuracy': 0.20842, 'test_accuracy': 0.2065}} 
09-18 02:48 DEBUG    ****** PDM_KL matching ******** 
09-18 02:48 DEBUG    Best Sigma0: 10. Best sigma: 1 Best gamma: 50. Best Test accuracy: 0.1. Train acc: 0.1. 

09-18 02:48 DEBUG    PDM_KL log: {(10, 1, 50): {'shapes': [(3072, 110), (110,), (110, 217), (217,), (217, 10), (10,)], 'train_accuracy': 0.1, 'test_accuracy': 0.1}} 
09-18 02:51 DEBUG    ****** PDM_KL matching ******** 
09-18 02:51 DEBUG    Best Sigma0: 10. Best sigma: 1 Best gamma: 50. Best Test accuracy: 0.1. Train acc: 0.1. 

09-18 02:51 DEBUG    PDM_KL log: {(10, 1, 50): {'shapes': [(3072, 102), (102,), (102, 190), (190,), (190, 10), (10,)], 'train_accuracy': 0.1, 'test_accuracy': 0.1}} 
09-18 02:56 DEBUG    ****** PDM_KL matching ******** 
09-18 02:56 DEBUG    Best Sigma0: 10. Best sigma: 1 Best gamma: 50. Best Test accuracy: 0.1. Train acc: 0.1. 

09-18 02:56 DEBUG    PDM_KL log: {(10, 1, 50): {'shapes': [(3072, 100), (100,), (100, 163), (163,), (163, 10), (10,)], 'train_accuracy': 0.1, 'test_accuracy': 0.1}} 
09-18 02:56 DEBUG    Trial 7 completed
09-18 02:56 DEBUG    ####################################################################################################
09-18 02:56 DEBUG    ####################################################################################################
09-18 02:56 DEBUG    Executing Trial 8 with seed 8
09-18 02:56 DEBUG    Data statistics: {0: {0: 524, 1: 168, 2: 259, 3: 1157, 4: 846, 5: 351, 6: 350, 7: 125, 8: 1521}, 1: {0: 10, 1: 1310, 2: 1614, 3: 90, 4: 8, 5: 214, 6: 861, 7: 1092}, 2: {0: 419, 1: 407, 2: 225, 3: 92, 4: 239, 5: 194, 6: 1031, 7: 439, 8: 285, 9: 15}, 3: {0: 28, 1: 306, 2: 33, 3: 771, 4: 66, 5: 275, 6: 140, 7: 431, 8: 14, 9: 3014}, 4: {0: 21, 1: 95, 2: 123, 3: 552, 5: 857, 6: 67, 7: 1578, 8: 108, 9: 1722}, 5: {0: 56, 1: 317, 2: 1458, 3: 2, 4: 205, 5: 2189, 6: 1243}, 6: {0: 167, 1: 198, 2: 701, 3: 793, 4: 735, 5: 779, 6: 196, 7: 139, 8: 3050}, 7: {0: 3355, 1: 1713}, 8: {0: 395, 1: 94, 2: 284, 3: 1438, 4: 88, 5: 140, 7: 515, 8: 21, 9: 249}, 9: {0: 25, 1: 392, 2: 303, 3: 105, 4: 2813, 5: 1, 6: 1112, 7: 681, 8: 1}}
09-18 02:57 DEBUG    **************************************************
09-18 02:57 DEBUG    Running experiments 

09-18 02:57 DEBUG    Uniform ensemble (Train acc): 0.308320
09-18 02:57 DEBUG    Uniform ensemble (Test acc): 0.312700
09-18 02:57 DEBUG    FedAvg (Train acc): 0.100000
09-18 02:57 DEBUG    FedAvg (Test acc): 0.100000
09-18 03:06 DEBUG    ****** PDM_KL matching ******** 
09-18 03:06 DEBUG    Best Sigma0: 10. Best sigma: 1 Best gamma: 50. Best Test accuracy: 0.1836. Train acc: 0.18332. 

09-18 03:06 DEBUG    PDM_KL log: {(10, 1, 50): {'shapes': [(3072, 700), (700,), (700, 214), (214,), (214, 10), (10,)], 'train_accuracy': 0.18332, 'test_accuracy': 0.1836}} 
09-18 03:21 DEBUG    ****** PDM_KL matching ******** 
09-18 03:21 DEBUG    Best Sigma0: 10. Best sigma: 1 Best gamma: 50. Best Test accuracy: 0.1814. Train acc: 0.18266. 

09-18 03:21 DEBUG    PDM_KL log: {(10, 1, 50): {'shapes': [(3072, 700), (700,), (700, 214), (214,), (214, 10), (10,)], 'train_accuracy': 0.18266, 'test_accuracy': 0.1814}} 
09-18 03:36 DEBUG    ****** PDM_KL matching ******** 
09-18 03:36 DEBUG    Best Sigma0: 10. Best sigma: 1 Best gamma: 50. Best Test accuracy: 0.1689. Train acc: 0.16862. 

09-18 03:36 DEBUG    PDM_KL log: {(10, 1, 50): {'shapes': [(3072, 700), (700,), (700, 214), (214,), (214, 10), (10,)], 'train_accuracy': 0.16862, 'test_accuracy': 0.1689}} 
09-18 03:54 DEBUG    ****** PDM_KL matching ******** 
09-18 03:54 DEBUG    Best Sigma0: 10. Best sigma: 1 Best gamma: 50. Best Test accuracy: 0.177. Train acc: 0.17588. 

09-18 03:54 DEBUG    PDM_KL log: {(10, 1, 50): {'shapes': [(3072, 700), (700,), (700, 214), (214,), (214, 10), (10,)], 'train_accuracy': 0.17588, 'test_accuracy': 0.177}} 
09-18 04:09 DEBUG    ****** PDM_KL matching ******** 
09-18 04:09 DEBUG    Best Sigma0: 10. Best sigma: 1 Best gamma: 50. Best Test accuracy: 0.1793. Train acc: 0.17738. 

09-18 04:09 DEBUG    PDM_KL log: {(10, 1, 50): {'shapes': [(3072, 700), (700,), (700, 214), (214,), (214, 10), (10,)], 'train_accuracy': 0.17738, 'test_accuracy': 0.1793}} 
09-18 04:23 DEBUG    ****** PDM_KL matching ******** 
09-18 04:23 DEBUG    Best Sigma0: 10. Best sigma: 1 Best gamma: 50. Best Test accuracy: 0.1845. Train acc: 0.18284. 

09-18 04:23 DEBUG    PDM_KL log: {(10, 1, 50): {'shapes': [(3072, 700), (700,), (700, 214), (214,), (214, 10), (10,)], 'train_accuracy': 0.18284, 'test_accuracy': 0.1845}} 
09-18 04:40 DEBUG    ****** PDM_KL matching ******** 
09-18 04:40 DEBUG    Best Sigma0: 10. Best sigma: 1 Best gamma: 50. Best Test accuracy: 0.1911. Train acc: 0.19244. 

09-18 04:40 DEBUG    PDM_KL log: {(10, 1, 50): {'shapes': [(3072, 700), (700,), (700, 235), (235,), (235, 10), (10,)], 'train_accuracy': 0.19244, 'test_accuracy': 0.1911}} 
09-18 04:51 DEBUG    ****** PDM_KL matching ******** 
09-18 04:51 DEBUG    Best Sigma0: 10. Best sigma: 1 Best gamma: 50. Best Test accuracy: 0.1852. Train acc: 0.18684. 

09-18 04:51 DEBUG    PDM_KL log: {(10, 1, 50): {'shapes': [(3072, 568), (568,), (568, 235), (235,), (235, 10), (10,)], 'train_accuracy': 0.18684, 'test_accuracy': 0.1852}} 
09-18 04:55 DEBUG    ****** PDM_KL matching ******** 
09-18 04:55 DEBUG    Best Sigma0: 10. Best sigma: 1 Best gamma: 50. Best Test accuracy: 0.1. Train acc: 0.1. 

09-18 04:55 DEBUG    PDM_KL log: {(10, 1, 50): {'shapes': [(3072, 118), (118,), (118, 217), (217,), (217, 10), (10,)], 'train_accuracy': 0.1, 'test_accuracy': 0.1}} 
09-18 04:58 DEBUG    ****** PDM_KL matching ******** 
09-18 04:58 DEBUG    Best Sigma0: 10. Best sigma: 1 Best gamma: 50. Best Test accuracy: 0.1. Train acc: 0.1. 

09-18 04:58 DEBUG    PDM_KL log: {(10, 1, 50): {'shapes': [(3072, 107), (107,), (107, 199), (199,), (199, 10), (10,)], 'train_accuracy': 0.1, 'test_accuracy': 0.1}} 
09-18 05:00 DEBUG    ****** PDM_KL matching ******** 
09-18 05:00 DEBUG    Best Sigma0: 10. Best sigma: 1 Best gamma: 50. Best Test accuracy: 0.1. Train acc: 0.1. 

09-18 05:00 DEBUG    PDM_KL log: {(10, 1, 50): {'shapes': [(3072, 102), (102,), (102, 172), (172,), (172, 10), (10,)], 'train_accuracy': 0.1, 'test_accuracy': 0.1}} 
09-18 05:00 DEBUG    Trial 8 completed
09-18 05:00 DEBUG    ####################################################################################################
09-18 05:00 DEBUG    ####################################################################################################
09-18 05:00 DEBUG    Executing Trial 9 with seed 9
09-18 05:00 DEBUG    Data statistics: {0: {0: 850, 1: 134, 2: 1, 3: 25, 4: 72, 5: 460, 6: 154, 7: 349, 8: 2830, 9: 76}, 1: {0: 207, 1: 1494, 2: 666, 3: 1620, 4: 108, 5: 232, 6: 695}, 2: {0: 273, 1: 142, 2: 96, 3: 413, 4: 807, 5: 440, 6: 112, 7: 72, 8: 6, 9: 476}, 3: {0: 943, 1: 497, 2: 82, 3: 901, 4: 767, 5: 61, 6: 16, 7: 1049, 8: 13, 9: 18}, 4: {0: 706, 1: 124, 2: 1814, 3: 664, 4: 2594}, 5: {0: 58, 2: 452, 3: 3, 4: 95, 5: 842, 6: 14, 7: 1323, 8: 1770, 9: 199}, 6: {0: 289, 1: 63, 2: 4, 3: 214, 4: 342, 5: 1069, 6: 860, 7: 239, 9: 2287}, 7: {0: 755, 1: 464, 2: 1575, 3: 452, 4: 50, 5: 8, 6: 2365}, 8: {0: 116, 1: 1976, 2: 6, 3: 563, 4: 76, 5: 1467, 6: 95, 7: 785}, 9: {0: 803, 1: 106, 2: 304, 3: 145, 4: 89, 5: 421, 6: 689, 7: 1183, 8: 381, 9: 1944}}
09-18 05:01 DEBUG    **************************************************
09-18 05:01 DEBUG    Running experiments 

09-18 05:01 DEBUG    Uniform ensemble (Train acc): 0.324920
09-18 05:01 DEBUG    Uniform ensemble (Test acc): 0.327600
09-18 05:01 DEBUG    FedAvg (Train acc): 0.100000
09-18 05:01 DEBUG    FedAvg (Test acc): 0.100000
09-18 05:08 DEBUG    ****** PDM_KL matching ******** 
09-18 05:08 DEBUG    Best Sigma0: 10. Best sigma: 1 Best gamma: 50. Best Test accuracy: 0.179. Train acc: 0.1782. 

09-18 05:08 DEBUG    PDM_KL log: {(10, 1, 50): {'shapes': [(3072, 700), (700,), (700, 223), (223,), (223, 10), (10,)], 'train_accuracy': 0.1782, 'test_accuracy': 0.179}} 
09-18 05:21 DEBUG    ****** PDM_KL matching ******** 
09-18 05:21 DEBUG    Best Sigma0: 10. Best sigma: 1 Best gamma: 50. Best Test accuracy: 0.179. Train acc: 0.1791. 

09-18 05:21 DEBUG    PDM_KL log: {(10, 1, 50): {'shapes': [(3072, 700), (700,), (700, 216), (216,), (216, 10), (10,)], 'train_accuracy': 0.1791, 'test_accuracy': 0.179}} 
09-18 05:34 DEBUG    ****** PDM_KL matching ******** 
09-18 05:34 DEBUG    Best Sigma0: 10. Best sigma: 1 Best gamma: 50. Best Test accuracy: 0.1784. Train acc: 0.17802. 

09-18 05:34 DEBUG    PDM_KL log: {(10, 1, 50): {'shapes': [(3072, 700), (700,), (700, 224), (224,), (224, 10), (10,)], 'train_accuracy': 0.17802, 'test_accuracy': 0.1784}} 
09-18 05:53 DEBUG    ****** PDM_KL matching ******** 
09-18 05:53 DEBUG    Best Sigma0: 10. Best sigma: 1 Best gamma: 50. Best Test accuracy: 0.1819. Train acc: 0.18048. 

09-18 05:53 DEBUG    PDM_KL log: {(10, 1, 50): {'shapes': [(3072, 700), (700,), (700, 223), (223,), (223, 10), (10,)], 'train_accuracy': 0.18048, 'test_accuracy': 0.1819}} 
09-18 06:09 DEBUG    ****** PDM_KL matching ******** 
09-18 06:09 DEBUG    Best Sigma0: 10. Best sigma: 1 Best gamma: 50. Best Test accuracy: 0.1772. Train acc: 0.1775. 

09-18 06:09 DEBUG    PDM_KL log: {(10, 1, 50): {'shapes': [(3072, 700), (700,), (700, 223), (223,), (223, 10), (10,)], 'train_accuracy': 0.1775, 'test_accuracy': 0.1772}} 
09-18 06:24 DEBUG    ****** PDM_KL matching ******** 
09-18 06:24 DEBUG    Best Sigma0: 10. Best sigma: 1 Best gamma: 50. Best Test accuracy: 0.1793. Train acc: 0.17882. 

09-18 06:24 DEBUG    PDM_KL log: {(10, 1, 50): {'shapes': [(3072, 700), (700,), (700, 225), (225,), (225, 10), (10,)], 'train_accuracy': 0.17882, 'test_accuracy': 0.1793}} 
09-18 06:41 DEBUG    ****** PDM_KL matching ******** 
09-18 06:41 DEBUG    Best Sigma0: 10. Best sigma: 1 Best gamma: 50. Best Test accuracy: 0.1807. Train acc: 0.1802. 

09-18 06:41 DEBUG    PDM_KL log: {(10, 1, 50): {'shapes': [(3072, 700), (700,), (700, 235), (235,), (235, 10), (10,)], 'train_accuracy': 0.1802, 'test_accuracy': 0.1807}} 
09-18 06:54 DEBUG    ****** PDM_KL matching ******** 
09-18 06:54 DEBUG    Best Sigma0: 10. Best sigma: 1 Best gamma: 50. Best Test accuracy: 0.1791. Train acc: 0.17802. 

09-18 06:54 DEBUG    PDM_KL log: {(10, 1, 50): {'shapes': [(3072, 568), (568,), (568, 235), (235,), (235, 10), (10,)], 'train_accuracy': 0.17802, 'test_accuracy': 0.1791}} 
09-18 06:58 DEBUG    ****** PDM_KL matching ******** 
09-18 06:58 DEBUG    Best Sigma0: 10. Best sigma: 1 Best gamma: 50. Best Test accuracy: 0.1. Train acc: 0.1. 

09-18 06:58 DEBUG    PDM_KL log: {(10, 1, 50): {'shapes': [(3072, 118), (118,), (118, 217), (217,), (217, 10), (10,)], 'train_accuracy': 0.1, 'test_accuracy': 0.1}} 
09-18 07:02 DEBUG    ****** PDM_KL matching ******** 
09-18 07:02 DEBUG    Best Sigma0: 10. Best sigma: 1 Best gamma: 50. Best Test accuracy: 0.1. Train acc: 0.1. 

09-18 07:02 DEBUG    PDM_KL log: {(10, 1, 50): {'shapes': [(3072, 100), (100,), (100, 190), (190,), (190, 10), (10,)], 'train_accuracy': 0.1, 'test_accuracy': 0.1}} 
09-18 07:05 DEBUG    ****** PDM_KL matching ******** 
09-18 07:05 DEBUG    Best Sigma0: 10. Best sigma: 1 Best gamma: 50. Best Test accuracy: 0.1. Train acc: 0.1. 

09-18 07:05 DEBUG    PDM_KL log: {(10, 1, 50): {'shapes': [(3072, 100), (100,), (100, 163), (163,), (163, 10), (10,)], 'train_accuracy': 0.1, 'test_accuracy': 0.1}} 
09-18 07:05 DEBUG    Trial 9 completed
09-18 07:05 DEBUG    ####################################################################################################
