10-07 19:05 DEBUG    Experiment arguments: Namespace(alpha=0.5, communication_rounds=None, datadir='data/cifar10', dataset='cifar10', device=1.0, dropout_p=0.0, epochs=10, experiment=['pdm_KL'], init_seed=0, iter_epochs=5, layers=0, loaddir='saved_weights/cifar10/homo', logdir='KL_regs_bst_hyp_unlimi/cifar10/homo', lr=0.001, lr_decay=0.99, n=30, n_layers=1, n_nets=30, net_config=[3072, 100, 10], num_pool_workers=1, partition='homo', pdm_gamma=10, pdm_sig=1, pdm_sig0=10, reg=1e-05, reg_fac=0.0, trials=10)
10-07 19:05 DEBUG    ####################################################################################################
10-07 19:05 DEBUG    Executing Trial 0 with seed 0
10-07 19:05 DEBUG    Data statistics: {0: {0: 183, 1: 172, 2: 161, 3: 189, 4: 144, 5: 184, 6: 169, 7: 149, 8: 156, 9: 160}, 1: {0: 150, 1: 166, 2: 163, 3: 177, 4: 163, 5: 187, 6: 156, 7: 179, 8: 152, 9: 174}, 2: {0: 170, 1: 145, 2: 164, 3: 161, 4: 166, 5: 177, 6: 166, 7: 174, 8: 174, 9: 170}, 3: {0: 192, 1: 166, 2: 159, 3: 170, 4: 173, 5: 145, 6: 154, 7: 173, 8: 172, 9: 163}, 4: {0: 158, 1: 169, 2: 195, 3: 173, 4: 155, 5: 163, 6: 141, 7: 165, 8: 167, 9: 181}, 5: {0: 151, 1: 168, 2: 174, 3: 161, 4: 166, 5: 160, 6: 167, 7: 160, 8: 168, 9: 192}, 6: {0: 169, 1: 170, 2: 149, 3: 157, 4: 179, 5: 166, 6: 161, 7: 183, 8: 174, 9: 159}, 7: {0: 179, 1: 189, 2: 181, 3: 160, 4: 168, 5: 156, 6: 169, 7: 163, 8: 148, 9: 154}, 8: {0: 162, 1: 181, 2: 169, 3: 143, 4: 171, 5: 161, 6: 172, 7: 168, 8: 170, 9: 170}, 9: {0: 140, 1: 163, 2: 158, 3: 167, 4: 173, 5: 157, 6: 181, 7: 165, 8: 184, 9: 179}, 10: {0: 163, 1: 153, 2: 158, 3: 180, 4: 186, 5: 160, 6: 155, 7: 168, 8: 166, 9: 178}, 11: {0: 184, 1: 171, 2: 177, 3: 152, 4: 162, 5: 165, 6: 165, 7: 154, 8: 145, 9: 192}, 12: {0: 161, 1: 162, 2: 173, 3: 179, 4: 173, 5: 160, 6: 157, 7: 157, 8: 170, 9: 175}, 13: {0: 188, 1: 167, 2: 161, 3: 149, 4: 135, 5: 183, 6: 195, 7: 158, 8: 162, 9: 169}, 14: {0: 156, 1: 152, 2: 155, 3: 159, 4: 173, 5: 166, 6: 184, 7: 175, 8: 158, 9: 189}, 15: {0: 171, 1: 166, 2: 161, 3: 169, 4: 161, 5: 175, 6: 166, 7: 157, 8: 171, 9: 170}, 16: {0: 184, 1: 163, 2: 163, 3: 165, 4: 167, 5: 164, 6: 171, 7: 168, 8: 154, 9: 168}, 17: {0: 149, 1: 151, 2: 185, 3: 160, 4: 202, 5: 171, 6: 184, 7: 165, 8: 165, 9: 135}, 18: {0: 168, 1: 182, 2: 177, 3: 155, 4: 167, 5: 144, 6: 154, 7: 202, 8: 157, 9: 161}, 19: {0: 171, 1: 158, 2: 177, 3: 166, 4: 154, 5: 154, 6: 172, 7: 177, 8: 175, 9: 163}, 20: {0: 173, 1: 169, 2: 159, 3: 169, 4: 166, 5: 166, 6: 165, 7: 159, 8: 174, 9: 166}, 21: {0: 160, 1: 156, 2: 163, 3: 185, 4: 162, 5: 181, 6: 175, 7: 163, 8: 153, 9: 168}, 22: {0: 151, 1: 181, 2: 145, 3: 170, 4: 172, 5: 172, 6: 189, 7: 165, 8: 162, 9: 159}, 23: {0: 162, 1: 183, 2: 156, 3: 192, 4: 169, 5: 162, 6: 153, 7: 167, 8: 164, 9: 158}, 24: {0: 154, 1: 163, 2: 168, 3: 163, 4: 178, 5: 181, 6: 144, 7: 155, 8: 188, 9: 172}, 25: {0: 171, 1: 159, 2: 152, 3: 163, 4: 165, 5: 163, 6: 182, 7: 179, 8: 179, 9: 153}, 26: {0: 179, 1: 163, 2: 165, 3: 180, 4: 153, 5: 168, 6: 182, 7: 167, 8: 165, 9: 144}, 27: {0: 166, 1: 179, 2: 181, 3: 157, 4: 170, 5: 174, 6: 162, 7: 170, 8: 154, 9: 153}, 28: {0: 163, 1: 167, 2: 170, 3: 166, 4: 165, 5: 162, 6: 161, 7: 162, 8: 188, 9: 162}, 29: {0: 172, 1: 166, 2: 181, 3: 163, 4: 162, 5: 173, 6: 148, 7: 153, 8: 185, 9: 163}}
10-07 19:06 DEBUG    **************************************************
10-07 19:06 DEBUG    Running experiments 

10-07 19:50 DEBUG    ****** PDM_KL matching ******** 
10-07 19:50 DEBUG    Best Sigma0: 10. Best sigma: 1 Best gamma: 10. Best Test accuracy: 0.3767. Train acc: 0.37854. 

10-07 19:50 DEBUG    PDM_KL log: {(10, 1, 10): {'shapes': [(3072, 2872), (2872,), (2872, 10), (10,)], 'train_accuracy': 0.37854, 'test_accuracy': 0.3767}} 
10-07 21:23 DEBUG    ****** PDM_KL matching ******** 
10-07 21:23 DEBUG    Best Sigma0: 10. Best sigma: 1 Best gamma: 10. Best Test accuracy: 0.3767. Train acc: 0.37854. 

10-07 21:23 DEBUG    PDM_KL log: {(10, 1, 10): {'shapes': [(3072, 2872), (2872,), (2872, 10), (10,)], 'train_accuracy': 0.37854, 'test_accuracy': 0.3767}} 
10-07 22:55 DEBUG    ****** PDM_KL matching ******** 
10-07 22:55 DEBUG    Best Sigma0: 10. Best sigma: 1 Best gamma: 10. Best Test accuracy: 0.3767. Train acc: 0.37854. 

10-07 22:55 DEBUG    PDM_KL log: {(10, 1, 10): {'shapes': [(3072, 2872), (2872,), (2872, 10), (10,)], 'train_accuracy': 0.37854, 'test_accuracy': 0.3767}} 
10-08 00:27 DEBUG    ****** PDM_KL matching ******** 
10-08 00:27 DEBUG    Best Sigma0: 10. Best sigma: 1 Best gamma: 10. Best Test accuracy: 0.3767. Train acc: 0.37854. 

10-08 00:27 DEBUG    PDM_KL log: {(10, 1, 10): {'shapes': [(3072, 2871), (2871,), (2871, 10), (10,)], 'train_accuracy': 0.37854, 'test_accuracy': 0.3767}} 
10-08 01:58 DEBUG    ****** PDM_KL matching ******** 
10-08 01:58 DEBUG    Best Sigma0: 10. Best sigma: 1 Best gamma: 10. Best Test accuracy: 0.3767. Train acc: 0.37854. 

10-08 01:58 DEBUG    PDM_KL log: {(10, 1, 10): {'shapes': [(3072, 2869), (2869,), (2869, 10), (10,)], 'train_accuracy': 0.37854, 'test_accuracy': 0.3767}} 
10-08 03:27 DEBUG    ****** PDM_KL matching ******** 
10-08 03:27 DEBUG    Best Sigma0: 10. Best sigma: 1 Best gamma: 10. Best Test accuracy: 0.3767. Train acc: 0.37854. 

10-08 03:27 DEBUG    PDM_KL log: {(10, 1, 10): {'shapes': [(3072, 2860), (2860,), (2860, 10), (10,)], 'train_accuracy': 0.37854, 'test_accuracy': 0.3767}} 
10-08 04:53 DEBUG    ****** PDM_KL matching ******** 
10-08 04:53 DEBUG    Best Sigma0: 10. Best sigma: 1 Best gamma: 10. Best Test accuracy: 0.3779. Train acc: 0.37982. 

10-08 04:53 DEBUG    PDM_KL log: {(10, 1, 10): {'shapes': [(3072, 2736), (2736,), (2736, 10), (10,)], 'train_accuracy': 0.37982, 'test_accuracy': 0.3779}} 
10-08 05:03 DEBUG    ****** PDM_KL matching ******** 
10-08 05:03 DEBUG    Best Sigma0: 10. Best sigma: 1 Best gamma: 10. Best Test accuracy: 0.3237. Train acc: 0.32166. 

10-08 05:03 DEBUG    PDM_KL log: {(10, 1, 10): {'shapes': [(3072, 361), (361,), (361, 10), (10,)], 'train_accuracy': 0.32166, 'test_accuracy': 0.3237}} 
10-08 05:06 DEBUG    ****** PDM_KL matching ******** 
10-08 05:06 DEBUG    Best Sigma0: 10. Best sigma: 1 Best gamma: 10. Best Test accuracy: 0.2061. Train acc: 0.20478. 

10-08 05:06 DEBUG    PDM_KL log: {(10, 1, 10): {'shapes': [(3072, 100), (100,), (100, 10), (10,)], 'train_accuracy': 0.20478, 'test_accuracy': 0.2061}} 
10-08 05:08 DEBUG    ****** PDM_KL matching ******** 
10-08 05:08 DEBUG    Best Sigma0: 10. Best sigma: 1 Best gamma: 10. Best Test accuracy: 0.1. Train acc: 0.1. 

10-08 05:08 DEBUG    PDM_KL log: {(10, 1, 10): {'shapes': [(3072, 100), (100,), (100, 10), (10,)], 'train_accuracy': 0.1, 'test_accuracy': 0.1}} 
10-08 05:11 DEBUG    ****** PDM_KL matching ******** 
10-08 05:11 DEBUG    Best Sigma0: 10. Best sigma: 1 Best gamma: 10. Best Test accuracy: 0.1. Train acc: 0.1. 

10-08 05:11 DEBUG    PDM_KL log: {(10, 1, 10): {'shapes': [(3072, 100), (100,), (100, 10), (10,)], 'train_accuracy': 0.1, 'test_accuracy': 0.1}} 
10-08 05:11 DEBUG    Trial 0 completed
10-08 05:11 DEBUG    ####################################################################################################
10-08 05:11 DEBUG    ####################################################################################################
10-08 05:11 DEBUG    Executing Trial 1 with seed 1
10-08 05:11 DEBUG    Data statistics: {0: {0: 156, 1: 149, 2: 172, 3: 174, 4: 173, 5: 158, 6: 170, 7: 169, 8: 170, 9: 176}, 1: {0: 176, 1: 179, 2: 169, 3: 138, 4: 178, 5: 179, 6: 160, 7: 162, 8: 161, 9: 165}, 2: {0: 178, 1: 164, 2: 174, 3: 162, 4: 179, 5: 161, 6: 171, 7: 158, 8: 150, 9: 170}, 3: {0: 169, 1: 151, 2: 173, 3: 182, 4: 152, 5: 166, 6: 155, 7: 152, 8: 175, 9: 192}, 4: {0: 150, 1: 179, 2: 177, 3: 147, 4: 178, 5: 170, 6: 173, 7: 178, 8: 168, 9: 147}, 5: {0: 157, 1: 164, 2: 173, 3: 186, 4: 147, 5: 161, 6: 158, 7: 194, 8: 154, 9: 173}, 6: {0: 166, 1: 174, 2: 176, 3: 164, 4: 171, 5: 152, 6: 167, 7: 160, 8: 178, 9: 159}, 7: {0: 180, 1: 175, 2: 140, 3: 184, 4: 143, 5: 176, 6: 182, 7: 175, 8: 151, 9: 161}, 8: {0: 157, 1: 176, 2: 185, 3: 178, 4: 157, 5: 169, 6: 190, 7: 163, 8: 154, 9: 138}, 9: {0: 157, 1: 175, 2: 154, 3: 169, 4: 169, 5: 181, 6: 175, 7: 162, 8: 169, 9: 156}, 10: {0: 157, 1: 159, 2: 164, 3: 162, 4: 172, 5: 177, 6: 165, 7: 168, 8: 162, 9: 181}, 11: {0: 171, 1: 166, 2: 196, 3: 149, 4: 146, 5: 155, 6: 189, 7: 171, 8: 149, 9: 175}, 12: {0: 156, 1: 179, 2: 149, 3: 169, 4: 174, 5: 159, 6: 177, 7: 175, 8: 167, 9: 162}, 13: {0: 192, 1: 159, 2: 168, 3: 149, 4: 151, 5: 183, 6: 178, 7: 156, 8: 157, 9: 174}, 14: {0: 158, 1: 159, 2: 161, 3: 178, 4: 167, 5: 171, 6: 164, 7: 157, 8: 165, 9: 187}, 15: {0: 186, 1: 160, 2: 167, 3: 181, 4: 178, 5: 164, 6: 148, 7: 147, 8: 174, 9: 162}, 16: {0: 157, 1: 155, 2: 157, 3: 167, 4: 158, 5: 179, 6: 157, 7: 169, 8: 174, 9: 194}, 17: {0: 173, 1: 180, 2: 149, 3: 177, 4: 161, 5: 163, 6: 154, 7: 164, 8: 155, 9: 191}, 18: {0: 171, 1: 158, 2: 155, 3: 158, 4: 159, 5: 161, 6: 165, 7: 187, 8: 193, 9: 160}, 19: {0: 171, 1: 183, 2: 165, 3: 164, 4: 185, 5: 137, 6: 161, 7: 175, 8: 181, 9: 145}, 20: {0: 149, 1: 182, 2: 172, 3: 168, 4: 161, 5: 183, 6: 167, 7: 137, 8: 183, 9: 164}, 21: {0: 164, 1: 165, 2: 171, 3: 161, 4: 171, 5: 157, 6: 165, 7: 174, 8: 181, 9: 157}, 22: {0: 164, 1: 165, 2: 157, 3: 173, 4: 182, 5: 163, 6: 160, 7: 172, 8: 164, 9: 166}, 23: {0: 189, 1: 170, 2: 171, 3: 177, 4: 170, 5: 183, 6: 141, 7: 168, 8: 148, 9: 149}, 24: {0: 170, 1: 147, 2: 168, 3: 162, 4: 153, 5: 162, 6: 163, 7: 171, 8: 182, 9: 188}, 25: {0: 158, 1: 171, 2: 169, 3: 174, 4: 167, 5: 166, 6: 171, 7: 168, 8: 158, 9: 164}, 26: {0: 174, 1: 178, 2: 160, 3: 156, 4: 164, 5: 162, 6: 175, 7: 172, 8: 168, 9: 157}, 27: {0: 154, 1: 174, 2: 177, 3: 169, 4: 188, 5: 148, 6: 157, 7: 160, 8: 163, 9: 176}, 28: {0: 163, 1: 144, 2: 160, 3: 183, 4: 165, 5: 184, 6: 160, 7: 174, 8: 170, 9: 163}, 29: {0: 177, 1: 160, 2: 171, 3: 139, 4: 181, 5: 170, 6: 182, 7: 162, 8: 176, 9: 148}}
10-08 05:12 DEBUG    **************************************************
10-08 05:12 DEBUG    Running experiments 

10-08 05:56 DEBUG    ****** PDM_KL matching ******** 
10-08 05:56 DEBUG    Best Sigma0: 10. Best sigma: 1 Best gamma: 10. Best Test accuracy: 0.3816. Train acc: 0.3854. 

10-08 05:56 DEBUG    PDM_KL log: {(10, 1, 10): {'shapes': [(3072, 2891), (2891,), (2891, 10), (10,)], 'train_accuracy': 0.3854, 'test_accuracy': 0.3816}} 
10-08 07:29 DEBUG    ****** PDM_KL matching ******** 
10-08 07:29 DEBUG    Best Sigma0: 10. Best sigma: 1 Best gamma: 10. Best Test accuracy: 0.3816. Train acc: 0.3854. 

10-08 07:29 DEBUG    PDM_KL log: {(10, 1, 10): {'shapes': [(3072, 2890), (2890,), (2890, 10), (10,)], 'train_accuracy': 0.3854, 'test_accuracy': 0.3816}} 
10-08 09:00 DEBUG    ****** PDM_KL matching ******** 
10-08 09:00 DEBUG    Best Sigma0: 10. Best sigma: 1 Best gamma: 10. Best Test accuracy: 0.3816. Train acc: 0.3854. 

10-08 09:00 DEBUG    PDM_KL log: {(10, 1, 10): {'shapes': [(3072, 2890), (2890,), (2890, 10), (10,)], 'train_accuracy': 0.3854, 'test_accuracy': 0.3816}} 
10-08 10:32 DEBUG    ****** PDM_KL matching ******** 
10-08 10:32 DEBUG    Best Sigma0: 10. Best sigma: 1 Best gamma: 10. Best Test accuracy: 0.3816. Train acc: 0.3854. 

10-08 10:32 DEBUG    PDM_KL log: {(10, 1, 10): {'shapes': [(3072, 2890), (2890,), (2890, 10), (10,)], 'train_accuracy': 0.3854, 'test_accuracy': 0.3816}} 
10-08 12:04 DEBUG    ****** PDM_KL matching ******** 
10-08 12:04 DEBUG    Best Sigma0: 10. Best sigma: 1 Best gamma: 10. Best Test accuracy: 0.3816. Train acc: 0.3854. 

10-08 12:04 DEBUG    PDM_KL log: {(10, 1, 10): {'shapes': [(3072, 2885), (2885,), (2885, 10), (10,)], 'train_accuracy': 0.3854, 'test_accuracy': 0.3816}} 
10-08 13:35 DEBUG    ****** PDM_KL matching ******** 
10-08 13:35 DEBUG    Best Sigma0: 10. Best sigma: 1 Best gamma: 10. Best Test accuracy: 0.3816. Train acc: 0.3854. 

10-08 13:35 DEBUG    PDM_KL log: {(10, 1, 10): {'shapes': [(3072, 2877), (2877,), (2877, 10), (10,)], 'train_accuracy': 0.3854, 'test_accuracy': 0.3816}} 
10-08 15:04 DEBUG    ****** PDM_KL matching ******** 
10-08 15:04 DEBUG    Best Sigma0: 10. Best sigma: 1 Best gamma: 10. Best Test accuracy: 0.3812. Train acc: 0.38556. 

10-08 15:04 DEBUG    PDM_KL log: {(10, 1, 10): {'shapes': [(3072, 2774), (2774,), (2774, 10), (10,)], 'train_accuracy': 0.38556, 'test_accuracy': 0.3812}} 
10-08 15:14 DEBUG    ****** PDM_KL matching ******** 
10-08 15:14 DEBUG    Best Sigma0: 10. Best sigma: 1 Best gamma: 10. Best Test accuracy: 0.3561. Train acc: 0.35802. 

10-08 15:14 DEBUG    PDM_KL log: {(10, 1, 10): {'shapes': [(3072, 361), (361,), (361, 10), (10,)], 'train_accuracy': 0.35802, 'test_accuracy': 0.3561}} 
10-08 15:16 DEBUG    ****** PDM_KL matching ******** 
10-08 15:16 DEBUG    Best Sigma0: 10. Best sigma: 1 Best gamma: 10. Best Test accuracy: 0.2349. Train acc: 0.23178. 

10-08 15:16 DEBUG    PDM_KL log: {(10, 1, 10): {'shapes': [(3072, 100), (100,), (100, 10), (10,)], 'train_accuracy': 0.23178, 'test_accuracy': 0.2349}} 
10-08 15:18 DEBUG    ****** PDM_KL matching ******** 
10-08 15:18 DEBUG    Best Sigma0: 10. Best sigma: 1 Best gamma: 10. Best Test accuracy: 0.1. Train acc: 0.1. 

10-08 15:18 DEBUG    PDM_KL log: {(10, 1, 10): {'shapes': [(3072, 100), (100,), (100, 10), (10,)], 'train_accuracy': 0.1, 'test_accuracy': 0.1}} 
10-08 15:20 DEBUG    ****** PDM_KL matching ******** 
10-08 15:20 DEBUG    Best Sigma0: 10. Best sigma: 1 Best gamma: 10. Best Test accuracy: 0.1. Train acc: 0.1. 

10-08 15:20 DEBUG    PDM_KL log: {(10, 1, 10): {'shapes': [(3072, 100), (100,), (100, 10), (10,)], 'train_accuracy': 0.1, 'test_accuracy': 0.1}} 
10-08 15:20 DEBUG    Trial 1 completed
10-08 15:20 DEBUG    ####################################################################################################
10-08 15:20 DEBUG    ####################################################################################################
10-08 15:20 DEBUG    Executing Trial 2 with seed 2
10-08 15:20 DEBUG    Data statistics: {0: {0: 159, 1: 167, 2: 173, 3: 168, 4: 180, 5: 164, 6: 182, 7: 165, 8: 160, 9: 149}, 1: {0: 183, 1: 162, 2: 160, 3: 164, 4: 178, 5: 178, 6: 161, 7: 155, 8: 162, 9: 164}, 2: {0: 173, 1: 171, 2: 168, 3: 173, 4: 157, 5: 164, 6: 182, 7: 162, 8: 153, 9: 164}, 3: {0: 157, 1: 155, 2: 198, 3: 167, 4: 153, 5: 159, 6: 154, 7: 178, 8: 174, 9: 172}, 4: {0: 180, 1: 153, 2: 175, 3: 172, 4: 168, 5: 154, 6: 157, 7: 159, 8: 172, 9: 177}, 5: {0: 177, 1: 188, 2: 157, 3: 139, 4: 172, 5: 179, 6: 158, 7: 179, 8: 169, 9: 149}, 6: {0: 189, 1: 164, 2: 163, 3: 171, 4: 155, 5: 155, 6: 171, 7: 170, 8: 161, 9: 168}, 7: {0: 153, 1: 174, 2: 180, 3: 160, 4: 154, 5: 170, 6: 175, 7: 160, 8: 161, 9: 180}, 8: {0: 154, 1: 168, 2: 157, 3: 172, 4: 162, 5: 164, 6: 162, 7: 172, 8: 162, 9: 194}, 9: {0: 169, 1: 174, 2: 179, 3: 177, 4: 168, 5: 160, 6: 155, 7: 170, 8: 159, 9: 156}, 10: {0: 148, 1: 149, 2: 148, 3: 159, 4: 196, 5: 188, 6: 172, 7: 163, 8: 170, 9: 174}, 11: {0: 158, 1: 150, 2: 152, 3: 191, 4: 142, 5: 166, 6: 187, 7: 186, 8: 177, 9: 158}, 12: {0: 174, 1: 178, 2: 177, 3: 143, 4: 163, 5: 168, 6: 176, 7: 166, 8: 170, 9: 152}, 13: {0: 181, 1: 178, 2: 151, 3: 155, 4: 174, 5: 157, 6: 167, 7: 167, 8: 162, 9: 175}, 14: {0: 167, 1: 174, 2: 159, 3: 169, 4: 173, 5: 186, 6: 151, 7: 163, 8: 164, 9: 161}, 15: {0: 167, 1: 162, 2: 166, 3: 171, 4: 175, 5: 170, 6: 157, 7: 156, 8: 181, 9: 162}, 16: {0: 172, 1: 179, 2: 166, 3: 159, 4: 176, 5: 162, 6: 157, 7: 171, 8: 152, 9: 173}, 17: {0: 181, 1: 153, 2: 183, 3: 168, 4: 162, 5: 147, 6: 156, 7: 169, 8: 172, 9: 176}, 18: {0: 169, 1: 165, 2: 174, 3: 163, 4: 167, 5: 153, 6: 167, 7: 161, 8: 174, 9: 174}, 19: {0: 150, 1: 185, 2: 162, 3: 174, 4: 159, 5: 164, 6: 159, 7: 167, 8: 179, 9: 168}, 20: {0: 166, 1: 158, 2: 171, 3: 174, 4: 162, 5: 141, 6: 170, 7: 189, 8: 165, 9: 170}, 21: {0: 174, 1: 164, 2: 162, 3: 177, 4: 192, 5: 173, 6: 150, 7: 156, 8: 159, 9: 159}, 22: {0: 160, 1: 152, 2: 171, 3: 177, 4: 183, 5: 166, 6: 169, 7: 154, 8: 163, 9: 171}, 23: {0: 150, 1: 172, 2: 149, 3: 153, 4: 170, 5: 196, 6: 187, 7: 163, 8: 164, 9: 162}, 24: {0: 160, 1: 171, 2: 179, 3: 169, 4: 152, 5: 178, 6: 174, 7: 164, 8: 166, 9: 153}, 25: {0: 175, 1: 162, 2: 171, 3: 151, 4: 196, 5: 155, 6: 161, 7: 162, 8: 173, 9: 160}, 26: {0: 177, 1: 159, 2: 164, 3: 159, 4: 164, 5: 166, 6: 177, 7: 156, 8: 169, 9: 175}, 27: {0: 153, 1: 198, 2: 169, 3: 176, 4: 158, 5: 176, 6: 166, 7: 178, 8: 144, 9: 148}, 28: {0: 168, 1: 150, 2: 163, 3: 176, 4: 132, 5: 171, 6: 171, 7: 170, 8: 175, 9: 190}, 29: {0: 156, 1: 165, 2: 153, 3: 173, 4: 157, 5: 170, 6: 169, 7: 169, 8: 188, 9: 166}}
10-08 15:21 DEBUG    **************************************************
10-08 15:21 DEBUG    Running experiments 

10-08 16:04 DEBUG    ****** PDM_KL matching ******** 
10-08 16:04 DEBUG    Best Sigma0: 10. Best sigma: 1 Best gamma: 10. Best Test accuracy: 0.3875. Train acc: 0.38494. 

10-08 16:04 DEBUG    PDM_KL log: {(10, 1, 10): {'shapes': [(3072, 2889), (2889,), (2889, 10), (10,)], 'train_accuracy': 0.38494, 'test_accuracy': 0.3875}} 
10-08 17:37 DEBUG    ****** PDM_KL matching ******** 
10-08 17:37 DEBUG    Best Sigma0: 10. Best sigma: 1 Best gamma: 10. Best Test accuracy: 0.3875. Train acc: 0.38494. 

10-08 17:37 DEBUG    PDM_KL log: {(10, 1, 10): {'shapes': [(3072, 2889), (2889,), (2889, 10), (10,)], 'train_accuracy': 0.38494, 'test_accuracy': 0.3875}} 
10-08 19:09 DEBUG    ****** PDM_KL matching ******** 
10-08 19:09 DEBUG    Best Sigma0: 10. Best sigma: 1 Best gamma: 10. Best Test accuracy: 0.3875. Train acc: 0.38494. 

10-08 19:09 DEBUG    PDM_KL log: {(10, 1, 10): {'shapes': [(3072, 2889), (2889,), (2889, 10), (10,)], 'train_accuracy': 0.38494, 'test_accuracy': 0.3875}} 
10-08 20:41 DEBUG    ****** PDM_KL matching ******** 
10-08 20:41 DEBUG    Best Sigma0: 10. Best sigma: 1 Best gamma: 10. Best Test accuracy: 0.3875. Train acc: 0.38494. 

10-08 20:41 DEBUG    PDM_KL log: {(10, 1, 10): {'shapes': [(3072, 2887), (2887,), (2887, 10), (10,)], 'train_accuracy': 0.38494, 'test_accuracy': 0.3875}} 
10-08 22:11 DEBUG    ****** PDM_KL matching ******** 
10-08 22:11 DEBUG    Best Sigma0: 10. Best sigma: 1 Best gamma: 10. Best Test accuracy: 0.3875. Train acc: 0.38494. 

10-08 22:11 DEBUG    PDM_KL log: {(10, 1, 10): {'shapes': [(3072, 2880), (2880,), (2880, 10), (10,)], 'train_accuracy': 0.38494, 'test_accuracy': 0.3875}} 
10-08 23:39 DEBUG    ****** PDM_KL matching ******** 
10-08 23:39 DEBUG    Best Sigma0: 10. Best sigma: 1 Best gamma: 10. Best Test accuracy: 0.3875. Train acc: 0.38494. 

10-08 23:39 DEBUG    PDM_KL log: {(10, 1, 10): {'shapes': [(3072, 2875), (2875,), (2875, 10), (10,)], 'train_accuracy': 0.38494, 'test_accuracy': 0.3875}} 
10-09 01:06 DEBUG    ****** PDM_KL matching ******** 
10-09 01:06 DEBUG    Best Sigma0: 10. Best sigma: 1 Best gamma: 10. Best Test accuracy: 0.3863. Train acc: 0.38434. 

10-09 01:06 DEBUG    PDM_KL log: {(10, 1, 10): {'shapes': [(3072, 2723), (2723,), (2723, 10), (10,)], 'train_accuracy': 0.38434, 'test_accuracy': 0.3863}} 
10-09 01:17 DEBUG    ****** PDM_KL matching ******** 
10-09 01:17 DEBUG    Best Sigma0: 10. Best sigma: 1 Best gamma: 10. Best Test accuracy: 0.2955. Train acc: 0.3043. 

10-09 01:17 DEBUG    PDM_KL log: {(10, 1, 10): {'shapes': [(3072, 361), (361,), (361, 10), (10,)], 'train_accuracy': 0.3043, 'test_accuracy': 0.2955}} 
10-09 01:19 DEBUG    ****** PDM_KL matching ******** 
10-09 01:19 DEBUG    Best Sigma0: 10. Best sigma: 1 Best gamma: 10. Best Test accuracy: 0.249. Train acc: 0.25186. 

10-09 01:19 DEBUG    PDM_KL log: {(10, 1, 10): {'shapes': [(3072, 100), (100,), (100, 10), (10,)], 'train_accuracy': 0.25186, 'test_accuracy': 0.249}} 
10-09 01:22 DEBUG    ****** PDM_KL matching ******** 
10-09 01:22 DEBUG    Best Sigma0: 10. Best sigma: 1 Best gamma: 10. Best Test accuracy: 0.1. Train acc: 0.1. 

10-09 01:22 DEBUG    PDM_KL log: {(10, 1, 10): {'shapes': [(3072, 100), (100,), (100, 10), (10,)], 'train_accuracy': 0.1, 'test_accuracy': 0.1}} 
10-09 01:24 DEBUG    ****** PDM_KL matching ******** 
10-09 01:24 DEBUG    Best Sigma0: 10. Best sigma: 1 Best gamma: 10. Best Test accuracy: 0.1. Train acc: 0.1. 

10-09 01:24 DEBUG    PDM_KL log: {(10, 1, 10): {'shapes': [(3072, 100), (100,), (100, 10), (10,)], 'train_accuracy': 0.1, 'test_accuracy': 0.1}} 
10-09 01:24 DEBUG    Trial 2 completed
10-09 01:24 DEBUG    ####################################################################################################
10-09 01:24 DEBUG    ####################################################################################################
10-09 01:24 DEBUG    Executing Trial 3 with seed 3
10-09 01:24 DEBUG    Data statistics: {0: {0: 159, 1: 162, 2: 175, 3: 160, 4: 153, 5: 177, 6: 176, 7: 170, 8: 166, 9: 169}, 1: {0: 168, 1: 177, 2: 163, 3: 164, 4: 145, 5: 163, 6: 173, 7: 178, 8: 161, 9: 175}, 2: {0: 161, 1: 154, 2: 177, 3: 175, 4: 155, 5: 165, 6: 177, 7: 164, 8: 171, 9: 168}, 3: {0: 182, 1: 161, 2: 167, 3: 158, 4: 149, 5: 171, 6: 163, 7: 184, 8: 156, 9: 176}, 4: {0: 173, 1: 143, 2: 176, 3: 171, 4: 163, 5: 168, 6: 180, 7: 168, 8: 155, 9: 170}, 5: {0: 189, 1: 154, 2: 175, 3: 167, 4: 153, 5: 162, 6: 174, 7: 176, 8: 161, 9: 156}, 6: {0: 170, 1: 166, 2: 151, 3: 181, 4: 175, 5: 163, 6: 169, 7: 174, 8: 175, 9: 143}, 7: {0: 174, 1: 179, 2: 160, 3: 174, 4: 162, 5: 172, 6: 162, 7: 168, 8: 166, 9: 150}, 8: {0: 169, 1: 160, 2: 179, 3: 165, 4: 145, 5: 169, 6: 176, 7: 164, 8: 161, 9: 179}, 9: {0: 146, 1: 181, 2: 149, 3: 175, 4: 171, 5: 185, 6: 172, 7: 178, 8: 142, 9: 168}, 10: {0: 165, 1: 190, 2: 178, 3: 157, 4: 152, 5: 151, 6: 179, 7: 158, 8: 177, 9: 160}, 11: {0: 154, 1: 155, 2: 187, 3: 180, 4: 172, 5: 147, 6: 161, 7: 177, 8: 163, 9: 171}, 12: {0: 180, 1: 161, 2: 166, 3: 167, 4: 179, 5: 172, 6: 146, 7: 164, 8: 165, 9: 167}, 13: {0: 184, 1: 180, 2: 159, 3: 144, 4: 170, 5: 165, 6: 170, 7: 166, 8: 177, 9: 152}, 14: {0: 166, 1: 170, 2: 162, 3: 196, 4: 156, 5: 141, 6: 165, 7: 152, 8: 200, 9: 159}, 15: {0: 156, 1: 171, 2: 181, 3: 145, 4: 164, 5: 190, 6: 173, 7: 142, 8: 183, 9: 162}, 16: {0: 163, 1: 139, 2: 160, 3: 162, 4: 181, 5: 174, 6: 164, 7: 172, 8: 173, 9: 179}, 17: {0: 153, 1: 192, 2: 155, 3: 163, 4: 152, 5: 200, 6: 161, 7: 151, 8: 161, 9: 179}, 18: {0: 167, 1: 167, 2: 154, 3: 152, 4: 177, 5: 192, 6: 173, 7: 153, 8: 154, 9: 178}, 19: {0: 175, 1: 172, 2: 173, 3: 173, 4: 162, 5: 168, 6: 155, 7: 145, 8: 178, 9: 166}, 20: {0: 158, 1: 175, 2: 151, 3: 190, 4: 170, 5: 172, 6: 150, 7: 186, 8: 162, 9: 152}, 21: {0: 152, 1: 178, 2: 161, 3: 173, 4: 157, 5: 166, 6: 168, 7: 162, 8: 187, 9: 162}, 22: {0: 154, 1: 166, 2: 157, 3: 177, 4: 169, 5: 150, 6: 174, 7: 167, 8: 176, 9: 176}, 23: {0: 186, 1: 166, 2: 172, 3: 156, 4: 179, 5: 170, 6: 163, 7: 157, 8: 145, 9: 172}, 24: {0: 160, 1: 172, 2: 170, 3: 148, 4: 161, 5: 150, 6: 175, 7: 164, 8: 177, 9: 189}, 25: {0: 174, 1: 184, 2: 173, 3: 144, 4: 202, 5: 161, 6: 155, 7: 167, 8: 136, 9: 170}, 26: {0: 185, 1: 157, 2: 159, 3: 173, 4: 171, 5: 153, 6: 161, 7: 166, 8: 171, 9: 170}, 27: {0: 166, 1: 161, 2: 184, 3: 179, 4: 185, 5: 163, 6: 146, 7: 171, 8: 149, 9: 162}, 28: {0: 143, 1: 159, 2: 169, 3: 166, 4: 193, 5: 152, 6: 171, 7: 178, 8: 168, 9: 167}, 29: {0: 168, 1: 148, 2: 157, 3: 165, 4: 177, 5: 168, 6: 168, 7: 178, 8: 184, 9: 153}}
10-09 01:25 DEBUG    **************************************************
10-09 01:25 DEBUG    Running experiments 

10-09 02:09 DEBUG    ****** PDM_KL matching ******** 
10-09 02:09 DEBUG    Best Sigma0: 10. Best sigma: 1 Best gamma: 10. Best Test accuracy: 0.3782. Train acc: 0.38318. 

10-09 02:09 DEBUG    PDM_KL log: {(10, 1, 10): {'shapes': [(3072, 2869), (2869,), (2869, 10), (10,)], 'train_accuracy': 0.38318, 'test_accuracy': 0.3782}} 
10-09 03:41 DEBUG    ****** PDM_KL matching ******** 
10-09 03:41 DEBUG    Best Sigma0: 10. Best sigma: 1 Best gamma: 10. Best Test accuracy: 0.3782. Train acc: 0.38318. 

10-09 03:41 DEBUG    PDM_KL log: {(10, 1, 10): {'shapes': [(3072, 2868), (2868,), (2868, 10), (10,)], 'train_accuracy': 0.38318, 'test_accuracy': 0.3782}} 
10-09 05:11 DEBUG    ****** PDM_KL matching ******** 
10-09 05:11 DEBUG    Best Sigma0: 10. Best sigma: 1 Best gamma: 10. Best Test accuracy: 0.3782. Train acc: 0.38318. 

10-09 05:11 DEBUG    PDM_KL log: {(10, 1, 10): {'shapes': [(3072, 2868), (2868,), (2868, 10), (10,)], 'train_accuracy': 0.38318, 'test_accuracy': 0.3782}} 
10-09 06:27 DEBUG    ****** PDM_KL matching ******** 
10-09 06:27 DEBUG    Best Sigma0: 10. Best sigma: 1 Best gamma: 10. Best Test accuracy: 0.3782. Train acc: 0.38318. 

10-09 06:27 DEBUG    PDM_KL log: {(10, 1, 10): {'shapes': [(3072, 2867), (2867,), (2867, 10), (10,)], 'train_accuracy': 0.38318, 'test_accuracy': 0.3782}} 
10-09 07:31 DEBUG    ****** PDM_KL matching ******** 
10-09 07:31 DEBUG    Best Sigma0: 10. Best sigma: 1 Best gamma: 10. Best Test accuracy: 0.3782. Train acc: 0.38318. 

10-09 07:31 DEBUG    PDM_KL log: {(10, 1, 10): {'shapes': [(3072, 2866), (2866,), (2866, 10), (10,)], 'train_accuracy': 0.38318, 'test_accuracy': 0.3782}} 
10-09 08:35 DEBUG    ****** PDM_KL matching ******** 
10-09 08:35 DEBUG    Best Sigma0: 10. Best sigma: 1 Best gamma: 10. Best Test accuracy: 0.3782. Train acc: 0.38318. 

10-09 08:35 DEBUG    PDM_KL log: {(10, 1, 10): {'shapes': [(3072, 2857), (2857,), (2857, 10), (10,)], 'train_accuracy': 0.38318, 'test_accuracy': 0.3782}} 
10-09 09:37 DEBUG    ****** PDM_KL matching ******** 
10-09 09:37 DEBUG    Best Sigma0: 10. Best sigma: 1 Best gamma: 10. Best Test accuracy: 0.3775. Train acc: 0.38208. 

10-09 09:37 DEBUG    PDM_KL log: {(10, 1, 10): {'shapes': [(3072, 2706), (2706,), (2706, 10), (10,)], 'train_accuracy': 0.38208, 'test_accuracy': 0.3775}} 
10-09 09:44 DEBUG    ****** PDM_KL matching ******** 
10-09 09:44 DEBUG    Best Sigma0: 10. Best sigma: 1 Best gamma: 10. Best Test accuracy: 0.3317. Train acc: 0.33724. 

10-09 09:44 DEBUG    PDM_KL log: {(10, 1, 10): {'shapes': [(3072, 361), (361,), (361, 10), (10,)], 'train_accuracy': 0.33724, 'test_accuracy': 0.3317}} 
10-09 09:46 DEBUG    ****** PDM_KL matching ******** 
10-09 09:46 DEBUG    Best Sigma0: 10. Best sigma: 1 Best gamma: 10. Best Test accuracy: 0.2875. Train acc: 0.28976. 

10-09 09:46 DEBUG    PDM_KL log: {(10, 1, 10): {'shapes': [(3072, 100), (100,), (100, 10), (10,)], 'train_accuracy': 0.28976, 'test_accuracy': 0.2875}} 
10-09 09:48 DEBUG    ****** PDM_KL matching ******** 
10-09 09:48 DEBUG    Best Sigma0: 10. Best sigma: 1 Best gamma: 10. Best Test accuracy: 0.1. Train acc: 0.1. 

10-09 09:48 DEBUG    PDM_KL log: {(10, 1, 10): {'shapes': [(3072, 100), (100,), (100, 10), (10,)], 'train_accuracy': 0.1, 'test_accuracy': 0.1}} 
10-09 09:50 DEBUG    ****** PDM_KL matching ******** 
10-09 09:50 DEBUG    Best Sigma0: 10. Best sigma: 1 Best gamma: 10. Best Test accuracy: 0.1. Train acc: 0.1. 

10-09 09:50 DEBUG    PDM_KL log: {(10, 1, 10): {'shapes': [(3072, 100), (100,), (100, 10), (10,)], 'train_accuracy': 0.1, 'test_accuracy': 0.1}} 
10-09 09:50 DEBUG    Trial 3 completed
10-09 09:50 DEBUG    ####################################################################################################
10-09 09:50 DEBUG    ####################################################################################################
10-09 09:50 DEBUG    Executing Trial 4 with seed 4
10-09 09:50 DEBUG    Data statistics: {0: {0: 170, 1: 169, 2: 148, 3: 169, 4: 154, 5: 164, 6: 179, 7: 162, 8: 180, 9: 172}, 1: {0: 155, 1: 165, 2: 170, 3: 156, 4: 165, 5: 164, 6: 166, 7: 186, 8: 172, 9: 168}, 2: {0: 168, 1: 176, 2: 185, 3: 156, 4: 174, 5: 158, 6: 167, 7: 175, 8: 126, 9: 182}, 3: {0: 173, 1: 164, 2: 144, 3: 205, 4: 148, 5: 173, 6: 169, 7: 166, 8: 151, 9: 174}, 4: {0: 183, 1: 179, 2: 159, 3: 157, 4: 156, 5: 183, 6: 169, 7: 159, 8: 171, 9: 151}, 5: {0: 184, 1: 174, 2: 168, 3: 142, 4: 169, 5: 162, 6: 170, 7: 165, 8: 160, 9: 173}, 6: {0: 160, 1: 165, 2: 157, 3: 153, 4: 191, 5: 184, 6: 176, 7: 156, 8: 177, 9: 148}, 7: {0: 163, 1: 166, 2: 152, 3: 158, 4: 169, 5: 161, 6: 168, 7: 178, 8: 182, 9: 170}, 8: {0: 165, 1: 159, 2: 174, 3: 161, 4: 179, 5: 168, 6: 168, 7: 167, 8: 161, 9: 165}, 9: {0: 186, 1: 167, 2: 189, 3: 181, 4: 161, 5: 162, 6: 179, 7: 150, 8: 130, 9: 162}, 10: {0: 171, 1: 157, 2: 163, 3: 152, 4: 162, 5: 155, 6: 197, 7: 159, 8: 175, 9: 176}, 11: {0: 176, 1: 178, 2: 176, 3: 151, 4: 168, 5: 159, 6: 193, 7: 179, 8: 160, 9: 127}, 12: {0: 152, 1: 176, 2: 192, 3: 166, 4: 169, 5: 174, 6: 160, 7: 161, 8: 165, 9: 152}, 13: {0: 167, 1: 168, 2: 164, 3: 176, 4: 194, 5: 170, 6: 149, 7: 151, 8: 159, 9: 169}, 14: {0: 155, 1: 181, 2: 158, 3: 183, 4: 153, 5: 165, 6: 159, 7: 182, 8: 163, 9: 168}, 15: {0: 177, 1: 156, 2: 149, 3: 179, 4: 172, 5: 181, 6: 150, 7: 156, 8: 182, 9: 165}, 16: {0: 169, 1: 167, 2: 172, 3: 188, 4: 144, 5: 157, 6: 145, 7: 170, 8: 171, 9: 184}, 17: {0: 166, 1: 153, 2: 197, 3: 167, 4: 147, 5: 178, 6: 162, 7: 163, 8: 187, 9: 147}, 18: {0: 162, 1: 181, 2: 165, 3: 165, 4: 171, 5: 175, 6: 168, 7: 159, 8: 151, 9: 170}, 19: {0: 156, 1: 160, 2: 172, 3: 167, 4: 167, 5: 167, 6: 162, 7: 176, 8: 170, 9: 170}, 20: {0: 154, 1: 162, 2: 149, 3: 183, 4: 155, 5: 170, 6: 170, 7: 172, 8: 174, 9: 177}, 21: {0: 192, 1: 156, 2: 157, 3: 163, 4: 178, 5: 168, 6: 158, 7: 164, 8: 160, 9: 170}, 22: {0: 160, 1: 159, 2: 158, 3: 150, 4: 184, 5: 165, 6: 172, 7: 165, 8: 173, 9: 180}, 23: {0: 165, 1: 158, 2: 174, 3: 175, 4: 163, 5: 158, 6: 150, 7: 177, 8: 168, 9: 178}, 24: {0: 170, 1: 156, 2: 161, 3: 161, 4: 173, 5: 159, 6: 153, 7: 184, 8: 187, 9: 162}, 25: {0: 159, 1: 159, 2: 177, 3: 175, 4: 169, 5: 155, 6: 157, 7: 168, 8: 172, 9: 175}, 26: {0: 165, 1: 181, 2: 151, 3: 154, 4: 172, 5: 193, 6: 165, 7: 167, 8: 165, 9: 153}, 27: {0: 151, 1: 166, 2: 188, 3: 165, 4: 168, 5: 154, 6: 168, 7: 168, 8: 170, 9: 168}, 28: {0: 176, 1: 172, 2: 166, 3: 177, 4: 172, 5: 140, 6: 171, 7: 162, 8: 166, 9: 164}, 29: {0: 150, 1: 170, 2: 165, 3: 165, 4: 153, 5: 178, 6: 180, 7: 153, 8: 172, 9: 180}}
10-09 09:51 DEBUG    **************************************************
10-09 09:51 DEBUG    Running experiments 

10-09 10:23 DEBUG    ****** PDM_KL matching ******** 
10-09 10:23 DEBUG    Best Sigma0: 10. Best sigma: 1 Best gamma: 10. Best Test accuracy: 0.3813. Train acc: 0.3819. 

10-09 10:23 DEBUG    PDM_KL log: {(10, 1, 10): {'shapes': [(3072, 2893), (2893,), (2893, 10), (10,)], 'train_accuracy': 0.3819, 'test_accuracy': 0.3813}} 
10-09 11:29 DEBUG    ****** PDM_KL matching ******** 
10-09 11:29 DEBUG    Best Sigma0: 10. Best sigma: 1 Best gamma: 10. Best Test accuracy: 0.3813. Train acc: 0.3819. 

10-09 11:29 DEBUG    PDM_KL log: {(10, 1, 10): {'shapes': [(3072, 2893), (2893,), (2893, 10), (10,)], 'train_accuracy': 0.3819, 'test_accuracy': 0.3813}} 
10-09 12:34 DEBUG    ****** PDM_KL matching ******** 
10-09 12:34 DEBUG    Best Sigma0: 10. Best sigma: 1 Best gamma: 10. Best Test accuracy: 0.3813. Train acc: 0.3819. 

10-09 12:34 DEBUG    PDM_KL log: {(10, 1, 10): {'shapes': [(3072, 2893), (2893,), (2893, 10), (10,)], 'train_accuracy': 0.3819, 'test_accuracy': 0.3813}} 
10-09 13:39 DEBUG    ****** PDM_KL matching ******** 
10-09 13:39 DEBUG    Best Sigma0: 10. Best sigma: 1 Best gamma: 10. Best Test accuracy: 0.3813. Train acc: 0.3819. 

10-09 13:39 DEBUG    PDM_KL log: {(10, 1, 10): {'shapes': [(3072, 2893), (2893,), (2893, 10), (10,)], 'train_accuracy': 0.3819, 'test_accuracy': 0.3813}} 
10-09 14:44 DEBUG    ****** PDM_KL matching ******** 
10-09 14:44 DEBUG    Best Sigma0: 10. Best sigma: 1 Best gamma: 10. Best Test accuracy: 0.3813. Train acc: 0.3819. 

10-09 14:44 DEBUG    PDM_KL log: {(10, 1, 10): {'shapes': [(3072, 2891), (2891,), (2891, 10), (10,)], 'train_accuracy': 0.3819, 'test_accuracy': 0.3813}} 
10-09 15:48 DEBUG    ****** PDM_KL matching ******** 
10-09 15:48 DEBUG    Best Sigma0: 10. Best sigma: 1 Best gamma: 10. Best Test accuracy: 0.3813. Train acc: 0.3819. 

10-09 15:48 DEBUG    PDM_KL log: {(10, 1, 10): {'shapes': [(3072, 2888), (2888,), (2888, 10), (10,)], 'train_accuracy': 0.3819, 'test_accuracy': 0.3813}} 
10-09 16:50 DEBUG    ****** PDM_KL matching ******** 
10-09 16:50 DEBUG    Best Sigma0: 10. Best sigma: 1 Best gamma: 10. Best Test accuracy: 0.381. Train acc: 0.3821. 

10-09 16:50 DEBUG    PDM_KL log: {(10, 1, 10): {'shapes': [(3072, 2769), (2769,), (2769, 10), (10,)], 'train_accuracy': 0.3821, 'test_accuracy': 0.381}} 
10-09 16:57 DEBUG    ****** PDM_KL matching ******** 
10-09 16:57 DEBUG    Best Sigma0: 10. Best sigma: 1 Best gamma: 10. Best Test accuracy: 0.3249. Train acc: 0.32942. 

10-09 16:57 DEBUG    PDM_KL log: {(10, 1, 10): {'shapes': [(3072, 361), (361,), (361, 10), (10,)], 'train_accuracy': 0.32942, 'test_accuracy': 0.3249}} 
10-09 16:59 DEBUG    ****** PDM_KL matching ******** 
10-09 16:59 DEBUG    Best Sigma0: 10. Best sigma: 1 Best gamma: 10. Best Test accuracy: 0.2588. Train acc: 0.25848. 

10-09 16:59 DEBUG    PDM_KL log: {(10, 1, 10): {'shapes': [(3072, 100), (100,), (100, 10), (10,)], 'train_accuracy': 0.25848, 'test_accuracy': 0.2588}} 
10-09 17:01 DEBUG    ****** PDM_KL matching ******** 
10-09 17:01 DEBUG    Best Sigma0: 10. Best sigma: 1 Best gamma: 10. Best Test accuracy: 0.1. Train acc: 0.1. 

10-09 17:01 DEBUG    PDM_KL log: {(10, 1, 10): {'shapes': [(3072, 100), (100,), (100, 10), (10,)], 'train_accuracy': 0.1, 'test_accuracy': 0.1}} 
10-09 17:03 DEBUG    ****** PDM_KL matching ******** 
10-09 17:03 DEBUG    Best Sigma0: 10. Best sigma: 1 Best gamma: 10. Best Test accuracy: 0.1. Train acc: 0.1. 

10-09 17:03 DEBUG    PDM_KL log: {(10, 1, 10): {'shapes': [(3072, 100), (100,), (100, 10), (10,)], 'train_accuracy': 0.1, 'test_accuracy': 0.1}} 
10-09 17:03 DEBUG    Trial 4 completed
10-09 17:03 DEBUG    ####################################################################################################
10-09 17:03 DEBUG    ####################################################################################################
10-09 17:03 DEBUG    Executing Trial 5 with seed 5
10-09 17:03 DEBUG    Data statistics: {0: {0: 191, 1: 166, 2: 153, 3: 179, 4: 160, 5: 176, 6: 171, 7: 161, 8: 143, 9: 167}, 1: {0: 159, 1: 162, 2: 191, 3: 154, 4: 156, 5: 162, 6: 176, 7: 160, 8: 181, 9: 166}, 2: {0: 157, 1: 153, 2: 183, 3: 177, 4: 164, 5: 165, 6: 174, 7: 169, 8: 173, 9: 152}, 3: {0: 164, 1: 161, 2: 163, 3: 172, 4: 168, 5: 164, 6: 165, 7: 156, 8: 170, 9: 184}, 4: {0: 168, 1: 172, 2: 151, 3: 184, 4: 151, 5: 160, 6: 153, 7: 174, 8: 171, 9: 183}, 5: {0: 157, 1: 147, 2: 162, 3: 188, 4: 171, 5: 191, 6: 153, 7: 162, 8: 171, 9: 165}, 6: {0: 155, 1: 176, 2: 144, 3: 165, 4: 180, 5: 173, 6: 172, 7: 158, 8: 175, 9: 169}, 7: {0: 162, 1: 187, 2: 169, 3: 179, 4: 164, 5: 154, 6: 161, 7: 155, 8: 162, 9: 174}, 8: {0: 188, 1: 149, 2: 175, 3: 165, 4: 150, 5: 173, 6: 167, 7: 154, 8: 173, 9: 173}, 9: {0: 158, 1: 181, 2: 154, 3: 160, 4: 178, 5: 170, 6: 162, 7: 177, 8: 168, 9: 159}, 10: {0: 153, 1: 154, 2: 169, 3: 163, 4: 176, 5: 160, 6: 171, 7: 176, 8: 171, 9: 174}, 11: {0: 160, 1: 175, 2: 183, 3: 166, 4: 155, 5: 156, 6: 163, 7: 184, 8: 172, 9: 153}, 12: {0: 151, 1: 170, 2: 165, 3: 185, 4: 169, 5: 146, 6: 178, 7: 179, 8: 167, 9: 157}, 13: {0: 189, 1: 181, 2: 153, 3: 158, 4: 162, 5: 181, 6: 164, 7: 158, 8: 171, 9: 150}, 14: {0: 180, 1: 157, 2: 143, 3: 161, 4: 203, 5: 147, 6: 159, 7: 180, 8: 157, 9: 180}, 15: {0: 166, 1: 167, 2: 177, 3: 156, 4: 169, 5: 170, 6: 182, 7: 156, 8: 170, 9: 154}, 16: {0: 196, 1: 168, 2: 169, 3: 153, 4: 179, 5: 192, 6: 137, 7: 184, 8: 133, 9: 156}, 17: {0: 191, 1: 166, 2: 168, 3: 154, 4: 167, 5: 161, 6: 156, 7: 168, 8: 169, 9: 167}, 18: {0: 183, 1: 170, 2: 158, 3: 162, 4: 178, 5: 163, 6: 178, 7: 158, 8: 137, 9: 180}, 19: {0: 171, 1: 170, 2: 166, 3: 171, 4: 149, 5: 171, 6: 162, 7: 161, 8: 164, 9: 182}, 20: {0: 161, 1: 165, 2: 183, 3: 142, 4: 165, 5: 168, 6: 167, 7: 165, 8: 175, 9: 175}, 21: {0: 148, 1: 156, 2: 185, 3: 152, 4: 158, 5: 158, 6: 176, 7: 186, 8: 182, 9: 165}, 22: {0: 155, 1: 185, 2: 171, 3: 163, 4: 167, 5: 175, 6: 176, 7: 155, 8: 155, 9: 164}, 23: {0: 176, 1: 153, 2: 168, 3: 173, 4: 162, 5: 171, 6: 190, 7: 169, 8: 170, 9: 134}, 24: {0: 162, 1: 171, 2: 159, 3: 175, 4: 174, 5: 158, 6: 163, 7: 167, 8: 165, 9: 172}, 25: {0: 138, 1: 147, 2: 152, 3: 180, 4: 158, 5: 175, 6: 176, 7: 184, 8: 173, 9: 183}, 26: {0: 150, 1: 185, 2: 155, 3: 167, 4: 152, 5: 175, 6: 170, 7: 161, 8: 189, 9: 162}, 27: {0: 173, 1: 172, 2: 179, 3: 156, 4: 175, 5: 172, 6: 163, 7: 152, 8: 153, 9: 171}, 28: {0: 149, 1: 180, 2: 176, 3: 162, 4: 162, 5: 171, 6: 152, 7: 172, 8: 153, 9: 189}, 29: {0: 189, 1: 154, 2: 176, 3: 178, 4: 178, 5: 142, 6: 163, 7: 159, 8: 187, 9: 140}}
10-09 17:04 DEBUG    **************************************************
10-09 17:04 DEBUG    Running experiments 

10-09 17:37 DEBUG    ****** PDM_KL matching ******** 
10-09 17:37 DEBUG    Best Sigma0: 10. Best sigma: 1 Best gamma: 10. Best Test accuracy: 0.3732. Train acc: 0.37884. 

10-09 17:37 DEBUG    PDM_KL log: {(10, 1, 10): {'shapes': [(3072, 2877), (2877,), (2877, 10), (10,)], 'train_accuracy': 0.37884, 'test_accuracy': 0.3732}} 
10-09 18:43 DEBUG    ****** PDM_KL matching ******** 
10-09 18:43 DEBUG    Best Sigma0: 10. Best sigma: 1 Best gamma: 10. Best Test accuracy: 0.3732. Train acc: 0.37884. 

10-09 18:43 DEBUG    PDM_KL log: {(10, 1, 10): {'shapes': [(3072, 2877), (2877,), (2877, 10), (10,)], 'train_accuracy': 0.37884, 'test_accuracy': 0.3732}} 
10-09 19:48 DEBUG    ****** PDM_KL matching ******** 
10-09 19:48 DEBUG    Best Sigma0: 10. Best sigma: 1 Best gamma: 10. Best Test accuracy: 0.3732. Train acc: 0.37884. 

10-09 19:48 DEBUG    PDM_KL log: {(10, 1, 10): {'shapes': [(3072, 2877), (2877,), (2877, 10), (10,)], 'train_accuracy': 0.37884, 'test_accuracy': 0.3732}} 
10-09 20:54 DEBUG    ****** PDM_KL matching ******** 
10-09 20:54 DEBUG    Best Sigma0: 10. Best sigma: 1 Best gamma: 10. Best Test accuracy: 0.3732. Train acc: 0.37884. 

10-09 20:54 DEBUG    PDM_KL log: {(10, 1, 10): {'shapes': [(3072, 2877), (2877,), (2877, 10), (10,)], 'train_accuracy': 0.37884, 'test_accuracy': 0.3732}} 
10-09 21:59 DEBUG    ****** PDM_KL matching ******** 
10-09 21:59 DEBUG    Best Sigma0: 10. Best sigma: 1 Best gamma: 10. Best Test accuracy: 0.3732. Train acc: 0.37884. 

10-09 21:59 DEBUG    PDM_KL log: {(10, 1, 10): {'shapes': [(3072, 2876), (2876,), (2876, 10), (10,)], 'train_accuracy': 0.37884, 'test_accuracy': 0.3732}} 
10-09 23:03 DEBUG    ****** PDM_KL matching ******** 
10-09 23:03 DEBUG    Best Sigma0: 10. Best sigma: 1 Best gamma: 10. Best Test accuracy: 0.3732. Train acc: 0.37884. 

10-09 23:03 DEBUG    PDM_KL log: {(10, 1, 10): {'shapes': [(3072, 2871), (2871,), (2871, 10), (10,)], 'train_accuracy': 0.37884, 'test_accuracy': 0.3732}} 
10-10 00:05 DEBUG    ****** PDM_KL matching ******** 
10-10 00:05 DEBUG    Best Sigma0: 10. Best sigma: 1 Best gamma: 10. Best Test accuracy: 0.3736. Train acc: 0.37828. 

10-10 00:05 DEBUG    PDM_KL log: {(10, 1, 10): {'shapes': [(3072, 2753), (2753,), (2753, 10), (10,)], 'train_accuracy': 0.37828, 'test_accuracy': 0.3736}} 
10-10 00:12 DEBUG    ****** PDM_KL matching ******** 
10-10 00:12 DEBUG    Best Sigma0: 10. Best sigma: 1 Best gamma: 10. Best Test accuracy: 0.3278. Train acc: 0.32452. 

10-10 00:12 DEBUG    PDM_KL log: {(10, 1, 10): {'shapes': [(3072, 361), (361,), (361, 10), (10,)], 'train_accuracy': 0.32452, 'test_accuracy': 0.3278}} 
10-10 00:15 DEBUG    ****** PDM_KL matching ******** 
10-10 00:15 DEBUG    Best Sigma0: 10. Best sigma: 1 Best gamma: 10. Best Test accuracy: 0.2565. Train acc: 0.25672. 

10-10 00:15 DEBUG    PDM_KL log: {(10, 1, 10): {'shapes': [(3072, 100), (100,), (100, 10), (10,)], 'train_accuracy': 0.25672, 'test_accuracy': 0.2565}} 
10-10 00:17 DEBUG    ****** PDM_KL matching ******** 
10-10 00:17 DEBUG    Best Sigma0: 10. Best sigma: 1 Best gamma: 10. Best Test accuracy: 0.1. Train acc: 0.1. 

10-10 00:17 DEBUG    PDM_KL log: {(10, 1, 10): {'shapes': [(3072, 100), (100,), (100, 10), (10,)], 'train_accuracy': 0.1, 'test_accuracy': 0.1}} 
10-10 00:18 DEBUG    ****** PDM_KL matching ******** 
10-10 00:18 DEBUG    Best Sigma0: 10. Best sigma: 1 Best gamma: 10. Best Test accuracy: 0.1. Train acc: 0.1. 

10-10 00:18 DEBUG    PDM_KL log: {(10, 1, 10): {'shapes': [(3072, 100), (100,), (100, 10), (10,)], 'train_accuracy': 0.1, 'test_accuracy': 0.1}} 
10-10 00:18 DEBUG    Trial 5 completed
10-10 00:18 DEBUG    ####################################################################################################
10-10 00:18 DEBUG    ####################################################################################################
10-10 00:18 DEBUG    Executing Trial 6 with seed 6
10-10 00:18 DEBUG    Data statistics: {0: {0: 180, 1: 150, 2: 156, 3: 175, 4: 171, 5: 167, 6: 176, 7: 163, 8: 171, 9: 158}, 1: {0: 179, 1: 173, 2: 165, 3: 151, 4: 159, 5: 167, 6: 171, 7: 171, 8: 169, 9: 162}, 2: {0: 166, 1: 169, 2: 156, 3: 160, 4: 178, 5: 161, 6: 177, 7: 147, 8: 170, 9: 183}, 3: {0: 164, 1: 172, 2: 158, 3: 164, 4: 162, 5: 158, 6: 159, 7: 166, 8: 165, 9: 199}, 4: {0: 163, 1: 184, 2: 154, 3: 171, 4: 181, 5: 153, 6: 179, 7: 151, 8: 164, 9: 167}, 5: {0: 165, 1: 159, 2: 158, 3: 172, 4: 180, 5: 193, 6: 148, 7: 165, 8: 182, 9: 145}, 6: {0: 167, 1: 167, 2: 157, 3: 165, 4: 188, 5: 168, 6: 172, 7: 151, 8: 163, 9: 169}, 7: {0: 176, 1: 157, 2: 164, 3: 183, 4: 156, 5: 156, 6: 167, 7: 162, 8: 186, 9: 160}, 8: {0: 170, 1: 162, 2: 160, 3: 164, 4: 136, 5: 186, 6: 174, 7: 166, 8: 166, 9: 183}, 9: {0: 149, 1: 165, 2: 163, 3: 164, 4: 181, 5: 168, 6: 170, 7: 189, 8: 171, 9: 147}, 10: {0: 157, 1: 152, 2: 189, 3: 169, 4: 183, 5: 172, 6: 153, 7: 152, 8: 187, 9: 153}, 11: {0: 161, 1: 155, 2: 178, 3: 162, 4: 150, 5: 174, 6: 145, 7: 172, 8: 162, 9: 208}, 12: {0: 168, 1: 165, 2: 174, 3: 167, 4: 179, 5: 151, 6: 180, 7: 156, 8: 176, 9: 151}, 13: {0: 176, 1: 159, 2: 182, 3: 169, 4: 174, 5: 151, 6: 164, 7: 172, 8: 162, 9: 158}, 14: {0: 156, 1: 170, 2: 139, 3: 183, 4: 181, 5: 158, 6: 181, 7: 158, 8: 177, 9: 164}, 15: {0: 172, 1: 160, 2: 174, 3: 164, 4: 148, 5: 163, 6: 171, 7: 186, 8: 169, 9: 160}, 16: {0: 171, 1: 169, 2: 170, 3: 167, 4: 166, 5: 166, 6: 172, 7: 150, 8: 165, 9: 171}, 17: {0: 165, 1: 162, 2: 164, 3: 181, 4: 153, 5: 185, 6: 181, 7: 155, 8: 160, 9: 161}, 18: {0: 162, 1: 152, 2: 180, 3: 150, 4: 153, 5: 181, 6: 169, 7: 188, 8: 164, 9: 168}, 19: {0: 149, 1: 184, 2: 163, 3: 180, 4: 146, 5: 178, 6: 169, 7: 166, 8: 166, 9: 166}, 20: {0: 158, 1: 171, 2: 189, 3: 177, 4: 141, 5: 150, 6: 172, 7: 166, 8: 170, 9: 172}, 21: {0: 189, 1: 153, 2: 180, 3: 152, 4: 164, 5: 163, 6: 152, 7: 190, 8: 171, 9: 152}, 22: {0: 158, 1: 188, 2: 151, 3: 152, 4: 173, 5: 171, 6: 159, 7: 173, 8: 165, 9: 176}, 23: {0: 193, 1: 170, 2: 168, 3: 147, 4: 169, 5: 167, 6: 153, 7: 166, 8: 139, 9: 194}, 24: {0: 160, 1: 165, 2: 171, 3: 164, 4: 169, 5: 181, 6: 141, 7: 174, 8: 171, 9: 170}, 25: {0: 170, 1: 168, 2: 163, 3: 195, 4: 174, 5: 146, 6: 176, 7: 167, 8: 154, 9: 153}, 26: {0: 166, 1: 164, 2: 163, 3: 159, 4: 168, 5: 170, 6: 175, 7: 167, 8: 171, 9: 163}, 27: {0: 175, 1: 168, 2: 161, 3: 162, 4: 175, 5: 166, 6: 169, 7: 181, 8: 147, 9: 162}, 28: {0: 157, 1: 180, 2: 176, 3: 158, 4: 186, 5: 161, 6: 164, 7: 148, 8: 150, 9: 186}, 29: {0: 158, 1: 187, 2: 174, 3: 173, 4: 156, 5: 169, 6: 161, 7: 182, 8: 167, 9: 139}}
10-10 00:20 DEBUG    **************************************************
10-10 00:20 DEBUG    Running experiments 

10-10 00:51 DEBUG    ****** PDM_KL matching ******** 
10-10 00:51 DEBUG    Best Sigma0: 10. Best sigma: 1 Best gamma: 10. Best Test accuracy: 0.384. Train acc: 0.38246. 

10-10 00:51 DEBUG    PDM_KL log: {(10, 1, 10): {'shapes': [(3072, 2889), (2889,), (2889, 10), (10,)], 'train_accuracy': 0.38246, 'test_accuracy': 0.384}} 
10-10 01:56 DEBUG    ****** PDM_KL matching ******** 
10-10 01:56 DEBUG    Best Sigma0: 10. Best sigma: 1 Best gamma: 10. Best Test accuracy: 0.384. Train acc: 0.38246. 

10-10 01:56 DEBUG    PDM_KL log: {(10, 1, 10): {'shapes': [(3072, 2889), (2889,), (2889, 10), (10,)], 'train_accuracy': 0.38246, 'test_accuracy': 0.384}} 
10-10 03:01 DEBUG    ****** PDM_KL matching ******** 
10-10 03:01 DEBUG    Best Sigma0: 10. Best sigma: 1 Best gamma: 10. Best Test accuracy: 0.384. Train acc: 0.38246. 

10-10 03:01 DEBUG    PDM_KL log: {(10, 1, 10): {'shapes': [(3072, 2888), (2888,), (2888, 10), (10,)], 'train_accuracy': 0.38246, 'test_accuracy': 0.384}} 
10-10 04:03 DEBUG    ****** PDM_KL matching ******** 
10-10 04:03 DEBUG    Best Sigma0: 10. Best sigma: 1 Best gamma: 10. Best Test accuracy: 0.384. Train acc: 0.38246. 

10-10 04:03 DEBUG    PDM_KL log: {(10, 1, 10): {'shapes': [(3072, 2887), (2887,), (2887, 10), (10,)], 'train_accuracy': 0.38246, 'test_accuracy': 0.384}} 
10-10 04:59 DEBUG    ****** PDM_KL matching ******** 
10-10 04:59 DEBUG    Best Sigma0: 10. Best sigma: 1 Best gamma: 10. Best Test accuracy: 0.384. Train acc: 0.38246. 

10-10 04:59 DEBUG    PDM_KL log: {(10, 1, 10): {'shapes': [(3072, 2880), (2880,), (2880, 10), (10,)], 'train_accuracy': 0.38246, 'test_accuracy': 0.384}} 
10-10 05:44 DEBUG    ****** PDM_KL matching ******** 
10-10 05:44 DEBUG    Best Sigma0: 10. Best sigma: 1 Best gamma: 10. Best Test accuracy: 0.384. Train acc: 0.38246. 

10-10 05:44 DEBUG    PDM_KL log: {(10, 1, 10): {'shapes': [(3072, 2876), (2876,), (2876, 10), (10,)], 'train_accuracy': 0.38246, 'test_accuracy': 0.384}} 
10-10 06:28 DEBUG    ****** PDM_KL matching ******** 
10-10 06:28 DEBUG    Best Sigma0: 10. Best sigma: 1 Best gamma: 10. Best Test accuracy: 0.384. Train acc: 0.38246. 

10-10 06:28 DEBUG    PDM_KL log: {(10, 1, 10): {'shapes': [(3072, 2778), (2778,), (2778, 10), (10,)], 'train_accuracy': 0.38246, 'test_accuracy': 0.384}} 
