09-16 20:56 DEBUG    Experiment arguments: Namespace(alpha=0.5, communication_rounds=None, datadir='data/cifar10', dataset='cifar10', device=1.0, dropout_p=0.0, epochs=10, experiment=['all'], init_seed=0, iter_epochs=5, layers=0, loaddir='saved_weights/cifar10/homo', logdir='KL_regs/cifar10/homo', lr=0.01, lr_decay=1.0, n=30, n_layers=1, n_nets=15, net_config=[3072, 100, 10], num_pool_workers=7, partition='homo', pdm_gamma=1.0, pdm_sig=1.0, pdm_sig0=1.0, reg=1e-06, reg_fac=0.0, trials=10)
09-16 20:56 DEBUG    ####################################################################################################
09-16 20:56 DEBUG    Executing Trial 0 with seed 0
09-16 20:56 DEBUG    Data statistics: {0: {0: 333, 1: 338, 2: 324, 3: 366, 4: 307, 5: 371, 6: 325, 7: 328, 8: 308, 9: 334}, 1: {0: 362, 1: 311, 2: 323, 3: 331, 4: 339, 5: 322, 6: 320, 7: 347, 8: 346, 9: 333}, 2: {0: 309, 1: 337, 2: 369, 3: 334, 4: 321, 5: 323, 6: 308, 7: 325, 8: 335, 9: 373}, 3: {0: 348, 1: 359, 2: 330, 3: 317, 4: 347, 5: 322, 6: 330, 7: 346, 8: 322, 9: 313}, 4: {0: 302, 1: 344, 2: 327, 3: 310, 4: 344, 5: 318, 6: 353, 7: 333, 8: 354, 9: 349}, 5: {0: 347, 1: 324, 2: 335, 3: 331, 4: 348, 5: 325, 6: 320, 7: 322, 8: 311, 9: 370}, 6: {0: 349, 1: 329, 2: 334, 3: 329, 4: 308, 5: 343, 6: 351, 7: 314, 8: 332, 9: 344}, 7: {0: 326, 1: 318, 2: 315, 3: 328, 4: 334, 5: 341, 6: 351, 7: 333, 8: 328, 9: 359}, 8: {0: 334, 1: 314, 2: 349, 3: 325, 4: 368, 5: 335, 6: 355, 7: 332, 8: 320, 9: 301}, 9: {0: 336, 1: 340, 2: 354, 3: 321, 4: 322, 5: 298, 6: 325, 7: 379, 8: 332, 9: 326}, 10: {0: 336, 1: 323, 2: 322, 3: 354, 4: 328, 5: 346, 6: 341, 7: 323, 8: 327, 9: 333}, 11: {0: 313, 1: 366, 2: 299, 3: 362, 4: 340, 5: 335, 6: 342, 7: 332, 8: 326, 9: 318}, 12: {0: 324, 1: 322, 2: 322, 3: 325, 4: 344, 5: 344, 6: 326, 7: 334, 8: 367, 9: 325}, 13: {0: 346, 1: 342, 2: 345, 3: 338, 4: 323, 5: 342, 6: 344, 7: 337, 8: 319, 9: 297}, 14: {0: 335, 1: 333, 2: 352, 3: 329, 4: 327, 5: 335, 6: 309, 7: 315, 8: 373, 9: 325}}
09-16 20:57 DEBUG    **************************************************
09-16 20:57 DEBUG    Running experiments 

09-16 20:57 DEBUG    Uniform ensemble (Train acc): 0.407740
09-16 20:57 DEBUG    Uniform ensemble (Test acc): 0.405000
09-16 20:57 DEBUG    FedAvg (Train acc): 0.100120
09-16 20:57 DEBUG    FedAvg (Test acc): 0.100000
09-16 21:16 DEBUG    ****** PDM_KL matching ******** 
09-16 21:16 DEBUG    Best Sigma0: 0.5. Best sigma: 1 Best gamma: 10. Best Test accuracy: 0.3782. Train acc: 0.38302. 

09-16 21:16 DEBUG    PDM_KL log: {(0.5, 1, 10): {'shapes': [(3072, 700), (700,), (700, 10), (10,)], 'train_accuracy': 0.38302, 'test_accuracy': 0.3782}} 
09-16 22:01 DEBUG    ****** PDM_KL matching ******** 
09-16 22:01 DEBUG    Best Sigma0: 0.5. Best sigma: 1 Best gamma: 10. Best Test accuracy: 0.366. Train acc: 0.37402. 

09-16 22:01 DEBUG    PDM_KL log: {(0.5, 1, 10): {'shapes': [(3072, 700), (700,), (700, 10), (10,)], 'train_accuracy': 0.37402, 'test_accuracy': 0.366}} 
09-16 22:46 DEBUG    ****** PDM_KL matching ******** 
09-16 22:46 DEBUG    Best Sigma0: 0.5. Best sigma: 1 Best gamma: 10. Best Test accuracy: 0.3874. Train acc: 0.38754. 

09-16 22:46 DEBUG    PDM_KL log: {(0.5, 1, 10): {'shapes': [(3072, 700), (700,), (700, 10), (10,)], 'train_accuracy': 0.38754, 'test_accuracy': 0.3874}} 
09-16 23:28 DEBUG    ****** PDM_KL matching ******** 
09-16 23:28 DEBUG    Best Sigma0: 0.5. Best sigma: 1 Best gamma: 10. Best Test accuracy: 0.3723. Train acc: 0.3783. 

09-16 23:28 DEBUG    PDM_KL log: {(0.5, 1, 10): {'shapes': [(3072, 700), (700,), (700, 10), (10,)], 'train_accuracy': 0.3783, 'test_accuracy': 0.3723}} 
09-17 00:05 DEBUG    ****** PDM_KL matching ******** 
09-17 00:05 DEBUG    Best Sigma0: 0.5. Best sigma: 1 Best gamma: 10. Best Test accuracy: 0.3833. Train acc: 0.38854. 

09-17 00:05 DEBUG    PDM_KL log: {(0.5, 1, 10): {'shapes': [(3072, 700), (700,), (700, 10), (10,)], 'train_accuracy': 0.38854, 'test_accuracy': 0.3833}} 
09-17 00:38 DEBUG    ****** PDM_KL matching ******** 
09-17 00:38 DEBUG    Best Sigma0: 0.5. Best sigma: 1 Best gamma: 10. Best Test accuracy: 0.3758. Train acc: 0.37252. 

09-17 00:38 DEBUG    PDM_KL log: {(0.5, 1, 10): {'shapes': [(3072, 700), (700,), (700, 10), (10,)], 'train_accuracy': 0.37252, 'test_accuracy': 0.3758}} 
09-17 01:10 DEBUG    ****** PDM_KL matching ******** 
09-17 01:10 DEBUG    Best Sigma0: 0.5. Best sigma: 1 Best gamma: 10. Best Test accuracy: 0.4011. Train acc: 0.40172. 

09-17 01:10 DEBUG    PDM_KL log: {(0.5, 1, 10): {'shapes': [(3072, 700), (700,), (700, 10), (10,)], 'train_accuracy': 0.40172, 'test_accuracy': 0.4011}} 
09-17 01:43 DEBUG    ****** PDM_KL matching ******** 
09-17 01:43 DEBUG    Best Sigma0: 0.5. Best sigma: 1 Best gamma: 10. Best Test accuracy: 0.3912. Train acc: 0.39516. 

09-17 01:43 DEBUG    PDM_KL log: {(0.5, 1, 10): {'shapes': [(3072, 700), (700,), (700, 10), (10,)], 'train_accuracy': 0.39516, 'test_accuracy': 0.3912}} 
09-17 02:03 DEBUG    ****** PDM_KL matching ******** 
09-17 02:03 DEBUG    Best Sigma0: 0.5. Best sigma: 1 Best gamma: 10. Best Test accuracy: 0.3444. Train acc: 0.34822. 

09-17 02:03 DEBUG    PDM_KL log: {(0.5, 1, 10): {'shapes': [(3072, 296), (296,), (296, 10), (10,)], 'train_accuracy': 0.34822, 'test_accuracy': 0.3444}} 
09-17 02:14 DEBUG    ****** PDM_KL matching ******** 
09-17 02:14 DEBUG    Best Sigma0: 0.5. Best sigma: 1 Best gamma: 10. Best Test accuracy: 0.1. Train acc: 0.1. 

09-17 02:14 DEBUG    PDM_KL log: {(0.5, 1, 10): {'shapes': [(3072, 114), (114,), (114, 10), (10,)], 'train_accuracy': 0.1, 'test_accuracy': 0.1}} 
09-17 02:26 DEBUG    ****** PDM_KL matching ******** 
09-17 02:26 DEBUG    Best Sigma0: 0.5. Best sigma: 1 Best gamma: 10. Best Test accuracy: 0.1. Train acc: 0.10002. 

09-17 02:26 DEBUG    PDM_KL log: {(0.5, 1, 10): {'shapes': [(3072, 114), (114,), (114, 10), (10,)], 'train_accuracy': 0.10002, 'test_accuracy': 0.1}} 
09-17 02:26 DEBUG    Trial 0 completed
09-17 02:26 DEBUG    ####################################################################################################
09-17 02:26 DEBUG    ####################################################################################################
09-17 02:26 DEBUG    Executing Trial 1 with seed 1
09-17 02:26 DEBUG    Data statistics: {0: {0: 332, 1: 328, 2: 341, 3: 312, 4: 351, 5: 337, 6: 330, 7: 331, 8: 331, 9: 341}, 1: {0: 347, 1: 315, 2: 347, 3: 344, 4: 331, 5: 327, 6: 326, 7: 310, 8: 325, 9: 362}, 2: {0: 307, 1: 343, 2: 350, 3: 333, 4: 325, 5: 331, 6: 331, 7: 372, 8: 322, 9: 320}, 3: {0: 346, 1: 349, 2: 316, 3: 348, 4: 314, 5: 328, 6: 349, 7: 335, 8: 329, 9: 320}, 4: {0: 314, 1: 351, 2: 339, 3: 347, 4: 326, 5: 350, 6: 365, 7: 325, 8: 323, 9: 294}, 5: {0: 328, 1: 325, 2: 360, 3: 311, 4: 318, 5: 332, 6: 354, 7: 339, 8: 311, 9: 355}, 6: {0: 348, 1: 338, 2: 316, 3: 318, 4: 325, 5: 342, 6: 355, 7: 331, 8: 324, 9: 336}, 7: {0: 343, 1: 319, 2: 329, 3: 358, 4: 345, 5: 335, 6: 312, 7: 304, 8: 339, 9: 349}, 8: {0: 331, 1: 335, 2: 305, 3: 344, 4: 319, 5: 341, 6: 311, 7: 332, 8: 329, 9: 386}, 9: {0: 342, 1: 338, 2: 321, 3: 322, 4: 344, 5: 299, 6: 325, 7: 363, 8: 374, 9: 305}, 10: {0: 313, 1: 350, 2: 343, 3: 330, 4: 332, 5: 340, 6: 331, 7: 311, 8: 363, 9: 320}, 11: {0: 352, 1: 334, 2: 328, 3: 350, 4: 352, 5: 346, 6: 303, 7: 340, 8: 313, 9: 315}, 12: {0: 329, 1: 319, 2: 337, 3: 336, 4: 320, 5: 328, 6: 333, 7: 338, 8: 340, 9: 353}, 13: {0: 328, 1: 352, 2: 337, 3: 325, 4: 351, 5: 310, 6: 333, 7: 333, 8: 331, 9: 333}, 14: {0: 340, 1: 304, 2: 331, 3: 322, 4: 347, 5: 354, 6: 342, 7: 336, 8: 346, 9: 311}}
09-17 02:28 DEBUG    **************************************************
09-17 02:28 DEBUG    Running experiments 

09-17 02:28 DEBUG    Uniform ensemble (Train acc): 0.408260
09-17 02:28 DEBUG    Uniform ensemble (Test acc): 0.402800
09-17 02:29 DEBUG    FedAvg (Train acc): 0.099520
09-17 02:29 DEBUG    FedAvg (Test acc): 0.099700
09-17 02:43 DEBUG    ****** PDM_KL matching ******** 
09-17 02:43 DEBUG    Best Sigma0: 0.5. Best sigma: 1 Best gamma: 10. Best Test accuracy: 0.3755. Train acc: 0.37958. 

09-17 02:43 DEBUG    PDM_KL log: {(0.5, 1, 10): {'shapes': [(3072, 700), (700,), (700, 10), (10,)], 'train_accuracy': 0.37958, 'test_accuracy': 0.3755}} 
09-17 03:15 DEBUG    ****** PDM_KL matching ******** 
09-17 03:15 DEBUG    Best Sigma0: 0.5. Best sigma: 1 Best gamma: 10. Best Test accuracy: 0.38. Train acc: 0.3863. 

09-17 03:15 DEBUG    PDM_KL log: {(0.5, 1, 10): {'shapes': [(3072, 700), (700,), (700, 10), (10,)], 'train_accuracy': 0.3863, 'test_accuracy': 0.38}} 
09-17 03:46 DEBUG    ****** PDM_KL matching ******** 
09-17 03:46 DEBUG    Best Sigma0: 0.5. Best sigma: 1 Best gamma: 10. Best Test accuracy: 0.378. Train acc: 0.3794. 

09-17 03:46 DEBUG    PDM_KL log: {(0.5, 1, 10): {'shapes': [(3072, 700), (700,), (700, 10), (10,)], 'train_accuracy': 0.3794, 'test_accuracy': 0.378}} 
09-17 04:18 DEBUG    ****** PDM_KL matching ******** 
09-17 04:18 DEBUG    Best Sigma0: 0.5. Best sigma: 1 Best gamma: 10. Best Test accuracy: 0.3808. Train acc: 0.3814. 

09-17 04:18 DEBUG    PDM_KL log: {(0.5, 1, 10): {'shapes': [(3072, 700), (700,), (700, 10), (10,)], 'train_accuracy': 0.3814, 'test_accuracy': 0.3808}} 
09-17 04:46 DEBUG    ****** PDM_KL matching ******** 
09-17 04:46 DEBUG    Best Sigma0: 0.5. Best sigma: 1 Best gamma: 10. Best Test accuracy: 0.3666. Train acc: 0.36652. 

09-17 04:46 DEBUG    PDM_KL log: {(0.5, 1, 10): {'shapes': [(3072, 700), (700,), (700, 10), (10,)], 'train_accuracy': 0.36652, 'test_accuracy': 0.3666}} 
09-17 05:13 DEBUG    ****** PDM_KL matching ******** 
09-17 05:13 DEBUG    Best Sigma0: 0.5. Best sigma: 1 Best gamma: 10. Best Test accuracy: 0.383. Train acc: 0.38584. 

09-17 05:13 DEBUG    PDM_KL log: {(0.5, 1, 10): {'shapes': [(3072, 700), (700,), (700, 10), (10,)], 'train_accuracy': 0.38584, 'test_accuracy': 0.383}} 
09-17 05:38 DEBUG    ****** PDM_KL matching ******** 
09-17 05:38 DEBUG    Best Sigma0: 0.5. Best sigma: 1 Best gamma: 10. Best Test accuracy: 0.3805. Train acc: 0.38654. 

09-17 05:38 DEBUG    PDM_KL log: {(0.5, 1, 10): {'shapes': [(3072, 700), (700,), (700, 10), (10,)], 'train_accuracy': 0.38654, 'test_accuracy': 0.3805}} 
09-17 06:03 DEBUG    ****** PDM_KL matching ******** 
09-17 06:03 DEBUG    Best Sigma0: 0.5. Best sigma: 1 Best gamma: 10. Best Test accuracy: 0.3883. Train acc: 0.39132. 

09-17 06:03 DEBUG    PDM_KL log: {(0.5, 1, 10): {'shapes': [(3072, 700), (700,), (700, 10), (10,)], 'train_accuracy': 0.39132, 'test_accuracy': 0.3883}} 
09-17 06:18 DEBUG    ****** PDM_KL matching ******** 
09-17 06:18 DEBUG    Best Sigma0: 0.5. Best sigma: 1 Best gamma: 10. Best Test accuracy: 0.3707. Train acc: 0.3711. 

09-17 06:18 DEBUG    PDM_KL log: {(0.5, 1, 10): {'shapes': [(3072, 296), (296,), (296, 10), (10,)], 'train_accuracy': 0.3711, 'test_accuracy': 0.3707}} 
09-17 06:27 DEBUG    ****** PDM_KL matching ******** 
09-17 06:27 DEBUG    Best Sigma0: 0.5. Best sigma: 1 Best gamma: 10. Best Test accuracy: 0.1. Train acc: 0.09998. 

09-17 06:27 DEBUG    PDM_KL log: {(0.5, 1, 10): {'shapes': [(3072, 114), (114,), (114, 10), (10,)], 'train_accuracy': 0.09998, 'test_accuracy': 0.1}} 
09-17 06:33 DEBUG    ****** PDM_KL matching ******** 
09-17 06:33 DEBUG    Best Sigma0: 0.5. Best sigma: 1 Best gamma: 10. Best Test accuracy: 0.1. Train acc: 0.09998. 

09-17 06:33 DEBUG    PDM_KL log: {(0.5, 1, 10): {'shapes': [(3072, 114), (114,), (114, 10), (10,)], 'train_accuracy': 0.09998, 'test_accuracy': 0.1}} 
09-17 06:33 DEBUG    Trial 1 completed
09-17 06:33 DEBUG    ####################################################################################################
09-17 06:33 DEBUG    ####################################################################################################
09-17 06:33 DEBUG    Executing Trial 2 with seed 2
09-17 06:34 DEBUG    Data statistics: {0: {0: 342, 1: 329, 2: 333, 3: 332, 4: 358, 5: 342, 6: 343, 7: 320, 8: 322, 9: 313}, 1: {0: 330, 1: 326, 2: 366, 3: 340, 4: 310, 5: 323, 6: 336, 7: 340, 8: 327, 9: 336}, 2: {0: 357, 1: 341, 2: 332, 3: 311, 4: 340, 5: 333, 6: 315, 7: 338, 8: 341, 9: 326}, 3: {0: 342, 1: 338, 2: 343, 3: 331, 4: 309, 5: 325, 6: 346, 7: 330, 8: 322, 9: 348}, 4: {0: 323, 1: 342, 2: 336, 3: 349, 4: 330, 5: 324, 6: 317, 7: 342, 8: 321, 9: 350}, 5: {0: 306, 1: 299, 2: 300, 3: 349, 4: 338, 5: 354, 6: 359, 7: 349, 8: 347, 9: 332}, 6: {0: 355, 1: 356, 2: 327, 3: 299, 4: 336, 5: 325, 6: 343, 7: 333, 8: 332, 9: 327}, 7: {0: 334, 1: 335, 2: 326, 3: 339, 4: 349, 5: 356, 6: 308, 7: 318, 8: 345, 9: 323}, 8: {0: 353, 1: 333, 2: 347, 3: 328, 4: 338, 5: 308, 6: 313, 7: 341, 8: 324, 9: 348}, 9: {0: 319, 1: 350, 2: 338, 3: 337, 4: 326, 5: 314, 6: 326, 7: 328, 8: 353, 9: 342}, 10: {0: 340, 1: 322, 2: 332, 3: 351, 4: 354, 5: 318, 6: 317, 7: 345, 8: 324, 9: 330}, 11: {0: 310, 1: 323, 2: 321, 3: 329, 4: 353, 5: 362, 6: 358, 7: 317, 8: 327, 9: 333}, 12: {0: 335, 1: 334, 2: 350, 3: 321, 4: 348, 5: 333, 6: 336, 7: 326, 8: 338, 9: 312}, 13: {0: 330, 1: 357, 2: 333, 3: 335, 4: 322, 5: 342, 6: 343, 7: 334, 8: 313, 9: 324}, 14: {0: 324, 1: 315, 2: 316, 3: 349, 4: 289, 5: 341, 6: 340, 7: 339, 8: 364, 9: 356}}
09-17 06:35 DEBUG    **************************************************
09-17 06:35 DEBUG    Running experiments 

09-17 06:36 DEBUG    Uniform ensemble (Train acc): 0.410900
09-17 06:36 DEBUG    Uniform ensemble (Test acc): 0.409100
09-17 06:36 DEBUG    FedAvg (Train acc): 0.099960
09-17 06:36 DEBUG    FedAvg (Test acc): 0.099800
09-17 06:46 DEBUG    ****** PDM_KL matching ******** 
09-17 06:46 DEBUG    Best Sigma0: 0.5. Best sigma: 1 Best gamma: 10. Best Test accuracy: 0.3802. Train acc: 0.38458. 

09-17 06:46 DEBUG    PDM_KL log: {(0.5, 1, 10): {'shapes': [(3072, 700), (700,), (700, 10), (10,)], 'train_accuracy': 0.38458, 'test_accuracy': 0.3802}} 
09-17 07:08 DEBUG    ****** PDM_KL matching ******** 
09-17 07:08 DEBUG    Best Sigma0: 0.5. Best sigma: 1 Best gamma: 10. Best Test accuracy: 0.3779. Train acc: 0.38152. 

09-17 07:08 DEBUG    PDM_KL log: {(0.5, 1, 10): {'shapes': [(3072, 700), (700,), (700, 10), (10,)], 'train_accuracy': 0.38152, 'test_accuracy': 0.3779}} 
09-17 07:29 DEBUG    ****** PDM_KL matching ******** 
09-17 07:29 DEBUG    Best Sigma0: 0.5. Best sigma: 1 Best gamma: 10. Best Test accuracy: 0.3856. Train acc: 0.38306. 

09-17 07:29 DEBUG    PDM_KL log: {(0.5, 1, 10): {'shapes': [(3072, 700), (700,), (700, 10), (10,)], 'train_accuracy': 0.38306, 'test_accuracy': 0.3856}} 
09-17 07:50 DEBUG    ****** PDM_KL matching ******** 
09-17 07:50 DEBUG    Best Sigma0: 0.5. Best sigma: 1 Best gamma: 10. Best Test accuracy: 0.3807. Train acc: 0.38382. 

09-17 07:50 DEBUG    PDM_KL log: {(0.5, 1, 10): {'shapes': [(3072, 700), (700,), (700, 10), (10,)], 'train_accuracy': 0.38382, 'test_accuracy': 0.3807}} 
09-17 08:11 DEBUG    ****** PDM_KL matching ******** 
09-17 08:11 DEBUG    Best Sigma0: 0.5. Best sigma: 1 Best gamma: 10. Best Test accuracy: 0.382. Train acc: 0.38314. 

09-17 08:11 DEBUG    PDM_KL log: {(0.5, 1, 10): {'shapes': [(3072, 700), (700,), (700, 10), (10,)], 'train_accuracy': 0.38314, 'test_accuracy': 0.382}} 
09-17 08:34 DEBUG    ****** PDM_KL matching ******** 
09-17 08:34 DEBUG    Best Sigma0: 0.5. Best sigma: 1 Best gamma: 10. Best Test accuracy: 0.3829. Train acc: 0.38888. 

09-17 08:34 DEBUG    PDM_KL log: {(0.5, 1, 10): {'shapes': [(3072, 700), (700,), (700, 10), (10,)], 'train_accuracy': 0.38888, 'test_accuracy': 0.3829}} 
09-17 09:03 DEBUG    ****** PDM_KL matching ******** 
09-17 09:03 DEBUG    Best Sigma0: 0.5. Best sigma: 1 Best gamma: 10. Best Test accuracy: 0.3897. Train acc: 0.39176. 

09-17 09:03 DEBUG    PDM_KL log: {(0.5, 1, 10): {'shapes': [(3072, 700), (700,), (700, 10), (10,)], 'train_accuracy': 0.39176, 'test_accuracy': 0.3897}} 
09-17 09:33 DEBUG    ****** PDM_KL matching ******** 
09-17 09:33 DEBUG    Best Sigma0: 0.5. Best sigma: 1 Best gamma: 10. Best Test accuracy: 0.3892. Train acc: 0.39602. 

09-17 09:33 DEBUG    PDM_KL log: {(0.5, 1, 10): {'shapes': [(3072, 700), (700,), (700, 10), (10,)], 'train_accuracy': 0.39602, 'test_accuracy': 0.3892}} 
09-17 09:50 DEBUG    ****** PDM_KL matching ******** 
09-17 09:50 DEBUG    Best Sigma0: 0.5. Best sigma: 1 Best gamma: 10. Best Test accuracy: 0.3379. Train acc: 0.34336. 

09-17 09:50 DEBUG    PDM_KL log: {(0.5, 1, 10): {'shapes': [(3072, 268), (268,), (268, 10), (10,)], 'train_accuracy': 0.34336, 'test_accuracy': 0.3379}} 
09-17 10:02 DEBUG    ****** PDM_KL matching ******** 
09-17 10:02 DEBUG    Best Sigma0: 0.5. Best sigma: 1 Best gamma: 10. Best Test accuracy: 0.1. Train acc: 0.1. 

09-17 10:02 DEBUG    PDM_KL log: {(0.5, 1, 10): {'shapes': [(3072, 114), (114,), (114, 10), (10,)], 'train_accuracy': 0.1, 'test_accuracy': 0.1}} 
09-17 10:13 DEBUG    ****** PDM_KL matching ******** 
09-17 10:13 DEBUG    Best Sigma0: 0.5. Best sigma: 1 Best gamma: 10. Best Test accuracy: 0.1. Train acc: 0.1. 

09-17 10:13 DEBUG    PDM_KL log: {(0.5, 1, 10): {'shapes': [(3072, 114), (114,), (114, 10), (10,)], 'train_accuracy': 0.1, 'test_accuracy': 0.1}} 
09-17 10:13 DEBUG    Trial 2 completed
09-17 10:13 DEBUG    ####################################################################################################
09-17 10:13 DEBUG    ####################################################################################################
09-17 10:13 DEBUG    Executing Trial 3 with seed 3
09-17 10:13 DEBUG    Data statistics: {0: {0: 327, 1: 339, 2: 338, 3: 324, 4: 298, 5: 340, 6: 349, 7: 348, 8: 327, 9: 344}, 1: {0: 343, 1: 315, 2: 344, 3: 333, 4: 304, 5: 336, 6: 340, 7: 348, 8: 327, 9: 344}, 2: {0: 362, 1: 297, 2: 351, 3: 338, 4: 316, 5: 330, 6: 354, 7: 344, 8: 316, 9: 326}, 3: {0: 344, 1: 345, 2: 311, 3: 355, 4: 337, 5: 335, 6: 331, 7: 342, 8: 341, 9: 293}, 4: {0: 315, 1: 341, 2: 328, 3: 340, 4: 316, 5: 354, 6: 348, 7: 342, 8: 303, 9: 347}, 5: {0: 319, 1: 345, 2: 365, 3: 337, 4: 324, 5: 298, 6: 340, 7: 334, 8: 340, 9: 331}, 6: {0: 364, 1: 341, 2: 325, 3: 311, 4: 348, 5: 337, 6: 315, 7: 331, 8: 342, 9: 319}, 7: {0: 322, 1: 341, 2: 343, 3: 341, 4: 321, 5: 331, 6: 339, 7: 294, 8: 382, 9: 319}, 8: {0: 316, 1: 331, 2: 315, 3: 325, 4: 333, 5: 372, 6: 323, 7: 323, 8: 335, 9: 360}, 9: {0: 342, 1: 339, 2: 325, 3: 325, 4: 337, 5: 361, 6: 330, 7: 298, 8: 332, 9: 344}, 10: {0: 310, 1: 352, 2: 313, 3: 363, 4: 329, 5: 339, 6: 318, 7: 348, 8: 348, 9: 313}, 11: {0: 340, 1: 333, 2: 329, 3: 333, 4: 348, 5: 319, 6: 336, 7: 324, 8: 322, 9: 349}, 12: {0: 334, 1: 356, 2: 343, 3: 291, 4: 363, 5: 312, 6: 331, 7: 331, 8: 313, 9: 359}, 13: {0: 351, 1: 318, 2: 344, 3: 352, 4: 356, 5: 316, 6: 307, 7: 337, 8: 320, 9: 332}, 14: {0: 311, 1: 307, 2: 326, 3: 332, 4: 370, 5: 320, 6: 339, 7: 356, 8: 352, 9: 320}}
09-17 10:15 DEBUG    **************************************************
09-17 10:15 DEBUG    Running experiments 

09-17 10:15 DEBUG    Uniform ensemble (Train acc): 0.411760
09-17 10:15 DEBUG    Uniform ensemble (Test acc): 0.409500
09-17 10:15 DEBUG    FedAvg (Train acc): 0.099960
09-17 10:15 DEBUG    FedAvg (Test acc): 0.100000
09-17 10:28 DEBUG    ****** PDM_KL matching ******** 
09-17 10:28 DEBUG    Best Sigma0: 0.5. Best sigma: 1 Best gamma: 10. Best Test accuracy: 0.3857. Train acc: 0.3888. 

09-17 10:28 DEBUG    PDM_KL log: {(0.5, 1, 10): {'shapes': [(3072, 700), (700,), (700, 10), (10,)], 'train_accuracy': 0.3888, 'test_accuracy': 0.3857}} 
09-17 11:04 DEBUG    ****** PDM_KL matching ******** 
09-17 11:04 DEBUG    Best Sigma0: 0.5. Best sigma: 1 Best gamma: 10. Best Test accuracy: 0.3898. Train acc: 0.39202. 

09-17 11:04 DEBUG    PDM_KL log: {(0.5, 1, 10): {'shapes': [(3072, 700), (700,), (700, 10), (10,)], 'train_accuracy': 0.39202, 'test_accuracy': 0.3898}} 
09-17 11:47 DEBUG    ****** PDM_KL matching ******** 
09-17 11:47 DEBUG    Best Sigma0: 0.5. Best sigma: 1 Best gamma: 10. Best Test accuracy: 0.3949. Train acc: 0.39452. 

09-17 11:47 DEBUG    PDM_KL log: {(0.5, 1, 10): {'shapes': [(3072, 700), (700,), (700, 10), (10,)], 'train_accuracy': 0.39452, 'test_accuracy': 0.3949}} 
09-17 12:31 DEBUG    ****** PDM_KL matching ******** 
09-17 12:31 DEBUG    Best Sigma0: 0.5. Best sigma: 1 Best gamma: 10. Best Test accuracy: 0.3795. Train acc: 0.3792. 

09-17 12:31 DEBUG    PDM_KL log: {(0.5, 1, 10): {'shapes': [(3072, 700), (700,), (700, 10), (10,)], 'train_accuracy': 0.3792, 'test_accuracy': 0.3795}} 
09-17 13:12 DEBUG    ****** PDM_KL matching ******** 
09-17 13:12 DEBUG    Best Sigma0: 0.5. Best sigma: 1 Best gamma: 10. Best Test accuracy: 0.3952. Train acc: 0.3991. 

09-17 13:12 DEBUG    PDM_KL log: {(0.5, 1, 10): {'shapes': [(3072, 700), (700,), (700, 10), (10,)], 'train_accuracy': 0.3991, 'test_accuracy': 0.3952}} 
09-17 13:54 DEBUG    ****** PDM_KL matching ******** 
09-17 13:54 DEBUG    Best Sigma0: 0.5. Best sigma: 1 Best gamma: 10. Best Test accuracy: 0.3923. Train acc: 0.3934. 

09-17 13:54 DEBUG    PDM_KL log: {(0.5, 1, 10): {'shapes': [(3072, 700), (700,), (700, 10), (10,)], 'train_accuracy': 0.3934, 'test_accuracy': 0.3923}} 
09-17 14:34 DEBUG    ****** PDM_KL matching ******** 
09-17 14:34 DEBUG    Best Sigma0: 0.5. Best sigma: 1 Best gamma: 10. Best Test accuracy: 0.3954. Train acc: 0.39718. 

09-17 14:34 DEBUG    PDM_KL log: {(0.5, 1, 10): {'shapes': [(3072, 700), (700,), (700, 10), (10,)], 'train_accuracy': 0.39718, 'test_accuracy': 0.3954}} 
09-17 15:18 DEBUG    ****** PDM_KL matching ******** 
09-17 15:18 DEBUG    Best Sigma0: 0.5. Best sigma: 1 Best gamma: 10. Best Test accuracy: 0.3949. Train acc: 0.39548. 

09-17 15:18 DEBUG    PDM_KL log: {(0.5, 1, 10): {'shapes': [(3072, 700), (700,), (700, 10), (10,)], 'train_accuracy': 0.39548, 'test_accuracy': 0.3949}} 
09-17 15:46 DEBUG    ****** PDM_KL matching ******** 
09-17 15:46 DEBUG    Best Sigma0: 0.5. Best sigma: 1 Best gamma: 10. Best Test accuracy: 0.3709. Train acc: 0.37494. 

09-17 15:46 DEBUG    PDM_KL log: {(0.5, 1, 10): {'shapes': [(3072, 296), (296,), (296, 10), (10,)], 'train_accuracy': 0.37494, 'test_accuracy': 0.3709}} 
09-17 16:03 DEBUG    ****** PDM_KL matching ******** 
09-17 16:03 DEBUG    Best Sigma0: 0.5. Best sigma: 1 Best gamma: 10. Best Test accuracy: 0.1. Train acc: 0.09998. 

09-17 16:03 DEBUG    PDM_KL log: {(0.5, 1, 10): {'shapes': [(3072, 114), (114,), (114, 10), (10,)], 'train_accuracy': 0.09998, 'test_accuracy': 0.1}} 
09-17 16:19 DEBUG    ****** PDM_KL matching ******** 
09-17 16:19 DEBUG    Best Sigma0: 0.5. Best sigma: 1 Best gamma: 10. Best Test accuracy: 0.1. Train acc: 0.1. 

09-17 16:19 DEBUG    PDM_KL log: {(0.5, 1, 10): {'shapes': [(3072, 114), (114,), (114, 10), (10,)], 'train_accuracy': 0.1, 'test_accuracy': 0.1}} 
09-17 16:19 DEBUG    Trial 3 completed
09-17 16:19 DEBUG    ####################################################################################################
09-17 16:19 DEBUG    ####################################################################################################
09-17 16:19 DEBUG    Executing Trial 4 with seed 4
09-17 16:20 DEBUG    Data statistics: {0: {0: 325, 1: 334, 2: 318, 3: 325, 4: 319, 5: 328, 6: 345, 7: 348, 8: 352, 9: 340}, 1: {0: 341, 1: 340, 2: 329, 3: 361, 4: 322, 5: 331, 6: 336, 7: 341, 8: 277, 9: 356}, 2: {0: 367, 1: 353, 2: 327, 3: 299, 4: 325, 5: 345, 6: 339, 7: 324, 8: 331, 9: 324}, 3: {0: 323, 1: 331, 2: 309, 3: 311, 4: 360, 5: 345, 6: 344, 7: 334, 8: 359, 9: 318}, 4: {0: 351, 1: 326, 2: 363, 3: 342, 4: 340, 5: 330, 6: 347, 7: 317, 8: 291, 9: 327}, 5: {0: 346, 1: 335, 2: 339, 3: 303, 4: 330, 5: 314, 6: 390, 7: 338, 8: 335, 9: 303}, 6: {0: 319, 1: 344, 2: 356, 3: 342, 4: 363, 5: 344, 6: 308, 7: 312, 8: 324, 9: 321}, 7: {0: 332, 1: 337, 2: 306, 3: 362, 4: 325, 5: 346, 6: 310, 7: 338, 8: 344, 9: 333}, 8: {0: 336, 1: 320, 2: 370, 3: 354, 4: 291, 5: 335, 6: 307, 7: 332, 8: 357, 9: 331}, 9: {0: 317, 1: 340, 2: 337, 3: 333, 4: 337, 5: 342, 6: 329, 7: 336, 8: 322, 9: 340}, 10: {0: 345, 1: 319, 2: 306, 3: 346, 4: 334, 5: 338, 6: 328, 7: 336, 8: 334, 9: 347}, 11: {0: 327, 1: 316, 2: 332, 3: 324, 4: 347, 5: 323, 6: 322, 7: 342, 8: 342, 9: 358}, 12: {0: 329, 1: 316, 2: 338, 3: 336, 4: 342, 5: 314, 6: 311, 7: 351, 8: 359, 9: 337}, 13: {0: 316, 1: 347, 2: 339, 3: 320, 4: 340, 5: 347, 6: 333, 7: 336, 8: 334, 9: 321}, 14: {0: 326, 1: 342, 2: 331, 3: 342, 4: 325, 5: 318, 6: 351, 7: 315, 8: 339, 9: 344}}
09-17 16:22 DEBUG    **************************************************
09-17 16:22 DEBUG    Running experiments 

09-17 16:23 DEBUG    Uniform ensemble (Train acc): 0.408140
09-17 16:23 DEBUG    Uniform ensemble (Test acc): 0.407000
09-17 16:24 DEBUG    FedAvg (Train acc): 0.100460
09-17 16:24 DEBUG    FedAvg (Test acc): 0.100400
09-17 16:42 DEBUG    ****** PDM_KL matching ******** 
09-17 16:42 DEBUG    Best Sigma0: 0.5. Best sigma: 1 Best gamma: 10. Best Test accuracy: 0.3876. Train acc: 0.38838. 

09-17 16:42 DEBUG    PDM_KL log: {(0.5, 1, 10): {'shapes': [(3072, 700), (700,), (700, 10), (10,)], 'train_accuracy': 0.38838, 'test_accuracy': 0.3876}} 
09-17 17:24 DEBUG    ****** PDM_KL matching ******** 
09-17 17:24 DEBUG    Best Sigma0: 0.5. Best sigma: 1 Best gamma: 10. Best Test accuracy: 0.3808. Train acc: 0.3798. 

09-17 17:24 DEBUG    PDM_KL log: {(0.5, 1, 10): {'shapes': [(3072, 700), (700,), (700, 10), (10,)], 'train_accuracy': 0.3798, 'test_accuracy': 0.3808}} 
09-17 18:03 DEBUG    ****** PDM_KL matching ******** 
09-17 18:03 DEBUG    Best Sigma0: 0.5. Best sigma: 1 Best gamma: 10. Best Test accuracy: 0.3829. Train acc: 0.38562. 

09-17 18:03 DEBUG    PDM_KL log: {(0.5, 1, 10): {'shapes': [(3072, 700), (700,), (700, 10), (10,)], 'train_accuracy': 0.38562, 'test_accuracy': 0.3829}} 
09-17 18:45 DEBUG    ****** PDM_KL matching ******** 
09-17 18:45 DEBUG    Best Sigma0: 0.5. Best sigma: 1 Best gamma: 10. Best Test accuracy: 0.3871. Train acc: 0.3879. 

09-17 18:45 DEBUG    PDM_KL log: {(0.5, 1, 10): {'shapes': [(3072, 700), (700,), (700, 10), (10,)], 'train_accuracy': 0.3879, 'test_accuracy': 0.3871}} 
09-17 19:26 DEBUG    ****** PDM_KL matching ******** 
09-17 19:26 DEBUG    Best Sigma0: 0.5. Best sigma: 1 Best gamma: 10. Best Test accuracy: 0.3825. Train acc: 0.39156. 

09-17 19:26 DEBUG    PDM_KL log: {(0.5, 1, 10): {'shapes': [(3072, 700), (700,), (700, 10), (10,)], 'train_accuracy': 0.39156, 'test_accuracy': 0.3825}} 
09-17 20:08 DEBUG    ****** PDM_KL matching ******** 
09-17 20:08 DEBUG    Best Sigma0: 0.5. Best sigma: 1 Best gamma: 10. Best Test accuracy: 0.3812. Train acc: 0.38418. 

09-17 20:08 DEBUG    PDM_KL log: {(0.5, 1, 10): {'shapes': [(3072, 700), (700,), (700, 10), (10,)], 'train_accuracy': 0.38418, 'test_accuracy': 0.3812}} 
09-17 20:52 DEBUG    ****** PDM_KL matching ******** 
09-17 20:52 DEBUG    Best Sigma0: 0.5. Best sigma: 1 Best gamma: 10. Best Test accuracy: 0.392. Train acc: 0.3924. 

09-17 20:52 DEBUG    PDM_KL log: {(0.5, 1, 10): {'shapes': [(3072, 700), (700,), (700, 10), (10,)], 'train_accuracy': 0.3924, 'test_accuracy': 0.392}} 
09-17 21:35 DEBUG    ****** PDM_KL matching ******** 
09-17 21:35 DEBUG    Best Sigma0: 0.5. Best sigma: 1 Best gamma: 10. Best Test accuracy: 0.3984. Train acc: 0.39822. 

09-17 21:35 DEBUG    PDM_KL log: {(0.5, 1, 10): {'shapes': [(3072, 700), (700,), (700, 10), (10,)], 'train_accuracy': 0.39822, 'test_accuracy': 0.3984}} 
09-17 22:03 DEBUG    ****** PDM_KL matching ******** 
09-17 22:03 DEBUG    Best Sigma0: 0.5. Best sigma: 1 Best gamma: 10. Best Test accuracy: 0.3796. Train acc: 0.37766. 

09-17 22:03 DEBUG    PDM_KL log: {(0.5, 1, 10): {'shapes': [(3072, 296), (296,), (296, 10), (10,)], 'train_accuracy': 0.37766, 'test_accuracy': 0.3796}} 
09-17 22:20 DEBUG    ****** PDM_KL matching ******** 
09-17 22:20 DEBUG    Best Sigma0: 0.5. Best sigma: 1 Best gamma: 10. Best Test accuracy: 0.1. Train acc: 0.1. 

09-17 22:20 DEBUG    PDM_KL log: {(0.5, 1, 10): {'shapes': [(3072, 114), (114,), (114, 10), (10,)], 'train_accuracy': 0.1, 'test_accuracy': 0.1}} 
09-17 22:36 DEBUG    ****** PDM_KL matching ******** 
09-17 22:36 DEBUG    Best Sigma0: 0.5. Best sigma: 1 Best gamma: 10. Best Test accuracy: 0.1. Train acc: 0.1. 

09-17 22:36 DEBUG    PDM_KL log: {(0.5, 1, 10): {'shapes': [(3072, 114), (114,), (114, 10), (10,)], 'train_accuracy': 0.1, 'test_accuracy': 0.1}} 
09-17 22:36 DEBUG    Trial 4 completed
09-17 22:36 DEBUG    ####################################################################################################
09-17 22:36 DEBUG    ####################################################################################################
09-17 22:36 DEBUG    Executing Trial 5 with seed 5
09-17 22:36 DEBUG    Data statistics: {0: {0: 350, 1: 328, 2: 344, 3: 333, 4: 316, 5: 338, 6: 347, 7: 321, 8: 324, 9: 333}, 1: {0: 321, 1: 314, 2: 346, 3: 349, 4: 332, 5: 329, 6: 339, 7: 325, 8: 343, 9: 336}, 2: {0: 325, 1: 319, 2: 313, 3: 372, 4: 322, 5: 351, 6: 306, 7: 336, 8: 342, 9: 348}, 3: {0: 317, 1: 363, 2: 313, 3: 344, 4: 344, 5: 327, 6: 333, 7: 313, 8: 337, 9: 343}, 4: {0: 346, 1: 330, 2: 329, 3: 325, 4: 328, 5: 343, 6: 329, 7: 331, 8: 341, 9: 332}, 5: {0: 313, 1: 329, 2: 352, 3: 329, 4: 331, 5: 316, 6: 333, 7: 360, 8: 343, 9: 327}, 6: {0: 340, 1: 351, 2: 318, 3: 343, 4: 331, 5: 327, 6: 342, 7: 336, 8: 338, 9: 307}, 7: {0: 345, 1: 323, 2: 320, 3: 317, 4: 372, 5: 316, 6: 342, 7: 337, 8: 327, 9: 334}, 8: {0: 388, 1: 335, 2: 337, 3: 307, 4: 346, 5: 353, 6: 293, 7: 351, 8: 301, 9: 322}, 9: {0: 353, 1: 340, 2: 324, 3: 333, 4: 327, 5: 335, 6: 340, 7: 320, 8: 300, 9: 361}, 10: {0: 309, 1: 321, 2: 368, 3: 292, 4: 323, 5: 326, 6: 343, 7: 351, 8: 359, 9: 341}, 11: {0: 332, 1: 338, 2: 337, 3: 338, 4: 329, 5: 346, 6: 366, 7: 323, 8: 325, 9: 299}, 12: {0: 299, 1: 318, 2: 313, 3: 354, 4: 332, 5: 333, 6: 339, 7: 352, 8: 338, 9: 355}, 13: {0: 324, 1: 357, 2: 334, 3: 324, 4: 327, 5: 347, 6: 333, 7: 313, 8: 341, 9: 333}, 14: {0: 338, 1: 334, 2: 352, 3: 340, 4: 340, 5: 313, 6: 315, 7: 331, 8: 341, 9: 329}}
09-17 22:39 DEBUG    **************************************************
09-17 22:39 DEBUG    Running experiments 

09-17 22:40 DEBUG    Uniform ensemble (Train acc): 0.409040
09-17 22:40 DEBUG    Uniform ensemble (Test acc): 0.408800
09-17 22:40 DEBUG    FedAvg (Train acc): 0.100020
09-17 22:40 DEBUG    FedAvg (Test acc): 0.099900
09-17 22:59 DEBUG    ****** PDM_KL matching ******** 
09-17 22:59 DEBUG    Best Sigma0: 0.5. Best sigma: 1 Best gamma: 10. Best Test accuracy: 0.3791. Train acc: 0.38226. 

09-17 22:59 DEBUG    PDM_KL log: {(0.5, 1, 10): {'shapes': [(3072, 700), (700,), (700, 10), (10,)], 'train_accuracy': 0.38226, 'test_accuracy': 0.3791}} 
09-17 23:42 DEBUG    ****** PDM_KL matching ******** 
09-17 23:42 DEBUG    Best Sigma0: 0.5. Best sigma: 1 Best gamma: 10. Best Test accuracy: 0.3723. Train acc: 0.37812. 

09-17 23:42 DEBUG    PDM_KL log: {(0.5, 1, 10): {'shapes': [(3072, 700), (700,), (700, 10), (10,)], 'train_accuracy': 0.37812, 'test_accuracy': 0.3723}} 
09-18 00:23 DEBUG    ****** PDM_KL matching ******** 
09-18 00:23 DEBUG    Best Sigma0: 0.5. Best sigma: 1 Best gamma: 10. Best Test accuracy: 0.3835. Train acc: 0.38642. 

09-18 00:23 DEBUG    PDM_KL log: {(0.5, 1, 10): {'shapes': [(3072, 700), (700,), (700, 10), (10,)], 'train_accuracy': 0.38642, 'test_accuracy': 0.3835}} 
09-18 01:06 DEBUG    ****** PDM_KL matching ******** 
09-18 01:06 DEBUG    Best Sigma0: 0.5. Best sigma: 1 Best gamma: 10. Best Test accuracy: 0.3737. Train acc: 0.37872. 

09-18 01:06 DEBUG    PDM_KL log: {(0.5, 1, 10): {'shapes': [(3072, 700), (700,), (700, 10), (10,)], 'train_accuracy': 0.37872, 'test_accuracy': 0.3737}} 
09-18 01:46 DEBUG    ****** PDM_KL matching ******** 
09-18 01:46 DEBUG    Best Sigma0: 0.5. Best sigma: 1 Best gamma: 10. Best Test accuracy: 0.3783. Train acc: 0.38162. 

09-18 01:46 DEBUG    PDM_KL log: {(0.5, 1, 10): {'shapes': [(3072, 700), (700,), (700, 10), (10,)], 'train_accuracy': 0.38162, 'test_accuracy': 0.3783}} 
09-18 02:26 DEBUG    ****** PDM_KL matching ******** 
09-18 02:26 DEBUG    Best Sigma0: 0.5. Best sigma: 1 Best gamma: 10. Best Test accuracy: 0.3761. Train acc: 0.38188. 

09-18 02:26 DEBUG    PDM_KL log: {(0.5, 1, 10): {'shapes': [(3072, 700), (700,), (700, 10), (10,)], 'train_accuracy': 0.38188, 'test_accuracy': 0.3761}} 
09-18 03:07 DEBUG    ****** PDM_KL matching ******** 
09-18 03:07 DEBUG    Best Sigma0: 0.5. Best sigma: 1 Best gamma: 10. Best Test accuracy: 0.3724. Train acc: 0.37566. 

09-18 03:07 DEBUG    PDM_KL log: {(0.5, 1, 10): {'shapes': [(3072, 700), (700,), (700, 10), (10,)], 'train_accuracy': 0.37566, 'test_accuracy': 0.3724}} 
09-18 03:52 DEBUG    ****** PDM_KL matching ******** 
09-18 03:52 DEBUG    Best Sigma0: 0.5. Best sigma: 1 Best gamma: 10. Best Test accuracy: 0.3887. Train acc: 0.39448. 

09-18 03:52 DEBUG    PDM_KL log: {(0.5, 1, 10): {'shapes': [(3072, 700), (700,), (700, 10), (10,)], 'train_accuracy': 0.39448, 'test_accuracy': 0.3887}} 
09-18 04:19 DEBUG    ****** PDM_KL matching ******** 
09-18 04:19 DEBUG    Best Sigma0: 0.5. Best sigma: 1 Best gamma: 10. Best Test accuracy: 0.3707. Train acc: 0.3773. 

09-18 04:19 DEBUG    PDM_KL log: {(0.5, 1, 10): {'shapes': [(3072, 282), (282,), (282, 10), (10,)], 'train_accuracy': 0.3773, 'test_accuracy': 0.3707}} 
09-18 04:36 DEBUG    ****** PDM_KL matching ******** 
09-18 04:36 DEBUG    Best Sigma0: 0.5. Best sigma: 1 Best gamma: 10. Best Test accuracy: 0.1. Train acc: 0.1. 

09-18 04:36 DEBUG    PDM_KL log: {(0.5, 1, 10): {'shapes': [(3072, 114), (114,), (114, 10), (10,)], 'train_accuracy': 0.1, 'test_accuracy': 0.1}} 
09-18 04:52 DEBUG    ****** PDM_KL matching ******** 
09-18 04:52 DEBUG    Best Sigma0: 0.5. Best sigma: 1 Best gamma: 10. Best Test accuracy: 0.1. Train acc: 0.09998. 

09-18 04:52 DEBUG    PDM_KL log: {(0.5, 1, 10): {'shapes': [(3072, 114), (114,), (114, 10), (10,)], 'train_accuracy': 0.09998, 'test_accuracy': 0.1}} 
09-18 04:52 DEBUG    Trial 5 completed
09-18 04:52 DEBUG    ####################################################################################################
09-18 04:52 DEBUG    ####################################################################################################
09-18 04:52 DEBUG    Executing Trial 6 with seed 6
09-18 04:52 DEBUG    Data statistics: {0: {0: 359, 1: 323, 2: 321, 3: 326, 4: 330, 5: 334, 6: 347, 7: 334, 8: 340, 9: 320}, 1: {0: 330, 1: 341, 2: 314, 3: 324, 4: 340, 5: 319, 6: 336, 7: 313, 8: 335, 9: 382}, 2: {0: 328, 1: 343, 2: 312, 3: 343, 4: 361, 5: 346, 6: 327, 7: 316, 8: 346, 9: 312}, 3: {0: 343, 1: 324, 2: 321, 3: 348, 4: 344, 5: 324, 6: 339, 7: 313, 8: 349, 9: 329}, 4: {0: 319, 1: 327, 2: 323, 3: 328, 4: 317, 5: 354, 6: 344, 7: 355, 8: 337, 9: 330}, 5: {0: 318, 1: 307, 2: 366, 3: 331, 4: 333, 5: 346, 6: 298, 7: 324, 8: 349, 9: 361}, 6: {0: 344, 1: 323, 2: 357, 3: 335, 4: 353, 5: 302, 6: 344, 7: 328, 8: 338, 9: 309}, 7: {0: 328, 1: 331, 2: 313, 3: 347, 4: 328, 5: 321, 6: 352, 7: 344, 8: 346, 9: 323}, 8: {0: 336, 1: 330, 2: 334, 3: 349, 4: 319, 5: 350, 6: 352, 7: 305, 8: 325, 9: 333}, 9: {0: 311, 1: 337, 2: 343, 3: 330, 4: 299, 5: 360, 6: 339, 7: 352, 8: 330, 9: 332}, 10: {0: 347, 1: 324, 2: 369, 3: 328, 4: 306, 5: 312, 6: 324, 7: 357, 8: 341, 9: 325}, 11: {0: 350, 1: 358, 2: 319, 3: 300, 4: 342, 5: 339, 6: 311, 7: 339, 8: 304, 9: 371}, 12: {0: 331, 1: 333, 2: 334, 3: 358, 4: 343, 5: 327, 6: 318, 7: 341, 8: 325, 9: 323}, 13: {0: 341, 1: 332, 2: 324, 3: 321, 4: 343, 5: 336, 6: 344, 7: 349, 8: 318, 9: 325}, 14: {0: 315, 1: 367, 2: 350, 3: 332, 4: 342, 5: 330, 6: 325, 7: 330, 8: 317, 9: 325}}
09-18 04:55 DEBUG    **************************************************
09-18 04:55 DEBUG    Running experiments 

09-18 04:56 DEBUG    Uniform ensemble (Train acc): 0.405000
09-18 04:56 DEBUG    Uniform ensemble (Test acc): 0.405200
09-18 04:56 DEBUG    FedAvg (Train acc): 0.099980
09-18 04:56 DEBUG    FedAvg (Test acc): 0.100000
09-18 05:13 DEBUG    ****** PDM_KL matching ******** 
09-18 05:13 DEBUG    Best Sigma0: 0.5. Best sigma: 1 Best gamma: 10. Best Test accuracy: 0.3888. Train acc: 0.38592. 

09-18 05:13 DEBUG    PDM_KL log: {(0.5, 1, 10): {'shapes': [(3072, 700), (700,), (700, 10), (10,)], 'train_accuracy': 0.38592, 'test_accuracy': 0.3888}} 
09-18 05:47 DEBUG    ****** PDM_KL matching ******** 
09-18 05:47 DEBUG    Best Sigma0: 0.5. Best sigma: 1 Best gamma: 10. Best Test accuracy: 0.3766. Train acc: 0.38224. 

09-18 05:47 DEBUG    PDM_KL log: {(0.5, 1, 10): {'shapes': [(3072, 700), (700,), (700, 10), (10,)], 'train_accuracy': 0.38224, 'test_accuracy': 0.3766}} 
09-18 06:22 DEBUG    ****** PDM_KL matching ******** 
09-18 06:22 DEBUG    Best Sigma0: 0.5. Best sigma: 1 Best gamma: 10. Best Test accuracy: 0.3829. Train acc: 0.38624. 

09-18 06:22 DEBUG    PDM_KL log: {(0.5, 1, 10): {'shapes': [(3072, 700), (700,), (700, 10), (10,)], 'train_accuracy': 0.38624, 'test_accuracy': 0.3829}} 
09-18 06:57 DEBUG    ****** PDM_KL matching ******** 
09-18 06:57 DEBUG    Best Sigma0: 0.5. Best sigma: 1 Best gamma: 10. Best Test accuracy: 0.3831. Train acc: 0.38318. 

09-18 06:57 DEBUG    PDM_KL log: {(0.5, 1, 10): {'shapes': [(3072, 700), (700,), (700, 10), (10,)], 'train_accuracy': 0.38318, 'test_accuracy': 0.3831}} 
09-18 07:29 DEBUG    ****** PDM_KL matching ******** 
09-18 07:29 DEBUG    Best Sigma0: 0.5. Best sigma: 1 Best gamma: 10. Best Test accuracy: 0.3905. Train acc: 0.38718. 

09-18 07:29 DEBUG    PDM_KL log: {(0.5, 1, 10): {'shapes': [(3072, 700), (700,), (700, 10), (10,)], 'train_accuracy': 0.38718, 'test_accuracy': 0.3905}} 
09-18 08:01 DEBUG    ****** PDM_KL matching ******** 
09-18 08:01 DEBUG    Best Sigma0: 0.5. Best sigma: 1 Best gamma: 10. Best Test accuracy: 0.3849. Train acc: 0.38726. 

09-18 08:01 DEBUG    PDM_KL log: {(0.5, 1, 10): {'shapes': [(3072, 700), (700,), (700, 10), (10,)], 'train_accuracy': 0.38726, 'test_accuracy': 0.3849}} 
09-18 08:32 DEBUG    ****** PDM_KL matching ******** 
09-18 08:32 DEBUG    Best Sigma0: 0.5. Best sigma: 1 Best gamma: 10. Best Test accuracy: 0.3931. Train acc: 0.3911. 

09-18 08:32 DEBUG    PDM_KL log: {(0.5, 1, 10): {'shapes': [(3072, 700), (700,), (700, 10), (10,)], 'train_accuracy': 0.3911, 'test_accuracy': 0.3931}} 
09-18 09:02 DEBUG    ****** PDM_KL matching ******** 
09-18 09:02 DEBUG    Best Sigma0: 0.5. Best sigma: 1 Best gamma: 10. Best Test accuracy: 0.392. Train acc: 0.39562. 

09-18 09:02 DEBUG    PDM_KL log: {(0.5, 1, 10): {'shapes': [(3072, 700), (700,), (700, 10), (10,)], 'train_accuracy': 0.39562, 'test_accuracy': 0.392}} 
09-18 09:21 DEBUG    ****** PDM_KL matching ******** 
09-18 09:21 DEBUG    Best Sigma0: 0.5. Best sigma: 1 Best gamma: 10. Best Test accuracy: 0.3741. Train acc: 0.37824. 

09-18 09:21 DEBUG    PDM_KL log: {(0.5, 1, 10): {'shapes': [(3072, 268), (268,), (268, 10), (10,)], 'train_accuracy': 0.37824, 'test_accuracy': 0.3741}} 
09-18 09:32 DEBUG    ****** PDM_KL matching ******** 
09-18 09:32 DEBUG    Best Sigma0: 0.5. Best sigma: 1 Best gamma: 10. Best Test accuracy: 0.1. Train acc: 0.1. 

09-18 09:32 DEBUG    PDM_KL log: {(0.5, 1, 10): {'shapes': [(3072, 114), (114,), (114, 10), (10,)], 'train_accuracy': 0.1, 'test_accuracy': 0.1}} 
09-18 09:45 DEBUG    ****** PDM_KL matching ******** 
09-18 09:45 DEBUG    Best Sigma0: 0.5. Best sigma: 1 Best gamma: 10. Best Test accuracy: 0.1. Train acc: 0.1. 

09-18 09:45 DEBUG    PDM_KL log: {(0.5, 1, 10): {'shapes': [(3072, 114), (114,), (114, 10), (10,)], 'train_accuracy': 0.1, 'test_accuracy': 0.1}} 
09-18 09:45 DEBUG    Trial 6 completed
09-18 09:45 DEBUG    ####################################################################################################
09-18 09:45 DEBUG    ####################################################################################################
09-18 09:45 DEBUG    Executing Trial 7 with seed 7
09-18 09:45 DEBUG    Data statistics: {0: {0: 317, 1: 344, 2: 356, 3: 358, 4: 307, 5: 327, 6: 370, 7: 304, 8: 341, 9: 310}, 1: {0: 337, 1: 347, 2: 328, 3: 347, 4: 320, 5: 320, 6: 321, 7: 331, 8: 339, 9: 344}, 2: {0: 355, 1: 308, 2: 329, 3: 342, 4: 347, 5: 318, 6: 342, 7: 336, 8: 329, 9: 328}, 3: {0: 351, 1: 321, 2: 329, 3: 321, 4: 335, 5: 360, 6: 318, 7: 349, 8: 310, 9: 340}, 4: {0: 298, 1: 325, 2: 332, 3: 333, 4: 320, 5: 338, 6: 332, 7: 336, 8: 376, 9: 344}, 5: {0: 329, 1: 313, 2: 318, 3: 339, 4: 324, 5: 345, 6: 309, 7: 347, 8: 349, 9: 360}, 6: {0: 346, 1: 318, 2: 332, 3: 344, 4: 332, 5: 356, 6: 326, 7: 338, 8: 324, 9: 317}, 7: {0: 343, 1: 355, 2: 334, 3: 326, 4: 322, 5: 320, 6: 329, 7: 317, 8: 346, 9: 341}, 8: {0: 334, 1: 330, 2: 355, 3: 320, 4: 349, 5: 328, 6: 305, 7: 329, 8: 332, 9: 351}, 9: {0: 338, 1: 331, 2: 323, 3: 305, 4: 322, 5: 355, 6: 365, 7: 302, 8: 366, 9: 326}, 10: {0: 311, 1: 316, 2: 342, 3: 332, 4: 355, 5: 332, 6: 326, 7: 392, 8: 329, 9: 298}, 11: {0: 350, 1: 347, 2: 309, 3: 336, 4: 354, 5: 306, 6: 352, 7: 352, 8: 304, 9: 323}, 12: {0: 359, 1: 364, 2: 325, 3: 309, 4: 338, 5: 334, 6: 342, 7: 298, 8: 300, 9: 364}, 13: {0: 320, 1: 342, 2: 355, 3: 335, 4: 338, 5: 331, 6: 320, 7: 341, 8: 340, 9: 311}, 14: {0: 312, 1: 339, 2: 333, 3: 353, 4: 337, 5: 330, 6: 343, 7: 328, 8: 315, 9: 343}}
09-18 09:47 DEBUG    **************************************************
09-18 09:47 DEBUG    Running experiments 

09-18 09:48 DEBUG    Uniform ensemble (Train acc): 0.409500
09-18 09:48 DEBUG    Uniform ensemble (Test acc): 0.410900
09-18 09:48 DEBUG    FedAvg (Train acc): 0.099700
09-18 09:48 DEBUG    FedAvg (Test acc): 0.099900
09-18 10:01 DEBUG    ****** PDM_KL matching ******** 
09-18 10:01 DEBUG    Best Sigma0: 0.5. Best sigma: 1 Best gamma: 10. Best Test accuracy: 0.3695. Train acc: 0.37038. 

09-18 10:01 DEBUG    PDM_KL log: {(0.5, 1, 10): {'shapes': [(3072, 700), (700,), (700, 10), (10,)], 'train_accuracy': 0.37038, 'test_accuracy': 0.3695}} 
09-18 10:31 DEBUG    ****** PDM_KL matching ******** 
09-18 10:31 DEBUG    Best Sigma0: 0.5. Best sigma: 1 Best gamma: 10. Best Test accuracy: 0.3827. Train acc: 0.3848. 

09-18 10:31 DEBUG    PDM_KL log: {(0.5, 1, 10): {'shapes': [(3072, 700), (700,), (700, 10), (10,)], 'train_accuracy': 0.3848, 'test_accuracy': 0.3827}} 
09-18 10:59 DEBUG    ****** PDM_KL matching ******** 
09-18 10:59 DEBUG    Best Sigma0: 0.5. Best sigma: 1 Best gamma: 10. Best Test accuracy: 0.3772. Train acc: 0.3819. 

09-18 10:59 DEBUG    PDM_KL log: {(0.5, 1, 10): {'shapes': [(3072, 700), (700,), (700, 10), (10,)], 'train_accuracy': 0.3819, 'test_accuracy': 0.3772}} 
09-18 11:26 DEBUG    ****** PDM_KL matching ******** 
09-18 11:26 DEBUG    Best Sigma0: 0.5. Best sigma: 1 Best gamma: 10. Best Test accuracy: 0.3693. Train acc: 0.3723. 

09-18 11:26 DEBUG    PDM_KL log: {(0.5, 1, 10): {'shapes': [(3072, 700), (700,), (700, 10), (10,)], 'train_accuracy': 0.3723, 'test_accuracy': 0.3693}} 
09-18 11:55 DEBUG    ****** PDM_KL matching ******** 
09-18 11:55 DEBUG    Best Sigma0: 0.5. Best sigma: 1 Best gamma: 10. Best Test accuracy: 0.3741. Train acc: 0.38078. 

09-18 11:55 DEBUG    PDM_KL log: {(0.5, 1, 10): {'shapes': [(3072, 700), (700,), (700, 10), (10,)], 'train_accuracy': 0.38078, 'test_accuracy': 0.3741}} 
09-18 12:25 DEBUG    ****** PDM_KL matching ******** 
09-18 12:25 DEBUG    Best Sigma0: 0.5. Best sigma: 1 Best gamma: 10. Best Test accuracy: 0.3781. Train acc: 0.38312. 

09-18 12:25 DEBUG    PDM_KL log: {(0.5, 1, 10): {'shapes': [(3072, 700), (700,), (700, 10), (10,)], 'train_accuracy': 0.38312, 'test_accuracy': 0.3781}} 
09-18 12:57 DEBUG    ****** PDM_KL matching ******** 
09-18 12:57 DEBUG    Best Sigma0: 0.5. Best sigma: 1 Best gamma: 10. Best Test accuracy: 0.3804. Train acc: 0.38458. 

09-18 12:57 DEBUG    PDM_KL log: {(0.5, 1, 10): {'shapes': [(3072, 700), (700,), (700, 10), (10,)], 'train_accuracy': 0.38458, 'test_accuracy': 0.3804}} 
09-18 13:34 DEBUG    ****** PDM_KL matching ******** 
09-18 13:34 DEBUG    Best Sigma0: 0.5. Best sigma: 1 Best gamma: 10. Best Test accuracy: 0.4024. Train acc: 0.40292. 

09-18 13:34 DEBUG    PDM_KL log: {(0.5, 1, 10): {'shapes': [(3072, 700), (700,), (700, 10), (10,)], 'train_accuracy': 0.40292, 'test_accuracy': 0.4024}} 
09-18 13:56 DEBUG    ****** PDM_KL matching ******** 
09-18 13:56 DEBUG    Best Sigma0: 0.5. Best sigma: 1 Best gamma: 10. Best Test accuracy: 0.3488. Train acc: 0.34812. 

09-18 13:56 DEBUG    PDM_KL log: {(0.5, 1, 10): {'shapes': [(3072, 268), (268,), (268, 10), (10,)], 'train_accuracy': 0.34812, 'test_accuracy': 0.3488}} 
09-18 14:09 DEBUG    ****** PDM_KL matching ******** 
09-18 14:09 DEBUG    Best Sigma0: 0.5. Best sigma: 1 Best gamma: 10. Best Test accuracy: 0.1. Train acc: 0.09998. 

09-18 14:09 DEBUG    PDM_KL log: {(0.5, 1, 10): {'shapes': [(3072, 114), (114,), (114, 10), (10,)], 'train_accuracy': 0.09998, 'test_accuracy': 0.1}} 
09-18 14:23 DEBUG    ****** PDM_KL matching ******** 
09-18 14:23 DEBUG    Best Sigma0: 0.5. Best sigma: 1 Best gamma: 10. Best Test accuracy: 0.1. Train acc: 0.10006. 

09-18 14:23 DEBUG    PDM_KL log: {(0.5, 1, 10): {'shapes': [(3072, 114), (114,), (114, 10), (10,)], 'train_accuracy': 0.10006, 'test_accuracy': 0.1}} 
09-18 14:23 DEBUG    Trial 7 completed
09-18 14:23 DEBUG    ####################################################################################################
09-18 14:23 DEBUG    ####################################################################################################
09-18 14:23 DEBUG    Executing Trial 8 with seed 8
09-18 14:23 DEBUG    Data statistics: {0: {0: 336, 1: 326, 2: 342, 3: 328, 4: 359, 5: 335, 6: 338, 7: 305, 8: 320, 9: 345}, 1: {0: 364, 1: 338, 2: 304, 3: 352, 4: 335, 5: 338, 6: 353, 7: 328, 8: 281, 9: 341}, 2: {0: 340, 1: 342, 2: 347, 3: 324, 4: 320, 5: 315, 6: 341, 7: 325, 8: 331, 9: 349}, 3: {0: 309, 1: 331, 2: 321, 3: 310, 4: 333, 5: 349, 6: 336, 7: 341, 8: 368, 9: 336}, 4: {0: 330, 1: 346, 2: 314, 3: 321, 4: 330, 5: 348, 6: 317, 7: 337, 8: 344, 9: 347}, 5: {0: 327, 1: 337, 2: 345, 3: 346, 4: 338, 5: 333, 6: 331, 7: 317, 8: 334, 9: 325}, 6: {0: 324, 1: 308, 2: 345, 3: 325, 4: 342, 5: 331, 6: 326, 7: 344, 8: 364, 9: 324}, 7: {0: 324, 1: 331, 2: 312, 3: 346, 4: 346, 5: 329, 6: 324, 7: 342, 8: 349, 9: 330}, 8: {0: 328, 1: 326, 2: 331, 3: 308, 4: 343, 5: 339, 6: 353, 7: 324, 8: 323, 9: 358}, 9: {0: 324, 1: 341, 2: 345, 3: 329, 4: 358, 5: 327, 6: 326, 7: 330, 8: 340, 9: 313}, 10: {0: 337, 1: 366, 2: 348, 3: 355, 4: 306, 5: 320, 6: 315, 7: 315, 8: 343, 9: 328}, 11: {0: 317, 1: 311, 2: 355, 3: 343, 4: 329, 5: 323, 6: 341, 7: 350, 8: 346, 9: 318}, 12: {0: 327, 1: 345, 2: 312, 3: 323, 4: 338, 5: 318, 6: 345, 7: 366, 8: 329, 9: 330}, 13: {0: 349, 1: 313, 2: 314, 3: 362, 4: 303, 5: 384, 6: 329, 7: 326, 8: 302, 9: 351}, 14: {0: 364, 1: 339, 2: 365, 3: 328, 4: 320, 5: 311, 6: 325, 7: 350, 8: 326, 9: 305}}
09-18 14:26 DEBUG    **************************************************
09-18 14:26 DEBUG    Running experiments 

09-18 14:26 DEBUG    Uniform ensemble (Train acc): 0.409100
09-18 14:26 DEBUG    Uniform ensemble (Test acc): 0.407900
09-18 14:26 DEBUG    FedAvg (Train acc): 0.098100
09-18 14:26 DEBUG    FedAvg (Test acc): 0.098900
09-18 14:42 DEBUG    ****** PDM_KL matching ******** 
09-18 14:42 DEBUG    Best Sigma0: 0.5. Best sigma: 1 Best gamma: 10. Best Test accuracy: 0.3862. Train acc: 0.39208. 

09-18 14:42 DEBUG    PDM_KL log: {(0.5, 1, 10): {'shapes': [(3072, 700), (700,), (700, 10), (10,)], 'train_accuracy': 0.39208, 'test_accuracy': 0.3862}} 
09-18 15:18 DEBUG    ****** PDM_KL matching ******** 
09-18 15:18 DEBUG    Best Sigma0: 0.5. Best sigma: 1 Best gamma: 10. Best Test accuracy: 0.3918. Train acc: 0.39528. 

09-18 15:18 DEBUG    PDM_KL log: {(0.5, 1, 10): {'shapes': [(3072, 700), (700,), (700, 10), (10,)], 'train_accuracy': 0.39528, 'test_accuracy': 0.3918}} 
09-18 15:54 DEBUG    ****** PDM_KL matching ******** 
09-18 15:54 DEBUG    Best Sigma0: 0.5. Best sigma: 1 Best gamma: 10. Best Test accuracy: 0.3852. Train acc: 0.38838. 

09-18 15:54 DEBUG    PDM_KL log: {(0.5, 1, 10): {'shapes': [(3072, 700), (700,), (700, 10), (10,)], 'train_accuracy': 0.38838, 'test_accuracy': 0.3852}} 
09-18 16:29 DEBUG    ****** PDM_KL matching ******** 
09-18 16:29 DEBUG    Best Sigma0: 0.5. Best sigma: 1 Best gamma: 10. Best Test accuracy: 0.3728. Train acc: 0.38022. 

09-18 16:29 DEBUG    PDM_KL log: {(0.5, 1, 10): {'shapes': [(3072, 700), (700,), (700, 10), (10,)], 'train_accuracy': 0.38022, 'test_accuracy': 0.3728}} 
09-18 17:01 DEBUG    ****** PDM_KL matching ******** 
09-18 17:01 DEBUG    Best Sigma0: 0.5. Best sigma: 1 Best gamma: 10. Best Test accuracy: 0.3935. Train acc: 0.39388. 

09-18 17:01 DEBUG    PDM_KL log: {(0.5, 1, 10): {'shapes': [(3072, 700), (700,), (700, 10), (10,)], 'train_accuracy': 0.39388, 'test_accuracy': 0.3935}} 
09-18 17:35 DEBUG    ****** PDM_KL matching ******** 
09-18 17:35 DEBUG    Best Sigma0: 0.5. Best sigma: 1 Best gamma: 10. Best Test accuracy: 0.3854. Train acc: 0.39028. 

09-18 17:35 DEBUG    PDM_KL log: {(0.5, 1, 10): {'shapes': [(3072, 700), (700,), (700, 10), (10,)], 'train_accuracy': 0.39028, 'test_accuracy': 0.3854}} 
09-18 18:09 DEBUG    ****** PDM_KL matching ******** 
09-18 18:09 DEBUG    Best Sigma0: 0.5. Best sigma: 1 Best gamma: 10. Best Test accuracy: 0.4006. Train acc: 0.40106. 

09-18 18:09 DEBUG    PDM_KL log: {(0.5, 1, 10): {'shapes': [(3072, 700), (700,), (700, 10), (10,)], 'train_accuracy': 0.40106, 'test_accuracy': 0.4006}} 
09-18 18:44 DEBUG    ****** PDM_KL matching ******** 
09-18 18:44 DEBUG    Best Sigma0: 0.5. Best sigma: 1 Best gamma: 10. Best Test accuracy: 0.3901. Train acc: 0.39144. 

09-18 18:44 DEBUG    PDM_KL log: {(0.5, 1, 10): {'shapes': [(3072, 700), (700,), (700, 10), (10,)], 'train_accuracy': 0.39144, 'test_accuracy': 0.3901}} 
09-18 19:06 DEBUG    ****** PDM_KL matching ******** 
09-18 19:06 DEBUG    Best Sigma0: 0.5. Best sigma: 1 Best gamma: 10. Best Test accuracy: 0.3606. Train acc: 0.36402. 

09-18 19:06 DEBUG    PDM_KL log: {(0.5, 1, 10): {'shapes': [(3072, 282), (282,), (282, 10), (10,)], 'train_accuracy': 0.36402, 'test_accuracy': 0.3606}} 
09-18 19:19 DEBUG    ****** PDM_KL matching ******** 
09-18 19:19 DEBUG    Best Sigma0: 0.5. Best sigma: 1 Best gamma: 10. Best Test accuracy: 0.1. Train acc: 0.09996. 

09-18 19:19 DEBUG    PDM_KL log: {(0.5, 1, 10): {'shapes': [(3072, 114), (114,), (114, 10), (10,)], 'train_accuracy': 0.09996, 'test_accuracy': 0.1}} 
09-18 19:30 DEBUG    ****** PDM_KL matching ******** 
09-18 19:30 DEBUG    Best Sigma0: 0.5. Best sigma: 1 Best gamma: 10. Best Test accuracy: 0.1. Train acc: 0.1. 

09-18 19:30 DEBUG    PDM_KL log: {(0.5, 1, 10): {'shapes': [(3072, 114), (114,), (114, 10), (10,)], 'train_accuracy': 0.1, 'test_accuracy': 0.1}} 
09-18 19:30 DEBUG    Trial 8 completed
09-18 19:30 DEBUG    ####################################################################################################
09-18 19:30 DEBUG    ####################################################################################################
09-18 19:30 DEBUG    Executing Trial 9 with seed 9
09-18 19:30 DEBUG    Data statistics: {0: {0: 320, 1: 314, 2: 328, 3: 343, 4: 345, 5: 345, 6: 324, 7: 337, 8: 335, 9: 343}, 1: {0: 332, 1: 345, 2: 333, 3: 312, 4: 333, 5: 345, 6: 338, 7: 314, 8: 338, 9: 344}, 2: {0: 351, 1: 325, 2: 342, 3: 322, 4: 334, 5: 299, 6: 340, 7: 337, 8: 339, 9: 345}, 3: {0: 371, 1: 317, 2: 336, 3: 334, 4: 318, 5: 333, 6: 337, 7: 345, 8: 310, 9: 333}, 4: {0: 317, 1: 340, 2: 357, 3: 331, 4: 327, 5: 337, 6: 341, 7: 314, 8: 370, 9: 300}, 5: {0: 330, 1: 321, 2: 344, 3: 310, 4: 326, 5: 332, 6: 343, 7: 359, 8: 314, 9: 354}, 6: {0: 339, 1: 344, 2: 346, 3: 342, 4: 348, 5: 318, 6: 336, 7: 333, 8: 318, 9: 309}, 7: {0: 330, 1: 345, 2: 336, 3: 331, 4: 361, 5: 327, 6: 309, 7: 335, 8: 312, 9: 347}, 8: {0: 336, 1: 343, 2: 330, 3: 300, 4: 362, 5: 356, 6: 345, 7: 306, 8: 319, 9: 336}, 9: {0: 289, 1: 387, 2: 310, 3: 352, 4: 325, 5: 350, 6: 342, 7: 328, 8: 337, 9: 313}, 10: {0: 342, 1: 321, 2: 325, 3: 364, 4: 328, 5: 313, 6: 307, 7: 364, 8: 353, 9: 316}, 11: {0: 332, 1: 320, 2: 337, 3: 335, 4: 323, 5: 326, 6: 349, 7: 323, 8: 344, 9: 344}, 12: {0: 322, 1: 325, 2: 312, 3: 362, 4: 309, 5: 348, 6: 311, 7: 362, 8: 341, 9: 341}, 13: {0: 368, 1: 324, 2: 330, 3: 331, 4: 323, 5: 318, 6: 341, 7: 323, 8: 332, 9: 343}, 14: {0: 321, 1: 329, 2: 334, 3: 331, 4: 338, 5: 353, 6: 337, 7: 320, 8: 338, 9: 332}}
09-18 19:32 DEBUG    **************************************************
09-18 19:32 DEBUG    Running experiments 

09-18 19:33 DEBUG    Uniform ensemble (Train acc): 0.410340
09-18 19:33 DEBUG    Uniform ensemble (Test acc): 0.410300
09-18 19:33 DEBUG    FedAvg (Train acc): 0.099980
09-18 19:33 DEBUG    FedAvg (Test acc): 0.099900
09-18 19:46 DEBUG    ****** PDM_KL matching ******** 
09-18 19:46 DEBUG    Best Sigma0: 0.5. Best sigma: 1 Best gamma: 10. Best Test accuracy: 0.3807. Train acc: 0.3807. 

09-18 19:46 DEBUG    PDM_KL log: {(0.5, 1, 10): {'shapes': [(3072, 700), (700,), (700, 10), (10,)], 'train_accuracy': 0.3807, 'test_accuracy': 0.3807}} 
09-18 20:20 DEBUG    ****** PDM_KL matching ******** 
09-18 20:20 DEBUG    Best Sigma0: 0.5. Best sigma: 1 Best gamma: 10. Best Test accuracy: 0.3783. Train acc: 0.38162. 

09-18 20:20 DEBUG    PDM_KL log: {(0.5, 1, 10): {'shapes': [(3072, 700), (700,), (700, 10), (10,)], 'train_accuracy': 0.38162, 'test_accuracy': 0.3783}} 
09-18 20:56 DEBUG    ****** PDM_KL matching ******** 
09-18 20:56 DEBUG    Best Sigma0: 0.5. Best sigma: 1 Best gamma: 10. Best Test accuracy: 0.3798. Train acc: 0.38224. 

09-18 20:56 DEBUG    PDM_KL log: {(0.5, 1, 10): {'shapes': [(3072, 700), (700,), (700, 10), (10,)], 'train_accuracy': 0.38224, 'test_accuracy': 0.3798}} 
09-18 21:31 DEBUG    ****** PDM_KL matching ******** 
09-18 21:31 DEBUG    Best Sigma0: 0.5. Best sigma: 1 Best gamma: 10. Best Test accuracy: 0.3877. Train acc: 0.38586. 

09-18 21:31 DEBUG    PDM_KL log: {(0.5, 1, 10): {'shapes': [(3072, 700), (700,), (700, 10), (10,)], 'train_accuracy': 0.38586, 'test_accuracy': 0.3877}} 
09-18 22:06 DEBUG    ****** PDM_KL matching ******** 
09-18 22:06 DEBUG    Best Sigma0: 0.5. Best sigma: 1 Best gamma: 10. Best Test accuracy: 0.385. Train acc: 0.38962. 

09-18 22:06 DEBUG    PDM_KL log: {(0.5, 1, 10): {'shapes': [(3072, 700), (700,), (700, 10), (10,)], 'train_accuracy': 0.38962, 'test_accuracy': 0.385}} 
09-18 22:42 DEBUG    ****** PDM_KL matching ******** 
09-18 22:42 DEBUG    Best Sigma0: 0.5. Best sigma: 1 Best gamma: 10. Best Test accuracy: 0.3871. Train acc: 0.3873. 

09-18 22:42 DEBUG    PDM_KL log: {(0.5, 1, 10): {'shapes': [(3072, 700), (700,), (700, 10), (10,)], 'train_accuracy': 0.3873, 'test_accuracy': 0.3871}} 
09-18 23:17 DEBUG    ****** PDM_KL matching ******** 
09-18 23:17 DEBUG    Best Sigma0: 0.5. Best sigma: 1 Best gamma: 10. Best Test accuracy: 0.3871. Train acc: 0.39132. 

09-18 23:17 DEBUG    PDM_KL log: {(0.5, 1, 10): {'shapes': [(3072, 700), (700,), (700, 10), (10,)], 'train_accuracy': 0.39132, 'test_accuracy': 0.3871}} 
09-18 23:54 DEBUG    ****** PDM_KL matching ******** 
09-18 23:54 DEBUG    Best Sigma0: 0.5. Best sigma: 1 Best gamma: 10. Best Test accuracy: 0.3927. Train acc: 0.39424. 

09-18 23:54 DEBUG    PDM_KL log: {(0.5, 1, 10): {'shapes': [(3072, 700), (700,), (700, 10), (10,)], 'train_accuracy': 0.39424, 'test_accuracy': 0.3927}} 
09-19 00:15 DEBUG    ****** PDM_KL matching ******** 
09-19 00:15 DEBUG    Best Sigma0: 0.5. Best sigma: 1 Best gamma: 10. Best Test accuracy: 0.3798. Train acc: 0.38404. 

09-19 00:15 DEBUG    PDM_KL log: {(0.5, 1, 10): {'shapes': [(3072, 282), (282,), (282, 10), (10,)], 'train_accuracy': 0.38404, 'test_accuracy': 0.3798}} 
09-19 00:27 DEBUG    ****** PDM_KL matching ******** 
09-19 00:27 DEBUG    Best Sigma0: 0.5. Best sigma: 1 Best gamma: 10. Best Test accuracy: 0.1. Train acc: 0.1. 

09-19 00:27 DEBUG    PDM_KL log: {(0.5, 1, 10): {'shapes': [(3072, 114), (114,), (114, 10), (10,)], 'train_accuracy': 0.1, 'test_accuracy': 0.1}} 
09-19 00:41 DEBUG    ****** PDM_KL matching ******** 
09-19 00:41 DEBUG    Best Sigma0: 0.5. Best sigma: 1 Best gamma: 10. Best Test accuracy: 0.1. Train acc: 0.1. 

09-19 00:41 DEBUG    PDM_KL log: {(0.5, 1, 10): {'shapes': [(3072, 114), (114,), (114, 10), (10,)], 'train_accuracy': 0.1, 'test_accuracy': 0.1}} 
09-19 00:41 DEBUG    Trial 9 completed
09-19 00:41 DEBUG    ####################################################################################################
