09-12 21:20 DEBUG    Experiment arguments: Namespace(alpha=0.5, communication_rounds=None, datadir='data/mnist', dataset='mnist', device=1.0, dropout_p=0.0, epochs=10, experiment=['all'], init_seed=0, iter_epochs=5, layers=0, loaddir='saved_weights/mnist/homo', logdir='KL_regs/mnist/homo', lr=0.01, lr_decay=1.0, n=30, n_layers=1, n_nets=25, net_config=[784, 100, 10], num_pool_workers=7, partition='homo', pdm_gamma=1.0, pdm_sig=1.0, pdm_sig0=1.0, reg=1e-06, reg_fac=0.0, trials=10)
09-12 21:20 DEBUG    ####################################################################################################
09-12 21:20 DEBUG    Executing Trial 0 with seed 0
09-12 21:20 DEBUG    Data statistics: {0: {0: 271, 1: 250, 2: 224, 3: 251, 4: 237, 5: 206, 6: 247, 7: 253, 8: 227, 9: 234}, 1: {0: 224, 1: 292, 2: 247, 3: 203, 4: 228, 5: 208, 6: 253, 7: 258, 8: 236, 9: 251}, 2: {0: 236, 1: 277, 2: 248, 3: 252, 4: 215, 5: 217, 6: 222, 7: 240, 8: 251, 9: 242}, 3: {0: 236, 1: 286, 2: 222, 3: 241, 4: 223, 5: 220, 6: 259, 7: 247, 8: 228, 9: 238}, 4: {0: 238, 1: 274, 2: 225, 3: 261, 4: 250, 5: 224, 6: 209, 7: 230, 8: 249, 9: 240}, 5: {0: 248, 1: 280, 2: 235, 3: 261, 4: 215, 5: 221, 6: 225, 7: 258, 8: 239, 9: 218}, 6: {0: 228, 1: 282, 2: 224, 3: 256, 4: 250, 5: 188, 6: 229, 7: 264, 8: 232, 9: 247}, 7: {0: 260, 1: 259, 2: 250, 3: 231, 4: 231, 5: 227, 6: 224, 7: 233, 8: 261, 9: 224}, 8: {0: 221, 1: 249, 2: 239, 3: 243, 4: 234, 5: 225, 6: 247, 7: 266, 8: 226, 9: 250}, 9: {0: 255, 1: 263, 2: 245, 3: 228, 4: 237, 5: 220, 6: 218, 7: 252, 8: 229, 9: 253}, 10: {0: 244, 1: 258, 2: 252, 3: 249, 4: 248, 5: 215, 6: 251, 7: 252, 8: 206, 9: 225}, 11: {0: 225, 1: 259, 2: 224, 3: 212, 4: 249, 5: 246, 6: 263, 7: 232, 8: 256, 9: 234}, 12: {0: 214, 1: 273, 2: 254, 3: 263, 4: 241, 5: 218, 6: 220, 7: 249, 8: 230, 9: 238}, 13: {0: 257, 1: 291, 2: 225, 3: 266, 4: 242, 5: 203, 6: 213, 7: 265, 8: 211, 9: 227}, 14: {0: 234, 1: 262, 2: 239, 3: 253, 4: 236, 5: 213, 6: 229, 7: 222, 8: 246, 9: 266}, 15: {0: 253, 1: 284, 2: 235, 3: 254, 4: 231, 5: 208, 6: 248, 7: 227, 8: 258, 9: 202}, 16: {0: 243, 1: 241, 2: 258, 3: 245, 4: 215, 5: 231, 6: 226, 7: 250, 8: 221, 9: 270}, 17: {0: 227, 1: 236, 2: 251, 3: 242, 4: 235, 5: 225, 6: 259, 7: 274, 8: 225, 9: 226}, 18: {0: 215, 1: 277, 2: 242, 3: 234, 4: 263, 5: 212, 6: 238, 7: 250, 8: 226, 9: 243}, 19: {0: 204, 1: 289, 2: 232, 3: 240, 4: 233, 5: 242, 6: 235, 7: 298, 8: 196, 9: 231}, 20: {0: 230, 1: 289, 2: 252, 3: 267, 4: 225, 5: 190, 6: 231, 7: 242, 8: 228, 9: 246}, 21: {0: 213, 1: 246, 2: 242, 3: 250, 4: 228, 5: 220, 6: 247, 7: 259, 8: 252, 9: 243}, 22: {0: 235, 1: 273, 2: 227, 3: 244, 4: 219, 5: 217, 6: 266, 7: 241, 8: 227, 9: 251}, 23: {0: 269, 1: 273, 2: 235, 3: 233, 4: 230, 5: 218, 6: 231, 7: 260, 8: 220, 9: 231}, 24: {0: 243, 1: 279, 2: 231, 3: 252, 4: 227, 5: 207, 6: 228, 7: 243, 8: 271, 9: 219}}
09-12 21:21 DEBUG    **************************************************
09-12 21:21 DEBUG    Running experiments 

09-12 21:22 DEBUG    Uniform ensemble (Train acc): 0.955917
09-12 21:22 DEBUG    Uniform ensemble (Test acc): 0.955300
09-12 21:22 DEBUG    FedAvg (Train acc): 0.173300
09-12 21:22 DEBUG    FedAvg (Test acc): 0.176100
09-12 21:25 DEBUG    ****** PDM_KL matching ******** 
09-12 21:25 DEBUG    Best Sigma0: 0.5. Best sigma: 1 Best gamma: 10. Best Test accuracy: 0.9471. Train acc: 0.9473. 

09-12 21:25 DEBUG    PDM_KL log: {(0.5, 1, 10): {'shapes': [(784, 332), (332,), (332, 10), (10,)], 'train_accuracy': 0.9473, 'test_accuracy': 0.9471}} 
09-12 21:31 DEBUG    ****** PDM_KL matching ******** 
09-12 21:31 DEBUG    Best Sigma0: 0.5. Best sigma: 1 Best gamma: 10. Best Test accuracy: 0.9471. Train acc: 0.9463333333333334. 

09-12 21:31 DEBUG    PDM_KL log: {(0.5, 1, 10): {'shapes': [(784, 334), (334,), (334, 10), (10,)], 'train_accuracy': 0.9463333333333334, 'test_accuracy': 0.9471}} 
09-12 21:37 DEBUG    ****** PDM_KL matching ******** 
09-12 21:37 DEBUG    Best Sigma0: 0.5. Best sigma: 1 Best gamma: 10. Best Test accuracy: 0.9472. Train acc: 0.9473. 

09-12 21:37 DEBUG    PDM_KL log: {(0.5, 1, 10): {'shapes': [(784, 336), (336,), (336, 10), (10,)], 'train_accuracy': 0.9473, 'test_accuracy': 0.9472}} 
09-12 21:44 DEBUG    ****** PDM_KL matching ******** 
09-12 21:44 DEBUG    Best Sigma0: 0.5. Best sigma: 1 Best gamma: 10. Best Test accuracy: 0.9466. Train acc: 0.9480166666666666. 

09-12 21:44 DEBUG    PDM_KL log: {(0.5, 1, 10): {'shapes': [(784, 338), (338,), (338, 10), (10,)], 'train_accuracy': 0.9480166666666666, 'test_accuracy': 0.9466}} 
09-12 21:52 DEBUG    ****** PDM_KL matching ******** 
09-12 21:52 DEBUG    Best Sigma0: 0.5. Best sigma: 1 Best gamma: 10. Best Test accuracy: 0.9502. Train acc: 0.9490666666666666. 

09-12 21:52 DEBUG    PDM_KL log: {(0.5, 1, 10): {'shapes': [(784, 338), (338,), (338, 10), (10,)], 'train_accuracy': 0.9490666666666666, 'test_accuracy': 0.9502}} 
09-12 22:00 DEBUG    ****** PDM_KL matching ******** 
09-12 22:00 DEBUG    Best Sigma0: 0.5. Best sigma: 1 Best gamma: 10. Best Test accuracy: 0.9472. Train acc: 0.94755. 

09-12 22:00 DEBUG    PDM_KL log: {(0.5, 1, 10): {'shapes': [(784, 349), (349,), (349, 10), (10,)], 'train_accuracy': 0.94755, 'test_accuracy': 0.9472}} 
09-12 22:11 DEBUG    ****** PDM_KL matching ******** 
09-12 22:11 DEBUG    Best Sigma0: 0.5. Best sigma: 1 Best gamma: 10. Best Test accuracy: 0.9509. Train acc: 0.9522666666666667. 

09-12 22:11 DEBUG    PDM_KL log: {(0.5, 1, 10): {'shapes': [(784, 449), (449,), (449, 10), (10,)], 'train_accuracy': 0.9522666666666667, 'test_accuracy': 0.9509}} 
09-12 22:26 DEBUG    ****** PDM_KL matching ******** 
09-12 22:26 DEBUG    Best Sigma0: 0.5. Best sigma: 1 Best gamma: 10. Best Test accuracy: 0.9506. Train acc: 0.9502. 

09-12 22:26 DEBUG    PDM_KL log: {(0.5, 1, 10): {'shapes': [(784, 660), (660,), (660, 10), (10,)], 'train_accuracy': 0.9502, 'test_accuracy': 0.9506}} 
09-12 22:41 DEBUG    ****** PDM_KL matching ******** 
09-12 22:41 DEBUG    Best Sigma0: 0.5. Best sigma: 1 Best gamma: 10. Best Test accuracy: 0.9268. Train acc: 0.9250333333333334. 

09-12 22:41 DEBUG    PDM_KL log: {(0.5, 1, 10): {'shapes': [(784, 423), (423,), (423, 10), (10,)], 'train_accuracy': 0.9250333333333334, 'test_accuracy': 0.9268}} 
09-12 22:44 DEBUG    ****** PDM_KL matching ******** 
09-12 22:44 DEBUG    Best Sigma0: 0.5. Best sigma: 1 Best gamma: 10. Best Test accuracy: 0.0892. Train acc: 0.09036666666666666. 

09-12 22:44 DEBUG    PDM_KL log: {(0.5, 1, 10): {'shapes': [(784, 148), (148,), (148, 10), (10,)], 'train_accuracy': 0.09036666666666666, 'test_accuracy': 0.0892}} 
09-12 22:47 DEBUG    ****** PDM_KL matching ******** 
09-12 22:47 DEBUG    Best Sigma0: 0.5. Best sigma: 1 Best gamma: 10. Best Test accuracy: 0.0892. Train acc: 0.09036666666666666. 

09-12 22:47 DEBUG    PDM_KL log: {(0.5, 1, 10): {'shapes': [(784, 148), (148,), (148, 10), (10,)], 'train_accuracy': 0.09036666666666666, 'test_accuracy': 0.0892}} 
09-12 22:47 DEBUG    Trial 0 completed
09-12 22:47 DEBUG    ####################################################################################################
09-12 22:47 DEBUG    ####################################################################################################
09-12 22:47 DEBUG    Executing Trial 1 with seed 1
09-12 22:47 DEBUG    Data statistics: {0: {0: 218, 1: 258, 2: 237, 3: 252, 4: 236, 5: 223, 6: 264, 7: 247, 8: 235, 9: 230}, 1: {0: 210, 1: 297, 2: 242, 3: 269, 4: 234, 5: 199, 6: 241, 7: 250, 8: 235, 9: 223}, 2: {0: 250, 1: 264, 2: 235, 3: 233, 4: 226, 5: 240, 6: 247, 7: 234, 8: 214, 9: 257}, 3: {0: 237, 1: 279, 2: 231, 3: 242, 4: 235, 5: 218, 6: 224, 7: 272, 8: 240, 9: 222}, 4: {0: 243, 1: 275, 2: 249, 3: 241, 4: 226, 5: 230, 6: 211, 7: 262, 8: 248, 9: 215}, 5: {0: 260, 1: 274, 2: 224, 3: 241, 4: 227, 5: 253, 6: 239, 7: 234, 8: 234, 9: 214}, 6: {0: 226, 1: 262, 2: 264, 3: 247, 4: 235, 5: 229, 6: 213, 7: 258, 8: 222, 9: 244}, 7: {0: 223, 1: 265, 2: 239, 3: 260, 4: 230, 5: 236, 6: 261, 7: 248, 8: 217, 9: 221}, 8: {0: 250, 1: 267, 2: 242, 3: 240, 4: 231, 5: 223, 6: 232, 7: 223, 8: 246, 9: 246}, 9: {0: 255, 1: 271, 2: 225, 3: 233, 4: 249, 5: 223, 6: 246, 7: 245, 8: 226, 9: 227}, 10: {0: 250, 1: 244, 2: 245, 3: 233, 4: 219, 5: 202, 6: 253, 7: 256, 8: 244, 9: 254}, 11: {0: 222, 1: 254, 2: 241, 3: 251, 4: 247, 5: 212, 6: 222, 7: 262, 8: 234, 9: 255}, 12: {0: 237, 1: 297, 2: 233, 3: 249, 4: 242, 5: 191, 6: 257, 7: 225, 8: 236, 9: 233}, 13: {0: 228, 1: 259, 2: 255, 3: 257, 4: 231, 5: 217, 6: 255, 7: 232, 8: 234, 9: 232}, 14: {0: 236, 1: 282, 2: 248, 3: 271, 4: 234, 5: 178, 6: 199, 7: 287, 8: 218, 9: 247}, 15: {0: 237, 1: 274, 2: 282, 3: 252, 4: 204, 5: 220, 6: 219, 7: 256, 8: 239, 9: 217}, 16: {0: 258, 1: 283, 2: 235, 3: 237, 4: 238, 5: 191, 6: 231, 7: 238, 8: 250, 9: 239}, 17: {0: 207, 1: 267, 2: 245, 3: 232, 4: 241, 5: 223, 6: 234, 7: 238, 8: 244, 9: 269}, 18: {0: 246, 1: 244, 2: 224, 3: 230, 4: 230, 5: 212, 6: 252, 7: 269, 8: 251, 9: 242}, 19: {0: 227, 1: 250, 2: 227, 3: 228, 4: 261, 5: 225, 6: 230, 7: 261, 8: 229, 9: 262}, 20: {0: 243, 1: 276, 2: 201, 3: 245, 4: 223, 5: 232, 6: 229, 7: 261, 8: 243, 9: 247}, 21: {0: 252, 1: 254, 2: 254, 3: 255, 4: 242, 5: 211, 6: 243, 7: 251, 8: 216, 9: 222}, 22: {0: 247, 1: 271, 2: 216, 3: 229, 4: 237, 5: 215, 6: 237, 7: 259, 8: 249, 9: 240}, 23: {0: 223, 1: 296, 2: 236, 3: 230, 4: 236, 5: 216, 6: 234, 7: 254, 8: 226, 9: 249}, 24: {0: 238, 1: 279, 2: 228, 3: 274, 4: 228, 5: 202, 6: 245, 7: 243, 8: 221, 9: 242}}
09-12 22:49 DEBUG    **************************************************
09-12 22:49 DEBUG    Running experiments 

09-12 22:50 DEBUG    Uniform ensemble (Train acc): 0.956017
09-12 22:50 DEBUG    Uniform ensemble (Test acc): 0.955600
09-12 22:50 DEBUG    FedAvg (Train acc): 0.108333
09-12 22:50 DEBUG    FedAvg (Test acc): 0.109900
09-12 22:53 DEBUG    ****** PDM_KL matching ******** 
09-12 22:53 DEBUG    Best Sigma0: 0.5. Best sigma: 1 Best gamma: 10. Best Test accuracy: 0.9498. Train acc: 0.94925. 

09-12 22:53 DEBUG    PDM_KL log: {(0.5, 1, 10): {'shapes': [(784, 342), (342,), (342, 10), (10,)], 'train_accuracy': 0.94925, 'test_accuracy': 0.9498}} 
09-12 23:00 DEBUG    ****** PDM_KL matching ******** 
09-12 23:00 DEBUG    Best Sigma0: 0.5. Best sigma: 1 Best gamma: 10. Best Test accuracy: 0.9493. Train acc: 0.9491833333333334. 

09-12 23:00 DEBUG    PDM_KL log: {(0.5, 1, 10): {'shapes': [(784, 338), (338,), (338, 10), (10,)], 'train_accuracy': 0.9491833333333334, 'test_accuracy': 0.9493}} 
09-12 23:07 DEBUG    ****** PDM_KL matching ******** 
09-12 23:07 DEBUG    Best Sigma0: 0.5. Best sigma: 1 Best gamma: 10. Best Test accuracy: 0.9495. Train acc: 0.9500333333333333. 

09-12 23:07 DEBUG    PDM_KL log: {(0.5, 1, 10): {'shapes': [(784, 344), (344,), (344, 10), (10,)], 'train_accuracy': 0.9500333333333333, 'test_accuracy': 0.9495}} 
09-12 23:13 DEBUG    ****** PDM_KL matching ******** 
09-12 23:13 DEBUG    Best Sigma0: 0.5. Best sigma: 1 Best gamma: 10. Best Test accuracy: 0.9502. Train acc: 0.94995. 

09-12 23:13 DEBUG    PDM_KL log: {(0.5, 1, 10): {'shapes': [(784, 339), (339,), (339, 10), (10,)], 'train_accuracy': 0.94995, 'test_accuracy': 0.9502}} 
09-12 23:19 DEBUG    ****** PDM_KL matching ******** 
09-12 23:19 DEBUG    Best Sigma0: 0.5. Best sigma: 1 Best gamma: 10. Best Test accuracy: 0.9519. Train acc: 0.9493333333333334. 

09-12 23:19 DEBUG    PDM_KL log: {(0.5, 1, 10): {'shapes': [(784, 335), (335,), (335, 10), (10,)], 'train_accuracy': 0.9493333333333334, 'test_accuracy': 0.9519}} 
09-12 23:27 DEBUG    ****** PDM_KL matching ******** 
09-12 23:27 DEBUG    Best Sigma0: 0.5. Best sigma: 1 Best gamma: 10. Best Test accuracy: 0.9507. Train acc: 0.95015. 

09-12 23:27 DEBUG    PDM_KL log: {(0.5, 1, 10): {'shapes': [(784, 351), (351,), (351, 10), (10,)], 'train_accuracy': 0.95015, 'test_accuracy': 0.9507}} 
09-12 23:36 DEBUG    ****** PDM_KL matching ******** 
09-12 23:36 DEBUG    Best Sigma0: 0.5. Best sigma: 1 Best gamma: 10. Best Test accuracy: 0.951. Train acc: 0.9513833333333334. 

09-12 23:36 DEBUG    PDM_KL log: {(0.5, 1, 10): {'shapes': [(784, 452), (452,), (452, 10), (10,)], 'train_accuracy': 0.9513833333333334, 'test_accuracy': 0.951}} 
09-12 23:51 DEBUG    ****** PDM_KL matching ******** 
09-12 23:51 DEBUG    Best Sigma0: 0.5. Best sigma: 1 Best gamma: 10. Best Test accuracy: 0.9498. Train acc: 0.9503833333333334. 

09-12 23:51 DEBUG    PDM_KL log: {(0.5, 1, 10): {'shapes': [(784, 668), (668,), (668, 10), (10,)], 'train_accuracy': 0.9503833333333334, 'test_accuracy': 0.9498}} 
09-13 00:05 DEBUG    ****** PDM_KL matching ******** 
09-13 00:05 DEBUG    Best Sigma0: 0.5. Best sigma: 1 Best gamma: 10. Best Test accuracy: 0.9235. Train acc: 0.9219666666666667. 

09-13 00:05 DEBUG    PDM_KL log: {(0.5, 1, 10): {'shapes': [(784, 374), (374,), (374, 10), (10,)], 'train_accuracy': 0.9219666666666667, 'test_accuracy': 0.9235}} 
09-13 00:09 DEBUG    ****** PDM_KL matching ******** 
09-13 00:09 DEBUG    Best Sigma0: 0.5. Best sigma: 1 Best gamma: 10. Best Test accuracy: 0.0892. Train acc: 0.09035. 

09-13 00:09 DEBUG    PDM_KL log: {(0.5, 1, 10): {'shapes': [(784, 148), (148,), (148, 10), (10,)], 'train_accuracy': 0.09035, 'test_accuracy': 0.0892}} 
09-13 00:11 DEBUG    ****** PDM_KL matching ******** 
09-13 00:11 DEBUG    Best Sigma0: 0.5. Best sigma: 1 Best gamma: 10. Best Test accuracy: 0.0892. Train acc: 0.09035. 

09-13 00:11 DEBUG    PDM_KL log: {(0.5, 1, 10): {'shapes': [(784, 148), (148,), (148, 10), (10,)], 'train_accuracy': 0.09035, 'test_accuracy': 0.0892}} 
09-13 00:11 DEBUG    Trial 1 completed
09-13 00:11 DEBUG    ####################################################################################################
09-13 00:11 DEBUG    ####################################################################################################
09-13 00:11 DEBUG    Executing Trial 2 with seed 2
09-13 00:11 DEBUG    Data statistics: {0: {0: 266, 1: 273, 2: 225, 3: 252, 4: 229, 5: 237, 6: 237, 7: 232, 8: 242, 9: 207}, 1: {0: 244, 1: 274, 2: 237, 3: 219, 4: 262, 5: 228, 6: 237, 7: 243, 8: 223, 9: 233}, 2: {0: 227, 1: 282, 2: 226, 3: 285, 4: 216, 5: 202, 6: 228, 7: 239, 8: 244, 9: 251}, 3: {0: 237, 1: 273, 2: 240, 3: 260, 4: 246, 5: 193, 6: 239, 7: 239, 8: 229, 9: 244}, 4: {0: 209, 1: 252, 2: 266, 3: 236, 4: 264, 5: 223, 6: 228, 7: 267, 8: 228, 9: 227}, 5: {0: 236, 1: 272, 2: 240, 3: 252, 4: 228, 5: 205, 6: 246, 7: 243, 8: 231, 9: 247}, 6: {0: 228, 1: 254, 2: 255, 3: 257, 4: 231, 5: 240, 6: 243, 7: 245, 8: 212, 9: 235}, 7: {0: 248, 1: 279, 2: 237, 3: 245, 4: 228, 5: 234, 6: 229, 7: 260, 8: 218, 9: 222}, 8: {0: 251, 1: 262, 2: 262, 3: 222, 4: 235, 5: 214, 6: 232, 7: 247, 8: 231, 9: 244}, 9: {0: 204, 1: 277, 2: 203, 3: 236, 4: 237, 5: 216, 6: 267, 7: 260, 8: 261, 9: 239}, 10: {0: 241, 1: 234, 2: 246, 3: 251, 4: 233, 5: 196, 6: 253, 7: 252, 8: 250, 9: 244}, 11: {0: 224, 1: 258, 2: 250, 3: 263, 4: 241, 5: 231, 6: 248, 7: 227, 8: 211, 9: 247}, 12: {0: 242, 1: 268, 2: 241, 3: 265, 4: 231, 5: 237, 6: 224, 7: 246, 8: 242, 9: 204}, 13: {0: 220, 1: 273, 2: 251, 3: 237, 4: 216, 5: 210, 6: 229, 7: 290, 8: 237, 9: 237}, 14: {0: 229, 1: 285, 2: 225, 3: 243, 4: 235, 5: 222, 6: 239, 7: 250, 8: 237, 9: 235}, 15: {0: 243, 1: 287, 2: 245, 3: 221, 4: 226, 5: 211, 6: 224, 7: 255, 8: 245, 9: 243}, 16: {0: 256, 1: 256, 2: 249, 3: 228, 4: 237, 5: 238, 6: 204, 7: 262, 8: 221, 9: 249}, 17: {0: 242, 1: 273, 2: 226, 3: 244, 4: 239, 5: 198, 6: 255, 7: 247, 8: 238, 9: 238}, 18: {0: 249, 1: 271, 2: 231, 3: 266, 4: 232, 5: 213, 6: 219, 7: 258, 8: 209, 9: 252}, 19: {0: 239, 1: 294, 2: 236, 3: 237, 4: 226, 5: 211, 6: 221, 7: 271, 8: 232, 9: 233}, 20: {0: 244, 1: 263, 2: 236, 3: 206, 4: 237, 5: 213, 6: 244, 7: 244, 8: 253, 9: 260}, 21: {0: 270, 1: 262, 2: 239, 3: 251, 4: 224, 5: 197, 6: 241, 7: 253, 8: 223, 9: 240}, 22: {0: 232, 1: 294, 2: 229, 3: 232, 4: 248, 5: 222, 6: 229, 7: 258, 8: 222, 9: 234}, 23: {0: 215, 1: 248, 2: 209, 3: 275, 4: 223, 5: 225, 6: 273, 7: 237, 8: 272, 9: 223}, 24: {0: 227, 1: 278, 2: 254, 3: 248, 4: 218, 5: 205, 6: 229, 7: 240, 8: 240, 9: 261}}
09-13 00:13 DEBUG    **************************************************
09-13 00:13 DEBUG    Running experiments 

09-13 00:14 DEBUG    Uniform ensemble (Train acc): 0.956217
09-13 00:14 DEBUG    Uniform ensemble (Test acc): 0.955700
09-13 00:14 DEBUG    FedAvg (Train acc): 0.103233
09-13 00:14 DEBUG    FedAvg (Test acc): 0.100300
09-13 00:18 DEBUG    ****** PDM_KL matching ******** 
09-13 00:18 DEBUG    Best Sigma0: 0.5. Best sigma: 1 Best gamma: 10. Best Test accuracy: 0.9454. Train acc: 0.9480166666666666. 

09-13 00:18 DEBUG    PDM_KL log: {(0.5, 1, 10): {'shapes': [(784, 353), (353,), (353, 10), (10,)], 'train_accuracy': 0.9480166666666666, 'test_accuracy': 0.9454}} 
09-13 00:24 DEBUG    ****** PDM_KL matching ******** 
09-13 00:24 DEBUG    Best Sigma0: 0.5. Best sigma: 1 Best gamma: 10. Best Test accuracy: 0.948. Train acc: 0.9490666666666666. 

09-13 00:24 DEBUG    PDM_KL log: {(0.5, 1, 10): {'shapes': [(784, 345), (345,), (345, 10), (10,)], 'train_accuracy': 0.9490666666666666, 'test_accuracy': 0.948}} 
09-13 00:30 DEBUG    ****** PDM_KL matching ******** 
09-13 00:30 DEBUG    Best Sigma0: 0.5. Best sigma: 1 Best gamma: 10. Best Test accuracy: 0.9471. Train acc: 0.9481833333333334. 

09-13 00:30 DEBUG    PDM_KL log: {(0.5, 1, 10): {'shapes': [(784, 349), (349,), (349, 10), (10,)], 'train_accuracy': 0.9481833333333334, 'test_accuracy': 0.9471}} 
09-13 00:36 DEBUG    ****** PDM_KL matching ******** 
09-13 00:36 DEBUG    Best Sigma0: 0.5. Best sigma: 1 Best gamma: 10. Best Test accuracy: 0.9448. Train acc: 0.94675. 

09-13 00:36 DEBUG    PDM_KL log: {(0.5, 1, 10): {'shapes': [(784, 349), (349,), (349, 10), (10,)], 'train_accuracy': 0.94675, 'test_accuracy': 0.9448}} 
09-13 00:42 DEBUG    ****** PDM_KL matching ******** 
09-13 00:42 DEBUG    Best Sigma0: 0.5. Best sigma: 1 Best gamma: 10. Best Test accuracy: 0.9466. Train acc: 0.9471833333333334. 

09-13 00:42 DEBUG    PDM_KL log: {(0.5, 1, 10): {'shapes': [(784, 353), (353,), (353, 10), (10,)], 'train_accuracy': 0.9471833333333334, 'test_accuracy': 0.9466}} 
09-13 00:49 DEBUG    ****** PDM_KL matching ******** 
09-13 00:49 DEBUG    Best Sigma0: 0.5. Best sigma: 1 Best gamma: 10. Best Test accuracy: 0.9498. Train acc: 0.949. 

09-13 00:49 DEBUG    PDM_KL log: {(0.5, 1, 10): {'shapes': [(784, 364), (364,), (364, 10), (10,)], 'train_accuracy': 0.949, 'test_accuracy': 0.9498}} 
09-13 00:58 DEBUG    ****** PDM_KL matching ******** 
09-13 00:58 DEBUG    Best Sigma0: 0.5. Best sigma: 1 Best gamma: 10. Best Test accuracy: 0.9484. Train acc: 0.9501666666666667. 

09-13 00:58 DEBUG    PDM_KL log: {(0.5, 1, 10): {'shapes': [(784, 491), (491,), (491, 10), (10,)], 'train_accuracy': 0.9501666666666667, 'test_accuracy': 0.9484}} 
09-13 01:11 DEBUG    ****** PDM_KL matching ******** 
09-13 01:11 DEBUG    Best Sigma0: 0.5. Best sigma: 1 Best gamma: 10. Best Test accuracy: 0.9478. Train acc: 0.9491166666666667. 

09-13 01:11 DEBUG    PDM_KL log: {(0.5, 1, 10): {'shapes': [(784, 693), (693,), (693, 10), (10,)], 'train_accuracy': 0.9491166666666667, 'test_accuracy': 0.9478}} 
09-13 01:25 DEBUG    ****** PDM_KL matching ******** 
09-13 01:25 DEBUG    Best Sigma0: 0.5. Best sigma: 1 Best gamma: 10. Best Test accuracy: 0.9283. Train acc: 0.9278666666666666. 

09-13 01:25 DEBUG    PDM_KL log: {(0.5, 1, 10): {'shapes': [(784, 469), (469,), (469, 10), (10,)], 'train_accuracy': 0.9278666666666666, 'test_accuracy': 0.9283}} 
09-13 01:29 DEBUG    ****** PDM_KL matching ******** 
09-13 01:29 DEBUG    Best Sigma0: 0.5. Best sigma: 1 Best gamma: 10. Best Test accuracy: 0.0892. Train acc: 0.0904. 

09-13 01:29 DEBUG    PDM_KL log: {(0.5, 1, 10): {'shapes': [(784, 148), (148,), (148, 10), (10,)], 'train_accuracy': 0.0904, 'test_accuracy': 0.0892}} 
09-13 01:33 DEBUG    ****** PDM_KL matching ******** 
09-13 01:33 DEBUG    Best Sigma0: 0.5. Best sigma: 1 Best gamma: 10. Best Test accuracy: 0.0892. Train acc: 0.09036666666666666. 

09-13 01:33 DEBUG    PDM_KL log: {(0.5, 1, 10): {'shapes': [(784, 148), (148,), (148, 10), (10,)], 'train_accuracy': 0.09036666666666666, 'test_accuracy': 0.0892}} 
09-13 01:33 DEBUG    Trial 2 completed
09-13 01:33 DEBUG    ####################################################################################################
09-13 01:33 DEBUG    ####################################################################################################
09-13 01:33 DEBUG    Executing Trial 3 with seed 3
09-13 01:33 DEBUG    Data statistics: {0: {0: 221, 1: 286, 2: 265, 3: 226, 4: 223, 5: 210, 6: 237, 7: 263, 8: 253, 9: 216}, 1: {0: 218, 1: 285, 2: 232, 3: 254, 4: 220, 5: 229, 6: 220, 7: 269, 8: 237, 9: 236}, 2: {0: 264, 1: 290, 2: 234, 3: 243, 4: 240, 5: 214, 6: 221, 7: 248, 8: 205, 9: 241}, 3: {0: 255, 1: 254, 2: 230, 3: 231, 4: 234, 5: 207, 6: 233, 7: 271, 8: 243, 9: 242}, 4: {0: 220, 1: 267, 2: 240, 3: 245, 4: 240, 5: 244, 6: 247, 7: 234, 8: 229, 9: 234}, 5: {0: 236, 1: 259, 2: 238, 3: 250, 4: 254, 5: 216, 6: 218, 7: 245, 8: 236, 9: 248}, 6: {0: 214, 1: 271, 2: 235, 3: 259, 4: 224, 5: 211, 6: 236, 7: 258, 8: 254, 9: 238}, 7: {0: 209, 1: 278, 2: 243, 3: 236, 4: 269, 5: 214, 6: 227, 7: 255, 8: 225, 9: 244}, 8: {0: 239, 1: 281, 2: 254, 3: 250, 4: 222, 5: 216, 6: 234, 7: 212, 8: 254, 9: 238}, 9: {0: 233, 1: 251, 2: 239, 3: 278, 4: 221, 5: 196, 6: 228, 7: 251, 8: 243, 9: 260}, 10: {0: 220, 1: 272, 2: 215, 3: 253, 4: 240, 5: 234, 6: 241, 7: 240, 8: 236, 9: 249}, 11: {0: 230, 1: 272, 2: 238, 3: 240, 4: 237, 5: 202, 6: 260, 7: 259, 8: 233, 9: 229}, 12: {0: 242, 1: 259, 2: 256, 3: 281, 4: 235, 5: 194, 6: 222, 7: 235, 8: 228, 9: 248}, 13: {0: 226, 1: 277, 2: 235, 3: 250, 4: 236, 5: 228, 6: 257, 7: 223, 8: 208, 9: 260}, 14: {0: 241, 1: 279, 2: 246, 3: 243, 4: 239, 5: 205, 6: 219, 7: 265, 8: 227, 9: 236}, 15: {0: 252, 1: 269, 2: 246, 3: 249, 4: 197, 5: 233, 6: 248, 7: 248, 8: 227, 9: 231}, 16: {0: 249, 1: 292, 2: 208, 3: 234, 4: 248, 5: 216, 6: 244, 7: 234, 8: 242, 9: 233}, 17: {0: 244, 1: 253, 2: 254, 3: 231, 4: 230, 5: 208, 6: 234, 7: 279, 8: 248, 9: 219}, 18: {0: 239, 1: 274, 2: 226, 3: 254, 4: 217, 5: 206, 6: 239, 7: 274, 8: 236, 9: 235}, 19: {0: 255, 1: 268, 2: 240, 3: 217, 4: 226, 5: 221, 6: 240, 7: 243, 8: 250, 9: 240}, 20: {0: 245, 1: 274, 2: 228, 3: 265, 4: 230, 5: 207, 6: 224, 7: 249, 8: 245, 9: 233}, 21: {0: 239, 1: 268, 2: 248, 3: 216, 4: 237, 5: 238, 6: 246, 7: 247, 8: 214, 9: 247}, 22: {0: 265, 1: 271, 2: 225, 3: 271, 4: 223, 5: 235, 6: 237, 7: 248, 8: 208, 9: 217}, 23: {0: 232, 1: 231, 2: 237, 3: 213, 4: 263, 5: 223, 6: 252, 7: 266, 8: 245, 9: 238}, 24: {0: 235, 1: 261, 2: 246, 3: 242, 4: 237, 5: 214, 6: 254, 7: 249, 8: 225, 9: 237}}
09-13 01:35 DEBUG    **************************************************
09-13 01:35 DEBUG    Running experiments 

09-13 01:35 DEBUG    Uniform ensemble (Train acc): 0.956000
09-13 01:35 DEBUG    Uniform ensemble (Test acc): 0.955300
09-13 01:36 DEBUG    FedAvg (Train acc): 0.113833
09-13 01:36 DEBUG    FedAvg (Test acc): 0.110600
09-13 01:39 DEBUG    ****** PDM_KL matching ******** 
09-13 01:39 DEBUG    Best Sigma0: 0.5. Best sigma: 1 Best gamma: 10. Best Test accuracy: 0.9469. Train acc: 0.9477666666666666. 

09-13 01:39 DEBUG    PDM_KL log: {(0.5, 1, 10): {'shapes': [(784, 328), (328,), (328, 10), (10,)], 'train_accuracy': 0.9477666666666666, 'test_accuracy': 0.9469}} 
09-13 01:44 DEBUG    ****** PDM_KL matching ******** 
09-13 01:44 DEBUG    Best Sigma0: 0.5. Best sigma: 1 Best gamma: 10. Best Test accuracy: 0.9488. Train acc: 0.9498166666666666. 

09-13 01:44 DEBUG    PDM_KL log: {(0.5, 1, 10): {'shapes': [(784, 328), (328,), (328, 10), (10,)], 'train_accuracy': 0.9498166666666666, 'test_accuracy': 0.9488}} 
09-13 01:48 DEBUG    ****** PDM_KL matching ******** 
09-13 01:48 DEBUG    Best Sigma0: 0.5. Best sigma: 1 Best gamma: 10. Best Test accuracy: 0.948. Train acc: 0.9496833333333333. 

09-13 01:48 DEBUG    PDM_KL log: {(0.5, 1, 10): {'shapes': [(784, 327), (327,), (327, 10), (10,)], 'train_accuracy': 0.9496833333333333, 'test_accuracy': 0.948}} 
09-13 01:52 DEBUG    ****** PDM_KL matching ******** 
09-13 01:52 DEBUG    Best Sigma0: 0.5. Best sigma: 1 Best gamma: 10. Best Test accuracy: 0.9485. Train acc: 0.9501. 

09-13 01:52 DEBUG    PDM_KL log: {(0.5, 1, 10): {'shapes': [(784, 339), (339,), (339, 10), (10,)], 'train_accuracy': 0.9501, 'test_accuracy': 0.9485}} 
09-13 01:58 DEBUG    ****** PDM_KL matching ******** 
09-13 01:58 DEBUG    Best Sigma0: 0.5. Best sigma: 1 Best gamma: 10. Best Test accuracy: 0.9484. Train acc: 0.9498. 

09-13 01:58 DEBUG    PDM_KL log: {(0.5, 1, 10): {'shapes': [(784, 330), (330,), (330, 10), (10,)], 'train_accuracy': 0.9498, 'test_accuracy': 0.9484}} 
09-13 02:04 DEBUG    ****** PDM_KL matching ******** 
09-13 02:04 DEBUG    Best Sigma0: 0.5. Best sigma: 1 Best gamma: 10. Best Test accuracy: 0.9495. Train acc: 0.9492666666666667. 

09-13 02:04 DEBUG    PDM_KL log: {(0.5, 1, 10): {'shapes': [(784, 342), (342,), (342, 10), (10,)], 'train_accuracy': 0.9492666666666667, 'test_accuracy': 0.9495}} 
09-13 02:12 DEBUG    ****** PDM_KL matching ******** 
09-13 02:12 DEBUG    Best Sigma0: 0.5. Best sigma: 1 Best gamma: 10. Best Test accuracy: 0.9529. Train acc: 0.9523. 

09-13 02:12 DEBUG    PDM_KL log: {(0.5, 1, 10): {'shapes': [(784, 438), (438,), (438, 10), (10,)], 'train_accuracy': 0.9523, 'test_accuracy': 0.9529}} 
09-13 02:25 DEBUG    ****** PDM_KL matching ******** 
09-13 02:25 DEBUG    Best Sigma0: 0.5. Best sigma: 1 Best gamma: 10. Best Test accuracy: 0.9499. Train acc: 0.9523833333333334. 

09-13 02:25 DEBUG    PDM_KL log: {(0.5, 1, 10): {'shapes': [(784, 618), (618,), (618, 10), (10,)], 'train_accuracy': 0.9523833333333334, 'test_accuracy': 0.9499}} 
09-13 02:39 DEBUG    ****** PDM_KL matching ******** 
09-13 02:39 DEBUG    Best Sigma0: 0.5. Best sigma: 1 Best gamma: 10. Best Test accuracy: 0.9338. Train acc: 0.9323. 

09-13 02:39 DEBUG    PDM_KL log: {(0.5, 1, 10): {'shapes': [(784, 433), (433,), (433, 10), (10,)], 'train_accuracy': 0.9323, 'test_accuracy': 0.9338}} 
09-13 02:41 DEBUG    ****** PDM_KL matching ******** 
09-13 02:41 DEBUG    Best Sigma0: 0.5. Best sigma: 1 Best gamma: 10. Best Test accuracy: 0.0892. Train acc: 0.09035. 

09-13 02:41 DEBUG    PDM_KL log: {(0.5, 1, 10): {'shapes': [(784, 139), (139,), (139, 10), (10,)], 'train_accuracy': 0.09035, 'test_accuracy': 0.0892}} 
09-13 02:43 DEBUG    ****** PDM_KL matching ******** 
09-13 02:43 DEBUG    Best Sigma0: 0.5. Best sigma: 1 Best gamma: 10. Best Test accuracy: 0.0892. Train acc: 0.09035. 

09-13 02:43 DEBUG    PDM_KL log: {(0.5, 1, 10): {'shapes': [(784, 148), (148,), (148, 10), (10,)], 'train_accuracy': 0.09035, 'test_accuracy': 0.0892}} 
09-13 02:43 DEBUG    Trial 3 completed
09-13 02:43 DEBUG    ####################################################################################################
09-13 02:43 DEBUG    ####################################################################################################
09-13 02:43 DEBUG    Executing Trial 4 with seed 4
09-13 02:43 DEBUG    Data statistics: {0: {0: 239, 1: 264, 2: 252, 3: 263, 4: 236, 5: 187, 6: 235, 7: 257, 8: 225, 9: 242}, 1: {0: 225, 1: 272, 2: 261, 3: 224, 4: 234, 5: 224, 6: 243, 7: 242, 8: 235, 9: 240}, 2: {0: 254, 1: 293, 2: 215, 3: 246, 4: 202, 5: 219, 6: 241, 7: 249, 8: 247, 9: 234}, 3: {0: 234, 1: 231, 2: 246, 3: 256, 4: 246, 5: 231, 6: 219, 7: 274, 8: 234, 9: 229}, 4: {0: 245, 1: 282, 2: 271, 3: 236, 4: 208, 5: 227, 6: 234, 7: 258, 8: 227, 9: 212}, 5: {0: 228, 1: 278, 2: 235, 3: 241, 4: 241, 5: 214, 6: 247, 7: 234, 8: 242, 9: 240}, 6: {0: 224, 1: 290, 2: 234, 3: 237, 4: 230, 5: 217, 6: 238, 7: 242, 8: 246, 9: 242}, 7: {0: 228, 1: 269, 2: 228, 3: 247, 4: 251, 5: 210, 6: 230, 7: 245, 8: 244, 9: 248}, 8: {0: 215, 1: 253, 2: 235, 3: 245, 4: 244, 5: 227, 6: 234, 7: 255, 8: 225, 9: 267}, 9: {0: 256, 1: 266, 2: 217, 3: 250, 4: 248, 5: 218, 6: 245, 7: 233, 8: 223, 9: 244}, 10: {0: 233, 1: 274, 2: 242, 3: 233, 4: 223, 5: 228, 6: 254, 7: 271, 8: 192, 9: 250}, 11: {0: 226, 1: 280, 2: 244, 3: 275, 4: 238, 5: 222, 6: 253, 7: 235, 8: 212, 9: 215}, 12: {0: 251, 1: 277, 2: 237, 3: 260, 4: 249, 5: 205, 6: 251, 7: 211, 8: 229, 9: 230}, 13: {0: 233, 1: 272, 2: 235, 3: 267, 4: 222, 5: 216, 6: 256, 7: 248, 8: 235, 9: 216}, 14: {0: 267, 1: 261, 2: 224, 3: 234, 4: 251, 5: 202, 6: 210, 7: 260, 8: 243, 9: 248}, 15: {0: 207, 1: 273, 2: 244, 3: 243, 4: 230, 5: 220, 6: 241, 7: 270, 8: 224, 9: 248}, 16: {0: 250, 1: 278, 2: 240, 3: 234, 4: 237, 5: 218, 6: 230, 7: 257, 8: 224, 9: 232}, 17: {0: 237, 1: 271, 2: 251, 3: 246, 4: 221, 5: 203, 6: 219, 7: 283, 8: 238, 9: 231}, 18: {0: 240, 1: 255, 2: 233, 3: 248, 4: 246, 5: 212, 6: 224, 7: 245, 8: 269, 9: 228}, 19: {0: 256, 1: 272, 2: 251, 3: 230, 4: 226, 5: 210, 6: 249, 7: 233, 8: 240, 9: 233}, 20: {0: 222, 1: 277, 2: 224, 3: 235, 4: 234, 5: 215, 6: 225, 7: 246, 8: 262, 9: 260}, 21: {0: 232, 1: 290, 2: 259, 3: 241, 4: 226, 5: 217, 6: 218, 7: 269, 8: 207, 9: 241}, 22: {0: 255, 1: 240, 2: 233, 3: 244, 4: 232, 5: 233, 6: 231, 7: 254, 8: 236, 9: 242}, 23: {0: 221, 1: 258, 2: 230, 3: 254, 4: 242, 5: 206, 6: 261, 7: 252, 8: 251, 9: 225}, 24: {0: 245, 1: 266, 2: 217, 3: 242, 4: 225, 5: 240, 6: 230, 7: 242, 8: 241, 9: 252}}
09-13 02:45 DEBUG    **************************************************
09-13 02:45 DEBUG    Running experiments 

09-13 02:45 DEBUG    Uniform ensemble (Train acc): 0.956517
09-13 02:45 DEBUG    Uniform ensemble (Test acc): 0.957100
09-13 02:45 DEBUG    FedAvg (Train acc): 0.130617
09-13 02:45 DEBUG    FedAvg (Test acc): 0.132900
09-13 02:48 DEBUG    ****** PDM_KL matching ******** 
09-13 02:48 DEBUG    Best Sigma0: 0.5. Best sigma: 1 Best gamma: 10. Best Test accuracy: 0.9516. Train acc: 0.9504. 

09-13 02:48 DEBUG    PDM_KL log: {(0.5, 1, 10): {'shapes': [(784, 319), (319,), (319, 10), (10,)], 'train_accuracy': 0.9504, 'test_accuracy': 0.9516}} 
09-13 02:53 DEBUG    ****** PDM_KL matching ******** 
09-13 02:53 DEBUG    Best Sigma0: 0.5. Best sigma: 1 Best gamma: 10. Best Test accuracy: 0.9508. Train acc: 0.9498. 

09-13 02:53 DEBUG    PDM_KL log: {(0.5, 1, 10): {'shapes': [(784, 320), (320,), (320, 10), (10,)], 'train_accuracy': 0.9498, 'test_accuracy': 0.9508}} 
09-13 02:58 DEBUG    ****** PDM_KL matching ******** 
09-13 02:58 DEBUG    Best Sigma0: 0.5. Best sigma: 1 Best gamma: 10. Best Test accuracy: 0.9504. Train acc: 0.95. 

09-13 02:58 DEBUG    PDM_KL log: {(0.5, 1, 10): {'shapes': [(784, 316), (316,), (316, 10), (10,)], 'train_accuracy': 0.95, 'test_accuracy': 0.9504}} 
09-13 03:04 DEBUG    ****** PDM_KL matching ******** 
09-13 03:04 DEBUG    Best Sigma0: 0.5. Best sigma: 1 Best gamma: 10. Best Test accuracy: 0.95. Train acc: 0.9502166666666667. 

09-13 03:04 DEBUG    PDM_KL log: {(0.5, 1, 10): {'shapes': [(784, 315), (315,), (315, 10), (10,)], 'train_accuracy': 0.9502166666666667, 'test_accuracy': 0.95}} 
09-13 03:09 DEBUG    ****** PDM_KL matching ******** 
09-13 03:09 DEBUG    Best Sigma0: 0.5. Best sigma: 1 Best gamma: 10. Best Test accuracy: 0.9509. Train acc: 0.95095. 

09-13 03:09 DEBUG    PDM_KL log: {(0.5, 1, 10): {'shapes': [(784, 326), (326,), (326, 10), (10,)], 'train_accuracy': 0.95095, 'test_accuracy': 0.9509}} 
09-13 03:13 DEBUG    ****** PDM_KL matching ******** 
09-13 03:13 DEBUG    Best Sigma0: 0.5. Best sigma: 1 Best gamma: 10. Best Test accuracy: 0.9504. Train acc: 0.9502. 

09-13 03:13 DEBUG    PDM_KL log: {(0.5, 1, 10): {'shapes': [(784, 328), (328,), (328, 10), (10,)], 'train_accuracy': 0.9502, 'test_accuracy': 0.9504}} 
09-13 03:20 DEBUG    ****** PDM_KL matching ******** 
09-13 03:20 DEBUG    Best Sigma0: 0.5. Best sigma: 1 Best gamma: 10. Best Test accuracy: 0.9541. Train acc: 0.9524833333333333. 

09-13 03:20 DEBUG    PDM_KL log: {(0.5, 1, 10): {'shapes': [(784, 421), (421,), (421, 10), (10,)], 'train_accuracy': 0.9524833333333333, 'test_accuracy': 0.9541}} 
09-13 03:30 DEBUG    ****** PDM_KL matching ******** 
09-13 03:30 DEBUG    Best Sigma0: 0.5. Best sigma: 1 Best gamma: 10. Best Test accuracy: 0.9545. Train acc: 0.9518. 

09-13 03:30 DEBUG    PDM_KL log: {(0.5, 1, 10): {'shapes': [(784, 626), (626,), (626, 10), (10,)], 'train_accuracy': 0.9518, 'test_accuracy': 0.9545}} 
09-13 03:40 DEBUG    ****** PDM_KL matching ******** 
09-13 03:40 DEBUG    Best Sigma0: 0.5. Best sigma: 1 Best gamma: 10. Best Test accuracy: 0.9076. Train acc: 0.9046333333333333. 

09-13 03:40 DEBUG    PDM_KL log: {(0.5, 1, 10): {'shapes': [(784, 363), (363,), (363, 10), (10,)], 'train_accuracy': 0.9046333333333333, 'test_accuracy': 0.9076}} 
09-13 03:42 DEBUG    ****** PDM_KL matching ******** 
09-13 03:42 DEBUG    Best Sigma0: 0.5. Best sigma: 1 Best gamma: 10. Best Test accuracy: 0.0892. Train acc: 0.09035. 

09-13 03:42 DEBUG    PDM_KL log: {(0.5, 1, 10): {'shapes': [(784, 148), (148,), (148, 10), (10,)], 'train_accuracy': 0.09035, 'test_accuracy': 0.0892}} 
09-13 03:44 DEBUG    ****** PDM_KL matching ******** 
09-13 03:44 DEBUG    Best Sigma0: 0.5. Best sigma: 1 Best gamma: 10. Best Test accuracy: 0.0892. Train acc: 0.09035. 

09-13 03:44 DEBUG    PDM_KL log: {(0.5, 1, 10): {'shapes': [(784, 148), (148,), (148, 10), (10,)], 'train_accuracy': 0.09035, 'test_accuracy': 0.0892}} 
09-13 03:44 DEBUG    Trial 4 completed
09-13 03:44 DEBUG    ####################################################################################################
09-13 03:44 DEBUG    ####################################################################################################
09-13 03:44 DEBUG    Executing Trial 5 with seed 5
09-13 03:44 DEBUG    Data statistics: {0: {0: 218, 1: 237, 2: 236, 3: 272, 4: 265, 5: 203, 6: 243, 7: 276, 8: 224, 9: 226}, 1: {0: 225, 1: 281, 2: 241, 3: 242, 4: 227, 5: 205, 6: 233, 7: 260, 8: 245, 9: 241}, 2: {0: 249, 1: 267, 2: 219, 3: 240, 4: 227, 5: 211, 6: 258, 7: 241, 8: 241, 9: 247}, 3: {0: 247, 1: 272, 2: 250, 3: 258, 4: 216, 5: 199, 6: 225, 7: 271, 8: 227, 9: 235}, 4: {0: 259, 1: 266, 2: 225, 3: 237, 4: 240, 5: 196, 6: 246, 7: 252, 8: 245, 9: 234}, 5: {0: 255, 1: 258, 2: 219, 3: 253, 4: 218, 5: 210, 6: 220, 7: 272, 8: 243, 9: 252}, 6: {0: 248, 1: 303, 2: 219, 3: 225, 4: 232, 5: 221, 6: 242, 7: 226, 8: 224, 9: 260}, 7: {0: 227, 1: 262, 2: 253, 3: 242, 4: 232, 5: 225, 6: 229, 7: 245, 8: 255, 9: 230}, 8: {0: 246, 1: 264, 2: 266, 3: 246, 4: 236, 5: 223, 6: 231, 7: 245, 8: 198, 9: 245}, 9: {0: 253, 1: 264, 2: 215, 3: 230, 4: 229, 5: 230, 6: 235, 7: 267, 8: 225, 9: 252}, 10: {0: 224, 1: 267, 2: 249, 3: 249, 4: 228, 5: 212, 6: 221, 7: 266, 8: 238, 9: 246}, 11: {0: 215, 1: 290, 2: 231, 3: 262, 4: 212, 5: 236, 6: 240, 7: 245, 8: 264, 9: 205}, 12: {0: 254, 1: 246, 2: 237, 3: 243, 4: 263, 5: 199, 6: 222, 7: 235, 8: 245, 9: 256}, 13: {0: 232, 1: 291, 2: 233, 3: 261, 4: 222, 5: 210, 6: 246, 7: 270, 8: 222, 9: 213}, 14: {0: 233, 1: 262, 2: 258, 3: 245, 4: 211, 5: 243, 6: 224, 7: 257, 8: 227, 9: 240}, 15: {0: 235, 1: 273, 2: 244, 3: 230, 4: 250, 5: 229, 6: 225, 7: 236, 8: 232, 9: 246}, 16: {0: 227, 1: 251, 2: 245, 3: 262, 4: 259, 5: 230, 6: 234, 7: 244, 8: 211, 9: 237}, 17: {0: 219, 1: 286, 2: 252, 3: 241, 4: 235, 5: 237, 6: 221, 7: 238, 8: 223, 9: 248}, 18: {0: 228, 1: 274, 2: 247, 3: 247, 4: 242, 5: 217, 6: 256, 7: 244, 8: 210, 9: 235}, 19: {0: 242, 1: 258, 2: 231, 3: 243, 4: 233, 5: 202, 6: 254, 7: 254, 8: 246, 9: 237}, 20: {0: 242, 1: 281, 2: 232, 3: 266, 4: 243, 5: 210, 6: 228, 7: 243, 8: 234, 9: 221}, 21: {0: 233, 1: 273, 2: 238, 3: 244, 4: 228, 5: 235, 6: 250, 7: 256, 8: 227, 9: 216}, 22: {0: 251, 1: 264, 2: 242, 3: 226, 4: 229, 5: 222, 6: 253, 7: 242, 8: 231, 9: 240}, 23: {0: 248, 1: 278, 2: 253, 3: 218, 4: 231, 5: 213, 6: 243, 7: 226, 8: 249, 9: 241}, 24: {0: 213, 1: 274, 2: 223, 3: 249, 4: 234, 5: 203, 6: 239, 7: 254, 8: 265, 9: 246}}
09-13 03:45 DEBUG    **************************************************
09-13 03:45 DEBUG    Running experiments 

09-13 03:46 DEBUG    Uniform ensemble (Train acc): 0.956050
09-13 03:46 DEBUG    Uniform ensemble (Test acc): 0.956000
09-13 03:47 DEBUG    FedAvg (Train acc): 0.102200
09-13 03:47 DEBUG    FedAvg (Test acc): 0.100400
09-13 03:49 DEBUG    ****** PDM_KL matching ******** 
09-13 03:49 DEBUG    Best Sigma0: 0.5. Best sigma: 1 Best gamma: 10. Best Test accuracy: 0.9491. Train acc: 0.9483833333333334. 

09-13 03:49 DEBUG    PDM_KL log: {(0.5, 1, 10): {'shapes': [(784, 332), (332,), (332, 10), (10,)], 'train_accuracy': 0.9483833333333334, 'test_accuracy': 0.9491}} 
09-13 03:54 DEBUG    ****** PDM_KL matching ******** 
09-13 03:54 DEBUG    Best Sigma0: 0.5. Best sigma: 1 Best gamma: 10. Best Test accuracy: 0.9495. Train acc: 0.9487. 

09-13 03:54 DEBUG    PDM_KL log: {(0.5, 1, 10): {'shapes': [(784, 336), (336,), (336, 10), (10,)], 'train_accuracy': 0.9487, 'test_accuracy': 0.9495}} 
09-13 03:58 DEBUG    ****** PDM_KL matching ******** 
09-13 03:58 DEBUG    Best Sigma0: 0.5. Best sigma: 1 Best gamma: 10. Best Test accuracy: 0.9481. Train acc: 0.9480333333333333. 

09-13 03:58 DEBUG    PDM_KL log: {(0.5, 1, 10): {'shapes': [(784, 331), (331,), (331, 10), (10,)], 'train_accuracy': 0.9480333333333333, 'test_accuracy': 0.9481}} 
09-13 04:02 DEBUG    ****** PDM_KL matching ******** 
09-13 04:02 DEBUG    Best Sigma0: 0.5. Best sigma: 1 Best gamma: 10. Best Test accuracy: 0.9485. Train acc: 0.9484666666666667. 

09-13 04:02 DEBUG    PDM_KL log: {(0.5, 1, 10): {'shapes': [(784, 337), (337,), (337, 10), (10,)], 'train_accuracy': 0.9484666666666667, 'test_accuracy': 0.9485}} 
09-13 04:06 DEBUG    ****** PDM_KL matching ******** 
09-13 04:06 DEBUG    Best Sigma0: 0.5. Best sigma: 1 Best gamma: 10. Best Test accuracy: 0.949. Train acc: 0.94805. 

09-13 04:06 DEBUG    PDM_KL log: {(0.5, 1, 10): {'shapes': [(784, 343), (343,), (343, 10), (10,)], 'train_accuracy': 0.94805, 'test_accuracy': 0.949}} 
09-13 04:10 DEBUG    ****** PDM_KL matching ******** 
09-13 04:10 DEBUG    Best Sigma0: 0.5. Best sigma: 1 Best gamma: 10. Best Test accuracy: 0.9489. Train acc: 0.9482166666666667. 

09-13 04:10 DEBUG    PDM_KL log: {(0.5, 1, 10): {'shapes': [(784, 342), (342,), (342, 10), (10,)], 'train_accuracy': 0.9482166666666667, 'test_accuracy': 0.9489}} 
09-13 04:18 DEBUG    ****** PDM_KL matching ******** 
09-13 04:18 DEBUG    Best Sigma0: 0.5. Best sigma: 1 Best gamma: 10. Best Test accuracy: 0.951. Train acc: 0.9503666666666667. 

09-13 04:18 DEBUG    PDM_KL log: {(0.5, 1, 10): {'shapes': [(784, 429), (429,), (429, 10), (10,)], 'train_accuracy': 0.9503666666666667, 'test_accuracy': 0.951}} 
09-13 04:29 DEBUG    ****** PDM_KL matching ******** 
09-13 04:29 DEBUG    Best Sigma0: 0.5. Best sigma: 1 Best gamma: 10. Best Test accuracy: 0.9526. Train acc: 0.9524333333333334. 

09-13 04:29 DEBUG    PDM_KL log: {(0.5, 1, 10): {'shapes': [(784, 624), (624,), (624, 10), (10,)], 'train_accuracy': 0.9524333333333334, 'test_accuracy': 0.9526}} 
09-13 04:39 DEBUG    ****** PDM_KL matching ******** 
09-13 04:39 DEBUG    Best Sigma0: 0.5. Best sigma: 1 Best gamma: 10. Best Test accuracy: 0.9296. Train acc: 0.9285166666666667. 

09-13 04:39 DEBUG    PDM_KL log: {(0.5, 1, 10): {'shapes': [(784, 425), (425,), (425, 10), (10,)], 'train_accuracy': 0.9285166666666667, 'test_accuracy': 0.9296}} 
09-13 04:41 DEBUG    ****** PDM_KL matching ******** 
09-13 04:41 DEBUG    Best Sigma0: 0.5. Best sigma: 1 Best gamma: 10. Best Test accuracy: 0.0892. Train acc: 0.09035. 

09-13 04:41 DEBUG    PDM_KL log: {(0.5, 1, 10): {'shapes': [(784, 148), (148,), (148, 10), (10,)], 'train_accuracy': 0.09035, 'test_accuracy': 0.0892}} 
09-13 04:43 DEBUG    ****** PDM_KL matching ******** 
09-13 04:43 DEBUG    Best Sigma0: 0.5. Best sigma: 1 Best gamma: 10. Best Test accuracy: 0.0892. Train acc: 0.09035. 

09-13 04:43 DEBUG    PDM_KL log: {(0.5, 1, 10): {'shapes': [(784, 148), (148,), (148, 10), (10,)], 'train_accuracy': 0.09035, 'test_accuracy': 0.0892}} 
09-13 04:43 DEBUG    Trial 5 completed
09-13 04:43 DEBUG    ####################################################################################################
09-13 04:43 DEBUG    ####################################################################################################
09-13 04:43 DEBUG    Executing Trial 6 with seed 6
09-13 04:43 DEBUG    Data statistics: {0: {0: 235, 1: 278, 2: 242, 3: 238, 4: 243, 5: 217, 6: 231, 7: 246, 8: 222, 9: 248}, 1: {0: 231, 1: 255, 2: 216, 3: 265, 4: 252, 5: 218, 6: 269, 7: 239, 8: 224, 9: 231}, 2: {0: 243, 1: 269, 2: 230, 3: 248, 4: 231, 5: 203, 6: 237, 7: 244, 8: 237, 9: 258}, 3: {0: 222, 1: 299, 2: 261, 3: 242, 4: 227, 5: 223, 6: 222, 7: 251, 8: 246, 9: 207}, 4: {0: 220, 1: 276, 2: 244, 3: 267, 4: 228, 5: 228, 6: 216, 7: 257, 8: 242, 9: 222}, 5: {0: 244, 1: 288, 2: 234, 3: 248, 4: 243, 5: 196, 6: 235, 7: 236, 8: 244, 9: 232}, 6: {0: 255, 1: 269, 2: 236, 3: 240, 4: 221, 5: 208, 6: 232, 7: 242, 8: 239, 9: 258}, 7: {0: 228, 1: 301, 2: 218, 3: 255, 4: 225, 5: 218, 6: 246, 7: 249, 8: 206, 9: 254}, 8: {0: 220, 1: 264, 2: 214, 3: 238, 4: 228, 5: 237, 6: 253, 7: 258, 8: 246, 9: 242}, 9: {0: 248, 1: 258, 2: 233, 3: 243, 4: 223, 5: 224, 6: 237, 7: 258, 8: 240, 9: 236}, 10: {0: 244, 1: 267, 2: 272, 3: 237, 4: 259, 5: 190, 6: 225, 7: 258, 8: 225, 9: 223}, 11: {0: 228, 1: 283, 2: 248, 3: 249, 4: 226, 5: 211, 6: 247, 7: 256, 8: 228, 9: 224}, 12: {0: 241, 1: 272, 2: 260, 3: 256, 4: 200, 5: 236, 6: 238, 7: 246, 8: 213, 9: 238}, 13: {0: 211, 1: 285, 2: 252, 3: 279, 4: 235, 5: 219, 6: 203, 7: 254, 8: 238, 9: 224}, 14: {0: 240, 1: 268, 2: 213, 3: 244, 4: 213, 5: 211, 6: 253, 7: 258, 8: 254, 9: 246}, 15: {0: 230, 1: 268, 2: 246, 3: 229, 4: 247, 5: 213, 6: 244, 7: 228, 8: 234, 9: 261}, 16: {0: 269, 1: 262, 2: 209, 3: 234, 4: 244, 5: 236, 6: 247, 7: 236, 8: 230, 9: 233}, 17: {0: 237, 1: 263, 2: 254, 3: 217, 4: 255, 5: 207, 6: 234, 7: 274, 8: 225, 9: 234}, 18: {0: 262, 1: 256, 2: 243, 3: 237, 4: 219, 5: 208, 6: 260, 7: 263, 8: 214, 9: 238}, 19: {0: 245, 1: 264, 2: 235, 3: 239, 4: 241, 5: 196, 6: 236, 7: 253, 8: 242, 9: 249}, 20: {0: 226, 1: 255, 2: 235, 3: 252, 4: 217, 5: 213, 6: 239, 7: 279, 8: 245, 9: 239}, 21: {0: 239, 1: 259, 2: 237, 3: 247, 4: 258, 5: 213, 6: 230, 7: 254, 8: 219, 9: 244}, 22: {0: 223, 1: 257, 2: 250, 3: 246, 4: 230, 5: 244, 6: 217, 7: 260, 8: 231, 9: 242}, 23: {0: 240, 1: 255, 2: 246, 3: 236, 4: 245, 5: 227, 6: 251, 7: 233, 8: 245, 9: 222}, 24: {0: 242, 1: 271, 2: 230, 3: 245, 4: 232, 5: 225, 6: 216, 7: 233, 8: 262, 9: 244}}
09-13 04:44 DEBUG    **************************************************
09-13 04:44 DEBUG    Running experiments 

09-13 04:44 DEBUG    Uniform ensemble (Train acc): 0.955733
09-13 04:44 DEBUG    Uniform ensemble (Test acc): 0.956400
09-13 04:44 DEBUG    FedAvg (Train acc): 0.102417
09-13 04:44 DEBUG    FedAvg (Test acc): 0.101300
09-13 04:47 DEBUG    ****** PDM_KL matching ******** 
09-13 04:47 DEBUG    Best Sigma0: 0.5. Best sigma: 1 Best gamma: 10. Best Test accuracy: 0.9463. Train acc: 0.94755. 

09-13 04:47 DEBUG    PDM_KL log: {(0.5, 1, 10): {'shapes': [(784, 324), (324,), (324, 10), (10,)], 'train_accuracy': 0.94755, 'test_accuracy': 0.9463}} 
09-13 04:51 DEBUG    ****** PDM_KL matching ******** 
09-13 04:51 DEBUG    Best Sigma0: 0.5. Best sigma: 1 Best gamma: 10. Best Test accuracy: 0.9451. Train acc: 0.94645. 

09-13 04:51 DEBUG    PDM_KL log: {(0.5, 1, 10): {'shapes': [(784, 318), (318,), (318, 10), (10,)], 'train_accuracy': 0.94645, 'test_accuracy': 0.9451}} 
09-13 04:56 DEBUG    ****** PDM_KL matching ******** 
09-13 04:56 DEBUG    Best Sigma0: 0.5. Best sigma: 1 Best gamma: 10. Best Test accuracy: 0.9446. Train acc: 0.9469833333333333. 

09-13 04:56 DEBUG    PDM_KL log: {(0.5, 1, 10): {'shapes': [(784, 325), (325,), (325, 10), (10,)], 'train_accuracy': 0.9469833333333333, 'test_accuracy': 0.9446}} 
09-13 05:02 DEBUG    ****** PDM_KL matching ******** 
09-13 05:02 DEBUG    Best Sigma0: 0.5. Best sigma: 1 Best gamma: 10. Best Test accuracy: 0.946. Train acc: 0.94805. 

09-13 05:02 DEBUG    PDM_KL log: {(0.5, 1, 10): {'shapes': [(784, 319), (319,), (319, 10), (10,)], 'train_accuracy': 0.94805, 'test_accuracy': 0.946}} 
09-13 05:08 DEBUG    ****** PDM_KL matching ******** 
09-13 05:08 DEBUG    Best Sigma0: 0.5. Best sigma: 1 Best gamma: 10. Best Test accuracy: 0.9465. Train acc: 0.94835. 

09-13 05:08 DEBUG    PDM_KL log: {(0.5, 1, 10): {'shapes': [(784, 343), (343,), (343, 10), (10,)], 'train_accuracy': 0.94835, 'test_accuracy': 0.9465}} 
09-13 05:13 DEBUG    ****** PDM_KL matching ******** 
09-13 05:13 DEBUG    Best Sigma0: 0.5. Best sigma: 1 Best gamma: 10. Best Test accuracy: 0.9468. Train acc: 0.9481166666666667. 

09-13 05:13 DEBUG    PDM_KL log: {(0.5, 1, 10): {'shapes': [(784, 331), (331,), (331, 10), (10,)], 'train_accuracy': 0.9481166666666667, 'test_accuracy': 0.9468}} 
09-13 05:17 DEBUG    ****** PDM_KL matching ******** 
09-13 05:17 DEBUG    Best Sigma0: 0.5. Best sigma: 1 Best gamma: 10. Best Test accuracy: 0.9494. Train acc: 0.9504833333333333. 

09-13 05:17 DEBUG    PDM_KL log: {(0.5, 1, 10): {'shapes': [(784, 430), (430,), (430, 10), (10,)], 'train_accuracy': 0.9504833333333333, 'test_accuracy': 0.9494}} 
09-13 05:24 DEBUG    ****** PDM_KL matching ******** 
09-13 05:24 DEBUG    Best Sigma0: 0.5. Best sigma: 1 Best gamma: 10. Best Test accuracy: 0.9491. Train acc: 0.9503166666666667. 

09-13 05:24 DEBUG    PDM_KL log: {(0.5, 1, 10): {'shapes': [(784, 643), (643,), (643, 10), (10,)], 'train_accuracy': 0.9503166666666667, 'test_accuracy': 0.9491}} 
09-13 05:32 DEBUG    ****** PDM_KL matching ******** 
09-13 05:32 DEBUG    Best Sigma0: 0.5. Best sigma: 1 Best gamma: 10. Best Test accuracy: 0.9384. Train acc: 0.9372166666666667. 

09-13 05:32 DEBUG    PDM_KL log: {(0.5, 1, 10): {'shapes': [(784, 426), (426,), (426, 10), (10,)], 'train_accuracy': 0.9372166666666667, 'test_accuracy': 0.9384}} 
09-13 05:33 DEBUG    ****** PDM_KL matching ******** 
09-13 05:33 DEBUG    Best Sigma0: 0.5. Best sigma: 1 Best gamma: 10. Best Test accuracy: 0.0892. Train acc: 0.09035. 

09-13 05:33 DEBUG    PDM_KL log: {(0.5, 1, 10): {'shapes': [(784, 148), (148,), (148, 10), (10,)], 'train_accuracy': 0.09035, 'test_accuracy': 0.0892}} 
09-13 05:35 DEBUG    ****** PDM_KL matching ******** 
09-13 05:35 DEBUG    Best Sigma0: 0.5. Best sigma: 1 Best gamma: 10. Best Test accuracy: 0.0892. Train acc: 0.09033333333333333. 

09-13 05:35 DEBUG    PDM_KL log: {(0.5, 1, 10): {'shapes': [(784, 148), (148,), (148, 10), (10,)], 'train_accuracy': 0.09033333333333333, 'test_accuracy': 0.0892}} 
09-13 05:35 DEBUG    Trial 6 completed
09-13 05:35 DEBUG    ####################################################################################################
09-13 05:35 DEBUG    ####################################################################################################
09-13 05:35 DEBUG    Executing Trial 7 with seed 7
09-13 05:35 DEBUG    Data statistics: {0: {0: 216, 1: 276, 2: 220, 3: 248, 4: 253, 5: 238, 6: 258, 7: 242, 8: 221, 9: 228}, 1: {0: 222, 1: 265, 2: 231, 3: 301, 4: 216, 5: 208, 6: 247, 7: 265, 8: 229, 9: 216}, 2: {0: 237, 1: 262, 2: 242, 3: 246, 4: 255, 5: 216, 6: 237, 7: 251, 8: 224, 9: 230}, 3: {0: 225, 1: 261, 2: 220, 3: 235, 4: 235, 5: 235, 6: 227, 7: 282, 8: 256, 9: 224}, 4: {0: 244, 1: 279, 2: 216, 3: 214, 4: 239, 5: 214, 6: 232, 7: 253, 8: 271, 9: 238}, 5: {0: 269, 1: 264, 2: 225, 3: 254, 4: 228, 5: 200, 6: 231, 7: 250, 8: 233, 9: 246}, 6: {0: 234, 1: 281, 2: 233, 3: 278, 4: 243, 5: 225, 6: 213, 7: 236, 8: 226, 9: 231}, 7: {0: 217, 1: 296, 2: 264, 3: 235, 4: 228, 5: 219, 6: 242, 7: 222, 8: 221, 9: 256}, 8: {0: 245, 1: 276, 2: 239, 3: 267, 4: 201, 5: 239, 6: 244, 7: 245, 8: 201, 9: 243}, 9: {0: 221, 1: 266, 2: 238, 3: 231, 4: 238, 5: 234, 6: 249, 7: 257, 8: 219, 9: 247}, 10: {0: 249, 1: 269, 2: 242, 3: 258, 4: 235, 5: 213, 6: 236, 7: 242, 8: 236, 9: 220}, 11: {0: 235, 1: 275, 2: 262, 3: 231, 4: 241, 5: 216, 6: 239, 7: 238, 8: 224, 9: 239}, 12: {0: 256, 1: 256, 2: 223, 3: 261, 4: 231, 5: 216, 6: 248, 7: 251, 8: 224, 9: 234}, 13: {0: 218, 1: 247, 2: 218, 3: 251, 4: 244, 5: 224, 6: 214, 7: 301, 8: 239, 9: 244}, 14: {0: 236, 1: 234, 2: 249, 3: 248, 4: 240, 5: 209, 6: 228, 7: 256, 8: 241, 9: 259}, 15: {0: 220, 1: 285, 2: 240, 3: 254, 4: 222, 5: 213, 6: 218, 7: 248, 8: 239, 9: 261}, 16: {0: 235, 1: 275, 2: 240, 3: 234, 4: 218, 5: 204, 6: 248, 7: 267, 8: 227, 9: 252}, 17: {0: 226, 1: 265, 2: 270, 3: 246, 4: 227, 5: 207, 6: 253, 7: 233, 8: 244, 9: 229}, 18: {0: 251, 1: 263, 2: 247, 3: 229, 4: 247, 5: 207, 6: 240, 7: 245, 8: 251, 9: 220}, 19: {0: 240, 1: 301, 2: 239, 3: 248, 4: 213, 5: 203, 6: 215, 7: 262, 8: 242, 9: 237}, 20: {0: 240, 1: 270, 2: 238, 3: 213, 4: 263, 5: 201, 6: 270, 7: 232, 8: 222, 9: 251}, 21: {0: 253, 1: 251, 2: 252, 3: 227, 4: 234, 5: 221, 6: 266, 7: 227, 8: 219, 9: 250}, 22: {0: 248, 1: 288, 2: 230, 3: 238, 4: 227, 5: 223, 6: 213, 7: 275, 8: 242, 9: 216}, 23: {0: 234, 1: 285, 2: 247, 3: 244, 4: 212, 5: 217, 6: 229, 7: 239, 8: 242, 9: 251}, 24: {0: 252, 1: 252, 2: 233, 3: 240, 4: 252, 5: 219, 6: 221, 7: 246, 8: 258, 9: 227}}
09-13 05:36 DEBUG    **************************************************
09-13 05:36 DEBUG    Running experiments 

09-13 05:36 DEBUG    Uniform ensemble (Train acc): 0.955700
09-13 05:36 DEBUG    Uniform ensemble (Test acc): 0.956500
09-13 05:36 DEBUG    FedAvg (Train acc): 0.165517
09-13 05:36 DEBUG    FedAvg (Test acc): 0.171300
09-13 05:38 DEBUG    ****** PDM_KL matching ******** 
09-13 05:38 DEBUG    Best Sigma0: 0.5. Best sigma: 1 Best gamma: 10. Best Test accuracy: 0.9464. Train acc: 0.9456333333333333. 

09-13 05:38 DEBUG    PDM_KL log: {(0.5, 1, 10): {'shapes': [(784, 334), (334,), (334, 10), (10,)], 'train_accuracy': 0.9456333333333333, 'test_accuracy': 0.9464}} 
09-13 05:41 DEBUG    ****** PDM_KL matching ******** 
09-13 05:41 DEBUG    Best Sigma0: 0.5. Best sigma: 1 Best gamma: 10. Best Test accuracy: 0.9484. Train acc: 0.948. 

09-13 05:41 DEBUG    PDM_KL log: {(0.5, 1, 10): {'shapes': [(784, 336), (336,), (336, 10), (10,)], 'train_accuracy': 0.948, 'test_accuracy': 0.9484}} 
09-13 05:46 DEBUG    ****** PDM_KL matching ******** 
09-13 05:46 DEBUG    Best Sigma0: 0.5. Best sigma: 1 Best gamma: 10. Best Test accuracy: 0.95. Train acc: 0.9483833333333334. 

09-13 05:46 DEBUG    PDM_KL log: {(0.5, 1, 10): {'shapes': [(784, 331), (331,), (331, 10), (10,)], 'train_accuracy': 0.9483833333333334, 'test_accuracy': 0.95}} 
09-13 05:49 DEBUG    ****** PDM_KL matching ******** 
09-13 05:49 DEBUG    Best Sigma0: 0.5. Best sigma: 1 Best gamma: 10. Best Test accuracy: 0.9486. Train acc: 0.9483333333333334. 

09-13 05:49 DEBUG    PDM_KL log: {(0.5, 1, 10): {'shapes': [(784, 331), (331,), (331, 10), (10,)], 'train_accuracy': 0.9483333333333334, 'test_accuracy': 0.9486}} 
09-13 05:53 DEBUG    ****** PDM_KL matching ******** 
09-13 05:53 DEBUG    Best Sigma0: 0.5. Best sigma: 1 Best gamma: 10. Best Test accuracy: 0.9487. Train acc: 0.94695. 

09-13 05:53 DEBUG    PDM_KL log: {(0.5, 1, 10): {'shapes': [(784, 334), (334,), (334, 10), (10,)], 'train_accuracy': 0.94695, 'test_accuracy': 0.9487}} 
09-13 05:56 DEBUG    ****** PDM_KL matching ******** 
09-13 05:56 DEBUG    Best Sigma0: 0.5. Best sigma: 1 Best gamma: 10. Best Test accuracy: 0.9492. Train acc: 0.9473333333333334. 

09-13 05:56 DEBUG    PDM_KL log: {(0.5, 1, 10): {'shapes': [(784, 352), (352,), (352, 10), (10,)], 'train_accuracy': 0.9473333333333334, 'test_accuracy': 0.9492}} 
09-13 06:01 DEBUG    ****** PDM_KL matching ******** 
09-13 06:01 DEBUG    Best Sigma0: 0.5. Best sigma: 1 Best gamma: 10. Best Test accuracy: 0.9517. Train acc: 0.94965. 

09-13 06:01 DEBUG    PDM_KL log: {(0.5, 1, 10): {'shapes': [(784, 442), (442,), (442, 10), (10,)], 'train_accuracy': 0.94965, 'test_accuracy': 0.9517}} 
09-13 06:07 DEBUG    ****** PDM_KL matching ******** 
09-13 06:07 DEBUG    Best Sigma0: 0.5. Best sigma: 1 Best gamma: 10. Best Test accuracy: 0.9539. Train acc: 0.9527333333333333. 

09-13 06:07 DEBUG    PDM_KL log: {(0.5, 1, 10): {'shapes': [(784, 629), (629,), (629, 10), (10,)], 'train_accuracy': 0.9527333333333333, 'test_accuracy': 0.9539}} 
09-13 06:15 DEBUG    ****** PDM_KL matching ******** 
09-13 06:15 DEBUG    Best Sigma0: 0.5. Best sigma: 1 Best gamma: 10. Best Test accuracy: 0.927. Train acc: 0.9229666666666667. 

09-13 06:15 DEBUG    PDM_KL log: {(0.5, 1, 10): {'shapes': [(784, 450), (450,), (450, 10), (10,)], 'train_accuracy': 0.9229666666666667, 'test_accuracy': 0.927}} 
09-13 06:16 DEBUG    ****** PDM_KL matching ******** 
09-13 06:16 DEBUG    Best Sigma0: 0.5. Best sigma: 1 Best gamma: 10. Best Test accuracy: 0.0892. Train acc: 0.09035. 

09-13 06:16 DEBUG    PDM_KL log: {(0.5, 1, 10): {'shapes': [(784, 148), (148,), (148, 10), (10,)], 'train_accuracy': 0.09035, 'test_accuracy': 0.0892}} 
09-13 06:18 DEBUG    ****** PDM_KL matching ******** 
09-13 06:18 DEBUG    Best Sigma0: 0.5. Best sigma: 1 Best gamma: 10. Best Test accuracy: 0.0892. Train acc: 0.09035. 

09-13 06:18 DEBUG    PDM_KL log: {(0.5, 1, 10): {'shapes': [(784, 148), (148,), (148, 10), (10,)], 'train_accuracy': 0.09035, 'test_accuracy': 0.0892}} 
09-13 06:18 DEBUG    Trial 7 completed
09-13 06:18 DEBUG    ####################################################################################################
09-13 06:18 DEBUG    ####################################################################################################
09-13 06:18 DEBUG    Executing Trial 8 with seed 8
09-13 06:18 DEBUG    Data statistics: {0: {0: 239, 1: 278, 2: 236, 3: 241, 4: 234, 5: 226, 6: 224, 7: 252, 8: 235, 9: 235}, 1: {0: 254, 1: 310, 2: 224, 3: 257, 4: 227, 5: 216, 6: 227, 7: 225, 8: 230, 9: 230}, 2: {0: 231, 1: 282, 2: 227, 3: 229, 4: 259, 5: 221, 6: 228, 7: 237, 8: 235, 9: 251}, 3: {0: 234, 1: 282, 2: 244, 3: 275, 4: 202, 5: 241, 6: 212, 7: 272, 8: 211, 9: 227}, 4: {0: 223, 1: 276, 2: 229, 3: 246, 4: 228, 5: 184, 6: 251, 7: 252, 8: 266, 9: 245}, 5: {0: 224, 1: 294, 2: 237, 3: 244, 4: 238, 5: 227, 6: 172, 7: 270, 8: 249, 9: 245}, 6: {0: 240, 1: 263, 2: 245, 3: 239, 4: 259, 5: 191, 6: 244, 7: 230, 8: 242, 9: 247}, 7: {0: 216, 1: 234, 2: 247, 3: 254, 4: 218, 5: 215, 6: 256, 7: 272, 8: 231, 9: 257}, 8: {0: 225, 1: 265, 2: 245, 3: 267, 4: 233, 5: 210, 6: 233, 7: 242, 8: 253, 9: 227}, 9: {0: 243, 1: 280, 2: 247, 3: 238, 4: 228, 5: 243, 6: 227, 7: 243, 8: 229, 9: 222}, 10: {0: 237, 1: 241, 2: 227, 3: 249, 4: 237, 5: 233, 6: 263, 7: 244, 8: 232, 9: 237}, 11: {0: 265, 1: 287, 2: 243, 3: 240, 4: 236, 5: 196, 6: 237, 7: 240, 8: 214, 9: 242}, 12: {0: 252, 1: 247, 2: 239, 3: 236, 4: 233, 5: 227, 6: 245, 7: 243, 8: 241, 9: 237}, 13: {0: 240, 1: 253, 2: 222, 3: 261, 4: 266, 5: 209, 6: 241, 7: 247, 8: 208, 9: 253}, 14: {0: 240, 1: 267, 2: 254, 3: 217, 4: 232, 5: 215, 6: 246, 7: 270, 8: 234, 9: 225}, 15: {0: 237, 1: 257, 2: 223, 3: 249, 4: 217, 5: 213, 6: 241, 7: 275, 8: 244, 9: 244}, 16: {0: 233, 1: 260, 2: 239, 3: 263, 4: 221, 5: 225, 6: 222, 7: 261, 8: 231, 9: 245}, 17: {0: 232, 1: 283, 2: 234, 3: 244, 4: 241, 5: 231, 6: 205, 7: 257, 8: 226, 9: 247}, 18: {0: 229, 1: 272, 2: 227, 3: 234, 4: 212, 5: 251, 6: 251, 7: 247, 8: 226, 9: 251}, 19: {0: 233, 1: 262, 2: 263, 3: 245, 4: 241, 5: 208, 6: 253, 7: 242, 8: 225, 9: 228}, 20: {0: 239, 1: 272, 2: 264, 3: 240, 4: 240, 5: 224, 6: 213, 7: 239, 8: 237, 9: 232}, 21: {0: 232, 1: 255, 2: 225, 3: 238, 4: 242, 5: 180, 6: 270, 7: 273, 8: 240, 9: 245}, 22: {0: 230, 1: 255, 2: 240, 3: 250, 4: 231, 5: 191, 6: 260, 7: 240, 8: 267, 9: 236}, 23: {0: 243, 1: 283, 2: 229, 3: 247, 4: 226, 5: 214, 6: 252, 7: 263, 8: 224, 9: 219}, 24: {0: 252, 1: 284, 2: 248, 3: 228, 4: 241, 5: 230, 6: 245, 7: 229, 8: 221, 9: 222}}
09-13 06:19 DEBUG    **************************************************
09-13 06:19 DEBUG    Running experiments 

09-13 06:19 DEBUG    Uniform ensemble (Train acc): 0.955783
09-13 06:19 DEBUG    Uniform ensemble (Test acc): 0.956800
09-13 06:20 DEBUG    FedAvg (Train acc): 0.119267
09-13 06:20 DEBUG    FedAvg (Test acc): 0.114700
09-13 06:22 DEBUG    ****** PDM_KL matching ******** 
09-13 06:22 DEBUG    Best Sigma0: 0.5. Best sigma: 1 Best gamma: 10. Best Test accuracy: 0.9457. Train acc: 0.94565. 

09-13 06:22 DEBUG    PDM_KL log: {(0.5, 1, 10): {'shapes': [(784, 342), (342,), (342, 10), (10,)], 'train_accuracy': 0.94565, 'test_accuracy': 0.9457}} 
09-13 06:26 DEBUG    ****** PDM_KL matching ******** 
09-13 06:26 DEBUG    Best Sigma0: 0.5. Best sigma: 1 Best gamma: 10. Best Test accuracy: 0.9432. Train acc: 0.9437666666666666. 

09-13 06:26 DEBUG    PDM_KL log: {(0.5, 1, 10): {'shapes': [(784, 339), (339,), (339, 10), (10,)], 'train_accuracy': 0.9437666666666666, 'test_accuracy': 0.9432}} 
09-13 06:29 DEBUG    ****** PDM_KL matching ******** 
09-13 06:29 DEBUG    Best Sigma0: 0.5. Best sigma: 1 Best gamma: 10. Best Test accuracy: 0.9472. Train acc: 0.9464833333333333. 

09-13 06:29 DEBUG    PDM_KL log: {(0.5, 1, 10): {'shapes': [(784, 342), (342,), (342, 10), (10,)], 'train_accuracy': 0.9464833333333333, 'test_accuracy': 0.9472}} 
09-13 06:32 DEBUG    ****** PDM_KL matching ******** 
09-13 06:32 DEBUG    Best Sigma0: 0.5. Best sigma: 1 Best gamma: 10. Best Test accuracy: 0.9466. Train acc: 0.9461666666666667. 

09-13 06:32 DEBUG    PDM_KL log: {(0.5, 1, 10): {'shapes': [(784, 341), (341,), (341, 10), (10,)], 'train_accuracy': 0.9461666666666667, 'test_accuracy': 0.9466}} 
09-13 06:35 DEBUG    ****** PDM_KL matching ******** 
09-13 06:35 DEBUG    Best Sigma0: 0.5. Best sigma: 1 Best gamma: 10. Best Test accuracy: 0.9463. Train acc: 0.9460166666666666. 

09-13 06:35 DEBUG    PDM_KL log: {(0.5, 1, 10): {'shapes': [(784, 350), (350,), (350, 10), (10,)], 'train_accuracy': 0.9460166666666666, 'test_accuracy': 0.9463}} 
09-13 06:37 DEBUG    ****** PDM_KL matching ******** 
09-13 06:37 DEBUG    Best Sigma0: 0.5. Best sigma: 1 Best gamma: 10. Best Test accuracy: 0.9484. Train acc: 0.9473166666666667. 

09-13 06:37 DEBUG    PDM_KL log: {(0.5, 1, 10): {'shapes': [(784, 352), (352,), (352, 10), (10,)], 'train_accuracy': 0.9473166666666667, 'test_accuracy': 0.9484}} 
09-13 06:41 DEBUG    ****** PDM_KL matching ******** 
09-13 06:41 DEBUG    Best Sigma0: 0.5. Best sigma: 1 Best gamma: 10. Best Test accuracy: 0.9503. Train acc: 0.9505333333333333. 

09-13 06:41 DEBUG    PDM_KL log: {(0.5, 1, 10): {'shapes': [(784, 457), (457,), (457, 10), (10,)], 'train_accuracy': 0.9505333333333333, 'test_accuracy': 0.9503}} 
09-13 06:46 DEBUG    ****** PDM_KL matching ******** 
09-13 06:46 DEBUG    Best Sigma0: 0.5. Best sigma: 1 Best gamma: 10. Best Test accuracy: 0.9499. Train acc: 0.9499333333333333. 

09-13 06:46 DEBUG    PDM_KL log: {(0.5, 1, 10): {'shapes': [(784, 660), (660,), (660, 10), (10,)], 'train_accuracy': 0.9499333333333333, 'test_accuracy': 0.9499}} 
09-13 06:51 DEBUG    ****** PDM_KL matching ******** 
09-13 06:51 DEBUG    Best Sigma0: 0.5. Best sigma: 1 Best gamma: 10. Best Test accuracy: 0.925. Train acc: 0.9232833333333333. 

09-13 06:51 DEBUG    PDM_KL log: {(0.5, 1, 10): {'shapes': [(784, 414), (414,), (414, 10), (10,)], 'train_accuracy': 0.9232833333333333, 'test_accuracy': 0.925}} 
09-13 06:52 DEBUG    ****** PDM_KL matching ******** 
09-13 06:52 DEBUG    Best Sigma0: 0.5. Best sigma: 1 Best gamma: 10. Best Test accuracy: 0.0892. Train acc: 0.09035. 

09-13 06:52 DEBUG    PDM_KL log: {(0.5, 1, 10): {'shapes': [(784, 148), (148,), (148, 10), (10,)], 'train_accuracy': 0.09035, 'test_accuracy': 0.0892}} 
09-13 06:53 DEBUG    ****** PDM_KL matching ******** 
09-13 06:53 DEBUG    Best Sigma0: 0.5. Best sigma: 1 Best gamma: 10. Best Test accuracy: 0.0892. Train acc: 0.09035. 

09-13 06:53 DEBUG    PDM_KL log: {(0.5, 1, 10): {'shapes': [(784, 148), (148,), (148, 10), (10,)], 'train_accuracy': 0.09035, 'test_accuracy': 0.0892}} 
09-13 06:53 DEBUG    Trial 8 completed
09-13 06:53 DEBUG    ####################################################################################################
09-13 06:53 DEBUG    ####################################################################################################
09-13 06:53 DEBUG    Executing Trial 9 with seed 9
09-13 06:53 DEBUG    Data statistics: {0: {0: 227, 1: 285, 2: 231, 3: 240, 4: 229, 5: 222, 6: 236, 7: 263, 8: 231, 9: 236}, 1: {0: 253, 1: 289, 2: 237, 3: 228, 4: 242, 5: 190, 6: 260, 7: 235, 8: 225, 9: 241}, 2: {0: 247, 1: 289, 2: 210, 3: 256, 4: 223, 5: 227, 6: 236, 7: 250, 8: 227, 9: 235}, 3: {0: 206, 1: 272, 2: 245, 3: 260, 4: 222, 5: 227, 6: 219, 7: 261, 8: 243, 9: 245}, 4: {0: 228, 1: 269, 2: 227, 3: 235, 4: 247, 5: 220, 6: 238, 7: 264, 8: 245, 9: 227}, 5: {0: 234, 1: 276, 2: 230, 3: 247, 4: 227, 5: 204, 6: 234, 7: 239, 8: 239, 9: 270}, 6: {0: 257, 1: 268, 2: 244, 3: 247, 4: 226, 5: 212, 6: 247, 7: 234, 8: 220, 9: 245}, 7: {0: 243, 1: 255, 2: 239, 3: 262, 4: 234, 5: 216, 6: 247, 7: 238, 8: 214, 9: 252}, 8: {0: 229, 1: 283, 2: 217, 3: 239, 4: 232, 5: 232, 6: 231, 7: 256, 8: 248, 9: 233}, 9: {0: 245, 1: 274, 2: 247, 3: 248, 4: 220, 5: 219, 6: 229, 7: 274, 8: 217, 9: 227}, 10: {0: 258, 1: 276, 2: 224, 3: 273, 4: 222, 5: 224, 6: 224, 7: 235, 8: 237, 9: 227}, 11: {0: 243, 1: 267, 2: 218, 3: 229, 4: 268, 5: 228, 6: 213, 7: 266, 8: 247, 9: 221}, 12: {0: 216, 1: 277, 2: 255, 3: 246, 4: 224, 5: 218, 6: 235, 7: 259, 8: 228, 9: 242}, 13: {0: 232, 1: 262, 2: 232, 3: 244, 4: 251, 5: 206, 6: 225, 7: 242, 8: 249, 9: 257}, 14: {0: 240, 1: 236, 2: 257, 3: 260, 4: 224, 5: 227, 6: 236, 7: 258, 8: 223, 9: 239}, 15: {0: 248, 1: 270, 2: 241, 3: 248, 4: 231, 5: 211, 6: 243, 7: 237, 8: 260, 9: 211}, 16: {0: 236, 1: 280, 2: 251, 3: 251, 4: 236, 5: 214, 6: 230, 7: 252, 8: 219, 9: 231}, 17: {0: 221, 1: 273, 2: 252, 3: 238, 4: 242, 5: 195, 6: 237, 7: 253, 8: 254, 9: 235}, 18: {0: 233, 1: 268, 2: 249, 3: 261, 4: 233, 5: 197, 6: 235, 7: 239, 8: 227, 9: 258}, 19: {0: 241, 1: 261, 2: 248, 3: 234, 4: 239, 5: 207, 6: 258, 7: 229, 8: 242, 9: 241}, 20: {0: 228, 1: 296, 2: 246, 3: 246, 4: 239, 5: 218, 6: 234, 7: 237, 8: 222, 9: 234}, 21: {0: 234, 1: 263, 2: 268, 3: 213, 4: 249, 5: 193, 6: 230, 7: 282, 8: 219, 9: 249}, 22: {0: 239, 1: 252, 2: 254, 3: 233, 4: 215, 5: 244, 6: 233, 7: 258, 8: 236, 9: 236}, 23: {0: 233, 1: 261, 2: 224, 3: 239, 4: 236, 5: 248, 6: 255, 7: 260, 8: 210, 9: 234}, 24: {0: 252, 1: 240, 2: 212, 3: 254, 4: 231, 5: 222, 6: 253, 7: 244, 8: 269, 9: 223}}
09-13 06:54 DEBUG    **************************************************
09-13 06:54 DEBUG    Running experiments 

09-13 06:54 DEBUG    Uniform ensemble (Train acc): 0.955550
09-13 06:54 DEBUG    Uniform ensemble (Test acc): 0.955600
09-13 06:54 DEBUG    FedAvg (Train acc): 0.110300
09-13 06:54 DEBUG    FedAvg (Test acc): 0.111300
09-13 06:56 DEBUG    ****** PDM_KL matching ******** 
09-13 06:56 DEBUG    Best Sigma0: 0.5. Best sigma: 1 Best gamma: 10. Best Test accuracy: 0.9474. Train acc: 0.9482166666666667. 

09-13 06:56 DEBUG    PDM_KL log: {(0.5, 1, 10): {'shapes': [(784, 341), (341,), (341, 10), (10,)], 'train_accuracy': 0.9482166666666667, 'test_accuracy': 0.9474}} 
09-13 06:58 DEBUG    ****** PDM_KL matching ******** 
09-13 06:58 DEBUG    Best Sigma0: 0.5. Best sigma: 1 Best gamma: 10. Best Test accuracy: 0.9498. Train acc: 0.94965. 

09-13 06:58 DEBUG    PDM_KL log: {(0.5, 1, 10): {'shapes': [(784, 333), (333,), (333, 10), (10,)], 'train_accuracy': 0.94965, 'test_accuracy': 0.9498}} 
09-13 07:00 DEBUG    ****** PDM_KL matching ******** 
09-13 07:00 DEBUG    Best Sigma0: 0.5. Best sigma: 1 Best gamma: 10. Best Test accuracy: 0.9493. Train acc: 0.9491833333333334. 

09-13 07:00 DEBUG    PDM_KL log: {(0.5, 1, 10): {'shapes': [(784, 324), (324,), (324, 10), (10,)], 'train_accuracy': 0.9491833333333334, 'test_accuracy': 0.9493}} 
09-13 07:02 DEBUG    ****** PDM_KL matching ******** 
09-13 07:02 DEBUG    Best Sigma0: 0.5. Best sigma: 1 Best gamma: 10. Best Test accuracy: 0.9501. Train acc: 0.9494333333333334. 

09-13 07:02 DEBUG    PDM_KL log: {(0.5, 1, 10): {'shapes': [(784, 332), (332,), (332, 10), (10,)], 'train_accuracy': 0.9494333333333334, 'test_accuracy': 0.9501}} 
09-13 07:05 DEBUG    ****** PDM_KL matching ******** 
09-13 07:05 DEBUG    Best Sigma0: 0.5. Best sigma: 1 Best gamma: 10. Best Test accuracy: 0.9473. Train acc: 0.9483166666666667. 

09-13 07:05 DEBUG    PDM_KL log: {(0.5, 1, 10): {'shapes': [(784, 331), (331,), (331, 10), (10,)], 'train_accuracy': 0.9483166666666667, 'test_accuracy': 0.9473}} 
09-13 07:07 DEBUG    ****** PDM_KL matching ******** 
09-13 07:07 DEBUG    Best Sigma0: 0.5. Best sigma: 1 Best gamma: 10. Best Test accuracy: 0.9491. Train acc: 0.9496833333333333. 

09-13 07:07 DEBUG    PDM_KL log: {(0.5, 1, 10): {'shapes': [(784, 349), (349,), (349, 10), (10,)], 'train_accuracy': 0.9496833333333333, 'test_accuracy': 0.9491}} 
09-13 07:11 DEBUG    ****** PDM_KL matching ******** 
09-13 07:11 DEBUG    Best Sigma0: 0.5. Best sigma: 1 Best gamma: 10. Best Test accuracy: 0.9503. Train acc: 0.9509333333333333. 

09-13 07:11 DEBUG    PDM_KL log: {(0.5, 1, 10): {'shapes': [(784, 453), (453,), (453, 10), (10,)], 'train_accuracy': 0.9509333333333333, 'test_accuracy': 0.9503}} 
09-13 07:18 DEBUG    ****** PDM_KL matching ******** 
09-13 07:18 DEBUG    Best Sigma0: 0.5. Best sigma: 1 Best gamma: 10. Best Test accuracy: 0.9508. Train acc: 0.9502333333333334. 

09-13 07:18 DEBUG    PDM_KL log: {(0.5, 1, 10): {'shapes': [(784, 640), (640,), (640, 10), (10,)], 'train_accuracy': 0.9502333333333334, 'test_accuracy': 0.9508}} 
09-13 07:22 DEBUG    ****** PDM_KL matching ******** 
09-13 07:22 DEBUG    Best Sigma0: 0.5. Best sigma: 1 Best gamma: 10. Best Test accuracy: 0.9043. Train acc: 0.9032333333333333. 

09-13 07:22 DEBUG    PDM_KL log: {(0.5, 1, 10): {'shapes': [(784, 356), (356,), (356, 10), (10,)], 'train_accuracy': 0.9032333333333333, 'test_accuracy': 0.9043}} 
09-13 07:23 DEBUG    ****** PDM_KL matching ******** 
09-13 07:23 DEBUG    Best Sigma0: 0.5. Best sigma: 1 Best gamma: 10. Best Test accuracy: 0.0892. Train acc: 0.09035. 

09-13 07:23 DEBUG    PDM_KL log: {(0.5, 1, 10): {'shapes': [(784, 148), (148,), (148, 10), (10,)], 'train_accuracy': 0.09035, 'test_accuracy': 0.0892}} 
09-13 07:24 DEBUG    ****** PDM_KL matching ******** 
09-13 07:24 DEBUG    Best Sigma0: 0.5. Best sigma: 1 Best gamma: 10. Best Test accuracy: 0.0892. Train acc: 0.09035. 

09-13 07:24 DEBUG    PDM_KL log: {(0.5, 1, 10): {'shapes': [(784, 148), (148,), (148, 10), (10,)], 'train_accuracy': 0.09035, 'test_accuracy': 0.0892}} 
09-13 07:24 DEBUG    Trial 9 completed
09-13 07:24 DEBUG    ####################################################################################################
