08-17 12:33 DEBUG    Experiment arguments: Namespace(alpha=0.5, communication_rounds=None, datadir='data/mnist', dataset='mnist', device='cuda:0', dropout_p=0.0, epochs=1, experiment=['u-ensemble', 'pdm', 'pdm_KL'], init_seed=0, iter_epochs=2, logdir='log_abli/2020-08-17 12/mnist/homo', lr=0.01, lr_decay=0.99, n_nets=5, net_config=[784, 100, 100, 10], num_pool_workers=2, partition='homo', pdm_gamma=1.0, pdm_sig=1.0, pdm_sig0=1.0, reg=1e-06, reg_fac=0.0, trials=1)
08-17 12:33 DEBUG    ####################################################################################################
08-17 12:33 DEBUG    Executing Trial 0 with seed 0
08-17 12:33 DEBUG    Data statistics: {0: {0: 2995, 1: 3365, 2: 2959, 3: 3020, 4: 2947, 5: 2712, 6: 2962, 7: 3109, 8: 2959, 9: 2972}, 1: {0: 2928, 1: 3377, 2: 2999, 3: 3111, 4: 2895, 5: 2709, 6: 2956, 7: 3156, 8: 2892, 9: 2977}}
08-17 12:33 DEBUG    Training network 0
08-17 12:33 DEBUG    n_training: 938
08-17 12:33 DEBUG    n_test: 313
08-17 12:33 DEBUG    >> Pre-Training Training accuracy: 0.129367
08-17 12:33 DEBUG    >> Pre-Training Test accuracy: 0.126400
08-17 12:33 DEBUG    Epoch: 0 Loss: 0.151493 L2 loss: 0.001686
08-17 12:33 DEBUG    >> Training accuracy: 0.938400
08-17 12:33 DEBUG    >> Test accuracy: 0.928100
08-17 12:33 DEBUG     ** Training complete **
08-17 12:33 DEBUG    Training network 1
08-17 12:33 DEBUG    n_training: 938
08-17 12:33 DEBUG    n_test: 313
08-17 12:34 DEBUG    >> Pre-Training Training accuracy: 0.107433
08-17 12:34 DEBUG    >> Pre-Training Test accuracy: 0.110900
08-17 12:34 DEBUG    Epoch: 0 Loss: 0.073941 L2 loss: 0.001648
08-17 12:34 DEBUG    >> Training accuracy: 0.948000
08-17 12:34 DEBUG    >> Test accuracy: 0.939000
08-17 12:34 DEBUG     ** Training complete **
08-17 12:34 DEBUG    **************************************************
08-17 12:34 DEBUG    Running experiments 

08-17 12:34 DEBUG    Uniform ensemble (Train acc): 0.954433
08-17 12:34 DEBUG    Uniform ensemble (Test acc): 0.951300
08-17 12:34 DEBUG    ****** PDM matching ******** 
08-17 12:34 DEBUG    Best Sigma0: 1. Best sigma: 1 Best gamma: 1. Best Test accuracy: 0.9348. Train acc: 0.94095. 

08-17 12:34 DEBUG    PDM log: {(1, 1, 1): {'shapes': [(784, 111), (111,), (111, 100), (100,), (100, 10), (10,)], 'train_accuracy': 0.94095, 'test_accuracy': 0.9348}} 
08-17 12:34 DEBUG    ****** PDM_KL matching ******** 
08-17 12:34 DEBUG    Best Sigma0: 1. Best sigma: 1 Best gamma: 1. Best Test accuracy: 0.933. Train acc: 0.94035. 

08-17 12:34 DEBUG    PDM_KL log: {(1, 1, 1): {'shapes': [(784, 100), (100,), (100, 100), (100,), (100, 10), (10,)], 'train_accuracy': 0.94035, 'test_accuracy': 0.933}} 
08-17 12:34 DEBUG    Trial 0 completed
08-17 12:34 DEBUG    ####################################################################################################
acy: 0.942500
08-17 12:34 DEBUG    >> Test accuracy: 0.927000
08-17 12:34 DEBUG     ** Training complete **
08-17 12:34 DEBUG    Training network 4
08-17 12:34 DEBUG    n_training: 375
08-17 12:34 DEBUG    n_test: 313
08-17 12:34 DEBUG    >> Pre-Training Training accuracy: 0.098417
08-17 12:34 DEBUG    >> Pre-Training Test accuracy: 0.106800
08-17 12:34 DEBUG    Epoch: 0 Loss: 0.474995 L2 loss: 0.000974
08-17 12:34 DEBUG    >> Training accuracy: 0.937750
08-17 12:34 DEBUG    >> Test accuracy: 0.921000
08-17 12:34 DEBUG     ** Training complete **
08-17 12:34 DEBUG    **************************************************
08-17 12:34 DEBUG    Running experiments 

08-17 12:34 DEBUG    Uniform ensemble (Train acc): 0.952883
08-17 12:34 DEBUG    Uniform ensemble (Test acc): 0.949800
08-17 12:34 DEBUG    ****** PDM matching ******** 
08-17 12:34 DEBUG    Best Sigma0: 1. Best sigma: 1 Best gamma: 1. Best Test accuracy: 0.9233. Train acc: 0.9252. 

08-17 12:34 DEBUG    PDM log: {(1, 1, 1): {'shapes': [(784, 127), (127,), (127, 100), (100,), (100, 10), (10,)], 'train_accuracy': 0.9252, 'test_accuracy': 0.9233}} 
08-17 12:34 DEBUG    ****** PDM_KL matching ******** 
08-17 12:34 DEBUG    Best Sigma0: 1. Best sigma: 1 Best gamma: 1. Best Test accuracy: 0.9238. Train acc: 0.9216166666666666. 

08-17 12:34 DEBUG    PDM_KL log: {(1, 1, 1): {'shapes': [(784, 100), (100,), (100, 100), (100,), (100, 10), (10,)], 'train_accuracy': 0.9216166666666666, 'test_accuracy': 0.9238}} 
08-17 12:34 DEBUG    Trial 0 completed
08-17 12:34 DEBUG    ####################################################################################################
