09-11 21:23 DEBUG    Experiment arguments: Namespace(alpha=0.5, communication_rounds=None, datadir='data/cifar10', dataset='cifar10', device=1.0, dropout_p=0.0, epochs=10, experiment=['all'], init_seed=0, iter_epochs=5, layers=0, loaddir='saved_weights/cifar10/hetero-dir', logdir='KL_regs/cifar10/hetero-dir', lr=0.01, lr_decay=1.0, n=30, n_layers=1, n_nets=30, net_config=[3072, 100, 10], num_pool_workers=7, partition='hetero-dir', pdm_gamma=1.0, pdm_sig=1.0, pdm_sig0=1.0, reg=1e-06, reg_fac=0.0, trials=1)
09-11 21:23 DEBUG    ####################################################################################################
09-11 21:23 DEBUG    Executing Trial 0 with seed 0
09-11 21:23 DEBUG    Data statistics: {0: {0: 361, 1: 137, 4: 203, 5: 740, 6: 210, 7: 67}, 1: {0: 7, 1: 2, 2: 1, 3: 439, 4: 335, 5: 58, 6: 432, 7: 321, 8: 24, 9: 275}, 2: {0: 3, 1: 499, 2: 396, 3: 954}, 3: {0: 150, 1: 75, 2: 57, 3: 365, 4: 109, 5: 101, 6: 96, 7: 68, 8: 867}, 4: {0: 191, 1: 196, 2: 559, 4: 195, 5: 436, 6: 190}, 5: {0: 479, 1: 832, 2: 333, 3: 239}, 6: {0: 4, 1: 232, 2: 9, 3: 649, 4: 378, 6: 50, 7: 54, 8: 51, 9: 123}, 7: {0: 274, 1: 135, 2: 31, 3: 43, 4: 102, 5: 1, 6: 335, 7: 545, 8: 22, 9: 19}, 8: {0: 428, 1: 142, 2: 47, 3: 21, 4: 4, 5: 132, 6: 842, 7: 66}, 9: {0: 1, 1: 30, 2: 191, 3: 43, 4: 217, 6: 662, 7: 178, 8: 45, 9: 7}, 10: {0: 440, 1: 6, 2: 92, 3: 4, 4: 1, 5: 488, 6: 63, 7: 227, 8: 154, 9: 733}, 11: {0: 197, 1: 2, 2: 51, 3: 418, 4: 377, 5: 52, 6: 2, 7: 11}, 12: {0: 175, 1: 38, 2: 197, 3: 286, 4: 186, 5: 18, 6: 50, 7: 949}, 13: {0: 187, 1: 70, 2: 416, 3: 16, 4: 207, 5: 1, 6: 6, 7: 143, 8: 2, 9: 16}, 14: {0: 341, 1: 1, 2: 12, 3: 11, 4: 27, 5: 266, 6: 176, 7: 41, 8: 10, 9: 3}, 15: {0: 103, 1: 204, 2: 11, 3: 61, 4: 56, 5: 251, 6: 228, 7: 30, 8: 6, 9: 673}, 16: {0: 20, 1: 51, 2: 109, 3: 75, 4: 4, 5: 571, 6: 187, 7: 450, 8: 281}, 17: {0: 2, 1: 66, 2: 140, 3: 4, 4: 367, 5: 141, 6: 41, 7: 393, 8: 167, 9: 221}, 18: {0: 22, 1: 119, 2: 1, 3: 73, 4: 45, 5: 8, 6: 10, 7: 32, 8: 144, 9: 217}, 19: {0: 24, 1: 707, 2: 6, 3: 96, 4: 29, 5: 199, 6: 11, 7: 265, 8: 563}, 20: {0: 10, 1: 139, 2: 308, 3: 42, 5: 1, 6: 1, 7: 29, 8: 36, 9: 535}, 21: {0: 53, 1: 11, 2: 514, 3: 8, 4: 15, 5: 102, 6: 659, 7: 524}, 22: {0: 168, 1: 2, 2: 653, 3: 254, 4: 8, 5: 112, 6: 18, 7: 129, 8: 100, 9: 25}, 23: {0: 1, 1: 59, 2: 3, 3: 7, 4: 72, 5: 562, 6: 410, 7: 104, 8: 632}, 24: {0: 81, 1: 26, 2: 166, 3: 123, 4: 588, 5: 8, 6: 160, 7: 74, 8: 247, 9: 786}, 25: {0: 407, 1: 359, 2: 304, 3: 12, 4: 30, 5: 1, 6: 94, 7: 210, 8: 58, 9: 2}, 26: {0: 460, 1: 72, 2: 201, 3: 527, 4: 110, 5: 472}, 27: {0: 234, 1: 532, 4: 980}, 28: {0: 8, 1: 254, 2: 84, 3: 173, 4: 348, 6: 6, 7: 20, 8: 1, 9: 1365}, 29: {0: 169, 1: 2, 2: 108, 3: 57, 4: 7, 5: 279, 6: 61, 7: 70, 8: 1590}}
09-11 21:27 DEBUG    **************************************************
09-11 21:27 DEBUG    Running experiments 

09-11 21:28 DEBUG    Uniform ensemble (Train acc): 0.376960
09-11 21:28 DEBUG    Uniform ensemble (Test acc): 0.367800
09-11 21:29 DEBUG    FedAvg (Train acc): 0.100000
09-11 21:29 DEBUG    FedAvg (Test acc): 0.100000
09-11 22:28 DEBUG    ****** PDM_KL matching ******** 
09-11 22:28 DEBUG    Best Sigma0: 0.5. Best sigma: 1 Best gamma: 10. Best Test accuracy: 0.2197. Train acc: 0.21918. 

09-11 22:28 DEBUG    PDM_KL log: {(0.5, 1, 10): {'shapes': [(3072, 859), (859,), (859, 10), (10,)], 'train_accuracy': 0.21918, 'test_accuracy': 0.2197}} 
09-12 00:14 DEBUG    ****** PDM_KL matching ******** 
09-12 00:14 DEBUG    Best Sigma0: 0.5. Best sigma: 1 Best gamma: 10. Best Test accuracy: 0.2759. Train acc: 0.27566. 

09-12 00:14 DEBUG    PDM_KL log: {(0.5, 1, 10): {'shapes': [(3072, 859), (859,), (859, 10), (10,)], 'train_accuracy': 0.27566, 'test_accuracy': 0.2759}} 
09-12 01:44 DEBUG    ****** PDM_KL matching ******** 
09-12 01:44 DEBUG    Best Sigma0: 0.5. Best sigma: 1 Best gamma: 10. Best Test accuracy: 0.2461. Train acc: 0.2456. 

09-12 01:44 DEBUG    PDM_KL log: {(0.5, 1, 10): {'shapes': [(3072, 859), (859,), (859, 10), (10,)], 'train_accuracy': 0.2456, 'test_accuracy': 0.2461}} 
09-12 03:00 DEBUG    ****** PDM_KL matching ******** 
09-12 03:00 DEBUG    Best Sigma0: 0.5. Best sigma: 1 Best gamma: 10. Best Test accuracy: 0.2478. Train acc: 0.24688. 

09-12 03:00 DEBUG    PDM_KL log: {(0.5, 1, 10): {'shapes': [(3072, 859), (859,), (859, 10), (10,)], 'train_accuracy': 0.24688, 'test_accuracy': 0.2478}} 
09-12 04:04 DEBUG    ****** PDM_KL matching ******** 
09-12 04:04 DEBUG    Best Sigma0: 0.5. Best sigma: 1 Best gamma: 10. Best Test accuracy: 0.2377. Train acc: 0.23606. 

09-12 04:04 DEBUG    PDM_KL log: {(0.5, 1, 10): {'shapes': [(3072, 858), (858,), (858, 10), (10,)], 'train_accuracy': 0.23606, 'test_accuracy': 0.2377}} 
09-12 04:59 DEBUG    ****** PDM_KL matching ******** 
09-12 04:59 DEBUG    Best Sigma0: 0.5. Best sigma: 1 Best gamma: 10. Best Test accuracy: 0.1845. Train acc: 0.18076. 

09-12 04:59 DEBUG    PDM_KL log: {(0.5, 1, 10): {'shapes': [(3072, 857), (857,), (857, 10), (10,)], 'train_accuracy': 0.18076, 'test_accuracy': 0.1845}} 
09-12 05:37 DEBUG    ****** PDM_KL matching ******** 
09-12 05:37 DEBUG    Best Sigma0: 0.5. Best sigma: 1 Best gamma: 10. Best Test accuracy: 0.2526. Train acc: 0.2492. 

09-12 05:37 DEBUG    PDM_KL log: {(0.5, 1, 10): {'shapes': [(3072, 860), (860,), (860, 10), (10,)], 'train_accuracy': 0.2492, 'test_accuracy': 0.2526}} 
09-12 06:04 DEBUG    ****** PDM_KL matching ******** 
09-12 06:04 DEBUG    Best Sigma0: 0.5. Best sigma: 1 Best gamma: 10. Best Test accuracy: 0.2673. Train acc: 0.26382. 

09-12 06:04 DEBUG    PDM_KL log: {(0.5, 1, 10): {'shapes': [(3072, 700), (700,), (700, 10), (10,)], 'train_accuracy': 0.26382, 'test_accuracy': 0.2673}} 
09-12 06:14 DEBUG    ****** PDM_KL matching ******** 
09-12 06:14 DEBUG    Best Sigma0: 0.5. Best sigma: 1 Best gamma: 10. Best Test accuracy: 0.1682. Train acc: 0.17108. 

09-12 06:14 DEBUG    PDM_KL log: {(0.5, 1, 10): {'shapes': [(3072, 279), (279,), (279, 10), (10,)], 'train_accuracy': 0.17108, 'test_accuracy': 0.1682}} 
09-12 06:21 DEBUG    ****** PDM_KL matching ******** 
09-12 06:21 DEBUG    Best Sigma0: 0.5. Best sigma: 1 Best gamma: 10. Best Test accuracy: 0.1. Train acc: 0.1. 

09-12 06:21 DEBUG    PDM_KL log: {(0.5, 1, 10): {'shapes': [(3072, 129), (129,), (129, 10), (10,)], 'train_accuracy': 0.1, 'test_accuracy': 0.1}} 
09-12 06:27 DEBUG    ****** PDM_KL matching ******** 
09-12 06:27 DEBUG    Best Sigma0: 0.5. Best sigma: 1 Best gamma: 10. Best Test accuracy: 0.1. Train acc: 0.1. 

09-12 06:27 DEBUG    PDM_KL log: {(0.5, 1, 10): {'shapes': [(3072, 124), (124,), (124, 10), (10,)], 'train_accuracy': 0.1, 'test_accuracy': 0.1}} 
09-12 06:27 DEBUG    Trial 0 completed
09-12 06:27 DEBUG    ####################################################################################################
