09-17 08:25 DEBUG    Experiment arguments: Namespace(alpha=0.5, communication_rounds=None, datadir='data/cifar10', dataset='cifar10', device=1.0, dropout_p=0.0, epochs=10, experiment=['all'], init_seed=0, iter_epochs=5, layers=0, loaddir='saved_weights/cifar10/homo', logdir='KL_regs_bst_hyp/cifar10/homo', lr=0.01, lr_decay=1.0, n=30, n_layers=1, n_nets=25, net_config=[3072, 100, 10], num_pool_workers=7, partition='homo', pdm_gamma=10, pdm_sig=1, pdm_sig0=10, reg=1e-06, reg_fac=0.0, trials=10)
09-17 08:25 DEBUG    ####################################################################################################
09-17 08:25 DEBUG    Executing Trial 0 with seed 0
09-17 08:25 DEBUG    Data statistics: {0: {0: 213, 1: 201, 2: 194, 3: 230, 4: 173, 5: 223, 6: 199, 7: 188, 8: 190, 9: 189}, 1: {0: 186, 1: 199, 2: 189, 3: 201, 4: 203, 5: 223, 6: 192, 7: 208, 8: 189, 9: 210}, 2: {0: 226, 1: 187, 2: 195, 3: 199, 4: 191, 5: 195, 6: 194, 7: 209, 8: 204, 9: 200}, 3: {0: 213, 1: 193, 2: 233, 3: 214, 4: 201, 5: 178, 6: 180, 7: 194, 8: 193, 9: 201}, 4: {0: 166, 1: 206, 2: 205, 3: 186, 4: 199, 5: 197, 6: 188, 7: 200, 8: 213, 9: 240}, 5: {0: 202, 1: 205, 2: 192, 3: 188, 4: 212, 5: 200, 6: 197, 7: 215, 8: 199, 9: 190}, 6: {0: 211, 1: 233, 2: 211, 3: 188, 4: 185, 5: 194, 6: 197, 7: 197, 8: 186, 9: 198}, 7: {0: 179, 1: 195, 2: 189, 3: 191, 4: 214, 5: 183, 6: 225, 7: 203, 8: 217, 9: 204}, 8: {0: 191, 1: 187, 2: 191, 3: 208, 4: 238, 5: 187, 6: 188, 7: 197, 8: 205, 9: 208}, 9: {0: 214, 1: 207, 2: 208, 3: 184, 4: 190, 5: 201, 6: 195, 7: 190, 8: 180, 9: 231}, 10: {0: 194, 1: 198, 2: 197, 3: 216, 4: 199, 5: 205, 6: 192, 7: 180, 8: 202, 9: 217}, 11: {0: 209, 1: 194, 2: 200, 3: 178, 4: 175, 5: 209, 6: 247, 7: 201, 8: 187, 9: 200}, 12: {0: 198, 1: 197, 2: 194, 3: 188, 4: 201, 5: 201, 6: 207, 7: 193, 8: 202, 9: 219}, 13: {0: 220, 1: 194, 2: 185, 3: 212, 4: 201, 5: 198, 6: 193, 7: 213, 8: 185, 9: 199}, 14: {0: 188, 1: 177, 2: 223, 3: 188, 4: 234, 5: 205, 6: 219, 7: 192, 8: 204, 9: 170}, 15: {0: 202, 1: 212, 2: 216, 3: 187, 4: 192, 5: 179, 6: 194, 7: 241, 8: 184, 9: 193}, 16: {0: 213, 1: 201, 2: 201, 3: 201, 4: 182, 5: 179, 6: 198, 7: 203, 8: 224, 9: 198}, 17: {0: 204, 1: 191, 2: 199, 3: 211, 4: 209, 5: 210, 6: 202, 7: 193, 8: 184, 9: 197}, 18: {0: 182, 1: 204, 2: 188, 3: 214, 4: 201, 5: 198, 6: 222, 7: 189, 8: 203, 9: 199}, 19: {0: 183, 1: 222, 2: 171, 3: 224, 4: 206, 5: 214, 6: 192, 7: 208, 8: 190, 9: 190}, 20: {0: 182, 1: 189, 2: 202, 3: 200, 4: 204, 5: 219, 6: 190, 7: 182, 8: 225, 9: 207}, 21: {0: 195, 1: 197, 2: 190, 3: 189, 4: 201, 5: 192, 6: 218, 7: 228, 8: 204, 9: 186}, 22: {0: 232, 1: 211, 2: 194, 3: 209, 4: 184, 5: 216, 6: 204, 7: 198, 8: 185, 9: 167}, 23: {0: 199, 1: 204, 2: 205, 3: 200, 4: 209, 5: 190, 6: 186, 7: 187, 8: 223, 9: 197}, 24: {0: 198, 1: 196, 2: 228, 3: 194, 4: 196, 5: 204, 6: 181, 7: 191, 8: 222, 9: 190}}
09-17 08:27 DEBUG    **************************************************
09-17 08:27 DEBUG    Running experiments 

09-17 08:28 DEBUG    Uniform ensemble (Train acc): 0.393440
09-17 08:28 DEBUG    Uniform ensemble (Test acc): 0.394700
09-17 08:28 DEBUG    FedAvg (Train acc): 0.100000
09-17 08:28 DEBUG    FedAvg (Test acc): 0.100000
09-17 08:57 DEBUG    ****** PDM_KL matching ******** 
09-17 08:57 DEBUG    Best Sigma0: 10. Best sigma: 1 Best gamma: 10. Best Test accuracy: 0.3669. Train acc: 0.37212. 

09-17 08:57 DEBUG    PDM_KL log: {(10, 1, 10): {'shapes': [(3072, 700), (700,), (700, 10), (10,)], 'train_accuracy': 0.37212, 'test_accuracy': 0.3669}} 
09-17 10:05 DEBUG    ****** PDM_KL matching ******** 
09-17 10:05 DEBUG    Best Sigma0: 10. Best sigma: 1 Best gamma: 10. Best Test accuracy: 0.3645. Train acc: 0.36914. 

09-17 10:05 DEBUG    PDM_KL log: {(10, 1, 10): {'shapes': [(3072, 700), (700,), (700, 10), (10,)], 'train_accuracy': 0.36914, 'test_accuracy': 0.3645}} 
09-17 11:24 DEBUG    ****** PDM_KL matching ******** 
09-17 11:24 DEBUG    Best Sigma0: 10. Best sigma: 1 Best gamma: 10. Best Test accuracy: 0.3656. Train acc: 0.37214. 

09-17 11:24 DEBUG    PDM_KL log: {(10, 1, 10): {'shapes': [(3072, 700), (700,), (700, 10), (10,)], 'train_accuracy': 0.37214, 'test_accuracy': 0.3656}} 
09-17 12:52 DEBUG    ****** PDM_KL matching ******** 
09-17 12:52 DEBUG    Best Sigma0: 10. Best sigma: 1 Best gamma: 10. Best Test accuracy: 0.3693. Train acc: 0.37516. 

09-17 12:52 DEBUG    PDM_KL log: {(10, 1, 10): {'shapes': [(3072, 700), (700,), (700, 10), (10,)], 'train_accuracy': 0.37516, 'test_accuracy': 0.3693}} 
09-17 14:20 DEBUG    ****** PDM_KL matching ******** 
09-17 14:20 DEBUG    Best Sigma0: 10. Best sigma: 1 Best gamma: 10. Best Test accuracy: 0.3695. Train acc: 0.37646. 

09-17 14:20 DEBUG    PDM_KL log: {(10, 1, 10): {'shapes': [(3072, 700), (700,), (700, 10), (10,)], 'train_accuracy': 0.37646, 'test_accuracy': 0.3695}} 
09-17 15:51 DEBUG    ****** PDM_KL matching ******** 
09-17 15:51 DEBUG    Best Sigma0: 10. Best sigma: 1 Best gamma: 10. Best Test accuracy: 0.3665. Train acc: 0.37338. 

09-17 15:51 DEBUG    PDM_KL log: {(10, 1, 10): {'shapes': [(3072, 700), (700,), (700, 10), (10,)], 'train_accuracy': 0.37338, 'test_accuracy': 0.3665}} 
09-17 17:14 DEBUG    ****** PDM_KL matching ******** 
09-17 17:14 DEBUG    Best Sigma0: 10. Best sigma: 1 Best gamma: 10. Best Test accuracy: 0.3731. Train acc: 0.37852. 

09-17 17:14 DEBUG    PDM_KL log: {(10, 1, 10): {'shapes': [(3072, 700), (700,), (700, 10), (10,)], 'train_accuracy': 0.37852, 'test_accuracy': 0.3731}} 
09-17 18:00 DEBUG    ****** PDM_KL matching ******** 
09-17 18:00 DEBUG    Best Sigma0: 10. Best sigma: 1 Best gamma: 10. Best Test accuracy: 0.3107. Train acc: 0.3136. 

09-17 18:00 DEBUG    PDM_KL log: {(10, 1, 10): {'shapes': [(3072, 340), (340,), (340, 10), (10,)], 'train_accuracy': 0.3136, 'test_accuracy': 0.3107}} 
09-17 18:20 DEBUG    ****** PDM_KL matching ******** 
09-17 18:20 DEBUG    Best Sigma0: 10. Best sigma: 1 Best gamma: 10. Best Test accuracy: 0.2173. Train acc: 0.21638. 

09-17 18:20 DEBUG    PDM_KL log: {(10, 1, 10): {'shapes': [(3072, 117), (117,), (117, 10), (10,)], 'train_accuracy': 0.21638, 'test_accuracy': 0.2173}} 
09-17 18:37 DEBUG    ****** PDM_KL matching ******** 
09-17 18:37 DEBUG    Best Sigma0: 10. Best sigma: 1 Best gamma: 10. Best Test accuracy: 0.1. Train acc: 0.1. 

09-17 18:37 DEBUG    PDM_KL log: {(10, 1, 10): {'shapes': [(3072, 109), (109,), (109, 10), (10,)], 'train_accuracy': 0.1, 'test_accuracy': 0.1}} 
09-17 18:53 DEBUG    ****** PDM_KL matching ******** 
09-17 18:53 DEBUG    Best Sigma0: 10. Best sigma: 1 Best gamma: 10. Best Test accuracy: 0.1. Train acc: 0.1. 

09-17 18:53 DEBUG    PDM_KL log: {(10, 1, 10): {'shapes': [(3072, 109), (109,), (109, 10), (10,)], 'train_accuracy': 0.1, 'test_accuracy': 0.1}} 
09-17 18:53 DEBUG    Trial 0 completed
09-17 18:53 DEBUG    ####################################################################################################
09-17 18:53 DEBUG    ####################################################################################################
09-17 18:53 DEBUG    Executing Trial 1 with seed 1
09-17 18:54 DEBUG    Data statistics: {0: {0: 186, 1: 183, 2: 212, 3: 199, 4: 213, 5: 195, 6: 200, 7: 199, 8: 207, 9: 206}, 1: {0: 213, 1: 229, 2: 201, 3: 174, 4: 204, 5: 202, 6: 193, 7: 205, 8: 182, 9: 197}, 2: {0: 209, 1: 170, 2: 210, 3: 208, 4: 207, 5: 197, 6: 202, 7: 179, 8: 191, 9: 227}, 3: {0: 195, 1: 205, 2: 197, 3: 193, 4: 200, 5: 209, 6: 198, 7: 206, 8: 210, 9: 187}, 4: {0: 183, 1: 199, 2: 218, 3: 215, 4: 183, 5: 192, 6: 194, 7: 223, 8: 188, 9: 205}, 5: {0: 196, 1: 198, 2: 215, 3: 208, 4: 201, 5: 186, 6: 199, 7: 192, 8: 218, 9: 187}, 6: {0: 216, 1: 226, 2: 170, 3: 205, 4: 176, 5: 217, 6: 218, 7: 202, 8: 175, 9: 195}, 7: {0: 178, 1: 207, 2: 217, 3: 213, 4: 190, 5: 217, 6: 218, 7: 191, 8: 201, 9: 168}, 8: {0: 188, 1: 198, 2: 189, 3: 206, 4: 203, 5: 202, 6: 216, 7: 204, 8: 179, 9: 215}, 9: {0: 209, 1: 196, 2: 224, 3: 174, 4: 188, 5: 188, 6: 216, 7: 211, 8: 189, 9: 205}, 10: {0: 195, 1: 204, 2: 171, 3: 206, 4: 203, 5: 201, 6: 215, 7: 211, 8: 196, 9: 198}, 11: {0: 225, 1: 202, 2: 217, 3: 188, 4: 193, 5: 195, 6: 207, 7: 183, 8: 183, 9: 207}, 12: {0: 196, 1: 186, 2: 200, 3: 216, 4: 195, 5: 222, 6: 183, 7: 190, 8: 213, 9: 199}, 13: {0: 204, 1: 193, 2: 181, 3: 200, 4: 214, 5: 195, 6: 184, 7: 194, 8: 200, 9: 235}, 14: {0: 203, 1: 207, 2: 181, 3: 210, 4: 183, 5: 205, 6: 189, 7: 189, 8: 201, 9: 232}, 15: {0: 206, 1: 205, 2: 183, 3: 191, 4: 196, 5: 184, 6: 198, 7: 221, 8: 228, 9: 188}, 16: {0: 200, 1: 205, 2: 207, 3: 190, 4: 212, 5: 189, 6: 191, 7: 207, 8: 225, 9: 174}, 17: {0: 181, 1: 205, 2: 198, 3: 202, 4: 196, 5: 193, 6: 220, 7: 179, 8: 216, 9: 210}, 18: {0: 198, 1: 207, 2: 204, 3: 212, 4: 214, 5: 207, 6: 177, 7: 195, 8: 199, 9: 187}, 19: {0: 222, 1: 200, 2: 199, 3: 207, 4: 211, 5: 212, 6: 174, 7: 212, 8: 182, 9: 181}, 20: {0: 204, 1: 187, 2: 207, 3: 194, 4: 176, 5: 205, 6: 194, 7: 205, 8: 211, 9: 217}, 21: {0: 195, 1: 209, 2: 182, 3: 208, 4: 214, 5: 174, 6: 211, 7: 203, 8: 199, 9: 205}, 22: {0: 194, 1: 198, 2: 220, 3: 198, 4: 209, 5: 206, 6: 196, 7: 187, 8: 194, 9: 198}, 23: {0: 186, 1: 194, 2: 195, 3: 206, 4: 213, 5: 198, 6: 199, 7: 213, 8: 197, 9: 199}, 24: {0: 218, 1: 187, 2: 202, 3: 177, 4: 206, 5: 209, 6: 208, 7: 199, 8: 216, 9: 178}}
09-17 18:59 DEBUG    **************************************************
09-17 18:59 DEBUG    Running experiments 

09-17 19:00 DEBUG    Uniform ensemble (Train acc): 0.395220
09-17 19:00 DEBUG    Uniform ensemble (Test acc): 0.394500
09-17 19:00 DEBUG    FedAvg (Train acc): 0.100000
09-17 19:00 DEBUG    FedAvg (Test acc): 0.100000
09-17 19:44 DEBUG    ****** PDM_KL matching ******** 
09-17 19:44 DEBUG    Best Sigma0: 10. Best sigma: 1 Best gamma: 10. Best Test accuracy: 0.3823. Train acc: 0.38304. 

09-17 19:44 DEBUG    PDM_KL log: {(10, 1, 10): {'shapes': [(3072, 700), (700,), (700, 10), (10,)], 'train_accuracy': 0.38304, 'test_accuracy': 0.3823}} 
09-17 21:06 DEBUG    ****** PDM_KL matching ******** 
09-17 21:06 DEBUG    Best Sigma0: 10. Best sigma: 1 Best gamma: 10. Best Test accuracy: 0.3837. Train acc: 0.38608. 

09-17 21:06 DEBUG    PDM_KL log: {(10, 1, 10): {'shapes': [(3072, 700), (700,), (700, 10), (10,)], 'train_accuracy': 0.38608, 'test_accuracy': 0.3837}} 
09-17 22:30 DEBUG    ****** PDM_KL matching ******** 
09-17 22:30 DEBUG    Best Sigma0: 10. Best sigma: 1 Best gamma: 10. Best Test accuracy: 0.3866. Train acc: 0.38422. 

09-17 22:30 DEBUG    PDM_KL log: {(10, 1, 10): {'shapes': [(3072, 700), (700,), (700, 10), (10,)], 'train_accuracy': 0.38422, 'test_accuracy': 0.3866}} 
09-17 23:47 DEBUG    ****** PDM_KL matching ******** 
09-17 23:47 DEBUG    Best Sigma0: 10. Best sigma: 1 Best gamma: 10. Best Test accuracy: 0.3787. Train acc: 0.38142. 

09-17 23:47 DEBUG    PDM_KL log: {(10, 1, 10): {'shapes': [(3072, 700), (700,), (700, 10), (10,)], 'train_accuracy': 0.38142, 'test_accuracy': 0.3787}} 
09-18 00:58 DEBUG    ****** PDM_KL matching ******** 
09-18 00:58 DEBUG    Best Sigma0: 10. Best sigma: 1 Best gamma: 10. Best Test accuracy: 0.3846. Train acc: 0.3844. 

09-18 00:58 DEBUG    PDM_KL log: {(10, 1, 10): {'shapes': [(3072, 700), (700,), (700, 10), (10,)], 'train_accuracy': 0.3844, 'test_accuracy': 0.3846}} 
09-18 02:13 DEBUG    ****** PDM_KL matching ******** 
09-18 02:13 DEBUG    Best Sigma0: 10. Best sigma: 1 Best gamma: 10. Best Test accuracy: 0.3819. Train acc: 0.38118. 

09-18 02:13 DEBUG    PDM_KL log: {(10, 1, 10): {'shapes': [(3072, 700), (700,), (700, 10), (10,)], 'train_accuracy': 0.38118, 'test_accuracy': 0.3819}} 
09-18 03:29 DEBUG    ****** PDM_KL matching ******** 
09-18 03:29 DEBUG    Best Sigma0: 10. Best sigma: 1 Best gamma: 10. Best Test accuracy: 0.3816. Train acc: 0.38132. 

09-18 03:29 DEBUG    PDM_KL log: {(10, 1, 10): {'shapes': [(3072, 700), (700,), (700, 10), (10,)], 'train_accuracy': 0.38132, 'test_accuracy': 0.3816}} 
09-18 04:08 DEBUG    ****** PDM_KL matching ******** 
09-18 04:08 DEBUG    Best Sigma0: 10. Best sigma: 1 Best gamma: 10. Best Test accuracy: 0.3493. Train acc: 0.3513. 

09-18 04:08 DEBUG    PDM_KL log: {(10, 1, 10): {'shapes': [(3072, 340), (340,), (340, 10), (10,)], 'train_accuracy': 0.3513, 'test_accuracy': 0.3493}} 
09-18 04:23 DEBUG    ****** PDM_KL matching ******** 
09-18 04:23 DEBUG    Best Sigma0: 10. Best sigma: 1 Best gamma: 10. Best Test accuracy: 0.2349. Train acc: 0.24004. 

09-18 04:23 DEBUG    PDM_KL log: {(10, 1, 10): {'shapes': [(3072, 115), (115,), (115, 10), (10,)], 'train_accuracy': 0.24004, 'test_accuracy': 0.2349}} 
09-18 04:36 DEBUG    ****** PDM_KL matching ******** 
09-18 04:36 DEBUG    Best Sigma0: 10. Best sigma: 1 Best gamma: 10. Best Test accuracy: 0.1. Train acc: 0.1. 

09-18 04:36 DEBUG    PDM_KL log: {(10, 1, 10): {'shapes': [(3072, 107), (107,), (107, 10), (10,)], 'train_accuracy': 0.1, 'test_accuracy': 0.1}} 
09-18 04:49 DEBUG    ****** PDM_KL matching ******** 
09-18 04:49 DEBUG    Best Sigma0: 10. Best sigma: 1 Best gamma: 10. Best Test accuracy: 0.1. Train acc: 0.1. 

09-18 04:49 DEBUG    PDM_KL log: {(10, 1, 10): {'shapes': [(3072, 108), (108,), (108, 10), (10,)], 'train_accuracy': 0.1, 'test_accuracy': 0.1}} 
09-18 04:49 DEBUG    Trial 1 completed
09-18 04:49 DEBUG    ####################################################################################################
09-18 04:49 DEBUG    ####################################################################################################
09-18 04:49 DEBUG    Executing Trial 2 with seed 2
09-18 04:49 DEBUG    Data statistics: {0: {0: 197, 1: 205, 2: 214, 3: 203, 4: 214, 5: 196, 6: 206, 7: 199, 8: 185, 9: 181}, 1: {0: 215, 1: 185, 2: 188, 3: 192, 4: 212, 5: 208, 6: 218, 7: 192, 8: 200, 9: 190}, 2: {0: 198, 1: 198, 2: 223, 3: 208, 4: 177, 5: 196, 6: 199, 7: 203, 8: 203, 9: 195}, 3: {0: 209, 1: 191, 2: 210, 3: 198, 4: 204, 5: 184, 6: 184, 7: 195, 8: 199, 9: 226}, 4: {0: 210, 1: 217, 2: 196, 3: 181, 4: 201, 5: 214, 6: 187, 7: 209, 8: 202, 9: 183}, 5: {0: 218, 1: 193, 2: 196, 3: 211, 4: 184, 5: 186, 6: 203, 7: 213, 8: 192, 9: 204}, 6: {0: 173, 1: 217, 2: 209, 3: 188, 4: 190, 5: 217, 6: 206, 7: 186, 8: 189, 9: 225}, 7: {0: 212, 1: 209, 2: 198, 3: 216, 4: 192, 5: 172, 6: 193, 7: 205, 8: 202, 9: 201}, 8: {0: 183, 1: 189, 2: 195, 3: 188, 4: 230, 5: 223, 6: 194, 7: 197, 8: 196, 9: 205}, 9: {0: 185, 1: 171, 2: 181, 3: 226, 4: 181, 5: 205, 6: 226, 7: 219, 8: 211, 9: 195}, 10: {0: 207, 1: 219, 2: 213, 3: 167, 4: 188, 5: 204, 6: 211, 7: 199, 8: 206, 9: 186}, 11: {0: 212, 1: 196, 2: 172, 3: 203, 4: 225, 5: 201, 6: 187, 7: 205, 8: 190, 9: 209}, 12: {0: 197, 1: 215, 2: 204, 3: 196, 4: 209, 5: 200, 6: 194, 7: 182, 8: 206, 9: 197}, 13: {0: 207, 1: 210, 2: 194, 3: 203, 4: 206, 5: 211, 6: 187, 7: 205, 8: 190, 9: 187}, 14: {0: 218, 1: 184, 2: 217, 3: 198, 4: 194, 5: 173, 6: 185, 7: 202, 8: 210, 9: 219}, 15: {0: 202, 1: 208, 2: 208, 3: 190, 4: 208, 5: 179, 6: 191, 7: 198, 8: 208, 9: 208}, 16: {0: 191, 1: 211, 2: 186, 3: 215, 4: 181, 5: 195, 6: 209, 7: 194, 8: 214, 9: 204}, 17: {0: 193, 1: 186, 2: 212, 3: 213, 4: 219, 5: 177, 6: 184, 7: 215, 8: 203, 9: 198}, 18: {0: 210, 1: 194, 2: 195, 3: 208, 4: 218, 5: 202, 6: 199, 7: 188, 8: 178, 9: 208}, 19: {0: 174, 1: 196, 2: 190, 3: 190, 4: 208, 5: 241, 6: 218, 7: 195, 8: 201, 9: 187}, 20: {0: 201, 1: 204, 2: 213, 3: 197, 4: 195, 5: 208, 6: 208, 7: 199, 8: 194, 9: 181}, 21: {0: 203, 1: 188, 2: 194, 3: 188, 4: 214, 5: 202, 6: 196, 7: 201, 8: 211, 9: 203}, 22: {0: 206, 1: 213, 2: 206, 3: 208, 4: 199, 5: 188, 6: 207, 7: 194, 8: 179, 9: 200}, 23: {0: 182, 1: 213, 2: 202, 3: 200, 4: 173, 5: 216, 6: 207, 7: 203, 8: 203, 9: 201}, 24: {0: 197, 1: 188, 2: 184, 3: 213, 4: 178, 5: 202, 6: 201, 7: 202, 8: 228, 9: 207}}
09-18 04:53 DEBUG    **************************************************
09-18 04:53 DEBUG    Running experiments 

09-18 04:54 DEBUG    Uniform ensemble (Train acc): 0.395880
09-18 04:54 DEBUG    Uniform ensemble (Test acc): 0.388700
09-18 04:55 DEBUG    FedAvg (Train acc): 0.100000
09-18 04:55 DEBUG    FedAvg (Test acc): 0.100000
09-18 05:31 DEBUG    ****** PDM_KL matching ******** 
09-18 05:31 DEBUG    Best Sigma0: 10. Best sigma: 1 Best gamma: 10. Best Test accuracy: 0.3725. Train acc: 0.37902. 

09-18 05:31 DEBUG    PDM_KL log: {(10, 1, 10): {'shapes': [(3072, 700), (700,), (700, 10), (10,)], 'train_accuracy': 0.37902, 'test_accuracy': 0.3725}} 
09-18 06:50 DEBUG    ****** PDM_KL matching ******** 
09-18 06:50 DEBUG    Best Sigma0: 10. Best sigma: 1 Best gamma: 10. Best Test accuracy: 0.3782. Train acc: 0.38328. 

09-18 06:50 DEBUG    PDM_KL log: {(10, 1, 10): {'shapes': [(3072, 700), (700,), (700, 10), (10,)], 'train_accuracy': 0.38328, 'test_accuracy': 0.3782}} 
09-18 07:56 DEBUG    ****** PDM_KL matching ******** 
09-18 07:56 DEBUG    Best Sigma0: 10. Best sigma: 1 Best gamma: 10. Best Test accuracy: 0.3822. Train acc: 0.38382. 

09-18 07:56 DEBUG    PDM_KL log: {(10, 1, 10): {'shapes': [(3072, 700), (700,), (700, 10), (10,)], 'train_accuracy': 0.38382, 'test_accuracy': 0.3822}} 
09-18 09:01 DEBUG    ****** PDM_KL matching ******** 
09-18 09:01 DEBUG    Best Sigma0: 10. Best sigma: 1 Best gamma: 10. Best Test accuracy: 0.3749. Train acc: 0.37982. 

09-18 09:01 DEBUG    PDM_KL log: {(10, 1, 10): {'shapes': [(3072, 700), (700,), (700, 10), (10,)], 'train_accuracy': 0.37982, 'test_accuracy': 0.3749}} 
09-18 10:12 DEBUG    ****** PDM_KL matching ******** 
09-18 10:12 DEBUG    Best Sigma0: 10. Best sigma: 1 Best gamma: 10. Best Test accuracy: 0.3752. Train acc: 0.38312. 

09-18 10:12 DEBUG    PDM_KL log: {(10, 1, 10): {'shapes': [(3072, 700), (700,), (700, 10), (10,)], 'train_accuracy': 0.38312, 'test_accuracy': 0.3752}} 
09-18 11:16 DEBUG    ****** PDM_KL matching ******** 
09-18 11:16 DEBUG    Best Sigma0: 10. Best sigma: 1 Best gamma: 10. Best Test accuracy: 0.375. Train acc: 0.3809. 

09-18 11:16 DEBUG    PDM_KL log: {(10, 1, 10): {'shapes': [(3072, 700), (700,), (700, 10), (10,)], 'train_accuracy': 0.3809, 'test_accuracy': 0.375}} 
09-18 12:20 DEBUG    ****** PDM_KL matching ******** 
09-18 12:20 DEBUG    Best Sigma0: 10. Best sigma: 1 Best gamma: 10. Best Test accuracy: 0.3746. Train acc: 0.37838. 

09-18 12:20 DEBUG    PDM_KL log: {(10, 1, 10): {'shapes': [(3072, 700), (700,), (700, 10), (10,)], 'train_accuracy': 0.37838, 'test_accuracy': 0.3746}} 
09-18 12:53 DEBUG    ****** PDM_KL matching ******** 
09-18 12:53 DEBUG    Best Sigma0: 10. Best sigma: 1 Best gamma: 10. Best Test accuracy: 0.2878. Train acc: 0.29008. 

09-18 12:53 DEBUG    PDM_KL log: {(10, 1, 10): {'shapes': [(3072, 340), (340,), (340, 10), (10,)], 'train_accuracy': 0.29008, 'test_accuracy': 0.2878}} 
09-18 13:08 DEBUG    ****** PDM_KL matching ******** 
09-18 13:08 DEBUG    Best Sigma0: 10. Best sigma: 1 Best gamma: 10. Best Test accuracy: 0.2402. Train acc: 0.2447. 

09-18 13:08 DEBUG    PDM_KL log: {(10, 1, 10): {'shapes': [(3072, 116), (116,), (116, 10), (10,)], 'train_accuracy': 0.2447, 'test_accuracy': 0.2402}} 
09-18 13:23 DEBUG    ****** PDM_KL matching ******** 
09-18 13:23 DEBUG    Best Sigma0: 10. Best sigma: 1 Best gamma: 10. Best Test accuracy: 0.1. Train acc: 0.1. 

09-18 13:23 DEBUG    PDM_KL log: {(10, 1, 10): {'shapes': [(3072, 107), (107,), (107, 10), (10,)], 'train_accuracy': 0.1, 'test_accuracy': 0.1}} 
09-18 13:35 DEBUG    ****** PDM_KL matching ******** 
09-18 13:35 DEBUG    Best Sigma0: 10. Best sigma: 1 Best gamma: 10. Best Test accuracy: 0.1. Train acc: 0.1. 

09-18 13:35 DEBUG    PDM_KL log: {(10, 1, 10): {'shapes': [(3072, 108), (108,), (108, 10), (10,)], 'train_accuracy': 0.1, 'test_accuracy': 0.1}} 
09-18 13:35 DEBUG    Trial 2 completed
09-18 13:35 DEBUG    ####################################################################################################
09-18 13:35 DEBUG    ####################################################################################################
09-18 13:35 DEBUG    Executing Trial 3 with seed 3
09-18 13:35 DEBUG    Data statistics: {0: {0: 188, 1: 200, 2: 214, 3: 193, 4: 180, 5: 209, 6: 218, 7: 194, 8: 194, 9: 210}, 1: {0: 212, 1: 208, 2: 201, 3: 191, 4: 179, 5: 192, 6: 198, 7: 218, 8: 206, 9: 195}, 2: {0: 200, 1: 178, 2: 193, 3: 214, 4: 182, 5: 204, 6: 200, 7: 216, 8: 195, 9: 218}, 3: {0: 212, 1: 181, 2: 217, 3: 193, 4: 193, 5: 204, 6: 222, 7: 192, 8: 190, 9: 196}, 4: {0: 220, 1: 184, 2: 208, 3: 203, 4: 184, 5: 197, 6: 205, 7: 220, 8: 185, 9: 194}, 5: {0: 196, 1: 203, 2: 185, 3: 215, 4: 213, 5: 206, 6: 194, 7: 205, 8: 210, 9: 173}, 6: {0: 209, 1: 200, 2: 200, 3: 210, 4: 187, 5: 202, 6: 202, 7: 207, 8: 199, 9: 184}, 7: {0: 200, 1: 215, 2: 196, 3: 197, 4: 186, 5: 213, 6: 218, 7: 192, 8: 176, 9: 207}, 8: {0: 186, 1: 210, 2: 204, 3: 202, 4: 190, 5: 186, 6: 213, 7: 197, 8: 201, 9: 211}, 9: {0: 187, 1: 203, 2: 219, 3: 209, 4: 200, 5: 180, 6: 191, 7: 216, 8: 198, 9: 197}, 10: {0: 221, 1: 196, 2: 201, 3: 201, 4: 215, 5: 195, 6: 174, 7: 199, 8: 193, 9: 205}, 11: {0: 204, 1: 215, 2: 183, 3: 181, 4: 197, 5: 194, 6: 211, 7: 202, 8: 239, 9: 174}, 12: {0: 194, 1: 199, 2: 208, 3: 215, 4: 202, 5: 203, 6: 198, 7: 165, 8: 220, 9: 196}, 13: {0: 200, 1: 187, 2: 198, 3: 184, 4: 198, 5: 206, 6: 198, 7: 201, 8: 212, 9: 216}, 14: {0: 183, 1: 216, 2: 192, 3: 195, 4: 191, 5: 242, 6: 197, 7: 182, 8: 195, 9: 207}, 15: {0: 199, 1: 208, 2: 190, 3: 185, 4: 207, 5: 233, 6: 207, 7: 183, 8: 183, 9: 205}, 16: {0: 214, 1: 202, 2: 202, 3: 208, 4: 202, 5: 200, 6: 174, 7: 187, 8: 214, 9: 197}, 17: {0: 184, 1: 209, 2: 186, 3: 227, 4: 190, 5: 207, 6: 199, 7: 213, 8: 198, 9: 187}, 18: {0: 178, 1: 214, 2: 184, 3: 212, 4: 201, 5: 173, 6: 208, 7: 200, 8: 218, 9: 212}, 19: {0: 217, 1: 190, 2: 206, 3: 190, 4: 214, 5: 206, 6: 196, 7: 187, 8: 189, 9: 205}, 20: {0: 190, 1: 219, 2: 213, 3: 181, 4: 205, 5: 177, 6: 206, 7: 186, 8: 205, 9: 218}, 21: {0: 219, 1: 202, 2: 187, 3: 171, 4: 236, 5: 193, 6: 197, 7: 214, 8: 177, 9: 204}, 22: {0: 210, 1: 189, 2: 204, 3: 220, 4: 216, 5: 187, 6: 184, 7: 198, 8: 182, 9: 210}, 23: {0: 177, 1: 192, 2: 221, 3: 201, 4: 212, 5: 199, 6: 188, 7: 206, 8: 209, 9: 195}, 24: {0: 200, 1: 180, 2: 188, 3: 202, 4: 220, 5: 192, 6: 202, 7: 220, 8: 212, 9: 184}}
09-18 13:40 DEBUG    **************************************************
09-18 13:40 DEBUG    Running experiments 

09-18 13:41 DEBUG    Uniform ensemble (Train acc): 0.393520
09-18 13:41 DEBUG    Uniform ensemble (Test acc): 0.390500
09-18 13:41 DEBUG    FedAvg (Train acc): 0.099960
09-18 13:41 DEBUG    FedAvg (Test acc): 0.100000
09-18 14:17 DEBUG    ****** PDM_KL matching ******** 
09-18 14:17 DEBUG    Best Sigma0: 10. Best sigma: 1 Best gamma: 10. Best Test accuracy: 0.3731. Train acc: 0.3743. 

09-18 14:17 DEBUG    PDM_KL log: {(10, 1, 10): {'shapes': [(3072, 700), (700,), (700, 10), (10,)], 'train_accuracy': 0.3743, 'test_accuracy': 0.3731}} 
09-18 15:33 DEBUG    ****** PDM_KL matching ******** 
09-18 15:33 DEBUG    Best Sigma0: 10. Best sigma: 1 Best gamma: 10. Best Test accuracy: 0.3712. Train acc: 0.3731. 

09-18 15:33 DEBUG    PDM_KL log: {(10, 1, 10): {'shapes': [(3072, 700), (700,), (700, 10), (10,)], 'train_accuracy': 0.3731, 'test_accuracy': 0.3712}} 
09-18 16:51 DEBUG    ****** PDM_KL matching ******** 
09-18 16:51 DEBUG    Best Sigma0: 10. Best sigma: 1 Best gamma: 10. Best Test accuracy: 0.3645. Train acc: 0.36936. 

09-18 16:51 DEBUG    PDM_KL log: {(10, 1, 10): {'shapes': [(3072, 700), (700,), (700, 10), (10,)], 'train_accuracy': 0.36936, 'test_accuracy': 0.3645}} 
09-18 18:05 DEBUG    ****** PDM_KL matching ******** 
09-18 18:05 DEBUG    Best Sigma0: 10. Best sigma: 1 Best gamma: 10. Best Test accuracy: 0.3773. Train acc: 0.37802. 

09-18 18:05 DEBUG    PDM_KL log: {(10, 1, 10): {'shapes': [(3072, 700), (700,), (700, 10), (10,)], 'train_accuracy': 0.37802, 'test_accuracy': 0.3773}} 
09-18 19:21 DEBUG    ****** PDM_KL matching ******** 
09-18 19:21 DEBUG    Best Sigma0: 10. Best sigma: 1 Best gamma: 10. Best Test accuracy: 0.3776. Train acc: 0.37658. 

09-18 19:21 DEBUG    PDM_KL log: {(10, 1, 10): {'shapes': [(3072, 700), (700,), (700, 10), (10,)], 'train_accuracy': 0.37658, 'test_accuracy': 0.3776}} 
09-18 20:35 DEBUG    ****** PDM_KL matching ******** 
09-18 20:35 DEBUG    Best Sigma0: 10. Best sigma: 1 Best gamma: 10. Best Test accuracy: 0.3688. Train acc: 0.37376. 

09-18 20:35 DEBUG    PDM_KL log: {(10, 1, 10): {'shapes': [(3072, 700), (700,), (700, 10), (10,)], 'train_accuracy': 0.37376, 'test_accuracy': 0.3688}} 
09-18 21:41 DEBUG    ****** PDM_KL matching ******** 
09-18 21:41 DEBUG    Best Sigma0: 10. Best sigma: 1 Best gamma: 10. Best Test accuracy: 0.3732. Train acc: 0.37848. 

09-18 21:41 DEBUG    PDM_KL log: {(10, 1, 10): {'shapes': [(3072, 700), (700,), (700, 10), (10,)], 'train_accuracy': 0.37848, 'test_accuracy': 0.3732}} 
09-18 22:10 DEBUG    ****** PDM_KL matching ******** 
09-18 22:10 DEBUG    Best Sigma0: 10. Best sigma: 1 Best gamma: 10. Best Test accuracy: 0.3447. Train acc: 0.34404. 

09-18 22:10 DEBUG    PDM_KL log: {(10, 1, 10): {'shapes': [(3072, 340), (340,), (340, 10), (10,)], 'train_accuracy': 0.34404, 'test_accuracy': 0.3447}} 
09-18 22:22 DEBUG    ****** PDM_KL matching ******** 
09-18 22:22 DEBUG    Best Sigma0: 10. Best sigma: 1 Best gamma: 10. Best Test accuracy: 0.2066. Train acc: 0.20812. 

09-18 22:22 DEBUG    PDM_KL log: {(10, 1, 10): {'shapes': [(3072, 115), (115,), (115, 10), (10,)], 'train_accuracy': 0.20812, 'test_accuracy': 0.2066}} 
09-18 22:32 DEBUG    ****** PDM_KL matching ******** 
09-18 22:32 DEBUG    Best Sigma0: 10. Best sigma: 1 Best gamma: 10. Best Test accuracy: 0.1. Train acc: 0.1. 

09-18 22:32 DEBUG    PDM_KL log: {(10, 1, 10): {'shapes': [(3072, 111), (111,), (111, 10), (10,)], 'train_accuracy': 0.1, 'test_accuracy': 0.1}} 
09-18 22:43 DEBUG    ****** PDM_KL matching ******** 
09-18 22:43 DEBUG    Best Sigma0: 10. Best sigma: 1 Best gamma: 10. Best Test accuracy: 0.1. Train acc: 0.1. 

09-18 22:43 DEBUG    PDM_KL log: {(10, 1, 10): {'shapes': [(3072, 108), (108,), (108, 10), (10,)], 'train_accuracy': 0.1, 'test_accuracy': 0.1}} 
09-18 22:43 DEBUG    Trial 3 completed
09-18 22:43 DEBUG    ####################################################################################################
09-18 22:43 DEBUG    ####################################################################################################
09-18 22:43 DEBUG    Executing Trial 4 with seed 4
09-18 22:43 DEBUG    Data statistics: {0: {0: 210, 1: 194, 2: 172, 3: 205, 4: 185, 5: 194, 6: 213, 7: 204, 8: 217, 9: 206}, 1: {0: 189, 1: 216, 2: 211, 3: 180, 4: 192, 5: 205, 6: 195, 7: 213, 8: 197, 9: 202}, 2: {0: 206, 1: 198, 2: 202, 3: 224, 4: 199, 5: 194, 6: 205, 7: 208, 8: 154, 9: 210}, 3: {0: 205, 1: 204, 2: 192, 3: 204, 4: 184, 5: 213, 6: 197, 7: 193, 8: 208, 9: 200}, 4: {0: 223, 1: 215, 2: 197, 3: 172, 4: 205, 5: 198, 6: 210, 7: 195, 8: 184, 9: 201}, 5: {0: 188, 1: 189, 2: 185, 3: 180, 4: 220, 5: 219, 6: 221, 7: 200, 8: 208, 9: 190}, 6: {0: 203, 1: 203, 2: 194, 3: 200, 4: 211, 5: 207, 6: 186, 7: 203, 8: 206, 9: 187}, 7: {0: 205, 1: 193, 2: 224, 3: 208, 4: 202, 5: 192, 6: 202, 7: 184, 8: 184, 9: 206}, 8: {0: 221, 1: 200, 2: 200, 3: 188, 4: 198, 5: 183, 6: 238, 7: 186, 8: 186, 9: 200}, 9: {0: 203, 1: 207, 2: 207, 3: 180, 4: 199, 5: 188, 6: 234, 7: 216, 8: 201, 9: 165}, 10: {0: 186, 1: 206, 2: 232, 3: 198, 4: 212, 5: 210, 6: 188, 7: 183, 8: 187, 9: 198}, 11: {0: 189, 1: 199, 2: 195, 3: 229, 4: 221, 5: 194, 6: 180, 7: 199, 8: 199, 9: 195}, 12: {0: 206, 1: 215, 2: 178, 3: 205, 4: 184, 5: 208, 6: 181, 7: 200, 8: 223, 9: 200}, 13: {0: 206, 1: 193, 2: 204, 3: 221, 4: 183, 5: 203, 6: 185, 7: 204, 8: 194, 9: 207}, 14: {0: 200, 1: 188, 2: 223, 3: 205, 4: 180, 5: 210, 6: 191, 7: 196, 8: 222, 9: 185}, 15: {0: 191, 1: 220, 2: 201, 3: 197, 4: 199, 5: 205, 6: 206, 7: 196, 8: 181, 9: 204}, 16: {0: 186, 1: 189, 2: 193, 3: 214, 4: 188, 5: 209, 6: 197, 7: 201, 8: 212, 9: 211}, 17: {0: 203, 1: 185, 2: 191, 3: 200, 4: 218, 5: 200, 6: 197, 7: 205, 8: 200, 9: 201}, 18: {0: 211, 1: 189, 2: 179, 3: 185, 4: 215, 5: 194, 6: 199, 7: 203, 8: 205, 9: 220}, 19: {0: 198, 1: 192, 2: 211, 3: 207, 4: 198, 5: 195, 6: 180, 7: 209, 8: 200, 9: 210}, 20: {0: 209, 1: 195, 2: 191, 3: 196, 4: 210, 5: 183, 6: 178, 7: 221, 8: 219, 9: 198}, 21: {0: 177, 1: 203, 2: 212, 3: 210, 4: 204, 5: 207, 6: 198, 7: 198, 8: 196, 9: 195}, 22: {0: 193, 1: 199, 2: 195, 3: 176, 4: 201, 5: 211, 6: 208, 7: 211, 8: 212, 9: 194}, 23: {0: 196, 1: 211, 2: 210, 3: 219, 4: 199, 5: 177, 6: 203, 7: 182, 8: 200, 9: 203}, 24: {0: 196, 1: 197, 2: 201, 3: 197, 4: 193, 5: 201, 6: 208, 7: 190, 8: 205, 9: 212}}
09-18 22:46 DEBUG    **************************************************
09-18 22:46 DEBUG    Running experiments 

09-18 22:47 DEBUG    Uniform ensemble (Train acc): 0.395420
09-18 22:47 DEBUG    Uniform ensemble (Test acc): 0.392300
09-18 22:47 DEBUG    FedAvg (Train acc): 0.100000
09-18 22:47 DEBUG    FedAvg (Test acc): 0.100000
09-18 23:15 DEBUG    ****** PDM_KL matching ******** 
09-18 23:15 DEBUG    Best Sigma0: 10. Best sigma: 1 Best gamma: 10. Best Test accuracy: 0.3793. Train acc: 0.37988. 

09-18 23:15 DEBUG    PDM_KL log: {(10, 1, 10): {'shapes': [(3072, 700), (700,), (700, 10), (10,)], 'train_accuracy': 0.37988, 'test_accuracy': 0.3793}} 
09-19 00:18 DEBUG    ****** PDM_KL matching ******** 
09-19 00:18 DEBUG    Best Sigma0: 10. Best sigma: 1 Best gamma: 10. Best Test accuracy: 0.3823. Train acc: 0.38532. 

09-19 00:18 DEBUG    PDM_KL log: {(10, 1, 10): {'shapes': [(3072, 700), (700,), (700, 10), (10,)], 'train_accuracy': 0.38532, 'test_accuracy': 0.3823}} 
09-19 01:22 DEBUG    ****** PDM_KL matching ******** 
09-19 01:22 DEBUG    Best Sigma0: 10. Best sigma: 1 Best gamma: 10. Best Test accuracy: 0.3875. Train acc: 0.38836. 

09-19 01:22 DEBUG    PDM_KL log: {(10, 1, 10): {'shapes': [(3072, 700), (700,), (700, 10), (10,)], 'train_accuracy': 0.38836, 'test_accuracy': 0.3875}} 
09-19 02:26 DEBUG    ****** PDM_KL matching ******** 
09-19 02:26 DEBUG    Best Sigma0: 10. Best sigma: 1 Best gamma: 10. Best Test accuracy: 0.3842. Train acc: 0.38728. 

09-19 02:26 DEBUG    PDM_KL log: {(10, 1, 10): {'shapes': [(3072, 700), (700,), (700, 10), (10,)], 'train_accuracy': 0.38728, 'test_accuracy': 0.3842}} 
09-19 03:28 DEBUG    ****** PDM_KL matching ******** 
09-19 03:28 DEBUG    Best Sigma0: 10. Best sigma: 1 Best gamma: 10. Best Test accuracy: 0.3839. Train acc: 0.38558. 

09-19 03:28 DEBUG    PDM_KL log: {(10, 1, 10): {'shapes': [(3072, 700), (700,), (700, 10), (10,)], 'train_accuracy': 0.38558, 'test_accuracy': 0.3839}} 
09-19 04:24 DEBUG    ****** PDM_KL matching ******** 
09-19 04:24 DEBUG    Best Sigma0: 10. Best sigma: 1 Best gamma: 10. Best Test accuracy: 0.3872. Train acc: 0.38888. 

09-19 04:24 DEBUG    PDM_KL log: {(10, 1, 10): {'shapes': [(3072, 700), (700,), (700, 10), (10,)], 'train_accuracy': 0.38888, 'test_accuracy': 0.3872}} 
09-19 05:24 DEBUG    ****** PDM_KL matching ******** 
09-19 05:24 DEBUG    Best Sigma0: 10. Best sigma: 1 Best gamma: 10. Best Test accuracy: 0.3758. Train acc: 0.38258. 

09-19 05:24 DEBUG    PDM_KL log: {(10, 1, 10): {'shapes': [(3072, 700), (700,), (700, 10), (10,)], 'train_accuracy': 0.38258, 'test_accuracy': 0.3758}} 
09-19 05:53 DEBUG    ****** PDM_KL matching ******** 
09-19 05:53 DEBUG    Best Sigma0: 10. Best sigma: 1 Best gamma: 10. Best Test accuracy: 0.3237. Train acc: 0.32162. 

09-19 05:53 DEBUG    PDM_KL log: {(10, 1, 10): {'shapes': [(3072, 340), (340,), (340, 10), (10,)], 'train_accuracy': 0.32162, 'test_accuracy': 0.3237}} 
09-19 06:04 DEBUG    ****** PDM_KL matching ******** 
09-19 06:04 DEBUG    Best Sigma0: 10. Best sigma: 1 Best gamma: 10. Best Test accuracy: 0.2309. Train acc: 0.23332. 

09-19 06:04 DEBUG    PDM_KL log: {(10, 1, 10): {'shapes': [(3072, 115), (115,), (115, 10), (10,)], 'train_accuracy': 0.23332, 'test_accuracy': 0.2309}} 
09-19 06:14 DEBUG    ****** PDM_KL matching ******** 
09-19 06:14 DEBUG    Best Sigma0: 10. Best sigma: 1 Best gamma: 10. Best Test accuracy: 0.1. Train acc: 0.1. 

09-19 06:14 DEBUG    PDM_KL log: {(10, 1, 10): {'shapes': [(3072, 111), (111,), (111, 10), (10,)], 'train_accuracy': 0.1, 'test_accuracy': 0.1}} 
09-19 06:25 DEBUG    ****** PDM_KL matching ******** 
09-19 06:25 DEBUG    Best Sigma0: 10. Best sigma: 1 Best gamma: 10. Best Test accuracy: 0.1. Train acc: 0.1. 

09-19 06:25 DEBUG    PDM_KL log: {(10, 1, 10): {'shapes': [(3072, 113), (113,), (113, 10), (10,)], 'train_accuracy': 0.1, 'test_accuracy': 0.1}} 
09-19 06:25 DEBUG    Trial 4 completed
09-19 06:25 DEBUG    ####################################################################################################
09-19 06:25 DEBUG    ####################################################################################################
09-19 06:25 DEBUG    Executing Trial 5 with seed 5
09-19 06:25 DEBUG    Data statistics: {0: {0: 216, 1: 205, 2: 191, 3: 209, 4: 191, 5: 206, 6: 205, 7: 195, 8: 177, 9: 205}, 1: {0: 198, 1: 179, 2: 215, 3: 203, 4: 190, 5: 202, 6: 228, 7: 183, 8: 205, 9: 197}, 2: {0: 194, 1: 184, 2: 234, 3: 202, 4: 188, 5: 192, 6: 191, 7: 204, 8: 223, 9: 188}, 3: {0: 194, 1: 216, 2: 167, 3: 216, 4: 201, 5: 200, 6: 188, 7: 203, 8: 193, 9: 222}, 4: {0: 194, 1: 177, 2: 194, 3: 224, 4: 200, 5: 218, 6: 180, 7: 197, 8: 211, 9: 205}, 5: {0: 180, 1: 213, 2: 169, 3: 209, 4: 211, 5: 212, 6: 210, 7: 189, 8: 202, 9: 205}, 6: {0: 216, 1: 214, 2: 219, 3: 202, 4: 188, 5: 192, 6: 186, 7: 182, 8: 199, 9: 202}, 7: {0: 207, 1: 200, 2: 191, 3: 195, 4: 203, 5: 194, 6: 208, 7: 194, 8: 204, 9: 204}, 8: {0: 182, 1: 187, 2: 210, 3: 188, 4: 211, 5: 195, 6: 196, 7: 217, 8: 208, 9: 206}, 9: {0: 190, 1: 207, 2: 207, 3: 204, 4: 190, 5: 192, 6: 195, 7: 222, 8: 208, 9: 185}, 10: {0: 194, 1: 201, 2: 196, 3: 219, 4: 202, 5: 187, 6: 206, 7: 204, 8: 206, 9: 185}, 11: {0: 226, 1: 221, 2: 182, 3: 179, 4: 195, 5: 203, 6: 202, 7: 204, 8: 193, 9: 195}, 12: {0: 204, 1: 193, 2: 187, 3: 191, 4: 238, 5: 185, 6: 197, 7: 195, 8: 206, 9: 204}, 13: {0: 222, 1: 203, 2: 209, 3: 193, 4: 209, 5: 220, 6: 184, 7: 212, 8: 165, 9: 183}, 14: {0: 228, 1: 192, 2: 201, 3: 183, 4: 205, 5: 202, 6: 188, 7: 209, 8: 196, 9: 196}, 15: {0: 206, 1: 202, 2: 196, 3: 206, 4: 214, 5: 187, 6: 212, 7: 194, 8: 172, 9: 211}, 16: {0: 213, 1: 206, 2: 208, 3: 182, 4: 179, 5: 216, 6: 197, 7: 188, 8: 192, 9: 219}, 17: {0: 194, 1: 181, 2: 211, 3: 177, 4: 200, 5: 199, 6: 207, 7: 204, 8: 223, 9: 204}, 18: {0: 170, 1: 226, 2: 212, 3: 187, 4: 191, 5: 205, 6: 208, 7: 218, 8: 193, 9: 190}, 19: {0: 211, 1: 184, 2: 202, 3: 213, 4: 195, 5: 200, 6: 225, 7: 190, 8: 203, 9: 177}, 20: {0: 184, 1: 193, 2: 198, 3: 205, 4: 211, 5: 198, 6: 199, 7: 207, 8: 197, 9: 208}, 21: {0: 177, 1: 191, 2: 165, 3: 217, 4: 180, 5: 202, 6: 217, 7: 217, 8: 225, 9: 209}, 22: {0: 199, 1: 217, 2: 218, 3: 193, 4: 208, 5: 207, 6: 183, 7: 181, 8: 191, 9: 203}, 23: {0: 189, 1: 222, 2: 211, 3: 195, 4: 196, 5: 203, 6: 185, 7: 197, 8: 187, 9: 215}, 24: {0: 212, 1: 186, 2: 207, 3: 208, 4: 204, 5: 183, 6: 203, 7: 194, 8: 221, 9: 182}}
09-19 06:28 DEBUG    **************************************************
09-19 06:28 DEBUG    Running experiments 

09-19 06:29 DEBUG    Uniform ensemble (Train acc): 0.391160
09-19 06:29 DEBUG    Uniform ensemble (Test acc): 0.386200
09-19 06:30 DEBUG    FedAvg (Train acc): 0.100000
09-19 06:30 DEBUG    FedAvg (Test acc): 0.100000
09-19 06:59 DEBUG    ****** PDM_KL matching ******** 
09-19 06:59 DEBUG    Best Sigma0: 10. Best sigma: 1 Best gamma: 10. Best Test accuracy: 0.3673. Train acc: 0.36956. 

09-19 06:59 DEBUG    PDM_KL log: {(10, 1, 10): {'shapes': [(3072, 700), (700,), (700, 10), (10,)], 'train_accuracy': 0.36956, 'test_accuracy': 0.3673}} 
09-19 08:01 DEBUG    ****** PDM_KL matching ******** 
09-19 08:01 DEBUG    Best Sigma0: 10. Best sigma: 1 Best gamma: 10. Best Test accuracy: 0.3744. Train acc: 0.37636. 

09-19 08:01 DEBUG    PDM_KL log: {(10, 1, 10): {'shapes': [(3072, 700), (700,), (700, 10), (10,)], 'train_accuracy': 0.37636, 'test_accuracy': 0.3744}} 
09-19 09:03 DEBUG    ****** PDM_KL matching ******** 
09-19 09:03 DEBUG    Best Sigma0: 10. Best sigma: 1 Best gamma: 10. Best Test accuracy: 0.3714. Train acc: 0.37378. 

09-19 09:03 DEBUG    PDM_KL log: {(10, 1, 10): {'shapes': [(3072, 700), (700,), (700, 10), (10,)], 'train_accuracy': 0.37378, 'test_accuracy': 0.3714}} 
09-19 10:05 DEBUG    ****** PDM_KL matching ******** 
09-19 10:05 DEBUG    Best Sigma0: 10. Best sigma: 1 Best gamma: 10. Best Test accuracy: 0.3678. Train acc: 0.36926. 

09-19 10:05 DEBUG    PDM_KL log: {(10, 1, 10): {'shapes': [(3072, 700), (700,), (700, 10), (10,)], 'train_accuracy': 0.36926, 'test_accuracy': 0.3678}} 
09-19 11:05 DEBUG    ****** PDM_KL matching ******** 
09-19 11:05 DEBUG    Best Sigma0: 10. Best sigma: 1 Best gamma: 10. Best Test accuracy: 0.3648. Train acc: 0.36914. 

09-19 11:05 DEBUG    PDM_KL log: {(10, 1, 10): {'shapes': [(3072, 700), (700,), (700, 10), (10,)], 'train_accuracy': 0.36914, 'test_accuracy': 0.3648}} 
09-19 12:07 DEBUG    ****** PDM_KL matching ******** 
09-19 12:07 DEBUG    Best Sigma0: 10. Best sigma: 1 Best gamma: 10. Best Test accuracy: 0.3596. Train acc: 0.36138. 

09-19 12:07 DEBUG    PDM_KL log: {(10, 1, 10): {'shapes': [(3072, 700), (700,), (700, 10), (10,)], 'train_accuracy': 0.36138, 'test_accuracy': 0.3596}} 
09-19 13:00 DEBUG    ****** PDM_KL matching ******** 
09-19 13:00 DEBUG    Best Sigma0: 10. Best sigma: 1 Best gamma: 10. Best Test accuracy: 0.3779. Train acc: 0.3806. 

09-19 13:00 DEBUG    PDM_KL log: {(10, 1, 10): {'shapes': [(3072, 700), (700,), (700, 10), (10,)], 'train_accuracy': 0.3806, 'test_accuracy': 0.3779}} 
09-19 13:23 DEBUG    ****** PDM_KL matching ******** 
09-19 13:23 DEBUG    Best Sigma0: 10. Best sigma: 1 Best gamma: 10. Best Test accuracy: 0.308. Train acc: 0.30856. 

09-19 13:23 DEBUG    PDM_KL log: {(10, 1, 10): {'shapes': [(3072, 340), (340,), (340, 10), (10,)], 'train_accuracy': 0.30856, 'test_accuracy': 0.308}} 
09-19 13:32 DEBUG    ****** PDM_KL matching ******** 
09-19 13:32 DEBUG    Best Sigma0: 10. Best sigma: 1 Best gamma: 10. Best Test accuracy: 0.2309. Train acc: 0.22932. 

09-19 13:32 DEBUG    PDM_KL log: {(10, 1, 10): {'shapes': [(3072, 118), (118,), (118, 10), (10,)], 'train_accuracy': 0.22932, 'test_accuracy': 0.2309}} 
09-19 13:40 DEBUG    ****** PDM_KL matching ******** 
09-19 13:40 DEBUG    Best Sigma0: 10. Best sigma: 1 Best gamma: 10. Best Test accuracy: 0.1. Train acc: 0.1. 

09-19 13:40 DEBUG    PDM_KL log: {(10, 1, 10): {'shapes': [(3072, 109), (109,), (109, 10), (10,)], 'train_accuracy': 0.1, 'test_accuracy': 0.1}} 
09-19 13:47 DEBUG    ****** PDM_KL matching ******** 
09-19 13:47 DEBUG    Best Sigma0: 10. Best sigma: 1 Best gamma: 10. Best Test accuracy: 0.1. Train acc: 0.1. 

09-19 13:47 DEBUG    PDM_KL log: {(10, 1, 10): {'shapes': [(3072, 112), (112,), (112, 10), (10,)], 'train_accuracy': 0.1, 'test_accuracy': 0.1}} 
09-19 13:47 DEBUG    Trial 5 completed
09-19 13:47 DEBUG    ####################################################################################################
09-19 13:47 DEBUG    ####################################################################################################
09-19 13:47 DEBUG    Executing Trial 6 with seed 6
09-19 13:47 DEBUG    Data statistics: {0: {0: 225, 1: 182, 2: 183, 3: 204, 4: 207, 5: 203, 6: 208, 7: 197, 8: 208, 9: 183}, 1: {0: 202, 1: 203, 2: 204, 3: 190, 4: 201, 5: 195, 6: 219, 7: 199, 8: 196, 9: 191}, 2: {0: 199, 1: 205, 2: 185, 3: 191, 4: 198, 5: 196, 6: 192, 7: 181, 8: 206, 9: 247}, 3: {0: 185, 1: 225, 2: 185, 3: 207, 4: 207, 5: 180, 6: 208, 7: 197, 8: 182, 9: 224}, 4: {0: 206, 1: 192, 2: 190, 3: 201, 4: 218, 5: 224, 6: 183, 7: 189, 8: 228, 9: 169}, 5: {0: 195, 1: 197, 2: 193, 3: 209, 4: 218, 5: 203, 6: 212, 7: 184, 8: 194, 9: 195}, 6: {0: 215, 1: 184, 2: 202, 3: 211, 4: 177, 5: 196, 6: 187, 7: 193, 8: 223, 9: 212}, 7: {0: 189, 1: 216, 2: 184, 3: 192, 4: 191, 5: 211, 6: 215, 7: 217, 8: 191, 9: 194}, 8: {0: 188, 1: 185, 2: 214, 3: 194, 4: 213, 5: 210, 6: 194, 7: 197, 8: 230, 9: 175}, 9: {0: 193, 1: 176, 2: 214, 3: 201, 4: 195, 5: 205, 6: 173, 7: 201, 8: 198, 9: 244}, 10: {0: 214, 1: 198, 2: 199, 3: 204, 4: 208, 5: 178, 6: 216, 7: 191, 8: 205, 9: 187}, 11: {0: 189, 1: 193, 2: 214, 3: 202, 4: 220, 5: 188, 6: 197, 7: 204, 8: 200, 9: 193}, 12: {0: 198, 1: 206, 2: 189, 3: 210, 4: 194, 5: 187, 6: 213, 7: 201, 8: 207, 9: 195}, 13: {0: 206, 1: 201, 2: 209, 3: 197, 4: 197, 5: 199, 6: 207, 7: 192, 8: 197, 9: 195}, 14: {0: 201, 1: 186, 2: 195, 3: 218, 4: 181, 5: 221, 6: 215, 7: 189, 8: 199, 9: 195}, 15: {0: 191, 1: 188, 2: 210, 3: 191, 4: 178, 5: 212, 6: 202, 7: 225, 8: 205, 9: 198}, 16: {0: 182, 1: 226, 2: 201, 3: 211, 4: 178, 5: 207, 6: 193, 7: 198, 8: 186, 9: 218}, 17: {0: 220, 1: 181, 2: 223, 3: 199, 4: 190, 5: 188, 6: 215, 7: 210, 8: 203, 9: 171}, 18: {0: 189, 1: 226, 2: 204, 3: 166, 4: 200, 5: 202, 6: 182, 7: 210, 8: 212, 9: 209}, 19: {0: 226, 1: 198, 2: 194, 3: 191, 4: 201, 5: 202, 6: 182, 7: 205, 8: 169, 9: 232}, 20: {0: 200, 1: 211, 2: 202, 3: 204, 4: 201, 5: 208, 6: 172, 7: 206, 8: 198, 9: 198}, 21: {0: 202, 1: 186, 2: 186, 3: 223, 4: 211, 5: 175, 6: 214, 7: 207, 8: 207, 9: 189}, 22: {0: 206, 1: 199, 2: 214, 3: 178, 4: 201, 5: 212, 6: 206, 7: 205, 8: 185, 9: 194}, 23: {0: 190, 1: 211, 2: 194, 3: 210, 4: 222, 5: 194, 6: 200, 7: 186, 8: 173, 9: 220}, 24: {0: 189, 1: 225, 2: 212, 3: 196, 4: 193, 5: 204, 6: 195, 7: 216, 8: 198, 9: 172}}
09-19 13:50 DEBUG    **************************************************
09-19 13:50 DEBUG    Running experiments 

09-19 13:50 DEBUG    Uniform ensemble (Train acc): 0.393820
09-19 13:50 DEBUG    Uniform ensemble (Test acc): 0.391600
09-19 13:50 DEBUG    FedAvg (Train acc): 0.099980
09-19 13:50 DEBUG    FedAvg (Test acc): 0.100000
09-19 14:09 DEBUG    ****** PDM_KL matching ******** 
09-19 14:09 DEBUG    Best Sigma0: 10. Best sigma: 1 Best gamma: 10. Best Test accuracy: 0.3833. Train acc: 0.3825. 

09-19 14:09 DEBUG    PDM_KL log: {(10, 1, 10): {'shapes': [(3072, 700), (700,), (700, 10), (10,)], 'train_accuracy': 0.3825, 'test_accuracy': 0.3833}} 
09-19 14:53 DEBUG    ****** PDM_KL matching ******** 
09-19 14:53 DEBUG    Best Sigma0: 10. Best sigma: 1 Best gamma: 10. Best Test accuracy: 0.3794. Train acc: 0.38294. 

09-19 14:53 DEBUG    PDM_KL log: {(10, 1, 10): {'shapes': [(3072, 700), (700,), (700, 10), (10,)], 'train_accuracy': 0.38294, 'test_accuracy': 0.3794}} 
09-19 15:36 DEBUG    ****** PDM_KL matching ******** 
09-19 15:36 DEBUG    Best Sigma0: 10. Best sigma: 1 Best gamma: 10. Best Test accuracy: 0.3801. Train acc: 0.38212. 

09-19 15:36 DEBUG    PDM_KL log: {(10, 1, 10): {'shapes': [(3072, 700), (700,), (700, 10), (10,)], 'train_accuracy': 0.38212, 'test_accuracy': 0.3801}} 
09-19 16:24 DEBUG    ****** PDM_KL matching ******** 
09-19 16:24 DEBUG    Best Sigma0: 10. Best sigma: 1 Best gamma: 10. Best Test accuracy: 0.3803. Train acc: 0.38294. 

09-19 16:24 DEBUG    PDM_KL log: {(10, 1, 10): {'shapes': [(3072, 700), (700,), (700, 10), (10,)], 'train_accuracy': 0.38294, 'test_accuracy': 0.3803}} 
09-19 17:12 DEBUG    ****** PDM_KL matching ******** 
09-19 17:12 DEBUG    Best Sigma0: 10. Best sigma: 1 Best gamma: 10. Best Test accuracy: 0.3789. Train acc: 0.37976. 

09-19 17:12 DEBUG    PDM_KL log: {(10, 1, 10): {'shapes': [(3072, 700), (700,), (700, 10), (10,)], 'train_accuracy': 0.37976, 'test_accuracy': 0.3789}} 
09-19 17:59 DEBUG    ****** PDM_KL matching ******** 
09-19 17:59 DEBUG    Best Sigma0: 10. Best sigma: 1 Best gamma: 10. Best Test accuracy: 0.3822. Train acc: 0.38264. 

09-19 17:59 DEBUG    PDM_KL log: {(10, 1, 10): {'shapes': [(3072, 700), (700,), (700, 10), (10,)], 'train_accuracy': 0.38264, 'test_accuracy': 0.3822}} 
09-19 18:47 DEBUG    ****** PDM_KL matching ******** 
09-19 18:47 DEBUG    Best Sigma0: 10. Best sigma: 1 Best gamma: 10. Best Test accuracy: 0.3788. Train acc: 0.38218. 

09-19 18:47 DEBUG    PDM_KL log: {(10, 1, 10): {'shapes': [(3072, 700), (700,), (700, 10), (10,)], 'train_accuracy': 0.38218, 'test_accuracy': 0.3788}} 
09-19 19:11 DEBUG    ****** PDM_KL matching ******** 
09-19 19:11 DEBUG    Best Sigma0: 10. Best sigma: 1 Best gamma: 10. Best Test accuracy: 0.3232. Train acc: 0.33026. 

09-19 19:11 DEBUG    PDM_KL log: {(10, 1, 10): {'shapes': [(3072, 340), (340,), (340, 10), (10,)], 'train_accuracy': 0.33026, 'test_accuracy': 0.3232}} 
09-19 19:19 DEBUG    ****** PDM_KL matching ******** 
09-19 19:19 DEBUG    Best Sigma0: 10. Best sigma: 1 Best gamma: 10. Best Test accuracy: 0.2342. Train acc: 0.23268. 

09-19 19:19 DEBUG    PDM_KL log: {(10, 1, 10): {'shapes': [(3072, 112), (112,), (112, 10), (10,)], 'train_accuracy': 0.23268, 'test_accuracy': 0.2342}} 
09-19 19:26 DEBUG    ****** PDM_KL matching ******** 
09-19 19:26 DEBUG    Best Sigma0: 10. Best sigma: 1 Best gamma: 10. Best Test accuracy: 0.1. Train acc: 0.1. 

09-19 19:26 DEBUG    PDM_KL log: {(10, 1, 10): {'shapes': [(3072, 108), (108,), (108, 10), (10,)], 'train_accuracy': 0.1, 'test_accuracy': 0.1}} 
09-19 19:32 DEBUG    ****** PDM_KL matching ******** 
09-19 19:32 DEBUG    Best Sigma0: 10. Best sigma: 1 Best gamma: 10. Best Test accuracy: 0.1. Train acc: 0.1. 

09-19 19:32 DEBUG    PDM_KL log: {(10, 1, 10): {'shapes': [(3072, 109), (109,), (109, 10), (10,)], 'train_accuracy': 0.1, 'test_accuracy': 0.1}} 
09-19 19:32 DEBUG    Trial 6 completed
09-19 19:32 DEBUG    ####################################################################################################
09-19 19:32 DEBUG    ####################################################################################################
09-19 19:32 DEBUG    Executing Trial 7 with seed 7
09-19 19:32 DEBUG    Data statistics: {0: {0: 188, 1: 195, 2: 220, 3: 216, 4: 186, 5: 190, 6: 218, 7: 196, 8: 205, 9: 186}, 1: {0: 191, 1: 221, 2: 206, 3: 204, 4: 179, 5: 199, 6: 221, 7: 178, 8: 205, 9: 196}, 2: {0: 219, 1: 218, 2: 194, 3: 212, 4: 199, 5: 205, 6: 173, 7: 185, 8: 195, 9: 200}, 3: {0: 198, 1: 183, 2: 197, 3: 211, 4: 195, 5: 177, 6: 197, 7: 212, 8: 219, 9: 211}, 4: {0: 213, 1: 182, 2: 196, 3: 204, 4: 215, 5: 193, 6: 224, 7: 199, 8: 185, 9: 189}, 5: {0: 205, 1: 195, 2: 199, 3: 190, 4: 202, 5: 205, 6: 206, 7: 203, 8: 190, 9: 205}, 6: {0: 205, 1: 183, 2: 193, 3: 192, 4: 207, 5: 234, 6: 170, 7: 205, 8: 211, 9: 200}, 7: {0: 179, 1: 202, 2: 202, 3: 209, 4: 184, 5: 192, 6: 193, 7: 224, 8: 202, 9: 213}, 8: {0: 170, 1: 199, 2: 190, 3: 190, 4: 191, 5: 219, 6: 201, 7: 199, 8: 220, 9: 221}, 9: {0: 219, 1: 180, 2: 194, 3: 212, 4: 195, 5: 194, 6: 189, 7: 202, 8: 211, 9: 204}, 10: {0: 183, 1: 208, 2: 205, 3: 203, 4: 203, 5: 209, 6: 200, 7: 206, 8: 189, 9: 194}, 11: {0: 231, 1: 185, 2: 214, 3: 200, 4: 194, 5: 202, 6: 198, 7: 186, 8: 200, 9: 190}, 12: {0: 212, 1: 208, 2: 179, 3: 192, 4: 207, 5: 203, 6: 194, 7: 193, 8: 212, 9: 200}, 13: {0: 190, 1: 210, 2: 211, 3: 207, 4: 181, 5: 204, 6: 195, 7: 205, 8: 182, 9: 215}, 14: {0: 207, 1: 192, 2: 213, 3: 188, 4: 217, 5: 186, 6: 172, 7: 194, 8: 220, 9: 211}, 15: {0: 210, 1: 208, 2: 194, 3: 182, 4: 194, 5: 216, 6: 217, 7: 167, 8: 227, 9: 185}, 16: {0: 189, 1: 195, 2: 198, 3: 191, 4: 196, 5: 205, 6: 208, 7: 209, 8: 208, 9: 201}, 17: {0: 186, 1: 186, 2: 200, 3: 207, 4: 205, 5: 197, 6: 208, 7: 228, 8: 201, 9: 182}, 18: {0: 195, 1: 203, 2: 196, 3: 191, 4: 231, 5: 190, 6: 203, 7: 225, 8: 179, 9: 187}, 19: {0: 219, 1: 202, 2: 186, 3: 202, 4: 205, 5: 185, 6: 208, 7: 217, 8: 184, 9: 192}, 20: {0: 210, 1: 221, 2: 182, 3: 180, 4: 202, 5: 197, 6: 209, 7: 182, 8: 180, 9: 237}, 21: {0: 210, 1: 205, 2: 215, 3: 205, 4: 207, 5: 205, 6: 186, 7: 182, 8: 187, 9: 198}, 22: {0: 202, 1: 216, 2: 215, 3: 197, 4: 187, 5: 197, 6: 204, 7: 191, 8: 203, 9: 188}, 23: {0: 182, 1: 194, 2: 195, 3: 200, 4: 225, 5: 199, 6: 205, 7: 210, 8: 196, 9: 194}, 24: {0: 187, 1: 209, 2: 206, 3: 215, 4: 193, 5: 197, 6: 201, 7: 202, 8: 189, 9: 201}}
09-19 19:34 DEBUG    **************************************************
09-19 19:34 DEBUG    Running experiments 

09-19 19:35 DEBUG    Uniform ensemble (Train acc): 0.396620
09-19 19:35 DEBUG    Uniform ensemble (Test acc): 0.395900
09-19 19:35 DEBUG    FedAvg (Train acc): 0.100000
09-19 19:35 DEBUG    FedAvg (Test acc): 0.100000
09-19 19:53 DEBUG    ****** PDM_KL matching ******** 
09-19 19:53 DEBUG    Best Sigma0: 10. Best sigma: 1 Best gamma: 10. Best Test accuracy: 0.3794. Train acc: 0.38022. 

09-19 19:53 DEBUG    PDM_KL log: {(10, 1, 10): {'shapes': [(3072, 700), (700,), (700, 10), (10,)], 'train_accuracy': 0.38022, 'test_accuracy': 0.3794}} 
09-19 20:40 DEBUG    ****** PDM_KL matching ******** 
09-19 20:40 DEBUG    Best Sigma0: 10. Best sigma: 1 Best gamma: 10. Best Test accuracy: 0.3863. Train acc: 0.38364. 

09-19 20:40 DEBUG    PDM_KL log: {(10, 1, 10): {'shapes': [(3072, 700), (700,), (700, 10), (10,)], 'train_accuracy': 0.38364, 'test_accuracy': 0.3863}} 
09-19 21:21 DEBUG    ****** PDM_KL matching ******** 
09-19 21:21 DEBUG    Best Sigma0: 10. Best sigma: 1 Best gamma: 10. Best Test accuracy: 0.3845. Train acc: 0.383. 

09-19 21:21 DEBUG    PDM_KL log: {(10, 1, 10): {'shapes': [(3072, 700), (700,), (700, 10), (10,)], 'train_accuracy': 0.383, 'test_accuracy': 0.3845}} 
09-19 22:07 DEBUG    ****** PDM_KL matching ******** 
09-19 22:07 DEBUG    Best Sigma0: 10. Best sigma: 1 Best gamma: 10. Best Test accuracy: 0.3817. Train acc: 0.38554. 

09-19 22:07 DEBUG    PDM_KL log: {(10, 1, 10): {'shapes': [(3072, 700), (700,), (700, 10), (10,)], 'train_accuracy': 0.38554, 'test_accuracy': 0.3817}} 
09-19 22:54 DEBUG    ****** PDM_KL matching ******** 
09-19 22:54 DEBUG    Best Sigma0: 10. Best sigma: 1 Best gamma: 10. Best Test accuracy: 0.3873. Train acc: 0.38664. 

09-19 22:54 DEBUG    PDM_KL log: {(10, 1, 10): {'shapes': [(3072, 700), (700,), (700, 10), (10,)], 'train_accuracy': 0.38664, 'test_accuracy': 0.3873}} 
09-19 23:41 DEBUG    ****** PDM_KL matching ******** 
09-19 23:41 DEBUG    Best Sigma0: 10. Best sigma: 1 Best gamma: 10. Best Test accuracy: 0.3818. Train acc: 0.38282. 

09-19 23:41 DEBUG    PDM_KL log: {(10, 1, 10): {'shapes': [(3072, 700), (700,), (700, 10), (10,)], 'train_accuracy': 0.38282, 'test_accuracy': 0.3818}} 
09-20 00:21 DEBUG    ****** PDM_KL matching ******** 
09-20 00:21 DEBUG    Best Sigma0: 10. Best sigma: 1 Best gamma: 10. Best Test accuracy: 0.3784. Train acc: 0.37768. 

09-20 00:21 DEBUG    PDM_KL log: {(10, 1, 10): {'shapes': [(3072, 700), (700,), (700, 10), (10,)], 'train_accuracy': 0.37768, 'test_accuracy': 0.3784}} 
09-20 00:36 DEBUG    ****** PDM_KL matching ******** 
09-20 00:36 DEBUG    Best Sigma0: 10. Best sigma: 1 Best gamma: 10. Best Test accuracy: 0.3634. Train acc: 0.36836. 

09-20 00:36 DEBUG    PDM_KL log: {(10, 1, 10): {'shapes': [(3072, 340), (340,), (340, 10), (10,)], 'train_accuracy': 0.36836, 'test_accuracy': 0.3634}} 
09-20 00:41 DEBUG    ****** PDM_KL matching ******** 
09-20 00:41 DEBUG    Best Sigma0: 10. Best sigma: 1 Best gamma: 10. Best Test accuracy: 0.252. Train acc: 0.25016. 

09-20 00:41 DEBUG    PDM_KL log: {(10, 1, 10): {'shapes': [(3072, 117), (117,), (117, 10), (10,)], 'train_accuracy': 0.25016, 'test_accuracy': 0.252}} 
09-20 00:46 DEBUG    ****** PDM_KL matching ******** 
09-20 00:46 DEBUG    Best Sigma0: 10. Best sigma: 1 Best gamma: 10. Best Test accuracy: 0.1. Train acc: 0.1. 

09-20 00:46 DEBUG    PDM_KL log: {(10, 1, 10): {'shapes': [(3072, 107), (107,), (107, 10), (10,)], 'train_accuracy': 0.1, 'test_accuracy': 0.1}} 
09-20 00:50 DEBUG    ****** PDM_KL matching ******** 
09-20 00:50 DEBUG    Best Sigma0: 10. Best sigma: 1 Best gamma: 10. Best Test accuracy: 0.1. Train acc: 0.1. 

09-20 00:50 DEBUG    PDM_KL log: {(10, 1, 10): {'shapes': [(3072, 110), (110,), (110, 10), (10,)], 'train_accuracy': 0.1, 'test_accuracy': 0.1}} 
09-20 00:50 DEBUG    Trial 7 completed
09-20 00:50 DEBUG    ####################################################################################################
09-20 00:50 DEBUG    ####################################################################################################
09-20 00:50 DEBUG    Executing Trial 8 with seed 8
09-20 00:50 DEBUG    Data statistics: {0: {0: 192, 1: 200, 2: 195, 3: 199, 4: 212, 5: 206, 6: 217, 7: 187, 8: 184, 9: 208}, 1: {0: 219, 1: 195, 2: 195, 3: 202, 4: 212, 5: 200, 6: 194, 7: 176, 8: 186, 9: 221}, 2: {0: 224, 1: 199, 2: 186, 3: 214, 4: 197, 5: 205, 6: 210, 7: 202, 8: 174, 9: 189}, 3: {0: 200, 1: 214, 2: 204, 3: 186, 4: 201, 5: 184, 6: 195, 7: 212, 8: 183, 9: 221}, 4: {0: 205, 1: 198, 2: 213, 3: 203, 4: 192, 5: 193, 6: 216, 7: 181, 8: 205, 9: 194}, 5: {0: 186, 1: 199, 2: 181, 3: 186, 4: 200, 5: 208, 6: 191, 7: 226, 8: 210, 9: 213}, 6: {0: 181, 1: 207, 2: 205, 3: 194, 4: 192, 5: 222, 6: 201, 7: 179, 8: 223, 9: 196}, 7: {0: 198, 1: 199, 2: 182, 3: 193, 4: 207, 5: 206, 6: 208, 7: 211, 8: 197, 9: 199}, 8: {0: 201, 1: 202, 2: 198, 3: 200, 4: 202, 5: 188, 6: 174, 7: 192, 8: 233, 9: 210}, 9: {0: 200, 1: 207, 2: 213, 3: 204, 4: 200, 5: 206, 6: 210, 7: 186, 8: 182, 9: 192}, 10: {0: 191, 1: 173, 2: 202, 3: 206, 4: 199, 5: 207, 6: 205, 7: 210, 8: 225, 9: 182}, 11: {0: 204, 1: 191, 2: 210, 3: 176, 4: 227, 5: 194, 6: 182, 7: 209, 8: 206, 9: 201}, 12: {0: 193, 1: 203, 2: 185, 3: 212, 4: 191, 5: 195, 6: 195, 7: 207, 8: 207, 9: 212}, 13: {0: 186, 1: 212, 2: 189, 3: 207, 4: 198, 5: 194, 6: 204, 7: 196, 8: 208, 9: 206}, 14: {0: 202, 1: 186, 2: 203, 3: 178, 4: 216, 5: 208, 6: 217, 7: 189, 8: 191, 9: 210}, 15: {0: 208, 1: 214, 2: 204, 3: 194, 4: 217, 5: 186, 6: 183, 7: 188, 8: 208, 9: 198}, 16: {0: 182, 1: 189, 2: 214, 3: 201, 4: 202, 5: 208, 6: 214, 7: 210, 8: 190, 9: 190}, 17: {0: 202, 1: 229, 2: 201, 3: 223, 4: 188, 5: 199, 6: 176, 7: 184, 8: 206, 9: 192}, 18: {0: 184, 1: 194, 2: 228, 3: 198, 4: 190, 5: 182, 6: 196, 7: 202, 8: 216, 9: 210}, 19: {0: 202, 1: 192, 2: 201, 3: 210, 4: 196, 5: 196, 6: 213, 7: 211, 8: 209, 9: 170}, 20: {0: 188, 1: 212, 2: 196, 3: 185, 4: 204, 5: 192, 6: 213, 7: 208, 8: 194, 9: 208}, 21: {0: 218, 1: 200, 2: 171, 3: 217, 4: 200, 5: 192, 6: 194, 7: 213, 8: 200, 9: 195}, 22: {0: 200, 1: 182, 2: 182, 3: 198, 4: 185, 5: 237, 6: 208, 7: 205, 8: 179, 9: 224}, 23: {0: 211, 1: 199, 2: 215, 3: 219, 4: 184, 5: 199, 6: 199, 7: 219, 8: 194, 9: 161}, 24: {0: 223, 1: 204, 2: 227, 3: 195, 4: 188, 5: 193, 6: 185, 7: 197, 8: 190, 9: 198}}
09-20 00:51 DEBUG    **************************************************
09-20 00:51 DEBUG    Running experiments 

09-20 00:52 DEBUG    Uniform ensemble (Train acc): 0.398800
09-20 00:52 DEBUG    Uniform ensemble (Test acc): 0.396200
09-20 00:52 DEBUG    FedAvg (Train acc): 0.100020
09-20 00:52 DEBUG    FedAvg (Test acc): 0.100000
09-20 01:05 DEBUG    ****** PDM_KL matching ******** 
09-20 01:05 DEBUG    Best Sigma0: 10. Best sigma: 1 Best gamma: 10. Best Test accuracy: 0.3759. Train acc: 0.38052. 

09-20 01:05 DEBUG    PDM_KL log: {(10, 1, 10): {'shapes': [(3072, 700), (700,), (700, 10), (10,)], 'train_accuracy': 0.38052, 'test_accuracy': 0.3759}} 
09-20 01:37 DEBUG    ****** PDM_KL matching ******** 
09-20 01:37 DEBUG    Best Sigma0: 10. Best sigma: 1 Best gamma: 10. Best Test accuracy: 0.3676. Train acc: 0.37362. 

09-20 01:37 DEBUG    PDM_KL log: {(10, 1, 10): {'shapes': [(3072, 700), (700,), (700, 10), (10,)], 'train_accuracy': 0.37362, 'test_accuracy': 0.3676}} 
09-20 02:07 DEBUG    ****** PDM_KL matching ******** 
09-20 02:07 DEBUG    Best Sigma0: 10. Best sigma: 1 Best gamma: 10. Best Test accuracy: 0.373. Train acc: 0.37754. 

09-20 02:07 DEBUG    PDM_KL log: {(10, 1, 10): {'shapes': [(3072, 700), (700,), (700, 10), (10,)], 'train_accuracy': 0.37754, 'test_accuracy': 0.373}} 
09-20 02:37 DEBUG    ****** PDM_KL matching ******** 
09-20 02:37 DEBUG    Best Sigma0: 10. Best sigma: 1 Best gamma: 10. Best Test accuracy: 0.3825. Train acc: 0.38606. 

09-20 02:37 DEBUG    PDM_KL log: {(10, 1, 10): {'shapes': [(3072, 700), (700,), (700, 10), (10,)], 'train_accuracy': 0.38606, 'test_accuracy': 0.3825}} 
09-20 03:02 DEBUG    ****** PDM_KL matching ******** 
09-20 03:02 DEBUG    Best Sigma0: 10. Best sigma: 1 Best gamma: 10. Best Test accuracy: 0.3871. Train acc: 0.38786. 

09-20 03:02 DEBUG    PDM_KL log: {(10, 1, 10): {'shapes': [(3072, 700), (700,), (700, 10), (10,)], 'train_accuracy': 0.38786, 'test_accuracy': 0.3871}} 
09-20 03:31 DEBUG    ****** PDM_KL matching ******** 
09-20 03:31 DEBUG    Best Sigma0: 10. Best sigma: 1 Best gamma: 10. Best Test accuracy: 0.3773. Train acc: 0.37758. 

09-20 03:31 DEBUG    PDM_KL log: {(10, 1, 10): {'shapes': [(3072, 700), (700,), (700, 10), (10,)], 'train_accuracy': 0.37758, 'test_accuracy': 0.3773}} 
09-20 04:00 DEBUG    ****** PDM_KL matching ******** 
09-20 04:00 DEBUG    Best Sigma0: 10. Best sigma: 1 Best gamma: 10. Best Test accuracy: 0.3877. Train acc: 0.388. 

09-20 04:00 DEBUG    PDM_KL log: {(10, 1, 10): {'shapes': [(3072, 700), (700,), (700, 10), (10,)], 'train_accuracy': 0.388, 'test_accuracy': 0.3877}} 
09-20 04:15 DEBUG    ****** PDM_KL matching ******** 
09-20 04:15 DEBUG    Best Sigma0: 10. Best sigma: 1 Best gamma: 10. Best Test accuracy: 0.3429. Train acc: 0.34172. 

09-20 04:15 DEBUG    PDM_KL log: {(10, 1, 10): {'shapes': [(3072, 340), (340,), (340, 10), (10,)], 'train_accuracy': 0.34172, 'test_accuracy': 0.3429}} 
09-20 04:20 DEBUG    ****** PDM_KL matching ******** 
09-20 04:20 DEBUG    Best Sigma0: 10. Best sigma: 1 Best gamma: 10. Best Test accuracy: 0.1891. Train acc: 0.18814. 

09-20 04:20 DEBUG    PDM_KL log: {(10, 1, 10): {'shapes': [(3072, 115), (115,), (115, 10), (10,)], 'train_accuracy': 0.18814, 'test_accuracy': 0.1891}} 
09-20 04:24 DEBUG    ****** PDM_KL matching ******** 
09-20 04:24 DEBUG    Best Sigma0: 10. Best sigma: 1 Best gamma: 10. Best Test accuracy: 0.1. Train acc: 0.10002. 

09-20 04:24 DEBUG    PDM_KL log: {(10, 1, 10): {'shapes': [(3072, 106), (106,), (106, 10), (10,)], 'train_accuracy': 0.10002, 'test_accuracy': 0.1}} 
09-20 04:28 DEBUG    ****** PDM_KL matching ******** 
09-20 04:28 DEBUG    Best Sigma0: 10. Best sigma: 1 Best gamma: 10. Best Test accuracy: 0.1. Train acc: 0.1. 

09-20 04:28 DEBUG    PDM_KL log: {(10, 1, 10): {'shapes': [(3072, 106), (106,), (106, 10), (10,)], 'train_accuracy': 0.1, 'test_accuracy': 0.1}} 
09-20 04:28 DEBUG    Trial 8 completed
09-20 04:28 DEBUG    ####################################################################################################
09-20 04:28 DEBUG    ####################################################################################################
09-20 04:28 DEBUG    Executing Trial 9 with seed 9
09-20 04:28 DEBUG    Data statistics: {0: {0: 186, 1: 197, 2: 194, 3: 210, 4: 207, 5: 205, 6: 202, 7: 192, 8: 197, 9: 210}, 1: {0: 200, 1: 193, 2: 199, 3: 201, 4: 207, 5: 216, 6: 188, 7: 199, 8: 205, 9: 192}, 2: {0: 206, 1: 194, 2: 204, 3: 181, 4: 197, 5: 196, 6: 210, 7: 203, 8: 200, 9: 209}, 3: {0: 207, 1: 208, 2: 196, 3: 186, 4: 191, 5: 203, 6: 194, 7: 203, 8: 211, 9: 201}, 4: {0: 204, 1: 192, 2: 210, 3: 199, 4: 210, 5: 169, 6: 208, 7: 191, 8: 198, 9: 219}, 5: {0: 224, 1: 184, 2: 210, 3: 203, 4: 182, 5: 194, 6: 205, 7: 213, 8: 174, 9: 211}, 6: {0: 207, 1: 192, 2: 204, 3: 194, 4: 209, 5: 211, 6: 208, 7: 192, 8: 204, 9: 179}, 7: {0: 192, 1: 213, 2: 206, 3: 192, 4: 193, 5: 195, 6: 196, 7: 184, 8: 232, 9: 197}, 8: {0: 192, 1: 203, 2: 212, 3: 195, 4: 180, 5: 203, 6: 215, 7: 202, 8: 201, 9: 197}, 9: {0: 203, 1: 186, 2: 204, 3: 191, 4: 207, 5: 199, 6: 196, 7: 226, 8: 184, 9: 204}, 10: {0: 206, 1: 194, 2: 198, 3: 223, 4: 217, 5: 191, 6: 205, 7: 204, 8: 195, 9: 167}, 11: {0: 193, 1: 221, 2: 220, 3: 179, 4: 205, 5: 187, 6: 212, 7: 200, 8: 175, 9: 208}, 12: {0: 202, 1: 208, 2: 193, 3: 203, 4: 215, 5: 200, 6: 177, 7: 192, 8: 196, 9: 214}, 13: {0: 207, 1: 207, 2: 192, 3: 188, 4: 206, 5: 202, 6: 194, 7: 191, 8: 197, 9: 216}, 14: {0: 196, 1: 202, 2: 210, 3: 180, 4: 227, 5: 221, 6: 203, 7: 188, 8: 186, 9: 187}, 15: {0: 160, 1: 226, 2: 197, 3: 222, 4: 186, 5: 203, 6: 200, 7: 201, 8: 214, 9: 191}, 16: {0: 198, 1: 238, 2: 181, 3: 202, 4: 209, 5: 208, 6: 198, 7: 187, 8: 190, 9: 189}, 17: {0: 215, 1: 180, 2: 183, 3: 223, 4: 195, 5: 184, 6: 185, 7: 232, 8: 211, 9: 192}, 18: {0: 194, 1: 202, 2: 214, 3: 212, 4: 175, 5: 191, 6: 205, 7: 198, 8: 214, 9: 195}, 19: {0: 197, 1: 182, 2: 197, 3: 192, 4: 212, 5: 203, 6: 209, 7: 197, 8: 205, 9: 206}, 20: {0: 185, 1: 190, 2: 194, 3: 223, 4: 184, 5: 205, 6: 181, 7: 222, 8: 215, 9: 201}, 21: {0: 221, 1: 196, 2: 180, 3: 196, 4: 196, 5: 212, 6: 202, 7: 199, 8: 190, 9: 208}, 22: {0: 207, 1: 197, 2: 208, 3: 209, 4: 189, 5: 186, 6: 193, 7: 199, 8: 202, 9: 210}, 23: {0: 202, 1: 193, 2: 186, 3: 212, 4: 198, 5: 209, 6: 224, 7: 179, 8: 194, 9: 203}, 24: {0: 196, 1: 202, 2: 208, 3: 184, 4: 203, 5: 207, 6: 190, 7: 206, 8: 210, 9: 194}}
09-20 04:29 DEBUG    **************************************************
09-20 04:29 DEBUG    Running experiments 

09-20 04:30 DEBUG    Uniform ensemble (Train acc): 0.394960
09-20 04:30 DEBUG    Uniform ensemble (Test acc): 0.392900
09-20 04:30 DEBUG    FedAvg (Train acc): 0.100000
09-20 04:30 DEBUG    FedAvg (Test acc): 0.100000
09-20 04:43 DEBUG    ****** PDM_KL matching ******** 
09-20 04:43 DEBUG    Best Sigma0: 10. Best sigma: 1 Best gamma: 10. Best Test accuracy: 0.372. Train acc: 0.37526. 

09-20 04:43 DEBUG    PDM_KL log: {(10, 1, 10): {'shapes': [(3072, 700), (700,), (700, 10), (10,)], 'train_accuracy': 0.37526, 'test_accuracy': 0.372}} 
09-20 05:12 DEBUG    ****** PDM_KL matching ******** 
09-20 05:12 DEBUG    Best Sigma0: 10. Best sigma: 1 Best gamma: 10. Best Test accuracy: 0.3692. Train acc: 0.37198. 

09-20 05:12 DEBUG    PDM_KL log: {(10, 1, 10): {'shapes': [(3072, 700), (700,), (700, 10), (10,)], 'train_accuracy': 0.37198, 'test_accuracy': 0.3692}} 
09-20 05:40 DEBUG    ****** PDM_KL matching ******** 
09-20 05:40 DEBUG    Best Sigma0: 10. Best sigma: 1 Best gamma: 10. Best Test accuracy: 0.3699. Train acc: 0.36952. 

09-20 05:40 DEBUG    PDM_KL log: {(10, 1, 10): {'shapes': [(3072, 700), (700,), (700, 10), (10,)], 'train_accuracy': 0.36952, 'test_accuracy': 0.3699}} 
09-20 06:10 DEBUG    ****** PDM_KL matching ******** 
09-20 06:10 DEBUG    Best Sigma0: 10. Best sigma: 1 Best gamma: 10. Best Test accuracy: 0.3795. Train acc: 0.37858. 

09-20 06:10 DEBUG    PDM_KL log: {(10, 1, 10): {'shapes': [(3072, 700), (700,), (700, 10), (10,)], 'train_accuracy': 0.37858, 'test_accuracy': 0.3795}} 
09-20 06:39 DEBUG    ****** PDM_KL matching ******** 
09-20 06:39 DEBUG    Best Sigma0: 10. Best sigma: 1 Best gamma: 10. Best Test accuracy: 0.3713. Train acc: 0.37252. 

09-20 06:39 DEBUG    PDM_KL log: {(10, 1, 10): {'shapes': [(3072, 700), (700,), (700, 10), (10,)], 'train_accuracy': 0.37252, 'test_accuracy': 0.3713}} 
09-20 07:06 DEBUG    ****** PDM_KL matching ******** 
09-20 07:06 DEBUG    Best Sigma0: 10. Best sigma: 1 Best gamma: 10. Best Test accuracy: 0.3787. Train acc: 0.3798. 

09-20 07:06 DEBUG    PDM_KL log: {(10, 1, 10): {'shapes': [(3072, 700), (700,), (700, 10), (10,)], 'train_accuracy': 0.3798, 'test_accuracy': 0.3787}} 
09-20 07:31 DEBUG    ****** PDM_KL matching ******** 
09-20 07:31 DEBUG    Best Sigma0: 10. Best sigma: 1 Best gamma: 10. Best Test accuracy: 0.3799. Train acc: 0.39002. 

09-20 07:31 DEBUG    PDM_KL log: {(10, 1, 10): {'shapes': [(3072, 700), (700,), (700, 10), (10,)], 'train_accuracy': 0.39002, 'test_accuracy': 0.3799}} 
09-20 07:43 DEBUG    ****** PDM_KL matching ******** 
09-20 07:43 DEBUG    Best Sigma0: 10. Best sigma: 1 Best gamma: 10. Best Test accuracy: 0.3457. Train acc: 0.34792. 

09-20 07:43 DEBUG    PDM_KL log: {(10, 1, 10): {'shapes': [(3072, 340), (340,), (340, 10), (10,)], 'train_accuracy': 0.34792, 'test_accuracy': 0.3457}} 
09-20 07:46 DEBUG    ****** PDM_KL matching ******** 
09-20 07:46 DEBUG    Best Sigma0: 10. Best sigma: 1 Best gamma: 10. Best Test accuracy: 0.2648. Train acc: 0.26062. 

09-20 07:46 DEBUG    PDM_KL log: {(10, 1, 10): {'shapes': [(3072, 111), (111,), (111, 10), (10,)], 'train_accuracy': 0.26062, 'test_accuracy': 0.2648}} 
09-20 07:49 DEBUG    ****** PDM_KL matching ******** 
09-20 07:49 DEBUG    Best Sigma0: 10. Best sigma: 1 Best gamma: 10. Best Test accuracy: 0.1. Train acc: 0.1. 

09-20 07:49 DEBUG    PDM_KL log: {(10, 1, 10): {'shapes': [(3072, 105), (105,), (105, 10), (10,)], 'train_accuracy': 0.1, 'test_accuracy': 0.1}} 
09-20 07:52 DEBUG    ****** PDM_KL matching ******** 
09-20 07:52 DEBUG    Best Sigma0: 10. Best sigma: 1 Best gamma: 10. Best Test accuracy: 0.1. Train acc: 0.1. 

09-20 07:52 DEBUG    PDM_KL log: {(10, 1, 10): {'shapes': [(3072, 106), (106,), (106, 10), (10,)], 'train_accuracy': 0.1, 'test_accuracy': 0.1}} 
09-20 07:52 DEBUG    Trial 9 completed
09-20 07:52 DEBUG    ####################################################################################################
