09-17 08:25 DEBUG    Experiment arguments: Namespace(alpha=0.5, communication_rounds=None, datadir='data/cifar10', dataset='cifar10', device=1.0, dropout_p=0.0, epochs=10, experiment=['all'], init_seed=0, iter_epochs=5, layers=0, loaddir='saved_weights/cifar10/homo', logdir='KL_regs_bst_hyp/cifar10/homo', lr=0.01, lr_decay=1.0, n=30, n_layers=1, n_nets=30, net_config=[3072, 100, 10], num_pool_workers=7, partition='homo', pdm_gamma=10, pdm_sig=1, pdm_sig0=10, reg=1e-06, reg_fac=0.0, trials=10)
09-17 08:25 DEBUG    ####################################################################################################
09-17 08:25 DEBUG    Executing Trial 0 with seed 0
09-17 08:25 DEBUG    Data statistics: {0: {0: 183, 1: 172, 2: 161, 3: 189, 4: 144, 5: 184, 6: 169, 7: 149, 8: 156, 9: 160}, 1: {0: 150, 1: 166, 2: 163, 3: 177, 4: 163, 5: 187, 6: 156, 7: 179, 8: 152, 9: 174}, 2: {0: 170, 1: 145, 2: 164, 3: 161, 4: 166, 5: 177, 6: 166, 7: 174, 8: 174, 9: 170}, 3: {0: 192, 1: 166, 2: 159, 3: 170, 4: 173, 5: 145, 6: 154, 7: 173, 8: 172, 9: 163}, 4: {0: 158, 1: 169, 2: 195, 3: 173, 4: 155, 5: 163, 6: 141, 7: 165, 8: 167, 9: 181}, 5: {0: 151, 1: 168, 2: 174, 3: 161, 4: 166, 5: 160, 6: 167, 7: 160, 8: 168, 9: 192}, 6: {0: 169, 1: 170, 2: 149, 3: 157, 4: 179, 5: 166, 6: 161, 7: 183, 8: 174, 9: 159}, 7: {0: 179, 1: 189, 2: 181, 3: 160, 4: 168, 5: 156, 6: 169, 7: 163, 8: 148, 9: 154}, 8: {0: 162, 1: 181, 2: 169, 3: 143, 4: 171, 5: 161, 6: 172, 7: 168, 8: 170, 9: 170}, 9: {0: 140, 1: 163, 2: 158, 3: 167, 4: 173, 5: 157, 6: 181, 7: 165, 8: 184, 9: 179}, 10: {0: 163, 1: 153, 2: 158, 3: 180, 4: 186, 5: 160, 6: 155, 7: 168, 8: 166, 9: 178}, 11: {0: 184, 1: 171, 2: 177, 3: 152, 4: 162, 5: 165, 6: 165, 7: 154, 8: 145, 9: 192}, 12: {0: 161, 1: 162, 2: 173, 3: 179, 4: 173, 5: 160, 6: 157, 7: 157, 8: 170, 9: 175}, 13: {0: 188, 1: 167, 2: 161, 3: 149, 4: 135, 5: 183, 6: 195, 7: 158, 8: 162, 9: 169}, 14: {0: 156, 1: 152, 2: 155, 3: 159, 4: 173, 5: 166, 6: 184, 7: 175, 8: 158, 9: 189}, 15: {0: 171, 1: 166, 2: 161, 3: 169, 4: 161, 5: 175, 6: 166, 7: 157, 8: 171, 9: 170}, 16: {0: 184, 1: 163, 2: 163, 3: 165, 4: 167, 5: 164, 6: 171, 7: 168, 8: 154, 9: 168}, 17: {0: 149, 1: 151, 2: 185, 3: 160, 4: 202, 5: 171, 6: 184, 7: 165, 8: 165, 9: 135}, 18: {0: 168, 1: 182, 2: 177, 3: 155, 4: 167, 5: 144, 6: 154, 7: 202, 8: 157, 9: 161}, 19: {0: 171, 1: 158, 2: 177, 3: 166, 4: 154, 5: 154, 6: 172, 7: 177, 8: 175, 9: 163}, 20: {0: 173, 1: 169, 2: 159, 3: 169, 4: 166, 5: 166, 6: 165, 7: 159, 8: 174, 9: 166}, 21: {0: 160, 1: 156, 2: 163, 3: 185, 4: 162, 5: 181, 6: 175, 7: 163, 8: 153, 9: 168}, 22: {0: 151, 1: 181, 2: 145, 3: 170, 4: 172, 5: 172, 6: 189, 7: 165, 8: 162, 9: 159}, 23: {0: 162, 1: 183, 2: 156, 3: 192, 4: 169, 5: 162, 6: 153, 7: 167, 8: 164, 9: 158}, 24: {0: 154, 1: 163, 2: 168, 3: 163, 4: 178, 5: 181, 6: 144, 7: 155, 8: 188, 9: 172}, 25: {0: 171, 1: 159, 2: 152, 3: 163, 4: 165, 5: 163, 6: 182, 7: 179, 8: 179, 9: 153}, 26: {0: 179, 1: 163, 2: 165, 3: 180, 4: 153, 5: 168, 6: 182, 7: 167, 8: 165, 9: 144}, 27: {0: 166, 1: 179, 2: 181, 3: 157, 4: 170, 5: 174, 6: 162, 7: 170, 8: 154, 9: 153}, 28: {0: 163, 1: 167, 2: 170, 3: 166, 4: 165, 5: 162, 6: 161, 7: 162, 8: 188, 9: 162}, 29: {0: 172, 1: 166, 2: 181, 3: 163, 4: 162, 5: 173, 6: 148, 7: 153, 8: 185, 9: 163}}
09-17 08:28 DEBUG    **************************************************
09-17 08:28 DEBUG    Running experiments 

09-17 08:29 DEBUG    Uniform ensemble (Train acc): 0.381640
09-17 08:29 DEBUG    Uniform ensemble (Test acc): 0.378500
09-17 08:29 DEBUG    FedAvg (Train acc): 0.100020
09-17 08:29 DEBUG    FedAvg (Test acc): 0.100000
09-17 09:06 DEBUG    ****** PDM_KL matching ******** 
09-17 09:06 DEBUG    Best Sigma0: 10. Best sigma: 1 Best gamma: 10. Best Test accuracy: 0.3516. Train acc: 0.3531. 

09-17 09:06 DEBUG    PDM_KL log: {(10, 1, 10): {'shapes': [(3072, 700), (700,), (700, 10), (10,)], 'train_accuracy': 0.3531, 'test_accuracy': 0.3516}} 
09-17 10:28 DEBUG    ****** PDM_KL matching ******** 
09-17 10:28 DEBUG    Best Sigma0: 10. Best sigma: 1 Best gamma: 10. Best Test accuracy: 0.3599. Train acc: 0.3599. 

09-17 10:28 DEBUG    PDM_KL log: {(10, 1, 10): {'shapes': [(3072, 700), (700,), (700, 10), (10,)], 'train_accuracy': 0.3599, 'test_accuracy': 0.3599}} 
09-17 12:14 DEBUG    ****** PDM_KL matching ******** 
09-17 12:14 DEBUG    Best Sigma0: 10. Best sigma: 1 Best gamma: 10. Best Test accuracy: 0.3568. Train acc: 0.35678. 

09-17 12:14 DEBUG    PDM_KL log: {(10, 1, 10): {'shapes': [(3072, 700), (700,), (700, 10), (10,)], 'train_accuracy': 0.35678, 'test_accuracy': 0.3568}} 
09-17 14:02 DEBUG    ****** PDM_KL matching ******** 
09-17 14:02 DEBUG    Best Sigma0: 10. Best sigma: 1 Best gamma: 10. Best Test accuracy: 0.3604. Train acc: 0.3619. 

09-17 14:02 DEBUG    PDM_KL log: {(10, 1, 10): {'shapes': [(3072, 700), (700,), (700, 10), (10,)], 'train_accuracy': 0.3619, 'test_accuracy': 0.3604}} 
09-17 15:51 DEBUG    ****** PDM_KL matching ******** 
09-17 15:51 DEBUG    Best Sigma0: 10. Best sigma: 1 Best gamma: 10. Best Test accuracy: 0.3539. Train acc: 0.35178. 

09-17 15:51 DEBUG    PDM_KL log: {(10, 1, 10): {'shapes': [(3072, 700), (700,), (700, 10), (10,)], 'train_accuracy': 0.35178, 'test_accuracy': 0.3539}} 
09-17 17:35 DEBUG    ****** PDM_KL matching ******** 
09-17 17:35 DEBUG    Best Sigma0: 10. Best sigma: 1 Best gamma: 10. Best Test accuracy: 0.3575. Train acc: 0.35476. 

09-17 17:35 DEBUG    PDM_KL log: {(10, 1, 10): {'shapes': [(3072, 700), (700,), (700, 10), (10,)], 'train_accuracy': 0.35476, 'test_accuracy': 0.3575}} 
09-17 19:19 DEBUG    ****** PDM_KL matching ******** 
09-17 19:19 DEBUG    Best Sigma0: 10. Best sigma: 1 Best gamma: 10. Best Test accuracy: 0.362. Train acc: 0.36654. 

09-17 19:19 DEBUG    PDM_KL log: {(10, 1, 10): {'shapes': [(3072, 700), (700,), (700, 10), (10,)], 'train_accuracy': 0.36654, 'test_accuracy': 0.362}} 
09-17 20:17 DEBUG    ****** PDM_KL matching ******** 
09-17 20:17 DEBUG    Best Sigma0: 10. Best sigma: 1 Best gamma: 10. Best Test accuracy: 0.3237. Train acc: 0.32166. 

09-17 20:17 DEBUG    PDM_KL log: {(10, 1, 10): {'shapes': [(3072, 361), (361,), (361, 10), (10,)], 'train_accuracy': 0.32166, 'test_accuracy': 0.3237}} 
09-17 20:38 DEBUG    ****** PDM_KL matching ******** 
09-17 20:38 DEBUG    Best Sigma0: 10. Best sigma: 1 Best gamma: 10. Best Test accuracy: 0.1877. Train acc: 0.18704. 

09-17 20:38 DEBUG    PDM_KL log: {(10, 1, 10): {'shapes': [(3072, 120), (120,), (120, 10), (10,)], 'train_accuracy': 0.18704, 'test_accuracy': 0.1877}} 
09-17 20:57 DEBUG    ****** PDM_KL matching ******** 
09-17 20:57 DEBUG    Best Sigma0: 10. Best sigma: 1 Best gamma: 10. Best Test accuracy: 0.1. Train acc: 0.1. 

09-17 20:57 DEBUG    PDM_KL log: {(10, 1, 10): {'shapes': [(3072, 113), (113,), (113, 10), (10,)], 'train_accuracy': 0.1, 'test_accuracy': 0.1}} 
09-17 21:18 DEBUG    ****** PDM_KL matching ******** 
09-17 21:18 DEBUG    Best Sigma0: 10. Best sigma: 1 Best gamma: 10. Best Test accuracy: 0.1. Train acc: 0.1. 

09-17 21:18 DEBUG    PDM_KL log: {(10, 1, 10): {'shapes': [(3072, 107), (107,), (107, 10), (10,)], 'train_accuracy': 0.1, 'test_accuracy': 0.1}} 
09-17 21:18 DEBUG    Trial 0 completed
09-17 21:18 DEBUG    ####################################################################################################
09-17 21:18 DEBUG    ####################################################################################################
09-17 21:18 DEBUG    Executing Trial 1 with seed 1
09-17 21:18 DEBUG    Data statistics: {0: {0: 156, 1: 149, 2: 172, 3: 174, 4: 173, 5: 158, 6: 170, 7: 169, 8: 170, 9: 176}, 1: {0: 176, 1: 179, 2: 169, 3: 138, 4: 178, 5: 179, 6: 160, 7: 162, 8: 161, 9: 165}, 2: {0: 178, 1: 164, 2: 174, 3: 162, 4: 179, 5: 161, 6: 171, 7: 158, 8: 150, 9: 170}, 3: {0: 169, 1: 151, 2: 173, 3: 182, 4: 152, 5: 166, 6: 155, 7: 152, 8: 175, 9: 192}, 4: {0: 150, 1: 179, 2: 177, 3: 147, 4: 178, 5: 170, 6: 173, 7: 178, 8: 168, 9: 147}, 5: {0: 157, 1: 164, 2: 173, 3: 186, 4: 147, 5: 161, 6: 158, 7: 194, 8: 154, 9: 173}, 6: {0: 166, 1: 174, 2: 176, 3: 164, 4: 171, 5: 152, 6: 167, 7: 160, 8: 178, 9: 159}, 7: {0: 180, 1: 175, 2: 140, 3: 184, 4: 143, 5: 176, 6: 182, 7: 175, 8: 151, 9: 161}, 8: {0: 157, 1: 176, 2: 185, 3: 178, 4: 157, 5: 169, 6: 190, 7: 163, 8: 154, 9: 138}, 9: {0: 157, 1: 175, 2: 154, 3: 169, 4: 169, 5: 181, 6: 175, 7: 162, 8: 169, 9: 156}, 10: {0: 157, 1: 159, 2: 164, 3: 162, 4: 172, 5: 177, 6: 165, 7: 168, 8: 162, 9: 181}, 11: {0: 171, 1: 166, 2: 196, 3: 149, 4: 146, 5: 155, 6: 189, 7: 171, 8: 149, 9: 175}, 12: {0: 156, 1: 179, 2: 149, 3: 169, 4: 174, 5: 159, 6: 177, 7: 175, 8: 167, 9: 162}, 13: {0: 192, 1: 159, 2: 168, 3: 149, 4: 151, 5: 183, 6: 178, 7: 156, 8: 157, 9: 174}, 14: {0: 158, 1: 159, 2: 161, 3: 178, 4: 167, 5: 171, 6: 164, 7: 157, 8: 165, 9: 187}, 15: {0: 186, 1: 160, 2: 167, 3: 181, 4: 178, 5: 164, 6: 148, 7: 147, 8: 174, 9: 162}, 16: {0: 157, 1: 155, 2: 157, 3: 167, 4: 158, 5: 179, 6: 157, 7: 169, 8: 174, 9: 194}, 17: {0: 173, 1: 180, 2: 149, 3: 177, 4: 161, 5: 163, 6: 154, 7: 164, 8: 155, 9: 191}, 18: {0: 171, 1: 158, 2: 155, 3: 158, 4: 159, 5: 161, 6: 165, 7: 187, 8: 193, 9: 160}, 19: {0: 171, 1: 183, 2: 165, 3: 164, 4: 185, 5: 137, 6: 161, 7: 175, 8: 181, 9: 145}, 20: {0: 149, 1: 182, 2: 172, 3: 168, 4: 161, 5: 183, 6: 167, 7: 137, 8: 183, 9: 164}, 21: {0: 164, 1: 165, 2: 171, 3: 161, 4: 171, 5: 157, 6: 165, 7: 174, 8: 181, 9: 157}, 22: {0: 164, 1: 165, 2: 157, 3: 173, 4: 182, 5: 163, 6: 160, 7: 172, 8: 164, 9: 166}, 23: {0: 189, 1: 170, 2: 171, 3: 177, 4: 170, 5: 183, 6: 141, 7: 168, 8: 148, 9: 149}, 24: {0: 170, 1: 147, 2: 168, 3: 162, 4: 153, 5: 162, 6: 163, 7: 171, 8: 182, 9: 188}, 25: {0: 158, 1: 171, 2: 169, 3: 174, 4: 167, 5: 166, 6: 171, 7: 168, 8: 158, 9: 164}, 26: {0: 174, 1: 178, 2: 160, 3: 156, 4: 164, 5: 162, 6: 175, 7: 172, 8: 168, 9: 157}, 27: {0: 154, 1: 174, 2: 177, 3: 169, 4: 188, 5: 148, 6: 157, 7: 160, 8: 163, 9: 176}, 28: {0: 163, 1: 144, 2: 160, 3: 183, 4: 165, 5: 184, 6: 160, 7: 174, 8: 170, 9: 163}, 29: {0: 177, 1: 160, 2: 171, 3: 139, 4: 181, 5: 170, 6: 182, 7: 162, 8: 176, 9: 148}}
09-17 21:25 DEBUG    **************************************************
09-17 21:25 DEBUG    Running experiments 

09-17 21:27 DEBUG    Uniform ensemble (Train acc): 0.388340
09-17 21:27 DEBUG    Uniform ensemble (Test acc): 0.384700
09-17 21:27 DEBUG    FedAvg (Train acc): 0.099980
09-17 21:27 DEBUG    FedAvg (Test acc): 0.100000
09-17 22:19 DEBUG    ****** PDM_KL matching ******** 
09-17 22:19 DEBUG    Best Sigma0: 10. Best sigma: 1 Best gamma: 10. Best Test accuracy: 0.365. Train acc: 0.36734. 

09-17 22:19 DEBUG    PDM_KL log: {(10, 1, 10): {'shapes': [(3072, 700), (700,), (700, 10), (10,)], 'train_accuracy': 0.36734, 'test_accuracy': 0.365}} 
09-17 23:54 DEBUG    ****** PDM_KL matching ******** 
09-17 23:54 DEBUG    Best Sigma0: 10. Best sigma: 1 Best gamma: 10. Best Test accuracy: 0.3631. Train acc: 0.36442. 

09-17 23:54 DEBUG    PDM_KL log: {(10, 1, 10): {'shapes': [(3072, 700), (700,), (700, 10), (10,)], 'train_accuracy': 0.36442, 'test_accuracy': 0.3631}} 
09-18 01:22 DEBUG    ****** PDM_KL matching ******** 
09-18 01:22 DEBUG    Best Sigma0: 10. Best sigma: 1 Best gamma: 10. Best Test accuracy: 0.3667. Train acc: 0.36998. 

09-18 01:22 DEBUG    PDM_KL log: {(10, 1, 10): {'shapes': [(3072, 700), (700,), (700, 10), (10,)], 'train_accuracy': 0.36998, 'test_accuracy': 0.3667}} 
09-18 02:51 DEBUG    ****** PDM_KL matching ******** 
09-18 02:51 DEBUG    Best Sigma0: 10. Best sigma: 1 Best gamma: 10. Best Test accuracy: 0.3653. Train acc: 0.36746. 

09-18 02:51 DEBUG    PDM_KL log: {(10, 1, 10): {'shapes': [(3072, 700), (700,), (700, 10), (10,)], 'train_accuracy': 0.36746, 'test_accuracy': 0.3653}} 
09-18 04:23 DEBUG    ****** PDM_KL matching ******** 
09-18 04:23 DEBUG    Best Sigma0: 10. Best sigma: 1 Best gamma: 10. Best Test accuracy: 0.3662. Train acc: 0.36674. 

09-18 04:23 DEBUG    PDM_KL log: {(10, 1, 10): {'shapes': [(3072, 700), (700,), (700, 10), (10,)], 'train_accuracy': 0.36674, 'test_accuracy': 0.3662}} 
09-18 05:52 DEBUG    ****** PDM_KL matching ******** 
09-18 05:52 DEBUG    Best Sigma0: 10. Best sigma: 1 Best gamma: 10. Best Test accuracy: 0.3711. Train acc: 0.37224. 

09-18 05:52 DEBUG    PDM_KL log: {(10, 1, 10): {'shapes': [(3072, 700), (700,), (700, 10), (10,)], 'train_accuracy': 0.37224, 'test_accuracy': 0.3711}} 
09-18 07:24 DEBUG    ****** PDM_KL matching ******** 
09-18 07:24 DEBUG    Best Sigma0: 10. Best sigma: 1 Best gamma: 10. Best Test accuracy: 0.3643. Train acc: 0.36738. 

09-18 07:24 DEBUG    PDM_KL log: {(10, 1, 10): {'shapes': [(3072, 700), (700,), (700, 10), (10,)], 'train_accuracy': 0.36738, 'test_accuracy': 0.3643}} 
09-18 08:06 DEBUG    ****** PDM_KL matching ******** 
09-18 08:06 DEBUG    Best Sigma0: 10. Best sigma: 1 Best gamma: 10. Best Test accuracy: 0.3561. Train acc: 0.35802. 

09-18 08:06 DEBUG    PDM_KL log: {(10, 1, 10): {'shapes': [(3072, 361), (361,), (361, 10), (10,)], 'train_accuracy': 0.35802, 'test_accuracy': 0.3561}} 
09-18 08:24 DEBUG    ****** PDM_KL matching ******** 
09-18 08:24 DEBUG    Best Sigma0: 10. Best sigma: 1 Best gamma: 10. Best Test accuracy: 0.1956. Train acc: 0.19326. 

09-18 08:24 DEBUG    PDM_KL log: {(10, 1, 10): {'shapes': [(3072, 118), (118,), (118, 10), (10,)], 'train_accuracy': 0.19326, 'test_accuracy': 0.1956}} 
09-18 08:39 DEBUG    ****** PDM_KL matching ******** 
09-18 08:39 DEBUG    Best Sigma0: 10. Best sigma: 1 Best gamma: 10. Best Test accuracy: 0.1. Train acc: 0.1. 

09-18 08:39 DEBUG    PDM_KL log: {(10, 1, 10): {'shapes': [(3072, 112), (112,), (112, 10), (10,)], 'train_accuracy': 0.1, 'test_accuracy': 0.1}} 
09-18 08:55 DEBUG    ****** PDM_KL matching ******** 
09-18 08:55 DEBUG    Best Sigma0: 10. Best sigma: 1 Best gamma: 10. Best Test accuracy: 0.1. Train acc: 0.1. 

09-18 08:55 DEBUG    PDM_KL log: {(10, 1, 10): {'shapes': [(3072, 110), (110,), (110, 10), (10,)], 'train_accuracy': 0.1, 'test_accuracy': 0.1}} 
09-18 08:55 DEBUG    Trial 1 completed
09-18 08:55 DEBUG    ####################################################################################################
09-18 08:55 DEBUG    ####################################################################################################
09-18 08:55 DEBUG    Executing Trial 2 with seed 2
09-18 08:55 DEBUG    Data statistics: {0: {0: 159, 1: 167, 2: 173, 3: 168, 4: 180, 5: 164, 6: 182, 7: 165, 8: 160, 9: 149}, 1: {0: 183, 1: 162, 2: 160, 3: 164, 4: 178, 5: 178, 6: 161, 7: 155, 8: 162, 9: 164}, 2: {0: 173, 1: 171, 2: 168, 3: 173, 4: 157, 5: 164, 6: 182, 7: 162, 8: 153, 9: 164}, 3: {0: 157, 1: 155, 2: 198, 3: 167, 4: 153, 5: 159, 6: 154, 7: 178, 8: 174, 9: 172}, 4: {0: 180, 1: 153, 2: 175, 3: 172, 4: 168, 5: 154, 6: 157, 7: 159, 8: 172, 9: 177}, 5: {0: 177, 1: 188, 2: 157, 3: 139, 4: 172, 5: 179, 6: 158, 7: 179, 8: 169, 9: 149}, 6: {0: 189, 1: 164, 2: 163, 3: 171, 4: 155, 5: 155, 6: 171, 7: 170, 8: 161, 9: 168}, 7: {0: 153, 1: 174, 2: 180, 3: 160, 4: 154, 5: 170, 6: 175, 7: 160, 8: 161, 9: 180}, 8: {0: 154, 1: 168, 2: 157, 3: 172, 4: 162, 5: 164, 6: 162, 7: 172, 8: 162, 9: 194}, 9: {0: 169, 1: 174, 2: 179, 3: 177, 4: 168, 5: 160, 6: 155, 7: 170, 8: 159, 9: 156}, 10: {0: 148, 1: 149, 2: 148, 3: 159, 4: 196, 5: 188, 6: 172, 7: 163, 8: 170, 9: 174}, 11: {0: 158, 1: 150, 2: 152, 3: 191, 4: 142, 5: 166, 6: 187, 7: 186, 8: 177, 9: 158}, 12: {0: 174, 1: 178, 2: 177, 3: 143, 4: 163, 5: 168, 6: 176, 7: 166, 8: 170, 9: 152}, 13: {0: 181, 1: 178, 2: 151, 3: 155, 4: 174, 5: 157, 6: 167, 7: 167, 8: 162, 9: 175}, 14: {0: 167, 1: 174, 2: 159, 3: 169, 4: 173, 5: 186, 6: 151, 7: 163, 8: 164, 9: 161}, 15: {0: 167, 1: 162, 2: 166, 3: 171, 4: 175, 5: 170, 6: 157, 7: 156, 8: 181, 9: 162}, 16: {0: 172, 1: 179, 2: 166, 3: 159, 4: 176, 5: 162, 6: 157, 7: 171, 8: 152, 9: 173}, 17: {0: 181, 1: 153, 2: 183, 3: 168, 4: 162, 5: 147, 6: 156, 7: 169, 8: 172, 9: 176}, 18: {0: 169, 1: 165, 2: 174, 3: 163, 4: 167, 5: 153, 6: 167, 7: 161, 8: 174, 9: 174}, 19: {0: 150, 1: 185, 2: 162, 3: 174, 4: 159, 5: 164, 6: 159, 7: 167, 8: 179, 9: 168}, 20: {0: 166, 1: 158, 2: 171, 3: 174, 4: 162, 5: 141, 6: 170, 7: 189, 8: 165, 9: 170}, 21: {0: 174, 1: 164, 2: 162, 3: 177, 4: 192, 5: 173, 6: 150, 7: 156, 8: 159, 9: 159}, 22: {0: 160, 1: 152, 2: 171, 3: 177, 4: 183, 5: 166, 6: 169, 7: 154, 8: 163, 9: 171}, 23: {0: 150, 1: 172, 2: 149, 3: 153, 4: 170, 5: 196, 6: 187, 7: 163, 8: 164, 9: 162}, 24: {0: 160, 1: 171, 2: 179, 3: 169, 4: 152, 5: 178, 6: 174, 7: 164, 8: 166, 9: 153}, 25: {0: 175, 1: 162, 2: 171, 3: 151, 4: 196, 5: 155, 6: 161, 7: 162, 8: 173, 9: 160}, 26: {0: 177, 1: 159, 2: 164, 3: 159, 4: 164, 5: 166, 6: 177, 7: 156, 8: 169, 9: 175}, 27: {0: 153, 1: 198, 2: 169, 3: 176, 4: 158, 5: 176, 6: 166, 7: 178, 8: 144, 9: 148}, 28: {0: 168, 1: 150, 2: 163, 3: 176, 4: 132, 5: 171, 6: 171, 7: 170, 8: 175, 9: 190}, 29: {0: 156, 1: 165, 2: 153, 3: 173, 4: 157, 5: 170, 6: 169, 7: 169, 8: 188, 9: 166}}
09-18 09:00 DEBUG    **************************************************
09-18 09:00 DEBUG    Running experiments 

09-18 09:00 DEBUG    Uniform ensemble (Train acc): 0.387040
09-18 09:00 DEBUG    Uniform ensemble (Test acc): 0.387600
09-18 09:01 DEBUG    FedAvg (Train acc): 0.100000
09-18 09:01 DEBUG    FedAvg (Test acc): 0.100000
09-18 09:44 DEBUG    ****** PDM_KL matching ******** 
09-18 09:44 DEBUG    Best Sigma0: 10. Best sigma: 1 Best gamma: 10. Best Test accuracy: 0.3457. Train acc: 0.34904. 

09-18 09:44 DEBUG    PDM_KL log: {(10, 1, 10): {'shapes': [(3072, 700), (700,), (700, 10), (10,)], 'train_accuracy': 0.34904, 'test_accuracy': 0.3457}} 
09-18 11:06 DEBUG    ****** PDM_KL matching ******** 
09-18 11:06 DEBUG    Best Sigma0: 10. Best sigma: 1 Best gamma: 10. Best Test accuracy: 0.3571. Train acc: 0.36186. 

09-18 11:06 DEBUG    PDM_KL log: {(10, 1, 10): {'shapes': [(3072, 700), (700,), (700, 10), (10,)], 'train_accuracy': 0.36186, 'test_accuracy': 0.3571}} 
09-18 12:23 DEBUG    ****** PDM_KL matching ******** 
09-18 12:23 DEBUG    Best Sigma0: 10. Best sigma: 1 Best gamma: 10. Best Test accuracy: 0.3363. Train acc: 0.33952. 

09-18 12:23 DEBUG    PDM_KL log: {(10, 1, 10): {'shapes': [(3072, 700), (700,), (700, 10), (10,)], 'train_accuracy': 0.33952, 'test_accuracy': 0.3363}} 
09-18 13:45 DEBUG    ****** PDM_KL matching ******** 
09-18 13:45 DEBUG    Best Sigma0: 10. Best sigma: 1 Best gamma: 10. Best Test accuracy: 0.3341. Train acc: 0.33786. 

09-18 13:45 DEBUG    PDM_KL log: {(10, 1, 10): {'shapes': [(3072, 700), (700,), (700, 10), (10,)], 'train_accuracy': 0.33786, 'test_accuracy': 0.3341}} 
09-18 15:15 DEBUG    ****** PDM_KL matching ******** 
09-18 15:15 DEBUG    Best Sigma0: 10. Best sigma: 1 Best gamma: 10. Best Test accuracy: 0.348. Train acc: 0.3528. 

09-18 15:15 DEBUG    PDM_KL log: {(10, 1, 10): {'shapes': [(3072, 700), (700,), (700, 10), (10,)], 'train_accuracy': 0.3528, 'test_accuracy': 0.348}} 
09-18 16:51 DEBUG    ****** PDM_KL matching ******** 
09-18 16:51 DEBUG    Best Sigma0: 10. Best sigma: 1 Best gamma: 10. Best Test accuracy: 0.3447. Train acc: 0.34826. 

09-18 16:51 DEBUG    PDM_KL log: {(10, 1, 10): {'shapes': [(3072, 700), (700,), (700, 10), (10,)], 'train_accuracy': 0.34826, 'test_accuracy': 0.3447}} 
09-18 18:21 DEBUG    ****** PDM_KL matching ******** 
09-18 18:21 DEBUG    Best Sigma0: 10. Best sigma: 1 Best gamma: 10. Best Test accuracy: 0.3579. Train acc: 0.35726. 

09-18 18:21 DEBUG    PDM_KL log: {(10, 1, 10): {'shapes': [(3072, 700), (700,), (700, 10), (10,)], 'train_accuracy': 0.35726, 'test_accuracy': 0.3579}} 
09-18 19:11 DEBUG    ****** PDM_KL matching ******** 
09-18 19:11 DEBUG    Best Sigma0: 10. Best sigma: 1 Best gamma: 10. Best Test accuracy: 0.2955. Train acc: 0.3043. 

09-18 19:11 DEBUG    PDM_KL log: {(10, 1, 10): {'shapes': [(3072, 361), (361,), (361, 10), (10,)], 'train_accuracy': 0.3043, 'test_accuracy': 0.2955}} 
09-18 19:30 DEBUG    ****** PDM_KL matching ******** 
09-18 19:30 DEBUG    Best Sigma0: 10. Best sigma: 1 Best gamma: 10. Best Test accuracy: 0.1747. Train acc: 0.17276. 

09-18 19:30 DEBUG    PDM_KL log: {(10, 1, 10): {'shapes': [(3072, 118), (118,), (118, 10), (10,)], 'train_accuracy': 0.17276, 'test_accuracy': 0.1747}} 
09-18 19:48 DEBUG    ****** PDM_KL matching ******** 
09-18 19:48 DEBUG    Best Sigma0: 10. Best sigma: 1 Best gamma: 10. Best Test accuracy: 0.1. Train acc: 0.1. 

09-18 19:48 DEBUG    PDM_KL log: {(10, 1, 10): {'shapes': [(3072, 110), (110,), (110, 10), (10,)], 'train_accuracy': 0.1, 'test_accuracy': 0.1}} 
09-18 20:04 DEBUG    ****** PDM_KL matching ******** 
09-18 20:04 DEBUG    Best Sigma0: 10. Best sigma: 1 Best gamma: 10. Best Test accuracy: 0.1. Train acc: 0.1. 

09-18 20:04 DEBUG    PDM_KL log: {(10, 1, 10): {'shapes': [(3072, 111), (111,), (111, 10), (10,)], 'train_accuracy': 0.1, 'test_accuracy': 0.1}} 
09-18 20:04 DEBUG    Trial 2 completed
09-18 20:04 DEBUG    ####################################################################################################
09-18 20:04 DEBUG    ####################################################################################################
09-18 20:04 DEBUG    Executing Trial 3 with seed 3
09-18 20:05 DEBUG    Data statistics: {0: {0: 159, 1: 162, 2: 175, 3: 160, 4: 153, 5: 177, 6: 176, 7: 170, 8: 166, 9: 169}, 1: {0: 168, 1: 177, 2: 163, 3: 164, 4: 145, 5: 163, 6: 173, 7: 178, 8: 161, 9: 175}, 2: {0: 161, 1: 154, 2: 177, 3: 175, 4: 155, 5: 165, 6: 177, 7: 164, 8: 171, 9: 168}, 3: {0: 182, 1: 161, 2: 167, 3: 158, 4: 149, 5: 171, 6: 163, 7: 184, 8: 156, 9: 176}, 4: {0: 173, 1: 143, 2: 176, 3: 171, 4: 163, 5: 168, 6: 180, 7: 168, 8: 155, 9: 170}, 5: {0: 189, 1: 154, 2: 175, 3: 167, 4: 153, 5: 162, 6: 174, 7: 176, 8: 161, 9: 156}, 6: {0: 170, 1: 166, 2: 151, 3: 181, 4: 175, 5: 163, 6: 169, 7: 174, 8: 175, 9: 143}, 7: {0: 174, 1: 179, 2: 160, 3: 174, 4: 162, 5: 172, 6: 162, 7: 168, 8: 166, 9: 150}, 8: {0: 169, 1: 160, 2: 179, 3: 165, 4: 145, 5: 169, 6: 176, 7: 164, 8: 161, 9: 179}, 9: {0: 146, 1: 181, 2: 149, 3: 175, 4: 171, 5: 185, 6: 172, 7: 178, 8: 142, 9: 168}, 10: {0: 165, 1: 190, 2: 178, 3: 157, 4: 152, 5: 151, 6: 179, 7: 158, 8: 177, 9: 160}, 11: {0: 154, 1: 155, 2: 187, 3: 180, 4: 172, 5: 147, 6: 161, 7: 177, 8: 163, 9: 171}, 12: {0: 180, 1: 161, 2: 166, 3: 167, 4: 179, 5: 172, 6: 146, 7: 164, 8: 165, 9: 167}, 13: {0: 184, 1: 180, 2: 159, 3: 144, 4: 170, 5: 165, 6: 170, 7: 166, 8: 177, 9: 152}, 14: {0: 166, 1: 170, 2: 162, 3: 196, 4: 156, 5: 141, 6: 165, 7: 152, 8: 200, 9: 159}, 15: {0: 156, 1: 171, 2: 181, 3: 145, 4: 164, 5: 190, 6: 173, 7: 142, 8: 183, 9: 162}, 16: {0: 163, 1: 139, 2: 160, 3: 162, 4: 181, 5: 174, 6: 164, 7: 172, 8: 173, 9: 179}, 17: {0: 153, 1: 192, 2: 155, 3: 163, 4: 152, 5: 200, 6: 161, 7: 151, 8: 161, 9: 179}, 18: {0: 167, 1: 167, 2: 154, 3: 152, 4: 177, 5: 192, 6: 173, 7: 153, 8: 154, 9: 178}, 19: {0: 175, 1: 172, 2: 173, 3: 173, 4: 162, 5: 168, 6: 155, 7: 145, 8: 178, 9: 166}, 20: {0: 158, 1: 175, 2: 151, 3: 190, 4: 170, 5: 172, 6: 150, 7: 186, 8: 162, 9: 152}, 21: {0: 152, 1: 178, 2: 161, 3: 173, 4: 157, 5: 166, 6: 168, 7: 162, 8: 187, 9: 162}, 22: {0: 154, 1: 166, 2: 157, 3: 177, 4: 169, 5: 150, 6: 174, 7: 167, 8: 176, 9: 176}, 23: {0: 186, 1: 166, 2: 172, 3: 156, 4: 179, 5: 170, 6: 163, 7: 157, 8: 145, 9: 172}, 24: {0: 160, 1: 172, 2: 170, 3: 148, 4: 161, 5: 150, 6: 175, 7: 164, 8: 177, 9: 189}, 25: {0: 174, 1: 184, 2: 173, 3: 144, 4: 202, 5: 161, 6: 155, 7: 167, 8: 136, 9: 170}, 26: {0: 185, 1: 157, 2: 159, 3: 173, 4: 171, 5: 153, 6: 161, 7: 166, 8: 171, 9: 170}, 27: {0: 166, 1: 161, 2: 184, 3: 179, 4: 185, 5: 163, 6: 146, 7: 171, 8: 149, 9: 162}, 28: {0: 143, 1: 159, 2: 169, 3: 166, 4: 193, 5: 152, 6: 171, 7: 178, 8: 168, 9: 167}, 29: {0: 168, 1: 148, 2: 157, 3: 165, 4: 177, 5: 168, 6: 168, 7: 178, 8: 184, 9: 153}}
09-18 20:10 DEBUG    **************************************************
09-18 20:10 DEBUG    Running experiments 

09-18 20:11 DEBUG    Uniform ensemble (Train acc): 0.387220
09-18 20:11 DEBUG    Uniform ensemble (Test acc): 0.384200
09-18 20:12 DEBUG    FedAvg (Train acc): 0.100000
09-18 20:12 DEBUG    FedAvg (Test acc): 0.100000
09-18 20:56 DEBUG    ****** PDM_KL matching ******** 
09-18 20:56 DEBUG    Best Sigma0: 10. Best sigma: 1 Best gamma: 10. Best Test accuracy: 0.3705. Train acc: 0.37376. 

09-18 20:56 DEBUG    PDM_KL log: {(10, 1, 10): {'shapes': [(3072, 700), (700,), (700, 10), (10,)], 'train_accuracy': 0.37376, 'test_accuracy': 0.3705}} 
09-18 22:10 DEBUG    ****** PDM_KL matching ******** 
09-18 22:10 DEBUG    Best Sigma0: 10. Best sigma: 1 Best gamma: 10. Best Test accuracy: 0.3631. Train acc: 0.36408. 

09-18 22:10 DEBUG    PDM_KL log: {(10, 1, 10): {'shapes': [(3072, 700), (700,), (700, 10), (10,)], 'train_accuracy': 0.36408, 'test_accuracy': 0.3631}} 
09-18 23:17 DEBUG    ****** PDM_KL matching ******** 
09-18 23:17 DEBUG    Best Sigma0: 10. Best sigma: 1 Best gamma: 10. Best Test accuracy: 0.3784. Train acc: 0.38064. 

09-18 23:17 DEBUG    PDM_KL log: {(10, 1, 10): {'shapes': [(3072, 700), (700,), (700, 10), (10,)], 'train_accuracy': 0.38064, 'test_accuracy': 0.3784}} 
09-19 00:33 DEBUG    ****** PDM_KL matching ******** 
09-19 00:33 DEBUG    Best Sigma0: 10. Best sigma: 1 Best gamma: 10. Best Test accuracy: 0.3712. Train acc: 0.37452. 

09-19 00:33 DEBUG    PDM_KL log: {(10, 1, 10): {'shapes': [(3072, 700), (700,), (700, 10), (10,)], 'train_accuracy': 0.37452, 'test_accuracy': 0.3712}} 
09-19 01:51 DEBUG    ****** PDM_KL matching ******** 
09-19 01:51 DEBUG    Best Sigma0: 10. Best sigma: 1 Best gamma: 10. Best Test accuracy: 0.3584. Train acc: 0.3616. 

09-19 01:51 DEBUG    PDM_KL log: {(10, 1, 10): {'shapes': [(3072, 700), (700,), (700, 10), (10,)], 'train_accuracy': 0.3616, 'test_accuracy': 0.3584}} 
09-19 03:07 DEBUG    ****** PDM_KL matching ******** 
09-19 03:07 DEBUG    Best Sigma0: 10. Best sigma: 1 Best gamma: 10. Best Test accuracy: 0.3826. Train acc: 0.3832. 

09-19 03:07 DEBUG    PDM_KL log: {(10, 1, 10): {'shapes': [(3072, 700), (700,), (700, 10), (10,)], 'train_accuracy': 0.3832, 'test_accuracy': 0.3826}} 
09-19 04:17 DEBUG    ****** PDM_KL matching ******** 
09-19 04:17 DEBUG    Best Sigma0: 10. Best sigma: 1 Best gamma: 10. Best Test accuracy: 0.3694. Train acc: 0.37078. 

09-19 04:17 DEBUG    PDM_KL log: {(10, 1, 10): {'shapes': [(3072, 700), (700,), (700, 10), (10,)], 'train_accuracy': 0.37078, 'test_accuracy': 0.3694}} 
09-19 04:56 DEBUG    ****** PDM_KL matching ******** 
09-19 04:56 DEBUG    Best Sigma0: 10. Best sigma: 1 Best gamma: 10. Best Test accuracy: 0.3317. Train acc: 0.33724. 

09-19 04:56 DEBUG    PDM_KL log: {(10, 1, 10): {'shapes': [(3072, 361), (361,), (361, 10), (10,)], 'train_accuracy': 0.33724, 'test_accuracy': 0.3317}} 
09-19 05:10 DEBUG    ****** PDM_KL matching ******** 
09-19 05:10 DEBUG    Best Sigma0: 10. Best sigma: 1 Best gamma: 10. Best Test accuracy: 0.2312. Train acc: 0.233. 

09-19 05:10 DEBUG    PDM_KL log: {(10, 1, 10): {'shapes': [(3072, 118), (118,), (118, 10), (10,)], 'train_accuracy': 0.233, 'test_accuracy': 0.2312}} 
09-19 05:24 DEBUG    ****** PDM_KL matching ******** 
09-19 05:24 DEBUG    Best Sigma0: 10. Best sigma: 1 Best gamma: 10. Best Test accuracy: 0.1. Train acc: 0.1. 

09-19 05:24 DEBUG    PDM_KL log: {(10, 1, 10): {'shapes': [(3072, 112), (112,), (112, 10), (10,)], 'train_accuracy': 0.1, 'test_accuracy': 0.1}} 
09-19 05:36 DEBUG    ****** PDM_KL matching ******** 
09-19 05:36 DEBUG    Best Sigma0: 10. Best sigma: 1 Best gamma: 10. Best Test accuracy: 0.1. Train acc: 0.1. 

09-19 05:36 DEBUG    PDM_KL log: {(10, 1, 10): {'shapes': [(3072, 114), (114,), (114, 10), (10,)], 'train_accuracy': 0.1, 'test_accuracy': 0.1}} 
09-19 05:36 DEBUG    Trial 3 completed
09-19 05:36 DEBUG    ####################################################################################################
09-19 05:36 DEBUG    ####################################################################################################
09-19 05:36 DEBUG    Executing Trial 4 with seed 4
09-19 05:36 DEBUG    Data statistics: {0: {0: 170, 1: 169, 2: 148, 3: 169, 4: 154, 5: 164, 6: 179, 7: 162, 8: 180, 9: 172}, 1: {0: 155, 1: 165, 2: 170, 3: 156, 4: 165, 5: 164, 6: 166, 7: 186, 8: 172, 9: 168}, 2: {0: 168, 1: 176, 2: 185, 3: 156, 4: 174, 5: 158, 6: 167, 7: 175, 8: 126, 9: 182}, 3: {0: 173, 1: 164, 2: 144, 3: 205, 4: 148, 5: 173, 6: 169, 7: 166, 8: 151, 9: 174}, 4: {0: 183, 1: 179, 2: 159, 3: 157, 4: 156, 5: 183, 6: 169, 7: 159, 8: 171, 9: 151}, 5: {0: 184, 1: 174, 2: 168, 3: 142, 4: 169, 5: 162, 6: 170, 7: 165, 8: 160, 9: 173}, 6: {0: 160, 1: 165, 2: 157, 3: 153, 4: 191, 5: 184, 6: 176, 7: 156, 8: 177, 9: 148}, 7: {0: 163, 1: 166, 2: 152, 3: 158, 4: 169, 5: 161, 6: 168, 7: 178, 8: 182, 9: 170}, 8: {0: 165, 1: 159, 2: 174, 3: 161, 4: 179, 5: 168, 6: 168, 7: 167, 8: 161, 9: 165}, 9: {0: 186, 1: 167, 2: 189, 3: 181, 4: 161, 5: 162, 6: 179, 7: 150, 8: 130, 9: 162}, 10: {0: 171, 1: 157, 2: 163, 3: 152, 4: 162, 5: 155, 6: 197, 7: 159, 8: 175, 9: 176}, 11: {0: 176, 1: 178, 2: 176, 3: 151, 4: 168, 5: 159, 6: 193, 7: 179, 8: 160, 9: 127}, 12: {0: 152, 1: 176, 2: 192, 3: 166, 4: 169, 5: 174, 6: 160, 7: 161, 8: 165, 9: 152}, 13: {0: 167, 1: 168, 2: 164, 3: 176, 4: 194, 5: 170, 6: 149, 7: 151, 8: 159, 9: 169}, 14: {0: 155, 1: 181, 2: 158, 3: 183, 4: 153, 5: 165, 6: 159, 7: 182, 8: 163, 9: 168}, 15: {0: 177, 1: 156, 2: 149, 3: 179, 4: 172, 5: 181, 6: 150, 7: 156, 8: 182, 9: 165}, 16: {0: 169, 1: 167, 2: 172, 3: 188, 4: 144, 5: 157, 6: 145, 7: 170, 8: 171, 9: 184}, 17: {0: 166, 1: 153, 2: 197, 3: 167, 4: 147, 5: 178, 6: 162, 7: 163, 8: 187, 9: 147}, 18: {0: 162, 1: 181, 2: 165, 3: 165, 4: 171, 5: 175, 6: 168, 7: 159, 8: 151, 9: 170}, 19: {0: 156, 1: 160, 2: 172, 3: 167, 4: 167, 5: 167, 6: 162, 7: 176, 8: 170, 9: 170}, 20: {0: 154, 1: 162, 2: 149, 3: 183, 4: 155, 5: 170, 6: 170, 7: 172, 8: 174, 9: 177}, 21: {0: 192, 1: 156, 2: 157, 3: 163, 4: 178, 5: 168, 6: 158, 7: 164, 8: 160, 9: 170}, 22: {0: 160, 1: 159, 2: 158, 3: 150, 4: 184, 5: 165, 6: 172, 7: 165, 8: 173, 9: 180}, 23: {0: 165, 1: 158, 2: 174, 3: 175, 4: 163, 5: 158, 6: 150, 7: 177, 8: 168, 9: 178}, 24: {0: 170, 1: 156, 2: 161, 3: 161, 4: 173, 5: 159, 6: 153, 7: 184, 8: 187, 9: 162}, 25: {0: 159, 1: 159, 2: 177, 3: 175, 4: 169, 5: 155, 6: 157, 7: 168, 8: 172, 9: 175}, 26: {0: 165, 1: 181, 2: 151, 3: 154, 4: 172, 5: 193, 6: 165, 7: 167, 8: 165, 9: 153}, 27: {0: 151, 1: 166, 2: 188, 3: 165, 4: 168, 5: 154, 6: 168, 7: 168, 8: 170, 9: 168}, 28: {0: 176, 1: 172, 2: 166, 3: 177, 4: 172, 5: 140, 6: 171, 7: 162, 8: 166, 9: 164}, 29: {0: 150, 1: 170, 2: 165, 3: 165, 4: 153, 5: 178, 6: 180, 7: 153, 8: 172, 9: 180}}
09-19 05:41 DEBUG    **************************************************
09-19 05:41 DEBUG    Running experiments 

09-19 05:41 DEBUG    Uniform ensemble (Train acc): 0.384960
09-19 05:41 DEBUG    Uniform ensemble (Test acc): 0.383700
09-19 05:42 DEBUG    FedAvg (Train acc): 0.100000
09-19 05:42 DEBUG    FedAvg (Test acc): 0.100000
09-19 06:15 DEBUG    ****** PDM_KL matching ******** 
09-19 06:15 DEBUG    Best Sigma0: 10. Best sigma: 1 Best gamma: 10. Best Test accuracy: 0.3595. Train acc: 0.3606. 

09-19 06:15 DEBUG    PDM_KL log: {(10, 1, 10): {'shapes': [(3072, 700), (700,), (700, 10), (10,)], 'train_accuracy': 0.3606, 'test_accuracy': 0.3595}} 
09-19 07:29 DEBUG    ****** PDM_KL matching ******** 
09-19 07:29 DEBUG    Best Sigma0: 10. Best sigma: 1 Best gamma: 10. Best Test accuracy: 0.3427. Train acc: 0.34848. 

09-19 07:29 DEBUG    PDM_KL log: {(10, 1, 10): {'shapes': [(3072, 700), (700,), (700, 10), (10,)], 'train_accuracy': 0.34848, 'test_accuracy': 0.3427}} 
09-19 08:43 DEBUG    ****** PDM_KL matching ******** 
09-19 08:43 DEBUG    Best Sigma0: 10. Best sigma: 1 Best gamma: 10. Best Test accuracy: 0.3555. Train acc: 0.35854. 

09-19 08:43 DEBUG    PDM_KL log: {(10, 1, 10): {'shapes': [(3072, 700), (700,), (700, 10), (10,)], 'train_accuracy': 0.35854, 'test_accuracy': 0.3555}} 
09-19 09:59 DEBUG    ****** PDM_KL matching ******** 
09-19 09:59 DEBUG    Best Sigma0: 10. Best sigma: 1 Best gamma: 10. Best Test accuracy: 0.3527. Train acc: 0.3585. 

09-19 09:59 DEBUG    PDM_KL log: {(10, 1, 10): {'shapes': [(3072, 700), (700,), (700, 10), (10,)], 'train_accuracy': 0.3585, 'test_accuracy': 0.3527}} 
09-19 11:12 DEBUG    ****** PDM_KL matching ******** 
09-19 11:12 DEBUG    Best Sigma0: 10. Best sigma: 1 Best gamma: 10. Best Test accuracy: 0.3524. Train acc: 0.35786. 

09-19 11:12 DEBUG    PDM_KL log: {(10, 1, 10): {'shapes': [(3072, 700), (700,), (700, 10), (10,)], 'train_accuracy': 0.35786, 'test_accuracy': 0.3524}} 
09-19 12:27 DEBUG    ****** PDM_KL matching ******** 
09-19 12:27 DEBUG    Best Sigma0: 10. Best sigma: 1 Best gamma: 10. Best Test accuracy: 0.3665. Train acc: 0.36734. 

09-19 12:27 DEBUG    PDM_KL log: {(10, 1, 10): {'shapes': [(3072, 700), (700,), (700, 10), (10,)], 'train_accuracy': 0.36734, 'test_accuracy': 0.3665}} 
09-19 13:25 DEBUG    ****** PDM_KL matching ******** 
09-19 13:25 DEBUG    Best Sigma0: 10. Best sigma: 1 Best gamma: 10. Best Test accuracy: 0.3544. Train acc: 0.35988. 

09-19 13:25 DEBUG    PDM_KL log: {(10, 1, 10): {'shapes': [(3072, 700), (700,), (700, 10), (10,)], 'train_accuracy': 0.35988, 'test_accuracy': 0.3544}} 
09-19 13:50 DEBUG    ****** PDM_KL matching ******** 
09-19 13:50 DEBUG    Best Sigma0: 10. Best sigma: 1 Best gamma: 10. Best Test accuracy: 0.3249. Train acc: 0.32942. 

09-19 13:50 DEBUG    PDM_KL log: {(10, 1, 10): {'shapes': [(3072, 361), (361,), (361, 10), (10,)], 'train_accuracy': 0.32942, 'test_accuracy': 0.3249}} 
09-19 14:00 DEBUG    ****** PDM_KL matching ******** 
09-19 14:00 DEBUG    Best Sigma0: 10. Best sigma: 1 Best gamma: 10. Best Test accuracy: 0.209. Train acc: 0.21112. 

09-19 14:00 DEBUG    PDM_KL log: {(10, 1, 10): {'shapes': [(3072, 116), (116,), (116, 10), (10,)], 'train_accuracy': 0.21112, 'test_accuracy': 0.209}} 
09-19 14:08 DEBUG    ****** PDM_KL matching ******** 
09-19 14:08 DEBUG    Best Sigma0: 10. Best sigma: 1 Best gamma: 10. Best Test accuracy: 0.1. Train acc: 0.1. 

09-19 14:08 DEBUG    PDM_KL log: {(10, 1, 10): {'shapes': [(3072, 111), (111,), (111, 10), (10,)], 'train_accuracy': 0.1, 'test_accuracy': 0.1}} 
09-19 14:17 DEBUG    ****** PDM_KL matching ******** 
09-19 14:17 DEBUG    Best Sigma0: 10. Best sigma: 1 Best gamma: 10. Best Test accuracy: 0.1. Train acc: 0.1. 

09-19 14:17 DEBUG    PDM_KL log: {(10, 1, 10): {'shapes': [(3072, 114), (114,), (114, 10), (10,)], 'train_accuracy': 0.1, 'test_accuracy': 0.1}} 
09-19 14:17 DEBUG    Trial 4 completed
09-19 14:17 DEBUG    ####################################################################################################
09-19 14:17 DEBUG    ####################################################################################################
09-19 14:17 DEBUG    Executing Trial 5 with seed 5
09-19 14:17 DEBUG    Data statistics: {0: {0: 191, 1: 166, 2: 153, 3: 179, 4: 160, 5: 176, 6: 171, 7: 161, 8: 143, 9: 167}, 1: {0: 159, 1: 162, 2: 191, 3: 154, 4: 156, 5: 162, 6: 176, 7: 160, 8: 181, 9: 166}, 2: {0: 157, 1: 153, 2: 183, 3: 177, 4: 164, 5: 165, 6: 174, 7: 169, 8: 173, 9: 152}, 3: {0: 164, 1: 161, 2: 163, 3: 172, 4: 168, 5: 164, 6: 165, 7: 156, 8: 170, 9: 184}, 4: {0: 168, 1: 172, 2: 151, 3: 184, 4: 151, 5: 160, 6: 153, 7: 174, 8: 171, 9: 183}, 5: {0: 157, 1: 147, 2: 162, 3: 188, 4: 171, 5: 191, 6: 153, 7: 162, 8: 171, 9: 165}, 6: {0: 155, 1: 176, 2: 144, 3: 165, 4: 180, 5: 173, 6: 172, 7: 158, 8: 175, 9: 169}, 7: {0: 162, 1: 187, 2: 169, 3: 179, 4: 164, 5: 154, 6: 161, 7: 155, 8: 162, 9: 174}, 8: {0: 188, 1: 149, 2: 175, 3: 165, 4: 150, 5: 173, 6: 167, 7: 154, 8: 173, 9: 173}, 9: {0: 158, 1: 181, 2: 154, 3: 160, 4: 178, 5: 170, 6: 162, 7: 177, 8: 168, 9: 159}, 10: {0: 153, 1: 154, 2: 169, 3: 163, 4: 176, 5: 160, 6: 171, 7: 176, 8: 171, 9: 174}, 11: {0: 160, 1: 175, 2: 183, 3: 166, 4: 155, 5: 156, 6: 163, 7: 184, 8: 172, 9: 153}, 12: {0: 151, 1: 170, 2: 165, 3: 185, 4: 169, 5: 146, 6: 178, 7: 179, 8: 167, 9: 157}, 13: {0: 189, 1: 181, 2: 153, 3: 158, 4: 162, 5: 181, 6: 164, 7: 158, 8: 171, 9: 150}, 14: {0: 180, 1: 157, 2: 143, 3: 161, 4: 203, 5: 147, 6: 159, 7: 180, 8: 157, 9: 180}, 15: {0: 166, 1: 167, 2: 177, 3: 156, 4: 169, 5: 170, 6: 182, 7: 156, 8: 170, 9: 154}, 16: {0: 196, 1: 168, 2: 169, 3: 153, 4: 179, 5: 192, 6: 137, 7: 184, 8: 133, 9: 156}, 17: {0: 191, 1: 166, 2: 168, 3: 154, 4: 167, 5: 161, 6: 156, 7: 168, 8: 169, 9: 167}, 18: {0: 183, 1: 170, 2: 158, 3: 162, 4: 178, 5: 163, 6: 178, 7: 158, 8: 137, 9: 180}, 19: {0: 171, 1: 170, 2: 166, 3: 171, 4: 149, 5: 171, 6: 162, 7: 161, 8: 164, 9: 182}, 20: {0: 161, 1: 165, 2: 183, 3: 142, 4: 165, 5: 168, 6: 167, 7: 165, 8: 175, 9: 175}, 21: {0: 148, 1: 156, 2: 185, 3: 152, 4: 158, 5: 158, 6: 176, 7: 186, 8: 182, 9: 165}, 22: {0: 155, 1: 185, 2: 171, 3: 163, 4: 167, 5: 175, 6: 176, 7: 155, 8: 155, 9: 164}, 23: {0: 176, 1: 153, 2: 168, 3: 173, 4: 162, 5: 171, 6: 190, 7: 169, 8: 170, 9: 134}, 24: {0: 162, 1: 171, 2: 159, 3: 175, 4: 174, 5: 158, 6: 163, 7: 167, 8: 165, 9: 172}, 25: {0: 138, 1: 147, 2: 152, 3: 180, 4: 158, 5: 175, 6: 176, 7: 184, 8: 173, 9: 183}, 26: {0: 150, 1: 185, 2: 155, 3: 167, 4: 152, 5: 175, 6: 170, 7: 161, 8: 189, 9: 162}, 27: {0: 173, 1: 172, 2: 179, 3: 156, 4: 175, 5: 172, 6: 163, 7: 152, 8: 153, 9: 171}, 28: {0: 149, 1: 180, 2: 176, 3: 162, 4: 162, 5: 171, 6: 152, 7: 172, 8: 153, 9: 189}, 29: {0: 189, 1: 154, 2: 176, 3: 178, 4: 178, 5: 142, 6: 163, 7: 159, 8: 187, 9: 140}}
09-19 14:20 DEBUG    **************************************************
09-19 14:20 DEBUG    Running experiments 

09-19 14:20 DEBUG    Uniform ensemble (Train acc): 0.381360
09-19 14:20 DEBUG    Uniform ensemble (Test acc): 0.375900
09-19 14:20 DEBUG    FedAvg (Train acc): 0.100000
09-19 14:20 DEBUG    FedAvg (Test acc): 0.100000
09-19 14:47 DEBUG    ****** PDM_KL matching ******** 
09-19 14:47 DEBUG    Best Sigma0: 10. Best sigma: 1 Best gamma: 10. Best Test accuracy: 0.3447. Train acc: 0.34778. 

09-19 14:47 DEBUG    PDM_KL log: {(10, 1, 10): {'shapes': [(3072, 700), (700,), (700, 10), (10,)], 'train_accuracy': 0.34778, 'test_accuracy': 0.3447}} 
09-19 15:40 DEBUG    ****** PDM_KL matching ******** 
09-19 15:40 DEBUG    Best Sigma0: 10. Best sigma: 1 Best gamma: 10. Best Test accuracy: 0.3351. Train acc: 0.3382. 

09-19 15:40 DEBUG    PDM_KL log: {(10, 1, 10): {'shapes': [(3072, 700), (700,), (700, 10), (10,)], 'train_accuracy': 0.3382, 'test_accuracy': 0.3351}} 
09-19 16:38 DEBUG    ****** PDM_KL matching ******** 
09-19 16:38 DEBUG    Best Sigma0: 10. Best sigma: 1 Best gamma: 10. Best Test accuracy: 0.3419. Train acc: 0.34858. 

09-19 16:38 DEBUG    PDM_KL log: {(10, 1, 10): {'shapes': [(3072, 700), (700,), (700, 10), (10,)], 'train_accuracy': 0.34858, 'test_accuracy': 0.3419}} 
09-19 17:35 DEBUG    ****** PDM_KL matching ******** 
09-19 17:35 DEBUG    Best Sigma0: 10. Best sigma: 1 Best gamma: 10. Best Test accuracy: 0.3374. Train acc: 0.3393. 

09-19 17:35 DEBUG    PDM_KL log: {(10, 1, 10): {'shapes': [(3072, 700), (700,), (700, 10), (10,)], 'train_accuracy': 0.3393, 'test_accuracy': 0.3374}} 
09-19 18:33 DEBUG    ****** PDM_KL matching ******** 
09-19 18:33 DEBUG    Best Sigma0: 10. Best sigma: 1 Best gamma: 10. Best Test accuracy: 0.3468. Train acc: 0.34898. 

09-19 18:33 DEBUG    PDM_KL log: {(10, 1, 10): {'shapes': [(3072, 700), (700,), (700, 10), (10,)], 'train_accuracy': 0.34898, 'test_accuracy': 0.3468}} 
09-19 19:28 DEBUG    ****** PDM_KL matching ******** 
09-19 19:28 DEBUG    Best Sigma0: 10. Best sigma: 1 Best gamma: 10. Best Test accuracy: 0.3268. Train acc: 0.32856. 

09-19 19:28 DEBUG    PDM_KL log: {(10, 1, 10): {'shapes': [(3072, 700), (700,), (700, 10), (10,)], 'train_accuracy': 0.32856, 'test_accuracy': 0.3268}} 
09-19 20:17 DEBUG    ****** PDM_KL matching ******** 
09-19 20:17 DEBUG    Best Sigma0: 10. Best sigma: 1 Best gamma: 10. Best Test accuracy: 0.3508. Train acc: 0.35566. 

09-19 20:17 DEBUG    PDM_KL log: {(10, 1, 10): {'shapes': [(3072, 700), (700,), (700, 10), (10,)], 'train_accuracy': 0.35566, 'test_accuracy': 0.3508}} 
09-19 20:46 DEBUG    ****** PDM_KL matching ******** 
09-19 20:46 DEBUG    Best Sigma0: 10. Best sigma: 1 Best gamma: 10. Best Test accuracy: 0.3278. Train acc: 0.32452. 

09-19 20:46 DEBUG    PDM_KL log: {(10, 1, 10): {'shapes': [(3072, 361), (361,), (361, 10), (10,)], 'train_accuracy': 0.32452, 'test_accuracy': 0.3278}} 
09-19 20:56 DEBUG    ****** PDM_KL matching ******** 
09-19 20:56 DEBUG    Best Sigma0: 10. Best sigma: 1 Best gamma: 10. Best Test accuracy: 0.2044. Train acc: 0.20952. 

09-19 20:56 DEBUG    PDM_KL log: {(10, 1, 10): {'shapes': [(3072, 117), (117,), (117, 10), (10,)], 'train_accuracy': 0.20952, 'test_accuracy': 0.2044}} 
09-19 21:05 DEBUG    ****** PDM_KL matching ******** 
09-19 21:05 DEBUG    Best Sigma0: 10. Best sigma: 1 Best gamma: 10. Best Test accuracy: 0.1. Train acc: 0.1. 

09-19 21:05 DEBUG    PDM_KL log: {(10, 1, 10): {'shapes': [(3072, 110), (110,), (110, 10), (10,)], 'train_accuracy': 0.1, 'test_accuracy': 0.1}} 
09-19 21:14 DEBUG    ****** PDM_KL matching ******** 
09-19 21:14 DEBUG    Best Sigma0: 10. Best sigma: 1 Best gamma: 10. Best Test accuracy: 0.1. Train acc: 0.1. 

09-19 21:14 DEBUG    PDM_KL log: {(10, 1, 10): {'shapes': [(3072, 114), (114,), (114, 10), (10,)], 'train_accuracy': 0.1, 'test_accuracy': 0.1}} 
09-19 21:14 DEBUG    Trial 5 completed
09-19 21:14 DEBUG    ####################################################################################################
09-19 21:14 DEBUG    ####################################################################################################
09-19 21:14 DEBUG    Executing Trial 6 with seed 6
09-19 21:14 DEBUG    Data statistics: {0: {0: 180, 1: 150, 2: 156, 3: 175, 4: 171, 5: 167, 6: 176, 7: 163, 8: 171, 9: 158}, 1: {0: 179, 1: 173, 2: 165, 3: 151, 4: 159, 5: 167, 6: 171, 7: 171, 8: 169, 9: 162}, 2: {0: 166, 1: 169, 2: 156, 3: 160, 4: 178, 5: 161, 6: 177, 7: 147, 8: 170, 9: 183}, 3: {0: 164, 1: 172, 2: 158, 3: 164, 4: 162, 5: 158, 6: 159, 7: 166, 8: 165, 9: 199}, 4: {0: 163, 1: 184, 2: 154, 3: 171, 4: 181, 5: 153, 6: 179, 7: 151, 8: 164, 9: 167}, 5: {0: 165, 1: 159, 2: 158, 3: 172, 4: 180, 5: 193, 6: 148, 7: 165, 8: 182, 9: 145}, 6: {0: 167, 1: 167, 2: 157, 3: 165, 4: 188, 5: 168, 6: 172, 7: 151, 8: 163, 9: 169}, 7: {0: 176, 1: 157, 2: 164, 3: 183, 4: 156, 5: 156, 6: 167, 7: 162, 8: 186, 9: 160}, 8: {0: 170, 1: 162, 2: 160, 3: 164, 4: 136, 5: 186, 6: 174, 7: 166, 8: 166, 9: 183}, 9: {0: 149, 1: 165, 2: 163, 3: 164, 4: 181, 5: 168, 6: 170, 7: 189, 8: 171, 9: 147}, 10: {0: 157, 1: 152, 2: 189, 3: 169, 4: 183, 5: 172, 6: 153, 7: 152, 8: 187, 9: 153}, 11: {0: 161, 1: 155, 2: 178, 3: 162, 4: 150, 5: 174, 6: 145, 7: 172, 8: 162, 9: 208}, 12: {0: 168, 1: 165, 2: 174, 3: 167, 4: 179, 5: 151, 6: 180, 7: 156, 8: 176, 9: 151}, 13: {0: 176, 1: 159, 2: 182, 3: 169, 4: 174, 5: 151, 6: 164, 7: 172, 8: 162, 9: 158}, 14: {0: 156, 1: 170, 2: 139, 3: 183, 4: 181, 5: 158, 6: 181, 7: 158, 8: 177, 9: 164}, 15: {0: 172, 1: 160, 2: 174, 3: 164, 4: 148, 5: 163, 6: 171, 7: 186, 8: 169, 9: 160}, 16: {0: 171, 1: 169, 2: 170, 3: 167, 4: 166, 5: 166, 6: 172, 7: 150, 8: 165, 9: 171}, 17: {0: 165, 1: 162, 2: 164, 3: 181, 4: 153, 5: 185, 6: 181, 7: 155, 8: 160, 9: 161}, 18: {0: 162, 1: 152, 2: 180, 3: 150, 4: 153, 5: 181, 6: 169, 7: 188, 8: 164, 9: 168}, 19: {0: 149, 1: 184, 2: 163, 3: 180, 4: 146, 5: 178, 6: 169, 7: 166, 8: 166, 9: 166}, 20: {0: 158, 1: 171, 2: 189, 3: 177, 4: 141, 5: 150, 6: 172, 7: 166, 8: 170, 9: 172}, 21: {0: 189, 1: 153, 2: 180, 3: 152, 4: 164, 5: 163, 6: 152, 7: 190, 8: 171, 9: 152}, 22: {0: 158, 1: 188, 2: 151, 3: 152, 4: 173, 5: 171, 6: 159, 7: 173, 8: 165, 9: 176}, 23: {0: 193, 1: 170, 2: 168, 3: 147, 4: 169, 5: 167, 6: 153, 7: 166, 8: 139, 9: 194}, 24: {0: 160, 1: 165, 2: 171, 3: 164, 4: 169, 5: 181, 6: 141, 7: 174, 8: 171, 9: 170}, 25: {0: 170, 1: 168, 2: 163, 3: 195, 4: 174, 5: 146, 6: 176, 7: 167, 8: 154, 9: 153}, 26: {0: 166, 1: 164, 2: 163, 3: 159, 4: 168, 5: 170, 6: 175, 7: 167, 8: 171, 9: 163}, 27: {0: 175, 1: 168, 2: 161, 3: 162, 4: 175, 5: 166, 6: 169, 7: 181, 8: 147, 9: 162}, 28: {0: 157, 1: 180, 2: 176, 3: 158, 4: 186, 5: 161, 6: 164, 7: 148, 8: 150, 9: 186}, 29: {0: 158, 1: 187, 2: 174, 3: 173, 4: 156, 5: 169, 6: 161, 7: 182, 8: 167, 9: 139}}
09-19 21:16 DEBUG    **************************************************
09-19 21:16 DEBUG    Running experiments 

09-19 21:17 DEBUG    Uniform ensemble (Train acc): 0.384640
09-19 21:17 DEBUG    Uniform ensemble (Test acc): 0.387900
09-19 21:17 DEBUG    FedAvg (Train acc): 0.100000
09-19 21:17 DEBUG    FedAvg (Test acc): 0.100000
09-19 21:43 DEBUG    ****** PDM_KL matching ******** 
09-19 21:43 DEBUG    Best Sigma0: 10. Best sigma: 1 Best gamma: 10. Best Test accuracy: 0.3633. Train acc: 0.3682. 

09-19 21:43 DEBUG    PDM_KL log: {(10, 1, 10): {'shapes': [(3072, 700), (700,), (700, 10), (10,)], 'train_accuracy': 0.3682, 'test_accuracy': 0.3633}} 
09-19 22:41 DEBUG    ****** PDM_KL matching ******** 
09-19 22:41 DEBUG    Best Sigma0: 10. Best sigma: 1 Best gamma: 10. Best Test accuracy: 0.3585. Train acc: 0.36474. 

09-19 22:41 DEBUG    PDM_KL log: {(10, 1, 10): {'shapes': [(3072, 700), (700,), (700, 10), (10,)], 'train_accuracy': 0.36474, 'test_accuracy': 0.3585}} 
09-19 23:39 DEBUG    ****** PDM_KL matching ******** 
09-19 23:39 DEBUG    Best Sigma0: 10. Best sigma: 1 Best gamma: 10. Best Test accuracy: 0.3685. Train acc: 0.36582. 

09-19 23:39 DEBUG    PDM_KL log: {(10, 1, 10): {'shapes': [(3072, 700), (700,), (700, 10), (10,)], 'train_accuracy': 0.36582, 'test_accuracy': 0.3685}} 
09-20 00:26 DEBUG    ****** PDM_KL matching ******** 
09-20 00:26 DEBUG    Best Sigma0: 10. Best sigma: 1 Best gamma: 10. Best Test accuracy: 0.3587. Train acc: 0.36176. 

09-20 00:26 DEBUG    PDM_KL log: {(10, 1, 10): {'shapes': [(3072, 700), (700,), (700, 10), (10,)], 'train_accuracy': 0.36176, 'test_accuracy': 0.3587}} 
09-20 01:00 DEBUG    ****** PDM_KL matching ******** 
09-20 01:00 DEBUG    Best Sigma0: 10. Best sigma: 1 Best gamma: 10. Best Test accuracy: 0.3587. Train acc: 0.36324. 

09-20 01:00 DEBUG    PDM_KL log: {(10, 1, 10): {'shapes': [(3072, 700), (700,), (700, 10), (10,)], 'train_accuracy': 0.36324, 'test_accuracy': 0.3587}} 
09-20 01:37 DEBUG    ****** PDM_KL matching ******** 
09-20 01:37 DEBUG    Best Sigma0: 10. Best sigma: 1 Best gamma: 10. Best Test accuracy: 0.3616. Train acc: 0.36946. 

09-20 01:37 DEBUG    PDM_KL log: {(10, 1, 10): {'shapes': [(3072, 700), (700,), (700, 10), (10,)], 'train_accuracy': 0.36946, 'test_accuracy': 0.3616}} 
09-20 02:14 DEBUG    ****** PDM_KL matching ******** 
09-20 02:14 DEBUG    Best Sigma0: 10. Best sigma: 1 Best gamma: 10. Best Test accuracy: 0.3717. Train acc: 0.37482. 

09-20 02:14 DEBUG    PDM_KL log: {(10, 1, 10): {'shapes': [(3072, 700), (700,), (700, 10), (10,)], 'train_accuracy': 0.37482, 'test_accuracy': 0.3717}} 
09-20 02:33 DEBUG    ****** PDM_KL matching ******** 
09-20 02:33 DEBUG    Best Sigma0: 10. Best sigma: 1 Best gamma: 10. Best Test accuracy: 0.3199. Train acc: 0.31972. 

09-20 02:33 DEBUG    PDM_KL log: {(10, 1, 10): {'shapes': [(3072, 361), (361,), (361, 10), (10,)], 'train_accuracy': 0.31972, 'test_accuracy': 0.3199}} 
09-20 02:39 DEBUG    ****** PDM_KL matching ******** 
09-20 02:39 DEBUG    Best Sigma0: 10. Best sigma: 1 Best gamma: 10. Best Test accuracy: 0.2251. Train acc: 0.22768. 

09-20 02:39 DEBUG    PDM_KL log: {(10, 1, 10): {'shapes': [(3072, 115), (115,), (115, 10), (10,)], 'train_accuracy': 0.22768, 'test_accuracy': 0.2251}} 
09-20 02:44 DEBUG    ****** PDM_KL matching ******** 
09-20 02:44 DEBUG    Best Sigma0: 10. Best sigma: 1 Best gamma: 10. Best Test accuracy: 0.1. Train acc: 0.1. 

09-20 02:44 DEBUG    PDM_KL log: {(10, 1, 10): {'shapes': [(3072, 109), (109,), (109, 10), (10,)], 'train_accuracy': 0.1, 'test_accuracy': 0.1}} 
09-20 02:49 DEBUG    ****** PDM_KL matching ******** 
09-20 02:49 DEBUG    Best Sigma0: 10. Best sigma: 1 Best gamma: 10. Best Test accuracy: 0.1. Train acc: 0.1. 

09-20 02:49 DEBUG    PDM_KL log: {(10, 1, 10): {'shapes': [(3072, 109), (109,), (109, 10), (10,)], 'train_accuracy': 0.1, 'test_accuracy': 0.1}} 
09-20 02:49 DEBUG    Trial 6 completed
09-20 02:49 DEBUG    ####################################################################################################
09-20 02:49 DEBUG    ####################################################################################################
09-20 02:49 DEBUG    Executing Trial 7 with seed 7
09-20 02:49 DEBUG    Data statistics: {0: {0: 155, 1: 155, 2: 181, 3: 182, 4: 157, 5: 165, 6: 182, 7: 164, 8: 166, 9: 160}, 1: {0: 162, 1: 189, 2: 175, 3: 176, 4: 150, 5: 162, 6: 188, 7: 140, 8: 175, 9: 150}, 2: {0: 165, 1: 177, 2: 179, 3: 165, 4: 160, 5: 174, 6: 156, 7: 167, 8: 148, 9: 176}, 3: {0: 172, 1: 170, 2: 149, 3: 182, 4: 160, 5: 146, 6: 165, 7: 164, 8: 191, 9: 168}, 4: {0: 177, 1: 154, 2: 159, 3: 177, 4: 168, 5: 157, 6: 162, 7: 167, 8: 175, 9: 171}, 5: {0: 178, 1: 154, 2: 170, 3: 165, 4: 179, 5: 161, 6: 180, 7: 169, 8: 154, 9: 157}, 6: {0: 167, 1: 165, 2: 170, 3: 153, 4: 158, 5: 175, 6: 172, 7: 172, 8: 162, 9: 173}, 7: {0: 184, 1: 156, 2: 159, 3: 168, 4: 177, 5: 185, 6: 146, 7: 177, 8: 148, 9: 167}, 8: {0: 138, 1: 150, 2: 164, 3: 153, 4: 171, 5: 178, 6: 158, 7: 166, 8: 210, 9: 179}, 9: {0: 160, 1: 175, 2: 168, 3: 180, 4: 149, 5: 160, 6: 174, 7: 170, 8: 166, 9: 165}, 10: {0: 148, 1: 172, 2: 150, 3: 169, 4: 163, 5: 184, 6: 144, 7: 185, 8: 168, 9: 184}, 11: {0: 182, 1: 141, 2: 168, 3: 170, 4: 161, 5: 161, 6: 165, 7: 162, 8: 181, 9: 176}, 12: {0: 155, 1: 169, 2: 171, 3: 173, 4: 167, 5: 177, 6: 166, 7: 166, 8: 166, 9: 157}, 13: {0: 191, 1: 150, 2: 161, 3: 171, 4: 165, 5: 179, 6: 160, 7: 172, 8: 158, 9: 160}, 14: {0: 170, 1: 173, 2: 182, 3: 157, 4: 158, 5: 159, 6: 171, 7: 148, 8: 176, 9: 173}, 15: {0: 172, 1: 182, 2: 152, 3: 169, 4: 165, 5: 162, 6: 158, 7: 169, 8: 170, 9: 168}, 16: {0: 174, 1: 169, 2: 167, 3: 166, 4: 159, 5: 175, 6: 159, 7: 168, 8: 152, 9: 178}, 17: {0: 161, 1: 161, 2: 188, 3: 154, 4: 190, 5: 152, 6: 146, 7: 162, 8: 180, 9: 173}, 18: {0: 174, 1: 161, 2: 164, 3: 153, 4: 162, 5: 185, 6: 186, 7: 141, 8: 180, 9: 161}, 19: {0: 163, 1: 170, 2: 159, 3: 152, 4: 159, 5: 171, 6: 179, 7: 162, 8: 187, 9: 165}, 20: {0: 149, 1: 167, 2: 158, 3: 173, 4: 171, 5: 175, 6: 170, 7: 181, 8: 172, 9: 150}, 21: {0: 162, 1: 148, 2: 184, 3: 161, 4: 186, 5: 156, 6: 156, 7: 209, 8: 156, 9: 148}, 22: {0: 173, 1: 176, 2: 157, 3: 161, 4: 173, 5: 150, 6: 177, 7: 182, 8: 150, 9: 167}, 23: {0: 177, 1: 172, 2: 152, 3: 173, 4: 179, 5: 156, 6: 175, 7: 170, 8: 155, 9: 157}, 24: {0: 167, 1: 185, 2: 152, 3: 153, 4: 179, 5: 162, 6: 170, 7: 154, 8: 153, 9: 191}, 25: {0: 193, 1: 178, 2: 173, 3: 156, 4: 159, 5: 172, 6: 172, 7: 144, 8: 147, 9: 172}, 26: {0: 167, 1: 172, 2: 184, 3: 165, 4: 166, 5: 166, 6: 144, 7: 166, 8: 168, 9: 168}, 27: {0: 152, 1: 170, 2: 172, 3: 170, 4: 172, 5: 165, 6: 176, 7: 175, 8: 171, 9: 143}, 28: {0: 155, 1: 173, 2: 168, 3: 167, 4: 175, 5: 174, 6: 165, 7: 164, 8: 157, 9: 168}, 29: {0: 157, 1: 166, 2: 164, 3: 186, 4: 162, 5: 156, 6: 178, 7: 164, 8: 158, 9: 175}}
09-20 02:50 DEBUG    **************************************************
09-20 02:50 DEBUG    Running experiments 

09-20 02:51 DEBUG    Uniform ensemble (Train acc): 0.386180
09-20 02:51 DEBUG    Uniform ensemble (Test acc): 0.386100
09-20 02:51 DEBUG    FedAvg (Train acc): 0.100000
09-20 02:51 DEBUG    FedAvg (Test acc): 0.100000
09-20 03:07 DEBUG    ****** PDM_KL matching ******** 
09-20 03:07 DEBUG    Best Sigma0: 10. Best sigma: 1 Best gamma: 10. Best Test accuracy: 0.3614. Train acc: 0.36518. 

09-20 03:07 DEBUG    PDM_KL log: {(10, 1, 10): {'shapes': [(3072, 700), (700,), (700, 10), (10,)], 'train_accuracy': 0.36518, 'test_accuracy': 0.3614}} 
09-20 03:43 DEBUG    ****** PDM_KL matching ******** 
09-20 03:43 DEBUG    Best Sigma0: 10. Best sigma: 1 Best gamma: 10. Best Test accuracy: 0.3667. Train acc: 0.37232. 

09-20 03:43 DEBUG    PDM_KL log: {(10, 1, 10): {'shapes': [(3072, 700), (700,), (700, 10), (10,)], 'train_accuracy': 0.37232, 'test_accuracy': 0.3667}} 
09-20 04:19 DEBUG    ****** PDM_KL matching ******** 
09-20 04:19 DEBUG    Best Sigma0: 10. Best sigma: 1 Best gamma: 10. Best Test accuracy: 0.3723. Train acc: 0.37594. 

09-20 04:19 DEBUG    PDM_KL log: {(10, 1, 10): {'shapes': [(3072, 700), (700,), (700, 10), (10,)], 'train_accuracy': 0.37594, 'test_accuracy': 0.3723}} 
09-20 04:50 DEBUG    ****** PDM_KL matching ******** 
09-20 04:50 DEBUG    Best Sigma0: 10. Best sigma: 1 Best gamma: 10. Best Test accuracy: 0.369. Train acc: 0.37234. 

09-20 04:50 DEBUG    PDM_KL log: {(10, 1, 10): {'shapes': [(3072, 700), (700,), (700, 10), (10,)], 'train_accuracy': 0.37234, 'test_accuracy': 0.369}} 
09-20 05:23 DEBUG    ****** PDM_KL matching ******** 
09-20 05:23 DEBUG    Best Sigma0: 10. Best sigma: 1 Best gamma: 10. Best Test accuracy: 0.3703. Train acc: 0.37428. 

09-20 05:23 DEBUG    PDM_KL log: {(10, 1, 10): {'shapes': [(3072, 700), (700,), (700, 10), (10,)], 'train_accuracy': 0.37428, 'test_accuracy': 0.3703}} 
09-20 05:59 DEBUG    ****** PDM_KL matching ******** 
09-20 05:59 DEBUG    Best Sigma0: 10. Best sigma: 1 Best gamma: 10. Best Test accuracy: 0.3694. Train acc: 0.37222. 

09-20 05:59 DEBUG    PDM_KL log: {(10, 1, 10): {'shapes': [(3072, 700), (700,), (700, 10), (10,)], 'train_accuracy': 0.37222, 'test_accuracy': 0.3694}} 
09-20 06:34 DEBUG    ****** PDM_KL matching ******** 
09-20 06:34 DEBUG    Best Sigma0: 10. Best sigma: 1 Best gamma: 10. Best Test accuracy: 0.3579. Train acc: 0.3644. 

09-20 06:34 DEBUG    PDM_KL log: {(10, 1, 10): {'shapes': [(3072, 700), (700,), (700, 10), (10,)], 'train_accuracy': 0.3644, 'test_accuracy': 0.3579}} 
09-20 06:53 DEBUG    ****** PDM_KL matching ******** 
09-20 06:53 DEBUG    Best Sigma0: 10. Best sigma: 1 Best gamma: 10. Best Test accuracy: 0.2981. Train acc: 0.30492. 

09-20 06:53 DEBUG    PDM_KL log: {(10, 1, 10): {'shapes': [(3072, 361), (361,), (361, 10), (10,)], 'train_accuracy': 0.30492, 'test_accuracy': 0.2981}} 
09-20 06:59 DEBUG    ****** PDM_KL matching ******** 
09-20 06:59 DEBUG    Best Sigma0: 10. Best sigma: 1 Best gamma: 10. Best Test accuracy: 0.1662. Train acc: 0.16418. 

09-20 06:59 DEBUG    PDM_KL log: {(10, 1, 10): {'shapes': [(3072, 117), (117,), (117, 10), (10,)], 'train_accuracy': 0.16418, 'test_accuracy': 0.1662}} 
09-20 07:04 DEBUG    ****** PDM_KL matching ******** 
09-20 07:04 DEBUG    Best Sigma0: 10. Best sigma: 1 Best gamma: 10. Best Test accuracy: 0.1. Train acc: 0.1. 

09-20 07:04 DEBUG    PDM_KL log: {(10, 1, 10): {'shapes': [(3072, 112), (112,), (112, 10), (10,)], 'train_accuracy': 0.1, 'test_accuracy': 0.1}} 
09-20 07:09 DEBUG    ****** PDM_KL matching ******** 
09-20 07:09 DEBUG    Best Sigma0: 10. Best sigma: 1 Best gamma: 10. Best Test accuracy: 0.1. Train acc: 0.1. 

09-20 07:09 DEBUG    PDM_KL log: {(10, 1, 10): {'shapes': [(3072, 115), (115,), (115, 10), (10,)], 'train_accuracy': 0.1, 'test_accuracy': 0.1}} 
09-20 07:09 DEBUG    Trial 7 completed
09-20 07:09 DEBUG    ####################################################################################################
09-20 07:09 DEBUG    ####################################################################################################
09-20 07:09 DEBUG    Executing Trial 8 with seed 8
09-20 07:09 DEBUG    Data statistics: {0: {0: 161, 1: 174, 2: 165, 3: 163, 4: 176, 5: 168, 6: 177, 7: 158, 8: 157, 9: 168}, 1: {0: 175, 1: 152, 2: 177, 3: 165, 4: 183, 5: 167, 6: 161, 7: 147, 8: 163, 9: 177}, 2: {0: 182, 1: 170, 2: 148, 3: 186, 4: 154, 5: 172, 6: 173, 7: 157, 8: 141, 9: 184}, 3: {0: 182, 1: 168, 2: 156, 3: 166, 4: 181, 5: 166, 6: 180, 7: 171, 8: 140, 9: 157}, 4: {0: 166, 1: 171, 2: 169, 3: 159, 4: 164, 5: 159, 6: 167, 7: 173, 8: 160, 9: 179}, 5: {0: 174, 1: 171, 2: 178, 3: 165, 4: 156, 5: 156, 6: 174, 7: 152, 8: 171, 9: 170}, 6: {0: 151, 1: 172, 2: 148, 3: 153, 4: 166, 5: 180, 6: 157, 7: 192, 8: 174, 9: 174}, 7: {0: 158, 1: 159, 2: 173, 3: 157, 4: 167, 5: 169, 6: 179, 7: 149, 8: 194, 9: 162}, 8: {0: 166, 1: 168, 2: 153, 3: 166, 4: 161, 5: 182, 6: 168, 7: 167, 8: 158, 9: 178}, 9: {0: 164, 1: 178, 2: 161, 3: 155, 4: 169, 5: 166, 6: 149, 7: 170, 8: 186, 9: 169}, 10: {0: 162, 1: 162, 2: 161, 3: 185, 4: 172, 5: 152, 6: 152, 7: 166, 8: 185, 9: 170}, 11: {0: 165, 1: 175, 2: 184, 3: 161, 4: 166, 5: 181, 6: 179, 7: 151, 8: 150, 9: 155}, 12: {0: 149, 1: 134, 2: 172, 3: 169, 4: 174, 5: 167, 6: 171, 7: 181, 8: 198, 9: 152}, 13: {0: 175, 1: 174, 2: 173, 3: 156, 4: 169, 5: 164, 6: 156, 7: 163, 8: 165, 9: 172}, 14: {0: 178, 1: 155, 2: 150, 3: 171, 4: 177, 5: 156, 6: 157, 7: 198, 8: 171, 9: 154}, 15: {0: 146, 1: 177, 2: 162, 3: 176, 4: 168, 5: 173, 6: 166, 7: 145, 8: 178, 9: 176}, 16: {0: 162, 1: 167, 2: 160, 3: 158, 4: 164, 5: 159, 6: 171, 7: 167, 8: 174, 9: 185}, 17: {0: 167, 1: 158, 2: 171, 3: 149, 4: 180, 5: 180, 6: 183, 7: 156, 8: 149, 9: 174}, 18: {0: 174, 1: 176, 2: 166, 3: 163, 4: 175, 5: 162, 6: 153, 7: 153, 8: 183, 9: 162}, 19: {0: 149, 1: 165, 2: 179, 3: 168, 4: 182, 5: 165, 6: 173, 7: 178, 8: 157, 9: 151}, 20: {0: 169, 1: 177, 2: 185, 3: 172, 4: 151, 5: 152, 6: 166, 7: 159, 8: 160, 9: 175}, 21: {0: 169, 1: 189, 2: 165, 3: 181, 4: 155, 5: 168, 6: 148, 7: 155, 8: 183, 9: 153}, 22: {0: 148, 1: 159, 2: 194, 3: 164, 4: 166, 5: 162, 6: 159, 7: 170, 8: 167, 9: 177}, 23: {0: 169, 1: 152, 2: 159, 3: 179, 4: 163, 5: 161, 6: 182, 7: 180, 8: 180, 9: 141}, 24: {0: 159, 1: 177, 2: 165, 3: 152, 4: 166, 5: 160, 6: 185, 7: 170, 8: 161, 9: 171}, 25: {0: 167, 1: 169, 2: 147, 3: 172, 4: 172, 5: 158, 6: 160, 7: 196, 8: 167, 9: 158}, 26: {0: 182, 1: 165, 2: 155, 3: 178, 4: 158, 5: 191, 6: 168, 7: 151, 8: 136, 9: 182}, 27: {0: 167, 1: 147, 2: 159, 3: 183, 4: 145, 5: 193, 6: 161, 7: 175, 8: 167, 9: 169}, 28: {0: 173, 1: 172, 2: 176, 3: 170, 4: 161, 5: 157, 6: 168, 7: 185, 8: 172, 9: 132}, 29: {0: 191, 1: 167, 2: 189, 3: 158, 4: 159, 5: 154, 6: 157, 7: 165, 8: 153, 9: 173}}
09-20 07:11 DEBUG    **************************************************
09-20 07:11 DEBUG    Running experiments 

09-20 07:11 DEBUG    Uniform ensemble (Train acc): 0.383720
09-20 07:11 DEBUG    Uniform ensemble (Test acc): 0.376700
09-20 07:11 DEBUG    FedAvg (Train acc): 0.100000
09-20 07:11 DEBUG    FedAvg (Test acc): 0.100000
09-20 07:26 DEBUG    ****** PDM_KL matching ******** 
09-20 07:26 DEBUG    Best Sigma0: 10. Best sigma: 1 Best gamma: 10. Best Test accuracy: 0.3479. Train acc: 0.35658. 

09-20 07:26 DEBUG    PDM_KL log: {(10, 1, 10): {'shapes': [(3072, 700), (700,), (700, 10), (10,)], 'train_accuracy': 0.35658, 'test_accuracy': 0.3479}} 
09-20 07:53 DEBUG    ****** PDM_KL matching ******** 
09-20 07:53 DEBUG    Best Sigma0: 10. Best sigma: 1 Best gamma: 10. Best Test accuracy: 0.3501. Train acc: 0.35626. 

09-20 07:53 DEBUG    PDM_KL log: {(10, 1, 10): {'shapes': [(3072, 700), (700,), (700, 10), (10,)], 'train_accuracy': 0.35626, 'test_accuracy': 0.3501}} 
09-20 08:04 DEBUG    ****** PDM_KL matching ******** 
09-20 08:04 DEBUG    Best Sigma0: 10. Best sigma: 1 Best gamma: 10. Best Test accuracy: 0.3524. Train acc: 0.36306. 

09-20 08:04 DEBUG    PDM_KL log: {(10, 1, 10): {'shapes': [(3072, 700), (700,), (700, 10), (10,)], 'train_accuracy': 0.36306, 'test_accuracy': 0.3524}} 
09-20 08:12 DEBUG    ****** PDM_KL matching ******** 
09-20 08:12 DEBUG    Best Sigma0: 10. Best sigma: 1 Best gamma: 10. Best Test accuracy: 0.344. Train acc: 0.352. 

09-20 08:12 DEBUG    PDM_KL log: {(10, 1, 10): {'shapes': [(3072, 700), (700,), (700, 10), (10,)], 'train_accuracy': 0.352, 'test_accuracy': 0.344}} 
09-20 08:20 DEBUG    ****** PDM_KL matching ******** 
09-20 08:20 DEBUG    Best Sigma0: 10. Best sigma: 1 Best gamma: 10. Best Test accuracy: 0.3376. Train acc: 0.34412. 

09-20 08:20 DEBUG    PDM_KL log: {(10, 1, 10): {'shapes': [(3072, 700), (700,), (700, 10), (10,)], 'train_accuracy': 0.34412, 'test_accuracy': 0.3376}} 
09-20 08:29 DEBUG    ****** PDM_KL matching ******** 
09-20 08:29 DEBUG    Best Sigma0: 10. Best sigma: 1 Best gamma: 10. Best Test accuracy: 0.3624. Train acc: 0.37126. 

09-20 08:29 DEBUG    PDM_KL log: {(10, 1, 10): {'shapes': [(3072, 700), (700,), (700, 10), (10,)], 'train_accuracy': 0.37126, 'test_accuracy': 0.3624}} 
09-20 08:37 DEBUG    ****** PDM_KL matching ******** 
09-20 08:37 DEBUG    Best Sigma0: 10. Best sigma: 1 Best gamma: 10. Best Test accuracy: 0.3567. Train acc: 0.3593. 

09-20 08:37 DEBUG    PDM_KL log: {(10, 1, 10): {'shapes': [(3072, 700), (700,), (700, 10), (10,)], 'train_accuracy': 0.3593, 'test_accuracy': 0.3567}} 
09-20 08:41 DEBUG    ****** PDM_KL matching ******** 
09-20 08:41 DEBUG    Best Sigma0: 10. Best sigma: 1 Best gamma: 10. Best Test accuracy: 0.2994. Train acc: 0.3009. 

09-20 08:41 DEBUG    PDM_KL log: {(10, 1, 10): {'shapes': [(3072, 361), (361,), (361, 10), (10,)], 'train_accuracy': 0.3009, 'test_accuracy': 0.2994}} 
09-20 08:43 DEBUG    ****** PDM_KL matching ******** 
09-20 08:43 DEBUG    Best Sigma0: 10. Best sigma: 1 Best gamma: 10. Best Test accuracy: 0.2341. Train acc: 0.23012. 

09-20 08:43 DEBUG    PDM_KL log: {(10, 1, 10): {'shapes': [(3072, 119), (119,), (119, 10), (10,)], 'train_accuracy': 0.23012, 'test_accuracy': 0.2341}} 
09-20 08:44 DEBUG    ****** PDM_KL matching ******** 
09-20 08:44 DEBUG    Best Sigma0: 10. Best sigma: 1 Best gamma: 10. Best Test accuracy: 0.1. Train acc: 0.1. 

09-20 08:44 DEBUG    PDM_KL log: {(10, 1, 10): {'shapes': [(3072, 112), (112,), (112, 10), (10,)], 'train_accuracy': 0.1, 'test_accuracy': 0.1}} 
09-20 08:46 DEBUG    ****** PDM_KL matching ******** 
09-20 08:46 DEBUG    Best Sigma0: 10. Best sigma: 1 Best gamma: 10. Best Test accuracy: 0.1. Train acc: 0.1. 

09-20 08:46 DEBUG    PDM_KL log: {(10, 1, 10): {'shapes': [(3072, 110), (110,), (110, 10), (10,)], 'train_accuracy': 0.1, 'test_accuracy': 0.1}} 
09-20 08:46 DEBUG    Trial 8 completed
09-20 08:46 DEBUG    ####################################################################################################
09-20 08:46 DEBUG    ####################################################################################################
09-20 08:46 DEBUG    Executing Trial 9 with seed 9
09-20 08:46 DEBUG    Data statistics: {0: {0: 153, 1: 161, 2: 161, 3: 168, 4: 187, 5: 167, 6: 171, 7: 162, 8: 158, 9: 179}, 1: {0: 167, 1: 153, 2: 167, 3: 175, 4: 158, 5: 178, 6: 153, 7: 175, 8: 177, 9: 164}, 2: {0: 170, 1: 169, 2: 168, 3: 158, 4: 171, 5: 168, 6: 184, 7: 149, 8: 169, 9: 161}, 3: {0: 162, 1: 176, 2: 165, 3: 154, 4: 162, 5: 177, 6: 154, 7: 165, 8: 169, 9: 183}, 4: {0: 182, 1: 169, 2: 167, 3: 151, 4: 158, 5: 156, 6: 168, 7: 185, 8: 179, 9: 152}, 5: {0: 169, 1: 156, 2: 175, 3: 171, 4: 176, 5: 143, 6: 172, 7: 152, 8: 160, 9: 193}, 6: {0: 184, 1: 156, 2: 169, 3: 168, 4: 151, 5: 162, 6: 173, 7: 177, 8: 152, 9: 175}, 7: {0: 187, 1: 161, 2: 167, 3: 166, 4: 167, 5: 171, 6: 164, 7: 168, 8: 158, 9: 158}, 8: {0: 151, 1: 159, 2: 181, 3: 152, 4: 182, 5: 168, 6: 183, 7: 136, 8: 188, 9: 167}, 9: {0: 166, 1: 181, 2: 176, 3: 179, 4: 145, 5: 169, 6: 158, 7: 178, 8: 182, 9: 133}, 10: {0: 158, 1: 158, 2: 176, 3: 154, 4: 154, 5: 167, 6: 179, 7: 177, 8: 160, 9: 184}, 11: {0: 172, 1: 163, 2: 168, 3: 156, 4: 172, 5: 165, 6: 164, 7: 182, 8: 154, 9: 171}, 12: {0: 170, 1: 163, 2: 159, 3: 188, 4: 182, 5: 157, 6: 177, 7: 173, 8: 168, 9: 130}, 13: {0: 169, 1: 181, 2: 187, 3: 154, 4: 166, 5: 161, 6: 160, 7: 160, 8: 151, 9: 178}, 14: {0: 168, 1: 178, 2: 167, 3: 165, 4: 183, 5: 164, 6: 159, 7: 173, 8: 147, 9: 163}, 15: {0: 162, 1: 169, 2: 169, 3: 166, 4: 178, 5: 164, 6: 149, 7: 162, 8: 164, 9: 184}, 16: {0: 169, 1: 176, 2: 161, 3: 152, 4: 179, 5: 162, 6: 173, 7: 153, 8: 166, 9: 176}, 17: {0: 167, 1: 165, 2: 169, 3: 148, 4: 183, 5: 196, 6: 173, 7: 153, 8: 153, 9: 160}, 18: {0: 134, 1: 181, 2: 162, 3: 183, 4: 156, 5: 168, 6: 171, 7: 176, 8: 175, 9: 161}, 19: {0: 155, 1: 206, 2: 149, 3: 170, 4: 169, 5: 180, 6: 170, 7: 153, 8: 163, 9: 152}, 20: {0: 189, 1: 182, 2: 169, 3: 182, 4: 159, 5: 141, 6: 145, 7: 170, 8: 174, 9: 155}, 21: {0: 153, 1: 139, 2: 155, 3: 183, 4: 169, 5: 172, 6: 162, 7: 193, 8: 178, 9: 162}, 22: {0: 159, 1: 164, 2: 168, 3: 175, 4: 147, 5: 156, 6: 181, 7: 159, 8: 175, 9: 182}, 23: {0: 174, 1: 156, 2: 169, 3: 158, 4: 176, 5: 170, 6: 168, 7: 164, 8: 170, 9: 161}, 24: {0: 152, 1: 157, 2: 167, 3: 185, 4: 157, 5: 175, 6: 145, 7: 184, 8: 182, 9: 162}, 25: {0: 169, 1: 168, 2: 147, 3: 177, 4: 152, 5: 172, 6: 166, 7: 178, 8: 158, 9: 179}, 26: {0: 189, 1: 170, 2: 165, 3: 176, 4: 154, 5: 165, 6: 158, 7: 149, 8: 159, 9: 181}, 27: {0: 179, 1: 154, 2: 163, 3: 156, 4: 169, 5: 153, 6: 183, 7: 174, 8: 173, 9: 162}, 28: {0: 160, 1: 165, 2: 165, 3: 171, 4: 165, 5: 180, 6: 174, 7: 148, 8: 169, 9: 169}, 29: {0: 161, 1: 164, 2: 169, 3: 159, 4: 173, 5: 173, 6: 163, 7: 172, 8: 169, 9: 163}}
09-20 08:46 DEBUG    **************************************************
09-20 08:46 DEBUG    Running experiments 

09-20 08:47 DEBUG    Uniform ensemble (Train acc): 0.386520
09-20 08:47 DEBUG    Uniform ensemble (Test acc): 0.381400
09-20 08:47 DEBUG    FedAvg (Train acc): 0.100000
09-20 08:47 DEBUG    FedAvg (Test acc): 0.100000
09-20 08:50 DEBUG    ****** PDM_KL matching ******** 
09-20 08:50 DEBUG    Best Sigma0: 10. Best sigma: 1 Best gamma: 10. Best Test accuracy: 0.3574. Train acc: 0.3593. 

09-20 08:50 DEBUG    PDM_KL log: {(10, 1, 10): {'shapes': [(3072, 700), (700,), (700, 10), (10,)], 'train_accuracy': 0.3593, 'test_accuracy': 0.3574}} 
09-20 08:59 DEBUG    ****** PDM_KL matching ******** 
09-20 08:59 DEBUG    Best Sigma0: 10. Best sigma: 1 Best gamma: 10. Best Test accuracy: 0.3538. Train acc: 0.35848. 

09-20 08:59 DEBUG    PDM_KL log: {(10, 1, 10): {'shapes': [(3072, 700), (700,), (700, 10), (10,)], 'train_accuracy': 0.35848, 'test_accuracy': 0.3538}} 
09-20 09:07 DEBUG    ****** PDM_KL matching ******** 
09-20 09:07 DEBUG    Best Sigma0: 10. Best sigma: 1 Best gamma: 10. Best Test accuracy: 0.346. Train acc: 0.34894. 

09-20 09:07 DEBUG    PDM_KL log: {(10, 1, 10): {'shapes': [(3072, 700), (700,), (700, 10), (10,)], 'train_accuracy': 0.34894, 'test_accuracy': 0.346}} 
09-20 09:16 DEBUG    ****** PDM_KL matching ******** 
09-20 09:16 DEBUG    Best Sigma0: 10. Best sigma: 1 Best gamma: 10. Best Test accuracy: 0.3412. Train acc: 0.34468. 

09-20 09:16 DEBUG    PDM_KL log: {(10, 1, 10): {'shapes': [(3072, 700), (700,), (700, 10), (10,)], 'train_accuracy': 0.34468, 'test_accuracy': 0.3412}} 
09-20 09:24 DEBUG    ****** PDM_KL matching ******** 
09-20 09:24 DEBUG    Best Sigma0: 10. Best sigma: 1 Best gamma: 10. Best Test accuracy: 0.365. Train acc: 0.36718. 

09-20 09:24 DEBUG    PDM_KL log: {(10, 1, 10): {'shapes': [(3072, 700), (700,), (700, 10), (10,)], 'train_accuracy': 0.36718, 'test_accuracy': 0.365}} 
09-20 09:32 DEBUG    ****** PDM_KL matching ******** 
09-20 09:32 DEBUG    Best Sigma0: 10. Best sigma: 1 Best gamma: 10. Best Test accuracy: 0.3593. Train acc: 0.36482. 

09-20 09:32 DEBUG    PDM_KL log: {(10, 1, 10): {'shapes': [(3072, 700), (700,), (700, 10), (10,)], 'train_accuracy': 0.36482, 'test_accuracy': 0.3593}} 
09-20 09:40 DEBUG    ****** PDM_KL matching ******** 
09-20 09:40 DEBUG    Best Sigma0: 10. Best sigma: 1 Best gamma: 10. Best Test accuracy: 0.3704. Train acc: 0.37326. 

09-20 09:40 DEBUG    PDM_KL log: {(10, 1, 10): {'shapes': [(3072, 700), (700,), (700, 10), (10,)], 'train_accuracy': 0.37326, 'test_accuracy': 0.3704}} 
09-20 09:44 DEBUG    ****** PDM_KL matching ******** 
09-20 09:44 DEBUG    Best Sigma0: 10. Best sigma: 1 Best gamma: 10. Best Test accuracy: 0.3084. Train acc: 0.31028. 

09-20 09:44 DEBUG    PDM_KL log: {(10, 1, 10): {'shapes': [(3072, 361), (361,), (361, 10), (10,)], 'train_accuracy': 0.31028, 'test_accuracy': 0.3084}} 
09-20 09:46 DEBUG    ****** PDM_KL matching ******** 
09-20 09:46 DEBUG    Best Sigma0: 10. Best sigma: 1 Best gamma: 10. Best Test accuracy: 0.1994. Train acc: 0.19676. 

09-20 09:46 DEBUG    PDM_KL log: {(10, 1, 10): {'shapes': [(3072, 112), (112,), (112, 10), (10,)], 'train_accuracy': 0.19676, 'test_accuracy': 0.1994}} 
09-20 09:47 DEBUG    ****** PDM_KL matching ******** 
09-20 09:47 DEBUG    Best Sigma0: 10. Best sigma: 1 Best gamma: 10. Best Test accuracy: 0.1. Train acc: 0.1. 

09-20 09:47 DEBUG    PDM_KL log: {(10, 1, 10): {'shapes': [(3072, 108), (108,), (108, 10), (10,)], 'train_accuracy': 0.1, 'test_accuracy': 0.1}} 
09-20 09:48 DEBUG    ****** PDM_KL matching ******** 
09-20 09:48 DEBUG    Best Sigma0: 10. Best sigma: 1 Best gamma: 10. Best Test accuracy: 0.1. Train acc: 0.1. 

09-20 09:48 DEBUG    PDM_KL log: {(10, 1, 10): {'shapes': [(3072, 110), (110,), (110, 10), (10,)], 'train_accuracy': 0.1, 'test_accuracy': 0.1}} 
09-20 09:48 DEBUG    Trial 9 completed
09-20 09:48 DEBUG    ####################################################################################################
