09-12 12:03 DEBUG    Experiment arguments: Namespace(alpha=0.5, communication_rounds=None, datadir='data/cifar10', dataset='cifar10', device=1.0, dropout_p=0.0, epochs=10, experiment=['all'], init_seed=0, iter_epochs=5, layers=0, loaddir='saved_weights/cifar10/hetero-dir', logdir='KL_regs/cifar10/hetero-dir', lr=0.01, lr_decay=1.0, n=30, n_layers=1, n_nets=5, net_config=[3072, 100, 10], num_pool_workers=7, partition='hetero-dir', pdm_gamma=1.0, pdm_sig=1.0, pdm_sig0=1.0, reg=1e-06, reg_fac=0.0, trials=10)
09-12 12:03 DEBUG    ####################################################################################################
09-12 12:03 DEBUG    Executing Trial 0 with seed 0
09-12 12:03 DEBUG    Data statistics: {0: {0: 2538, 1: 2206, 2: 409, 3: 3154, 4: 40, 5: 178, 6: 387, 7: 128, 8: 2363}, 1: {0: 43, 1: 215, 2: 202, 3: 1423, 4: 1777, 5: 2276, 6: 1, 7: 498, 8: 446, 9: 878}, 2: {0: 23, 1: 1517, 2: 1244, 3: 192, 4: 2349, 5: 208, 6: 259, 7: 2175, 8: 682, 9: 114}, 3: {0: 1053, 1: 1004, 2: 2473, 4: 108, 5: 512, 6: 897, 7: 1057, 8: 1368, 9: 2583}, 4: {0: 1343, 1: 58, 2: 672, 3: 231, 4: 726, 5: 1826, 6: 3456, 7: 1142, 8: 141, 9: 1425}}
09-12 12:04 DEBUG    **************************************************
09-12 12:04 DEBUG    Running experiments 

09-12 12:04 DEBUG    Uniform ensemble (Train acc): 0.454120
09-12 12:04 DEBUG    Uniform ensemble (Test acc): 0.438100
09-12 12:04 DEBUG    FedAvg (Train acc): 0.138000
09-12 12:04 DEBUG    FedAvg (Test acc): 0.137400
09-12 12:06 DEBUG    ****** PDM_KL matching ******** 
09-12 12:06 DEBUG    Best Sigma0: 0.5. Best sigma: 1 Best gamma: 10. Best Test accuracy: 0.3182. Train acc: 0.32852. 

09-12 12:06 DEBUG    PDM_KL log: {(0.5, 1, 10): {'shapes': [(3072, 295), (295,), (295, 10), (10,)], 'train_accuracy': 0.32852, 'test_accuracy': 0.3182}} 
09-12 12:13 DEBUG    ****** PDM_KL matching ******** 
09-12 12:13 DEBUG    Best Sigma0: 0.5. Best sigma: 1 Best gamma: 10. Best Test accuracy: 0.3184. Train acc: 0.32938. 

09-12 12:13 DEBUG    PDM_KL log: {(0.5, 1, 10): {'shapes': [(3072, 298), (298,), (298, 10), (10,)], 'train_accuracy': 0.32938, 'test_accuracy': 0.3184}} 
09-12 12:20 DEBUG    ****** PDM_KL matching ******** 
09-12 12:20 DEBUG    Best Sigma0: 0.5. Best sigma: 1 Best gamma: 10. Best Test accuracy: 0.3216. Train acc: 0.33212. 

09-12 12:20 DEBUG    PDM_KL log: {(0.5, 1, 10): {'shapes': [(3072, 294), (294,), (294, 10), (10,)], 'train_accuracy': 0.33212, 'test_accuracy': 0.3216}} 
09-12 12:28 DEBUG    ****** PDM_KL matching ******** 
09-12 12:28 DEBUG    Best Sigma0: 0.5. Best sigma: 1 Best gamma: 10. Best Test accuracy: 0.3184. Train acc: 0.32934. 

09-12 12:28 DEBUG    PDM_KL log: {(0.5, 1, 10): {'shapes': [(3072, 296), (296,), (296, 10), (10,)], 'train_accuracy': 0.32934, 'test_accuracy': 0.3184}} 
09-12 12:37 DEBUG    ****** PDM_KL matching ******** 
09-12 12:37 DEBUG    Best Sigma0: 0.5. Best sigma: 1 Best gamma: 10. Best Test accuracy: 0.3161. Train acc: 0.32918. 

09-12 12:37 DEBUG    PDM_KL log: {(0.5, 1, 10): {'shapes': [(3072, 301), (301,), (301, 10), (10,)], 'train_accuracy': 0.32918, 'test_accuracy': 0.3161}} 
09-12 12:45 DEBUG    ****** PDM_KL matching ******** 
09-12 12:45 DEBUG    Best Sigma0: 0.5. Best sigma: 1 Best gamma: 10. Best Test accuracy: 0.3173. Train acc: 0.32926. 

09-12 12:45 DEBUG    PDM_KL log: {(0.5, 1, 10): {'shapes': [(3072, 302), (302,), (302, 10), (10,)], 'train_accuracy': 0.32926, 'test_accuracy': 0.3173}} 
09-12 12:53 DEBUG    ****** PDM_KL matching ******** 
09-12 12:53 DEBUG    Best Sigma0: 0.5. Best sigma: 1 Best gamma: 10. Best Test accuracy: 0.3236. Train acc: 0.33812. 

09-12 12:53 DEBUG    PDM_KL log: {(0.5, 1, 10): {'shapes': [(3072, 309), (309,), (309, 10), (10,)], 'train_accuracy': 0.33812, 'test_accuracy': 0.3236}} 
09-12 13:03 DEBUG    ****** PDM_KL matching ******** 
09-12 13:03 DEBUG    Best Sigma0: 0.5. Best sigma: 1 Best gamma: 10. Best Test accuracy: 0.3245. Train acc: 0.339. 

09-12 13:03 DEBUG    PDM_KL log: {(0.5, 1, 10): {'shapes': [(3072, 337), (337,), (337, 10), (10,)], 'train_accuracy': 0.339, 'test_accuracy': 0.3245}} 
09-12 13:12 DEBUG    ****** PDM_KL matching ******** 
09-12 13:12 DEBUG    Best Sigma0: 0.5. Best sigma: 1 Best gamma: 10. Best Test accuracy: 0.3248. Train acc: 0.3392. 

09-12 13:12 DEBUG    PDM_KL log: {(0.5, 1, 10): {'shapes': [(3072, 368), (368,), (368, 10), (10,)], 'train_accuracy': 0.3392, 'test_accuracy': 0.3248}} 
09-12 13:22 DEBUG    ****** PDM_KL matching ******** 
09-12 13:22 DEBUG    Best Sigma0: 0.5. Best sigma: 1 Best gamma: 10. Best Test accuracy: 0.3469. Train acc: 0.35608. 

09-12 13:22 DEBUG    PDM_KL log: {(0.5, 1, 10): {'shapes': [(3072, 378), (378,), (378, 10), (10,)], 'train_accuracy': 0.35608, 'test_accuracy': 0.3469}} 
09-12 13:31 DEBUG    ****** PDM_KL matching ******** 
09-12 13:31 DEBUG    Best Sigma0: 0.5. Best sigma: 1 Best gamma: 10. Best Test accuracy: 0.2032. Train acc: 0.20676. 

09-12 13:31 DEBUG    PDM_KL log: {(0.5, 1, 10): {'shapes': [(3072, 241), (241,), (241, 10), (10,)], 'train_accuracy': 0.20676, 'test_accuracy': 0.2032}} 
09-12 13:31 DEBUG    Trial 0 completed
09-12 13:31 DEBUG    ####################################################################################################
09-12 13:31 DEBUG    ####################################################################################################
09-12 13:31 DEBUG    Executing Trial 1 with seed 1
09-12 13:31 DEBUG    Data statistics: {0: {0: 156, 1: 709, 2: 301, 3: 2629, 4: 20, 5: 651, 6: 915, 7: 113, 8: 180, 9: 2133}, 1: {0: 1771, 1: 2695, 2: 1251, 3: 1407, 4: 665, 5: 314, 6: 1419, 7: 3469}, 2: {0: 236, 1: 15, 2: 1715, 3: 76, 4: 1304, 5: 34, 6: 1773, 7: 75, 8: 3289, 9: 2360}, 3: {0: 2809, 1: 575, 2: 157, 3: 853, 4: 2555, 5: 2557, 6: 203, 7: 1213}, 4: {0: 28, 1: 1006, 2: 1576, 3: 35, 4: 456, 5: 1444, 6: 690, 7: 130, 8: 1531, 9: 507}}
09-12 13:33 DEBUG    **************************************************
09-12 13:33 DEBUG    Running experiments 

09-12 13:34 DEBUG    Uniform ensemble (Train acc): 0.431760
09-12 13:34 DEBUG    Uniform ensemble (Test acc): 0.422100
09-12 13:34 DEBUG    FedAvg (Train acc): 0.116820
09-12 13:34 DEBUG    FedAvg (Test acc): 0.115900
09-12 13:38 DEBUG    ****** PDM_KL matching ******** 
09-12 13:38 DEBUG    Best Sigma0: 0.5. Best sigma: 1 Best gamma: 10. Best Test accuracy: 0.3346. Train acc: 0.34006. 

09-12 13:38 DEBUG    PDM_KL log: {(0.5, 1, 10): {'shapes': [(3072, 292), (292,), (292, 10), (10,)], 'train_accuracy': 0.34006, 'test_accuracy': 0.3346}} 
09-12 13:47 DEBUG    ****** PDM_KL matching ******** 
09-12 13:47 DEBUG    Best Sigma0: 0.5. Best sigma: 1 Best gamma: 10. Best Test accuracy: 0.3339. Train acc: 0.33764. 

09-12 13:47 DEBUG    PDM_KL log: {(0.5, 1, 10): {'shapes': [(3072, 286), (286,), (286, 10), (10,)], 'train_accuracy': 0.33764, 'test_accuracy': 0.3339}} 
09-12 13:56 DEBUG    ****** PDM_KL matching ******** 
09-12 13:56 DEBUG    Best Sigma0: 0.5. Best sigma: 1 Best gamma: 10. Best Test accuracy: 0.3368. Train acc: 0.34062. 

09-12 13:56 DEBUG    PDM_KL log: {(0.5, 1, 10): {'shapes': [(3072, 294), (294,), (294, 10), (10,)], 'train_accuracy': 0.34062, 'test_accuracy': 0.3368}} 
09-12 14:04 DEBUG    ****** PDM_KL matching ******** 
09-12 14:04 DEBUG    Best Sigma0: 0.5. Best sigma: 1 Best gamma: 10. Best Test accuracy: 0.3363. Train acc: 0.34286. 

09-12 14:04 DEBUG    PDM_KL log: {(0.5, 1, 10): {'shapes': [(3072, 291), (291,), (291, 10), (10,)], 'train_accuracy': 0.34286, 'test_accuracy': 0.3363}} 
09-12 14:13 DEBUG    ****** PDM_KL matching ******** 
09-12 14:13 DEBUG    Best Sigma0: 0.5. Best sigma: 1 Best gamma: 10. Best Test accuracy: 0.3327. Train acc: 0.33568. 

09-12 14:13 DEBUG    PDM_KL log: {(0.5, 1, 10): {'shapes': [(3072, 290), (290,), (290, 10), (10,)], 'train_accuracy': 0.33568, 'test_accuracy': 0.3327}} 
09-12 14:22 DEBUG    ****** PDM_KL matching ******** 
09-12 14:22 DEBUG    Best Sigma0: 0.5. Best sigma: 1 Best gamma: 10. Best Test accuracy: 0.3345. Train acc: 0.33844. 

09-12 14:22 DEBUG    PDM_KL log: {(0.5, 1, 10): {'shapes': [(3072, 293), (293,), (293, 10), (10,)], 'train_accuracy': 0.33844, 'test_accuracy': 0.3345}} 
09-12 14:30 DEBUG    ****** PDM_KL matching ******** 
09-12 14:30 DEBUG    Best Sigma0: 0.5. Best sigma: 1 Best gamma: 10. Best Test accuracy: 0.3383. Train acc: 0.34378. 

09-12 14:30 DEBUG    PDM_KL log: {(0.5, 1, 10): {'shapes': [(3072, 308), (308,), (308, 10), (10,)], 'train_accuracy': 0.34378, 'test_accuracy': 0.3383}} 
09-12 14:40 DEBUG    ****** PDM_KL matching ******** 
09-12 14:40 DEBUG    Best Sigma0: 0.5. Best sigma: 1 Best gamma: 10. Best Test accuracy: 0.3419. Train acc: 0.34754. 

09-12 14:40 DEBUG    PDM_KL log: {(0.5, 1, 10): {'shapes': [(3072, 331), (331,), (331, 10), (10,)], 'train_accuracy': 0.34754, 'test_accuracy': 0.3419}} 
09-12 14:50 DEBUG    ****** PDM_KL matching ******** 
09-12 14:50 DEBUG    Best Sigma0: 0.5. Best sigma: 1 Best gamma: 10. Best Test accuracy: 0.3424. Train acc: 0.3479. 

09-12 14:50 DEBUG    PDM_KL log: {(0.5, 1, 10): {'shapes': [(3072, 372), (372,), (372, 10), (10,)], 'train_accuracy': 0.3479, 'test_accuracy': 0.3424}} 
09-12 14:59 DEBUG    ****** PDM_KL matching ******** 
09-12 14:59 DEBUG    Best Sigma0: 0.5. Best sigma: 1 Best gamma: 10. Best Test accuracy: 0.3502. Train acc: 0.35034. 

09-12 14:59 DEBUG    PDM_KL log: {(0.5, 1, 10): {'shapes': [(3072, 372), (372,), (372, 10), (10,)], 'train_accuracy': 0.35034, 'test_accuracy': 0.3502}} 
09-12 15:09 DEBUG    ****** PDM_KL matching ******** 
09-12 15:09 DEBUG    Best Sigma0: 0.5. Best sigma: 1 Best gamma: 10. Best Test accuracy: 0.2151. Train acc: 0.22048. 

09-12 15:09 DEBUG    PDM_KL log: {(0.5, 1, 10): {'shapes': [(3072, 248), (248,), (248, 10), (10,)], 'train_accuracy': 0.22048, 'test_accuracy': 0.2151}} 
09-12 15:09 DEBUG    Trial 1 completed
09-12 15:09 DEBUG    ####################################################################################################
09-12 15:09 DEBUG    ####################################################################################################
09-12 15:09 DEBUG    Executing Trial 2 with seed 2
09-12 15:09 DEBUG    Data statistics: {0: {0: 49, 1: 251, 2: 225, 3: 995, 4: 2, 5: 2707, 6: 3848, 7: 1118, 8: 2134}, 1: {0: 770, 1: 1609, 2: 115, 3: 68, 4: 306, 5: 225, 6: 212, 7: 3396, 8: 109, 9: 1502}, 2: {0: 1274, 1: 29, 2: 10, 3: 19, 4: 3296, 5: 1596, 6: 345, 7: 329, 8: 107, 9: 3389}, 3: {0: 656, 1: 2572, 2: 2628, 3: 73, 5: 472, 6: 595, 7: 157, 8: 2649, 9: 109}, 4: {0: 2251, 1: 539, 2: 2022, 3: 3845, 4: 1396, 8: 1}}
09-12 15:10 DEBUG    **************************************************
09-12 15:10 DEBUG    Running experiments 

09-12 15:11 DEBUG    Uniform ensemble (Train acc): 0.418640
09-12 15:11 DEBUG    Uniform ensemble (Test acc): 0.403900
09-12 15:11 DEBUG    FedAvg (Train acc): 0.107200
09-12 15:11 DEBUG    FedAvg (Test acc): 0.105900
09-12 15:15 DEBUG    ****** PDM_KL matching ******** 
09-12 15:15 DEBUG    Best Sigma0: 0.5. Best sigma: 1 Best gamma: 10. Best Test accuracy: 0.2821. Train acc: 0.28666. 

09-12 15:15 DEBUG    PDM_KL log: {(0.5, 1, 10): {'shapes': [(3072, 296), (296,), (296, 10), (10,)], 'train_accuracy': 0.28666, 'test_accuracy': 0.2821}} 
09-12 15:24 DEBUG    ****** PDM_KL matching ******** 
09-12 15:24 DEBUG    Best Sigma0: 0.5. Best sigma: 1 Best gamma: 10. Best Test accuracy: 0.2821. Train acc: 0.28624. 

09-12 15:24 DEBUG    PDM_KL log: {(0.5, 1, 10): {'shapes': [(3072, 296), (296,), (296, 10), (10,)], 'train_accuracy': 0.28624, 'test_accuracy': 0.2821}} 
09-12 15:32 DEBUG    ****** PDM_KL matching ******** 
09-12 15:32 DEBUG    Best Sigma0: 0.5. Best sigma: 1 Best gamma: 10. Best Test accuracy: 0.2832. Train acc: 0.28762. 

09-12 15:32 DEBUG    PDM_KL log: {(0.5, 1, 10): {'shapes': [(3072, 292), (292,), (292, 10), (10,)], 'train_accuracy': 0.28762, 'test_accuracy': 0.2832}} 
09-12 15:41 DEBUG    ****** PDM_KL matching ******** 
09-12 15:41 DEBUG    Best Sigma0: 0.5. Best sigma: 1 Best gamma: 10. Best Test accuracy: 0.2814. Train acc: 0.2867. 

09-12 15:41 DEBUG    PDM_KL log: {(0.5, 1, 10): {'shapes': [(3072, 296), (296,), (296, 10), (10,)], 'train_accuracy': 0.2867, 'test_accuracy': 0.2814}} 
09-12 15:50 DEBUG    ****** PDM_KL matching ******** 
09-12 15:50 DEBUG    Best Sigma0: 0.5. Best sigma: 1 Best gamma: 10. Best Test accuracy: 0.2829. Train acc: 0.28714. 

09-12 15:50 DEBUG    PDM_KL log: {(0.5, 1, 10): {'shapes': [(3072, 297), (297,), (297, 10), (10,)], 'train_accuracy': 0.28714, 'test_accuracy': 0.2829}} 
09-12 15:58 DEBUG    ****** PDM_KL matching ******** 
09-12 15:58 DEBUG    Best Sigma0: 0.5. Best sigma: 1 Best gamma: 10. Best Test accuracy: 0.2833. Train acc: 0.28856. 

09-12 15:58 DEBUG    PDM_KL log: {(0.5, 1, 10): {'shapes': [(3072, 296), (296,), (296, 10), (10,)], 'train_accuracy': 0.28856, 'test_accuracy': 0.2833}} 
09-12 16:07 DEBUG    ****** PDM_KL matching ******** 
09-12 16:07 DEBUG    Best Sigma0: 0.5. Best sigma: 1 Best gamma: 10. Best Test accuracy: 0.2787. Train acc: 0.2841. 

09-12 16:07 DEBUG    PDM_KL log: {(0.5, 1, 10): {'shapes': [(3072, 309), (309,), (309, 10), (10,)], 'train_accuracy': 0.2841, 'test_accuracy': 0.2787}} 
09-12 16:15 DEBUG    ****** PDM_KL matching ******** 
09-12 16:15 DEBUG    Best Sigma0: 0.5. Best sigma: 1 Best gamma: 10. Best Test accuracy: 0.2803. Train acc: 0.28406. 

09-12 16:15 DEBUG    PDM_KL log: {(0.5, 1, 10): {'shapes': [(3072, 329), (329,), (329, 10), (10,)], 'train_accuracy': 0.28406, 'test_accuracy': 0.2803}} 
09-12 16:24 DEBUG    ****** PDM_KL matching ******** 
09-12 16:24 DEBUG    Best Sigma0: 0.5. Best sigma: 1 Best gamma: 10. Best Test accuracy: 0.2805. Train acc: 0.28408. 

09-12 16:24 DEBUG    PDM_KL log: {(0.5, 1, 10): {'shapes': [(3072, 376), (376,), (376, 10), (10,)], 'train_accuracy': 0.28408, 'test_accuracy': 0.2805}} 
09-12 16:33 DEBUG    ****** PDM_KL matching ******** 
09-12 16:33 DEBUG    Best Sigma0: 0.5. Best sigma: 1 Best gamma: 10. Best Test accuracy: 0.2747. Train acc: 0.27982. 

09-12 16:33 DEBUG    PDM_KL log: {(0.5, 1, 10): {'shapes': [(3072, 396), (396,), (396, 10), (10,)], 'train_accuracy': 0.27982, 'test_accuracy': 0.2747}} 
09-12 16:41 DEBUG    ****** PDM_KL matching ******** 
09-12 16:41 DEBUG    Best Sigma0: 0.5. Best sigma: 1 Best gamma: 10. Best Test accuracy: 0.2566. Train acc: 0.25856. 

09-12 16:41 DEBUG    PDM_KL log: {(0.5, 1, 10): {'shapes': [(3072, 257), (257,), (257, 10), (10,)], 'train_accuracy': 0.25856, 'test_accuracy': 0.2566}} 
09-12 16:41 DEBUG    Trial 2 completed
09-12 16:41 DEBUG    ####################################################################################################
09-12 16:41 DEBUG    ####################################################################################################
09-12 16:41 DEBUG    Executing Trial 3 with seed 3
09-12 16:41 DEBUG    Data statistics: {0: {0: 536, 1: 3685, 2: 262, 3: 570, 4: 148, 5: 412, 6: 182, 7: 233, 8: 635, 9: 1927}, 1: {0: 1500, 1: 139, 2: 1011, 3: 145, 5: 1294, 6: 2190, 7: 22, 8: 346, 9: 3010}, 2: {0: 631, 1: 208, 2: 690, 3: 1864, 4: 1, 5: 2973, 6: 1966, 7: 1391, 8: 4016}, 3: {0: 11, 1: 1, 2: 2300, 3: 2402, 4: 4196, 5: 311, 6: 9, 7: 1079}, 4: {0: 2322, 1: 967, 2: 737, 3: 19, 4: 655, 5: 10, 6: 653, 7: 2275, 8: 3, 9: 63}}
09-12 16:42 DEBUG    **************************************************
09-12 16:42 DEBUG    Running experiments 

09-12 16:42 DEBUG    Uniform ensemble (Train acc): 0.433000
09-12 16:42 DEBUG    Uniform ensemble (Test acc): 0.429200
09-12 16:43 DEBUG    FedAvg (Train acc): 0.103540
09-12 16:43 DEBUG    FedAvg (Test acc): 0.103800
09-12 16:46 DEBUG    ****** PDM_KL matching ******** 
09-12 16:46 DEBUG    Best Sigma0: 0.5. Best sigma: 1 Best gamma: 10. Best Test accuracy: 0.3016. Train acc: 0.30774. 

09-12 16:46 DEBUG    PDM_KL log: {(0.5, 1, 10): {'shapes': [(3072, 297), (297,), (297, 10), (10,)], 'train_accuracy': 0.30774, 'test_accuracy': 0.3016}} 
09-12 16:54 DEBUG    ****** PDM_KL matching ******** 
09-12 16:54 DEBUG    Best Sigma0: 0.5. Best sigma: 1 Best gamma: 10. Best Test accuracy: 0.3081. Train acc: 0.31394. 

09-12 16:54 DEBUG    PDM_KL log: {(0.5, 1, 10): {'shapes': [(3072, 303), (303,), (303, 10), (10,)], 'train_accuracy': 0.31394, 'test_accuracy': 0.3081}} 
09-12 17:02 DEBUG    ****** PDM_KL matching ******** 
09-12 17:02 DEBUG    Best Sigma0: 0.5. Best sigma: 1 Best gamma: 10. Best Test accuracy: 0.3063. Train acc: 0.31154. 

09-12 17:02 DEBUG    PDM_KL log: {(0.5, 1, 10): {'shapes': [(3072, 305), (305,), (305, 10), (10,)], 'train_accuracy': 0.31154, 'test_accuracy': 0.3063}} 
09-12 17:10 DEBUG    ****** PDM_KL matching ******** 
09-12 17:10 DEBUG    Best Sigma0: 0.5. Best sigma: 1 Best gamma: 10. Best Test accuracy: 0.306. Train acc: 0.31282. 

09-12 17:10 DEBUG    PDM_KL log: {(0.5, 1, 10): {'shapes': [(3072, 294), (294,), (294, 10), (10,)], 'train_accuracy': 0.31282, 'test_accuracy': 0.306}} 
09-12 17:18 DEBUG    ****** PDM_KL matching ******** 
09-12 17:18 DEBUG    Best Sigma0: 0.5. Best sigma: 1 Best gamma: 10. Best Test accuracy: 0.3078. Train acc: 0.31244. 

09-12 17:18 DEBUG    PDM_KL log: {(0.5, 1, 10): {'shapes': [(3072, 310), (310,), (310, 10), (10,)], 'train_accuracy': 0.31244, 'test_accuracy': 0.3078}} 
09-12 17:26 DEBUG    ****** PDM_KL matching ******** 
09-12 17:26 DEBUG    Best Sigma0: 0.5. Best sigma: 1 Best gamma: 10. Best Test accuracy: 0.307. Train acc: 0.31242. 

09-12 17:26 DEBUG    PDM_KL log: {(0.5, 1, 10): {'shapes': [(3072, 308), (308,), (308, 10), (10,)], 'train_accuracy': 0.31242, 'test_accuracy': 0.307}} 
09-12 17:33 DEBUG    ****** PDM_KL matching ******** 
09-12 17:33 DEBUG    Best Sigma0: 0.5. Best sigma: 1 Best gamma: 10. Best Test accuracy: 0.3073. Train acc: 0.31238. 

09-12 17:33 DEBUG    PDM_KL log: {(0.5, 1, 10): {'shapes': [(3072, 321), (321,), (321, 10), (10,)], 'train_accuracy': 0.31238, 'test_accuracy': 0.3073}} 
09-12 17:42 DEBUG    ****** PDM_KL matching ******** 
09-12 17:42 DEBUG    Best Sigma0: 0.5. Best sigma: 1 Best gamma: 10. Best Test accuracy: 0.3054. Train acc: 0.31192. 

09-12 17:42 DEBUG    PDM_KL log: {(0.5, 1, 10): {'shapes': [(3072, 336), (336,), (336, 10), (10,)], 'train_accuracy': 0.31192, 'test_accuracy': 0.3054}} 
09-12 17:51 DEBUG    ****** PDM_KL matching ******** 
09-12 17:51 DEBUG    Best Sigma0: 0.5. Best sigma: 1 Best gamma: 10. Best Test accuracy: 0.3054. Train acc: 0.31198. 

09-12 17:51 DEBUG    PDM_KL log: {(0.5, 1, 10): {'shapes': [(3072, 376), (376,), (376, 10), (10,)], 'train_accuracy': 0.31198, 'test_accuracy': 0.3054}} 
09-12 18:00 DEBUG    ****** PDM_KL matching ******** 
09-12 18:00 DEBUG    Best Sigma0: 0.5. Best sigma: 1 Best gamma: 10. Best Test accuracy: 0.3084. Train acc: 0.31134. 

09-12 18:00 DEBUG    PDM_KL log: {(0.5, 1, 10): {'shapes': [(3072, 400), (400,), (400, 10), (10,)], 'train_accuracy': 0.31134, 'test_accuracy': 0.3084}} 
09-12 18:08 DEBUG    ****** PDM_KL matching ******** 
09-12 18:08 DEBUG    Best Sigma0: 0.5. Best sigma: 1 Best gamma: 10. Best Test accuracy: 0.2256. Train acc: 0.22554. 

09-12 18:08 DEBUG    PDM_KL log: {(0.5, 1, 10): {'shapes': [(3072, 256), (256,), (256, 10), (10,)], 'train_accuracy': 0.22554, 'test_accuracy': 0.2256}} 
09-12 18:08 DEBUG    Trial 3 completed
09-12 18:08 DEBUG    ####################################################################################################
09-12 18:08 DEBUG    ####################################################################################################
09-12 18:08 DEBUG    Executing Trial 4 with seed 4
09-12 18:08 DEBUG    Data statistics: {0: {0: 165, 1: 893, 2: 384, 3: 21, 4: 407, 5: 4896, 6: 190, 7: 3589}, 1: {0: 1884, 1: 1215, 2: 3846, 3: 20, 4: 2492, 5: 72, 6: 3167}, 2: {0: 1229, 1: 1195, 2: 112, 3: 983, 4: 1357, 5: 9, 6: 725, 7: 505, 8: 4640}, 3: {0: 1470, 1: 1190, 2: 234, 3: 220, 4: 99, 5: 22, 6: 340, 7: 774, 8: 205, 9: 131}, 4: {0: 252, 1: 507, 2: 424, 3: 3756, 4: 645, 5: 1, 6: 578, 7: 132, 8: 155, 9: 4869}}
09-12 18:10 DEBUG    **************************************************
09-12 18:10 DEBUG    Running experiments 

09-12 18:10 DEBUG    Uniform ensemble (Train acc): 0.396860
09-12 18:10 DEBUG    Uniform ensemble (Test acc): 0.385900
09-12 18:11 DEBUG    FedAvg (Train acc): 0.111840
09-12 18:11 DEBUG    FedAvg (Test acc): 0.109500
09-12 18:14 DEBUG    ****** PDM_KL matching ******** 
09-12 18:14 DEBUG    Best Sigma0: 0.5. Best sigma: 1 Best gamma: 10. Best Test accuracy: 0.3011. Train acc: 0.30022. 

09-12 18:14 DEBUG    PDM_KL log: {(0.5, 1, 10): {'shapes': [(3072, 296), (296,), (296, 10), (10,)], 'train_accuracy': 0.30022, 'test_accuracy': 0.3011}} 
09-12 18:22 DEBUG    ****** PDM_KL matching ******** 
09-12 18:22 DEBUG    Best Sigma0: 0.5. Best sigma: 1 Best gamma: 10. Best Test accuracy: 0.2993. Train acc: 0.2978. 

09-12 18:22 DEBUG    PDM_KL log: {(0.5, 1, 10): {'shapes': [(3072, 300), (300,), (300, 10), (10,)], 'train_accuracy': 0.2978, 'test_accuracy': 0.2993}} 
09-12 18:30 DEBUG    ****** PDM_KL matching ******** 
09-12 18:30 DEBUG    Best Sigma0: 0.5. Best sigma: 1 Best gamma: 10. Best Test accuracy: 0.3001. Train acc: 0.2977. 

09-12 18:30 DEBUG    PDM_KL log: {(0.5, 1, 10): {'shapes': [(3072, 297), (297,), (297, 10), (10,)], 'train_accuracy': 0.2977, 'test_accuracy': 0.3001}} 
09-12 18:37 DEBUG    ****** PDM_KL matching ******** 
09-12 18:37 DEBUG    Best Sigma0: 0.5. Best sigma: 1 Best gamma: 10. Best Test accuracy: 0.3017. Train acc: 0.29932. 

09-12 18:37 DEBUG    PDM_KL log: {(0.5, 1, 10): {'shapes': [(3072, 298), (298,), (298, 10), (10,)], 'train_accuracy': 0.29932, 'test_accuracy': 0.3017}} 
09-12 18:45 DEBUG    ****** PDM_KL matching ******** 
09-12 18:45 DEBUG    Best Sigma0: 0.5. Best sigma: 1 Best gamma: 10. Best Test accuracy: 0.2993. Train acc: 0.2982. 

09-12 18:45 DEBUG    PDM_KL log: {(0.5, 1, 10): {'shapes': [(3072, 302), (302,), (302, 10), (10,)], 'train_accuracy': 0.2982, 'test_accuracy': 0.2993}} 
09-12 18:52 DEBUG    ****** PDM_KL matching ******** 
09-12 18:52 DEBUG    Best Sigma0: 0.5. Best sigma: 1 Best gamma: 10. Best Test accuracy: 0.2992. Train acc: 0.29756. 

09-12 18:52 DEBUG    PDM_KL log: {(0.5, 1, 10): {'shapes': [(3072, 294), (294,), (294, 10), (10,)], 'train_accuracy': 0.29756, 'test_accuracy': 0.2992}} 
09-12 19:00 DEBUG    ****** PDM_KL matching ******** 
09-12 19:00 DEBUG    Best Sigma0: 0.5. Best sigma: 1 Best gamma: 10. Best Test accuracy: 0.3013. Train acc: 0.30248. 

09-12 19:00 DEBUG    PDM_KL log: {(0.5, 1, 10): {'shapes': [(3072, 313), (313,), (313, 10), (10,)], 'train_accuracy': 0.30248, 'test_accuracy': 0.3013}} 
09-12 19:08 DEBUG    ****** PDM_KL matching ******** 
09-12 19:08 DEBUG    Best Sigma0: 0.5. Best sigma: 1 Best gamma: 10. Best Test accuracy: 0.301. Train acc: 0.30086. 

09-12 19:08 DEBUG    PDM_KL log: {(0.5, 1, 10): {'shapes': [(3072, 331), (331,), (331, 10), (10,)], 'train_accuracy': 0.30086, 'test_accuracy': 0.301}} 
09-12 19:15 DEBUG    ****** PDM_KL matching ******** 
09-12 19:15 DEBUG    Best Sigma0: 0.5. Best sigma: 1 Best gamma: 10. Best Test accuracy: 0.3011. Train acc: 0.30092. 

09-12 19:15 DEBUG    PDM_KL log: {(0.5, 1, 10): {'shapes': [(3072, 376), (376,), (376, 10), (10,)], 'train_accuracy': 0.30092, 'test_accuracy': 0.3011}} 
09-12 19:24 DEBUG    ****** PDM_KL matching ******** 
09-12 19:24 DEBUG    Best Sigma0: 0.5. Best sigma: 1 Best gamma: 10. Best Test accuracy: 0.2971. Train acc: 0.2974. 

09-12 19:24 DEBUG    PDM_KL log: {(0.5, 1, 10): {'shapes': [(3072, 392), (392,), (392, 10), (10,)], 'train_accuracy': 0.2974, 'test_accuracy': 0.2971}} 
09-12 19:32 DEBUG    ****** PDM_KL matching ******** 
09-12 19:32 DEBUG    Best Sigma0: 0.5. Best sigma: 1 Best gamma: 10. Best Test accuracy: 0.1457. Train acc: 0.1464. 

09-12 19:32 DEBUG    PDM_KL log: {(0.5, 1, 10): {'shapes': [(3072, 281), (281,), (281, 10), (10,)], 'train_accuracy': 0.1464, 'test_accuracy': 0.1457}} 
09-12 19:32 DEBUG    Trial 4 completed
09-12 19:32 DEBUG    ####################################################################################################
09-12 19:32 DEBUG    ####################################################################################################
09-12 19:32 DEBUG    Executing Trial 5 with seed 5
09-12 19:32 DEBUG    Data statistics: {0: {0: 338, 1: 948, 2: 3904, 3: 451, 4: 312, 5: 2206, 6: 125, 7: 127, 8: 823, 9: 22}, 1: {0: 56, 1: 736, 2: 225, 3: 23, 4: 1249, 5: 2, 6: 95, 7: 3088, 8: 3603, 9: 3204}, 2: {0: 691, 1: 188, 2: 461, 3: 77, 4: 3059, 5: 284, 6: 1285, 7: 261, 8: 458, 9: 522}, 3: {0: 3853, 1: 233, 2: 409, 3: 3443, 4: 194, 5: 1865, 6: 3011}, 4: {0: 62, 1: 2895, 2: 1, 3: 1006, 4: 186, 5: 643, 6: 484, 7: 1524, 8: 116, 9: 1252}}
09-12 19:33 DEBUG    **************************************************
09-12 19:33 DEBUG    Running experiments 

09-12 19:34 DEBUG    Uniform ensemble (Train acc): 0.447440
09-12 19:34 DEBUG    Uniform ensemble (Test acc): 0.434300
09-12 19:34 DEBUG    FedAvg (Train acc): 0.122880
09-12 19:34 DEBUG    FedAvg (Test acc): 0.125400
09-12 19:38 DEBUG    ****** PDM_KL matching ******** 
09-12 19:38 DEBUG    Best Sigma0: 0.5. Best sigma: 1 Best gamma: 10. Best Test accuracy: 0.3001. Train acc: 0.29892. 

09-12 19:38 DEBUG    PDM_KL log: {(0.5, 1, 10): {'shapes': [(3072, 296), (296,), (296, 10), (10,)], 'train_accuracy': 0.29892, 'test_accuracy': 0.3001}} 
09-12 19:45 DEBUG    ****** PDM_KL matching ******** 
09-12 19:45 DEBUG    Best Sigma0: 0.5. Best sigma: 1 Best gamma: 10. Best Test accuracy: 0.2968. Train acc: 0.2964. 

09-12 19:45 DEBUG    PDM_KL log: {(0.5, 1, 10): {'shapes': [(3072, 293), (293,), (293, 10), (10,)], 'train_accuracy': 0.2964, 'test_accuracy': 0.2968}} 
09-12 19:52 DEBUG    ****** PDM_KL matching ******** 
09-12 19:52 DEBUG    Best Sigma0: 0.5. Best sigma: 1 Best gamma: 10. Best Test accuracy: 0.2981. Train acc: 0.29782. 

09-12 19:52 DEBUG    PDM_KL log: {(0.5, 1, 10): {'shapes': [(3072, 291), (291,), (291, 10), (10,)], 'train_accuracy': 0.29782, 'test_accuracy': 0.2981}} 
09-12 20:00 DEBUG    ****** PDM_KL matching ******** 
09-12 20:00 DEBUG    Best Sigma0: 0.5. Best sigma: 1 Best gamma: 10. Best Test accuracy: 0.2995. Train acc: 0.29884. 

09-12 20:00 DEBUG    PDM_KL log: {(0.5, 1, 10): {'shapes': [(3072, 297), (297,), (297, 10), (10,)], 'train_accuracy': 0.29884, 'test_accuracy': 0.2995}} 
09-12 20:07 DEBUG    ****** PDM_KL matching ******** 
09-12 20:07 DEBUG    Best Sigma0: 0.5. Best sigma: 1 Best gamma: 10. Best Test accuracy: 0.2971. Train acc: 0.29812. 

09-12 20:07 DEBUG    PDM_KL log: {(0.5, 1, 10): {'shapes': [(3072, 293), (293,), (293, 10), (10,)], 'train_accuracy': 0.29812, 'test_accuracy': 0.2971}} 
09-12 20:15 DEBUG    ****** PDM_KL matching ******** 
09-12 20:15 DEBUG    Best Sigma0: 0.5. Best sigma: 1 Best gamma: 10. Best Test accuracy: 0.2971. Train acc: 0.2969. 

09-12 20:15 DEBUG    PDM_KL log: {(0.5, 1, 10): {'shapes': [(3072, 303), (303,), (303, 10), (10,)], 'train_accuracy': 0.2969, 'test_accuracy': 0.2971}} 
09-12 20:22 DEBUG    ****** PDM_KL matching ******** 
09-12 20:22 DEBUG    Best Sigma0: 0.5. Best sigma: 1 Best gamma: 10. Best Test accuracy: 0.2997. Train acc: 0.2967. 

09-12 20:22 DEBUG    PDM_KL log: {(0.5, 1, 10): {'shapes': [(3072, 320), (320,), (320, 10), (10,)], 'train_accuracy': 0.2967, 'test_accuracy': 0.2997}} 
09-12 20:29 DEBUG    ****** PDM_KL matching ******** 
09-12 20:29 DEBUG    Best Sigma0: 0.5. Best sigma: 1 Best gamma: 10. Best Test accuracy: 0.2981. Train acc: 0.29644. 

09-12 20:29 DEBUG    PDM_KL log: {(0.5, 1, 10): {'shapes': [(3072, 333), (333,), (333, 10), (10,)], 'train_accuracy': 0.29644, 'test_accuracy': 0.2981}} 
09-12 20:36 DEBUG    ****** PDM_KL matching ******** 
09-12 20:36 DEBUG    Best Sigma0: 0.5. Best sigma: 1 Best gamma: 10. Best Test accuracy: 0.2983. Train acc: 0.29648. 

09-12 20:36 DEBUG    PDM_KL log: {(0.5, 1, 10): {'shapes': [(3072, 388), (388,), (388, 10), (10,)], 'train_accuracy': 0.29648, 'test_accuracy': 0.2983}} 
09-12 20:44 DEBUG    ****** PDM_KL matching ******** 
09-12 20:44 DEBUG    Best Sigma0: 0.5. Best sigma: 1 Best gamma: 10. Best Test accuracy: 0.2983. Train acc: 0.29648. 

09-12 20:44 DEBUG    PDM_KL log: {(0.5, 1, 10): {'shapes': [(3072, 400), (400,), (400, 10), (10,)], 'train_accuracy': 0.29648, 'test_accuracy': 0.2983}} 
09-12 20:51 DEBUG    ****** PDM_KL matching ******** 
09-12 20:51 DEBUG    Best Sigma0: 0.5. Best sigma: 1 Best gamma: 10. Best Test accuracy: 0.1752. Train acc: 0.1773. 

09-12 20:51 DEBUG    PDM_KL log: {(0.5, 1, 10): {'shapes': [(3072, 262), (262,), (262, 10), (10,)], 'train_accuracy': 0.1773, 'test_accuracy': 0.1752}} 
09-12 20:51 DEBUG    Trial 5 completed
09-12 20:51 DEBUG    ####################################################################################################
09-12 20:51 DEBUG    ####################################################################################################
09-12 20:51 DEBUG    Executing Trial 6 with seed 6
09-12 20:51 DEBUG    Data statistics: {0: {0: 398, 1: 25, 2: 969, 3: 2885, 4: 184, 5: 1461, 6: 2357, 7: 856, 8: 1980}, 1: {0: 3632, 1: 64, 2: 807, 3: 985, 4: 878, 5: 1210, 6: 841, 7: 136, 8: 1452}, 2: {0: 709, 1: 3599, 2: 297, 3: 404, 4: 452, 5: 970, 6: 845, 7: 240, 8: 35, 9: 45}, 3: {0: 260, 1: 818, 2: 962, 3: 6, 4: 190, 5: 797, 6: 745, 7: 2114, 8: 1098, 9: 4565}, 4: {0: 1, 1: 494, 2: 1965, 3: 720, 4: 3296, 5: 562, 6: 212, 7: 1654, 8: 435, 9: 390}}
09-12 20:52 DEBUG    **************************************************
09-12 20:52 DEBUG    Running experiments 

09-12 20:53 DEBUG    Uniform ensemble (Train acc): 0.417720
09-12 20:53 DEBUG    Uniform ensemble (Test acc): 0.405400
09-12 20:53 DEBUG    FedAvg (Train acc): 0.103000
09-12 20:53 DEBUG    FedAvg (Test acc): 0.102800
09-12 20:56 DEBUG    ****** PDM_KL matching ******** 
09-12 20:56 DEBUG    Best Sigma0: 0.5. Best sigma: 1 Best gamma: 10. Best Test accuracy: 0.3464. Train acc: 0.34938. 

09-12 20:56 DEBUG    PDM_KL log: {(0.5, 1, 10): {'shapes': [(3072, 293), (293,), (293, 10), (10,)], 'train_accuracy': 0.34938, 'test_accuracy': 0.3464}} 
09-12 21:02 DEBUG    ****** PDM_KL matching ******** 
09-12 21:02 DEBUG    Best Sigma0: 0.5. Best sigma: 1 Best gamma: 10. Best Test accuracy: 0.349. Train acc: 0.35058. 

09-12 21:02 DEBUG    PDM_KL log: {(0.5, 1, 10): {'shapes': [(3072, 294), (294,), (294, 10), (10,)], 'train_accuracy': 0.35058, 'test_accuracy': 0.349}} 
09-12 21:08 DEBUG    ****** PDM_KL matching ******** 
09-12 21:08 DEBUG    Best Sigma0: 0.5. Best sigma: 1 Best gamma: 10. Best Test accuracy: 0.35. Train acc: 0.3514. 

09-12 21:08 DEBUG    PDM_KL log: {(0.5, 1, 10): {'shapes': [(3072, 294), (294,), (294, 10), (10,)], 'train_accuracy': 0.3514, 'test_accuracy': 0.35}} 
09-12 21:14 DEBUG    ****** PDM_KL matching ******** 
09-12 21:14 DEBUG    Best Sigma0: 0.5. Best sigma: 1 Best gamma: 10. Best Test accuracy: 0.3463. Train acc: 0.35332. 

09-12 21:14 DEBUG    PDM_KL log: {(0.5, 1, 10): {'shapes': [(3072, 296), (296,), (296, 10), (10,)], 'train_accuracy': 0.35332, 'test_accuracy': 0.3463}} 
09-12 21:20 DEBUG    ****** PDM_KL matching ******** 
09-12 21:20 DEBUG    Best Sigma0: 0.5. Best sigma: 1 Best gamma: 10. Best Test accuracy: 0.345. Train acc: 0.35002. 

09-12 21:20 DEBUG    PDM_KL log: {(0.5, 1, 10): {'shapes': [(3072, 298), (298,), (298, 10), (10,)], 'train_accuracy': 0.35002, 'test_accuracy': 0.345}} 
09-12 21:28 DEBUG    ****** PDM_KL matching ******** 
09-12 21:28 DEBUG    Best Sigma0: 0.5. Best sigma: 1 Best gamma: 10. Best Test accuracy: 0.3458. Train acc: 0.3509. 

09-12 21:28 DEBUG    PDM_KL log: {(0.5, 1, 10): {'shapes': [(3072, 297), (297,), (297, 10), (10,)], 'train_accuracy': 0.3509, 'test_accuracy': 0.3458}} 
09-12 21:36 DEBUG    ****** PDM_KL matching ******** 
09-12 21:36 DEBUG    Best Sigma0: 0.5. Best sigma: 1 Best gamma: 10. Best Test accuracy: 0.3428. Train acc: 0.35268. 

09-12 21:36 DEBUG    PDM_KL log: {(0.5, 1, 10): {'shapes': [(3072, 310), (310,), (310, 10), (10,)], 'train_accuracy': 0.35268, 'test_accuracy': 0.3428}} 
09-12 21:44 DEBUG    ****** PDM_KL matching ******** 
09-12 21:44 DEBUG    Best Sigma0: 0.5. Best sigma: 1 Best gamma: 10. Best Test accuracy: 0.3434. Train acc: 0.35478. 

09-12 21:44 DEBUG    PDM_KL log: {(0.5, 1, 10): {'shapes': [(3072, 330), (330,), (330, 10), (10,)], 'train_accuracy': 0.35478, 'test_accuracy': 0.3434}} 
09-12 21:53 DEBUG    ****** PDM_KL matching ******** 
09-12 21:53 DEBUG    Best Sigma0: 0.5. Best sigma: 1 Best gamma: 10. Best Test accuracy: 0.3424. Train acc: 0.35428. 

09-12 21:53 DEBUG    PDM_KL log: {(0.5, 1, 10): {'shapes': [(3072, 380), (380,), (380, 10), (10,)], 'train_accuracy': 0.35428, 'test_accuracy': 0.3424}} 
09-12 22:02 DEBUG    ****** PDM_KL matching ******** 
09-12 22:02 DEBUG    Best Sigma0: 0.5. Best sigma: 1 Best gamma: 10. Best Test accuracy: 0.3351. Train acc: 0.34776. 

09-12 22:02 DEBUG    PDM_KL log: {(0.5, 1, 10): {'shapes': [(3072, 376), (376,), (376, 10), (10,)], 'train_accuracy': 0.34776, 'test_accuracy': 0.3351}} 
09-12 22:10 DEBUG    ****** PDM_KL matching ******** 
09-12 22:10 DEBUG    Best Sigma0: 0.5. Best sigma: 1 Best gamma: 10. Best Test accuracy: 0.1694. Train acc: 0.1762. 

09-12 22:10 DEBUG    PDM_KL log: {(0.5, 1, 10): {'shapes': [(3072, 240), (240,), (240, 10), (10,)], 'train_accuracy': 0.1762, 'test_accuracy': 0.1694}} 
09-12 22:10 DEBUG    Trial 6 completed
09-12 22:10 DEBUG    ####################################################################################################
09-12 22:10 DEBUG    ####################################################################################################
09-12 22:10 DEBUG    Executing Trial 7 with seed 7
09-12 22:11 DEBUG    Data statistics: {0: {0: 678, 1: 1117, 2: 44, 3: 22, 4: 101, 5: 1310, 6: 12, 7: 570, 8: 2806, 9: 1440}, 1: {0: 2104, 1: 2814, 2: 800, 3: 43, 4: 2574, 5: 1137, 6: 180, 7: 1874}, 2: {0: 194, 1: 31, 2: 148, 3: 2896, 4: 1657, 5: 140, 6: 3915, 7: 38, 8: 1746}, 3: {0: 1723, 1: 27, 2: 3630, 3: 34, 4: 592, 5: 414, 6: 5, 7: 126, 8: 148, 9: 1719}, 4: {0: 301, 1: 1011, 2: 378, 3: 2005, 4: 76, 5: 1999, 6: 888, 7: 2392, 8: 300, 9: 1841}}
09-12 22:12 DEBUG    **************************************************
09-12 22:12 DEBUG    Running experiments 

09-12 22:13 DEBUG    Uniform ensemble (Train acc): 0.427560
09-12 22:13 DEBUG    Uniform ensemble (Test acc): 0.412300
09-12 22:13 DEBUG    FedAvg (Train acc): 0.122120
09-12 22:13 DEBUG    FedAvg (Test acc): 0.119600
09-12 22:17 DEBUG    ****** PDM_KL matching ******** 
09-12 22:17 DEBUG    Best Sigma0: 0.5. Best sigma: 1 Best gamma: 10. Best Test accuracy: 0.2985. Train acc: 0.30746. 

09-12 22:17 DEBUG    PDM_KL log: {(0.5, 1, 10): {'shapes': [(3072, 304), (304,), (304, 10), (10,)], 'train_accuracy': 0.30746, 'test_accuracy': 0.2985}} 
09-12 22:25 DEBUG    ****** PDM_KL matching ******** 
09-12 22:25 DEBUG    Best Sigma0: 0.5. Best sigma: 1 Best gamma: 10. Best Test accuracy: 0.2997. Train acc: 0.30848. 

09-12 22:25 DEBUG    PDM_KL log: {(0.5, 1, 10): {'shapes': [(3072, 295), (295,), (295, 10), (10,)], 'train_accuracy': 0.30848, 'test_accuracy': 0.2997}} 
09-12 22:33 DEBUG    ****** PDM_KL matching ******** 
09-12 22:33 DEBUG    Best Sigma0: 0.5. Best sigma: 1 Best gamma: 10. Best Test accuracy: 0.2985. Train acc: 0.30826. 

09-12 22:33 DEBUG    PDM_KL log: {(0.5, 1, 10): {'shapes': [(3072, 293), (293,), (293, 10), (10,)], 'train_accuracy': 0.30826, 'test_accuracy': 0.2985}} 
09-12 22:41 DEBUG    ****** PDM_KL matching ******** 
09-12 22:41 DEBUG    Best Sigma0: 0.5. Best sigma: 1 Best gamma: 10. Best Test accuracy: 0.3015. Train acc: 0.3101. 

09-12 22:41 DEBUG    PDM_KL log: {(0.5, 1, 10): {'shapes': [(3072, 296), (296,), (296, 10), (10,)], 'train_accuracy': 0.3101, 'test_accuracy': 0.3015}} 
09-12 22:49 DEBUG    ****** PDM_KL matching ******** 
09-12 22:49 DEBUG    Best Sigma0: 0.5. Best sigma: 1 Best gamma: 10. Best Test accuracy: 0.2993. Train acc: 0.3065. 

09-12 22:49 DEBUG    PDM_KL log: {(0.5, 1, 10): {'shapes': [(3072, 301), (301,), (301, 10), (10,)], 'train_accuracy': 0.3065, 'test_accuracy': 0.2993}} 
09-12 22:56 DEBUG    ****** PDM_KL matching ******** 
09-12 22:56 DEBUG    Best Sigma0: 0.5. Best sigma: 1 Best gamma: 10. Best Test accuracy: 0.298. Train acc: 0.30668. 

09-12 22:56 DEBUG    PDM_KL log: {(0.5, 1, 10): {'shapes': [(3072, 300), (300,), (300, 10), (10,)], 'train_accuracy': 0.30668, 'test_accuracy': 0.298}} 
09-12 23:04 DEBUG    ****** PDM_KL matching ******** 
09-12 23:04 DEBUG    Best Sigma0: 0.5. Best sigma: 1 Best gamma: 10. Best Test accuracy: 0.2978. Train acc: 0.30568. 

09-12 23:04 DEBUG    PDM_KL log: {(0.5, 1, 10): {'shapes': [(3072, 307), (307,), (307, 10), (10,)], 'train_accuracy': 0.30568, 'test_accuracy': 0.2978}} 
09-12 23:13 DEBUG    ****** PDM_KL matching ******** 
09-12 23:13 DEBUG    Best Sigma0: 0.5. Best sigma: 1 Best gamma: 10. Best Test accuracy: 0.2986. Train acc: 0.30612. 

09-12 23:13 DEBUG    PDM_KL log: {(0.5, 1, 10): {'shapes': [(3072, 331), (331,), (331, 10), (10,)], 'train_accuracy': 0.30612, 'test_accuracy': 0.2986}} 
09-12 23:22 DEBUG    ****** PDM_KL matching ******** 
09-12 23:22 DEBUG    Best Sigma0: 0.5. Best sigma: 1 Best gamma: 10. Best Test accuracy: 0.2986. Train acc: 0.3062. 

09-12 23:22 DEBUG    PDM_KL log: {(0.5, 1, 10): {'shapes': [(3072, 376), (376,), (376, 10), (10,)], 'train_accuracy': 0.3062, 'test_accuracy': 0.2986}} 
09-12 23:31 DEBUG    ****** PDM_KL matching ******** 
09-12 23:31 DEBUG    Best Sigma0: 0.5. Best sigma: 1 Best gamma: 10. Best Test accuracy: 0.2963. Train acc: 0.30272. 

09-12 23:31 DEBUG    PDM_KL log: {(0.5, 1, 10): {'shapes': [(3072, 396), (396,), (396, 10), (10,)], 'train_accuracy': 0.30272, 'test_accuracy': 0.2963}} 
09-12 23:40 DEBUG    ****** PDM_KL matching ******** 
09-12 23:40 DEBUG    Best Sigma0: 0.5. Best sigma: 1 Best gamma: 10. Best Test accuracy: 0.2598. Train acc: 0.2652. 

09-12 23:40 DEBUG    PDM_KL log: {(0.5, 1, 10): {'shapes': [(3072, 298), (298,), (298, 10), (10,)], 'train_accuracy': 0.2652, 'test_accuracy': 0.2598}} 
09-12 23:40 DEBUG    Trial 7 completed
09-12 23:40 DEBUG    ####################################################################################################
09-12 23:40 DEBUG    ####################################################################################################
09-12 23:40 DEBUG    Executing Trial 8 with seed 8
09-12 23:40 DEBUG    Data statistics: {0: {0: 2617, 1: 82, 2: 170, 4: 58, 5: 19, 6: 1644, 7: 1237, 8: 1455, 9: 4633}, 1: {0: 49, 1: 52, 2: 4119, 3: 158, 4: 2864, 5: 4340}, 2: {0: 2089, 1: 492, 2: 701, 3: 752, 4: 203, 5: 17, 6: 111, 7: 3697, 8: 1218, 9: 360}, 3: {0: 139, 1: 1403, 2: 9, 3: 3706, 4: 1833, 5: 13, 6: 3224}, 4: {0: 106, 1: 2971, 2: 1, 3: 384, 4: 42, 5: 611, 6: 21, 7: 66, 8: 2327, 9: 7}}
09-12 23:41 DEBUG    **************************************************
09-12 23:41 DEBUG    Running experiments 

09-12 23:42 DEBUG    Uniform ensemble (Train acc): 0.417140
09-12 23:42 DEBUG    Uniform ensemble (Test acc): 0.399200
09-12 23:42 DEBUG    FedAvg (Train acc): 0.145600
09-12 23:42 DEBUG    FedAvg (Test acc): 0.146000
09-12 23:46 DEBUG    ****** PDM_KL matching ******** 
09-12 23:46 DEBUG    Best Sigma0: 0.5. Best sigma: 1 Best gamma: 10. Best Test accuracy: 0.2731. Train acc: 0.27616. 

09-12 23:46 DEBUG    PDM_KL log: {(0.5, 1, 10): {'shapes': [(3072, 298), (298,), (298, 10), (10,)], 'train_accuracy': 0.27616, 'test_accuracy': 0.2731}} 
09-12 23:54 DEBUG    ****** PDM_KL matching ******** 
09-12 23:54 DEBUG    Best Sigma0: 0.5. Best sigma: 1 Best gamma: 10. Best Test accuracy: 0.2716. Train acc: 0.27412. 

09-12 23:54 DEBUG    PDM_KL log: {(0.5, 1, 10): {'shapes': [(3072, 298), (298,), (298, 10), (10,)], 'train_accuracy': 0.27412, 'test_accuracy': 0.2716}} 
09-13 00:01 DEBUG    ****** PDM_KL matching ******** 
09-13 00:01 DEBUG    Best Sigma0: 0.5. Best sigma: 1 Best gamma: 10. Best Test accuracy: 0.2707. Train acc: 0.27456. 

09-13 00:01 DEBUG    PDM_KL log: {(0.5, 1, 10): {'shapes': [(3072, 297), (297,), (297, 10), (10,)], 'train_accuracy': 0.27456, 'test_accuracy': 0.2707}} 
09-13 00:09 DEBUG    ****** PDM_KL matching ******** 
09-13 00:09 DEBUG    Best Sigma0: 0.5. Best sigma: 1 Best gamma: 10. Best Test accuracy: 0.2722. Train acc: 0.27418. 

09-13 00:09 DEBUG    PDM_KL log: {(0.5, 1, 10): {'shapes': [(3072, 299), (299,), (299, 10), (10,)], 'train_accuracy': 0.27418, 'test_accuracy': 0.2722}} 
09-13 00:17 DEBUG    ****** PDM_KL matching ******** 
09-13 00:17 DEBUG    Best Sigma0: 0.5. Best sigma: 1 Best gamma: 10. Best Test accuracy: 0.2726. Train acc: 0.27424. 

09-13 00:17 DEBUG    PDM_KL log: {(0.5, 1, 10): {'shapes': [(3072, 297), (297,), (297, 10), (10,)], 'train_accuracy': 0.27424, 'test_accuracy': 0.2726}} 
09-13 00:25 DEBUG    ****** PDM_KL matching ******** 
09-13 00:25 DEBUG    Best Sigma0: 0.5. Best sigma: 1 Best gamma: 10. Best Test accuracy: 0.2747. Train acc: 0.27634. 

09-13 00:25 DEBUG    PDM_KL log: {(0.5, 1, 10): {'shapes': [(3072, 300), (300,), (300, 10), (10,)], 'train_accuracy': 0.27634, 'test_accuracy': 0.2747}} 
09-13 00:32 DEBUG    ****** PDM_KL matching ******** 
09-13 00:32 DEBUG    Best Sigma0: 0.5. Best sigma: 1 Best gamma: 10. Best Test accuracy: 0.2748. Train acc: 0.2758. 

09-13 00:32 DEBUG    PDM_KL log: {(0.5, 1, 10): {'shapes': [(3072, 309), (309,), (309, 10), (10,)], 'train_accuracy': 0.2758, 'test_accuracy': 0.2748}} 
09-13 00:39 DEBUG    ****** PDM_KL matching ******** 
09-13 00:39 DEBUG    Best Sigma0: 0.5. Best sigma: 1 Best gamma: 10. Best Test accuracy: 0.2741. Train acc: 0.27488. 

09-13 00:39 DEBUG    PDM_KL log: {(0.5, 1, 10): {'shapes': [(3072, 332), (332,), (332, 10), (10,)], 'train_accuracy': 0.27488, 'test_accuracy': 0.2741}} 
09-13 00:48 DEBUG    ****** PDM_KL matching ******** 
09-13 00:48 DEBUG    Best Sigma0: 0.5. Best sigma: 1 Best gamma: 10. Best Test accuracy: 0.2741. Train acc: 0.2749. 

09-13 00:48 DEBUG    PDM_KL log: {(0.5, 1, 10): {'shapes': [(3072, 368), (368,), (368, 10), (10,)], 'train_accuracy': 0.2749, 'test_accuracy': 0.2741}} 
09-13 00:56 DEBUG    ****** PDM_KL matching ******** 
09-13 00:56 DEBUG    Best Sigma0: 0.5. Best sigma: 1 Best gamma: 10. Best Test accuracy: 0.2791. Train acc: 0.2807. 

09-13 00:56 DEBUG    PDM_KL log: {(0.5, 1, 10): {'shapes': [(3072, 380), (380,), (380, 10), (10,)], 'train_accuracy': 0.2807, 'test_accuracy': 0.2791}} 
09-13 01:04 DEBUG    ****** PDM_KL matching ******** 
09-13 01:04 DEBUG    Best Sigma0: 0.5. Best sigma: 1 Best gamma: 10. Best Test accuracy: 0.2069. Train acc: 0.207. 

09-13 01:04 DEBUG    PDM_KL log: {(0.5, 1, 10): {'shapes': [(3072, 270), (270,), (270, 10), (10,)], 'train_accuracy': 0.207, 'test_accuracy': 0.2069}} 
09-13 01:04 DEBUG    Trial 8 completed
09-13 01:04 DEBUG    ####################################################################################################
09-13 01:04 DEBUG    ####################################################################################################
09-13 01:04 DEBUG    Executing Trial 9 with seed 9
09-13 01:04 DEBUG    Data statistics: {0: {0: 1426, 1: 98, 2: 2982, 3: 52, 4: 3654, 5: 1240, 6: 4553}, 1: {0: 348, 1: 2213, 2: 104, 3: 1151, 4: 467, 5: 33, 6: 184, 7: 687, 8: 3878, 9: 2788}, 2: {0: 458, 1: 4, 2: 587, 3: 3298, 4: 857, 5: 795, 6: 12, 7: 778, 8: 429, 9: 166}, 3: {0: 1582, 1: 222, 2: 1153, 3: 6, 4: 2, 5: 1843, 6: 110, 7: 1355, 8: 468, 9: 306}, 4: {0: 1186, 1: 2463, 2: 174, 3: 493, 4: 20, 5: 1089, 6: 141, 7: 2180, 8: 225, 9: 1740}}
09-13 01:06 DEBUG    **************************************************
09-13 01:06 DEBUG    Running experiments 

09-13 01:06 DEBUG    Uniform ensemble (Train acc): 0.400360
09-13 01:06 DEBUG    Uniform ensemble (Test acc): 0.390000
09-13 01:07 DEBUG    FedAvg (Train acc): 0.166200
09-13 01:07 DEBUG    FedAvg (Test acc): 0.168200
09-13 01:11 DEBUG    ****** PDM_KL matching ******** 
09-13 01:11 DEBUG    Best Sigma0: 0.5. Best sigma: 1 Best gamma: 10. Best Test accuracy: 0.277. Train acc: 0.28192. 

09-13 01:11 DEBUG    PDM_KL log: {(0.5, 1, 10): {'shapes': [(3072, 302), (302,), (302, 10), (10,)], 'train_accuracy': 0.28192, 'test_accuracy': 0.277}} 
09-13 01:18 DEBUG    ****** PDM_KL matching ******** 
09-13 01:18 DEBUG    Best Sigma0: 0.5. Best sigma: 1 Best gamma: 10. Best Test accuracy: 0.2737. Train acc: 0.27744. 

09-13 01:18 DEBUG    PDM_KL log: {(0.5, 1, 10): {'shapes': [(3072, 300), (300,), (300, 10), (10,)], 'train_accuracy': 0.27744, 'test_accuracy': 0.2737}} 
09-13 01:27 DEBUG    ****** PDM_KL matching ******** 
09-13 01:27 DEBUG    Best Sigma0: 0.5. Best sigma: 1 Best gamma: 10. Best Test accuracy: 0.274. Train acc: 0.27846. 

09-13 01:27 DEBUG    PDM_KL log: {(0.5, 1, 10): {'shapes': [(3072, 301), (301,), (301, 10), (10,)], 'train_accuracy': 0.27846, 'test_accuracy': 0.274}} 
09-13 01:35 DEBUG    ****** PDM_KL matching ******** 
09-13 01:35 DEBUG    Best Sigma0: 0.5. Best sigma: 1 Best gamma: 10. Best Test accuracy: 0.2749. Train acc: 0.27846. 

09-13 01:35 DEBUG    PDM_KL log: {(0.5, 1, 10): {'shapes': [(3072, 303), (303,), (303, 10), (10,)], 'train_accuracy': 0.27846, 'test_accuracy': 0.2749}} 
09-13 01:42 DEBUG    ****** PDM_KL matching ******** 
09-13 01:42 DEBUG    Best Sigma0: 0.5. Best sigma: 1 Best gamma: 10. Best Test accuracy: 0.274. Train acc: 0.27858. 

09-13 01:42 DEBUG    PDM_KL log: {(0.5, 1, 10): {'shapes': [(3072, 301), (301,), (301, 10), (10,)], 'train_accuracy': 0.27858, 'test_accuracy': 0.274}} 
09-13 01:49 DEBUG    ****** PDM_KL matching ******** 
09-13 01:49 DEBUG    Best Sigma0: 0.5. Best sigma: 1 Best gamma: 10. Best Test accuracy: 0.2752. Train acc: 0.28024. 

09-13 01:49 DEBUG    PDM_KL log: {(0.5, 1, 10): {'shapes': [(3072, 307), (307,), (307, 10), (10,)], 'train_accuracy': 0.28024, 'test_accuracy': 0.2752}} 
09-13 01:56 DEBUG    ****** PDM_KL matching ******** 
09-13 01:56 DEBUG    Best Sigma0: 0.5. Best sigma: 1 Best gamma: 10. Best Test accuracy: 0.2779. Train acc: 0.282. 

09-13 01:56 DEBUG    PDM_KL log: {(0.5, 1, 10): {'shapes': [(3072, 313), (313,), (313, 10), (10,)], 'train_accuracy': 0.282, 'test_accuracy': 0.2779}} 
09-13 02:04 DEBUG    ****** PDM_KL matching ******** 
09-13 02:04 DEBUG    Best Sigma0: 0.5. Best sigma: 1 Best gamma: 10. Best Test accuracy: 0.2703. Train acc: 0.27526. 

09-13 02:04 DEBUG    PDM_KL log: {(0.5, 1, 10): {'shapes': [(3072, 333), (333,), (333, 10), (10,)], 'train_accuracy': 0.27526, 'test_accuracy': 0.2703}} 
09-13 02:12 DEBUG    ****** PDM_KL matching ******** 
09-13 02:12 DEBUG    Best Sigma0: 0.5. Best sigma: 1 Best gamma: 10. Best Test accuracy: 0.2703. Train acc: 0.27538. 

09-13 02:12 DEBUG    PDM_KL log: {(0.5, 1, 10): {'shapes': [(3072, 376), (376,), (376, 10), (10,)], 'train_accuracy': 0.27538, 'test_accuracy': 0.2703}} 
09-13 02:21 DEBUG    ****** PDM_KL matching ******** 
09-13 02:21 DEBUG    Best Sigma0: 0.5. Best sigma: 1 Best gamma: 10. Best Test accuracy: 0.2649. Train acc: 0.27048. 

09-13 02:21 DEBUG    PDM_KL log: {(0.5, 1, 10): {'shapes': [(3072, 396), (396,), (396, 10), (10,)], 'train_accuracy': 0.27048, 'test_accuracy': 0.2649}} 
09-13 02:29 DEBUG    ****** PDM_KL matching ******** 
09-13 02:29 DEBUG    Best Sigma0: 0.5. Best sigma: 1 Best gamma: 10. Best Test accuracy: 0.2465. Train acc: 0.24248. 

09-13 02:29 DEBUG    PDM_KL log: {(0.5, 1, 10): {'shapes': [(3072, 267), (267,), (267, 10), (10,)], 'train_accuracy': 0.24248, 'test_accuracy': 0.2465}} 
09-13 02:29 DEBUG    Trial 9 completed
09-13 02:29 DEBUG    ####################################################################################################
