09-16 03:45 DEBUG    Experiment arguments: Namespace(alpha=0.5, communication_rounds=None, datadir='data/mnist', dataset='mnist', device=1.0, dropout_p=0.0, epochs=10, experiment=['all'], init_seed=0, iter_epochs=5, layers=1, loaddir='saved_weights/mnist/homo', logdir='KL_regs_bst_hyp/mnist/homo', lr=0.01, lr_decay=1.0, n=6, n_layers=1, n_nets=10, net_config=[784, 100, 100, 100, 100, 100, 10], num_pool_workers=6, partition='homo', pdm_gamma=10, pdm_sig=0.5, pdm_sig0=10, reg=1e-06, reg_fac=0.0, trials=10)
09-16 03:45 DEBUG    ####################################################################################################
09-16 03:45 DEBUG    Executing Trial 0 with seed 0
09-16 03:45 DEBUG    Data statistics: {0: {0: 605, 1: 688, 2: 586, 3: 583, 4: 565, 5: 518, 6: 631, 7: 625, 8: 584, 9: 615}, 1: {0: 600, 1: 691, 2: 580, 3: 625, 4: 588, 5: 557, 6: 559, 7: 603, 8: 607, 9: 590}, 2: {0: 607, 1: 691, 2: 583, 3: 639, 4: 577, 5: 516, 6: 571, 7: 641, 8: 596, 9: 579}, 3: {0: 605, 1: 642, 2: 610, 3: 580, 4: 590, 5: 565, 6: 572, 7: 632, 8: 591, 9: 613}, 4: {0: 578, 1: 653, 2: 600, 3: 593, 4: 627, 5: 556, 6: 629, 7: 608, 8: 581, 9: 575}, 5: {0: 596, 1: 690, 2: 594, 3: 650, 4: 589, 5: 539, 6: 547, 7: 612, 8: 568, 9: 615}, 6: {0: 598, 1: 645, 2: 614, 3: 624, 4: 572, 5: 556, 6: 605, 7: 605, 8: 601, 9: 580}, 7: {0: 544, 1: 682, 2: 604, 3: 591, 4: 605, 5: 562, 6: 601, 7: 694, 8: 525, 9: 592}, 8: {0: 564, 1: 665, 2: 608, 3: 647, 4: 566, 5: 520, 6: 615, 7: 613, 8: 594, 9: 608}, 9: {0: 626, 1: 695, 2: 579, 3: 599, 4: 563, 5: 532, 6: 588, 7: 632, 8: 604, 9: 582}}
09-16 03:45 DEBUG    **************************************************
09-16 03:45 DEBUG    Running experiments 

09-16 03:46 DEBUG    Uniform ensemble (Train acc): 0.963567
09-16 03:46 DEBUG    Uniform ensemble (Test acc): 0.960800
09-16 03:46 DEBUG    FedAvg (Train acc): 0.097517
09-16 03:46 DEBUG    FedAvg (Test acc): 0.097400
09-16 03:58 DEBUG    ****** PDM_KL matching ******** 
09-16 03:58 DEBUG    Best Sigma0: 10. Best sigma: 0.5 Best gamma: 10. Best Test accuracy: 0.9524. Train acc: 0.9545166666666667. 

09-16 03:58 DEBUG    PDM_KL log: {(10, 0.5, 10): {'shapes': [(784, 700), (700,), (700, 621), (621,), (621, 414), (414,), (414, 279), (279,), (279, 127), (127,), (127, 10), (10,)], 'train_accuracy': 0.9545166666666667, 'test_accuracy': 0.9524}} 
09-16 04:22 DEBUG    ****** PDM_KL matching ******** 
09-16 04:22 DEBUG    Best Sigma0: 10. Best sigma: 0.5 Best gamma: 10. Best Test accuracy: 0.9384. Train acc: 0.9401666666666667. 

09-16 04:22 DEBUG    PDM_KL log: {(10, 0.5, 10): {'shapes': [(784, 700), (700,), (700, 630), (630,), (630, 419), (419,), (419, 270), (270,), (270, 127), (127,), (127, 10), (10,)], 'train_accuracy': 0.9401666666666667, 'test_accuracy': 0.9384}} 
09-16 04:48 DEBUG    ****** PDM_KL matching ******** 
09-16 04:48 DEBUG    Best Sigma0: 10. Best sigma: 0.5 Best gamma: 10. Best Test accuracy: 0.9503. Train acc: 0.9516333333333333. 

09-16 04:48 DEBUG    PDM_KL log: {(10, 0.5, 10): {'shapes': [(784, 700), (700,), (700, 621), (621,), (621, 421), (421,), (421, 277), (277,), (277, 127), (127,), (127, 10), (10,)], 'train_accuracy': 0.9516333333333333, 'test_accuracy': 0.9503}} 
09-16 05:09 DEBUG    ****** PDM_KL matching ******** 
09-16 05:09 DEBUG    Best Sigma0: 10. Best sigma: 0.5 Best gamma: 10. Best Test accuracy: 0.9449. Train acc: 0.9462166666666667. 

09-16 05:09 DEBUG    PDM_KL log: {(10, 0.5, 10): {'shapes': [(784, 700), (700,), (700, 611), (611,), (611, 414), (414,), (414, 270), (270,), (270, 127), (127,), (127, 10), (10,)], 'train_accuracy': 0.9462166666666667, 'test_accuracy': 0.9449}} 
09-16 05:34 DEBUG    ****** PDM_KL matching ******** 
09-16 05:34 DEBUG    Best Sigma0: 10. Best sigma: 0.5 Best gamma: 10. Best Test accuracy: 0.9297. Train acc: 0.9273833333333333. 

09-16 05:34 DEBUG    PDM_KL log: {(10, 0.5, 10): {'shapes': [(784, 700), (700,), (700, 586), (586,), (586, 413), (413,), (413, 275), (275,), (275, 127), (127,), (127, 10), (10,)], 'train_accuracy': 0.9273833333333333, 'test_accuracy': 0.9297}} 
09-16 05:55 DEBUG    ****** PDM_KL matching ******** 
09-16 05:55 DEBUG    Best Sigma0: 10. Best sigma: 0.5 Best gamma: 10. Best Test accuracy: 0.8834. Train acc: 0.8905666666666666. 

09-16 05:55 DEBUG    PDM_KL log: {(10, 0.5, 10): {'shapes': [(784, 700), (700,), (700, 583), (583,), (583, 386), (386,), (386, 261), (261,), (261, 127), (127,), (127, 10), (10,)], 'train_accuracy': 0.8905666666666666, 'test_accuracy': 0.8834}} 
09-16 06:09 DEBUG    ****** PDM_KL matching ******** 
09-16 06:09 DEBUG    Best Sigma0: 10. Best sigma: 0.5 Best gamma: 10. Best Test accuracy: 0.7966. Train acc: 0.7966333333333333. 

09-16 06:09 DEBUG    PDM_KL log: {(10, 0.5, 10): {'shapes': [(784, 700), (700,), (700, 315), (315,), (315, 225), (225,), (225, 181), (181,), (181, 127), (127,), (127, 10), (10,)], 'train_accuracy': 0.7966333333333333, 'test_accuracy': 0.7966}} 
09-16 06:21 DEBUG    ****** PDM_KL matching ******** 
09-16 06:21 DEBUG    Best Sigma0: 10. Best sigma: 0.5 Best gamma: 10. Best Test accuracy: 0.2885. Train acc: 0.2839. 

09-16 06:21 DEBUG    PDM_KL log: {(10, 0.5, 10): {'shapes': [(784, 487), (487,), (487, 136), (136,), (136, 136), (136,), (136, 136), (136,), (136, 127), (127,), (127, 10), (10,)], 'train_accuracy': 0.2839, 'test_accuracy': 0.2885}} 
09-16 06:24 DEBUG    ****** PDM_KL matching ******** 
09-16 06:24 DEBUG    Best Sigma0: 10. Best sigma: 0.5 Best gamma: 10. Best Test accuracy: 0.0974. Train acc: 0.09751666666666667. 

09-16 06:24 DEBUG    PDM_KL log: {(10, 0.5, 10): {'shapes': [(784, 100), (100,), (100, 100), (100,), (100, 109), (109,), (109, 109), (109,), (109, 118), (118,), (118, 10), (10,)], 'train_accuracy': 0.09751666666666667, 'test_accuracy': 0.0974}} 
09-16 06:27 DEBUG    ****** PDM_KL matching ******** 
09-16 06:27 DEBUG    Best Sigma0: 10. Best sigma: 0.5 Best gamma: 10. Best Test accuracy: 0.0974. Train acc: 0.09751666666666667. 

09-16 06:27 DEBUG    PDM_KL log: {(10, 0.5, 10): {'shapes': [(784, 100), (100,), (100, 100), (100,), (100, 100), (100,), (100, 100), (100,), (100, 118), (118,), (118, 10), (10,)], 'train_accuracy': 0.09751666666666667, 'test_accuracy': 0.0974}} 
09-16 06:31 DEBUG    ****** PDM_KL matching ******** 
09-16 06:31 DEBUG    Best Sigma0: 10. Best sigma: 0.5 Best gamma: 10. Best Test accuracy: 0.0974. Train acc: 0.09751666666666667. 

09-16 06:31 DEBUG    PDM_KL log: {(10, 0.5, 10): {'shapes': [(784, 100), (100,), (100, 100), (100,), (100, 100), (100,), (100, 100), (100,), (100, 109), (109,), (109, 10), (10,)], 'train_accuracy': 0.09751666666666667, 'test_accuracy': 0.0974}} 
09-16 06:31 DEBUG    Trial 0 completed
09-16 06:31 DEBUG    ####################################################################################################
09-16 06:31 DEBUG    ####################################################################################################
09-16 06:31 DEBUG    Executing Trial 1 with seed 1
09-16 06:31 DEBUG    Data statistics: {0: {0: 557, 1: 696, 2: 602, 3: 636, 4: 575, 5: 546, 6: 627, 7: 624, 8: 576, 9: 561}, 1: {0: 601, 1: 677, 2: 592, 3: 601, 4: 582, 5: 564, 6: 560, 7: 641, 8: 596, 9: 586}, 2: {0: 591, 1: 660, 2: 607, 3: 619, 4: 583, 5: 604, 6: 584, 7: 609, 8: 571, 9: 572}, 3: {0: 623, 1: 679, 2: 587, 3: 602, 4: 589, 5: 560, 6: 607, 7: 599, 8: 574, 9: 580}, 4: {0: 590, 1: 642, 2: 599, 3: 608, 4: 583, 5: 509, 6: 602, 7: 625, 8: 610, 9: 632}, 5: {0: 583, 1: 694, 2: 623, 3: 653, 4: 590, 5: 491, 6: 584, 7: 637, 8: 556, 9: 589}, 6: {0: 602, 1: 679, 2: 644, 3: 599, 4: 566, 5: 530, 6: 564, 7: 609, 8: 624, 9: 583}, 7: {0: 573, 1: 639, 2: 569, 3: 580, 4: 608, 5: 541, 6: 602, 7: 653, 8: 589, 9: 646}, 8: {0: 622, 1: 669, 2: 567, 3: 612, 4: 597, 5: 553, 6: 579, 7: 635, 8: 578, 9: 588}, 9: {0: 581, 1: 707, 2: 568, 3: 621, 4: 569, 5: 523, 6: 609, 7: 633, 8: 577, 9: 612}}
09-16 06:33 DEBUG    **************************************************
09-16 06:33 DEBUG    Running experiments 

09-16 06:34 DEBUG    Uniform ensemble (Train acc): 0.963567
09-16 06:34 DEBUG    Uniform ensemble (Test acc): 0.959800
09-16 06:34 DEBUG    FedAvg (Train acc): 0.097517
09-16 06:34 DEBUG    FedAvg (Test acc): 0.097400
09-16 06:51 DEBUG    ****** PDM_KL matching ******** 
09-16 06:51 DEBUG    Best Sigma0: 10. Best sigma: 0.5 Best gamma: 10. Best Test accuracy: 0.8824. Train acc: 0.88785. 

09-16 06:51 DEBUG    PDM_KL log: {(10, 0.5, 10): {'shapes': [(784, 700), (700,), (700, 649), (649,), (649, 421), (421,), (421, 284), (284,), (284, 119), (119,), (119, 10), (10,)], 'train_accuracy': 0.88785, 'test_accuracy': 0.8824}} 
09-16 07:14 DEBUG    ****** PDM_KL matching ******** 
09-16 07:14 DEBUG    Best Sigma0: 10. Best sigma: 0.5 Best gamma: 10. Best Test accuracy: 0.9409. Train acc: 0.9428166666666666. 

09-16 07:14 DEBUG    PDM_KL log: {(10, 0.5, 10): {'shapes': [(784, 700), (700,), (700, 666), (666,), (666, 422), (422,), (422, 268), (268,), (268, 118), (118,), (118, 10), (10,)], 'train_accuracy': 0.9428166666666666, 'test_accuracy': 0.9409}} 
09-16 07:33 DEBUG    ****** PDM_KL matching ******** 
09-16 07:33 DEBUG    Best Sigma0: 10. Best sigma: 0.5 Best gamma: 10. Best Test accuracy: 0.908. Train acc: 0.9124833333333333. 

09-16 07:33 DEBUG    PDM_KL log: {(10, 0.5, 10): {'shapes': [(784, 700), (700,), (700, 667), (667,), (667, 422), (422,), (422, 276), (276,), (276, 118), (118,), (118, 10), (10,)], 'train_accuracy': 0.9124833333333333, 'test_accuracy': 0.908}} 
09-16 07:56 DEBUG    ****** PDM_KL matching ******** 
09-16 07:56 DEBUG    Best Sigma0: 10. Best sigma: 0.5 Best gamma: 10. Best Test accuracy: 0.8409. Train acc: 0.8456833333333333. 

09-16 07:56 DEBUG    PDM_KL log: {(10, 0.5, 10): {'shapes': [(784, 700), (700,), (700, 657), (657,), (657, 412), (412,), (412, 269), (269,), (269, 118), (118,), (118, 10), (10,)], 'train_accuracy': 0.8456833333333333, 'test_accuracy': 0.8409}} 
09-16 08:21 DEBUG    ****** PDM_KL matching ******** 
09-16 08:21 DEBUG    Best Sigma0: 10. Best sigma: 0.5 Best gamma: 10. Best Test accuracy: 0.8962. Train acc: 0.8986333333333333. 

09-16 08:21 DEBUG    PDM_KL log: {(10, 0.5, 10): {'shapes': [(784, 700), (700,), (700, 638), (638,), (638, 404), (404,), (404, 261), (261,), (261, 118), (118,), (118, 10), (10,)], 'train_accuracy': 0.8986333333333333, 'test_accuracy': 0.8962}} 
09-16 08:40 DEBUG    ****** PDM_KL matching ******** 
09-16 08:40 DEBUG    Best Sigma0: 10. Best sigma: 0.5 Best gamma: 10. Best Test accuracy: 0.9303. Train acc: 0.9332333333333334. 

09-16 08:40 DEBUG    PDM_KL log: {(10, 0.5, 10): {'shapes': [(784, 700), (700,), (700, 610), (610,), (610, 377), (377,), (377, 246), (246,), (246, 118), (118,), (118, 10), (10,)], 'train_accuracy': 0.9332333333333334, 'test_accuracy': 0.9303}} 
09-16 08:58 DEBUG    ****** PDM_KL matching ******** 
09-16 08:58 DEBUG    Best Sigma0: 10. Best sigma: 0.5 Best gamma: 10. Best Test accuracy: 0.7892. Train acc: 0.7887333333333333. 

09-16 08:58 DEBUG    PDM_KL log: {(10, 0.5, 10): {'shapes': [(784, 700), (700,), (700, 316), (316,), (316, 225), (225,), (225, 181), (181,), (181, 127), (127,), (127, 10), (10,)], 'train_accuracy': 0.7887333333333333, 'test_accuracy': 0.7892}} 
09-16 09:10 DEBUG    ****** PDM_KL matching ******** 
09-16 09:10 DEBUG    Best Sigma0: 10. Best sigma: 0.5 Best gamma: 10. Best Test accuracy: 0.3396. Train acc: 0.33671666666666666. 

09-16 09:10 DEBUG    PDM_KL log: {(10, 0.5, 10): {'shapes': [(784, 514), (514,), (514, 145), (145,), (145, 136), (136,), (136, 136), (136,), (136, 127), (127,), (127, 10), (10,)], 'train_accuracy': 0.33671666666666666, 'test_accuracy': 0.3396}} 
09-16 09:14 DEBUG    ****** PDM_KL matching ******** 
09-16 09:14 DEBUG    Best Sigma0: 10. Best sigma: 0.5 Best gamma: 10. Best Test accuracy: 0.0974. Train acc: 0.09751666666666667. 

09-16 09:14 DEBUG    PDM_KL log: {(10, 0.5, 10): {'shapes': [(784, 100), (100,), (100, 109), (109,), (109, 109), (109,), (109, 109), (109,), (109, 118), (118,), (118, 10), (10,)], 'train_accuracy': 0.09751666666666667, 'test_accuracy': 0.0974}} 
09-16 09:18 DEBUG    ****** PDM_KL matching ******** 
09-16 09:18 DEBUG    Best Sigma0: 10. Best sigma: 0.5 Best gamma: 10. Best Test accuracy: 0.0974. Train acc: 0.09751666666666667. 

09-16 09:18 DEBUG    PDM_KL log: {(10, 0.5, 10): {'shapes': [(784, 100), (100,), (100, 100), (100,), (100, 100), (100,), (100, 100), (100,), (100, 118), (118,), (118, 10), (10,)], 'train_accuracy': 0.09751666666666667, 'test_accuracy': 0.0974}} 
09-16 09:20 DEBUG    ****** PDM_KL matching ******** 
09-16 09:20 DEBUG    Best Sigma0: 10. Best sigma: 0.5 Best gamma: 10. Best Test accuracy: 0.0974. Train acc: 0.09751666666666667. 

09-16 09:20 DEBUG    PDM_KL log: {(10, 0.5, 10): {'shapes': [(784, 100), (100,), (100, 100), (100,), (100, 100), (100,), (100, 100), (100,), (100, 109), (109,), (109, 10), (10,)], 'train_accuracy': 0.09751666666666667, 'test_accuracy': 0.0974}} 
09-16 09:20 DEBUG    Trial 1 completed
09-16 09:20 DEBUG    ####################################################################################################
09-16 09:20 DEBUG    ####################################################################################################
09-16 09:20 DEBUG    Executing Trial 2 with seed 2
09-16 09:20 DEBUG    Data statistics: {0: {0: 613, 1: 691, 2: 569, 3: 611, 4: 600, 5: 562, 6: 585, 7: 610, 8: 590, 9: 569}, 1: {0: 570, 1: 663, 2: 625, 3: 641, 4: 617, 5: 521, 6: 584, 7: 610, 8: 576, 9: 593}, 2: {0: 595, 1: 669, 2: 620, 3: 637, 4: 572, 5: 563, 6: 606, 7: 618, 8: 547, 9: 573}, 3: {0: 572, 1: 675, 2: 577, 3: 575, 4: 587, 5: 546, 6: 611, 7: 637, 8: 606, 9: 614}, 4: {0: 569, 1: 623, 2: 612, 3: 646, 4: 593, 5: 550, 6: 617, 7: 608, 8: 584, 9: 598}, 5: {0: 587, 1: 695, 2: 601, 3: 613, 4: 563, 5: 546, 6: 576, 7: 657, 8: 593, 9: 569}, 6: {0: 618, 1: 690, 2: 608, 3: 559, 4: 573, 5: 541, 6: 572, 7: 633, 8: 590, 9: 616}, 7: {0: 611, 1: 691, 2: 579, 3: 637, 4: 587, 5: 530, 6: 551, 7: 660, 8: 555, 9: 599}, 8: {0: 640, 1: 672, 2: 587, 3: 574, 4: 581, 5: 525, 6: 595, 7: 632, 8: 580, 9: 614}, 9: {0: 548, 1: 673, 2: 580, 3: 638, 4: 569, 5: 537, 6: 621, 7: 600, 8: 630, 9: 604}}
09-16 09:21 DEBUG    **************************************************
09-16 09:21 DEBUG    Running experiments 

09-16 09:22 DEBUG    Uniform ensemble (Train acc): 0.964417
09-16 09:22 DEBUG    Uniform ensemble (Test acc): 0.962600
09-16 09:22 DEBUG    FedAvg (Train acc): 0.097517
09-16 09:22 DEBUG    FedAvg (Test acc): 0.097400
09-16 09:39 DEBUG    ****** PDM_KL matching ******** 
09-16 09:39 DEBUG    Best Sigma0: 10. Best sigma: 0.5 Best gamma: 10. Best Test accuracy: 0.9002. Train acc: 0.9043166666666667. 

09-16 09:39 DEBUG    PDM_KL log: {(10, 0.5, 10): {'shapes': [(784, 700), (700,), (700, 622), (622,), (622, 423), (423,), (423, 277), (277,), (277, 127), (127,), (127, 10), (10,)], 'train_accuracy': 0.9043166666666667, 'test_accuracy': 0.9002}} 
09-16 10:01 DEBUG    ****** PDM_KL matching ******** 
09-16 10:01 DEBUG    Best Sigma0: 10. Best sigma: 0.5 Best gamma: 10. Best Test accuracy: 0.9113. Train acc: 0.9135. 

09-16 10:01 DEBUG    PDM_KL log: {(10, 0.5, 10): {'shapes': [(784, 700), (700,), (700, 622), (622,), (622, 422), (422,), (422, 278), (278,), (278, 127), (127,), (127, 10), (10,)], 'train_accuracy': 0.9135, 'test_accuracy': 0.9113}} 
09-16 10:25 DEBUG    ****** PDM_KL matching ******** 
09-16 10:25 DEBUG    Best Sigma0: 10. Best sigma: 0.5 Best gamma: 10. Best Test accuracy: 0.8678. Train acc: 0.8725333333333334. 

09-16 10:25 DEBUG    PDM_KL log: {(10, 0.5, 10): {'shapes': [(784, 700), (700,), (700, 621), (621,), (621, 429), (429,), (429, 270), (270,), (270, 127), (127,), (127, 10), (10,)], 'train_accuracy': 0.8725333333333334, 'test_accuracy': 0.8678}} 
09-16 10:44 DEBUG    ****** PDM_KL matching ******** 
09-16 10:44 DEBUG    Best Sigma0: 10. Best sigma: 0.5 Best gamma: 10. Best Test accuracy: 0.9302. Train acc: 0.9321333333333334. 

09-16 10:44 DEBUG    PDM_KL log: {(10, 0.5, 10): {'shapes': [(784, 700), (700,), (700, 627), (627,), (627, 429), (429,), (429, 285), (285,), (285, 127), (127,), (127, 10), (10,)], 'train_accuracy': 0.9321333333333334, 'test_accuracy': 0.9302}} 
09-16 11:04 DEBUG    ****** PDM_KL matching ******** 
09-16 11:04 DEBUG    Best Sigma0: 10. Best sigma: 0.5 Best gamma: 10. Best Test accuracy: 0.895. Train acc: 0.89655. 

09-16 11:04 DEBUG    PDM_KL log: {(10, 0.5, 10): {'shapes': [(784, 700), (700,), (700, 601), (601,), (601, 388), (388,), (388, 270), (270,), (270, 127), (127,), (127, 10), (10,)], 'train_accuracy': 0.89655, 'test_accuracy': 0.895}} 
09-16 11:23 DEBUG    ****** PDM_KL matching ******** 
09-16 11:23 DEBUG    Best Sigma0: 10. Best sigma: 0.5 Best gamma: 10. Best Test accuracy: 0.8292. Train acc: 0.83025. 

09-16 11:23 DEBUG    PDM_KL log: {(10, 0.5, 10): {'shapes': [(784, 700), (700,), (700, 567), (567,), (567, 385), (385,), (385, 253), (253,), (253, 127), (127,), (127, 10), (10,)], 'train_accuracy': 0.83025, 'test_accuracy': 0.8292}} 
09-16 11:41 DEBUG    ****** PDM_KL matching ******** 
09-16 11:41 DEBUG    Best Sigma0: 10. Best sigma: 0.5 Best gamma: 10. Best Test accuracy: 0.6751. Train acc: 0.6849833333333334. 

09-16 11:41 DEBUG    PDM_KL log: {(10, 0.5, 10): {'shapes': [(784, 700), (700,), (700, 325), (325,), (325, 226), (226,), (226, 190), (190,), (190, 127), (127,), (127, 10), (10,)], 'train_accuracy': 0.6849833333333334, 'test_accuracy': 0.6751}} 
09-16 11:54 DEBUG    ****** PDM_KL matching ******** 
09-16 11:54 DEBUG    Best Sigma0: 10. Best sigma: 0.5 Best gamma: 10. Best Test accuracy: 0.3626. Train acc: 0.36195. 

09-16 11:54 DEBUG    PDM_KL log: {(10, 0.5, 10): {'shapes': [(784, 586), (586,), (586, 145), (145,), (145, 136), (136,), (136, 136), (136,), (136, 127), (127,), (127, 10), (10,)], 'train_accuracy': 0.36195, 'test_accuracy': 0.3626}} 
09-16 11:59 DEBUG    ****** PDM_KL matching ******** 
09-16 11:59 DEBUG    Best Sigma0: 10. Best sigma: 0.5 Best gamma: 10. Best Test accuracy: 0.0974. Train acc: 0.09751666666666667. 

09-16 11:59 DEBUG    PDM_KL log: {(10, 0.5, 10): {'shapes': [(784, 100), (100,), (100, 100), (100,), (100, 109), (109,), (109, 109), (109,), (109, 118), (118,), (118, 10), (10,)], 'train_accuracy': 0.09751666666666667, 'test_accuracy': 0.0974}} 
09-16 12:02 DEBUG    ****** PDM_KL matching ******** 
09-16 12:02 DEBUG    Best Sigma0: 10. Best sigma: 0.5 Best gamma: 10. Best Test accuracy: 0.0974. Train acc: 0.09751666666666667. 

09-16 12:02 DEBUG    PDM_KL log: {(10, 0.5, 10): {'shapes': [(784, 100), (100,), (100, 100), (100,), (100, 100), (100,), (100, 100), (100,), (100, 118), (118,), (118, 10), (10,)], 'train_accuracy': 0.09751666666666667, 'test_accuracy': 0.0974}} 
09-16 12:05 DEBUG    ****** PDM_KL matching ******** 
09-16 12:05 DEBUG    Best Sigma0: 10. Best sigma: 0.5 Best gamma: 10. Best Test accuracy: 0.0974. Train acc: 0.09751666666666667. 

09-16 12:05 DEBUG    PDM_KL log: {(10, 0.5, 10): {'shapes': [(784, 100), (100,), (100, 100), (100,), (100, 100), (100,), (100, 100), (100,), (100, 109), (109,), (109, 10), (10,)], 'train_accuracy': 0.09751666666666667, 'test_accuracy': 0.0974}} 
09-16 12:05 DEBUG    Trial 2 completed
09-16 12:05 DEBUG    ####################################################################################################
09-16 12:05 DEBUG    ####################################################################################################
09-16 12:05 DEBUG    Executing Trial 3 with seed 3
09-16 12:05 DEBUG    Data statistics: {0: {0: 578, 1: 726, 2: 611, 3: 606, 4: 571, 5: 535, 6: 562, 7: 646, 8: 594, 9: 571}, 1: {0: 600, 1: 656, 2: 590, 3: 593, 4: 586, 5: 569, 6: 596, 7: 639, 8: 573, 9: 598}, 2: {0: 557, 1: 671, 2: 594, 3: 628, 4: 595, 5: 530, 6: 564, 7: 644, 8: 612, 9: 605}, 3: {0: 574, 1: 669, 2: 615, 3: 645, 4: 595, 5: 523, 6: 579, 7: 577, 8: 600, 9: 623}, 4: {0: 574, 1: 677, 2: 571, 3: 636, 4: 600, 5: 539, 6: 608, 7: 623, 8: 579, 9: 593}, 5: {0: 585, 1: 682, 2: 619, 3: 631, 4: 587, 5: 524, 6: 591, 7: 599, 8: 553, 9: 629}, 6: {0: 626, 1: 693, 2: 582, 3: 595, 4: 568, 5: 563, 6: 605, 7: 618, 8: 588, 9: 562}, 7: {0: 613, 1: 663, 2: 592, 3: 590, 4: 550, 5: 521, 6: 600, 7: 660, 8: 615, 9: 596}, 8: {0: 624, 1: 689, 2: 589, 3: 620, 4: 567, 5: 570, 6: 575, 7: 618, 8: 563, 9: 585}, 9: {0: 592, 1: 616, 2: 595, 3: 587, 4: 623, 5: 547, 6: 638, 7: 641, 8: 574, 9: 587}}
09-16 12:06 DEBUG    **************************************************
09-16 12:06 DEBUG    Running experiments 

09-16 12:07 DEBUG    Uniform ensemble (Train acc): 0.964217
09-16 12:07 DEBUG    Uniform ensemble (Test acc): 0.961200
09-16 12:08 DEBUG    FedAvg (Train acc): 0.097517
09-16 12:08 DEBUG    FedAvg (Test acc): 0.097400
09-16 12:24 DEBUG    ****** PDM_KL matching ******** 
09-16 12:24 DEBUG    Best Sigma0: 10. Best sigma: 0.5 Best gamma: 10. Best Test accuracy: 0.895. Train acc: 0.9021. 

09-16 12:24 DEBUG    PDM_KL log: {(10, 0.5, 10): {'shapes': [(784, 700), (700,), (700, 647), (647,), (647, 414), (414,), (414, 260), (260,), (260, 127), (127,), (127, 10), (10,)], 'train_accuracy': 0.9021, 'test_accuracy': 0.895}} 
09-16 12:49 DEBUG    ****** PDM_KL matching ******** 
09-16 12:49 DEBUG    Best Sigma0: 10. Best sigma: 0.5 Best gamma: 10. Best Test accuracy: 0.9318. Train acc: 0.9343666666666667. 

09-16 12:49 DEBUG    PDM_KL log: {(10, 0.5, 10): {'shapes': [(784, 700), (700,), (700, 648), (648,), (648, 413), (413,), (413, 263), (263,), (263, 127), (127,), (127, 10), (10,)], 'train_accuracy': 0.9343666666666667, 'test_accuracy': 0.9318}} 
09-16 13:09 DEBUG    ****** PDM_KL matching ******** 
09-16 13:09 DEBUG    Best Sigma0: 10. Best sigma: 0.5 Best gamma: 10. Best Test accuracy: 0.9276. Train acc: 0.9299833333333334. 

09-16 13:09 DEBUG    PDM_KL log: {(10, 0.5, 10): {'shapes': [(784, 700), (700,), (700, 640), (640,), (640, 424), (424,), (424, 269), (269,), (269, 127), (127,), (127, 10), (10,)], 'train_accuracy': 0.9299833333333334, 'test_accuracy': 0.9276}} 
09-16 13:27 DEBUG    ****** PDM_KL matching ******** 
09-16 13:27 DEBUG    Best Sigma0: 10. Best sigma: 0.5 Best gamma: 10. Best Test accuracy: 0.9515. Train acc: 0.95315. 

09-16 13:27 DEBUG    PDM_KL log: {(10, 0.5, 10): {'shapes': [(784, 700), (700,), (700, 649), (649,), (649, 420), (420,), (420, 260), (260,), (260, 127), (127,), (127, 10), (10,)], 'train_accuracy': 0.95315, 'test_accuracy': 0.9515}} 
09-16 13:50 DEBUG    ****** PDM_KL matching ******** 
09-16 13:50 DEBUG    Best Sigma0: 10. Best sigma: 0.5 Best gamma: 10. Best Test accuracy: 0.9365. Train acc: 0.9364333333333333. 

09-16 13:50 DEBUG    PDM_KL log: {(10, 0.5, 10): {'shapes': [(784, 700), (700,), (700, 622), (622,), (622, 397), (397,), (397, 257), (257,), (257, 127), (127,), (127, 10), (10,)], 'train_accuracy': 0.9364333333333333, 'test_accuracy': 0.9365}} 
09-16 14:12 DEBUG    ****** PDM_KL matching ******** 
09-16 14:12 DEBUG    Best Sigma0: 10. Best sigma: 0.5 Best gamma: 10. Best Test accuracy: 0.8588. Train acc: 0.8609. 

09-16 14:12 DEBUG    PDM_KL log: {(10, 0.5, 10): {'shapes': [(784, 700), (700,), (700, 595), (595,), (595, 386), (386,), (386, 249), (249,), (249, 127), (127,), (127, 10), (10,)], 'train_accuracy': 0.8609, 'test_accuracy': 0.8588}} 
09-16 14:28 DEBUG    ****** PDM_KL matching ******** 
09-16 14:28 DEBUG    Best Sigma0: 10. Best sigma: 0.5 Best gamma: 10. Best Test accuracy: 0.8305. Train acc: 0.8394166666666667. 

09-16 14:28 DEBUG    PDM_KL log: {(10, 0.5, 10): {'shapes': [(784, 700), (700,), (700, 325), (325,), (325, 235), (235,), (235, 172), (172,), (172, 127), (127,), (127, 10), (10,)], 'train_accuracy': 0.8394166666666667, 'test_accuracy': 0.8305}} 
09-16 14:39 DEBUG    ****** PDM_KL matching ******** 
09-16 14:39 DEBUG    Best Sigma0: 10. Best sigma: 0.5 Best gamma: 10. Best Test accuracy: 0.3609. Train acc: 0.3631666666666667. 

09-16 14:39 DEBUG    PDM_KL log: {(10, 0.5, 10): {'shapes': [(784, 550), (550,), (550, 145), (145,), (145, 136), (136,), (136, 127), (127,), (127, 127), (127,), (127, 10), (10,)], 'train_accuracy': 0.3631666666666667, 'test_accuracy': 0.3609}} 
09-16 14:44 DEBUG    ****** PDM_KL matching ******** 
09-16 14:44 DEBUG    Best Sigma0: 10. Best sigma: 0.5 Best gamma: 10. Best Test accuracy: 0.0974. Train acc: 0.09751666666666667. 

09-16 14:44 DEBUG    PDM_KL log: {(10, 0.5, 10): {'shapes': [(784, 100), (100,), (100, 109), (109,), (109, 109), (109,), (109, 109), (109,), (109, 118), (118,), (118, 10), (10,)], 'train_accuracy': 0.09751666666666667, 'test_accuracy': 0.0974}} 
09-16 14:47 DEBUG    ****** PDM_KL matching ******** 
09-16 14:47 DEBUG    Best Sigma0: 10. Best sigma: 0.5 Best gamma: 10. Best Test accuracy: 0.0974. Train acc: 0.09751666666666667. 

09-16 14:47 DEBUG    PDM_KL log: {(10, 0.5, 10): {'shapes': [(784, 100), (100,), (100, 100), (100,), (100, 100), (100,), (100, 100), (100,), (100, 118), (118,), (118, 10), (10,)], 'train_accuracy': 0.09751666666666667, 'test_accuracy': 0.0974}} 
09-16 14:50 DEBUG    ****** PDM_KL matching ******** 
09-16 14:50 DEBUG    Best Sigma0: 10. Best sigma: 0.5 Best gamma: 10. Best Test accuracy: 0.0974. Train acc: 0.09751666666666667. 

09-16 14:50 DEBUG    PDM_KL log: {(10, 0.5, 10): {'shapes': [(784, 100), (100,), (100, 100), (100,), (100, 100), (100,), (100, 100), (100,), (100, 109), (109,), (109, 10), (10,)], 'train_accuracy': 0.09751666666666667, 'test_accuracy': 0.0974}} 
09-16 14:50 DEBUG    Trial 3 completed
09-16 14:50 DEBUG    ####################################################################################################
09-16 14:50 DEBUG    ####################################################################################################
09-16 14:50 DEBUG    Executing Trial 4 with seed 4
09-16 14:50 DEBUG    Data statistics: {0: {0: 580, 1: 694, 2: 624, 3: 614, 4: 560, 5: 523, 6: 605, 7: 625, 8: 581, 9: 594}, 1: {0: 617, 1: 648, 2: 621, 3: 611, 4: 566, 5: 565, 6: 567, 7: 655, 8: 587, 9: 563}, 2: {0: 557, 1: 697, 2: 599, 3: 597, 4: 588, 5: 541, 6: 602, 7: 606, 8: 620, 9: 593}, 3: {0: 594, 1: 659, 2: 550, 3: 623, 4: 626, 5: 545, 6: 592, 7: 603, 8: 560, 9: 648}, 4: {0: 579, 1: 706, 2: 598, 3: 652, 4: 580, 5: 547, 6: 641, 7: 616, 8: 507, 9: 574}, 5: {0: 631, 1: 658, 2: 584, 3: 617, 4: 603, 5: 526, 6: 583, 7: 609, 8: 604, 9: 585}, 6: {0: 576, 1: 686, 2: 595, 3: 601, 4: 573, 5: 535, 6: 589, 7: 678, 8: 559, 9: 608}, 7: {0: 614, 1: 663, 2: 624, 3: 600, 4: 587, 5: 528, 6: 574, 7: 610, 8: 636, 9: 564}, 8: {0: 577, 1: 690, 2: 601, 3: 589, 4: 581, 5: 550, 6: 549, 7: 641, 8: 593, 9: 629}, 9: {0: 598, 1: 641, 2: 562, 3: 627, 4: 578, 5: 561, 6: 616, 7: 622, 8: 604, 9: 591}}
09-16 14:52 DEBUG    **************************************************
09-16 14:52 DEBUG    Running experiments 

09-16 14:53 DEBUG    Uniform ensemble (Train acc): 0.963300
09-16 14:53 DEBUG    Uniform ensemble (Test acc): 0.960800
09-16 14:53 DEBUG    FedAvg (Train acc): 0.097517
09-16 14:53 DEBUG    FedAvg (Test acc): 0.097400
09-16 15:08 DEBUG    ****** PDM_KL matching ******** 
09-16 15:08 DEBUG    Best Sigma0: 10. Best sigma: 0.5 Best gamma: 10. Best Test accuracy: 0.8861. Train acc: 0.8864. 

09-16 15:08 DEBUG    PDM_KL log: {(10, 0.5, 10): {'shapes': [(784, 700), (700,), (700, 622), (622,), (622, 423), (423,), (423, 274), (274,), (274, 127), (127,), (127, 10), (10,)], 'train_accuracy': 0.8864, 'test_accuracy': 0.8861}} 
09-16 15:29 DEBUG    ****** PDM_KL matching ******** 
09-16 15:29 DEBUG    Best Sigma0: 10. Best sigma: 0.5 Best gamma: 10. Best Test accuracy: 0.919. Train acc: 0.9196. 

09-16 15:29 DEBUG    PDM_KL log: {(10, 0.5, 10): {'shapes': [(784, 700), (700,), (700, 612), (612,), (612, 415), (415,), (415, 271), (271,), (271, 127), (127,), (127, 10), (10,)], 'train_accuracy': 0.9196, 'test_accuracy': 0.919}} 
09-16 15:45 DEBUG    ****** PDM_KL matching ******** 
09-16 15:45 DEBUG    Best Sigma0: 10. Best sigma: 0.5 Best gamma: 10. Best Test accuracy: 0.9129. Train acc: 0.9128666666666667. 

09-16 15:45 DEBUG    PDM_KL log: {(10, 0.5, 10): {'shapes': [(784, 700), (700,), (700, 611), (611,), (611, 405), (405,), (405, 262), (262,), (262, 127), (127,), (127, 10), (10,)], 'train_accuracy': 0.9128666666666667, 'test_accuracy': 0.9129}} 
09-16 16:03 DEBUG    ****** PDM_KL matching ******** 
09-16 16:03 DEBUG    Best Sigma0: 10. Best sigma: 0.5 Best gamma: 10. Best Test accuracy: 0.946. Train acc: 0.94855. 

09-16 16:03 DEBUG    PDM_KL log: {(10, 0.5, 10): {'shapes': [(784, 700), (700,), (700, 612), (612,), (612, 420), (420,), (420, 269), (269,), (269, 127), (127,), (127, 10), (10,)], 'train_accuracy': 0.94855, 'test_accuracy': 0.946}} 
09-16 16:21 DEBUG    ****** PDM_KL matching ******** 
09-16 16:21 DEBUG    Best Sigma0: 10. Best sigma: 0.5 Best gamma: 10. Best Test accuracy: 0.9285. Train acc: 0.9317666666666666. 

09-16 16:21 DEBUG    PDM_KL log: {(10, 0.5, 10): {'shapes': [(784, 700), (700,), (700, 601), (601,), (601, 404), (404,), (404, 260), (260,), (260, 127), (127,), (127, 10), (10,)], 'train_accuracy': 0.9317666666666666, 'test_accuracy': 0.9285}} 
09-16 16:33 DEBUG    ****** PDM_KL matching ******** 
09-16 16:33 DEBUG    Best Sigma0: 10. Best sigma: 0.5 Best gamma: 10. Best Test accuracy: 0.9386. Train acc: 0.94215. 

09-16 16:33 DEBUG    PDM_KL log: {(10, 0.5, 10): {'shapes': [(784, 700), (700,), (700, 566), (566,), (566, 376), (376,), (376, 251), (251,), (251, 127), (127,), (127, 10), (10,)], 'train_accuracy': 0.94215, 'test_accuracy': 0.9386}} 
09-16 16:46 DEBUG    ****** PDM_KL matching ******** 
09-16 16:46 DEBUG    Best Sigma0: 10. Best sigma: 0.5 Best gamma: 10. Best Test accuracy: 0.7631. Train acc: 0.7570833333333333. 

09-16 16:46 DEBUG    PDM_KL log: {(10, 0.5, 10): {'shapes': [(784, 700), (700,), (700, 298), (298,), (298, 226), (226,), (226, 181), (181,), (181, 127), (127,), (127, 10), (10,)], 'train_accuracy': 0.7570833333333333, 'test_accuracy': 0.7631}} 
09-16 16:53 DEBUG    ****** PDM_KL matching ******** 
09-16 16:53 DEBUG    Best Sigma0: 10. Best sigma: 0.5 Best gamma: 10. Best Test accuracy: 0.2171. Train acc: 0.21371666666666667. 

09-16 16:53 DEBUG    PDM_KL log: {(10, 0.5, 10): {'shapes': [(784, 586), (586,), (586, 136), (136,), (136, 136), (136,), (136, 136), (136,), (136, 127), (127,), (127, 10), (10,)], 'train_accuracy': 0.21371666666666667, 'test_accuracy': 0.2171}} 
09-16 16:56 DEBUG    ****** PDM_KL matching ******** 
09-16 16:56 DEBUG    Best Sigma0: 10. Best sigma: 0.5 Best gamma: 10. Best Test accuracy: 0.0974. Train acc: 0.09751666666666667. 

09-16 16:56 DEBUG    PDM_KL log: {(10, 0.5, 10): {'shapes': [(784, 100), (100,), (100, 109), (109,), (109, 109), (109,), (109, 109), (109,), (109, 118), (118,), (118, 10), (10,)], 'train_accuracy': 0.09751666666666667, 'test_accuracy': 0.0974}} 
09-16 16:58 DEBUG    ****** PDM_KL matching ******** 
09-16 16:58 DEBUG    Best Sigma0: 10. Best sigma: 0.5 Best gamma: 10. Best Test accuracy: 0.0974. Train acc: 0.09751666666666667. 

09-16 16:58 DEBUG    PDM_KL log: {(10, 0.5, 10): {'shapes': [(784, 100), (100,), (100, 100), (100,), (100, 100), (100,), (100, 100), (100,), (100, 118), (118,), (118, 10), (10,)], 'train_accuracy': 0.09751666666666667, 'test_accuracy': 0.0974}} 
09-16 17:00 DEBUG    ****** PDM_KL matching ******** 
09-16 17:00 DEBUG    Best Sigma0: 10. Best sigma: 0.5 Best gamma: 10. Best Test accuracy: 0.0974. Train acc: 0.09751666666666667. 

09-16 17:00 DEBUG    PDM_KL log: {(10, 0.5, 10): {'shapes': [(784, 100), (100,), (100, 100), (100,), (100, 100), (100,), (100, 100), (100,), (100, 109), (109,), (109, 10), (10,)], 'train_accuracy': 0.09751666666666667, 'test_accuracy': 0.0974}} 
09-16 17:00 DEBUG    Trial 4 completed
09-16 17:00 DEBUG    ####################################################################################################
09-16 17:00 DEBUG    ####################################################################################################
09-16 17:00 DEBUG    Executing Trial 5 with seed 5
09-16 17:00 DEBUG    Data statistics: {0: {0: 565, 1: 648, 2: 579, 3: 636, 4: 604, 5: 509, 6: 611, 7: 660, 8: 602, 9: 586}, 1: {0: 633, 1: 675, 2: 592, 3: 613, 4: 571, 5: 505, 6: 594, 7: 640, 8: 580, 9: 597}, 2: {0: 603, 1: 699, 2: 564, 3: 589, 4: 573, 5: 546, 6: 576, 7: 621, 8: 593, 9: 636}, 3: {0: 626, 1: 652, 2: 608, 3: 607, 4: 574, 5: 563, 6: 581, 7: 634, 8: 552, 9: 603}, 4: {0: 579, 1: 684, 2: 592, 3: 631, 4: 561, 5: 548, 6: 565, 7: 626, 8: 637, 9: 577}, 5: {0: 579, 1: 672, 2: 616, 3: 629, 4: 575, 5: 552, 6: 588, 7: 647, 8: 559, 9: 583}, 6: {0: 579, 1: 664, 2: 607, 3: 607, 4: 628, 5: 580, 6: 564, 7: 592, 8: 565, 9: 614}, 7: {0: 572, 1: 678, 2: 612, 3: 616, 4: 591, 5: 535, 6: 626, 7: 624, 8: 557, 9: 589}, 8: {0: 603, 1: 683, 2: 591, 3: 628, 4: 582, 5: 559, 6: 610, 7: 611, 8: 571, 9: 562}, 9: {0: 584, 1: 687, 2: 597, 3: 575, 4: 583, 5: 524, 6: 603, 7: 610, 8: 635, 9: 602}}
09-16 17:01 DEBUG    **************************************************
09-16 17:01 DEBUG    Running experiments 

09-16 17:01 DEBUG    Uniform ensemble (Train acc): 0.963967
09-16 17:01 DEBUG    Uniform ensemble (Test acc): 0.963200
09-16 17:01 DEBUG    FedAvg (Train acc): 0.097517
09-16 17:01 DEBUG    FedAvg (Test acc): 0.097400
09-16 17:10 DEBUG    ****** PDM_KL matching ******** 
09-16 17:10 DEBUG    Best Sigma0: 10. Best sigma: 0.5 Best gamma: 10. Best Test accuracy: 0.9516. Train acc: 0.9530666666666666. 

09-16 17:10 DEBUG    PDM_KL log: {(10, 0.5, 10): {'shapes': [(784, 700), (700,), (700, 630), (630,), (630, 397), (397,), (397, 261), (261,), (261, 124), (124,), (124, 10), (10,)], 'train_accuracy': 0.9530666666666666, 'test_accuracy': 0.9516}} 
09-16 17:24 DEBUG    ****** PDM_KL matching ******** 
09-16 17:24 DEBUG    Best Sigma0: 10. Best sigma: 0.5 Best gamma: 10. Best Test accuracy: 0.8727. Train acc: 0.8762833333333333. 

09-16 17:24 DEBUG    PDM_KL log: {(10, 0.5, 10): {'shapes': [(784, 700), (700,), (700, 641), (641,), (641, 397), (397,), (397, 252), (252,), (252, 119), (119,), (119, 10), (10,)], 'train_accuracy': 0.8762833333333333, 'test_accuracy': 0.8727}} 
09-16 17:36 DEBUG    ****** PDM_KL matching ******** 
09-16 17:36 DEBUG    Best Sigma0: 10. Best sigma: 0.5 Best gamma: 10. Best Test accuracy: 0.9134. Train acc: 0.91485. 

09-16 17:36 DEBUG    PDM_KL log: {(10, 0.5, 10): {'shapes': [(784, 700), (700,), (700, 640), (640,), (640, 403), (403,), (403, 270), (270,), (270, 119), (119,), (119, 10), (10,)], 'train_accuracy': 0.91485, 'test_accuracy': 0.9134}} 
09-16 17:49 DEBUG    ****** PDM_KL matching ******** 
09-16 17:49 DEBUG    Best Sigma0: 10. Best sigma: 0.5 Best gamma: 10. Best Test accuracy: 0.8771. Train acc: 0.8813166666666666. 

09-16 17:49 DEBUG    PDM_KL log: {(10, 0.5, 10): {'shapes': [(784, 700), (700,), (700, 628), (628,), (628, 396), (396,), (396, 261), (261,), (261, 121), (121,), (121, 10), (10,)], 'train_accuracy': 0.8813166666666666, 'test_accuracy': 0.8771}} 
09-16 18:02 DEBUG    ****** PDM_KL matching ******** 
09-16 18:02 DEBUG    Best Sigma0: 10. Best sigma: 0.5 Best gamma: 10. Best Test accuracy: 0.8952. Train acc: 0.89805. 

09-16 18:02 DEBUG    PDM_KL log: {(10, 0.5, 10): {'shapes': [(784, 700), (700,), (700, 595), (595,), (595, 385), (385,), (385, 261), (261,), (261, 119), (119,), (119, 10), (10,)], 'train_accuracy': 0.89805, 'test_accuracy': 0.8952}} 
09-16 18:16 DEBUG    ****** PDM_KL matching ******** 
09-16 18:16 DEBUG    Best Sigma0: 10. Best sigma: 0.5 Best gamma: 10. Best Test accuracy: 0.8383. Train acc: 0.8367833333333333. 

09-16 18:16 DEBUG    PDM_KL log: {(10, 0.5, 10): {'shapes': [(784, 700), (700,), (700, 577), (577,), (577, 368), (368,), (368, 249), (249,), (249, 119), (119,), (119, 10), (10,)], 'train_accuracy': 0.8367833333333333, 'test_accuracy': 0.8383}} 
09-16 18:24 DEBUG    ****** PDM_KL matching ******** 
09-16 18:24 DEBUG    Best Sigma0: 10. Best sigma: 0.5 Best gamma: 10. Best Test accuracy: 0.7165. Train acc: 0.7182. 

09-16 18:24 DEBUG    PDM_KL log: {(10, 0.5, 10): {'shapes': [(784, 700), (700,), (700, 316), (316,), (316, 217), (217,), (217, 181), (181,), (181, 127), (127,), (127, 10), (10,)], 'train_accuracy': 0.7182, 'test_accuracy': 0.7165}} 
09-16 18:29 DEBUG    ****** PDM_KL matching ******** 
09-16 18:29 DEBUG    Best Sigma0: 10. Best sigma: 0.5 Best gamma: 10. Best Test accuracy: 0.2895. Train acc: 0.28325. 

09-16 18:29 DEBUG    PDM_KL log: {(10, 0.5, 10): {'shapes': [(784, 541), (541,), (541, 136), (136,), (136, 136), (136,), (136, 136), (136,), (136, 127), (127,), (127, 10), (10,)], 'train_accuracy': 0.28325, 'test_accuracy': 0.2895}} 
09-16 18:30 DEBUG    ****** PDM_KL matching ******** 
09-16 18:30 DEBUG    Best Sigma0: 10. Best sigma: 0.5 Best gamma: 10. Best Test accuracy: 0.0974. Train acc: 0.09751666666666667. 

09-16 18:30 DEBUG    PDM_KL log: {(10, 0.5, 10): {'shapes': [(784, 100), (100,), (100, 109), (109,), (109, 109), (109,), (109, 109), (109,), (109, 118), (118,), (118, 10), (10,)], 'train_accuracy': 0.09751666666666667, 'test_accuracy': 0.0974}} 
09-16 18:33 DEBUG    ****** PDM_KL matching ******** 
09-16 18:33 DEBUG    Best Sigma0: 10. Best sigma: 0.5 Best gamma: 10. Best Test accuracy: 0.0974. Train acc: 0.09751666666666667. 

09-16 18:33 DEBUG    PDM_KL log: {(10, 0.5, 10): {'shapes': [(784, 100), (100,), (100, 100), (100,), (100, 100), (100,), (100, 100), (100,), (100, 118), (118,), (118, 10), (10,)], 'train_accuracy': 0.09751666666666667, 'test_accuracy': 0.0974}} 
09-16 18:34 DEBUG    ****** PDM_KL matching ******** 
09-16 18:34 DEBUG    Best Sigma0: 10. Best sigma: 0.5 Best gamma: 10. Best Test accuracy: 0.0974. Train acc: 0.09751666666666667. 

09-16 18:34 DEBUG    PDM_KL log: {(10, 0.5, 10): {'shapes': [(784, 100), (100,), (100, 100), (100,), (100, 100), (100,), (100, 100), (100,), (100, 109), (109,), (109, 10), (10,)], 'train_accuracy': 0.09751666666666667, 'test_accuracy': 0.0974}} 
09-16 18:34 DEBUG    Trial 5 completed
09-16 18:34 DEBUG    ####################################################################################################
09-16 18:34 DEBUG    ####################################################################################################
09-16 18:34 DEBUG    Executing Trial 6 with seed 6
09-16 18:34 DEBUG    Data statistics: {0: {0: 590, 1: 661, 2: 587, 3: 624, 4: 613, 5: 542, 6: 623, 7: 604, 8: 557, 9: 599}, 1: {0: 561, 1: 716, 2: 606, 3: 636, 4: 568, 5: 547, 6: 552, 7: 633, 8: 614, 9: 567}, 2: {0: 606, 1: 716, 2: 582, 3: 615, 4: 579, 5: 513, 6: 583, 7: 607, 8: 571, 9: 628}, 3: {0: 589, 1: 664, 2: 553, 3: 609, 4: 561, 5: 570, 6: 620, 7: 636, 8: 604, 9: 594}, 4: {0: 592, 1: 682, 2: 656, 3: 604, 4: 573, 5: 521, 6: 594, 7: 634, 8: 569, 9: 575}, 5: {0: 572, 1: 693, 2: 589, 3: 661, 4: 560, 5: 546, 6: 572, 7: 638, 8: 589, 9: 580}, 6: {0: 626, 1: 663, 2: 593, 3: 573, 4: 615, 5: 560, 6: 604, 7: 597, 8: 566, 9: 603}, 7: {0: 617, 1: 650, 2: 594, 3: 583, 4: 591, 5: 500, 6: 617, 7: 657, 8: 579, 9: 612}, 8: {0: 578, 1: 643, 2: 592, 3: 629, 4: 581, 5: 554, 6: 571, 7: 653, 8: 588, 9: 611}, 9: {0: 592, 1: 654, 2: 606, 3: 597, 4: 601, 5: 568, 6: 582, 7: 606, 8: 614, 9: 580}}
09-16 18:35 DEBUG    **************************************************
09-16 18:35 DEBUG    Running experiments 

09-16 18:35 DEBUG    Uniform ensemble (Train acc): 0.964050
09-16 18:35 DEBUG    Uniform ensemble (Test acc): 0.962000
09-16 18:35 DEBUG    FedAvg (Train acc): 0.097517
09-16 18:35 DEBUG    FedAvg (Test acc): 0.097400
09-16 18:44 DEBUG    ****** PDM_KL matching ******** 
09-16 18:44 DEBUG    Best Sigma0: 10. Best sigma: 0.5 Best gamma: 10. Best Test accuracy: 0.9189. Train acc: 0.9176833333333333. 

09-16 18:44 DEBUG    PDM_KL log: {(10, 0.5, 10): {'shapes': [(784, 700), (700,), (700, 638), (638,), (638, 422), (422,), (422, 284), (284,), (284, 127), (127,), (127, 10), (10,)], 'train_accuracy': 0.9176833333333333, 'test_accuracy': 0.9189}} 
09-16 18:58 DEBUG    ****** PDM_KL matching ******** 
09-16 18:58 DEBUG    Best Sigma0: 10. Best sigma: 0.5 Best gamma: 10. Best Test accuracy: 0.8602. Train acc: 0.8626666666666667. 

09-16 18:58 DEBUG    PDM_KL log: {(10, 0.5, 10): {'shapes': [(784, 700), (700,), (700, 628), (628,), (628, 424), (424,), (424, 280), (280,), (280, 127), (127,), (127, 10), (10,)], 'train_accuracy': 0.8626666666666667, 'test_accuracy': 0.8602}} 
09-16 19:12 DEBUG    ****** PDM_KL matching ******** 
09-16 19:12 DEBUG    Best Sigma0: 10. Best sigma: 0.5 Best gamma: 10. Best Test accuracy: 0.952. Train acc: 0.9545666666666667. 

09-16 19:12 DEBUG    PDM_KL log: {(10, 0.5, 10): {'shapes': [(784, 700), (700,), (700, 631), (631,), (631, 415), (415,), (415, 288), (288,), (288, 127), (127,), (127, 10), (10,)], 'train_accuracy': 0.9545666666666667, 'test_accuracy': 0.952}} 
09-16 19:27 DEBUG    ****** PDM_KL matching ******** 
09-16 19:27 DEBUG    Best Sigma0: 10. Best sigma: 0.5 Best gamma: 10. Best Test accuracy: 0.8649. Train acc: 0.8674333333333333. 

09-16 19:27 DEBUG    PDM_KL log: {(10, 0.5, 10): {'shapes': [(784, 700), (700,), (700, 631), (631,), (631, 415), (415,), (415, 288), (288,), (288, 127), (127,), (127, 10), (10,)], 'train_accuracy': 0.8674333333333333, 'test_accuracy': 0.8649}} 
09-16 19:41 DEBUG    ****** PDM_KL matching ******** 
09-16 19:41 DEBUG    Best Sigma0: 10. Best sigma: 0.5 Best gamma: 10. Best Test accuracy: 0.8818. Train acc: 0.8829833333333333. 

09-16 19:41 DEBUG    PDM_KL log: {(10, 0.5, 10): {'shapes': [(784, 700), (700,), (700, 610), (610,), (610, 411), (411,), (411, 286), (286,), (286, 127), (127,), (127, 10), (10,)], 'train_accuracy': 0.8829833333333333, 'test_accuracy': 0.8818}} 
09-16 19:49 DEBUG    ****** PDM_KL matching ******** 
09-16 19:49 DEBUG    Best Sigma0: 10. Best sigma: 0.5 Best gamma: 10. Best Test accuracy: 0.8823. Train acc: 0.8887833333333334. 

09-16 19:49 DEBUG    PDM_KL log: {(10, 0.5, 10): {'shapes': [(784, 700), (700,), (700, 577), (577,), (577, 379), (379,), (379, 260), (260,), (260, 127), (127,), (127, 10), (10,)], 'train_accuracy': 0.8887833333333334, 'test_accuracy': 0.8823}} 
09-16 19:56 DEBUG    ****** PDM_KL matching ******** 
09-16 19:56 DEBUG    Best Sigma0: 10. Best sigma: 0.5 Best gamma: 10. Best Test accuracy: 0.8193. Train acc: 0.81805. 

09-16 19:56 DEBUG    PDM_KL log: {(10, 0.5, 10): {'shapes': [(784, 700), (700,), (700, 314), (314,), (314, 235), (235,), (235, 198), (198,), (198, 127), (127,), (127, 10), (10,)], 'train_accuracy': 0.81805, 'test_accuracy': 0.8193}} 
09-16 20:02 DEBUG    ****** PDM_KL matching ******** 
09-16 20:02 DEBUG    Best Sigma0: 10. Best sigma: 0.5 Best gamma: 10. Best Test accuracy: 0.3695. Train acc: 0.3662666666666667. 

09-16 20:02 DEBUG    PDM_KL log: {(10, 0.5, 10): {'shapes': [(784, 586), (586,), (586, 136), (136,), (136, 136), (136,), (136, 136), (136,), (136, 127), (127,), (127, 10), (10,)], 'train_accuracy': 0.3662666666666667, 'test_accuracy': 0.3695}} 
09-16 20:03 DEBUG    ****** PDM_KL matching ******** 
09-16 20:03 DEBUG    Best Sigma0: 10. Best sigma: 0.5 Best gamma: 10. Best Test accuracy: 0.0974. Train acc: 0.09751666666666667. 

09-16 20:03 DEBUG    PDM_KL log: {(10, 0.5, 10): {'shapes': [(784, 100), (100,), (100, 100), (100,), (100, 109), (109,), (109, 109), (109,), (109, 118), (118,), (118, 10), (10,)], 'train_accuracy': 0.09751666666666667, 'test_accuracy': 0.0974}} 
09-16 20:04 DEBUG    ****** PDM_KL matching ******** 
09-16 20:04 DEBUG    Best Sigma0: 10. Best sigma: 0.5 Best gamma: 10. Best Test accuracy: 0.0974. Train acc: 0.09751666666666667. 

09-16 20:04 DEBUG    PDM_KL log: {(10, 0.5, 10): {'shapes': [(784, 100), (100,), (100, 100), (100,), (100, 100), (100,), (100, 100), (100,), (100, 118), (118,), (118, 10), (10,)], 'train_accuracy': 0.09751666666666667, 'test_accuracy': 0.0974}} 
09-16 20:06 DEBUG    ****** PDM_KL matching ******** 
09-16 20:06 DEBUG    Best Sigma0: 10. Best sigma: 0.5 Best gamma: 10. Best Test accuracy: 0.0974. Train acc: 0.09751666666666667. 

09-16 20:06 DEBUG    PDM_KL log: {(10, 0.5, 10): {'shapes': [(784, 100), (100,), (100, 100), (100,), (100, 100), (100,), (100, 100), (100,), (100, 109), (109,), (109, 10), (10,)], 'train_accuracy': 0.09751666666666667, 'test_accuracy': 0.0974}} 
09-16 20:06 DEBUG    Trial 6 completed
09-16 20:06 DEBUG    ####################################################################################################
09-16 20:06 DEBUG    ####################################################################################################
09-16 20:06 DEBUG    Executing Trial 7 with seed 7
09-16 20:06 DEBUG    Data statistics: {0: {0: 554, 1: 669, 2: 572, 3: 681, 4: 598, 5: 558, 6: 636, 7: 619, 8: 562, 9: 551}, 1: {0: 590, 1: 674, 2: 557, 3: 563, 4: 600, 5: 553, 6: 565, 7: 674, 8: 639, 9: 585}, 2: {0: 605, 1: 703, 2: 584, 3: 644, 4: 578, 5: 529, 6: 563, 7: 606, 8: 577, 9: 611}, 3: {0: 581, 1: 680, 2: 615, 3: 621, 4: 560, 5: 588, 6: 616, 7: 604, 8: 523, 9: 612}, 4: {0: 623, 1: 671, 2: 621, 3: 623, 4: 589, 5: 521, 6: 604, 7: 610, 8: 560, 9: 578}, 5: {0: 571, 1: 610, 2: 573, 3: 626, 4: 602, 5: 557, 6: 561, 7: 678, 8: 604, 9: 618}, 6: {0: 552, 1: 679, 2: 615, 3: 613, 4: 559, 5: 514, 6: 599, 7: 643, 8: 606, 9: 620}, 7: {0: 620, 1: 710, 2: 621, 3: 598, 4: 568, 5: 520, 6: 575, 7: 612, 8: 597, 9: 579}, 8: {0: 625, 1: 671, 2: 596, 3: 560, 4: 620, 5: 530, 6: 646, 7: 593, 8: 558, 9: 601}, 9: {0: 602, 1: 675, 2: 604, 3: 602, 4: 568, 5: 551, 6: 553, 7: 626, 8: 625, 9: 594}}
09-16 20:06 DEBUG    **************************************************
09-16 20:06 DEBUG    Running experiments 

09-16 20:06 DEBUG    Uniform ensemble (Train acc): 0.962883
09-16 20:06 DEBUG    Uniform ensemble (Test acc): 0.960600
09-16 20:07 DEBUG    FedAvg (Train acc): 0.097517
09-16 20:07 DEBUG    FedAvg (Test acc): 0.097400
09-16 20:13 DEBUG    ****** PDM_KL matching ******** 
09-16 20:13 DEBUG    Best Sigma0: 10. Best sigma: 0.5 Best gamma: 10. Best Test accuracy: 0.8641. Train acc: 0.8669333333333333. 

09-16 20:13 DEBUG    PDM_KL log: {(10, 0.5, 10): {'shapes': [(784, 700), (700,), (700, 604), (604,), (604, 406), (406,), (406, 271), (271,), (271, 127), (127,), (127, 10), (10,)], 'train_accuracy': 0.8669333333333333, 'test_accuracy': 0.8641}} 
09-16 20:23 DEBUG    ****** PDM_KL matching ******** 
09-16 20:23 DEBUG    Best Sigma0: 10. Best sigma: 0.5 Best gamma: 10. Best Test accuracy: 0.9489. Train acc: 0.9502. 

09-16 20:23 DEBUG    PDM_KL log: {(10, 0.5, 10): {'shapes': [(784, 700), (700,), (700, 610), (610,), (610, 410), (410,), (410, 283), (283,), (283, 127), (127,), (127, 10), (10,)], 'train_accuracy': 0.9502, 'test_accuracy': 0.9489}} 
09-16 20:32 DEBUG    ****** PDM_KL matching ******** 
09-16 20:32 DEBUG    Best Sigma0: 10. Best sigma: 0.5 Best gamma: 10. Best Test accuracy: 0.9235. Train acc: 0.9250833333333334. 

09-16 20:32 DEBUG    PDM_KL log: {(10, 0.5, 10): {'shapes': [(784, 700), (700,), (700, 609), (609,), (609, 409), (409,), (409, 271), (271,), (271, 127), (127,), (127, 10), (10,)], 'train_accuracy': 0.9250833333333334, 'test_accuracy': 0.9235}} 
09-16 20:42 DEBUG    ****** PDM_KL matching ******** 
09-16 20:42 DEBUG    Best Sigma0: 10. Best sigma: 0.5 Best gamma: 10. Best Test accuracy: 0.923. Train acc: 0.9236. 

09-16 20:42 DEBUG    PDM_KL log: {(10, 0.5, 10): {'shapes': [(784, 700), (700,), (700, 602), (602,), (602, 403), (403,), (403, 264), (264,), (264, 127), (127,), (127, 10), (10,)], 'train_accuracy': 0.9236, 'test_accuracy': 0.923}} 
09-16 20:49 DEBUG    ****** PDM_KL matching ******** 
09-16 20:49 DEBUG    Best Sigma0: 10. Best sigma: 0.5 Best gamma: 10. Best Test accuracy: 0.9194. Train acc: 0.92135. 

09-16 20:49 DEBUG    PDM_KL log: {(10, 0.5, 10): {'shapes': [(784, 700), (700,), (700, 576), (576,), (576, 378), (378,), (378, 262), (262,), (262, 127), (127,), (127, 10), (10,)], 'train_accuracy': 0.92135, 'test_accuracy': 0.9194}} 
09-16 20:59 DEBUG    ****** PDM_KL matching ******** 
09-16 20:59 DEBUG    Best Sigma0: 10. Best sigma: 0.5 Best gamma: 10. Best Test accuracy: 0.882. Train acc: 0.8851833333333333. 

09-16 20:59 DEBUG    PDM_KL log: {(10, 0.5, 10): {'shapes': [(784, 700), (700,), (700, 549), (549,), (549, 359), (359,), (359, 251), (251,), (251, 118), (118,), (118, 10), (10,)], 'train_accuracy': 0.8851833333333333, 'test_accuracy': 0.882}} 
09-16 21:07 DEBUG    ****** PDM_KL matching ******** 
09-16 21:07 DEBUG    Best Sigma0: 10. Best sigma: 0.5 Best gamma: 10. Best Test accuracy: 0.812. Train acc: 0.8109666666666666. 

09-16 21:07 DEBUG    PDM_KL log: {(10, 0.5, 10): {'shapes': [(784, 700), (700,), (700, 307), (307,), (307, 226), (226,), (226, 181), (181,), (181, 127), (127,), (127, 10), (10,)], 'train_accuracy': 0.8109666666666666, 'test_accuracy': 0.812}} 
09-16 21:11 DEBUG    ****** PDM_KL matching ******** 
09-16 21:11 DEBUG    Best Sigma0: 10. Best sigma: 0.5 Best gamma: 10. Best Test accuracy: 0.2976. Train acc: 0.2982166666666667. 

09-16 21:11 DEBUG    PDM_KL log: {(10, 0.5, 10): {'shapes': [(784, 460), (460,), (460, 136), (136,), (136, 136), (136,), (136, 136), (136,), (136, 127), (127,), (127, 10), (10,)], 'train_accuracy': 0.2982166666666667, 'test_accuracy': 0.2976}} 
09-16 21:14 DEBUG    ****** PDM_KL matching ******** 
09-16 21:14 DEBUG    Best Sigma0: 10. Best sigma: 0.5 Best gamma: 10. Best Test accuracy: 0.0974. Train acc: 0.09751666666666667. 

09-16 21:14 DEBUG    PDM_KL log: {(10, 0.5, 10): {'shapes': [(784, 100), (100,), (100, 100), (100,), (100, 109), (109,), (109, 109), (109,), (109, 118), (118,), (118, 10), (10,)], 'train_accuracy': 0.09751666666666667, 'test_accuracy': 0.0974}} 
09-16 21:16 DEBUG    ****** PDM_KL matching ******** 
09-16 21:16 DEBUG    Best Sigma0: 10. Best sigma: 0.5 Best gamma: 10. Best Test accuracy: 0.0974. Train acc: 0.09751666666666667. 

09-16 21:16 DEBUG    PDM_KL log: {(10, 0.5, 10): {'shapes': [(784, 100), (100,), (100, 100), (100,), (100, 100), (100,), (100, 100), (100,), (100, 118), (118,), (118, 10), (10,)], 'train_accuracy': 0.09751666666666667, 'test_accuracy': 0.0974}} 
09-16 21:17 DEBUG    ****** PDM_KL matching ******** 
09-16 21:17 DEBUG    Best Sigma0: 10. Best sigma: 0.5 Best gamma: 10. Best Test accuracy: 0.0974. Train acc: 0.09751666666666667. 

09-16 21:17 DEBUG    PDM_KL log: {(10, 0.5, 10): {'shapes': [(784, 100), (100,), (100, 100), (100,), (100, 100), (100,), (100, 100), (100,), (100, 109), (109,), (109, 10), (10,)], 'train_accuracy': 0.09751666666666667, 'test_accuracy': 0.0974}} 
09-16 21:17 DEBUG    Trial 7 completed
09-16 21:17 DEBUG    ####################################################################################################
09-16 21:17 DEBUG    ####################################################################################################
09-16 21:17 DEBUG    Executing Trial 8 with seed 8
09-16 21:17 DEBUG    Data statistics: {0: {0: 620, 1: 730, 2: 568, 3: 602, 4: 590, 5: 552, 6: 565, 7: 589, 8: 589, 9: 595}, 1: {0: 561, 1: 698, 2: 592, 3: 646, 4: 560, 5: 536, 6: 577, 7: 649, 8: 588, 9: 593}, 2: {0: 570, 1: 688, 2: 603, 3: 629, 4: 604, 5: 523, 6: 550, 7: 621, 8: 604, 9: 608}, 3: {0: 578, 1: 648, 2: 618, 3: 613, 4: 572, 5: 563, 6: 582, 7: 636, 8: 600, 9: 590}, 4: {0: 619, 1: 660, 2: 598, 3: 600, 4: 586, 5: 549, 6: 620, 7: 609, 8: 554, 9: 605}, 5: {0: 615, 1: 635, 2: 587, 3: 603, 4: 618, 5: 531, 6: 612, 7: 635, 8: 575, 9: 589}, 6: {0: 582, 1: 659, 2: 579, 3: 622, 4: 554, 5: 563, 6: 560, 7: 669, 8: 594, 9: 618}, 7: {0: 582, 1: 675, 2: 607, 3: 613, 4: 578, 5: 565, 6: 612, 7: 613, 8: 558, 9: 597}, 8: {0: 586, 1: 669, 2: 609, 3: 592, 4: 589, 5: 506, 6: 616, 7: 637, 8: 604, 9: 592}, 9: {0: 610, 1: 680, 2: 597, 3: 611, 4: 591, 5: 533, 6: 624, 7: 607, 8: 585, 9: 562}}
09-16 21:18 DEBUG    **************************************************
09-16 21:18 DEBUG    Running experiments 

09-16 21:18 DEBUG    Uniform ensemble (Train acc): 0.964950
09-16 21:18 DEBUG    Uniform ensemble (Test acc): 0.961200
09-16 21:18 DEBUG    FedAvg (Train acc): 0.097517
09-16 21:18 DEBUG    FedAvg (Test acc): 0.097400
09-16 21:24 DEBUG    ****** PDM_KL matching ******** 
09-16 21:24 DEBUG    Best Sigma0: 10. Best sigma: 0.5 Best gamma: 10. Best Test accuracy: 0.9499. Train acc: 0.9547. 

09-16 21:24 DEBUG    PDM_KL log: {(10, 0.5, 10): {'shapes': [(784, 700), (700,), (700, 676), (676,), (676, 442), (442,), (442, 297), (297,), (297, 127), (127,), (127, 10), (10,)], 'train_accuracy': 0.9547, 'test_accuracy': 0.9499}} 
09-16 21:34 DEBUG    ****** PDM_KL matching ******** 
09-16 21:34 DEBUG    Best Sigma0: 10. Best sigma: 0.5 Best gamma: 10. Best Test accuracy: 0.9196. Train acc: 0.9200833333333334. 

09-16 21:34 DEBUG    PDM_KL log: {(10, 0.5, 10): {'shapes': [(784, 700), (700,), (700, 657), (657,), (657, 449), (449,), (449, 301), (301,), (301, 127), (127,), (127, 10), (10,)], 'train_accuracy': 0.9200833333333334, 'test_accuracy': 0.9196}} 
09-16 21:44 DEBUG    ****** PDM_KL matching ******** 
09-16 21:44 DEBUG    Best Sigma0: 10. Best sigma: 0.5 Best gamma: 10. Best Test accuracy: 0.9564. Train acc: 0.9565666666666667. 

09-16 21:44 DEBUG    PDM_KL log: {(10, 0.5, 10): {'shapes': [(784, 700), (700,), (700, 667), (667,), (667, 449), (449,), (449, 303), (303,), (303, 127), (127,), (127, 10), (10,)], 'train_accuracy': 0.9565666666666667, 'test_accuracy': 0.9564}} 
09-16 21:52 DEBUG    ****** PDM_KL matching ******** 
09-16 21:52 DEBUG    Best Sigma0: 10. Best sigma: 0.5 Best gamma: 10. Best Test accuracy: 0.9444. Train acc: 0.9478. 

09-16 21:52 DEBUG    PDM_KL log: {(10, 0.5, 10): {'shapes': [(784, 700), (700,), (700, 666), (666,), (666, 424), (424,), (424, 296), (296,), (296, 127), (127,), (127, 10), (10,)], 'train_accuracy': 0.9478, 'test_accuracy': 0.9444}} 
09-16 21:58 DEBUG    ****** PDM_KL matching ******** 
09-16 21:58 DEBUG    Best Sigma0: 10. Best sigma: 0.5 Best gamma: 10. Best Test accuracy: 0.9464. Train acc: 0.9469833333333333. 

09-16 21:58 DEBUG    PDM_KL log: {(10, 0.5, 10): {'shapes': [(784, 700), (700,), (700, 658), (658,), (658, 425), (425,), (425, 277), (277,), (277, 118), (118,), (118, 10), (10,)], 'train_accuracy': 0.9469833333333333, 'test_accuracy': 0.9464}} 
09-16 22:05 DEBUG    ****** PDM_KL matching ******** 
09-16 22:05 DEBUG    Best Sigma0: 10. Best sigma: 0.5 Best gamma: 10. Best Test accuracy: 0.9499. Train acc: 0.95005. 

09-16 22:05 DEBUG    PDM_KL log: {(10, 0.5, 10): {'shapes': [(784, 700), (700,), (700, 613), (613,), (613, 397), (397,), (397, 277), (277,), (277, 118), (118,), (118, 10), (10,)], 'train_accuracy': 0.95005, 'test_accuracy': 0.9499}} 
09-16 22:11 DEBUG    ****** PDM_KL matching ******** 
09-16 22:11 DEBUG    Best Sigma0: 10. Best sigma: 0.5 Best gamma: 10. Best Test accuracy: 0.6841. Train acc: 0.6799166666666666. 

09-16 22:11 DEBUG    PDM_KL log: {(10, 0.5, 10): {'shapes': [(784, 700), (700,), (700, 333), (333,), (333, 244), (244,), (244, 189), (189,), (189, 127), (127,), (127, 10), (10,)], 'train_accuracy': 0.6799166666666666, 'test_accuracy': 0.6841}} 
09-16 22:14 DEBUG    ****** PDM_KL matching ******** 
09-16 22:14 DEBUG    Best Sigma0: 10. Best sigma: 0.5 Best gamma: 10. Best Test accuracy: 0.259. Train acc: 0.2574. 

09-16 22:14 DEBUG    PDM_KL log: {(10, 0.5, 10): {'shapes': [(784, 586), (586,), (586, 136), (136,), (136, 136), (136,), (136, 136), (136,), (136, 127), (127,), (127, 10), (10,)], 'train_accuracy': 0.2574, 'test_accuracy': 0.259}} 
09-16 22:15 DEBUG    ****** PDM_KL matching ******** 
09-16 22:15 DEBUG    Best Sigma0: 10. Best sigma: 0.5 Best gamma: 10. Best Test accuracy: 0.0974. Train acc: 0.09751666666666667. 

09-16 22:15 DEBUG    PDM_KL log: {(10, 0.5, 10): {'shapes': [(784, 100), (100,), (100, 100), (100,), (100, 109), (109,), (109, 109), (109,), (109, 118), (118,), (118, 10), (10,)], 'train_accuracy': 0.09751666666666667, 'test_accuracy': 0.0974}} 
09-16 22:17 DEBUG    ****** PDM_KL matching ******** 
09-16 22:17 DEBUG    Best Sigma0: 10. Best sigma: 0.5 Best gamma: 10. Best Test accuracy: 0.0974. Train acc: 0.09751666666666667. 

09-16 22:17 DEBUG    PDM_KL log: {(10, 0.5, 10): {'shapes': [(784, 100), (100,), (100, 100), (100,), (100, 100), (100,), (100, 100), (100,), (100, 118), (118,), (118, 10), (10,)], 'train_accuracy': 0.09751666666666667, 'test_accuracy': 0.0974}} 
09-16 22:18 DEBUG    ****** PDM_KL matching ******** 
09-16 22:18 DEBUG    Best Sigma0: 10. Best sigma: 0.5 Best gamma: 10. Best Test accuracy: 0.0974. Train acc: 0.09751666666666667. 

09-16 22:18 DEBUG    PDM_KL log: {(10, 0.5, 10): {'shapes': [(784, 100), (100,), (100, 100), (100,), (100, 100), (100,), (100, 100), (100,), (100, 109), (109,), (109, 10), (10,)], 'train_accuracy': 0.09751666666666667, 'test_accuracy': 0.0974}} 
09-16 22:18 DEBUG    Trial 8 completed
09-16 22:18 DEBUG    ####################################################################################################
09-16 22:18 DEBUG    ####################################################################################################
09-16 22:18 DEBUG    Executing Trial 9 with seed 9
09-16 22:18 DEBUG    Data statistics: {0: {0: 598, 1: 728, 2: 564, 3: 603, 4: 586, 5: 530, 6: 612, 7: 624, 8: 566, 9: 589}, 1: {0: 563, 1: 676, 2: 586, 3: 616, 4: 577, 5: 556, 6: 577, 7: 649, 8: 605, 9: 595}, 2: {0: 620, 1: 667, 2: 583, 3: 639, 4: 578, 5: 532, 6: 603, 7: 583, 8: 558, 9: 637}, 3: {0: 588, 1: 689, 2: 594, 3: 604, 4: 561, 5: 551, 6: 585, 7: 658, 8: 580, 9: 590}, 4: {0: 601, 1: 679, 2: 570, 3: 626, 4: 610, 5: 558, 6: 563, 7: 634, 8: 591, 9: 568}, 5: {0: 588, 1: 639, 2: 616, 3: 626, 4: 579, 5: 545, 6: 570, 7: 626, 8: 593, 9: 618}, 6: {0: 589, 1: 685, 2: 623, 3: 599, 4: 599, 5: 526, 6: 599, 7: 614, 8: 608, 9: 558}, 7: {0: 590, 1: 667, 2: 618, 3: 633, 4: 582, 5: 498, 6: 604, 7: 596, 8: 594, 9: 618}, 8: {0: 586, 1: 666, 2: 650, 3: 570, 4: 599, 5: 533, 6: 573, 7: 660, 8: 563, 9: 600}, 9: {0: 600, 1: 646, 2: 554, 3: 615, 4: 571, 5: 592, 6: 632, 7: 621, 8: 593, 9: 576}}
09-16 22:18 DEBUG    **************************************************
09-16 22:18 DEBUG    Running experiments 

09-16 22:18 DEBUG    Uniform ensemble (Train acc): 0.964917
09-16 22:18 DEBUG    Uniform ensemble (Test acc): 0.962100
09-16 22:19 DEBUG    FedAvg (Train acc): 0.097517
09-16 22:19 DEBUG    FedAvg (Test acc): 0.097400
09-16 22:23 DEBUG    ****** PDM_KL matching ******** 
09-16 22:23 DEBUG    Best Sigma0: 10. Best sigma: 0.5 Best gamma: 10. Best Test accuracy: 0.9576. Train acc: 0.9583833333333334. 

09-16 22:23 DEBUG    PDM_KL log: {(10, 0.5, 10): {'shapes': [(784, 700), (700,), (700, 587), (587,), (587, 397), (397,), (397, 271), (271,), (271, 127), (127,), (127, 10), (10,)], 'train_accuracy': 0.9583833333333334, 'test_accuracy': 0.9576}} 
09-16 22:30 DEBUG    ****** PDM_KL matching ******** 
09-16 22:30 DEBUG    Best Sigma0: 10. Best sigma: 0.5 Best gamma: 10. Best Test accuracy: 0.9455. Train acc: 0.9448333333333333. 

09-16 22:30 DEBUG    PDM_KL log: {(10, 0.5, 10): {'shapes': [(784, 700), (700,), (700, 594), (594,), (594, 414), (414,), (414, 271), (271,), (271, 127), (127,), (127, 10), (10,)], 'train_accuracy': 0.9448333333333333, 'test_accuracy': 0.9455}} 
09-16 22:36 DEBUG    ****** PDM_KL matching ******** 
09-16 22:36 DEBUG    Best Sigma0: 10. Best sigma: 0.5 Best gamma: 10. Best Test accuracy: 0.9118. Train acc: 0.9115333333333333. 

09-16 22:36 DEBUG    PDM_KL log: {(10, 0.5, 10): {'shapes': [(784, 700), (700,), (700, 601), (601,), (601, 405), (405,), (405, 268), (268,), (268, 127), (127,), (127, 10), (10,)], 'train_accuracy': 0.9115333333333333, 'test_accuracy': 0.9118}} 
09-16 22:42 DEBUG    ****** PDM_KL matching ******** 
09-16 22:42 DEBUG    Best Sigma0: 10. Best sigma: 0.5 Best gamma: 10. Best Test accuracy: 0.9509. Train acc: 0.9520666666666666. 

09-16 22:42 DEBUG    PDM_KL log: {(10, 0.5, 10): {'shapes': [(784, 700), (700,), (700, 586), (586,), (586, 395), (395,), (395, 269), (269,), (269, 127), (127,), (127, 10), (10,)], 'train_accuracy': 0.9520666666666666, 'test_accuracy': 0.9509}} 
09-16 22:49 DEBUG    ****** PDM_KL matching ******** 
09-16 22:49 DEBUG    Best Sigma0: 10. Best sigma: 0.5 Best gamma: 10. Best Test accuracy: 0.8684. Train acc: 0.8667166666666667. 

09-16 22:49 DEBUG    PDM_KL log: {(10, 0.5, 10): {'shapes': [(784, 700), (700,), (700, 558), (558,), (558, 377), (377,), (377, 262), (262,), (262, 127), (127,), (127, 10), (10,)], 'train_accuracy': 0.8667166666666667, 'test_accuracy': 0.8684}} 
09-16 22:55 DEBUG    ****** PDM_KL matching ******** 
09-16 22:55 DEBUG    Best Sigma0: 10. Best sigma: 0.5 Best gamma: 10. Best Test accuracy: 0.9449. Train acc: 0.9451166666666667. 

09-16 22:55 DEBUG    PDM_KL log: {(10, 0.5, 10): {'shapes': [(784, 700), (700,), (700, 550), (550,), (550, 361), (361,), (361, 251), (251,), (251, 127), (127,), (127, 10), (10,)], 'train_accuracy': 0.9451166666666667, 'test_accuracy': 0.9449}} 
09-16 23:01 DEBUG    ****** PDM_KL matching ******** 
09-16 23:01 DEBUG    Best Sigma0: 10. Best sigma: 0.5 Best gamma: 10. Best Test accuracy: 0.769. Train acc: 0.76785. 

09-16 23:01 DEBUG    PDM_KL log: {(10, 0.5, 10): {'shapes': [(784, 700), (700,), (700, 307), (307,), (307, 226), (226,), (226, 181), (181,), (181, 127), (127,), (127, 10), (10,)], 'train_accuracy': 0.76785, 'test_accuracy': 0.769}} 
09-16 23:04 DEBUG    ****** PDM_KL matching ******** 
09-16 23:04 DEBUG    Best Sigma0: 10. Best sigma: 0.5 Best gamma: 10. Best Test accuracy: 0.3068. Train acc: 0.3065333333333333. 

09-16 23:04 DEBUG    PDM_KL log: {(10, 0.5, 10): {'shapes': [(784, 523), (523,), (523, 136), (136,), (136, 136), (136,), (136, 136), (136,), (136, 127), (127,), (127, 10), (10,)], 'train_accuracy': 0.3065333333333333, 'test_accuracy': 0.3068}} 
09-16 23:05 DEBUG    ****** PDM_KL matching ******** 
09-16 23:05 DEBUG    Best Sigma0: 10. Best sigma: 0.5 Best gamma: 10. Best Test accuracy: 0.0974. Train acc: 0.09751666666666667. 

09-16 23:05 DEBUG    PDM_KL log: {(10, 0.5, 10): {'shapes': [(784, 100), (100,), (100, 100), (100,), (100, 109), (109,), (109, 109), (109,), (109, 118), (118,), (118, 10), (10,)], 'train_accuracy': 0.09751666666666667, 'test_accuracy': 0.0974}} 
09-16 23:07 DEBUG    ****** PDM_KL matching ******** 
09-16 23:07 DEBUG    Best Sigma0: 10. Best sigma: 0.5 Best gamma: 10. Best Test accuracy: 0.0974. Train acc: 0.09751666666666667. 

09-16 23:07 DEBUG    PDM_KL log: {(10, 0.5, 10): {'shapes': [(784, 100), (100,), (100, 100), (100,), (100, 100), (100,), (100, 100), (100,), (100, 118), (118,), (118, 10), (10,)], 'train_accuracy': 0.09751666666666667, 'test_accuracy': 0.0974}} 
09-16 23:08 DEBUG    ****** PDM_KL matching ******** 
09-16 23:08 DEBUG    Best Sigma0: 10. Best sigma: 0.5 Best gamma: 10. Best Test accuracy: 0.0974. Train acc: 0.09751666666666667. 

09-16 23:08 DEBUG    PDM_KL log: {(10, 0.5, 10): {'shapes': [(784, 100), (100,), (100, 100), (100,), (100, 100), (100,), (100, 100), (100,), (100, 109), (109,), (109, 10), (10,)], 'train_accuracy': 0.09751666666666667, 'test_accuracy': 0.0974}} 
09-16 23:08 DEBUG    Trial 9 completed
09-16 23:08 DEBUG    ####################################################################################################
