09-11 22:39 DEBUG    Experiment arguments: Namespace(alpha=0.5, communication_rounds=None, datadir='data/mnist', dataset='mnist', device=1.0, dropout_p=0.0, epochs=10, experiment=['all'], init_seed=0, iter_epochs=5, layers=0, loaddir='saved_weights/mnist/homo', logdir='KL_regs/mnist/homo', lr=0.01, lr_decay=1.0, n=30, n_layers=1, n_nets=15, net_config=[784, 100, 10], num_pool_workers=7, partition='homo', pdm_gamma=1.0, pdm_sig=1.0, pdm_sig0=1.0, reg=1e-06, reg_fac=0.0, trials=1)
09-11 22:39 DEBUG    ####################################################################################################
09-11 22:39 DEBUG    Executing Trial 0 with seed 0
09-11 22:39 DEBUG    Data statistics: {0: {0: 419, 1: 442, 2: 388, 3: 388, 4: 386, 5: 342, 6: 414, 7: 428, 8: 383, 9: 410}, 1: {0: 389, 1: 474, 2: 405, 3: 402, 4: 370, 5: 360, 6: 392, 7: 401, 8: 411, 9: 396}, 2: {0: 397, 1: 463, 2: 373, 3: 418, 4: 397, 5: 373, 6: 384, 7: 399, 8: 397, 9: 399}, 3: {0: 393, 1: 475, 2: 386, 3: 436, 4: 381, 5: 346, 6: 378, 7: 432, 8: 386, 9: 387}, 4: {0: 418, 1: 430, 2: 409, 3: 393, 4: 386, 5: 356, 6: 385, 7: 416, 8: 418, 9: 389}, 5: {0: 401, 1: 428, 2: 398, 3: 390, 4: 400, 5: 379, 6: 380, 7: 425, 8: 383, 9: 416}, 6: {0: 390, 1: 430, 2: 405, 3: 385, 4: 435, 5: 388, 6: 431, 7: 393, 8: 362, 9: 381}, 7: {0: 368, 1: 455, 2: 409, 3: 422, 4: 375, 5: 367, 6: 369, 7: 432, 8: 411, 9: 392}, 8: {0: 416, 1: 458, 2: 380, 3: 436, 4: 406, 5: 340, 6: 376, 7: 395, 8: 376, 9: 417}, 9: {0: 416, 1: 453, 2: 397, 3: 398, 4: 381, 5: 361, 6: 400, 7: 395, 8: 413, 9: 386}, 10: {0: 388, 1: 401, 2: 423, 3: 417, 4: 384, 5: 372, 6: 420, 7: 439, 8: 367, 9: 389}, 11: {0: 338, 1: 473, 2: 398, 3: 400, 4: 412, 5: 385, 6: 386, 7: 465, 8: 346, 9: 397}, 12: {0: 377, 1: 451, 2: 416, 3: 423, 4: 383, 5: 338, 6: 379, 7: 418, 8: 397, 9: 418}, 13: {0: 380, 1: 443, 2: 386, 3: 412, 4: 373, 5: 352, 6: 444, 7: 411, 8: 387, 9: 412}, 14: {0: 433, 1: 466, 2: 385, 3: 411, 4: 373, 5: 362, 6: 380, 7: 416, 8: 414, 9: 360}}
09-11 22:40 DEBUG    **************************************************
09-11 22:40 DEBUG    Running experiments 

09-11 22:40 DEBUG    Uniform ensemble (Train acc): 0.965600
09-11 22:40 DEBUG    Uniform ensemble (Test acc): 0.964000
09-11 22:40 DEBUG    FedAvg (Train acc): 0.124200
09-11 22:40 DEBUG    FedAvg (Test acc): 0.124300
09-11 22:42 DEBUG    ****** PDM_KL matching ******** 
09-11 22:42 DEBUG    Best Sigma0: 0.5. Best sigma: 1 Best gamma: 10. Best Test accuracy: 0.9538. Train acc: 0.9567666666666667. 

09-11 22:42 DEBUG    PDM_KL log: {(0.5, 1, 10): {'shapes': [(784, 324), (324,), (324, 10), (10,)], 'train_accuracy': 0.9567666666666667, 'test_accuracy': 0.9538}} 
09-11 22:46 DEBUG    ****** PDM_KL matching ******** 
09-11 22:46 DEBUG    Best Sigma0: 0.5. Best sigma: 1 Best gamma: 10. Best Test accuracy: 0.9523. Train acc: 0.9556833333333333. 

09-11 22:46 DEBUG    PDM_KL log: {(0.5, 1, 10): {'shapes': [(784, 327), (327,), (327, 10), (10,)], 'train_accuracy': 0.9556833333333333, 'test_accuracy': 0.9523}} 
09-11 22:51 DEBUG    ****** PDM_KL matching ******** 
09-11 22:51 DEBUG    Best Sigma0: 0.5. Best sigma: 1 Best gamma: 10. Best Test accuracy: 0.9544. Train acc: 0.95775. 

09-11 22:51 DEBUG    PDM_KL log: {(0.5, 1, 10): {'shapes': [(784, 329), (329,), (329, 10), (10,)], 'train_accuracy': 0.95775, 'test_accuracy': 0.9544}} 
09-11 22:56 DEBUG    ****** PDM_KL matching ******** 
09-11 22:56 DEBUG    Best Sigma0: 0.5. Best sigma: 1 Best gamma: 10. Best Test accuracy: 0.9568. Train acc: 0.9579666666666666. 

09-11 22:56 DEBUG    PDM_KL log: {(0.5, 1, 10): {'shapes': [(784, 327), (327,), (327, 10), (10,)], 'train_accuracy': 0.9579666666666666, 'test_accuracy': 0.9568}} 
09-11 23:01 DEBUG    ****** PDM_KL matching ******** 
09-11 23:01 DEBUG    Best Sigma0: 0.5. Best sigma: 1 Best gamma: 10. Best Test accuracy: 0.9563. Train acc: 0.9580166666666666. 

09-11 23:01 DEBUG    PDM_KL log: {(0.5, 1, 10): {'shapes': [(784, 343), (343,), (343, 10), (10,)], 'train_accuracy': 0.9580166666666666, 'test_accuracy': 0.9563}} 
09-11 23:06 DEBUG    ****** PDM_KL matching ******** 
09-11 23:06 DEBUG    Best Sigma0: 0.5. Best sigma: 1 Best gamma: 10. Best Test accuracy: 0.9557. Train acc: 0.9580166666666666. 

09-11 23:06 DEBUG    PDM_KL log: {(0.5, 1, 10): {'shapes': [(784, 353), (353,), (353, 10), (10,)], 'train_accuracy': 0.9580166666666666, 'test_accuracy': 0.9557}} 
09-11 23:16 DEBUG    ****** PDM_KL matching ******** 
09-11 23:16 DEBUG    Best Sigma0: 0.5. Best sigma: 1 Best gamma: 10. Best Test accuracy: 0.9619. Train acc: 0.9630333333333333. 

09-11 23:16 DEBUG    PDM_KL log: {(0.5, 1, 10): {'shapes': [(784, 541), (541,), (541, 10), (10,)], 'train_accuracy': 0.9630333333333333, 'test_accuracy': 0.9619}} 
09-11 23:26 DEBUG    ****** PDM_KL matching ******** 
09-11 23:26 DEBUG    Best Sigma0: 0.5. Best sigma: 1 Best gamma: 10. Best Test accuracy: 0.9641. Train acc: 0.9644166666666667. 

09-11 23:26 DEBUG    PDM_KL log: {(0.5, 1, 10): {'shapes': [(784, 700), (700,), (700, 10), (10,)], 'train_accuracy': 0.9644166666666667, 'test_accuracy': 0.9641}} 
09-11 23:35 DEBUG    ****** PDM_KL matching ******** 
09-11 23:35 DEBUG    Best Sigma0: 0.5. Best sigma: 1 Best gamma: 10. Best Test accuracy: 0.9236. Train acc: 0.9207333333333333. 

09-11 23:35 DEBUG    PDM_KL log: {(0.5, 1, 10): {'shapes': [(784, 450), (450,), (450, 10), (10,)], 'train_accuracy': 0.9207333333333333, 'test_accuracy': 0.9236}} 
09-11 23:38 DEBUG    ****** PDM_KL matching ******** 
09-11 23:38 DEBUG    Best Sigma0: 0.5. Best sigma: 1 Best gamma: 10. Best Test accuracy: 0.2485. Train acc: 0.24716666666666667. 

09-11 23:38 DEBUG    PDM_KL log: {(0.5, 1, 10): {'shapes': [(784, 167), (167,), (167, 10), (10,)], 'train_accuracy': 0.24716666666666667, 'test_accuracy': 0.2485}} 
09-11 23:41 DEBUG    ****** PDM_KL matching ******** 
09-11 23:41 DEBUG    Best Sigma0: 0.5. Best sigma: 1 Best gamma: 10. Best Test accuracy: 0.1044. Train acc: 0.10408333333333333. 

09-11 23:41 DEBUG    PDM_KL log: {(0.5, 1, 10): {'shapes': [(784, 184), (184,), (184, 10), (10,)], 'train_accuracy': 0.10408333333333333, 'test_accuracy': 0.1044}} 
09-11 23:41 DEBUG    Trial 0 completed
09-11 23:41 DEBUG    ####################################################################################################
