09-13 02:48 DEBUG    Experiment arguments: Namespace(alpha=0.5, communication_rounds=None, datadir='data/cifar10', dataset='cifar10', device=1.0, dropout_p=0.0, epochs=10, experiment=['all'], init_seed=0, iter_epochs=5, layers=1, loaddir='saved_weights/cifar10/homo', logdir='KL_regs/cifar10/homo', lr=0.01, lr_decay=1.0, n=6, n_layers=1, n_nets=10, net_config=[3072, 100, 100, 100, 100, 10], num_pool_workers=6, partition='homo', pdm_gamma=1.0, pdm_sig=1.0, pdm_sig0=1.0, reg=1e-06, reg_fac=0.0, trials=10)
09-13 02:48 DEBUG    ####################################################################################################
09-13 02:48 DEBUG    Executing Trial 0 with seed 0
09-13 02:48 DEBUG    Data statistics: {0: {0: 503, 1: 483, 2: 487, 3: 527, 4: 473, 5: 548, 6: 491, 7: 502, 8: 482, 9: 504}, 1: {0: 501, 1: 503, 2: 529, 3: 503, 4: 494, 5: 468, 6: 462, 7: 497, 8: 507, 9: 536}, 2: {0: 510, 1: 540, 2: 498, 3: 461, 4: 516, 5: 483, 6: 502, 7: 515, 8: 492, 9: 483}, 3: {0: 487, 1: 487, 2: 493, 3: 498, 4: 523, 5: 482, 6: 500, 7: 487, 8: 495, 9: 548}, 4: {0: 505, 1: 480, 2: 488, 3: 488, 4: 480, 5: 509, 6: 537, 7: 490, 8: 490, 9: 533}, 5: {0: 504, 1: 480, 2: 511, 3: 494, 4: 530, 5: 509, 6: 521, 7: 489, 8: 490, 9: 472}, 6: {0: 512, 1: 509, 2: 512, 3: 488, 4: 488, 5: 465, 6: 490, 7: 538, 8: 506, 9: 492}, 7: {0: 472, 1: 521, 2: 463, 3: 549, 4: 502, 5: 515, 6: 518, 7: 496, 8: 479, 9: 485}, 8: {0: 505, 1: 485, 2: 487, 3: 505, 4: 497, 5: 512, 6: 508, 7: 501, 8: 531, 9: 469}, 9: {0: 501, 1: 512, 2: 532, 3: 487, 4: 497, 5: 509, 6: 471, 7: 485, 8: 528, 9: 478}}
09-13 02:49 DEBUG    **************************************************
09-13 02:49 DEBUG    Running experiments 

09-13 02:49 DEBUG    Uniform ensemble (Train acc): 0.293100
09-13 02:49 DEBUG    Uniform ensemble (Test acc): 0.298200
09-13 02:49 DEBUG    FedAvg (Train acc): 0.100000
09-13 02:49 DEBUG    FedAvg (Test acc): 0.100000
09-13 02:55 DEBUG    ****** PDM_KL matching ******** 
09-13 02:55 DEBUG    Best Sigma0: 0.5. Best sigma: 1 Best gamma: 10. Best Test accuracy: 0.1453. Train acc: 0.14712. 

09-13 02:55 DEBUG    PDM_KL log: {(0.5, 1, 10): {'shapes': [(3072, 250), (250,), (250, 118), (118,), (118, 118), (118,), (118, 118), (118,), (118, 10), (10,)], 'train_accuracy': 0.14712, 'test_accuracy': 0.1453}} 
09-13 03:09 DEBUG    ****** PDM_KL matching ******** 
09-13 03:09 DEBUG    Best Sigma0: 0.5. Best sigma: 1 Best gamma: 10. Best Test accuracy: 0.13. Train acc: 0.12814. 

09-13 03:09 DEBUG    PDM_KL log: {(0.5, 1, 10): {'shapes': [(3072, 248), (248,), (248, 118), (118,), (118, 118), (118,), (118, 118), (118,), (118, 10), (10,)], 'train_accuracy': 0.12814, 'test_accuracy': 0.13}} 
09-13 03:23 DEBUG    ****** PDM_KL matching ******** 
09-13 03:23 DEBUG    Best Sigma0: 0.5. Best sigma: 1 Best gamma: 10. Best Test accuracy: 0.1558. Train acc: 0.15124. 

09-13 03:23 DEBUG    PDM_KL log: {(0.5, 1, 10): {'shapes': [(3072, 245), (245,), (245, 127), (127,), (127, 118), (118,), (118, 118), (118,), (118, 10), (10,)], 'train_accuracy': 0.15124, 'test_accuracy': 0.1558}} 
09-13 03:37 DEBUG    ****** PDM_KL matching ******** 
09-13 03:37 DEBUG    Best Sigma0: 0.5. Best sigma: 1 Best gamma: 10. Best Test accuracy: 0.1204. Train acc: 0.12022. 

09-13 03:37 DEBUG    PDM_KL log: {(0.5, 1, 10): {'shapes': [(3072, 244), (244,), (244, 118), (118,), (118, 118), (118,), (118, 118), (118,), (118, 10), (10,)], 'train_accuracy': 0.12022, 'test_accuracy': 0.1204}} 
09-13 03:52 DEBUG    ****** PDM_KL matching ******** 
09-13 03:52 DEBUG    Best Sigma0: 0.5. Best sigma: 1 Best gamma: 10. Best Test accuracy: 0.134. Train acc: 0.13126. 

09-13 03:52 DEBUG    PDM_KL log: {(0.5, 1, 10): {'shapes': [(3072, 254), (254,), (254, 118), (118,), (118, 118), (118,), (118, 118), (118,), (118, 10), (10,)], 'train_accuracy': 0.13126, 'test_accuracy': 0.134}} 
09-13 04:07 DEBUG    ****** PDM_KL matching ******** 
09-13 04:07 DEBUG    Best Sigma0: 0.5. Best sigma: 1 Best gamma: 10. Best Test accuracy: 0.1393. Train acc: 0.13792. 

09-13 04:07 DEBUG    PDM_KL log: {(0.5, 1, 10): {'shapes': [(3072, 258), (258,), (258, 118), (118,), (118, 118), (118,), (118, 118), (118,), (118, 10), (10,)], 'train_accuracy': 0.13792, 'test_accuracy': 0.1393}} 
09-13 04:24 DEBUG    ****** PDM_KL matching ******** 
09-13 04:24 DEBUG    Best Sigma0: 0.5. Best sigma: 1 Best gamma: 10. Best Test accuracy: 0.1672. Train acc: 0.16008. 

09-13 04:24 DEBUG    PDM_KL log: {(0.5, 1, 10): {'shapes': [(3072, 326), (326,), (326, 127), (127,), (127, 127), (127,), (127, 118), (118,), (118, 10), (10,)], 'train_accuracy': 0.16008, 'test_accuracy': 0.1672}} 
09-13 04:51 DEBUG    ****** PDM_KL matching ******** 
09-13 04:51 DEBUG    Best Sigma0: 0.5. Best sigma: 1 Best gamma: 10. Best Test accuracy: 0.1274. Train acc: 0.12684. 

09-13 04:51 DEBUG    PDM_KL log: {(0.5, 1, 10): {'shapes': [(3072, 527), (527,), (527, 127), (127,), (127, 127), (127,), (127, 118), (118,), (118, 10), (10,)], 'train_accuracy': 0.12684, 'test_accuracy': 0.1274}} 
09-13 05:24 DEBUG    ****** PDM_KL matching ******** 
09-13 05:24 DEBUG    Best Sigma0: 0.5. Best sigma: 1 Best gamma: 10. Best Test accuracy: 0.1. Train acc: 0.1. 

09-13 05:24 DEBUG    PDM_KL log: {(0.5, 1, 10): {'shapes': [(3072, 680), (680,), (680, 127), (127,), (127, 127), (127,), (127, 127), (127,), (127, 10), (10,)], 'train_accuracy': 0.1, 'test_accuracy': 0.1}} 
09-13 05:54 DEBUG    ****** PDM_KL matching ******** 
09-13 05:54 DEBUG    Best Sigma0: 0.5. Best sigma: 1 Best gamma: 10. Best Test accuracy: 0.1. Train acc: 0.1. 

09-13 05:54 DEBUG    PDM_KL log: {(0.5, 1, 10): {'shapes': [(3072, 646), (646,), (646, 136), (136,), (136, 127), (127,), (127, 118), (118,), (118, 10), (10,)], 'train_accuracy': 0.1, 'test_accuracy': 0.1}} 
09-13 06:25 DEBUG    ****** PDM_KL matching ******** 
09-13 06:25 DEBUG    Best Sigma0: 0.5. Best sigma: 1 Best gamma: 10. Best Test accuracy: 0.1. Train acc: 0.1. 

09-13 06:25 DEBUG    PDM_KL log: {(0.5, 1, 10): {'shapes': [(3072, 665), (665,), (665, 136), (136,), (136, 127), (127,), (127, 118), (118,), (118, 10), (10,)], 'train_accuracy': 0.1, 'test_accuracy': 0.1}} 
09-13 06:25 DEBUG    Trial 0 completed
09-13 06:25 DEBUG    ####################################################################################################
09-13 06:25 DEBUG    ####################################################################################################
09-13 06:25 DEBUG    Executing Trial 1 with seed 1
09-13 06:25 DEBUG    Data statistics: {0: {0: 510, 1: 492, 2: 515, 3: 474, 4: 530, 5: 498, 6: 501, 7: 489, 8: 481, 9: 510}, 1: {0: 476, 1: 494, 2: 523, 3: 515, 4: 477, 5: 497, 6: 486, 7: 523, 8: 497, 9: 512}, 2: {0: 503, 1: 524, 2: 501, 3: 526, 4: 471, 5: 497, 6: 538, 7: 499, 8: 482, 9: 459}, 3: {0: 484, 1: 501, 2: 514, 3: 480, 4: 487, 5: 513, 6: 529, 7: 501, 8: 480, 9: 511}, 4: {0: 506, 1: 496, 2: 478, 3: 495, 4: 492, 5: 512, 6: 520, 7: 487, 8: 490, 9: 524}, 5: {0: 517, 1: 496, 2: 472, 3: 525, 4: 496, 5: 506, 6: 458, 7: 480, 8: 503, 9: 547}, 6: {0: 491, 1: 522, 2: 492, 3: 490, 4: 506, 5: 482, 6: 492, 7: 499, 8: 557, 9: 469}, 7: {0: 516, 1: 500, 2: 499, 3: 512, 4: 523, 5: 503, 6: 468, 7: 515, 8: 493, 9: 471}, 8: {0: 503, 1: 497, 2: 498, 3: 492, 4: 484, 5: 490, 6: 509, 7: 511, 8: 506, 9: 510}, 9: {0: 494, 1: 478, 2: 508, 3: 491, 4: 534, 5: 502, 6: 499, 7: 496, 8: 511, 9: 487}}
09-13 06:27 DEBUG    **************************************************
09-13 06:27 DEBUG    Running experiments 

09-13 06:28 DEBUG    Uniform ensemble (Train acc): 0.306620
09-13 06:28 DEBUG    Uniform ensemble (Test acc): 0.297000
09-13 06:28 DEBUG    FedAvg (Train acc): 0.100000
09-13 06:28 DEBUG    FedAvg (Test acc): 0.100000
09-13 06:35 DEBUG    ****** PDM_KL matching ******** 
09-13 06:35 DEBUG    Best Sigma0: 0.5. Best sigma: 1 Best gamma: 10. Best Test accuracy: 0.1328. Train acc: 0.1271. 

09-13 06:35 DEBUG    PDM_KL log: {(0.5, 1, 10): {'shapes': [(3072, 255), (255,), (255, 118), (118,), (118, 118), (118,), (118, 118), (118,), (118, 10), (10,)], 'train_accuracy': 0.1271, 'test_accuracy': 0.1328}} 
09-13 06:47 DEBUG    ****** PDM_KL matching ******** 
09-13 06:47 DEBUG    Best Sigma0: 0.5. Best sigma: 1 Best gamma: 10. Best Test accuracy: 0.1276. Train acc: 0.12562. 

09-13 06:47 DEBUG    PDM_KL log: {(0.5, 1, 10): {'shapes': [(3072, 253), (253,), (253, 118), (118,), (118, 118), (118,), (118, 118), (118,), (118, 10), (10,)], 'train_accuracy': 0.12562, 'test_accuracy': 0.1276}} 
09-13 07:00 DEBUG    ****** PDM_KL matching ******** 
09-13 07:00 DEBUG    Best Sigma0: 0.5. Best sigma: 1 Best gamma: 10. Best Test accuracy: 0.1155. Train acc: 0.11556. 

09-13 07:00 DEBUG    PDM_KL log: {(0.5, 1, 10): {'shapes': [(3072, 259), (259,), (259, 118), (118,), (118, 118), (118,), (118, 118), (118,), (118, 10), (10,)], 'train_accuracy': 0.11556, 'test_accuracy': 0.1155}} 
09-13 07:13 DEBUG    ****** PDM_KL matching ******** 
09-13 07:13 DEBUG    Best Sigma0: 0.5. Best sigma: 1 Best gamma: 10. Best Test accuracy: 0.1688. Train acc: 0.1648. 

09-13 07:13 DEBUG    PDM_KL log: {(0.5, 1, 10): {'shapes': [(3072, 258), (258,), (258, 118), (118,), (118, 118), (118,), (118, 118), (118,), (118, 10), (10,)], 'train_accuracy': 0.1648, 'test_accuracy': 0.1688}} 
09-13 07:27 DEBUG    ****** PDM_KL matching ******** 
09-13 07:27 DEBUG    Best Sigma0: 0.5. Best sigma: 1 Best gamma: 10. Best Test accuracy: 0.1462. Train acc: 0.1401. 

09-13 07:27 DEBUG    PDM_KL log: {(0.5, 1, 10): {'shapes': [(3072, 258), (258,), (258, 118), (118,), (118, 118), (118,), (118, 118), (118,), (118, 10), (10,)], 'train_accuracy': 0.1401, 'test_accuracy': 0.1462}} 
09-13 07:39 DEBUG    ****** PDM_KL matching ******** 
09-13 07:39 DEBUG    Best Sigma0: 0.5. Best sigma: 1 Best gamma: 10. Best Test accuracy: 0.1291. Train acc: 0.12794. 

09-13 07:39 DEBUG    PDM_KL log: {(0.5, 1, 10): {'shapes': [(3072, 259), (259,), (259, 118), (118,), (118, 118), (118,), (118, 118), (118,), (118, 10), (10,)], 'train_accuracy': 0.12794, 'test_accuracy': 0.1291}} 
09-13 07:52 DEBUG    ****** PDM_KL matching ******** 
09-13 07:52 DEBUG    Best Sigma0: 0.5. Best sigma: 1 Best gamma: 10. Best Test accuracy: 0.1466. Train acc: 0.14424. 

09-13 07:52 DEBUG    PDM_KL log: {(0.5, 1, 10): {'shapes': [(3072, 325), (325,), (325, 127), (127,), (127, 127), (127,), (127, 118), (118,), (118, 10), (10,)], 'train_accuracy': 0.14424, 'test_accuracy': 0.1466}} 
09-13 08:11 DEBUG    ****** PDM_KL matching ******** 
09-13 08:11 DEBUG    Best Sigma0: 0.5. Best sigma: 1 Best gamma: 10. Best Test accuracy: 0.1191. Train acc: 0.11578. 

09-13 08:11 DEBUG    PDM_KL log: {(0.5, 1, 10): {'shapes': [(3072, 508), (508,), (508, 127), (127,), (127, 127), (127,), (127, 118), (118,), (118, 10), (10,)], 'train_accuracy': 0.11578, 'test_accuracy': 0.1191}} 
09-13 08:33 DEBUG    ****** PDM_KL matching ******** 
09-13 08:33 DEBUG    Best Sigma0: 0.5. Best sigma: 1 Best gamma: 10. Best Test accuracy: 0.1. Train acc: 0.1. 

09-13 08:33 DEBUG    PDM_KL log: {(0.5, 1, 10): {'shapes': [(3072, 655), (655,), (655, 127), (127,), (127, 127), (127,), (127, 127), (127,), (127, 10), (10,)], 'train_accuracy': 0.1, 'test_accuracy': 0.1}} 
09-13 08:56 DEBUG    ****** PDM_KL matching ******** 
09-13 08:56 DEBUG    Best Sigma0: 0.5. Best sigma: 1 Best gamma: 10. Best Test accuracy: 0.1. Train acc: 0.1. 

09-13 08:56 DEBUG    PDM_KL log: {(0.5, 1, 10): {'shapes': [(3072, 628), (628,), (628, 136), (136,), (136, 136), (136,), (136, 118), (118,), (118, 10), (10,)], 'train_accuracy': 0.1, 'test_accuracy': 0.1}} 
09-13 09:18 DEBUG    ****** PDM_KL matching ******** 
09-13 09:18 DEBUG    Best Sigma0: 0.5. Best sigma: 1 Best gamma: 10. Best Test accuracy: 0.1. Train acc: 0.1. 

09-13 09:18 DEBUG    PDM_KL log: {(0.5, 1, 10): {'shapes': [(3072, 656), (656,), (656, 136), (136,), (136, 136), (136,), (136, 127), (127,), (127, 10), (10,)], 'train_accuracy': 0.1, 'test_accuracy': 0.1}} 
09-13 09:18 DEBUG    Trial 1 completed
09-13 09:18 DEBUG    ####################################################################################################
09-13 09:18 DEBUG    ####################################################################################################
09-13 09:18 DEBUG    Executing Trial 2 with seed 2
09-13 09:18 DEBUG    Data statistics: {0: {0: 515, 1: 500, 2: 501, 3: 505, 4: 515, 5: 506, 6: 524, 7: 482, 8: 475, 9: 477}, 1: {0: 514, 1: 496, 2: 530, 3: 477, 4: 493, 5: 492, 6: 470, 7: 516, 8: 514, 9: 498}, 2: {0: 496, 1: 506, 2: 499, 3: 504, 4: 471, 5: 489, 6: 507, 7: 502, 8: 484, 9: 542}, 3: {0: 475, 1: 473, 2: 480, 3: 525, 4: 506, 5: 514, 6: 515, 7: 518, 8: 506, 9: 488}, 4: {0: 522, 1: 530, 2: 486, 3: 468, 4: 510, 5: 510, 6: 494, 7: 496, 8: 497, 9: 487}, 5: {0: 519, 1: 494, 2: 514, 3: 499, 4: 512, 5: 479, 6: 470, 7: 497, 8: 505, 9: 511}, 6: {0: 485, 1: 507, 2: 509, 3: 511, 4: 488, 5: 459, 6: 496, 7: 514, 8: 518, 9: 513}, 7: {0: 485, 1: 488, 2: 482, 3: 505, 4: 546, 5: 535, 6: 505, 7: 476, 8: 486, 9: 492}, 8: {0: 512, 1: 493, 2: 513, 3: 481, 4: 512, 5: 499, 6: 513, 7: 481, 8: 508, 9: 488}, 9: {0: 477, 1: 513, 2: 486, 3: 525, 4: 447, 5: 517, 6: 506, 7: 518, 8: 507, 9: 504}}
09-13 09:20 DEBUG    **************************************************
09-13 09:20 DEBUG    Running experiments 

09-13 09:21 DEBUG    Uniform ensemble (Train acc): 0.294060
09-13 09:21 DEBUG    Uniform ensemble (Test acc): 0.290300
09-13 09:21 DEBUG    FedAvg (Train acc): 0.100000
09-13 09:21 DEBUG    FedAvg (Test acc): 0.100000
09-13 09:27 DEBUG    ****** PDM_KL matching ******** 
09-13 09:27 DEBUG    Best Sigma0: 0.5. Best sigma: 1 Best gamma: 10. Best Test accuracy: 0.122. Train acc: 0.1208. 

09-13 09:27 DEBUG    PDM_KL log: {(0.5, 1, 10): {'shapes': [(3072, 248), (248,), (248, 118), (118,), (118, 118), (118,), (118, 118), (118,), (118, 10), (10,)], 'train_accuracy': 0.1208, 'test_accuracy': 0.122}} 
09-13 09:36 DEBUG    ****** PDM_KL matching ******** 
09-13 09:36 DEBUG    Best Sigma0: 0.5. Best sigma: 1 Best gamma: 10. Best Test accuracy: 0.1539. Train acc: 0.15144. 

09-13 09:36 DEBUG    PDM_KL log: {(0.5, 1, 10): {'shapes': [(3072, 251), (251,), (251, 118), (118,), (118, 118), (118,), (118, 118), (118,), (118, 10), (10,)], 'train_accuracy': 0.15144, 'test_accuracy': 0.1539}} 
09-13 09:45 DEBUG    ****** PDM_KL matching ******** 
09-13 09:45 DEBUG    Best Sigma0: 0.5. Best sigma: 1 Best gamma: 10. Best Test accuracy: 0.1706. Train acc: 0.1685. 

09-13 09:45 DEBUG    PDM_KL log: {(0.5, 1, 10): {'shapes': [(3072, 248), (248,), (248, 118), (118,), (118, 118), (118,), (118, 118), (118,), (118, 10), (10,)], 'train_accuracy': 0.1685, 'test_accuracy': 0.1706}} 
09-13 09:56 DEBUG    ****** PDM_KL matching ******** 
09-13 09:56 DEBUG    Best Sigma0: 0.5. Best sigma: 1 Best gamma: 10. Best Test accuracy: 0.1705. Train acc: 0.16618. 

09-13 09:56 DEBUG    PDM_KL log: {(0.5, 1, 10): {'shapes': [(3072, 247), (247,), (247, 118), (118,), (118, 118), (118,), (118, 118), (118,), (118, 10), (10,)], 'train_accuracy': 0.16618, 'test_accuracy': 0.1705}} 
09-13 10:06 DEBUG    ****** PDM_KL matching ******** 
09-13 10:06 DEBUG    Best Sigma0: 0.5. Best sigma: 1 Best gamma: 10. Best Test accuracy: 0.186. Train acc: 0.18812. 

09-13 10:06 DEBUG    PDM_KL log: {(0.5, 1, 10): {'shapes': [(3072, 251), (251,), (251, 118), (118,), (118, 118), (118,), (118, 118), (118,), (118, 10), (10,)], 'train_accuracy': 0.18812, 'test_accuracy': 0.186}} 
09-13 10:17 DEBUG    ****** PDM_KL matching ******** 
09-13 10:17 DEBUG    Best Sigma0: 0.5. Best sigma: 1 Best gamma: 10. Best Test accuracy: 0.1668. Train acc: 0.1661. 

09-13 10:17 DEBUG    PDM_KL log: {(0.5, 1, 10): {'shapes': [(3072, 257), (257,), (257, 118), (118,), (118, 127), (127,), (127, 118), (118,), (118, 10), (10,)], 'train_accuracy': 0.1661, 'test_accuracy': 0.1668}} 
09-13 10:30 DEBUG    ****** PDM_KL matching ******** 
09-13 10:30 DEBUG    Best Sigma0: 0.5. Best sigma: 1 Best gamma: 10. Best Test accuracy: 0.1794. Train acc: 0.17786. 

09-13 10:30 DEBUG    PDM_KL log: {(0.5, 1, 10): {'shapes': [(3072, 322), (322,), (322, 127), (127,), (127, 127), (127,), (127, 118), (118,), (118, 10), (10,)], 'train_accuracy': 0.17786, 'test_accuracy': 0.1794}} 
09-13 10:48 DEBUG    ****** PDM_KL matching ******** 
09-13 10:48 DEBUG    Best Sigma0: 0.5. Best sigma: 1 Best gamma: 10. Best Test accuracy: 0.1085. Train acc: 0.10878. 

09-13 10:48 DEBUG    PDM_KL log: {(0.5, 1, 10): {'shapes': [(3072, 527), (527,), (527, 127), (127,), (127, 127), (127,), (127, 118), (118,), (118, 10), (10,)], 'train_accuracy': 0.10878, 'test_accuracy': 0.1085}} 
09-13 11:11 DEBUG    ****** PDM_KL matching ******** 
09-13 11:11 DEBUG    Best Sigma0: 0.5. Best sigma: 1 Best gamma: 10. Best Test accuracy: 0.1. Train acc: 0.1. 

09-13 11:11 DEBUG    PDM_KL log: {(0.5, 1, 10): {'shapes': [(3072, 657), (657,), (657, 127), (127,), (127, 127), (127,), (127, 127), (127,), (127, 10), (10,)], 'train_accuracy': 0.1, 'test_accuracy': 0.1}} 
09-13 11:34 DEBUG    ****** PDM_KL matching ******** 
09-13 11:34 DEBUG    Best Sigma0: 0.5. Best sigma: 1 Best gamma: 10. Best Test accuracy: 0.1. Train acc: 0.1. 

09-13 11:34 DEBUG    PDM_KL log: {(0.5, 1, 10): {'shapes': [(3072, 635), (635,), (635, 127), (127,), (127, 136), (136,), (136, 118), (118,), (118, 10), (10,)], 'train_accuracy': 0.1, 'test_accuracy': 0.1}} 
09-13 11:58 DEBUG    ****** PDM_KL matching ******** 
09-13 11:58 DEBUG    Best Sigma0: 0.5. Best sigma: 1 Best gamma: 10. Best Test accuracy: 0.1. Train acc: 0.1. 

09-13 11:58 DEBUG    PDM_KL log: {(0.5, 1, 10): {'shapes': [(3072, 660), (660,), (660, 127), (127,), (127, 136), (136,), (136, 127), (127,), (127, 10), (10,)], 'train_accuracy': 0.1, 'test_accuracy': 0.1}} 
09-13 11:58 DEBUG    Trial 2 completed
09-13 11:58 DEBUG    ####################################################################################################
09-13 11:58 DEBUG    ####################################################################################################
09-13 11:58 DEBUG    Executing Trial 3 with seed 3
09-13 11:58 DEBUG    Data statistics: {0: {0: 488, 1: 493, 2: 515, 3: 499, 4: 453, 5: 505, 6: 526, 7: 512, 8: 497, 9: 512}, 1: {0: 544, 1: 458, 2: 518, 3: 495, 4: 465, 5: 501, 6: 517, 7: 528, 8: 473, 9: 501}, 2: {0: 512, 1: 504, 2: 490, 3: 521, 4: 482, 5: 504, 6: 507, 7: 506, 8: 502, 9: 472}, 3: {0: 466, 1: 527, 2: 514, 3: 512, 4: 494, 5: 483, 6: 511, 7: 511, 8: 482, 9: 500}, 4: {0: 528, 1: 511, 2: 487, 3: 506, 4: 506, 5: 478, 6: 481, 7: 484, 8: 541, 9: 478}, 5: {0: 474, 1: 502, 2: 495, 3: 470, 4: 497, 5: 562, 6: 497, 7: 465, 8: 518, 9: 520}, 6: {0: 500, 1: 514, 2: 478, 3: 515, 4: 509, 5: 533, 6: 477, 7: 484, 8: 494, 9: 496}, 7: {0: 492, 1: 509, 2: 490, 3: 507, 4: 505, 5: 486, 6: 507, 7: 486, 8: 508, 9: 510}, 8: {0: 518, 1: 514, 2: 503, 3: 464, 4: 534, 5: 465, 6: 492, 7: 497, 8: 484, 9: 529}, 9: {0: 478, 1: 468, 2: 510, 3: 511, 4: 555, 5: 483, 6: 485, 7: 527, 8: 501, 9: 482}}
09-13 12:01 DEBUG    **************************************************
09-13 12:01 DEBUG    Running experiments 

09-13 12:03 DEBUG    Uniform ensemble (Train acc): 0.312580
09-13 12:03 DEBUG    Uniform ensemble (Test acc): 0.310300
09-13 12:04 DEBUG    FedAvg (Train acc): 0.100000
09-13 12:04 DEBUG    FedAvg (Test acc): 0.100000
09-13 12:18 DEBUG    ****** PDM_KL matching ******** 
09-13 12:18 DEBUG    Best Sigma0: 0.5. Best sigma: 1 Best gamma: 10. Best Test accuracy: 0.1769. Train acc: 0.1726. 

09-13 12:18 DEBUG    PDM_KL log: {(0.5, 1, 10): {'shapes': [(3072, 251), (251,), (251, 118), (118,), (118, 118), (118,), (118, 118), (118,), (118, 10), (10,)], 'train_accuracy': 0.1726, 'test_accuracy': 0.1769}} 
09-13 12:44 DEBUG    ****** PDM_KL matching ******** 
09-13 12:44 DEBUG    Best Sigma0: 0.5. Best sigma: 1 Best gamma: 10. Best Test accuracy: 0.1395. Train acc: 0.13972. 

09-13 12:44 DEBUG    PDM_KL log: {(0.5, 1, 10): {'shapes': [(3072, 245), (245,), (245, 118), (118,), (118, 118), (118,), (118, 118), (118,), (118, 10), (10,)], 'train_accuracy': 0.13972, 'test_accuracy': 0.1395}} 
09-13 13:11 DEBUG    ****** PDM_KL matching ******** 
09-13 13:11 DEBUG    Best Sigma0: 0.5. Best sigma: 1 Best gamma: 10. Best Test accuracy: 0.1367. Train acc: 0.1329. 

09-13 13:11 DEBUG    PDM_KL log: {(0.5, 1, 10): {'shapes': [(3072, 261), (261,), (261, 118), (118,), (118, 118), (118,), (118, 118), (118,), (118, 10), (10,)], 'train_accuracy': 0.1329, 'test_accuracy': 0.1367}} 
09-13 13:35 DEBUG    ****** PDM_KL matching ******** 
09-13 13:35 DEBUG    Best Sigma0: 0.5. Best sigma: 1 Best gamma: 10. Best Test accuracy: 0.1302. Train acc: 0.1295. 

09-13 13:35 DEBUG    PDM_KL log: {(0.5, 1, 10): {'shapes': [(3072, 249), (249,), (249, 118), (118,), (118, 118), (118,), (118, 118), (118,), (118, 10), (10,)], 'train_accuracy': 0.1295, 'test_accuracy': 0.1302}} 
09-13 14:03 DEBUG    ****** PDM_KL matching ******** 
09-13 14:03 DEBUG    Best Sigma0: 0.5. Best sigma: 1 Best gamma: 10. Best Test accuracy: 0.1377. Train acc: 0.13684. 

09-13 14:03 DEBUG    PDM_KL log: {(0.5, 1, 10): {'shapes': [(3072, 251), (251,), (251, 118), (118,), (118, 118), (118,), (118, 118), (118,), (118, 10), (10,)], 'train_accuracy': 0.13684, 'test_accuracy': 0.1377}} 
09-13 14:29 DEBUG    ****** PDM_KL matching ******** 
09-13 14:29 DEBUG    Best Sigma0: 0.5. Best sigma: 1 Best gamma: 10. Best Test accuracy: 0.161. Train acc: 0.15956. 

09-13 14:29 DEBUG    PDM_KL log: {(0.5, 1, 10): {'shapes': [(3072, 260), (260,), (260, 127), (127,), (127, 118), (118,), (118, 118), (118,), (118, 10), (10,)], 'train_accuracy': 0.15956, 'test_accuracy': 0.161}} 
09-13 14:59 DEBUG    ****** PDM_KL matching ******** 
09-13 14:59 DEBUG    Best Sigma0: 0.5. Best sigma: 1 Best gamma: 10. Best Test accuracy: 0.1775. Train acc: 0.17366. 

09-13 14:59 DEBUG    PDM_KL log: {(0.5, 1, 10): {'shapes': [(3072, 327), (327,), (327, 127), (127,), (127, 118), (118,), (118, 118), (118,), (118, 10), (10,)], 'train_accuracy': 0.17366, 'test_accuracy': 0.1775}} 
09-13 15:46 DEBUG    ****** PDM_KL matching ******** 
09-13 15:46 DEBUG    Best Sigma0: 0.5. Best sigma: 1 Best gamma: 10. Best Test accuracy: 0.1129. Train acc: 0.11296. 

09-13 15:46 DEBUG    PDM_KL log: {(0.5, 1, 10): {'shapes': [(3072, 522), (522,), (522, 127), (127,), (127, 127), (127,), (127, 118), (118,), (118, 10), (10,)], 'train_accuracy': 0.11296, 'test_accuracy': 0.1129}} 
09-13 16:41 DEBUG    ****** PDM_KL matching ******** 
09-13 16:41 DEBUG    Best Sigma0: 0.5. Best sigma: 1 Best gamma: 10. Best Test accuracy: 0.1. Train acc: 0.1. 

09-13 16:41 DEBUG    PDM_KL log: {(0.5, 1, 10): {'shapes': [(3072, 675), (675,), (675, 127), (127,), (127, 127), (127,), (127, 127), (127,), (127, 10), (10,)], 'train_accuracy': 0.1, 'test_accuracy': 0.1}} 
09-13 17:33 DEBUG    ****** PDM_KL matching ******** 
09-13 17:33 DEBUG    Best Sigma0: 0.5. Best sigma: 1 Best gamma: 10. Best Test accuracy: 0.1. Train acc: 0.1. 

09-13 17:33 DEBUG    PDM_KL log: {(0.5, 1, 10): {'shapes': [(3072, 647), (647,), (647, 127), (127,), (127, 136), (136,), (136, 127), (127,), (127, 10), (10,)], 'train_accuracy': 0.1, 'test_accuracy': 0.1}} 
09-13 18:29 DEBUG    ****** PDM_KL matching ******** 
09-13 18:29 DEBUG    Best Sigma0: 0.5. Best sigma: 1 Best gamma: 10. Best Test accuracy: 0.1. Train acc: 0.1. 

09-13 18:29 DEBUG    PDM_KL log: {(0.5, 1, 10): {'shapes': [(3072, 657), (657,), (657, 136), (136,), (136, 145), (145,), (145, 127), (127,), (127, 10), (10,)], 'train_accuracy': 0.1, 'test_accuracy': 0.1}} 
09-13 18:29 DEBUG    Trial 3 completed
09-13 18:29 DEBUG    ####################################################################################################
09-13 18:29 DEBUG    ####################################################################################################
09-13 18:29 DEBUG    Executing Trial 4 with seed 4
09-13 18:29 DEBUG    Data statistics: {0: {0: 493, 1: 510, 2: 503, 3: 481, 4: 493, 5: 486, 6: 511, 7: 523, 8: 478, 9: 522}, 1: {0: 540, 1: 517, 2: 471, 3: 504, 4: 472, 5: 518, 6: 509, 7: 490, 8: 482, 9: 497}, 2: {0: 488, 1: 490, 2: 482, 3: 472, 4: 540, 5: 512, 6: 512, 7: 501, 8: 519, 9: 484}, 3: {0: 532, 1: 502, 2: 528, 3: 484, 4: 490, 5: 477, 6: 569, 7: 488, 8: 466, 9: 464}, 4: {0: 475, 1: 525, 2: 514, 3: 524, 4: 516, 5: 509, 6: 467, 7: 494, 8: 487, 9: 489}, 5: {0: 512, 1: 476, 2: 518, 3: 534, 4: 464, 5: 516, 6: 458, 7: 488, 8: 538, 9: 496}, 6: {0: 471, 1: 503, 2: 487, 3: 516, 4: 493, 5: 509, 6: 500, 7: 508, 8: 497, 9: 516}, 7: {0: 518, 1: 472, 2: 488, 3: 487, 4: 525, 5: 494, 6: 479, 7: 506, 8: 501, 9: 530}, 8: {0: 494, 1: 497, 2: 489, 3: 491, 4: 514, 5: 507, 6: 476, 7: 519, 8: 524, 9: 489}, 9: {0: 477, 1: 508, 2: 520, 3: 507, 4: 493, 5: 472, 6: 519, 7: 483, 8: 508, 9: 513}}
09-13 18:33 DEBUG    **************************************************
09-13 18:33 DEBUG    Running experiments 

09-13 18:35 DEBUG    Uniform ensemble (Train acc): 0.303060
09-13 18:35 DEBUG    Uniform ensemble (Test acc): 0.300800
09-13 18:36 DEBUG    FedAvg (Train acc): 0.100000
09-13 18:36 DEBUG    FedAvg (Test acc): 0.100000
09-13 18:52 DEBUG    ****** PDM_KL matching ******** 
09-13 18:52 DEBUG    Best Sigma0: 0.5. Best sigma: 1 Best gamma: 10. Best Test accuracy: 0.1126. Train acc: 0.11098. 

09-13 18:52 DEBUG    PDM_KL log: {(0.5, 1, 10): {'shapes': [(3072, 259), (259,), (259, 118), (118,), (118, 118), (118,), (118, 118), (118,), (118, 10), (10,)], 'train_accuracy': 0.11098, 'test_accuracy': 0.1126}} 
09-13 19:17 DEBUG    ****** PDM_KL matching ******** 
09-13 19:17 DEBUG    Best Sigma0: 0.5. Best sigma: 1 Best gamma: 10. Best Test accuracy: 0.1122. Train acc: 0.11164. 

09-13 19:17 DEBUG    PDM_KL log: {(0.5, 1, 10): {'shapes': [(3072, 252), (252,), (252, 118), (118,), (118, 118), (118,), (118, 118), (118,), (118, 10), (10,)], 'train_accuracy': 0.11164, 'test_accuracy': 0.1122}} 
09-13 19:44 DEBUG    ****** PDM_KL matching ******** 
09-13 19:44 DEBUG    Best Sigma0: 0.5. Best sigma: 1 Best gamma: 10. Best Test accuracy: 0.1339. Train acc: 0.13268. 

09-13 19:44 DEBUG    PDM_KL log: {(0.5, 1, 10): {'shapes': [(3072, 255), (255,), (255, 118), (118,), (118, 118), (118,), (118, 118), (118,), (118, 10), (10,)], 'train_accuracy': 0.13268, 'test_accuracy': 0.1339}} 
09-13 20:10 DEBUG    ****** PDM_KL matching ******** 
09-13 20:10 DEBUG    Best Sigma0: 0.5. Best sigma: 1 Best gamma: 10. Best Test accuracy: 0.1287. Train acc: 0.12842. 

09-13 20:10 DEBUG    PDM_KL log: {(0.5, 1, 10): {'shapes': [(3072, 251), (251,), (251, 118), (118,), (118, 118), (118,), (118, 118), (118,), (118, 10), (10,)], 'train_accuracy': 0.12842, 'test_accuracy': 0.1287}} 
09-13 20:33 DEBUG    ****** PDM_KL matching ******** 
09-13 20:33 DEBUG    Best Sigma0: 0.5. Best sigma: 1 Best gamma: 10. Best Test accuracy: 0.1302. Train acc: 0.12958. 

09-13 20:33 DEBUG    PDM_KL log: {(0.5, 1, 10): {'shapes': [(3072, 252), (252,), (252, 118), (118,), (118, 118), (118,), (118, 118), (118,), (118, 10), (10,)], 'train_accuracy': 0.12958, 'test_accuracy': 0.1302}} 
09-13 21:02 DEBUG    ****** PDM_KL matching ******** 
09-13 21:02 DEBUG    Best Sigma0: 0.5. Best sigma: 1 Best gamma: 10. Best Test accuracy: 0.1132. Train acc: 0.11276. 

09-13 21:02 DEBUG    PDM_KL log: {(0.5, 1, 10): {'shapes': [(3072, 259), (259,), (259, 118), (118,), (118, 118), (118,), (118, 118), (118,), (118, 10), (10,)], 'train_accuracy': 0.11276, 'test_accuracy': 0.1132}} 
09-13 21:33 DEBUG    ****** PDM_KL matching ******** 
09-13 21:33 DEBUG    Best Sigma0: 0.5. Best sigma: 1 Best gamma: 10. Best Test accuracy: 0.1686. Train acc: 0.16742. 

09-13 21:33 DEBUG    PDM_KL log: {(0.5, 1, 10): {'shapes': [(3072, 330), (330,), (330, 118), (118,), (118, 118), (118,), (118, 118), (118,), (118, 10), (10,)], 'train_accuracy': 0.16742, 'test_accuracy': 0.1686}} 
09-13 22:19 DEBUG    ****** PDM_KL matching ******** 
09-13 22:19 DEBUG    Best Sigma0: 0.5. Best sigma: 1 Best gamma: 10. Best Test accuracy: 0.1004. Train acc: 0.10008. 

09-13 22:19 DEBUG    PDM_KL log: {(0.5, 1, 10): {'shapes': [(3072, 513), (513,), (513, 127), (127,), (127, 127), (127,), (127, 118), (118,), (118, 10), (10,)], 'train_accuracy': 0.10008, 'test_accuracy': 0.1004}} 
09-13 23:09 DEBUG    ****** PDM_KL matching ******** 
09-13 23:09 DEBUG    Best Sigma0: 0.5. Best sigma: 1 Best gamma: 10. Best Test accuracy: 0.1. Train acc: 0.1. 

09-13 23:09 DEBUG    PDM_KL log: {(0.5, 1, 10): {'shapes': [(3072, 644), (644,), (644, 127), (127,), (127, 127), (127,), (127, 127), (127,), (127, 10), (10,)], 'train_accuracy': 0.1, 'test_accuracy': 0.1}} 
09-14 00:00 DEBUG    ****** PDM_KL matching ******** 
09-14 00:00 DEBUG    Best Sigma0: 0.5. Best sigma: 1 Best gamma: 10. Best Test accuracy: 0.1. Train acc: 0.1. 

09-14 00:00 DEBUG    PDM_KL log: {(0.5, 1, 10): {'shapes': [(3072, 628), (628,), (628, 127), (127,), (127, 136), (136,), (136, 118), (118,), (118, 10), (10,)], 'train_accuracy': 0.1, 'test_accuracy': 0.1}} 
09-14 00:56 DEBUG    ****** PDM_KL matching ******** 
09-14 00:56 DEBUG    Best Sigma0: 0.5. Best sigma: 1 Best gamma: 10. Best Test accuracy: 0.1. Train acc: 0.1. 

09-14 00:56 DEBUG    PDM_KL log: {(0.5, 1, 10): {'shapes': [(3072, 661), (661,), (661, 127), (127,), (127, 127), (127,), (127, 118), (118,), (118, 10), (10,)], 'train_accuracy': 0.1, 'test_accuracy': 0.1}} 
09-14 00:56 DEBUG    Trial 4 completed
09-14 00:56 DEBUG    ####################################################################################################
09-14 00:56 DEBUG    ####################################################################################################
09-14 00:56 DEBUG    Executing Trial 5 with seed 5
09-14 00:56 DEBUG    Data statistics: {0: {0: 506, 1: 481, 2: 527, 3: 510, 4: 480, 5: 503, 6: 521, 7: 490, 8: 497, 9: 485}, 1: {0: 490, 1: 480, 2: 474, 3: 544, 4: 490, 5: 515, 6: 471, 7: 492, 8: 512, 9: 532}, 2: {0: 505, 1: 512, 2: 489, 3: 508, 4: 493, 5: 500, 6: 500, 7: 467, 8: 510, 9: 516}, 3: {0: 470, 1: 509, 2: 507, 3: 490, 4: 510, 5: 485, 6: 495, 7: 537, 8: 511, 9: 486}, 4: {0: 521, 1: 509, 2: 461, 3: 504, 4: 533, 5: 475, 6: 501, 7: 516, 8: 493, 9: 487}, 5: {0: 553, 1: 501, 2: 514, 3: 461, 4: 516, 5: 522, 6: 476, 7: 508, 8: 473, 9: 476}, 6: {0: 515, 1: 505, 2: 504, 3: 477, 4: 491, 5: 503, 6: 506, 7: 485, 8: 477, 9: 537}, 7: {0: 479, 1: 494, 2: 525, 3: 488, 4: 488, 5: 504, 6: 543, 7: 509, 8: 506, 9: 464}, 8: {0: 450, 1: 502, 2: 468, 3: 521, 4: 484, 5: 508, 6: 509, 7: 513, 8: 528, 9: 517}, 9: {0: 511, 1: 507, 2: 531, 3: 497, 4: 515, 5: 485, 6: 478, 7: 483, 8: 493, 9: 500}}
09-14 01:00 DEBUG    **************************************************
09-14 01:00 DEBUG    Running experiments 

09-14 01:02 DEBUG    Uniform ensemble (Train acc): 0.292720
09-14 01:02 DEBUG    Uniform ensemble (Test acc): 0.294200
09-14 01:02 DEBUG    FedAvg (Train acc): 0.100000
09-14 01:02 DEBUG    FedAvg (Test acc): 0.100000
09-14 01:16 DEBUG    ****** PDM_KL matching ******** 
09-14 01:16 DEBUG    Best Sigma0: 0.5. Best sigma: 1 Best gamma: 10. Best Test accuracy: 0.1619. Train acc: 0.15472. 

09-14 01:16 DEBUG    PDM_KL log: {(0.5, 1, 10): {'shapes': [(3072, 247), (247,), (247, 118), (118,), (118, 118), (118,), (118, 118), (118,), (118, 10), (10,)], 'train_accuracy': 0.15472, 'test_accuracy': 0.1619}} 
09-14 01:44 DEBUG    ****** PDM_KL matching ******** 
09-14 01:44 DEBUG    Best Sigma0: 0.5. Best sigma: 1 Best gamma: 10. Best Test accuracy: 0.1636. Train acc: 0.16502. 

09-14 01:44 DEBUG    PDM_KL log: {(0.5, 1, 10): {'shapes': [(3072, 249), (249,), (249, 118), (118,), (118, 118), (118,), (118, 118), (118,), (118, 10), (10,)], 'train_accuracy': 0.16502, 'test_accuracy': 0.1636}} 
09-14 02:08 DEBUG    ****** PDM_KL matching ******** 
09-14 02:08 DEBUG    Best Sigma0: 0.5. Best sigma: 1 Best gamma: 10. Best Test accuracy: 0.182. Train acc: 0.17688. 

09-14 02:08 DEBUG    PDM_KL log: {(0.5, 1, 10): {'shapes': [(3072, 251), (251,), (251, 118), (118,), (118, 118), (118,), (118, 118), (118,), (118, 10), (10,)], 'train_accuracy': 0.17688, 'test_accuracy': 0.182}} 
09-14 02:35 DEBUG    ****** PDM_KL matching ******** 
09-14 02:35 DEBUG    Best Sigma0: 0.5. Best sigma: 1 Best gamma: 10. Best Test accuracy: 0.1623. Train acc: 0.16308. 

09-14 02:35 DEBUG    PDM_KL log: {(0.5, 1, 10): {'shapes': [(3072, 253), (253,), (253, 118), (118,), (118, 118), (118,), (118, 118), (118,), (118, 10), (10,)], 'train_accuracy': 0.16308, 'test_accuracy': 0.1623}} 
09-14 03:01 DEBUG    ****** PDM_KL matching ******** 
09-14 03:01 DEBUG    Best Sigma0: 0.5. Best sigma: 1 Best gamma: 10. Best Test accuracy: 0.1572. Train acc: 0.15946. 

09-14 03:01 DEBUG    PDM_KL log: {(0.5, 1, 10): {'shapes': [(3072, 251), (251,), (251, 118), (118,), (118, 127), (127,), (127, 118), (118,), (118, 10), (10,)], 'train_accuracy': 0.15946, 'test_accuracy': 0.1572}} 
09-14 03:26 DEBUG    ****** PDM_KL matching ******** 
09-14 03:26 DEBUG    Best Sigma0: 0.5. Best sigma: 1 Best gamma: 10. Best Test accuracy: 0.1697. Train acc: 0.16784. 

09-14 03:26 DEBUG    PDM_KL log: {(0.5, 1, 10): {'shapes': [(3072, 261), (261,), (261, 118), (118,), (118, 127), (127,), (127, 118), (118,), (118, 10), (10,)], 'train_accuracy': 0.16784, 'test_accuracy': 0.1697}} 
09-14 03:59 DEBUG    ****** PDM_KL matching ******** 
09-14 03:59 DEBUG    Best Sigma0: 0.5. Best sigma: 1 Best gamma: 10. Best Test accuracy: 0.1695. Train acc: 0.16324. 

09-14 03:59 DEBUG    PDM_KL log: {(0.5, 1, 10): {'shapes': [(3072, 324), (324,), (324, 127), (127,), (127, 127), (127,), (127, 118), (118,), (118, 10), (10,)], 'train_accuracy': 0.16324, 'test_accuracy': 0.1695}} 
09-14 04:45 DEBUG    ****** PDM_KL matching ******** 
09-14 04:45 DEBUG    Best Sigma0: 0.5. Best sigma: 1 Best gamma: 10. Best Test accuracy: 0.1235. Train acc: 0.11902. 

09-14 04:45 DEBUG    PDM_KL log: {(0.5, 1, 10): {'shapes': [(3072, 521), (521,), (521, 127), (127,), (127, 127), (127,), (127, 118), (118,), (118, 10), (10,)], 'train_accuracy': 0.11902, 'test_accuracy': 0.1235}} 
09-14 05:37 DEBUG    ****** PDM_KL matching ******** 
09-14 05:37 DEBUG    Best Sigma0: 0.5. Best sigma: 1 Best gamma: 10. Best Test accuracy: 0.1003. Train acc: 0.1004. 

09-14 05:37 DEBUG    PDM_KL log: {(0.5, 1, 10): {'shapes': [(3072, 653), (653,), (653, 127), (127,), (127, 127), (127,), (127, 127), (127,), (127, 10), (10,)], 'train_accuracy': 0.1004, 'test_accuracy': 0.1003}} 
09-14 06:28 DEBUG    ****** PDM_KL matching ******** 
09-14 06:28 DEBUG    Best Sigma0: 0.5. Best sigma: 1 Best gamma: 10. Best Test accuracy: 0.1. Train acc: 0.1. 

09-14 06:28 DEBUG    PDM_KL log: {(0.5, 1, 10): {'shapes': [(3072, 646), (646,), (646, 136), (136,), (136, 127), (127,), (127, 127), (127,), (127, 10), (10,)], 'train_accuracy': 0.1, 'test_accuracy': 0.1}} 
09-14 07:25 DEBUG    ****** PDM_KL matching ******** 
09-14 07:25 DEBUG    Best Sigma0: 0.5. Best sigma: 1 Best gamma: 10. Best Test accuracy: 0.1. Train acc: 0.1. 

09-14 07:25 DEBUG    PDM_KL log: {(0.5, 1, 10): {'shapes': [(3072, 674), (674,), (674, 136), (136,), (136, 127), (127,), (127, 118), (118,), (118, 10), (10,)], 'train_accuracy': 0.1, 'test_accuracy': 0.1}} 
09-14 07:25 DEBUG    Trial 5 completed
09-14 07:25 DEBUG    ####################################################################################################
09-14 07:25 DEBUG    ####################################################################################################
09-14 07:25 DEBUG    Executing Trial 6 with seed 6
09-14 07:25 DEBUG    Data statistics: {0: {0: 525, 1: 492, 2: 476, 3: 486, 4: 508, 5: 495, 6: 524, 7: 481, 8: 510, 9: 503}, 1: {0: 492, 1: 515, 2: 471, 3: 507, 4: 523, 5: 503, 6: 486, 7: 482, 8: 510, 9: 511}, 2: {0: 513, 1: 485, 2: 481, 3: 511, 4: 480, 5: 511, 6: 512, 7: 479, 8: 516, 9: 512}, 3: {0: 467, 1: 473, 2: 526, 3: 496, 4: 514, 5: 514, 6: 469, 7: 513, 8: 520, 9: 508}, 4: {0: 500, 1: 492, 2: 499, 3: 519, 4: 534, 5: 460, 6: 525, 7: 485, 8: 514, 9: 472}, 5: {0: 508, 1: 492, 2: 507, 3: 512, 4: 466, 5: 513, 6: 523, 7: 492, 8: 494, 9: 493}, 6: {0: 468, 1: 508, 2: 533, 3: 506, 4: 439, 5: 510, 6: 510, 7: 519, 8: 501, 9: 506}, 7: {0: 540, 1: 511, 2: 499, 3: 452, 4: 508, 5: 501, 6: 464, 7: 529, 8: 474, 9: 522}, 8: {0: 497, 1: 497, 2: 496, 3: 517, 4: 511, 5: 497, 6: 493, 7: 509, 8: 497, 9: 486}, 9: {0: 490, 1: 535, 2: 512, 3: 494, 4: 517, 5: 496, 6: 494, 7: 511, 8: 464, 9: 487}}
09-14 07:29 DEBUG    **************************************************
09-14 07:29 DEBUG    Running experiments 

09-14 07:31 DEBUG    Uniform ensemble (Train acc): 0.294600
09-14 07:31 DEBUG    Uniform ensemble (Test acc): 0.286900
09-14 07:31 DEBUG    FedAvg (Train acc): 0.100000
09-14 07:31 DEBUG    FedAvg (Test acc): 0.100000
09-14 07:45 DEBUG    ****** PDM_KL matching ******** 
09-14 07:45 DEBUG    Best Sigma0: 0.5. Best sigma: 1 Best gamma: 10. Best Test accuracy: 0.1726. Train acc: 0.16474. 

09-14 07:45 DEBUG    PDM_KL log: {(0.5, 1, 10): {'shapes': [(3072, 250), (250,), (250, 118), (118,), (118, 118), (118,), (118, 118), (118,), (118, 10), (10,)], 'train_accuracy': 0.16474, 'test_accuracy': 0.1726}} 
09-14 08:11 DEBUG    ****** PDM_KL matching ******** 
09-14 08:11 DEBUG    Best Sigma0: 0.5. Best sigma: 1 Best gamma: 10. Best Test accuracy: 0.1193. Train acc: 0.11724. 

09-14 08:11 DEBUG    PDM_KL log: {(0.5, 1, 10): {'shapes': [(3072, 250), (250,), (250, 118), (118,), (118, 118), (118,), (118, 118), (118,), (118, 10), (10,)], 'train_accuracy': 0.11724, 'test_accuracy': 0.1193}} 
09-14 08:38 DEBUG    ****** PDM_KL matching ******** 
09-14 08:38 DEBUG    Best Sigma0: 0.5. Best sigma: 1 Best gamma: 10. Best Test accuracy: 0.1613. Train acc: 0.15742. 

09-14 08:38 DEBUG    PDM_KL log: {(0.5, 1, 10): {'shapes': [(3072, 250), (250,), (250, 127), (127,), (127, 118), (118,), (118, 118), (118,), (118, 10), (10,)], 'train_accuracy': 0.15742, 'test_accuracy': 0.1613}} 
09-14 09:03 DEBUG    ****** PDM_KL matching ******** 
09-14 09:03 DEBUG    Best Sigma0: 0.5. Best sigma: 1 Best gamma: 10. Best Test accuracy: 0.1466. Train acc: 0.14234. 

09-14 09:03 DEBUG    PDM_KL log: {(0.5, 1, 10): {'shapes': [(3072, 251), (251,), (251, 118), (118,), (118, 118), (118,), (118, 118), (118,), (118, 10), (10,)], 'train_accuracy': 0.14234, 'test_accuracy': 0.1466}} 
09-14 09:31 DEBUG    ****** PDM_KL matching ******** 
09-14 09:31 DEBUG    Best Sigma0: 0.5. Best sigma: 1 Best gamma: 10. Best Test accuracy: 0.1717. Train acc: 0.16632. 

09-14 09:31 DEBUG    PDM_KL log: {(0.5, 1, 10): {'shapes': [(3072, 251), (251,), (251, 118), (118,), (118, 118), (118,), (118, 118), (118,), (118, 10), (10,)], 'train_accuracy': 0.16632, 'test_accuracy': 0.1717}} 
09-14 09:57 DEBUG    ****** PDM_KL matching ******** 
09-14 09:57 DEBUG    Best Sigma0: 0.5. Best sigma: 1 Best gamma: 10. Best Test accuracy: 0.1484. Train acc: 0.14418. 

09-14 09:57 DEBUG    PDM_KL log: {(0.5, 1, 10): {'shapes': [(3072, 256), (256,), (256, 118), (118,), (118, 118), (118,), (118, 118), (118,), (118, 10), (10,)], 'train_accuracy': 0.14418, 'test_accuracy': 0.1484}} 
09-14 10:27 DEBUG    ****** PDM_KL matching ******** 
09-14 10:27 DEBUG    Best Sigma0: 0.5. Best sigma: 1 Best gamma: 10. Best Test accuracy: 0.1381. Train acc: 0.1367. 

09-14 10:27 DEBUG    PDM_KL log: {(0.5, 1, 10): {'shapes': [(3072, 326), (326,), (326, 118), (118,), (118, 127), (127,), (127, 118), (118,), (118, 10), (10,)], 'train_accuracy': 0.1367, 'test_accuracy': 0.1381}} 
09-14 11:13 DEBUG    ****** PDM_KL matching ******** 
09-14 11:13 DEBUG    Best Sigma0: 0.5. Best sigma: 1 Best gamma: 10. Best Test accuracy: 0.1207. Train acc: 0.12098. 

09-14 11:13 DEBUG    PDM_KL log: {(0.5, 1, 10): {'shapes': [(3072, 491), (491,), (491, 127), (127,), (127, 127), (127,), (127, 118), (118,), (118, 10), (10,)], 'train_accuracy': 0.12098, 'test_accuracy': 0.1207}} 
09-14 12:03 DEBUG    ****** PDM_KL matching ******** 
09-14 12:03 DEBUG    Best Sigma0: 0.5. Best sigma: 1 Best gamma: 10. Best Test accuracy: 0.1. Train acc: 0.1. 

09-14 12:03 DEBUG    PDM_KL log: {(0.5, 1, 10): {'shapes': [(3072, 640), (640,), (640, 127), (127,), (127, 127), (127,), (127, 127), (127,), (127, 10), (10,)], 'train_accuracy': 0.1, 'test_accuracy': 0.1}} 
09-14 12:51 DEBUG    ****** PDM_KL matching ******** 
09-14 12:51 DEBUG    Best Sigma0: 0.5. Best sigma: 1 Best gamma: 10. Best Test accuracy: 0.1. Train acc: 0.1. 

09-14 12:51 DEBUG    PDM_KL log: {(0.5, 1, 10): {'shapes': [(3072, 642), (642,), (642, 136), (136,), (136, 136), (136,), (136, 118), (118,), (118, 10), (10,)], 'train_accuracy': 0.1, 'test_accuracy': 0.1}} 
09-14 13:48 DEBUG    ****** PDM_KL matching ******** 
09-14 13:48 DEBUG    Best Sigma0: 0.5. Best sigma: 1 Best gamma: 10. Best Test accuracy: 0.1. Train acc: 0.1. 

09-14 13:48 DEBUG    PDM_KL log: {(0.5, 1, 10): {'shapes': [(3072, 672), (672,), (672, 136), (136,), (136, 127), (127,), (127, 127), (127,), (127, 10), (10,)], 'train_accuracy': 0.1, 'test_accuracy': 0.1}} 
09-14 13:48 DEBUG    Trial 6 completed
09-14 13:48 DEBUG    ####################################################################################################
09-14 13:48 DEBUG    ####################################################################################################
09-14 13:48 DEBUG    Executing Trial 7 with seed 7
09-14 13:48 DEBUG    Data statistics: {0: {0: 482, 1: 521, 2: 535, 3: 522, 4: 467, 5: 501, 6: 526, 7: 471, 8: 489, 9: 486}, 1: {0: 527, 1: 478, 2: 478, 3: 525, 4: 507, 5: 463, 6: 507, 7: 499, 8: 520, 9: 496}, 2: {0: 489, 1: 470, 2: 493, 3: 474, 4: 505, 5: 539, 6: 476, 7: 516, 8: 519, 9: 519}, 3: {0: 489, 1: 489, 2: 485, 3: 519, 4: 474, 5: 505, 6: 483, 7: 517, 8: 515, 9: 524}, 4: {0: 516, 1: 492, 2: 514, 3: 501, 4: 490, 5: 513, 6: 497, 7: 486, 8: 500, 9: 491}, 5: {0: 507, 1: 511, 2: 508, 3: 489, 4: 512, 5: 491, 6: 462, 7: 498, 8: 503, 9: 519}, 6: {0: 487, 1: 497, 2: 481, 3: 477, 4: 494, 5: 531, 6: 534, 7: 484, 8: 539, 9: 476}, 7: {0: 512, 1: 497, 2: 493, 3: 496, 4: 537, 5: 462, 6: 510, 7: 562, 8: 460, 9: 471}, 8: {0: 527, 1: 536, 2: 509, 3: 474, 4: 504, 5: 500, 6: 486, 7: 464, 8: 468, 9: 532}, 9: {0: 464, 1: 509, 2: 504, 3: 523, 4: 510, 5: 495, 6: 519, 7: 503, 8: 487, 9: 486}}
09-14 13:52 DEBUG    **************************************************
09-14 13:52 DEBUG    Running experiments 

09-14 13:54 DEBUG    Uniform ensemble (Train acc): 0.294580
09-14 13:54 DEBUG    Uniform ensemble (Test acc): 0.294200
09-14 13:55 DEBUG    FedAvg (Train acc): 0.100000
09-14 13:55 DEBUG    FedAvg (Test acc): 0.100000
09-14 14:09 DEBUG    ****** PDM_KL matching ******** 
09-14 14:09 DEBUG    Best Sigma0: 0.5. Best sigma: 1 Best gamma: 10. Best Test accuracy: 0.1225. Train acc: 0.11976. 

09-14 14:09 DEBUG    PDM_KL log: {(0.5, 1, 10): {'shapes': [(3072, 252), (252,), (252, 127), (127,), (127, 118), (118,), (118, 118), (118,), (118, 10), (10,)], 'train_accuracy': 0.11976, 'test_accuracy': 0.1225}} 
09-14 14:35 DEBUG    ****** PDM_KL matching ******** 
09-14 14:35 DEBUG    Best Sigma0: 0.5. Best sigma: 1 Best gamma: 10. Best Test accuracy: 0.1436. Train acc: 0.13908. 

09-14 14:35 DEBUG    PDM_KL log: {(0.5, 1, 10): {'shapes': [(3072, 245), (245,), (245, 127), (127,), (127, 118), (118,), (118, 118), (118,), (118, 10), (10,)], 'train_accuracy': 0.13908, 'test_accuracy': 0.1436}} 
09-14 15:01 DEBUG    ****** PDM_KL matching ******** 
09-14 15:01 DEBUG    Best Sigma0: 0.5. Best sigma: 1 Best gamma: 10. Best Test accuracy: 0.1417. Train acc: 0.13806. 

09-14 15:01 DEBUG    PDM_KL log: {(0.5, 1, 10): {'shapes': [(3072, 248), (248,), (248, 118), (118,), (118, 118), (118,), (118, 118), (118,), (118, 10), (10,)], 'train_accuracy': 0.13806, 'test_accuracy': 0.1417}} 
09-14 15:26 DEBUG    ****** PDM_KL matching ******** 
09-14 15:26 DEBUG    Best Sigma0: 0.5. Best sigma: 1 Best gamma: 10. Best Test accuracy: 0.1016. Train acc: 0.10098. 

09-14 15:26 DEBUG    PDM_KL log: {(0.5, 1, 10): {'shapes': [(3072, 248), (248,), (248, 118), (118,), (118, 118), (118,), (118, 118), (118,), (118, 10), (10,)], 'train_accuracy': 0.10098, 'test_accuracy': 0.1016}} 
09-14 15:52 DEBUG    ****** PDM_KL matching ******** 
09-14 15:52 DEBUG    Best Sigma0: 0.5. Best sigma: 1 Best gamma: 10. Best Test accuracy: 0.108. Train acc: 0.10734. 

09-14 15:52 DEBUG    PDM_KL log: {(0.5, 1, 10): {'shapes': [(3072, 249), (249,), (249, 127), (127,), (127, 118), (118,), (118, 118), (118,), (118, 10), (10,)], 'train_accuracy': 0.10734, 'test_accuracy': 0.108}} 
09-14 16:20 DEBUG    ****** PDM_KL matching ******** 
09-14 16:20 DEBUG    Best Sigma0: 0.5. Best sigma: 1 Best gamma: 10. Best Test accuracy: 0.1029. Train acc: 0.10262. 

09-14 16:20 DEBUG    PDM_KL log: {(0.5, 1, 10): {'shapes': [(3072, 261), (261,), (261, 118), (118,), (118, 118), (118,), (118, 118), (118,), (118, 10), (10,)], 'train_accuracy': 0.10262, 'test_accuracy': 0.1029}} 
09-14 16:49 DEBUG    ****** PDM_KL matching ******** 
09-14 16:49 DEBUG    Best Sigma0: 0.5. Best sigma: 1 Best gamma: 10. Best Test accuracy: 0.1953. Train acc: 0.19316. 

09-14 16:49 DEBUG    PDM_KL log: {(0.5, 1, 10): {'shapes': [(3072, 317), (317,), (317, 127), (127,), (127, 127), (127,), (127, 118), (118,), (118, 10), (10,)], 'train_accuracy': 0.19316, 'test_accuracy': 0.1953}} 
09-14 17:32 DEBUG    ****** PDM_KL matching ******** 
09-14 17:32 DEBUG    Best Sigma0: 0.5. Best sigma: 1 Best gamma: 10. Best Test accuracy: 0.1. Train acc: 0.10012. 

09-14 17:32 DEBUG    PDM_KL log: {(0.5, 1, 10): {'shapes': [(3072, 515), (515,), (515, 127), (127,), (127, 127), (127,), (127, 118), (118,), (118, 10), (10,)], 'train_accuracy': 0.10012, 'test_accuracy': 0.1}} 
09-14 18:21 DEBUG    ****** PDM_KL matching ******** 
09-14 18:21 DEBUG    Best Sigma0: 0.5. Best sigma: 1 Best gamma: 10. Best Test accuracy: 0.1019. Train acc: 0.10172. 

09-14 18:21 DEBUG    PDM_KL log: {(0.5, 1, 10): {'shapes': [(3072, 657), (657,), (657, 127), (127,), (127, 127), (127,), (127, 127), (127,), (127, 10), (10,)], 'train_accuracy': 0.10172, 'test_accuracy': 0.1019}} 
09-14 19:12 DEBUG    ****** PDM_KL matching ******** 
09-14 19:12 DEBUG    Best Sigma0: 0.5. Best sigma: 1 Best gamma: 10. Best Test accuracy: 0.1. Train acc: 0.1. 

09-14 19:12 DEBUG    PDM_KL log: {(0.5, 1, 10): {'shapes': [(3072, 654), (654,), (654, 127), (127,), (127, 136), (136,), (136, 127), (127,), (127, 10), (10,)], 'train_accuracy': 0.1, 'test_accuracy': 0.1}} 
09-14 20:05 DEBUG    ****** PDM_KL matching ******** 
09-14 20:05 DEBUG    Best Sigma0: 0.5. Best sigma: 1 Best gamma: 10. Best Test accuracy: 0.1. Train acc: 0.1. 

09-14 20:05 DEBUG    PDM_KL log: {(0.5, 1, 10): {'shapes': [(3072, 680), (680,), (680, 127), (127,), (127, 136), (136,), (136, 127), (127,), (127, 10), (10,)], 'train_accuracy': 0.1, 'test_accuracy': 0.1}} 
09-14 20:05 DEBUG    Trial 7 completed
09-14 20:05 DEBUG    ####################################################################################################
09-14 20:05 DEBUG    ####################################################################################################
09-14 20:05 DEBUG    Executing Trial 8 with seed 8
09-14 20:05 DEBUG    Data statistics: {0: {0: 518, 1: 496, 2: 490, 3: 514, 4: 513, 5: 507, 6: 510, 7: 462, 8: 461, 9: 529}, 1: {0: 522, 1: 510, 2: 503, 3: 490, 4: 501, 5: 481, 6: 522, 7: 496, 8: 471, 9: 504}, 2: {0: 475, 1: 498, 2: 474, 3: 476, 4: 493, 5: 531, 6: 504, 7: 508, 8: 526, 9: 515}, 3: {0: 491, 1: 516, 2: 505, 3: 501, 4: 508, 5: 499, 6: 480, 7: 486, 8: 519, 9: 495}, 4: {0: 501, 1: 463, 2: 496, 3: 496, 4: 519, 5: 487, 6: 482, 7: 543, 8: 536, 9: 477}, 5: {0: 475, 1: 502, 2: 493, 3: 483, 4: 512, 5: 511, 6: 521, 7: 468, 8: 501, 9: 534}, 6: {0: 492, 1: 517, 2: 530, 3: 502, 4: 509, 5: 480, 6: 493, 7: 488, 8: 499, 9: 490}, 7: {0: 486, 1: 501, 2: 518, 3: 524, 4: 484, 5: 491, 6: 489, 7: 507, 8: 530, 9: 470}, 8: {0: 509, 1: 511, 2: 467, 3: 503, 4: 495, 5: 509, 6: 513, 7: 516, 8: 465, 9: 512}, 9: {0: 531, 1: 486, 2: 524, 3: 511, 4: 466, 5: 504, 6: 486, 7: 526, 8: 492, 9: 474}}
09-14 20:09 DEBUG    **************************************************
09-14 20:09 DEBUG    Running experiments 

09-14 20:11 DEBUG    Uniform ensemble (Train acc): 0.291880
09-14 20:11 DEBUG    Uniform ensemble (Test acc): 0.290000
09-14 20:12 DEBUG    FedAvg (Train acc): 0.100000
09-14 20:12 DEBUG    FedAvg (Test acc): 0.100000
09-14 20:27 DEBUG    ****** PDM_KL matching ******** 
09-14 20:27 DEBUG    Best Sigma0: 0.5. Best sigma: 1 Best gamma: 10. Best Test accuracy: 0.1185. Train acc: 0.1203. 

09-14 20:27 DEBUG    PDM_KL log: {(0.5, 1, 10): {'shapes': [(3072, 247), (247,), (247, 118), (118,), (118, 118), (118,), (118, 118), (118,), (118, 10), (10,)], 'train_accuracy': 0.1203, 'test_accuracy': 0.1185}} 
09-14 20:49 DEBUG    ****** PDM_KL matching ******** 
09-14 20:49 DEBUG    Best Sigma0: 0.5. Best sigma: 1 Best gamma: 10. Best Test accuracy: 0.1239. Train acc: 0.12352. 

09-14 20:49 DEBUG    PDM_KL log: {(0.5, 1, 10): {'shapes': [(3072, 249), (249,), (249, 118), (118,), (118, 118), (118,), (118, 118), (118,), (118, 10), (10,)], 'train_accuracy': 0.12352, 'test_accuracy': 0.1239}} 
09-14 21:15 DEBUG    ****** PDM_KL matching ******** 
09-14 21:15 DEBUG    Best Sigma0: 0.5. Best sigma: 1 Best gamma: 10. Best Test accuracy: 0.1065. Train acc: 0.10608. 

09-14 21:15 DEBUG    PDM_KL log: {(0.5, 1, 10): {'shapes': [(3072, 250), (250,), (250, 118), (118,), (118, 118), (118,), (118, 118), (118,), (118, 10), (10,)], 'train_accuracy': 0.10608, 'test_accuracy': 0.1065}} 
09-14 21:39 DEBUG    ****** PDM_KL matching ******** 
09-14 21:39 DEBUG    Best Sigma0: 0.5. Best sigma: 1 Best gamma: 10. Best Test accuracy: 0.1198. Train acc: 0.12122. 

09-14 21:39 DEBUG    PDM_KL log: {(0.5, 1, 10): {'shapes': [(3072, 252), (252,), (252, 118), (118,), (118, 118), (118,), (118, 118), (118,), (118, 10), (10,)], 'train_accuracy': 0.12122, 'test_accuracy': 0.1198}} 
09-14 22:06 DEBUG    ****** PDM_KL matching ******** 
09-14 22:06 DEBUG    Best Sigma0: 0.5. Best sigma: 1 Best gamma: 10. Best Test accuracy: 0.1296. Train acc: 0.12636. 

09-14 22:06 DEBUG    PDM_KL log: {(0.5, 1, 10): {'shapes': [(3072, 252), (252,), (252, 118), (118,), (118, 118), (118,), (118, 118), (118,), (118, 10), (10,)], 'train_accuracy': 0.12636, 'test_accuracy': 0.1296}} 
09-14 22:34 DEBUG    ****** PDM_KL matching ******** 
09-14 22:34 DEBUG    Best Sigma0: 0.5. Best sigma: 1 Best gamma: 10. Best Test accuracy: 0.1191. Train acc: 0.1203. 

09-14 22:34 DEBUG    PDM_KL log: {(0.5, 1, 10): {'shapes': [(3072, 254), (254,), (254, 127), (127,), (127, 118), (118,), (118, 118), (118,), (118, 10), (10,)], 'train_accuracy': 0.1203, 'test_accuracy': 0.1191}} 
09-14 23:04 DEBUG    ****** PDM_KL matching ******** 
09-14 23:04 DEBUG    Best Sigma0: 0.5. Best sigma: 1 Best gamma: 10. Best Test accuracy: 0.1569. Train acc: 0.1586. 

09-14 23:04 DEBUG    PDM_KL log: {(0.5, 1, 10): {'shapes': [(3072, 327), (327,), (327, 118), (118,), (118, 127), (127,), (127, 118), (118,), (118, 10), (10,)], 'train_accuracy': 0.1586, 'test_accuracy': 0.1569}} 
09-14 23:43 DEBUG    ****** PDM_KL matching ******** 
09-14 23:43 DEBUG    Best Sigma0: 0.5. Best sigma: 1 Best gamma: 10. Best Test accuracy: 0.1355. Train acc: 0.1301. 

09-14 23:43 DEBUG    PDM_KL log: {(0.5, 1, 10): {'shapes': [(3072, 532), (532,), (532, 127), (127,), (127, 127), (127,), (127, 118), (118,), (118, 10), (10,)], 'train_accuracy': 0.1301, 'test_accuracy': 0.1355}} 
09-15 00:23 DEBUG    ****** PDM_KL matching ******** 
09-15 00:23 DEBUG    Best Sigma0: 0.5. Best sigma: 1 Best gamma: 10. Best Test accuracy: 0.1067. Train acc: 0.1069. 

09-15 00:23 DEBUG    PDM_KL log: {(0.5, 1, 10): {'shapes': [(3072, 670), (670,), (670, 127), (127,), (127, 127), (127,), (127, 127), (127,), (127, 10), (10,)], 'train_accuracy': 0.1069, 'test_accuracy': 0.1067}} 
09-15 01:03 DEBUG    ****** PDM_KL matching ******** 
09-15 01:03 DEBUG    Best Sigma0: 0.5. Best sigma: 1 Best gamma: 10. Best Test accuracy: 0.1. Train acc: 0.1. 

09-15 01:03 DEBUG    PDM_KL log: {(0.5, 1, 10): {'shapes': [(3072, 664), (664,), (664, 127), (127,), (127, 127), (127,), (127, 118), (118,), (118, 10), (10,)], 'train_accuracy': 0.1, 'test_accuracy': 0.1}} 
09-15 01:45 DEBUG    ****** PDM_KL matching ******** 
09-15 01:45 DEBUG    Best Sigma0: 0.5. Best sigma: 1 Best gamma: 10. Best Test accuracy: 0.1. Train acc: 0.1. 

09-15 01:45 DEBUG    PDM_KL log: {(0.5, 1, 10): {'shapes': [(3072, 689), (689,), (689, 136), (136,), (136, 136), (136,), (136, 127), (127,), (127, 10), (10,)], 'train_accuracy': 0.1, 'test_accuracy': 0.1}} 
09-15 01:45 DEBUG    Trial 8 completed
09-15 01:45 DEBUG    ####################################################################################################
09-15 01:45 DEBUG    ####################################################################################################
09-15 01:45 DEBUG    Executing Trial 9 with seed 9
09-15 01:45 DEBUG    Data statistics: {0: {0: 490, 1: 482, 2: 496, 3: 501, 4: 516, 5: 513, 6: 508, 7: 486, 8: 504, 9: 504}, 1: {0: 513, 1: 502, 2: 507, 3: 476, 4: 496, 5: 476, 6: 494, 7: 502, 8: 507, 9: 527}, 2: {0: 522, 1: 476, 2: 517, 3: 485, 4: 499, 5: 500, 6: 520, 7: 481, 8: 499, 9: 501}, 3: {0: 496, 1: 502, 2: 519, 3: 490, 4: 472, 5: 502, 6: 500, 7: 536, 8: 496, 9: 487}, 4: {0: 507, 1: 522, 2: 514, 3: 506, 4: 531, 5: 481, 6: 497, 7: 507, 8: 465, 9: 470}, 5: {0: 497, 1: 510, 2: 499, 3: 467, 4: 539, 5: 520, 6: 494, 7: 468, 8: 484, 9: 522}, 6: {0: 478, 1: 569, 2: 478, 3: 535, 4: 485, 5: 492, 6: 487, 7: 498, 8: 510, 9: 468}, 7: {0: 486, 1: 459, 2: 494, 3: 516, 4: 492, 5: 497, 6: 510, 7: 517, 8: 524, 9: 505}, 8: {0: 511, 1: 495, 2: 478, 3: 538, 4: 463, 5: 513, 6: 470, 7: 511, 8: 499, 9: 522}, 9: {0: 500, 1: 483, 2: 498, 3: 486, 4: 507, 5: 506, 6: 520, 7: 494, 8: 512, 9: 494}}
09-15 01:48 DEBUG    **************************************************
09-15 01:48 DEBUG    Running experiments 

09-15 01:49 DEBUG    Uniform ensemble (Train acc): 0.287980
09-15 01:49 DEBUG    Uniform ensemble (Test acc): 0.286000
09-15 01:49 DEBUG    FedAvg (Train acc): 0.100000
09-15 01:49 DEBUG    FedAvg (Test acc): 0.100000
09-15 02:00 DEBUG    ****** PDM_KL matching ******** 
09-15 02:00 DEBUG    Best Sigma0: 0.5. Best sigma: 1 Best gamma: 10. Best Test accuracy: 0.1566. Train acc: 0.1495. 

09-15 02:00 DEBUG    PDM_KL log: {(0.5, 1, 10): {'shapes': [(3072, 240), (240,), (240, 118), (118,), (118, 118), (118,), (118, 118), (118,), (118, 10), (10,)], 'train_accuracy': 0.1495, 'test_accuracy': 0.1566}} 
09-15 02:20 DEBUG    ****** PDM_KL matching ******** 
09-15 02:20 DEBUG    Best Sigma0: 0.5. Best sigma: 1 Best gamma: 10. Best Test accuracy: 0.1631. Train acc: 0.15622. 

09-15 02:20 DEBUG    PDM_KL log: {(0.5, 1, 10): {'shapes': [(3072, 245), (245,), (245, 118), (118,), (118, 118), (118,), (118, 118), (118,), (118, 10), (10,)], 'train_accuracy': 0.15622, 'test_accuracy': 0.1631}} 
09-15 02:42 DEBUG    ****** PDM_KL matching ******** 
09-15 02:42 DEBUG    Best Sigma0: 0.5. Best sigma: 1 Best gamma: 10. Best Test accuracy: 0.16. Train acc: 0.15768. 

09-15 02:42 DEBUG    PDM_KL log: {(0.5, 1, 10): {'shapes': [(3072, 246), (246,), (246, 118), (118,), (118, 127), (127,), (127, 118), (118,), (118, 10), (10,)], 'train_accuracy': 0.15768, 'test_accuracy': 0.16}} 
09-15 03:01 DEBUG    ****** PDM_KL matching ******** 
09-15 03:01 DEBUG    Best Sigma0: 0.5. Best sigma: 1 Best gamma: 10. Best Test accuracy: 0.1335. Train acc: 0.1322. 

09-15 03:01 DEBUG    PDM_KL log: {(0.5, 1, 10): {'shapes': [(3072, 242), (242,), (242, 118), (118,), (118, 127), (127,), (127, 118), (118,), (118, 10), (10,)], 'train_accuracy': 0.1322, 'test_accuracy': 0.1335}} 
09-15 03:18 DEBUG    ****** PDM_KL matching ******** 
09-15 03:18 DEBUG    Best Sigma0: 0.5. Best sigma: 1 Best gamma: 10. Best Test accuracy: 0.1613. Train acc: 0.15834. 

09-15 03:18 DEBUG    PDM_KL log: {(0.5, 1, 10): {'shapes': [(3072, 251), (251,), (251, 118), (118,), (118, 118), (118,), (118, 118), (118,), (118, 10), (10,)], 'train_accuracy': 0.15834, 'test_accuracy': 0.1613}} 
09-15 03:33 DEBUG    ****** PDM_KL matching ******** 
09-15 03:33 DEBUG    Best Sigma0: 0.5. Best sigma: 1 Best gamma: 10. Best Test accuracy: 0.1413. Train acc: 0.13566. 

09-15 03:33 DEBUG    PDM_KL log: {(0.5, 1, 10): {'shapes': [(3072, 254), (254,), (254, 118), (118,), (118, 127), (127,), (127, 118), (118,), (118, 10), (10,)], 'train_accuracy': 0.13566, 'test_accuracy': 0.1413}} 
09-15 03:50 DEBUG    ****** PDM_KL matching ******** 
09-15 03:50 DEBUG    Best Sigma0: 0.5. Best sigma: 1 Best gamma: 10. Best Test accuracy: 0.1742. Train acc: 0.17592. 

09-15 03:50 DEBUG    PDM_KL log: {(0.5, 1, 10): {'shapes': [(3072, 333), (333,), (333, 127), (127,), (127, 127), (127,), (127, 118), (118,), (118, 10), (10,)], 'train_accuracy': 0.17592, 'test_accuracy': 0.1742}} 
09-15 04:12 DEBUG    ****** PDM_KL matching ******** 
09-15 04:12 DEBUG    Best Sigma0: 0.5. Best sigma: 1 Best gamma: 10. Best Test accuracy: 0.144. Train acc: 0.13962. 

09-15 04:12 DEBUG    PDM_KL log: {(0.5, 1, 10): {'shapes': [(3072, 514), (514,), (514, 127), (127,), (127, 127), (127,), (127, 118), (118,), (118, 10), (10,)], 'train_accuracy': 0.13962, 'test_accuracy': 0.144}} 
09-15 04:34 DEBUG    ****** PDM_KL matching ******** 
09-15 04:34 DEBUG    Best Sigma0: 0.5. Best sigma: 1 Best gamma: 10. Best Test accuracy: 0.1066. Train acc: 0.10612. 

09-15 04:34 DEBUG    PDM_KL log: {(0.5, 1, 10): {'shapes': [(3072, 659), (659,), (659, 127), (127,), (127, 127), (127,), (127, 127), (127,), (127, 10), (10,)], 'train_accuracy': 0.10612, 'test_accuracy': 0.1066}} 
09-15 04:54 DEBUG    ****** PDM_KL matching ******** 
09-15 04:54 DEBUG    Best Sigma0: 0.5. Best sigma: 1 Best gamma: 10. Best Test accuracy: 0.1. Train acc: 0.1. 

09-15 04:54 DEBUG    PDM_KL log: {(0.5, 1, 10): {'shapes': [(3072, 637), (637,), (637, 136), (136,), (136, 127), (127,), (127, 118), (118,), (118, 10), (10,)], 'train_accuracy': 0.1, 'test_accuracy': 0.1}} 
09-15 05:15 DEBUG    ****** PDM_KL matching ******** 
09-15 05:15 DEBUG    Best Sigma0: 0.5. Best sigma: 1 Best gamma: 10. Best Test accuracy: 0.1. Train acc: 0.1. 

09-15 05:15 DEBUG    PDM_KL log: {(0.5, 1, 10): {'shapes': [(3072, 663), (663,), (663, 136), (136,), (136, 127), (127,), (127, 127), (127,), (127, 10), (10,)], 'train_accuracy': 0.1, 'test_accuracy': 0.1}} 
09-15 05:15 DEBUG    Trial 9 completed
09-15 05:15 DEBUG    ####################################################################################################
