09-18 12:36 DEBUG    Experiment arguments: Namespace(alpha=0.5, communication_rounds=None, datadir='data/cifar10', dataset='cifar10', device=1.0, dropout_p=0.0, epochs=10, experiment=['all'], init_seed=0, iter_epochs=5, layers=1, loaddir='saved_weights/cifar10/homo', logdir='KL_regs_bst_hyp/cifar10/homo', lr=0.01, lr_decay=1.0, n=6, n_layers=1, n_nets=10, net_config=[3072, 100, 100, 100, 100, 10], num_pool_workers=6, partition='homo', pdm_gamma=10, pdm_sig=1, pdm_sig0=10, reg=1e-06, reg_fac=0.0, trials=10)
09-18 12:36 DEBUG    ####################################################################################################
09-18 12:36 DEBUG    Executing Trial 0 with seed 0
09-18 12:36 DEBUG    Data statistics: {0: {0: 503, 1: 483, 2: 487, 3: 527, 4: 473, 5: 548, 6: 491, 7: 502, 8: 482, 9: 504}, 1: {0: 501, 1: 503, 2: 529, 3: 503, 4: 494, 5: 468, 6: 462, 7: 497, 8: 507, 9: 536}, 2: {0: 510, 1: 540, 2: 498, 3: 461, 4: 516, 5: 483, 6: 502, 7: 515, 8: 492, 9: 483}, 3: {0: 487, 1: 487, 2: 493, 3: 498, 4: 523, 5: 482, 6: 500, 7: 487, 8: 495, 9: 548}, 4: {0: 505, 1: 480, 2: 488, 3: 488, 4: 480, 5: 509, 6: 537, 7: 490, 8: 490, 9: 533}, 5: {0: 504, 1: 480, 2: 511, 3: 494, 4: 530, 5: 509, 6: 521, 7: 489, 8: 490, 9: 472}, 6: {0: 512, 1: 509, 2: 512, 3: 488, 4: 488, 5: 465, 6: 490, 7: 538, 8: 506, 9: 492}, 7: {0: 472, 1: 521, 2: 463, 3: 549, 4: 502, 5: 515, 6: 518, 7: 496, 8: 479, 9: 485}, 8: {0: 505, 1: 485, 2: 487, 3: 505, 4: 497, 5: 512, 6: 508, 7: 501, 8: 531, 9: 469}, 9: {0: 501, 1: 512, 2: 532, 3: 487, 4: 497, 5: 509, 6: 471, 7: 485, 8: 528, 9: 478}}
09-18 12:36 DEBUG    **************************************************
09-18 12:36 DEBUG    Running experiments 

09-18 12:37 DEBUG    Uniform ensemble (Train acc): 0.293100
09-18 12:37 DEBUG    Uniform ensemble (Test acc): 0.298200
09-18 12:37 DEBUG    FedAvg (Train acc): 0.100000
09-18 12:37 DEBUG    FedAvg (Test acc): 0.100000
09-18 12:51 DEBUG    ****** PDM_KL matching ******** 
09-18 12:51 DEBUG    Best Sigma0: 10. Best sigma: 1 Best gamma: 10. Best Test accuracy: 0.1761. Train acc: 0.17496. 

09-18 12:51 DEBUG    PDM_KL log: {(10, 1, 10): {'shapes': [(3072, 700), (700,), (700, 136), (136,), (136, 136), (136,), (136, 118), (118,), (118, 10), (10,)], 'train_accuracy': 0.17496, 'test_accuracy': 0.1761}} 
09-18 13:28 DEBUG    ****** PDM_KL matching ******** 
09-18 13:28 DEBUG    Best Sigma0: 10. Best sigma: 1 Best gamma: 10. Best Test accuracy: 0.1924. Train acc: 0.18726. 

09-18 13:28 DEBUG    PDM_KL log: {(10, 1, 10): {'shapes': [(3072, 700), (700,), (700, 136), (136,), (136, 145), (145,), (145, 118), (118,), (118, 10), (10,)], 'train_accuracy': 0.18726, 'test_accuracy': 0.1924}} 
09-18 14:05 DEBUG    ****** PDM_KL matching ******** 
09-18 14:05 DEBUG    Best Sigma0: 10. Best sigma: 1 Best gamma: 10. Best Test accuracy: 0.1589. Train acc: 0.15786. 

09-18 14:05 DEBUG    PDM_KL log: {(10, 1, 10): {'shapes': [(3072, 700), (700,), (700, 136), (136,), (136, 145), (145,), (145, 118), (118,), (118, 10), (10,)], 'train_accuracy': 0.15786, 'test_accuracy': 0.1589}} 
09-18 14:42 DEBUG    ****** PDM_KL matching ******** 
09-18 14:42 DEBUG    Best Sigma0: 10. Best sigma: 1 Best gamma: 10. Best Test accuracy: 0.1821. Train acc: 0.18232. 

09-18 14:42 DEBUG    PDM_KL log: {(10, 1, 10): {'shapes': [(3072, 700), (700,), (700, 136), (136,), (136, 145), (145,), (145, 118), (118,), (118, 10), (10,)], 'train_accuracy': 0.18232, 'test_accuracy': 0.1821}} 
09-18 15:20 DEBUG    ****** PDM_KL matching ******** 
09-18 15:20 DEBUG    Best Sigma0: 10. Best sigma: 1 Best gamma: 10. Best Test accuracy: 0.1811. Train acc: 0.17934. 

09-18 15:20 DEBUG    PDM_KL log: {(10, 1, 10): {'shapes': [(3072, 700), (700,), (700, 136), (136,), (136, 145), (145,), (145, 118), (118,), (118, 10), (10,)], 'train_accuracy': 0.17934, 'test_accuracy': 0.1811}} 
09-18 15:58 DEBUG    ****** PDM_KL matching ******** 
09-18 15:58 DEBUG    Best Sigma0: 10. Best sigma: 1 Best gamma: 10. Best Test accuracy: 0.1792. Train acc: 0.17932. 

09-18 15:58 DEBUG    PDM_KL log: {(10, 1, 10): {'shapes': [(3072, 700), (700,), (700, 136), (136,), (136, 145), (145,), (145, 118), (118,), (118, 10), (10,)], 'train_accuracy': 0.17932, 'test_accuracy': 0.1792}} 
09-18 16:33 DEBUG    ****** PDM_KL matching ******** 
09-18 16:33 DEBUG    Best Sigma0: 10. Best sigma: 1 Best gamma: 10. Best Test accuracy: 0.1935. Train acc: 0.19658. 

09-18 16:33 DEBUG    PDM_KL log: {(10, 1, 10): {'shapes': [(3072, 700), (700,), (700, 127), (127,), (127, 136), (136,), (136, 127), (127,), (127, 10), (10,)], 'train_accuracy': 0.19658, 'test_accuracy': 0.1935}} 
09-18 16:50 DEBUG    ****** PDM_KL matching ******** 
09-18 16:50 DEBUG    Best Sigma0: 10. Best sigma: 1 Best gamma: 10. Best Test accuracy: 0.1976. Train acc: 0.1964. 

09-18 16:50 DEBUG    PDM_KL log: {(10, 1, 10): {'shapes': [(3072, 289), (289,), (289, 127), (127,), (127, 127), (127,), (127, 127), (127,), (127, 10), (10,)], 'train_accuracy': 0.1964, 'test_accuracy': 0.1976}} 
09-18 16:58 DEBUG    ****** PDM_KL matching ******** 
09-18 16:58 DEBUG    Best Sigma0: 10. Best sigma: 1 Best gamma: 10. Best Test accuracy: 0.1. Train acc: 0.1. 

09-18 16:58 DEBUG    PDM_KL log: {(10, 1, 10): {'shapes': [(3072, 100), (100,), (100, 118), (118,), (118, 118), (118,), (118, 118), (118,), (118, 10), (10,)], 'train_accuracy': 0.1, 'test_accuracy': 0.1}} 
09-18 17:05 DEBUG    ****** PDM_KL matching ******** 
09-18 17:05 DEBUG    Best Sigma0: 10. Best sigma: 1 Best gamma: 10. Best Test accuracy: 0.1. Train acc: 0.1. 

09-18 17:05 DEBUG    PDM_KL log: {(10, 1, 10): {'shapes': [(3072, 100), (100,), (100, 109), (109,), (109, 109), (109,), (109, 118), (118,), (118, 10), (10,)], 'train_accuracy': 0.1, 'test_accuracy': 0.1}} 
09-18 17:13 DEBUG    ****** PDM_KL matching ******** 
09-18 17:13 DEBUG    Best Sigma0: 10. Best sigma: 1 Best gamma: 10. Best Test accuracy: 0.1. Train acc: 0.1. 

09-18 17:13 DEBUG    PDM_KL log: {(10, 1, 10): {'shapes': [(3072, 100), (100,), (100, 109), (109,), (109, 109), (109,), (109, 118), (118,), (118, 10), (10,)], 'train_accuracy': 0.1, 'test_accuracy': 0.1}} 
09-18 17:13 DEBUG    Trial 0 completed
09-18 17:13 DEBUG    ####################################################################################################
09-18 17:13 DEBUG    ####################################################################################################
09-18 17:13 DEBUG    Executing Trial 1 with seed 1
09-18 17:13 DEBUG    Data statistics: {0: {0: 510, 1: 492, 2: 515, 3: 474, 4: 530, 5: 498, 6: 501, 7: 489, 8: 481, 9: 510}, 1: {0: 476, 1: 494, 2: 523, 3: 515, 4: 477, 5: 497, 6: 486, 7: 523, 8: 497, 9: 512}, 2: {0: 503, 1: 524, 2: 501, 3: 526, 4: 471, 5: 497, 6: 538, 7: 499, 8: 482, 9: 459}, 3: {0: 484, 1: 501, 2: 514, 3: 480, 4: 487, 5: 513, 6: 529, 7: 501, 8: 480, 9: 511}, 4: {0: 506, 1: 496, 2: 478, 3: 495, 4: 492, 5: 512, 6: 520, 7: 487, 8: 490, 9: 524}, 5: {0: 517, 1: 496, 2: 472, 3: 525, 4: 496, 5: 506, 6: 458, 7: 480, 8: 503, 9: 547}, 6: {0: 491, 1: 522, 2: 492, 3: 490, 4: 506, 5: 482, 6: 492, 7: 499, 8: 557, 9: 469}, 7: {0: 516, 1: 500, 2: 499, 3: 512, 4: 523, 5: 503, 6: 468, 7: 515, 8: 493, 9: 471}, 8: {0: 503, 1: 497, 2: 498, 3: 492, 4: 484, 5: 490, 6: 509, 7: 511, 8: 506, 9: 510}, 9: {0: 494, 1: 478, 2: 508, 3: 491, 4: 534, 5: 502, 6: 499, 7: 496, 8: 511, 9: 487}}
09-18 17:15 DEBUG    **************************************************
09-18 17:15 DEBUG    Running experiments 

09-18 17:15 DEBUG    Uniform ensemble (Train acc): 0.306620
09-18 17:15 DEBUG    Uniform ensemble (Test acc): 0.297000
09-18 17:16 DEBUG    FedAvg (Train acc): 0.100000
09-18 17:16 DEBUG    FedAvg (Test acc): 0.100000
09-18 17:31 DEBUG    ****** PDM_KL matching ******** 
09-18 17:31 DEBUG    Best Sigma0: 10. Best sigma: 1 Best gamma: 10. Best Test accuracy: 0.1785. Train acc: 0.18402. 

09-18 17:31 DEBUG    PDM_KL log: {(10, 1, 10): {'shapes': [(3072, 700), (700,), (700, 145), (145,), (145, 145), (145,), (145, 118), (118,), (118, 10), (10,)], 'train_accuracy': 0.18402, 'test_accuracy': 0.1785}} 
09-18 18:06 DEBUG    ****** PDM_KL matching ******** 
09-18 18:06 DEBUG    Best Sigma0: 10. Best sigma: 1 Best gamma: 10. Best Test accuracy: 0.1703. Train acc: 0.17478. 

09-18 18:06 DEBUG    PDM_KL log: {(10, 1, 10): {'shapes': [(3072, 700), (700,), (700, 145), (145,), (145, 145), (145,), (145, 118), (118,), (118, 10), (10,)], 'train_accuracy': 0.17478, 'test_accuracy': 0.1703}} 
09-18 18:42 DEBUG    ****** PDM_KL matching ******** 
09-18 18:42 DEBUG    Best Sigma0: 10. Best sigma: 1 Best gamma: 10. Best Test accuracy: 0.1718. Train acc: 0.17598. 

09-18 18:42 DEBUG    PDM_KL log: {(10, 1, 10): {'shapes': [(3072, 700), (700,), (700, 145), (145,), (145, 145), (145,), (145, 118), (118,), (118, 10), (10,)], 'train_accuracy': 0.17598, 'test_accuracy': 0.1718}} 
09-18 19:19 DEBUG    ****** PDM_KL matching ******** 
09-18 19:19 DEBUG    Best Sigma0: 10. Best sigma: 1 Best gamma: 10. Best Test accuracy: 0.1801. Train acc: 0.18324. 

09-18 19:19 DEBUG    PDM_KL log: {(10, 1, 10): {'shapes': [(3072, 700), (700,), (700, 145), (145,), (145, 145), (145,), (145, 118), (118,), (118, 10), (10,)], 'train_accuracy': 0.18324, 'test_accuracy': 0.1801}} 
09-18 19:56 DEBUG    ****** PDM_KL matching ******** 
09-18 19:56 DEBUG    Best Sigma0: 10. Best sigma: 1 Best gamma: 10. Best Test accuracy: 0.1767. Train acc: 0.1819. 

09-18 19:56 DEBUG    PDM_KL log: {(10, 1, 10): {'shapes': [(3072, 700), (700,), (700, 136), (136,), (136, 145), (145,), (145, 118), (118,), (118, 10), (10,)], 'train_accuracy': 0.1819, 'test_accuracy': 0.1767}} 
09-18 20:31 DEBUG    ****** PDM_KL matching ******** 
09-18 20:31 DEBUG    Best Sigma0: 10. Best sigma: 1 Best gamma: 10. Best Test accuracy: 0.1713. Train acc: 0.17426. 

09-18 20:31 DEBUG    PDM_KL log: {(10, 1, 10): {'shapes': [(3072, 700), (700,), (700, 136), (136,), (136, 145), (145,), (145, 118), (118,), (118, 10), (10,)], 'train_accuracy': 0.17426, 'test_accuracy': 0.1713}} 
09-18 21:03 DEBUG    ****** PDM_KL matching ******** 
09-18 21:03 DEBUG    Best Sigma0: 10. Best sigma: 1 Best gamma: 10. Best Test accuracy: 0.1942. Train acc: 0.19732. 

09-18 21:03 DEBUG    PDM_KL log: {(10, 1, 10): {'shapes': [(3072, 700), (700,), (700, 136), (136,), (136, 136), (136,), (136, 127), (127,), (127, 10), (10,)], 'train_accuracy': 0.19732, 'test_accuracy': 0.1942}} 
09-18 21:22 DEBUG    ****** PDM_KL matching ******** 
09-18 21:22 DEBUG    Best Sigma0: 10. Best sigma: 1 Best gamma: 10. Best Test accuracy: 0.1534. Train acc: 0.16006. 

09-18 21:22 DEBUG    PDM_KL log: {(10, 1, 10): {'shapes': [(3072, 298), (298,), (298, 127), (127,), (127, 127), (127,), (127, 127), (127,), (127, 10), (10,)], 'train_accuracy': 0.16006, 'test_accuracy': 0.1534}} 
09-18 21:31 DEBUG    ****** PDM_KL matching ******** 
09-18 21:31 DEBUG    Best Sigma0: 10. Best sigma: 1 Best gamma: 10. Best Test accuracy: 0.1. Train acc: 0.1. 

09-18 21:31 DEBUG    PDM_KL log: {(10, 1, 10): {'shapes': [(3072, 100), (100,), (100, 118), (118,), (118, 118), (118,), (118, 118), (118,), (118, 10), (10,)], 'train_accuracy': 0.1, 'test_accuracy': 0.1}} 
09-18 21:41 DEBUG    ****** PDM_KL matching ******** 
09-18 21:41 DEBUG    Best Sigma0: 10. Best sigma: 1 Best gamma: 10. Best Test accuracy: 0.1. Train acc: 0.1. 

09-18 21:41 DEBUG    PDM_KL log: {(10, 1, 10): {'shapes': [(3072, 100), (100,), (100, 118), (118,), (118, 118), (118,), (118, 118), (118,), (118, 10), (10,)], 'train_accuracy': 0.1, 'test_accuracy': 0.1}} 
09-18 21:50 DEBUG    ****** PDM_KL matching ******** 
09-18 21:50 DEBUG    Best Sigma0: 10. Best sigma: 1 Best gamma: 10. Best Test accuracy: 0.1. Train acc: 0.1. 

09-18 21:50 DEBUG    PDM_KL log: {(10, 1, 10): {'shapes': [(3072, 100), (100,), (100, 109), (109,), (109, 109), (109,), (109, 118), (118,), (118, 10), (10,)], 'train_accuracy': 0.1, 'test_accuracy': 0.1}} 
09-18 21:50 DEBUG    Trial 1 completed
09-18 21:50 DEBUG    ####################################################################################################
09-18 21:50 DEBUG    ####################################################################################################
09-18 21:50 DEBUG    Executing Trial 2 with seed 2
09-18 21:50 DEBUG    Data statistics: {0: {0: 515, 1: 500, 2: 501, 3: 505, 4: 515, 5: 506, 6: 524, 7: 482, 8: 475, 9: 477}, 1: {0: 514, 1: 496, 2: 530, 3: 477, 4: 493, 5: 492, 6: 470, 7: 516, 8: 514, 9: 498}, 2: {0: 496, 1: 506, 2: 499, 3: 504, 4: 471, 5: 489, 6: 507, 7: 502, 8: 484, 9: 542}, 3: {0: 475, 1: 473, 2: 480, 3: 525, 4: 506, 5: 514, 6: 515, 7: 518, 8: 506, 9: 488}, 4: {0: 522, 1: 530, 2: 486, 3: 468, 4: 510, 5: 510, 6: 494, 7: 496, 8: 497, 9: 487}, 5: {0: 519, 1: 494, 2: 514, 3: 499, 4: 512, 5: 479, 6: 470, 7: 497, 8: 505, 9: 511}, 6: {0: 485, 1: 507, 2: 509, 3: 511, 4: 488, 5: 459, 6: 496, 7: 514, 8: 518, 9: 513}, 7: {0: 485, 1: 488, 2: 482, 3: 505, 4: 546, 5: 535, 6: 505, 7: 476, 8: 486, 9: 492}, 8: {0: 512, 1: 493, 2: 513, 3: 481, 4: 512, 5: 499, 6: 513, 7: 481, 8: 508, 9: 488}, 9: {0: 477, 1: 513, 2: 486, 3: 525, 4: 447, 5: 517, 6: 506, 7: 518, 8: 507, 9: 504}}
09-18 21:52 DEBUG    **************************************************
09-18 21:52 DEBUG    Running experiments 

09-18 21:53 DEBUG    Uniform ensemble (Train acc): 0.294060
09-18 21:53 DEBUG    Uniform ensemble (Test acc): 0.290300
09-18 21:53 DEBUG    FedAvg (Train acc): 0.100000
09-18 21:53 DEBUG    FedAvg (Test acc): 0.100000
09-18 22:10 DEBUG    ****** PDM_KL matching ******** 
09-18 22:10 DEBUG    Best Sigma0: 10. Best sigma: 1 Best gamma: 10. Best Test accuracy: 0.1676. Train acc: 0.16712. 

09-18 22:10 DEBUG    PDM_KL log: {(10, 1, 10): {'shapes': [(3072, 700), (700,), (700, 145), (145,), (145, 145), (145,), (145, 127), (127,), (127, 10), (10,)], 'train_accuracy': 0.16712, 'test_accuracy': 0.1676}} 
09-18 22:40 DEBUG    ****** PDM_KL matching ******** 
09-18 22:40 DEBUG    Best Sigma0: 10. Best sigma: 1 Best gamma: 10. Best Test accuracy: 0.194. Train acc: 0.1909. 

09-18 22:40 DEBUG    PDM_KL log: {(10, 1, 10): {'shapes': [(3072, 700), (700,), (700, 145), (145,), (145, 145), (145,), (145, 127), (127,), (127, 10), (10,)], 'train_accuracy': 0.1909, 'test_accuracy': 0.194}} 
09-18 23:16 DEBUG    ****** PDM_KL matching ******** 
09-18 23:16 DEBUG    Best Sigma0: 10. Best sigma: 1 Best gamma: 10. Best Test accuracy: 0.172. Train acc: 0.1699. 

09-18 23:16 DEBUG    PDM_KL log: {(10, 1, 10): {'shapes': [(3072, 700), (700,), (700, 145), (145,), (145, 145), (145,), (145, 127), (127,), (127, 10), (10,)], 'train_accuracy': 0.1699, 'test_accuracy': 0.172}} 
09-18 23:53 DEBUG    ****** PDM_KL matching ******** 
09-18 23:53 DEBUG    Best Sigma0: 10. Best sigma: 1 Best gamma: 10. Best Test accuracy: 0.1704. Train acc: 0.1686. 

09-18 23:53 DEBUG    PDM_KL log: {(10, 1, 10): {'shapes': [(3072, 700), (700,), (700, 145), (145,), (145, 136), (136,), (136, 127), (127,), (127, 10), (10,)], 'train_accuracy': 0.1686, 'test_accuracy': 0.1704}} 
09-19 00:28 DEBUG    ****** PDM_KL matching ******** 
09-19 00:28 DEBUG    Best Sigma0: 10. Best sigma: 1 Best gamma: 10. Best Test accuracy: 0.1771. Train acc: 0.18176. 

09-19 00:28 DEBUG    PDM_KL log: {(10, 1, 10): {'shapes': [(3072, 700), (700,), (700, 145), (145,), (145, 145), (145,), (145, 127), (127,), (127, 10), (10,)], 'train_accuracy': 0.18176, 'test_accuracy': 0.1771}} 
09-19 01:03 DEBUG    ****** PDM_KL matching ******** 
09-19 01:03 DEBUG    Best Sigma0: 10. Best sigma: 1 Best gamma: 10. Best Test accuracy: 0.1779. Train acc: 0.1775. 

09-19 01:03 DEBUG    PDM_KL log: {(10, 1, 10): {'shapes': [(3072, 700), (700,), (700, 145), (145,), (145, 136), (136,), (136, 127), (127,), (127, 10), (10,)], 'train_accuracy': 0.1775, 'test_accuracy': 0.1779}} 
09-19 01:35 DEBUG    ****** PDM_KL matching ******** 
09-19 01:35 DEBUG    Best Sigma0: 10. Best sigma: 1 Best gamma: 10. Best Test accuracy: 0.2132. Train acc: 0.21214. 

09-19 01:35 DEBUG    PDM_KL log: {(10, 1, 10): {'shapes': [(3072, 700), (700,), (700, 136), (136,), (136, 136), (136,), (136, 127), (127,), (127, 10), (10,)], 'train_accuracy': 0.21214, 'test_accuracy': 0.2132}} 
09-19 01:57 DEBUG    ****** PDM_KL matching ******** 
09-19 01:57 DEBUG    Best Sigma0: 10. Best sigma: 1 Best gamma: 10. Best Test accuracy: 0.1816. Train acc: 0.18302. 

09-19 01:57 DEBUG    PDM_KL log: {(10, 1, 10): {'shapes': [(3072, 298), (298,), (298, 127), (127,), (127, 127), (127,), (127, 127), (127,), (127, 10), (10,)], 'train_accuracy': 0.18302, 'test_accuracy': 0.1816}} 
09-19 02:08 DEBUG    ****** PDM_KL matching ******** 
09-19 02:08 DEBUG    Best Sigma0: 10. Best sigma: 1 Best gamma: 10. Best Test accuracy: 0.1. Train acc: 0.1. 

09-19 02:08 DEBUG    PDM_KL log: {(10, 1, 10): {'shapes': [(3072, 109), (109,), (109, 118), (118,), (118, 118), (118,), (118, 118), (118,), (118, 10), (10,)], 'train_accuracy': 0.1, 'test_accuracy': 0.1}} 
09-19 02:18 DEBUG    ****** PDM_KL matching ******** 
09-19 02:18 DEBUG    Best Sigma0: 10. Best sigma: 1 Best gamma: 10. Best Test accuracy: 0.1. Train acc: 0.1. 

09-19 02:18 DEBUG    PDM_KL log: {(10, 1, 10): {'shapes': [(3072, 100), (100,), (100, 118), (118,), (118, 109), (109,), (109, 118), (118,), (118, 10), (10,)], 'train_accuracy': 0.1, 'test_accuracy': 0.1}} 
09-19 02:30 DEBUG    ****** PDM_KL matching ******** 
09-19 02:30 DEBUG    Best Sigma0: 10. Best sigma: 1 Best gamma: 10. Best Test accuracy: 0.1. Train acc: 0.1. 

09-19 02:30 DEBUG    PDM_KL log: {(10, 1, 10): {'shapes': [(3072, 100), (100,), (100, 118), (118,), (118, 109), (109,), (109, 118), (118,), (118, 10), (10,)], 'train_accuracy': 0.1, 'test_accuracy': 0.1}} 
09-19 02:30 DEBUG    Trial 2 completed
09-19 02:30 DEBUG    ####################################################################################################
09-19 02:30 DEBUG    ####################################################################################################
09-19 02:30 DEBUG    Executing Trial 3 with seed 3
09-19 02:30 DEBUG    Data statistics: {0: {0: 488, 1: 493, 2: 515, 3: 499, 4: 453, 5: 505, 6: 526, 7: 512, 8: 497, 9: 512}, 1: {0: 544, 1: 458, 2: 518, 3: 495, 4: 465, 5: 501, 6: 517, 7: 528, 8: 473, 9: 501}, 2: {0: 512, 1: 504, 2: 490, 3: 521, 4: 482, 5: 504, 6: 507, 7: 506, 8: 502, 9: 472}, 3: {0: 466, 1: 527, 2: 514, 3: 512, 4: 494, 5: 483, 6: 511, 7: 511, 8: 482, 9: 500}, 4: {0: 528, 1: 511, 2: 487, 3: 506, 4: 506, 5: 478, 6: 481, 7: 484, 8: 541, 9: 478}, 5: {0: 474, 1: 502, 2: 495, 3: 470, 4: 497, 5: 562, 6: 497, 7: 465, 8: 518, 9: 520}, 6: {0: 500, 1: 514, 2: 478, 3: 515, 4: 509, 5: 533, 6: 477, 7: 484, 8: 494, 9: 496}, 7: {0: 492, 1: 509, 2: 490, 3: 507, 4: 505, 5: 486, 6: 507, 7: 486, 8: 508, 9: 510}, 8: {0: 518, 1: 514, 2: 503, 3: 464, 4: 534, 5: 465, 6: 492, 7: 497, 8: 484, 9: 529}, 9: {0: 478, 1: 468, 2: 510, 3: 511, 4: 555, 5: 483, 6: 485, 7: 527, 8: 501, 9: 482}}
09-19 02:32 DEBUG    **************************************************
09-19 02:32 DEBUG    Running experiments 

09-19 02:33 DEBUG    Uniform ensemble (Train acc): 0.312580
09-19 02:33 DEBUG    Uniform ensemble (Test acc): 0.310300
09-19 02:33 DEBUG    FedAvg (Train acc): 0.100000
09-19 02:33 DEBUG    FedAvg (Test acc): 0.100000
09-19 02:49 DEBUG    ****** PDM_KL matching ******** 
09-19 02:49 DEBUG    Best Sigma0: 10. Best sigma: 1 Best gamma: 10. Best Test accuracy: 0.2153. Train acc: 0.21072. 

09-19 02:49 DEBUG    PDM_KL log: {(10, 1, 10): {'shapes': [(3072, 700), (700,), (700, 145), (145,), (145, 136), (136,), (136, 118), (118,), (118, 10), (10,)], 'train_accuracy': 0.21072, 'test_accuracy': 0.2153}} 
09-19 03:21 DEBUG    ****** PDM_KL matching ******** 
09-19 03:21 DEBUG    Best Sigma0: 10. Best sigma: 1 Best gamma: 10. Best Test accuracy: 0.2128. Train acc: 0.20904. 

09-19 03:21 DEBUG    PDM_KL log: {(10, 1, 10): {'shapes': [(3072, 700), (700,), (700, 145), (145,), (145, 145), (145,), (145, 118), (118,), (118, 10), (10,)], 'train_accuracy': 0.20904, 'test_accuracy': 0.2128}} 
09-19 03:53 DEBUG    ****** PDM_KL matching ******** 
09-19 03:53 DEBUG    Best Sigma0: 10. Best sigma: 1 Best gamma: 10. Best Test accuracy: 0.2307. Train acc: 0.23128. 

09-19 03:53 DEBUG    PDM_KL log: {(10, 1, 10): {'shapes': [(3072, 700), (700,), (700, 145), (145,), (145, 145), (145,), (145, 118), (118,), (118, 10), (10,)], 'train_accuracy': 0.23128, 'test_accuracy': 0.2307}} 
09-19 04:27 DEBUG    ****** PDM_KL matching ******** 
09-19 04:27 DEBUG    Best Sigma0: 10. Best sigma: 1 Best gamma: 10. Best Test accuracy: 0.1683. Train acc: 0.16986. 

09-19 04:27 DEBUG    PDM_KL log: {(10, 1, 10): {'shapes': [(3072, 700), (700,), (700, 145), (145,), (145, 145), (145,), (145, 118), (118,), (118, 10), (10,)], 'train_accuracy': 0.16986, 'test_accuracy': 0.1683}} 
09-19 05:02 DEBUG    ****** PDM_KL matching ******** 
09-19 05:02 DEBUG    Best Sigma0: 10. Best sigma: 1 Best gamma: 10. Best Test accuracy: 0.2262. Train acc: 0.22116. 

09-19 05:02 DEBUG    PDM_KL log: {(10, 1, 10): {'shapes': [(3072, 700), (700,), (700, 145), (145,), (145, 136), (136,), (136, 118), (118,), (118, 10), (10,)], 'train_accuracy': 0.22116, 'test_accuracy': 0.2262}} 
09-19 05:35 DEBUG    ****** PDM_KL matching ******** 
09-19 05:35 DEBUG    Best Sigma0: 10. Best sigma: 1 Best gamma: 10. Best Test accuracy: 0.2003. Train acc: 0.19942. 

09-19 05:35 DEBUG    PDM_KL log: {(10, 1, 10): {'shapes': [(3072, 700), (700,), (700, 145), (145,), (145, 136), (136,), (136, 118), (118,), (118, 10), (10,)], 'train_accuracy': 0.19942, 'test_accuracy': 0.2003}} 
09-19 06:08 DEBUG    ****** PDM_KL matching ******** 
09-19 06:08 DEBUG    Best Sigma0: 10. Best sigma: 1 Best gamma: 10. Best Test accuracy: 0.1553. Train acc: 0.1584. 

09-19 06:08 DEBUG    PDM_KL log: {(10, 1, 10): {'shapes': [(3072, 700), (700,), (700, 136), (136,), (136, 136), (136,), (136, 127), (127,), (127, 10), (10,)], 'train_accuracy': 0.1584, 'test_accuracy': 0.1553}} 
09-19 06:28 DEBUG    ****** PDM_KL matching ******** 
09-19 06:28 DEBUG    Best Sigma0: 10. Best sigma: 1 Best gamma: 10. Best Test accuracy: 0.154. Train acc: 0.15018. 

09-19 06:28 DEBUG    PDM_KL log: {(10, 1, 10): {'shapes': [(3072, 298), (298,), (298, 127), (127,), (127, 127), (127,), (127, 127), (127,), (127, 10), (10,)], 'train_accuracy': 0.15018, 'test_accuracy': 0.154}} 
09-19 06:40 DEBUG    ****** PDM_KL matching ******** 
09-19 06:40 DEBUG    Best Sigma0: 10. Best sigma: 1 Best gamma: 10. Best Test accuracy: 0.1. Train acc: 0.1. 

09-19 06:40 DEBUG    PDM_KL log: {(10, 1, 10): {'shapes': [(3072, 100), (100,), (100, 118), (118,), (118, 118), (118,), (118, 118), (118,), (118, 10), (10,)], 'train_accuracy': 0.1, 'test_accuracy': 0.1}} 
09-19 06:52 DEBUG    ****** PDM_KL matching ******** 
09-19 06:52 DEBUG    Best Sigma0: 10. Best sigma: 1 Best gamma: 10. Best Test accuracy: 0.1. Train acc: 0.1. 

09-19 06:52 DEBUG    PDM_KL log: {(10, 1, 10): {'shapes': [(3072, 100), (100,), (100, 118), (118,), (118, 118), (118,), (118, 118), (118,), (118, 10), (10,)], 'train_accuracy': 0.1, 'test_accuracy': 0.1}} 
09-19 07:02 DEBUG    ****** PDM_KL matching ******** 
09-19 07:02 DEBUG    Best Sigma0: 10. Best sigma: 1 Best gamma: 10. Best Test accuracy: 0.1. Train acc: 0.1. 

09-19 07:02 DEBUG    PDM_KL log: {(10, 1, 10): {'shapes': [(3072, 100), (100,), (100, 109), (109,), (109, 109), (109,), (109, 118), (118,), (118, 10), (10,)], 'train_accuracy': 0.1, 'test_accuracy': 0.1}} 
09-19 07:02 DEBUG    Trial 3 completed
09-19 07:02 DEBUG    ####################################################################################################
09-19 07:02 DEBUG    ####################################################################################################
09-19 07:02 DEBUG    Executing Trial 4 with seed 4
09-19 07:03 DEBUG    Data statistics: {0: {0: 493, 1: 510, 2: 503, 3: 481, 4: 493, 5: 486, 6: 511, 7: 523, 8: 478, 9: 522}, 1: {0: 540, 1: 517, 2: 471, 3: 504, 4: 472, 5: 518, 6: 509, 7: 490, 8: 482, 9: 497}, 2: {0: 488, 1: 490, 2: 482, 3: 472, 4: 540, 5: 512, 6: 512, 7: 501, 8: 519, 9: 484}, 3: {0: 532, 1: 502, 2: 528, 3: 484, 4: 490, 5: 477, 6: 569, 7: 488, 8: 466, 9: 464}, 4: {0: 475, 1: 525, 2: 514, 3: 524, 4: 516, 5: 509, 6: 467, 7: 494, 8: 487, 9: 489}, 5: {0: 512, 1: 476, 2: 518, 3: 534, 4: 464, 5: 516, 6: 458, 7: 488, 8: 538, 9: 496}, 6: {0: 471, 1: 503, 2: 487, 3: 516, 4: 493, 5: 509, 6: 500, 7: 508, 8: 497, 9: 516}, 7: {0: 518, 1: 472, 2: 488, 3: 487, 4: 525, 5: 494, 6: 479, 7: 506, 8: 501, 9: 530}, 8: {0: 494, 1: 497, 2: 489, 3: 491, 4: 514, 5: 507, 6: 476, 7: 519, 8: 524, 9: 489}, 9: {0: 477, 1: 508, 2: 520, 3: 507, 4: 493, 5: 472, 6: 519, 7: 483, 8: 508, 9: 513}}
09-19 07:05 DEBUG    **************************************************
09-19 07:05 DEBUG    Running experiments 

09-19 07:07 DEBUG    Uniform ensemble (Train acc): 0.303060
09-19 07:07 DEBUG    Uniform ensemble (Test acc): 0.300800
09-19 07:07 DEBUG    FedAvg (Train acc): 0.100000
09-19 07:07 DEBUG    FedAvg (Test acc): 0.100000
09-19 07:26 DEBUG    ****** PDM_KL matching ******** 
09-19 07:26 DEBUG    Best Sigma0: 10. Best sigma: 1 Best gamma: 10. Best Test accuracy: 0.2226. Train acc: 0.21846. 

09-19 07:26 DEBUG    PDM_KL log: {(10, 1, 10): {'shapes': [(3072, 700), (700,), (700, 136), (136,), (136, 136), (136,), (136, 118), (118,), (118, 10), (10,)], 'train_accuracy': 0.21846, 'test_accuracy': 0.2226}} 
09-19 07:55 DEBUG    ****** PDM_KL matching ******** 
09-19 07:55 DEBUG    Best Sigma0: 10. Best sigma: 1 Best gamma: 10. Best Test accuracy: 0.1972. Train acc: 0.19064. 

09-19 07:55 DEBUG    PDM_KL log: {(10, 1, 10): {'shapes': [(3072, 700), (700,), (700, 136), (136,), (136, 145), (145,), (145, 118), (118,), (118, 10), (10,)], 'train_accuracy': 0.19064, 'test_accuracy': 0.1972}} 
09-19 08:27 DEBUG    ****** PDM_KL matching ******** 
09-19 08:27 DEBUG    Best Sigma0: 10. Best sigma: 1 Best gamma: 10. Best Test accuracy: 0.1935. Train acc: 0.18848. 

09-19 08:27 DEBUG    PDM_KL log: {(10, 1, 10): {'shapes': [(3072, 700), (700,), (700, 136), (136,), (136, 136), (136,), (136, 118), (118,), (118, 10), (10,)], 'train_accuracy': 0.18848, 'test_accuracy': 0.1935}} 
09-19 09:01 DEBUG    ****** PDM_KL matching ******** 
09-19 09:01 DEBUG    Best Sigma0: 10. Best sigma: 1 Best gamma: 10. Best Test accuracy: 0.1956. Train acc: 0.19208. 

09-19 09:01 DEBUG    PDM_KL log: {(10, 1, 10): {'shapes': [(3072, 700), (700,), (700, 136), (136,), (136, 136), (136,), (136, 118), (118,), (118, 10), (10,)], 'train_accuracy': 0.19208, 'test_accuracy': 0.1956}} 
09-19 09:36 DEBUG    ****** PDM_KL matching ******** 
09-19 09:36 DEBUG    Best Sigma0: 10. Best sigma: 1 Best gamma: 10. Best Test accuracy: 0.1989. Train acc: 0.19292. 

09-19 09:36 DEBUG    PDM_KL log: {(10, 1, 10): {'shapes': [(3072, 700), (700,), (700, 136), (136,), (136, 136), (136,), (136, 118), (118,), (118, 10), (10,)], 'train_accuracy': 0.19292, 'test_accuracy': 0.1989}} 
09-19 10:11 DEBUG    ****** PDM_KL matching ******** 
09-19 10:11 DEBUG    Best Sigma0: 10. Best sigma: 1 Best gamma: 10. Best Test accuracy: 0.1895. Train acc: 0.18784. 

09-19 10:11 DEBUG    PDM_KL log: {(10, 1, 10): {'shapes': [(3072, 700), (700,), (700, 136), (136,), (136, 136), (136,), (136, 118), (118,), (118, 10), (10,)], 'train_accuracy': 0.18784, 'test_accuracy': 0.1895}} 
09-19 10:43 DEBUG    ****** PDM_KL matching ******** 
09-19 10:43 DEBUG    Best Sigma0: 10. Best sigma: 1 Best gamma: 10. Best Test accuracy: 0.1873. Train acc: 0.18496. 

09-19 10:43 DEBUG    PDM_KL log: {(10, 1, 10): {'shapes': [(3072, 700), (700,), (700, 136), (136,), (136, 136), (136,), (136, 127), (127,), (127, 10), (10,)], 'train_accuracy': 0.18496, 'test_accuracy': 0.1873}} 
09-19 11:05 DEBUG    ****** PDM_KL matching ******** 
09-19 11:05 DEBUG    Best Sigma0: 10. Best sigma: 1 Best gamma: 10. Best Test accuracy: 0.1863. Train acc: 0.1851. 

09-19 11:05 DEBUG    PDM_KL log: {(10, 1, 10): {'shapes': [(3072, 298), (298,), (298, 127), (127,), (127, 127), (127,), (127, 127), (127,), (127, 10), (10,)], 'train_accuracy': 0.1851, 'test_accuracy': 0.1863}} 
09-19 11:16 DEBUG    ****** PDM_KL matching ******** 
09-19 11:16 DEBUG    Best Sigma0: 10. Best sigma: 1 Best gamma: 10. Best Test accuracy: 0.1. Train acc: 0.1. 

09-19 11:16 DEBUG    PDM_KL log: {(10, 1, 10): {'shapes': [(3072, 100), (100,), (100, 118), (118,), (118, 118), (118,), (118, 118), (118,), (118, 10), (10,)], 'train_accuracy': 0.1, 'test_accuracy': 0.1}} 
09-19 11:27 DEBUG    ****** PDM_KL matching ******** 
09-19 11:27 DEBUG    Best Sigma0: 10. Best sigma: 1 Best gamma: 10. Best Test accuracy: 0.1. Train acc: 0.1. 

09-19 11:27 DEBUG    PDM_KL log: {(10, 1, 10): {'shapes': [(3072, 100), (100,), (100, 118), (118,), (118, 118), (118,), (118, 118), (118,), (118, 10), (10,)], 'train_accuracy': 0.1, 'test_accuracy': 0.1}} 
09-19 11:37 DEBUG    ****** PDM_KL matching ******** 
09-19 11:37 DEBUG    Best Sigma0: 10. Best sigma: 1 Best gamma: 10. Best Test accuracy: 0.1. Train acc: 0.1. 

09-19 11:37 DEBUG    PDM_KL log: {(10, 1, 10): {'shapes': [(3072, 100), (100,), (100, 109), (109,), (109, 109), (109,), (109, 118), (118,), (118, 10), (10,)], 'train_accuracy': 0.1, 'test_accuracy': 0.1}} 
09-19 11:37 DEBUG    Trial 4 completed
09-19 11:37 DEBUG    ####################################################################################################
09-19 11:37 DEBUG    ####################################################################################################
09-19 11:37 DEBUG    Executing Trial 5 with seed 5
09-19 11:37 DEBUG    Data statistics: {0: {0: 506, 1: 481, 2: 527, 3: 510, 4: 480, 5: 503, 6: 521, 7: 490, 8: 497, 9: 485}, 1: {0: 490, 1: 480, 2: 474, 3: 544, 4: 490, 5: 515, 6: 471, 7: 492, 8: 512, 9: 532}, 2: {0: 505, 1: 512, 2: 489, 3: 508, 4: 493, 5: 500, 6: 500, 7: 467, 8: 510, 9: 516}, 3: {0: 470, 1: 509, 2: 507, 3: 490, 4: 510, 5: 485, 6: 495, 7: 537, 8: 511, 9: 486}, 4: {0: 521, 1: 509, 2: 461, 3: 504, 4: 533, 5: 475, 6: 501, 7: 516, 8: 493, 9: 487}, 5: {0: 553, 1: 501, 2: 514, 3: 461, 4: 516, 5: 522, 6: 476, 7: 508, 8: 473, 9: 476}, 6: {0: 515, 1: 505, 2: 504, 3: 477, 4: 491, 5: 503, 6: 506, 7: 485, 8: 477, 9: 537}, 7: {0: 479, 1: 494, 2: 525, 3: 488, 4: 488, 5: 504, 6: 543, 7: 509, 8: 506, 9: 464}, 8: {0: 450, 1: 502, 2: 468, 3: 521, 4: 484, 5: 508, 6: 509, 7: 513, 8: 528, 9: 517}, 9: {0: 511, 1: 507, 2: 531, 3: 497, 4: 515, 5: 485, 6: 478, 7: 483, 8: 493, 9: 500}}
09-19 11:39 DEBUG    **************************************************
09-19 11:39 DEBUG    Running experiments 

09-19 11:40 DEBUG    Uniform ensemble (Train acc): 0.292720
09-19 11:40 DEBUG    Uniform ensemble (Test acc): 0.294200
09-19 11:40 DEBUG    FedAvg (Train acc): 0.100000
09-19 11:40 DEBUG    FedAvg (Test acc): 0.100000
09-19 11:59 DEBUG    ****** PDM_KL matching ******** 
09-19 11:59 DEBUG    Best Sigma0: 10. Best sigma: 1 Best gamma: 10. Best Test accuracy: 0.1846. Train acc: 0.18186. 

09-19 11:59 DEBUG    PDM_KL log: {(10, 1, 10): {'shapes': [(3072, 700), (700,), (700, 145), (145,), (145, 145), (145,), (145, 118), (118,), (118, 10), (10,)], 'train_accuracy': 0.18186, 'test_accuracy': 0.1846}} 
09-19 12:32 DEBUG    ****** PDM_KL matching ******** 
09-19 12:32 DEBUG    Best Sigma0: 10. Best sigma: 1 Best gamma: 10. Best Test accuracy: 0.1891. Train acc: 0.18584. 

09-19 12:32 DEBUG    PDM_KL log: {(10, 1, 10): {'shapes': [(3072, 700), (700,), (700, 145), (145,), (145, 145), (145,), (145, 118), (118,), (118, 10), (10,)], 'train_accuracy': 0.18584, 'test_accuracy': 0.1891}} 
09-19 13:04 DEBUG    ****** PDM_KL matching ******** 
09-19 13:04 DEBUG    Best Sigma0: 10. Best sigma: 1 Best gamma: 10. Best Test accuracy: 0.194. Train acc: 0.19106. 

09-19 13:04 DEBUG    PDM_KL log: {(10, 1, 10): {'shapes': [(3072, 700), (700,), (700, 145), (145,), (145, 145), (145,), (145, 118), (118,), (118, 10), (10,)], 'train_accuracy': 0.19106, 'test_accuracy': 0.194}} 
09-19 13:34 DEBUG    ****** PDM_KL matching ******** 
09-19 13:34 DEBUG    Best Sigma0: 10. Best sigma: 1 Best gamma: 10. Best Test accuracy: 0.179. Train acc: 0.17736. 

09-19 13:34 DEBUG    PDM_KL log: {(10, 1, 10): {'shapes': [(3072, 700), (700,), (700, 145), (145,), (145, 145), (145,), (145, 118), (118,), (118, 10), (10,)], 'train_accuracy': 0.17736, 'test_accuracy': 0.179}} 
09-19 14:06 DEBUG    ****** PDM_KL matching ******** 
09-19 14:06 DEBUG    Best Sigma0: 10. Best sigma: 1 Best gamma: 10. Best Test accuracy: 0.1812. Train acc: 0.17938. 

09-19 14:06 DEBUG    PDM_KL log: {(10, 1, 10): {'shapes': [(3072, 700), (700,), (700, 136), (136,), (136, 145), (145,), (145, 118), (118,), (118, 10), (10,)], 'train_accuracy': 0.17938, 'test_accuracy': 0.1812}} 
09-19 14:40 DEBUG    ****** PDM_KL matching ******** 
09-19 14:40 DEBUG    Best Sigma0: 10. Best sigma: 1 Best gamma: 10. Best Test accuracy: 0.2016. Train acc: 0.19968. 

09-19 14:40 DEBUG    PDM_KL log: {(10, 1, 10): {'shapes': [(3072, 700), (700,), (700, 145), (145,), (145, 145), (145,), (145, 118), (118,), (118, 10), (10,)], 'train_accuracy': 0.19968, 'test_accuracy': 0.2016}} 
09-19 15:12 DEBUG    ****** PDM_KL matching ******** 
09-19 15:12 DEBUG    Best Sigma0: 10. Best sigma: 1 Best gamma: 10. Best Test accuracy: 0.2045. Train acc: 0.2036. 

09-19 15:12 DEBUG    PDM_KL log: {(10, 1, 10): {'shapes': [(3072, 700), (700,), (700, 136), (136,), (136, 136), (136,), (136, 127), (127,), (127, 10), (10,)], 'train_accuracy': 0.2036, 'test_accuracy': 0.2045}} 
09-19 15:33 DEBUG    ****** PDM_KL matching ******** 
09-19 15:33 DEBUG    Best Sigma0: 10. Best sigma: 1 Best gamma: 10. Best Test accuracy: 0.1589. Train acc: 0.15772. 

09-19 15:33 DEBUG    PDM_KL log: {(10, 1, 10): {'shapes': [(3072, 298), (298,), (298, 127), (127,), (127, 127), (127,), (127, 127), (127,), (127, 10), (10,)], 'train_accuracy': 0.15772, 'test_accuracy': 0.1589}} 
09-19 15:44 DEBUG    ****** PDM_KL matching ******** 
09-19 15:44 DEBUG    Best Sigma0: 10. Best sigma: 1 Best gamma: 10. Best Test accuracy: 0.1. Train acc: 0.1. 

09-19 15:44 DEBUG    PDM_KL log: {(10, 1, 10): {'shapes': [(3072, 100), (100,), (100, 118), (118,), (118, 118), (118,), (118, 118), (118,), (118, 10), (10,)], 'train_accuracy': 0.1, 'test_accuracy': 0.1}} 
09-19 15:55 DEBUG    ****** PDM_KL matching ******** 
09-19 15:55 DEBUG    Best Sigma0: 10. Best sigma: 1 Best gamma: 10. Best Test accuracy: 0.1. Train acc: 0.1. 

09-19 15:55 DEBUG    PDM_KL log: {(10, 1, 10): {'shapes': [(3072, 100), (100,), (100, 109), (109,), (109, 118), (118,), (118, 118), (118,), (118, 10), (10,)], 'train_accuracy': 0.1, 'test_accuracy': 0.1}} 
09-19 16:07 DEBUG    ****** PDM_KL matching ******** 
09-19 16:07 DEBUG    Best Sigma0: 10. Best sigma: 1 Best gamma: 10. Best Test accuracy: 0.1. Train acc: 0.1. 

09-19 16:07 DEBUG    PDM_KL log: {(10, 1, 10): {'shapes': [(3072, 100), (100,), (100, 109), (109,), (109, 118), (118,), (118, 118), (118,), (118, 10), (10,)], 'train_accuracy': 0.1, 'test_accuracy': 0.1}} 
09-19 16:07 DEBUG    Trial 5 completed
09-19 16:07 DEBUG    ####################################################################################################
09-19 16:07 DEBUG    ####################################################################################################
09-19 16:07 DEBUG    Executing Trial 6 with seed 6
09-19 16:07 DEBUG    Data statistics: {0: {0: 525, 1: 492, 2: 476, 3: 486, 4: 508, 5: 495, 6: 524, 7: 481, 8: 510, 9: 503}, 1: {0: 492, 1: 515, 2: 471, 3: 507, 4: 523, 5: 503, 6: 486, 7: 482, 8: 510, 9: 511}, 2: {0: 513, 1: 485, 2: 481, 3: 511, 4: 480, 5: 511, 6: 512, 7: 479, 8: 516, 9: 512}, 3: {0: 467, 1: 473, 2: 526, 3: 496, 4: 514, 5: 514, 6: 469, 7: 513, 8: 520, 9: 508}, 4: {0: 500, 1: 492, 2: 499, 3: 519, 4: 534, 5: 460, 6: 525, 7: 485, 8: 514, 9: 472}, 5: {0: 508, 1: 492, 2: 507, 3: 512, 4: 466, 5: 513, 6: 523, 7: 492, 8: 494, 9: 493}, 6: {0: 468, 1: 508, 2: 533, 3: 506, 4: 439, 5: 510, 6: 510, 7: 519, 8: 501, 9: 506}, 7: {0: 540, 1: 511, 2: 499, 3: 452, 4: 508, 5: 501, 6: 464, 7: 529, 8: 474, 9: 522}, 8: {0: 497, 1: 497, 2: 496, 3: 517, 4: 511, 5: 497, 6: 493, 7: 509, 8: 497, 9: 486}, 9: {0: 490, 1: 535, 2: 512, 3: 494, 4: 517, 5: 496, 6: 494, 7: 511, 8: 464, 9: 487}}
09-19 16:09 DEBUG    **************************************************
09-19 16:09 DEBUG    Running experiments 

09-19 16:10 DEBUG    Uniform ensemble (Train acc): 0.294600
09-19 16:10 DEBUG    Uniform ensemble (Test acc): 0.286900
09-19 16:11 DEBUG    FedAvg (Train acc): 0.100000
09-19 16:11 DEBUG    FedAvg (Test acc): 0.100000
09-19 16:29 DEBUG    ****** PDM_KL matching ******** 
09-19 16:29 DEBUG    Best Sigma0: 10. Best sigma: 1 Best gamma: 10. Best Test accuracy: 0.2524. Train acc: 0.2506. 

09-19 16:29 DEBUG    PDM_KL log: {(10, 1, 10): {'shapes': [(3072, 700), (700,), (700, 136), (136,), (136, 145), (145,), (145, 118), (118,), (118, 10), (10,)], 'train_accuracy': 0.2506, 'test_accuracy': 0.2524}} 
09-19 17:03 DEBUG    ****** PDM_KL matching ******** 
09-19 17:03 DEBUG    Best Sigma0: 10. Best sigma: 1 Best gamma: 10. Best Test accuracy: 0.1923. Train acc: 0.18862. 

09-19 17:03 DEBUG    PDM_KL log: {(10, 1, 10): {'shapes': [(3072, 700), (700,), (700, 127), (127,), (127, 145), (145,), (145, 118), (118,), (118, 10), (10,)], 'train_accuracy': 0.18862, 'test_accuracy': 0.1923}} 
09-19 17:34 DEBUG    ****** PDM_KL matching ******** 
09-19 17:34 DEBUG    Best Sigma0: 10. Best sigma: 1 Best gamma: 10. Best Test accuracy: 0.2092. Train acc: 0.2104. 

09-19 17:34 DEBUG    PDM_KL log: {(10, 1, 10): {'shapes': [(3072, 700), (700,), (700, 136), (136,), (136, 145), (145,), (145, 118), (118,), (118, 10), (10,)], 'train_accuracy': 0.2104, 'test_accuracy': 0.2092}} 
09-19 18:05 DEBUG    ****** PDM_KL matching ******** 
09-19 18:05 DEBUG    Best Sigma0: 10. Best sigma: 1 Best gamma: 10. Best Test accuracy: 0.2404. Train acc: 0.24718. 

09-19 18:05 DEBUG    PDM_KL log: {(10, 1, 10): {'shapes': [(3072, 700), (700,), (700, 136), (136,), (136, 145), (145,), (145, 118), (118,), (118, 10), (10,)], 'train_accuracy': 0.24718, 'test_accuracy': 0.2404}} 
09-19 18:37 DEBUG    ****** PDM_KL matching ******** 
09-19 18:37 DEBUG    Best Sigma0: 10. Best sigma: 1 Best gamma: 10. Best Test accuracy: 0.2042. Train acc: 0.2042. 

09-19 18:37 DEBUG    PDM_KL log: {(10, 1, 10): {'shapes': [(3072, 700), (700,), (700, 136), (136,), (136, 145), (145,), (145, 118), (118,), (118, 10), (10,)], 'train_accuracy': 0.2042, 'test_accuracy': 0.2042}} 
09-19 19:09 DEBUG    ****** PDM_KL matching ******** 
09-19 19:09 DEBUG    Best Sigma0: 10. Best sigma: 1 Best gamma: 10. Best Test accuracy: 0.2378. Train acc: 0.235. 

09-19 19:09 DEBUG    PDM_KL log: {(10, 1, 10): {'shapes': [(3072, 700), (700,), (700, 136), (136,), (136, 136), (136,), (136, 118), (118,), (118, 10), (10,)], 'train_accuracy': 0.235, 'test_accuracy': 0.2378}} 
09-19 19:38 DEBUG    ****** PDM_KL matching ******** 
09-19 19:38 DEBUG    Best Sigma0: 10. Best sigma: 1 Best gamma: 10. Best Test accuracy: 0.1396. Train acc: 0.1381. 

09-19 19:38 DEBUG    PDM_KL log: {(10, 1, 10): {'shapes': [(3072, 700), (700,), (700, 127), (127,), (127, 136), (136,), (136, 127), (127,), (127, 10), (10,)], 'train_accuracy': 0.1381, 'test_accuracy': 0.1396}} 
09-19 20:00 DEBUG    ****** PDM_KL matching ******** 
09-19 20:00 DEBUG    Best Sigma0: 10. Best sigma: 1 Best gamma: 10. Best Test accuracy: 0.1246. Train acc: 0.1245. 

09-19 20:00 DEBUG    PDM_KL log: {(10, 1, 10): {'shapes': [(3072, 271), (271,), (271, 127), (127,), (127, 127), (127,), (127, 127), (127,), (127, 10), (10,)], 'train_accuracy': 0.1245, 'test_accuracy': 0.1246}} 
09-19 20:12 DEBUG    ****** PDM_KL matching ******** 
09-19 20:12 DEBUG    Best Sigma0: 10. Best sigma: 1 Best gamma: 10. Best Test accuracy: 0.1. Train acc: 0.1. 

09-19 20:12 DEBUG    PDM_KL log: {(10, 1, 10): {'shapes': [(3072, 108), (108,), (108, 118), (118,), (118, 118), (118,), (118, 118), (118,), (118, 10), (10,)], 'train_accuracy': 0.1, 'test_accuracy': 0.1}} 
09-19 20:24 DEBUG    ****** PDM_KL matching ******** 
09-19 20:24 DEBUG    Best Sigma0: 10. Best sigma: 1 Best gamma: 10. Best Test accuracy: 0.1. Train acc: 0.1. 

09-19 20:24 DEBUG    PDM_KL log: {(10, 1, 10): {'shapes': [(3072, 100), (100,), (100, 118), (118,), (118, 118), (118,), (118, 118), (118,), (118, 10), (10,)], 'train_accuracy': 0.1, 'test_accuracy': 0.1}} 
09-19 20:36 DEBUG    ****** PDM_KL matching ******** 
09-19 20:36 DEBUG    Best Sigma0: 10. Best sigma: 1 Best gamma: 10. Best Test accuracy: 0.1. Train acc: 0.1. 

09-19 20:36 DEBUG    PDM_KL log: {(10, 1, 10): {'shapes': [(3072, 100), (100,), (100, 109), (109,), (109, 118), (118,), (118, 118), (118,), (118, 10), (10,)], 'train_accuracy': 0.1, 'test_accuracy': 0.1}} 
09-19 20:36 DEBUG    Trial 6 completed
09-19 20:36 DEBUG    ####################################################################################################
09-19 20:36 DEBUG    ####################################################################################################
09-19 20:36 DEBUG    Executing Trial 7 with seed 7
09-19 20:36 DEBUG    Data statistics: {0: {0: 482, 1: 521, 2: 535, 3: 522, 4: 467, 5: 501, 6: 526, 7: 471, 8: 489, 9: 486}, 1: {0: 527, 1: 478, 2: 478, 3: 525, 4: 507, 5: 463, 6: 507, 7: 499, 8: 520, 9: 496}, 2: {0: 489, 1: 470, 2: 493, 3: 474, 4: 505, 5: 539, 6: 476, 7: 516, 8: 519, 9: 519}, 3: {0: 489, 1: 489, 2: 485, 3: 519, 4: 474, 5: 505, 6: 483, 7: 517, 8: 515, 9: 524}, 4: {0: 516, 1: 492, 2: 514, 3: 501, 4: 490, 5: 513, 6: 497, 7: 486, 8: 500, 9: 491}, 5: {0: 507, 1: 511, 2: 508, 3: 489, 4: 512, 5: 491, 6: 462, 7: 498, 8: 503, 9: 519}, 6: {0: 487, 1: 497, 2: 481, 3: 477, 4: 494, 5: 531, 6: 534, 7: 484, 8: 539, 9: 476}, 7: {0: 512, 1: 497, 2: 493, 3: 496, 4: 537, 5: 462, 6: 510, 7: 562, 8: 460, 9: 471}, 8: {0: 527, 1: 536, 2: 509, 3: 474, 4: 504, 5: 500, 6: 486, 7: 464, 8: 468, 9: 532}, 9: {0: 464, 1: 509, 2: 504, 3: 523, 4: 510, 5: 495, 6: 519, 7: 503, 8: 487, 9: 486}}
09-19 20:38 DEBUG    **************************************************
09-19 20:38 DEBUG    Running experiments 

09-19 20:39 DEBUG    Uniform ensemble (Train acc): 0.294580
09-19 20:39 DEBUG    Uniform ensemble (Test acc): 0.294200
09-19 20:39 DEBUG    FedAvg (Train acc): 0.100000
09-19 20:39 DEBUG    FedAvg (Test acc): 0.100000
09-19 20:58 DEBUG    ****** PDM_KL matching ******** 
09-19 20:58 DEBUG    Best Sigma0: 10. Best sigma: 1 Best gamma: 10. Best Test accuracy: 0.2022. Train acc: 0.19374. 

09-19 20:58 DEBUG    PDM_KL log: {(10, 1, 10): {'shapes': [(3072, 700), (700,), (700, 136), (136,), (136, 145), (145,), (145, 127), (127,), (127, 10), (10,)], 'train_accuracy': 0.19374, 'test_accuracy': 0.2022}} 
09-19 21:32 DEBUG    ****** PDM_KL matching ******** 
09-19 21:32 DEBUG    Best Sigma0: 10. Best sigma: 1 Best gamma: 10. Best Test accuracy: 0.1989. Train acc: 0.20032. 

09-19 21:32 DEBUG    PDM_KL log: {(10, 1, 10): {'shapes': [(3072, 700), (700,), (700, 136), (136,), (136, 145), (145,), (145, 127), (127,), (127, 10), (10,)], 'train_accuracy': 0.20032, 'test_accuracy': 0.1989}} 
09-19 22:01 DEBUG    ****** PDM_KL matching ******** 
09-19 22:01 DEBUG    Best Sigma0: 10. Best sigma: 1 Best gamma: 10. Best Test accuracy: 0.1913. Train acc: 0.1894. 

09-19 22:01 DEBUG    PDM_KL log: {(10, 1, 10): {'shapes': [(3072, 700), (700,), (700, 136), (136,), (136, 145), (145,), (145, 127), (127,), (127, 10), (10,)], 'train_accuracy': 0.1894, 'test_accuracy': 0.1913}} 
09-19 22:34 DEBUG    ****** PDM_KL matching ******** 
09-19 22:34 DEBUG    Best Sigma0: 10. Best sigma: 1 Best gamma: 10. Best Test accuracy: 0.2114. Train acc: 0.20838. 

09-19 22:34 DEBUG    PDM_KL log: {(10, 1, 10): {'shapes': [(3072, 700), (700,), (700, 136), (136,), (136, 136), (136,), (136, 127), (127,), (127, 10), (10,)], 'train_accuracy': 0.20838, 'test_accuracy': 0.2114}} 
09-19 23:05 DEBUG    ****** PDM_KL matching ******** 
09-19 23:05 DEBUG    Best Sigma0: 10. Best sigma: 1 Best gamma: 10. Best Test accuracy: 0.1873. Train acc: 0.18858. 

09-19 23:05 DEBUG    PDM_KL log: {(10, 1, 10): {'shapes': [(3072, 700), (700,), (700, 136), (136,), (136, 145), (145,), (145, 127), (127,), (127, 10), (10,)], 'train_accuracy': 0.18858, 'test_accuracy': 0.1873}} 
09-19 23:35 DEBUG    ****** PDM_KL matching ******** 
09-19 23:35 DEBUG    Best Sigma0: 10. Best sigma: 1 Best gamma: 10. Best Test accuracy: 0.1896. Train acc: 0.18914. 

09-19 23:35 DEBUG    PDM_KL log: {(10, 1, 10): {'shapes': [(3072, 700), (700,), (700, 136), (136,), (136, 136), (136,), (136, 127), (127,), (127, 10), (10,)], 'train_accuracy': 0.18914, 'test_accuracy': 0.1896}} 
09-20 00:09 DEBUG    ****** PDM_KL matching ******** 
09-20 00:09 DEBUG    Best Sigma0: 10. Best sigma: 1 Best gamma: 10. Best Test accuracy: 0.182. Train acc: 0.17934. 

09-20 00:09 DEBUG    PDM_KL log: {(10, 1, 10): {'shapes': [(3072, 700), (700,), (700, 127), (127,), (127, 136), (136,), (136, 127), (127,), (127, 10), (10,)], 'train_accuracy': 0.17934, 'test_accuracy': 0.182}} 
09-20 00:32 DEBUG    ****** PDM_KL matching ******** 
09-20 00:32 DEBUG    Best Sigma0: 10. Best sigma: 1 Best gamma: 10. Best Test accuracy: 0.1592. Train acc: 0.1521. 

09-20 00:32 DEBUG    PDM_KL log: {(10, 1, 10): {'shapes': [(3072, 298), (298,), (298, 127), (127,), (127, 127), (127,), (127, 127), (127,), (127, 10), (10,)], 'train_accuracy': 0.1521, 'test_accuracy': 0.1592}} 
09-20 00:42 DEBUG    ****** PDM_KL matching ******** 
09-20 00:42 DEBUG    Best Sigma0: 10. Best sigma: 1 Best gamma: 10. Best Test accuracy: 0.1. Train acc: 0.1. 

09-20 00:42 DEBUG    PDM_KL log: {(10, 1, 10): {'shapes': [(3072, 100), (100,), (100, 118), (118,), (118, 118), (118,), (118, 118), (118,), (118, 10), (10,)], 'train_accuracy': 0.1, 'test_accuracy': 0.1}} 
09-20 00:53 DEBUG    ****** PDM_KL matching ******** 
09-20 00:53 DEBUG    Best Sigma0: 10. Best sigma: 1 Best gamma: 10. Best Test accuracy: 0.1. Train acc: 0.1. 

09-20 00:53 DEBUG    PDM_KL log: {(10, 1, 10): {'shapes': [(3072, 100), (100,), (100, 118), (118,), (118, 118), (118,), (118, 118), (118,), (118, 10), (10,)], 'train_accuracy': 0.1, 'test_accuracy': 0.1}} 
09-20 01:05 DEBUG    ****** PDM_KL matching ******** 
09-20 01:05 DEBUG    Best Sigma0: 10. Best sigma: 1 Best gamma: 10. Best Test accuracy: 0.1. Train acc: 0.1. 

09-20 01:05 DEBUG    PDM_KL log: {(10, 1, 10): {'shapes': [(3072, 100), (100,), (100, 118), (118,), (118, 109), (109,), (109, 118), (118,), (118, 10), (10,)], 'train_accuracy': 0.1, 'test_accuracy': 0.1}} 
09-20 01:05 DEBUG    Trial 7 completed
09-20 01:05 DEBUG    ####################################################################################################
09-20 01:05 DEBUG    ####################################################################################################
09-20 01:05 DEBUG    Executing Trial 8 with seed 8
09-20 01:05 DEBUG    Data statistics: {0: {0: 518, 1: 496, 2: 490, 3: 514, 4: 513, 5: 507, 6: 510, 7: 462, 8: 461, 9: 529}, 1: {0: 522, 1: 510, 2: 503, 3: 490, 4: 501, 5: 481, 6: 522, 7: 496, 8: 471, 9: 504}, 2: {0: 475, 1: 498, 2: 474, 3: 476, 4: 493, 5: 531, 6: 504, 7: 508, 8: 526, 9: 515}, 3: {0: 491, 1: 516, 2: 505, 3: 501, 4: 508, 5: 499, 6: 480, 7: 486, 8: 519, 9: 495}, 4: {0: 501, 1: 463, 2: 496, 3: 496, 4: 519, 5: 487, 6: 482, 7: 543, 8: 536, 9: 477}, 5: {0: 475, 1: 502, 2: 493, 3: 483, 4: 512, 5: 511, 6: 521, 7: 468, 8: 501, 9: 534}, 6: {0: 492, 1: 517, 2: 530, 3: 502, 4: 509, 5: 480, 6: 493, 7: 488, 8: 499, 9: 490}, 7: {0: 486, 1: 501, 2: 518, 3: 524, 4: 484, 5: 491, 6: 489, 7: 507, 8: 530, 9: 470}, 8: {0: 509, 1: 511, 2: 467, 3: 503, 4: 495, 5: 509, 6: 513, 7: 516, 8: 465, 9: 512}, 9: {0: 531, 1: 486, 2: 524, 3: 511, 4: 466, 5: 504, 6: 486, 7: 526, 8: 492, 9: 474}}
09-20 01:07 DEBUG    **************************************************
09-20 01:07 DEBUG    Running experiments 

09-20 01:08 DEBUG    Uniform ensemble (Train acc): 0.291880
09-20 01:08 DEBUG    Uniform ensemble (Test acc): 0.290000
09-20 01:08 DEBUG    FedAvg (Train acc): 0.100000
09-20 01:08 DEBUG    FedAvg (Test acc): 0.100000
09-20 01:27 DEBUG    ****** PDM_KL matching ******** 
09-20 01:27 DEBUG    Best Sigma0: 10. Best sigma: 1 Best gamma: 10. Best Test accuracy: 0.1841. Train acc: 0.1837. 

09-20 01:27 DEBUG    PDM_KL log: {(10, 1, 10): {'shapes': [(3072, 700), (700,), (700, 145), (145,), (145, 145), (145,), (145, 118), (118,), (118, 10), (10,)], 'train_accuracy': 0.1837, 'test_accuracy': 0.1841}} 
09-20 01:59 DEBUG    ****** PDM_KL matching ******** 
09-20 01:59 DEBUG    Best Sigma0: 10. Best sigma: 1 Best gamma: 10. Best Test accuracy: 0.169. Train acc: 0.16968. 

09-20 01:59 DEBUG    PDM_KL log: {(10, 1, 10): {'shapes': [(3072, 700), (700,), (700, 145), (145,), (145, 136), (136,), (136, 118), (118,), (118, 10), (10,)], 'train_accuracy': 0.16968, 'test_accuracy': 0.169}} 
09-20 02:28 DEBUG    ****** PDM_KL matching ******** 
09-20 02:28 DEBUG    Best Sigma0: 10. Best sigma: 1 Best gamma: 10. Best Test accuracy: 0.1908. Train acc: 0.18548. 

09-20 02:28 DEBUG    PDM_KL log: {(10, 1, 10): {'shapes': [(3072, 700), (700,), (700, 145), (145,), (145, 145), (145,), (145, 118), (118,), (118, 10), (10,)], 'train_accuracy': 0.18548, 'test_accuracy': 0.1908}} 
09-20 02:54 DEBUG    ****** PDM_KL matching ******** 
09-20 02:54 DEBUG    Best Sigma0: 10. Best sigma: 1 Best gamma: 10. Best Test accuracy: 0.1804. Train acc: 0.18224. 

09-20 02:54 DEBUG    PDM_KL log: {(10, 1, 10): {'shapes': [(3072, 700), (700,), (700, 145), (145,), (145, 136), (136,), (136, 118), (118,), (118, 10), (10,)], 'train_accuracy': 0.18224, 'test_accuracy': 0.1804}} 
09-20 03:18 DEBUG    ****** PDM_KL matching ******** 
09-20 03:18 DEBUG    Best Sigma0: 10. Best sigma: 1 Best gamma: 10. Best Test accuracy: 0.1868. Train acc: 0.18984. 

09-20 03:18 DEBUG    PDM_KL log: {(10, 1, 10): {'shapes': [(3072, 700), (700,), (700, 145), (145,), (145, 145), (145,), (145, 118), (118,), (118, 10), (10,)], 'train_accuracy': 0.18984, 'test_accuracy': 0.1868}} 
09-20 03:40 DEBUG    ****** PDM_KL matching ******** 
09-20 03:40 DEBUG    Best Sigma0: 10. Best sigma: 1 Best gamma: 10. Best Test accuracy: 0.2172. Train acc: 0.21678. 

09-20 03:40 DEBUG    PDM_KL log: {(10, 1, 10): {'shapes': [(3072, 700), (700,), (700, 145), (145,), (145, 136), (136,), (136, 127), (127,), (127, 10), (10,)], 'train_accuracy': 0.21678, 'test_accuracy': 0.2172}} 
09-20 04:06 DEBUG    ****** PDM_KL matching ******** 
09-20 04:06 DEBUG    Best Sigma0: 10. Best sigma: 1 Best gamma: 10. Best Test accuracy: 0.2138. Train acc: 0.21462. 

09-20 04:06 DEBUG    PDM_KL log: {(10, 1, 10): {'shapes': [(3072, 700), (700,), (700, 136), (136,), (136, 136), (136,), (136, 127), (127,), (127, 10), (10,)], 'train_accuracy': 0.21462, 'test_accuracy': 0.2138}} 
09-20 04:23 DEBUG    ****** PDM_KL matching ******** 
09-20 04:23 DEBUG    Best Sigma0: 10. Best sigma: 1 Best gamma: 10. Best Test accuracy: 0.1528. Train acc: 0.1492. 

09-20 04:23 DEBUG    PDM_KL log: {(10, 1, 10): {'shapes': [(3072, 298), (298,), (298, 127), (127,), (127, 127), (127,), (127, 127), (127,), (127, 10), (10,)], 'train_accuracy': 0.1492, 'test_accuracy': 0.1528}} 
09-20 04:31 DEBUG    ****** PDM_KL matching ******** 
09-20 04:31 DEBUG    Best Sigma0: 10. Best sigma: 1 Best gamma: 10. Best Test accuracy: 0.1. Train acc: 0.1. 

09-20 04:31 DEBUG    PDM_KL log: {(10, 1, 10): {'shapes': [(3072, 100), (100,), (100, 118), (118,), (118, 118), (118,), (118, 118), (118,), (118, 10), (10,)], 'train_accuracy': 0.1, 'test_accuracy': 0.1}} 
09-20 04:39 DEBUG    ****** PDM_KL matching ******** 
09-20 04:39 DEBUG    Best Sigma0: 10. Best sigma: 1 Best gamma: 10. Best Test accuracy: 0.1. Train acc: 0.1. 

09-20 04:39 DEBUG    PDM_KL log: {(10, 1, 10): {'shapes': [(3072, 100), (100,), (100, 109), (109,), (109, 118), (118,), (118, 118), (118,), (118, 10), (10,)], 'train_accuracy': 0.1, 'test_accuracy': 0.1}} 
09-20 04:47 DEBUG    ****** PDM_KL matching ******** 
09-20 04:47 DEBUG    Best Sigma0: 10. Best sigma: 1 Best gamma: 10. Best Test accuracy: 0.1. Train acc: 0.1. 

09-20 04:47 DEBUG    PDM_KL log: {(10, 1, 10): {'shapes': [(3072, 100), (100,), (100, 109), (109,), (109, 109), (109,), (109, 118), (118,), (118, 10), (10,)], 'train_accuracy': 0.1, 'test_accuracy': 0.1}} 
09-20 04:47 DEBUG    Trial 8 completed
09-20 04:47 DEBUG    ####################################################################################################
09-20 04:47 DEBUG    ####################################################################################################
09-20 04:47 DEBUG    Executing Trial 9 with seed 9
09-20 04:47 DEBUG    Data statistics: {0: {0: 490, 1: 482, 2: 496, 3: 501, 4: 516, 5: 513, 6: 508, 7: 486, 8: 504, 9: 504}, 1: {0: 513, 1: 502, 2: 507, 3: 476, 4: 496, 5: 476, 6: 494, 7: 502, 8: 507, 9: 527}, 2: {0: 522, 1: 476, 2: 517, 3: 485, 4: 499, 5: 500, 6: 520, 7: 481, 8: 499, 9: 501}, 3: {0: 496, 1: 502, 2: 519, 3: 490, 4: 472, 5: 502, 6: 500, 7: 536, 8: 496, 9: 487}, 4: {0: 507, 1: 522, 2: 514, 3: 506, 4: 531, 5: 481, 6: 497, 7: 507, 8: 465, 9: 470}, 5: {0: 497, 1: 510, 2: 499, 3: 467, 4: 539, 5: 520, 6: 494, 7: 468, 8: 484, 9: 522}, 6: {0: 478, 1: 569, 2: 478, 3: 535, 4: 485, 5: 492, 6: 487, 7: 498, 8: 510, 9: 468}, 7: {0: 486, 1: 459, 2: 494, 3: 516, 4: 492, 5: 497, 6: 510, 7: 517, 8: 524, 9: 505}, 8: {0: 511, 1: 495, 2: 478, 3: 538, 4: 463, 5: 513, 6: 470, 7: 511, 8: 499, 9: 522}, 9: {0: 500, 1: 483, 2: 498, 3: 486, 4: 507, 5: 506, 6: 520, 7: 494, 8: 512, 9: 494}}
09-20 04:49 DEBUG    **************************************************
09-20 04:49 DEBUG    Running experiments 

09-20 04:50 DEBUG    Uniform ensemble (Train acc): 0.287980
09-20 04:50 DEBUG    Uniform ensemble (Test acc): 0.286000
09-20 04:50 DEBUG    FedAvg (Train acc): 0.100000
09-20 04:50 DEBUG    FedAvg (Test acc): 0.100000
09-20 05:01 DEBUG    ****** PDM_KL matching ******** 
09-20 05:01 DEBUG    Best Sigma0: 10. Best sigma: 1 Best gamma: 10. Best Test accuracy: 0.229. Train acc: 0.22608. 

09-20 05:01 DEBUG    PDM_KL log: {(10, 1, 10): {'shapes': [(3072, 700), (700,), (700, 145), (145,), (145, 145), (145,), (145, 118), (118,), (118, 10), (10,)], 'train_accuracy': 0.22608, 'test_accuracy': 0.229}} 
09-20 05:23 DEBUG    ****** PDM_KL matching ******** 
09-20 05:23 DEBUG    Best Sigma0: 10. Best sigma: 1 Best gamma: 10. Best Test accuracy: 0.2077. Train acc: 0.2074. 

09-20 05:23 DEBUG    PDM_KL log: {(10, 1, 10): {'shapes': [(3072, 700), (700,), (700, 145), (145,), (145, 145), (145,), (145, 118), (118,), (118, 10), (10,)], 'train_accuracy': 0.2074, 'test_accuracy': 0.2077}} 
09-20 05:43 DEBUG    ****** PDM_KL matching ******** 
09-20 05:43 DEBUG    Best Sigma0: 10. Best sigma: 1 Best gamma: 10. Best Test accuracy: 0.1968. Train acc: 0.19718. 

09-20 05:43 DEBUG    PDM_KL log: {(10, 1, 10): {'shapes': [(3072, 700), (700,), (700, 145), (145,), (145, 145), (145,), (145, 118), (118,), (118, 10), (10,)], 'train_accuracy': 0.19718, 'test_accuracy': 0.1968}} 
09-20 06:03 DEBUG    ****** PDM_KL matching ******** 
09-20 06:03 DEBUG    Best Sigma0: 10. Best sigma: 1 Best gamma: 10. Best Test accuracy: 0.198. Train acc: 0.20084. 

09-20 06:03 DEBUG    PDM_KL log: {(10, 1, 10): {'shapes': [(3072, 700), (700,), (700, 145), (145,), (145, 145), (145,), (145, 118), (118,), (118, 10), (10,)], 'train_accuracy': 0.20084, 'test_accuracy': 0.198}} 
09-20 06:21 DEBUG    ****** PDM_KL matching ******** 
09-20 06:21 DEBUG    Best Sigma0: 10. Best sigma: 1 Best gamma: 10. Best Test accuracy: 0.1878. Train acc: 0.18966. 

09-20 06:21 DEBUG    PDM_KL log: {(10, 1, 10): {'shapes': [(3072, 700), (700,), (700, 145), (145,), (145, 145), (145,), (145, 118), (118,), (118, 10), (10,)], 'train_accuracy': 0.18966, 'test_accuracy': 0.1878}} 
09-20 06:36 DEBUG    ****** PDM_KL matching ******** 
09-20 06:36 DEBUG    Best Sigma0: 10. Best sigma: 1 Best gamma: 10. Best Test accuracy: 0.1865. Train acc: 0.18866. 

09-20 06:36 DEBUG    PDM_KL log: {(10, 1, 10): {'shapes': [(3072, 700), (700,), (700, 145), (145,), (145, 136), (136,), (136, 118), (118,), (118, 10), (10,)], 'train_accuracy': 0.18866, 'test_accuracy': 0.1865}} 
09-20 06:49 DEBUG    ****** PDM_KL matching ******** 
09-20 06:49 DEBUG    Best Sigma0: 10. Best sigma: 1 Best gamma: 10. Best Test accuracy: 0.1939. Train acc: 0.19228. 

09-20 06:49 DEBUG    PDM_KL log: {(10, 1, 10): {'shapes': [(3072, 700), (700,), (700, 136), (136,), (136, 136), (136,), (136, 127), (127,), (127, 10), (10,)], 'train_accuracy': 0.19228, 'test_accuracy': 0.1939}} 
09-20 06:58 DEBUG    ****** PDM_KL matching ******** 
09-20 06:58 DEBUG    Best Sigma0: 10. Best sigma: 1 Best gamma: 10. Best Test accuracy: 0.1769. Train acc: 0.17638. 

09-20 06:58 DEBUG    PDM_KL log: {(10, 1, 10): {'shapes': [(3072, 298), (298,), (298, 127), (127,), (127, 127), (127,), (127, 127), (127,), (127, 10), (10,)], 'train_accuracy': 0.17638, 'test_accuracy': 0.1769}} 
09-20 07:02 DEBUG    ****** PDM_KL matching ******** 
09-20 07:02 DEBUG    Best Sigma0: 10. Best sigma: 1 Best gamma: 10. Best Test accuracy: 0.1. Train acc: 0.1. 

09-20 07:02 DEBUG    PDM_KL log: {(10, 1, 10): {'shapes': [(3072, 100), (100,), (100, 118), (118,), (118, 118), (118,), (118, 118), (118,), (118, 10), (10,)], 'train_accuracy': 0.1, 'test_accuracy': 0.1}} 
09-20 07:06 DEBUG    ****** PDM_KL matching ******** 
09-20 07:06 DEBUG    Best Sigma0: 10. Best sigma: 1 Best gamma: 10. Best Test accuracy: 0.1. Train acc: 0.1. 

09-20 07:06 DEBUG    PDM_KL log: {(10, 1, 10): {'shapes': [(3072, 100), (100,), (100, 118), (118,), (118, 118), (118,), (118, 118), (118,), (118, 10), (10,)], 'train_accuracy': 0.1, 'test_accuracy': 0.1}} 
09-20 07:11 DEBUG    ****** PDM_KL matching ******** 
09-20 07:11 DEBUG    Best Sigma0: 10. Best sigma: 1 Best gamma: 10. Best Test accuracy: 0.1. Train acc: 0.1. 

09-20 07:11 DEBUG    PDM_KL log: {(10, 1, 10): {'shapes': [(3072, 100), (100,), (100, 109), (109,), (109, 118), (118,), (118, 118), (118,), (118, 10), (10,)], 'train_accuracy': 0.1, 'test_accuracy': 0.1}} 
09-20 07:11 DEBUG    Trial 9 completed
09-20 07:11 DEBUG    ####################################################################################################
