09-13 11:55 DEBUG    Experiment arguments: Namespace(alpha=0.5, communication_rounds=None, datadir='data/cifar10', dataset='cifar10', device=1.0, dropout_p=0.0, epochs=10, experiment=['all'], init_seed=0, iter_epochs=5, layers=0, loaddir='saved_weights/cifar10/hetero-dir', logdir='KL_regs_bst_hyp/cifar10/hetero-dir', lr=0.01, lr_decay=1.0, n=30, n_layers=1, n_nets=5, net_config=[3072, 100, 10], num_pool_workers=7, partition='hetero-dir', pdm_gamma=50, pdm_sig=1, pdm_sig0=10, reg=1e-06, reg_fac=0.0, trials=10)
09-13 11:55 DEBUG    ####################################################################################################
09-13 11:55 DEBUG    Executing Trial 0 with seed 0
09-13 11:55 DEBUG    Data statistics: {0: {0: 2538, 1: 2206, 2: 409, 3: 3154, 4: 40, 5: 178, 6: 387, 7: 128, 8: 2363}, 1: {0: 43, 1: 215, 2: 202, 3: 1423, 4: 1777, 5: 2276, 6: 1, 7: 498, 8: 446, 9: 878}, 2: {0: 23, 1: 1517, 2: 1244, 3: 192, 4: 2349, 5: 208, 6: 259, 7: 2175, 8: 682, 9: 114}, 3: {0: 1053, 1: 1004, 2: 2473, 4: 108, 5: 512, 6: 897, 7: 1057, 8: 1368, 9: 2583}, 4: {0: 1343, 1: 58, 2: 672, 3: 231, 4: 726, 5: 1826, 6: 3456, 7: 1142, 8: 141, 9: 1425}}
09-13 11:55 DEBUG    **************************************************
09-13 11:55 DEBUG    Running experiments 

09-13 11:55 DEBUG    Uniform ensemble (Train acc): 0.454120
09-13 11:55 DEBUG    Uniform ensemble (Test acc): 0.438100
09-13 11:55 DEBUG    FedAvg (Train acc): 0.138000
09-13 11:55 DEBUG    FedAvg (Test acc): 0.137400
09-13 11:59 DEBUG    ****** PDM_KL matching ******** 
09-13 11:59 DEBUG    Best Sigma0: 10. Best sigma: 1 Best gamma: 50. Best Test accuracy: 0.3292. Train acc: 0.3425. 

09-13 11:59 DEBUG    PDM_KL log: {(10, 1, 50): {'shapes': [(3072, 475), (475,), (475, 10), (10,)], 'train_accuracy': 0.3425, 'test_accuracy': 0.3292}} 
09-13 12:14 DEBUG    ****** PDM_KL matching ******** 
09-13 12:14 DEBUG    Best Sigma0: 10. Best sigma: 1 Best gamma: 50. Best Test accuracy: 0.3292. Train acc: 0.3425. 

09-13 12:14 DEBUG    PDM_KL log: {(10, 1, 50): {'shapes': [(3072, 475), (475,), (475, 10), (10,)], 'train_accuracy': 0.3425, 'test_accuracy': 0.3292}} 
09-13 12:31 DEBUG    ****** PDM_KL matching ******** 
09-13 12:31 DEBUG    Best Sigma0: 10. Best sigma: 1 Best gamma: 50. Best Test accuracy: 0.3292. Train acc: 0.3425. 

09-13 12:31 DEBUG    PDM_KL log: {(10, 1, 50): {'shapes': [(3072, 475), (475,), (475, 10), (10,)], 'train_accuracy': 0.3425, 'test_accuracy': 0.3292}} 
09-13 12:49 DEBUG    ****** PDM_KL matching ******** 
09-13 12:49 DEBUG    Best Sigma0: 10. Best sigma: 1 Best gamma: 50. Best Test accuracy: 0.3292. Train acc: 0.3425. 

09-13 12:49 DEBUG    PDM_KL log: {(10, 1, 50): {'shapes': [(3072, 475), (475,), (475, 10), (10,)], 'train_accuracy': 0.3425, 'test_accuracy': 0.3292}} 
09-13 13:07 DEBUG    ****** PDM_KL matching ******** 
09-13 13:07 DEBUG    Best Sigma0: 10. Best sigma: 1 Best gamma: 50. Best Test accuracy: 0.3292. Train acc: 0.3425. 

09-13 13:07 DEBUG    PDM_KL log: {(10, 1, 50): {'shapes': [(3072, 475), (475,), (475, 10), (10,)], 'train_accuracy': 0.3425, 'test_accuracy': 0.3292}} 
09-13 13:25 DEBUG    ****** PDM_KL matching ******** 
09-13 13:25 DEBUG    Best Sigma0: 10. Best sigma: 1 Best gamma: 50. Best Test accuracy: 0.3292. Train acc: 0.3425. 

09-13 13:25 DEBUG    PDM_KL log: {(10, 1, 50): {'shapes': [(3072, 472), (472,), (472, 10), (10,)], 'train_accuracy': 0.3425, 'test_accuracy': 0.3292}} 
09-13 13:44 DEBUG    ****** PDM_KL matching ******** 
09-13 13:44 DEBUG    Best Sigma0: 10. Best sigma: 1 Best gamma: 50. Best Test accuracy: 0.3292. Train acc: 0.3425. 

09-13 13:44 DEBUG    PDM_KL log: {(10, 1, 50): {'shapes': [(3072, 462), (462,), (462, 10), (10,)], 'train_accuracy': 0.3425, 'test_accuracy': 0.3292}} 
09-13 14:01 DEBUG    ****** PDM_KL matching ******** 
09-13 14:01 DEBUG    Best Sigma0: 10. Best sigma: 1 Best gamma: 50. Best Test accuracy: 0.3269. Train acc: 0.34162. 

09-13 14:01 DEBUG    PDM_KL log: {(10, 1, 50): {'shapes': [(3072, 392), (392,), (392, 10), (10,)], 'train_accuracy': 0.34162, 'test_accuracy': 0.3269}} 
09-13 14:08 DEBUG    ****** PDM_KL matching ******** 
09-13 14:08 DEBUG    Best Sigma0: 10. Best sigma: 1 Best gamma: 50. Best Test accuracy: 0.1001. Train acc: 0.10032. 

09-13 14:08 DEBUG    PDM_KL log: {(10, 1, 50): {'shapes': [(3072, 116), (116,), (116, 10), (10,)], 'train_accuracy': 0.10032, 'test_accuracy': 0.1001}} 
09-13 14:15 DEBUG    ****** PDM_KL matching ******** 
09-13 14:15 DEBUG    Best Sigma0: 10. Best sigma: 1 Best gamma: 50. Best Test accuracy: 0.1. Train acc: 0.09938. 

09-13 14:15 DEBUG    PDM_KL log: {(10, 1, 50): {'shapes': [(3072, 108), (108,), (108, 10), (10,)], 'train_accuracy': 0.09938, 'test_accuracy': 0.1}} 
09-13 14:22 DEBUG    ****** PDM_KL matching ******** 
09-13 14:22 DEBUG    Best Sigma0: 10. Best sigma: 1 Best gamma: 50. Best Test accuracy: 0.0988. Train acc: 0.09952. 

09-13 14:22 DEBUG    PDM_KL log: {(10, 1, 50): {'shapes': [(3072, 104), (104,), (104, 10), (10,)], 'train_accuracy': 0.09952, 'test_accuracy': 0.0988}} 
09-13 14:22 DEBUG    Trial 0 completed
09-13 14:22 DEBUG    ####################################################################################################
09-13 14:22 DEBUG    ####################################################################################################
09-13 14:22 DEBUG    Executing Trial 1 with seed 1
09-13 14:23 DEBUG    Data statistics: {0: {0: 156, 1: 709, 2: 301, 3: 2629, 4: 20, 5: 651, 6: 915, 7: 113, 8: 180, 9: 2133}, 1: {0: 1771, 1: 2695, 2: 1251, 3: 1407, 4: 665, 5: 314, 6: 1419, 7: 3469}, 2: {0: 236, 1: 15, 2: 1715, 3: 76, 4: 1304, 5: 34, 6: 1773, 7: 75, 8: 3289, 9: 2360}, 3: {0: 2809, 1: 575, 2: 157, 3: 853, 4: 2555, 5: 2557, 6: 203, 7: 1213}, 4: {0: 28, 1: 1006, 2: 1576, 3: 35, 4: 456, 5: 1444, 6: 690, 7: 130, 8: 1531, 9: 507}}
09-13 14:25 DEBUG    **************************************************
09-13 14:25 DEBUG    Running experiments 

09-13 14:26 DEBUG    Uniform ensemble (Train acc): 0.431760
09-13 14:26 DEBUG    Uniform ensemble (Test acc): 0.422100
09-13 14:27 DEBUG    FedAvg (Train acc): 0.116820
09-13 14:27 DEBUG    FedAvg (Test acc): 0.115900
09-13 14:37 DEBUG    ****** PDM_KL matching ******** 
09-13 14:37 DEBUG    Best Sigma0: 10. Best sigma: 1 Best gamma: 50. Best Test accuracy: 0.3446. Train acc: 0.34854. 

09-13 14:37 DEBUG    PDM_KL log: {(10, 1, 50): {'shapes': [(3072, 472), (472,), (472, 10), (10,)], 'train_accuracy': 0.34854, 'test_accuracy': 0.3446}} 
09-13 14:57 DEBUG    ****** PDM_KL matching ******** 
09-13 14:57 DEBUG    Best Sigma0: 10. Best sigma: 1 Best gamma: 50. Best Test accuracy: 0.3446. Train acc: 0.34854. 

09-13 14:57 DEBUG    PDM_KL log: {(10, 1, 50): {'shapes': [(3072, 472), (472,), (472, 10), (10,)], 'train_accuracy': 0.34854, 'test_accuracy': 0.3446}} 
09-13 15:16 DEBUG    ****** PDM_KL matching ******** 
09-13 15:16 DEBUG    Best Sigma0: 10. Best sigma: 1 Best gamma: 50. Best Test accuracy: 0.3446. Train acc: 0.34854. 

09-13 15:16 DEBUG    PDM_KL log: {(10, 1, 50): {'shapes': [(3072, 472), (472,), (472, 10), (10,)], 'train_accuracy': 0.34854, 'test_accuracy': 0.3446}} 
09-13 15:36 DEBUG    ****** PDM_KL matching ******** 
09-13 15:36 DEBUG    Best Sigma0: 10. Best sigma: 1 Best gamma: 50. Best Test accuracy: 0.3446. Train acc: 0.34854. 

09-13 15:36 DEBUG    PDM_KL log: {(10, 1, 50): {'shapes': [(3072, 472), (472,), (472, 10), (10,)], 'train_accuracy': 0.34854, 'test_accuracy': 0.3446}} 
09-13 15:55 DEBUG    ****** PDM_KL matching ******** 
09-13 15:55 DEBUG    Best Sigma0: 10. Best sigma: 1 Best gamma: 50. Best Test accuracy: 0.3446. Train acc: 0.34854. 

09-13 15:55 DEBUG    PDM_KL log: {(10, 1, 50): {'shapes': [(3072, 471), (471,), (471, 10), (10,)], 'train_accuracy': 0.34854, 'test_accuracy': 0.3446}} 
09-13 16:14 DEBUG    ****** PDM_KL matching ******** 
09-13 16:14 DEBUG    Best Sigma0: 10. Best sigma: 1 Best gamma: 50. Best Test accuracy: 0.3446. Train acc: 0.34854. 

09-13 16:14 DEBUG    PDM_KL log: {(10, 1, 50): {'shapes': [(3072, 471), (471,), (471, 10), (10,)], 'train_accuracy': 0.34854, 'test_accuracy': 0.3446}} 
09-13 16:33 DEBUG    ****** PDM_KL matching ******** 
09-13 16:33 DEBUG    Best Sigma0: 10. Best sigma: 1 Best gamma: 50. Best Test accuracy: 0.3446. Train acc: 0.34854. 

09-13 16:33 DEBUG    PDM_KL log: {(10, 1, 50): {'shapes': [(3072, 456), (456,), (456, 10), (10,)], 'train_accuracy': 0.34854, 'test_accuracy': 0.3446}} 
09-13 16:50 DEBUG    ****** PDM_KL matching ******** 
09-13 16:50 DEBUG    Best Sigma0: 10. Best sigma: 1 Best gamma: 50. Best Test accuracy: 0.3446. Train acc: 0.3485. 

09-13 16:50 DEBUG    PDM_KL log: {(10, 1, 50): {'shapes': [(3072, 392), (392,), (392, 10), (10,)], 'train_accuracy': 0.3485, 'test_accuracy': 0.3446}} 
09-13 16:58 DEBUG    ****** PDM_KL matching ******** 
09-13 16:58 DEBUG    Best Sigma0: 10. Best sigma: 1 Best gamma: 50. Best Test accuracy: 0.1006. Train acc: 0.1006. 

09-13 16:58 DEBUG    PDM_KL log: {(10, 1, 50): {'shapes': [(3072, 112), (112,), (112, 10), (10,)], 'train_accuracy': 0.1006, 'test_accuracy': 0.1006}} 
09-13 17:05 DEBUG    ****** PDM_KL matching ******** 
09-13 17:05 DEBUG    Best Sigma0: 10. Best sigma: 1 Best gamma: 50. Best Test accuracy: 0.1002. Train acc: 0.10066. 

09-13 17:05 DEBUG    PDM_KL log: {(10, 1, 50): {'shapes': [(3072, 104), (104,), (104, 10), (10,)], 'train_accuracy': 0.10066, 'test_accuracy': 0.1002}} 
09-13 17:11 DEBUG    ****** PDM_KL matching ******** 
09-13 17:11 DEBUG    Best Sigma0: 10. Best sigma: 1 Best gamma: 50. Best Test accuracy: 0.1005. Train acc: 0.10084. 

09-13 17:11 DEBUG    PDM_KL log: {(10, 1, 50): {'shapes': [(3072, 100), (100,), (100, 10), (10,)], 'train_accuracy': 0.10084, 'test_accuracy': 0.1005}} 
09-13 17:11 DEBUG    Trial 1 completed
09-13 17:11 DEBUG    ####################################################################################################
09-13 17:11 DEBUG    ####################################################################################################
09-13 17:11 DEBUG    Executing Trial 2 with seed 2
09-13 17:12 DEBUG    Data statistics: {0: {0: 49, 1: 251, 2: 225, 3: 995, 4: 2, 5: 2707, 6: 3848, 7: 1118, 8: 2134}, 1: {0: 770, 1: 1609, 2: 115, 3: 68, 4: 306, 5: 225, 6: 212, 7: 3396, 8: 109, 9: 1502}, 2: {0: 1274, 1: 29, 2: 10, 3: 19, 4: 3296, 5: 1596, 6: 345, 7: 329, 8: 107, 9: 3389}, 3: {0: 656, 1: 2572, 2: 2628, 3: 73, 5: 472, 6: 595, 7: 157, 8: 2649, 9: 109}, 4: {0: 2251, 1: 539, 2: 2022, 3: 3845, 4: 1396, 8: 1}}
09-13 17:14 DEBUG    **************************************************
09-13 17:14 DEBUG    Running experiments 

09-13 17:16 DEBUG    Uniform ensemble (Train acc): 0.418640
09-13 17:16 DEBUG    Uniform ensemble (Test acc): 0.403900
09-13 17:16 DEBUG    FedAvg (Train acc): 0.107200
09-13 17:16 DEBUG    FedAvg (Test acc): 0.105900
09-13 17:26 DEBUG    ****** PDM_KL matching ******** 
09-13 17:26 DEBUG    Best Sigma0: 10. Best sigma: 1 Best gamma: 50. Best Test accuracy: 0.2748. Train acc: 0.28044. 

09-13 17:26 DEBUG    PDM_KL log: {(10, 1, 50): {'shapes': [(3072, 476), (476,), (476, 10), (10,)], 'train_accuracy': 0.28044, 'test_accuracy': 0.2748}} 
09-13 17:46 DEBUG    ****** PDM_KL matching ******** 
09-13 17:46 DEBUG    Best Sigma0: 10. Best sigma: 1 Best gamma: 50. Best Test accuracy: 0.2748. Train acc: 0.28044. 

09-13 17:46 DEBUG    PDM_KL log: {(10, 1, 50): {'shapes': [(3072, 476), (476,), (476, 10), (10,)], 'train_accuracy': 0.28044, 'test_accuracy': 0.2748}} 
09-13 18:06 DEBUG    ****** PDM_KL matching ******** 
09-13 18:06 DEBUG    Best Sigma0: 10. Best sigma: 1 Best gamma: 50. Best Test accuracy: 0.2748. Train acc: 0.28044. 

09-13 18:06 DEBUG    PDM_KL log: {(10, 1, 50): {'shapes': [(3072, 475), (475,), (475, 10), (10,)], 'train_accuracy': 0.28044, 'test_accuracy': 0.2748}} 
09-13 18:26 DEBUG    ****** PDM_KL matching ******** 
09-13 18:26 DEBUG    Best Sigma0: 10. Best sigma: 1 Best gamma: 50. Best Test accuracy: 0.2748. Train acc: 0.28044. 

09-13 18:26 DEBUG    PDM_KL log: {(10, 1, 50): {'shapes': [(3072, 473), (473,), (473, 10), (10,)], 'train_accuracy': 0.28044, 'test_accuracy': 0.2748}} 
09-13 18:44 DEBUG    ****** PDM_KL matching ******** 
09-13 18:44 DEBUG    Best Sigma0: 10. Best sigma: 1 Best gamma: 50. Best Test accuracy: 0.2748. Train acc: 0.28044. 

09-13 18:44 DEBUG    PDM_KL log: {(10, 1, 50): {'shapes': [(3072, 473), (473,), (473, 10), (10,)], 'train_accuracy': 0.28044, 'test_accuracy': 0.2748}} 
09-13 19:02 DEBUG    ****** PDM_KL matching ******** 
09-13 19:02 DEBUG    Best Sigma0: 10. Best sigma: 1 Best gamma: 50. Best Test accuracy: 0.2748. Train acc: 0.28044. 

09-13 19:02 DEBUG    PDM_KL log: {(10, 1, 50): {'shapes': [(3072, 473), (473,), (473, 10), (10,)], 'train_accuracy': 0.28044, 'test_accuracy': 0.2748}} 
09-13 19:18 DEBUG    ****** PDM_KL matching ******** 
09-13 19:18 DEBUG    Best Sigma0: 10. Best sigma: 1 Best gamma: 50. Best Test accuracy: 0.2748. Train acc: 0.28044. 

09-13 19:18 DEBUG    PDM_KL log: {(10, 1, 50): {'shapes': [(3072, 461), (461,), (461, 10), (10,)], 'train_accuracy': 0.28044, 'test_accuracy': 0.2748}} 
09-13 19:33 DEBUG    ****** PDM_KL matching ******** 
09-13 19:33 DEBUG    Best Sigma0: 10. Best sigma: 1 Best gamma: 50. Best Test accuracy: 0.2775. Train acc: 0.28176. 

09-13 19:33 DEBUG    PDM_KL log: {(10, 1, 50): {'shapes': [(3072, 400), (400,), (400, 10), (10,)], 'train_accuracy': 0.28176, 'test_accuracy': 0.2775}} 
09-13 19:40 DEBUG    ****** PDM_KL matching ******** 
09-13 19:40 DEBUG    Best Sigma0: 10. Best sigma: 1 Best gamma: 50. Best Test accuracy: 0.103. Train acc: 0.10348. 

09-13 19:40 DEBUG    PDM_KL log: {(10, 1, 50): {'shapes': [(3072, 120), (120,), (120, 10), (10,)], 'train_accuracy': 0.10348, 'test_accuracy': 0.103}} 
09-13 19:46 DEBUG    ****** PDM_KL matching ******** 
09-13 19:46 DEBUG    Best Sigma0: 10. Best sigma: 1 Best gamma: 50. Best Test accuracy: 0.101. Train acc: 0.10112. 

09-13 19:46 DEBUG    PDM_KL log: {(10, 1, 50): {'shapes': [(3072, 108), (108,), (108, 10), (10,)], 'train_accuracy': 0.10112, 'test_accuracy': 0.101}} 
09-13 19:52 DEBUG    ****** PDM_KL matching ******** 
09-13 19:52 DEBUG    Best Sigma0: 10. Best sigma: 1 Best gamma: 50. Best Test accuracy: 0.1054. Train acc: 0.10644. 

09-13 19:52 DEBUG    PDM_KL log: {(10, 1, 50): {'shapes': [(3072, 104), (104,), (104, 10), (10,)], 'train_accuracy': 0.10644, 'test_accuracy': 0.1054}} 
09-13 19:52 DEBUG    Trial 2 completed
09-13 19:52 DEBUG    ####################################################################################################
09-13 19:52 DEBUG    ####################################################################################################
09-13 19:52 DEBUG    Executing Trial 3 with seed 3
09-13 19:53 DEBUG    Data statistics: {0: {0: 536, 1: 3685, 2: 262, 3: 570, 4: 148, 5: 412, 6: 182, 7: 233, 8: 635, 9: 1927}, 1: {0: 1500, 1: 139, 2: 1011, 3: 145, 5: 1294, 6: 2190, 7: 22, 8: 346, 9: 3010}, 2: {0: 631, 1: 208, 2: 690, 3: 1864, 4: 1, 5: 2973, 6: 1966, 7: 1391, 8: 4016}, 3: {0: 11, 1: 1, 2: 2300, 3: 2402, 4: 4196, 5: 311, 6: 9, 7: 1079}, 4: {0: 2322, 1: 967, 2: 737, 3: 19, 4: 655, 5: 10, 6: 653, 7: 2275, 8: 3, 9: 63}}
09-13 19:55 DEBUG    **************************************************
09-13 19:55 DEBUG    Running experiments 

09-13 19:56 DEBUG    Uniform ensemble (Train acc): 0.433000
09-13 19:56 DEBUG    Uniform ensemble (Test acc): 0.429200
09-13 19:56 DEBUG    FedAvg (Train acc): 0.103540
09-13 19:56 DEBUG    FedAvg (Test acc): 0.103800
09-13 20:05 DEBUG    ****** PDM_KL matching ******** 
09-13 20:05 DEBUG    Best Sigma0: 10. Best sigma: 1 Best gamma: 50. Best Test accuracy: 0.307. Train acc: 0.31256. 

09-13 20:05 DEBUG    PDM_KL log: {(10, 1, 50): {'shapes': [(3072, 467), (467,), (467, 10), (10,)], 'train_accuracy': 0.31256, 'test_accuracy': 0.307}} 
09-13 20:23 DEBUG    ****** PDM_KL matching ******** 
09-13 20:23 DEBUG    Best Sigma0: 10. Best sigma: 1 Best gamma: 50. Best Test accuracy: 0.307. Train acc: 0.31256. 

09-13 20:23 DEBUG    PDM_KL log: {(10, 1, 50): {'shapes': [(3072, 467), (467,), (467, 10), (10,)], 'train_accuracy': 0.31256, 'test_accuracy': 0.307}} 
09-13 20:41 DEBUG    ****** PDM_KL matching ******** 
09-13 20:41 DEBUG    Best Sigma0: 10. Best sigma: 1 Best gamma: 50. Best Test accuracy: 0.307. Train acc: 0.31256. 

09-13 20:41 DEBUG    PDM_KL log: {(10, 1, 50): {'shapes': [(3072, 467), (467,), (467, 10), (10,)], 'train_accuracy': 0.31256, 'test_accuracy': 0.307}} 
09-13 20:58 DEBUG    ****** PDM_KL matching ******** 
09-13 20:58 DEBUG    Best Sigma0: 10. Best sigma: 1 Best gamma: 50. Best Test accuracy: 0.307. Train acc: 0.31256. 

09-13 20:58 DEBUG    PDM_KL log: {(10, 1, 50): {'shapes': [(3072, 467), (467,), (467, 10), (10,)], 'train_accuracy': 0.31256, 'test_accuracy': 0.307}} 
09-13 21:16 DEBUG    ****** PDM_KL matching ******** 
09-13 21:16 DEBUG    Best Sigma0: 10. Best sigma: 1 Best gamma: 50. Best Test accuracy: 0.307. Train acc: 0.31256. 

09-13 21:16 DEBUG    PDM_KL log: {(10, 1, 50): {'shapes': [(3072, 465), (465,), (465, 10), (10,)], 'train_accuracy': 0.31256, 'test_accuracy': 0.307}} 
09-13 21:33 DEBUG    ****** PDM_KL matching ******** 
09-13 21:33 DEBUG    Best Sigma0: 10. Best sigma: 1 Best gamma: 50. Best Test accuracy: 0.307. Train acc: 0.31256. 

09-13 21:33 DEBUG    PDM_KL log: {(10, 1, 50): {'shapes': [(3072, 465), (465,), (465, 10), (10,)], 'train_accuracy': 0.31256, 'test_accuracy': 0.307}} 
09-13 21:51 DEBUG    ****** PDM_KL matching ******** 
09-13 21:51 DEBUG    Best Sigma0: 10. Best sigma: 1 Best gamma: 50. Best Test accuracy: 0.307. Train acc: 0.31256. 

09-13 21:51 DEBUG    PDM_KL log: {(10, 1, 50): {'shapes': [(3072, 460), (460,), (460, 10), (10,)], 'train_accuracy': 0.31256, 'test_accuracy': 0.307}} 
09-13 22:06 DEBUG    ****** PDM_KL matching ******** 
09-13 22:06 DEBUG    Best Sigma0: 10. Best sigma: 1 Best gamma: 50. Best Test accuracy: 0.3045. Train acc: 0.31054. 

09-13 22:06 DEBUG    PDM_KL log: {(10, 1, 50): {'shapes': [(3072, 404), (404,), (404, 10), (10,)], 'train_accuracy': 0.31054, 'test_accuracy': 0.3045}} 
09-13 22:13 DEBUG    ****** PDM_KL matching ******** 
09-13 22:13 DEBUG    Best Sigma0: 10. Best sigma: 1 Best gamma: 50. Best Test accuracy: 0.1011. Train acc: 0.09974. 

09-13 22:13 DEBUG    PDM_KL log: {(10, 1, 50): {'shapes': [(3072, 120), (120,), (120, 10), (10,)], 'train_accuracy': 0.09974, 'test_accuracy': 0.1011}} 
09-13 22:20 DEBUG    ****** PDM_KL matching ******** 
09-13 22:20 DEBUG    Best Sigma0: 10. Best sigma: 1 Best gamma: 50. Best Test accuracy: 0.0974. Train acc: 0.09686. 

09-13 22:20 DEBUG    PDM_KL log: {(10, 1, 50): {'shapes': [(3072, 108), (108,), (108, 10), (10,)], 'train_accuracy': 0.09686, 'test_accuracy': 0.0974}} 
09-13 22:27 DEBUG    ****** PDM_KL matching ******** 
09-13 22:27 DEBUG    Best Sigma0: 10. Best sigma: 1 Best gamma: 50. Best Test accuracy: 0.1067. Train acc: 0.10634. 

09-13 22:27 DEBUG    PDM_KL log: {(10, 1, 50): {'shapes': [(3072, 107), (107,), (107, 10), (10,)], 'train_accuracy': 0.10634, 'test_accuracy': 0.1067}} 
09-13 22:27 DEBUG    Trial 3 completed
09-13 22:27 DEBUG    ####################################################################################################
09-13 22:27 DEBUG    ####################################################################################################
09-13 22:27 DEBUG    Executing Trial 4 with seed 4
09-13 22:27 DEBUG    Data statistics: {0: {0: 165, 1: 893, 2: 384, 3: 21, 4: 407, 5: 4896, 6: 190, 7: 3589}, 1: {0: 1884, 1: 1215, 2: 3846, 3: 20, 4: 2492, 5: 72, 6: 3167}, 2: {0: 1229, 1: 1195, 2: 112, 3: 983, 4: 1357, 5: 9, 6: 725, 7: 505, 8: 4640}, 3: {0: 1470, 1: 1190, 2: 234, 3: 220, 4: 99, 5: 22, 6: 340, 7: 774, 8: 205, 9: 131}, 4: {0: 252, 1: 507, 2: 424, 3: 3756, 4: 645, 5: 1, 6: 578, 7: 132, 8: 155, 9: 4869}}
09-13 22:29 DEBUG    **************************************************
09-13 22:29 DEBUG    Running experiments 

09-13 22:30 DEBUG    Uniform ensemble (Train acc): 0.396860
09-13 22:30 DEBUG    Uniform ensemble (Test acc): 0.385900
09-13 22:31 DEBUG    FedAvg (Train acc): 0.111840
09-13 22:31 DEBUG    FedAvg (Test acc): 0.109500
09-13 22:40 DEBUG    ****** PDM_KL matching ******** 
09-13 22:40 DEBUG    Best Sigma0: 10. Best sigma: 1 Best gamma: 50. Best Test accuracy: 0.2997. Train acc: 0.30064. 

09-13 22:40 DEBUG    PDM_KL log: {(10, 1, 50): {'shapes': [(3072, 479), (479,), (479, 10), (10,)], 'train_accuracy': 0.30064, 'test_accuracy': 0.2997}} 
09-13 22:57 DEBUG    ****** PDM_KL matching ******** 
09-13 22:57 DEBUG    Best Sigma0: 10. Best sigma: 1 Best gamma: 50. Best Test accuracy: 0.2997. Train acc: 0.30064. 

09-13 22:57 DEBUG    PDM_KL log: {(10, 1, 50): {'shapes': [(3072, 479), (479,), (479, 10), (10,)], 'train_accuracy': 0.30064, 'test_accuracy': 0.2997}} 
09-13 23:14 DEBUG    ****** PDM_KL matching ******** 
09-13 23:14 DEBUG    Best Sigma0: 10. Best sigma: 1 Best gamma: 50. Best Test accuracy: 0.2997. Train acc: 0.30064. 

09-13 23:14 DEBUG    PDM_KL log: {(10, 1, 50): {'shapes': [(3072, 479), (479,), (479, 10), (10,)], 'train_accuracy': 0.30064, 'test_accuracy': 0.2997}} 
09-13 23:30 DEBUG    ****** PDM_KL matching ******** 
09-13 23:30 DEBUG    Best Sigma0: 10. Best sigma: 1 Best gamma: 50. Best Test accuracy: 0.2997. Train acc: 0.30064. 

09-13 23:30 DEBUG    PDM_KL log: {(10, 1, 50): {'shapes': [(3072, 479), (479,), (479, 10), (10,)], 'train_accuracy': 0.30064, 'test_accuracy': 0.2997}} 
09-13 23:47 DEBUG    ****** PDM_KL matching ******** 
09-13 23:47 DEBUG    Best Sigma0: 10. Best sigma: 1 Best gamma: 50. Best Test accuracy: 0.2997. Train acc: 0.30064. 

09-13 23:47 DEBUG    PDM_KL log: {(10, 1, 50): {'shapes': [(3072, 479), (479,), (479, 10), (10,)], 'train_accuracy': 0.30064, 'test_accuracy': 0.2997}} 
09-14 00:03 DEBUG    ****** PDM_KL matching ******** 
09-14 00:03 DEBUG    Best Sigma0: 10. Best sigma: 1 Best gamma: 50. Best Test accuracy: 0.2997. Train acc: 0.30064. 

09-14 00:03 DEBUG    PDM_KL log: {(10, 1, 50): {'shapes': [(3072, 478), (478,), (478, 10), (10,)], 'train_accuracy': 0.30064, 'test_accuracy': 0.2997}} 
09-14 00:21 DEBUG    ****** PDM_KL matching ******** 
09-14 00:21 DEBUG    Best Sigma0: 10. Best sigma: 1 Best gamma: 50. Best Test accuracy: 0.2997. Train acc: 0.30064. 

09-14 00:21 DEBUG    PDM_KL log: {(10, 1, 50): {'shapes': [(3072, 471), (471,), (471, 10), (10,)], 'train_accuracy': 0.30064, 'test_accuracy': 0.2997}} 
09-14 00:37 DEBUG    ****** PDM_KL matching ******** 
09-14 00:37 DEBUG    Best Sigma0: 10. Best sigma: 1 Best gamma: 50. Best Test accuracy: 0.2999. Train acc: 0.29992. 

09-14 00:37 DEBUG    PDM_KL log: {(10, 1, 50): {'shapes': [(3072, 404), (404,), (404, 10), (10,)], 'train_accuracy': 0.29992, 'test_accuracy': 0.2999}} 
09-14 00:44 DEBUG    ****** PDM_KL matching ******** 
09-14 00:44 DEBUG    Best Sigma0: 10. Best sigma: 1 Best gamma: 50. Best Test accuracy: 0.1044. Train acc: 0.10794. 

09-14 00:44 DEBUG    PDM_KL log: {(10, 1, 50): {'shapes': [(3072, 112), (112,), (112, 10), (10,)], 'train_accuracy': 0.10794, 'test_accuracy': 0.1044}} 
09-14 00:51 DEBUG    ****** PDM_KL matching ******** 
09-14 00:51 DEBUG    Best Sigma0: 10. Best sigma: 1 Best gamma: 50. Best Test accuracy: 0.1032. Train acc: 0.10336. 

09-14 00:51 DEBUG    PDM_KL log: {(10, 1, 50): {'shapes': [(3072, 104), (104,), (104, 10), (10,)], 'train_accuracy': 0.10336, 'test_accuracy': 0.1032}} 
09-14 00:57 DEBUG    ****** PDM_KL matching ******** 
09-14 00:57 DEBUG    Best Sigma0: 10. Best sigma: 1 Best gamma: 50. Best Test accuracy: 0.1118. Train acc: 0.11402. 

09-14 00:57 DEBUG    PDM_KL log: {(10, 1, 50): {'shapes': [(3072, 104), (104,), (104, 10), (10,)], 'train_accuracy': 0.11402, 'test_accuracy': 0.1118}} 
09-14 00:57 DEBUG    Trial 4 completed
09-14 00:57 DEBUG    ####################################################################################################
09-14 00:57 DEBUG    ####################################################################################################
09-14 00:57 DEBUG    Executing Trial 5 with seed 5
09-14 00:58 DEBUG    Data statistics: {0: {0: 338, 1: 948, 2: 3904, 3: 451, 4: 312, 5: 2206, 6: 125, 7: 127, 8: 823, 9: 22}, 1: {0: 56, 1: 736, 2: 225, 3: 23, 4: 1249, 5: 2, 6: 95, 7: 3088, 8: 3603, 9: 3204}, 2: {0: 691, 1: 188, 2: 461, 3: 77, 4: 3059, 5: 284, 6: 1285, 7: 261, 8: 458, 9: 522}, 3: {0: 3853, 1: 233, 2: 409, 3: 3443, 4: 194, 5: 1865, 6: 3011}, 4: {0: 62, 1: 2895, 2: 1, 3: 1006, 4: 186, 5: 643, 6: 484, 7: 1524, 8: 116, 9: 1252}}
09-14 01:00 DEBUG    **************************************************
09-14 01:00 DEBUG    Running experiments 

09-14 01:01 DEBUG    Uniform ensemble (Train acc): 0.447440
09-14 01:01 DEBUG    Uniform ensemble (Test acc): 0.434300
09-14 01:02 DEBUG    FedAvg (Train acc): 0.122880
09-14 01:02 DEBUG    FedAvg (Test acc): 0.125400
09-14 01:11 DEBUG    ****** PDM_KL matching ******** 
09-14 01:11 DEBUG    Best Sigma0: 10. Best sigma: 1 Best gamma: 50. Best Test accuracy: 0.3025. Train acc: 0.30024. 

09-14 01:11 DEBUG    PDM_KL log: {(10, 1, 50): {'shapes': [(3072, 471), (471,), (471, 10), (10,)], 'train_accuracy': 0.30024, 'test_accuracy': 0.3025}} 
09-14 01:30 DEBUG    ****** PDM_KL matching ******** 
09-14 01:30 DEBUG    Best Sigma0: 10. Best sigma: 1 Best gamma: 50. Best Test accuracy: 0.3025. Train acc: 0.30024. 

09-14 01:30 DEBUG    PDM_KL log: {(10, 1, 50): {'shapes': [(3072, 471), (471,), (471, 10), (10,)], 'train_accuracy': 0.30024, 'test_accuracy': 0.3025}} 
09-14 01:47 DEBUG    ****** PDM_KL matching ******** 
09-14 01:47 DEBUG    Best Sigma0: 10. Best sigma: 1 Best gamma: 50. Best Test accuracy: 0.3025. Train acc: 0.30024. 

09-14 01:47 DEBUG    PDM_KL log: {(10, 1, 50): {'shapes': [(3072, 471), (471,), (471, 10), (10,)], 'train_accuracy': 0.30024, 'test_accuracy': 0.3025}} 
09-14 02:04 DEBUG    ****** PDM_KL matching ******** 
09-14 02:04 DEBUG    Best Sigma0: 10. Best sigma: 1 Best gamma: 50. Best Test accuracy: 0.3025. Train acc: 0.30024. 

09-14 02:04 DEBUG    PDM_KL log: {(10, 1, 50): {'shapes': [(3072, 469), (469,), (469, 10), (10,)], 'train_accuracy': 0.30024, 'test_accuracy': 0.3025}} 
09-14 02:21 DEBUG    ****** PDM_KL matching ******** 
09-14 02:21 DEBUG    Best Sigma0: 10. Best sigma: 1 Best gamma: 50. Best Test accuracy: 0.3025. Train acc: 0.30024. 

09-14 02:21 DEBUG    PDM_KL log: {(10, 1, 50): {'shapes': [(3072, 469), (469,), (469, 10), (10,)], 'train_accuracy': 0.30024, 'test_accuracy': 0.3025}} 
09-14 02:37 DEBUG    ****** PDM_KL matching ******** 
09-14 02:37 DEBUG    Best Sigma0: 10. Best sigma: 1 Best gamma: 50. Best Test accuracy: 0.3025. Train acc: 0.30024. 

09-14 02:37 DEBUG    PDM_KL log: {(10, 1, 50): {'shapes': [(3072, 468), (468,), (468, 10), (10,)], 'train_accuracy': 0.30024, 'test_accuracy': 0.3025}} 
09-14 02:52 DEBUG    ****** PDM_KL matching ******** 
09-14 02:52 DEBUG    Best Sigma0: 10. Best sigma: 1 Best gamma: 50. Best Test accuracy: 0.3025. Train acc: 0.30024. 

09-14 02:52 DEBUG    PDM_KL log: {(10, 1, 50): {'shapes': [(3072, 458), (458,), (458, 10), (10,)], 'train_accuracy': 0.30024, 'test_accuracy': 0.3025}} 
09-14 03:06 DEBUG    ****** PDM_KL matching ******** 
09-14 03:06 DEBUG    Best Sigma0: 10. Best sigma: 1 Best gamma: 50. Best Test accuracy: 0.3025. Train acc: 0.30024. 

09-14 03:06 DEBUG    PDM_KL log: {(10, 1, 50): {'shapes': [(3072, 408), (408,), (408, 10), (10,)], 'train_accuracy': 0.30024, 'test_accuracy': 0.3025}} 
09-14 03:12 DEBUG    ****** PDM_KL matching ******** 
09-14 03:12 DEBUG    Best Sigma0: 10. Best sigma: 1 Best gamma: 50. Best Test accuracy: 0.0869. Train acc: 0.08704. 

09-14 03:12 DEBUG    PDM_KL log: {(10, 1, 50): {'shapes': [(3072, 116), (116,), (116, 10), (10,)], 'train_accuracy': 0.08704, 'test_accuracy': 0.0869}} 
09-14 03:17 DEBUG    ****** PDM_KL matching ******** 
09-14 03:17 DEBUG    Best Sigma0: 10. Best sigma: 1 Best gamma: 50. Best Test accuracy: 0.0847. Train acc: 0.08254. 

09-14 03:17 DEBUG    PDM_KL log: {(10, 1, 50): {'shapes': [(3072, 106), (106,), (106, 10), (10,)], 'train_accuracy': 0.08254, 'test_accuracy': 0.0847}} 
09-14 03:23 DEBUG    ****** PDM_KL matching ******** 
09-14 03:23 DEBUG    Best Sigma0: 10. Best sigma: 1 Best gamma: 50. Best Test accuracy: 0.0824. Train acc: 0.0817. 

09-14 03:23 DEBUG    PDM_KL log: {(10, 1, 50): {'shapes': [(3072, 102), (102,), (102, 10), (10,)], 'train_accuracy': 0.0817, 'test_accuracy': 0.0824}} 
09-14 03:23 DEBUG    Trial 5 completed
09-14 03:23 DEBUG    ####################################################################################################
09-14 03:23 DEBUG    ####################################################################################################
09-14 03:23 DEBUG    Executing Trial 6 with seed 6
09-14 03:24 DEBUG    Data statistics: {0: {0: 398, 1: 25, 2: 969, 3: 2885, 4: 184, 5: 1461, 6: 2357, 7: 856, 8: 1980}, 1: {0: 3632, 1: 64, 2: 807, 3: 985, 4: 878, 5: 1210, 6: 841, 7: 136, 8: 1452}, 2: {0: 709, 1: 3599, 2: 297, 3: 404, 4: 452, 5: 970, 6: 845, 7: 240, 8: 35, 9: 45}, 3: {0: 260, 1: 818, 2: 962, 3: 6, 4: 190, 5: 797, 6: 745, 7: 2114, 8: 1098, 9: 4565}, 4: {0: 1, 1: 494, 2: 1965, 3: 720, 4: 3296, 5: 562, 6: 212, 7: 1654, 8: 435, 9: 390}}
09-14 03:26 DEBUG    **************************************************
09-14 03:26 DEBUG    Running experiments 

09-14 03:27 DEBUG    Uniform ensemble (Train acc): 0.417720
09-14 03:27 DEBUG    Uniform ensemble (Test acc): 0.405400
09-14 03:28 DEBUG    FedAvg (Train acc): 0.103000
09-14 03:28 DEBUG    FedAvg (Test acc): 0.102800
09-14 03:36 DEBUG    ****** PDM_KL matching ******** 
09-14 03:36 DEBUG    Best Sigma0: 10. Best sigma: 1 Best gamma: 50. Best Test accuracy: 0.3414. Train acc: 0.35362. 

09-14 03:36 DEBUG    PDM_KL log: {(10, 1, 50): {'shapes': [(3072, 476), (476,), (476, 10), (10,)], 'train_accuracy': 0.35362, 'test_accuracy': 0.3414}} 
09-14 03:54 DEBUG    ****** PDM_KL matching ******** 
09-14 03:54 DEBUG    Best Sigma0: 10. Best sigma: 1 Best gamma: 50. Best Test accuracy: 0.3414. Train acc: 0.35362. 

09-14 03:54 DEBUG    PDM_KL log: {(10, 1, 50): {'shapes': [(3072, 476), (476,), (476, 10), (10,)], 'train_accuracy': 0.35362, 'test_accuracy': 0.3414}} 
09-14 04:11 DEBUG    ****** PDM_KL matching ******** 
09-14 04:11 DEBUG    Best Sigma0: 10. Best sigma: 1 Best gamma: 50. Best Test accuracy: 0.3414. Train acc: 0.35362. 

09-14 04:11 DEBUG    PDM_KL log: {(10, 1, 50): {'shapes': [(3072, 476), (476,), (476, 10), (10,)], 'train_accuracy': 0.35362, 'test_accuracy': 0.3414}} 
09-14 04:28 DEBUG    ****** PDM_KL matching ******** 
09-14 04:28 DEBUG    Best Sigma0: 10. Best sigma: 1 Best gamma: 50. Best Test accuracy: 0.3414. Train acc: 0.35362. 

09-14 04:28 DEBUG    PDM_KL log: {(10, 1, 50): {'shapes': [(3072, 476), (476,), (476, 10), (10,)], 'train_accuracy': 0.35362, 'test_accuracy': 0.3414}} 
09-14 04:46 DEBUG    ****** PDM_KL matching ******** 
09-14 04:46 DEBUG    Best Sigma0: 10. Best sigma: 1 Best gamma: 50. Best Test accuracy: 0.3414. Train acc: 0.35362. 

09-14 04:46 DEBUG    PDM_KL log: {(10, 1, 50): {'shapes': [(3072, 476), (476,), (476, 10), (10,)], 'train_accuracy': 0.35362, 'test_accuracy': 0.3414}} 
09-14 05:05 DEBUG    ****** PDM_KL matching ******** 
09-14 05:05 DEBUG    Best Sigma0: 10. Best sigma: 1 Best gamma: 50. Best Test accuracy: 0.3414. Train acc: 0.35362. 

09-14 05:05 DEBUG    PDM_KL log: {(10, 1, 50): {'shapes': [(3072, 476), (476,), (476, 10), (10,)], 'train_accuracy': 0.35362, 'test_accuracy': 0.3414}} 
09-14 05:22 DEBUG    ****** PDM_KL matching ******** 
09-14 05:22 DEBUG    Best Sigma0: 10. Best sigma: 1 Best gamma: 50. Best Test accuracy: 0.3414. Train acc: 0.35362. 

09-14 05:22 DEBUG    PDM_KL log: {(10, 1, 50): {'shapes': [(3072, 463), (463,), (463, 10), (10,)], 'train_accuracy': 0.35362, 'test_accuracy': 0.3414}} 
09-14 05:38 DEBUG    ****** PDM_KL matching ******** 
09-14 05:38 DEBUG    Best Sigma0: 10. Best sigma: 1 Best gamma: 50. Best Test accuracy: 0.3416. Train acc: 0.3535. 

09-14 05:38 DEBUG    PDM_KL log: {(10, 1, 50): {'shapes': [(3072, 404), (404,), (404, 10), (10,)], 'train_accuracy': 0.3535, 'test_accuracy': 0.3416}} 
09-14 05:45 DEBUG    ****** PDM_KL matching ******** 
09-14 05:45 DEBUG    Best Sigma0: 10. Best sigma: 1 Best gamma: 50. Best Test accuracy: 0.092. Train acc: 0.09106. 

09-14 05:45 DEBUG    PDM_KL log: {(10, 1, 50): {'shapes': [(3072, 116), (116,), (116, 10), (10,)], 'train_accuracy': 0.09106, 'test_accuracy': 0.092}} 
09-14 05:52 DEBUG    ****** PDM_KL matching ******** 
09-14 05:52 DEBUG    Best Sigma0: 10. Best sigma: 1 Best gamma: 50. Best Test accuracy: 0.102. Train acc: 0.10134. 

09-14 05:52 DEBUG    PDM_KL log: {(10, 1, 50): {'shapes': [(3072, 107), (107,), (107, 10), (10,)], 'train_accuracy': 0.10134, 'test_accuracy': 0.102}} 
09-14 05:58 DEBUG    ****** PDM_KL matching ******** 
09-14 05:58 DEBUG    Best Sigma0: 10. Best sigma: 1 Best gamma: 50. Best Test accuracy: 0.1005. Train acc: 0.1009. 

09-14 05:58 DEBUG    PDM_KL log: {(10, 1, 50): {'shapes': [(3072, 104), (104,), (104, 10), (10,)], 'train_accuracy': 0.1009, 'test_accuracy': 0.1005}} 
09-14 05:58 DEBUG    Trial 6 completed
09-14 05:58 DEBUG    ####################################################################################################
09-14 05:58 DEBUG    ####################################################################################################
09-14 05:58 DEBUG    Executing Trial 7 with seed 7
09-14 05:58 DEBUG    Data statistics: {0: {0: 678, 1: 1117, 2: 44, 3: 22, 4: 101, 5: 1310, 6: 12, 7: 570, 8: 2806, 9: 1440}, 1: {0: 2104, 1: 2814, 2: 800, 3: 43, 4: 2574, 5: 1137, 6: 180, 7: 1874}, 2: {0: 194, 1: 31, 2: 148, 3: 2896, 4: 1657, 5: 140, 6: 3915, 7: 38, 8: 1746}, 3: {0: 1723, 1: 27, 2: 3630, 3: 34, 4: 592, 5: 414, 6: 5, 7: 126, 8: 148, 9: 1719}, 4: {0: 301, 1: 1011, 2: 378, 3: 2005, 4: 76, 5: 1999, 6: 888, 7: 2392, 8: 300, 9: 1841}}
09-14 06:00 DEBUG    **************************************************
09-14 06:00 DEBUG    Running experiments 

09-14 06:01 DEBUG    Uniform ensemble (Train acc): 0.427560
09-14 06:01 DEBUG    Uniform ensemble (Test acc): 0.412300
09-14 06:02 DEBUG    FedAvg (Train acc): 0.122120
09-14 06:02 DEBUG    FedAvg (Test acc): 0.119600
09-14 06:11 DEBUG    ****** PDM_KL matching ******** 
09-14 06:11 DEBUG    Best Sigma0: 10. Best sigma: 1 Best gamma: 50. Best Test accuracy: 0.294. Train acc: 0.3018. 

09-14 06:11 DEBUG    PDM_KL log: {(10, 1, 50): {'shapes': [(3072, 470), (470,), (470, 10), (10,)], 'train_accuracy': 0.3018, 'test_accuracy': 0.294}} 
09-14 06:28 DEBUG    ****** PDM_KL matching ******** 
09-14 06:28 DEBUG    Best Sigma0: 10. Best sigma: 1 Best gamma: 50. Best Test accuracy: 0.294. Train acc: 0.3018. 

09-14 06:28 DEBUG    PDM_KL log: {(10, 1, 50): {'shapes': [(3072, 470), (470,), (470, 10), (10,)], 'train_accuracy': 0.3018, 'test_accuracy': 0.294}} 
09-14 06:45 DEBUG    ****** PDM_KL matching ******** 
09-14 06:45 DEBUG    Best Sigma0: 10. Best sigma: 1 Best gamma: 50. Best Test accuracy: 0.294. Train acc: 0.3018. 

09-14 06:45 DEBUG    PDM_KL log: {(10, 1, 50): {'shapes': [(3072, 470), (470,), (470, 10), (10,)], 'train_accuracy': 0.3018, 'test_accuracy': 0.294}} 
09-14 07:02 DEBUG    ****** PDM_KL matching ******** 
09-14 07:02 DEBUG    Best Sigma0: 10. Best sigma: 1 Best gamma: 50. Best Test accuracy: 0.294. Train acc: 0.3018. 

09-14 07:02 DEBUG    PDM_KL log: {(10, 1, 50): {'shapes': [(3072, 470), (470,), (470, 10), (10,)], 'train_accuracy': 0.3018, 'test_accuracy': 0.294}} 
09-14 07:20 DEBUG    ****** PDM_KL matching ******** 
09-14 07:20 DEBUG    Best Sigma0: 10. Best sigma: 1 Best gamma: 50. Best Test accuracy: 0.294. Train acc: 0.3018. 

09-14 07:20 DEBUG    PDM_KL log: {(10, 1, 50): {'shapes': [(3072, 468), (468,), (468, 10), (10,)], 'train_accuracy': 0.3018, 'test_accuracy': 0.294}} 
09-14 07:35 DEBUG    ****** PDM_KL matching ******** 
09-14 07:35 DEBUG    Best Sigma0: 10. Best sigma: 1 Best gamma: 50. Best Test accuracy: 0.294. Train acc: 0.3018. 

09-14 07:35 DEBUG    PDM_KL log: {(10, 1, 50): {'shapes': [(3072, 468), (468,), (468, 10), (10,)], 'train_accuracy': 0.3018, 'test_accuracy': 0.294}} 
09-14 07:52 DEBUG    ****** PDM_KL matching ******** 
09-14 07:52 DEBUG    Best Sigma0: 10. Best sigma: 1 Best gamma: 50. Best Test accuracy: 0.294. Train acc: 0.3018. 

09-14 07:52 DEBUG    PDM_KL log: {(10, 1, 50): {'shapes': [(3072, 464), (464,), (464, 10), (10,)], 'train_accuracy': 0.3018, 'test_accuracy': 0.294}} 
09-14 08:07 DEBUG    ****** PDM_KL matching ******** 
09-14 08:07 DEBUG    Best Sigma0: 10. Best sigma: 1 Best gamma: 50. Best Test accuracy: 0.294. Train acc: 0.30176. 

09-14 08:07 DEBUG    PDM_KL log: {(10, 1, 50): {'shapes': [(3072, 404), (404,), (404, 10), (10,)], 'train_accuracy': 0.30176, 'test_accuracy': 0.294}} 
09-14 08:14 DEBUG    ****** PDM_KL matching ******** 
09-14 08:14 DEBUG    Best Sigma0: 10. Best sigma: 1 Best gamma: 50. Best Test accuracy: 0.0982. Train acc: 0.09918. 

09-14 08:14 DEBUG    PDM_KL log: {(10, 1, 50): {'shapes': [(3072, 120), (120,), (120, 10), (10,)], 'train_accuracy': 0.09918, 'test_accuracy': 0.0982}} 
09-14 08:20 DEBUG    ****** PDM_KL matching ******** 
09-14 08:20 DEBUG    Best Sigma0: 10. Best sigma: 1 Best gamma: 50. Best Test accuracy: 0.1067. Train acc: 0.1086. 

09-14 08:20 DEBUG    PDM_KL log: {(10, 1, 50): {'shapes': [(3072, 112), (112,), (112, 10), (10,)], 'train_accuracy': 0.1086, 'test_accuracy': 0.1067}} 
09-14 08:27 DEBUG    ****** PDM_KL matching ******** 
09-14 08:27 DEBUG    Best Sigma0: 10. Best sigma: 1 Best gamma: 50. Best Test accuracy: 0.0997. Train acc: 0.10036. 

09-14 08:27 DEBUG    PDM_KL log: {(10, 1, 50): {'shapes': [(3072, 108), (108,), (108, 10), (10,)], 'train_accuracy': 0.10036, 'test_accuracy': 0.0997}} 
09-14 08:27 DEBUG    Trial 7 completed
09-14 08:27 DEBUG    ####################################################################################################
09-14 08:27 DEBUG    ####################################################################################################
09-14 08:27 DEBUG    Executing Trial 8 with seed 8
09-14 08:27 DEBUG    Data statistics: {0: {0: 2617, 1: 82, 2: 170, 4: 58, 5: 19, 6: 1644, 7: 1237, 8: 1455, 9: 4633}, 1: {0: 49, 1: 52, 2: 4119, 3: 158, 4: 2864, 5: 4340}, 2: {0: 2089, 1: 492, 2: 701, 3: 752, 4: 203, 5: 17, 6: 111, 7: 3697, 8: 1218, 9: 360}, 3: {0: 139, 1: 1403, 2: 9, 3: 3706, 4: 1833, 5: 13, 6: 3224}, 4: {0: 106, 1: 2971, 2: 1, 3: 384, 4: 42, 5: 611, 6: 21, 7: 66, 8: 2327, 9: 7}}
09-14 08:29 DEBUG    **************************************************
09-14 08:29 DEBUG    Running experiments 

09-14 08:30 DEBUG    Uniform ensemble (Train acc): 0.417140
09-14 08:30 DEBUG    Uniform ensemble (Test acc): 0.399200
09-14 08:31 DEBUG    FedAvg (Train acc): 0.145600
09-14 08:31 DEBUG    FedAvg (Test acc): 0.146000
09-14 08:40 DEBUG    ****** PDM_KL matching ******** 
09-14 08:40 DEBUG    Best Sigma0: 10. Best sigma: 1 Best gamma: 50. Best Test accuracy: 0.2727. Train acc: 0.27468. 

09-14 08:40 DEBUG    PDM_KL log: {(10, 1, 50): {'shapes': [(3072, 476), (476,), (476, 10), (10,)], 'train_accuracy': 0.27468, 'test_accuracy': 0.2727}} 
09-14 08:58 DEBUG    ****** PDM_KL matching ******** 
09-14 08:58 DEBUG    Best Sigma0: 10. Best sigma: 1 Best gamma: 50. Best Test accuracy: 0.2727. Train acc: 0.27468. 

09-14 08:58 DEBUG    PDM_KL log: {(10, 1, 50): {'shapes': [(3072, 476), (476,), (476, 10), (10,)], 'train_accuracy': 0.27468, 'test_accuracy': 0.2727}} 
09-14 09:16 DEBUG    ****** PDM_KL matching ******** 
09-14 09:16 DEBUG    Best Sigma0: 10. Best sigma: 1 Best gamma: 50. Best Test accuracy: 0.2727. Train acc: 0.27468. 

09-14 09:16 DEBUG    PDM_KL log: {(10, 1, 50): {'shapes': [(3072, 476), (476,), (476, 10), (10,)], 'train_accuracy': 0.27468, 'test_accuracy': 0.2727}} 
09-14 09:32 DEBUG    ****** PDM_KL matching ******** 
09-14 09:32 DEBUG    Best Sigma0: 10. Best sigma: 1 Best gamma: 50. Best Test accuracy: 0.2727. Train acc: 0.27468. 

09-14 09:32 DEBUG    PDM_KL log: {(10, 1, 50): {'shapes': [(3072, 476), (476,), (476, 10), (10,)], 'train_accuracy': 0.27468, 'test_accuracy': 0.2727}} 
09-14 09:47 DEBUG    ****** PDM_KL matching ******** 
09-14 09:47 DEBUG    Best Sigma0: 10. Best sigma: 1 Best gamma: 50. Best Test accuracy: 0.2727. Train acc: 0.27468. 

09-14 09:47 DEBUG    PDM_KL log: {(10, 1, 50): {'shapes': [(3072, 476), (476,), (476, 10), (10,)], 'train_accuracy': 0.27468, 'test_accuracy': 0.2727}} 
09-14 10:02 DEBUG    ****** PDM_KL matching ******** 
09-14 10:02 DEBUG    Best Sigma0: 10. Best sigma: 1 Best gamma: 50. Best Test accuracy: 0.2727. Train acc: 0.27468. 

09-14 10:02 DEBUG    PDM_KL log: {(10, 1, 50): {'shapes': [(3072, 475), (475,), (475, 10), (10,)], 'train_accuracy': 0.27468, 'test_accuracy': 0.2727}} 
09-14 10:17 DEBUG    ****** PDM_KL matching ******** 
09-14 10:17 DEBUG    Best Sigma0: 10. Best sigma: 1 Best gamma: 50. Best Test accuracy: 0.2727. Train acc: 0.27468. 

09-14 10:17 DEBUG    PDM_KL log: {(10, 1, 50): {'shapes': [(3072, 464), (464,), (464, 10), (10,)], 'train_accuracy': 0.27468, 'test_accuracy': 0.2727}} 
09-14 10:32 DEBUG    ****** PDM_KL matching ******** 
09-14 10:32 DEBUG    Best Sigma0: 10. Best sigma: 1 Best gamma: 50. Best Test accuracy: 0.2735. Train acc: 0.27628. 

09-14 10:32 DEBUG    PDM_KL log: {(10, 1, 50): {'shapes': [(3072, 400), (400,), (400, 10), (10,)], 'train_accuracy': 0.27628, 'test_accuracy': 0.2735}} 
09-14 10:38 DEBUG    ****** PDM_KL matching ******** 
09-14 10:38 DEBUG    Best Sigma0: 10. Best sigma: 1 Best gamma: 50. Best Test accuracy: 0.0962. Train acc: 0.09658. 

09-14 10:38 DEBUG    PDM_KL log: {(10, 1, 50): {'shapes': [(3072, 112), (112,), (112, 10), (10,)], 'train_accuracy': 0.09658, 'test_accuracy': 0.0962}} 
09-14 10:45 DEBUG    ****** PDM_KL matching ******** 
09-14 10:45 DEBUG    Best Sigma0: 10. Best sigma: 1 Best gamma: 50. Best Test accuracy: 0.0971. Train acc: 0.09806. 

09-14 10:45 DEBUG    PDM_KL log: {(10, 1, 50): {'shapes': [(3072, 104), (104,), (104, 10), (10,)], 'train_accuracy': 0.09806, 'test_accuracy': 0.0971}} 
09-14 10:51 DEBUG    ****** PDM_KL matching ******** 
09-14 10:51 DEBUG    Best Sigma0: 10. Best sigma: 1 Best gamma: 50. Best Test accuracy: 0.1128. Train acc: 0.10896. 

09-14 10:51 DEBUG    PDM_KL log: {(10, 1, 50): {'shapes': [(3072, 104), (104,), (104, 10), (10,)], 'train_accuracy': 0.10896, 'test_accuracy': 0.1128}} 
09-14 10:51 DEBUG    Trial 8 completed
09-14 10:51 DEBUG    ####################################################################################################
09-14 10:51 DEBUG    ####################################################################################################
09-14 10:51 DEBUG    Executing Trial 9 with seed 9
09-14 10:51 DEBUG    Data statistics: {0: {0: 1426, 1: 98, 2: 2982, 3: 52, 4: 3654, 5: 1240, 6: 4553}, 1: {0: 348, 1: 2213, 2: 104, 3: 1151, 4: 467, 5: 33, 6: 184, 7: 687, 8: 3878, 9: 2788}, 2: {0: 458, 1: 4, 2: 587, 3: 3298, 4: 857, 5: 795, 6: 12, 7: 778, 8: 429, 9: 166}, 3: {0: 1582, 1: 222, 2: 1153, 3: 6, 4: 2, 5: 1843, 6: 110, 7: 1355, 8: 468, 9: 306}, 4: {0: 1186, 1: 2463, 2: 174, 3: 493, 4: 20, 5: 1089, 6: 141, 7: 2180, 8: 225, 9: 1740}}
09-14 10:53 DEBUG    **************************************************
09-14 10:53 DEBUG    Running experiments 

09-14 10:54 DEBUG    Uniform ensemble (Train acc): 0.400360
09-14 10:54 DEBUG    Uniform ensemble (Test acc): 0.390000
09-14 10:55 DEBUG    FedAvg (Train acc): 0.166200
09-14 10:55 DEBUG    FedAvg (Test acc): 0.168200
09-14 11:04 DEBUG    ****** PDM_KL matching ******** 
09-14 11:04 DEBUG    Best Sigma0: 10. Best sigma: 1 Best gamma: 50. Best Test accuracy: 0.2632. Train acc: 0.26768. 

09-14 11:04 DEBUG    PDM_KL log: {(10, 1, 50): {'shapes': [(3072, 476), (476,), (476, 10), (10,)], 'train_accuracy': 0.26768, 'test_accuracy': 0.2632}} 
09-14 11:22 DEBUG    ****** PDM_KL matching ******** 
09-14 11:22 DEBUG    Best Sigma0: 10. Best sigma: 1 Best gamma: 50. Best Test accuracy: 0.2632. Train acc: 0.26768. 

09-14 11:22 DEBUG    PDM_KL log: {(10, 1, 50): {'shapes': [(3072, 476), (476,), (476, 10), (10,)], 'train_accuracy': 0.26768, 'test_accuracy': 0.2632}} 
09-14 11:37 DEBUG    ****** PDM_KL matching ******** 
09-14 11:37 DEBUG    Best Sigma0: 10. Best sigma: 1 Best gamma: 50. Best Test accuracy: 0.2632. Train acc: 0.26768. 

09-14 11:37 DEBUG    PDM_KL log: {(10, 1, 50): {'shapes': [(3072, 476), (476,), (476, 10), (10,)], 'train_accuracy': 0.26768, 'test_accuracy': 0.2632}} 
09-14 11:54 DEBUG    ****** PDM_KL matching ******** 
09-14 11:54 DEBUG    Best Sigma0: 10. Best sigma: 1 Best gamma: 50. Best Test accuracy: 0.2632. Train acc: 0.26768. 

09-14 11:54 DEBUG    PDM_KL log: {(10, 1, 50): {'shapes': [(3072, 476), (476,), (476, 10), (10,)], 'train_accuracy': 0.26768, 'test_accuracy': 0.2632}} 
09-14 12:11 DEBUG    ****** PDM_KL matching ******** 
09-14 12:11 DEBUG    Best Sigma0: 10. Best sigma: 1 Best gamma: 50. Best Test accuracy: 0.2632. Train acc: 0.26768. 

09-14 12:11 DEBUG    PDM_KL log: {(10, 1, 50): {'shapes': [(3072, 474), (474,), (474, 10), (10,)], 'train_accuracy': 0.26768, 'test_accuracy': 0.2632}} 
09-14 12:29 DEBUG    ****** PDM_KL matching ******** 
09-14 12:29 DEBUG    Best Sigma0: 10. Best sigma: 1 Best gamma: 50. Best Test accuracy: 0.2632. Train acc: 0.26768. 

09-14 12:29 DEBUG    PDM_KL log: {(10, 1, 50): {'shapes': [(3072, 474), (474,), (474, 10), (10,)], 'train_accuracy': 0.26768, 'test_accuracy': 0.2632}} 
09-14 12:46 DEBUG    ****** PDM_KL matching ******** 
09-14 12:46 DEBUG    Best Sigma0: 10. Best sigma: 1 Best gamma: 50. Best Test accuracy: 0.2632. Train acc: 0.26768. 

09-14 12:46 DEBUG    PDM_KL log: {(10, 1, 50): {'shapes': [(3072, 464), (464,), (464, 10), (10,)], 'train_accuracy': 0.26768, 'test_accuracy': 0.2632}} 
09-14 13:01 DEBUG    ****** PDM_KL matching ******** 
09-14 13:01 DEBUG    Best Sigma0: 10. Best sigma: 1 Best gamma: 50. Best Test accuracy: 0.2632. Train acc: 0.26764. 

09-14 13:01 DEBUG    PDM_KL log: {(10, 1, 50): {'shapes': [(3072, 404), (404,), (404, 10), (10,)], 'train_accuracy': 0.26764, 'test_accuracy': 0.2632}} 
09-14 13:08 DEBUG    ****** PDM_KL matching ******** 
09-14 13:08 DEBUG    Best Sigma0: 10. Best sigma: 1 Best gamma: 50. Best Test accuracy: 0.1081. Train acc: 0.10838. 

09-14 13:08 DEBUG    PDM_KL log: {(10, 1, 50): {'shapes': [(3072, 116), (116,), (116, 10), (10,)], 'train_accuracy': 0.10838, 'test_accuracy': 0.1081}} 
09-14 13:15 DEBUG    ****** PDM_KL matching ******** 
09-14 13:15 DEBUG    Best Sigma0: 10. Best sigma: 1 Best gamma: 50. Best Test accuracy: 0.1045. Train acc: 0.10512. 

09-14 13:15 DEBUG    PDM_KL log: {(10, 1, 50): {'shapes': [(3072, 106), (106,), (106, 10), (10,)], 'train_accuracy': 0.10512, 'test_accuracy': 0.1045}} 
09-14 13:21 DEBUG    ****** PDM_KL matching ******** 
09-14 13:21 DEBUG    Best Sigma0: 10. Best sigma: 1 Best gamma: 50. Best Test accuracy: 0.1035. Train acc: 0.10316. 

09-14 13:21 DEBUG    PDM_KL log: {(10, 1, 50): {'shapes': [(3072, 103), (103,), (103, 10), (10,)], 'train_accuracy': 0.10316, 'test_accuracy': 0.1035}} 
09-14 13:21 DEBUG    Trial 9 completed
09-14 13:21 DEBUG    ####################################################################################################
