09-12 06:27 DEBUG    Experiment arguments: Namespace(alpha=0.5, communication_rounds=None, datadir='data/cifar10', dataset='cifar10', device=1.0, dropout_p=0.0, epochs=10, experiment=['all'], init_seed=0, iter_epochs=5, layers=0, loaddir='saved_weights/cifar10/homo', logdir='KL_regs/cifar10/homo', lr=0.01, lr_decay=1.0, n=30, n_layers=1, n_nets=25, net_config=[3072, 100, 10], num_pool_workers=7, partition='homo', pdm_gamma=1.0, pdm_sig=1.0, pdm_sig0=1.0, reg=1e-06, reg_fac=0.0, trials=1)
09-12 06:27 DEBUG    ####################################################################################################
09-12 06:27 DEBUG    Executing Trial 0 with seed 0
09-12 06:27 DEBUG    Data statistics: {0: {0: 213, 1: 201, 2: 194, 3: 230, 4: 173, 5: 223, 6: 199, 7: 188, 8: 190, 9: 189}, 1: {0: 186, 1: 199, 2: 189, 3: 201, 4: 203, 5: 223, 6: 192, 7: 208, 8: 189, 9: 210}, 2: {0: 226, 1: 187, 2: 195, 3: 199, 4: 191, 5: 195, 6: 194, 7: 209, 8: 204, 9: 200}, 3: {0: 213, 1: 193, 2: 233, 3: 214, 4: 201, 5: 178, 6: 180, 7: 194, 8: 193, 9: 201}, 4: {0: 166, 1: 206, 2: 205, 3: 186, 4: 199, 5: 197, 6: 188, 7: 200, 8: 213, 9: 240}, 5: {0: 202, 1: 205, 2: 192, 3: 188, 4: 212, 5: 200, 6: 197, 7: 215, 8: 199, 9: 190}, 6: {0: 211, 1: 233, 2: 211, 3: 188, 4: 185, 5: 194, 6: 197, 7: 197, 8: 186, 9: 198}, 7: {0: 179, 1: 195, 2: 189, 3: 191, 4: 214, 5: 183, 6: 225, 7: 203, 8: 217, 9: 204}, 8: {0: 191, 1: 187, 2: 191, 3: 208, 4: 238, 5: 187, 6: 188, 7: 197, 8: 205, 9: 208}, 9: {0: 214, 1: 207, 2: 208, 3: 184, 4: 190, 5: 201, 6: 195, 7: 190, 8: 180, 9: 231}, 10: {0: 194, 1: 198, 2: 197, 3: 216, 4: 199, 5: 205, 6: 192, 7: 180, 8: 202, 9: 217}, 11: {0: 209, 1: 194, 2: 200, 3: 178, 4: 175, 5: 209, 6: 247, 7: 201, 8: 187, 9: 200}, 12: {0: 198, 1: 197, 2: 194, 3: 188, 4: 201, 5: 201, 6: 207, 7: 193, 8: 202, 9: 219}, 13: {0: 220, 1: 194, 2: 185, 3: 212, 4: 201, 5: 198, 6: 193, 7: 213, 8: 185, 9: 199}, 14: {0: 188, 1: 177, 2: 223, 3: 188, 4: 234, 5: 205, 6: 219, 7: 192, 8: 204, 9: 170}, 15: {0: 202, 1: 212, 2: 216, 3: 187, 4: 192, 5: 179, 6: 194, 7: 241, 8: 184, 9: 193}, 16: {0: 213, 1: 201, 2: 201, 3: 201, 4: 182, 5: 179, 6: 198, 7: 203, 8: 224, 9: 198}, 17: {0: 204, 1: 191, 2: 199, 3: 211, 4: 209, 5: 210, 6: 202, 7: 193, 8: 184, 9: 197}, 18: {0: 182, 1: 204, 2: 188, 3: 214, 4: 201, 5: 198, 6: 222, 7: 189, 8: 203, 9: 199}, 19: {0: 183, 1: 222, 2: 171, 3: 224, 4: 206, 5: 214, 6: 192, 7: 208, 8: 190, 9: 190}, 20: {0: 182, 1: 189, 2: 202, 3: 200, 4: 204, 5: 219, 6: 190, 7: 182, 8: 225, 9: 207}, 21: {0: 195, 1: 197, 2: 190, 3: 189, 4: 201, 5: 192, 6: 218, 7: 228, 8: 204, 9: 186}, 22: {0: 232, 1: 211, 2: 194, 3: 209, 4: 184, 5: 216, 6: 204, 7: 198, 8: 185, 9: 167}, 23: {0: 199, 1: 204, 2: 205, 3: 200, 4: 209, 5: 190, 6: 186, 7: 187, 8: 223, 9: 197}, 24: {0: 198, 1: 196, 2: 228, 3: 194, 4: 196, 5: 204, 6: 181, 7: 191, 8: 222, 9: 190}}
09-12 06:30 DEBUG    **************************************************
09-12 06:30 DEBUG    Running experiments 

09-12 06:31 DEBUG    Uniform ensemble (Train acc): 0.393440
09-12 06:31 DEBUG    Uniform ensemble (Test acc): 0.394700
09-12 06:31 DEBUG    FedAvg (Train acc): 0.100000
09-12 06:31 DEBUG    FedAvg (Test acc): 0.100000
09-12 07:08 DEBUG    ****** PDM_KL matching ******** 
09-12 07:08 DEBUG    Best Sigma0: 0.5. Best sigma: 1 Best gamma: 10. Best Test accuracy: 0.3428. Train acc: 0.3471. 

09-12 07:08 DEBUG    PDM_KL log: {(0.5, 1, 10): {'shapes': [(3072, 830), (830,), (830, 10), (10,)], 'train_accuracy': 0.3471, 'test_accuracy': 0.3428}} 
09-12 08:22 DEBUG    ****** PDM_KL matching ******** 
09-12 08:22 DEBUG    Best Sigma0: 0.5. Best sigma: 1 Best gamma: 10. Best Test accuracy: 0.3209. Train acc: 0.32794. 

09-12 08:22 DEBUG    PDM_KL log: {(0.5, 1, 10): {'shapes': [(3072, 830), (830,), (830, 10), (10,)], 'train_accuracy': 0.32794, 'test_accuracy': 0.3209}} 
09-12 09:19 DEBUG    ****** PDM_KL matching ******** 
09-12 09:19 DEBUG    Best Sigma0: 0.5. Best sigma: 1 Best gamma: 10. Best Test accuracy: 0.3376. Train acc: 0.34068. 

09-12 09:19 DEBUG    PDM_KL log: {(0.5, 1, 10): {'shapes': [(3072, 830), (830,), (830, 10), (10,)], 'train_accuracy': 0.34068, 'test_accuracy': 0.3376}} 
09-12 10:07 DEBUG    ****** PDM_KL matching ******** 
09-12 10:07 DEBUG    Best Sigma0: 0.5. Best sigma: 1 Best gamma: 10. Best Test accuracy: 0.3375. Train acc: 0.33942. 

09-12 10:07 DEBUG    PDM_KL log: {(0.5, 1, 10): {'shapes': [(3072, 830), (830,), (830, 10), (10,)], 'train_accuracy': 0.33942, 'test_accuracy': 0.3375}} 
09-12 10:50 DEBUG    ****** PDM_KL matching ******** 
09-12 10:50 DEBUG    Best Sigma0: 0.5. Best sigma: 1 Best gamma: 10. Best Test accuracy: 0.3506. Train acc: 0.35028. 

09-12 10:50 DEBUG    PDM_KL log: {(0.5, 1, 10): {'shapes': [(3072, 830), (830,), (830, 10), (10,)], 'train_accuracy': 0.35028, 'test_accuracy': 0.3506}} 
09-12 11:25 DEBUG    ****** PDM_KL matching ******** 
09-12 11:25 DEBUG    Best Sigma0: 0.5. Best sigma: 1 Best gamma: 10. Best Test accuracy: 0.3352. Train acc: 0.3316. 

09-12 11:25 DEBUG    PDM_KL log: {(0.5, 1, 10): {'shapes': [(3072, 830), (830,), (830, 10), (10,)], 'train_accuracy': 0.3316, 'test_accuracy': 0.3352}} 
09-12 11:57 DEBUG    ****** PDM_KL matching ******** 
09-12 11:57 DEBUG    Best Sigma0: 0.5. Best sigma: 1 Best gamma: 10. Best Test accuracy: 0.3594. Train acc: 0.36372. 

09-12 11:57 DEBUG    PDM_KL log: {(0.5, 1, 10): {'shapes': [(3072, 830), (830,), (830, 10), (10,)], 'train_accuracy': 0.36372, 'test_accuracy': 0.3594}} 
