09-13 12:00 DEBUG    Experiment arguments: Namespace(alpha=0.5, communication_rounds=None, datadir='data/mnist', dataset='mnist', device=1.0, dropout_p=0.0, epochs=10, experiment=['all'], init_seed=0, iter_epochs=5, layers=0, loaddir='saved_weights/mnist/hetero-dir', logdir='KL_regs_bst_hyp/mnist/hetero-dir', lr=0.01, lr_decay=1.0, n=30, n_layers=1, n_nets=15, net_config=[784, 100, 10], num_pool_workers=7, partition='hetero-dir', pdm_gamma=1, pdm_sig=0.9, pdm_sig0=3, reg=1e-06, reg_fac=0.0, trials=10)
09-13 12:00 DEBUG    ####################################################################################################
09-13 12:00 DEBUG    Executing Trial 0 with seed 0
09-13 12:00 DEBUG    Data statistics: {0: {0: 372, 1: 791, 2: 1756, 3: 393, 4: 49, 5: 269, 6: 2685}, 1: {0: 506, 1: 726, 2: 1, 3: 4, 4: 45, 5: 533, 6: 1, 7: 371, 8: 186, 9: 247}, 2: {0: 476, 1: 1436, 2: 222, 3: 160, 4: 277, 5: 168, 6: 8, 7: 447, 8: 142, 9: 4623}, 3: {0: 147, 1: 280, 2: 198, 3: 299, 4: 92, 5: 20, 6: 25, 7: 325, 8: 122, 9: 34}, 4: {0: 148, 1: 31, 2: 1, 3: 1101, 4: 1579, 5: 7, 6: 457, 7: 329, 8: 155, 9: 65}, 5: {0: 64, 1: 10, 2: 9, 3: 113, 4: 339, 5: 82, 6: 2, 7: 28, 8: 1868, 9: 4}, 6: {0: 884, 1: 4, 2: 408, 3: 2, 4: 75, 5: 890, 6: 21, 7: 1668, 8: 1548}, 7: {0: 342, 1: 842, 2: 33, 3: 237, 4: 153, 5: 274, 6: 138, 7: 111, 8: 1149, 9: 4}, 8: {0: 145, 1: 154, 2: 1061, 3: 1490, 4: 325, 5: 7, 6: 234, 7: 999}, 9: {0: 575, 1: 682, 2: 86, 3: 59, 5: 30, 6: 93, 7: 1, 8: 6, 9: 732}, 10: {0: 2066, 1: 1229, 2: 1, 3: 32, 4: 138, 5: 1523}, 11: {0: 15, 1: 2, 2: 185, 3: 78, 4: 1613, 5: 222, 6: 114, 7: 69, 9: 59}, 12: {0: 177, 1: 267, 2: 623, 3: 669, 4: 1044, 5: 62, 6: 2014}, 13: {0: 4, 1: 231, 2: 2, 3: 25, 4: 109, 5: 1319, 6: 47, 7: 905, 8: 675, 9: 181}, 14: {0: 2, 1: 57, 2: 1372, 3: 1469, 4: 4, 5: 15, 6: 79, 7: 1012}}
09-13 12:01 DEBUG    **************************************************
09-13 12:01 DEBUG    Running experiments 

09-13 12:01 DEBUG    Uniform ensemble (Train acc): 0.930933
09-13 12:01 DEBUG    Uniform ensemble (Test acc): 0.929200
09-13 12:01 DEBUG    FedAvg (Train acc): 0.143817
09-13 12:01 DEBUG    FedAvg (Test acc): 0.150000
09-13 12:14 DEBUG    ****** PDM_KL matching ******** 
09-13 12:14 DEBUG    Best Sigma0: 3. Best sigma: 0.9 Best gamma: 1. Best Test accuracy: 0.852. Train acc: 0.8553333333333333. 

09-13 12:14 DEBUG    PDM_KL log: {(3, 0.9, 1): {'shapes': [(784, 700), (700,), (700, 10), (10,)], 'train_accuracy': 0.8553333333333333, 'test_accuracy': 0.852}} 
09-13 12:39 DEBUG    ****** PDM_KL matching ******** 
09-13 12:39 DEBUG    Best Sigma0: 3. Best sigma: 0.9 Best gamma: 1. Best Test accuracy: 0.8561. Train acc: 0.85975. 

09-13 12:39 DEBUG    PDM_KL log: {(3, 0.9, 1): {'shapes': [(784, 700), (700,), (700, 10), (10,)], 'train_accuracy': 0.85975, 'test_accuracy': 0.8561}} 
09-13 13:06 DEBUG    ****** PDM_KL matching ******** 
09-13 13:06 DEBUG    Best Sigma0: 3. Best sigma: 0.9 Best gamma: 1. Best Test accuracy: 0.8527. Train acc: 0.8563166666666666. 

09-13 13:06 DEBUG    PDM_KL log: {(3, 0.9, 1): {'shapes': [(784, 700), (700,), (700, 10), (10,)], 'train_accuracy': 0.8563166666666666, 'test_accuracy': 0.8527}} 
09-13 13:33 DEBUG    ****** PDM_KL matching ******** 
09-13 13:33 DEBUG    Best Sigma0: 3. Best sigma: 0.9 Best gamma: 1. Best Test accuracy: 0.8508. Train acc: 0.85545. 

09-13 13:33 DEBUG    PDM_KL log: {(3, 0.9, 1): {'shapes': [(784, 700), (700,), (700, 10), (10,)], 'train_accuracy': 0.85545, 'test_accuracy': 0.8508}} 
09-13 13:59 DEBUG    ****** PDM_KL matching ******** 
09-13 13:59 DEBUG    Best Sigma0: 3. Best sigma: 0.9 Best gamma: 1. Best Test accuracy: 0.8505. Train acc: 0.8554666666666667. 

09-13 13:59 DEBUG    PDM_KL log: {(3, 0.9, 1): {'shapes': [(784, 700), (700,), (700, 10), (10,)], 'train_accuracy': 0.8554666666666667, 'test_accuracy': 0.8505}} 
09-13 14:23 DEBUG    ****** PDM_KL matching ******** 
09-13 14:23 DEBUG    Best Sigma0: 3. Best sigma: 0.9 Best gamma: 1. Best Test accuracy: 0.8535. Train acc: 0.8570166666666666. 

09-13 14:23 DEBUG    PDM_KL log: {(3, 0.9, 1): {'shapes': [(784, 700), (700,), (700, 10), (10,)], 'train_accuracy': 0.8570166666666666, 'test_accuracy': 0.8535}} 
09-13 14:48 DEBUG    ****** PDM_KL matching ******** 
09-13 14:48 DEBUG    Best Sigma0: 3. Best sigma: 0.9 Best gamma: 1. Best Test accuracy: 0.8495. Train acc: 0.8529833333333333. 

09-13 14:48 DEBUG    PDM_KL log: {(3, 0.9, 1): {'shapes': [(784, 679), (679,), (679, 10), (10,)], 'train_accuracy': 0.8529833333333333, 'test_accuracy': 0.8495}} 
09-13 15:00 DEBUG    ****** PDM_KL matching ******** 
09-13 15:00 DEBUG    Best Sigma0: 3. Best sigma: 0.9 Best gamma: 1. Best Test accuracy: 0.8288. Train acc: 0.8295833333333333. 

09-13 15:00 DEBUG    PDM_KL log: {(3, 0.9, 1): {'shapes': [(784, 245), (245,), (245, 10), (10,)], 'train_accuracy': 0.8295833333333333, 'test_accuracy': 0.8288}} 
09-13 15:04 DEBUG    ****** PDM_KL matching ******** 
09-13 15:04 DEBUG    Best Sigma0: 3. Best sigma: 0.9 Best gamma: 1. Best Test accuracy: 0.1009. Train acc: 0.09915. 

09-13 15:04 DEBUG    PDM_KL log: {(3, 0.9, 1): {'shapes': [(784, 100), (100,), (100, 10), (10,)], 'train_accuracy': 0.09915, 'test_accuracy': 0.1009}} 
09-13 15:09 DEBUG    ****** PDM_KL matching ******** 
09-13 15:09 DEBUG    Best Sigma0: 3. Best sigma: 0.9 Best gamma: 1. Best Test accuracy: 0.1009. Train acc: 0.09915. 

09-13 15:09 DEBUG    PDM_KL log: {(3, 0.9, 1): {'shapes': [(784, 100), (100,), (100, 10), (10,)], 'train_accuracy': 0.09915, 'test_accuracy': 0.1009}} 
09-13 15:13 DEBUG    ****** PDM_KL matching ******** 
09-13 15:13 DEBUG    Best Sigma0: 3. Best sigma: 0.9 Best gamma: 1. Best Test accuracy: 0.1009. Train acc: 0.09915. 

09-13 15:13 DEBUG    PDM_KL log: {(3, 0.9, 1): {'shapes': [(784, 100), (100,), (100, 10), (10,)], 'train_accuracy': 0.09915, 'test_accuracy': 0.1009}} 
09-13 15:13 DEBUG    Trial 0 completed
09-13 15:13 DEBUG    ####################################################################################################
09-13 15:13 DEBUG    ####################################################################################################
09-13 15:13 DEBUG    Executing Trial 1 with seed 1
09-13 15:13 DEBUG    Data statistics: {0: {0: 200, 1: 14, 2: 85, 3: 139, 4: 39, 5: 187, 6: 874, 7: 458, 8: 426, 9: 2511}, 1: {0: 26, 1: 9, 2: 90, 3: 6, 4: 1911, 5: 195, 6: 23, 7: 465, 8: 50, 9: 260}, 2: {0: 1378, 1: 1461, 2: 140, 3: 590, 4: 13, 5: 12, 6: 21, 7: 122, 8: 2, 9: 962}, 3: {0: 243, 1: 277, 2: 825, 3: 795, 4: 265, 5: 122, 6: 167, 7: 26, 9: 153}, 4: {0: 133, 1: 103, 2: 1745, 3: 15, 4: 21, 5: 777, 6: 26, 7: 118, 8: 169, 9: 114}, 5: {0: 2338, 1: 292, 2: 292, 3: 411, 4: 327, 5: 8, 6: 1, 7: 232, 8: 236}, 6: {0: 102, 1: 1924, 2: 165, 3: 8, 4: 1333, 5: 501}, 7: {0: 22, 1: 778, 2: 452, 3: 41, 4: 5, 5: 4, 6: 648, 7: 170, 8: 2294}, 8: {0: 4, 1: 37, 2: 6, 3: 12, 4: 974, 5: 947, 6: 1120, 7: 1174}, 9: {0: 325, 1: 398, 2: 290, 3: 1819, 4: 159, 5: 173, 6: 710, 7: 1169}, 10: {0: 272, 1: 28, 2: 107, 3: 46, 4: 26, 5: 1125, 6: 450, 7: 345, 8: 4, 9: 776}, 11: {0: 477, 1: 367, 2: 2, 3: 261, 4: 55, 5: 525, 6: 758, 7: 395, 8: 90, 9: 192}, 12: {0: 46, 2: 894, 3: 1289, 4: 146, 5: 338, 6: 755, 7: 103, 8: 370, 9: 928}, 13: {0: 177, 1: 96, 2: 817, 3: 118, 4: 483, 5: 452, 6: 243, 7: 235, 8: 3, 9: 53}, 14: {0: 180, 1: 958, 2: 48, 3: 581, 4: 85, 5: 55, 6: 122, 7: 1253, 8: 2207}}
09-13 15:16 DEBUG    **************************************************
09-13 15:16 DEBUG    Running experiments 

09-13 15:18 DEBUG    Uniform ensemble (Train acc): 0.954200
09-13 15:18 DEBUG    Uniform ensemble (Test acc): 0.954600
09-13 15:19 DEBUG    FedAvg (Train acc): 0.182633
09-13 15:19 DEBUG    FedAvg (Test acc): 0.183200
09-13 15:35 DEBUG    ****** PDM_KL matching ******** 
09-13 15:35 DEBUG    Best Sigma0: 3. Best sigma: 0.9 Best gamma: 1. Best Test accuracy: 0.8992. Train acc: 0.9017666666666667. 

09-13 15:35 DEBUG    PDM_KL log: {(3, 0.9, 1): {'shapes': [(784, 700), (700,), (700, 10), (10,)], 'train_accuracy': 0.9017666666666667, 'test_accuracy': 0.8992}} 
09-13 15:59 DEBUG    ****** PDM_KL matching ******** 
09-13 15:59 DEBUG    Best Sigma0: 3. Best sigma: 0.9 Best gamma: 1. Best Test accuracy: 0.8974. Train acc: 0.8994166666666666. 

09-13 15:59 DEBUG    PDM_KL log: {(3, 0.9, 1): {'shapes': [(784, 700), (700,), (700, 10), (10,)], 'train_accuracy': 0.8994166666666666, 'test_accuracy': 0.8974}} 
09-13 16:18 DEBUG    ****** PDM_KL matching ******** 
09-13 16:18 DEBUG    Best Sigma0: 3. Best sigma: 0.9 Best gamma: 1. Best Test accuracy: 0.9. Train acc: 0.9023833333333333. 

09-13 16:18 DEBUG    PDM_KL log: {(3, 0.9, 1): {'shapes': [(784, 700), (700,), (700, 10), (10,)], 'train_accuracy': 0.9023833333333333, 'test_accuracy': 0.9}} 
09-13 16:37 DEBUG    ****** PDM_KL matching ******** 
09-13 16:37 DEBUG    Best Sigma0: 3. Best sigma: 0.9 Best gamma: 1. Best Test accuracy: 0.8916. Train acc: 0.8958166666666667. 

09-13 16:37 DEBUG    PDM_KL log: {(3, 0.9, 1): {'shapes': [(784, 700), (700,), (700, 10), (10,)], 'train_accuracy': 0.8958166666666667, 'test_accuracy': 0.8916}} 
09-13 16:58 DEBUG    ****** PDM_KL matching ******** 
09-13 16:58 DEBUG    Best Sigma0: 3. Best sigma: 0.9 Best gamma: 1. Best Test accuracy: 0.8924. Train acc: 0.8967666666666667. 

09-13 16:58 DEBUG    PDM_KL log: {(3, 0.9, 1): {'shapes': [(784, 700), (700,), (700, 10), (10,)], 'train_accuracy': 0.8967666666666667, 'test_accuracy': 0.8924}} 
09-13 17:18 DEBUG    ****** PDM_KL matching ******** 
09-13 17:18 DEBUG    Best Sigma0: 3. Best sigma: 0.9 Best gamma: 1. Best Test accuracy: 0.8938. Train acc: 0.8984166666666666. 

09-13 17:18 DEBUG    PDM_KL log: {(3, 0.9, 1): {'shapes': [(784, 700), (700,), (700, 10), (10,)], 'train_accuracy': 0.8984166666666666, 'test_accuracy': 0.8938}} 
09-13 17:41 DEBUG    ****** PDM_KL matching ******** 
09-13 17:41 DEBUG    Best Sigma0: 3. Best sigma: 0.9 Best gamma: 1. Best Test accuracy: 0.9061. Train acc: 0.90985. 

09-13 17:41 DEBUG    PDM_KL log: {(3, 0.9, 1): {'shapes': [(784, 700), (700,), (700, 10), (10,)], 'train_accuracy': 0.90985, 'test_accuracy': 0.9061}} 
09-13 17:51 DEBUG    ****** PDM_KL matching ******** 
09-13 17:51 DEBUG    Best Sigma0: 3. Best sigma: 0.9 Best gamma: 1. Best Test accuracy: 0.9098. Train acc: 0.9105333333333333. 

09-13 17:51 DEBUG    PDM_KL log: {(3, 0.9, 1): {'shapes': [(784, 234), (234,), (234, 10), (10,)], 'train_accuracy': 0.9105333333333333, 'test_accuracy': 0.9098}} 
09-13 17:54 DEBUG    ****** PDM_KL matching ******** 
09-13 17:54 DEBUG    Best Sigma0: 3. Best sigma: 0.9 Best gamma: 1. Best Test accuracy: 0.0974. Train acc: 0.09751666666666667. 

09-13 17:54 DEBUG    PDM_KL log: {(3, 0.9, 1): {'shapes': [(784, 100), (100,), (100, 10), (10,)], 'train_accuracy': 0.09751666666666667, 'test_accuracy': 0.0974}} 
09-13 17:58 DEBUG    ****** PDM_KL matching ******** 
09-13 17:58 DEBUG    Best Sigma0: 3. Best sigma: 0.9 Best gamma: 1. Best Test accuracy: 0.0974. Train acc: 0.09751666666666667. 

09-13 17:58 DEBUG    PDM_KL log: {(3, 0.9, 1): {'shapes': [(784, 100), (100,), (100, 10), (10,)], 'train_accuracy': 0.09751666666666667, 'test_accuracy': 0.0974}} 
09-13 18:02 DEBUG    ****** PDM_KL matching ******** 
09-13 18:02 DEBUG    Best Sigma0: 3. Best sigma: 0.9 Best gamma: 1. Best Test accuracy: 0.0974. Train acc: 0.09751666666666667. 

09-13 18:02 DEBUG    PDM_KL log: {(3, 0.9, 1): {'shapes': [(784, 100), (100,), (100, 10), (10,)], 'train_accuracy': 0.09751666666666667, 'test_accuracy': 0.0974}} 
09-13 18:02 DEBUG    Trial 1 completed
09-13 18:02 DEBUG    ####################################################################################################
09-13 18:02 DEBUG    ####################################################################################################
09-13 18:02 DEBUG    Executing Trial 2 with seed 2
09-13 18:02 DEBUG    Data statistics: {0: {0: 819, 1: 281, 2: 443, 3: 320, 4: 1412, 5: 8, 6: 86, 7: 1, 8: 10, 9: 735}, 1: {0: 133, 1: 885, 2: 13, 3: 9, 4: 244, 5: 1440, 6: 328, 7: 1758}, 2: {0: 737, 1: 230, 2: 72, 3: 9, 4: 124, 5: 160, 6: 590, 7: 186, 8: 1538, 9: 2383}, 3: {0: 35, 1: 1291, 2: 35, 3: 237, 4: 661, 5: 1469, 6: 230, 7: 541}, 4: {0: 513, 2: 66, 3: 268, 4: 876, 5: 21, 6: 2299}, 5: {0: 190, 1: 488, 2: 851, 3: 709, 4: 268, 5: 63, 6: 287, 7: 83, 8: 264, 9: 284}, 6: {0: 105, 1: 769, 2: 2070, 3: 1427}, 7: {0: 1, 1: 11, 2: 255, 3: 1286, 4: 74, 5: 333, 7: 204, 8: 1348, 9: 653}, 8: {0: 510, 1: 9, 2: 349, 3: 68, 4: 774, 5: 87, 6: 222, 7: 303, 8: 735, 9: 33}, 9: {0: 2, 1: 20, 2: 1, 3: 11, 4: 18, 5: 144, 6: 324, 7: 31, 8: 12, 9: 195}, 10: {0: 46, 1: 33, 2: 7, 3: 223, 4: 204, 5: 262, 6: 511, 7: 1558, 8: 128, 9: 1655}, 11: {0: 201, 1: 310, 2: 2, 3: 444, 4: 450, 5: 726, 6: 397, 7: 120, 8: 73, 9: 11}, 12: {0: 91, 1: 1532, 2: 393, 3: 291, 4: 670, 5: 213, 6: 638, 7: 43, 8: 951}, 13: {0: 1943, 1: 206, 2: 1112, 3: 705, 4: 64}, 14: {0: 597, 1: 677, 2: 289, 3: 124, 4: 3, 5: 495, 6: 6, 7: 1437, 8: 792}}
09-13 18:04 DEBUG    **************************************************
09-13 18:04 DEBUG    Running experiments 

09-13 18:06 DEBUG    Uniform ensemble (Train acc): 0.949883
09-13 18:06 DEBUG    Uniform ensemble (Test acc): 0.944900
09-13 18:07 DEBUG    FedAvg (Train acc): 0.159350
09-13 18:07 DEBUG    FedAvg (Test acc): 0.164000
09-13 18:21 DEBUG    ****** PDM_KL matching ******** 
09-13 18:21 DEBUG    Best Sigma0: 3. Best sigma: 0.9 Best gamma: 1. Best Test accuracy: 0.8657. Train acc: 0.8726333333333334. 

09-13 18:21 DEBUG    PDM_KL log: {(3, 0.9, 1): {'shapes': [(784, 700), (700,), (700, 10), (10,)], 'train_accuracy': 0.8726333333333334, 'test_accuracy': 0.8657}} 
09-13 18:46 DEBUG    ****** PDM_KL matching ******** 
09-13 18:46 DEBUG    Best Sigma0: 3. Best sigma: 0.9 Best gamma: 1. Best Test accuracy: 0.8634. Train acc: 0.87135. 

09-13 18:46 DEBUG    PDM_KL log: {(3, 0.9, 1): {'shapes': [(784, 700), (700,), (700, 10), (10,)], 'train_accuracy': 0.87135, 'test_accuracy': 0.8634}} 
09-13 19:14 DEBUG    ****** PDM_KL matching ******** 
09-13 19:14 DEBUG    Best Sigma0: 3. Best sigma: 0.9 Best gamma: 1. Best Test accuracy: 0.8644. Train acc: 0.8724666666666666. 

09-13 19:14 DEBUG    PDM_KL log: {(3, 0.9, 1): {'shapes': [(784, 700), (700,), (700, 10), (10,)], 'train_accuracy': 0.8724666666666666, 'test_accuracy': 0.8644}} 
09-13 19:38 DEBUG    ****** PDM_KL matching ******** 
09-13 19:38 DEBUG    Best Sigma0: 3. Best sigma: 0.9 Best gamma: 1. Best Test accuracy: 0.8649. Train acc: 0.8720833333333333. 

09-13 19:38 DEBUG    PDM_KL log: {(3, 0.9, 1): {'shapes': [(784, 700), (700,), (700, 10), (10,)], 'train_accuracy': 0.8720833333333333, 'test_accuracy': 0.8649}} 
09-13 20:00 DEBUG    ****** PDM_KL matching ******** 
09-13 20:00 DEBUG    Best Sigma0: 3. Best sigma: 0.9 Best gamma: 1. Best Test accuracy: 0.8652. Train acc: 0.8728. 

09-13 20:00 DEBUG    PDM_KL log: {(3, 0.9, 1): {'shapes': [(784, 700), (700,), (700, 10), (10,)], 'train_accuracy': 0.8728, 'test_accuracy': 0.8652}} 
09-13 20:20 DEBUG    ****** PDM_KL matching ******** 
09-13 20:20 DEBUG    Best Sigma0: 3. Best sigma: 0.9 Best gamma: 1. Best Test accuracy: 0.8626. Train acc: 0.8700666666666667. 

09-13 20:20 DEBUG    PDM_KL log: {(3, 0.9, 1): {'shapes': [(784, 700), (700,), (700, 10), (10,)], 'train_accuracy': 0.8700666666666667, 'test_accuracy': 0.8626}} 
09-13 20:43 DEBUG    ****** PDM_KL matching ******** 
09-13 20:43 DEBUG    Best Sigma0: 3. Best sigma: 0.9 Best gamma: 1. Best Test accuracy: 0.8617. Train acc: 0.8691. 

09-13 20:43 DEBUG    PDM_KL log: {(3, 0.9, 1): {'shapes': [(784, 700), (700,), (700, 10), (10,)], 'train_accuracy': 0.8691, 'test_accuracy': 0.8617}} 
09-13 20:53 DEBUG    ****** PDM_KL matching ******** 
09-13 20:53 DEBUG    Best Sigma0: 3. Best sigma: 0.9 Best gamma: 1. Best Test accuracy: 0.8724. Train acc: 0.8728. 

09-13 20:53 DEBUG    PDM_KL log: {(3, 0.9, 1): {'shapes': [(784, 228), (228,), (228, 10), (10,)], 'train_accuracy': 0.8728, 'test_accuracy': 0.8724}} 
09-13 20:56 DEBUG    ****** PDM_KL matching ******** 
09-13 20:56 DEBUG    Best Sigma0: 3. Best sigma: 0.9 Best gamma: 1. Best Test accuracy: 0.0974. Train acc: 0.09751666666666667. 

09-13 20:56 DEBUG    PDM_KL log: {(3, 0.9, 1): {'shapes': [(784, 100), (100,), (100, 10), (10,)], 'train_accuracy': 0.09751666666666667, 'test_accuracy': 0.0974}} 
09-13 20:59 DEBUG    ****** PDM_KL matching ******** 
09-13 20:59 DEBUG    Best Sigma0: 3. Best sigma: 0.9 Best gamma: 1. Best Test accuracy: 0.0974. Train acc: 0.09751666666666667. 

09-13 20:59 DEBUG    PDM_KL log: {(3, 0.9, 1): {'shapes': [(784, 100), (100,), (100, 10), (10,)], 'train_accuracy': 0.09751666666666667, 'test_accuracy': 0.0974}} 
09-13 21:02 DEBUG    ****** PDM_KL matching ******** 
09-13 21:02 DEBUG    Best Sigma0: 3. Best sigma: 0.9 Best gamma: 1. Best Test accuracy: 0.0974. Train acc: 0.09751666666666667. 

09-13 21:02 DEBUG    PDM_KL log: {(3, 0.9, 1): {'shapes': [(784, 100), (100,), (100, 10), (10,)], 'train_accuracy': 0.09751666666666667, 'test_accuracy': 0.0974}} 
09-13 21:02 DEBUG    Trial 2 completed
09-13 21:02 DEBUG    ####################################################################################################
09-13 21:02 DEBUG    ####################################################################################################
09-13 21:02 DEBUG    Executing Trial 3 with seed 3
09-13 21:02 DEBUG    Data statistics: {0: {0: 332, 1: 652, 2: 3, 3: 1191, 4: 394, 5: 267, 6: 2, 7: 9, 8: 417, 9: 380}, 1: {0: 35, 1: 245, 2: 196, 3: 1188, 4: 287, 5: 72, 6: 481, 7: 368, 8: 320, 9: 323}, 2: {0: 3, 1: 538, 2: 82, 3: 192, 4: 13, 5: 42, 6: 1012, 7: 1749, 8: 4, 9: 294}, 3: {0: 41, 1: 1994, 2: 437, 3: 188, 4: 1179, 5: 145, 6: 450}, 4: {0: 190, 1: 103, 2: 54, 3: 886, 4: 428, 5: 149, 6: 697, 8: 32, 9: 1617}, 5: {0: 2778, 1: 1, 2: 1036, 3: 180, 4: 1045}, 6: {0: 1124, 1: 86, 2: 497, 3: 2, 4: 53, 5: 38, 6: 140, 7: 33, 8: 1289, 9: 560}, 7: {0: 18, 1: 405, 2: 6, 3: 94, 4: 336, 5: 1423, 6: 420, 7: 46, 8: 977, 9: 12}, 8: {0: 71, 1: 332, 2: 602, 3: 105, 4: 450, 5: 24, 6: 766, 7: 212, 8: 159, 9: 233}, 9: {0: 134, 1: 314, 2: 1804, 3: 510, 4: 14, 5: 209, 6: 189, 7: 1492}, 10: {0: 241, 1: 210, 2: 142, 3: 571, 4: 332, 5: 664, 6: 3, 7: 716, 8: 627, 9: 1098}, 11: {0: 18, 1: 461, 2: 12, 3: 11, 4: 264, 5: 580, 6: 75, 7: 488, 8: 1548, 9: 433}, 12: {0: 88, 1: 254, 2: 116, 3: 180, 4: 627, 5: 1661, 6: 821, 7: 1083}, 13: {0: 337, 1: 2, 2: 125, 3: 803, 4: 151, 5: 139, 6: 789, 7: 3, 8: 434, 9: 7}, 14: {0: 513, 1: 1145, 2: 846, 3: 30, 4: 269, 5: 8, 6: 73, 7: 66, 8: 44, 9: 992}}
09-13 21:04 DEBUG    **************************************************
09-13 21:04 DEBUG    Running experiments 

09-13 21:06 DEBUG    Uniform ensemble (Train acc): 0.958467
09-13 21:06 DEBUG    Uniform ensemble (Test acc): 0.954300
09-13 21:07 DEBUG    FedAvg (Train acc): 0.116467
09-13 21:07 DEBUG    FedAvg (Test acc): 0.120800
09-13 21:18 DEBUG    ****** PDM_KL matching ******** 
09-13 21:18 DEBUG    Best Sigma0: 3. Best sigma: 0.9 Best gamma: 1. Best Test accuracy: 0.9341. Train acc: 0.93715. 

09-13 21:18 DEBUG    PDM_KL log: {(3, 0.9, 1): {'shapes': [(784, 700), (700,), (700, 10), (10,)], 'train_accuracy': 0.93715, 'test_accuracy': 0.9341}} 
09-13 21:39 DEBUG    ****** PDM_KL matching ******** 
09-13 21:39 DEBUG    Best Sigma0: 3. Best sigma: 0.9 Best gamma: 1. Best Test accuracy: 0.9337. Train acc: 0.9370333333333334. 

09-13 21:39 DEBUG    PDM_KL log: {(3, 0.9, 1): {'shapes': [(784, 700), (700,), (700, 10), (10,)], 'train_accuracy': 0.9370333333333334, 'test_accuracy': 0.9337}} 
09-13 22:00 DEBUG    ****** PDM_KL matching ******** 
09-13 22:00 DEBUG    Best Sigma0: 3. Best sigma: 0.9 Best gamma: 1. Best Test accuracy: 0.934. Train acc: 0.9365166666666667. 

09-13 22:00 DEBUG    PDM_KL log: {(3, 0.9, 1): {'shapes': [(784, 700), (700,), (700, 10), (10,)], 'train_accuracy': 0.9365166666666667, 'test_accuracy': 0.934}} 
09-13 22:17 DEBUG    ****** PDM_KL matching ******** 
09-13 22:17 DEBUG    Best Sigma0: 3. Best sigma: 0.9 Best gamma: 1. Best Test accuracy: 0.9328. Train acc: 0.9365666666666667. 

09-13 22:17 DEBUG    PDM_KL log: {(3, 0.9, 1): {'shapes': [(784, 700), (700,), (700, 10), (10,)], 'train_accuracy': 0.9365666666666667, 'test_accuracy': 0.9328}} 
09-13 22:38 DEBUG    ****** PDM_KL matching ******** 
09-13 22:38 DEBUG    Best Sigma0: 3. Best sigma: 0.9 Best gamma: 1. Best Test accuracy: 0.9326. Train acc: 0.9349666666666666. 

09-13 22:38 DEBUG    PDM_KL log: {(3, 0.9, 1): {'shapes': [(784, 700), (700,), (700, 10), (10,)], 'train_accuracy': 0.9349666666666666, 'test_accuracy': 0.9326}} 
09-13 22:59 DEBUG    ****** PDM_KL matching ******** 
09-13 22:59 DEBUG    Best Sigma0: 3. Best sigma: 0.9 Best gamma: 1. Best Test accuracy: 0.9334. Train acc: 0.9358666666666666. 

09-13 22:59 DEBUG    PDM_KL log: {(3, 0.9, 1): {'shapes': [(784, 700), (700,), (700, 10), (10,)], 'train_accuracy': 0.9358666666666666, 'test_accuracy': 0.9334}} 
09-13 23:19 DEBUG    ****** PDM_KL matching ******** 
09-13 23:19 DEBUG    Best Sigma0: 3. Best sigma: 0.9 Best gamma: 1. Best Test accuracy: 0.9366. Train acc: 0.93925. 

09-13 23:19 DEBUG    PDM_KL log: {(3, 0.9, 1): {'shapes': [(784, 700), (700,), (700, 10), (10,)], 'train_accuracy': 0.93925, 'test_accuracy': 0.9366}} 
09-13 23:28 DEBUG    ****** PDM_KL matching ******** 
09-13 23:28 DEBUG    Best Sigma0: 3. Best sigma: 0.9 Best gamma: 1. Best Test accuracy: 0.9065. Train acc: 0.9037666666666667. 

09-13 23:28 DEBUG    PDM_KL log: {(3, 0.9, 1): {'shapes': [(784, 271), (271,), (271, 10), (10,)], 'train_accuracy': 0.9037666666666667, 'test_accuracy': 0.9065}} 
09-13 23:32 DEBUG    ****** PDM_KL matching ******** 
09-13 23:32 DEBUG    Best Sigma0: 3. Best sigma: 0.9 Best gamma: 1. Best Test accuracy: 0.0974. Train acc: 0.09751666666666667. 

09-13 23:32 DEBUG    PDM_KL log: {(3, 0.9, 1): {'shapes': [(784, 100), (100,), (100, 10), (10,)], 'train_accuracy': 0.09751666666666667, 'test_accuracy': 0.0974}} 
09-13 23:35 DEBUG    ****** PDM_KL matching ******** 
09-13 23:35 DEBUG    Best Sigma0: 3. Best sigma: 0.9 Best gamma: 1. Best Test accuracy: 0.0974. Train acc: 0.09751666666666667. 

09-13 23:35 DEBUG    PDM_KL log: {(3, 0.9, 1): {'shapes': [(784, 100), (100,), (100, 10), (10,)], 'train_accuracy': 0.09751666666666667, 'test_accuracy': 0.0974}} 
09-13 23:38 DEBUG    ****** PDM_KL matching ******** 
09-13 23:38 DEBUG    Best Sigma0: 3. Best sigma: 0.9 Best gamma: 1. Best Test accuracy: 0.0974. Train acc: 0.09751666666666667. 

09-13 23:38 DEBUG    PDM_KL log: {(3, 0.9, 1): {'shapes': [(784, 100), (100,), (100, 10), (10,)], 'train_accuracy': 0.09751666666666667, 'test_accuracy': 0.0974}} 
09-13 23:38 DEBUG    Trial 3 completed
09-13 23:38 DEBUG    ####################################################################################################
09-13 23:38 DEBUG    ####################################################################################################
09-13 23:38 DEBUG    Executing Trial 4 with seed 4
09-13 23:38 DEBUG    Data statistics: {0: {0: 169, 1: 1363, 2: 279, 3: 2663}, 1: {0: 364, 1: 238, 2: 145, 3: 5, 4: 26, 5: 835, 6: 242, 7: 1252, 8: 1642}, 2: {0: 239, 1: 1102, 2: 75, 3: 318, 4: 1934, 5: 54, 6: 14, 7: 11, 8: 294}, 3: {0: 333, 1: 63, 2: 379, 3: 192, 4: 1710, 5: 59, 6: 1772}, 4: {0: 1, 1: 560, 2: 318, 3: 451, 4: 198, 5: 844, 6: 2234}, 5: {0: 123, 1: 150, 2: 13, 3: 35, 4: 92, 5: 1268, 6: 49, 7: 210, 8: 60, 9: 48}, 6: {0: 62, 1: 154, 2: 223, 3: 59, 4: 1120, 5: 78, 6: 2, 7: 78, 8: 285, 9: 1}, 7: {0: 366, 1: 470, 2: 670, 3: 470, 4: 161, 5: 1, 6: 83, 7: 1800}, 8: {0: 1342, 1: 378, 2: 7, 3: 16, 5: 35, 6: 38, 7: 14, 8: 185, 9: 4}, 9: {0: 126, 1: 12, 2: 87, 3: 14, 4: 86, 5: 79, 7: 49, 8: 2619, 9: 5430}, 10: {0: 975, 1: 176, 2: 535, 3: 1074, 4: 300, 5: 140, 6: 38, 7: 143, 8: 60, 9: 348}, 11: {0: 681, 1: 26, 2: 803, 4: 51, 5: 45, 6: 80, 7: 84, 8: 697, 9: 75}, 12: {0: 312, 1: 3, 2: 1846, 3: 34, 5: 269, 6: 10, 7: 7, 8: 8, 9: 43}, 13: {0: 693, 1: 1976, 2: 59, 3: 331, 4: 132, 5: 1021}, 14: {0: 137, 1: 71, 2: 519, 3: 469, 4: 32, 5: 693, 6: 1356, 7: 2617, 8: 1}}
09-13 23:41 DEBUG    **************************************************
09-13 23:41 DEBUG    Running experiments 

09-13 23:42 DEBUG    Uniform ensemble (Train acc): 0.910750
09-13 23:42 DEBUG    Uniform ensemble (Test acc): 0.909400
09-13 23:43 DEBUG    FedAvg (Train acc): 0.288483
09-13 23:43 DEBUG    FedAvg (Test acc): 0.285500
09-13 23:55 DEBUG    ****** PDM_KL matching ******** 
09-13 23:55 DEBUG    Best Sigma0: 3. Best sigma: 0.9 Best gamma: 1. Best Test accuracy: 0.8374. Train acc: 0.8381166666666666. 

09-13 23:55 DEBUG    PDM_KL log: {(3, 0.9, 1): {'shapes': [(784, 700), (700,), (700, 10), (10,)], 'train_accuracy': 0.8381166666666666, 'test_accuracy': 0.8374}} 
09-14 00:18 DEBUG    ****** PDM_KL matching ******** 
09-14 00:18 DEBUG    Best Sigma0: 3. Best sigma: 0.9 Best gamma: 1. Best Test accuracy: 0.8379. Train acc: 0.84025. 

09-14 00:18 DEBUG    PDM_KL log: {(3, 0.9, 1): {'shapes': [(784, 700), (700,), (700, 10), (10,)], 'train_accuracy': 0.84025, 'test_accuracy': 0.8379}} 
09-14 00:41 DEBUG    ****** PDM_KL matching ******** 
09-14 00:41 DEBUG    Best Sigma0: 3. Best sigma: 0.9 Best gamma: 1. Best Test accuracy: 0.8372. Train acc: 0.8385166666666667. 

09-14 00:41 DEBUG    PDM_KL log: {(3, 0.9, 1): {'shapes': [(784, 700), (700,), (700, 10), (10,)], 'train_accuracy': 0.8385166666666667, 'test_accuracy': 0.8372}} 
09-14 01:03 DEBUG    ****** PDM_KL matching ******** 
09-14 01:03 DEBUG    Best Sigma0: 3. Best sigma: 0.9 Best gamma: 1. Best Test accuracy: 0.8364. Train acc: 0.83695. 

09-14 01:03 DEBUG    PDM_KL log: {(3, 0.9, 1): {'shapes': [(784, 700), (700,), (700, 10), (10,)], 'train_accuracy': 0.83695, 'test_accuracy': 0.8364}} 
09-14 01:23 DEBUG    ****** PDM_KL matching ******** 
09-14 01:23 DEBUG    Best Sigma0: 3. Best sigma: 0.9 Best gamma: 1. Best Test accuracy: 0.8382. Train acc: 0.8388333333333333. 

09-14 01:23 DEBUG    PDM_KL log: {(3, 0.9, 1): {'shapes': [(784, 700), (700,), (700, 10), (10,)], 'train_accuracy': 0.8388333333333333, 'test_accuracy': 0.8382}} 
09-14 01:41 DEBUG    ****** PDM_KL matching ******** 
09-14 01:41 DEBUG    Best Sigma0: 3. Best sigma: 0.9 Best gamma: 1. Best Test accuracy: 0.8364. Train acc: 0.8376666666666667. 

09-14 01:41 DEBUG    PDM_KL log: {(3, 0.9, 1): {'shapes': [(784, 700), (700,), (700, 10), (10,)], 'train_accuracy': 0.8376666666666667, 'test_accuracy': 0.8364}} 
09-14 02:00 DEBUG    ****** PDM_KL matching ******** 
09-14 02:00 DEBUG    Best Sigma0: 3. Best sigma: 0.9 Best gamma: 1. Best Test accuracy: 0.8324. Train acc: 0.8342. 

09-14 02:00 DEBUG    PDM_KL log: {(3, 0.9, 1): {'shapes': [(784, 627), (627,), (627, 10), (10,)], 'train_accuracy': 0.8342, 'test_accuracy': 0.8324}} 
09-14 02:09 DEBUG    ****** PDM_KL matching ******** 
09-14 02:09 DEBUG    Best Sigma0: 3. Best sigma: 0.9 Best gamma: 1. Best Test accuracy: 0.8347. Train acc: 0.8390166666666666. 

09-14 02:09 DEBUG    PDM_KL log: {(3, 0.9, 1): {'shapes': [(784, 203), (203,), (203, 10), (10,)], 'train_accuracy': 0.8390166666666666, 'test_accuracy': 0.8347}} 
09-14 02:13 DEBUG    ****** PDM_KL matching ******** 
09-14 02:13 DEBUG    Best Sigma0: 3. Best sigma: 0.9 Best gamma: 1. Best Test accuracy: 0.0974. Train acc: 0.09751666666666667. 

09-14 02:13 DEBUG    PDM_KL log: {(3, 0.9, 1): {'shapes': [(784, 100), (100,), (100, 10), (10,)], 'train_accuracy': 0.09751666666666667, 'test_accuracy': 0.0974}} 
09-14 02:17 DEBUG    ****** PDM_KL matching ******** 
09-14 02:17 DEBUG    Best Sigma0: 3. Best sigma: 0.9 Best gamma: 1. Best Test accuracy: 0.0974. Train acc: 0.09751666666666667. 

09-14 02:17 DEBUG    PDM_KL log: {(3, 0.9, 1): {'shapes': [(784, 100), (100,), (100, 10), (10,)], 'train_accuracy': 0.09751666666666667, 'test_accuracy': 0.0974}} 
09-14 02:20 DEBUG    ****** PDM_KL matching ******** 
09-14 02:20 DEBUG    Best Sigma0: 3. Best sigma: 0.9 Best gamma: 1. Best Test accuracy: 0.0974. Train acc: 0.09751666666666667. 

09-14 02:20 DEBUG    PDM_KL log: {(3, 0.9, 1): {'shapes': [(784, 100), (100,), (100, 10), (10,)], 'train_accuracy': 0.09751666666666667, 'test_accuracy': 0.0974}} 
09-14 02:20 DEBUG    Trial 4 completed
09-14 02:20 DEBUG    ####################################################################################################
09-14 02:20 DEBUG    ####################################################################################################
09-14 02:20 DEBUG    Executing Trial 5 with seed 5
09-14 02:20 DEBUG    Data statistics: {0: {0: 307, 1: 115, 2: 873, 3: 475, 4: 401, 5: 96, 6: 836, 7: 8, 8: 219, 9: 106}, 1: {0: 633, 1: 40, 2: 50, 3: 145, 4: 148, 5: 39, 6: 970, 7: 2789}, 2: {0: 224, 1: 954, 2: 438, 3: 689, 4: 21, 5: 309, 6: 1011, 7: 16, 8: 482}, 3: {0: 3, 1: 58, 2: 24, 3: 55, 4: 437, 5: 44, 6: 1, 7: 840, 8: 221, 9: 227}, 4: {0: 4, 1: 31, 2: 140, 3: 113, 4: 100, 5: 291, 6: 572, 7: 580, 8: 816, 9: 342}, 5: {0: 15, 1: 177, 3: 67, 4: 912, 5: 45, 6: 625, 7: 72, 8: 314, 9: 265}, 6: {1: 992, 2: 111, 3: 967, 4: 46, 5: 1444, 6: 752}, 7: {0: 80, 1: 1761, 2: 1041, 3: 83, 4: 1219}, 8: {0: 136, 1: 1202, 2: 232, 3: 1013, 4: 439, 5: 14, 6: 7, 7: 425, 8: 271, 9: 1333}, 9: {0: 27, 1: 358, 2: 1816, 3: 282, 4: 249, 5: 296, 6: 27, 7: 5, 8: 2659}, 10: {0: 2072, 1: 152, 2: 6, 3: 138, 4: 3, 5: 809, 6: 227, 7: 288, 8: 94, 9: 288}, 11: {0: 4, 1: 441, 2: 237, 3: 264, 4: 1, 5: 1634, 6: 468, 7: 57, 8: 352, 9: 2813}, 12: {0: 1387, 1: 141, 2: 82, 3: 12, 5: 238, 6: 245, 7: 160, 8: 24, 9: 23}, 13: {0: 818, 1: 241, 2: 688, 3: 6, 4: 110, 5: 161, 6: 176, 7: 1025, 8: 398, 9: 552}, 14: {0: 213, 1: 79, 2: 220, 3: 1822, 4: 1756, 5: 1, 6: 1, 8: 1}}
09-14 02:22 DEBUG    **************************************************
09-14 02:22 DEBUG    Running experiments 

09-14 02:23 DEBUG    Uniform ensemble (Train acc): 0.956150
09-14 02:23 DEBUG    Uniform ensemble (Test acc): 0.957000
09-14 02:23 DEBUG    FedAvg (Train acc): 0.160833
09-14 02:23 DEBUG    FedAvg (Test acc): 0.162500
09-14 02:34 DEBUG    ****** PDM_KL matching ******** 
09-14 02:34 DEBUG    Best Sigma0: 3. Best sigma: 0.9 Best gamma: 1. Best Test accuracy: 0.9038. Train acc: 0.9090833333333334. 

09-14 02:34 DEBUG    PDM_KL log: {(3, 0.9, 1): {'shapes': [(784, 700), (700,), (700, 10), (10,)], 'train_accuracy': 0.9090833333333334, 'test_accuracy': 0.9038}} 
09-14 02:52 DEBUG    ****** PDM_KL matching ******** 
09-14 02:52 DEBUG    Best Sigma0: 3. Best sigma: 0.9 Best gamma: 1. Best Test accuracy: 0.9094. Train acc: 0.9153. 

09-14 02:52 DEBUG    PDM_KL log: {(3, 0.9, 1): {'shapes': [(784, 701), (701,), (701, 10), (10,)], 'train_accuracy': 0.9153, 'test_accuracy': 0.9094}} 
09-14 03:11 DEBUG    ****** PDM_KL matching ******** 
09-14 03:11 DEBUG    Best Sigma0: 3. Best sigma: 0.9 Best gamma: 1. Best Test accuracy: 0.9103. Train acc: 0.9171. 

09-14 03:11 DEBUG    PDM_KL log: {(3, 0.9, 1): {'shapes': [(784, 700), (700,), (700, 10), (10,)], 'train_accuracy': 0.9171, 'test_accuracy': 0.9103}} 
09-14 03:29 DEBUG    ****** PDM_KL matching ******** 
09-14 03:29 DEBUG    Best Sigma0: 3. Best sigma: 0.9 Best gamma: 1. Best Test accuracy: 0.9054. Train acc: 0.9112. 

09-14 03:29 DEBUG    PDM_KL log: {(3, 0.9, 1): {'shapes': [(784, 700), (700,), (700, 10), (10,)], 'train_accuracy': 0.9112, 'test_accuracy': 0.9054}} 
09-14 03:52 DEBUG    ****** PDM_KL matching ******** 
09-14 03:52 DEBUG    Best Sigma0: 3. Best sigma: 0.9 Best gamma: 1. Best Test accuracy: 0.9046. Train acc: 0.9095. 

09-14 03:52 DEBUG    PDM_KL log: {(3, 0.9, 1): {'shapes': [(784, 700), (700,), (700, 10), (10,)], 'train_accuracy': 0.9095, 'test_accuracy': 0.9046}} 
09-14 04:16 DEBUG    ****** PDM_KL matching ******** 
09-14 04:16 DEBUG    Best Sigma0: 3. Best sigma: 0.9 Best gamma: 1. Best Test accuracy: 0.9081. Train acc: 0.9142666666666667. 

09-14 04:16 DEBUG    PDM_KL log: {(3, 0.9, 1): {'shapes': [(784, 700), (700,), (700, 10), (10,)], 'train_accuracy': 0.9142666666666667, 'test_accuracy': 0.9081}} 
09-14 04:39 DEBUG    ****** PDM_KL matching ******** 
09-14 04:39 DEBUG    Best Sigma0: 3. Best sigma: 0.9 Best gamma: 1. Best Test accuracy: 0.909. Train acc: 0.9145333333333333. 

09-14 04:39 DEBUG    PDM_KL log: {(3, 0.9, 1): {'shapes': [(784, 700), (700,), (700, 10), (10,)], 'train_accuracy': 0.9145333333333333, 'test_accuracy': 0.909}} 
09-14 04:48 DEBUG    ****** PDM_KL matching ******** 
09-14 04:48 DEBUG    Best Sigma0: 3. Best sigma: 0.9 Best gamma: 1. Best Test accuracy: 0.922. Train acc: 0.9198666666666667. 

09-14 04:48 DEBUG    PDM_KL log: {(3, 0.9, 1): {'shapes': [(784, 233), (233,), (233, 10), (10,)], 'train_accuracy': 0.9198666666666667, 'test_accuracy': 0.922}} 
09-14 04:52 DEBUG    ****** PDM_KL matching ******** 
09-14 04:52 DEBUG    Best Sigma0: 3. Best sigma: 0.9 Best gamma: 1. Best Test accuracy: 0.0974. Train acc: 0.09751666666666667. 

09-14 04:52 DEBUG    PDM_KL log: {(3, 0.9, 1): {'shapes': [(784, 100), (100,), (100, 10), (10,)], 'train_accuracy': 0.09751666666666667, 'test_accuracy': 0.0974}} 
09-14 04:55 DEBUG    ****** PDM_KL matching ******** 
09-14 04:55 DEBUG    Best Sigma0: 3. Best sigma: 0.9 Best gamma: 1. Best Test accuracy: 0.0974. Train acc: 0.09751666666666667. 

09-14 04:55 DEBUG    PDM_KL log: {(3, 0.9, 1): {'shapes': [(784, 100), (100,), (100, 10), (10,)], 'train_accuracy': 0.09751666666666667, 'test_accuracy': 0.0974}} 
09-14 04:58 DEBUG    ****** PDM_KL matching ******** 
09-14 04:58 DEBUG    Best Sigma0: 3. Best sigma: 0.9 Best gamma: 1. Best Test accuracy: 0.0974. Train acc: 0.09751666666666667. 

09-14 04:58 DEBUG    PDM_KL log: {(3, 0.9, 1): {'shapes': [(784, 100), (100,), (100, 10), (10,)], 'train_accuracy': 0.09751666666666667, 'test_accuracy': 0.0974}} 
09-14 04:58 DEBUG    Trial 5 completed
09-14 04:58 DEBUG    ####################################################################################################
09-14 04:58 DEBUG    ####################################################################################################
09-14 04:58 DEBUG    Executing Trial 6 with seed 6
09-14 04:58 DEBUG    Data statistics: {0: {0: 1658, 1: 4, 2: 651, 3: 1118, 4: 124, 5: 860}, 1: {0: 1935, 1: 263, 2: 66, 3: 326, 4: 564, 5: 466, 6: 105, 7: 42, 8: 1239}, 2: {0: 166, 1: 805, 2: 513, 3: 23, 4: 1356, 5: 147, 6: 590, 7: 290, 8: 412}, 3: {0: 19, 1: 25, 2: 1040, 3: 42, 4: 4, 5: 252, 6: 1123, 7: 26, 8: 448, 9: 204}, 4: {0: 107, 1: 31, 2: 15, 3: 32, 4: 1208, 5: 380, 6: 4, 7: 22, 8: 562, 9: 317}, 5: {0: 1, 1: 5, 2: 463, 3: 83, 4: 52, 5: 7, 6: 971, 7: 1318, 8: 39, 9: 1371}, 6: {0: 858, 1: 346, 2: 351, 3: 507, 4: 370, 5: 202, 6: 1628}, 7: {0: 46, 1: 1712, 2: 826, 3: 162, 4: 15, 5: 269, 6: 341, 7: 6, 8: 331, 9: 533}, 8: {0: 191, 1: 101, 2: 29, 3: 24, 4: 61, 5: 1, 6: 199, 7: 118, 8: 44, 9: 1504}, 9: {0: 6, 1: 2, 2: 363, 3: 1024, 4: 508, 5: 403, 6: 510, 7: 64, 8: 481, 9: 1606}, 10: {0: 333, 1: 481, 2: 422, 3: 1067, 4: 280, 5: 74, 6: 8, 8: 50, 9: 355}, 11: {0: 14, 1: 1781, 2: 347, 3: 630, 4: 132, 6: 3, 7: 1, 8: 1864}, 12: {0: 109, 1: 698, 2: 168, 3: 452, 4: 163, 5: 26, 6: 19, 7: 380, 8: 381, 9: 58}, 13: {0: 15, 1: 487, 2: 691, 3: 519, 4: 712, 5: 874, 6: 378, 7: 1941}, 14: {0: 465, 1: 1, 2: 13, 3: 122, 4: 293, 5: 1460, 6: 39, 7: 2057, 9: 1}}
09-14 05:01 DEBUG    **************************************************
09-14 05:01 DEBUG    Running experiments 

09-14 05:02 DEBUG    Uniform ensemble (Train acc): 0.958117
09-14 05:02 DEBUG    Uniform ensemble (Test acc): 0.955700
09-14 05:02 DEBUG    FedAvg (Train acc): 0.104200
09-14 05:02 DEBUG    FedAvg (Test acc): 0.104100
09-14 05:11 DEBUG    ****** PDM_KL matching ******** 
09-14 05:11 DEBUG    Best Sigma0: 3. Best sigma: 0.9 Best gamma: 1. Best Test accuracy: 0.8829. Train acc: 0.88765. 

09-14 05:11 DEBUG    PDM_KL log: {(3, 0.9, 1): {'shapes': [(784, 700), (700,), (700, 10), (10,)], 'train_accuracy': 0.88765, 'test_accuracy': 0.8829}} 
09-14 05:32 DEBUG    ****** PDM_KL matching ******** 
09-14 05:32 DEBUG    Best Sigma0: 3. Best sigma: 0.9 Best gamma: 1. Best Test accuracy: 0.8793. Train acc: 0.88265. 

09-14 05:32 DEBUG    PDM_KL log: {(3, 0.9, 1): {'shapes': [(784, 700), (700,), (700, 10), (10,)], 'train_accuracy': 0.88265, 'test_accuracy': 0.8793}} 
09-14 05:50 DEBUG    ****** PDM_KL matching ******** 
09-14 05:50 DEBUG    Best Sigma0: 3. Best sigma: 0.9 Best gamma: 1. Best Test accuracy: 0.8801. Train acc: 0.8838666666666667. 

09-14 05:50 DEBUG    PDM_KL log: {(3, 0.9, 1): {'shapes': [(784, 700), (700,), (700, 10), (10,)], 'train_accuracy': 0.8838666666666667, 'test_accuracy': 0.8801}} 
09-14 06:12 DEBUG    ****** PDM_KL matching ******** 
09-14 06:12 DEBUG    Best Sigma0: 3. Best sigma: 0.9 Best gamma: 1. Best Test accuracy: 0.88. Train acc: 0.8841166666666667. 

09-14 06:12 DEBUG    PDM_KL log: {(3, 0.9, 1): {'shapes': [(784, 700), (700,), (700, 10), (10,)], 'train_accuracy': 0.8841166666666667, 'test_accuracy': 0.88}} 
09-14 06:36 DEBUG    ****** PDM_KL matching ******** 
09-14 06:36 DEBUG    Best Sigma0: 3. Best sigma: 0.9 Best gamma: 1. Best Test accuracy: 0.8768. Train acc: 0.8799333333333333. 

09-14 06:36 DEBUG    PDM_KL log: {(3, 0.9, 1): {'shapes': [(784, 700), (700,), (700, 10), (10,)], 'train_accuracy': 0.8799333333333333, 'test_accuracy': 0.8768}} 
09-14 06:59 DEBUG    ****** PDM_KL matching ******** 
09-14 06:59 DEBUG    Best Sigma0: 3. Best sigma: 0.9 Best gamma: 1. Best Test accuracy: 0.873. Train acc: 0.8774. 

09-14 06:59 DEBUG    PDM_KL log: {(3, 0.9, 1): {'shapes': [(784, 700), (700,), (700, 10), (10,)], 'train_accuracy': 0.8774, 'test_accuracy': 0.873}} 
09-14 07:17 DEBUG    ****** PDM_KL matching ******** 
09-14 07:17 DEBUG    Best Sigma0: 3. Best sigma: 0.9 Best gamma: 1. Best Test accuracy: 0.8738. Train acc: 0.8771666666666667. 

09-14 07:17 DEBUG    PDM_KL log: {(3, 0.9, 1): {'shapes': [(784, 700), (700,), (700, 10), (10,)], 'train_accuracy': 0.8771666666666667, 'test_accuracy': 0.8738}} 
09-14 07:23 DEBUG    ****** PDM_KL matching ******** 
09-14 07:23 DEBUG    Best Sigma0: 3. Best sigma: 0.9 Best gamma: 1. Best Test accuracy: 0.8338. Train acc: 0.8396833333333333. 

09-14 07:23 DEBUG    PDM_KL log: {(3, 0.9, 1): {'shapes': [(784, 251), (251,), (251, 10), (10,)], 'train_accuracy': 0.8396833333333333, 'test_accuracy': 0.8338}} 
09-14 07:25 DEBUG    ****** PDM_KL matching ******** 
09-14 07:25 DEBUG    Best Sigma0: 3. Best sigma: 0.9 Best gamma: 1. Best Test accuracy: 0.0974. Train acc: 0.09751666666666667. 

09-14 07:25 DEBUG    PDM_KL log: {(3, 0.9, 1): {'shapes': [(784, 100), (100,), (100, 10), (10,)], 'train_accuracy': 0.09751666666666667, 'test_accuracy': 0.0974}} 
09-14 07:27 DEBUG    ****** PDM_KL matching ******** 
09-14 07:27 DEBUG    Best Sigma0: 3. Best sigma: 0.9 Best gamma: 1. Best Test accuracy: 0.0974. Train acc: 0.09751666666666667. 

09-14 07:27 DEBUG    PDM_KL log: {(3, 0.9, 1): {'shapes': [(784, 100), (100,), (100, 10), (10,)], 'train_accuracy': 0.09751666666666667, 'test_accuracy': 0.0974}} 
09-14 07:29 DEBUG    ****** PDM_KL matching ******** 
09-14 07:29 DEBUG    Best Sigma0: 3. Best sigma: 0.9 Best gamma: 1. Best Test accuracy: 0.0974. Train acc: 0.09751666666666667. 

09-14 07:29 DEBUG    PDM_KL log: {(3, 0.9, 1): {'shapes': [(784, 100), (100,), (100, 10), (10,)], 'train_accuracy': 0.09751666666666667, 'test_accuracy': 0.0974}} 
09-14 07:29 DEBUG    Trial 6 completed
09-14 07:29 DEBUG    ####################################################################################################
09-14 07:29 DEBUG    ####################################################################################################
09-14 07:29 DEBUG    Executing Trial 7 with seed 7
09-14 07:29 DEBUG    Data statistics: {0: {0: 32, 1: 868, 2: 12, 3: 983, 4: 1346, 5: 131, 6: 713}, 1: {0: 104, 1: 70, 3: 466, 4: 133, 5: 356, 6: 21, 7: 117, 8: 24, 9: 3094}, 2: {0: 2939, 1: 2050}, 3: {0: 363, 1: 346, 2: 1496, 3: 62, 4: 528, 5: 39, 6: 199, 7: 185, 8: 1368}, 4: {0: 207, 1: 3, 2: 84, 3: 11, 4: 1416, 5: 120, 6: 4, 7: 68, 8: 1, 9: 1174}, 5: {0: 88, 1: 108, 2: 23, 3: 73, 4: 146, 5: 817, 6: 47, 7: 293, 8: 2502}, 6: {0: 515, 1: 655, 2: 345, 3: 56, 4: 941, 5: 10, 6: 1164, 7: 15, 8: 175, 9: 339}, 7: {0: 89, 1: 804, 2: 2322, 3: 456, 4: 385}, 8: {0: 84, 1: 1155, 2: 749, 3: 136, 5: 249, 6: 38, 7: 2430}, 9: {0: 432, 1: 44, 2: 549, 3: 151, 4: 17, 5: 181, 6: 1754, 7: 712, 8: 431}, 10: {0: 210, 1: 4, 2: 2, 3: 204, 4: 207, 5: 41, 6: 21, 7: 215, 8: 34, 9: 221}, 11: {0: 593, 1: 64, 2: 23, 3: 773, 4: 1, 5: 1163, 6: 6, 8: 175, 9: 922}, 12: {0: 17, 1: 294, 2: 348, 3: 233, 4: 199, 5: 19, 6: 1066, 7: 1335, 8: 1118}, 13: {1: 109, 2: 2, 3: 144, 4: 409, 5: 510, 6: 884, 7: 895, 8: 22, 9: 199}, 14: {0: 250, 1: 168, 2: 3, 3: 2383, 4: 114, 5: 1785, 6: 1, 8: 1}}
09-14 07:31 DEBUG    **************************************************
09-14 07:31 DEBUG    Running experiments 

09-14 07:32 DEBUG    Uniform ensemble (Train acc): 0.933150
09-14 07:32 DEBUG    Uniform ensemble (Test acc): 0.931200
09-14 07:32 DEBUG    FedAvg (Train acc): 0.168150
09-14 07:32 DEBUG    FedAvg (Test acc): 0.170500
09-14 07:41 DEBUG    ****** PDM_KL matching ******** 
09-14 07:41 DEBUG    Best Sigma0: 3. Best sigma: 0.9 Best gamma: 1. Best Test accuracy: 0.8479. Train acc: 0.8519666666666666. 

09-14 07:41 DEBUG    PDM_KL log: {(3, 0.9, 1): {'shapes': [(784, 700), (700,), (700, 10), (10,)], 'train_accuracy': 0.8519666666666666, 'test_accuracy': 0.8479}} 
09-14 07:58 DEBUG    ****** PDM_KL matching ******** 
09-14 07:58 DEBUG    Best Sigma0: 3. Best sigma: 0.9 Best gamma: 1. Best Test accuracy: 0.8488. Train acc: 0.8528833333333333. 

09-14 07:58 DEBUG    PDM_KL log: {(3, 0.9, 1): {'shapes': [(784, 700), (700,), (700, 10), (10,)], 'train_accuracy': 0.8528833333333333, 'test_accuracy': 0.8488}} 
09-14 08:17 DEBUG    ****** PDM_KL matching ******** 
09-14 08:17 DEBUG    Best Sigma0: 3. Best sigma: 0.9 Best gamma: 1. Best Test accuracy: 0.8497. Train acc: 0.8544. 

09-14 08:17 DEBUG    PDM_KL log: {(3, 0.9, 1): {'shapes': [(784, 700), (700,), (700, 10), (10,)], 'train_accuracy': 0.8544, 'test_accuracy': 0.8497}} 
09-14 08:35 DEBUG    ****** PDM_KL matching ******** 
09-14 08:35 DEBUG    Best Sigma0: 3. Best sigma: 0.9 Best gamma: 1. Best Test accuracy: 0.8487. Train acc: 0.8527333333333333. 

09-14 08:35 DEBUG    PDM_KL log: {(3, 0.9, 1): {'shapes': [(784, 701), (701,), (701, 10), (10,)], 'train_accuracy': 0.8527333333333333, 'test_accuracy': 0.8487}} 
09-14 08:48 DEBUG    ****** PDM_KL matching ******** 
09-14 08:48 DEBUG    Best Sigma0: 3. Best sigma: 0.9 Best gamma: 1. Best Test accuracy: 0.8494. Train acc: 0.85355. 

09-14 08:48 DEBUG    PDM_KL log: {(3, 0.9, 1): {'shapes': [(784, 700), (700,), (700, 10), (10,)], 'train_accuracy': 0.85355, 'test_accuracy': 0.8494}} 
09-14 09:00 DEBUG    ****** PDM_KL matching ******** 
09-14 09:00 DEBUG    Best Sigma0: 3. Best sigma: 0.9 Best gamma: 1. Best Test accuracy: 0.8499. Train acc: 0.8538166666666667. 

09-14 09:00 DEBUG    PDM_KL log: {(3, 0.9, 1): {'shapes': [(784, 700), (700,), (700, 10), (10,)], 'train_accuracy': 0.8538166666666667, 'test_accuracy': 0.8499}} 
09-14 09:15 DEBUG    ****** PDM_KL matching ******** 
09-14 09:15 DEBUG    Best Sigma0: 3. Best sigma: 0.9 Best gamma: 1. Best Test accuracy: 0.8512. Train acc: 0.8553166666666666. 

09-14 09:15 DEBUG    PDM_KL log: {(3, 0.9, 1): {'shapes': [(784, 658), (658,), (658, 10), (10,)], 'train_accuracy': 0.8553166666666666, 'test_accuracy': 0.8512}} 
09-14 09:21 DEBUG    ****** PDM_KL matching ******** 
09-14 09:21 DEBUG    Best Sigma0: 3. Best sigma: 0.9 Best gamma: 1. Best Test accuracy: 0.813. Train acc: 0.8160833333333334. 

09-14 09:21 DEBUG    PDM_KL log: {(3, 0.9, 1): {'shapes': [(784, 194), (194,), (194, 10), (10,)], 'train_accuracy': 0.8160833333333334, 'test_accuracy': 0.813}} 
09-14 09:25 DEBUG    ****** PDM_KL matching ******** 
09-14 09:25 DEBUG    Best Sigma0: 3. Best sigma: 0.9 Best gamma: 1. Best Test accuracy: 0.0974. Train acc: 0.09751666666666667. 

09-14 09:25 DEBUG    PDM_KL log: {(3, 0.9, 1): {'shapes': [(784, 100), (100,), (100, 10), (10,)], 'train_accuracy': 0.09751666666666667, 'test_accuracy': 0.0974}} 
09-14 09:27 DEBUG    ****** PDM_KL matching ******** 
09-14 09:27 DEBUG    Best Sigma0: 3. Best sigma: 0.9 Best gamma: 1. Best Test accuracy: 0.0974. Train acc: 0.09751666666666667. 

09-14 09:27 DEBUG    PDM_KL log: {(3, 0.9, 1): {'shapes': [(784, 100), (100,), (100, 10), (10,)], 'train_accuracy': 0.09751666666666667, 'test_accuracy': 0.0974}} 
09-14 09:31 DEBUG    ****** PDM_KL matching ******** 
09-14 09:31 DEBUG    Best Sigma0: 3. Best sigma: 0.9 Best gamma: 1. Best Test accuracy: 0.0974. Train acc: 0.09751666666666667. 

09-14 09:31 DEBUG    PDM_KL log: {(3, 0.9, 1): {'shapes': [(784, 100), (100,), (100, 10), (10,)], 'train_accuracy': 0.09751666666666667, 'test_accuracy': 0.0974}} 
09-14 09:31 DEBUG    Trial 7 completed
09-14 09:31 DEBUG    ####################################################################################################
09-14 09:31 DEBUG    ####################################################################################################
09-14 09:31 DEBUG    Executing Trial 8 with seed 8
09-14 09:31 DEBUG    Data statistics: {0: {0: 378, 1: 2, 2: 448, 3: 87, 4: 480, 5: 21, 6: 442, 7: 56, 8: 1050, 9: 444}, 1: {0: 297, 1: 168, 2: 678, 3: 75, 4: 167, 5: 41, 6: 16, 7: 1757, 8: 1985}, 2: {0: 232, 1: 1211, 2: 80, 3: 846, 4: 560, 5: 20, 6: 960, 7: 239}, 3: {0: 286, 1: 76, 2: 153, 3: 751, 4: 611, 5: 971, 6: 130, 7: 23, 8: 10, 9: 270}, 4: {0: 126, 1: 207, 2: 53, 3: 141, 4: 1170, 5: 220, 6: 17, 7: 423, 9: 169}, 5: {0: 361, 1: 176, 2: 156, 3: 17, 4: 1117, 5: 222, 6: 1837, 7: 2, 8: 176}, 6: {0: 1669, 1: 90, 2: 504, 3: 13, 4: 421, 5: 30, 6: 41, 8: 28, 9: 34}, 7: {0: 53, 1: 1944, 2: 145, 3: 1905}, 8: {0: 310, 1: 111, 2: 9, 3: 202, 4: 251, 5: 260, 6: 515, 7: 1548, 8: 1962}, 9: {0: 97, 1: 123, 2: 43, 3: 82, 4: 120, 5: 433, 6: 6, 7: 318, 8: 393, 9: 219}, 10: {0: 119, 1: 175, 2: 2037, 3: 884, 4: 245, 5: 230, 6: 311}, 11: {0: 532, 1: 551, 2: 728, 3: 6, 4: 84, 5: 5, 6: 1118, 7: 1686}, 12: {0: 94, 1: 1090, 2: 231, 3: 1056, 4: 552, 5: 2052}, 13: {0: 853, 1: 776, 2: 322, 3: 4, 4: 47, 5: 480, 6: 149, 7: 87, 8: 233, 9: 209}, 14: {0: 516, 1: 42, 2: 371, 3: 62, 4: 17, 5: 436, 6: 376, 7: 126, 8: 14, 9: 4604}}
09-14 09:32 DEBUG    **************************************************
09-14 09:32 DEBUG    Running experiments 

09-14 09:33 DEBUG    Uniform ensemble (Train acc): 0.932100
09-14 09:33 DEBUG    Uniform ensemble (Test acc): 0.927700
09-14 09:34 DEBUG    FedAvg (Train acc): 0.169700
09-14 09:34 DEBUG    FedAvg (Test acc): 0.175000
09-14 09:45 DEBUG    ****** PDM_KL matching ******** 
09-14 09:45 DEBUG    Best Sigma0: 3. Best sigma: 0.9 Best gamma: 1. Best Test accuracy: 0.8402. Train acc: 0.8442333333333333. 

09-14 09:45 DEBUG    PDM_KL log: {(3, 0.9, 1): {'shapes': [(784, 700), (700,), (700, 10), (10,)], 'train_accuracy': 0.8442333333333333, 'test_accuracy': 0.8402}} 
09-14 10:05 DEBUG    ****** PDM_KL matching ******** 
09-14 10:05 DEBUG    Best Sigma0: 3. Best sigma: 0.9 Best gamma: 1. Best Test accuracy: 0.8392. Train acc: 0.84375. 

09-14 10:05 DEBUG    PDM_KL log: {(3, 0.9, 1): {'shapes': [(784, 700), (700,), (700, 10), (10,)], 'train_accuracy': 0.84375, 'test_accuracy': 0.8392}} 
09-14 10:24 DEBUG    ****** PDM_KL matching ******** 
09-14 10:24 DEBUG    Best Sigma0: 3. Best sigma: 0.9 Best gamma: 1. Best Test accuracy: 0.8423. Train acc: 0.8457166666666667. 

09-14 10:24 DEBUG    PDM_KL log: {(3, 0.9, 1): {'shapes': [(784, 700), (700,), (700, 10), (10,)], 'train_accuracy': 0.8457166666666667, 'test_accuracy': 0.8423}} 
09-14 10:44 DEBUG    ****** PDM_KL matching ******** 
09-14 10:44 DEBUG    Best Sigma0: 3. Best sigma: 0.9 Best gamma: 1. Best Test accuracy: 0.8397. Train acc: 0.8433833333333334. 

09-14 10:44 DEBUG    PDM_KL log: {(3, 0.9, 1): {'shapes': [(784, 700), (700,), (700, 10), (10,)], 'train_accuracy': 0.8433833333333334, 'test_accuracy': 0.8397}} 
09-14 11:02 DEBUG    ****** PDM_KL matching ******** 
09-14 11:02 DEBUG    Best Sigma0: 3. Best sigma: 0.9 Best gamma: 1. Best Test accuracy: 0.843. Train acc: 0.8471333333333333. 

09-14 11:02 DEBUG    PDM_KL log: {(3, 0.9, 1): {'shapes': [(784, 701), (701,), (701, 10), (10,)], 'train_accuracy': 0.8471333333333333, 'test_accuracy': 0.843}} 
09-14 11:17 DEBUG    ****** PDM_KL matching ******** 
09-14 11:17 DEBUG    Best Sigma0: 3. Best sigma: 0.9 Best gamma: 1. Best Test accuracy: 0.8397. Train acc: 0.8443333333333334. 

09-14 11:17 DEBUG    PDM_KL log: {(3, 0.9, 1): {'shapes': [(784, 700), (700,), (700, 10), (10,)], 'train_accuracy': 0.8443333333333334, 'test_accuracy': 0.8397}} 
09-14 11:30 DEBUG    ****** PDM_KL matching ******** 
09-14 11:30 DEBUG    Best Sigma0: 3. Best sigma: 0.9 Best gamma: 1. Best Test accuracy: 0.842. Train acc: 0.8455166666666667. 

09-14 11:30 DEBUG    PDM_KL log: {(3, 0.9, 1): {'shapes': [(784, 695), (695,), (695, 10), (10,)], 'train_accuracy': 0.8455166666666667, 'test_accuracy': 0.842}} 
09-14 11:33 DEBUG    ****** PDM_KL matching ******** 
09-14 11:33 DEBUG    Best Sigma0: 3. Best sigma: 0.9 Best gamma: 1. Best Test accuracy: 0.8306. Train acc: 0.8323333333333334. 

09-14 11:33 DEBUG    PDM_KL log: {(3, 0.9, 1): {'shapes': [(784, 223), (223,), (223, 10), (10,)], 'train_accuracy': 0.8323333333333334, 'test_accuracy': 0.8306}} 
09-14 11:34 DEBUG    ****** PDM_KL matching ******** 
09-14 11:34 DEBUG    Best Sigma0: 3. Best sigma: 0.9 Best gamma: 1. Best Test accuracy: 0.0974. Train acc: 0.09751666666666667. 

09-14 11:34 DEBUG    PDM_KL log: {(3, 0.9, 1): {'shapes': [(784, 100), (100,), (100, 10), (10,)], 'train_accuracy': 0.09751666666666667, 'test_accuracy': 0.0974}} 
09-14 11:36 DEBUG    ****** PDM_KL matching ******** 
09-14 11:36 DEBUG    Best Sigma0: 3. Best sigma: 0.9 Best gamma: 1. Best Test accuracy: 0.0974. Train acc: 0.09751666666666667. 

09-14 11:36 DEBUG    PDM_KL log: {(3, 0.9, 1): {'shapes': [(784, 100), (100,), (100, 10), (10,)], 'train_accuracy': 0.09751666666666667, 'test_accuracy': 0.0974}} 
09-14 11:37 DEBUG    ****** PDM_KL matching ******** 
09-14 11:37 DEBUG    Best Sigma0: 3. Best sigma: 0.9 Best gamma: 1. Best Test accuracy: 0.0974. Train acc: 0.09751666666666667. 

09-14 11:37 DEBUG    PDM_KL log: {(3, 0.9, 1): {'shapes': [(784, 100), (100,), (100, 10), (10,)], 'train_accuracy': 0.09751666666666667, 'test_accuracy': 0.0974}} 
09-14 11:37 DEBUG    Trial 8 completed
09-14 11:37 DEBUG    ####################################################################################################
09-14 11:37 DEBUG    ####################################################################################################
09-14 11:37 DEBUG    Executing Trial 9 with seed 9
09-14 11:37 DEBUG    Data statistics: {0: {0: 160, 1: 214, 2: 1552, 3: 104, 4: 149, 5: 1481, 6: 858}, 1: {0: 1297, 1: 7, 2: 587, 3: 448, 4: 246, 6: 8, 7: 4, 8: 382, 9: 74}, 2: {0: 137, 1: 53, 2: 98, 3: 57, 4: 35, 5: 3, 6: 38, 7: 399, 8: 316, 9: 1239}, 3: {0: 256, 1: 84, 2: 171, 3: 113, 4: 407, 5: 100, 6: 2, 7: 12, 8: 85, 9: 1123}, 4: {0: 347, 1: 3, 2: 175, 3: 31, 4: 221, 5: 265, 6: 6, 7: 354, 8: 2875}, 5: {0: 879, 1: 1547, 2: 926, 3: 76, 4: 301, 5: 402}, 6: {0: 48, 1: 287, 2: 315, 3: 734, 4: 31, 5: 28, 6: 1722, 7: 269, 8: 482, 9: 102}, 7: {0: 285, 1: 474, 2: 521, 3: 747, 4: 40, 5: 1696, 6: 4, 7: 287}, 8: {0: 72, 1: 142, 2: 483, 3: 235, 4: 1393, 6: 1657, 7: 1551}, 9: {0: 305, 1: 11, 2: 837, 3: 428, 4: 235, 5: 269, 6: 806, 7: 61, 8: 965, 9: 349}, 10: {0: 10, 1: 87, 2: 97, 3: 81, 4: 554, 5: 244, 6: 28, 7: 2390, 8: 283, 9: 2095}, 11: {0: 87, 1: 1551, 2: 30, 3: 1785, 4: 1567}, 12: {0: 524, 1: 7, 2: 73, 3: 5, 4: 99, 5: 8, 6: 614, 8: 43, 9: 65}, 13: {0: 306, 1: 1, 2: 88, 3: 1029, 4: 51, 5: 925, 6: 174, 7: 938, 8: 420, 9: 902}, 14: {0: 1210, 1: 2274, 2: 5, 3: 258, 4: 513, 6: 1}}
09-14 11:38 DEBUG    **************************************************
09-14 11:38 DEBUG    Running experiments 

09-14 11:39 DEBUG    Uniform ensemble (Train acc): 0.948750
09-14 11:39 DEBUG    Uniform ensemble (Test acc): 0.944700
09-14 11:39 DEBUG    FedAvg (Train acc): 0.146950
09-14 11:39 DEBUG    FedAvg (Test acc): 0.149400
09-14 11:47 DEBUG    ****** PDM_KL matching ******** 
09-14 11:47 DEBUG    Best Sigma0: 3. Best sigma: 0.9 Best gamma: 1. Best Test accuracy: 0.8408. Train acc: 0.8474833333333334. 

09-14 11:47 DEBUG    PDM_KL log: {(3, 0.9, 1): {'shapes': [(784, 700), (700,), (700, 10), (10,)], 'train_accuracy': 0.8474833333333334, 'test_accuracy': 0.8408}} 
09-14 12:02 DEBUG    ****** PDM_KL matching ******** 
09-14 12:02 DEBUG    Best Sigma0: 3. Best sigma: 0.9 Best gamma: 1. Best Test accuracy: 0.842. Train acc: 0.8490666666666666. 

09-14 12:02 DEBUG    PDM_KL log: {(3, 0.9, 1): {'shapes': [(784, 700), (700,), (700, 10), (10,)], 'train_accuracy': 0.8490666666666666, 'test_accuracy': 0.842}} 
09-14 12:18 DEBUG    ****** PDM_KL matching ******** 
09-14 12:18 DEBUG    Best Sigma0: 3. Best sigma: 0.9 Best gamma: 1. Best Test accuracy: 0.8409. Train acc: 0.8473166666666667. 

09-14 12:18 DEBUG    PDM_KL log: {(3, 0.9, 1): {'shapes': [(784, 700), (700,), (700, 10), (10,)], 'train_accuracy': 0.8473166666666667, 'test_accuracy': 0.8409}} 
09-14 12:37 DEBUG    ****** PDM_KL matching ******** 
09-14 12:37 DEBUG    Best Sigma0: 3. Best sigma: 0.9 Best gamma: 1. Best Test accuracy: 0.8436. Train acc: 0.85105. 

09-14 12:37 DEBUG    PDM_KL log: {(3, 0.9, 1): {'shapes': [(784, 700), (700,), (700, 10), (10,)], 'train_accuracy': 0.85105, 'test_accuracy': 0.8436}} 
09-14 12:56 DEBUG    ****** PDM_KL matching ******** 
09-14 12:56 DEBUG    Best Sigma0: 3. Best sigma: 0.9 Best gamma: 1. Best Test accuracy: 0.8427. Train acc: 0.8502666666666666. 

09-14 12:56 DEBUG    PDM_KL log: {(3, 0.9, 1): {'shapes': [(784, 700), (700,), (700, 10), (10,)], 'train_accuracy': 0.8502666666666666, 'test_accuracy': 0.8427}} 
09-14 13:15 DEBUG    ****** PDM_KL matching ******** 
09-14 13:15 DEBUG    Best Sigma0: 3. Best sigma: 0.9 Best gamma: 1. Best Test accuracy: 0.8469. Train acc: 0.8555666666666667. 

09-14 13:15 DEBUG    PDM_KL log: {(3, 0.9, 1): {'shapes': [(784, 700), (700,), (700, 10), (10,)], 'train_accuracy': 0.8555666666666667, 'test_accuracy': 0.8469}} 
09-14 13:34 DEBUG    ****** PDM_KL matching ******** 
09-14 13:34 DEBUG    Best Sigma0: 3. Best sigma: 0.9 Best gamma: 1. Best Test accuracy: 0.8479. Train acc: 0.8554666666666667. 

09-14 13:34 DEBUG    PDM_KL log: {(3, 0.9, 1): {'shapes': [(784, 696), (696,), (696, 10), (10,)], 'train_accuracy': 0.8554666666666667, 'test_accuracy': 0.8479}} 
09-14 13:41 DEBUG    ****** PDM_KL matching ******** 
09-14 13:41 DEBUG    Best Sigma0: 3. Best sigma: 0.9 Best gamma: 1. Best Test accuracy: 0.8755. Train acc: 0.8789. 

09-14 13:41 DEBUG    PDM_KL log: {(3, 0.9, 1): {'shapes': [(784, 213), (213,), (213, 10), (10,)], 'train_accuracy': 0.8789, 'test_accuracy': 0.8755}} 
09-14 13:44 DEBUG    ****** PDM_KL matching ******** 
09-14 13:44 DEBUG    Best Sigma0: 3. Best sigma: 0.9 Best gamma: 1. Best Test accuracy: 0.0982. Train acc: 0.09736666666666667. 

09-14 13:44 DEBUG    PDM_KL log: {(3, 0.9, 1): {'shapes': [(784, 100), (100,), (100, 10), (10,)], 'train_accuracy': 0.09736666666666667, 'test_accuracy': 0.0982}} 
09-14 13:47 DEBUG    ****** PDM_KL matching ******** 
09-14 13:47 DEBUG    Best Sigma0: 3. Best sigma: 0.9 Best gamma: 1. Best Test accuracy: 0.0982. Train acc: 0.09736666666666667. 

09-14 13:47 DEBUG    PDM_KL log: {(3, 0.9, 1): {'shapes': [(784, 100), (100,), (100, 10), (10,)], 'train_accuracy': 0.09736666666666667, 'test_accuracy': 0.0982}} 
09-14 13:50 DEBUG    ****** PDM_KL matching ******** 
09-14 13:50 DEBUG    Best Sigma0: 3. Best sigma: 0.9 Best gamma: 1. Best Test accuracy: 0.0982. Train acc: 0.09736666666666667. 

09-14 13:50 DEBUG    PDM_KL log: {(3, 0.9, 1): {'shapes': [(784, 100), (100,), (100, 10), (10,)], 'train_accuracy': 0.09736666666666667, 'test_accuracy': 0.0982}} 
09-14 13:50 DEBUG    Trial 9 completed
09-14 13:50 DEBUG    ####################################################################################################
