09-16 03:45 DEBUG    Experiment arguments: Namespace(alpha=0.5, communication_rounds=None, datadir='data/mnist', dataset='mnist', device=1.0, dropout_p=0.0, epochs=10, experiment=['all'], init_seed=0, iter_epochs=5, layers=1, loaddir='saved_weights/mnist/homo', logdir='KL_regs_bst_hyp/mnist/homo', lr=0.01, lr_decay=1.0, n=6, n_layers=1, n_nets=10, net_config=[784, 100, 100, 10], num_pool_workers=6, partition='homo', pdm_gamma=10, pdm_sig=0.5, pdm_sig0=10, reg=1e-06, reg_fac=0.0, trials=10)
09-16 03:45 DEBUG    ####################################################################################################
09-16 03:45 DEBUG    Executing Trial 0 with seed 0
09-16 03:45 DEBUG    Data statistics: {0: {0: 605, 1: 688, 2: 586, 3: 583, 4: 565, 5: 518, 6: 631, 7: 625, 8: 584, 9: 615}, 1: {0: 600, 1: 691, 2: 580, 3: 625, 4: 588, 5: 557, 6: 559, 7: 603, 8: 607, 9: 590}, 2: {0: 607, 1: 691, 2: 583, 3: 639, 4: 577, 5: 516, 6: 571, 7: 641, 8: 596, 9: 579}, 3: {0: 605, 1: 642, 2: 610, 3: 580, 4: 590, 5: 565, 6: 572, 7: 632, 8: 591, 9: 613}, 4: {0: 578, 1: 653, 2: 600, 3: 593, 4: 627, 5: 556, 6: 629, 7: 608, 8: 581, 9: 575}, 5: {0: 596, 1: 690, 2: 594, 3: 650, 4: 589, 5: 539, 6: 547, 7: 612, 8: 568, 9: 615}, 6: {0: 598, 1: 645, 2: 614, 3: 624, 4: 572, 5: 556, 6: 605, 7: 605, 8: 601, 9: 580}, 7: {0: 544, 1: 682, 2: 604, 3: 591, 4: 605, 5: 562, 6: 601, 7: 694, 8: 525, 9: 592}, 8: {0: 564, 1: 665, 2: 608, 3: 647, 4: 566, 5: 520, 6: 615, 7: 613, 8: 594, 9: 608}, 9: {0: 626, 1: 695, 2: 579, 3: 599, 4: 563, 5: 532, 6: 588, 7: 632, 8: 604, 9: 582}}
09-16 03:45 DEBUG    **************************************************
09-16 03:45 DEBUG    Running experiments 

09-16 03:46 DEBUG    Uniform ensemble (Train acc): 0.970117
09-16 03:46 DEBUG    Uniform ensemble (Test acc): 0.967300
09-16 03:46 DEBUG    FedAvg (Train acc): 0.097517
09-16 03:46 DEBUG    FedAvg (Test acc): 0.097400
09-16 03:49 DEBUG    ****** PDM_KL matching ******** 
09-16 03:49 DEBUG    Best Sigma0: 10. Best sigma: 0.5 Best gamma: 10. Best Test accuracy: 0.9458. Train acc: 0.9523666666666667. 

09-16 03:49 DEBUG    PDM_KL log: {(10, 0.5, 10): {'shapes': [(784, 700), (700,), (700, 127), (127,), (127, 10), (10,)], 'train_accuracy': 0.9523666666666667, 'test_accuracy': 0.9458}} 
09-16 03:58 DEBUG    ****** PDM_KL matching ******** 
09-16 03:58 DEBUG    Best Sigma0: 10. Best sigma: 0.5 Best gamma: 10. Best Test accuracy: 0.9467. Train acc: 0.9522833333333334. 

09-16 03:58 DEBUG    PDM_KL log: {(10, 0.5, 10): {'shapes': [(784, 700), (700,), (700, 127), (127,), (127, 10), (10,)], 'train_accuracy': 0.9522833333333334, 'test_accuracy': 0.9467}} 
09-16 04:08 DEBUG    ****** PDM_KL matching ******** 
09-16 04:08 DEBUG    Best Sigma0: 10. Best sigma: 0.5 Best gamma: 10. Best Test accuracy: 0.9495. Train acc: 0.95265. 

09-16 04:08 DEBUG    PDM_KL log: {(10, 0.5, 10): {'shapes': [(784, 700), (700,), (700, 127), (127,), (127, 10), (10,)], 'train_accuracy': 0.95265, 'test_accuracy': 0.9495}} 
09-16 04:19 DEBUG    ****** PDM_KL matching ******** 
09-16 04:19 DEBUG    Best Sigma0: 10. Best sigma: 0.5 Best gamma: 10. Best Test accuracy: 0.9481. Train acc: 0.9535166666666667. 

09-16 04:19 DEBUG    PDM_KL log: {(10, 0.5, 10): {'shapes': [(784, 700), (700,), (700, 127), (127,), (127, 10), (10,)], 'train_accuracy': 0.9535166666666667, 'test_accuracy': 0.9481}} 
09-16 04:30 DEBUG    ****** PDM_KL matching ******** 
09-16 04:30 DEBUG    Best Sigma0: 10. Best sigma: 0.5 Best gamma: 10. Best Test accuracy: 0.9507. Train acc: 0.9563166666666667. 

09-16 04:30 DEBUG    PDM_KL log: {(10, 0.5, 10): {'shapes': [(784, 700), (700,), (700, 127), (127,), (127, 10), (10,)], 'train_accuracy': 0.9563166666666667, 'test_accuracy': 0.9507}} 
09-16 04:40 DEBUG    ****** PDM_KL matching ******** 
09-16 04:40 DEBUG    Best Sigma0: 10. Best sigma: 0.5 Best gamma: 10. Best Test accuracy: 0.95. Train acc: 0.9538. 

09-16 04:40 DEBUG    PDM_KL log: {(10, 0.5, 10): {'shapes': [(784, 700), (700,), (700, 127), (127,), (127, 10), (10,)], 'train_accuracy': 0.9538, 'test_accuracy': 0.95}} 
09-16 04:51 DEBUG    ****** PDM_KL matching ******** 
09-16 04:51 DEBUG    Best Sigma0: 10. Best sigma: 0.5 Best gamma: 10. Best Test accuracy: 0.9542. Train acc: 0.95595. 

09-16 04:51 DEBUG    PDM_KL log: {(10, 0.5, 10): {'shapes': [(784, 700), (700,), (700, 127), (127,), (127, 10), (10,)], 'train_accuracy': 0.95595, 'test_accuracy': 0.9542}} 
09-16 05:00 DEBUG    ****** PDM_KL matching ******** 
09-16 05:00 DEBUG    Best Sigma0: 10. Best sigma: 0.5 Best gamma: 10. Best Test accuracy: 0.9377. Train acc: 0.9432666666666667. 

09-16 05:00 DEBUG    PDM_KL log: {(10, 0.5, 10): {'shapes': [(784, 631), (631,), (631, 127), (127,), (127, 10), (10,)], 'train_accuracy': 0.9432666666666667, 'test_accuracy': 0.9377}} 
09-16 05:02 DEBUG    ****** PDM_KL matching ******** 
09-16 05:02 DEBUG    Best Sigma0: 10. Best sigma: 0.5 Best gamma: 10. Best Test accuracy: 0.0974. Train acc: 0.09751666666666667. 

09-16 05:02 DEBUG    PDM_KL log: {(10, 0.5, 10): {'shapes': [(784, 100), (100,), (100, 118), (118,), (118, 10), (10,)], 'train_accuracy': 0.09751666666666667, 'test_accuracy': 0.0974}} 
09-16 05:04 DEBUG    ****** PDM_KL matching ******** 
09-16 05:04 DEBUG    Best Sigma0: 10. Best sigma: 0.5 Best gamma: 10. Best Test accuracy: 0.0974. Train acc: 0.09751666666666667. 

09-16 05:04 DEBUG    PDM_KL log: {(10, 0.5, 10): {'shapes': [(784, 100), (100,), (100, 109), (109,), (109, 10), (10,)], 'train_accuracy': 0.09751666666666667, 'test_accuracy': 0.0974}} 
09-16 05:07 DEBUG    ****** PDM_KL matching ******** 
09-16 05:07 DEBUG    Best Sigma0: 10. Best sigma: 0.5 Best gamma: 10. Best Test accuracy: 0.0974. Train acc: 0.09751666666666667. 

09-16 05:07 DEBUG    PDM_KL log: {(10, 0.5, 10): {'shapes': [(784, 100), (100,), (100, 109), (109,), (109, 10), (10,)], 'train_accuracy': 0.09751666666666667, 'test_accuracy': 0.0974}} 
09-16 05:07 DEBUG    Trial 0 completed
09-16 05:07 DEBUG    ####################################################################################################
09-16 05:07 DEBUG    ####################################################################################################
09-16 05:07 DEBUG    Executing Trial 1 with seed 1
09-16 05:07 DEBUG    Data statistics: {0: {0: 557, 1: 696, 2: 602, 3: 636, 4: 575, 5: 546, 6: 627, 7: 624, 8: 576, 9: 561}, 1: {0: 601, 1: 677, 2: 592, 3: 601, 4: 582, 5: 564, 6: 560, 7: 641, 8: 596, 9: 586}, 2: {0: 591, 1: 660, 2: 607, 3: 619, 4: 583, 5: 604, 6: 584, 7: 609, 8: 571, 9: 572}, 3: {0: 623, 1: 679, 2: 587, 3: 602, 4: 589, 5: 560, 6: 607, 7: 599, 8: 574, 9: 580}, 4: {0: 590, 1: 642, 2: 599, 3: 608, 4: 583, 5: 509, 6: 602, 7: 625, 8: 610, 9: 632}, 5: {0: 583, 1: 694, 2: 623, 3: 653, 4: 590, 5: 491, 6: 584, 7: 637, 8: 556, 9: 589}, 6: {0: 602, 1: 679, 2: 644, 3: 599, 4: 566, 5: 530, 6: 564, 7: 609, 8: 624, 9: 583}, 7: {0: 573, 1: 639, 2: 569, 3: 580, 4: 608, 5: 541, 6: 602, 7: 653, 8: 589, 9: 646}, 8: {0: 622, 1: 669, 2: 567, 3: 612, 4: 597, 5: 553, 6: 579, 7: 635, 8: 578, 9: 588}, 9: {0: 581, 1: 707, 2: 568, 3: 621, 4: 569, 5: 523, 6: 609, 7: 633, 8: 577, 9: 612}}
09-16 05:08 DEBUG    **************************************************
09-16 05:08 DEBUG    Running experiments 

09-16 05:08 DEBUG    Uniform ensemble (Train acc): 0.969800
09-16 05:08 DEBUG    Uniform ensemble (Test acc): 0.966200
09-16 05:09 DEBUG    FedAvg (Train acc): 0.097517
09-16 05:09 DEBUG    FedAvg (Test acc): 0.097400
09-16 05:15 DEBUG    ****** PDM_KL matching ******** 
09-16 05:15 DEBUG    Best Sigma0: 10. Best sigma: 0.5 Best gamma: 10. Best Test accuracy: 0.9452. Train acc: 0.9449333333333333. 

09-16 05:15 DEBUG    PDM_KL log: {(10, 0.5, 10): {'shapes': [(784, 700), (700,), (700, 127), (127,), (127, 10), (10,)], 'train_accuracy': 0.9449333333333333, 'test_accuracy': 0.9452}} 
09-16 05:26 DEBUG    ****** PDM_KL matching ******** 
09-16 05:26 DEBUG    Best Sigma0: 10. Best sigma: 0.5 Best gamma: 10. Best Test accuracy: 0.9509. Train acc: 0.9498166666666666. 

09-16 05:26 DEBUG    PDM_KL log: {(10, 0.5, 10): {'shapes': [(784, 700), (700,), (700, 127), (127,), (127, 10), (10,)], 'train_accuracy': 0.9498166666666666, 'test_accuracy': 0.9509}} 
09-16 05:36 DEBUG    ****** PDM_KL matching ******** 
09-16 05:36 DEBUG    Best Sigma0: 10. Best sigma: 0.5 Best gamma: 10. Best Test accuracy: 0.9497. Train acc: 0.9524666666666667. 

09-16 05:36 DEBUG    PDM_KL log: {(10, 0.5, 10): {'shapes': [(784, 700), (700,), (700, 127), (127,), (127, 10), (10,)], 'train_accuracy': 0.9524666666666667, 'test_accuracy': 0.9497}} 
09-16 05:45 DEBUG    ****** PDM_KL matching ******** 
09-16 05:45 DEBUG    Best Sigma0: 10. Best sigma: 0.5 Best gamma: 10. Best Test accuracy: 0.9531. Train acc: 0.9516333333333333. 

09-16 05:45 DEBUG    PDM_KL log: {(10, 0.5, 10): {'shapes': [(784, 700), (700,), (700, 127), (127,), (127, 10), (10,)], 'train_accuracy': 0.9516333333333333, 'test_accuracy': 0.9531}} 
09-16 05:56 DEBUG    ****** PDM_KL matching ******** 
09-16 05:56 DEBUG    Best Sigma0: 10. Best sigma: 0.5 Best gamma: 10. Best Test accuracy: 0.9511. Train acc: 0.9519. 

09-16 05:56 DEBUG    PDM_KL log: {(10, 0.5, 10): {'shapes': [(784, 700), (700,), (700, 127), (127,), (127, 10), (10,)], 'train_accuracy': 0.9519, 'test_accuracy': 0.9511}} 
09-16 06:06 DEBUG    ****** PDM_KL matching ******** 
09-16 06:06 DEBUG    Best Sigma0: 10. Best sigma: 0.5 Best gamma: 10. Best Test accuracy: 0.95. Train acc: 0.9496166666666667. 

09-16 06:06 DEBUG    PDM_KL log: {(10, 0.5, 10): {'shapes': [(784, 700), (700,), (700, 127), (127,), (127, 10), (10,)], 'train_accuracy': 0.9496166666666667, 'test_accuracy': 0.95}} 
09-16 06:13 DEBUG    ****** PDM_KL matching ******** 
09-16 06:13 DEBUG    Best Sigma0: 10. Best sigma: 0.5 Best gamma: 10. Best Test accuracy: 0.9442. Train acc: 0.9472. 

09-16 06:13 DEBUG    PDM_KL log: {(10, 0.5, 10): {'shapes': [(784, 700), (700,), (700, 127), (127,), (127, 10), (10,)], 'train_accuracy': 0.9472, 'test_accuracy': 0.9442}} 
09-16 06:22 DEBUG    ****** PDM_KL matching ******** 
09-16 06:22 DEBUG    Best Sigma0: 10. Best sigma: 0.5 Best gamma: 10. Best Test accuracy: 0.9538. Train acc: 0.9558. 

09-16 06:22 DEBUG    PDM_KL log: {(10, 0.5, 10): {'shapes': [(784, 604), (604,), (604, 127), (127,), (127, 10), (10,)], 'train_accuracy': 0.9558, 'test_accuracy': 0.9538}} 
09-16 06:24 DEBUG    ****** PDM_KL matching ******** 
09-16 06:24 DEBUG    Best Sigma0: 10. Best sigma: 0.5 Best gamma: 10. Best Test accuracy: 0.0974. Train acc: 0.09751666666666667. 

09-16 06:24 DEBUG    PDM_KL log: {(10, 0.5, 10): {'shapes': [(784, 100), (100,), (100, 118), (118,), (118, 10), (10,)], 'train_accuracy': 0.09751666666666667, 'test_accuracy': 0.0974}} 
09-16 06:25 DEBUG    ****** PDM_KL matching ******** 
09-16 06:25 DEBUG    Best Sigma0: 10. Best sigma: 0.5 Best gamma: 10. Best Test accuracy: 0.0974. Train acc: 0.09751666666666667. 

09-16 06:25 DEBUG    PDM_KL log: {(10, 0.5, 10): {'shapes': [(784, 100), (100,), (100, 109), (109,), (109, 10), (10,)], 'train_accuracy': 0.09751666666666667, 'test_accuracy': 0.0974}} 
09-16 06:26 DEBUG    ****** PDM_KL matching ******** 
09-16 06:26 DEBUG    Best Sigma0: 10. Best sigma: 0.5 Best gamma: 10. Best Test accuracy: 0.0974. Train acc: 0.09751666666666667. 

09-16 06:26 DEBUG    PDM_KL log: {(10, 0.5, 10): {'shapes': [(784, 100), (100,), (100, 109), (109,), (109, 10), (10,)], 'train_accuracy': 0.09751666666666667, 'test_accuracy': 0.0974}} 
09-16 06:26 DEBUG    Trial 1 completed
09-16 06:26 DEBUG    ####################################################################################################
09-16 06:26 DEBUG    ####################################################################################################
09-16 06:26 DEBUG    Executing Trial 2 with seed 2
09-16 06:26 DEBUG    Data statistics: {0: {0: 613, 1: 691, 2: 569, 3: 611, 4: 600, 5: 562, 6: 585, 7: 610, 8: 590, 9: 569}, 1: {0: 570, 1: 663, 2: 625, 3: 641, 4: 617, 5: 521, 6: 584, 7: 610, 8: 576, 9: 593}, 2: {0: 595, 1: 669, 2: 620, 3: 637, 4: 572, 5: 563, 6: 606, 7: 618, 8: 547, 9: 573}, 3: {0: 572, 1: 675, 2: 577, 3: 575, 4: 587, 5: 546, 6: 611, 7: 637, 8: 606, 9: 614}, 4: {0: 569, 1: 623, 2: 612, 3: 646, 4: 593, 5: 550, 6: 617, 7: 608, 8: 584, 9: 598}, 5: {0: 587, 1: 695, 2: 601, 3: 613, 4: 563, 5: 546, 6: 576, 7: 657, 8: 593, 9: 569}, 6: {0: 618, 1: 690, 2: 608, 3: 559, 4: 573, 5: 541, 6: 572, 7: 633, 8: 590, 9: 616}, 7: {0: 611, 1: 691, 2: 579, 3: 637, 4: 587, 5: 530, 6: 551, 7: 660, 8: 555, 9: 599}, 8: {0: 640, 1: 672, 2: 587, 3: 574, 4: 581, 5: 525, 6: 595, 7: 632, 8: 580, 9: 614}, 9: {0: 548, 1: 673, 2: 580, 3: 638, 4: 569, 5: 537, 6: 621, 7: 600, 8: 630, 9: 604}}
09-16 06:27 DEBUG    **************************************************
09-16 06:27 DEBUG    Running experiments 

09-16 06:28 DEBUG    Uniform ensemble (Train acc): 0.968150
09-16 06:28 DEBUG    Uniform ensemble (Test acc): 0.965300
09-16 06:29 DEBUG    FedAvg (Train acc): 0.097517
09-16 06:29 DEBUG    FedAvg (Test acc): 0.097400
09-16 06:35 DEBUG    ****** PDM_KL matching ******** 
09-16 06:35 DEBUG    Best Sigma0: 10. Best sigma: 0.5 Best gamma: 10. Best Test accuracy: 0.949. Train acc: 0.95315. 

09-16 06:35 DEBUG    PDM_KL log: {(10, 0.5, 10): {'shapes': [(784, 700), (700,), (700, 127), (127,), (127, 10), (10,)], 'train_accuracy': 0.95315, 'test_accuracy': 0.949}} 
09-16 06:44 DEBUG    ****** PDM_KL matching ******** 
09-16 06:44 DEBUG    Best Sigma0: 10. Best sigma: 0.5 Best gamma: 10. Best Test accuracy: 0.9461. Train acc: 0.9492333333333334. 

09-16 06:44 DEBUG    PDM_KL log: {(10, 0.5, 10): {'shapes': [(784, 700), (700,), (700, 127), (127,), (127, 10), (10,)], 'train_accuracy': 0.9492333333333334, 'test_accuracy': 0.9461}} 
09-16 06:55 DEBUG    ****** PDM_KL matching ******** 
09-16 06:55 DEBUG    Best Sigma0: 10. Best sigma: 0.5 Best gamma: 10. Best Test accuracy: 0.9464. Train acc: 0.9507333333333333. 

09-16 06:55 DEBUG    PDM_KL log: {(10, 0.5, 10): {'shapes': [(784, 700), (700,), (700, 127), (127,), (127, 10), (10,)], 'train_accuracy': 0.9507333333333333, 'test_accuracy': 0.9464}} 
09-16 07:04 DEBUG    ****** PDM_KL matching ******** 
09-16 07:04 DEBUG    Best Sigma0: 10. Best sigma: 0.5 Best gamma: 10. Best Test accuracy: 0.9529. Train acc: 0.9548333333333333. 

09-16 07:04 DEBUG    PDM_KL log: {(10, 0.5, 10): {'shapes': [(784, 700), (700,), (700, 127), (127,), (127, 10), (10,)], 'train_accuracy': 0.9548333333333333, 'test_accuracy': 0.9529}} 
09-16 07:15 DEBUG    ****** PDM_KL matching ******** 
09-16 07:15 DEBUG    Best Sigma0: 10. Best sigma: 0.5 Best gamma: 10. Best Test accuracy: 0.9537. Train acc: 0.95615. 

09-16 07:15 DEBUG    PDM_KL log: {(10, 0.5, 10): {'shapes': [(784, 700), (700,), (700, 127), (127,), (127, 10), (10,)], 'train_accuracy': 0.95615, 'test_accuracy': 0.9537}} 
09-16 07:22 DEBUG    ****** PDM_KL matching ******** 
09-16 07:22 DEBUG    Best Sigma0: 10. Best sigma: 0.5 Best gamma: 10. Best Test accuracy: 0.9498. Train acc: 0.9537833333333333. 

09-16 07:22 DEBUG    PDM_KL log: {(10, 0.5, 10): {'shapes': [(784, 700), (700,), (700, 127), (127,), (127, 10), (10,)], 'train_accuracy': 0.9537833333333333, 'test_accuracy': 0.9498}} 
09-16 07:32 DEBUG    ****** PDM_KL matching ******** 
09-16 07:32 DEBUG    Best Sigma0: 10. Best sigma: 0.5 Best gamma: 10. Best Test accuracy: 0.951. Train acc: 0.9551666666666667. 

09-16 07:32 DEBUG    PDM_KL log: {(10, 0.5, 10): {'shapes': [(784, 700), (700,), (700, 127), (127,), (127, 10), (10,)], 'train_accuracy': 0.9551666666666667, 'test_accuracy': 0.951}} 
09-16 07:39 DEBUG    ****** PDM_KL matching ******** 
09-16 07:39 DEBUG    Best Sigma0: 10. Best sigma: 0.5 Best gamma: 10. Best Test accuracy: 0.9458. Train acc: 0.95015. 

09-16 07:39 DEBUG    PDM_KL log: {(10, 0.5, 10): {'shapes': [(784, 622), (622,), (622, 127), (127,), (127, 10), (10,)], 'train_accuracy': 0.95015, 'test_accuracy': 0.9458}} 
09-16 07:41 DEBUG    ****** PDM_KL matching ******** 
09-16 07:41 DEBUG    Best Sigma0: 10. Best sigma: 0.5 Best gamma: 10. Best Test accuracy: 0.0974. Train acc: 0.09751666666666667. 

09-16 07:41 DEBUG    PDM_KL log: {(10, 0.5, 10): {'shapes': [(784, 100), (100,), (100, 118), (118,), (118, 10), (10,)], 'train_accuracy': 0.09751666666666667, 'test_accuracy': 0.0974}} 
09-16 07:44 DEBUG    ****** PDM_KL matching ******** 
09-16 07:44 DEBUG    Best Sigma0: 10. Best sigma: 0.5 Best gamma: 10. Best Test accuracy: 0.0974. Train acc: 0.09751666666666667. 

09-16 07:44 DEBUG    PDM_KL log: {(10, 0.5, 10): {'shapes': [(784, 100), (100,), (100, 118), (118,), (118, 10), (10,)], 'train_accuracy': 0.09751666666666667, 'test_accuracy': 0.0974}} 
09-16 07:47 DEBUG    ****** PDM_KL matching ******** 
09-16 07:47 DEBUG    Best Sigma0: 10. Best sigma: 0.5 Best gamma: 10. Best Test accuracy: 0.0974. Train acc: 0.09751666666666667. 

09-16 07:47 DEBUG    PDM_KL log: {(10, 0.5, 10): {'shapes': [(784, 100), (100,), (100, 109), (109,), (109, 10), (10,)], 'train_accuracy': 0.09751666666666667, 'test_accuracy': 0.0974}} 
09-16 07:47 DEBUG    Trial 2 completed
09-16 07:47 DEBUG    ####################################################################################################
09-16 07:47 DEBUG    ####################################################################################################
09-16 07:47 DEBUG    Executing Trial 3 with seed 3
09-16 07:47 DEBUG    Data statistics: {0: {0: 578, 1: 726, 2: 611, 3: 606, 4: 571, 5: 535, 6: 562, 7: 646, 8: 594, 9: 571}, 1: {0: 600, 1: 656, 2: 590, 3: 593, 4: 586, 5: 569, 6: 596, 7: 639, 8: 573, 9: 598}, 2: {0: 557, 1: 671, 2: 594, 3: 628, 4: 595, 5: 530, 6: 564, 7: 644, 8: 612, 9: 605}, 3: {0: 574, 1: 669, 2: 615, 3: 645, 4: 595, 5: 523, 6: 579, 7: 577, 8: 600, 9: 623}, 4: {0: 574, 1: 677, 2: 571, 3: 636, 4: 600, 5: 539, 6: 608, 7: 623, 8: 579, 9: 593}, 5: {0: 585, 1: 682, 2: 619, 3: 631, 4: 587, 5: 524, 6: 591, 7: 599, 8: 553, 9: 629}, 6: {0: 626, 1: 693, 2: 582, 3: 595, 4: 568, 5: 563, 6: 605, 7: 618, 8: 588, 9: 562}, 7: {0: 613, 1: 663, 2: 592, 3: 590, 4: 550, 5: 521, 6: 600, 7: 660, 8: 615, 9: 596}, 8: {0: 624, 1: 689, 2: 589, 3: 620, 4: 567, 5: 570, 6: 575, 7: 618, 8: 563, 9: 585}, 9: {0: 592, 1: 616, 2: 595, 3: 587, 4: 623, 5: 547, 6: 638, 7: 641, 8: 574, 9: 587}}
09-16 07:49 DEBUG    **************************************************
09-16 07:49 DEBUG    Running experiments 

09-16 07:50 DEBUG    Uniform ensemble (Train acc): 0.969817
09-16 07:50 DEBUG    Uniform ensemble (Test acc): 0.966100
09-16 07:50 DEBUG    FedAvg (Train acc): 0.097517
09-16 07:50 DEBUG    FedAvg (Test acc): 0.097400
09-16 07:56 DEBUG    ****** PDM_KL matching ******** 
09-16 07:56 DEBUG    Best Sigma0: 10. Best sigma: 0.5 Best gamma: 10. Best Test accuracy: 0.943. Train acc: 0.9454666666666667. 

09-16 07:56 DEBUG    PDM_KL log: {(10, 0.5, 10): {'shapes': [(784, 700), (700,), (700, 127), (127,), (127, 10), (10,)], 'train_accuracy': 0.9454666666666667, 'test_accuracy': 0.943}} 
09-16 08:06 DEBUG    ****** PDM_KL matching ******** 
09-16 08:06 DEBUG    Best Sigma0: 10. Best sigma: 0.5 Best gamma: 10. Best Test accuracy: 0.9506. Train acc: 0.9514833333333333. 

09-16 08:06 DEBUG    PDM_KL log: {(10, 0.5, 10): {'shapes': [(784, 700), (700,), (700, 127), (127,), (127, 10), (10,)], 'train_accuracy': 0.9514833333333333, 'test_accuracy': 0.9506}} 
09-16 08:18 DEBUG    ****** PDM_KL matching ******** 
09-16 08:18 DEBUG    Best Sigma0: 10. Best sigma: 0.5 Best gamma: 10. Best Test accuracy: 0.9161. Train acc: 0.9234666666666667. 

09-16 08:18 DEBUG    PDM_KL log: {(10, 0.5, 10): {'shapes': [(784, 700), (700,), (700, 127), (127,), (127, 10), (10,)], 'train_accuracy': 0.9234666666666667, 'test_accuracy': 0.9161}} 
09-16 08:26 DEBUG    ****** PDM_KL matching ******** 
09-16 08:26 DEBUG    Best Sigma0: 10. Best sigma: 0.5 Best gamma: 10. Best Test accuracy: 0.9469. Train acc: 0.9517666666666666. 

09-16 08:26 DEBUG    PDM_KL log: {(10, 0.5, 10): {'shapes': [(784, 700), (700,), (700, 127), (127,), (127, 10), (10,)], 'train_accuracy': 0.9517666666666666, 'test_accuracy': 0.9469}} 
09-16 08:35 DEBUG    ****** PDM_KL matching ******** 
09-16 08:35 DEBUG    Best Sigma0: 10. Best sigma: 0.5 Best gamma: 10. Best Test accuracy: 0.9433. Train acc: 0.94685. 

09-16 08:35 DEBUG    PDM_KL log: {(10, 0.5, 10): {'shapes': [(784, 700), (700,), (700, 127), (127,), (127, 10), (10,)], 'train_accuracy': 0.94685, 'test_accuracy': 0.9433}} 
09-16 08:45 DEBUG    ****** PDM_KL matching ******** 
09-16 08:45 DEBUG    Best Sigma0: 10. Best sigma: 0.5 Best gamma: 10. Best Test accuracy: 0.9334. Train acc: 0.9367666666666666. 

09-16 08:45 DEBUG    PDM_KL log: {(10, 0.5, 10): {'shapes': [(784, 700), (700,), (700, 127), (127,), (127, 10), (10,)], 'train_accuracy': 0.9367666666666666, 'test_accuracy': 0.9334}} 
09-16 08:55 DEBUG    ****** PDM_KL matching ******** 
09-16 08:55 DEBUG    Best Sigma0: 10. Best sigma: 0.5 Best gamma: 10. Best Test accuracy: 0.9526. Train acc: 0.9552166666666667. 

09-16 08:55 DEBUG    PDM_KL log: {(10, 0.5, 10): {'shapes': [(784, 700), (700,), (700, 127), (127,), (127, 10), (10,)], 'train_accuracy': 0.9552166666666667, 'test_accuracy': 0.9526}} 
09-16 09:04 DEBUG    ****** PDM_KL matching ******** 
09-16 09:04 DEBUG    Best Sigma0: 10. Best sigma: 0.5 Best gamma: 10. Best Test accuracy: 0.9464. Train acc: 0.9503. 

09-16 09:04 DEBUG    PDM_KL log: {(10, 0.5, 10): {'shapes': [(784, 640), (640,), (640, 127), (127,), (127, 10), (10,)], 'train_accuracy': 0.9503, 'test_accuracy': 0.9464}} 
09-16 09:07 DEBUG    ****** PDM_KL matching ******** 
09-16 09:07 DEBUG    Best Sigma0: 10. Best sigma: 0.5 Best gamma: 10. Best Test accuracy: 0.0974. Train acc: 0.09751666666666667. 

09-16 09:07 DEBUG    PDM_KL log: {(10, 0.5, 10): {'shapes': [(784, 100), (100,), (100, 118), (118,), (118, 10), (10,)], 'train_accuracy': 0.09751666666666667, 'test_accuracy': 0.0974}} 
09-16 09:09 DEBUG    ****** PDM_KL matching ******** 
09-16 09:09 DEBUG    Best Sigma0: 10. Best sigma: 0.5 Best gamma: 10. Best Test accuracy: 0.0974. Train acc: 0.09751666666666667. 

09-16 09:09 DEBUG    PDM_KL log: {(10, 0.5, 10): {'shapes': [(784, 100), (100,), (100, 109), (109,), (109, 10), (10,)], 'train_accuracy': 0.09751666666666667, 'test_accuracy': 0.0974}} 
09-16 09:12 DEBUG    ****** PDM_KL matching ******** 
09-16 09:12 DEBUG    Best Sigma0: 10. Best sigma: 0.5 Best gamma: 10. Best Test accuracy: 0.0974. Train acc: 0.09751666666666667. 

09-16 09:12 DEBUG    PDM_KL log: {(10, 0.5, 10): {'shapes': [(784, 100), (100,), (100, 109), (109,), (109, 10), (10,)], 'train_accuracy': 0.09751666666666667, 'test_accuracy': 0.0974}} 
09-16 09:12 DEBUG    Trial 3 completed
09-16 09:12 DEBUG    ####################################################################################################
09-16 09:12 DEBUG    ####################################################################################################
09-16 09:12 DEBUG    Executing Trial 4 with seed 4
09-16 09:12 DEBUG    Data statistics: {0: {0: 580, 1: 694, 2: 624, 3: 614, 4: 560, 5: 523, 6: 605, 7: 625, 8: 581, 9: 594}, 1: {0: 617, 1: 648, 2: 621, 3: 611, 4: 566, 5: 565, 6: 567, 7: 655, 8: 587, 9: 563}, 2: {0: 557, 1: 697, 2: 599, 3: 597, 4: 588, 5: 541, 6: 602, 7: 606, 8: 620, 9: 593}, 3: {0: 594, 1: 659, 2: 550, 3: 623, 4: 626, 5: 545, 6: 592, 7: 603, 8: 560, 9: 648}, 4: {0: 579, 1: 706, 2: 598, 3: 652, 4: 580, 5: 547, 6: 641, 7: 616, 8: 507, 9: 574}, 5: {0: 631, 1: 658, 2: 584, 3: 617, 4: 603, 5: 526, 6: 583, 7: 609, 8: 604, 9: 585}, 6: {0: 576, 1: 686, 2: 595, 3: 601, 4: 573, 5: 535, 6: 589, 7: 678, 8: 559, 9: 608}, 7: {0: 614, 1: 663, 2: 624, 3: 600, 4: 587, 5: 528, 6: 574, 7: 610, 8: 636, 9: 564}, 8: {0: 577, 1: 690, 2: 601, 3: 589, 4: 581, 5: 550, 6: 549, 7: 641, 8: 593, 9: 629}, 9: {0: 598, 1: 641, 2: 562, 3: 627, 4: 578, 5: 561, 6: 616, 7: 622, 8: 604, 9: 591}}
09-16 09:13 DEBUG    **************************************************
09-16 09:13 DEBUG    Running experiments 

09-16 09:14 DEBUG    Uniform ensemble (Train acc): 0.967733
09-16 09:14 DEBUG    Uniform ensemble (Test acc): 0.964800
09-16 09:14 DEBUG    FedAvg (Train acc): 0.097517
09-16 09:14 DEBUG    FedAvg (Test acc): 0.097400
09-16 09:18 DEBUG    ****** PDM_KL matching ******** 
09-16 09:18 DEBUG    Best Sigma0: 10. Best sigma: 0.5 Best gamma: 10. Best Test accuracy: 0.9379. Train acc: 0.94045. 

09-16 09:18 DEBUG    PDM_KL log: {(10, 0.5, 10): {'shapes': [(784, 700), (700,), (700, 127), (127,), (127, 10), (10,)], 'train_accuracy': 0.94045, 'test_accuracy': 0.9379}} 
09-16 09:27 DEBUG    ****** PDM_KL matching ******** 
09-16 09:27 DEBUG    Best Sigma0: 10. Best sigma: 0.5 Best gamma: 10. Best Test accuracy: 0.9272. Train acc: 0.9294166666666667. 

09-16 09:27 DEBUG    PDM_KL log: {(10, 0.5, 10): {'shapes': [(784, 700), (700,), (700, 127), (127,), (127, 10), (10,)], 'train_accuracy': 0.9294166666666667, 'test_accuracy': 0.9272}} 
09-16 09:37 DEBUG    ****** PDM_KL matching ******** 
09-16 09:37 DEBUG    Best Sigma0: 10. Best sigma: 0.5 Best gamma: 10. Best Test accuracy: 0.9225. Train acc: 0.9229. 

09-16 09:37 DEBUG    PDM_KL log: {(10, 0.5, 10): {'shapes': [(784, 700), (700,), (700, 127), (127,), (127, 10), (10,)], 'train_accuracy': 0.9229, 'test_accuracy': 0.9225}} 
09-16 09:45 DEBUG    ****** PDM_KL matching ******** 
09-16 09:45 DEBUG    Best Sigma0: 10. Best sigma: 0.5 Best gamma: 10. Best Test accuracy: 0.9215. Train acc: 0.9258333333333333. 

09-16 09:45 DEBUG    PDM_KL log: {(10, 0.5, 10): {'shapes': [(784, 700), (700,), (700, 127), (127,), (127, 10), (10,)], 'train_accuracy': 0.9258333333333333, 'test_accuracy': 0.9215}} 
09-16 09:56 DEBUG    ****** PDM_KL matching ******** 
09-16 09:56 DEBUG    Best Sigma0: 10. Best sigma: 0.5 Best gamma: 10. Best Test accuracy: 0.9185. Train acc: 0.9228. 

09-16 09:56 DEBUG    PDM_KL log: {(10, 0.5, 10): {'shapes': [(784, 700), (700,), (700, 127), (127,), (127, 10), (10,)], 'train_accuracy': 0.9228, 'test_accuracy': 0.9185}} 
09-16 10:06 DEBUG    ****** PDM_KL matching ******** 
09-16 10:06 DEBUG    Best Sigma0: 10. Best sigma: 0.5 Best gamma: 10. Best Test accuracy: 0.9233. Train acc: 0.9258333333333333. 

09-16 10:06 DEBUG    PDM_KL log: {(10, 0.5, 10): {'shapes': [(784, 700), (700,), (700, 127), (127,), (127, 10), (10,)], 'train_accuracy': 0.9258333333333333, 'test_accuracy': 0.9233}} 
09-16 10:15 DEBUG    ****** PDM_KL matching ******** 
09-16 10:15 DEBUG    Best Sigma0: 10. Best sigma: 0.5 Best gamma: 10. Best Test accuracy: 0.9164. Train acc: 0.9217833333333333. 

09-16 10:15 DEBUG    PDM_KL log: {(10, 0.5, 10): {'shapes': [(784, 700), (700,), (700, 127), (127,), (127, 10), (10,)], 'train_accuracy': 0.9217833333333333, 'test_accuracy': 0.9164}} 
09-16 10:25 DEBUG    ****** PDM_KL matching ******** 
09-16 10:25 DEBUG    Best Sigma0: 10. Best sigma: 0.5 Best gamma: 10. Best Test accuracy: 0.9183. Train acc: 0.9208833333333334. 

09-16 10:25 DEBUG    PDM_KL log: {(10, 0.5, 10): {'shapes': [(784, 622), (622,), (622, 127), (127,), (127, 10), (10,)], 'train_accuracy': 0.9208833333333334, 'test_accuracy': 0.9183}} 
09-16 10:27 DEBUG    ****** PDM_KL matching ******** 
09-16 10:27 DEBUG    Best Sigma0: 10. Best sigma: 0.5 Best gamma: 10. Best Test accuracy: 0.0974. Train acc: 0.09751666666666667. 

09-16 10:27 DEBUG    PDM_KL log: {(10, 0.5, 10): {'shapes': [(784, 100), (100,), (100, 118), (118,), (118, 10), (10,)], 'train_accuracy': 0.09751666666666667, 'test_accuracy': 0.0974}} 
09-16 10:28 DEBUG    ****** PDM_KL matching ******** 
09-16 10:28 DEBUG    Best Sigma0: 10. Best sigma: 0.5 Best gamma: 10. Best Test accuracy: 0.0974. Train acc: 0.09751666666666667. 

09-16 10:28 DEBUG    PDM_KL log: {(10, 0.5, 10): {'shapes': [(784, 100), (100,), (100, 109), (109,), (109, 10), (10,)], 'train_accuracy': 0.09751666666666667, 'test_accuracy': 0.0974}} 
09-16 10:29 DEBUG    ****** PDM_KL matching ******** 
09-16 10:29 DEBUG    Best Sigma0: 10. Best sigma: 0.5 Best gamma: 10. Best Test accuracy: 0.0974. Train acc: 0.09751666666666667. 

09-16 10:29 DEBUG    PDM_KL log: {(10, 0.5, 10): {'shapes': [(784, 100), (100,), (100, 109), (109,), (109, 10), (10,)], 'train_accuracy': 0.09751666666666667, 'test_accuracy': 0.0974}} 
09-16 10:29 DEBUG    Trial 4 completed
09-16 10:29 DEBUG    ####################################################################################################
09-16 10:29 DEBUG    ####################################################################################################
09-16 10:29 DEBUG    Executing Trial 5 with seed 5
09-16 10:29 DEBUG    Data statistics: {0: {0: 565, 1: 648, 2: 579, 3: 636, 4: 604, 5: 509, 6: 611, 7: 660, 8: 602, 9: 586}, 1: {0: 633, 1: 675, 2: 592, 3: 613, 4: 571, 5: 505, 6: 594, 7: 640, 8: 580, 9: 597}, 2: {0: 603, 1: 699, 2: 564, 3: 589, 4: 573, 5: 546, 6: 576, 7: 621, 8: 593, 9: 636}, 3: {0: 626, 1: 652, 2: 608, 3: 607, 4: 574, 5: 563, 6: 581, 7: 634, 8: 552, 9: 603}, 4: {0: 579, 1: 684, 2: 592, 3: 631, 4: 561, 5: 548, 6: 565, 7: 626, 8: 637, 9: 577}, 5: {0: 579, 1: 672, 2: 616, 3: 629, 4: 575, 5: 552, 6: 588, 7: 647, 8: 559, 9: 583}, 6: {0: 579, 1: 664, 2: 607, 3: 607, 4: 628, 5: 580, 6: 564, 7: 592, 8: 565, 9: 614}, 7: {0: 572, 1: 678, 2: 612, 3: 616, 4: 591, 5: 535, 6: 626, 7: 624, 8: 557, 9: 589}, 8: {0: 603, 1: 683, 2: 591, 3: 628, 4: 582, 5: 559, 6: 610, 7: 611, 8: 571, 9: 562}, 9: {0: 584, 1: 687, 2: 597, 3: 575, 4: 583, 5: 524, 6: 603, 7: 610, 8: 635, 9: 602}}
09-16 10:30 DEBUG    **************************************************
09-16 10:30 DEBUG    Running experiments 

09-16 10:31 DEBUG    Uniform ensemble (Train acc): 0.970317
09-16 10:31 DEBUG    Uniform ensemble (Test acc): 0.966200
09-16 10:32 DEBUG    FedAvg (Train acc): 0.097517
09-16 10:32 DEBUG    FedAvg (Test acc): 0.097400
09-16 10:38 DEBUG    ****** PDM_KL matching ******** 
09-16 10:38 DEBUG    Best Sigma0: 10. Best sigma: 0.5 Best gamma: 10. Best Test accuracy: 0.9485. Train acc: 0.9496166666666667. 

09-16 10:38 DEBUG    PDM_KL log: {(10, 0.5, 10): {'shapes': [(784, 700), (700,), (700, 127), (127,), (127, 10), (10,)], 'train_accuracy': 0.9496166666666667, 'test_accuracy': 0.9485}} 
09-16 10:47 DEBUG    ****** PDM_KL matching ******** 
09-16 10:47 DEBUG    Best Sigma0: 10. Best sigma: 0.5 Best gamma: 10. Best Test accuracy: 0.9504. Train acc: 0.9517. 

09-16 10:47 DEBUG    PDM_KL log: {(10, 0.5, 10): {'shapes': [(784, 700), (700,), (700, 127), (127,), (127, 10), (10,)], 'train_accuracy': 0.9517, 'test_accuracy': 0.9504}} 
09-16 10:54 DEBUG    ****** PDM_KL matching ******** 
09-16 10:54 DEBUG    Best Sigma0: 10. Best sigma: 0.5 Best gamma: 10. Best Test accuracy: 0.9545. Train acc: 0.9557333333333333. 

09-16 10:54 DEBUG    PDM_KL log: {(10, 0.5, 10): {'shapes': [(784, 700), (700,), (700, 127), (127,), (127, 10), (10,)], 'train_accuracy': 0.9557333333333333, 'test_accuracy': 0.9545}} 
09-16 11:05 DEBUG    ****** PDM_KL matching ******** 
09-16 11:05 DEBUG    Best Sigma0: 10. Best sigma: 0.5 Best gamma: 10. Best Test accuracy: 0.951. Train acc: 0.9535. 

09-16 11:05 DEBUG    PDM_KL log: {(10, 0.5, 10): {'shapes': [(784, 700), (700,), (700, 127), (127,), (127, 10), (10,)], 'train_accuracy': 0.9535, 'test_accuracy': 0.951}} 
09-16 11:13 DEBUG    ****** PDM_KL matching ******** 
09-16 11:13 DEBUG    Best Sigma0: 10. Best sigma: 0.5 Best gamma: 10. Best Test accuracy: 0.9512. Train acc: 0.9515. 

09-16 11:13 DEBUG    PDM_KL log: {(10, 0.5, 10): {'shapes': [(784, 700), (700,), (700, 127), (127,), (127, 10), (10,)], 'train_accuracy': 0.9515, 'test_accuracy': 0.9512}} 
09-16 11:24 DEBUG    ****** PDM_KL matching ******** 
09-16 11:24 DEBUG    Best Sigma0: 10. Best sigma: 0.5 Best gamma: 10. Best Test accuracy: 0.9507. Train acc: 0.9518666666666666. 

09-16 11:24 DEBUG    PDM_KL log: {(10, 0.5, 10): {'shapes': [(784, 700), (700,), (700, 127), (127,), (127, 10), (10,)], 'train_accuracy': 0.9518666666666666, 'test_accuracy': 0.9507}} 
09-16 11:36 DEBUG    ****** PDM_KL matching ******** 
09-16 11:36 DEBUG    Best Sigma0: 10. Best sigma: 0.5 Best gamma: 10. Best Test accuracy: 0.951. Train acc: 0.9498666666666666. 

09-16 11:36 DEBUG    PDM_KL log: {(10, 0.5, 10): {'shapes': [(784, 700), (700,), (700, 127), (127,), (127, 10), (10,)], 'train_accuracy': 0.9498666666666666, 'test_accuracy': 0.951}} 
09-16 11:44 DEBUG    ****** PDM_KL matching ******** 
09-16 11:44 DEBUG    Best Sigma0: 10. Best sigma: 0.5 Best gamma: 10. Best Test accuracy: 0.9489. Train acc: 0.9496. 

09-16 11:44 DEBUG    PDM_KL log: {(10, 0.5, 10): {'shapes': [(784, 649), (649,), (649, 127), (127,), (127, 10), (10,)], 'train_accuracy': 0.9496, 'test_accuracy': 0.9489}} 
09-16 11:47 DEBUG    ****** PDM_KL matching ******** 
09-16 11:47 DEBUG    Best Sigma0: 10. Best sigma: 0.5 Best gamma: 10. Best Test accuracy: 0.0974. Train acc: 0.09751666666666667. 

09-16 11:47 DEBUG    PDM_KL log: {(10, 0.5, 10): {'shapes': [(784, 100), (100,), (100, 118), (118,), (118, 10), (10,)], 'train_accuracy': 0.09751666666666667, 'test_accuracy': 0.0974}} 
09-16 11:50 DEBUG    ****** PDM_KL matching ******** 
09-16 11:50 DEBUG    Best Sigma0: 10. Best sigma: 0.5 Best gamma: 10. Best Test accuracy: 0.0974. Train acc: 0.09751666666666667. 

09-16 11:50 DEBUG    PDM_KL log: {(10, 0.5, 10): {'shapes': [(784, 100), (100,), (100, 109), (109,), (109, 10), (10,)], 'train_accuracy': 0.09751666666666667, 'test_accuracy': 0.0974}} 
09-16 11:53 DEBUG    ****** PDM_KL matching ******** 
09-16 11:53 DEBUG    Best Sigma0: 10. Best sigma: 0.5 Best gamma: 10. Best Test accuracy: 0.0974. Train acc: 0.09751666666666667. 

09-16 11:53 DEBUG    PDM_KL log: {(10, 0.5, 10): {'shapes': [(784, 100), (100,), (100, 109), (109,), (109, 10), (10,)], 'train_accuracy': 0.09751666666666667, 'test_accuracy': 0.0974}} 
09-16 11:53 DEBUG    Trial 5 completed
09-16 11:53 DEBUG    ####################################################################################################
09-16 11:53 DEBUG    ####################################################################################################
09-16 11:53 DEBUG    Executing Trial 6 with seed 6
09-16 11:53 DEBUG    Data statistics: {0: {0: 590, 1: 661, 2: 587, 3: 624, 4: 613, 5: 542, 6: 623, 7: 604, 8: 557, 9: 599}, 1: {0: 561, 1: 716, 2: 606, 3: 636, 4: 568, 5: 547, 6: 552, 7: 633, 8: 614, 9: 567}, 2: {0: 606, 1: 716, 2: 582, 3: 615, 4: 579, 5: 513, 6: 583, 7: 607, 8: 571, 9: 628}, 3: {0: 589, 1: 664, 2: 553, 3: 609, 4: 561, 5: 570, 6: 620, 7: 636, 8: 604, 9: 594}, 4: {0: 592, 1: 682, 2: 656, 3: 604, 4: 573, 5: 521, 6: 594, 7: 634, 8: 569, 9: 575}, 5: {0: 572, 1: 693, 2: 589, 3: 661, 4: 560, 5: 546, 6: 572, 7: 638, 8: 589, 9: 580}, 6: {0: 626, 1: 663, 2: 593, 3: 573, 4: 615, 5: 560, 6: 604, 7: 597, 8: 566, 9: 603}, 7: {0: 617, 1: 650, 2: 594, 3: 583, 4: 591, 5: 500, 6: 617, 7: 657, 8: 579, 9: 612}, 8: {0: 578, 1: 643, 2: 592, 3: 629, 4: 581, 5: 554, 6: 571, 7: 653, 8: 588, 9: 611}, 9: {0: 592, 1: 654, 2: 606, 3: 597, 4: 601, 5: 568, 6: 582, 7: 606, 8: 614, 9: 580}}
09-16 11:54 DEBUG    **************************************************
09-16 11:54 DEBUG    Running experiments 

09-16 11:55 DEBUG    Uniform ensemble (Train acc): 0.969050
09-16 11:55 DEBUG    Uniform ensemble (Test acc): 0.966900
09-16 11:55 DEBUG    FedAvg (Train acc): 0.097517
09-16 11:55 DEBUG    FedAvg (Test acc): 0.097400
09-16 12:00 DEBUG    ****** PDM_KL matching ******** 
09-16 12:00 DEBUG    Best Sigma0: 10. Best sigma: 0.5 Best gamma: 10. Best Test accuracy: 0.9525. Train acc: 0.95605. 

09-16 12:00 DEBUG    PDM_KL log: {(10, 0.5, 10): {'shapes': [(784, 700), (700,), (700, 127), (127,), (127, 10), (10,)], 'train_accuracy': 0.95605, 'test_accuracy': 0.9525}} 
09-16 12:08 DEBUG    ****** PDM_KL matching ******** 
09-16 12:08 DEBUG    Best Sigma0: 10. Best sigma: 0.5 Best gamma: 10. Best Test accuracy: 0.9494. Train acc: 0.9509833333333333. 

09-16 12:08 DEBUG    PDM_KL log: {(10, 0.5, 10): {'shapes': [(784, 700), (700,), (700, 127), (127,), (127, 10), (10,)], 'train_accuracy': 0.9509833333333333, 'test_accuracy': 0.9494}} 
09-16 12:18 DEBUG    ****** PDM_KL matching ******** 
09-16 12:18 DEBUG    Best Sigma0: 10. Best sigma: 0.5 Best gamma: 10. Best Test accuracy: 0.9437. Train acc: 0.9471. 

09-16 12:18 DEBUG    PDM_KL log: {(10, 0.5, 10): {'shapes': [(784, 700), (700,), (700, 127), (127,), (127, 10), (10,)], 'train_accuracy': 0.9471, 'test_accuracy': 0.9437}} 
09-16 12:28 DEBUG    ****** PDM_KL matching ******** 
09-16 12:28 DEBUG    Best Sigma0: 10. Best sigma: 0.5 Best gamma: 10. Best Test accuracy: 0.9476. Train acc: 0.9507833333333333. 

09-16 12:28 DEBUG    PDM_KL log: {(10, 0.5, 10): {'shapes': [(784, 700), (700,), (700, 127), (127,), (127, 10), (10,)], 'train_accuracy': 0.9507833333333333, 'test_accuracy': 0.9476}} 
09-16 12:39 DEBUG    ****** PDM_KL matching ******** 
09-16 12:39 DEBUG    Best Sigma0: 10. Best sigma: 0.5 Best gamma: 10. Best Test accuracy: 0.9484. Train acc: 0.9518. 

09-16 12:39 DEBUG    PDM_KL log: {(10, 0.5, 10): {'shapes': [(784, 700), (700,), (700, 127), (127,), (127, 10), (10,)], 'train_accuracy': 0.9518, 'test_accuracy': 0.9484}} 
09-16 12:50 DEBUG    ****** PDM_KL matching ******** 
09-16 12:50 DEBUG    Best Sigma0: 10. Best sigma: 0.5 Best gamma: 10. Best Test accuracy: 0.9481. Train acc: 0.9533333333333334. 

09-16 12:50 DEBUG    PDM_KL log: {(10, 0.5, 10): {'shapes': [(784, 700), (700,), (700, 127), (127,), (127, 10), (10,)], 'train_accuracy': 0.9533333333333334, 'test_accuracy': 0.9481}} 
09-16 12:59 DEBUG    ****** PDM_KL matching ******** 
09-16 12:59 DEBUG    Best Sigma0: 10. Best sigma: 0.5 Best gamma: 10. Best Test accuracy: 0.9491. Train acc: 0.9498. 

09-16 12:59 DEBUG    PDM_KL log: {(10, 0.5, 10): {'shapes': [(784, 700), (700,), (700, 127), (127,), (127, 10), (10,)], 'train_accuracy': 0.9498, 'test_accuracy': 0.9491}} 
09-16 13:07 DEBUG    ****** PDM_KL matching ******** 
09-16 13:07 DEBUG    Best Sigma0: 10. Best sigma: 0.5 Best gamma: 10. Best Test accuracy: 0.9418. Train acc: 0.9449833333333333. 

09-16 13:07 DEBUG    PDM_KL log: {(10, 0.5, 10): {'shapes': [(784, 649), (649,), (649, 127), (127,), (127, 10), (10,)], 'train_accuracy': 0.9449833333333333, 'test_accuracy': 0.9418}} 
09-16 13:08 DEBUG    ****** PDM_KL matching ******** 
09-16 13:08 DEBUG    Best Sigma0: 10. Best sigma: 0.5 Best gamma: 10. Best Test accuracy: 0.0974. Train acc: 0.09751666666666667. 

09-16 13:08 DEBUG    PDM_KL log: {(10, 0.5, 10): {'shapes': [(784, 100), (100,), (100, 118), (118,), (118, 10), (10,)], 'train_accuracy': 0.09751666666666667, 'test_accuracy': 0.0974}} 
09-16 13:10 DEBUG    ****** PDM_KL matching ******** 
09-16 13:10 DEBUG    Best Sigma0: 10. Best sigma: 0.5 Best gamma: 10. Best Test accuracy: 0.0974. Train acc: 0.09751666666666667. 

09-16 13:10 DEBUG    PDM_KL log: {(10, 0.5, 10): {'shapes': [(784, 100), (100,), (100, 109), (109,), (109, 10), (10,)], 'train_accuracy': 0.09751666666666667, 'test_accuracy': 0.0974}} 
09-16 13:11 DEBUG    ****** PDM_KL matching ******** 
09-16 13:11 DEBUG    Best Sigma0: 10. Best sigma: 0.5 Best gamma: 10. Best Test accuracy: 0.0974. Train acc: 0.09751666666666667. 

09-16 13:11 DEBUG    PDM_KL log: {(10, 0.5, 10): {'shapes': [(784, 100), (100,), (100, 109), (109,), (109, 10), (10,)], 'train_accuracy': 0.09751666666666667, 'test_accuracy': 0.0974}} 
09-16 13:11 DEBUG    Trial 6 completed
09-16 13:11 DEBUG    ####################################################################################################
09-16 13:11 DEBUG    ####################################################################################################
09-16 13:11 DEBUG    Executing Trial 7 with seed 7
09-16 13:11 DEBUG    Data statistics: {0: {0: 554, 1: 669, 2: 572, 3: 681, 4: 598, 5: 558, 6: 636, 7: 619, 8: 562, 9: 551}, 1: {0: 590, 1: 674, 2: 557, 3: 563, 4: 600, 5: 553, 6: 565, 7: 674, 8: 639, 9: 585}, 2: {0: 605, 1: 703, 2: 584, 3: 644, 4: 578, 5: 529, 6: 563, 7: 606, 8: 577, 9: 611}, 3: {0: 581, 1: 680, 2: 615, 3: 621, 4: 560, 5: 588, 6: 616, 7: 604, 8: 523, 9: 612}, 4: {0: 623, 1: 671, 2: 621, 3: 623, 4: 589, 5: 521, 6: 604, 7: 610, 8: 560, 9: 578}, 5: {0: 571, 1: 610, 2: 573, 3: 626, 4: 602, 5: 557, 6: 561, 7: 678, 8: 604, 9: 618}, 6: {0: 552, 1: 679, 2: 615, 3: 613, 4: 559, 5: 514, 6: 599, 7: 643, 8: 606, 9: 620}, 7: {0: 620, 1: 710, 2: 621, 3: 598, 4: 568, 5: 520, 6: 575, 7: 612, 8: 597, 9: 579}, 8: {0: 625, 1: 671, 2: 596, 3: 560, 4: 620, 5: 530, 6: 646, 7: 593, 8: 558, 9: 601}, 9: {0: 602, 1: 675, 2: 604, 3: 602, 4: 568, 5: 551, 6: 553, 7: 626, 8: 625, 9: 594}}
09-16 13:12 DEBUG    **************************************************
09-16 13:12 DEBUG    Running experiments 

09-16 13:12 DEBUG    Uniform ensemble (Train acc): 0.969200
09-16 13:12 DEBUG    Uniform ensemble (Test acc): 0.967200
09-16 13:13 DEBUG    FedAvg (Train acc): 0.097517
09-16 13:13 DEBUG    FedAvg (Test acc): 0.097400
09-16 13:17 DEBUG    ****** PDM_KL matching ******** 
09-16 13:17 DEBUG    Best Sigma0: 10. Best sigma: 0.5 Best gamma: 10. Best Test accuracy: 0.9265. Train acc: 0.9249333333333334. 

09-16 13:17 DEBUG    PDM_KL log: {(10, 0.5, 10): {'shapes': [(784, 700), (700,), (700, 127), (127,), (127, 10), (10,)], 'train_accuracy': 0.9249333333333334, 'test_accuracy': 0.9265}} 
09-16 13:28 DEBUG    ****** PDM_KL matching ******** 
09-16 13:28 DEBUG    Best Sigma0: 10. Best sigma: 0.5 Best gamma: 10. Best Test accuracy: 0.9221. Train acc: 0.9223333333333333. 

09-16 13:28 DEBUG    PDM_KL log: {(10, 0.5, 10): {'shapes': [(784, 700), (700,), (700, 127), (127,), (127, 10), (10,)], 'train_accuracy': 0.9223333333333333, 'test_accuracy': 0.9221}} 
09-16 13:36 DEBUG    ****** PDM_KL matching ******** 
09-16 13:36 DEBUG    Best Sigma0: 10. Best sigma: 0.5 Best gamma: 10. Best Test accuracy: 0.9183. Train acc: 0.9170833333333334. 

09-16 13:36 DEBUG    PDM_KL log: {(10, 0.5, 10): {'shapes': [(784, 700), (700,), (700, 127), (127,), (127, 10), (10,)], 'train_accuracy': 0.9170833333333334, 'test_accuracy': 0.9183}} 
09-16 13:48 DEBUG    ****** PDM_KL matching ******** 
09-16 13:48 DEBUG    Best Sigma0: 10. Best sigma: 0.5 Best gamma: 10. Best Test accuracy: 0.9319. Train acc: 0.9296666666666666. 

09-16 13:48 DEBUG    PDM_KL log: {(10, 0.5, 10): {'shapes': [(784, 700), (700,), (700, 127), (127,), (127, 10), (10,)], 'train_accuracy': 0.9296666666666666, 'test_accuracy': 0.9319}} 
09-16 13:56 DEBUG    ****** PDM_KL matching ******** 
09-16 13:56 DEBUG    Best Sigma0: 10. Best sigma: 0.5 Best gamma: 10. Best Test accuracy: 0.9267. Train acc: 0.9253833333333333. 

09-16 13:56 DEBUG    PDM_KL log: {(10, 0.5, 10): {'shapes': [(784, 700), (700,), (700, 127), (127,), (127, 10), (10,)], 'train_accuracy': 0.9253833333333333, 'test_accuracy': 0.9267}} 
09-16 14:07 DEBUG    ****** PDM_KL matching ******** 
09-16 14:07 DEBUG    Best Sigma0: 10. Best sigma: 0.5 Best gamma: 10. Best Test accuracy: 0.9001. Train acc: 0.8990333333333334. 

09-16 14:07 DEBUG    PDM_KL log: {(10, 0.5, 10): {'shapes': [(784, 700), (700,), (700, 127), (127,), (127, 10), (10,)], 'train_accuracy': 0.8990333333333334, 'test_accuracy': 0.9001}} 
09-16 14:18 DEBUG    ****** PDM_KL matching ******** 
09-16 14:18 DEBUG    Best Sigma0: 10. Best sigma: 0.5 Best gamma: 10. Best Test accuracy: 0.9354. Train acc: 0.9355333333333333. 

09-16 14:18 DEBUG    PDM_KL log: {(10, 0.5, 10): {'shapes': [(784, 700), (700,), (700, 127), (127,), (127, 10), (10,)], 'train_accuracy': 0.9355333333333333, 'test_accuracy': 0.9354}} 
09-16 14:27 DEBUG    ****** PDM_KL matching ******** 
09-16 14:27 DEBUG    Best Sigma0: 10. Best sigma: 0.5 Best gamma: 10. Best Test accuracy: 0.9079. Train acc: 0.9109166666666667. 

09-16 14:27 DEBUG    PDM_KL log: {(10, 0.5, 10): {'shapes': [(784, 640), (640,), (640, 127), (127,), (127, 10), (10,)], 'train_accuracy': 0.9109166666666667, 'test_accuracy': 0.9079}} 
09-16 14:28 DEBUG    ****** PDM_KL matching ******** 
09-16 14:28 DEBUG    Best Sigma0: 10. Best sigma: 0.5 Best gamma: 10. Best Test accuracy: 0.0974. Train acc: 0.09751666666666667. 

09-16 14:28 DEBUG    PDM_KL log: {(10, 0.5, 10): {'shapes': [(784, 100), (100,), (100, 118), (118,), (118, 10), (10,)], 'train_accuracy': 0.09751666666666667, 'test_accuracy': 0.0974}} 
09-16 14:30 DEBUG    ****** PDM_KL matching ******** 
09-16 14:30 DEBUG    Best Sigma0: 10. Best sigma: 0.5 Best gamma: 10. Best Test accuracy: 0.0974. Train acc: 0.09751666666666667. 

09-16 14:30 DEBUG    PDM_KL log: {(10, 0.5, 10): {'shapes': [(784, 100), (100,), (100, 109), (109,), (109, 10), (10,)], 'train_accuracy': 0.09751666666666667, 'test_accuracy': 0.0974}} 
09-16 14:31 DEBUG    ****** PDM_KL matching ******** 
09-16 14:31 DEBUG    Best Sigma0: 10. Best sigma: 0.5 Best gamma: 10. Best Test accuracy: 0.0974. Train acc: 0.09751666666666667. 

09-16 14:31 DEBUG    PDM_KL log: {(10, 0.5, 10): {'shapes': [(784, 100), (100,), (100, 100), (100,), (100, 10), (10,)], 'train_accuracy': 0.09751666666666667, 'test_accuracy': 0.0974}} 
09-16 14:31 DEBUG    Trial 7 completed
09-16 14:31 DEBUG    ####################################################################################################
09-16 14:31 DEBUG    ####################################################################################################
09-16 14:31 DEBUG    Executing Trial 8 with seed 8
09-16 14:31 DEBUG    Data statistics: {0: {0: 620, 1: 730, 2: 568, 3: 602, 4: 590, 5: 552, 6: 565, 7: 589, 8: 589, 9: 595}, 1: {0: 561, 1: 698, 2: 592, 3: 646, 4: 560, 5: 536, 6: 577, 7: 649, 8: 588, 9: 593}, 2: {0: 570, 1: 688, 2: 603, 3: 629, 4: 604, 5: 523, 6: 550, 7: 621, 8: 604, 9: 608}, 3: {0: 578, 1: 648, 2: 618, 3: 613, 4: 572, 5: 563, 6: 582, 7: 636, 8: 600, 9: 590}, 4: {0: 619, 1: 660, 2: 598, 3: 600, 4: 586, 5: 549, 6: 620, 7: 609, 8: 554, 9: 605}, 5: {0: 615, 1: 635, 2: 587, 3: 603, 4: 618, 5: 531, 6: 612, 7: 635, 8: 575, 9: 589}, 6: {0: 582, 1: 659, 2: 579, 3: 622, 4: 554, 5: 563, 6: 560, 7: 669, 8: 594, 9: 618}, 7: {0: 582, 1: 675, 2: 607, 3: 613, 4: 578, 5: 565, 6: 612, 7: 613, 8: 558, 9: 597}, 8: {0: 586, 1: 669, 2: 609, 3: 592, 4: 589, 5: 506, 6: 616, 7: 637, 8: 604, 9: 592}, 9: {0: 610, 1: 680, 2: 597, 3: 611, 4: 591, 5: 533, 6: 624, 7: 607, 8: 585, 9: 562}}
09-16 14:32 DEBUG    **************************************************
09-16 14:32 DEBUG    Running experiments 

09-16 14:33 DEBUG    Uniform ensemble (Train acc): 0.969217
09-16 14:33 DEBUG    Uniform ensemble (Test acc): 0.966500
09-16 14:34 DEBUG    FedAvg (Train acc): 0.097517
09-16 14:34 DEBUG    FedAvg (Test acc): 0.097400
09-16 14:41 DEBUG    ****** PDM_KL matching ******** 
09-16 14:41 DEBUG    Best Sigma0: 10. Best sigma: 0.5 Best gamma: 10. Best Test accuracy: 0.9232. Train acc: 0.9249. 

09-16 14:41 DEBUG    PDM_KL log: {(10, 0.5, 10): {'shapes': [(784, 700), (700,), (700, 118), (118,), (118, 10), (10,)], 'train_accuracy': 0.9249, 'test_accuracy': 0.9232}} 
09-16 14:49 DEBUG    ****** PDM_KL matching ******** 
09-16 14:49 DEBUG    Best Sigma0: 10. Best sigma: 0.5 Best gamma: 10. Best Test accuracy: 0.9321. Train acc: 0.9324666666666667. 

09-16 14:49 DEBUG    PDM_KL log: {(10, 0.5, 10): {'shapes': [(784, 700), (700,), (700, 118), (118,), (118, 10), (10,)], 'train_accuracy': 0.9324666666666667, 'test_accuracy': 0.9321}} 
09-16 14:57 DEBUG    ****** PDM_KL matching ******** 
09-16 14:57 DEBUG    Best Sigma0: 10. Best sigma: 0.5 Best gamma: 10. Best Test accuracy: 0.948. Train acc: 0.9471333333333334. 

09-16 14:57 DEBUG    PDM_KL log: {(10, 0.5, 10): {'shapes': [(784, 700), (700,), (700, 118), (118,), (118, 10), (10,)], 'train_accuracy': 0.9471333333333334, 'test_accuracy': 0.948}} 
09-16 15:08 DEBUG    ****** PDM_KL matching ******** 
09-16 15:08 DEBUG    Best Sigma0: 10. Best sigma: 0.5 Best gamma: 10. Best Test accuracy: 0.9231. Train acc: 0.92425. 

09-16 15:08 DEBUG    PDM_KL log: {(10, 0.5, 10): {'shapes': [(784, 700), (700,), (700, 118), (118,), (118, 10), (10,)], 'train_accuracy': 0.92425, 'test_accuracy': 0.9231}} 
09-16 15:16 DEBUG    ****** PDM_KL matching ******** 
09-16 15:16 DEBUG    Best Sigma0: 10. Best sigma: 0.5 Best gamma: 10. Best Test accuracy: 0.934. Train acc: 0.9359833333333333. 

09-16 15:16 DEBUG    PDM_KL log: {(10, 0.5, 10): {'shapes': [(784, 700), (700,), (700, 118), (118,), (118, 10), (10,)], 'train_accuracy': 0.9359833333333333, 'test_accuracy': 0.934}} 
09-16 15:25 DEBUG    ****** PDM_KL matching ******** 
09-16 15:25 DEBUG    Best Sigma0: 10. Best sigma: 0.5 Best gamma: 10. Best Test accuracy: 0.9181. Train acc: 0.9192666666666667. 

09-16 15:25 DEBUG    PDM_KL log: {(10, 0.5, 10): {'shapes': [(784, 700), (700,), (700, 118), (118,), (118, 10), (10,)], 'train_accuracy': 0.9192666666666667, 'test_accuracy': 0.9181}} 
09-16 15:33 DEBUG    ****** PDM_KL matching ******** 
09-16 15:33 DEBUG    Best Sigma0: 10. Best sigma: 0.5 Best gamma: 10. Best Test accuracy: 0.9355. Train acc: 0.9365333333333333. 

09-16 15:33 DEBUG    PDM_KL log: {(10, 0.5, 10): {'shapes': [(784, 700), (700,), (700, 127), (127,), (127, 10), (10,)], 'train_accuracy': 0.9365333333333333, 'test_accuracy': 0.9355}} 
09-16 15:40 DEBUG    ****** PDM_KL matching ******** 
09-16 15:40 DEBUG    Best Sigma0: 10. Best sigma: 0.5 Best gamma: 10. Best Test accuracy: 0.9482. Train acc: 0.94905. 

09-16 15:40 DEBUG    PDM_KL log: {(10, 0.5, 10): {'shapes': [(784, 613), (613,), (613, 127), (127,), (127, 10), (10,)], 'train_accuracy': 0.94905, 'test_accuracy': 0.9482}} 
09-16 15:42 DEBUG    ****** PDM_KL matching ******** 
09-16 15:42 DEBUG    Best Sigma0: 10. Best sigma: 0.5 Best gamma: 10. Best Test accuracy: 0.0974. Train acc: 0.09751666666666667. 

09-16 15:42 DEBUG    PDM_KL log: {(10, 0.5, 10): {'shapes': [(784, 100), (100,), (100, 118), (118,), (118, 10), (10,)], 'train_accuracy': 0.09751666666666667, 'test_accuracy': 0.0974}} 
09-16 15:44 DEBUG    ****** PDM_KL matching ******** 
09-16 15:44 DEBUG    Best Sigma0: 10. Best sigma: 0.5 Best gamma: 10. Best Test accuracy: 0.0974. Train acc: 0.09751666666666667. 

09-16 15:44 DEBUG    PDM_KL log: {(10, 0.5, 10): {'shapes': [(784, 100), (100,), (100, 109), (109,), (109, 10), (10,)], 'train_accuracy': 0.09751666666666667, 'test_accuracy': 0.0974}} 
09-16 15:46 DEBUG    ****** PDM_KL matching ******** 
09-16 15:46 DEBUG    Best Sigma0: 10. Best sigma: 0.5 Best gamma: 10. Best Test accuracy: 0.0974. Train acc: 0.09751666666666667. 

09-16 15:46 DEBUG    PDM_KL log: {(10, 0.5, 10): {'shapes': [(784, 100), (100,), (100, 109), (109,), (109, 10), (10,)], 'train_accuracy': 0.09751666666666667, 'test_accuracy': 0.0974}} 
09-16 15:46 DEBUG    Trial 8 completed
09-16 15:46 DEBUG    ####################################################################################################
09-16 15:46 DEBUG    ####################################################################################################
09-16 15:46 DEBUG    Executing Trial 9 with seed 9
09-16 15:46 DEBUG    Data statistics: {0: {0: 598, 1: 728, 2: 564, 3: 603, 4: 586, 5: 530, 6: 612, 7: 624, 8: 566, 9: 589}, 1: {0: 563, 1: 676, 2: 586, 3: 616, 4: 577, 5: 556, 6: 577, 7: 649, 8: 605, 9: 595}, 2: {0: 620, 1: 667, 2: 583, 3: 639, 4: 578, 5: 532, 6: 603, 7: 583, 8: 558, 9: 637}, 3: {0: 588, 1: 689, 2: 594, 3: 604, 4: 561, 5: 551, 6: 585, 7: 658, 8: 580, 9: 590}, 4: {0: 601, 1: 679, 2: 570, 3: 626, 4: 610, 5: 558, 6: 563, 7: 634, 8: 591, 9: 568}, 5: {0: 588, 1: 639, 2: 616, 3: 626, 4: 579, 5: 545, 6: 570, 7: 626, 8: 593, 9: 618}, 6: {0: 589, 1: 685, 2: 623, 3: 599, 4: 599, 5: 526, 6: 599, 7: 614, 8: 608, 9: 558}, 7: {0: 590, 1: 667, 2: 618, 3: 633, 4: 582, 5: 498, 6: 604, 7: 596, 8: 594, 9: 618}, 8: {0: 586, 1: 666, 2: 650, 3: 570, 4: 599, 5: 533, 6: 573, 7: 660, 8: 563, 9: 600}, 9: {0: 600, 1: 646, 2: 554, 3: 615, 4: 571, 5: 592, 6: 632, 7: 621, 8: 593, 9: 576}}
09-16 15:47 DEBUG    **************************************************
09-16 15:47 DEBUG    Running experiments 

09-16 15:47 DEBUG    Uniform ensemble (Train acc): 0.969650
09-16 15:47 DEBUG    Uniform ensemble (Test acc): 0.968000
09-16 15:47 DEBUG    FedAvg (Train acc): 0.097517
09-16 15:47 DEBUG    FedAvg (Test acc): 0.097400
09-16 15:52 DEBUG    ****** PDM_KL matching ******** 
09-16 15:52 DEBUG    Best Sigma0: 10. Best sigma: 0.5 Best gamma: 10. Best Test accuracy: 0.928. Train acc: 0.9341. 

09-16 15:52 DEBUG    PDM_KL log: {(10, 0.5, 10): {'shapes': [(784, 700), (700,), (700, 127), (127,), (127, 10), (10,)], 'train_accuracy': 0.9341, 'test_accuracy': 0.928}} 
09-16 16:01 DEBUG    ****** PDM_KL matching ******** 
09-16 16:01 DEBUG    Best Sigma0: 10. Best sigma: 0.5 Best gamma: 10. Best Test accuracy: 0.9381. Train acc: 0.9363666666666667. 

09-16 16:01 DEBUG    PDM_KL log: {(10, 0.5, 10): {'shapes': [(784, 700), (700,), (700, 127), (127,), (127, 10), (10,)], 'train_accuracy': 0.9363666666666667, 'test_accuracy': 0.9381}} 
09-16 16:08 DEBUG    ****** PDM_KL matching ******** 
09-16 16:08 DEBUG    Best Sigma0: 10. Best sigma: 0.5 Best gamma: 10. Best Test accuracy: 0.9379. Train acc: 0.9419166666666666. 

09-16 16:08 DEBUG    PDM_KL log: {(10, 0.5, 10): {'shapes': [(784, 700), (700,), (700, 127), (127,), (127, 10), (10,)], 'train_accuracy': 0.9419166666666666, 'test_accuracy': 0.9379}} 
09-16 16:17 DEBUG    ****** PDM_KL matching ******** 
09-16 16:17 DEBUG    Best Sigma0: 10. Best sigma: 0.5 Best gamma: 10. Best Test accuracy: 0.9381. Train acc: 0.9427166666666666. 

09-16 16:17 DEBUG    PDM_KL log: {(10, 0.5, 10): {'shapes': [(784, 700), (700,), (700, 127), (127,), (127, 10), (10,)], 'train_accuracy': 0.9427166666666666, 'test_accuracy': 0.9381}} 
09-16 16:23 DEBUG    ****** PDM_KL matching ******** 
09-16 16:23 DEBUG    Best Sigma0: 10. Best sigma: 0.5 Best gamma: 10. Best Test accuracy: 0.9225. Train acc: 0.9228166666666666. 

09-16 16:23 DEBUG    PDM_KL log: {(10, 0.5, 10): {'shapes': [(784, 700), (700,), (700, 118), (118,), (118, 10), (10,)], 'train_accuracy': 0.9228166666666666, 'test_accuracy': 0.9225}} 
09-16 16:29 DEBUG    ****** PDM_KL matching ******** 
09-16 16:29 DEBUG    Best Sigma0: 10. Best sigma: 0.5 Best gamma: 10. Best Test accuracy: 0.9252. Train acc: 0.9252666666666667. 

09-16 16:29 DEBUG    PDM_KL log: {(10, 0.5, 10): {'shapes': [(784, 700), (700,), (700, 118), (118,), (118, 10), (10,)], 'train_accuracy': 0.9252666666666667, 'test_accuracy': 0.9252}} 
09-16 16:36 DEBUG    ****** PDM_KL matching ******** 
09-16 16:36 DEBUG    Best Sigma0: 10. Best sigma: 0.5 Best gamma: 10. Best Test accuracy: 0.9317. Train acc: 0.9341333333333334. 

09-16 16:36 DEBUG    PDM_KL log: {(10, 0.5, 10): {'shapes': [(784, 700), (700,), (700, 127), (127,), (127, 10), (10,)], 'train_accuracy': 0.9341333333333334, 'test_accuracy': 0.9317}} 
09-16 16:44 DEBUG    ****** PDM_KL matching ******** 
09-16 16:44 DEBUG    Best Sigma0: 10. Best sigma: 0.5 Best gamma: 10. Best Test accuracy: 0.9329. Train acc: 0.9317. 

09-16 16:44 DEBUG    PDM_KL log: {(10, 0.5, 10): {'shapes': [(784, 622), (622,), (622, 127), (127,), (127, 10), (10,)], 'train_accuracy': 0.9317, 'test_accuracy': 0.9329}} 
09-16 16:46 DEBUG    ****** PDM_KL matching ******** 
09-16 16:46 DEBUG    Best Sigma0: 10. Best sigma: 0.5 Best gamma: 10. Best Test accuracy: 0.0974. Train acc: 0.09751666666666667. 

09-16 16:46 DEBUG    PDM_KL log: {(10, 0.5, 10): {'shapes': [(784, 100), (100,), (100, 118), (118,), (118, 10), (10,)], 'train_accuracy': 0.09751666666666667, 'test_accuracy': 0.0974}} 
09-16 16:46 DEBUG    ****** PDM_KL matching ******** 
09-16 16:46 DEBUG    Best Sigma0: 10. Best sigma: 0.5 Best gamma: 10. Best Test accuracy: 0.0974. Train acc: 0.09751666666666667. 

09-16 16:46 DEBUG    PDM_KL log: {(10, 0.5, 10): {'shapes': [(784, 100), (100,), (100, 109), (109,), (109, 10), (10,)], 'train_accuracy': 0.09751666666666667, 'test_accuracy': 0.0974}} 
09-16 16:48 DEBUG    ****** PDM_KL matching ******** 
09-16 16:48 DEBUG    Best Sigma0: 10. Best sigma: 0.5 Best gamma: 10. Best Test accuracy: 0.0974. Train acc: 0.09751666666666667. 

09-16 16:48 DEBUG    PDM_KL log: {(10, 0.5, 10): {'shapes': [(784, 100), (100,), (100, 109), (109,), (109, 10), (10,)], 'train_accuracy': 0.09751666666666667, 'test_accuracy': 0.0974}} 
09-16 16:48 DEBUG    Trial 9 completed
09-16 16:48 DEBUG    ####################################################################################################
