09-14 21:35 DEBUG    Experiment arguments: Namespace(alpha=0.5, communication_rounds=None, datadir='data/mnist', dataset='mnist', device=1.0, dropout_p=0.0, epochs=10, experiment=['all'], init_seed=0, iter_epochs=5, layers=0, loaddir='saved_weights/mnist/homo', logdir='KL_regs_bst_hyp/mnist/homo', lr=0.01, lr_decay=1.0, n=30, n_layers=1, n_nets=15, net_config=[784, 100, 10], num_pool_workers=7, partition='homo', pdm_gamma=10, pdm_sig=0.5, pdm_sig0=10, reg=1e-06, reg_fac=0.0, trials=10)
09-14 21:35 DEBUG    ####################################################################################################
09-14 21:35 DEBUG    Executing Trial 0 with seed 0
09-14 21:35 DEBUG    Data statistics: {0: {0: 419, 1: 442, 2: 388, 3: 388, 4: 386, 5: 342, 6: 414, 7: 428, 8: 383, 9: 410}, 1: {0: 389, 1: 474, 2: 405, 3: 402, 4: 370, 5: 360, 6: 392, 7: 401, 8: 411, 9: 396}, 2: {0: 397, 1: 463, 2: 373, 3: 418, 4: 397, 5: 373, 6: 384, 7: 399, 8: 397, 9: 399}, 3: {0: 393, 1: 475, 2: 386, 3: 436, 4: 381, 5: 346, 6: 378, 7: 432, 8: 386, 9: 387}, 4: {0: 418, 1: 430, 2: 409, 3: 393, 4: 386, 5: 356, 6: 385, 7: 416, 8: 418, 9: 389}, 5: {0: 401, 1: 428, 2: 398, 3: 390, 4: 400, 5: 379, 6: 380, 7: 425, 8: 383, 9: 416}, 6: {0: 390, 1: 430, 2: 405, 3: 385, 4: 435, 5: 388, 6: 431, 7: 393, 8: 362, 9: 381}, 7: {0: 368, 1: 455, 2: 409, 3: 422, 4: 375, 5: 367, 6: 369, 7: 432, 8: 411, 9: 392}, 8: {0: 416, 1: 458, 2: 380, 3: 436, 4: 406, 5: 340, 6: 376, 7: 395, 8: 376, 9: 417}, 9: {0: 416, 1: 453, 2: 397, 3: 398, 4: 381, 5: 361, 6: 400, 7: 395, 8: 413, 9: 386}, 10: {0: 388, 1: 401, 2: 423, 3: 417, 4: 384, 5: 372, 6: 420, 7: 439, 8: 367, 9: 389}, 11: {0: 338, 1: 473, 2: 398, 3: 400, 4: 412, 5: 385, 6: 386, 7: 465, 8: 346, 9: 397}, 12: {0: 377, 1: 451, 2: 416, 3: 423, 4: 383, 5: 338, 6: 379, 7: 418, 8: 397, 9: 418}, 13: {0: 380, 1: 443, 2: 386, 3: 412, 4: 373, 5: 352, 6: 444, 7: 411, 8: 387, 9: 412}, 14: {0: 433, 1: 466, 2: 385, 3: 411, 4: 373, 5: 362, 6: 380, 7: 416, 8: 414, 9: 360}}
09-14 21:36 DEBUG    **************************************************
09-14 21:36 DEBUG    Running experiments 

09-14 21:37 DEBUG    Uniform ensemble (Train acc): 0.965600
09-14 21:37 DEBUG    Uniform ensemble (Test acc): 0.964000
09-14 21:37 DEBUG    FedAvg (Train acc): 0.124200
09-14 21:37 DEBUG    FedAvg (Test acc): 0.124300
09-14 21:49 DEBUG    ****** PDM_KL matching ******** 
09-14 21:49 DEBUG    Best Sigma0: 10. Best sigma: 0.5 Best gamma: 10. Best Test accuracy: 0.9643. Train acc: 0.9638833333333333. 

09-14 21:49 DEBUG    PDM_KL log: {(10, 0.5, 10): {'shapes': [(784, 700), (700,), (700, 10), (10,)], 'train_accuracy': 0.9638833333333333, 'test_accuracy': 0.9643}} 
09-14 22:16 DEBUG    ****** PDM_KL matching ******** 
09-14 22:16 DEBUG    Best Sigma0: 10. Best sigma: 0.5 Best gamma: 10. Best Test accuracy: 0.9648. Train acc: 0.964. 

09-14 22:16 DEBUG    PDM_KL log: {(10, 0.5, 10): {'shapes': [(784, 700), (700,), (700, 10), (10,)], 'train_accuracy': 0.964, 'test_accuracy': 0.9648}} 
09-14 22:44 DEBUG    ****** PDM_KL matching ******** 
09-14 22:44 DEBUG    Best Sigma0: 10. Best sigma: 0.5 Best gamma: 10. Best Test accuracy: 0.9643. Train acc: 0.96385. 

09-14 22:44 DEBUG    PDM_KL log: {(10, 0.5, 10): {'shapes': [(784, 700), (700,), (700, 10), (10,)], 'train_accuracy': 0.96385, 'test_accuracy': 0.9643}} 
09-14 23:13 DEBUG    ****** PDM_KL matching ******** 
09-14 23:13 DEBUG    Best Sigma0: 10. Best sigma: 0.5 Best gamma: 10. Best Test accuracy: 0.9648. Train acc: 0.9642833333333334. 

09-14 23:13 DEBUG    PDM_KL log: {(10, 0.5, 10): {'shapes': [(784, 700), (700,), (700, 10), (10,)], 'train_accuracy': 0.9642833333333334, 'test_accuracy': 0.9648}} 
09-14 23:41 DEBUG    ****** PDM_KL matching ******** 
09-14 23:41 DEBUG    Best Sigma0: 10. Best sigma: 0.5 Best gamma: 10. Best Test accuracy: 0.9642. Train acc: 0.9641666666666666. 

09-14 23:41 DEBUG    PDM_KL log: {(10, 0.5, 10): {'shapes': [(784, 700), (700,), (700, 10), (10,)], 'train_accuracy': 0.9641666666666666, 'test_accuracy': 0.9642}} 
09-15 00:06 DEBUG    ****** PDM_KL matching ******** 
09-15 00:06 DEBUG    Best Sigma0: 10. Best sigma: 0.5 Best gamma: 10. Best Test accuracy: 0.9653. Train acc: 0.9641833333333333. 

09-15 00:06 DEBUG    PDM_KL log: {(10, 0.5, 10): {'shapes': [(784, 700), (700,), (700, 10), (10,)], 'train_accuracy': 0.9641833333333333, 'test_accuracy': 0.9653}} 
09-15 00:31 DEBUG    ****** PDM_KL matching ******** 
09-15 00:31 DEBUG    Best Sigma0: 10. Best sigma: 0.5 Best gamma: 10. Best Test accuracy: 0.9646. Train acc: 0.9646333333333333. 

09-15 00:31 DEBUG    PDM_KL log: {(10, 0.5, 10): {'shapes': [(784, 700), (700,), (700, 10), (10,)], 'train_accuracy': 0.9646333333333333, 'test_accuracy': 0.9646}} 
09-15 00:43 DEBUG    ****** PDM_KL matching ******** 
09-15 00:43 DEBUG    Best Sigma0: 10. Best sigma: 0.5 Best gamma: 10. Best Test accuracy: 0.9052. Train acc: 0.90545. 

09-15 00:43 DEBUG    PDM_KL log: {(10, 0.5, 10): {'shapes': [(784, 227), (227,), (227, 10), (10,)], 'train_accuracy': 0.90545, 'test_accuracy': 0.9052}} 
09-15 00:47 DEBUG    ****** PDM_KL matching ******** 
09-15 00:47 DEBUG    Best Sigma0: 10. Best sigma: 0.5 Best gamma: 10. Best Test accuracy: 0.0974. Train acc: 0.09751666666666667. 

09-15 00:47 DEBUG    PDM_KL log: {(10, 0.5, 10): {'shapes': [(784, 100), (100,), (100, 10), (10,)], 'train_accuracy': 0.09751666666666667, 'test_accuracy': 0.0974}} 
09-15 00:51 DEBUG    ****** PDM_KL matching ******** 
09-15 00:51 DEBUG    Best Sigma0: 10. Best sigma: 0.5 Best gamma: 10. Best Test accuracy: 0.0974. Train acc: 0.09751666666666667. 

09-15 00:51 DEBUG    PDM_KL log: {(10, 0.5, 10): {'shapes': [(784, 100), (100,), (100, 10), (10,)], 'train_accuracy': 0.09751666666666667, 'test_accuracy': 0.0974}} 
09-15 00:54 DEBUG    ****** PDM_KL matching ******** 
09-15 00:54 DEBUG    Best Sigma0: 10. Best sigma: 0.5 Best gamma: 10. Best Test accuracy: 0.0974. Train acc: 0.09751666666666667. 

09-15 00:54 DEBUG    PDM_KL log: {(10, 0.5, 10): {'shapes': [(784, 100), (100,), (100, 10), (10,)], 'train_accuracy': 0.09751666666666667, 'test_accuracy': 0.0974}} 
09-15 00:54 DEBUG    Trial 0 completed
09-15 00:54 DEBUG    ####################################################################################################
09-15 00:54 DEBUG    ####################################################################################################
09-15 00:54 DEBUG    Executing Trial 1 with seed 1
09-15 00:54 DEBUG    Data statistics: {0: {0: 357, 1: 459, 2: 383, 3: 433, 4: 398, 5: 344, 6: 423, 7: 410, 8: 400, 9: 393}, 1: {0: 404, 1: 453, 2: 395, 3: 395, 4: 376, 5: 396, 6: 407, 7: 414, 8: 366, 9: 394}, 2: {0: 397, 1: 461, 2: 416, 3: 409, 4: 383, 5: 370, 6: 357, 7: 441, 8: 406, 9: 360}, 3: {0: 409, 1: 451, 2: 405, 3: 407, 4: 387, 5: 417, 6: 379, 7: 395, 8: 380, 9: 370}, 4: {0: 379, 1: 440, 2: 403, 3: 431, 4: 375, 5: 375, 6: 411, 7: 429, 8: 372, 9: 385}, 5: {0: 426, 1: 448, 2: 386, 3: 383, 4: 410, 5: 372, 6: 401, 7: 384, 8: 393, 9: 397}, 6: {0: 413, 1: 420, 2: 409, 3: 389, 4: 375, 5: 341, 6: 399, 7: 433, 8: 392, 9: 429}, 7: {0: 377, 1: 461, 2: 395, 3: 433, 4: 406, 5: 331, 6: 430, 7: 383, 8: 403, 9: 381}, 8: {0: 383, 1: 455, 2: 418, 3: 439, 4: 392, 5: 328, 6: 357, 7: 446, 8: 371, 9: 411}, 9: {0: 401, 1: 479, 2: 425, 3: 419, 4: 364, 5: 348, 6: 369, 7: 426, 8: 396, 9: 373}, 10: {0: 375, 1: 422, 2: 416, 3: 381, 4: 389, 5: 358, 6: 406, 7: 388, 8: 425, 9: 440}, 11: {0: 399, 1: 417, 2: 372, 3: 379, 4: 421, 5: 365, 6: 391, 7: 448, 8: 392, 9: 416}, 12: {0: 404, 1: 432, 2: 372, 3: 423, 4: 395, 5: 367, 6: 392, 7: 422, 8: 388, 9: 405}, 13: {0: 412, 1: 468, 2: 383, 3: 385, 4: 390, 5: 352, 6: 397, 7: 419, 8: 406, 9: 388}, 14: {0: 387, 1: 476, 2: 380, 3: 425, 4: 381, 5: 357, 6: 399, 7: 427, 8: 361, 9: 407}}
09-15 00:57 DEBUG    **************************************************
09-15 00:57 DEBUG    Running experiments 

09-15 00:59 DEBUG    Uniform ensemble (Train acc): 0.964067
09-15 00:59 DEBUG    Uniform ensemble (Test acc): 0.962800
09-15 01:00 DEBUG    FedAvg (Train acc): 0.121917
09-15 01:00 DEBUG    FedAvg (Test acc): 0.116200
09-15 01:16 DEBUG    ****** PDM_KL matching ******** 
09-15 01:16 DEBUG    Best Sigma0: 10. Best sigma: 0.5 Best gamma: 10. Best Test accuracy: 0.9604. Train acc: 0.9618. 

09-15 01:16 DEBUG    PDM_KL log: {(10, 0.5, 10): {'shapes': [(784, 700), (700,), (700, 10), (10,)], 'train_accuracy': 0.9618, 'test_accuracy': 0.9604}} 
09-15 01:39 DEBUG    ****** PDM_KL matching ******** 
09-15 01:39 DEBUG    Best Sigma0: 10. Best sigma: 0.5 Best gamma: 10. Best Test accuracy: 0.9614. Train acc: 0.9618666666666666. 

09-15 01:39 DEBUG    PDM_KL log: {(10, 0.5, 10): {'shapes': [(784, 700), (700,), (700, 10), (10,)], 'train_accuracy': 0.9618666666666666, 'test_accuracy': 0.9614}} 
09-15 02:01 DEBUG    ****** PDM_KL matching ******** 
09-15 02:01 DEBUG    Best Sigma0: 10. Best sigma: 0.5 Best gamma: 10. Best Test accuracy: 0.9606. Train acc: 0.9619666666666666. 

09-15 02:01 DEBUG    PDM_KL log: {(10, 0.5, 10): {'shapes': [(784, 700), (700,), (700, 10), (10,)], 'train_accuracy': 0.9619666666666666, 'test_accuracy': 0.9606}} 
09-15 02:22 DEBUG    ****** PDM_KL matching ******** 
09-15 02:22 DEBUG    Best Sigma0: 10. Best sigma: 0.5 Best gamma: 10. Best Test accuracy: 0.9616. Train acc: 0.9618. 

09-15 02:22 DEBUG    PDM_KL log: {(10, 0.5, 10): {'shapes': [(784, 700), (700,), (700, 10), (10,)], 'train_accuracy': 0.9618, 'test_accuracy': 0.9616}} 
09-15 02:45 DEBUG    ****** PDM_KL matching ******** 
09-15 02:45 DEBUG    Best Sigma0: 10. Best sigma: 0.5 Best gamma: 10. Best Test accuracy: 0.9604. Train acc: 0.96125. 

09-15 02:45 DEBUG    PDM_KL log: {(10, 0.5, 10): {'shapes': [(784, 700), (700,), (700, 10), (10,)], 'train_accuracy': 0.96125, 'test_accuracy': 0.9604}} 
09-15 03:06 DEBUG    ****** PDM_KL matching ******** 
09-15 03:06 DEBUG    Best Sigma0: 10. Best sigma: 0.5 Best gamma: 10. Best Test accuracy: 0.9597. Train acc: 0.96105. 

09-15 03:06 DEBUG    PDM_KL log: {(10, 0.5, 10): {'shapes': [(784, 700), (700,), (700, 10), (10,)], 'train_accuracy': 0.96105, 'test_accuracy': 0.9597}} 
09-15 03:25 DEBUG    ****** PDM_KL matching ******** 
09-15 03:25 DEBUG    Best Sigma0: 10. Best sigma: 0.5 Best gamma: 10. Best Test accuracy: 0.9614. Train acc: 0.9625666666666667. 

09-15 03:25 DEBUG    PDM_KL log: {(10, 0.5, 10): {'shapes': [(784, 700), (700,), (700, 10), (10,)], 'train_accuracy': 0.9625666666666667, 'test_accuracy': 0.9614}} 
09-15 03:32 DEBUG    ****** PDM_KL matching ******** 
09-15 03:32 DEBUG    Best Sigma0: 10. Best sigma: 0.5 Best gamma: 10. Best Test accuracy: 0.827. Train acc: 0.8328. 

09-15 03:32 DEBUG    PDM_KL log: {(10, 0.5, 10): {'shapes': [(784, 223), (223,), (223, 10), (10,)], 'train_accuracy': 0.8328, 'test_accuracy': 0.827}} 
09-15 03:35 DEBUG    ****** PDM_KL matching ******** 
09-15 03:35 DEBUG    Best Sigma0: 10. Best sigma: 0.5 Best gamma: 10. Best Test accuracy: 0.0974. Train acc: 0.09751666666666667. 

09-15 03:35 DEBUG    PDM_KL log: {(10, 0.5, 10): {'shapes': [(784, 100), (100,), (100, 10), (10,)], 'train_accuracy': 0.09751666666666667, 'test_accuracy': 0.0974}} 
09-15 03:37 DEBUG    ****** PDM_KL matching ******** 
09-15 03:37 DEBUG    Best Sigma0: 10. Best sigma: 0.5 Best gamma: 10. Best Test accuracy: 0.0974. Train acc: 0.09751666666666667. 

09-15 03:37 DEBUG    PDM_KL log: {(10, 0.5, 10): {'shapes': [(784, 100), (100,), (100, 10), (10,)], 'train_accuracy': 0.09751666666666667, 'test_accuracy': 0.0974}} 
09-15 03:39 DEBUG    ****** PDM_KL matching ******** 
09-15 03:39 DEBUG    Best Sigma0: 10. Best sigma: 0.5 Best gamma: 10. Best Test accuracy: 0.0974. Train acc: 0.09751666666666667. 

09-15 03:39 DEBUG    PDM_KL log: {(10, 0.5, 10): {'shapes': [(784, 100), (100,), (100, 10), (10,)], 'train_accuracy': 0.09751666666666667, 'test_accuracy': 0.0974}} 
09-15 03:39 DEBUG    Trial 1 completed
09-15 03:39 DEBUG    ####################################################################################################
09-15 03:39 DEBUG    ####################################################################################################
09-15 03:39 DEBUG    Executing Trial 2 with seed 2
09-15 03:39 DEBUG    Data statistics: {0: {0: 440, 1: 456, 2: 390, 3: 404, 4: 381, 5: 391, 6: 394, 7: 395, 8: 387, 9: 362}, 1: {0: 373, 1: 469, 2: 369, 3: 438, 4: 405, 5: 331, 6: 402, 7: 389, 8: 409, 9: 415}, 2: {0: 370, 1: 429, 2: 435, 3: 410, 4: 431, 5: 361, 6: 373, 7: 436, 8: 370, 9: 385}, 3: {0: 389, 1: 453, 2: 404, 3: 419, 4: 381, 5: 368, 6: 403, 7: 402, 8: 367, 9: 414}, 4: {0: 413, 1: 445, 2: 412, 3: 405, 4: 376, 5: 382, 6: 401, 7: 425, 8: 367, 9: 374}, 5: {0: 365, 1: 446, 2: 381, 3: 388, 4: 402, 5: 359, 6: 413, 7: 428, 8: 419, 9: 399}, 6: {0: 399, 1: 405, 2: 411, 3: 412, 4: 397, 5: 350, 6: 415, 7: 405, 8: 399, 9: 407}, 7: {0: 387, 1: 438, 2: 399, 3: 460, 4: 374, 5: 386, 6: 389, 7: 426, 8: 379, 9: 362}, 8: {0: 370, 1: 475, 2: 403, 3: 387, 4: 385, 5: 360, 6: 389, 7: 434, 8: 399, 9: 398}, 9: {0: 406, 1: 452, 2: 411, 3: 384, 4: 394, 5: 364, 6: 361, 7: 425, 8: 389, 9: 414}, 10: {0: 421, 1: 448, 2: 375, 3: 385, 4: 400, 5: 349, 6: 394, 7: 430, 8: 397, 9: 401}, 11: {0: 402, 1: 481, 2: 401, 3: 427, 4: 366, 5: 358, 6: 368, 7: 438, 8: 359, 9: 400}, 12: {0: 407, 1: 434, 2: 400, 3: 375, 4: 384, 5: 351, 6: 412, 7: 408, 8: 410, 9: 419}, 13: {0: 420, 1: 466, 2: 371, 3: 395, 4: 405, 5: 357, 6: 397, 7: 422, 8: 371, 9: 396}, 14: {0: 361, 1: 445, 2: 396, 3: 442, 4: 361, 5: 354, 6: 407, 7: 402, 8: 429, 9: 403}}
09-15 03:41 DEBUG    **************************************************
09-15 03:41 DEBUG    Running experiments 

09-15 03:42 DEBUG    Uniform ensemble (Train acc): 0.965500
09-15 03:42 DEBUG    Uniform ensemble (Test acc): 0.964100
09-15 03:43 DEBUG    FedAvg (Train acc): 0.131150
09-15 03:43 DEBUG    FedAvg (Test acc): 0.129000
09-15 03:55 DEBUG    ****** PDM_KL matching ******** 
09-15 03:55 DEBUG    Best Sigma0: 10. Best sigma: 0.5 Best gamma: 10. Best Test accuracy: 0.9619. Train acc: 0.9642. 

09-15 03:55 DEBUG    PDM_KL log: {(10, 0.5, 10): {'shapes': [(784, 700), (700,), (700, 10), (10,)], 'train_accuracy': 0.9642, 'test_accuracy': 0.9619}} 
09-15 04:12 DEBUG    ****** PDM_KL matching ******** 
09-15 04:12 DEBUG    Best Sigma0: 10. Best sigma: 0.5 Best gamma: 10. Best Test accuracy: 0.9616. Train acc: 0.9641. 

09-15 04:12 DEBUG    PDM_KL log: {(10, 0.5, 10): {'shapes': [(784, 700), (700,), (700, 10), (10,)], 'train_accuracy': 0.9641, 'test_accuracy': 0.9616}} 
09-15 04:34 DEBUG    ****** PDM_KL matching ******** 
09-15 04:34 DEBUG    Best Sigma0: 10. Best sigma: 0.5 Best gamma: 10. Best Test accuracy: 0.9624. Train acc: 0.9640166666666666. 

09-15 04:34 DEBUG    PDM_KL log: {(10, 0.5, 10): {'shapes': [(784, 700), (700,), (700, 10), (10,)], 'train_accuracy': 0.9640166666666666, 'test_accuracy': 0.9624}} 
09-15 04:55 DEBUG    ****** PDM_KL matching ******** 
09-15 04:55 DEBUG    Best Sigma0: 10. Best sigma: 0.5 Best gamma: 10. Best Test accuracy: 0.9623. Train acc: 0.96435. 

09-15 04:55 DEBUG    PDM_KL log: {(10, 0.5, 10): {'shapes': [(784, 700), (700,), (700, 10), (10,)], 'train_accuracy': 0.96435, 'test_accuracy': 0.9623}} 
09-15 05:14 DEBUG    ****** PDM_KL matching ******** 
09-15 05:14 DEBUG    Best Sigma0: 10. Best sigma: 0.5 Best gamma: 10. Best Test accuracy: 0.9621. Train acc: 0.9646333333333333. 

09-15 05:14 DEBUG    PDM_KL log: {(10, 0.5, 10): {'shapes': [(784, 700), (700,), (700, 10), (10,)], 'train_accuracy': 0.9646333333333333, 'test_accuracy': 0.9621}} 
09-15 05:33 DEBUG    ****** PDM_KL matching ******** 
09-15 05:33 DEBUG    Best Sigma0: 10. Best sigma: 0.5 Best gamma: 10. Best Test accuracy: 0.9628. Train acc: 0.9641166666666666. 

09-15 05:33 DEBUG    PDM_KL log: {(10, 0.5, 10): {'shapes': [(784, 700), (700,), (700, 10), (10,)], 'train_accuracy': 0.9641166666666666, 'test_accuracy': 0.9628}} 
09-15 05:51 DEBUG    ****** PDM_KL matching ******** 
09-15 05:51 DEBUG    Best Sigma0: 10. Best sigma: 0.5 Best gamma: 10. Best Test accuracy: 0.9621. Train acc: 0.9643833333333334. 

09-15 05:51 DEBUG    PDM_KL log: {(10, 0.5, 10): {'shapes': [(784, 700), (700,), (700, 10), (10,)], 'train_accuracy': 0.9643833333333334, 'test_accuracy': 0.9621}} 
09-15 05:57 DEBUG    ****** PDM_KL matching ******** 
09-15 05:57 DEBUG    Best Sigma0: 10. Best sigma: 0.5 Best gamma: 10. Best Test accuracy: 0.783. Train acc: 0.7812. 

09-15 05:57 DEBUG    PDM_KL log: {(10, 0.5, 10): {'shapes': [(784, 228), (228,), (228, 10), (10,)], 'train_accuracy': 0.7812, 'test_accuracy': 0.783}} 
09-15 05:59 DEBUG    ****** PDM_KL matching ******** 
09-15 05:59 DEBUG    Best Sigma0: 10. Best sigma: 0.5 Best gamma: 10. Best Test accuracy: 0.0974. Train acc: 0.09751666666666667. 

09-15 05:59 DEBUG    PDM_KL log: {(10, 0.5, 10): {'shapes': [(784, 100), (100,), (100, 10), (10,)], 'train_accuracy': 0.09751666666666667, 'test_accuracy': 0.0974}} 
09-15 06:00 DEBUG    ****** PDM_KL matching ******** 
09-15 06:00 DEBUG    Best Sigma0: 10. Best sigma: 0.5 Best gamma: 10. Best Test accuracy: 0.0974. Train acc: 0.09751666666666667. 

09-15 06:00 DEBUG    PDM_KL log: {(10, 0.5, 10): {'shapes': [(784, 100), (100,), (100, 10), (10,)], 'train_accuracy': 0.09751666666666667, 'test_accuracy': 0.0974}} 
09-15 06:03 DEBUG    ****** PDM_KL matching ******** 
09-15 06:03 DEBUG    Best Sigma0: 10. Best sigma: 0.5 Best gamma: 10. Best Test accuracy: 0.0974. Train acc: 0.09751666666666667. 

09-15 06:03 DEBUG    PDM_KL log: {(10, 0.5, 10): {'shapes': [(784, 100), (100,), (100, 10), (10,)], 'train_accuracy': 0.09751666666666667, 'test_accuracy': 0.0974}} 
09-15 06:03 DEBUG    Trial 2 completed
09-15 06:03 DEBUG    ####################################################################################################
09-15 06:03 DEBUG    ####################################################################################################
09-15 06:03 DEBUG    Executing Trial 3 with seed 3
09-15 06:03 DEBUG    Data statistics: {0: {0: 373, 1: 479, 2: 423, 3: 394, 4: 375, 5: 355, 6: 374, 7: 447, 8: 403, 9: 377}, 1: {0: 425, 1: 468, 2: 379, 3: 403, 4: 378, 5: 369, 6: 391, 7: 425, 8: 370, 9: 392}, 2: {0: 380, 1: 435, 2: 399, 3: 402, 4: 404, 5: 380, 6: 393, 7: 413, 8: 394, 9: 400}, 3: {0: 391, 1: 440, 2: 387, 3: 424, 4: 412, 5: 344, 6: 377, 7: 418, 8: 400, 9: 407}, 4: {0: 348, 1: 467, 2: 416, 3: 403, 4: 397, 5: 375, 6: 383, 7: 421, 8: 391, 9: 399}, 5: {0: 392, 1: 433, 2: 406, 3: 446, 4: 381, 5: 334, 6: 383, 7: 382, 8: 421, 9: 422}, 6: {0: 376, 1: 453, 2: 380, 3: 418, 4: 392, 5: 371, 6: 415, 7: 400, 8: 397, 9: 398}, 7: {0: 401, 1: 446, 2: 406, 3: 454, 4: 390, 5: 327, 6: 385, 7: 413, 8: 368, 9: 410}, 8: {0: 382, 1: 460, 2: 404, 3: 395, 4: 405, 5: 365, 6: 399, 7: 409, 8: 367, 9: 414}, 9: {0: 432, 1: 456, 2: 388, 3: 410, 4: 353, 5: 386, 6: 422, 7: 405, 8: 371, 9: 377}, 10: {0: 406, 1: 448, 2: 399, 3: 384, 4: 391, 5: 332, 6: 387, 7: 444, 8: 419, 9: 390}, 11: {0: 401, 1: 452, 2: 387, 3: 391, 4: 374, 5: 366, 6: 396, 7: 429, 8: 413, 9: 391}, 12: {0: 404, 1: 460, 2: 399, 3: 406, 4: 402, 5: 348, 6: 382, 7: 417, 8: 385, 9: 397}, 13: {0: 419, 1: 432, 2: 381, 3: 419, 4: 388, 5: 397, 6: 406, 7: 410, 8: 365, 9: 383}, 14: {0: 393, 1: 413, 2: 404, 3: 382, 4: 400, 5: 372, 6: 425, 7: 432, 8: 387, 9: 392}}
09-15 06:04 DEBUG    **************************************************
09-15 06:04 DEBUG    Running experiments 

09-15 06:05 DEBUG    Uniform ensemble (Train acc): 0.966300
09-15 06:05 DEBUG    Uniform ensemble (Test acc): 0.964800
09-15 06:06 DEBUG    FedAvg (Train acc): 0.127783
09-15 06:06 DEBUG    FedAvg (Test acc): 0.128500
09-15 06:14 DEBUG    ****** PDM_KL matching ******** 
09-15 06:14 DEBUG    Best Sigma0: 10. Best sigma: 0.5 Best gamma: 10. Best Test accuracy: 0.9619. Train acc: 0.9644166666666667. 

09-15 06:14 DEBUG    PDM_KL log: {(10, 0.5, 10): {'shapes': [(784, 700), (700,), (700, 10), (10,)], 'train_accuracy': 0.9644166666666667, 'test_accuracy': 0.9619}} 
09-15 06:27 DEBUG    ****** PDM_KL matching ******** 
09-15 06:27 DEBUG    Best Sigma0: 10. Best sigma: 0.5 Best gamma: 10. Best Test accuracy: 0.9621. Train acc: 0.96425. 

09-15 06:27 DEBUG    PDM_KL log: {(10, 0.5, 10): {'shapes': [(784, 700), (700,), (700, 10), (10,)], 'train_accuracy': 0.96425, 'test_accuracy': 0.9621}} 
09-15 06:39 DEBUG    ****** PDM_KL matching ******** 
09-15 06:39 DEBUG    Best Sigma0: 10. Best sigma: 0.5 Best gamma: 10. Best Test accuracy: 0.9614. Train acc: 0.964. 

09-15 06:39 DEBUG    PDM_KL log: {(10, 0.5, 10): {'shapes': [(784, 700), (700,), (700, 10), (10,)], 'train_accuracy': 0.964, 'test_accuracy': 0.9614}} 
09-15 06:53 DEBUG    ****** PDM_KL matching ******** 
09-15 06:53 DEBUG    Best Sigma0: 10. Best sigma: 0.5 Best gamma: 10. Best Test accuracy: 0.9623. Train acc: 0.96435. 

09-15 06:53 DEBUG    PDM_KL log: {(10, 0.5, 10): {'shapes': [(784, 700), (700,), (700, 10), (10,)], 'train_accuracy': 0.96435, 'test_accuracy': 0.9623}} 
09-15 07:06 DEBUG    ****** PDM_KL matching ******** 
09-15 07:06 DEBUG    Best Sigma0: 10. Best sigma: 0.5 Best gamma: 10. Best Test accuracy: 0.9615. Train acc: 0.9638666666666666. 

09-15 07:06 DEBUG    PDM_KL log: {(10, 0.5, 10): {'shapes': [(784, 700), (700,), (700, 10), (10,)], 'train_accuracy': 0.9638666666666666, 'test_accuracy': 0.9615}} 
09-15 07:19 DEBUG    ****** PDM_KL matching ******** 
09-15 07:19 DEBUG    Best Sigma0: 10. Best sigma: 0.5 Best gamma: 10. Best Test accuracy: 0.9614. Train acc: 0.9638666666666666. 

09-15 07:19 DEBUG    PDM_KL log: {(10, 0.5, 10): {'shapes': [(784, 700), (700,), (700, 10), (10,)], 'train_accuracy': 0.9638666666666666, 'test_accuracy': 0.9614}} 
09-15 07:31 DEBUG    ****** PDM_KL matching ******** 
09-15 07:31 DEBUG    Best Sigma0: 10. Best sigma: 0.5 Best gamma: 10. Best Test accuracy: 0.9624. Train acc: 0.9644166666666667. 

09-15 07:31 DEBUG    PDM_KL log: {(10, 0.5, 10): {'shapes': [(784, 700), (700,), (700, 10), (10,)], 'train_accuracy': 0.9644166666666667, 'test_accuracy': 0.9624}} 
09-15 07:34 DEBUG    ****** PDM_KL matching ******** 
09-15 07:34 DEBUG    Best Sigma0: 10. Best sigma: 0.5 Best gamma: 10. Best Test accuracy: 0.8632. Train acc: 0.8693833333333333. 

09-15 07:34 DEBUG    PDM_KL log: {(10, 0.5, 10): {'shapes': [(784, 222), (222,), (222, 10), (10,)], 'train_accuracy': 0.8693833333333333, 'test_accuracy': 0.8632}} 
09-15 07:35 DEBUG    ****** PDM_KL matching ******** 
09-15 07:35 DEBUG    Best Sigma0: 10. Best sigma: 0.5 Best gamma: 10. Best Test accuracy: 0.0974. Train acc: 0.09751666666666667. 

09-15 07:35 DEBUG    PDM_KL log: {(10, 0.5, 10): {'shapes': [(784, 100), (100,), (100, 10), (10,)], 'train_accuracy': 0.09751666666666667, 'test_accuracy': 0.0974}} 
09-15 07:37 DEBUG    ****** PDM_KL matching ******** 
09-15 07:37 DEBUG    Best Sigma0: 10. Best sigma: 0.5 Best gamma: 10. Best Test accuracy: 0.0974. Train acc: 0.09751666666666667. 

09-15 07:37 DEBUG    PDM_KL log: {(10, 0.5, 10): {'shapes': [(784, 100), (100,), (100, 10), (10,)], 'train_accuracy': 0.09751666666666667, 'test_accuracy': 0.0974}} 
09-15 07:38 DEBUG    ****** PDM_KL matching ******** 
09-15 07:38 DEBUG    Best Sigma0: 10. Best sigma: 0.5 Best gamma: 10. Best Test accuracy: 0.0974. Train acc: 0.09751666666666667. 

09-15 07:38 DEBUG    PDM_KL log: {(10, 0.5, 10): {'shapes': [(784, 100), (100,), (100, 10), (10,)], 'train_accuracy': 0.09751666666666667, 'test_accuracy': 0.0974}} 
09-15 07:38 DEBUG    Trial 3 completed
09-15 07:38 DEBUG    ####################################################################################################
09-15 07:38 DEBUG    ####################################################################################################
09-15 07:38 DEBUG    Executing Trial 4 with seed 4
09-15 07:38 DEBUG    Data statistics: {0: {0: 380, 1: 448, 2: 433, 3: 417, 4: 377, 5: 337, 6: 401, 7: 426, 8: 379, 9: 402}, 1: {0: 432, 1: 460, 2: 374, 3: 394, 4: 384, 5: 358, 6: 386, 7: 423, 8: 409, 9: 380}, 2: {0: 385, 1: 434, 2: 438, 3: 414, 4: 365, 5: 393, 6: 385, 7: 431, 8: 380, 9: 375}, 3: {0: 381, 1: 453, 2: 388, 3: 411, 4: 404, 5: 360, 6: 411, 7: 396, 8: 392, 9: 404}, 4: {0: 371, 1: 461, 2: 384, 3: 397, 4: 403, 5: 350, 6: 385, 7: 420, 8: 414, 9: 415}, 5: {0: 399, 1: 442, 2: 377, 3: 412, 4: 407, 5: 376, 6: 398, 7: 393, 8: 374, 9: 422}, 6: {0: 384, 1: 461, 2: 402, 3: 428, 4: 372, 5: 381, 6: 425, 7: 413, 8: 342, 9: 392}, 7: {0: 417, 1: 446, 2: 400, 3: 430, 4: 407, 5: 366, 6: 409, 7: 375, 8: 377, 9: 373}, 8: {0: 409, 1: 457, 2: 380, 3: 411, 4: 404, 5: 326, 6: 390, 7: 437, 8: 392, 9: 394}, 9: {0: 364, 1: 454, 2: 404, 3: 406, 4: 393, 5: 377, 6: 388, 7: 449, 8: 368, 9: 397}, 10: {0: 396, 1: 460, 2: 412, 3: 397, 4: 377, 5: 337, 6: 380, 7: 448, 8: 411, 9: 382}, 11: {0: 430, 1: 435, 2: 403, 3: 398, 4: 390, 5: 349, 6: 395, 7: 391, 8: 416, 9: 393}, 12: {0: 379, 1: 477, 2: 394, 3: 397, 4: 394, 5: 362, 6: 370, 7: 411, 8: 399, 9: 417}, 13: {0: 399, 1: 415, 2: 405, 3: 408, 4: 375, 5: 362, 6: 402, 7: 433, 8: 391, 9: 410}, 14: {0: 397, 1: 439, 2: 364, 3: 411, 4: 390, 5: 387, 6: 393, 7: 419, 8: 407, 9: 393}}
09-15 07:39 DEBUG    **************************************************
09-15 07:39 DEBUG    Running experiments 

09-15 07:40 DEBUG    Uniform ensemble (Train acc): 0.965700
09-15 07:40 DEBUG    Uniform ensemble (Test acc): 0.964000
09-15 07:40 DEBUG    FedAvg (Train acc): 0.140233
09-15 07:40 DEBUG    FedAvg (Test acc): 0.138900
09-15 07:48 DEBUG    ****** PDM_KL matching ******** 
09-15 07:48 DEBUG    Best Sigma0: 10. Best sigma: 0.5 Best gamma: 10. Best Test accuracy: 0.9619. Train acc: 0.9647666666666667. 

09-15 07:48 DEBUG    PDM_KL log: {(10, 0.5, 10): {'shapes': [(784, 700), (700,), (700, 10), (10,)], 'train_accuracy': 0.9647666666666667, 'test_accuracy': 0.9619}} 
09-15 08:02 DEBUG    ****** PDM_KL matching ******** 
09-15 08:02 DEBUG    Best Sigma0: 10. Best sigma: 0.5 Best gamma: 10. Best Test accuracy: 0.9624. Train acc: 0.965. 

09-15 08:02 DEBUG    PDM_KL log: {(10, 0.5, 10): {'shapes': [(784, 700), (700,), (700, 10), (10,)], 'train_accuracy': 0.965, 'test_accuracy': 0.9624}} 
09-15 08:15 DEBUG    ****** PDM_KL matching ******** 
09-15 08:15 DEBUG    Best Sigma0: 10. Best sigma: 0.5 Best gamma: 10. Best Test accuracy: 0.9635. Train acc: 0.9649666666666666. 

09-15 08:15 DEBUG    PDM_KL log: {(10, 0.5, 10): {'shapes': [(784, 700), (700,), (700, 10), (10,)], 'train_accuracy': 0.9649666666666666, 'test_accuracy': 0.9635}} 
09-15 08:29 DEBUG    ****** PDM_KL matching ******** 
09-15 08:29 DEBUG    Best Sigma0: 10. Best sigma: 0.5 Best gamma: 10. Best Test accuracy: 0.9628. Train acc: 0.9649. 

09-15 08:29 DEBUG    PDM_KL log: {(10, 0.5, 10): {'shapes': [(784, 700), (700,), (700, 10), (10,)], 'train_accuracy': 0.9649, 'test_accuracy': 0.9628}} 
09-15 08:44 DEBUG    ****** PDM_KL matching ******** 
09-15 08:44 DEBUG    Best Sigma0: 10. Best sigma: 0.5 Best gamma: 10. Best Test accuracy: 0.9634. Train acc: 0.96475. 

09-15 08:44 DEBUG    PDM_KL log: {(10, 0.5, 10): {'shapes': [(784, 701), (701,), (701, 10), (10,)], 'train_accuracy': 0.96475, 'test_accuracy': 0.9634}} 
09-15 08:58 DEBUG    ****** PDM_KL matching ******** 
09-15 08:58 DEBUG    Best Sigma0: 10. Best sigma: 0.5 Best gamma: 10. Best Test accuracy: 0.9627. Train acc: 0.9645833333333333. 

09-15 08:58 DEBUG    PDM_KL log: {(10, 0.5, 10): {'shapes': [(784, 700), (700,), (700, 10), (10,)], 'train_accuracy': 0.9645833333333333, 'test_accuracy': 0.9627}} 
09-15 09:11 DEBUG    ****** PDM_KL matching ******** 
09-15 09:11 DEBUG    Best Sigma0: 10. Best sigma: 0.5 Best gamma: 10. Best Test accuracy: 0.9631. Train acc: 0.9651666666666666. 

09-15 09:11 DEBUG    PDM_KL log: {(10, 0.5, 10): {'shapes': [(784, 700), (700,), (700, 10), (10,)], 'train_accuracy': 0.9651666666666666, 'test_accuracy': 0.9631}} 
09-15 09:15 DEBUG    ****** PDM_KL matching ******** 
09-15 09:15 DEBUG    Best Sigma0: 10. Best sigma: 0.5 Best gamma: 10. Best Test accuracy: 0.8252. Train acc: 0.8288166666666666. 

09-15 09:15 DEBUG    PDM_KL log: {(10, 0.5, 10): {'shapes': [(784, 222), (222,), (222, 10), (10,)], 'train_accuracy': 0.8288166666666666, 'test_accuracy': 0.8252}} 
09-15 09:16 DEBUG    ****** PDM_KL matching ******** 
09-15 09:16 DEBUG    Best Sigma0: 10. Best sigma: 0.5 Best gamma: 10. Best Test accuracy: 0.0974. Train acc: 0.09751666666666667. 

09-15 09:16 DEBUG    PDM_KL log: {(10, 0.5, 10): {'shapes': [(784, 100), (100,), (100, 10), (10,)], 'train_accuracy': 0.09751666666666667, 'test_accuracy': 0.0974}} 
09-15 09:18 DEBUG    ****** PDM_KL matching ******** 
09-15 09:18 DEBUG    Best Sigma0: 10. Best sigma: 0.5 Best gamma: 10. Best Test accuracy: 0.0974. Train acc: 0.09751666666666667. 

09-15 09:18 DEBUG    PDM_KL log: {(10, 0.5, 10): {'shapes': [(784, 100), (100,), (100, 10), (10,)], 'train_accuracy': 0.09751666666666667, 'test_accuracy': 0.0974}} 
09-15 09:19 DEBUG    ****** PDM_KL matching ******** 
09-15 09:19 DEBUG    Best Sigma0: 10. Best sigma: 0.5 Best gamma: 10. Best Test accuracy: 0.0974. Train acc: 0.09751666666666667. 

09-15 09:19 DEBUG    PDM_KL log: {(10, 0.5, 10): {'shapes': [(784, 100), (100,), (100, 10), (10,)], 'train_accuracy': 0.09751666666666667, 'test_accuracy': 0.0974}} 
09-15 09:19 DEBUG    Trial 4 completed
09-15 09:19 DEBUG    ####################################################################################################
09-15 09:19 DEBUG    ####################################################################################################
09-15 09:19 DEBUG    Executing Trial 5 with seed 5
09-15 09:19 DEBUG    Data statistics: {0: {0: 375, 1: 421, 2: 403, 3: 430, 4: 411, 5: 343, 6: 402, 7: 443, 8: 386, 9: 386}, 1: {0: 395, 1: 450, 2: 371, 3: 418, 4: 376, 5: 338, 6: 420, 7: 420, 8: 404, 9: 408}, 2: {0: 428, 1: 452, 2: 397, 3: 401, 4: 388, 5: 333, 6: 383, 7: 437, 8: 392, 9: 389}, 3: {0: 413, 1: 466, 2: 370, 3: 404, 4: 375, 5: 360, 6: 374, 7: 423, 8: 393, 9: 422}, 4: {0: 397, 1: 444, 2: 409, 3: 396, 4: 393, 5: 365, 6: 402, 7: 397, 8: 399, 9: 398}, 5: {0: 419, 1: 441, 2: 393, 3: 396, 4: 379, 5: 384, 6: 381, 7: 435, 8: 353, 9: 419}, 6: {0: 369, 1: 455, 2: 394, 3: 413, 4: 384, 5: 374, 6: 377, 7: 430, 8: 424, 9: 380}, 7: {0: 403, 1: 444, 2: 398, 3: 435, 4: 385, 5: 344, 6: 396, 7: 398, 8: 393, 9: 404}, 8: {0: 386, 1: 457, 2: 416, 3: 412, 4: 367, 5: 382, 6: 380, 7: 445, 8: 379, 9: 376}, 9: {0: 384, 1: 438, 2: 413, 3: 416, 4: 421, 5: 384, 6: 371, 7: 393, 8: 367, 9: 413}, 10: {0: 365, 1: 454, 2: 414, 3: 402, 4: 406, 5: 387, 6: 396, 7: 408, 8: 371, 9: 397}, 11: {0: 402, 1: 450, 2: 392, 3: 405, 4: 392, 5: 344, 6: 423, 7: 415, 8: 384, 9: 393}, 12: {0: 388, 1: 467, 2: 388, 3: 436, 4: 401, 5: 366, 6: 392, 7: 419, 8: 388, 9: 355}, 13: {0: 424, 1: 442, 2: 400, 3: 376, 4: 368, 5: 381, 6: 418, 7: 397, 8: 391, 9: 403}, 14: {0: 375, 1: 461, 2: 400, 3: 391, 4: 396, 5: 336, 6: 403, 7: 405, 8: 427, 9: 406}}
09-15 09:20 DEBUG    **************************************************
09-15 09:20 DEBUG    Running experiments 

09-15 09:21 DEBUG    Uniform ensemble (Train acc): 0.965400
09-15 09:21 DEBUG    Uniform ensemble (Test acc): 0.964600
09-15 09:21 DEBUG    FedAvg (Train acc): 0.177833
09-15 09:21 DEBUG    FedAvg (Test acc): 0.177400
09-15 09:29 DEBUG    ****** PDM_KL matching ******** 
09-15 09:29 DEBUG    Best Sigma0: 10. Best sigma: 0.5 Best gamma: 10. Best Test accuracy: 0.9643. Train acc: 0.9656166666666667. 

09-15 09:29 DEBUG    PDM_KL log: {(10, 0.5, 10): {'shapes': [(784, 700), (700,), (700, 10), (10,)], 'train_accuracy': 0.9656166666666667, 'test_accuracy': 0.9643}} 
09-15 09:41 DEBUG    ****** PDM_KL matching ******** 
09-15 09:41 DEBUG    Best Sigma0: 10. Best sigma: 0.5 Best gamma: 10. Best Test accuracy: 0.9642. Train acc: 0.96545. 

09-15 09:41 DEBUG    PDM_KL log: {(10, 0.5, 10): {'shapes': [(784, 700), (700,), (700, 10), (10,)], 'train_accuracy': 0.96545, 'test_accuracy': 0.9642}} 
09-15 09:53 DEBUG    ****** PDM_KL matching ******** 
09-15 09:53 DEBUG    Best Sigma0: 10. Best sigma: 0.5 Best gamma: 10. Best Test accuracy: 0.964. Train acc: 0.9653333333333334. 

09-15 09:53 DEBUG    PDM_KL log: {(10, 0.5, 10): {'shapes': [(784, 700), (700,), (700, 10), (10,)], 'train_accuracy': 0.9653333333333334, 'test_accuracy': 0.964}} 
09-15 10:07 DEBUG    ****** PDM_KL matching ******** 
09-15 10:07 DEBUG    Best Sigma0: 10. Best sigma: 0.5 Best gamma: 10. Best Test accuracy: 0.9635. Train acc: 0.9649. 

09-15 10:07 DEBUG    PDM_KL log: {(10, 0.5, 10): {'shapes': [(784, 700), (700,), (700, 10), (10,)], 'train_accuracy': 0.9649, 'test_accuracy': 0.9635}} 
09-15 10:22 DEBUG    ****** PDM_KL matching ******** 
09-15 10:22 DEBUG    Best Sigma0: 10. Best sigma: 0.5 Best gamma: 10. Best Test accuracy: 0.9628. Train acc: 0.9646833333333333. 

09-15 10:22 DEBUG    PDM_KL log: {(10, 0.5, 10): {'shapes': [(784, 700), (700,), (700, 10), (10,)], 'train_accuracy': 0.9646833333333333, 'test_accuracy': 0.9628}} 
09-15 10:36 DEBUG    ****** PDM_KL matching ******** 
09-15 10:36 DEBUG    Best Sigma0: 10. Best sigma: 0.5 Best gamma: 10. Best Test accuracy: 0.9635. Train acc: 0.9651333333333333. 

09-15 10:36 DEBUG    PDM_KL log: {(10, 0.5, 10): {'shapes': [(784, 700), (700,), (700, 10), (10,)], 'train_accuracy': 0.9651333333333333, 'test_accuracy': 0.9635}} 
09-15 10:48 DEBUG    ****** PDM_KL matching ******** 
09-15 10:48 DEBUG    Best Sigma0: 10. Best sigma: 0.5 Best gamma: 10. Best Test accuracy: 0.9639. Train acc: 0.9655666666666667. 

09-15 10:48 DEBUG    PDM_KL log: {(10, 0.5, 10): {'shapes': [(784, 700), (700,), (700, 10), (10,)], 'train_accuracy': 0.9655666666666667, 'test_accuracy': 0.9639}} 
09-15 10:52 DEBUG    ****** PDM_KL matching ******** 
09-15 10:52 DEBUG    Best Sigma0: 10. Best sigma: 0.5 Best gamma: 10. Best Test accuracy: 0.8048. Train acc: 0.8051166666666667. 

09-15 10:52 DEBUG    PDM_KL log: {(10, 0.5, 10): {'shapes': [(784, 242), (242,), (242, 10), (10,)], 'train_accuracy': 0.8051166666666667, 'test_accuracy': 0.8048}} 
09-15 10:54 DEBUG    ****** PDM_KL matching ******** 
09-15 10:54 DEBUG    Best Sigma0: 10. Best sigma: 0.5 Best gamma: 10. Best Test accuracy: 0.0974. Train acc: 0.09751666666666667. 

09-15 10:54 DEBUG    PDM_KL log: {(10, 0.5, 10): {'shapes': [(784, 100), (100,), (100, 10), (10,)], 'train_accuracy': 0.09751666666666667, 'test_accuracy': 0.0974}} 
09-15 10:55 DEBUG    ****** PDM_KL matching ******** 
09-15 10:55 DEBUG    Best Sigma0: 10. Best sigma: 0.5 Best gamma: 10. Best Test accuracy: 0.0974. Train acc: 0.09751666666666667. 

09-15 10:55 DEBUG    PDM_KL log: {(10, 0.5, 10): {'shapes': [(784, 100), (100,), (100, 10), (10,)], 'train_accuracy': 0.09751666666666667, 'test_accuracy': 0.0974}} 
09-15 10:57 DEBUG    ****** PDM_KL matching ******** 
09-15 10:57 DEBUG    Best Sigma0: 10. Best sigma: 0.5 Best gamma: 10. Best Test accuracy: 0.0974. Train acc: 0.09751666666666667. 

09-15 10:57 DEBUG    PDM_KL log: {(10, 0.5, 10): {'shapes': [(784, 100), (100,), (100, 10), (10,)], 'train_accuracy': 0.09751666666666667, 'test_accuracy': 0.0974}} 
09-15 10:57 DEBUG    Trial 5 completed
09-15 10:57 DEBUG    ####################################################################################################
09-15 10:57 DEBUG    ####################################################################################################
09-15 10:57 DEBUG    Executing Trial 6 with seed 6
09-15 10:57 DEBUG    Data statistics: {0: {0: 385, 1: 454, 2: 370, 3: 419, 4: 416, 5: 359, 6: 426, 7: 408, 8: 368, 9: 395}, 1: {0: 389, 1: 429, 2: 399, 3: 439, 4: 380, 5: 346, 6: 383, 7: 403, 8: 407, 9: 425}, 2: {0: 377, 1: 494, 2: 424, 3: 402, 4: 385, 5: 384, 6: 366, 7: 426, 8: 396, 9: 346}, 3: {0: 410, 1: 467, 2: 387, 3: 414, 4: 379, 5: 338, 6: 395, 7: 403, 8: 401, 9: 406}, 4: {0: 396, 1: 477, 2: 374, 3: 412, 4: 387, 5: 367, 6: 398, 7: 406, 8: 369, 9: 414}, 5: {0: 389, 1: 436, 2: 374, 3: 398, 4: 374, 5: 378, 6: 410, 7: 434, 8: 405, 9: 402}, 6: {0: 396, 1: 463, 2: 427, 3: 401, 4: 422, 5: 319, 6: 394, 7: 436, 8: 371, 9: 371}, 7: {0: 395, 1: 448, 2: 441, 3: 443, 4: 340, 5: 374, 6: 380, 7: 415, 8: 381, 9: 383}, 8: {0: 373, 1: 464, 2: 377, 3: 421, 4: 371, 5: 374, 6: 392, 7: 421, 8: 406, 9: 401}, 9: {0: 397, 1: 437, 2: 382, 3: 388, 4: 408, 5: 365, 6: 410, 7: 391, 8: 400, 9: 422}, 10: {0: 431, 1: 445, 2: 398, 3: 371, 4: 410, 5: 363, 6: 403, 7: 426, 8: 366, 9: 387}, 11: {0: 415, 1: 431, 2: 407, 3: 397, 4: 388, 5: 332, 6: 408, 7: 437, 8: 379, 9: 406}, 12: {0: 388, 1: 425, 2: 395, 3: 418, 4: 399, 5: 348, 6: 394, 7: 452, 8: 384, 9: 397}, 13: {0: 377, 1: 440, 2: 413, 3: 404, 4: 382, 5: 397, 6: 357, 7: 431, 8: 397, 9: 402}, 14: {0: 405, 1: 432, 2: 390, 3: 404, 4: 401, 5: 377, 6: 402, 7: 376, 8: 421, 9: 392}}
09-15 10:58 DEBUG    **************************************************
09-15 10:58 DEBUG    Running experiments 

09-15 10:59 DEBUG    Uniform ensemble (Train acc): 0.965700
09-15 10:59 DEBUG    Uniform ensemble (Test acc): 0.964200
09-15 10:59 DEBUG    FedAvg (Train acc): 0.119017
09-15 10:59 DEBUG    FedAvg (Test acc): 0.121500
09-15 11:07 DEBUG    ****** PDM_KL matching ******** 
09-15 11:07 DEBUG    Best Sigma0: 10. Best sigma: 0.5 Best gamma: 10. Best Test accuracy: 0.9617. Train acc: 0.9640666666666666. 

09-15 11:07 DEBUG    PDM_KL log: {(10, 0.5, 10): {'shapes': [(784, 700), (700,), (700, 10), (10,)], 'train_accuracy': 0.9640666666666666, 'test_accuracy': 0.9617}} 
09-15 11:23 DEBUG    ****** PDM_KL matching ******** 
09-15 11:23 DEBUG    Best Sigma0: 10. Best sigma: 0.5 Best gamma: 10. Best Test accuracy: 0.9621. Train acc: 0.9639. 

09-15 11:23 DEBUG    PDM_KL log: {(10, 0.5, 10): {'shapes': [(784, 700), (700,), (700, 10), (10,)], 'train_accuracy': 0.9639, 'test_accuracy': 0.9621}} 
09-15 11:43 DEBUG    ****** PDM_KL matching ******** 
09-15 11:43 DEBUG    Best Sigma0: 10. Best sigma: 0.5 Best gamma: 10. Best Test accuracy: 0.9617. Train acc: 0.9638. 

09-15 11:43 DEBUG    PDM_KL log: {(10, 0.5, 10): {'shapes': [(784, 700), (700,), (700, 10), (10,)], 'train_accuracy': 0.9638, 'test_accuracy': 0.9617}} 
09-15 11:58 DEBUG    ****** PDM_KL matching ******** 
09-15 11:58 DEBUG    Best Sigma0: 10. Best sigma: 0.5 Best gamma: 10. Best Test accuracy: 0.9612. Train acc: 0.96385. 

09-15 11:58 DEBUG    PDM_KL log: {(10, 0.5, 10): {'shapes': [(784, 700), (700,), (700, 10), (10,)], 'train_accuracy': 0.96385, 'test_accuracy': 0.9612}} 
09-15 12:09 DEBUG    ****** PDM_KL matching ******** 
09-15 12:09 DEBUG    Best Sigma0: 10. Best sigma: 0.5 Best gamma: 10. Best Test accuracy: 0.9623. Train acc: 0.9639333333333333. 

09-15 12:09 DEBUG    PDM_KL log: {(10, 0.5, 10): {'shapes': [(784, 700), (700,), (700, 10), (10,)], 'train_accuracy': 0.9639333333333333, 'test_accuracy': 0.9623}} 
09-15 12:26 DEBUG    ****** PDM_KL matching ******** 
09-15 12:26 DEBUG    Best Sigma0: 10. Best sigma: 0.5 Best gamma: 10. Best Test accuracy: 0.9623. Train acc: 0.96415. 

09-15 12:26 DEBUG    PDM_KL log: {(10, 0.5, 10): {'shapes': [(784, 700), (700,), (700, 10), (10,)], 'train_accuracy': 0.96415, 'test_accuracy': 0.9623}} 
09-15 12:45 DEBUG    ****** PDM_KL matching ******** 
09-15 12:45 DEBUG    Best Sigma0: 10. Best sigma: 0.5 Best gamma: 10. Best Test accuracy: 0.9616. Train acc: 0.9631833333333333. 

09-15 12:45 DEBUG    PDM_KL log: {(10, 0.5, 10): {'shapes': [(784, 700), (700,), (700, 10), (10,)], 'train_accuracy': 0.9631833333333333, 'test_accuracy': 0.9616}} 
09-15 12:53 DEBUG    ****** PDM_KL matching ******** 
09-15 12:53 DEBUG    Best Sigma0: 10. Best sigma: 0.5 Best gamma: 10. Best Test accuracy: 0.7999. Train acc: 0.80395. 

09-15 12:53 DEBUG    PDM_KL log: {(10, 0.5, 10): {'shapes': [(784, 246), (246,), (246, 10), (10,)], 'train_accuracy': 0.80395, 'test_accuracy': 0.7999}} 
09-15 12:56 DEBUG    ****** PDM_KL matching ******** 
09-15 12:56 DEBUG    Best Sigma0: 10. Best sigma: 0.5 Best gamma: 10. Best Test accuracy: 0.0974. Train acc: 0.09751666666666667. 

09-15 12:56 DEBUG    PDM_KL log: {(10, 0.5, 10): {'shapes': [(784, 100), (100,), (100, 10), (10,)], 'train_accuracy': 0.09751666666666667, 'test_accuracy': 0.0974}} 
09-15 12:58 DEBUG    ****** PDM_KL matching ******** 
09-15 12:58 DEBUG    Best Sigma0: 10. Best sigma: 0.5 Best gamma: 10. Best Test accuracy: 0.0974. Train acc: 0.09751666666666667. 

09-15 12:58 DEBUG    PDM_KL log: {(10, 0.5, 10): {'shapes': [(784, 100), (100,), (100, 10), (10,)], 'train_accuracy': 0.09751666666666667, 'test_accuracy': 0.0974}} 
09-15 13:01 DEBUG    ****** PDM_KL matching ******** 
09-15 13:01 DEBUG    Best Sigma0: 10. Best sigma: 0.5 Best gamma: 10. Best Test accuracy: 0.0974. Train acc: 0.09751666666666667. 

09-15 13:01 DEBUG    PDM_KL log: {(10, 0.5, 10): {'shapes': [(784, 100), (100,), (100, 10), (10,)], 'train_accuracy': 0.09751666666666667, 'test_accuracy': 0.0974}} 
09-15 13:01 DEBUG    Trial 6 completed
09-15 13:01 DEBUG    ####################################################################################################
09-15 13:01 DEBUG    ####################################################################################################
09-15 13:01 DEBUG    Executing Trial 7 with seed 7
09-15 13:01 DEBUG    Data statistics: {0: {0: 370, 1: 448, 2: 368, 3: 447, 4: 403, 5: 391, 6: 419, 7: 418, 8: 373, 9: 363}, 1: {0: 369, 1: 456, 2: 395, 3: 423, 4: 398, 5: 353, 6: 398, 7: 431, 8: 387, 9: 390}, 2: {0: 405, 1: 439, 2: 366, 3: 374, 4: 397, 5: 367, 6: 384, 7: 444, 8: 441, 9: 383}, 3: {0: 434, 1: 451, 2: 387, 3: 430, 4: 386, 5: 352, 6: 374, 7: 402, 8: 395, 9: 389}, 4: {0: 364, 1: 496, 2: 417, 3: 416, 4: 382, 5: 382, 6: 387, 7: 387, 8: 353, 9: 416}, 5: {0: 388, 1: 436, 2: 395, 3: 419, 4: 370, 5: 383, 6: 418, 7: 421, 8: 352, 9: 418}, 6: {0: 406, 1: 453, 2: 411, 3: 409, 4: 404, 5: 360, 6: 393, 7: 403, 8: 381, 9: 380}, 7: {0: 406, 1: 425, 2: 386, 3: 411, 4: 391, 5: 366, 6: 410, 7: 437, 8: 381, 9: 387}, 8: {0: 382, 1: 403, 2: 397, 3: 429, 4: 396, 5: 352, 6: 362, 7: 448, 8: 402, 9: 429}, 9: {0: 377, 1: 458, 2: 390, 3: 417, 4: 365, 5: 339, 6: 395, 7: 435, 8: 395, 9: 429}, 10: {0: 390, 1: 447, 2: 438, 3: 397, 4: 380, 5: 352, 6: 413, 7: 389, 8: 409, 9: 385}, 11: {0: 405, 1: 484, 2: 408, 3: 397, 4: 382, 5: 343, 6: 366, 7: 431, 8: 399, 9: 385}, 12: {0: 421, 1: 435, 2: 387, 3: 357, 4: 421, 5: 355, 6: 448, 7: 389, 8: 367, 9: 420}, 13: {0: 393, 1: 466, 2: 415, 3: 408, 4: 369, 5: 368, 6: 370, 7: 432, 8: 404, 9: 375}, 14: {0: 413, 1: 445, 2: 398, 3: 397, 4: 398, 5: 358, 6: 381, 7: 398, 8: 412, 9: 400}}
09-15 13:03 DEBUG    **************************************************
09-15 13:03 DEBUG    Running experiments 

09-15 13:04 DEBUG    Uniform ensemble (Train acc): 0.965833
09-15 13:04 DEBUG    Uniform ensemble (Test acc): 0.964200
09-15 13:05 DEBUG    FedAvg (Train acc): 0.140817
09-15 13:05 DEBUG    FedAvg (Test acc): 0.140000
09-15 13:15 DEBUG    ****** PDM_KL matching ******** 
09-15 13:15 DEBUG    Best Sigma0: 10. Best sigma: 0.5 Best gamma: 10. Best Test accuracy: 0.9637. Train acc: 0.9649833333333333. 

09-15 13:15 DEBUG    PDM_KL log: {(10, 0.5, 10): {'shapes': [(784, 700), (700,), (700, 10), (10,)], 'train_accuracy': 0.9649833333333333, 'test_accuracy': 0.9637}} 
09-15 13:33 DEBUG    ****** PDM_KL matching ******** 
09-15 13:33 DEBUG    Best Sigma0: 10. Best sigma: 0.5 Best gamma: 10. Best Test accuracy: 0.9643. Train acc: 0.96565. 

09-15 13:33 DEBUG    PDM_KL log: {(10, 0.5, 10): {'shapes': [(784, 700), (700,), (700, 10), (10,)], 'train_accuracy': 0.96565, 'test_accuracy': 0.9643}} 
09-15 13:48 DEBUG    ****** PDM_KL matching ******** 
09-15 13:48 DEBUG    Best Sigma0: 10. Best sigma: 0.5 Best gamma: 10. Best Test accuracy: 0.9649. Train acc: 0.96615. 

09-15 13:48 DEBUG    PDM_KL log: {(10, 0.5, 10): {'shapes': [(784, 700), (700,), (700, 10), (10,)], 'train_accuracy': 0.96615, 'test_accuracy': 0.9649}} 
09-15 14:03 DEBUG    ****** PDM_KL matching ******** 
09-15 14:03 DEBUG    Best Sigma0: 10. Best sigma: 0.5 Best gamma: 10. Best Test accuracy: 0.9632. Train acc: 0.9656666666666667. 

09-15 14:03 DEBUG    PDM_KL log: {(10, 0.5, 10): {'shapes': [(784, 700), (700,), (700, 10), (10,)], 'train_accuracy': 0.9656666666666667, 'test_accuracy': 0.9632}} 
09-15 14:19 DEBUG    ****** PDM_KL matching ******** 
09-15 14:19 DEBUG    Best Sigma0: 10. Best sigma: 0.5 Best gamma: 10. Best Test accuracy: 0.9658. Train acc: 0.9659333333333333. 

09-15 14:19 DEBUG    PDM_KL log: {(10, 0.5, 10): {'shapes': [(784, 700), (700,), (700, 10), (10,)], 'train_accuracy': 0.9659333333333333, 'test_accuracy': 0.9658}} 
09-15 14:34 DEBUG    ****** PDM_KL matching ******** 
09-15 14:34 DEBUG    Best Sigma0: 10. Best sigma: 0.5 Best gamma: 10. Best Test accuracy: 0.9639. Train acc: 0.96535. 

09-15 14:34 DEBUG    PDM_KL log: {(10, 0.5, 10): {'shapes': [(784, 700), (700,), (700, 10), (10,)], 'train_accuracy': 0.96535, 'test_accuracy': 0.9639}} 
09-15 14:46 DEBUG    ****** PDM_KL matching ******** 
09-15 14:46 DEBUG    Best Sigma0: 10. Best sigma: 0.5 Best gamma: 10. Best Test accuracy: 0.9649. Train acc: 0.9657833333333333. 

09-15 14:46 DEBUG    PDM_KL log: {(10, 0.5, 10): {'shapes': [(784, 700), (700,), (700, 10), (10,)], 'train_accuracy': 0.9657833333333333, 'test_accuracy': 0.9649}} 
09-15 14:49 DEBUG    ****** PDM_KL matching ******** 
09-15 14:49 DEBUG    Best Sigma0: 10. Best sigma: 0.5 Best gamma: 10. Best Test accuracy: 0.7847. Train acc: 0.7869166666666667. 

09-15 14:49 DEBUG    PDM_KL log: {(10, 0.5, 10): {'shapes': [(784, 244), (244,), (244, 10), (10,)], 'train_accuracy': 0.7869166666666667, 'test_accuracy': 0.7847}} 
09-15 14:50 DEBUG    ****** PDM_KL matching ******** 
09-15 14:50 DEBUG    Best Sigma0: 10. Best sigma: 0.5 Best gamma: 10. Best Test accuracy: 0.0974. Train acc: 0.09751666666666667. 

09-15 14:50 DEBUG    PDM_KL log: {(10, 0.5, 10): {'shapes': [(784, 100), (100,), (100, 10), (10,)], 'train_accuracy': 0.09751666666666667, 'test_accuracy': 0.0974}} 
09-15 14:51 DEBUG    ****** PDM_KL matching ******** 
09-15 14:51 DEBUG    Best Sigma0: 10. Best sigma: 0.5 Best gamma: 10. Best Test accuracy: 0.0974. Train acc: 0.09751666666666667. 

09-15 14:51 DEBUG    PDM_KL log: {(10, 0.5, 10): {'shapes': [(784, 100), (100,), (100, 10), (10,)], 'train_accuracy': 0.09751666666666667, 'test_accuracy': 0.0974}} 
09-15 14:53 DEBUG    ****** PDM_KL matching ******** 
09-15 14:53 DEBUG    Best Sigma0: 10. Best sigma: 0.5 Best gamma: 10. Best Test accuracy: 0.0974. Train acc: 0.09751666666666667. 

09-15 14:53 DEBUG    PDM_KL log: {(10, 0.5, 10): {'shapes': [(784, 100), (100,), (100, 10), (10,)], 'train_accuracy': 0.09751666666666667, 'test_accuracy': 0.0974}} 
09-15 14:53 DEBUG    Trial 7 completed
09-15 14:53 DEBUG    ####################################################################################################
09-15 14:53 DEBUG    ####################################################################################################
09-15 14:53 DEBUG    Executing Trial 8 with seed 8
09-15 14:53 DEBUG    Data statistics: {0: {0: 402, 1: 495, 2: 391, 3: 410, 4: 394, 5: 355, 6: 385, 7: 397, 8: 383, 9: 388}, 1: {0: 411, 1: 464, 2: 373, 3: 412, 4: 390, 5: 377, 6: 367, 7: 414, 8: 386, 9: 406}, 2: {0: 368, 1: 469, 2: 396, 3: 426, 4: 366, 5: 356, 6: 390, 7: 427, 8: 408, 9: 394}, 3: {0: 385, 1: 475, 2: 398, 3: 401, 4: 408, 5: 355, 6: 331, 7: 428, 8: 411, 9: 408}, 4: {0: 365, 1: 409, 2: 419, 3: 425, 4: 376, 5: 358, 6: 410, 7: 438, 8: 398, 9: 402}, 5: {0: 398, 1: 452, 2: 404, 3: 416, 4: 392, 5: 373, 6: 391, 7: 391, 8: 395, 9: 388}, 6: {0: 411, 1: 437, 2: 380, 3: 412, 4: 378, 5: 379, 6: 418, 7: 404, 8: 381, 9: 400}, 7: {0: 403, 1: 436, 2: 400, 3: 419, 4: 411, 5: 344, 6: 405, 7: 416, 8: 366, 9: 400}, 8: {0: 420, 1: 422, 2: 405, 3: 372, 4: 415, 5: 357, 6: 409, 7: 424, 8: 382, 9: 394}, 9: {0: 401, 1: 428, 2: 378, 3: 408, 4: 370, 5: 364, 6: 374, 7: 459, 8: 396, 9: 422}, 10: {0: 374, 1: 476, 2: 388, 3: 438, 4: 375, 5: 388, 6: 369, 7: 424, 8: 373, 9: 395}, 11: {0: 389, 1: 430, 2: 420, 3: 389, 4: 387, 5: 376, 6: 429, 7: 399, 8: 383, 9: 398}, 12: {0: 392, 1: 440, 2: 423, 3: 402, 4: 403, 5: 344, 6: 388, 7: 412, 8: 403, 9: 393}, 13: {0: 389, 1: 432, 2: 380, 3: 414, 4: 383, 5: 324, 6: 442, 7: 432, 8: 404, 9: 400}, 14: {0: 415, 1: 477, 2: 403, 3: 387, 4: 394, 5: 371, 6: 410, 7: 400, 8: 382, 9: 361}}
09-15 14:54 DEBUG    **************************************************
09-15 14:54 DEBUG    Running experiments 

09-15 14:54 DEBUG    Uniform ensemble (Train acc): 0.964117
09-15 14:54 DEBUG    Uniform ensemble (Test acc): 0.963900
09-15 14:54 DEBUG    FedAvg (Train acc): 0.127417
09-15 14:54 DEBUG    FedAvg (Test acc): 0.128400
09-15 15:02 DEBUG    ****** PDM_KL matching ******** 
09-15 15:02 DEBUG    Best Sigma0: 10. Best sigma: 0.5 Best gamma: 10. Best Test accuracy: 0.9618. Train acc: 0.9639166666666666. 

09-15 15:02 DEBUG    PDM_KL log: {(10, 0.5, 10): {'shapes': [(784, 700), (700,), (700, 10), (10,)], 'train_accuracy': 0.9639166666666666, 'test_accuracy': 0.9618}} 
09-15 15:13 DEBUG    ****** PDM_KL matching ******** 
09-15 15:13 DEBUG    Best Sigma0: 10. Best sigma: 0.5 Best gamma: 10. Best Test accuracy: 0.9632. Train acc: 0.9639166666666666. 

09-15 15:13 DEBUG    PDM_KL log: {(10, 0.5, 10): {'shapes': [(784, 700), (700,), (700, 10), (10,)], 'train_accuracy': 0.9639166666666666, 'test_accuracy': 0.9632}} 
09-15 15:26 DEBUG    ****** PDM_KL matching ******** 
09-15 15:26 DEBUG    Best Sigma0: 10. Best sigma: 0.5 Best gamma: 10. Best Test accuracy: 0.9626. Train acc: 0.9639166666666666. 

09-15 15:26 DEBUG    PDM_KL log: {(10, 0.5, 10): {'shapes': [(784, 700), (700,), (700, 10), (10,)], 'train_accuracy': 0.9639166666666666, 'test_accuracy': 0.9626}} 
09-15 15:40 DEBUG    ****** PDM_KL matching ******** 
09-15 15:40 DEBUG    Best Sigma0: 10. Best sigma: 0.5 Best gamma: 10. Best Test accuracy: 0.9632. Train acc: 0.9639. 

09-15 15:40 DEBUG    PDM_KL log: {(10, 0.5, 10): {'shapes': [(784, 700), (700,), (700, 10), (10,)], 'train_accuracy': 0.9639, 'test_accuracy': 0.9632}} 
09-15 15:56 DEBUG    ****** PDM_KL matching ******** 
09-15 15:56 DEBUG    Best Sigma0: 10. Best sigma: 0.5 Best gamma: 10. Best Test accuracy: 0.9628. Train acc: 0.9638666666666666. 

09-15 15:56 DEBUG    PDM_KL log: {(10, 0.5, 10): {'shapes': [(784, 700), (700,), (700, 10), (10,)], 'train_accuracy': 0.9638666666666666, 'test_accuracy': 0.9628}} 
09-15 16:11 DEBUG    ****** PDM_KL matching ******** 
09-15 16:11 DEBUG    Best Sigma0: 10. Best sigma: 0.5 Best gamma: 10. Best Test accuracy: 0.9624. Train acc: 0.9642. 

09-15 16:11 DEBUG    PDM_KL log: {(10, 0.5, 10): {'shapes': [(784, 700), (700,), (700, 10), (10,)], 'train_accuracy': 0.9642, 'test_accuracy': 0.9624}} 
09-15 16:27 DEBUG    ****** PDM_KL matching ******** 
09-15 16:27 DEBUG    Best Sigma0: 10. Best sigma: 0.5 Best gamma: 10. Best Test accuracy: 0.9636. Train acc: 0.9640833333333333. 

09-15 16:27 DEBUG    PDM_KL log: {(10, 0.5, 10): {'shapes': [(784, 700), (700,), (700, 10), (10,)], 'train_accuracy': 0.9640833333333333, 'test_accuracy': 0.9636}} 
09-15 16:33 DEBUG    ****** PDM_KL matching ******** 
09-15 16:33 DEBUG    Best Sigma0: 10. Best sigma: 0.5 Best gamma: 10. Best Test accuracy: 0.6879. Train acc: 0.6898666666666666. 

09-15 16:33 DEBUG    PDM_KL log: {(10, 0.5, 10): {'shapes': [(784, 235), (235,), (235, 10), (10,)], 'train_accuracy': 0.6898666666666666, 'test_accuracy': 0.6879}} 
09-15 16:35 DEBUG    ****** PDM_KL matching ******** 
09-15 16:35 DEBUG    Best Sigma0: 10. Best sigma: 0.5 Best gamma: 10. Best Test accuracy: 0.0974. Train acc: 0.09751666666666667. 

09-15 16:35 DEBUG    PDM_KL log: {(10, 0.5, 10): {'shapes': [(784, 100), (100,), (100, 10), (10,)], 'train_accuracy': 0.09751666666666667, 'test_accuracy': 0.0974}} 
09-15 16:36 DEBUG    ****** PDM_KL matching ******** 
09-15 16:36 DEBUG    Best Sigma0: 10. Best sigma: 0.5 Best gamma: 10. Best Test accuracy: 0.0974. Train acc: 0.09751666666666667. 

09-15 16:36 DEBUG    PDM_KL log: {(10, 0.5, 10): {'shapes': [(784, 100), (100,), (100, 10), (10,)], 'train_accuracy': 0.09751666666666667, 'test_accuracy': 0.0974}} 
09-15 16:38 DEBUG    ****** PDM_KL matching ******** 
09-15 16:38 DEBUG    Best Sigma0: 10. Best sigma: 0.5 Best gamma: 10. Best Test accuracy: 0.0974. Train acc: 0.09751666666666667. 

09-15 16:38 DEBUG    PDM_KL log: {(10, 0.5, 10): {'shapes': [(784, 100), (100,), (100, 10), (10,)], 'train_accuracy': 0.09751666666666667, 'test_accuracy': 0.0974}} 
09-15 16:38 DEBUG    Trial 8 completed
09-15 16:38 DEBUG    ####################################################################################################
09-15 16:38 DEBUG    ####################################################################################################
09-15 16:38 DEBUG    Executing Trial 9 with seed 9
09-15 16:38 DEBUG    Data statistics: {0: {0: 383, 1: 478, 2: 392, 3: 398, 4: 389, 5: 342, 6: 406, 7: 432, 8: 387, 9: 393}, 1: {0: 421, 1: 486, 2: 364, 3: 413, 4: 372, 5: 370, 6: 383, 7: 405, 8: 386, 9: 400}, 2: {0: 357, 1: 440, 2: 394, 3: 408, 4: 402, 5: 374, 6: 400, 7: 436, 8: 398, 9: 391}, 3: {0: 399, 1: 457, 2: 407, 3: 396, 4: 379, 5: 341, 6: 393, 7: 397, 8: 385, 9: 446}, 4: {0: 403, 1: 431, 2: 378, 3: 451, 4: 384, 5: 368, 6: 414, 7: 411, 8: 364, 9: 396}, 5: {0: 406, 1: 468, 2: 392, 3: 396, 4: 376, 5: 374, 6: 381, 7: 433, 8: 389, 9: 385}, 6: {0: 429, 1: 455, 2: 365, 3: 420, 4: 399, 5: 363, 6: 366, 7: 429, 8: 401, 9: 373}, 7: {0: 367, 1: 449, 2: 405, 3: 406, 4: 401, 5: 374, 6: 379, 7: 416, 8: 404, 9: 399}, 8: {0: 393, 1: 414, 2: 416, 3: 426, 4: 389, 5: 366, 6: 388, 7: 415, 8: 379, 9: 414}, 9: {0: 411, 1: 449, 2: 407, 3: 405, 4: 392, 5: 357, 6: 411, 7: 395, 8: 394, 9: 379}, 10: {0: 360, 1: 464, 2: 422, 3: 423, 4: 397, 5: 332, 6: 375, 7: 431, 8: 417, 9: 379}, 11: {0: 408, 1: 439, 2: 412, 3: 404, 4: 392, 5: 335, 6: 417, 7: 384, 8: 391, 9: 418}, 12: {0: 380, 1: 477, 2: 431, 3: 385, 4: 400, 5: 360, 6: 382, 7: 416, 8: 369, 9: 400}, 13: {0: 404, 1: 433, 2: 401, 3: 378, 4: 394, 5: 374, 6: 388, 7: 453, 8: 384, 9: 391}, 14: {0: 402, 1: 402, 2: 372, 3: 422, 4: 376, 5: 391, 6: 435, 7: 412, 8: 403, 9: 385}}
09-15 16:40 DEBUG    **************************************************
09-15 16:40 DEBUG    Running experiments 

09-15 16:41 DEBUG    Uniform ensemble (Train acc): 0.965033
09-15 16:41 DEBUG    Uniform ensemble (Test acc): 0.962700
09-15 16:41 DEBUG    FedAvg (Train acc): 0.129050
09-15 16:41 DEBUG    FedAvg (Test acc): 0.130500
09-15 16:50 DEBUG    ****** PDM_KL matching ******** 
09-15 16:50 DEBUG    Best Sigma0: 10. Best sigma: 0.5 Best gamma: 10. Best Test accuracy: 0.9646. Train acc: 0.96455. 

09-15 16:50 DEBUG    PDM_KL log: {(10, 0.5, 10): {'shapes': [(784, 700), (700,), (700, 10), (10,)], 'train_accuracy': 0.96455, 'test_accuracy': 0.9646}} 
09-15 17:02 DEBUG    ****** PDM_KL matching ******** 
09-15 17:02 DEBUG    Best Sigma0: 10. Best sigma: 0.5 Best gamma: 10. Best Test accuracy: 0.9633. Train acc: 0.9638333333333333. 

09-15 17:02 DEBUG    PDM_KL log: {(10, 0.5, 10): {'shapes': [(784, 700), (700,), (700, 10), (10,)], 'train_accuracy': 0.9638333333333333, 'test_accuracy': 0.9633}} 
09-15 17:16 DEBUG    ****** PDM_KL matching ******** 
09-15 17:16 DEBUG    Best Sigma0: 10. Best sigma: 0.5 Best gamma: 10. Best Test accuracy: 0.9645. Train acc: 0.9644833333333334. 

09-15 17:16 DEBUG    PDM_KL log: {(10, 0.5, 10): {'shapes': [(784, 700), (700,), (700, 10), (10,)], 'train_accuracy': 0.9644833333333334, 'test_accuracy': 0.9645}} 
09-15 17:31 DEBUG    ****** PDM_KL matching ******** 
09-15 17:31 DEBUG    Best Sigma0: 10. Best sigma: 0.5 Best gamma: 10. Best Test accuracy: 0.9636. Train acc: 0.9647166666666667. 

09-15 17:31 DEBUG    PDM_KL log: {(10, 0.5, 10): {'shapes': [(784, 700), (700,), (700, 10), (10,)], 'train_accuracy': 0.9647166666666667, 'test_accuracy': 0.9636}} 
09-15 17:46 DEBUG    ****** PDM_KL matching ******** 
09-15 17:46 DEBUG    Best Sigma0: 10. Best sigma: 0.5 Best gamma: 10. Best Test accuracy: 0.9635. Train acc: 0.9641333333333333. 

09-15 17:46 DEBUG    PDM_KL log: {(10, 0.5, 10): {'shapes': [(784, 700), (700,), (700, 10), (10,)], 'train_accuracy': 0.9641333333333333, 'test_accuracy': 0.9635}} 
09-15 18:02 DEBUG    ****** PDM_KL matching ******** 
09-15 18:02 DEBUG    Best Sigma0: 10. Best sigma: 0.5 Best gamma: 10. Best Test accuracy: 0.9639. Train acc: 0.9644166666666667. 

09-15 18:02 DEBUG    PDM_KL log: {(10, 0.5, 10): {'shapes': [(784, 700), (700,), (700, 10), (10,)], 'train_accuracy': 0.9644166666666667, 'test_accuracy': 0.9639}} 
09-15 18:13 DEBUG    ****** PDM_KL matching ******** 
09-15 18:13 DEBUG    Best Sigma0: 10. Best sigma: 0.5 Best gamma: 10. Best Test accuracy: 0.9638. Train acc: 0.9642166666666667. 

09-15 18:13 DEBUG    PDM_KL log: {(10, 0.5, 10): {'shapes': [(784, 700), (700,), (700, 10), (10,)], 'train_accuracy': 0.9642166666666667, 'test_accuracy': 0.9638}} 
09-15 18:16 DEBUG    ****** PDM_KL matching ******** 
09-15 18:16 DEBUG    Best Sigma0: 10. Best sigma: 0.5 Best gamma: 10. Best Test accuracy: 0.7251. Train acc: 0.7225333333333334. 

09-15 18:16 DEBUG    PDM_KL log: {(10, 0.5, 10): {'shapes': [(784, 259), (259,), (259, 10), (10,)], 'train_accuracy': 0.7225333333333334, 'test_accuracy': 0.7251}} 
09-15 18:17 DEBUG    ****** PDM_KL matching ******** 
09-15 18:17 DEBUG    Best Sigma0: 10. Best sigma: 0.5 Best gamma: 10. Best Test accuracy: 0.0974. Train acc: 0.09751666666666667. 

09-15 18:17 DEBUG    PDM_KL log: {(10, 0.5, 10): {'shapes': [(784, 100), (100,), (100, 10), (10,)], 'train_accuracy': 0.09751666666666667, 'test_accuracy': 0.0974}} 
09-15 18:18 DEBUG    ****** PDM_KL matching ******** 
09-15 18:18 DEBUG    Best Sigma0: 10. Best sigma: 0.5 Best gamma: 10. Best Test accuracy: 0.0974. Train acc: 0.09751666666666667. 

09-15 18:18 DEBUG    PDM_KL log: {(10, 0.5, 10): {'shapes': [(784, 100), (100,), (100, 10), (10,)], 'train_accuracy': 0.09751666666666667, 'test_accuracy': 0.0974}} 
09-15 18:19 DEBUG    ****** PDM_KL matching ******** 
09-15 18:19 DEBUG    Best Sigma0: 10. Best sigma: 0.5 Best gamma: 10. Best Test accuracy: 0.0974. Train acc: 0.09751666666666667. 

09-15 18:19 DEBUG    PDM_KL log: {(10, 0.5, 10): {'shapes': [(784, 100), (100,), (100, 10), (10,)], 'train_accuracy': 0.09751666666666667, 'test_accuracy': 0.0974}} 
09-15 18:19 DEBUG    Trial 9 completed
09-15 18:19 DEBUG    ####################################################################################################
