09-11 17:38 DEBUG    Experiment arguments: Namespace(alpha=0.5, communication_rounds=None, datadir='data/mnist', dataset='mnist', device=1.0, dropout_p=0.0, epochs=10, experiment=['all'], init_seed=0, iter_epochs=5, layers=1, loaddir='saved_weights/mnist/hetero-dir', logdir='KL_regs/mnist/hetero-dir', lr=0.01, lr_decay=1.0, n=6, n_layers=1, n_nets=10, net_config=[784, 100, 100, 100, 100, 10], num_pool_workers=6, partition='hetero-dir', pdm_gamma=1.0, pdm_sig=1.0, pdm_sig0=1.0, reg=1e-06, reg_fac=0.0, trials=10)
09-11 17:38 DEBUG    ####################################################################################################
09-11 17:38 DEBUG    Executing Trial 0 with seed 0
09-11 17:38 DEBUG    Data statistics: {0: {0: 602, 2: 796, 3: 948, 4: 477, 5: 120, 6: 546, 7: 191, 8: 143, 9: 1650}, 1: {0: 820, 1: 2411, 2: 2824}, 2: {0: 770, 1: 25, 2: 669, 3: 963, 4: 2734, 5: 28, 6: 7, 7: 16, 8: 602, 9: 663}, 3: {0: 237, 1: 923, 2: 396, 3: 273, 4: 609, 5: 240, 6: 468, 7: 150, 8: 2975}, 4: {0: 241, 1: 409, 2: 58, 3: 1175, 4: 425, 5: 64, 6: 88, 7: 55, 8: 100, 9: 670}, 5: {0: 103, 1: 356, 3: 10, 4: 474, 5: 29, 6: 2121, 7: 554, 8: 888, 9: 2934}, 6: {0: 1430, 1: 2487, 2: 58, 3: 266, 4: 650, 5: 551, 6: 128, 7: 2929}, 7: {0: 554, 1: 1, 2: 160, 3: 51, 5: 1511, 6: 2451, 7: 1609}, 8: {0: 234, 1: 100, 2: 867, 3: 1177, 4: 77, 5: 2396, 6: 92, 7: 646, 8: 1133}, 9: {0: 932, 1: 30, 2: 130, 3: 1268, 4: 396, 5: 482, 6: 17, 7: 115, 8: 10, 9: 32}}
09-11 17:39 DEBUG    **************************************************
09-11 17:39 DEBUG    Running experiments 

09-11 17:39 DEBUG    Uniform ensemble (Train acc): 0.952717
09-11 17:39 DEBUG    Uniform ensemble (Test acc): 0.949500
09-11 17:39 DEBUG    FedAvg (Train acc): 0.090350
09-11 17:39 DEBUG    FedAvg (Test acc): 0.089200
09-11 17:40 DEBUG    ****** PDM_KL matching ******** 
09-11 17:40 DEBUG    Best Sigma0: 0.5. Best sigma: 1 Best gamma: 10. Best Test accuracy: 0.216. Train acc: 0.20933333333333334. 

09-11 17:40 DEBUG    PDM_KL log: {(0.5, 1, 10): {'shapes': [(784, 262), (262,), (262, 118), (118,), (118, 118), (118,), (118, 109), (109,), (109, 10), (10,)], 'train_accuracy': 0.20933333333333334, 'test_accuracy': 0.216}} 
09-11 17:42 DEBUG    ****** PDM_KL matching ******** 
09-11 17:42 DEBUG    Best Sigma0: 0.5. Best sigma: 1 Best gamma: 10. Best Test accuracy: 0.1542. Train acc: 0.14821666666666666. 

09-11 17:42 DEBUG    PDM_KL log: {(0.5, 1, 10): {'shapes': [(784, 264), (264,), (264, 127), (127,), (127, 118), (118,), (118, 109), (109,), (109, 10), (10,)], 'train_accuracy': 0.14821666666666666, 'test_accuracy': 0.1542}} 
09-11 17:44 DEBUG    ****** PDM_KL matching ******** 
09-11 17:44 DEBUG    Best Sigma0: 0.5. Best sigma: 1 Best gamma: 10. Best Test accuracy: 0.1594. Train acc: 0.15473333333333333. 

09-11 17:44 DEBUG    PDM_KL log: {(0.5, 1, 10): {'shapes': [(784, 264), (264,), (264, 118), (118,), (118, 118), (118,), (118, 109), (109,), (109, 10), (10,)], 'train_accuracy': 0.15473333333333333, 'test_accuracy': 0.1594}} 
09-11 17:46 DEBUG    ****** PDM_KL matching ******** 
09-11 17:46 DEBUG    Best Sigma0: 0.5. Best sigma: 1 Best gamma: 10. Best Test accuracy: 0.1085. Train acc: 0.1031. 

09-11 17:46 DEBUG    PDM_KL log: {(0.5, 1, 10): {'shapes': [(784, 261), (261,), (261, 118), (118,), (118, 118), (118,), (118, 109), (109,), (109, 10), (10,)], 'train_accuracy': 0.1031, 'test_accuracy': 0.1085}} 
09-11 17:48 DEBUG    ****** PDM_KL matching ******** 
09-11 17:48 DEBUG    Best Sigma0: 0.5. Best sigma: 1 Best gamma: 10. Best Test accuracy: 0.1545. Train acc: 0.15246666666666667. 

09-11 17:48 DEBUG    PDM_KL log: {(0.5, 1, 10): {'shapes': [(784, 269), (269,), (269, 118), (118,), (118, 118), (118,), (118, 109), (109,), (109, 10), (10,)], 'train_accuracy': 0.15246666666666667, 'test_accuracy': 0.1545}} 
09-11 17:50 DEBUG    ****** PDM_KL matching ******** 
09-11 17:50 DEBUG    Best Sigma0: 0.5. Best sigma: 1 Best gamma: 10. Best Test accuracy: 0.1739. Train acc: 0.16728333333333334. 

09-11 17:50 DEBUG    PDM_KL log: {(0.5, 1, 10): {'shapes': [(784, 273), (273,), (273, 118), (118,), (118, 118), (118,), (118, 109), (109,), (109, 10), (10,)], 'train_accuracy': 0.16728333333333334, 'test_accuracy': 0.1739}} 
09-11 17:54 DEBUG    ****** PDM_KL matching ******** 
09-11 17:54 DEBUG    Best Sigma0: 0.5. Best sigma: 1 Best gamma: 10. Best Test accuracy: 0.1837. Train acc: 0.17658333333333334. 

09-11 17:54 DEBUG    PDM_KL log: {(0.5, 1, 10): {'shapes': [(784, 375), (375,), (375, 127), (127,), (127, 127), (127,), (127, 109), (109,), (109, 10), (10,)], 'train_accuracy': 0.17658333333333334, 'test_accuracy': 0.1837}} 
09-11 17:59 DEBUG    ****** PDM_KL matching ******** 
09-11 17:59 DEBUG    Best Sigma0: 0.5. Best sigma: 1 Best gamma: 10. Best Test accuracy: 0.1537. Train acc: 0.14911666666666668. 

09-11 17:59 DEBUG    PDM_KL log: {(0.5, 1, 10): {'shapes': [(784, 511), (511,), (511, 136), (136,), (136, 127), (127,), (127, 118), (118,), (118, 10), (10,)], 'train_accuracy': 0.14911666666666668, 'test_accuracy': 0.1537}} 
09-11 18:04 DEBUG    ****** PDM_KL matching ******** 
09-11 18:04 DEBUG    Best Sigma0: 0.5. Best sigma: 1 Best gamma: 10. Best Test accuracy: 0.1032. Train acc: 0.0993. 

09-11 18:04 DEBUG    PDM_KL log: {(0.5, 1, 10): {'shapes': [(784, 557), (557,), (557, 145), (145,), (145, 136), (136,), (136, 127), (127,), (127, 10), (10,)], 'train_accuracy': 0.0993, 'test_accuracy': 0.1032}} 
09-11 18:08 DEBUG    ****** PDM_KL matching ******** 
09-11 18:08 DEBUG    Best Sigma0: 0.5. Best sigma: 1 Best gamma: 10. Best Test accuracy: 0.1032. Train acc: 0.0993. 

09-11 18:08 DEBUG    PDM_KL log: {(0.5, 1, 10): {'shapes': [(784, 286), (286,), (286, 180), (180,), (180, 154), (154,), (154, 127), (127,), (127, 10), (10,)], 'train_accuracy': 0.0993, 'test_accuracy': 0.1032}} 
09-11 18:11 DEBUG    ****** PDM_KL matching ******** 
09-11 18:11 DEBUG    Best Sigma0: 0.5. Best sigma: 1 Best gamma: 10. Best Test accuracy: 0.1032. Train acc: 0.0993. 

09-11 18:11 DEBUG    PDM_KL log: {(0.5, 1, 10): {'shapes': [(784, 238), (238,), (238, 216), (216,), (216, 179), (179,), (179, 127), (127,), (127, 10), (10,)], 'train_accuracy': 0.0993, 'test_accuracy': 0.1032}} 
09-11 18:11 DEBUG    Trial 0 completed
09-11 18:11 DEBUG    ####################################################################################################
09-11 18:11 DEBUG    ####################################################################################################
09-11 18:11 DEBUG    Executing Trial 1 with seed 1
09-11 18:11 DEBUG    Data statistics: {0: {0: 248, 1: 83, 2: 207, 3: 99, 4: 776, 5: 380, 6: 206, 7: 350, 8: 326, 9: 117}, 1: {0: 32, 1: 787, 2: 107, 3: 76, 4: 860, 5: 388, 6: 1125, 7: 1, 8: 586, 9: 2654}, 2: {0: 1711, 1: 1222, 2: 2657, 3: 143, 4: 349}, 3: {0: 301, 1: 336, 2: 1374, 3: 1805, 4: 2026, 5: 2536}, 4: {0: 166, 1: 315, 2: 274, 3: 12, 4: 47, 5: 38, 6: 723, 7: 175, 8: 48, 9: 2474}, 5: {0: 2902, 1: 187, 3: 322, 4: 24, 5: 71, 6: 2360, 7: 2841}, 6: {0: 127, 1: 963, 2: 729, 3: 810, 4: 960, 5: 24, 6: 804, 7: 111, 8: 1703}, 7: {0: 28, 1: 1747, 2: 276, 3: 72, 4: 657, 5: 1128, 6: 668, 7: 58, 8: 457, 9: 122}, 8: {0: 4, 1: 364, 2: 138, 3: 177, 4: 45, 5: 798, 7: 2648, 8: 2247}, 9: {0: 404, 1: 738, 2: 196, 3: 2615, 4: 98, 5: 58, 6: 32, 7: 81, 8: 484, 9: 582}}
09-11 18:11 DEBUG    **************************************************
09-11 18:11 DEBUG    Running experiments 

09-11 18:12 DEBUG    Uniform ensemble (Train acc): 0.954750
09-11 18:12 DEBUG    Uniform ensemble (Test acc): 0.951300
09-11 18:12 DEBUG    FedAvg (Train acc): 0.090350
09-11 18:12 DEBUG    FedAvg (Test acc): 0.089200
09-11 18:14 DEBUG    ****** PDM_KL matching ******** 
09-11 18:14 DEBUG    Best Sigma0: 0.5. Best sigma: 1 Best gamma: 10. Best Test accuracy: 0.17. Train acc: 0.17068333333333333. 

09-11 18:14 DEBUG    PDM_KL log: {(0.5, 1, 10): {'shapes': [(784, 273), (273,), (273, 127), (127,), (127, 118), (118,), (118, 108), (108,), (108, 10), (10,)], 'train_accuracy': 0.17068333333333333, 'test_accuracy': 0.17}} 
09-11 18:16 DEBUG    ****** PDM_KL matching ******** 
09-11 18:16 DEBUG    Best Sigma0: 0.5. Best sigma: 1 Best gamma: 10. Best Test accuracy: 0.1385. Train acc: 0.13773333333333335. 

09-11 18:16 DEBUG    PDM_KL log: {(0.5, 1, 10): {'shapes': [(784, 275), (275,), (275, 127), (127,), (127, 118), (118,), (118, 108), (108,), (108, 10), (10,)], 'train_accuracy': 0.13773333333333335, 'test_accuracy': 0.1385}} 
09-11 18:18 DEBUG    ****** PDM_KL matching ******** 
09-11 18:18 DEBUG    Best Sigma0: 0.5. Best sigma: 1 Best gamma: 10. Best Test accuracy: 0.135. Train acc: 0.13513333333333333. 

09-11 18:18 DEBUG    PDM_KL log: {(0.5, 1, 10): {'shapes': [(784, 277), (277,), (277, 118), (118,), (118, 118), (118,), (118, 108), (108,), (108, 10), (10,)], 'train_accuracy': 0.13513333333333333, 'test_accuracy': 0.135}} 
09-11 18:20 DEBUG    ****** PDM_KL matching ******** 
09-11 18:20 DEBUG    Best Sigma0: 0.5. Best sigma: 1 Best gamma: 10. Best Test accuracy: 0.1506. Train acc: 0.15356666666666666. 

09-11 18:20 DEBUG    PDM_KL log: {(0.5, 1, 10): {'shapes': [(784, 277), (277,), (277, 118), (118,), (118, 127), (127,), (127, 116), (116,), (116, 10), (10,)], 'train_accuracy': 0.15356666666666666, 'test_accuracy': 0.1506}} 
09-11 18:22 DEBUG    ****** PDM_KL matching ******** 
09-11 18:22 DEBUG    Best Sigma0: 0.5. Best sigma: 1 Best gamma: 10. Best Test accuracy: 0.1461. Train acc: 0.1446. 

09-11 18:22 DEBUG    PDM_KL log: {(0.5, 1, 10): {'shapes': [(784, 280), (280,), (280, 118), (118,), (118, 118), (118,), (118, 108), (108,), (108, 10), (10,)], 'train_accuracy': 0.1446, 'test_accuracy': 0.1461}} 
09-11 18:25 DEBUG    ****** PDM_KL matching ******** 
09-11 18:25 DEBUG    Best Sigma0: 0.5. Best sigma: 1 Best gamma: 10. Best Test accuracy: 0.1088. Train acc: 0.11383333333333333. 

09-11 18:25 DEBUG    PDM_KL log: {(0.5, 1, 10): {'shapes': [(784, 291), (291,), (291, 118), (118,), (118, 118), (118,), (118, 109), (109,), (109, 10), (10,)], 'train_accuracy': 0.11383333333333333, 'test_accuracy': 0.1088}} 
09-11 18:28 DEBUG    ****** PDM_KL matching ******** 
09-11 18:28 DEBUG    Best Sigma0: 0.5. Best sigma: 1 Best gamma: 10. Best Test accuracy: 0.1054. Train acc: 0.105. 

09-11 18:28 DEBUG    PDM_KL log: {(0.5, 1, 10): {'shapes': [(784, 395), (395,), (395, 127), (127,), (127, 127), (127,), (127, 109), (109,), (109, 10), (10,)], 'train_accuracy': 0.105, 'test_accuracy': 0.1054}} 
09-11 18:33 DEBUG    ****** PDM_KL matching ******** 
09-11 18:33 DEBUG    Best Sigma0: 0.5. Best sigma: 1 Best gamma: 10. Best Test accuracy: 0.128. Train acc: 0.1296. 

09-11 18:33 DEBUG    PDM_KL log: {(0.5, 1, 10): {'shapes': [(784, 536), (536,), (536, 136), (136,), (136, 127), (127,), (127, 118), (118,), (118, 10), (10,)], 'train_accuracy': 0.1296, 'test_accuracy': 0.128}} 
09-11 18:38 DEBUG    ****** PDM_KL matching ******** 
09-11 18:38 DEBUG    Best Sigma0: 0.5. Best sigma: 1 Best gamma: 10. Best Test accuracy: 0.101. Train acc: 0.10218333333333333. 

09-11 18:38 DEBUG    PDM_KL log: {(0.5, 1, 10): {'shapes': [(784, 563), (563,), (563, 154), (154,), (154, 136), (136,), (136, 127), (127,), (127, 10), (10,)], 'train_accuracy': 0.10218333333333333, 'test_accuracy': 0.101}} 
09-11 18:42 DEBUG    ****** PDM_KL matching ******** 
09-11 18:42 DEBUG    Best Sigma0: 0.5. Best sigma: 1 Best gamma: 10. Best Test accuracy: 0.1117. Train acc: 0.11085. 

09-11 18:42 DEBUG    PDM_KL log: {(0.5, 1, 10): {'shapes': [(784, 276), (276,), (276, 154), (154,), (154, 154), (154,), (154, 127), (127,), (127, 10), (10,)], 'train_accuracy': 0.11085, 'test_accuracy': 0.1117}} 
09-11 18:45 DEBUG    ****** PDM_KL matching ******** 
09-11 18:45 DEBUG    Best Sigma0: 0.5. Best sigma: 1 Best gamma: 10. Best Test accuracy: 0.0974. Train acc: 0.09751666666666667. 

09-11 18:45 DEBUG    PDM_KL log: {(0.5, 1, 10): {'shapes': [(784, 235), (235,), (235, 181), (181,), (181, 180), (180,), (180, 127), (127,), (127, 10), (10,)], 'train_accuracy': 0.09751666666666667, 'test_accuracy': 0.0974}} 
09-11 18:45 DEBUG    Trial 1 completed
09-11 18:45 DEBUG    ####################################################################################################
09-11 18:45 DEBUG    ####################################################################################################
09-11 18:45 DEBUG    Executing Trial 2 with seed 2
09-11 18:45 DEBUG    Data statistics: {0: {0: 1593, 1: 475, 2: 877, 3: 767, 4: 2, 5: 8, 6: 895, 7: 50, 8: 962, 9: 212}, 1: {0: 260, 1: 1498, 2: 2, 3: 84, 4: 346, 5: 957, 6: 1195, 7: 381, 8: 642, 9: 2884}, 2: {0: 1433, 1: 390, 2: 392, 3: 285, 4: 2456, 5: 192, 6: 418, 7: 586}, 3: {0: 68, 1: 2184, 2: 1, 3: 162, 4: 195, 5: 473, 6: 704, 7: 293, 8: 1474, 9: 12}, 4: {0: 997, 2: 102, 3: 259, 4: 100, 5: 1559, 6: 164, 7: 88, 8: 1216, 9: 6}, 5: {0: 371, 1: 826, 2: 1594, 3: 2116, 4: 906, 5: 127, 6: 1421}, 6: {0: 203, 1: 1300, 2: 255, 3: 53, 4: 67, 5: 54, 6: 308, 7: 900, 8: 432, 9: 455}, 7: {0: 2, 1: 19, 2: 86, 3: 846, 4: 1087, 5: 1307, 6: 694, 7: 185, 9: 519}, 8: {0: 992, 1: 15, 2: 1552, 3: 1413, 4: 514, 5: 329, 6: 99, 7: 142, 8: 660, 9: 569}, 9: {0: 4, 1: 35, 2: 1097, 3: 146, 4: 169, 5: 415, 6: 20, 7: 3640, 8: 465, 9: 1292}}
09-11 18:46 DEBUG    **************************************************
09-11 18:46 DEBUG    Running experiments 

09-11 18:46 DEBUG    Uniform ensemble (Train acc): 0.959000
09-11 18:46 DEBUG    Uniform ensemble (Test acc): 0.956600
09-11 18:47 DEBUG    FedAvg (Train acc): 0.090350
09-11 18:47 DEBUG    FedAvg (Test acc): 0.089200
09-11 18:49 DEBUG    ****** PDM_KL matching ******** 
09-11 18:49 DEBUG    Best Sigma0: 0.5. Best sigma: 1 Best gamma: 10. Best Test accuracy: 0.2677. Train acc: 0.26931666666666665. 

09-11 18:49 DEBUG    PDM_KL log: {(0.5, 1, 10): {'shapes': [(784, 262), (262,), (262, 118), (118,), (118, 118), (118,), (118, 109), (109,), (109, 10), (10,)], 'train_accuracy': 0.26931666666666665, 'test_accuracy': 0.2677}} 
09-11 18:51 DEBUG    ****** PDM_KL matching ******** 
09-11 18:51 DEBUG    Best Sigma0: 0.5. Best sigma: 1 Best gamma: 10. Best Test accuracy: 0.275. Train acc: 0.2776666666666667. 

09-11 18:51 DEBUG    PDM_KL log: {(0.5, 1, 10): {'shapes': [(784, 268), (268,), (268, 127), (127,), (127, 127), (127,), (127, 109), (109,), (109, 10), (10,)], 'train_accuracy': 0.2776666666666667, 'test_accuracy': 0.275}} 
09-11 18:54 DEBUG    ****** PDM_KL matching ******** 
09-11 18:54 DEBUG    Best Sigma0: 0.5. Best sigma: 1 Best gamma: 10. Best Test accuracy: 0.2554. Train acc: 0.26006666666666667. 

09-11 18:54 DEBUG    PDM_KL log: {(0.5, 1, 10): {'shapes': [(784, 269), (269,), (269, 118), (118,), (118, 118), (118,), (118, 109), (109,), (109, 10), (10,)], 'train_accuracy': 0.26006666666666667, 'test_accuracy': 0.2554}} 
09-11 18:56 DEBUG    ****** PDM_KL matching ******** 
09-11 18:56 DEBUG    Best Sigma0: 0.5. Best sigma: 1 Best gamma: 10. Best Test accuracy: 0.3107. Train acc: 0.3153666666666667. 

09-11 18:56 DEBUG    PDM_KL log: {(0.5, 1, 10): {'shapes': [(784, 271), (271,), (271, 122), (122,), (122, 118), (118,), (118, 109), (109,), (109, 10), (10,)], 'train_accuracy': 0.3153666666666667, 'test_accuracy': 0.3107}} 
09-11 18:58 DEBUG    ****** PDM_KL matching ******** 
09-11 18:58 DEBUG    Best Sigma0: 0.5. Best sigma: 1 Best gamma: 10. Best Test accuracy: 0.323. Train acc: 0.3278333333333333. 

09-11 18:58 DEBUG    PDM_KL log: {(0.5, 1, 10): {'shapes': [(784, 273), (273,), (273, 126), (126,), (126, 118), (118,), (118, 109), (109,), (109, 10), (10,)], 'train_accuracy': 0.3278333333333333, 'test_accuracy': 0.323}} 
09-11 19:00 DEBUG    ****** PDM_KL matching ******** 
09-11 19:00 DEBUG    Best Sigma0: 0.5. Best sigma: 1 Best gamma: 10. Best Test accuracy: 0.3393. Train acc: 0.34526666666666667. 

09-11 19:00 DEBUG    PDM_KL log: {(0.5, 1, 10): {'shapes': [(784, 281), (281,), (281, 127), (127,), (127, 118), (118,), (118, 109), (109,), (109, 10), (10,)], 'train_accuracy': 0.34526666666666667, 'test_accuracy': 0.3393}} 
09-11 19:03 DEBUG    ****** PDM_KL matching ******** 
09-11 19:03 DEBUG    Best Sigma0: 0.5. Best sigma: 1 Best gamma: 10. Best Test accuracy: 0.263. Train acc: 0.26765. 

09-11 19:03 DEBUG    PDM_KL log: {(0.5, 1, 10): {'shapes': [(784, 384), (384,), (384, 127), (127,), (127, 127), (127,), (127, 118), (118,), (118, 10), (10,)], 'train_accuracy': 0.26765, 'test_accuracy': 0.263}} 
09-11 19:08 DEBUG    ****** PDM_KL matching ******** 
09-11 19:08 DEBUG    Best Sigma0: 0.5. Best sigma: 1 Best gamma: 10. Best Test accuracy: 0.1926. Train acc: 0.19573333333333334. 

09-11 19:08 DEBUG    PDM_KL log: {(0.5, 1, 10): {'shapes': [(784, 536), (536,), (536, 136), (136,), (136, 127), (127,), (127, 118), (118,), (118, 10), (10,)], 'train_accuracy': 0.19573333333333334, 'test_accuracy': 0.1926}} 
09-11 19:13 DEBUG    ****** PDM_KL matching ******** 
09-11 19:13 DEBUG    Best Sigma0: 0.5. Best sigma: 1 Best gamma: 10. Best Test accuracy: 0.1762. Train acc: 0.17773333333333333. 

09-11 19:13 DEBUG    PDM_KL log: {(0.5, 1, 10): {'shapes': [(784, 557), (557,), (557, 154), (154,), (154, 136), (136,), (136, 127), (127,), (127, 10), (10,)], 'train_accuracy': 0.17773333333333333, 'test_accuracy': 0.1762}} 
09-11 19:17 DEBUG    ****** PDM_KL matching ******** 
09-11 19:17 DEBUG    Best Sigma0: 0.5. Best sigma: 1 Best gamma: 10. Best Test accuracy: 0.1015. Train acc: 0.09955. 

09-11 19:17 DEBUG    PDM_KL log: {(0.5, 1, 10): {'shapes': [(784, 276), (276,), (276, 172), (172,), (172, 161), (161,), (161, 127), (127,), (127, 10), (10,)], 'train_accuracy': 0.09955, 'test_accuracy': 0.1015}} 
09-11 19:20 DEBUG    ****** PDM_KL matching ******** 
09-11 19:20 DEBUG    Best Sigma0: 0.5. Best sigma: 1 Best gamma: 10. Best Test accuracy: 0.0974. Train acc: 0.09751666666666667. 

09-11 19:20 DEBUG    PDM_KL log: {(0.5, 1, 10): {'shapes': [(784, 235), (235,), (235, 207), (207,), (207, 189), (189,), (189, 127), (127,), (127, 10), (10,)], 'train_accuracy': 0.09751666666666667, 'test_accuracy': 0.0974}} 
09-11 19:20 DEBUG    Trial 2 completed
09-11 19:20 DEBUG    ####################################################################################################
09-11 19:20 DEBUG    ####################################################################################################
09-11 19:20 DEBUG    Executing Trial 3 with seed 3
09-11 19:20 DEBUG    Data statistics: {0: {0: 416, 1: 250, 2: 208, 3: 168, 4: 7, 5: 2127, 6: 1354, 7: 1453, 8: 272}, 1: {0: 44, 1: 656, 2: 58, 3: 207, 4: 338, 5: 859, 6: 919, 7: 1, 8: 211, 9: 4223}, 2: {0: 4, 1: 136, 2: 877, 3: 632, 4: 143, 5: 124, 6: 212, 7: 11, 9: 17}, 3: {0: 51, 1: 5, 2: 1548, 3: 15, 4: 1673, 5: 159, 6: 226, 7: 867, 8: 99, 9: 893}, 4: {0: 238, 1: 152, 2: 122, 3: 1396, 4: 18, 5: 460, 6: 246, 7: 262, 8: 1433, 9: 815}, 5: {0: 3481, 1: 2521}, 6: {0: 1409, 1: 1469, 2: 476, 3: 30, 4: 74, 5: 233, 6: 756, 7: 25, 8: 2145}, 7: {0: 22, 1: 1, 2: 57, 3: 1707, 4: 2570, 5: 136, 6: 1234, 7: 2438}, 8: {0: 89, 1: 381, 2: 2176, 3: 1701, 4: 184, 5: 174, 6: 906, 7: 223, 8: 551}, 9: {0: 169, 1: 1171, 2: 436, 3: 275, 4: 835, 5: 1149, 6: 65, 7: 985, 8: 1140, 9: 1}}
09-11 19:20 DEBUG    **************************************************
09-11 19:20 DEBUG    Running experiments 

09-11 19:21 DEBUG    Uniform ensemble (Train acc): 0.933700
09-11 19:21 DEBUG    Uniform ensemble (Test acc): 0.933500
09-11 19:21 DEBUG    FedAvg (Train acc): 0.097517
09-11 19:21 DEBUG    FedAvg (Test acc): 0.097400
09-11 19:23 DEBUG    ****** PDM_KL matching ******** 
09-11 19:23 DEBUG    Best Sigma0: 0.5. Best sigma: 1 Best gamma: 10. Best Test accuracy: 0.2711. Train acc: 0.26755. 

09-11 19:23 DEBUG    PDM_KL log: {(0.5, 1, 10): {'shapes': [(784, 262), (262,), (262, 118), (118,), (118, 118), (118,), (118, 118), (118,), (118, 10), (10,)], 'train_accuracy': 0.26755, 'test_accuracy': 0.2711}} 
09-11 19:25 DEBUG    ****** PDM_KL matching ******** 
09-11 19:25 DEBUG    Best Sigma0: 0.5. Best sigma: 1 Best gamma: 10. Best Test accuracy: 0.2143. Train acc: 0.21753333333333333. 

09-11 19:25 DEBUG    PDM_KL log: {(0.5, 1, 10): {'shapes': [(784, 276), (276,), (276, 126), (126,), (126, 118), (118,), (118, 118), (118,), (118, 10), (10,)], 'train_accuracy': 0.21753333333333333, 'test_accuracy': 0.2143}} 
09-11 19:28 DEBUG    ****** PDM_KL matching ******** 
09-11 19:28 DEBUG    Best Sigma0: 0.5. Best sigma: 1 Best gamma: 10. Best Test accuracy: 0.3299. Train acc: 0.3315. 

09-11 19:28 DEBUG    PDM_KL log: {(0.5, 1, 10): {'shapes': [(784, 284), (284,), (284, 127), (127,), (127, 118), (118,), (118, 118), (118,), (118, 10), (10,)], 'train_accuracy': 0.3315, 'test_accuracy': 0.3299}} 
09-11 19:30 DEBUG    ****** PDM_KL matching ******** 
09-11 19:30 DEBUG    Best Sigma0: 0.5. Best sigma: 1 Best gamma: 10. Best Test accuracy: 0.1749. Train acc: 0.17911666666666667. 

09-11 19:30 DEBUG    PDM_KL log: {(0.5, 1, 10): {'shapes': [(784, 285), (285,), (285, 118), (118,), (118, 127), (127,), (127, 118), (118,), (118, 10), (10,)], 'train_accuracy': 0.17911666666666667, 'test_accuracy': 0.1749}} 
09-11 19:33 DEBUG    ****** PDM_KL matching ******** 
09-11 19:33 DEBUG    Best Sigma0: 0.5. Best sigma: 1 Best gamma: 10. Best Test accuracy: 0.2478. Train acc: 0.2506333333333333. 

09-11 19:33 DEBUG    PDM_KL log: {(0.5, 1, 10): {'shapes': [(784, 278), (278,), (278, 127), (127,), (127, 118), (118,), (118, 118), (118,), (118, 10), (10,)], 'train_accuracy': 0.2506333333333333, 'test_accuracy': 0.2478}} 
09-11 19:35 DEBUG    ****** PDM_KL matching ******** 
09-11 19:35 DEBUG    Best Sigma0: 0.5. Best sigma: 1 Best gamma: 10. Best Test accuracy: 0.2664. Train acc: 0.2659666666666667. 

09-11 19:35 DEBUG    PDM_KL log: {(0.5, 1, 10): {'shapes': [(784, 281), (281,), (281, 118), (118,), (118, 118), (118,), (118, 118), (118,), (118, 10), (10,)], 'train_accuracy': 0.2659666666666667, 'test_accuracy': 0.2664}} 
09-11 19:39 DEBUG    ****** PDM_KL matching ******** 
09-11 19:39 DEBUG    Best Sigma0: 0.5. Best sigma: 1 Best gamma: 10. Best Test accuracy: 0.3342. Train acc: 0.33645. 

09-11 19:39 DEBUG    PDM_KL log: {(0.5, 1, 10): {'shapes': [(784, 381), (381,), (381, 127), (127,), (127, 127), (127,), (127, 118), (118,), (118, 10), (10,)], 'train_accuracy': 0.33645, 'test_accuracy': 0.3342}} 
09-11 19:43 DEBUG    ****** PDM_KL matching ******** 
09-11 19:43 DEBUG    Best Sigma0: 0.5. Best sigma: 1 Best gamma: 10. Best Test accuracy: 0.2306. Train acc: 0.23328333333333334. 

09-11 19:43 DEBUG    PDM_KL log: {(0.5, 1, 10): {'shapes': [(784, 511), (511,), (511, 127), (127,), (127, 127), (127,), (127, 118), (118,), (118, 10), (10,)], 'train_accuracy': 0.23328333333333334, 'test_accuracy': 0.2306}} 
09-11 19:47 DEBUG    ****** PDM_KL matching ******** 
09-11 19:47 DEBUG    Best Sigma0: 0.5. Best sigma: 1 Best gamma: 10. Best Test accuracy: 0.101. Train acc: 0.10218333333333333. 

09-11 19:47 DEBUG    PDM_KL log: {(0.5, 1, 10): {'shapes': [(784, 537), (537,), (537, 135), (135,), (135, 127), (127,), (127, 127), (127,), (127, 10), (10,)], 'train_accuracy': 0.10218333333333333, 'test_accuracy': 0.101}} 
09-11 19:50 DEBUG    ****** PDM_KL matching ******** 
09-11 19:50 DEBUG    Best Sigma0: 0.5. Best sigma: 1 Best gamma: 10. Best Test accuracy: 0.0994. Train acc: 0.10041666666666667. 

09-11 19:50 DEBUG    PDM_KL log: {(0.5, 1, 10): {'shapes': [(784, 243), (243,), (243, 156), (156,), (156, 144), (144,), (144, 127), (127,), (127, 10), (10,)], 'train_accuracy': 0.10041666666666667, 'test_accuracy': 0.0994}} 
09-11 19:53 DEBUG    ****** PDM_KL matching ******** 
09-11 19:53 DEBUG    Best Sigma0: 0.5. Best sigma: 1 Best gamma: 10. Best Test accuracy: 0.0974. Train acc: 0.09751666666666667. 

09-11 19:53 DEBUG    PDM_KL log: {(0.5, 1, 10): {'shapes': [(784, 210), (210,), (210, 177), (177,), (177, 168), (168,), (168, 127), (127,), (127, 10), (10,)], 'train_accuracy': 0.09751666666666667, 'test_accuracy': 0.0974}} 
09-11 19:53 DEBUG    Trial 3 completed
09-11 19:53 DEBUG    ####################################################################################################
09-11 19:53 DEBUG    ####################################################################################################
09-11 19:53 DEBUG    Executing Trial 4 with seed 4
09-11 19:53 DEBUG    Data statistics: {0: {0: 321, 1: 1287, 2: 157, 3: 21, 4: 607, 5: 1592, 6: 2154}, 1: {0: 689, 1: 357, 2: 399, 3: 51, 4: 2117, 5: 62, 6: 291, 7: 1583, 8: 204, 9: 143}, 2: {0: 455, 1: 255, 2: 873, 3: 149, 4: 226, 5: 168, 7: 212, 8: 34, 9: 1895}, 3: {0: 629, 1: 1403, 2: 274, 3: 870, 4: 911, 5: 436, 6: 1, 7: 829, 8: 48, 9: 10}, 4: {0: 2, 1: 2167, 2: 2124, 3: 72, 4: 6, 5: 431, 6: 83, 7: 97, 8: 407, 9: 295}, 5: {0: 234, 1: 4, 2: 589, 3: 2311, 4: 245, 5: 329, 6: 445, 7: 448, 8: 24, 9: 2405}, 6: {0: 118, 1: 210, 2: 490, 3: 10, 4: 1, 5: 1653, 6: 1894, 7: 3, 8: 1496, 9: 178}, 7: {0: 693, 1: 224, 2: 255, 3: 789, 4: 1093, 5: 63, 6: 837, 7: 916, 8: 3239}, 8: {0: 2544, 1: 789, 2: 131, 3: 422, 4: 176, 5: 2, 6: 135, 7: 1957}, 9: {0: 238, 1: 46, 2: 666, 3: 1436, 4: 460, 5: 685, 6: 78, 7: 220, 8: 399, 9: 1023}}
09-11 19:54 DEBUG    **************************************************
09-11 19:54 DEBUG    Running experiments 

09-11 19:54 DEBUG    Uniform ensemble (Train acc): 0.957433
09-11 19:54 DEBUG    Uniform ensemble (Test acc): 0.956700
09-11 19:54 DEBUG    FedAvg (Train acc): 0.097517
09-11 19:54 DEBUG    FedAvg (Test acc): 0.097400
09-11 19:56 DEBUG    ****** PDM_KL matching ******** 
09-11 19:56 DEBUG    Best Sigma0: 0.5. Best sigma: 1 Best gamma: 10. Best Test accuracy: 0.1264. Train acc: 0.12438333333333333. 

09-11 19:56 DEBUG    PDM_KL log: {(0.5, 1, 10): {'shapes': [(784, 262), (262,), (262, 126), (126,), (126, 118), (118,), (118, 109), (109,), (109, 10), (10,)], 'train_accuracy': 0.12438333333333333, 'test_accuracy': 0.1264}} 
09-11 19:58 DEBUG    ****** PDM_KL matching ******** 
09-11 19:58 DEBUG    Best Sigma0: 0.5. Best sigma: 1 Best gamma: 10. Best Test accuracy: 0.2297. Train acc: 0.23075. 

09-11 19:58 DEBUG    PDM_KL log: {(0.5, 1, 10): {'shapes': [(784, 255), (255,), (255, 127), (127,), (127, 118), (118,), (118, 109), (109,), (109, 10), (10,)], 'train_accuracy': 0.23075, 'test_accuracy': 0.2297}} 
09-11 20:01 DEBUG    ****** PDM_KL matching ******** 
09-11 20:01 DEBUG    Best Sigma0: 0.5. Best sigma: 1 Best gamma: 10. Best Test accuracy: 0.1732. Train acc: 0.17528333333333335. 

09-11 20:01 DEBUG    PDM_KL log: {(0.5, 1, 10): {'shapes': [(784, 263), (263,), (263, 118), (118,), (118, 127), (127,), (127, 109), (109,), (109, 10), (10,)], 'train_accuracy': 0.17528333333333335, 'test_accuracy': 0.1732}} 
09-11 20:03 DEBUG    ****** PDM_KL matching ******** 
09-11 20:03 DEBUG    Best Sigma0: 0.5. Best sigma: 1 Best gamma: 10. Best Test accuracy: 0.2077. Train acc: 0.20593333333333333. 

09-11 20:03 DEBUG    PDM_KL log: {(0.5, 1, 10): {'shapes': [(784, 262), (262,), (262, 118), (118,), (118, 118), (118,), (118, 109), (109,), (109, 10), (10,)], 'train_accuracy': 0.20593333333333333, 'test_accuracy': 0.2077}} 
09-11 20:05 DEBUG    ****** PDM_KL matching ******** 
09-11 20:05 DEBUG    Best Sigma0: 0.5. Best sigma: 1 Best gamma: 10. Best Test accuracy: 0.3045. Train acc: 0.30628333333333335. 

09-11 20:05 DEBUG    PDM_KL log: {(0.5, 1, 10): {'shapes': [(784, 271), (271,), (271, 127), (127,), (127, 127), (127,), (127, 109), (109,), (109, 10), (10,)], 'train_accuracy': 0.30628333333333335, 'test_accuracy': 0.3045}} 
09-11 20:07 DEBUG    ****** PDM_KL matching ******** 
09-11 20:07 DEBUG    Best Sigma0: 0.5. Best sigma: 1 Best gamma: 10. Best Test accuracy: 0.1129. Train acc: 0.11221666666666667. 

09-11 20:07 DEBUG    PDM_KL log: {(0.5, 1, 10): {'shapes': [(784, 279), (279,), (279, 118), (118,), (118, 118), (118,), (118, 109), (109,), (109, 10), (10,)], 'train_accuracy': 0.11221666666666667, 'test_accuracy': 0.1129}} 
09-11 20:10 DEBUG    ****** PDM_KL matching ******** 
09-11 20:10 DEBUG    Best Sigma0: 0.5. Best sigma: 1 Best gamma: 10. Best Test accuracy: 0.16. Train acc: 0.16413333333333333. 

09-11 20:10 DEBUG    PDM_KL log: {(0.5, 1, 10): {'shapes': [(784, 381), (381,), (381, 127), (127,), (127, 127), (127,), (127, 118), (118,), (118, 10), (10,)], 'train_accuracy': 0.16413333333333333, 'test_accuracy': 0.16}} 
09-11 20:15 DEBUG    ****** PDM_KL matching ******** 
09-11 20:15 DEBUG    Best Sigma0: 0.5. Best sigma: 1 Best gamma: 10. Best Test accuracy: 0.2837. Train acc: 0.28615. 

09-11 20:15 DEBUG    PDM_KL log: {(0.5, 1, 10): {'shapes': [(784, 542), (542,), (542, 127), (127,), (127, 127), (127,), (127, 118), (118,), (118, 10), (10,)], 'train_accuracy': 0.28615, 'test_accuracy': 0.2837}} 
09-11 20:20 DEBUG    ****** PDM_KL matching ******** 
09-11 20:20 DEBUG    Best Sigma0: 0.5. Best sigma: 1 Best gamma: 10. Best Test accuracy: 0.0982. Train acc: 0.09736666666666667. 

09-11 20:20 DEBUG    PDM_KL log: {(0.5, 1, 10): {'shapes': [(784, 570), (570,), (570, 154), (154,), (154, 145), (145,), (145, 127), (127,), (127, 10), (10,)], 'train_accuracy': 0.09736666666666667, 'test_accuracy': 0.0982}} 
09-11 20:23 DEBUG    ****** PDM_KL matching ******** 
09-11 20:23 DEBUG    Best Sigma0: 0.5. Best sigma: 1 Best gamma: 10. Best Test accuracy: 0.0974. Train acc: 0.09751666666666667. 

09-11 20:23 DEBUG    PDM_KL log: {(0.5, 1, 10): {'shapes': [(784, 298), (298,), (298, 172), (172,), (172, 163), (163,), (163, 127), (127,), (127, 10), (10,)], 'train_accuracy': 0.09751666666666667, 'test_accuracy': 0.0974}} 
09-11 20:26 DEBUG    ****** PDM_KL matching ******** 
09-11 20:26 DEBUG    Best Sigma0: 0.5. Best sigma: 1 Best gamma: 10. Best Test accuracy: 0.0974. Train acc: 0.09751666666666667. 

09-11 20:26 DEBUG    PDM_KL log: {(0.5, 1, 10): {'shapes': [(784, 225), (225,), (225, 208), (208,), (208, 190), (190,), (190, 127), (127,), (127, 10), (10,)], 'train_accuracy': 0.09751666666666667, 'test_accuracy': 0.0974}} 
09-11 20:26 DEBUG    Trial 4 completed
09-11 20:26 DEBUG    ####################################################################################################
09-11 20:26 DEBUG    ####################################################################################################
09-11 20:26 DEBUG    Executing Trial 5 with seed 5
09-11 20:26 DEBUG    Data statistics: {0: {0: 1274, 1: 582, 3: 276, 4: 2899, 5: 487, 6: 472, 7: 30}, 1: {0: 2625, 1: 243, 2: 511, 3: 1290, 4: 253, 5: 1031, 6: 601}, 2: {0: 927, 1: 1352, 2: 97, 3: 196, 4: 833, 5: 111, 6: 25, 7: 1460, 8: 231, 9: 134}, 3: {0: 12, 1: 382, 2: 692, 3: 41, 4: 55, 5: 73, 6: 59, 7: 274, 8: 782, 9: 653}, 4: {0: 16, 1: 32, 2: 4, 3: 31, 4: 410, 5: 1631, 6: 13, 7: 148, 8: 3007, 9: 2564}, 5: {0: 63, 1: 315, 2: 43, 3: 3062, 4: 9, 5: 287, 6: 1396, 7: 1188}, 6: {1: 2919, 2: 102, 3: 33, 4: 980, 5: 573, 6: 1114, 7: 47, 8: 1144}, 7: {0: 332, 1: 36, 2: 3305, 3: 223, 4: 56, 5: 446, 6: 328, 7: 2857}, 8: {0: 564, 1: 28, 2: 1048, 3: 932, 4: 277, 5: 696, 6: 142, 7: 144, 8: 395, 9: 481}, 9: {0: 110, 1: 853, 2: 156, 3: 47, 4: 70, 5: 86, 6: 1768, 7: 117, 8: 292, 9: 2117}}
09-11 20:26 DEBUG    **************************************************
09-11 20:26 DEBUG    Running experiments 

09-11 20:27 DEBUG    Uniform ensemble (Train acc): 0.955550
09-11 20:27 DEBUG    Uniform ensemble (Test acc): 0.953300
09-11 20:27 DEBUG    FedAvg (Train acc): 0.090350
09-11 20:27 DEBUG    FedAvg (Test acc): 0.089200
09-11 20:29 DEBUG    ****** PDM_KL matching ******** 
09-11 20:29 DEBUG    Best Sigma0: 0.5. Best sigma: 1 Best gamma: 10. Best Test accuracy: 0.1777. Train acc: 0.17893333333333333. 

09-11 20:29 DEBUG    PDM_KL log: {(0.5, 1, 10): {'shapes': [(784, 266), (266,), (266, 127), (127,), (127, 118), (118,), (118, 113), (113,), (113, 10), (10,)], 'train_accuracy': 0.17893333333333333, 'test_accuracy': 0.1777}} 
09-11 20:31 DEBUG    ****** PDM_KL matching ******** 
09-11 20:31 DEBUG    Best Sigma0: 0.5. Best sigma: 1 Best gamma: 10. Best Test accuracy: 0.1749. Train acc: 0.17476666666666665. 

09-11 20:31 DEBUG    PDM_KL log: {(0.5, 1, 10): {'shapes': [(784, 265), (265,), (265, 127), (127,), (127, 127), (127,), (127, 114), (114,), (114, 10), (10,)], 'train_accuracy': 0.17476666666666665, 'test_accuracy': 0.1749}} 
09-11 20:34 DEBUG    ****** PDM_KL matching ******** 
09-11 20:34 DEBUG    Best Sigma0: 0.5. Best sigma: 1 Best gamma: 10. Best Test accuracy: 0.1292. Train acc: 0.12848333333333334. 

09-11 20:34 DEBUG    PDM_KL log: {(0.5, 1, 10): {'shapes': [(784, 267), (267,), (267, 127), (127,), (127, 127), (127,), (127, 114), (114,), (114, 10), (10,)], 'train_accuracy': 0.12848333333333334, 'test_accuracy': 0.1292}} 
09-11 20:37 DEBUG    ****** PDM_KL matching ******** 
09-11 20:37 DEBUG    Best Sigma0: 0.5. Best sigma: 1 Best gamma: 10. Best Test accuracy: 0.2722. Train acc: 0.2722833333333333. 

09-11 20:37 DEBUG    PDM_KL log: {(0.5, 1, 10): {'shapes': [(784, 267), (267,), (267, 127), (127,), (127, 118), (118,), (118, 114), (114,), (114, 10), (10,)], 'train_accuracy': 0.2722833333333333, 'test_accuracy': 0.2722}} 
09-11 20:39 DEBUG    ****** PDM_KL matching ******** 
09-11 20:39 DEBUG    Best Sigma0: 0.5. Best sigma: 1 Best gamma: 10. Best Test accuracy: 0.2109. Train acc: 0.21113333333333334. 

09-11 20:39 DEBUG    PDM_KL log: {(0.5, 1, 10): {'shapes': [(784, 273), (273,), (273, 127), (127,), (127, 127), (127,), (127, 114), (114,), (114, 10), (10,)], 'train_accuracy': 0.21113333333333334, 'test_accuracy': 0.2109}} 
09-11 20:41 DEBUG    ****** PDM_KL matching ******** 
09-11 20:41 DEBUG    Best Sigma0: 0.5. Best sigma: 1 Best gamma: 10. Best Test accuracy: 0.2399. Train acc: 0.24338333333333334. 

09-11 20:41 DEBUG    PDM_KL log: {(0.5, 1, 10): {'shapes': [(784, 275), (275,), (275, 127), (127,), (127, 127), (127,), (127, 114), (114,), (114, 10), (10,)], 'train_accuracy': 0.24338333333333334, 'test_accuracy': 0.2399}} 
09-11 20:44 DEBUG    ****** PDM_KL matching ******** 
09-11 20:44 DEBUG    Best Sigma0: 0.5. Best sigma: 1 Best gamma: 10. Best Test accuracy: 0.179. Train acc: 0.17921666666666666. 

09-11 20:44 DEBUG    PDM_KL log: {(0.5, 1, 10): {'shapes': [(784, 377), (377,), (377, 127), (127,), (127, 127), (127,), (127, 114), (114,), (114, 10), (10,)], 'train_accuracy': 0.17921666666666666, 'test_accuracy': 0.179}} 
09-11 20:48 DEBUG    ****** PDM_KL matching ******** 
09-11 20:48 DEBUG    Best Sigma0: 0.5. Best sigma: 1 Best gamma: 10. Best Test accuracy: 0.2201. Train acc: 0.22211666666666666. 

09-11 20:48 DEBUG    PDM_KL log: {(0.5, 1, 10): {'shapes': [(784, 515), (515,), (515, 127), (127,), (127, 127), (127,), (127, 118), (118,), (118, 10), (10,)], 'train_accuracy': 0.22211666666666666, 'test_accuracy': 0.2201}} 
09-11 20:53 DEBUG    ****** PDM_KL matching ******** 
09-11 20:53 DEBUG    Best Sigma0: 0.5. Best sigma: 1 Best gamma: 10. Best Test accuracy: 0.0892. Train acc: 0.09035. 

09-11 20:53 DEBUG    PDM_KL log: {(0.5, 1, 10): {'shapes': [(784, 545), (545,), (545, 145), (145,), (145, 145), (145,), (145, 127), (127,), (127, 10), (10,)], 'train_accuracy': 0.09035, 'test_accuracy': 0.0892}} 
09-11 20:57 DEBUG    ****** PDM_KL matching ******** 
09-11 20:57 DEBUG    Best Sigma0: 0.5. Best sigma: 1 Best gamma: 10. Best Test accuracy: 0.0892. Train acc: 0.09035. 

09-11 20:57 DEBUG    PDM_KL log: {(0.5, 1, 10): {'shapes': [(784, 281), (281,), (281, 171), (171,), (171, 154), (154,), (154, 127), (127,), (127, 10), (10,)], 'train_accuracy': 0.09035, 'test_accuracy': 0.0892}} 
09-11 21:00 DEBUG    ****** PDM_KL matching ******** 
09-11 21:00 DEBUG    Best Sigma0: 0.5. Best sigma: 1 Best gamma: 10. Best Test accuracy: 0.0892. Train acc: 0.09035. 

09-11 21:00 DEBUG    PDM_KL log: {(0.5, 1, 10): {'shapes': [(784, 227), (227,), (227, 198), (198,), (198, 172), (172,), (172, 127), (127,), (127, 10), (10,)], 'train_accuracy': 0.09035, 'test_accuracy': 0.0892}} 
09-11 21:00 DEBUG    Trial 5 completed
09-11 21:00 DEBUG    ####################################################################################################
09-11 21:00 DEBUG    ####################################################################################################
09-11 21:00 DEBUG    Executing Trial 6 with seed 6
09-11 21:00 DEBUG    Data statistics: {0: {0: 1969, 1: 73, 2: 724, 3: 808, 4: 281, 5: 2, 6: 905, 7: 172, 8: 491, 9: 1202}, 1: {0: 2298, 1: 612, 2: 588, 3: 1362, 4: 39, 5: 100, 6: 367, 7: 1669}, 2: {0: 198, 1: 72, 2: 874, 3: 365, 4: 552, 5: 45, 6: 805, 7: 495, 8: 27, 9: 168}, 3: {0: 22, 1: 20, 2: 513, 3: 1968, 4: 932, 5: 99, 6: 6, 7: 2975}, 4: {0: 126, 1: 1063, 2: 1297, 3: 26, 4: 1, 5: 758, 6: 3057}, 5: {0: 1, 1: 3254, 2: 807, 3: 77, 4: 49, 5: 520, 6: 70, 7: 53, 8: 596, 9: 379}, 6: {0: 1020, 1: 102, 2: 155, 3: 556, 4: 32, 5: 195, 6: 336, 7: 452, 8: 1109, 9: 4199}, 7: {0: 55, 1: 127, 2: 74, 3: 365, 4: 41, 5: 86, 6: 214, 7: 114, 8: 1004, 9: 1}, 8: {0: 226, 1: 18, 2: 156, 3: 603, 4: 2813, 5: 495, 6: 158, 7: 335, 8: 2624}, 9: {0: 8, 1: 1401, 2: 770, 3: 1, 4: 1102, 5: 3121}}
09-11 21:01 DEBUG    **************************************************
09-11 21:01 DEBUG    Running experiments 

09-11 21:01 DEBUG    Uniform ensemble (Train acc): 0.943567
09-11 21:01 DEBUG    Uniform ensemble (Test acc): 0.943900
09-11 21:01 DEBUG    FedAvg (Train acc): 0.102183
09-11 21:01 DEBUG    FedAvg (Test acc): 0.101000
09-11 21:03 DEBUG    ****** PDM_KL matching ******** 
09-11 21:03 DEBUG    Best Sigma0: 0.5. Best sigma: 1 Best gamma: 10. Best Test accuracy: 0.1641. Train acc: 0.16696666666666668. 

09-11 21:03 DEBUG    PDM_KL log: {(0.5, 1, 10): {'shapes': [(784, 264), (264,), (264, 121), (121,), (121, 127), (127,), (127, 105), (105,), (105, 10), (10,)], 'train_accuracy': 0.16696666666666668, 'test_accuracy': 0.1641}} 
09-11 21:04 DEBUG    ****** PDM_KL matching ******** 
09-11 21:04 DEBUG    Best Sigma0: 0.5. Best sigma: 1 Best gamma: 10. Best Test accuracy: 0.2127. Train acc: 0.21583333333333332. 

09-11 21:04 DEBUG    PDM_KL log: {(0.5, 1, 10): {'shapes': [(784, 267), (267,), (267, 127), (127,), (127, 118), (118,), (118, 105), (105,), (105, 10), (10,)], 'train_accuracy': 0.21583333333333332, 'test_accuracy': 0.2127}} 
09-11 21:06 DEBUG    ****** PDM_KL matching ******** 
09-11 21:06 DEBUG    Best Sigma0: 0.5. Best sigma: 1 Best gamma: 10. Best Test accuracy: 0.2534. Train acc: 0.25035. 

09-11 21:06 DEBUG    PDM_KL log: {(0.5, 1, 10): {'shapes': [(784, 268), (268,), (268, 118), (118,), (118, 118), (118,), (118, 105), (105,), (105, 10), (10,)], 'train_accuracy': 0.25035, 'test_accuracy': 0.2534}} 
09-11 21:07 DEBUG    ****** PDM_KL matching ******** 
09-11 21:07 DEBUG    Best Sigma0: 0.5. Best sigma: 1 Best gamma: 10. Best Test accuracy: 0.2153. Train acc: 0.22086666666666666. 

09-11 21:07 DEBUG    PDM_KL log: {(0.5, 1, 10): {'shapes': [(784, 269), (269,), (269, 127), (127,), (127, 118), (118,), (118, 105), (105,), (105, 10), (10,)], 'train_accuracy': 0.22086666666666666, 'test_accuracy': 0.2153}} 
09-11 21:09 DEBUG    ****** PDM_KL matching ******** 
09-11 21:09 DEBUG    Best Sigma0: 0.5. Best sigma: 1 Best gamma: 10. Best Test accuracy: 0.1643. Train acc: 0.16223333333333334. 

09-11 21:09 DEBUG    PDM_KL log: {(0.5, 1, 10): {'shapes': [(784, 274), (274,), (274, 127), (127,), (127, 127), (127,), (127, 105), (105,), (105, 10), (10,)], 'train_accuracy': 0.16223333333333334, 'test_accuracy': 0.1643}} 
09-11 21:11 DEBUG    ****** PDM_KL matching ******** 
09-11 21:11 DEBUG    Best Sigma0: 0.5. Best sigma: 1 Best gamma: 10. Best Test accuracy: 0.1408. Train acc: 0.13531666666666667. 

09-11 21:11 DEBUG    PDM_KL log: {(0.5, 1, 10): {'shapes': [(784, 282), (282,), (282, 127), (127,), (127, 118), (118,), (118, 106), (106,), (106, 10), (10,)], 'train_accuracy': 0.13531666666666667, 'test_accuracy': 0.1408}} 
09-11 21:13 DEBUG    ****** PDM_KL matching ******** 
09-11 21:13 DEBUG    Best Sigma0: 0.5. Best sigma: 1 Best gamma: 10. Best Test accuracy: 0.2822. Train acc: 0.27818333333333334. 

09-11 21:13 DEBUG    PDM_KL log: {(0.5, 1, 10): {'shapes': [(784, 387), (387,), (387, 127), (127,), (127, 127), (127,), (127, 108), (108,), (108, 10), (10,)], 'train_accuracy': 0.27818333333333334, 'test_accuracy': 0.2822}} 
09-11 21:17 DEBUG    ****** PDM_KL matching ******** 
09-11 21:17 DEBUG    Best Sigma0: 0.5. Best sigma: 1 Best gamma: 10. Best Test accuracy: 0.2746. Train acc: 0.27276666666666666. 

09-11 21:17 DEBUG    PDM_KL log: {(0.5, 1, 10): {'shapes': [(784, 513), (513,), (513, 136), (136,), (136, 127), (127,), (127, 118), (118,), (118, 10), (10,)], 'train_accuracy': 0.27276666666666666, 'test_accuracy': 0.2746}} 
09-11 21:22 DEBUG    ****** PDM_KL matching ******** 
09-11 21:22 DEBUG    Best Sigma0: 0.5. Best sigma: 1 Best gamma: 10. Best Test accuracy: 0.1211. Train acc: 0.12258333333333334. 

09-11 21:22 DEBUG    PDM_KL log: {(0.5, 1, 10): {'shapes': [(784, 559), (559,), (559, 145), (145,), (145, 136), (136,), (136, 127), (127,), (127, 10), (10,)], 'train_accuracy': 0.12258333333333334, 'test_accuracy': 0.1211}} 
09-11 21:28 DEBUG    ****** PDM_KL matching ******** 
09-11 21:28 DEBUG    Best Sigma0: 0.5. Best sigma: 1 Best gamma: 10. Best Test accuracy: 0.0796. Train acc: 0.08163333333333334. 

09-11 21:28 DEBUG    PDM_KL log: {(0.5, 1, 10): {'shapes': [(784, 267), (267,), (267, 179), (179,), (179, 153), (153,), (153, 127), (127,), (127, 10), (10,)], 'train_accuracy': 0.08163333333333334, 'test_accuracy': 0.0796}} 
09-11 21:32 DEBUG    ****** PDM_KL matching ******** 
09-11 21:32 DEBUG    Best Sigma0: 0.5. Best sigma: 1 Best gamma: 10. Best Test accuracy: 0.0974. Train acc: 0.09751666666666667. 

09-11 21:32 DEBUG    PDM_KL log: {(0.5, 1, 10): {'shapes': [(784, 227), (227,), (227, 216), (216,), (216, 177), (177,), (177, 127), (127,), (127, 10), (10,)], 'train_accuracy': 0.09751666666666667, 'test_accuracy': 0.0974}} 
09-11 21:32 DEBUG    Trial 6 completed
09-11 21:32 DEBUG    ####################################################################################################
09-11 21:32 DEBUG    ####################################################################################################
09-11 21:32 DEBUG    Executing Trial 7 with seed 7
09-11 21:32 DEBUG    Data statistics: {0: {0: 39, 1: 2014, 2: 25, 3: 43, 4: 1522, 5: 21, 6: 303, 7: 229, 8: 2115}, 1: {0: 127, 1: 213, 2: 2333, 3: 2359, 4: 151, 5: 803, 6: 394}, 2: {0: 3587, 2: 44, 3: 1117, 4: 286, 5: 577, 6: 30, 7: 2393}, 3: {0: 443, 1: 33, 2: 537, 3: 707, 4: 598, 5: 84, 6: 2435, 7: 187, 8: 144, 9: 775}, 4: {0: 253, 1: 17, 3: 149, 4: 1600, 5: 1235, 6: 70, 7: 1179, 8: 605, 9: 538}, 5: {0: 107, 1: 166, 2: 48, 3: 28, 4: 166, 5: 517, 6: 73, 7: 255, 8: 2148, 9: 677}, 6: {0: 629, 1: 23, 2: 1190, 3: 175, 4: 1064, 5: 810, 6: 26, 8: 526, 9: 3818}, 7: {0: 108, 1: 239, 2: 1388, 3: 133, 4: 435, 5: 1312, 6: 461, 8: 112, 9: 123}, 8: {0: 102, 1: 407, 2: 331, 3: 1094, 4: 1, 5: 60, 6: 272, 7: 2022, 8: 200, 9: 18}, 9: {0: 528, 1: 3630, 2: 62, 3: 326, 4: 19, 5: 2, 6: 1854, 8: 1}}
09-11 21:33 DEBUG    **************************************************
09-11 21:33 DEBUG    Running experiments 

09-11 21:33 DEBUG    Uniform ensemble (Train acc): 0.956900
09-11 21:33 DEBUG    Uniform ensemble (Test acc): 0.952800
09-11 21:34 DEBUG    FedAvg (Train acc): 0.102183
09-11 21:34 DEBUG    FedAvg (Test acc): 0.101000
09-11 21:37 DEBUG    ****** PDM_KL matching ******** 
09-11 21:37 DEBUG    Best Sigma0: 0.5. Best sigma: 1 Best gamma: 10. Best Test accuracy: 0.166. Train acc: 0.16376666666666667. 

09-11 21:37 DEBUG    PDM_KL log: {(0.5, 1, 10): {'shapes': [(784, 263), (263,), (263, 127), (127,), (127, 127), (127,), (127, 118), (118,), (118, 10), (10,)], 'train_accuracy': 0.16376666666666667, 'test_accuracy': 0.166}} 
09-11 21:39 DEBUG    ****** PDM_KL matching ******** 
09-11 21:39 DEBUG    Best Sigma0: 0.5. Best sigma: 1 Best gamma: 10. Best Test accuracy: 0.1887. Train acc: 0.18903333333333333. 

09-11 21:39 DEBUG    PDM_KL log: {(0.5, 1, 10): {'shapes': [(784, 257), (257,), (257, 127), (127,), (127, 118), (118,), (118, 118), (118,), (118, 10), (10,)], 'train_accuracy': 0.18903333333333333, 'test_accuracy': 0.1887}} 
09-11 21:43 DEBUG    ****** PDM_KL matching ******** 
09-11 21:43 DEBUG    Best Sigma0: 0.5. Best sigma: 1 Best gamma: 10. Best Test accuracy: 0.1304. Train acc: 0.13021666666666668. 

09-11 21:43 DEBUG    PDM_KL log: {(0.5, 1, 10): {'shapes': [(784, 260), (260,), (260, 127), (127,), (127, 118), (118,), (118, 118), (118,), (118, 10), (10,)], 'train_accuracy': 0.13021666666666668, 'test_accuracy': 0.1304}} 
09-11 21:46 DEBUG    ****** PDM_KL matching ******** 
09-11 21:46 DEBUG    Best Sigma0: 0.5. Best sigma: 1 Best gamma: 10. Best Test accuracy: 0.1035. Train acc: 0.10351666666666667. 

09-11 21:46 DEBUG    PDM_KL log: {(0.5, 1, 10): {'shapes': [(784, 261), (261,), (261, 124), (124,), (124, 127), (127,), (127, 118), (118,), (118, 10), (10,)], 'train_accuracy': 0.10351666666666667, 'test_accuracy': 0.1035}} 
09-11 21:49 DEBUG    ****** PDM_KL matching ******** 
09-11 21:49 DEBUG    Best Sigma0: 0.5. Best sigma: 1 Best gamma: 10. Best Test accuracy: 0.1095. Train acc: 0.1114. 

09-11 21:49 DEBUG    PDM_KL log: {(0.5, 1, 10): {'shapes': [(784, 266), (266,), (266, 127), (127,), (127, 118), (118,), (118, 109), (109,), (109, 10), (10,)], 'train_accuracy': 0.1114, 'test_accuracy': 0.1095}} 
09-11 21:53 DEBUG    ****** PDM_KL matching ******** 
09-11 21:53 DEBUG    Best Sigma0: 0.5. Best sigma: 1 Best gamma: 10. Best Test accuracy: 0.1812. Train acc: 0.1835. 

09-11 21:53 DEBUG    PDM_KL log: {(0.5, 1, 10): {'shapes': [(784, 279), (279,), (279, 127), (127,), (127, 118), (118,), (118, 109), (109,), (109, 10), (10,)], 'train_accuracy': 0.1835, 'test_accuracy': 0.1812}} 
09-11 21:58 DEBUG    ****** PDM_KL matching ******** 
09-11 21:58 DEBUG    Best Sigma0: 0.5. Best sigma: 1 Best gamma: 10. Best Test accuracy: 0.1423. Train acc: 0.14185. 

09-11 21:58 DEBUG    PDM_KL log: {(0.5, 1, 10): {'shapes': [(784, 367), (367,), (367, 127), (127,), (127, 127), (127,), (127, 109), (109,), (109, 10), (10,)], 'train_accuracy': 0.14185, 'test_accuracy': 0.1423}} 
09-11 22:08 DEBUG    ****** PDM_KL matching ******** 
09-11 22:08 DEBUG    Best Sigma0: 0.5. Best sigma: 1 Best gamma: 10. Best Test accuracy: 0.1958. Train acc: 0.19596666666666668. 

09-11 22:08 DEBUG    PDM_KL log: {(0.5, 1, 10): {'shapes': [(784, 496), (496,), (496, 136), (136,), (136, 127), (127,), (127, 118), (118,), (118, 10), (10,)], 'train_accuracy': 0.19596666666666668, 'test_accuracy': 0.1958}} 
09-11 22:15 DEBUG    ****** PDM_KL matching ******** 
09-11 22:15 DEBUG    Best Sigma0: 0.5. Best sigma: 1 Best gamma: 10. Best Test accuracy: 0.1013. Train acc: 0.10256666666666667. 

09-11 22:15 DEBUG    PDM_KL log: {(0.5, 1, 10): {'shapes': [(784, 522), (522,), (522, 154), (154,), (154, 145), (145,), (145, 127), (127,), (127, 10), (10,)], 'train_accuracy': 0.10256666666666667, 'test_accuracy': 0.1013}} 
09-11 22:20 DEBUG    ****** PDM_KL matching ******** 
09-11 22:20 DEBUG    Best Sigma0: 0.5. Best sigma: 1 Best gamma: 10. Best Test accuracy: 0.1419. Train acc: 0.14038333333333333. 

09-11 22:20 DEBUG    PDM_KL log: {(0.5, 1, 10): {'shapes': [(784, 281), (281,), (281, 181), (181,), (181, 163), (163,), (163, 127), (127,), (127, 10), (10,)], 'train_accuracy': 0.14038333333333333, 'test_accuracy': 0.1419}} 
09-11 22:22 DEBUG    ****** PDM_KL matching ******** 
09-11 22:22 DEBUG    Best Sigma0: 0.5. Best sigma: 1 Best gamma: 10. Best Test accuracy: 0.0974. Train acc: 0.09751666666666667. 

09-11 22:22 DEBUG    PDM_KL log: {(0.5, 1, 10): {'shapes': [(784, 232), (232,), (232, 199), (199,), (199, 181), (181,), (181, 127), (127,), (127, 10), (10,)], 'train_accuracy': 0.09751666666666667, 'test_accuracy': 0.0974}} 
09-11 22:22 DEBUG    Trial 7 completed
09-11 22:22 DEBUG    ####################################################################################################
09-11 22:22 DEBUG    ####################################################################################################
09-11 22:22 DEBUG    Executing Trial 8 with seed 8
09-11 22:22 DEBUG    Data statistics: {0: {0: 588, 1: 601, 2: 566, 3: 535, 4: 165, 5: 3, 6: 1215, 7: 1269, 8: 1173}, 1: {0: 461, 1: 185, 2: 96, 3: 3974, 4: 2103}, 2: {0: 361, 1: 4, 2: 3, 3: 40, 4: 50, 5: 2242, 6: 364, 7: 148, 8: 4444}, 3: {0: 445, 1: 921, 2: 1207, 3: 32, 4: 566, 5: 5, 6: 389, 7: 26, 8: 160, 9: 698}, 4: {0: 195, 1: 178, 2: 470, 3: 83, 4: 673, 5: 1991, 6: 1114, 7: 301, 8: 30, 9: 1077}, 5: {0: 562, 1: 1196, 2: 911, 3: 171, 4: 495, 5: 14, 6: 155, 7: 3853}, 6: {0: 2595, 1: 742, 2: 2407, 3: 316}, 7: {0: 81, 1: 15, 2: 169, 3: 333, 4: 1, 5: 127, 6: 293, 7: 297, 8: 26, 9: 4172}, 8: {0: 482, 1: 996, 2: 6, 3: 55, 4: 1783, 5: 935, 6: 2201}, 9: {0: 153, 1: 1904, 2: 123, 3: 592, 4: 6, 5: 104, 6: 187, 7: 371, 8: 18, 9: 2}}
09-11 22:23 DEBUG    **************************************************
09-11 22:23 DEBUG    Running experiments 

09-11 22:23 DEBUG    Uniform ensemble (Train acc): 0.839483
09-11 22:23 DEBUG    Uniform ensemble (Test acc): 0.834500
09-11 22:23 DEBUG    FedAvg (Train acc): 0.099300
09-11 22:23 DEBUG    FedAvg (Test acc): 0.103200
09-11 22:25 DEBUG    ****** PDM_KL matching ******** 
09-11 22:25 DEBUG    Best Sigma0: 0.5. Best sigma: 1 Best gamma: 10. Best Test accuracy: 0.1041. Train acc: 0.10456666666666667. 

09-11 22:25 DEBUG    PDM_KL log: {(0.5, 1, 10): {'shapes': [(784, 270), (270,), (270, 118), (118,), (118, 127), (127,), (127, 113), (113,), (113, 10), (10,)], 'train_accuracy': 0.10456666666666667, 'test_accuracy': 0.1041}} 
09-11 22:27 DEBUG    ****** PDM_KL matching ******** 
09-11 22:27 DEBUG    Best Sigma0: 0.5. Best sigma: 1 Best gamma: 10. Best Test accuracy: 0.101. Train acc: 0.10218333333333333. 

09-11 22:27 DEBUG    PDM_KL log: {(0.5, 1, 10): {'shapes': [(784, 267), (267,), (267, 118), (118,), (118, 118), (118,), (118, 113), (113,), (113, 10), (10,)], 'train_accuracy': 0.10218333333333333, 'test_accuracy': 0.101}} 
09-11 22:30 DEBUG    ****** PDM_KL matching ******** 
09-11 22:30 DEBUG    Best Sigma0: 0.5. Best sigma: 1 Best gamma: 10. Best Test accuracy: 0.1018. Train acc: 0.10283333333333333. 

09-11 22:30 DEBUG    PDM_KL log: {(0.5, 1, 10): {'shapes': [(784, 271), (271,), (271, 127), (127,), (127, 127), (127,), (127, 114), (114,), (114, 10), (10,)], 'train_accuracy': 0.10283333333333333, 'test_accuracy': 0.1018}} 
09-11 22:33 DEBUG    ****** PDM_KL matching ******** 
09-11 22:33 DEBUG    Best Sigma0: 0.5. Best sigma: 1 Best gamma: 10. Best Test accuracy: 0.1062. Train acc: 0.10646666666666667. 

09-11 22:33 DEBUG    PDM_KL log: {(0.5, 1, 10): {'shapes': [(784, 267), (267,), (267, 127), (127,), (127, 118), (118,), (118, 114), (114,), (114, 10), (10,)], 'train_accuracy': 0.10646666666666667, 'test_accuracy': 0.1062}} 
09-11 22:35 DEBUG    ****** PDM_KL matching ******** 
09-11 22:35 DEBUG    Best Sigma0: 0.5. Best sigma: 1 Best gamma: 10. Best Test accuracy: 0.1019. Train acc: 0.10273333333333333. 

09-11 22:35 DEBUG    PDM_KL log: {(0.5, 1, 10): {'shapes': [(784, 278), (278,), (278, 127), (127,), (127, 127), (127,), (127, 113), (113,), (113, 10), (10,)], 'train_accuracy': 0.10273333333333333, 'test_accuracy': 0.1019}} 
09-11 22:39 DEBUG    ****** PDM_KL matching ******** 
09-11 22:39 DEBUG    Best Sigma0: 0.5. Best sigma: 1 Best gamma: 10. Best Test accuracy: 0.1034. Train acc: 0.1047. 

09-11 22:39 DEBUG    PDM_KL log: {(0.5, 1, 10): {'shapes': [(784, 280), (280,), (280, 127), (127,), (127, 118), (118,), (118, 114), (114,), (114, 10), (10,)], 'train_accuracy': 0.1047, 'test_accuracy': 0.1034}} 
09-11 22:42 DEBUG    ****** PDM_KL matching ******** 
09-11 22:42 DEBUG    Best Sigma0: 0.5. Best sigma: 1 Best gamma: 10. Best Test accuracy: 0.1026. Train acc: 0.10421666666666667. 

09-11 22:42 DEBUG    PDM_KL log: {(0.5, 1, 10): {'shapes': [(784, 367), (367,), (367, 127), (127,), (127, 127), (127,), (127, 114), (114,), (114, 10), (10,)], 'train_accuracy': 0.10421666666666667, 'test_accuracy': 0.1026}} 
09-11 22:49 DEBUG    ****** PDM_KL matching ******** 
09-11 22:49 DEBUG    Best Sigma0: 0.5. Best sigma: 1 Best gamma: 10. Best Test accuracy: 0.1263. Train acc: 0.12003333333333334. 

09-11 22:49 DEBUG    PDM_KL log: {(0.5, 1, 10): {'shapes': [(784, 492), (492,), (492, 136), (136,), (136, 127), (127,), (127, 118), (118,), (118, 10), (10,)], 'train_accuracy': 0.12003333333333334, 'test_accuracy': 0.1263}} 
09-11 22:55 DEBUG    ****** PDM_KL matching ******** 
09-11 22:55 DEBUG    Best Sigma0: 0.5. Best sigma: 1 Best gamma: 10. Best Test accuracy: 0.1052. Train acc: 0.10101666666666667. 

09-11 22:55 DEBUG    PDM_KL log: {(0.5, 1, 10): {'shapes': [(784, 521), (521,), (521, 145), (145,), (145, 136), (136,), (136, 127), (127,), (127, 10), (10,)], 'train_accuracy': 0.10101666666666667, 'test_accuracy': 0.1052}} 
09-11 22:58 DEBUG    ****** PDM_KL matching ******** 
09-11 22:58 DEBUG    Best Sigma0: 0.5. Best sigma: 1 Best gamma: 10. Best Test accuracy: 0.101. Train acc: 0.10218333333333333. 

09-11 22:58 DEBUG    PDM_KL log: {(0.5, 1, 10): {'shapes': [(784, 279), (279,), (279, 163), (163,), (163, 154), (154,), (154, 136), (136,), (136, 10), (10,)], 'train_accuracy': 0.10218333333333333, 'test_accuracy': 0.101}} 
09-11 23:01 DEBUG    ****** PDM_KL matching ******** 
09-11 23:01 DEBUG    Best Sigma0: 0.5. Best sigma: 1 Best gamma: 10. Best Test accuracy: 0.101. Train acc: 0.10218333333333333. 

09-11 23:01 DEBUG    PDM_KL log: {(0.5, 1, 10): {'shapes': [(784, 249), (249,), (249, 190), (190,), (190, 188), (188,), (188, 127), (127,), (127, 10), (10,)], 'train_accuracy': 0.10218333333333333, 'test_accuracy': 0.101}} 
09-11 23:01 DEBUG    Trial 8 completed
09-11 23:01 DEBUG    ####################################################################################################
09-11 23:01 DEBUG    ####################################################################################################
09-11 23:01 DEBUG    Executing Trial 9 with seed 9
09-11 23:01 DEBUG    Data statistics: {0: {0: 251, 1: 342, 2: 225, 3: 12, 4: 59, 5: 1486, 7: 17, 8: 992, 9: 515}, 1: {0: 2028, 1: 470, 2: 201, 3: 1226, 4: 192, 5: 1, 6: 1978}, 2: {0: 214, 1: 2029, 2: 634, 3: 13, 4: 480, 5: 908, 6: 383, 7: 405, 8: 682, 9: 68}, 3: {0: 401, 1: 121, 2: 45, 3: 1, 4: 537, 5: 16, 6: 263, 7: 47, 8: 1461, 9: 32}, 4: {0: 544, 1: 735, 2: 2801, 3: 44, 4: 169, 5: 636, 6: 48, 7: 1110}, 5: {0: 1374, 1: 844, 2: 661, 3: 90, 4: 363, 5: 194, 7: 3969}, 6: {0: 75, 1: 2184, 2: 333, 3: 845, 4: 2294, 5: 192, 6: 600}, 7: {0: 447, 1: 11, 2: 21, 3: 39, 5: 309, 6: 775, 7: 297, 8: 19, 9: 5334}, 8: {0: 112, 1: 5, 2: 4, 3: 3816, 4: 7, 5: 851, 6: 1183, 7: 112}, 9: {0: 477, 1: 1, 2: 1033, 3: 45, 4: 1741, 5: 828, 6: 688, 7: 308, 8: 2697}}
09-11 23:01 DEBUG    **************************************************
09-11 23:01 DEBUG    Running experiments 

09-11 23:02 DEBUG    Uniform ensemble (Train acc): 0.890600
09-11 23:02 DEBUG    Uniform ensemble (Test acc): 0.887700
09-11 23:02 DEBUG    FedAvg (Train acc): 0.090350
09-11 23:02 DEBUG    FedAvg (Test acc): 0.089200
09-11 23:03 DEBUG    ****** PDM_KL matching ******** 
09-11 23:03 DEBUG    Best Sigma0: 0.5. Best sigma: 1 Best gamma: 10. Best Test accuracy: 0.1162. Train acc: 0.11406666666666666. 

09-11 23:03 DEBUG    PDM_KL log: {(0.5, 1, 10): {'shapes': [(784, 275), (275,), (275, 127), (127,), (127, 118), (118,), (118, 110), (110,), (110, 10), (10,)], 'train_accuracy': 0.11406666666666666, 'test_accuracy': 0.1162}} 
09-11 23:05 DEBUG    ****** PDM_KL matching ******** 
09-11 23:05 DEBUG    Best Sigma0: 0.5. Best sigma: 1 Best gamma: 10. Best Test accuracy: 0.1097. Train acc: 0.10861666666666667. 

09-11 23:05 DEBUG    PDM_KL log: {(0.5, 1, 10): {'shapes': [(784, 265), (265,), (265, 118), (118,), (118, 127), (127,), (127, 110), (110,), (110, 10), (10,)], 'train_accuracy': 0.10861666666666667, 'test_accuracy': 0.1097}} 
09-11 23:07 DEBUG    ****** PDM_KL matching ******** 
09-11 23:07 DEBUG    Best Sigma0: 0.5. Best sigma: 1 Best gamma: 10. Best Test accuracy: 0.1684. Train acc: 0.16765. 

09-11 23:07 DEBUG    PDM_KL log: {(0.5, 1, 10): {'shapes': [(784, 268), (268,), (268, 118), (118,), (118, 118), (118,), (118, 110), (110,), (110, 10), (10,)], 'train_accuracy': 0.16765, 'test_accuracy': 0.1684}} 
09-11 23:08 DEBUG    ****** PDM_KL matching ******** 
09-11 23:08 DEBUG    Best Sigma0: 0.5. Best sigma: 1 Best gamma: 10. Best Test accuracy: 0.1265. Train acc: 0.12456666666666667. 

09-11 23:08 DEBUG    PDM_KL log: {(0.5, 1, 10): {'shapes': [(784, 271), (271,), (271, 118), (118,), (118, 118), (118,), (118, 105), (105,), (105, 10), (10,)], 'train_accuracy': 0.12456666666666667, 'test_accuracy': 0.1265}} 
09-11 23:11 DEBUG    ****** PDM_KL matching ******** 
09-11 23:11 DEBUG    Best Sigma0: 0.5. Best sigma: 1 Best gamma: 10. Best Test accuracy: 0.1018. Train acc: 0.10248333333333333. 

09-11 23:11 DEBUG    PDM_KL log: {(0.5, 1, 10): {'shapes': [(784, 286), (286,), (286, 126), (126,), (126, 118), (118,), (118, 105), (105,), (105, 10), (10,)], 'train_accuracy': 0.10248333333333333, 'test_accuracy': 0.1018}} 
09-11 23:12 DEBUG    ****** PDM_KL matching ******** 
09-11 23:12 DEBUG    Best Sigma0: 0.5. Best sigma: 1 Best gamma: 10. Best Test accuracy: 0.1984. Train acc: 0.20288333333333333. 

09-11 23:12 DEBUG    PDM_KL log: {(0.5, 1, 10): {'shapes': [(784, 286), (286,), (286, 127), (127,), (127, 118), (118,), (118, 105), (105,), (105, 10), (10,)], 'train_accuracy': 0.20288333333333333, 'test_accuracy': 0.1984}} 
09-11 23:16 DEBUG    ****** PDM_KL matching ******** 
09-11 23:16 DEBUG    Best Sigma0: 0.5. Best sigma: 1 Best gamma: 10. Best Test accuracy: 0.1518. Train acc: 0.15231666666666666. 

09-11 23:16 DEBUG    PDM_KL log: {(0.5, 1, 10): {'shapes': [(784, 377), (377,), (377, 127), (127,), (127, 127), (127,), (127, 113), (113,), (113, 10), (10,)], 'train_accuracy': 0.15231666666666666, 'test_accuracy': 0.1518}} 
09-11 23:21 DEBUG    ****** PDM_KL matching ******** 
09-11 23:21 DEBUG    Best Sigma0: 0.5. Best sigma: 1 Best gamma: 10. Best Test accuracy: 0.1229. Train acc: 0.123. 

09-11 23:21 DEBUG    PDM_KL log: {(0.5, 1, 10): {'shapes': [(784, 513), (513,), (513, 136), (136,), (136, 127), (127,), (127, 118), (118,), (118, 10), (10,)], 'train_accuracy': 0.123, 'test_accuracy': 0.1229}} 
09-11 23:25 DEBUG    ****** PDM_KL matching ******** 
09-11 23:25 DEBUG    Best Sigma0: 0.5. Best sigma: 1 Best gamma: 10. Best Test accuracy: 0.101. Train acc: 0.10218333333333333. 

09-11 23:25 DEBUG    PDM_KL log: {(0.5, 1, 10): {'shapes': [(784, 546), (546,), (546, 145), (145,), (145, 136), (136,), (136, 127), (127,), (127, 10), (10,)], 'train_accuracy': 0.10218333333333333, 'test_accuracy': 0.101}} 
09-11 23:29 DEBUG    ****** PDM_KL matching ******** 
09-11 23:29 DEBUG    Best Sigma0: 0.5. Best sigma: 1 Best gamma: 10. Best Test accuracy: 0.101. Train acc: 0.10218333333333333. 

09-11 23:29 DEBUG    PDM_KL log: {(0.5, 1, 10): {'shapes': [(784, 278), (278,), (278, 163), (163,), (163, 136), (136,), (136, 127), (127,), (127, 10), (10,)], 'train_accuracy': 0.10218333333333333, 'test_accuracy': 0.101}} 
09-11 23:31 DEBUG    ****** PDM_KL matching ******** 
09-11 23:31 DEBUG    Best Sigma0: 0.5. Best sigma: 1 Best gamma: 10. Best Test accuracy: 0.101. Train acc: 0.10218333333333333. 

09-11 23:31 DEBUG    PDM_KL log: {(0.5, 1, 10): {'shapes': [(784, 231), (231,), (231, 176), (176,), (176, 170), (170,), (170, 127), (127,), (127, 10), (10,)], 'train_accuracy': 0.10218333333333333, 'test_accuracy': 0.101}} 
09-11 23:31 DEBUG    Trial 9 completed
09-11 23:31 DEBUG    ####################################################################################################
