09-13 02:48 DEBUG    Experiment arguments: Namespace(alpha=0.5, communication_rounds=None, datadir='data/cifar10', dataset='cifar10', device=1.0, dropout_p=0.0, epochs=10, experiment=['all'], init_seed=0, iter_epochs=5, layers=1, loaddir='saved_weights/cifar10/homo', logdir='KL_regs/cifar10/homo', lr=0.01, lr_decay=1.0, n=6, n_layers=1, n_nets=10, net_config=[3072, 100, 10], num_pool_workers=6, partition='homo', pdm_gamma=1.0, pdm_sig=1.0, pdm_sig0=1.0, reg=1e-06, reg_fac=0.0, trials=10)
09-13 02:48 DEBUG    ####################################################################################################
09-13 02:48 DEBUG    Executing Trial 0 with seed 0
09-13 02:48 DEBUG    Data statistics: {0: {0: 503, 1: 483, 2: 487, 3: 527, 4: 473, 5: 548, 6: 491, 7: 502, 8: 482, 9: 504}, 1: {0: 501, 1: 503, 2: 529, 3: 503, 4: 494, 5: 468, 6: 462, 7: 497, 8: 507, 9: 536}, 2: {0: 510, 1: 540, 2: 498, 3: 461, 4: 516, 5: 483, 6: 502, 7: 515, 8: 492, 9: 483}, 3: {0: 487, 1: 487, 2: 493, 3: 498, 4: 523, 5: 482, 6: 500, 7: 487, 8: 495, 9: 548}, 4: {0: 505, 1: 480, 2: 488, 3: 488, 4: 480, 5: 509, 6: 537, 7: 490, 8: 490, 9: 533}, 5: {0: 504, 1: 480, 2: 511, 3: 494, 4: 530, 5: 509, 6: 521, 7: 489, 8: 490, 9: 472}, 6: {0: 512, 1: 509, 2: 512, 3: 488, 4: 488, 5: 465, 6: 490, 7: 538, 8: 506, 9: 492}, 7: {0: 472, 1: 521, 2: 463, 3: 549, 4: 502, 5: 515, 6: 518, 7: 496, 8: 479, 9: 485}, 8: {0: 505, 1: 485, 2: 487, 3: 505, 4: 497, 5: 512, 6: 508, 7: 501, 8: 531, 9: 469}, 9: {0: 501, 1: 512, 2: 532, 3: 487, 4: 497, 5: 509, 6: 471, 7: 485, 8: 528, 9: 478}}
09-13 02:49 DEBUG    **************************************************
09-13 02:49 DEBUG    Running experiments 

09-13 02:49 DEBUG    Uniform ensemble (Train acc): 0.244000
09-13 02:49 DEBUG    Uniform ensemble (Test acc): 0.238400
09-13 02:49 DEBUG    FedAvg (Train acc): 0.100000
09-13 02:49 DEBUG    FedAvg (Test acc): 0.100000
09-13 02:54 DEBUG    ****** PDM_KL matching ******** 
09-13 02:54 DEBUG    Best Sigma0: 0.5. Best sigma: 1 Best gamma: 10. Best Test accuracy: 0.2101. Train acc: 0.21392. 

09-13 02:54 DEBUG    PDM_KL log: {(0.5, 1, 10): {'shapes': [(3072, 263), (263,), (263, 10), (10,)], 'train_accuracy': 0.21392, 'test_accuracy': 0.2101}} 
09-13 03:05 DEBUG    ****** PDM_KL matching ******** 
09-13 03:05 DEBUG    Best Sigma0: 0.5. Best sigma: 1 Best gamma: 10. Best Test accuracy: 0.2101. Train acc: 0.21392. 

09-13 03:05 DEBUG    PDM_KL log: {(0.5, 1, 10): {'shapes': [(3072, 266), (266,), (266, 10), (10,)], 'train_accuracy': 0.21392, 'test_accuracy': 0.2101}} 
09-13 03:16 DEBUG    ****** PDM_KL matching ******** 
09-13 03:16 DEBUG    Best Sigma0: 0.5. Best sigma: 1 Best gamma: 10. Best Test accuracy: 0.2101. Train acc: 0.21392. 

09-13 03:16 DEBUG    PDM_KL log: {(0.5, 1, 10): {'shapes': [(3072, 266), (266,), (266, 10), (10,)], 'train_accuracy': 0.21392, 'test_accuracy': 0.2101}} 
09-13 03:29 DEBUG    ****** PDM_KL matching ******** 
09-13 03:29 DEBUG    Best Sigma0: 0.5. Best sigma: 1 Best gamma: 10. Best Test accuracy: 0.2101. Train acc: 0.21392. 

09-13 03:29 DEBUG    PDM_KL log: {(0.5, 1, 10): {'shapes': [(3072, 270), (270,), (270, 10), (10,)], 'train_accuracy': 0.21392, 'test_accuracy': 0.2101}} 
09-13 03:41 DEBUG    ****** PDM_KL matching ******** 
09-13 03:41 DEBUG    Best Sigma0: 0.5. Best sigma: 1 Best gamma: 10. Best Test accuracy: 0.2101. Train acc: 0.21392. 

09-13 03:41 DEBUG    PDM_KL log: {(0.5, 1, 10): {'shapes': [(3072, 265), (265,), (265, 10), (10,)], 'train_accuracy': 0.21392, 'test_accuracy': 0.2101}} 
09-13 03:54 DEBUG    ****** PDM_KL matching ******** 
09-13 03:54 DEBUG    Best Sigma0: 0.5. Best sigma: 1 Best gamma: 10. Best Test accuracy: 0.2101. Train acc: 0.21392. 

09-13 03:54 DEBUG    PDM_KL log: {(0.5, 1, 10): {'shapes': [(3072, 274), (274,), (274, 10), (10,)], 'train_accuracy': 0.21392, 'test_accuracy': 0.2101}} 
09-13 04:08 DEBUG    ****** PDM_KL matching ******** 
09-13 04:08 DEBUG    Best Sigma0: 0.5. Best sigma: 1 Best gamma: 10. Best Test accuracy: 0.2085. Train acc: 0.21454. 

09-13 04:08 DEBUG    PDM_KL log: {(0.5, 1, 10): {'shapes': [(3072, 330), (330,), (330, 10), (10,)], 'train_accuracy': 0.21454, 'test_accuracy': 0.2085}} 
09-13 04:30 DEBUG    ****** PDM_KL matching ******** 
09-13 04:30 DEBUG    Best Sigma0: 0.5. Best sigma: 1 Best gamma: 10. Best Test accuracy: 0.2161. Train acc: 0.22374. 

09-13 04:30 DEBUG    PDM_KL log: {(0.5, 1, 10): {'shapes': [(3072, 561), (561,), (561, 10), (10,)], 'train_accuracy': 0.22374, 'test_accuracy': 0.2161}} 
09-13 04:57 DEBUG    ****** PDM_KL matching ******** 
09-13 04:57 DEBUG    Best Sigma0: 0.5. Best sigma: 1 Best gamma: 10. Best Test accuracy: 0.2161. Train acc: 0.22374. 

09-13 04:57 DEBUG    PDM_KL log: {(0.5, 1, 10): {'shapes': [(3072, 698), (698,), (698, 10), (10,)], 'train_accuracy': 0.22374, 'test_accuracy': 0.2161}} 
09-13 05:25 DEBUG    ****** PDM_KL matching ******** 
09-13 05:25 DEBUG    Best Sigma0: 0.5. Best sigma: 1 Best gamma: 10. Best Test accuracy: 0.1. Train acc: 0.1. 

09-13 05:25 DEBUG    PDM_KL log: {(0.5, 1, 10): {'shapes': [(3072, 700), (700,), (700, 10), (10,)], 'train_accuracy': 0.1, 'test_accuracy': 0.1}} 
09-13 05:53 DEBUG    ****** PDM_KL matching ******** 
09-13 05:53 DEBUG    Best Sigma0: 0.5. Best sigma: 1 Best gamma: 10. Best Test accuracy: 0.1. Train acc: 0.1. 

09-13 05:53 DEBUG    PDM_KL log: {(0.5, 1, 10): {'shapes': [(3072, 700), (700,), (700, 10), (10,)], 'train_accuracy': 0.1, 'test_accuracy': 0.1}} 
09-13 05:53 DEBUG    Trial 0 completed
09-13 05:53 DEBUG    ####################################################################################################
09-13 05:53 DEBUG    ####################################################################################################
09-13 05:53 DEBUG    Executing Trial 1 with seed 1
09-13 05:53 DEBUG    Data statistics: {0: {0: 510, 1: 492, 2: 515, 3: 474, 4: 530, 5: 498, 6: 501, 7: 489, 8: 481, 9: 510}, 1: {0: 476, 1: 494, 2: 523, 3: 515, 4: 477, 5: 497, 6: 486, 7: 523, 8: 497, 9: 512}, 2: {0: 503, 1: 524, 2: 501, 3: 526, 4: 471, 5: 497, 6: 538, 7: 499, 8: 482, 9: 459}, 3: {0: 484, 1: 501, 2: 514, 3: 480, 4: 487, 5: 513, 6: 529, 7: 501, 8: 480, 9: 511}, 4: {0: 506, 1: 496, 2: 478, 3: 495, 4: 492, 5: 512, 6: 520, 7: 487, 8: 490, 9: 524}, 5: {0: 517, 1: 496, 2: 472, 3: 525, 4: 496, 5: 506, 6: 458, 7: 480, 8: 503, 9: 547}, 6: {0: 491, 1: 522, 2: 492, 3: 490, 4: 506, 5: 482, 6: 492, 7: 499, 8: 557, 9: 469}, 7: {0: 516, 1: 500, 2: 499, 3: 512, 4: 523, 5: 503, 6: 468, 7: 515, 8: 493, 9: 471}, 8: {0: 503, 1: 497, 2: 498, 3: 492, 4: 484, 5: 490, 6: 509, 7: 511, 8: 506, 9: 510}, 9: {0: 494, 1: 478, 2: 508, 3: 491, 4: 534, 5: 502, 6: 499, 7: 496, 8: 511, 9: 487}}
09-13 05:55 DEBUG    **************************************************
09-13 05:55 DEBUG    Running experiments 

09-13 05:56 DEBUG    Uniform ensemble (Train acc): 0.209080
09-13 05:56 DEBUG    Uniform ensemble (Test acc): 0.204600
09-13 05:56 DEBUG    FedAvg (Train acc): 0.100000
09-13 05:56 DEBUG    FedAvg (Test acc): 0.100000
09-13 06:02 DEBUG    ****** PDM_KL matching ******** 
09-13 06:02 DEBUG    Best Sigma0: 0.5. Best sigma: 1 Best gamma: 10. Best Test accuracy: 0.1984. Train acc: 0.20022. 

09-13 06:02 DEBUG    PDM_KL log: {(0.5, 1, 10): {'shapes': [(3072, 265), (265,), (265, 10), (10,)], 'train_accuracy': 0.20022, 'test_accuracy': 0.1984}} 
09-13 06:14 DEBUG    ****** PDM_KL matching ******** 
09-13 06:14 DEBUG    Best Sigma0: 0.5. Best sigma: 1 Best gamma: 10. Best Test accuracy: 0.1984. Train acc: 0.20022. 

09-13 06:14 DEBUG    PDM_KL log: {(0.5, 1, 10): {'shapes': [(3072, 270), (270,), (270, 10), (10,)], 'train_accuracy': 0.20022, 'test_accuracy': 0.1984}} 
09-13 06:26 DEBUG    ****** PDM_KL matching ******** 
09-13 06:26 DEBUG    Best Sigma0: 0.5. Best sigma: 1 Best gamma: 10. Best Test accuracy: 0.1984. Train acc: 0.20022. 

09-13 06:26 DEBUG    PDM_KL log: {(0.5, 1, 10): {'shapes': [(3072, 268), (268,), (268, 10), (10,)], 'train_accuracy': 0.20022, 'test_accuracy': 0.1984}} 
09-13 06:37 DEBUG    ****** PDM_KL matching ******** 
09-13 06:37 DEBUG    Best Sigma0: 0.5. Best sigma: 1 Best gamma: 10. Best Test accuracy: 0.1984. Train acc: 0.20022. 

09-13 06:37 DEBUG    PDM_KL log: {(0.5, 1, 10): {'shapes': [(3072, 265), (265,), (265, 10), (10,)], 'train_accuracy': 0.20022, 'test_accuracy': 0.1984}} 
09-13 06:47 DEBUG    ****** PDM_KL matching ******** 
09-13 06:47 DEBUG    Best Sigma0: 0.5. Best sigma: 1 Best gamma: 10. Best Test accuracy: 0.1984. Train acc: 0.20022. 

09-13 06:47 DEBUG    PDM_KL log: {(0.5, 1, 10): {'shapes': [(3072, 270), (270,), (270, 10), (10,)], 'train_accuracy': 0.20022, 'test_accuracy': 0.1984}} 
09-13 06:59 DEBUG    ****** PDM_KL matching ******** 
09-13 06:59 DEBUG    Best Sigma0: 0.5. Best sigma: 1 Best gamma: 10. Best Test accuracy: 0.1984. Train acc: 0.20022. 

09-13 06:59 DEBUG    PDM_KL log: {(0.5, 1, 10): {'shapes': [(3072, 269), (269,), (269, 10), (10,)], 'train_accuracy': 0.20022, 'test_accuracy': 0.1984}} 
09-13 07:12 DEBUG    ****** PDM_KL matching ******** 
09-13 07:12 DEBUG    Best Sigma0: 0.5. Best sigma: 1 Best gamma: 10. Best Test accuracy: 0.1984. Train acc: 0.20022. 

09-13 07:12 DEBUG    PDM_KL log: {(0.5, 1, 10): {'shapes': [(3072, 335), (335,), (335, 10), (10,)], 'train_accuracy': 0.20022, 'test_accuracy': 0.1984}} 
09-13 07:31 DEBUG    ****** PDM_KL matching ******** 
09-13 07:31 DEBUG    Best Sigma0: 0.5. Best sigma: 1 Best gamma: 10. Best Test accuracy: 0.1972. Train acc: 0.19716. 

09-13 07:31 DEBUG    PDM_KL log: {(0.5, 1, 10): {'shapes': [(3072, 573), (573,), (573, 10), (10,)], 'train_accuracy': 0.19716, 'test_accuracy': 0.1972}} 
09-13 07:52 DEBUG    ****** PDM_KL matching ******** 
09-13 07:52 DEBUG    Best Sigma0: 0.5. Best sigma: 1 Best gamma: 10. Best Test accuracy: 0.1972. Train acc: 0.19716. 

09-13 07:52 DEBUG    PDM_KL log: {(0.5, 1, 10): {'shapes': [(3072, 700), (700,), (700, 10), (10,)], 'train_accuracy': 0.19716, 'test_accuracy': 0.1972}} 
09-13 08:11 DEBUG    ****** PDM_KL matching ******** 
09-13 08:11 DEBUG    Best Sigma0: 0.5. Best sigma: 1 Best gamma: 10. Best Test accuracy: 0.1. Train acc: 0.1. 

09-13 08:11 DEBUG    PDM_KL log: {(0.5, 1, 10): {'shapes': [(3072, 700), (700,), (700, 10), (10,)], 'train_accuracy': 0.1, 'test_accuracy': 0.1}} 
09-13 08:32 DEBUG    ****** PDM_KL matching ******** 
09-13 08:32 DEBUG    Best Sigma0: 0.5. Best sigma: 1 Best gamma: 10. Best Test accuracy: 0.1. Train acc: 0.1. 

09-13 08:32 DEBUG    PDM_KL log: {(0.5, 1, 10): {'shapes': [(3072, 700), (700,), (700, 10), (10,)], 'train_accuracy': 0.1, 'test_accuracy': 0.1}} 
09-13 08:32 DEBUG    Trial 1 completed
09-13 08:32 DEBUG    ####################################################################################################
09-13 08:32 DEBUG    ####################################################################################################
09-13 08:32 DEBUG    Executing Trial 2 with seed 2
09-13 08:32 DEBUG    Data statistics: {0: {0: 515, 1: 500, 2: 501, 3: 505, 4: 515, 5: 506, 6: 524, 7: 482, 8: 475, 9: 477}, 1: {0: 514, 1: 496, 2: 530, 3: 477, 4: 493, 5: 492, 6: 470, 7: 516, 8: 514, 9: 498}, 2: {0: 496, 1: 506, 2: 499, 3: 504, 4: 471, 5: 489, 6: 507, 7: 502, 8: 484, 9: 542}, 3: {0: 475, 1: 473, 2: 480, 3: 525, 4: 506, 5: 514, 6: 515, 7: 518, 8: 506, 9: 488}, 4: {0: 522, 1: 530, 2: 486, 3: 468, 4: 510, 5: 510, 6: 494, 7: 496, 8: 497, 9: 487}, 5: {0: 519, 1: 494, 2: 514, 3: 499, 4: 512, 5: 479, 6: 470, 7: 497, 8: 505, 9: 511}, 6: {0: 485, 1: 507, 2: 509, 3: 511, 4: 488, 5: 459, 6: 496, 7: 514, 8: 518, 9: 513}, 7: {0: 485, 1: 488, 2: 482, 3: 505, 4: 546, 5: 535, 6: 505, 7: 476, 8: 486, 9: 492}, 8: {0: 512, 1: 493, 2: 513, 3: 481, 4: 512, 5: 499, 6: 513, 7: 481, 8: 508, 9: 488}, 9: {0: 477, 1: 513, 2: 486, 3: 525, 4: 447, 5: 517, 6: 506, 7: 518, 8: 507, 9: 504}}
09-13 08:33 DEBUG    **************************************************
09-13 08:33 DEBUG    Running experiments 

09-13 08:34 DEBUG    Uniform ensemble (Train acc): 0.260200
09-13 08:34 DEBUG    Uniform ensemble (Test acc): 0.253800
09-13 08:34 DEBUG    FedAvg (Train acc): 0.100000
09-13 08:34 DEBUG    FedAvg (Test acc): 0.100000
09-13 08:39 DEBUG    ****** PDM_KL matching ******** 
09-13 08:39 DEBUG    Best Sigma0: 0.5. Best sigma: 1 Best gamma: 10. Best Test accuracy: 0.2275. Train acc: 0.23202. 

09-13 08:39 DEBUG    PDM_KL log: {(0.5, 1, 10): {'shapes': [(3072, 270), (270,), (270, 10), (10,)], 'train_accuracy': 0.23202, 'test_accuracy': 0.2275}} 
09-13 08:48 DEBUG    ****** PDM_KL matching ******** 
09-13 08:48 DEBUG    Best Sigma0: 0.5. Best sigma: 1 Best gamma: 10. Best Test accuracy: 0.2275. Train acc: 0.23202. 

09-13 08:48 DEBUG    PDM_KL log: {(0.5, 1, 10): {'shapes': [(3072, 272), (272,), (272, 10), (10,)], 'train_accuracy': 0.23202, 'test_accuracy': 0.2275}} 
09-13 08:57 DEBUG    ****** PDM_KL matching ******** 
09-13 08:57 DEBUG    Best Sigma0: 0.5. Best sigma: 1 Best gamma: 10. Best Test accuracy: 0.2275. Train acc: 0.23202. 

09-13 08:57 DEBUG    PDM_KL log: {(0.5, 1, 10): {'shapes': [(3072, 271), (271,), (271, 10), (10,)], 'train_accuracy': 0.23202, 'test_accuracy': 0.2275}} 
09-13 09:06 DEBUG    ****** PDM_KL matching ******** 
09-13 09:06 DEBUG    Best Sigma0: 0.5. Best sigma: 1 Best gamma: 10. Best Test accuracy: 0.2275. Train acc: 0.23202. 

09-13 09:06 DEBUG    PDM_KL log: {(0.5, 1, 10): {'shapes': [(3072, 268), (268,), (268, 10), (10,)], 'train_accuracy': 0.23202, 'test_accuracy': 0.2275}} 
09-13 09:15 DEBUG    ****** PDM_KL matching ******** 
09-13 09:15 DEBUG    Best Sigma0: 0.5. Best sigma: 1 Best gamma: 10. Best Test accuracy: 0.2275. Train acc: 0.23202. 

09-13 09:15 DEBUG    PDM_KL log: {(0.5, 1, 10): {'shapes': [(3072, 267), (267,), (267, 10), (10,)], 'train_accuracy': 0.23202, 'test_accuracy': 0.2275}} 
09-13 09:24 DEBUG    ****** PDM_KL matching ******** 
09-13 09:24 DEBUG    Best Sigma0: 0.5. Best sigma: 1 Best gamma: 10. Best Test accuracy: 0.2275. Train acc: 0.23202. 

09-13 09:24 DEBUG    PDM_KL log: {(0.5, 1, 10): {'shapes': [(3072, 284), (284,), (284, 10), (10,)], 'train_accuracy': 0.23202, 'test_accuracy': 0.2275}} 
09-13 09:34 DEBUG    ****** PDM_KL matching ******** 
09-13 09:34 DEBUG    Best Sigma0: 0.5. Best sigma: 1 Best gamma: 10. Best Test accuracy: 0.2312. Train acc: 0.23232. 

09-13 09:34 DEBUG    PDM_KL log: {(0.5, 1, 10): {'shapes': [(3072, 328), (328,), (328, 10), (10,)], 'train_accuracy': 0.23232, 'test_accuracy': 0.2312}} 
09-13 09:48 DEBUG    ****** PDM_KL matching ******** 
09-13 09:48 DEBUG    Best Sigma0: 0.5. Best sigma: 1 Best gamma: 10. Best Test accuracy: 0.235. Train acc: 0.23552. 

09-13 09:48 DEBUG    PDM_KL log: {(0.5, 1, 10): {'shapes': [(3072, 570), (570,), (570, 10), (10,)], 'train_accuracy': 0.23552, 'test_accuracy': 0.235}} 
09-13 10:08 DEBUG    ****** PDM_KL matching ******** 
09-13 10:08 DEBUG    Best Sigma0: 0.5. Best sigma: 1 Best gamma: 10. Best Test accuracy: 0.2351. Train acc: 0.23546. 

09-13 10:08 DEBUG    PDM_KL log: {(0.5, 1, 10): {'shapes': [(3072, 692), (692,), (692, 10), (10,)], 'train_accuracy': 0.23546, 'test_accuracy': 0.2351}} 
09-13 10:27 DEBUG    ****** PDM_KL matching ******** 
09-13 10:27 DEBUG    Best Sigma0: 0.5. Best sigma: 1 Best gamma: 10. Best Test accuracy: 0.1. Train acc: 0.1. 

09-13 10:27 DEBUG    PDM_KL log: {(0.5, 1, 10): {'shapes': [(3072, 700), (700,), (700, 10), (10,)], 'train_accuracy': 0.1, 'test_accuracy': 0.1}} 
09-13 10:46 DEBUG    ****** PDM_KL matching ******** 
09-13 10:46 DEBUG    Best Sigma0: 0.5. Best sigma: 1 Best gamma: 10. Best Test accuracy: 0.1. Train acc: 0.1. 

09-13 10:46 DEBUG    PDM_KL log: {(0.5, 1, 10): {'shapes': [(3072, 700), (700,), (700, 10), (10,)], 'train_accuracy': 0.1, 'test_accuracy': 0.1}} 
09-13 10:46 DEBUG    Trial 2 completed
09-13 10:46 DEBUG    ####################################################################################################
09-13 10:46 DEBUG    ####################################################################################################
09-13 10:46 DEBUG    Executing Trial 3 with seed 3
09-13 10:46 DEBUG    Data statistics: {0: {0: 488, 1: 493, 2: 515, 3: 499, 4: 453, 5: 505, 6: 526, 7: 512, 8: 497, 9: 512}, 1: {0: 544, 1: 458, 2: 518, 3: 495, 4: 465, 5: 501, 6: 517, 7: 528, 8: 473, 9: 501}, 2: {0: 512, 1: 504, 2: 490, 3: 521, 4: 482, 5: 504, 6: 507, 7: 506, 8: 502, 9: 472}, 3: {0: 466, 1: 527, 2: 514, 3: 512, 4: 494, 5: 483, 6: 511, 7: 511, 8: 482, 9: 500}, 4: {0: 528, 1: 511, 2: 487, 3: 506, 4: 506, 5: 478, 6: 481, 7: 484, 8: 541, 9: 478}, 5: {0: 474, 1: 502, 2: 495, 3: 470, 4: 497, 5: 562, 6: 497, 7: 465, 8: 518, 9: 520}, 6: {0: 500, 1: 514, 2: 478, 3: 515, 4: 509, 5: 533, 6: 477, 7: 484, 8: 494, 9: 496}, 7: {0: 492, 1: 509, 2: 490, 3: 507, 4: 505, 5: 486, 6: 507, 7: 486, 8: 508, 9: 510}, 8: {0: 518, 1: 514, 2: 503, 3: 464, 4: 534, 5: 465, 6: 492, 7: 497, 8: 484, 9: 529}, 9: {0: 478, 1: 468, 2: 510, 3: 511, 4: 555, 5: 483, 6: 485, 7: 527, 8: 501, 9: 482}}
09-13 10:48 DEBUG    **************************************************
09-13 10:48 DEBUG    Running experiments 

09-13 10:48 DEBUG    Uniform ensemble (Train acc): 0.289520
09-13 10:48 DEBUG    Uniform ensemble (Test acc): 0.279500
09-13 10:48 DEBUG    FedAvg (Train acc): 0.100000
09-13 10:48 DEBUG    FedAvg (Test acc): 0.100000
09-13 10:53 DEBUG    ****** PDM_KL matching ******** 
09-13 10:53 DEBUG    Best Sigma0: 0.5. Best sigma: 1 Best gamma: 10. Best Test accuracy: 0.2321. Train acc: 0.2394. 

09-13 10:53 DEBUG    PDM_KL log: {(0.5, 1, 10): {'shapes': [(3072, 272), (272,), (272, 10), (10,)], 'train_accuracy': 0.2394, 'test_accuracy': 0.2321}} 
09-13 11:02 DEBUG    ****** PDM_KL matching ******** 
09-13 11:02 DEBUG    Best Sigma0: 0.5. Best sigma: 1 Best gamma: 10. Best Test accuracy: 0.2319. Train acc: 0.23936. 

09-13 11:02 DEBUG    PDM_KL log: {(0.5, 1, 10): {'shapes': [(3072, 271), (271,), (271, 10), (10,)], 'train_accuracy': 0.23936, 'test_accuracy': 0.2319}} 
09-13 11:12 DEBUG    ****** PDM_KL matching ******** 
09-13 11:12 DEBUG    Best Sigma0: 0.5. Best sigma: 1 Best gamma: 10. Best Test accuracy: 0.2321. Train acc: 0.2394. 

09-13 11:12 DEBUG    PDM_KL log: {(0.5, 1, 10): {'shapes': [(3072, 263), (263,), (263, 10), (10,)], 'train_accuracy': 0.2394, 'test_accuracy': 0.2321}} 
09-13 11:21 DEBUG    ****** PDM_KL matching ******** 
09-13 11:21 DEBUG    Best Sigma0: 0.5. Best sigma: 1 Best gamma: 10. Best Test accuracy: 0.2321. Train acc: 0.2394. 

09-13 11:21 DEBUG    PDM_KL log: {(0.5, 1, 10): {'shapes': [(3072, 270), (270,), (270, 10), (10,)], 'train_accuracy': 0.2394, 'test_accuracy': 0.2321}} 
09-13 11:30 DEBUG    ****** PDM_KL matching ******** 
09-13 11:30 DEBUG    Best Sigma0: 0.5. Best sigma: 1 Best gamma: 10. Best Test accuracy: 0.2321. Train acc: 0.2394. 

09-13 11:30 DEBUG    PDM_KL log: {(0.5, 1, 10): {'shapes': [(3072, 268), (268,), (268, 10), (10,)], 'train_accuracy': 0.2394, 'test_accuracy': 0.2321}} 
09-13 11:40 DEBUG    ****** PDM_KL matching ******** 
09-13 11:40 DEBUG    Best Sigma0: 0.5. Best sigma: 1 Best gamma: 10. Best Test accuracy: 0.2321. Train acc: 0.2394. 

09-13 11:40 DEBUG    PDM_KL log: {(0.5, 1, 10): {'shapes': [(3072, 275), (275,), (275, 10), (10,)], 'train_accuracy': 0.2394, 'test_accuracy': 0.2321}} 
09-13 11:49 DEBUG    ****** PDM_KL matching ******** 
09-13 11:49 DEBUG    Best Sigma0: 0.5. Best sigma: 1 Best gamma: 10. Best Test accuracy: 0.2494. Train acc: 0.25374. 

09-13 11:49 DEBUG    PDM_KL log: {(0.5, 1, 10): {'shapes': [(3072, 335), (335,), (335, 10), (10,)], 'train_accuracy': 0.25374, 'test_accuracy': 0.2494}} 
09-13 12:19 DEBUG    ****** PDM_KL matching ******** 
09-13 12:19 DEBUG    Best Sigma0: 0.5. Best sigma: 1 Best gamma: 10. Best Test accuracy: 0.2494. Train acc: 0.2559. 

09-13 12:19 DEBUG    PDM_KL log: {(0.5, 1, 10): {'shapes': [(3072, 586), (586,), (586, 10), (10,)], 'train_accuracy': 0.2559, 'test_accuracy': 0.2494}} 
09-13 13:05 DEBUG    ****** PDM_KL matching ******** 
09-13 13:05 DEBUG    Best Sigma0: 0.5. Best sigma: 1 Best gamma: 10. Best Test accuracy: 0.2494. Train acc: 0.2559. 

09-13 13:05 DEBUG    PDM_KL log: {(0.5, 1, 10): {'shapes': [(3072, 700), (700,), (700, 10), (10,)], 'train_accuracy': 0.2559, 'test_accuracy': 0.2494}} 
09-13 13:48 DEBUG    ****** PDM_KL matching ******** 
09-13 13:48 DEBUG    Best Sigma0: 0.5. Best sigma: 1 Best gamma: 10. Best Test accuracy: 0.1. Train acc: 0.1. 

09-13 13:48 DEBUG    PDM_KL log: {(0.5, 1, 10): {'shapes': [(3072, 699), (699,), (699, 10), (10,)], 'train_accuracy': 0.1, 'test_accuracy': 0.1}} 
09-13 14:35 DEBUG    ****** PDM_KL matching ******** 
09-13 14:35 DEBUG    Best Sigma0: 0.5. Best sigma: 1 Best gamma: 10. Best Test accuracy: 0.1. Train acc: 0.1. 

09-13 14:35 DEBUG    PDM_KL log: {(0.5, 1, 10): {'shapes': [(3072, 700), (700,), (700, 10), (10,)], 'train_accuracy': 0.1, 'test_accuracy': 0.1}} 
09-13 14:35 DEBUG    Trial 3 completed
09-13 14:35 DEBUG    ####################################################################################################
09-13 14:35 DEBUG    ####################################################################################################
09-13 14:35 DEBUG    Executing Trial 4 with seed 4
09-13 14:35 DEBUG    Data statistics: {0: {0: 493, 1: 510, 2: 503, 3: 481, 4: 493, 5: 486, 6: 511, 7: 523, 8: 478, 9: 522}, 1: {0: 540, 1: 517, 2: 471, 3: 504, 4: 472, 5: 518, 6: 509, 7: 490, 8: 482, 9: 497}, 2: {0: 488, 1: 490, 2: 482, 3: 472, 4: 540, 5: 512, 6: 512, 7: 501, 8: 519, 9: 484}, 3: {0: 532, 1: 502, 2: 528, 3: 484, 4: 490, 5: 477, 6: 569, 7: 488, 8: 466, 9: 464}, 4: {0: 475, 1: 525, 2: 514, 3: 524, 4: 516, 5: 509, 6: 467, 7: 494, 8: 487, 9: 489}, 5: {0: 512, 1: 476, 2: 518, 3: 534, 4: 464, 5: 516, 6: 458, 7: 488, 8: 538, 9: 496}, 6: {0: 471, 1: 503, 2: 487, 3: 516, 4: 493, 5: 509, 6: 500, 7: 508, 8: 497, 9: 516}, 7: {0: 518, 1: 472, 2: 488, 3: 487, 4: 525, 5: 494, 6: 479, 7: 506, 8: 501, 9: 530}, 8: {0: 494, 1: 497, 2: 489, 3: 491, 4: 514, 5: 507, 6: 476, 7: 519, 8: 524, 9: 489}, 9: {0: 477, 1: 508, 2: 520, 3: 507, 4: 493, 5: 472, 6: 519, 7: 483, 8: 508, 9: 513}}
09-13 14:39 DEBUG    **************************************************
09-13 14:39 DEBUG    Running experiments 

09-13 14:40 DEBUG    Uniform ensemble (Train acc): 0.238360
09-13 14:40 DEBUG    Uniform ensemble (Test acc): 0.233800
09-13 14:40 DEBUG    FedAvg (Train acc): 0.100000
09-13 14:40 DEBUG    FedAvg (Test acc): 0.100000
09-13 14:51 DEBUG    ****** PDM_KL matching ******** 
09-13 14:51 DEBUG    Best Sigma0: 0.5. Best sigma: 1 Best gamma: 10. Best Test accuracy: 0.2248. Train acc: 0.22758. 

09-13 14:51 DEBUG    PDM_KL log: {(0.5, 1, 10): {'shapes': [(3072, 259), (259,), (259, 10), (10,)], 'train_accuracy': 0.22758, 'test_accuracy': 0.2248}} 
09-13 15:10 DEBUG    ****** PDM_KL matching ******** 
09-13 15:10 DEBUG    Best Sigma0: 0.5. Best sigma: 1 Best gamma: 10. Best Test accuracy: 0.2248. Train acc: 0.22758. 

09-13 15:10 DEBUG    PDM_KL log: {(0.5, 1, 10): {'shapes': [(3072, 255), (255,), (255, 10), (10,)], 'train_accuracy': 0.22758, 'test_accuracy': 0.2248}} 
09-13 15:35 DEBUG    ****** PDM_KL matching ******** 
09-13 15:35 DEBUG    Best Sigma0: 0.5. Best sigma: 1 Best gamma: 10. Best Test accuracy: 0.2248. Train acc: 0.22758. 

09-13 15:35 DEBUG    PDM_KL log: {(0.5, 1, 10): {'shapes': [(3072, 253), (253,), (253, 10), (10,)], 'train_accuracy': 0.22758, 'test_accuracy': 0.2248}} 
09-13 15:55 DEBUG    ****** PDM_KL matching ******** 
09-13 15:55 DEBUG    Best Sigma0: 0.5. Best sigma: 1 Best gamma: 10. Best Test accuracy: 0.2248. Train acc: 0.22758. 

09-13 15:55 DEBUG    PDM_KL log: {(0.5, 1, 10): {'shapes': [(3072, 249), (249,), (249, 10), (10,)], 'train_accuracy': 0.22758, 'test_accuracy': 0.2248}} 
09-13 16:18 DEBUG    ****** PDM_KL matching ******** 
09-13 16:18 DEBUG    Best Sigma0: 0.5. Best sigma: 1 Best gamma: 10. Best Test accuracy: 0.2248. Train acc: 0.22758. 

09-13 16:18 DEBUG    PDM_KL log: {(0.5, 1, 10): {'shapes': [(3072, 254), (254,), (254, 10), (10,)], 'train_accuracy': 0.22758, 'test_accuracy': 0.2248}} 
09-13 16:41 DEBUG    ****** PDM_KL matching ******** 
09-13 16:41 DEBUG    Best Sigma0: 0.5. Best sigma: 1 Best gamma: 10. Best Test accuracy: 0.2247. Train acc: 0.2276. 

09-13 16:41 DEBUG    PDM_KL log: {(0.5, 1, 10): {'shapes': [(3072, 267), (267,), (267, 10), (10,)], 'train_accuracy': 0.2276, 'test_accuracy': 0.2247}} 
09-13 17:06 DEBUG    ****** PDM_KL matching ******** 
09-13 17:06 DEBUG    Best Sigma0: 0.5. Best sigma: 1 Best gamma: 10. Best Test accuracy: 0.2248. Train acc: 0.22758. 

09-13 17:06 DEBUG    PDM_KL log: {(0.5, 1, 10): {'shapes': [(3072, 335), (335,), (335, 10), (10,)], 'train_accuracy': 0.22758, 'test_accuracy': 0.2248}} 
09-13 17:44 DEBUG    ****** PDM_KL matching ******** 
09-13 17:44 DEBUG    Best Sigma0: 0.5. Best sigma: 1 Best gamma: 10. Best Test accuracy: 0.2327. Train acc: 0.23338. 

09-13 17:44 DEBUG    PDM_KL log: {(0.5, 1, 10): {'shapes': [(3072, 567), (567,), (567, 10), (10,)], 'train_accuracy': 0.23338, 'test_accuracy': 0.2327}} 
09-13 18:32 DEBUG    ****** PDM_KL matching ******** 
09-13 18:32 DEBUG    Best Sigma0: 0.5. Best sigma: 1 Best gamma: 10. Best Test accuracy: 0.2326. Train acc: 0.23336. 

09-13 18:32 DEBUG    PDM_KL log: {(0.5, 1, 10): {'shapes': [(3072, 687), (687,), (687, 10), (10,)], 'train_accuracy': 0.23336, 'test_accuracy': 0.2326}} 
09-13 19:17 DEBUG    ****** PDM_KL matching ******** 
09-13 19:17 DEBUG    Best Sigma0: 0.5. Best sigma: 1 Best gamma: 10. Best Test accuracy: 0.1. Train acc: 0.1. 

09-13 19:17 DEBUG    PDM_KL log: {(0.5, 1, 10): {'shapes': [(3072, 700), (700,), (700, 10), (10,)], 'train_accuracy': 0.1, 'test_accuracy': 0.1}} 
09-13 20:04 DEBUG    ****** PDM_KL matching ******** 
09-13 20:04 DEBUG    Best Sigma0: 0.5. Best sigma: 1 Best gamma: 10. Best Test accuracy: 0.1. Train acc: 0.1. 

09-13 20:04 DEBUG    PDM_KL log: {(0.5, 1, 10): {'shapes': [(3072, 700), (700,), (700, 10), (10,)], 'train_accuracy': 0.1, 'test_accuracy': 0.1}} 
09-13 20:04 DEBUG    Trial 4 completed
09-13 20:04 DEBUG    ####################################################################################################
09-13 20:04 DEBUG    ####################################################################################################
09-13 20:04 DEBUG    Executing Trial 5 with seed 5
09-13 20:04 DEBUG    Data statistics: {0: {0: 506, 1: 481, 2: 527, 3: 510, 4: 480, 5: 503, 6: 521, 7: 490, 8: 497, 9: 485}, 1: {0: 490, 1: 480, 2: 474, 3: 544, 4: 490, 5: 515, 6: 471, 7: 492, 8: 512, 9: 532}, 2: {0: 505, 1: 512, 2: 489, 3: 508, 4: 493, 5: 500, 6: 500, 7: 467, 8: 510, 9: 516}, 3: {0: 470, 1: 509, 2: 507, 3: 490, 4: 510, 5: 485, 6: 495, 7: 537, 8: 511, 9: 486}, 4: {0: 521, 1: 509, 2: 461, 3: 504, 4: 533, 5: 475, 6: 501, 7: 516, 8: 493, 9: 487}, 5: {0: 553, 1: 501, 2: 514, 3: 461, 4: 516, 5: 522, 6: 476, 7: 508, 8: 473, 9: 476}, 6: {0: 515, 1: 505, 2: 504, 3: 477, 4: 491, 5: 503, 6: 506, 7: 485, 8: 477, 9: 537}, 7: {0: 479, 1: 494, 2: 525, 3: 488, 4: 488, 5: 504, 6: 543, 7: 509, 8: 506, 9: 464}, 8: {0: 450, 1: 502, 2: 468, 3: 521, 4: 484, 5: 508, 6: 509, 7: 513, 8: 528, 9: 517}, 9: {0: 511, 1: 507, 2: 531, 3: 497, 4: 515, 5: 485, 6: 478, 7: 483, 8: 493, 9: 500}}
09-13 20:07 DEBUG    **************************************************
09-13 20:07 DEBUG    Running experiments 

09-13 20:08 DEBUG    Uniform ensemble (Train acc): 0.224000
09-13 20:08 DEBUG    Uniform ensemble (Test acc): 0.222400
09-13 20:09 DEBUG    FedAvg (Train acc): 0.100000
09-13 20:09 DEBUG    FedAvg (Test acc): 0.100000
09-13 20:18 DEBUG    ****** PDM_KL matching ******** 
09-13 20:18 DEBUG    Best Sigma0: 0.5. Best sigma: 1 Best gamma: 10. Best Test accuracy: 0.197. Train acc: 0.19932. 

09-13 20:18 DEBUG    PDM_KL log: {(0.5, 1, 10): {'shapes': [(3072, 274), (274,), (274, 10), (10,)], 'train_accuracy': 0.19932, 'test_accuracy': 0.197}} 
09-13 20:39 DEBUG    ****** PDM_KL matching ******** 
09-13 20:39 DEBUG    Best Sigma0: 0.5. Best sigma: 1 Best gamma: 10. Best Test accuracy: 0.197. Train acc: 0.19932. 

09-13 20:39 DEBUG    PDM_KL log: {(0.5, 1, 10): {'shapes': [(3072, 274), (274,), (274, 10), (10,)], 'train_accuracy': 0.19932, 'test_accuracy': 0.197}} 
09-13 21:02 DEBUG    ****** PDM_KL matching ******** 
09-13 21:02 DEBUG    Best Sigma0: 0.5. Best sigma: 1 Best gamma: 10. Best Test accuracy: 0.197. Train acc: 0.1993. 

09-13 21:02 DEBUG    PDM_KL log: {(0.5, 1, 10): {'shapes': [(3072, 276), (276,), (276, 10), (10,)], 'train_accuracy': 0.1993, 'test_accuracy': 0.197}} 
09-13 21:26 DEBUG    ****** PDM_KL matching ******** 
09-13 21:26 DEBUG    Best Sigma0: 0.5. Best sigma: 1 Best gamma: 10. Best Test accuracy: 0.197. Train acc: 0.1993. 

09-13 21:26 DEBUG    PDM_KL log: {(0.5, 1, 10): {'shapes': [(3072, 281), (281,), (281, 10), (10,)], 'train_accuracy': 0.1993, 'test_accuracy': 0.197}} 
09-13 21:50 DEBUG    ****** PDM_KL matching ******** 
09-13 21:50 DEBUG    Best Sigma0: 0.5. Best sigma: 1 Best gamma: 10. Best Test accuracy: 0.197. Train acc: 0.1993. 

09-13 21:50 DEBUG    PDM_KL log: {(0.5, 1, 10): {'shapes': [(3072, 281), (281,), (281, 10), (10,)], 'train_accuracy': 0.1993, 'test_accuracy': 0.197}} 
09-13 22:13 DEBUG    ****** PDM_KL matching ******** 
09-13 22:13 DEBUG    Best Sigma0: 0.5. Best sigma: 1 Best gamma: 10. Best Test accuracy: 0.197. Train acc: 0.1993. 

09-13 22:13 DEBUG    PDM_KL log: {(0.5, 1, 10): {'shapes': [(3072, 284), (284,), (284, 10), (10,)], 'train_accuracy': 0.1993, 'test_accuracy': 0.197}} 
09-13 22:39 DEBUG    ****** PDM_KL matching ******** 
09-13 22:39 DEBUG    Best Sigma0: 0.5. Best sigma: 1 Best gamma: 10. Best Test accuracy: 0.197. Train acc: 0.1993. 

09-13 22:39 DEBUG    PDM_KL log: {(0.5, 1, 10): {'shapes': [(3072, 343), (343,), (343, 10), (10,)], 'train_accuracy': 0.1993, 'test_accuracy': 0.197}} 
09-13 23:18 DEBUG    ****** PDM_KL matching ******** 
09-13 23:18 DEBUG    Best Sigma0: 0.5. Best sigma: 1 Best gamma: 10. Best Test accuracy: 0.2009. Train acc: 0.20284. 

09-13 23:18 DEBUG    PDM_KL log: {(0.5, 1, 10): {'shapes': [(3072, 581), (581,), (581, 10), (10,)], 'train_accuracy': 0.20284, 'test_accuracy': 0.2009}} 
09-14 00:04 DEBUG    ****** PDM_KL matching ******** 
09-14 00:04 DEBUG    Best Sigma0: 0.5. Best sigma: 1 Best gamma: 10. Best Test accuracy: 0.2008. Train acc: 0.20282. 

09-14 00:04 DEBUG    PDM_KL log: {(0.5, 1, 10): {'shapes': [(3072, 700), (700,), (700, 10), (10,)], 'train_accuracy': 0.20282, 'test_accuracy': 0.2008}} 
09-14 00:54 DEBUG    ****** PDM_KL matching ******** 
09-14 00:54 DEBUG    Best Sigma0: 0.5. Best sigma: 1 Best gamma: 10. Best Test accuracy: 0.1. Train acc: 0.09998. 

09-14 00:54 DEBUG    PDM_KL log: {(0.5, 1, 10): {'shapes': [(3072, 700), (700,), (700, 10), (10,)], 'train_accuracy': 0.09998, 'test_accuracy': 0.1}} 
09-14 01:39 DEBUG    ****** PDM_KL matching ******** 
09-14 01:39 DEBUG    Best Sigma0: 0.5. Best sigma: 1 Best gamma: 10. Best Test accuracy: 0.1. Train acc: 0.09998. 

09-14 01:39 DEBUG    PDM_KL log: {(0.5, 1, 10): {'shapes': [(3072, 700), (700,), (700, 10), (10,)], 'train_accuracy': 0.09998, 'test_accuracy': 0.1}} 
09-14 01:39 DEBUG    Trial 5 completed
09-14 01:39 DEBUG    ####################################################################################################
09-14 01:39 DEBUG    ####################################################################################################
09-14 01:39 DEBUG    Executing Trial 6 with seed 6
09-14 01:40 DEBUG    Data statistics: {0: {0: 525, 1: 492, 2: 476, 3: 486, 4: 508, 5: 495, 6: 524, 7: 481, 8: 510, 9: 503}, 1: {0: 492, 1: 515, 2: 471, 3: 507, 4: 523, 5: 503, 6: 486, 7: 482, 8: 510, 9: 511}, 2: {0: 513, 1: 485, 2: 481, 3: 511, 4: 480, 5: 511, 6: 512, 7: 479, 8: 516, 9: 512}, 3: {0: 467, 1: 473, 2: 526, 3: 496, 4: 514, 5: 514, 6: 469, 7: 513, 8: 520, 9: 508}, 4: {0: 500, 1: 492, 2: 499, 3: 519, 4: 534, 5: 460, 6: 525, 7: 485, 8: 514, 9: 472}, 5: {0: 508, 1: 492, 2: 507, 3: 512, 4: 466, 5: 513, 6: 523, 7: 492, 8: 494, 9: 493}, 6: {0: 468, 1: 508, 2: 533, 3: 506, 4: 439, 5: 510, 6: 510, 7: 519, 8: 501, 9: 506}, 7: {0: 540, 1: 511, 2: 499, 3: 452, 4: 508, 5: 501, 6: 464, 7: 529, 8: 474, 9: 522}, 8: {0: 497, 1: 497, 2: 496, 3: 517, 4: 511, 5: 497, 6: 493, 7: 509, 8: 497, 9: 486}, 9: {0: 490, 1: 535, 2: 512, 3: 494, 4: 517, 5: 496, 6: 494, 7: 511, 8: 464, 9: 487}}
09-14 01:43 DEBUG    **************************************************
09-14 01:43 DEBUG    Running experiments 

09-14 01:44 DEBUG    Uniform ensemble (Train acc): 0.234180
09-14 01:44 DEBUG    Uniform ensemble (Test acc): 0.234000
09-14 01:45 DEBUG    FedAvg (Train acc): 0.100000
09-14 01:45 DEBUG    FedAvg (Test acc): 0.100000
09-14 01:55 DEBUG    ****** PDM_KL matching ******** 
09-14 01:55 DEBUG    Best Sigma0: 0.5. Best sigma: 1 Best gamma: 10. Best Test accuracy: 0.2107. Train acc: 0.21056. 

09-14 01:55 DEBUG    PDM_KL log: {(0.5, 1, 10): {'shapes': [(3072, 253), (253,), (253, 10), (10,)], 'train_accuracy': 0.21056, 'test_accuracy': 0.2107}} 
09-14 02:14 DEBUG    ****** PDM_KL matching ******** 
09-14 02:14 DEBUG    Best Sigma0: 0.5. Best sigma: 1 Best gamma: 10. Best Test accuracy: 0.2107. Train acc: 0.21054. 

09-14 02:14 DEBUG    PDM_KL log: {(0.5, 1, 10): {'shapes': [(3072, 258), (258,), (258, 10), (10,)], 'train_accuracy': 0.21054, 'test_accuracy': 0.2107}} 
09-14 02:36 DEBUG    ****** PDM_KL matching ******** 
09-14 02:36 DEBUG    Best Sigma0: 0.5. Best sigma: 1 Best gamma: 10. Best Test accuracy: 0.2107. Train acc: 0.21056. 

09-14 02:36 DEBUG    PDM_KL log: {(0.5, 1, 10): {'shapes': [(3072, 257), (257,), (257, 10), (10,)], 'train_accuracy': 0.21056, 'test_accuracy': 0.2107}} 
09-14 02:59 DEBUG    ****** PDM_KL matching ******** 
09-14 02:59 DEBUG    Best Sigma0: 0.5. Best sigma: 1 Best gamma: 10. Best Test accuracy: 0.2107. Train acc: 0.21056. 

09-14 02:59 DEBUG    PDM_KL log: {(0.5, 1, 10): {'shapes': [(3072, 258), (258,), (258, 10), (10,)], 'train_accuracy': 0.21056, 'test_accuracy': 0.2107}} 
09-14 03:18 DEBUG    ****** PDM_KL matching ******** 
09-14 03:18 DEBUG    Best Sigma0: 0.5. Best sigma: 1 Best gamma: 10. Best Test accuracy: 0.2107. Train acc: 0.21054. 

09-14 03:18 DEBUG    PDM_KL log: {(0.5, 1, 10): {'shapes': [(3072, 254), (254,), (254, 10), (10,)], 'train_accuracy': 0.21054, 'test_accuracy': 0.2107}} 
09-14 03:40 DEBUG    ****** PDM_KL matching ******** 
09-14 03:40 DEBUG    Best Sigma0: 0.5. Best sigma: 1 Best gamma: 10. Best Test accuracy: 0.2107. Train acc: 0.21056. 

09-14 03:40 DEBUG    PDM_KL log: {(0.5, 1, 10): {'shapes': [(3072, 259), (259,), (259, 10), (10,)], 'train_accuracy': 0.21056, 'test_accuracy': 0.2107}} 
09-14 04:04 DEBUG    ****** PDM_KL matching ******** 
09-14 04:04 DEBUG    Best Sigma0: 0.5. Best sigma: 1 Best gamma: 10. Best Test accuracy: 0.2107. Train acc: 0.21066. 

09-14 04:04 DEBUG    PDM_KL log: {(0.5, 1, 10): {'shapes': [(3072, 316), (316,), (316, 10), (10,)], 'train_accuracy': 0.21066, 'test_accuracy': 0.2107}} 
09-14 04:45 DEBUG    ****** PDM_KL matching ******** 
09-14 04:45 DEBUG    Best Sigma0: 0.5. Best sigma: 1 Best gamma: 10. Best Test accuracy: 0.2129. Train acc: 0.21208. 

09-14 04:45 DEBUG    PDM_KL log: {(0.5, 1, 10): {'shapes': [(3072, 562), (562,), (562, 10), (10,)], 'train_accuracy': 0.21208, 'test_accuracy': 0.2129}} 
09-14 05:30 DEBUG    ****** PDM_KL matching ******** 
09-14 05:30 DEBUG    Best Sigma0: 0.5. Best sigma: 1 Best gamma: 10. Best Test accuracy: 0.2129. Train acc: 0.21208. 

09-14 05:30 DEBUG    PDM_KL log: {(0.5, 1, 10): {'shapes': [(3072, 700), (700,), (700, 10), (10,)], 'train_accuracy': 0.21208, 'test_accuracy': 0.2129}} 
09-14 06:16 DEBUG    ****** PDM_KL matching ******** 
09-14 06:16 DEBUG    Best Sigma0: 0.5. Best sigma: 1 Best gamma: 10. Best Test accuracy: 0.1. Train acc: 0.10004. 

09-14 06:16 DEBUG    PDM_KL log: {(0.5, 1, 10): {'shapes': [(3072, 700), (700,), (700, 10), (10,)], 'train_accuracy': 0.10004, 'test_accuracy': 0.1}} 
09-14 07:03 DEBUG    ****** PDM_KL matching ******** 
09-14 07:03 DEBUG    Best Sigma0: 0.5. Best sigma: 1 Best gamma: 10. Best Test accuracy: 0.1. Train acc: 0.1. 

09-14 07:03 DEBUG    PDM_KL log: {(0.5, 1, 10): {'shapes': [(3072, 700), (700,), (700, 10), (10,)], 'train_accuracy': 0.1, 'test_accuracy': 0.1}} 
09-14 07:03 DEBUG    Trial 6 completed
09-14 07:03 DEBUG    ####################################################################################################
09-14 07:03 DEBUG    ####################################################################################################
09-14 07:03 DEBUG    Executing Trial 7 with seed 7
09-14 07:03 DEBUG    Data statistics: {0: {0: 482, 1: 521, 2: 535, 3: 522, 4: 467, 5: 501, 6: 526, 7: 471, 8: 489, 9: 486}, 1: {0: 527, 1: 478, 2: 478, 3: 525, 4: 507, 5: 463, 6: 507, 7: 499, 8: 520, 9: 496}, 2: {0: 489, 1: 470, 2: 493, 3: 474, 4: 505, 5: 539, 6: 476, 7: 516, 8: 519, 9: 519}, 3: {0: 489, 1: 489, 2: 485, 3: 519, 4: 474, 5: 505, 6: 483, 7: 517, 8: 515, 9: 524}, 4: {0: 516, 1: 492, 2: 514, 3: 501, 4: 490, 5: 513, 6: 497, 7: 486, 8: 500, 9: 491}, 5: {0: 507, 1: 511, 2: 508, 3: 489, 4: 512, 5: 491, 6: 462, 7: 498, 8: 503, 9: 519}, 6: {0: 487, 1: 497, 2: 481, 3: 477, 4: 494, 5: 531, 6: 534, 7: 484, 8: 539, 9: 476}, 7: {0: 512, 1: 497, 2: 493, 3: 496, 4: 537, 5: 462, 6: 510, 7: 562, 8: 460, 9: 471}, 8: {0: 527, 1: 536, 2: 509, 3: 474, 4: 504, 5: 500, 6: 486, 7: 464, 8: 468, 9: 532}, 9: {0: 464, 1: 509, 2: 504, 3: 523, 4: 510, 5: 495, 6: 519, 7: 503, 8: 487, 9: 486}}
09-14 07:07 DEBUG    **************************************************
09-14 07:07 DEBUG    Running experiments 

09-14 07:07 DEBUG    Uniform ensemble (Train acc): 0.186020
09-14 07:07 DEBUG    Uniform ensemble (Test acc): 0.182600
09-14 07:08 DEBUG    FedAvg (Train acc): 0.100000
09-14 07:08 DEBUG    FedAvg (Test acc): 0.100000
09-14 07:19 DEBUG    ****** PDM_KL matching ******** 
09-14 07:19 DEBUG    Best Sigma0: 0.5. Best sigma: 1 Best gamma: 10. Best Test accuracy: 0.1853. Train acc: 0.18448. 

09-14 07:19 DEBUG    PDM_KL log: {(0.5, 1, 10): {'shapes': [(3072, 263), (263,), (263, 10), (10,)], 'train_accuracy': 0.18448, 'test_accuracy': 0.1853}} 
09-14 07:40 DEBUG    ****** PDM_KL matching ******** 
09-14 07:40 DEBUG    Best Sigma0: 0.5. Best sigma: 1 Best gamma: 10. Best Test accuracy: 0.1853. Train acc: 0.18448. 

09-14 07:40 DEBUG    PDM_KL log: {(0.5, 1, 10): {'shapes': [(3072, 266), (266,), (266, 10), (10,)], 'train_accuracy': 0.18448, 'test_accuracy': 0.1853}} 
09-14 08:02 DEBUG    ****** PDM_KL matching ******** 
09-14 08:02 DEBUG    Best Sigma0: 0.5. Best sigma: 1 Best gamma: 10. Best Test accuracy: 0.1853. Train acc: 0.18448. 

09-14 08:02 DEBUG    PDM_KL log: {(0.5, 1, 10): {'shapes': [(3072, 266), (266,), (266, 10), (10,)], 'train_accuracy': 0.18448, 'test_accuracy': 0.1853}} 
09-14 08:25 DEBUG    ****** PDM_KL matching ******** 
09-14 08:25 DEBUG    Best Sigma0: 0.5. Best sigma: 1 Best gamma: 10. Best Test accuracy: 0.1853. Train acc: 0.18448. 

09-14 08:25 DEBUG    PDM_KL log: {(0.5, 1, 10): {'shapes': [(3072, 271), (271,), (271, 10), (10,)], 'train_accuracy': 0.18448, 'test_accuracy': 0.1853}} 
09-14 08:47 DEBUG    ****** PDM_KL matching ******** 
09-14 08:47 DEBUG    Best Sigma0: 0.5. Best sigma: 1 Best gamma: 10. Best Test accuracy: 0.1853. Train acc: 0.18448. 

09-14 08:47 DEBUG    PDM_KL log: {(0.5, 1, 10): {'shapes': [(3072, 269), (269,), (269, 10), (10,)], 'train_accuracy': 0.18448, 'test_accuracy': 0.1853}} 
09-14 09:09 DEBUG    ****** PDM_KL matching ******** 
09-14 09:09 DEBUG    Best Sigma0: 0.5. Best sigma: 1 Best gamma: 10. Best Test accuracy: 0.1853. Train acc: 0.18448. 

09-14 09:09 DEBUG    PDM_KL log: {(0.5, 1, 10): {'shapes': [(3072, 275), (275,), (275, 10), (10,)], 'train_accuracy': 0.18448, 'test_accuracy': 0.1853}} 
09-14 09:37 DEBUG    ****** PDM_KL matching ******** 
09-14 09:37 DEBUG    Best Sigma0: 0.5. Best sigma: 1 Best gamma: 10. Best Test accuracy: 0.1917. Train acc: 0.19178. 

09-14 09:37 DEBUG    PDM_KL log: {(0.5, 1, 10): {'shapes': [(3072, 343), (343,), (343, 10), (10,)], 'train_accuracy': 0.19178, 'test_accuracy': 0.1917}} 
09-14 10:15 DEBUG    ****** PDM_KL matching ******** 
09-14 10:15 DEBUG    Best Sigma0: 0.5. Best sigma: 1 Best gamma: 10. Best Test accuracy: 0.1827. Train acc: 0.18604. 

09-14 10:15 DEBUG    PDM_KL log: {(0.5, 1, 10): {'shapes': [(3072, 571), (571,), (571, 10), (10,)], 'train_accuracy': 0.18604, 'test_accuracy': 0.1827}} 
09-14 11:00 DEBUG    ****** PDM_KL matching ******** 
09-14 11:00 DEBUG    Best Sigma0: 0.5. Best sigma: 1 Best gamma: 10. Best Test accuracy: 0.1827. Train acc: 0.18578. 

09-14 11:00 DEBUG    PDM_KL log: {(0.5, 1, 10): {'shapes': [(3072, 673), (673,), (673, 10), (10,)], 'train_accuracy': 0.18578, 'test_accuracy': 0.1827}} 
09-14 11:44 DEBUG    ****** PDM_KL matching ******** 
09-14 11:44 DEBUG    Best Sigma0: 0.5. Best sigma: 1 Best gamma: 10. Best Test accuracy: 0.1. Train acc: 0.1. 

09-14 11:44 DEBUG    PDM_KL log: {(0.5, 1, 10): {'shapes': [(3072, 700), (700,), (700, 10), (10,)], 'train_accuracy': 0.1, 'test_accuracy': 0.1}} 
09-14 12:28 DEBUG    ****** PDM_KL matching ******** 
09-14 12:28 DEBUG    Best Sigma0: 0.5. Best sigma: 1 Best gamma: 10. Best Test accuracy: 0.1. Train acc: 0.1. 

09-14 12:28 DEBUG    PDM_KL log: {(0.5, 1, 10): {'shapes': [(3072, 700), (700,), (700, 10), (10,)], 'train_accuracy': 0.1, 'test_accuracy': 0.1}} 
09-14 12:28 DEBUG    Trial 7 completed
09-14 12:28 DEBUG    ####################################################################################################
09-14 12:28 DEBUG    ####################################################################################################
09-14 12:28 DEBUG    Executing Trial 8 with seed 8
09-14 12:29 DEBUG    Data statistics: {0: {0: 518, 1: 496, 2: 490, 3: 514, 4: 513, 5: 507, 6: 510, 7: 462, 8: 461, 9: 529}, 1: {0: 522, 1: 510, 2: 503, 3: 490, 4: 501, 5: 481, 6: 522, 7: 496, 8: 471, 9: 504}, 2: {0: 475, 1: 498, 2: 474, 3: 476, 4: 493, 5: 531, 6: 504, 7: 508, 8: 526, 9: 515}, 3: {0: 491, 1: 516, 2: 505, 3: 501, 4: 508, 5: 499, 6: 480, 7: 486, 8: 519, 9: 495}, 4: {0: 501, 1: 463, 2: 496, 3: 496, 4: 519, 5: 487, 6: 482, 7: 543, 8: 536, 9: 477}, 5: {0: 475, 1: 502, 2: 493, 3: 483, 4: 512, 5: 511, 6: 521, 7: 468, 8: 501, 9: 534}, 6: {0: 492, 1: 517, 2: 530, 3: 502, 4: 509, 5: 480, 6: 493, 7: 488, 8: 499, 9: 490}, 7: {0: 486, 1: 501, 2: 518, 3: 524, 4: 484, 5: 491, 6: 489, 7: 507, 8: 530, 9: 470}, 8: {0: 509, 1: 511, 2: 467, 3: 503, 4: 495, 5: 509, 6: 513, 7: 516, 8: 465, 9: 512}, 9: {0: 531, 1: 486, 2: 524, 3: 511, 4: 466, 5: 504, 6: 486, 7: 526, 8: 492, 9: 474}}
09-14 12:33 DEBUG    **************************************************
09-14 12:33 DEBUG    Running experiments 

09-14 12:34 DEBUG    Uniform ensemble (Train acc): 0.258780
09-14 12:34 DEBUG    Uniform ensemble (Test acc): 0.255400
09-14 12:34 DEBUG    FedAvg (Train acc): 0.100000
09-14 12:34 DEBUG    FedAvg (Test acc): 0.100000
09-14 12:44 DEBUG    ****** PDM_KL matching ******** 
09-14 12:44 DEBUG    Best Sigma0: 0.5. Best sigma: 1 Best gamma: 10. Best Test accuracy: 0.2247. Train acc: 0.22806. 

09-14 12:44 DEBUG    PDM_KL log: {(0.5, 1, 10): {'shapes': [(3072, 265), (265,), (265, 10), (10,)], 'train_accuracy': 0.22806, 'test_accuracy': 0.2247}} 
09-14 13:08 DEBUG    ****** PDM_KL matching ******** 
09-14 13:08 DEBUG    Best Sigma0: 0.5. Best sigma: 1 Best gamma: 10. Best Test accuracy: 0.2247. Train acc: 0.22806. 

09-14 13:08 DEBUG    PDM_KL log: {(0.5, 1, 10): {'shapes': [(3072, 266), (266,), (266, 10), (10,)], 'train_accuracy': 0.22806, 'test_accuracy': 0.2247}} 
09-14 13:29 DEBUG    ****** PDM_KL matching ******** 
09-14 13:29 DEBUG    Best Sigma0: 0.5. Best sigma: 1 Best gamma: 10. Best Test accuracy: 0.2247. Train acc: 0.22806. 

09-14 13:29 DEBUG    PDM_KL log: {(0.5, 1, 10): {'shapes': [(3072, 268), (268,), (268, 10), (10,)], 'train_accuracy': 0.22806, 'test_accuracy': 0.2247}} 
09-14 13:52 DEBUG    ****** PDM_KL matching ******** 
09-14 13:52 DEBUG    Best Sigma0: 0.5. Best sigma: 1 Best gamma: 10. Best Test accuracy: 0.2247. Train acc: 0.22806. 

09-14 13:52 DEBUG    PDM_KL log: {(0.5, 1, 10): {'shapes': [(3072, 268), (268,), (268, 10), (10,)], 'train_accuracy': 0.22806, 'test_accuracy': 0.2247}} 
09-14 14:13 DEBUG    ****** PDM_KL matching ******** 
09-14 14:13 DEBUG    Best Sigma0: 0.5. Best sigma: 1 Best gamma: 10. Best Test accuracy: 0.2247. Train acc: 0.22806. 

09-14 14:13 DEBUG    PDM_KL log: {(0.5, 1, 10): {'shapes': [(3072, 270), (270,), (270, 10), (10,)], 'train_accuracy': 0.22806, 'test_accuracy': 0.2247}} 
09-14 14:36 DEBUG    ****** PDM_KL matching ******** 
09-14 14:36 DEBUG    Best Sigma0: 0.5. Best sigma: 1 Best gamma: 10. Best Test accuracy: 0.2247. Train acc: 0.22806. 

09-14 14:36 DEBUG    PDM_KL log: {(0.5, 1, 10): {'shapes': [(3072, 278), (278,), (278, 10), (10,)], 'train_accuracy': 0.22806, 'test_accuracy': 0.2247}} 
09-14 15:02 DEBUG    ****** PDM_KL matching ******** 
09-14 15:02 DEBUG    Best Sigma0: 0.5. Best sigma: 1 Best gamma: 10. Best Test accuracy: 0.2247. Train acc: 0.22806. 

09-14 15:02 DEBUG    PDM_KL log: {(0.5, 1, 10): {'shapes': [(3072, 329), (329,), (329, 10), (10,)], 'train_accuracy': 0.22806, 'test_accuracy': 0.2247}} 
09-14 15:40 DEBUG    ****** PDM_KL matching ******** 
09-14 15:40 DEBUG    Best Sigma0: 0.5. Best sigma: 1 Best gamma: 10. Best Test accuracy: 0.2267. Train acc: 0.22766. 

09-14 15:40 DEBUG    PDM_KL log: {(0.5, 1, 10): {'shapes': [(3072, 565), (565,), (565, 10), (10,)], 'train_accuracy': 0.22766, 'test_accuracy': 0.2267}} 
09-14 16:27 DEBUG    ****** PDM_KL matching ******** 
09-14 16:27 DEBUG    Best Sigma0: 0.5. Best sigma: 1 Best gamma: 10. Best Test accuracy: 0.2267. Train acc: 0.22766. 

09-14 16:27 DEBUG    PDM_KL log: {(0.5, 1, 10): {'shapes': [(3072, 690), (690,), (690, 10), (10,)], 'train_accuracy': 0.22766, 'test_accuracy': 0.2267}} 
09-14 17:09 DEBUG    ****** PDM_KL matching ******** 
09-14 17:09 DEBUG    Best Sigma0: 0.5. Best sigma: 1 Best gamma: 10. Best Test accuracy: 0.1. Train acc: 0.1. 

09-14 17:09 DEBUG    PDM_KL log: {(0.5, 1, 10): {'shapes': [(3072, 700), (700,), (700, 10), (10,)], 'train_accuracy': 0.1, 'test_accuracy': 0.1}} 
09-14 17:54 DEBUG    ****** PDM_KL matching ******** 
09-14 17:54 DEBUG    Best Sigma0: 0.5. Best sigma: 1 Best gamma: 10. Best Test accuracy: 0.1. Train acc: 0.1. 

09-14 17:54 DEBUG    PDM_KL log: {(0.5, 1, 10): {'shapes': [(3072, 700), (700,), (700, 10), (10,)], 'train_accuracy': 0.1, 'test_accuracy': 0.1}} 
09-14 17:54 DEBUG    Trial 8 completed
09-14 17:54 DEBUG    ####################################################################################################
09-14 17:54 DEBUG    ####################################################################################################
09-14 17:54 DEBUG    Executing Trial 9 with seed 9
09-14 17:54 DEBUG    Data statistics: {0: {0: 490, 1: 482, 2: 496, 3: 501, 4: 516, 5: 513, 6: 508, 7: 486, 8: 504, 9: 504}, 1: {0: 513, 1: 502, 2: 507, 3: 476, 4: 496, 5: 476, 6: 494, 7: 502, 8: 507, 9: 527}, 2: {0: 522, 1: 476, 2: 517, 3: 485, 4: 499, 5: 500, 6: 520, 7: 481, 8: 499, 9: 501}, 3: {0: 496, 1: 502, 2: 519, 3: 490, 4: 472, 5: 502, 6: 500, 7: 536, 8: 496, 9: 487}, 4: {0: 507, 1: 522, 2: 514, 3: 506, 4: 531, 5: 481, 6: 497, 7: 507, 8: 465, 9: 470}, 5: {0: 497, 1: 510, 2: 499, 3: 467, 4: 539, 5: 520, 6: 494, 7: 468, 8: 484, 9: 522}, 6: {0: 478, 1: 569, 2: 478, 3: 535, 4: 485, 5: 492, 6: 487, 7: 498, 8: 510, 9: 468}, 7: {0: 486, 1: 459, 2: 494, 3: 516, 4: 492, 5: 497, 6: 510, 7: 517, 8: 524, 9: 505}, 8: {0: 511, 1: 495, 2: 478, 3: 538, 4: 463, 5: 513, 6: 470, 7: 511, 8: 499, 9: 522}, 9: {0: 500, 1: 483, 2: 498, 3: 486, 4: 507, 5: 506, 6: 520, 7: 494, 8: 512, 9: 494}}
09-14 17:58 DEBUG    **************************************************
09-14 17:58 DEBUG    Running experiments 

09-14 17:59 DEBUG    Uniform ensemble (Train acc): 0.264980
09-14 17:59 DEBUG    Uniform ensemble (Test acc): 0.263300
09-14 17:59 DEBUG    FedAvg (Train acc): 0.100000
09-14 17:59 DEBUG    FedAvg (Test acc): 0.100000
09-14 18:11 DEBUG    ****** PDM_KL matching ******** 
09-14 18:11 DEBUG    Best Sigma0: 0.5. Best sigma: 1 Best gamma: 10. Best Test accuracy: 0.2009. Train acc: 0.19834. 

09-14 18:11 DEBUG    PDM_KL log: {(0.5, 1, 10): {'shapes': [(3072, 287), (287,), (287, 10), (10,)], 'train_accuracy': 0.19834, 'test_accuracy': 0.2009}} 
09-14 18:31 DEBUG    ****** PDM_KL matching ******** 
09-14 18:31 DEBUG    Best Sigma0: 0.5. Best sigma: 1 Best gamma: 10. Best Test accuracy: 0.2009. Train acc: 0.19834. 

09-14 18:31 DEBUG    PDM_KL log: {(0.5, 1, 10): {'shapes': [(3072, 295), (295,), (295, 10), (10,)], 'train_accuracy': 0.19834, 'test_accuracy': 0.2009}} 
09-14 18:54 DEBUG    ****** PDM_KL matching ******** 
09-14 18:54 DEBUG    Best Sigma0: 0.5. Best sigma: 1 Best gamma: 10. Best Test accuracy: 0.2009. Train acc: 0.19834. 

09-14 18:54 DEBUG    PDM_KL log: {(0.5, 1, 10): {'shapes': [(3072, 295), (295,), (295, 10), (10,)], 'train_accuracy': 0.19834, 'test_accuracy': 0.2009}} 
09-14 19:16 DEBUG    ****** PDM_KL matching ******** 
09-14 19:16 DEBUG    Best Sigma0: 0.5. Best sigma: 1 Best gamma: 10. Best Test accuracy: 0.2009. Train acc: 0.19834. 

09-14 19:16 DEBUG    PDM_KL log: {(0.5, 1, 10): {'shapes': [(3072, 290), (290,), (290, 10), (10,)], 'train_accuracy': 0.19834, 'test_accuracy': 0.2009}} 
09-14 19:41 DEBUG    ****** PDM_KL matching ******** 
09-14 19:41 DEBUG    Best Sigma0: 0.5. Best sigma: 1 Best gamma: 10. Best Test accuracy: 0.2009. Train acc: 0.19834. 

09-14 19:41 DEBUG    PDM_KL log: {(0.5, 1, 10): {'shapes': [(3072, 290), (290,), (290, 10), (10,)], 'train_accuracy': 0.19834, 'test_accuracy': 0.2009}} 
09-14 20:04 DEBUG    ****** PDM_KL matching ******** 
09-14 20:04 DEBUG    Best Sigma0: 0.5. Best sigma: 1 Best gamma: 10. Best Test accuracy: 0.2009. Train acc: 0.19834. 

09-14 20:04 DEBUG    PDM_KL log: {(0.5, 1, 10): {'shapes': [(3072, 300), (300,), (300, 10), (10,)], 'train_accuracy': 0.19834, 'test_accuracy': 0.2009}} 
09-14 20:30 DEBUG    ****** PDM_KL matching ******** 
09-14 20:30 DEBUG    Best Sigma0: 0.5. Best sigma: 1 Best gamma: 10. Best Test accuracy: 0.2164. Train acc: 0.21882. 

09-14 20:30 DEBUG    PDM_KL log: {(0.5, 1, 10): {'shapes': [(3072, 353), (353,), (353, 10), (10,)], 'train_accuracy': 0.21882, 'test_accuracy': 0.2164}} 
09-14 21:06 DEBUG    ****** PDM_KL matching ******** 
09-14 21:06 DEBUG    Best Sigma0: 0.5. Best sigma: 1 Best gamma: 10. Best Test accuracy: 0.2345. Train acc: 0.23422. 

09-14 21:06 DEBUG    PDM_KL log: {(0.5, 1, 10): {'shapes': [(3072, 590), (590,), (590, 10), (10,)], 'train_accuracy': 0.23422, 'test_accuracy': 0.2345}} 
09-14 21:50 DEBUG    ****** PDM_KL matching ******** 
09-14 21:50 DEBUG    Best Sigma0: 0.5. Best sigma: 1 Best gamma: 10. Best Test accuracy: 0.2093. Train acc: 0.2082. 

09-14 21:50 DEBUG    PDM_KL log: {(0.5, 1, 10): {'shapes': [(3072, 700), (700,), (700, 10), (10,)], 'train_accuracy': 0.2082, 'test_accuracy': 0.2093}} 
09-14 22:37 DEBUG    ****** PDM_KL matching ******** 
09-14 22:37 DEBUG    Best Sigma0: 0.5. Best sigma: 1 Best gamma: 10. Best Test accuracy: 0.1. Train acc: 0.1. 

09-14 22:37 DEBUG    PDM_KL log: {(0.5, 1, 10): {'shapes': [(3072, 700), (700,), (700, 10), (10,)], 'train_accuracy': 0.1, 'test_accuracy': 0.1}} 
09-14 23:21 DEBUG    ****** PDM_KL matching ******** 
09-14 23:21 DEBUG    Best Sigma0: 0.5. Best sigma: 1 Best gamma: 10. Best Test accuracy: 0.1. Train acc: 0.1. 

09-14 23:21 DEBUG    PDM_KL log: {(0.5, 1, 10): {'shapes': [(3072, 700), (700,), (700, 10), (10,)], 'train_accuracy': 0.1, 'test_accuracy': 0.1}} 
09-14 23:21 DEBUG    Trial 9 completed
09-14 23:21 DEBUG    ####################################################################################################
