09-16 20:56 DEBUG    Experiment arguments: Namespace(alpha=0.5, communication_rounds=None, datadir='data/cifar10', dataset='cifar10', device=1.0, dropout_p=0.0, epochs=10, experiment=['all'], init_seed=0, iter_epochs=5, layers=0, loaddir='saved_weights/cifar10/homo', logdir='KL_regs/cifar10/homo', lr=0.01, lr_decay=1.0, n=30, n_layers=1, n_nets=2, net_config=[3072, 100, 10], num_pool_workers=7, partition='homo', pdm_gamma=1.0, pdm_sig=1.0, pdm_sig0=1.0, reg=1e-06, reg_fac=0.0, trials=10)
09-16 20:56 DEBUG    ####################################################################################################
09-16 20:56 DEBUG    Executing Trial 0 with seed 0
09-16 20:56 DEBUG    Data statistics: {0: {0: 2506, 1: 2493, 2: 2495, 3: 2477, 4: 2486, 5: 2490, 6: 2492, 7: 2491, 8: 2466, 9: 2604}, 1: {0: 2494, 1: 2507, 2: 2505, 3: 2523, 4: 2514, 5: 2510, 6: 2508, 7: 2509, 8: 2534, 9: 2396}}
09-16 20:56 DEBUG    **************************************************
09-16 20:56 DEBUG    Running experiments 

09-16 20:56 DEBUG    Uniform ensemble (Train acc): 0.456960
09-16 20:56 DEBUG    Uniform ensemble (Test acc): 0.442300
09-16 20:56 DEBUG    FedAvg (Train acc): 0.241300
09-16 20:56 DEBUG    FedAvg (Test acc): 0.238700
09-16 20:56 DEBUG    ****** PDM_KL matching ******** 
09-16 20:56 DEBUG    Best Sigma0: 0.5. Best sigma: 1 Best gamma: 10. Best Test accuracy: 0.4305. Train acc: 0.44496. 

09-16 20:56 DEBUG    PDM_KL log: {(0.5, 1, 10): {'shapes': [(3072, 136), (136,), (136, 10), (10,)], 'train_accuracy': 0.44496, 'test_accuracy': 0.4305}} 
09-16 20:57 DEBUG    ****** PDM_KL matching ******** 
09-16 20:57 DEBUG    Best Sigma0: 0.5. Best sigma: 1 Best gamma: 10. Best Test accuracy: 0.4305. Train acc: 0.44496. 

09-16 20:57 DEBUG    PDM_KL log: {(0.5, 1, 10): {'shapes': [(3072, 136), (136,), (136, 10), (10,)], 'train_accuracy': 0.44496, 'test_accuracy': 0.4305}} 
09-16 20:58 DEBUG    ****** PDM_KL matching ******** 
09-16 20:58 DEBUG    Best Sigma0: 0.5. Best sigma: 1 Best gamma: 10. Best Test accuracy: 0.4305. Train acc: 0.44496. 

09-16 20:58 DEBUG    PDM_KL log: {(0.5, 1, 10): {'shapes': [(3072, 136), (136,), (136, 10), (10,)], 'train_accuracy': 0.44496, 'test_accuracy': 0.4305}} 
09-16 20:59 DEBUG    ****** PDM_KL matching ******** 
09-16 20:59 DEBUG    Best Sigma0: 0.5. Best sigma: 1 Best gamma: 10. Best Test accuracy: 0.4305. Train acc: 0.44496. 

09-16 20:59 DEBUG    PDM_KL log: {(0.5, 1, 10): {'shapes': [(3072, 136), (136,), (136, 10), (10,)], 'train_accuracy': 0.44496, 'test_accuracy': 0.4305}} 
09-16 21:01 DEBUG    ****** PDM_KL matching ******** 
09-16 21:01 DEBUG    Best Sigma0: 0.5. Best sigma: 1 Best gamma: 10. Best Test accuracy: 0.4305. Train acc: 0.44496. 

09-16 21:01 DEBUG    PDM_KL log: {(0.5, 1, 10): {'shapes': [(3072, 136), (136,), (136, 10), (10,)], 'train_accuracy': 0.44496, 'test_accuracy': 0.4305}} 
09-16 21:02 DEBUG    ****** PDM_KL matching ******** 
09-16 21:02 DEBUG    Best Sigma0: 0.5. Best sigma: 1 Best gamma: 10. Best Test accuracy: 0.4305. Train acc: 0.44496. 

09-16 21:02 DEBUG    PDM_KL log: {(0.5, 1, 10): {'shapes': [(3072, 136), (136,), (136, 10), (10,)], 'train_accuracy': 0.44496, 'test_accuracy': 0.4305}} 
09-16 21:04 DEBUG    ****** PDM_KL matching ******** 
09-16 21:04 DEBUG    Best Sigma0: 0.5. Best sigma: 1 Best gamma: 10. Best Test accuracy: 0.4446. Train acc: 0.45334. 

09-16 21:04 DEBUG    PDM_KL log: {(0.5, 1, 10): {'shapes': [(3072, 145), (145,), (145, 10), (10,)], 'train_accuracy': 0.45334, 'test_accuracy': 0.4446}} 
09-16 21:06 DEBUG    ****** PDM_KL matching ******** 
09-16 21:06 DEBUG    Best Sigma0: 0.5. Best sigma: 1 Best gamma: 10. Best Test accuracy: 0.4345. Train acc: 0.44784. 

09-16 21:06 DEBUG    PDM_KL log: {(0.5, 1, 10): {'shapes': [(3072, 155), (155,), (155, 10), (10,)], 'train_accuracy': 0.44784, 'test_accuracy': 0.4345}} 
09-16 21:08 DEBUG    ****** PDM_KL matching ******** 
09-16 21:08 DEBUG    Best Sigma0: 0.5. Best sigma: 1 Best gamma: 10. Best Test accuracy: 0.4343. Train acc: 0.44802. 

09-16 21:08 DEBUG    PDM_KL log: {(0.5, 1, 10): {'shapes': [(3072, 167), (167,), (167, 10), (10,)], 'train_accuracy': 0.44802, 'test_accuracy': 0.4343}} 
09-16 21:09 DEBUG    ****** PDM_KL matching ******** 
09-16 21:09 DEBUG    Best Sigma0: 0.5. Best sigma: 1 Best gamma: 10. Best Test accuracy: 0.4343. Train acc: 0.44804. 

09-16 21:09 DEBUG    PDM_KL log: {(0.5, 1, 10): {'shapes': [(3072, 177), (177,), (177, 10), (10,)], 'train_accuracy': 0.44804, 'test_accuracy': 0.4343}} 
09-16 21:11 DEBUG    ****** PDM_KL matching ******** 
09-16 21:11 DEBUG    Best Sigma0: 0.5. Best sigma: 1 Best gamma: 10. Best Test accuracy: 0.3795. Train acc: 0.39428. 

09-16 21:11 DEBUG    PDM_KL log: {(0.5, 1, 10): {'shapes': [(3072, 181), (181,), (181, 10), (10,)], 'train_accuracy': 0.39428, 'test_accuracy': 0.3795}} 
09-16 21:11 DEBUG    Trial 0 completed
09-16 21:11 DEBUG    ####################################################################################################
09-16 21:11 DEBUG    ####################################################################################################
09-16 21:11 DEBUG    Executing Trial 1 with seed 1
09-16 21:11 DEBUG    Data statistics: {0: {0: 2479, 1: 2507, 2: 2531, 3: 2490, 4: 2457, 5: 2517, 6: 2574, 7: 2499, 8: 2430, 9: 2516}, 1: {0: 2521, 1: 2493, 2: 2469, 3: 2510, 4: 2543, 5: 2483, 6: 2426, 7: 2501, 8: 2570, 9: 2484}}
09-16 21:12 DEBUG    **************************************************
09-16 21:12 DEBUG    Running experiments 

09-16 21:12 DEBUG    Uniform ensemble (Train acc): 0.467620
09-16 21:12 DEBUG    Uniform ensemble (Test acc): 0.455300
09-16 21:12 DEBUG    FedAvg (Train acc): 0.263700
09-16 21:12 DEBUG    FedAvg (Test acc): 0.260900
09-16 21:14 DEBUG    ****** PDM_KL matching ******** 
09-16 21:14 DEBUG    Best Sigma0: 0.5. Best sigma: 1 Best gamma: 10. Best Test accuracy: 0.4469. Train acc: 0.45376. 

09-16 21:14 DEBUG    PDM_KL log: {(0.5, 1, 10): {'shapes': [(3072, 133), (133,), (133, 10), (10,)], 'train_accuracy': 0.45376, 'test_accuracy': 0.4469}} 
09-16 21:15 DEBUG    ****** PDM_KL matching ******** 
09-16 21:15 DEBUG    Best Sigma0: 0.5. Best sigma: 1 Best gamma: 10. Best Test accuracy: 0.4469. Train acc: 0.45376. 

09-16 21:15 DEBUG    PDM_KL log: {(0.5, 1, 10): {'shapes': [(3072, 133), (133,), (133, 10), (10,)], 'train_accuracy': 0.45376, 'test_accuracy': 0.4469}} 
09-16 21:17 DEBUG    ****** PDM_KL matching ******** 
09-16 21:17 DEBUG    Best Sigma0: 0.5. Best sigma: 1 Best gamma: 10. Best Test accuracy: 0.4469. Train acc: 0.45376. 

09-16 21:17 DEBUG    PDM_KL log: {(0.5, 1, 10): {'shapes': [(3072, 133), (133,), (133, 10), (10,)], 'train_accuracy': 0.45376, 'test_accuracy': 0.4469}} 
09-16 21:18 DEBUG    ****** PDM_KL matching ******** 
09-16 21:18 DEBUG    Best Sigma0: 0.5. Best sigma: 1 Best gamma: 10. Best Test accuracy: 0.4469. Train acc: 0.45376. 

09-16 21:18 DEBUG    PDM_KL log: {(0.5, 1, 10): {'shapes': [(3072, 133), (133,), (133, 10), (10,)], 'train_accuracy': 0.45376, 'test_accuracy': 0.4469}} 
09-16 21:20 DEBUG    ****** PDM_KL matching ******** 
09-16 21:20 DEBUG    Best Sigma0: 0.5. Best sigma: 1 Best gamma: 10. Best Test accuracy: 0.4453. Train acc: 0.4528. 

09-16 21:20 DEBUG    PDM_KL log: {(0.5, 1, 10): {'shapes': [(3072, 134), (134,), (134, 10), (10,)], 'train_accuracy': 0.4528, 'test_accuracy': 0.4453}} 
09-16 21:21 DEBUG    ****** PDM_KL matching ******** 
09-16 21:21 DEBUG    Best Sigma0: 0.5. Best sigma: 1 Best gamma: 10. Best Test accuracy: 0.4453. Train acc: 0.4528. 

09-16 21:21 DEBUG    PDM_KL log: {(0.5, 1, 10): {'shapes': [(3072, 134), (134,), (134, 10), (10,)], 'train_accuracy': 0.4528, 'test_accuracy': 0.4453}} 
09-16 21:23 DEBUG    ****** PDM_KL matching ******** 
09-16 21:23 DEBUG    Best Sigma0: 0.5. Best sigma: 1 Best gamma: 10. Best Test accuracy: 0.4525. Train acc: 0.45862. 

09-16 21:23 DEBUG    PDM_KL log: {(0.5, 1, 10): {'shapes': [(3072, 142), (142,), (142, 10), (10,)], 'train_accuracy': 0.45862, 'test_accuracy': 0.4525}} 
09-16 21:25 DEBUG    ****** PDM_KL matching ******** 
09-16 21:25 DEBUG    Best Sigma0: 0.5. Best sigma: 1 Best gamma: 10. Best Test accuracy: 0.4546. Train acc: 0.46622. 

09-16 21:25 DEBUG    PDM_KL log: {(0.5, 1, 10): {'shapes': [(3072, 152), (152,), (152, 10), (10,)], 'train_accuracy': 0.46622, 'test_accuracy': 0.4546}} 
09-16 21:26 DEBUG    ****** PDM_KL matching ******** 
09-16 21:26 DEBUG    Best Sigma0: 0.5. Best sigma: 1 Best gamma: 10. Best Test accuracy: 0.4546. Train acc: 0.46624. 

09-16 21:26 DEBUG    PDM_KL log: {(0.5, 1, 10): {'shapes': [(3072, 163), (163,), (163, 10), (10,)], 'train_accuracy': 0.46624, 'test_accuracy': 0.4546}} 
09-16 21:28 DEBUG    ****** PDM_KL matching ******** 
09-16 21:28 DEBUG    Best Sigma0: 0.5. Best sigma: 1 Best gamma: 10. Best Test accuracy: 0.4546. Train acc: 0.46622. 

09-16 21:28 DEBUG    PDM_KL log: {(0.5, 1, 10): {'shapes': [(3072, 170), (170,), (170, 10), (10,)], 'train_accuracy': 0.46622, 'test_accuracy': 0.4546}} 
09-16 21:30 DEBUG    ****** PDM_KL matching ******** 
09-16 21:30 DEBUG    Best Sigma0: 0.5. Best sigma: 1 Best gamma: 10. Best Test accuracy: 0.425. Train acc: 0.43644. 

09-16 21:30 DEBUG    PDM_KL log: {(0.5, 1, 10): {'shapes': [(3072, 174), (174,), (174, 10), (10,)], 'train_accuracy': 0.43644, 'test_accuracy': 0.425}} 
09-16 21:30 DEBUG    Trial 1 completed
09-16 21:30 DEBUG    ####################################################################################################
09-16 21:30 DEBUG    ####################################################################################################
09-16 21:30 DEBUG    Executing Trial 2 with seed 2
09-16 21:30 DEBUG    Data statistics: {0: {0: 2522, 1: 2505, 2: 2496, 3: 2479, 4: 2495, 5: 2511, 6: 2510, 7: 2514, 8: 2476, 9: 2492}, 1: {0: 2478, 1: 2495, 2: 2504, 3: 2521, 4: 2505, 5: 2489, 6: 2490, 7: 2486, 8: 2524, 9: 2508}}
09-16 21:31 DEBUG    **************************************************
09-16 21:31 DEBUG    Running experiments 

09-16 21:31 DEBUG    Uniform ensemble (Train acc): 0.465440
09-16 21:31 DEBUG    Uniform ensemble (Test acc): 0.446400
09-16 21:32 DEBUG    FedAvg (Train acc): 0.234800
09-16 21:32 DEBUG    FedAvg (Test acc): 0.226700
09-16 21:33 DEBUG    ****** PDM_KL matching ******** 
09-16 21:33 DEBUG    Best Sigma0: 0.5. Best sigma: 1 Best gamma: 10. Best Test accuracy: 0.4293. Train acc: 0.44488. 

09-16 21:33 DEBUG    PDM_KL log: {(0.5, 1, 10): {'shapes': [(3072, 133), (133,), (133, 10), (10,)], 'train_accuracy': 0.44488, 'test_accuracy': 0.4293}} 
09-16 21:35 DEBUG    ****** PDM_KL matching ******** 
09-16 21:35 DEBUG    Best Sigma0: 0.5. Best sigma: 1 Best gamma: 10. Best Test accuracy: 0.4293. Train acc: 0.44488. 

09-16 21:35 DEBUG    PDM_KL log: {(0.5, 1, 10): {'shapes': [(3072, 133), (133,), (133, 10), (10,)], 'train_accuracy': 0.44488, 'test_accuracy': 0.4293}} 
09-16 21:37 DEBUG    ****** PDM_KL matching ******** 
09-16 21:37 DEBUG    Best Sigma0: 0.5. Best sigma: 1 Best gamma: 10. Best Test accuracy: 0.4293. Train acc: 0.44488. 

09-16 21:37 DEBUG    PDM_KL log: {(0.5, 1, 10): {'shapes': [(3072, 133), (133,), (133, 10), (10,)], 'train_accuracy': 0.44488, 'test_accuracy': 0.4293}} 
09-16 21:38 DEBUG    ****** PDM_KL matching ******** 
09-16 21:38 DEBUG    Best Sigma0: 0.5. Best sigma: 1 Best gamma: 10. Best Test accuracy: 0.4293. Train acc: 0.44488. 

09-16 21:38 DEBUG    PDM_KL log: {(0.5, 1, 10): {'shapes': [(3072, 133), (133,), (133, 10), (10,)], 'train_accuracy': 0.44488, 'test_accuracy': 0.4293}} 
09-16 21:40 DEBUG    ****** PDM_KL matching ******** 
09-16 21:40 DEBUG    Best Sigma0: 0.5. Best sigma: 1 Best gamma: 10. Best Test accuracy: 0.4344. Train acc: 0.44976. 

09-16 21:40 DEBUG    PDM_KL log: {(0.5, 1, 10): {'shapes': [(3072, 135), (135,), (135, 10), (10,)], 'train_accuracy': 0.44976, 'test_accuracy': 0.4344}} 
09-16 21:42 DEBUG    ****** PDM_KL matching ******** 
09-16 21:42 DEBUG    Best Sigma0: 0.5. Best sigma: 1 Best gamma: 10. Best Test accuracy: 0.4344. Train acc: 0.44976. 

09-16 21:42 DEBUG    PDM_KL log: {(0.5, 1, 10): {'shapes': [(3072, 135), (135,), (135, 10), (10,)], 'train_accuracy': 0.44976, 'test_accuracy': 0.4344}} 
09-16 21:44 DEBUG    ****** PDM_KL matching ******** 
09-16 21:44 DEBUG    Best Sigma0: 0.5. Best sigma: 1 Best gamma: 10. Best Test accuracy: 0.4383. Train acc: 0.45538. 

09-16 21:44 DEBUG    PDM_KL log: {(0.5, 1, 10): {'shapes': [(3072, 143), (143,), (143, 10), (10,)], 'train_accuracy': 0.45538, 'test_accuracy': 0.4383}} 
09-16 21:46 DEBUG    ****** PDM_KL matching ******** 
09-16 21:46 DEBUG    Best Sigma0: 0.5. Best sigma: 1 Best gamma: 10. Best Test accuracy: 0.4497. Train acc: 0.46666. 

09-16 21:46 DEBUG    PDM_KL log: {(0.5, 1, 10): {'shapes': [(3072, 155), (155,), (155, 10), (10,)], 'train_accuracy': 0.46666, 'test_accuracy': 0.4497}} 
09-16 21:48 DEBUG    ****** PDM_KL matching ******** 
09-16 21:48 DEBUG    Best Sigma0: 0.5. Best sigma: 1 Best gamma: 10. Best Test accuracy: 0.45. Train acc: 0.46692. 

09-16 21:48 DEBUG    PDM_KL log: {(0.5, 1, 10): {'shapes': [(3072, 163), (163,), (163, 10), (10,)], 'train_accuracy': 0.46692, 'test_accuracy': 0.45}} 
09-16 21:50 DEBUG    ****** PDM_KL matching ******** 
09-16 21:50 DEBUG    Best Sigma0: 0.5. Best sigma: 1 Best gamma: 10. Best Test accuracy: 0.4422. Train acc: 0.45922. 

09-16 21:50 DEBUG    PDM_KL log: {(0.5, 1, 10): {'shapes': [(3072, 170), (170,), (170, 10), (10,)], 'train_accuracy': 0.45922, 'test_accuracy': 0.4422}} 
09-16 21:51 DEBUG    ****** PDM_KL matching ******** 
09-16 21:51 DEBUG    Best Sigma0: 0.5. Best sigma: 1 Best gamma: 10. Best Test accuracy: 0.3842. Train acc: 0.40322. 

09-16 21:51 DEBUG    PDM_KL log: {(0.5, 1, 10): {'shapes': [(3072, 175), (175,), (175, 10), (10,)], 'train_accuracy': 0.40322, 'test_accuracy': 0.3842}} 
09-16 21:51 DEBUG    Trial 2 completed
09-16 21:51 DEBUG    ####################################################################################################
09-16 21:51 DEBUG    ####################################################################################################
09-16 21:51 DEBUG    Executing Trial 3 with seed 3
09-16 21:52 DEBUG    Data statistics: {0: {0: 2538, 1: 2493, 2: 2524, 3: 2533, 4: 2400, 5: 2471, 6: 2542, 7: 2541, 8: 2495, 9: 2463}, 1: {0: 2462, 1: 2507, 2: 2476, 3: 2467, 4: 2600, 5: 2529, 6: 2458, 7: 2459, 8: 2505, 9: 2537}}
09-16 21:52 DEBUG    **************************************************
09-16 21:52 DEBUG    Running experiments 

09-16 21:53 DEBUG    Uniform ensemble (Train acc): 0.467620
09-16 21:53 DEBUG    Uniform ensemble (Test acc): 0.450700
09-16 21:53 DEBUG    FedAvg (Train acc): 0.199220
09-16 21:53 DEBUG    FedAvg (Test acc): 0.195600
09-16 21:54 DEBUG    ****** PDM_KL matching ******** 
09-16 21:54 DEBUG    Best Sigma0: 0.5. Best sigma: 1 Best gamma: 10. Best Test accuracy: 0.4324. Train acc: 0.4464. 

09-16 21:54 DEBUG    PDM_KL log: {(0.5, 1, 10): {'shapes': [(3072, 134), (134,), (134, 10), (10,)], 'train_accuracy': 0.4464, 'test_accuracy': 0.4324}} 
09-16 21:56 DEBUG    ****** PDM_KL matching ******** 
09-16 21:56 DEBUG    Best Sigma0: 0.5. Best sigma: 1 Best gamma: 10. Best Test accuracy: 0.4324. Train acc: 0.4464. 

09-16 21:56 DEBUG    PDM_KL log: {(0.5, 1, 10): {'shapes': [(3072, 134), (134,), (134, 10), (10,)], 'train_accuracy': 0.4464, 'test_accuracy': 0.4324}} 
09-16 21:57 DEBUG    ****** PDM_KL matching ******** 
09-16 21:57 DEBUG    Best Sigma0: 0.5. Best sigma: 1 Best gamma: 10. Best Test accuracy: 0.4324. Train acc: 0.4464. 

09-16 21:57 DEBUG    PDM_KL log: {(0.5, 1, 10): {'shapes': [(3072, 134), (134,), (134, 10), (10,)], 'train_accuracy': 0.4464, 'test_accuracy': 0.4324}} 
09-16 21:59 DEBUG    ****** PDM_KL matching ******** 
09-16 21:59 DEBUG    Best Sigma0: 0.5. Best sigma: 1 Best gamma: 10. Best Test accuracy: 0.4324. Train acc: 0.4464. 

09-16 21:59 DEBUG    PDM_KL log: {(0.5, 1, 10): {'shapes': [(3072, 134), (134,), (134, 10), (10,)], 'train_accuracy': 0.4464, 'test_accuracy': 0.4324}} 
09-16 22:00 DEBUG    ****** PDM_KL matching ******** 
09-16 22:00 DEBUG    Best Sigma0: 0.5. Best sigma: 1 Best gamma: 10. Best Test accuracy: 0.4324. Train acc: 0.4464. 

09-16 22:00 DEBUG    PDM_KL log: {(0.5, 1, 10): {'shapes': [(3072, 135), (135,), (135, 10), (10,)], 'train_accuracy': 0.4464, 'test_accuracy': 0.4324}} 
09-16 22:02 DEBUG    ****** PDM_KL matching ******** 
09-16 22:02 DEBUG    Best Sigma0: 0.5. Best sigma: 1 Best gamma: 10. Best Test accuracy: 0.4353. Train acc: 0.44944. 

09-16 22:02 DEBUG    PDM_KL log: {(0.5, 1, 10): {'shapes': [(3072, 136), (136,), (136, 10), (10,)], 'train_accuracy': 0.44944, 'test_accuracy': 0.4353}} 
09-16 22:04 DEBUG    ****** PDM_KL matching ******** 
09-16 22:04 DEBUG    Best Sigma0: 0.5. Best sigma: 1 Best gamma: 10. Best Test accuracy: 0.4481. Train acc: 0.46386. 

09-16 22:04 DEBUG    PDM_KL log: {(0.5, 1, 10): {'shapes': [(3072, 144), (144,), (144, 10), (10,)], 'train_accuracy': 0.46386, 'test_accuracy': 0.4481}} 
09-16 22:06 DEBUG    ****** PDM_KL matching ******** 
09-16 22:06 DEBUG    Best Sigma0: 0.5. Best sigma: 1 Best gamma: 10. Best Test accuracy: 0.4502. Train acc: 0.46724. 

09-16 22:06 DEBUG    PDM_KL log: {(0.5, 1, 10): {'shapes': [(3072, 155), (155,), (155, 10), (10,)], 'train_accuracy': 0.46724, 'test_accuracy': 0.4502}} 
09-16 22:08 DEBUG    ****** PDM_KL matching ******** 
09-16 22:08 DEBUG    Best Sigma0: 0.5. Best sigma: 1 Best gamma: 10. Best Test accuracy: 0.4504. Train acc: 0.46724. 

09-16 22:08 DEBUG    PDM_KL log: {(0.5, 1, 10): {'shapes': [(3072, 167), (167,), (167, 10), (10,)], 'train_accuracy': 0.46724, 'test_accuracy': 0.4504}} 
09-16 22:10 DEBUG    ****** PDM_KL matching ******** 
09-16 22:10 DEBUG    Best Sigma0: 0.5. Best sigma: 1 Best gamma: 10. Best Test accuracy: 0.4504. Train acc: 0.4673. 

09-16 22:10 DEBUG    PDM_KL log: {(0.5, 1, 10): {'shapes': [(3072, 175), (175,), (175, 10), (10,)], 'train_accuracy': 0.4673, 'test_accuracy': 0.4504}} 
09-16 22:11 DEBUG    ****** PDM_KL matching ******** 
09-16 22:11 DEBUG    Best Sigma0: 0.5. Best sigma: 1 Best gamma: 10. Best Test accuracy: 0.4212. Train acc: 0.4369. 

09-16 22:11 DEBUG    PDM_KL log: {(0.5, 1, 10): {'shapes': [(3072, 177), (177,), (177, 10), (10,)], 'train_accuracy': 0.4369, 'test_accuracy': 0.4212}} 
09-16 22:11 DEBUG    Trial 3 completed
09-16 22:11 DEBUG    ####################################################################################################
09-16 22:11 DEBUG    ####################################################################################################
09-16 22:11 DEBUG    Executing Trial 4 with seed 4
09-16 22:11 DEBUG    Data statistics: {0: {0: 2528, 1: 2544, 2: 2498, 3: 2465, 4: 2511, 5: 2502, 6: 2568, 7: 2496, 8: 2432, 9: 2456}, 1: {0: 2472, 1: 2456, 2: 2502, 3: 2535, 4: 2489, 5: 2498, 6: 2432, 7: 2504, 8: 2568, 9: 2544}}
09-16 22:12 DEBUG    **************************************************
09-16 22:12 DEBUG    Running experiments 

09-16 22:12 DEBUG    Uniform ensemble (Train acc): 0.462440
09-16 22:12 DEBUG    Uniform ensemble (Test acc): 0.449100
09-16 22:13 DEBUG    FedAvg (Train acc): 0.216620
09-16 22:13 DEBUG    FedAvg (Test acc): 0.212400
09-16 22:14 DEBUG    ****** PDM_KL matching ******** 
09-16 22:14 DEBUG    Best Sigma0: 0.5. Best sigma: 1 Best gamma: 10. Best Test accuracy: 0.4352. Train acc: 0.44462. 

09-16 22:14 DEBUG    PDM_KL log: {(0.5, 1, 10): {'shapes': [(3072, 135), (135,), (135, 10), (10,)], 'train_accuracy': 0.44462, 'test_accuracy': 0.4352}} 
09-16 22:16 DEBUG    ****** PDM_KL matching ******** 
09-16 22:16 DEBUG    Best Sigma0: 0.5. Best sigma: 1 Best gamma: 10. Best Test accuracy: 0.4352. Train acc: 0.44462. 

09-16 22:16 DEBUG    PDM_KL log: {(0.5, 1, 10): {'shapes': [(3072, 135), (135,), (135, 10), (10,)], 'train_accuracy': 0.44462, 'test_accuracy': 0.4352}} 
09-16 22:17 DEBUG    ****** PDM_KL matching ******** 
09-16 22:17 DEBUG    Best Sigma0: 0.5. Best sigma: 1 Best gamma: 10. Best Test accuracy: 0.4352. Train acc: 0.44462. 

09-16 22:17 DEBUG    PDM_KL log: {(0.5, 1, 10): {'shapes': [(3072, 135), (135,), (135, 10), (10,)], 'train_accuracy': 0.44462, 'test_accuracy': 0.4352}} 
09-16 22:19 DEBUG    ****** PDM_KL matching ******** 
09-16 22:19 DEBUG    Best Sigma0: 0.5. Best sigma: 1 Best gamma: 10. Best Test accuracy: 0.4352. Train acc: 0.44462. 

09-16 22:19 DEBUG    PDM_KL log: {(0.5, 1, 10): {'shapes': [(3072, 135), (135,), (135, 10), (10,)], 'train_accuracy': 0.44462, 'test_accuracy': 0.4352}} 
09-16 22:21 DEBUG    ****** PDM_KL matching ******** 
09-16 22:21 DEBUG    Best Sigma0: 0.5. Best sigma: 1 Best gamma: 10. Best Test accuracy: 0.4384. Train acc: 0.4487. 

09-16 22:21 DEBUG    PDM_KL log: {(0.5, 1, 10): {'shapes': [(3072, 136), (136,), (136, 10), (10,)], 'train_accuracy': 0.4487, 'test_accuracy': 0.4384}} 
09-16 22:23 DEBUG    ****** PDM_KL matching ******** 
09-16 22:23 DEBUG    Best Sigma0: 0.5. Best sigma: 1 Best gamma: 10. Best Test accuracy: 0.4386. Train acc: 0.45002. 

09-16 22:23 DEBUG    PDM_KL log: {(0.5, 1, 10): {'shapes': [(3072, 137), (137,), (137, 10), (10,)], 'train_accuracy': 0.45002, 'test_accuracy': 0.4386}} 
09-16 22:24 DEBUG    ****** PDM_KL matching ******** 
09-16 22:24 DEBUG    Best Sigma0: 0.5. Best sigma: 1 Best gamma: 10. Best Test accuracy: 0.446. Train acc: 0.45908. 

09-16 22:24 DEBUG    PDM_KL log: {(0.5, 1, 10): {'shapes': [(3072, 145), (145,), (145, 10), (10,)], 'train_accuracy': 0.45908, 'test_accuracy': 0.446}} 
09-16 22:26 DEBUG    ****** PDM_KL matching ******** 
09-16 22:26 DEBUG    Best Sigma0: 0.5. Best sigma: 1 Best gamma: 10. Best Test accuracy: 0.4472. Train acc: 0.46162. 

09-16 22:26 DEBUG    PDM_KL log: {(0.5, 1, 10): {'shapes': [(3072, 154), (154,), (154, 10), (10,)], 'train_accuracy': 0.46162, 'test_accuracy': 0.4472}} 
09-16 22:28 DEBUG    ****** PDM_KL matching ******** 
09-16 22:28 DEBUG    Best Sigma0: 0.5. Best sigma: 1 Best gamma: 10. Best Test accuracy: 0.4472. Train acc: 0.46172. 

09-16 22:28 DEBUG    PDM_KL log: {(0.5, 1, 10): {'shapes': [(3072, 168), (168,), (168, 10), (10,)], 'train_accuracy': 0.46172, 'test_accuracy': 0.4472}} 
09-16 22:30 DEBUG    ****** PDM_KL matching ******** 
09-16 22:30 DEBUG    Best Sigma0: 0.5. Best sigma: 1 Best gamma: 10. Best Test accuracy: 0.4472. Train acc: 0.46172. 

09-16 22:30 DEBUG    PDM_KL log: {(0.5, 1, 10): {'shapes': [(3072, 176), (176,), (176, 10), (10,)], 'train_accuracy': 0.46172, 'test_accuracy': 0.4472}} 
09-16 22:31 DEBUG    ****** PDM_KL matching ******** 
09-16 22:31 DEBUG    Best Sigma0: 0.5. Best sigma: 1 Best gamma: 10. Best Test accuracy: 0.3761. Train acc: 0.38766. 

09-16 22:31 DEBUG    PDM_KL log: {(0.5, 1, 10): {'shapes': [(3072, 174), (174,), (174, 10), (10,)], 'train_accuracy': 0.38766, 'test_accuracy': 0.3761}} 
09-16 22:31 DEBUG    Trial 4 completed
09-16 22:31 DEBUG    ####################################################################################################
09-16 22:31 DEBUG    ####################################################################################################
09-16 22:31 DEBUG    Executing Trial 5 with seed 5
09-16 22:32 DEBUG    Data statistics: {0: {0: 2492, 1: 2491, 2: 2458, 3: 2556, 4: 2506, 5: 2478, 6: 2488, 7: 2502, 8: 2523, 9: 2506}, 1: {0: 2508, 1: 2509, 2: 2542, 3: 2444, 4: 2494, 5: 2522, 6: 2512, 7: 2498, 8: 2477, 9: 2494}}
09-16 22:32 DEBUG    **************************************************
09-16 22:32 DEBUG    Running experiments 

09-16 22:33 DEBUG    Uniform ensemble (Train acc): 0.464300
09-16 22:33 DEBUG    Uniform ensemble (Test acc): 0.448500
09-16 22:33 DEBUG    FedAvg (Train acc): 0.231080
09-16 22:33 DEBUG    FedAvg (Test acc): 0.220800
09-16 22:34 DEBUG    ****** PDM_KL matching ******** 
09-16 22:34 DEBUG    Best Sigma0: 0.5. Best sigma: 1 Best gamma: 10. Best Test accuracy: 0.438. Train acc: 0.45634. 

09-16 22:34 DEBUG    PDM_KL log: {(0.5, 1, 10): {'shapes': [(3072, 135), (135,), (135, 10), (10,)], 'train_accuracy': 0.45634, 'test_accuracy': 0.438}} 
09-16 22:36 DEBUG    ****** PDM_KL matching ******** 
09-16 22:36 DEBUG    Best Sigma0: 0.5. Best sigma: 1 Best gamma: 10. Best Test accuracy: 0.438. Train acc: 0.45634. 

09-16 22:36 DEBUG    PDM_KL log: {(0.5, 1, 10): {'shapes': [(3072, 135), (135,), (135, 10), (10,)], 'train_accuracy': 0.45634, 'test_accuracy': 0.438}} 
09-16 22:38 DEBUG    ****** PDM_KL matching ******** 
09-16 22:38 DEBUG    Best Sigma0: 0.5. Best sigma: 1 Best gamma: 10. Best Test accuracy: 0.438. Train acc: 0.45634. 

09-16 22:38 DEBUG    PDM_KL log: {(0.5, 1, 10): {'shapes': [(3072, 135), (135,), (135, 10), (10,)], 'train_accuracy': 0.45634, 'test_accuracy': 0.438}} 
09-16 22:39 DEBUG    ****** PDM_KL matching ******** 
09-16 22:39 DEBUG    Best Sigma0: 0.5. Best sigma: 1 Best gamma: 10. Best Test accuracy: 0.438. Train acc: 0.45634. 

09-16 22:39 DEBUG    PDM_KL log: {(0.5, 1, 10): {'shapes': [(3072, 135), (135,), (135, 10), (10,)], 'train_accuracy': 0.45634, 'test_accuracy': 0.438}} 
09-16 22:41 DEBUG    ****** PDM_KL matching ******** 
09-16 22:41 DEBUG    Best Sigma0: 0.5. Best sigma: 1 Best gamma: 10. Best Test accuracy: 0.438. Train acc: 0.4564. 

09-16 22:41 DEBUG    PDM_KL log: {(0.5, 1, 10): {'shapes': [(3072, 136), (136,), (136, 10), (10,)], 'train_accuracy': 0.4564, 'test_accuracy': 0.438}} 
09-16 22:43 DEBUG    ****** PDM_KL matching ******** 
09-16 22:43 DEBUG    Best Sigma0: 0.5. Best sigma: 1 Best gamma: 10. Best Test accuracy: 0.438. Train acc: 0.4564. 

09-16 22:43 DEBUG    PDM_KL log: {(0.5, 1, 10): {'shapes': [(3072, 137), (137,), (137, 10), (10,)], 'train_accuracy': 0.4564, 'test_accuracy': 0.438}} 
09-16 22:45 DEBUG    ****** PDM_KL matching ******** 
09-16 22:45 DEBUG    Best Sigma0: 0.5. Best sigma: 1 Best gamma: 10. Best Test accuracy: 0.4466. Train acc: 0.46042. 

09-16 22:45 DEBUG    PDM_KL log: {(0.5, 1, 10): {'shapes': [(3072, 146), (146,), (146, 10), (10,)], 'train_accuracy': 0.46042, 'test_accuracy': 0.4466}} 
09-16 22:47 DEBUG    ****** PDM_KL matching ******** 
09-16 22:47 DEBUG    Best Sigma0: 0.5. Best sigma: 1 Best gamma: 10. Best Test accuracy: 0.4495. Train acc: 0.46512. 

09-16 22:47 DEBUG    PDM_KL log: {(0.5, 1, 10): {'shapes': [(3072, 157), (157,), (157, 10), (10,)], 'train_accuracy': 0.46512, 'test_accuracy': 0.4495}} 
09-16 22:48 DEBUG    ****** PDM_KL matching ******** 
09-16 22:48 DEBUG    Best Sigma0: 0.5. Best sigma: 1 Best gamma: 10. Best Test accuracy: 0.449. Train acc: 0.46478. 

09-16 22:48 DEBUG    PDM_KL log: {(0.5, 1, 10): {'shapes': [(3072, 169), (169,), (169, 10), (10,)], 'train_accuracy': 0.46478, 'test_accuracy': 0.449}} 
09-16 22:50 DEBUG    ****** PDM_KL matching ******** 
09-16 22:50 DEBUG    Best Sigma0: 0.5. Best sigma: 1 Best gamma: 10. Best Test accuracy: 0.4281. Train acc: 0.44594. 

09-16 22:50 DEBUG    PDM_KL log: {(0.5, 1, 10): {'shapes': [(3072, 177), (177,), (177, 10), (10,)], 'train_accuracy': 0.44594, 'test_accuracy': 0.4281}} 
09-16 22:52 DEBUG    ****** PDM_KL matching ******** 
09-16 22:52 DEBUG    Best Sigma0: 0.5. Best sigma: 1 Best gamma: 10. Best Test accuracy: 0.392. Train acc: 0.40636. 

09-16 22:52 DEBUG    PDM_KL log: {(0.5, 1, 10): {'shapes': [(3072, 179), (179,), (179, 10), (10,)], 'train_accuracy': 0.40636, 'test_accuracy': 0.392}} 
09-16 22:52 DEBUG    Trial 5 completed
09-16 22:52 DEBUG    ####################################################################################################
09-16 22:52 DEBUG    ####################################################################################################
09-16 22:52 DEBUG    Executing Trial 6 with seed 6
09-16 22:52 DEBUG    Data statistics: {0: {0: 2497, 1: 2457, 2: 2453, 3: 2519, 4: 2559, 5: 2483, 6: 2516, 7: 2440, 8: 2570, 9: 2506}, 1: {0: 2503, 1: 2543, 2: 2547, 3: 2481, 4: 2441, 5: 2517, 6: 2484, 7: 2560, 8: 2430, 9: 2494}}
09-16 22:53 DEBUG    **************************************************
09-16 22:53 DEBUG    Running experiments 

09-16 22:53 DEBUG    Uniform ensemble (Train acc): 0.454000
09-16 22:53 DEBUG    Uniform ensemble (Test acc): 0.437600
09-16 22:54 DEBUG    FedAvg (Train acc): 0.255260
09-16 22:54 DEBUG    FedAvg (Test acc): 0.251500
09-16 22:55 DEBUG    ****** PDM_KL matching ******** 
09-16 22:55 DEBUG    Best Sigma0: 0.5. Best sigma: 1 Best gamma: 10. Best Test accuracy: 0.4326. Train acc: 0.44058. 

09-16 22:55 DEBUG    PDM_KL log: {(0.5, 1, 10): {'shapes': [(3072, 135), (135,), (135, 10), (10,)], 'train_accuracy': 0.44058, 'test_accuracy': 0.4326}} 
09-16 22:56 DEBUG    ****** PDM_KL matching ******** 
09-16 22:56 DEBUG    Best Sigma0: 0.5. Best sigma: 1 Best gamma: 10. Best Test accuracy: 0.4326. Train acc: 0.44058. 

09-16 22:56 DEBUG    PDM_KL log: {(0.5, 1, 10): {'shapes': [(3072, 135), (135,), (135, 10), (10,)], 'train_accuracy': 0.44058, 'test_accuracy': 0.4326}} 
09-16 22:58 DEBUG    ****** PDM_KL matching ******** 
09-16 22:58 DEBUG    Best Sigma0: 0.5. Best sigma: 1 Best gamma: 10. Best Test accuracy: 0.4326. Train acc: 0.44058. 

09-16 22:58 DEBUG    PDM_KL log: {(0.5, 1, 10): {'shapes': [(3072, 135), (135,), (135, 10), (10,)], 'train_accuracy': 0.44058, 'test_accuracy': 0.4326}} 
09-16 22:59 DEBUG    ****** PDM_KL matching ******** 
09-16 22:59 DEBUG    Best Sigma0: 0.5. Best sigma: 1 Best gamma: 10. Best Test accuracy: 0.4326. Train acc: 0.44058. 

09-16 22:59 DEBUG    PDM_KL log: {(0.5, 1, 10): {'shapes': [(3072, 135), (135,), (135, 10), (10,)], 'train_accuracy': 0.44058, 'test_accuracy': 0.4326}} 
09-16 23:02 DEBUG    ****** PDM_KL matching ******** 
09-16 23:02 DEBUG    Best Sigma0: 0.5. Best sigma: 1 Best gamma: 10. Best Test accuracy: 0.4324. Train acc: 0.44232. 

09-16 23:02 DEBUG    PDM_KL log: {(0.5, 1, 10): {'shapes': [(3072, 135), (135,), (135, 10), (10,)], 'train_accuracy': 0.44232, 'test_accuracy': 0.4324}} 
09-16 23:03 DEBUG    ****** PDM_KL matching ******** 
09-16 23:03 DEBUG    Best Sigma0: 0.5. Best sigma: 1 Best gamma: 10. Best Test accuracy: 0.4339. Train acc: 0.44728. 

09-16 23:03 DEBUG    PDM_KL log: {(0.5, 1, 10): {'shapes': [(3072, 137), (137,), (137, 10), (10,)], 'train_accuracy': 0.44728, 'test_accuracy': 0.4339}} 
09-16 23:05 DEBUG    ****** PDM_KL matching ******** 
09-16 23:05 DEBUG    Best Sigma0: 0.5. Best sigma: 1 Best gamma: 10. Best Test accuracy: 0.4416. Train acc: 0.45624. 

09-16 23:05 DEBUG    PDM_KL log: {(0.5, 1, 10): {'shapes': [(3072, 145), (145,), (145, 10), (10,)], 'train_accuracy': 0.45624, 'test_accuracy': 0.4416}} 
09-16 23:07 DEBUG    ****** PDM_KL matching ******** 
09-16 23:07 DEBUG    Best Sigma0: 0.5. Best sigma: 1 Best gamma: 10. Best Test accuracy: 0.4476. Train acc: 0.46326. 

09-16 23:07 DEBUG    PDM_KL log: {(0.5, 1, 10): {'shapes': [(3072, 156), (156,), (156, 10), (10,)], 'train_accuracy': 0.46326, 'test_accuracy': 0.4476}} 
09-16 23:09 DEBUG    ****** PDM_KL matching ******** 
09-16 23:09 DEBUG    Best Sigma0: 0.5. Best sigma: 1 Best gamma: 10. Best Test accuracy: 0.4474. Train acc: 0.46324. 

09-16 23:09 DEBUG    PDM_KL log: {(0.5, 1, 10): {'shapes': [(3072, 169), (169,), (169, 10), (10,)], 'train_accuracy': 0.46324, 'test_accuracy': 0.4474}} 
09-16 23:10 DEBUG    ****** PDM_KL matching ******** 
09-16 23:10 DEBUG    Best Sigma0: 0.5. Best sigma: 1 Best gamma: 10. Best Test accuracy: 0.4474. Train acc: 0.46324. 

09-16 23:10 DEBUG    PDM_KL log: {(0.5, 1, 10): {'shapes': [(3072, 176), (176,), (176, 10), (10,)], 'train_accuracy': 0.46324, 'test_accuracy': 0.4474}} 
09-16 23:12 DEBUG    ****** PDM_KL matching ******** 
09-16 23:12 DEBUG    Best Sigma0: 0.5. Best sigma: 1 Best gamma: 10. Best Test accuracy: 0.3905. Train acc: 0.40466. 

09-16 23:12 DEBUG    PDM_KL log: {(0.5, 1, 10): {'shapes': [(3072, 177), (177,), (177, 10), (10,)], 'train_accuracy': 0.40466, 'test_accuracy': 0.3905}} 
09-16 23:12 DEBUG    Trial 6 completed
09-16 23:12 DEBUG    ####################################################################################################
09-16 23:12 DEBUG    ####################################################################################################
09-16 23:12 DEBUG    Executing Trial 7 with seed 7
09-16 23:12 DEBUG    Data statistics: {0: {0: 2503, 1: 2450, 2: 2505, 3: 2541, 4: 2443, 5: 2521, 6: 2489, 7: 2489, 8: 2543, 9: 2516}, 1: {0: 2497, 1: 2550, 2: 2495, 3: 2459, 4: 2557, 5: 2479, 6: 2511, 7: 2511, 8: 2457, 9: 2484}}
09-16 23:12 DEBUG    **************************************************
09-16 23:12 DEBUG    Running experiments 

09-16 23:13 DEBUG    Uniform ensemble (Train acc): 0.473040
09-16 23:13 DEBUG    Uniform ensemble (Test acc): 0.452400
09-16 23:13 DEBUG    FedAvg (Train acc): 0.236960
09-16 23:13 DEBUG    FedAvg (Test acc): 0.226300
09-16 23:14 DEBUG    ****** PDM_KL matching ******** 
09-16 23:14 DEBUG    Best Sigma0: 0.5. Best sigma: 1 Best gamma: 10. Best Test accuracy: 0.441. Train acc: 0.45396. 

09-16 23:14 DEBUG    PDM_KL log: {(0.5, 1, 10): {'shapes': [(3072, 133), (133,), (133, 10), (10,)], 'train_accuracy': 0.45396, 'test_accuracy': 0.441}} 
09-16 23:15 DEBUG    ****** PDM_KL matching ******** 
09-16 23:15 DEBUG    Best Sigma0: 0.5. Best sigma: 1 Best gamma: 10. Best Test accuracy: 0.4418. Train acc: 0.4544. 

09-16 23:15 DEBUG    PDM_KL log: {(0.5, 1, 10): {'shapes': [(3072, 134), (134,), (134, 10), (10,)], 'train_accuracy': 0.4544, 'test_accuracy': 0.4418}} 
09-16 23:17 DEBUG    ****** PDM_KL matching ******** 
09-16 23:17 DEBUG    Best Sigma0: 0.5. Best sigma: 1 Best gamma: 10. Best Test accuracy: 0.4418. Train acc: 0.4544. 

09-16 23:17 DEBUG    PDM_KL log: {(0.5, 1, 10): {'shapes': [(3072, 134), (134,), (134, 10), (10,)], 'train_accuracy': 0.4544, 'test_accuracy': 0.4418}} 
09-16 23:19 DEBUG    ****** PDM_KL matching ******** 
09-16 23:19 DEBUG    Best Sigma0: 0.5. Best sigma: 1 Best gamma: 10. Best Test accuracy: 0.4418. Train acc: 0.4544. 

09-16 23:19 DEBUG    PDM_KL log: {(0.5, 1, 10): {'shapes': [(3072, 134), (134,), (134, 10), (10,)], 'train_accuracy': 0.4544, 'test_accuracy': 0.4418}} 
09-16 23:20 DEBUG    ****** PDM_KL matching ******** 
09-16 23:20 DEBUG    Best Sigma0: 0.5. Best sigma: 1 Best gamma: 10. Best Test accuracy: 0.4412. Train acc: 0.45546. 

09-16 23:20 DEBUG    PDM_KL log: {(0.5, 1, 10): {'shapes': [(3072, 135), (135,), (135, 10), (10,)], 'train_accuracy': 0.45546, 'test_accuracy': 0.4412}} 
09-16 23:21 DEBUG    ****** PDM_KL matching ******** 
09-16 23:21 DEBUG    Best Sigma0: 0.5. Best sigma: 1 Best gamma: 10. Best Test accuracy: 0.4412. Train acc: 0.45546. 

09-16 23:21 DEBUG    PDM_KL log: {(0.5, 1, 10): {'shapes': [(3072, 135), (135,), (135, 10), (10,)], 'train_accuracy': 0.45546, 'test_accuracy': 0.4412}} 
09-16 23:23 DEBUG    ****** PDM_KL matching ******** 
09-16 23:23 DEBUG    Best Sigma0: 0.5. Best sigma: 1 Best gamma: 10. Best Test accuracy: 0.4526. Train acc: 0.47048. 

09-16 23:23 DEBUG    PDM_KL log: {(0.5, 1, 10): {'shapes': [(3072, 144), (144,), (144, 10), (10,)], 'train_accuracy': 0.47048, 'test_accuracy': 0.4526}} 
09-16 23:24 DEBUG    ****** PDM_KL matching ******** 
09-16 23:24 DEBUG    Best Sigma0: 0.5. Best sigma: 1 Best gamma: 10. Best Test accuracy: 0.4532. Train acc: 0.47392. 

09-16 23:24 DEBUG    PDM_KL log: {(0.5, 1, 10): {'shapes': [(3072, 155), (155,), (155, 10), (10,)], 'train_accuracy': 0.47392, 'test_accuracy': 0.4532}} 
09-16 23:26 DEBUG    ****** PDM_KL matching ******** 
09-16 23:26 DEBUG    Best Sigma0: 0.5. Best sigma: 1 Best gamma: 10. Best Test accuracy: 0.4531. Train acc: 0.47414. 

09-16 23:26 DEBUG    PDM_KL log: {(0.5, 1, 10): {'shapes': [(3072, 165), (165,), (165, 10), (10,)], 'train_accuracy': 0.47414, 'test_accuracy': 0.4531}} 
09-16 23:27 DEBUG    ****** PDM_KL matching ******** 
09-16 23:27 DEBUG    Best Sigma0: 0.5. Best sigma: 1 Best gamma: 10. Best Test accuracy: 0.4531. Train acc: 0.47414. 

09-16 23:27 DEBUG    PDM_KL log: {(0.5, 1, 10): {'shapes': [(3072, 172), (172,), (172, 10), (10,)], 'train_accuracy': 0.47414, 'test_accuracy': 0.4531}} 
09-16 23:28 DEBUG    ****** PDM_KL matching ******** 
09-16 23:28 DEBUG    Best Sigma0: 0.5. Best sigma: 1 Best gamma: 10. Best Test accuracy: 0.4226. Train acc: 0.44234. 

09-16 23:28 DEBUG    PDM_KL log: {(0.5, 1, 10): {'shapes': [(3072, 174), (174,), (174, 10), (10,)], 'train_accuracy': 0.44234, 'test_accuracy': 0.4226}} 
09-16 23:28 DEBUG    Trial 7 completed
09-16 23:28 DEBUG    ####################################################################################################
09-16 23:28 DEBUG    ####################################################################################################
09-16 23:28 DEBUG    Executing Trial 8 with seed 8
09-16 23:28 DEBUG    Data statistics: {0: {0: 2507, 1: 2483, 2: 2468, 3: 2477, 4: 2534, 5: 2505, 6: 2498, 7: 2495, 8: 2513, 9: 2520}, 1: {0: 2493, 1: 2517, 2: 2532, 3: 2523, 4: 2466, 5: 2495, 6: 2502, 7: 2505, 8: 2487, 9: 2480}}
09-16 23:29 DEBUG    **************************************************
09-16 23:29 DEBUG    Running experiments 

09-16 23:29 DEBUG    Uniform ensemble (Train acc): 0.459500
09-16 23:29 DEBUG    Uniform ensemble (Test acc): 0.450700
09-16 23:29 DEBUG    FedAvg (Train acc): 0.198660
09-16 23:29 DEBUG    FedAvg (Test acc): 0.190900
09-16 23:30 DEBUG    ****** PDM_KL matching ******** 
09-16 23:30 DEBUG    Best Sigma0: 0.5. Best sigma: 1 Best gamma: 10. Best Test accuracy: 0.4427. Train acc: 0.4482. 

09-16 23:30 DEBUG    PDM_KL log: {(0.5, 1, 10): {'shapes': [(3072, 134), (134,), (134, 10), (10,)], 'train_accuracy': 0.4482, 'test_accuracy': 0.4427}} 
09-16 23:31 DEBUG    ****** PDM_KL matching ******** 
09-16 23:31 DEBUG    Best Sigma0: 0.5. Best sigma: 1 Best gamma: 10. Best Test accuracy: 0.4427. Train acc: 0.4482. 

09-16 23:31 DEBUG    PDM_KL log: {(0.5, 1, 10): {'shapes': [(3072, 134), (134,), (134, 10), (10,)], 'train_accuracy': 0.4482, 'test_accuracy': 0.4427}} 
09-16 23:33 DEBUG    ****** PDM_KL matching ******** 
09-16 23:33 DEBUG    Best Sigma0: 0.5. Best sigma: 1 Best gamma: 10. Best Test accuracy: 0.4427. Train acc: 0.4482. 

09-16 23:33 DEBUG    PDM_KL log: {(0.5, 1, 10): {'shapes': [(3072, 134), (134,), (134, 10), (10,)], 'train_accuracy': 0.4482, 'test_accuracy': 0.4427}} 
09-16 23:34 DEBUG    ****** PDM_KL matching ******** 
09-16 23:34 DEBUG    Best Sigma0: 0.5. Best sigma: 1 Best gamma: 10. Best Test accuracy: 0.4427. Train acc: 0.4482. 

09-16 23:34 DEBUG    PDM_KL log: {(0.5, 1, 10): {'shapes': [(3072, 134), (134,), (134, 10), (10,)], 'train_accuracy': 0.4482, 'test_accuracy': 0.4427}} 
09-16 23:35 DEBUG    ****** PDM_KL matching ******** 
09-16 23:35 DEBUG    Best Sigma0: 0.5. Best sigma: 1 Best gamma: 10. Best Test accuracy: 0.4427. Train acc: 0.4482. 

09-16 23:35 DEBUG    PDM_KL log: {(0.5, 1, 10): {'shapes': [(3072, 135), (135,), (135, 10), (10,)], 'train_accuracy': 0.4482, 'test_accuracy': 0.4427}} 
09-16 23:37 DEBUG    ****** PDM_KL matching ******** 
09-16 23:37 DEBUG    Best Sigma0: 0.5. Best sigma: 1 Best gamma: 10. Best Test accuracy: 0.4427. Train acc: 0.4482. 

09-16 23:37 DEBUG    PDM_KL log: {(0.5, 1, 10): {'shapes': [(3072, 135), (135,), (135, 10), (10,)], 'train_accuracy': 0.4482, 'test_accuracy': 0.4427}} 
09-16 23:38 DEBUG    ****** PDM_KL matching ******** 
09-16 23:38 DEBUG    Best Sigma0: 0.5. Best sigma: 1 Best gamma: 10. Best Test accuracy: 0.4387. Train acc: 0.44792. 

09-16 23:38 DEBUG    PDM_KL log: {(0.5, 1, 10): {'shapes': [(3072, 143), (143,), (143, 10), (10,)], 'train_accuracy': 0.44792, 'test_accuracy': 0.4387}} 
09-16 23:40 DEBUG    ****** PDM_KL matching ******** 
09-16 23:40 DEBUG    Best Sigma0: 0.5. Best sigma: 1 Best gamma: 10. Best Test accuracy: 0.4494. Train acc: 0.46192. 

09-16 23:40 DEBUG    PDM_KL log: {(0.5, 1, 10): {'shapes': [(3072, 154), (154,), (154, 10), (10,)], 'train_accuracy': 0.46192, 'test_accuracy': 0.4494}} 
09-16 23:41 DEBUG    ****** PDM_KL matching ******** 
09-16 23:41 DEBUG    Best Sigma0: 0.5. Best sigma: 1 Best gamma: 10. Best Test accuracy: 0.4494. Train acc: 0.46194. 

09-16 23:41 DEBUG    PDM_KL log: {(0.5, 1, 10): {'shapes': [(3072, 165), (165,), (165, 10), (10,)], 'train_accuracy': 0.46194, 'test_accuracy': 0.4494}} 
09-16 23:43 DEBUG    ****** PDM_KL matching ******** 
09-16 23:43 DEBUG    Best Sigma0: 0.5. Best sigma: 1 Best gamma: 10. Best Test accuracy: 0.4495. Train acc: 0.46194. 

09-16 23:43 DEBUG    PDM_KL log: {(0.5, 1, 10): {'shapes': [(3072, 176), (176,), (176, 10), (10,)], 'train_accuracy': 0.46194, 'test_accuracy': 0.4495}} 
09-16 23:44 DEBUG    ****** PDM_KL matching ******** 
09-16 23:44 DEBUG    Best Sigma0: 0.5. Best sigma: 1 Best gamma: 10. Best Test accuracy: 0.4293. Train acc: 0.4352. 

09-16 23:44 DEBUG    PDM_KL log: {(0.5, 1, 10): {'shapes': [(3072, 179), (179,), (179, 10), (10,)], 'train_accuracy': 0.4352, 'test_accuracy': 0.4293}} 
09-16 23:44 DEBUG    Trial 8 completed
09-16 23:44 DEBUG    ####################################################################################################
09-16 23:44 DEBUG    ####################################################################################################
09-16 23:44 DEBUG    Executing Trial 9 with seed 9
09-16 23:44 DEBUG    Data statistics: {0: {0: 2528, 1: 2484, 2: 2553, 3: 2458, 4: 2514, 5: 2472, 6: 2519, 7: 2512, 8: 2471, 9: 2489}, 1: {0: 2472, 1: 2516, 2: 2447, 3: 2542, 4: 2486, 5: 2528, 6: 2481, 7: 2488, 8: 2529, 9: 2511}}
09-16 23:45 DEBUG    **************************************************
09-16 23:45 DEBUG    Running experiments 

09-16 23:45 DEBUG    Uniform ensemble (Train acc): 0.464280
09-16 23:45 DEBUG    Uniform ensemble (Test acc): 0.454500
09-16 23:45 DEBUG    FedAvg (Train acc): 0.239540
09-16 23:45 DEBUG    FedAvg (Test acc): 0.233400
09-16 23:46 DEBUG    ****** PDM_KL matching ******** 
09-16 23:46 DEBUG    Best Sigma0: 0.5. Best sigma: 1 Best gamma: 10. Best Test accuracy: 0.4395. Train acc: 0.44858. 

09-16 23:46 DEBUG    PDM_KL log: {(0.5, 1, 10): {'shapes': [(3072, 134), (134,), (134, 10), (10,)], 'train_accuracy': 0.44858, 'test_accuracy': 0.4395}} 
09-16 23:48 DEBUG    ****** PDM_KL matching ******** 
09-16 23:48 DEBUG    Best Sigma0: 0.5. Best sigma: 1 Best gamma: 10. Best Test accuracy: 0.4395. Train acc: 0.44858. 

09-16 23:48 DEBUG    PDM_KL log: {(0.5, 1, 10): {'shapes': [(3072, 134), (134,), (134, 10), (10,)], 'train_accuracy': 0.44858, 'test_accuracy': 0.4395}} 
09-16 23:50 DEBUG    ****** PDM_KL matching ******** 
09-16 23:50 DEBUG    Best Sigma0: 0.5. Best sigma: 1 Best gamma: 10. Best Test accuracy: 0.4395. Train acc: 0.44858. 

09-16 23:50 DEBUG    PDM_KL log: {(0.5, 1, 10): {'shapes': [(3072, 134), (134,), (134, 10), (10,)], 'train_accuracy': 0.44858, 'test_accuracy': 0.4395}} 
09-16 23:51 DEBUG    ****** PDM_KL matching ******** 
09-16 23:51 DEBUG    Best Sigma0: 0.5. Best sigma: 1 Best gamma: 10. Best Test accuracy: 0.4395. Train acc: 0.44856. 

09-16 23:51 DEBUG    PDM_KL log: {(0.5, 1, 10): {'shapes': [(3072, 135), (135,), (135, 10), (10,)], 'train_accuracy': 0.44856, 'test_accuracy': 0.4395}} 
09-16 23:52 DEBUG    ****** PDM_KL matching ******** 
09-16 23:52 DEBUG    Best Sigma0: 0.5. Best sigma: 1 Best gamma: 10. Best Test accuracy: 0.4395. Train acc: 0.44856. 

09-16 23:52 DEBUG    PDM_KL log: {(0.5, 1, 10): {'shapes': [(3072, 135), (135,), (135, 10), (10,)], 'train_accuracy': 0.44856, 'test_accuracy': 0.4395}} 
09-16 23:54 DEBUG    ****** PDM_KL matching ******** 
09-16 23:54 DEBUG    Best Sigma0: 0.5. Best sigma: 1 Best gamma: 10. Best Test accuracy: 0.4395. Train acc: 0.44856. 

09-16 23:54 DEBUG    PDM_KL log: {(0.5, 1, 10): {'shapes': [(3072, 135), (135,), (135, 10), (10,)], 'train_accuracy': 0.44856, 'test_accuracy': 0.4395}} 
09-16 23:56 DEBUG    ****** PDM_KL matching ******** 
09-16 23:56 DEBUG    Best Sigma0: 0.5. Best sigma: 1 Best gamma: 10. Best Test accuracy: 0.452. Train acc: 0.46024. 

09-16 23:56 DEBUG    PDM_KL log: {(0.5, 1, 10): {'shapes': [(3072, 143), (143,), (143, 10), (10,)], 'train_accuracy': 0.46024, 'test_accuracy': 0.452}} 
09-16 23:57 DEBUG    ****** PDM_KL matching ******** 
09-16 23:57 DEBUG    Best Sigma0: 0.5. Best sigma: 1 Best gamma: 10. Best Test accuracy: 0.4553. Train acc: 0.46364. 

09-16 23:57 DEBUG    PDM_KL log: {(0.5, 1, 10): {'shapes': [(3072, 154), (154,), (154, 10), (10,)], 'train_accuracy': 0.46364, 'test_accuracy': 0.4553}} 
09-16 23:58 DEBUG    ****** PDM_KL matching ******** 
09-16 23:58 DEBUG    Best Sigma0: 0.5. Best sigma: 1 Best gamma: 10. Best Test accuracy: 0.4552. Train acc: 0.46358. 

09-16 23:58 DEBUG    PDM_KL log: {(0.5, 1, 10): {'shapes': [(3072, 166), (166,), (166, 10), (10,)], 'train_accuracy': 0.46358, 'test_accuracy': 0.4552}} 
09-17 00:00 DEBUG    ****** PDM_KL matching ******** 
09-17 00:00 DEBUG    Best Sigma0: 0.5. Best sigma: 1 Best gamma: 10. Best Test accuracy: 0.4552. Train acc: 0.46372. 

09-17 00:00 DEBUG    PDM_KL log: {(0.5, 1, 10): {'shapes': [(3072, 174), (174,), (174, 10), (10,)], 'train_accuracy': 0.46372, 'test_accuracy': 0.4552}} 
09-17 00:02 DEBUG    ****** PDM_KL matching ******** 
09-17 00:02 DEBUG    Best Sigma0: 0.5. Best sigma: 1 Best gamma: 10. Best Test accuracy: 0.4188. Train acc: 0.4332. 

09-17 00:02 DEBUG    PDM_KL log: {(0.5, 1, 10): {'shapes': [(3072, 177), (177,), (177, 10), (10,)], 'train_accuracy': 0.4332, 'test_accuracy': 0.4188}} 
09-17 00:02 DEBUG    Trial 9 completed
09-17 00:02 DEBUG    ####################################################################################################
