09-11 16:30 DEBUG    Experiment arguments: Namespace(alpha=0.5, communication_rounds=None, datadir='data/mnist', dataset='mnist', device=1.0, dropout_p=0.0, epochs=10, experiment=['all'], init_seed=0, iter_epochs=5, layers=1, loaddir='saved_weights/mnist/homo', logdir='KL_regs/mnist/homo', lr=0.01, lr_decay=1.0, n=1, n_layers=1, n_nets=10, net_config=[784, 100, 10], num_pool_workers=1, partition='homo', pdm_gamma=1.0, pdm_sig=1.0, pdm_sig0=1.0, reg=1e-06, reg_fac=0.0, trials=1)
09-11 16:30 DEBUG    ####################################################################################################
09-11 16:30 DEBUG    Executing Trial 0 with seed 0
09-11 16:30 DEBUG    Data statistics: {0: {0: 605, 1: 688, 2: 586, 3: 583, 4: 565, 5: 518, 6: 631, 7: 625, 8: 584, 9: 615}, 1: {0: 600, 1: 691, 2: 580, 3: 625, 4: 588, 5: 557, 6: 559, 7: 603, 8: 607, 9: 590}, 2: {0: 607, 1: 691, 2: 583, 3: 639, 4: 577, 5: 516, 6: 571, 7: 641, 8: 596, 9: 579}, 3: {0: 605, 1: 642, 2: 610, 3: 580, 4: 590, 5: 565, 6: 572, 7: 632, 8: 591, 9: 613}, 4: {0: 578, 1: 653, 2: 600, 3: 593, 4: 627, 5: 556, 6: 629, 7: 608, 8: 581, 9: 575}, 5: {0: 596, 1: 690, 2: 594, 3: 650, 4: 589, 5: 539, 6: 547, 7: 612, 8: 568, 9: 615}, 6: {0: 598, 1: 645, 2: 614, 3: 624, 4: 572, 5: 556, 6: 605, 7: 605, 8: 601, 9: 580}, 7: {0: 544, 1: 682, 2: 604, 3: 591, 4: 605, 5: 562, 6: 601, 7: 694, 8: 525, 9: 592}, 8: {0: 564, 1: 665, 2: 608, 3: 647, 4: 566, 5: 520, 6: 615, 7: 613, 8: 594, 9: 608}, 9: {0: 626, 1: 695, 2: 579, 3: 599, 4: 563, 5: 532, 6: 588, 7: 632, 8: 604, 9: 582}}
09-11 16:30 DEBUG    **************************************************
09-11 16:30 DEBUG    Running experiments 

09-11 16:30 DEBUG    Uniform ensemble (Train acc): 0.972000
09-11 16:30 DEBUG    Uniform ensemble (Test acc): 0.970000
09-11 16:30 DEBUG    FedAvg (Train acc): 0.139283
09-11 16:30 DEBUG    FedAvg (Test acc): 0.139300
09-11 16:30 DEBUG    ****** PDM_KL matching ******** 
09-11 16:30 DEBUG    Best Sigma0: 0.5. Best sigma: 1 Best gamma: 10. Best Test accuracy: 0.9621. Train acc: 0.9652333333333334. 

09-11 16:30 DEBUG    PDM_KL log: {(0.5, 1, 10): {'shapes': [(784, 277), (277,), (277, 10), (10,)], 'train_accuracy': 0.9652333333333334, 'test_accuracy': 0.9621}} 
09-11 16:31 DEBUG    ****** PDM_KL matching ******** 
09-11 16:31 DEBUG    Best Sigma0: 0.5. Best sigma: 1 Best gamma: 10. Best Test accuracy: 0.9633. Train acc: 0.9662833333333334. 

09-11 16:31 DEBUG    PDM_KL log: {(0.5, 1, 10): {'shapes': [(784, 281), (281,), (281, 10), (10,)], 'train_accuracy': 0.9662833333333334, 'test_accuracy': 0.9633}} 
09-11 16:31 DEBUG    ****** PDM_KL matching ******** 
09-11 16:31 DEBUG    Best Sigma0: 0.5. Best sigma: 1 Best gamma: 10. Best Test accuracy: 0.9639. Train acc: 0.9657333333333333. 

09-11 16:31 DEBUG    PDM_KL log: {(0.5, 1, 10): {'shapes': [(784, 282), (282,), (282, 10), (10,)], 'train_accuracy': 0.9657333333333333, 'test_accuracy': 0.9639}} 
09-11 16:32 DEBUG    ****** PDM_KL matching ******** 
09-11 16:32 DEBUG    Best Sigma0: 0.5. Best sigma: 1 Best gamma: 10. Best Test accuracy: 0.9632. Train acc: 0.9651166666666666. 

09-11 16:32 DEBUG    PDM_KL log: {(0.5, 1, 10): {'shapes': [(784, 283), (283,), (283, 10), (10,)], 'train_accuracy': 0.9651166666666666, 'test_accuracy': 0.9632}} 
09-11 16:32 DEBUG    ****** PDM_KL matching ******** 
09-11 16:32 DEBUG    Best Sigma0: 0.5. Best sigma: 1 Best gamma: 10. Best Test accuracy: 0.9619. Train acc: 0.9641166666666666. 

09-11 16:32 DEBUG    PDM_KL log: {(0.5, 1, 10): {'shapes': [(784, 289), (289,), (289, 10), (10,)], 'train_accuracy': 0.9641166666666666, 'test_accuracy': 0.9619}} 
09-11 16:32 DEBUG    ****** PDM_KL matching ******** 
09-11 16:32 DEBUG    Best Sigma0: 0.5. Best sigma: 1 Best gamma: 10. Best Test accuracy: 0.9642. Train acc: 0.96635. 

09-11 16:32 DEBUG    PDM_KL log: {(0.5, 1, 10): {'shapes': [(784, 304), (304,), (304, 10), (10,)], 'train_accuracy': 0.96635, 'test_accuracy': 0.9642}} 
09-11 16:33 DEBUG    ****** PDM_KL matching ******** 
09-11 16:33 DEBUG    Best Sigma0: 0.5. Best sigma: 1 Best gamma: 10. Best Test accuracy: 0.9686. Train acc: 0.9698833333333333. 

09-11 16:33 DEBUG    PDM_KL log: {(0.5, 1, 10): {'shapes': [(784, 446), (446,), (446, 10), (10,)], 'train_accuracy': 0.9698833333333333, 'test_accuracy': 0.9686}} 
09-11 16:34 DEBUG    ****** PDM_KL matching ******** 
09-11 16:34 DEBUG    Best Sigma0: 0.5. Best sigma: 1 Best gamma: 10. Best Test accuracy: 0.9709. Train acc: 0.97225. 

09-11 16:34 DEBUG    PDM_KL log: {(0.5, 1, 10): {'shapes': [(784, 657), (657,), (657, 10), (10,)], 'train_accuracy': 0.97225, 'test_accuracy': 0.9709}} 
09-11 16:35 DEBUG    ****** PDM_KL matching ******** 
09-11 16:35 DEBUG    Best Sigma0: 0.5. Best sigma: 1 Best gamma: 10. Best Test accuracy: 0.9693. Train acc: 0.9709. 

09-11 16:35 DEBUG    PDM_KL log: {(0.5, 1, 10): {'shapes': [(784, 694), (694,), (694, 10), (10,)], 'train_accuracy': 0.9709, 'test_accuracy': 0.9693}} 
09-11 16:35 DEBUG    ****** PDM_KL matching ******** 
09-11 16:35 DEBUG    Best Sigma0: 0.5. Best sigma: 1 Best gamma: 10. Best Test accuracy: 0.7487. Train acc: 0.7418833333333333. 

09-11 16:35 DEBUG    PDM_KL log: {(0.5, 1, 10): {'shapes': [(784, 219), (219,), (219, 10), (10,)], 'train_accuracy': 0.7418833333333333, 'test_accuracy': 0.7487}} 
09-11 16:36 DEBUG    ****** PDM_KL matching ******** 
09-11 16:36 DEBUG    Best Sigma0: 0.5. Best sigma: 1 Best gamma: 10. Best Test accuracy: 0.3007. Train acc: 0.30555. 

09-11 16:36 DEBUG    PDM_KL log: {(0.5, 1, 10): {'shapes': [(784, 177), (177,), (177, 10), (10,)], 'train_accuracy': 0.30555, 'test_accuracy': 0.3007}} 
09-11 16:36 DEBUG    Trial 0 completed
09-11 16:36 DEBUG    ####################################################################################################
