09-13 11:55 DEBUG    Experiment arguments: Namespace(alpha=0.5, communication_rounds=None, datadir='data/cifar10', dataset='cifar10', device=1.0, dropout_p=0.0, epochs=10, experiment=['all'], init_seed=0, iter_epochs=5, layers=0, loaddir='saved_weights/cifar10/hetero-dir', logdir='KL_regs_bst_hyp/cifar10/hetero-dir', lr=0.01, lr_decay=1.0, n=30, n_layers=1, n_nets=20, net_config=[3072, 100, 10], num_pool_workers=7, partition='hetero-dir', pdm_gamma=50, pdm_sig=1, pdm_sig0=10, reg=1e-06, reg_fac=0.0, trials=10)
09-13 11:55 DEBUG    ####################################################################################################
09-13 11:55 DEBUG    Executing Trial 0 with seed 0
09-13 11:55 DEBUG    Data statistics: {0: {0: 530, 1: 489, 2: 27, 3: 69, 4: 104, 5: 75, 6: 217, 7: 22, 8: 1204}, 1: {0: 9, 1: 54, 2: 19, 3: 13, 4: 126, 5: 1202, 6: 302, 7: 1, 8: 417, 9: 688}, 2: {0: 5, 1: 1, 2: 235, 3: 55, 5: 573, 6: 811, 7: 1132}, 3: {0: 220, 1: 166, 2: 68, 3: 34, 4: 19, 5: 824, 6: 35, 7: 602, 9: 235}, 4: {0: 281, 1: 132, 2: 55, 3: 45, 4: 146, 5: 178, 6: 48, 7: 230, 8: 440, 9: 2209}, 5: {0: 702, 1: 349, 2: 345, 3: 255, 4: 541, 5: 27, 6: 739}, 6: {0: 6, 1: 125, 2: 1096, 3: 10, 4: 47, 5: 24, 6: 10, 7: 148, 8: 20, 9: 68}, 7: {0: 401, 1: 9, 2: 51, 3: 382, 4: 376, 5: 254, 6: 115, 7: 2, 8: 739, 9: 478}, 8: {0: 628, 1: 391, 2: 19, 3: 14, 4: 970, 5: 35, 6: 443}, 9: {0: 1, 1: 82, 2: 38, 3: 28, 4: 1040, 5: 220, 6: 997, 7: 31, 8: 93}, 10: {0: 647, 1: 839, 2: 259, 3: 278, 4: 36, 5: 275, 6: 20, 7: 192}, 11: {0: 287, 1: 822, 2: 807, 3: 41, 4: 24, 5: 182, 6: 88, 7: 27, 8: 85, 9: 30}, 12: {0: 257, 1: 337, 2: 209, 4: 167, 6: 40, 7: 1704}, 13: {0: 274, 1: 30, 2: 43, 3: 1144, 4: 642, 5: 169, 6: 198}, 14: {0: 501, 1: 50, 2: 165, 3: 204, 5: 7, 7: 168, 8: 186, 9: 802}, 15: {0: 151, 1: 224, 2: 203, 3: 1090, 4: 85, 5: 8, 6: 150, 7: 14, 8: 684}, 16: {0: 30, 1: 353, 2: 320, 3: 281, 4: 160, 5: 48, 6: 71, 7: 12, 8: 217, 9: 74}, 17: {0: 2, 1: 453, 2: 696, 3: 277, 4: 17, 5: 887, 6: 692}, 18: {0: 33, 1: 93, 2: 179, 3: 365, 4: 444, 6: 21, 7: 672, 8: 201, 9: 15}, 19: {0: 35, 1: 1, 2: 166, 3: 415, 4: 56, 5: 12, 6: 3, 7: 43, 8: 714, 9: 401}}
09-13 11:56 DEBUG    **************************************************
09-13 11:56 DEBUG    Running experiments 

09-13 11:57 DEBUG    Uniform ensemble (Train acc): 0.384100
09-13 11:57 DEBUG    Uniform ensemble (Test acc): 0.376100
09-13 11:57 DEBUG    FedAvg (Train acc): 0.100020
09-13 11:57 DEBUG    FedAvg (Test acc): 0.100000
09-13 12:50 DEBUG    ****** PDM_KL matching ******** 
09-13 12:50 DEBUG    Best Sigma0: 10. Best sigma: 1 Best gamma: 50. Best Test accuracy: 0.2636. Train acc: 0.2669. 

09-13 12:50 DEBUG    PDM_KL log: {(10, 1, 50): {'shapes': [(3072, 700), (700,), (700, 10), (10,)], 'train_accuracy': 0.2669, 'test_accuracy': 0.2636}} 
09-13 14:53 DEBUG    ****** PDM_KL matching ******** 
09-13 14:53 DEBUG    Best Sigma0: 10. Best sigma: 1 Best gamma: 50. Best Test accuracy: 0.2617. Train acc: 0.26678. 

09-13 14:53 DEBUG    PDM_KL log: {(10, 1, 50): {'shapes': [(3072, 700), (700,), (700, 10), (10,)], 'train_accuracy': 0.26678, 'test_accuracy': 0.2617}} 
09-13 17:00 DEBUG    ****** PDM_KL matching ******** 
09-13 17:00 DEBUG    Best Sigma0: 10. Best sigma: 1 Best gamma: 50. Best Test accuracy: 0.276. Train acc: 0.2784. 

09-13 17:00 DEBUG    PDM_KL log: {(10, 1, 50): {'shapes': [(3072, 700), (700,), (700, 10), (10,)], 'train_accuracy': 0.2784, 'test_accuracy': 0.276}} 
09-13 19:03 DEBUG    ****** PDM_KL matching ******** 
09-13 19:03 DEBUG    Best Sigma0: 10. Best sigma: 1 Best gamma: 50. Best Test accuracy: 0.2793. Train acc: 0.27992. 

09-13 19:03 DEBUG    PDM_KL log: {(10, 1, 50): {'shapes': [(3072, 700), (700,), (700, 10), (10,)], 'train_accuracy': 0.27992, 'test_accuracy': 0.2793}} 
09-13 20:54 DEBUG    ****** PDM_KL matching ******** 
09-13 20:54 DEBUG    Best Sigma0: 10. Best sigma: 1 Best gamma: 50. Best Test accuracy: 0.2769. Train acc: 0.28178. 

09-13 20:54 DEBUG    PDM_KL log: {(10, 1, 50): {'shapes': [(3072, 700), (700,), (700, 10), (10,)], 'train_accuracy': 0.28178, 'test_accuracy': 0.2769}} 
09-13 22:48 DEBUG    ****** PDM_KL matching ******** 
09-13 22:48 DEBUG    Best Sigma0: 10. Best sigma: 1 Best gamma: 50. Best Test accuracy: 0.2655. Train acc: 0.27082. 

09-13 22:48 DEBUG    PDM_KL log: {(10, 1, 50): {'shapes': [(3072, 700), (700,), (700, 10), (10,)], 'train_accuracy': 0.27082, 'test_accuracy': 0.2655}} 
09-14 00:42 DEBUG    ****** PDM_KL matching ******** 
09-14 00:42 DEBUG    Best Sigma0: 10. Best sigma: 1 Best gamma: 50. Best Test accuracy: 0.2813. Train acc: 0.28484. 

09-14 00:42 DEBUG    PDM_KL log: {(10, 1, 50): {'shapes': [(3072, 700), (700,), (700, 10), (10,)], 'train_accuracy': 0.28484, 'test_accuracy': 0.2813}} 
09-14 01:55 DEBUG    ****** PDM_KL matching ******** 
09-14 01:55 DEBUG    Best Sigma0: 10. Best sigma: 1 Best gamma: 50. Best Test accuracy: 0.2641. Train acc: 0.26602. 

09-14 01:55 DEBUG    PDM_KL log: {(10, 1, 50): {'shapes': [(3072, 353), (353,), (353, 10), (10,)], 'train_accuracy': 0.26602, 'test_accuracy': 0.2641}} 
09-14 02:25 DEBUG    ****** PDM_KL matching ******** 
09-14 02:25 DEBUG    Best Sigma0: 10. Best sigma: 1 Best gamma: 50. Best Test accuracy: 0.1013. Train acc: 0.1016. 

09-14 02:25 DEBUG    PDM_KL log: {(10, 1, 50): {'shapes': [(3072, 132), (132,), (132, 10), (10,)], 'train_accuracy': 0.1016, 'test_accuracy': 0.1013}} 
09-14 02:48 DEBUG    ****** PDM_KL matching ******** 
09-14 02:48 DEBUG    Best Sigma0: 10. Best sigma: 1 Best gamma: 50. Best Test accuracy: 0.1. Train acc: 0.1. 

09-14 02:48 DEBUG    PDM_KL log: {(10, 1, 50): {'shapes': [(3072, 120), (120,), (120, 10), (10,)], 'train_accuracy': 0.1, 'test_accuracy': 0.1}} 
09-14 03:09 DEBUG    ****** PDM_KL matching ******** 
09-14 03:09 DEBUG    Best Sigma0: 10. Best sigma: 1 Best gamma: 50. Best Test accuracy: 0.1. Train acc: 0.09998. 

09-14 03:09 DEBUG    PDM_KL log: {(10, 1, 50): {'shapes': [(3072, 110), (110,), (110, 10), (10,)], 'train_accuracy': 0.09998, 'test_accuracy': 0.1}} 
09-14 03:09 DEBUG    Trial 0 completed
09-14 03:09 DEBUG    ####################################################################################################
09-14 03:09 DEBUG    ####################################################################################################
09-14 03:09 DEBUG    Executing Trial 1 with seed 1
09-14 03:09 DEBUG    Data statistics: {0: {0: 37, 1: 712, 3: 500, 4: 107, 5: 52, 6: 5, 7: 417, 8: 224, 9: 193}, 1: {0: 421, 1: 116, 2: 1887, 3: 1, 4: 185}, 2: {0: 56, 1: 1, 2: 6, 3: 520, 4: 457, 5: 1, 6: 254, 7: 1, 8: 640, 9: 81}, 3: {0: 669, 1: 51, 2: 356, 3: 71, 4: 320, 5: 4, 6: 132, 7: 1, 8: 791, 9: 634}, 4: {0: 6, 1: 83, 2: 105, 3: 196, 4: 2, 5: 13, 6: 137, 7: 78, 9: 191}, 5: {0: 1186, 1: 46, 3: 13, 4: 5, 5: 1197, 6: 445}, 6: {0: 7, 1: 785, 2: 3, 3: 13, 4: 693, 5: 1629}, 7: {0: 221, 1: 152, 2: 3, 3: 375, 4: 9, 5: 57, 6: 25, 7: 103, 8: 6, 9: 819}, 8: {0: 133, 1: 99, 2: 17, 3: 604, 4: 248, 5: 30, 6: 90, 7: 1084, 8: 129, 9: 1208}, 9: {0: 159, 1: 100, 2: 50, 3: 12, 4: 143, 5: 47, 6: 161, 7: 1141, 8: 19, 9: 12}, 10: {0: 33, 1: 151, 2: 177, 3: 254, 4: 105, 5: 647, 6: 132, 7: 59, 8: 786, 9: 195}, 11: {0: 159, 1: 81, 3: 2, 4: 922, 5: 34, 6: 251, 7: 14, 8: 3, 9: 212}, 12: {0: 126, 1: 5, 2: 7, 3: 107, 4: 401, 5: 320, 6: 737, 7: 2, 8: 481, 9: 229}, 13: {0: 1, 1: 288, 2: 542, 3: 309, 4: 49, 5: 95, 7: 1249}, 14: {0: 13, 1: 1296, 2: 543, 3: 555, 4: 118}, 15: {0: 119, 1: 560, 2: 344, 3: 212, 4: 420, 5: 295, 6: 52, 7: 331, 8: 1710}, 16: {0: 74, 1: 110, 2: 55, 3: 427, 4: 43, 5: 9, 6: 15, 7: 99, 9: 1226}, 17: {0: 434, 1: 214, 2: 262, 3: 9, 4: 184, 5: 16, 6: 2014}, 18: {0: 419, 1: 17, 2: 293, 3: 575, 4: 588, 5: 400, 6: 40, 7: 126, 8: 90}, 19: {0: 727, 1: 133, 2: 350, 3: 245, 4: 1, 5: 154, 6: 510, 7: 295, 8: 121}}
09-14 03:16 DEBUG    **************************************************
09-14 03:16 DEBUG    Running experiments 

09-14 03:18 DEBUG    Uniform ensemble (Train acc): 0.387620
09-14 03:18 DEBUG    Uniform ensemble (Test acc): 0.386200
09-14 03:18 DEBUG    FedAvg (Train acc): 0.100060
09-14 03:18 DEBUG    FedAvg (Test acc): 0.100000
09-14 04:13 DEBUG    ****** PDM_KL matching ******** 
09-14 04:13 DEBUG    Best Sigma0: 10. Best sigma: 1 Best gamma: 50. Best Test accuracy: 0.261. Train acc: 0.26152. 

09-14 04:13 DEBUG    PDM_KL log: {(10, 1, 50): {'shapes': [(3072, 700), (700,), (700, 10), (10,)], 'train_accuracy': 0.26152, 'test_accuracy': 0.261}} 
09-14 06:10 DEBUG    ****** PDM_KL matching ******** 
09-14 06:10 DEBUG    Best Sigma0: 10. Best sigma: 1 Best gamma: 50. Best Test accuracy: 0.2578. Train acc: 0.25894. 

09-14 06:10 DEBUG    PDM_KL log: {(10, 1, 50): {'shapes': [(3072, 700), (700,), (700, 10), (10,)], 'train_accuracy': 0.25894, 'test_accuracy': 0.2578}} 
09-14 08:00 DEBUG    ****** PDM_KL matching ******** 
09-14 08:00 DEBUG    Best Sigma0: 10. Best sigma: 1 Best gamma: 50. Best Test accuracy: 0.2657. Train acc: 0.26602. 

09-14 08:00 DEBUG    PDM_KL log: {(10, 1, 50): {'shapes': [(3072, 700), (700,), (700, 10), (10,)], 'train_accuracy': 0.26602, 'test_accuracy': 0.2657}} 
09-14 09:48 DEBUG    ****** PDM_KL matching ******** 
09-14 09:48 DEBUG    Best Sigma0: 10. Best sigma: 1 Best gamma: 50. Best Test accuracy: 0.265. Train acc: 0.2664. 

09-14 09:48 DEBUG    PDM_KL log: {(10, 1, 50): {'shapes': [(3072, 700), (700,), (700, 10), (10,)], 'train_accuracy': 0.2664, 'test_accuracy': 0.265}} 
09-14 11:34 DEBUG    ****** PDM_KL matching ******** 
09-14 11:34 DEBUG    Best Sigma0: 10. Best sigma: 1 Best gamma: 50. Best Test accuracy: 0.252. Train acc: 0.25456. 

09-14 11:34 DEBUG    PDM_KL log: {(10, 1, 50): {'shapes': [(3072, 700), (700,), (700, 10), (10,)], 'train_accuracy': 0.25456, 'test_accuracy': 0.252}} 
09-14 13:24 DEBUG    ****** PDM_KL matching ******** 
09-14 13:24 DEBUG    Best Sigma0: 10. Best sigma: 1 Best gamma: 50. Best Test accuracy: 0.2602. Train acc: 0.26028. 

09-14 13:24 DEBUG    PDM_KL log: {(10, 1, 50): {'shapes': [(3072, 700), (700,), (700, 10), (10,)], 'train_accuracy': 0.26028, 'test_accuracy': 0.2602}} 
09-14 15:02 DEBUG    ****** PDM_KL matching ******** 
09-14 15:02 DEBUG    Best Sigma0: 10. Best sigma: 1 Best gamma: 50. Best Test accuracy: 0.2449. Train acc: 0.2457. 

09-14 15:02 DEBUG    PDM_KL log: {(10, 1, 50): {'shapes': [(3072, 700), (700,), (700, 10), (10,)], 'train_accuracy': 0.2457, 'test_accuracy': 0.2449}} 
09-14 16:03 DEBUG    ****** PDM_KL matching ******** 
09-14 16:03 DEBUG    Best Sigma0: 10. Best sigma: 1 Best gamma: 50. Best Test accuracy: 0.2527. Train acc: 0.25814. 

09-14 16:03 DEBUG    PDM_KL log: {(10, 1, 50): {'shapes': [(3072, 348), (348,), (348, 10), (10,)], 'train_accuracy': 0.25814, 'test_accuracy': 0.2527}} 
09-14 16:24 DEBUG    ****** PDM_KL matching ******** 
09-14 16:24 DEBUG    Best Sigma0: 10. Best sigma: 1 Best gamma: 50. Best Test accuracy: 0.0997. Train acc: 0.10006. 

09-14 16:24 DEBUG    PDM_KL log: {(10, 1, 50): {'shapes': [(3072, 120), (120,), (120, 10), (10,)], 'train_accuracy': 0.10006, 'test_accuracy': 0.0997}} 
09-14 16:41 DEBUG    ****** PDM_KL matching ******** 
09-14 16:41 DEBUG    Best Sigma0: 10. Best sigma: 1 Best gamma: 50. Best Test accuracy: 0.0997. Train acc: 0.10006. 

09-14 16:41 DEBUG    PDM_KL log: {(10, 1, 50): {'shapes': [(3072, 107), (107,), (107, 10), (10,)], 'train_accuracy': 0.10006, 'test_accuracy': 0.0997}} 
09-14 16:59 DEBUG    ****** PDM_KL matching ******** 
09-14 16:59 DEBUG    Best Sigma0: 10. Best sigma: 1 Best gamma: 50. Best Test accuracy: 0.1. Train acc: 0.1. 

09-14 16:59 DEBUG    PDM_KL log: {(10, 1, 50): {'shapes': [(3072, 103), (103,), (103, 10), (10,)], 'train_accuracy': 0.1, 'test_accuracy': 0.1}} 
09-14 16:59 DEBUG    Trial 1 completed
09-14 16:59 DEBUG    ####################################################################################################
09-14 16:59 DEBUG    ####################################################################################################
09-14 16:59 DEBUG    Executing Trial 2 with seed 2
09-14 16:59 DEBUG    Data statistics: {0: {0: 8, 1: 275, 2: 672, 3: 45, 4: 222, 5: 296, 6: 23, 7: 51, 8: 1181}, 1: {0: 128, 1: 78, 2: 93, 3: 23, 4: 437, 5: 185, 6: 39, 7: 495, 8: 4, 9: 284}, 2: {0: 211, 1: 118, 2: 24, 3: 87, 4: 125, 5: 722, 6: 542, 7: 16, 8: 546}, 3: {0: 109, 1: 1331, 2: 25, 3: 234, 4: 153, 5: 199, 6: 5, 7: 13, 8: 429, 9: 319}, 4: {0: 374, 1: 442, 2: 31, 3: 403, 4: 7, 5: 133, 6: 314, 7: 1428}, 5: {0: 91, 1: 452, 2: 184, 3: 20, 4: 16, 5: 1339, 6: 318, 7: 376}, 6: {0: 16, 1: 271, 2: 2, 3: 6, 4: 672, 5: 30, 6: 437, 8: 15, 9: 16}, 7: {0: 622, 1: 8, 2: 85, 3: 1386, 4: 222, 6: 5, 7: 215}, 8: {0: 445, 1: 282, 2: 9, 3: 18, 4: 133, 5: 478, 6: 626, 7: 131, 9: 183}, 9: {0: 5, 1: 72, 2: 2074, 3: 129, 4: 272}, 10: {0: 320, 1: 493, 2: 80, 3: 616, 4: 740, 5: 85, 6: 423}, 11: {0: 1154, 1: 288, 2: 5, 3: 109, 4: 316, 5: 77, 6: 78, 7: 33, 8: 2, 9: 12}, 12: {0: 1, 1: 6, 2: 469, 3: 48, 4: 27, 5: 30, 6: 908, 7: 20, 8: 144}, 13: {1: 63, 2: 98, 3: 82, 4: 198, 5: 348, 6: 59, 7: 356, 8: 346, 9: 2621}, 14: {0: 692, 1: 11, 2: 119, 3: 7, 4: 235, 5: 262, 6: 304, 7: 858, 8: 464}, 15: {0: 342, 1: 283, 2: 50, 3: 12, 4: 25, 5: 291, 6: 858, 7: 17, 8: 573, 9: 35}, 16: {0: 88, 1: 38, 2: 71, 3: 388, 5: 235, 6: 2, 7: 967, 8: 602, 9: 823}, 17: {0: 174, 1: 439, 3: 561, 4: 201, 5: 260, 6: 5, 7: 11, 8: 312, 9: 1}, 18: {0: 20, 1: 7, 2: 393, 3: 28, 4: 2, 5: 29, 6: 53, 7: 12, 8: 382, 9: 706}, 19: {0: 200, 1: 43, 2: 516, 3: 798, 4: 997, 5: 1, 6: 1, 7: 1}}
09-14 17:05 DEBUG    **************************************************
09-14 17:05 DEBUG    Running experiments 

09-14 17:07 DEBUG    Uniform ensemble (Train acc): 0.379020
09-14 17:07 DEBUG    Uniform ensemble (Test acc): 0.374800
09-14 17:07 DEBUG    FedAvg (Train acc): 0.100040
09-14 17:07 DEBUG    FedAvg (Test acc): 0.100000
09-14 17:53 DEBUG    ****** PDM_KL matching ******** 
09-14 17:53 DEBUG    Best Sigma0: 10. Best sigma: 1 Best gamma: 50. Best Test accuracy: 0.2874. Train acc: 0.28456. 

09-14 17:53 DEBUG    PDM_KL log: {(10, 1, 50): {'shapes': [(3072, 700), (700,), (700, 10), (10,)], 'train_accuracy': 0.28456, 'test_accuracy': 0.2874}} 
09-14 19:24 DEBUG    ****** PDM_KL matching ******** 
09-14 19:24 DEBUG    Best Sigma0: 10. Best sigma: 1 Best gamma: 50. Best Test accuracy: 0.2785. Train acc: 0.27724. 

09-14 19:24 DEBUG    PDM_KL log: {(10, 1, 50): {'shapes': [(3072, 700), (700,), (700, 10), (10,)], 'train_accuracy': 0.27724, 'test_accuracy': 0.2785}} 
09-14 20:55 DEBUG    ****** PDM_KL matching ******** 
09-14 20:55 DEBUG    Best Sigma0: 10. Best sigma: 1 Best gamma: 50. Best Test accuracy: 0.2817. Train acc: 0.27828. 

09-14 20:55 DEBUG    PDM_KL log: {(10, 1, 50): {'shapes': [(3072, 700), (700,), (700, 10), (10,)], 'train_accuracy': 0.27828, 'test_accuracy': 0.2817}} 
09-14 22:26 DEBUG    ****** PDM_KL matching ******** 
09-14 22:26 DEBUG    Best Sigma0: 10. Best sigma: 1 Best gamma: 50. Best Test accuracy: 0.2835. Train acc: 0.28088. 

09-14 22:26 DEBUG    PDM_KL log: {(10, 1, 50): {'shapes': [(3072, 700), (700,), (700, 10), (10,)], 'train_accuracy': 0.28088, 'test_accuracy': 0.2835}} 
09-14 23:57 DEBUG    ****** PDM_KL matching ******** 
09-14 23:57 DEBUG    Best Sigma0: 10. Best sigma: 1 Best gamma: 50. Best Test accuracy: 0.2842. Train acc: 0.28098. 

09-14 23:57 DEBUG    PDM_KL log: {(10, 1, 50): {'shapes': [(3072, 700), (700,), (700, 10), (10,)], 'train_accuracy': 0.28098, 'test_accuracy': 0.2842}} 
09-15 01:27 DEBUG    ****** PDM_KL matching ******** 
09-15 01:27 DEBUG    Best Sigma0: 10. Best sigma: 1 Best gamma: 50. Best Test accuracy: 0.2858. Train acc: 0.28298. 

09-15 01:27 DEBUG    PDM_KL log: {(10, 1, 50): {'shapes': [(3072, 700), (700,), (700, 10), (10,)], 'train_accuracy': 0.28298, 'test_accuracy': 0.2858}} 
09-15 03:00 DEBUG    ****** PDM_KL matching ******** 
09-15 03:00 DEBUG    Best Sigma0: 10. Best sigma: 1 Best gamma: 50. Best Test accuracy: 0.2649. Train acc: 0.26472. 

09-15 03:00 DEBUG    PDM_KL log: {(10, 1, 50): {'shapes': [(3072, 700), (700,), (700, 10), (10,)], 'train_accuracy': 0.26472, 'test_accuracy': 0.2649}} 
09-15 03:47 DEBUG    ****** PDM_KL matching ******** 
09-15 03:47 DEBUG    Best Sigma0: 10. Best sigma: 1 Best gamma: 50. Best Test accuracy: 0.2512. Train acc: 0.252. 

09-15 03:47 DEBUG    PDM_KL log: {(10, 1, 50): {'shapes': [(3072, 355), (355,), (355, 10), (10,)], 'train_accuracy': 0.252, 'test_accuracy': 0.2512}} 
09-15 04:04 DEBUG    ****** PDM_KL matching ******** 
09-15 04:04 DEBUG    Best Sigma0: 10. Best sigma: 1 Best gamma: 50. Best Test accuracy: 0.1. Train acc: 0.1. 

09-15 04:04 DEBUG    PDM_KL log: {(10, 1, 50): {'shapes': [(3072, 128), (128,), (128, 10), (10,)], 'train_accuracy': 0.1, 'test_accuracy': 0.1}} 
09-15 04:19 DEBUG    ****** PDM_KL matching ******** 
09-15 04:19 DEBUG    Best Sigma0: 10. Best sigma: 1 Best gamma: 50. Best Test accuracy: 0.1. Train acc: 0.1. 

09-15 04:19 DEBUG    PDM_KL log: {(10, 1, 50): {'shapes': [(3072, 117), (117,), (117, 10), (10,)], 'train_accuracy': 0.1, 'test_accuracy': 0.1}} 
09-15 04:32 DEBUG    ****** PDM_KL matching ******** 
09-15 04:32 DEBUG    Best Sigma0: 10. Best sigma: 1 Best gamma: 50. Best Test accuracy: 0.1. Train acc: 0.1. 

09-15 04:32 DEBUG    PDM_KL log: {(10, 1, 50): {'shapes': [(3072, 111), (111,), (111, 10), (10,)], 'train_accuracy': 0.1, 'test_accuracy': 0.1}} 
09-15 04:32 DEBUG    Trial 2 completed
09-15 04:32 DEBUG    ####################################################################################################
09-15 04:32 DEBUG    ####################################################################################################
09-15 04:32 DEBUG    Executing Trial 3 with seed 3
09-15 04:33 DEBUG    Data statistics: {0: {0: 241, 1: 31, 4: 174, 5: 217, 6: 400, 7: 47, 8: 93, 9: 496}, 1: {0: 673, 1: 365, 2: 675, 3: 503, 4: 353}, 2: {0: 283, 1: 31, 2: 20, 3: 1152, 4: 16, 5: 7, 6: 25, 7: 354, 8: 341, 9: 1047}, 3: {0: 5, 1: 65, 2: 285, 3: 21, 4: 126, 5: 177, 6: 24, 7: 283, 8: 547, 9: 17}, 4: {0: 1043, 2: 260, 3: 469, 4: 75, 5: 1772}, 5: {0: 472, 1: 51, 2: 229, 3: 221, 4: 27, 5: 267, 6: 676, 8: 817}, 6: {0: 18, 1: 148, 2: 53, 3: 299, 4: 1, 5: 180, 6: 261, 7: 2, 8: 175, 9: 148}, 7: {0: 911, 1: 73, 2: 331, 3: 349, 4: 25, 5: 630, 6: 168, 7: 884}, 8: {0: 66, 1: 329, 2: 83, 3: 74, 4: 3, 5: 130, 6: 82, 7: 248, 8: 1445, 9: 276}, 9: {0: 4, 1: 77, 2: 55, 3: 112, 4: 81, 5: 47, 6: 768, 7: 200, 8: 408, 9: 35}, 10: {0: 313, 1: 64, 2: 306, 3: 288, 4: 727, 5: 141, 6: 735}, 11: {0: 108, 1: 86, 2: 87, 3: 24, 4: 618, 5: 31, 6: 1039, 7: 185, 8: 221, 9: 67}, 12: {0: 239, 1: 28, 2: 216, 3: 225, 4: 950, 5: 1076}, 13: {0: 16, 1: 928, 2: 416, 3: 476, 4: 24, 5: 148, 6: 488, 7: 195}, 14: {0: 19, 2: 249, 3: 38, 4: 7, 6: 89, 7: 861, 8: 610, 9: 538}, 15: {0: 41, 1: 100, 2: 365, 4: 294, 5: 29, 6: 89, 7: 1070, 9: 907}, 16: {0: 181, 1: 171, 2: 165, 3: 280, 4: 123, 5: 25, 7: 38, 8: 163, 9: 1292}, 17: {0: 92, 1: 2110, 2: 590}, 18: {0: 70, 1: 324, 2: 322, 3: 401, 4: 80, 5: 8, 6: 150, 7: 195, 8: 179, 9: 32}, 19: {0: 205, 1: 19, 2: 293, 3: 68, 4: 1296, 5: 115, 6: 6, 7: 438, 8: 1, 9: 145}}
09-15 04:37 DEBUG    **************************************************
09-15 04:37 DEBUG    Running experiments 

09-15 04:38 DEBUG    Uniform ensemble (Train acc): 0.402360
09-15 04:38 DEBUG    Uniform ensemble (Test acc): 0.395200
09-15 04:39 DEBUG    FedAvg (Train acc): 0.099980
09-15 04:39 DEBUG    FedAvg (Test acc): 0.099900
09-15 05:15 DEBUG    ****** PDM_KL matching ******** 
09-15 05:15 DEBUG    Best Sigma0: 10. Best sigma: 1 Best gamma: 50. Best Test accuracy: 0.2336. Train acc: 0.23414. 

09-15 05:15 DEBUG    PDM_KL log: {(10, 1, 50): {'shapes': [(3072, 700), (700,), (700, 10), (10,)], 'train_accuracy': 0.23414, 'test_accuracy': 0.2336}} 
09-15 06:20 DEBUG    ****** PDM_KL matching ******** 
09-15 06:20 DEBUG    Best Sigma0: 10. Best sigma: 1 Best gamma: 50. Best Test accuracy: 0.244. Train acc: 0.24522. 

09-15 06:20 DEBUG    PDM_KL log: {(10, 1, 50): {'shapes': [(3072, 700), (700,), (700, 10), (10,)], 'train_accuracy': 0.24522, 'test_accuracy': 0.244}} 
09-15 07:17 DEBUG    ****** PDM_KL matching ******** 
09-15 07:17 DEBUG    Best Sigma0: 10. Best sigma: 1 Best gamma: 50. Best Test accuracy: 0.2438. Train acc: 0.2464. 

09-15 07:17 DEBUG    PDM_KL log: {(10, 1, 50): {'shapes': [(3072, 700), (700,), (700, 10), (10,)], 'train_accuracy': 0.2464, 'test_accuracy': 0.2438}} 
09-15 08:13 DEBUG    ****** PDM_KL matching ******** 
09-15 08:13 DEBUG    Best Sigma0: 10. Best sigma: 1 Best gamma: 50. Best Test accuracy: 0.2362. Train acc: 0.23686. 

09-15 08:13 DEBUG    PDM_KL log: {(10, 1, 50): {'shapes': [(3072, 700), (700,), (700, 10), (10,)], 'train_accuracy': 0.23686, 'test_accuracy': 0.2362}} 
09-15 09:12 DEBUG    ****** PDM_KL matching ******** 
09-15 09:12 DEBUG    Best Sigma0: 10. Best sigma: 1 Best gamma: 50. Best Test accuracy: 0.2313. Train acc: 0.23248. 

09-15 09:12 DEBUG    PDM_KL log: {(10, 1, 50): {'shapes': [(3072, 700), (700,), (700, 10), (10,)], 'train_accuracy': 0.23248, 'test_accuracy': 0.2313}} 
09-15 10:08 DEBUG    ****** PDM_KL matching ******** 
09-15 10:08 DEBUG    Best Sigma0: 10. Best sigma: 1 Best gamma: 50. Best Test accuracy: 0.2383. Train acc: 0.2396. 

09-15 10:08 DEBUG    PDM_KL log: {(10, 1, 50): {'shapes': [(3072, 700), (700,), (700, 10), (10,)], 'train_accuracy': 0.2396, 'test_accuracy': 0.2383}} 
09-15 11:04 DEBUG    ****** PDM_KL matching ******** 
09-15 11:04 DEBUG    Best Sigma0: 10. Best sigma: 1 Best gamma: 50. Best Test accuracy: 0.2135. Train acc: 0.21648. 

09-15 11:04 DEBUG    PDM_KL log: {(10, 1, 50): {'shapes': [(3072, 700), (700,), (700, 10), (10,)], 'train_accuracy': 0.21648, 'test_accuracy': 0.2135}} 
09-15 11:47 DEBUG    ****** PDM_KL matching ******** 
09-15 11:47 DEBUG    Best Sigma0: 10. Best sigma: 1 Best gamma: 50. Best Test accuracy: 0.2011. Train acc: 0.20306. 

09-15 11:47 DEBUG    PDM_KL log: {(10, 1, 50): {'shapes': [(3072, 356), (356,), (356, 10), (10,)], 'train_accuracy': 0.20306, 'test_accuracy': 0.2011}} 
09-15 12:07 DEBUG    ****** PDM_KL matching ******** 
09-15 12:07 DEBUG    Best Sigma0: 10. Best sigma: 1 Best gamma: 50. Best Test accuracy: 0.1. Train acc: 0.1. 

09-15 12:07 DEBUG    PDM_KL log: {(10, 1, 50): {'shapes': [(3072, 131), (131,), (131, 10), (10,)], 'train_accuracy': 0.1, 'test_accuracy': 0.1}} 
09-15 12:23 DEBUG    ****** PDM_KL matching ******** 
09-15 12:23 DEBUG    Best Sigma0: 10. Best sigma: 1 Best gamma: 50. Best Test accuracy: 0.1. Train acc: 0.1. 

09-15 12:23 DEBUG    PDM_KL log: {(10, 1, 50): {'shapes': [(3072, 117), (117,), (117, 10), (10,)], 'train_accuracy': 0.1, 'test_accuracy': 0.1}} 
09-15 12:37 DEBUG    ****** PDM_KL matching ******** 
09-15 12:37 DEBUG    Best Sigma0: 10. Best sigma: 1 Best gamma: 50. Best Test accuracy: 0.1. Train acc: 0.1. 

09-15 12:37 DEBUG    PDM_KL log: {(10, 1, 50): {'shapes': [(3072, 109), (109,), (109, 10), (10,)], 'train_accuracy': 0.1, 'test_accuracy': 0.1}} 
09-15 12:37 DEBUG    Trial 3 completed
09-15 12:37 DEBUG    ####################################################################################################
09-15 12:37 DEBUG    ####################################################################################################
09-15 12:37 DEBUG    Executing Trial 4 with seed 4
09-15 12:37 DEBUG    Data statistics: {0: {0: 51, 1: 114, 2: 45, 3: 332, 4: 35, 5: 21, 6: 519, 7: 841, 8: 72, 9: 272}, 1: {0: 589, 1: 65, 2: 99, 3: 150, 4: 273, 5: 268, 6: 226, 7: 191, 8: 560, 9: 312}, 2: {0: 384, 1: 14, 2: 128, 3: 797, 4: 1126, 5: 36, 6: 28}, 3: {0: 459, 1: 53, 2: 11, 3: 16, 4: 380, 5: 237, 6: 99, 8: 134, 9: 46}, 4: {0: 79, 1: 218, 2: 60, 3: 576, 4: 1, 5: 12, 7: 65, 8: 203, 9: 454}, 5: {0: 96, 1: 1, 2: 112, 3: 5, 4: 59, 5: 163, 7: 354, 8: 1192, 9: 600}, 6: {0: 72, 1: 13, 2: 58, 3: 1, 4: 1002, 5: 287, 6: 772, 7: 747}, 7: {0: 1, 1: 29, 2: 9, 3: 62, 4: 9, 5: 249, 6: 39, 7: 2052, 8: 241}, 8: {0: 67, 1: 40, 2: 133, 3: 149, 4: 107, 5: 525, 6: 6, 7: 18, 8: 39}, 9: {0: 419, 1: 1114, 2: 1875}, 10: {0: 804, 1: 627, 2: 363, 3: 234, 4: 47, 5: 833}, 11: {0: 86, 1: 1, 2: 247, 3: 158, 4: 127, 5: 10, 6: 885, 7: 26, 8: 920, 9: 233}, 12: {0: 8, 1: 9, 2: 217, 3: 1436, 4: 277, 5: 102, 6: 452}, 13: {0: 614, 1: 282, 2: 504, 3: 28, 4: 1, 5: 514, 6: 24, 7: 305, 8: 514}, 14: {0: 317, 1: 459, 2: 246, 3: 175, 4: 494, 5: 85, 6: 208, 7: 6, 8: 29}, 15: {0: 22, 1: 465, 2: 78, 3: 323, 4: 332, 5: 1, 6: 8, 7: 32, 8: 835, 9: 2759}, 16: {0: 151, 1: 336, 2: 25, 3: 89, 4: 139, 5: 658, 6: 20, 7: 310, 8: 94, 9: 3}, 17: {0: 353, 1: 475, 2: 157, 4: 48, 5: 736, 6: 4, 8: 49, 9: 1}, 18: {0: 211, 1: 682, 2: 65, 3: 376, 4: 503, 5: 85, 6: 279, 7: 53, 8: 118, 9: 320}, 19: {0: 217, 1: 3, 2: 568, 3: 93, 4: 40, 5: 178, 6: 1431}}
09-15 12:42 DEBUG    **************************************************
09-15 12:42 DEBUG    Running experiments 

09-15 12:43 DEBUG    Uniform ensemble (Train acc): 0.388400
09-15 12:43 DEBUG    Uniform ensemble (Test acc): 0.383200
09-15 12:44 DEBUG    FedAvg (Train acc): 0.100020
09-15 12:44 DEBUG    FedAvg (Test acc): 0.099900
09-15 13:19 DEBUG    ****** PDM_KL matching ******** 
09-15 13:19 DEBUG    Best Sigma0: 10. Best sigma: 1 Best gamma: 50. Best Test accuracy: 0.2461. Train acc: 0.24796. 

09-15 13:19 DEBUG    PDM_KL log: {(10, 1, 50): {'shapes': [(3072, 700), (700,), (700, 10), (10,)], 'train_accuracy': 0.24796, 'test_accuracy': 0.2461}} 
09-15 14:35 DEBUG    ****** PDM_KL matching ******** 
09-15 14:35 DEBUG    Best Sigma0: 10. Best sigma: 1 Best gamma: 50. Best Test accuracy: 0.2445. Train acc: 0.24682. 

09-15 14:35 DEBUG    PDM_KL log: {(10, 1, 50): {'shapes': [(3072, 700), (700,), (700, 10), (10,)], 'train_accuracy': 0.24682, 'test_accuracy': 0.2445}} 
09-15 15:47 DEBUG    ****** PDM_KL matching ******** 
09-15 15:47 DEBUG    Best Sigma0: 10. Best sigma: 1 Best gamma: 50. Best Test accuracy: 0.2306. Train acc: 0.23434. 

09-15 15:47 DEBUG    PDM_KL log: {(10, 1, 50): {'shapes': [(3072, 700), (700,), (700, 10), (10,)], 'train_accuracy': 0.23434, 'test_accuracy': 0.2306}} 
09-15 16:55 DEBUG    ****** PDM_KL matching ******** 
09-15 16:55 DEBUG    Best Sigma0: 10. Best sigma: 1 Best gamma: 50. Best Test accuracy: 0.2197. Train acc: 0.22332. 

09-15 16:55 DEBUG    PDM_KL log: {(10, 1, 50): {'shapes': [(3072, 700), (700,), (700, 10), (10,)], 'train_accuracy': 0.22332, 'test_accuracy': 0.2197}} 
09-15 18:08 DEBUG    ****** PDM_KL matching ******** 
09-15 18:08 DEBUG    Best Sigma0: 10. Best sigma: 1 Best gamma: 50. Best Test accuracy: 0.2229. Train acc: 0.22948. 

09-15 18:08 DEBUG    PDM_KL log: {(10, 1, 50): {'shapes': [(3072, 700), (700,), (700, 10), (10,)], 'train_accuracy': 0.22948, 'test_accuracy': 0.2229}} 
09-15 19:19 DEBUG    ****** PDM_KL matching ******** 
09-15 19:19 DEBUG    Best Sigma0: 10. Best sigma: 1 Best gamma: 50. Best Test accuracy: 0.2308. Train acc: 0.23544. 

09-15 19:19 DEBUG    PDM_KL log: {(10, 1, 50): {'shapes': [(3072, 700), (700,), (700, 10), (10,)], 'train_accuracy': 0.23544, 'test_accuracy': 0.2308}} 
09-15 20:29 DEBUG    ****** PDM_KL matching ******** 
09-15 20:29 DEBUG    Best Sigma0: 10. Best sigma: 1 Best gamma: 50. Best Test accuracy: 0.2593. Train acc: 0.25968. 

09-15 20:29 DEBUG    PDM_KL log: {(10, 1, 50): {'shapes': [(3072, 700), (700,), (700, 10), (10,)], 'train_accuracy': 0.25968, 'test_accuracy': 0.2593}} 
09-15 21:06 DEBUG    ****** PDM_KL matching ******** 
09-15 21:06 DEBUG    Best Sigma0: 10. Best sigma: 1 Best gamma: 50. Best Test accuracy: 0.1999. Train acc: 0.20288. 

09-15 21:06 DEBUG    PDM_KL log: {(10, 1, 50): {'shapes': [(3072, 352), (352,), (352, 10), (10,)], 'train_accuracy': 0.20288, 'test_accuracy': 0.1999}} 
09-15 21:20 DEBUG    ****** PDM_KL matching ******** 
09-15 21:20 DEBUG    Best Sigma0: 10. Best sigma: 1 Best gamma: 50. Best Test accuracy: 0.1. Train acc: 0.10002. 

09-15 21:20 DEBUG    PDM_KL log: {(10, 1, 50): {'shapes': [(3072, 125), (125,), (125, 10), (10,)], 'train_accuracy': 0.10002, 'test_accuracy': 0.1}} 
09-15 21:32 DEBUG    ****** PDM_KL matching ******** 
09-15 21:32 DEBUG    Best Sigma0: 10. Best sigma: 1 Best gamma: 50. Best Test accuracy: 0.1. Train acc: 0.10002. 

09-15 21:32 DEBUG    PDM_KL log: {(10, 1, 50): {'shapes': [(3072, 116), (116,), (116, 10), (10,)], 'train_accuracy': 0.10002, 'test_accuracy': 0.1}} 
09-15 21:43 DEBUG    ****** PDM_KL matching ******** 
09-15 21:43 DEBUG    Best Sigma0: 10. Best sigma: 1 Best gamma: 50. Best Test accuracy: 0.1. Train acc: 0.10002. 

09-15 21:43 DEBUG    PDM_KL log: {(10, 1, 50): {'shapes': [(3072, 109), (109,), (109, 10), (10,)], 'train_accuracy': 0.10002, 'test_accuracy': 0.1}} 
09-15 21:43 DEBUG    Trial 4 completed
09-15 21:43 DEBUG    ####################################################################################################
09-15 21:43 DEBUG    ####################################################################################################
09-15 21:43 DEBUG    Executing Trial 5 with seed 5
09-15 21:43 DEBUG    Data statistics: {0: {0: 16, 1: 3, 2: 494, 3: 1193, 4: 45, 5: 149, 6: 656}, 1: {0: 3, 1: 183, 2: 359, 3: 1, 4: 55, 5: 36, 6: 9, 7: 84, 8: 187, 9: 154}, 2: {0: 34, 1: 1380, 2: 339, 3: 7, 4: 719, 5: 7, 7: 265}, 3: {0: 192, 1: 9, 2: 1149, 3: 13, 4: 593, 5: 66, 6: 334, 7: 113, 8: 430}, 4: {0: 3, 1: 673, 2: 2, 3: 29, 4: 331, 5: 13, 6: 392, 7: 1528}, 5: {0: 4, 1: 172, 2: 13, 3: 98, 4: 265, 5: 334, 6: 10, 7: 587, 8: 171, 9: 1918}, 6: {0: 162, 1: 5, 2: 1, 4: 139, 5: 15, 6: 3, 7: 16, 8: 33, 9: 12}, 7: {0: 83, 1: 1, 2: 170, 3: 907, 4: 5, 5: 25, 6: 598, 7: 4, 8: 415}, 8: {0: 5, 1: 358, 2: 52, 3: 1088, 5: 33, 6: 228, 7: 229, 8: 22, 9: 4}, 9: {0: 20, 1: 39, 2: 2, 3: 426, 4: 32, 5: 2138}, 10: {0: 2, 1: 54, 2: 188, 3: 184, 5: 86, 6: 15, 7: 255, 8: 118, 9: 64}, 11: {0: 2061, 1: 368, 2: 844}, 12: {0: 288, 1: 406, 2: 225, 3: 8, 4: 571, 5: 41, 6: 11, 7: 25, 8: 538, 9: 53}, 13: {0: 849, 1: 43, 3: 62, 4: 486, 5: 665, 6: 276, 7: 350}, 14: {0: 456, 1: 377, 2: 42, 3: 188, 4: 964, 5: 22, 6: 280, 7: 1, 8: 746}, 15: {0: 231, 1: 89, 2: 166, 4: 180, 5: 18, 6: 26, 7: 849, 8: 2203}, 16: {0: 382, 1: 224, 2: 101, 3: 34, 4: 204, 5: 26, 6: 165, 7: 516, 8: 93, 9: 2220}, 17: {0: 171, 1: 260, 2: 20, 3: 287, 4: 206, 5: 69, 6: 551, 7: 12, 8: 25, 9: 567}, 18: {0: 37, 1: 353, 2: 446, 3: 34, 4: 8, 5: 24, 6: 1307, 7: 20, 8: 19, 9: 7}, 19: {0: 1, 1: 3, 2: 387, 3: 441, 4: 197, 5: 1233, 6: 139, 7: 146, 9: 1}}
09-15 21:46 DEBUG    **************************************************
09-15 21:46 DEBUG    Running experiments 

09-15 21:47 DEBUG    Uniform ensemble (Train acc): 0.381380
09-15 21:47 DEBUG    Uniform ensemble (Test acc): 0.367700
09-15 21:47 DEBUG    FedAvg (Train acc): 0.098220
09-15 21:47 DEBUG    FedAvg (Test acc): 0.097800
09-15 22:14 DEBUG    ****** PDM_KL matching ******** 
09-15 22:14 DEBUG    Best Sigma0: 10. Best sigma: 1 Best gamma: 50. Best Test accuracy: 0.283. Train acc: 0.28774. 

09-15 22:14 DEBUG    PDM_KL log: {(10, 1, 50): {'shapes': [(3072, 700), (700,), (700, 10), (10,)], 'train_accuracy': 0.28774, 'test_accuracy': 0.283}} 
09-15 23:06 DEBUG    ****** PDM_KL matching ******** 
09-15 23:06 DEBUG    Best Sigma0: 10. Best sigma: 1 Best gamma: 50. Best Test accuracy: 0.281. Train acc: 0.27914. 

09-15 23:06 DEBUG    PDM_KL log: {(10, 1, 50): {'shapes': [(3072, 700), (700,), (700, 10), (10,)], 'train_accuracy': 0.27914, 'test_accuracy': 0.281}} 
09-16 00:02 DEBUG    ****** PDM_KL matching ******** 
09-16 00:02 DEBUG    Best Sigma0: 10. Best sigma: 1 Best gamma: 50. Best Test accuracy: 0.282. Train acc: 0.28456. 

09-16 00:02 DEBUG    PDM_KL log: {(10, 1, 50): {'shapes': [(3072, 700), (700,), (700, 10), (10,)], 'train_accuracy': 0.28456, 'test_accuracy': 0.282}} 
09-16 01:00 DEBUG    ****** PDM_KL matching ******** 
09-16 01:00 DEBUG    Best Sigma0: 10. Best sigma: 1 Best gamma: 50. Best Test accuracy: 0.2807. Train acc: 0.28128. 

09-16 01:00 DEBUG    PDM_KL log: {(10, 1, 50): {'shapes': [(3072, 700), (700,), (700, 10), (10,)], 'train_accuracy': 0.28128, 'test_accuracy': 0.2807}} 
09-16 01:55 DEBUG    ****** PDM_KL matching ******** 
09-16 01:55 DEBUG    Best Sigma0: 10. Best sigma: 1 Best gamma: 50. Best Test accuracy: 0.2636. Train acc: 0.26118. 

09-16 01:55 DEBUG    PDM_KL log: {(10, 1, 50): {'shapes': [(3072, 700), (700,), (700, 10), (10,)], 'train_accuracy': 0.26118, 'test_accuracy': 0.2636}} 
09-16 02:47 DEBUG    ****** PDM_KL matching ******** 
09-16 02:47 DEBUG    Best Sigma0: 10. Best sigma: 1 Best gamma: 50. Best Test accuracy: 0.2765. Train acc: 0.27528. 

09-16 02:47 DEBUG    PDM_KL log: {(10, 1, 50): {'shapes': [(3072, 700), (700,), (700, 10), (10,)], 'train_accuracy': 0.27528, 'test_accuracy': 0.2765}} 
09-16 03:29 DEBUG    ****** PDM_KL matching ******** 
09-16 03:29 DEBUG    Best Sigma0: 10. Best sigma: 1 Best gamma: 50. Best Test accuracy: 0.2309. Train acc: 0.23288. 

09-16 03:29 DEBUG    PDM_KL log: {(10, 1, 50): {'shapes': [(3072, 700), (700,), (700, 10), (10,)], 'train_accuracy': 0.23288, 'test_accuracy': 0.2309}} 
09-16 03:50 DEBUG    ****** PDM_KL matching ******** 
09-16 03:50 DEBUG    Best Sigma0: 10. Best sigma: 1 Best gamma: 50. Best Test accuracy: 0.1971. Train acc: 0.19882. 

09-16 03:50 DEBUG    PDM_KL log: {(10, 1, 50): {'shapes': [(3072, 353), (353,), (353, 10), (10,)], 'train_accuracy': 0.19882, 'test_accuracy': 0.1971}} 
09-16 04:02 DEBUG    ****** PDM_KL matching ******** 
09-16 04:02 DEBUG    Best Sigma0: 10. Best sigma: 1 Best gamma: 50. Best Test accuracy: 0.1. Train acc: 0.1. 

09-16 04:02 DEBUG    PDM_KL log: {(10, 1, 50): {'shapes': [(3072, 133), (133,), (133, 10), (10,)], 'train_accuracy': 0.1, 'test_accuracy': 0.1}} 
09-16 04:10 DEBUG    ****** PDM_KL matching ******** 
09-16 04:10 DEBUG    Best Sigma0: 10. Best sigma: 1 Best gamma: 50. Best Test accuracy: 0.1. Train acc: 0.1. 

09-16 04:10 DEBUG    PDM_KL log: {(10, 1, 50): {'shapes': [(3072, 120), (120,), (120, 10), (10,)], 'train_accuracy': 0.1, 'test_accuracy': 0.1}} 
09-16 04:19 DEBUG    ****** PDM_KL matching ******** 
09-16 04:19 DEBUG    Best Sigma0: 10. Best sigma: 1 Best gamma: 50. Best Test accuracy: 0.1. Train acc: 0.1. 

09-16 04:19 DEBUG    PDM_KL log: {(10, 1, 50): {'shapes': [(3072, 113), (113,), (113, 10), (10,)], 'train_accuracy': 0.1, 'test_accuracy': 0.1}} 
09-16 04:19 DEBUG    Trial 5 completed
09-16 04:19 DEBUG    ####################################################################################################
09-16 04:19 DEBUG    ####################################################################################################
09-16 04:19 DEBUG    Executing Trial 6 with seed 6
09-16 04:19 DEBUG    Data statistics: {0: {0: 110, 1: 138, 2: 442, 3: 70, 4: 347, 5: 21, 6: 1212, 7: 256}, 1: {0: 1009, 1: 16, 2: 688, 3: 288, 4: 181, 5: 395}, 2: {0: 197, 1: 1047, 2: 312, 3: 48, 4: 454, 5: 9, 6: 345, 7: 14, 8: 67, 9: 340}, 3: {0: 72, 1: 91, 2: 145, 3: 1123, 4: 260, 5: 1268}, 4: {1: 343, 2: 654, 4: 5, 5: 1, 6: 2, 7: 20, 8: 44, 9: 49}, 5: {1: 445, 2: 16, 3: 226, 4: 178, 5: 407, 6: 74, 7: 434, 8: 501, 9: 1129}, 6: {0: 1117, 1: 29, 2: 199, 3: 8, 4: 323, 5: 97, 6: 16, 7: 3, 8: 1030}, 7: {0: 84, 1: 344, 2: 943, 3: 51, 4: 285, 5: 43, 6: 624, 7: 430}, 8: {0: 258, 1: 1, 2: 30, 3: 387, 4: 37, 5: 590, 6: 1, 7: 86, 8: 484, 9: 1890}, 9: {0: 4, 1: 669, 2: 116, 3: 342, 4: 10, 5: 76, 6: 17, 7: 436, 8: 62, 9: 62}, 10: {0: 341, 1: 111, 2: 877, 3: 568, 4: 69, 5: 2, 6: 251, 7: 253, 8: 672}, 11: {0: 197, 1: 437, 2: 9, 3: 1, 4: 578, 5: 286, 6: 692, 7: 774}, 12: {0: 338, 1: 199, 2: 337, 3: 416, 4: 4, 5: 25, 6: 224, 7: 4, 8: 391, 9: 322}, 13: {0: 520, 1: 40, 2: 143, 3: 9, 4: 118, 5: 99, 6: 1, 7: 128, 8: 530, 9: 213}, 14: {0: 22, 1: 179, 2: 1, 3: 37, 4: 416, 5: 496, 6: 238, 7: 378, 8: 49, 9: 531}, 15: {0: 16, 1: 710, 2: 2, 3: 34, 4: 54, 5: 172, 6: 530, 7: 334, 8: 1}, 16: {0: 11, 1: 41, 2: 27, 3: 602, 4: 1535, 5: 636}, 17: {0: 18, 1: 84, 2: 3, 3: 142, 4: 28, 5: 217, 6: 742, 7: 1013, 8: 157, 9: 217}, 18: {0: 172, 1: 1, 2: 49, 3: 541, 4: 115, 5: 7, 6: 28, 7: 17, 8: 747, 9: 36}, 19: {0: 514, 1: 75, 2: 7, 3: 107, 4: 3, 5: 153, 6: 3, 7: 420, 8: 265, 9: 211}}
09-16 04:21 DEBUG    **************************************************
09-16 04:21 DEBUG    Running experiments 

09-16 04:22 DEBUG    Uniform ensemble (Train acc): 0.404480
09-16 04:22 DEBUG    Uniform ensemble (Test acc): 0.396400
09-16 04:22 DEBUG    FedAvg (Train acc): 0.100440
09-16 04:22 DEBUG    FedAvg (Test acc): 0.100400
09-16 04:45 DEBUG    ****** PDM_KL matching ******** 
09-16 04:45 DEBUG    Best Sigma0: 10. Best sigma: 1 Best gamma: 50. Best Test accuracy: 0.3049. Train acc: 0.30282. 

09-16 04:45 DEBUG    PDM_KL log: {(10, 1, 50): {'shapes': [(3072, 700), (700,), (700, 10), (10,)], 'train_accuracy': 0.30282, 'test_accuracy': 0.3049}} 
09-16 05:32 DEBUG    ****** PDM_KL matching ******** 
09-16 05:32 DEBUG    Best Sigma0: 10. Best sigma: 1 Best gamma: 50. Best Test accuracy: 0.3053. Train acc: 0.30648. 

09-16 05:32 DEBUG    PDM_KL log: {(10, 1, 50): {'shapes': [(3072, 700), (700,), (700, 10), (10,)], 'train_accuracy': 0.30648, 'test_accuracy': 0.3053}} 
09-16 06:14 DEBUG    ****** PDM_KL matching ******** 
09-16 06:14 DEBUG    Best Sigma0: 10. Best sigma: 1 Best gamma: 50. Best Test accuracy: 0.302. Train acc: 0.29922. 

09-16 06:14 DEBUG    PDM_KL log: {(10, 1, 50): {'shapes': [(3072, 700), (700,), (700, 10), (10,)], 'train_accuracy': 0.29922, 'test_accuracy': 0.302}} 
09-16 06:56 DEBUG    ****** PDM_KL matching ******** 
09-16 06:56 DEBUG    Best Sigma0: 10. Best sigma: 1 Best gamma: 50. Best Test accuracy: 0.2992. Train acc: 0.29932. 

09-16 06:56 DEBUG    PDM_KL log: {(10, 1, 50): {'shapes': [(3072, 700), (700,), (700, 10), (10,)], 'train_accuracy': 0.29932, 'test_accuracy': 0.2992}} 
09-16 07:41 DEBUG    ****** PDM_KL matching ******** 
09-16 07:41 DEBUG    Best Sigma0: 10. Best sigma: 1 Best gamma: 50. Best Test accuracy: 0.2994. Train acc: 0.29916. 

09-16 07:41 DEBUG    PDM_KL log: {(10, 1, 50): {'shapes': [(3072, 700), (700,), (700, 10), (10,)], 'train_accuracy': 0.29916, 'test_accuracy': 0.2994}} 
09-16 08:26 DEBUG    ****** PDM_KL matching ******** 
09-16 08:26 DEBUG    Best Sigma0: 10. Best sigma: 1 Best gamma: 50. Best Test accuracy: 0.3044. Train acc: 0.3033. 

09-16 08:26 DEBUG    PDM_KL log: {(10, 1, 50): {'shapes': [(3072, 700), (700,), (700, 10), (10,)], 'train_accuracy': 0.3033, 'test_accuracy': 0.3044}} 
09-16 09:13 DEBUG    ****** PDM_KL matching ******** 
09-16 09:13 DEBUG    Best Sigma0: 10. Best sigma: 1 Best gamma: 50. Best Test accuracy: 0.22. Train acc: 0.22074. 

09-16 09:13 DEBUG    PDM_KL log: {(10, 1, 50): {'shapes': [(3072, 700), (700,), (700, 10), (10,)], 'train_accuracy': 0.22074, 'test_accuracy': 0.22}} 
09-16 09:43 DEBUG    ****** PDM_KL matching ******** 
09-16 09:43 DEBUG    Best Sigma0: 10. Best sigma: 1 Best gamma: 50. Best Test accuracy: 0.2591. Train acc: 0.26134. 

09-16 09:43 DEBUG    PDM_KL log: {(10, 1, 50): {'shapes': [(3072, 355), (355,), (355, 10), (10,)], 'train_accuracy': 0.26134, 'test_accuracy': 0.2591}} 
09-16 09:53 DEBUG    ****** PDM_KL matching ******** 
09-16 09:53 DEBUG    Best Sigma0: 10. Best sigma: 1 Best gamma: 50. Best Test accuracy: 0.1. Train acc: 0.09996. 

09-16 09:53 DEBUG    PDM_KL log: {(10, 1, 50): {'shapes': [(3072, 128), (128,), (128, 10), (10,)], 'train_accuracy': 0.09996, 'test_accuracy': 0.1}} 
09-16 10:01 DEBUG    ****** PDM_KL matching ******** 
09-16 10:01 DEBUG    Best Sigma0: 10. Best sigma: 1 Best gamma: 50. Best Test accuracy: 0.1. Train acc: 0.09998. 

09-16 10:01 DEBUG    PDM_KL log: {(10, 1, 50): {'shapes': [(3072, 110), (110,), (110, 10), (10,)], 'train_accuracy': 0.09998, 'test_accuracy': 0.1}} 
09-16 10:09 DEBUG    ****** PDM_KL matching ******** 
09-16 10:09 DEBUG    Best Sigma0: 10. Best sigma: 1 Best gamma: 50. Best Test accuracy: 0.1. Train acc: 0.09996. 

09-16 10:09 DEBUG    PDM_KL log: {(10, 1, 50): {'shapes': [(3072, 107), (107,), (107, 10), (10,)], 'train_accuracy': 0.09996, 'test_accuracy': 0.1}} 
09-16 10:09 DEBUG    Trial 6 completed
09-16 10:09 DEBUG    ####################################################################################################
09-16 10:09 DEBUG    ####################################################################################################
09-16 10:09 DEBUG    Executing Trial 7 with seed 7
09-16 10:09 DEBUG    Data statistics: {0: {0: 29, 1: 374, 2: 291, 3: 80, 4: 453, 5: 26, 6: 255, 7: 266, 8: 443, 9: 29}, 1: {0: 90, 1: 64, 2: 117, 3: 49, 4: 153, 5: 162, 6: 819, 7: 4, 8: 13, 9: 659}, 2: {0: 8, 1: 997, 2: 403, 3: 175, 4: 754, 5: 13, 6: 54, 7: 2, 8: 435}, 3: {0: 75, 1: 267, 2: 49, 3: 193, 4: 1, 6: 422, 7: 144, 8: 267, 9: 536}, 4: {0: 12, 1: 6, 2: 17, 3: 114, 4: 20, 5: 120, 6: 1, 7: 61, 8: 1162, 9: 18}, 5: {0: 280, 1: 421, 2: 20, 3: 132, 4: 4, 5: 5, 6: 57, 7: 286, 8: 14, 9: 195}, 6: {0: 602, 1: 16, 2: 212, 3: 206, 4: 66, 5: 29, 6: 345, 7: 161, 8: 33, 9: 778}, 7: {0: 5, 1: 595, 2: 734, 3: 2, 4: 717, 5: 195, 6: 152, 7: 398}, 8: {0: 1157, 1: 23, 3: 23, 4: 102, 5: 1279}, 9: {0: 526, 1: 159, 2: 179, 3: 958, 4: 315, 5: 476}, 10: {0: 91, 1: 113, 2: 265, 3: 192, 4: 3, 5: 430, 7: 194, 8: 100, 9: 61}, 11: {0: 389, 1: 42, 2: 73, 3: 158, 4: 7, 5: 11, 6: 1349, 7: 152, 8: 44, 9: 159}, 12: {0: 130, 1: 1109, 2: 227, 3: 19, 4: 35, 5: 655, 6: 18, 7: 748}, 13: {0: 1014, 1: 43, 2: 748, 3: 318, 5: 5, 6: 9, 7: 313, 8: 5, 9: 1474}, 14: {0: 106, 1: 46, 2: 341, 3: 322, 4: 184, 5: 247, 6: 31, 7: 1123, 8: 844}, 15: {0: 268, 1: 61, 2: 458, 3: 5, 4: 271, 5: 69, 6: 22, 7: 914, 8: 340, 9: 1023}, 16: {0: 37, 1: 259, 2: 78, 3: 407, 4: 43, 5: 989, 6: 17, 7: 212, 8: 488}, 17: {0: 146, 1: 81, 2: 33, 3: 881, 4: 600, 5: 235, 6: 110, 7: 8, 8: 421}, 18: {0: 34, 1: 178, 2: 147, 3: 87, 4: 906, 5: 8, 6: 20, 7: 14, 8: 391, 9: 68}, 19: {0: 1, 1: 146, 2: 608, 3: 679, 4: 366, 5: 46, 6: 1319}}
09-16 10:12 DEBUG    **************************************************
09-16 10:12 DEBUG    Running experiments 

09-16 10:12 DEBUG    Uniform ensemble (Train acc): 0.407000
09-16 10:12 DEBUG    Uniform ensemble (Test acc): 0.399300
09-16 10:13 DEBUG    FedAvg (Train acc): 0.100000
09-16 10:13 DEBUG    FedAvg (Test acc): 0.100000
09-16 10:35 DEBUG    ****** PDM_KL matching ******** 
09-16 10:35 DEBUG    Best Sigma0: 10. Best sigma: 1 Best gamma: 50. Best Test accuracy: 0.2875. Train acc: 0.2905. 

09-16 10:35 DEBUG    PDM_KL log: {(10, 1, 50): {'shapes': [(3072, 700), (700,), (700, 10), (10,)], 'train_accuracy': 0.2905, 'test_accuracy': 0.2875}} 
09-16 11:21 DEBUG    ****** PDM_KL matching ******** 
09-16 11:21 DEBUG    Best Sigma0: 10. Best sigma: 1 Best gamma: 50. Best Test accuracy: 0.2886. Train acc: 0.29358. 

09-16 11:21 DEBUG    PDM_KL log: {(10, 1, 50): {'shapes': [(3072, 700), (700,), (700, 10), (10,)], 'train_accuracy': 0.29358, 'test_accuracy': 0.2886}} 
09-16 12:07 DEBUG    ****** PDM_KL matching ******** 
09-16 12:07 DEBUG    Best Sigma0: 10. Best sigma: 1 Best gamma: 50. Best Test accuracy: 0.2872. Train acc: 0.28934. 

09-16 12:07 DEBUG    PDM_KL log: {(10, 1, 50): {'shapes': [(3072, 700), (700,), (700, 10), (10,)], 'train_accuracy': 0.28934, 'test_accuracy': 0.2872}} 
09-16 12:43 DEBUG    ****** PDM_KL matching ******** 
09-16 12:43 DEBUG    Best Sigma0: 10. Best sigma: 1 Best gamma: 50. Best Test accuracy: 0.2936. Train acc: 0.29806. 

09-16 12:43 DEBUG    PDM_KL log: {(10, 1, 50): {'shapes': [(3072, 700), (700,), (700, 10), (10,)], 'train_accuracy': 0.29806, 'test_accuracy': 0.2936}} 
09-16 13:18 DEBUG    ****** PDM_KL matching ******** 
09-16 13:18 DEBUG    Best Sigma0: 10. Best sigma: 1 Best gamma: 50. Best Test accuracy: 0.2825. Train acc: 0.28656. 

09-16 13:18 DEBUG    PDM_KL log: {(10, 1, 50): {'shapes': [(3072, 700), (700,), (700, 10), (10,)], 'train_accuracy': 0.28656, 'test_accuracy': 0.2825}} 
09-16 13:50 DEBUG    ****** PDM_KL matching ******** 
09-16 13:50 DEBUG    Best Sigma0: 10. Best sigma: 1 Best gamma: 50. Best Test accuracy: 0.2901. Train acc: 0.2939. 

09-16 13:50 DEBUG    PDM_KL log: {(10, 1, 50): {'shapes': [(3072, 700), (700,), (700, 10), (10,)], 'train_accuracy': 0.2939, 'test_accuracy': 0.2901}} 
09-16 14:22 DEBUG    ****** PDM_KL matching ******** 
09-16 14:22 DEBUG    Best Sigma0: 10. Best sigma: 1 Best gamma: 50. Best Test accuracy: 0.2963. Train acc: 0.29796. 

09-16 14:22 DEBUG    PDM_KL log: {(10, 1, 50): {'shapes': [(3072, 700), (700,), (700, 10), (10,)], 'train_accuracy': 0.29796, 'test_accuracy': 0.2963}} 
09-16 14:42 DEBUG    ****** PDM_KL matching ******** 
09-16 14:42 DEBUG    Best Sigma0: 10. Best sigma: 1 Best gamma: 50. Best Test accuracy: 0.2714. Train acc: 0.27956. 

09-16 14:42 DEBUG    PDM_KL log: {(10, 1, 50): {'shapes': [(3072, 351), (351,), (351, 10), (10,)], 'train_accuracy': 0.27956, 'test_accuracy': 0.2714}} 
09-16 14:50 DEBUG    ****** PDM_KL matching ******** 
09-16 14:50 DEBUG    Best Sigma0: 10. Best sigma: 1 Best gamma: 50. Best Test accuracy: 0.1. Train acc: 0.1. 

09-16 14:50 DEBUG    PDM_KL log: {(10, 1, 50): {'shapes': [(3072, 129), (129,), (129, 10), (10,)], 'train_accuracy': 0.1, 'test_accuracy': 0.1}} 
09-16 14:55 DEBUG    ****** PDM_KL matching ******** 
09-16 14:55 DEBUG    Best Sigma0: 10. Best sigma: 1 Best gamma: 50. Best Test accuracy: 0.1. Train acc: 0.1. 

09-16 14:55 DEBUG    PDM_KL log: {(10, 1, 50): {'shapes': [(3072, 115), (115,), (115, 10), (10,)], 'train_accuracy': 0.1, 'test_accuracy': 0.1}} 
09-16 15:01 DEBUG    ****** PDM_KL matching ******** 
09-16 15:01 DEBUG    Best Sigma0: 10. Best sigma: 1 Best gamma: 50. Best Test accuracy: 0.1. Train acc: 0.1. 

09-16 15:01 DEBUG    PDM_KL log: {(10, 1, 50): {'shapes': [(3072, 109), (109,), (109, 10), (10,)], 'train_accuracy': 0.1, 'test_accuracy': 0.1}} 
09-16 15:01 DEBUG    Trial 7 completed
09-16 15:01 DEBUG    ####################################################################################################
09-16 15:01 DEBUG    ####################################################################################################
09-16 15:01 DEBUG    Executing Trial 8 with seed 8
09-16 15:01 DEBUG    Data statistics: {0: {0: 218, 1: 484, 2: 19, 3: 291, 4: 93, 5: 2, 6: 674, 7: 23, 8: 281, 9: 75}, 1: {0: 4, 1: 481, 2: 3, 3: 361, 4: 29, 5: 97, 6: 235, 7: 2003}, 2: {0: 175, 1: 119, 2: 163, 3: 118, 4: 130, 5: 299, 6: 367, 7: 311, 8: 51, 9: 416}, 3: {0: 11, 1: 37, 2: 119, 3: 784, 5: 340, 6: 48, 7: 112, 8: 17, 9: 635}, 4: {0: 9, 1: 523, 2: 29, 3: 138, 4: 8, 5: 116, 6: 2, 7: 1421, 8: 1784}, 5: {0: 23, 1: 290, 2: 203, 3: 187, 4: 10, 5: 48, 6: 184, 7: 150, 9: 181}, 6: {0: 70, 1: 154, 2: 3, 3: 2, 4: 27, 5: 13, 7: 139, 8: 49, 9: 1628}, 7: {0: 1398, 1: 162, 2: 144, 3: 421, 4: 91, 5: 31, 6: 322}, 8: {0: 164, 1: 411, 2: 352, 3: 371, 4: 250, 5: 191, 6: 398, 7: 83, 8: 650}, 9: {0: 10, 1: 11, 2: 81, 3: 7, 4: 392, 5: 1184, 6: 539, 7: 225, 8: 223}, 10: {0: 273, 1: 150, 3: 221, 4: 22, 5: 56, 6: 111, 7: 161, 8: 18, 9: 193}, 11: {0: 22, 1: 983, 2: 506, 3: 27, 4: 8, 5: 305, 6: 225, 7: 50, 8: 475}, 12: {0: 1285, 1: 6, 2: 23, 3: 558, 4: 526, 5: 310}, 13: {0: 1057, 1: 242, 2: 21, 3: 403, 4: 51, 5: 15, 7: 48, 8: 177, 9: 433}, 14: {0: 63, 1: 115, 2: 1193, 3: 87, 4: 33, 5: 706, 6: 920}, 15: {1: 191, 2: 2, 3: 365, 4: 854, 5: 194, 6: 20, 7: 161, 8: 16, 9: 2}, 16: {0: 1, 1: 9, 2: 584, 3: 526, 4: 297, 5: 204, 6: 51, 7: 51, 8: 1016}, 17: {0: 30, 1: 5, 2: 189, 3: 39, 4: 9, 5: 290, 6: 779, 7: 61, 8: 99, 9: 740}, 18: {0: 12, 1: 63, 3: 82, 4: 2149, 5: 594}, 19: {0: 175, 1: 564, 2: 1366, 3: 12, 4: 21, 5: 5, 6: 125, 7: 1, 8: 144, 9: 697}}
09-16 15:03 DEBUG    **************************************************
09-16 15:03 DEBUG    Running experiments 

09-16 15:03 DEBUG    Uniform ensemble (Train acc): 0.403120
09-16 15:03 DEBUG    Uniform ensemble (Test acc): 0.397400
09-16 15:03 DEBUG    FedAvg (Train acc): 0.100000
09-16 15:03 DEBUG    FedAvg (Test acc): 0.100000
09-16 15:19 DEBUG    ****** PDM_KL matching ******** 
09-16 15:19 DEBUG    Best Sigma0: 10. Best sigma: 1 Best gamma: 50. Best Test accuracy: 0.2599. Train acc: 0.25392. 

09-16 15:19 DEBUG    PDM_KL log: {(10, 1, 50): {'shapes': [(3072, 700), (700,), (700, 10), (10,)], 'train_accuracy': 0.25392, 'test_accuracy': 0.2599}} 
09-16 15:54 DEBUG    ****** PDM_KL matching ******** 
09-16 15:54 DEBUG    Best Sigma0: 10. Best sigma: 1 Best gamma: 50. Best Test accuracy: 0.257. Train acc: 0.25312. 

09-16 15:54 DEBUG    PDM_KL log: {(10, 1, 50): {'shapes': [(3072, 700), (700,), (700, 10), (10,)], 'train_accuracy': 0.25312, 'test_accuracy': 0.257}} 
09-16 16:27 DEBUG    ****** PDM_KL matching ******** 
09-16 16:27 DEBUG    Best Sigma0: 10. Best sigma: 1 Best gamma: 50. Best Test accuracy: 0.2514. Train acc: 0.24836. 

09-16 16:27 DEBUG    PDM_KL log: {(10, 1, 50): {'shapes': [(3072, 700), (700,), (700, 10), (10,)], 'train_accuracy': 0.24836, 'test_accuracy': 0.2514}} 
09-16 17:00 DEBUG    ****** PDM_KL matching ******** 
09-16 17:00 DEBUG    Best Sigma0: 10. Best sigma: 1 Best gamma: 50. Best Test accuracy: 0.2478. Train acc: 0.2462. 

09-16 17:00 DEBUG    PDM_KL log: {(10, 1, 50): {'shapes': [(3072, 700), (700,), (700, 10), (10,)], 'train_accuracy': 0.2462, 'test_accuracy': 0.2478}} 
09-16 17:33 DEBUG    ****** PDM_KL matching ******** 
09-16 17:33 DEBUG    Best Sigma0: 10. Best sigma: 1 Best gamma: 50. Best Test accuracy: 0.2511. Train acc: 0.2458. 

09-16 17:33 DEBUG    PDM_KL log: {(10, 1, 50): {'shapes': [(3072, 700), (700,), (700, 10), (10,)], 'train_accuracy': 0.2458, 'test_accuracy': 0.2511}} 
09-16 18:05 DEBUG    ****** PDM_KL matching ******** 
09-16 18:05 DEBUG    Best Sigma0: 10. Best sigma: 1 Best gamma: 50. Best Test accuracy: 0.2604. Train acc: 0.25724. 

09-16 18:05 DEBUG    PDM_KL log: {(10, 1, 50): {'shapes': [(3072, 700), (700,), (700, 10), (10,)], 'train_accuracy': 0.25724, 'test_accuracy': 0.2604}} 
09-16 18:35 DEBUG    ****** PDM_KL matching ******** 
09-16 18:35 DEBUG    Best Sigma0: 10. Best sigma: 1 Best gamma: 50. Best Test accuracy: 0.2401. Train acc: 0.24382. 

09-16 18:35 DEBUG    PDM_KL log: {(10, 1, 50): {'shapes': [(3072, 700), (700,), (700, 10), (10,)], 'train_accuracy': 0.24382, 'test_accuracy': 0.2401}} 
09-16 18:55 DEBUG    ****** PDM_KL matching ******** 
09-16 18:55 DEBUG    Best Sigma0: 10. Best sigma: 1 Best gamma: 50. Best Test accuracy: 0.2369. Train acc: 0.23884. 

09-16 18:55 DEBUG    PDM_KL log: {(10, 1, 50): {'shapes': [(3072, 356), (356,), (356, 10), (10,)], 'train_accuracy': 0.23884, 'test_accuracy': 0.2369}} 
09-16 19:01 DEBUG    ****** PDM_KL matching ******** 
09-16 19:01 DEBUG    Best Sigma0: 10. Best sigma: 1 Best gamma: 50. Best Test accuracy: 0.0997. Train acc: 0.0998. 

09-16 19:01 DEBUG    PDM_KL log: {(10, 1, 50): {'shapes': [(3072, 130), (130,), (130, 10), (10,)], 'train_accuracy': 0.0998, 'test_accuracy': 0.0997}} 
09-16 19:06 DEBUG    ****** PDM_KL matching ******** 
09-16 19:06 DEBUG    Best Sigma0: 10. Best sigma: 1 Best gamma: 50. Best Test accuracy: 0.0997. Train acc: 0.09978. 

09-16 19:06 DEBUG    PDM_KL log: {(10, 1, 50): {'shapes': [(3072, 116), (116,), (116, 10), (10,)], 'train_accuracy': 0.09978, 'test_accuracy': 0.0997}} 
09-16 19:11 DEBUG    ****** PDM_KL matching ******** 
09-16 19:11 DEBUG    Best Sigma0: 10. Best sigma: 1 Best gamma: 50. Best Test accuracy: 0.1. Train acc: 0.1. 

09-16 19:11 DEBUG    PDM_KL log: {(10, 1, 50): {'shapes': [(3072, 108), (108,), (108, 10), (10,)], 'train_accuracy': 0.1, 'test_accuracy': 0.1}} 
09-16 19:11 DEBUG    Trial 8 completed
09-16 19:11 DEBUG    ####################################################################################################
09-16 19:11 DEBUG    ####################################################################################################
09-16 19:11 DEBUG    Executing Trial 9 with seed 9
09-16 19:11 DEBUG    Data statistics: {0: {0: 509, 1: 34, 3: 5, 4: 107, 5: 170, 6: 731, 7: 187, 8: 502, 9: 80}, 1: {0: 124, 1: 23, 2: 1556, 3: 242, 4: 438, 5: 37, 6: 576}, 2: {0: 163, 1: 6, 2: 323, 3: 1, 4: 207, 5: 69, 6: 138, 7: 85, 8: 707, 9: 161}, 3: {0: 565, 1: 69, 2: 364, 3: 19, 4: 93, 5: 227, 6: 60, 7: 708, 8: 462}, 4: {0: 423, 1: 169, 2: 123, 3: 3, 4: 398, 5: 143, 6: 593, 7: 137, 9: 198}, 5: {0: 34, 1: 121, 2: 783, 3: 141, 4: 1083, 5: 120, 6: 188, 7: 93}, 6: {0: 174, 1: 18, 2: 24, 3: 881, 4: 413, 5: 19, 6: 6, 7: 3, 8: 244, 9: 1051}, 7: {0: 451, 2: 39, 3: 305, 4: 639, 5: 73, 6: 110, 7: 142, 8: 491, 9: 297}, 8: {0: 70, 1: 44, 2: 35, 3: 12, 4: 124, 5: 3, 6: 7, 7: 565, 8: 19, 9: 1130}, 9: {0: 481, 1: 2, 2: 509, 3: 321, 4: 45, 5: 106, 6: 439, 7: 22, 8: 574, 9: 5}, 10: {0: 3, 1: 75, 2: 62, 3: 138, 4: 200, 5: 743, 6: 58, 7: 502, 8: 2, 9: 150}, 11: {0: 13, 1: 159, 2: 258, 4: 26, 5: 305, 6: 28, 7: 866, 8: 729, 9: 304}, 12: {0: 228, 1: 34, 2: 2, 3: 124, 4: 57, 5: 189, 6: 523, 7: 71, 8: 392, 9: 104}, 13: {0: 72, 1: 1, 2: 56, 3: 184, 4: 28, 5: 4, 6: 791, 7: 4, 8: 84, 9: 1277}, 14: {0: 3, 1: 278, 2: 61, 3: 471, 4: 50, 5: 1156, 6: 76, 7: 5, 8: 38, 9: 243}, 15: {0: 190, 1: 173, 2: 548, 3: 1063, 4: 240, 5: 307}, 16: {0: 1006, 1: 29, 2: 130, 3: 72, 5: 914, 6: 142, 7: 1457}, 17: {0: 437, 1: 1151, 2: 8, 3: 305, 4: 722}, 18: {0: 17, 1: 338, 2: 62, 3: 644, 4: 61, 5: 415, 6: 534, 7: 153, 8: 756}, 19: {0: 37, 1: 2276, 2: 57, 3: 69, 4: 69}}
09-16 19:12 DEBUG    **************************************************
09-16 19:12 DEBUG    Running experiments 

09-16 19:13 DEBUG    Uniform ensemble (Train acc): 0.399780
09-16 19:13 DEBUG    Uniform ensemble (Test acc): 0.392700
09-16 19:13 DEBUG    FedAvg (Train acc): 0.099980
09-16 19:13 DEBUG    FedAvg (Test acc): 0.099900
09-16 19:28 DEBUG    ****** PDM_KL matching ******** 
09-16 19:28 DEBUG    Best Sigma0: 10. Best sigma: 1 Best gamma: 50. Best Test accuracy: 0.2661. Train acc: 0.2691. 

09-16 19:28 DEBUG    PDM_KL log: {(10, 1, 50): {'shapes': [(3072, 700), (700,), (700, 10), (10,)], 'train_accuracy': 0.2691, 'test_accuracy': 0.2661}} 
09-16 19:59 DEBUG    ****** PDM_KL matching ******** 
09-16 19:59 DEBUG    Best Sigma0: 10. Best sigma: 1 Best gamma: 50. Best Test accuracy: 0.2777. Train acc: 0.27908. 

09-16 19:59 DEBUG    PDM_KL log: {(10, 1, 50): {'shapes': [(3072, 700), (700,), (700, 10), (10,)], 'train_accuracy': 0.27908, 'test_accuracy': 0.2777}} 
09-16 20:28 DEBUG    ****** PDM_KL matching ******** 
09-16 20:28 DEBUG    Best Sigma0: 10. Best sigma: 1 Best gamma: 50. Best Test accuracy: 0.266. Train acc: 0.26934. 

09-16 20:28 DEBUG    PDM_KL log: {(10, 1, 50): {'shapes': [(3072, 700), (700,), (700, 10), (10,)], 'train_accuracy': 0.26934, 'test_accuracy': 0.266}} 
09-16 20:54 DEBUG    ****** PDM_KL matching ******** 
09-16 20:54 DEBUG    Best Sigma0: 10. Best sigma: 1 Best gamma: 50. Best Test accuracy: 0.2743. Train acc: 0.27398. 

09-16 20:54 DEBUG    PDM_KL log: {(10, 1, 50): {'shapes': [(3072, 700), (700,), (700, 10), (10,)], 'train_accuracy': 0.27398, 'test_accuracy': 0.2743}} 
09-16 21:26 DEBUG    ****** PDM_KL matching ******** 
09-16 21:26 DEBUG    Best Sigma0: 10. Best sigma: 1 Best gamma: 50. Best Test accuracy: 0.2665. Train acc: 0.26908. 

09-16 21:26 DEBUG    PDM_KL log: {(10, 1, 50): {'shapes': [(3072, 700), (700,), (700, 10), (10,)], 'train_accuracy': 0.26908, 'test_accuracy': 0.2665}} 
09-16 22:00 DEBUG    ****** PDM_KL matching ******** 
09-16 22:00 DEBUG    Best Sigma0: 10. Best sigma: 1 Best gamma: 50. Best Test accuracy: 0.276. Train acc: 0.28046. 

09-16 22:00 DEBUG    PDM_KL log: {(10, 1, 50): {'shapes': [(3072, 700), (700,), (700, 10), (10,)], 'train_accuracy': 0.28046, 'test_accuracy': 0.276}} 
09-16 22:32 DEBUG    ****** PDM_KL matching ******** 
09-16 22:32 DEBUG    Best Sigma0: 10. Best sigma: 1 Best gamma: 50. Best Test accuracy: 0.2272. Train acc: 0.2295. 

09-16 22:32 DEBUG    PDM_KL log: {(10, 1, 50): {'shapes': [(3072, 700), (700,), (700, 10), (10,)], 'train_accuracy': 0.2295, 'test_accuracy': 0.2272}} 
09-16 22:54 DEBUG    ****** PDM_KL matching ******** 
09-16 22:54 DEBUG    Best Sigma0: 10. Best sigma: 1 Best gamma: 50. Best Test accuracy: 0.2093. Train acc: 0.21114. 

09-16 22:54 DEBUG    PDM_KL log: {(10, 1, 50): {'shapes': [(3072, 355), (355,), (355, 10), (10,)], 'train_accuracy': 0.21114, 'test_accuracy': 0.2093}} 
09-16 23:00 DEBUG    ****** PDM_KL matching ******** 
09-16 23:00 DEBUG    Best Sigma0: 10. Best sigma: 1 Best gamma: 50. Best Test accuracy: 0.1. Train acc: 0.1. 

09-16 23:00 DEBUG    PDM_KL log: {(10, 1, 50): {'shapes': [(3072, 125), (125,), (125, 10), (10,)], 'train_accuracy': 0.1, 'test_accuracy': 0.1}} 
09-16 23:05 DEBUG    ****** PDM_KL matching ******** 
09-16 23:05 DEBUG    Best Sigma0: 10. Best sigma: 1 Best gamma: 50. Best Test accuracy: 0.1. Train acc: 0.09998. 

09-16 23:05 DEBUG    PDM_KL log: {(10, 1, 50): {'shapes': [(3072, 111), (111,), (111, 10), (10,)], 'train_accuracy': 0.09998, 'test_accuracy': 0.1}} 
09-16 23:10 DEBUG    ****** PDM_KL matching ******** 
09-16 23:10 DEBUG    Best Sigma0: 10. Best sigma: 1 Best gamma: 50. Best Test accuracy: 0.1. Train acc: 0.1. 

09-16 23:10 DEBUG    PDM_KL log: {(10, 1, 50): {'shapes': [(3072, 108), (108,), (108, 10), (10,)], 'train_accuracy': 0.1, 'test_accuracy': 0.1}} 
09-16 23:10 DEBUG    Trial 9 completed
09-16 23:10 DEBUG    ####################################################################################################
