09-12 00:16 DEBUG    Experiment arguments: Namespace(alpha=0.5, communication_rounds=None, datadir='data/mnist', dataset='mnist', device=1.0, dropout_p=0.0, epochs=10, experiment=['all'], init_seed=0, iter_epochs=5, layers=1, loaddir='saved_weights/mnist/homo', logdir='KL_regs/mnist/homo', lr=0.01, lr_decay=1.0, n=6, n_layers=1, n_nets=10, net_config=[784, 100, 100, 100, 100, 100, 100, 10], num_pool_workers=6, partition='homo', pdm_gamma=1.0, pdm_sig=1.0, pdm_sig0=1.0, reg=1e-06, reg_fac=0.0, trials=10)
09-12 00:16 DEBUG    ####################################################################################################
09-12 00:16 DEBUG    Executing Trial 0 with seed 0
09-12 00:16 DEBUG    Data statistics: {0: {0: 605, 1: 688, 2: 586, 3: 583, 4: 565, 5: 518, 6: 631, 7: 625, 8: 584, 9: 615}, 1: {0: 600, 1: 691, 2: 580, 3: 625, 4: 588, 5: 557, 6: 559, 7: 603, 8: 607, 9: 590}, 2: {0: 607, 1: 691, 2: 583, 3: 639, 4: 577, 5: 516, 6: 571, 7: 641, 8: 596, 9: 579}, 3: {0: 605, 1: 642, 2: 610, 3: 580, 4: 590, 5: 565, 6: 572, 7: 632, 8: 591, 9: 613}, 4: {0: 578, 1: 653, 2: 600, 3: 593, 4: 627, 5: 556, 6: 629, 7: 608, 8: 581, 9: 575}, 5: {0: 596, 1: 690, 2: 594, 3: 650, 4: 589, 5: 539, 6: 547, 7: 612, 8: 568, 9: 615}, 6: {0: 598, 1: 645, 2: 614, 3: 624, 4: 572, 5: 556, 6: 605, 7: 605, 8: 601, 9: 580}, 7: {0: 544, 1: 682, 2: 604, 3: 591, 4: 605, 5: 562, 6: 601, 7: 694, 8: 525, 9: 592}, 8: {0: 564, 1: 665, 2: 608, 3: 647, 4: 566, 5: 520, 6: 615, 7: 613, 8: 594, 9: 608}, 9: {0: 626, 1: 695, 2: 579, 3: 599, 4: 563, 5: 532, 6: 588, 7: 632, 8: 604, 9: 582}}
09-12 00:17 DEBUG    **************************************************
09-12 00:17 DEBUG    Running experiments 

09-12 00:17 DEBUG    Uniform ensemble (Train acc): 0.961667
09-12 00:17 DEBUG    Uniform ensemble (Test acc): 0.958900
09-12 00:17 DEBUG    FedAvg (Train acc): 0.097517
09-12 00:17 DEBUG    FedAvg (Test acc): 0.097400
09-12 00:19 DEBUG    ****** PDM_KL matching ******** 
09-12 00:19 DEBUG    Best Sigma0: 0.5. Best sigma: 1 Best gamma: 10. Best Test accuracy: 0.0974. Train acc: 0.09751666666666667. 

09-12 00:19 DEBUG    PDM_KL log: {(0.5, 1, 10): {'shapes': [(784, 235), (235,), (235, 125), (125,), (125, 118), (118,), (118, 118), (118,), (118, 118), (118,), (118, 118), (118,), (118, 10), (10,)], 'train_accuracy': 0.09751666666666667, 'test_accuracy': 0.0974}} 
09-12 00:22 DEBUG    ****** PDM_KL matching ******** 
09-12 00:22 DEBUG    Best Sigma0: 0.5. Best sigma: 1 Best gamma: 10. Best Test accuracy: 0.0974. Train acc: 0.09751666666666667. 

09-12 00:22 DEBUG    PDM_KL log: {(0.5, 1, 10): {'shapes': [(784, 232), (232,), (232, 126), (126,), (126, 118), (118,), (118, 118), (118,), (118, 118), (118,), (118, 118), (118,), (118, 10), (10,)], 'train_accuracy': 0.09751666666666667, 'test_accuracy': 0.0974}} 
09-12 00:25 DEBUG    ****** PDM_KL matching ******** 
09-12 00:25 DEBUG    Best Sigma0: 0.5. Best sigma: 1 Best gamma: 10. Best Test accuracy: 0.0974. Train acc: 0.09751666666666667. 

09-12 00:25 DEBUG    PDM_KL log: {(0.5, 1, 10): {'shapes': [(784, 232), (232,), (232, 124), (124,), (124, 118), (118,), (118, 118), (118,), (118, 118), (118,), (118, 118), (118,), (118, 10), (10,)], 'train_accuracy': 0.09751666666666667, 'test_accuracy': 0.0974}} 
09-12 00:29 DEBUG    ****** PDM_KL matching ******** 
09-12 00:29 DEBUG    Best Sigma0: 0.5. Best sigma: 1 Best gamma: 10. Best Test accuracy: 0.0974. Train acc: 0.09751666666666667. 

09-12 00:29 DEBUG    PDM_KL log: {(0.5, 1, 10): {'shapes': [(784, 234), (234,), (234, 126), (126,), (126, 118), (118,), (118, 127), (127,), (127, 118), (118,), (118, 118), (118,), (118, 10), (10,)], 'train_accuracy': 0.09751666666666667, 'test_accuracy': 0.0974}} 
09-12 00:33 DEBUG    ****** PDM_KL matching ******** 
09-12 00:33 DEBUG    Best Sigma0: 0.5. Best sigma: 1 Best gamma: 10. Best Test accuracy: 0.0974. Train acc: 0.09751666666666667. 

09-12 00:33 DEBUG    PDM_KL log: {(0.5, 1, 10): {'shapes': [(784, 241), (241,), (241, 127), (127,), (127, 127), (127,), (127, 118), (118,), (118, 118), (118,), (118, 118), (118,), (118, 10), (10,)], 'train_accuracy': 0.09751666666666667, 'test_accuracy': 0.0974}} 
09-12 00:39 DEBUG    ****** PDM_KL matching ******** 
09-12 00:39 DEBUG    Best Sigma0: 0.5. Best sigma: 1 Best gamma: 10. Best Test accuracy: 0.0974. Train acc: 0.09751666666666667. 

09-12 00:39 DEBUG    PDM_KL log: {(0.5, 1, 10): {'shapes': [(784, 244), (244,), (244, 125), (125,), (125, 118), (118,), (118, 127), (127,), (127, 118), (118,), (118, 118), (118,), (118, 10), (10,)], 'train_accuracy': 0.09751666666666667, 'test_accuracy': 0.0974}} 
09-12 00:46 DEBUG    ****** PDM_KL matching ******** 
09-12 00:46 DEBUG    Best Sigma0: 0.5. Best sigma: 1 Best gamma: 10. Best Test accuracy: 0.0974. Train acc: 0.09751666666666667. 

09-12 00:46 DEBUG    PDM_KL log: {(0.5, 1, 10): {'shapes': [(784, 387), (387,), (387, 135), (135,), (135, 127), (127,), (127, 127), (127,), (127, 127), (127,), (127, 109), (109,), (109, 10), (10,)], 'train_accuracy': 0.09751666666666667, 'test_accuracy': 0.0974}} 
09-12 00:59 DEBUG    ****** PDM_KL matching ******** 
09-12 00:59 DEBUG    Best Sigma0: 0.5. Best sigma: 1 Best gamma: 10. Best Test accuracy: 0.0974. Train acc: 0.09751666666666667. 

09-12 00:59 DEBUG    PDM_KL log: {(0.5, 1, 10): {'shapes': [(784, 598), (598,), (598, 136), (136,), (136, 127), (127,), (127, 127), (127,), (127, 127), (127,), (127, 118), (118,), (118, 10), (10,)], 'train_accuracy': 0.09751666666666667, 'test_accuracy': 0.0974}} 
09-12 01:08 DEBUG    ****** PDM_KL matching ******** 
09-12 01:08 DEBUG    Best Sigma0: 0.5. Best sigma: 1 Best gamma: 10. Best Test accuracy: 0.0974. Train acc: 0.09751666666666667. 

09-12 01:08 DEBUG    PDM_KL log: {(0.5, 1, 10): {'shapes': [(784, 631), (631,), (631, 163), (163,), (163, 154), (154,), (154, 145), (145,), (145, 145), (145,), (145, 127), (127,), (127, 10), (10,)], 'train_accuracy': 0.09751666666666667, 'test_accuracy': 0.0974}} 
09-12 01:16 DEBUG    ****** PDM_KL matching ******** 
09-12 01:16 DEBUG    Best Sigma0: 0.5. Best sigma: 1 Best gamma: 10. Best Test accuracy: 0.0974. Train acc: 0.09751666666666667. 

09-12 01:16 DEBUG    PDM_KL log: {(0.5, 1, 10): {'shapes': [(784, 300), (300,), (300, 199), (199,), (199, 172), (172,), (172, 163), (163,), (163, 163), (163,), (163, 127), (127,), (127, 10), (10,)], 'train_accuracy': 0.09751666666666667, 'test_accuracy': 0.0974}} 
09-12 01:21 DEBUG    ****** PDM_KL matching ******** 
09-12 01:21 DEBUG    Best Sigma0: 0.5. Best sigma: 1 Best gamma: 10. Best Test accuracy: 0.0974. Train acc: 0.09751666666666667. 

09-12 01:21 DEBUG    PDM_KL log: {(0.5, 1, 10): {'shapes': [(784, 219), (219,), (219, 226), (226,), (226, 226), (226,), (226, 190), (190,), (190, 190), (190,), (190, 118), (118,), (118, 10), (10,)], 'train_accuracy': 0.09751666666666667, 'test_accuracy': 0.0974}} 
09-12 01:21 DEBUG    Trial 0 completed
09-12 01:21 DEBUG    ####################################################################################################
09-12 01:21 DEBUG    ####################################################################################################
09-12 01:21 DEBUG    Executing Trial 1 with seed 1
09-12 01:21 DEBUG    Data statistics: {0: {0: 557, 1: 696, 2: 602, 3: 636, 4: 575, 5: 546, 6: 627, 7: 624, 8: 576, 9: 561}, 1: {0: 601, 1: 677, 2: 592, 3: 601, 4: 582, 5: 564, 6: 560, 7: 641, 8: 596, 9: 586}, 2: {0: 591, 1: 660, 2: 607, 3: 619, 4: 583, 5: 604, 6: 584, 7: 609, 8: 571, 9: 572}, 3: {0: 623, 1: 679, 2: 587, 3: 602, 4: 589, 5: 560, 6: 607, 7: 599, 8: 574, 9: 580}, 4: {0: 590, 1: 642, 2: 599, 3: 608, 4: 583, 5: 509, 6: 602, 7: 625, 8: 610, 9: 632}, 5: {0: 583, 1: 694, 2: 623, 3: 653, 4: 590, 5: 491, 6: 584, 7: 637, 8: 556, 9: 589}, 6: {0: 602, 1: 679, 2: 644, 3: 599, 4: 566, 5: 530, 6: 564, 7: 609, 8: 624, 9: 583}, 7: {0: 573, 1: 639, 2: 569, 3: 580, 4: 608, 5: 541, 6: 602, 7: 653, 8: 589, 9: 646}, 8: {0: 622, 1: 669, 2: 567, 3: 612, 4: 597, 5: 553, 6: 579, 7: 635, 8: 578, 9: 588}, 9: {0: 581, 1: 707, 2: 568, 3: 621, 4: 569, 5: 523, 6: 609, 7: 633, 8: 577, 9: 612}}
09-12 01:22 DEBUG    **************************************************
09-12 01:22 DEBUG    Running experiments 

09-12 01:23 DEBUG    Uniform ensemble (Train acc): 0.960517
09-12 01:23 DEBUG    Uniform ensemble (Test acc): 0.959800
09-12 01:23 DEBUG    FedAvg (Train acc): 0.097517
09-12 01:23 DEBUG    FedAvg (Test acc): 0.097400
09-12 01:26 DEBUG    ****** PDM_KL matching ******** 
09-12 01:26 DEBUG    Best Sigma0: 0.5. Best sigma: 1 Best gamma: 10. Best Test accuracy: 0.0974. Train acc: 0.09755. 

09-12 01:26 DEBUG    PDM_KL log: {(0.5, 1, 10): {'shapes': [(784, 233), (233,), (233, 127), (127,), (127, 118), (118,), (118, 118), (118,), (118, 118), (118,), (118, 118), (118,), (118, 10), (10,)], 'train_accuracy': 0.09755, 'test_accuracy': 0.0974}} 
09-12 01:30 DEBUG    ****** PDM_KL matching ******** 
09-12 01:30 DEBUG    Best Sigma0: 0.5. Best sigma: 1 Best gamma: 10. Best Test accuracy: 0.0974. Train acc: 0.09751666666666667. 

09-12 01:30 DEBUG    PDM_KL log: {(0.5, 1, 10): {'shapes': [(784, 227), (227,), (227, 118), (118,), (118, 118), (118,), (118, 127), (127,), (127, 118), (118,), (118, 118), (118,), (118, 10), (10,)], 'train_accuracy': 0.09751666666666667, 'test_accuracy': 0.0974}} 
09-12 01:35 DEBUG    ****** PDM_KL matching ******** 
09-12 01:35 DEBUG    Best Sigma0: 0.5. Best sigma: 1 Best gamma: 10. Best Test accuracy: 0.177. Train acc: 0.17591666666666667. 

09-12 01:35 DEBUG    PDM_KL log: {(0.5, 1, 10): {'shapes': [(784, 231), (231,), (231, 127), (127,), (127, 118), (118,), (118, 118), (118,), (118, 118), (118,), (118, 118), (118,), (118, 10), (10,)], 'train_accuracy': 0.17591666666666667, 'test_accuracy': 0.177}} 
09-12 01:39 DEBUG    ****** PDM_KL matching ******** 
09-12 01:39 DEBUG    Best Sigma0: 0.5. Best sigma: 1 Best gamma: 10. Best Test accuracy: 0.0974. Train acc: 0.09751666666666667. 

09-12 01:39 DEBUG    PDM_KL log: {(0.5, 1, 10): {'shapes': [(784, 234), (234,), (234, 126), (126,), (126, 118), (118,), (118, 118), (118,), (118, 118), (118,), (118, 118), (118,), (118, 10), (10,)], 'train_accuracy': 0.09751666666666667, 'test_accuracy': 0.0974}} 
09-12 01:44 DEBUG    ****** PDM_KL matching ******** 
09-12 01:44 DEBUG    Best Sigma0: 0.5. Best sigma: 1 Best gamma: 10. Best Test accuracy: 0.0977. Train acc: 0.09858333333333333. 

09-12 01:44 DEBUG    PDM_KL log: {(0.5, 1, 10): {'shapes': [(784, 238), (238,), (238, 126), (126,), (126, 127), (127,), (127, 118), (118,), (118, 127), (127,), (127, 118), (118,), (118, 10), (10,)], 'train_accuracy': 0.09858333333333333, 'test_accuracy': 0.0977}} 
09-12 01:49 DEBUG    ****** PDM_KL matching ******** 
09-12 01:49 DEBUG    Best Sigma0: 0.5. Best sigma: 1 Best gamma: 10. Best Test accuracy: 0.0974. Train acc: 0.09751666666666667. 

09-12 01:49 DEBUG    PDM_KL log: {(0.5, 1, 10): {'shapes': [(784, 248), (248,), (248, 127), (127,), (127, 127), (127,), (127, 127), (127,), (127, 118), (118,), (118, 118), (118,), (118, 10), (10,)], 'train_accuracy': 0.09751666666666667, 'test_accuracy': 0.0974}} 
09-12 01:56 DEBUG    ****** PDM_KL matching ******** 
09-12 01:56 DEBUG    Best Sigma0: 0.5. Best sigma: 1 Best gamma: 10. Best Test accuracy: 0.1537. Train acc: 0.15198333333333333. 

09-12 01:56 DEBUG    PDM_KL log: {(0.5, 1, 10): {'shapes': [(784, 384), (384,), (384, 131), (131,), (131, 127), (127,), (127, 127), (127,), (127, 127), (127,), (127, 118), (118,), (118, 10), (10,)], 'train_accuracy': 0.15198333333333333, 'test_accuracy': 0.1537}} 
09-12 02:05 DEBUG    ****** PDM_KL matching ******** 
09-12 02:05 DEBUG    Best Sigma0: 0.5. Best sigma: 1 Best gamma: 10. Best Test accuracy: 0.117. Train acc: 0.11305. 

09-12 02:05 DEBUG    PDM_KL log: {(0.5, 1, 10): {'shapes': [(784, 584), (584,), (584, 136), (136,), (136, 127), (127,), (127, 127), (127,), (127, 127), (127,), (127, 118), (118,), (118, 10), (10,)], 'train_accuracy': 0.11305, 'test_accuracy': 0.117}} 
09-12 02:14 DEBUG    ****** PDM_KL matching ******** 
09-12 02:14 DEBUG    Best Sigma0: 0.5. Best sigma: 1 Best gamma: 10. Best Test accuracy: 0.0974. Train acc: 0.09751666666666667. 

09-12 02:14 DEBUG    PDM_KL log: {(0.5, 1, 10): {'shapes': [(784, 616), (616,), (616, 163), (163,), (163, 145), (145,), (145, 145), (145,), (145, 145), (145,), (145, 127), (127,), (127, 10), (10,)], 'train_accuracy': 0.09751666666666667, 'test_accuracy': 0.0974}} 
09-12 02:23 DEBUG    ****** PDM_KL matching ******** 
09-12 02:23 DEBUG    Best Sigma0: 0.5. Best sigma: 1 Best gamma: 10. Best Test accuracy: 0.0974. Train acc: 0.09751666666666667. 

09-12 02:23 DEBUG    PDM_KL log: {(0.5, 1, 10): {'shapes': [(784, 290), (290,), (290, 199), (199,), (199, 172), (172,), (172, 163), (163,), (163, 154), (154,), (154, 127), (127,), (127, 10), (10,)], 'train_accuracy': 0.09751666666666667, 'test_accuracy': 0.0974}} 
09-12 02:29 DEBUG    ****** PDM_KL matching ******** 
09-12 02:29 DEBUG    Best Sigma0: 0.5. Best sigma: 1 Best gamma: 10. Best Test accuracy: 0.0974. Train acc: 0.09751666666666667. 

09-12 02:29 DEBUG    PDM_KL log: {(0.5, 1, 10): {'shapes': [(784, 209), (209,), (209, 262), (262,), (262, 217), (217,), (217, 197), (197,), (197, 172), (172,), (172, 127), (127,), (127, 10), (10,)], 'train_accuracy': 0.09751666666666667, 'test_accuracy': 0.0974}} 
09-12 02:29 DEBUG    Trial 1 completed
09-12 02:29 DEBUG    ####################################################################################################
09-12 02:29 DEBUG    ####################################################################################################
09-12 02:29 DEBUG    Executing Trial 2 with seed 2
09-12 02:29 DEBUG    Data statistics: {0: {0: 613, 1: 691, 2: 569, 3: 611, 4: 600, 5: 562, 6: 585, 7: 610, 8: 590, 9: 569}, 1: {0: 570, 1: 663, 2: 625, 3: 641, 4: 617, 5: 521, 6: 584, 7: 610, 8: 576, 9: 593}, 2: {0: 595, 1: 669, 2: 620, 3: 637, 4: 572, 5: 563, 6: 606, 7: 618, 8: 547, 9: 573}, 3: {0: 572, 1: 675, 2: 577, 3: 575, 4: 587, 5: 546, 6: 611, 7: 637, 8: 606, 9: 614}, 4: {0: 569, 1: 623, 2: 612, 3: 646, 4: 593, 5: 550, 6: 617, 7: 608, 8: 584, 9: 598}, 5: {0: 587, 1: 695, 2: 601, 3: 613, 4: 563, 5: 546, 6: 576, 7: 657, 8: 593, 9: 569}, 6: {0: 618, 1: 690, 2: 608, 3: 559, 4: 573, 5: 541, 6: 572, 7: 633, 8: 590, 9: 616}, 7: {0: 611, 1: 691, 2: 579, 3: 637, 4: 587, 5: 530, 6: 551, 7: 660, 8: 555, 9: 599}, 8: {0: 640, 1: 672, 2: 587, 3: 574, 4: 581, 5: 525, 6: 595, 7: 632, 8: 580, 9: 614}, 9: {0: 548, 1: 673, 2: 580, 3: 638, 4: 569, 5: 537, 6: 621, 7: 600, 8: 630, 9: 604}}
09-12 02:30 DEBUG    **************************************************
09-12 02:30 DEBUG    Running experiments 

09-12 02:31 DEBUG    Uniform ensemble (Train acc): 0.961917
09-12 02:31 DEBUG    Uniform ensemble (Test acc): 0.960500
09-12 02:32 DEBUG    FedAvg (Train acc): 0.097517
09-12 02:32 DEBUG    FedAvg (Test acc): 0.097400
09-12 02:34 DEBUG    ****** PDM_KL matching ******** 
09-12 02:34 DEBUG    Best Sigma0: 0.5. Best sigma: 1 Best gamma: 10. Best Test accuracy: 0.153. Train acc: 0.14838333333333334. 

09-12 02:34 DEBUG    PDM_KL log: {(0.5, 1, 10): {'shapes': [(784, 223), (223,), (223, 118), (118,), (118, 118), (118,), (118, 127), (127,), (127, 118), (118,), (118, 118), (118,), (118, 10), (10,)], 'train_accuracy': 0.14838333333333334, 'test_accuracy': 0.153}} 
09-12 02:38 DEBUG    ****** PDM_KL matching ******** 
09-12 02:38 DEBUG    Best Sigma0: 0.5. Best sigma: 1 Best gamma: 10. Best Test accuracy: 0.1931. Train acc: 0.1924. 

09-12 02:38 DEBUG    PDM_KL log: {(0.5, 1, 10): {'shapes': [(784, 217), (217,), (217, 118), (118,), (118, 126), (126,), (126, 118), (118,), (118, 127), (127,), (127, 118), (118,), (118, 10), (10,)], 'train_accuracy': 0.1924, 'test_accuracy': 0.1931}} 
09-12 02:41 DEBUG    ****** PDM_KL matching ******** 
09-12 02:41 DEBUG    Best Sigma0: 0.5. Best sigma: 1 Best gamma: 10. Best Test accuracy: 0.1782. Train acc: 0.17548333333333332. 

09-12 02:41 DEBUG    PDM_KL log: {(0.5, 1, 10): {'shapes': [(784, 219), (219,), (219, 126), (126,), (126, 127), (127,), (127, 118), (118,), (118, 118), (118,), (118, 118), (118,), (118, 10), (10,)], 'train_accuracy': 0.17548333333333332, 'test_accuracy': 0.1782}} 
09-12 02:45 DEBUG    ****** PDM_KL matching ******** 
09-12 02:45 DEBUG    Best Sigma0: 0.5. Best sigma: 1 Best gamma: 10. Best Test accuracy: 0.1842. Train acc: 0.18128333333333332. 

09-12 02:45 DEBUG    PDM_KL log: {(0.5, 1, 10): {'shapes': [(784, 221), (221,), (221, 118), (118,), (118, 118), (118,), (118, 118), (118,), (118, 118), (118,), (118, 118), (118,), (118, 10), (10,)], 'train_accuracy': 0.18128333333333332, 'test_accuracy': 0.1842}} 
09-12 02:49 DEBUG    ****** PDM_KL matching ******** 
09-12 02:49 DEBUG    Best Sigma0: 0.5. Best sigma: 1 Best gamma: 10. Best Test accuracy: 0.0986. Train acc: 0.09858333333333333. 

09-12 02:49 DEBUG    PDM_KL log: {(0.5, 1, 10): {'shapes': [(784, 233), (233,), (233, 125), (125,), (125, 118), (118,), (118, 118), (118,), (118, 127), (127,), (127, 118), (118,), (118, 10), (10,)], 'train_accuracy': 0.09858333333333333, 'test_accuracy': 0.0986}} 
09-12 02:55 DEBUG    ****** PDM_KL matching ******** 
09-12 02:55 DEBUG    Best Sigma0: 0.5. Best sigma: 1 Best gamma: 10. Best Test accuracy: 0.0974. Train acc: 0.09751666666666667. 

09-12 02:55 DEBUG    PDM_KL log: {(0.5, 1, 10): {'shapes': [(784, 236), (236,), (236, 118), (118,), (118, 127), (127,), (127, 127), (127,), (127, 127), (127,), (127, 118), (118,), (118, 10), (10,)], 'train_accuracy': 0.09751666666666667, 'test_accuracy': 0.0974}} 
09-12 03:01 DEBUG    ****** PDM_KL matching ******** 
09-12 03:01 DEBUG    Best Sigma0: 0.5. Best sigma: 1 Best gamma: 10. Best Test accuracy: 0.0974. Train acc: 0.09751666666666667. 

09-12 03:01 DEBUG    PDM_KL log: {(0.5, 1, 10): {'shapes': [(784, 367), (367,), (367, 127), (127,), (127, 127), (127,), (127, 127), (127,), (127, 127), (127,), (127, 118), (118,), (118, 10), (10,)], 'train_accuracy': 0.09751666666666667, 'test_accuracy': 0.0974}} 
09-12 03:11 DEBUG    ****** PDM_KL matching ******** 
09-12 03:11 DEBUG    Best Sigma0: 0.5. Best sigma: 1 Best gamma: 10. Best Test accuracy: 0.1886. Train acc: 0.18651666666666666. 

09-12 03:11 DEBUG    PDM_KL log: {(0.5, 1, 10): {'shapes': [(784, 551), (551,), (551, 136), (136,), (136, 127), (127,), (127, 127), (127,), (127, 127), (127,), (127, 118), (118,), (118, 10), (10,)], 'train_accuracy': 0.18651666666666666, 'test_accuracy': 0.1886}} 
09-12 03:20 DEBUG    ****** PDM_KL matching ******** 
09-12 03:20 DEBUG    Best Sigma0: 0.5. Best sigma: 1 Best gamma: 10. Best Test accuracy: 0.0974. Train acc: 0.09751666666666667. 

09-12 03:20 DEBUG    PDM_KL log: {(0.5, 1, 10): {'shapes': [(784, 595), (595,), (595, 163), (163,), (163, 145), (145,), (145, 136), (136,), (136, 136), (136,), (136, 127), (127,), (127, 10), (10,)], 'train_accuracy': 0.09751666666666667, 'test_accuracy': 0.0974}} 
09-12 03:27 DEBUG    ****** PDM_KL matching ******** 
09-12 03:27 DEBUG    Best Sigma0: 0.5. Best sigma: 1 Best gamma: 10. Best Test accuracy: 0.0974. Train acc: 0.09751666666666667. 

09-12 03:27 DEBUG    PDM_KL log: {(0.5, 1, 10): {'shapes': [(784, 294), (294,), (294, 190), (190,), (190, 172), (172,), (172, 154), (154,), (154, 154), (154,), (154, 127), (127,), (127, 10), (10,)], 'train_accuracy': 0.09751666666666667, 'test_accuracy': 0.0974}} 
09-12 03:34 DEBUG    ****** PDM_KL matching ******** 
09-12 03:34 DEBUG    Best Sigma0: 0.5. Best sigma: 1 Best gamma: 10. Best Test accuracy: 0.0974. Train acc: 0.09751666666666667. 

09-12 03:34 DEBUG    PDM_KL log: {(0.5, 1, 10): {'shapes': [(784, 220), (220,), (220, 208), (208,), (208, 208), (208,), (208, 172), (172,), (172, 163), (163,), (163, 118), (118,), (118, 10), (10,)], 'train_accuracy': 0.09751666666666667, 'test_accuracy': 0.0974}} 
09-12 03:34 DEBUG    Trial 2 completed
09-12 03:34 DEBUG    ####################################################################################################
09-12 03:34 DEBUG    ####################################################################################################
09-12 03:34 DEBUG    Executing Trial 3 with seed 3
09-12 03:34 DEBUG    Data statistics: {0: {0: 578, 1: 726, 2: 611, 3: 606, 4: 571, 5: 535, 6: 562, 7: 646, 8: 594, 9: 571}, 1: {0: 600, 1: 656, 2: 590, 3: 593, 4: 586, 5: 569, 6: 596, 7: 639, 8: 573, 9: 598}, 2: {0: 557, 1: 671, 2: 594, 3: 628, 4: 595, 5: 530, 6: 564, 7: 644, 8: 612, 9: 605}, 3: {0: 574, 1: 669, 2: 615, 3: 645, 4: 595, 5: 523, 6: 579, 7: 577, 8: 600, 9: 623}, 4: {0: 574, 1: 677, 2: 571, 3: 636, 4: 600, 5: 539, 6: 608, 7: 623, 8: 579, 9: 593}, 5: {0: 585, 1: 682, 2: 619, 3: 631, 4: 587, 5: 524, 6: 591, 7: 599, 8: 553, 9: 629}, 6: {0: 626, 1: 693, 2: 582, 3: 595, 4: 568, 5: 563, 6: 605, 7: 618, 8: 588, 9: 562}, 7: {0: 613, 1: 663, 2: 592, 3: 590, 4: 550, 5: 521, 6: 600, 7: 660, 8: 615, 9: 596}, 8: {0: 624, 1: 689, 2: 589, 3: 620, 4: 567, 5: 570, 6: 575, 7: 618, 8: 563, 9: 585}, 9: {0: 592, 1: 616, 2: 595, 3: 587, 4: 623, 5: 547, 6: 638, 7: 641, 8: 574, 9: 587}}
09-12 03:35 DEBUG    **************************************************
09-12 03:35 DEBUG    Running experiments 

09-12 03:36 DEBUG    Uniform ensemble (Train acc): 0.959717
09-12 03:36 DEBUG    Uniform ensemble (Test acc): 0.957900
09-12 03:36 DEBUG    FedAvg (Train acc): 0.097517
09-12 03:36 DEBUG    FedAvg (Test acc): 0.097400
09-12 03:39 DEBUG    ****** PDM_KL matching ******** 
09-12 03:39 DEBUG    Best Sigma0: 0.5. Best sigma: 1 Best gamma: 10. Best Test accuracy: 0.0974. Train acc: 0.09751666666666667. 

09-12 03:39 DEBUG    PDM_KL log: {(0.5, 1, 10): {'shapes': [(784, 232), (232,), (232, 123), (123,), (123, 120), (120,), (120, 118), (118,), (118, 118), (118,), (118, 118), (118,), (118, 10), (10,)], 'train_accuracy': 0.09751666666666667, 'test_accuracy': 0.0974}} 
09-12 03:44 DEBUG    ****** PDM_KL matching ******** 
09-12 03:44 DEBUG    Best Sigma0: 0.5. Best sigma: 1 Best gamma: 10. Best Test accuracy: 0.0974. Train acc: 0.09751666666666667. 

09-12 03:44 DEBUG    PDM_KL log: {(0.5, 1, 10): {'shapes': [(784, 234), (234,), (234, 118), (118,), (118, 118), (118,), (118, 127), (127,), (127, 118), (118,), (118, 118), (118,), (118, 10), (10,)], 'train_accuracy': 0.09751666666666667, 'test_accuracy': 0.0974}} 
09-12 03:48 DEBUG    ****** PDM_KL matching ******** 
09-12 03:48 DEBUG    Best Sigma0: 0.5. Best sigma: 1 Best gamma: 10. Best Test accuracy: 0.128. Train acc: 0.12941666666666668. 

09-12 03:48 DEBUG    PDM_KL log: {(0.5, 1, 10): {'shapes': [(784, 239), (239,), (239, 127), (127,), (127, 127), (127,), (127, 118), (118,), (118, 118), (118,), (118, 118), (118,), (118, 10), (10,)], 'train_accuracy': 0.12941666666666668, 'test_accuracy': 0.128}} 
09-12 03:51 DEBUG    ****** PDM_KL matching ******** 
09-12 03:51 DEBUG    Best Sigma0: 0.5. Best sigma: 1 Best gamma: 10. Best Test accuracy: 0.0974. Train acc: 0.09751666666666667. 

09-12 03:51 DEBUG    PDM_KL log: {(0.5, 1, 10): {'shapes': [(784, 234), (234,), (234, 127), (127,), (127, 127), (127,), (127, 118), (118,), (118, 118), (118,), (118, 118), (118,), (118, 10), (10,)], 'train_accuracy': 0.09751666666666667, 'test_accuracy': 0.0974}} 
09-12 03:55 DEBUG    ****** PDM_KL matching ******** 
09-12 03:55 DEBUG    Best Sigma0: 0.5. Best sigma: 1 Best gamma: 10. Best Test accuracy: 0.0974. Train acc: 0.09751666666666667. 

09-12 03:55 DEBUG    PDM_KL log: {(0.5, 1, 10): {'shapes': [(784, 248), (248,), (248, 127), (127,), (127, 127), (127,), (127, 118), (118,), (118, 118), (118,), (118, 118), (118,), (118, 10), (10,)], 'train_accuracy': 0.09751666666666667, 'test_accuracy': 0.0974}} 
09-12 04:00 DEBUG    ****** PDM_KL matching ******** 
09-12 04:00 DEBUG    Best Sigma0: 0.5. Best sigma: 1 Best gamma: 10. Best Test accuracy: 0.0974. Train acc: 0.09751666666666667. 

09-12 04:00 DEBUG    PDM_KL log: {(0.5, 1, 10): {'shapes': [(784, 256), (256,), (256, 124), (124,), (124, 127), (127,), (127, 118), (118,), (118, 127), (127,), (127, 118), (118,), (118, 10), (10,)], 'train_accuracy': 0.09751666666666667, 'test_accuracy': 0.0974}} 
09-12 04:07 DEBUG    ****** PDM_KL matching ******** 
09-12 04:07 DEBUG    Best Sigma0: 0.5. Best sigma: 1 Best gamma: 10. Best Test accuracy: 0.0974. Train acc: 0.09751666666666667. 

09-12 04:07 DEBUG    PDM_KL log: {(0.5, 1, 10): {'shapes': [(784, 382), (382,), (382, 127), (127,), (127, 127), (127,), (127, 127), (127,), (127, 127), (127,), (127, 118), (118,), (118, 10), (10,)], 'train_accuracy': 0.09751666666666667, 'test_accuracy': 0.0974}} 
09-12 04:18 DEBUG    ****** PDM_KL matching ******** 
09-12 04:18 DEBUG    Best Sigma0: 0.5. Best sigma: 1 Best gamma: 10. Best Test accuracy: 0.0974. Train acc: 0.09751666666666667. 

09-12 04:18 DEBUG    PDM_KL log: {(0.5, 1, 10): {'shapes': [(784, 586), (586,), (586, 136), (136,), (136, 127), (127,), (127, 127), (127,), (127, 127), (127,), (127, 118), (118,), (118, 10), (10,)], 'train_accuracy': 0.09751666666666667, 'test_accuracy': 0.0974}} 
09-12 04:27 DEBUG    ****** PDM_KL matching ******** 
09-12 04:27 DEBUG    Best Sigma0: 0.5. Best sigma: 1 Best gamma: 10. Best Test accuracy: 0.1009. Train acc: 0.09915. 

09-12 04:27 DEBUG    PDM_KL log: {(0.5, 1, 10): {'shapes': [(784, 624), (624,), (624, 163), (163,), (163, 145), (145,), (145, 145), (145,), (145, 145), (145,), (145, 127), (127,), (127, 10), (10,)], 'train_accuracy': 0.09915, 'test_accuracy': 0.1009}} 
09-12 04:35 DEBUG    ****** PDM_KL matching ******** 
09-12 04:35 DEBUG    Best Sigma0: 0.5. Best sigma: 1 Best gamma: 10. Best Test accuracy: 0.0974. Train acc: 0.09751666666666667. 

09-12 04:35 DEBUG    PDM_KL log: {(0.5, 1, 10): {'shapes': [(784, 324), (324,), (324, 199), (199,), (199, 172), (172,), (172, 163), (163,), (163, 154), (154,), (154, 127), (127,), (127, 10), (10,)], 'train_accuracy': 0.09751666666666667, 'test_accuracy': 0.0974}} 
09-12 04:41 DEBUG    ****** PDM_KL matching ******** 
09-12 04:41 DEBUG    Best Sigma0: 0.5. Best sigma: 1 Best gamma: 10. Best Test accuracy: 0.0974. Train acc: 0.09751666666666667. 

09-12 04:41 DEBUG    PDM_KL log: {(0.5, 1, 10): {'shapes': [(784, 219), (219,), (219, 235), (235,), (235, 217), (217,), (217, 217), (217,), (217, 181), (181,), (181, 118), (118,), (118, 10), (10,)], 'train_accuracy': 0.09751666666666667, 'test_accuracy': 0.0974}} 
09-12 04:41 DEBUG    Trial 3 completed
09-12 04:41 DEBUG    ####################################################################################################
09-12 04:41 DEBUG    ####################################################################################################
09-12 04:41 DEBUG    Executing Trial 4 with seed 4
09-12 04:41 DEBUG    Data statistics: {0: {0: 580, 1: 694, 2: 624, 3: 614, 4: 560, 5: 523, 6: 605, 7: 625, 8: 581, 9: 594}, 1: {0: 617, 1: 648, 2: 621, 3: 611, 4: 566, 5: 565, 6: 567, 7: 655, 8: 587, 9: 563}, 2: {0: 557, 1: 697, 2: 599, 3: 597, 4: 588, 5: 541, 6: 602, 7: 606, 8: 620, 9: 593}, 3: {0: 594, 1: 659, 2: 550, 3: 623, 4: 626, 5: 545, 6: 592, 7: 603, 8: 560, 9: 648}, 4: {0: 579, 1: 706, 2: 598, 3: 652, 4: 580, 5: 547, 6: 641, 7: 616, 8: 507, 9: 574}, 5: {0: 631, 1: 658, 2: 584, 3: 617, 4: 603, 5: 526, 6: 583, 7: 609, 8: 604, 9: 585}, 6: {0: 576, 1: 686, 2: 595, 3: 601, 4: 573, 5: 535, 6: 589, 7: 678, 8: 559, 9: 608}, 7: {0: 614, 1: 663, 2: 624, 3: 600, 4: 587, 5: 528, 6: 574, 7: 610, 8: 636, 9: 564}, 8: {0: 577, 1: 690, 2: 601, 3: 589, 4: 581, 5: 550, 6: 549, 7: 641, 8: 593, 9: 629}, 9: {0: 598, 1: 641, 2: 562, 3: 627, 4: 578, 5: 561, 6: 616, 7: 622, 8: 604, 9: 591}}
09-12 04:42 DEBUG    **************************************************
09-12 04:42 DEBUG    Running experiments 

09-12 04:42 DEBUG    Uniform ensemble (Train acc): 0.961583
09-12 04:42 DEBUG    Uniform ensemble (Test acc): 0.959300
09-12 04:42 DEBUG    FedAvg (Train acc): 0.097517
09-12 04:42 DEBUG    FedAvg (Test acc): 0.097400
09-12 04:45 DEBUG    ****** PDM_KL matching ******** 
09-12 04:45 DEBUG    Best Sigma0: 0.5. Best sigma: 1 Best gamma: 10. Best Test accuracy: 0.0974. Train acc: 0.09751666666666667. 

09-12 04:45 DEBUG    PDM_KL log: {(0.5, 1, 10): {'shapes': [(784, 234), (234,), (234, 127), (127,), (127, 118), (118,), (118, 118), (118,), (118, 127), (127,), (127, 118), (118,), (118, 10), (10,)], 'train_accuracy': 0.09751666666666667, 'test_accuracy': 0.0974}} 
09-12 04:49 DEBUG    ****** PDM_KL matching ******** 
09-12 04:49 DEBUG    Best Sigma0: 0.5. Best sigma: 1 Best gamma: 10. Best Test accuracy: 0.0974. Train acc: 0.09751666666666667. 

09-12 04:49 DEBUG    PDM_KL log: {(0.5, 1, 10): {'shapes': [(784, 239), (239,), (239, 127), (127,), (127, 118), (118,), (118, 118), (118,), (118, 118), (118,), (118, 118), (118,), (118, 10), (10,)], 'train_accuracy': 0.09751666666666667, 'test_accuracy': 0.0974}} 
09-12 04:53 DEBUG    ****** PDM_KL matching ******** 
09-12 04:53 DEBUG    Best Sigma0: 0.5. Best sigma: 1 Best gamma: 10. Best Test accuracy: 0.0974. Train acc: 0.09751666666666667. 

09-12 04:53 DEBUG    PDM_KL log: {(0.5, 1, 10): {'shapes': [(784, 236), (236,), (236, 127), (127,), (127, 118), (118,), (118, 127), (127,), (127, 118), (118,), (118, 118), (118,), (118, 10), (10,)], 'train_accuracy': 0.09751666666666667, 'test_accuracy': 0.0974}} 
09-12 04:58 DEBUG    ****** PDM_KL matching ******** 
09-12 04:58 DEBUG    Best Sigma0: 0.5. Best sigma: 1 Best gamma: 10. Best Test accuracy: 0.0974. Train acc: 0.09751666666666667. 

09-12 04:58 DEBUG    PDM_KL log: {(0.5, 1, 10): {'shapes': [(784, 235), (235,), (235, 127), (127,), (127, 118), (118,), (118, 118), (118,), (118, 118), (118,), (118, 118), (118,), (118, 10), (10,)], 'train_accuracy': 0.09751666666666667, 'test_accuracy': 0.0974}} 
09-12 05:03 DEBUG    ****** PDM_KL matching ******** 
09-12 05:03 DEBUG    Best Sigma0: 0.5. Best sigma: 1 Best gamma: 10. Best Test accuracy: 0.0974. Train acc: 0.09751666666666667. 

09-12 05:03 DEBUG    PDM_KL log: {(0.5, 1, 10): {'shapes': [(784, 247), (247,), (247, 126), (126,), (126, 127), (127,), (127, 118), (118,), (118, 118), (118,), (118, 118), (118,), (118, 10), (10,)], 'train_accuracy': 0.09751666666666667, 'test_accuracy': 0.0974}} 
09-12 05:07 DEBUG    ****** PDM_KL matching ******** 
09-12 05:07 DEBUG    Best Sigma0: 0.5. Best sigma: 1 Best gamma: 10. Best Test accuracy: 0.0974. Train acc: 0.09751666666666667. 

09-12 05:07 DEBUG    PDM_KL log: {(0.5, 1, 10): {'shapes': [(784, 249), (249,), (249, 127), (127,), (127, 127), (127,), (127, 118), (118,), (118, 127), (127,), (127, 118), (118,), (118, 10), (10,)], 'train_accuracy': 0.09751666666666667, 'test_accuracy': 0.0974}} 
09-12 05:14 DEBUG    ****** PDM_KL matching ******** 
09-12 05:14 DEBUG    Best Sigma0: 0.5. Best sigma: 1 Best gamma: 10. Best Test accuracy: 0.0974. Train acc: 0.09751666666666667. 

09-12 05:14 DEBUG    PDM_KL log: {(0.5, 1, 10): {'shapes': [(784, 372), (372,), (372, 132), (132,), (132, 127), (127,), (127, 127), (127,), (127, 127), (127,), (127, 118), (118,), (118, 10), (10,)], 'train_accuracy': 0.09751666666666667, 'test_accuracy': 0.0974}} 
09-12 05:24 DEBUG    ****** PDM_KL matching ******** 
09-12 05:24 DEBUG    Best Sigma0: 0.5. Best sigma: 1 Best gamma: 10. Best Test accuracy: 0.0974. Train acc: 0.09751666666666667. 

09-12 05:24 DEBUG    PDM_KL log: {(0.5, 1, 10): {'shapes': [(784, 579), (579,), (579, 136), (136,), (136, 127), (127,), (127, 127), (127,), (127, 127), (127,), (127, 118), (118,), (118, 10), (10,)], 'train_accuracy': 0.09751666666666667, 'test_accuracy': 0.0974}} 
09-12 05:32 DEBUG    ****** PDM_KL matching ******** 
09-12 05:32 DEBUG    Best Sigma0: 0.5. Best sigma: 1 Best gamma: 10. Best Test accuracy: 0.0974. Train acc: 0.09751666666666667. 

09-12 05:32 DEBUG    PDM_KL log: {(0.5, 1, 10): {'shapes': [(784, 616), (616,), (616, 163), (163,), (163, 145), (145,), (145, 145), (145,), (145, 136), (136,), (136, 127), (127,), (127, 10), (10,)], 'train_accuracy': 0.09751666666666667, 'test_accuracy': 0.0974}} 
09-12 05:40 DEBUG    ****** PDM_KL matching ******** 
09-12 05:40 DEBUG    Best Sigma0: 0.5. Best sigma: 1 Best gamma: 10. Best Test accuracy: 0.0974. Train acc: 0.09751666666666667. 

09-12 05:40 DEBUG    PDM_KL log: {(0.5, 1, 10): {'shapes': [(784, 312), (312,), (312, 190), (190,), (190, 163), (163,), (163, 154), (154,), (154, 154), (154,), (154, 127), (127,), (127, 10), (10,)], 'train_accuracy': 0.09751666666666667, 'test_accuracy': 0.0974}} 
09-12 05:47 DEBUG    ****** PDM_KL matching ******** 
09-12 05:47 DEBUG    Best Sigma0: 0.5. Best sigma: 1 Best gamma: 10. Best Test accuracy: 0.0974. Train acc: 0.09751666666666667. 

09-12 05:47 DEBUG    PDM_KL log: {(0.5, 1, 10): {'shapes': [(784, 230), (230,), (230, 226), (226,), (226, 233), (233,), (233, 181), (181,), (181, 172), (172,), (172, 127), (127,), (127, 10), (10,)], 'train_accuracy': 0.09751666666666667, 'test_accuracy': 0.0974}} 
09-12 05:47 DEBUG    Trial 4 completed
09-12 05:47 DEBUG    ####################################################################################################
09-12 05:47 DEBUG    ####################################################################################################
09-12 05:47 DEBUG    Executing Trial 5 with seed 5
09-12 05:47 DEBUG    Data statistics: {0: {0: 565, 1: 648, 2: 579, 3: 636, 4: 604, 5: 509, 6: 611, 7: 660, 8: 602, 9: 586}, 1: {0: 633, 1: 675, 2: 592, 3: 613, 4: 571, 5: 505, 6: 594, 7: 640, 8: 580, 9: 597}, 2: {0: 603, 1: 699, 2: 564, 3: 589, 4: 573, 5: 546, 6: 576, 7: 621, 8: 593, 9: 636}, 3: {0: 626, 1: 652, 2: 608, 3: 607, 4: 574, 5: 563, 6: 581, 7: 634, 8: 552, 9: 603}, 4: {0: 579, 1: 684, 2: 592, 3: 631, 4: 561, 5: 548, 6: 565, 7: 626, 8: 637, 9: 577}, 5: {0: 579, 1: 672, 2: 616, 3: 629, 4: 575, 5: 552, 6: 588, 7: 647, 8: 559, 9: 583}, 6: {0: 579, 1: 664, 2: 607, 3: 607, 4: 628, 5: 580, 6: 564, 7: 592, 8: 565, 9: 614}, 7: {0: 572, 1: 678, 2: 612, 3: 616, 4: 591, 5: 535, 6: 626, 7: 624, 8: 557, 9: 589}, 8: {0: 603, 1: 683, 2: 591, 3: 628, 4: 582, 5: 559, 6: 610, 7: 611, 8: 571, 9: 562}, 9: {0: 584, 1: 687, 2: 597, 3: 575, 4: 583, 5: 524, 6: 603, 7: 610, 8: 635, 9: 602}}
09-12 05:48 DEBUG    **************************************************
09-12 05:48 DEBUG    Running experiments 

09-12 05:49 DEBUG    Uniform ensemble (Train acc): 0.960933
09-12 05:49 DEBUG    Uniform ensemble (Test acc): 0.958600
09-12 05:49 DEBUG    FedAvg (Train acc): 0.097517
09-12 05:49 DEBUG    FedAvg (Test acc): 0.097400
09-12 05:53 DEBUG    ****** PDM_KL matching ******** 
09-12 05:53 DEBUG    Best Sigma0: 0.5. Best sigma: 1 Best gamma: 10. Best Test accuracy: 0.0974. Train acc: 0.09751666666666667. 

09-12 05:53 DEBUG    PDM_KL log: {(0.5, 1, 10): {'shapes': [(784, 237), (237,), (237, 126), (126,), (126, 118), (118,), (118, 118), (118,), (118, 118), (118,), (118, 118), (118,), (118, 10), (10,)], 'train_accuracy': 0.09751666666666667, 'test_accuracy': 0.0974}} 
09-12 05:58 DEBUG    ****** PDM_KL matching ******** 
09-12 05:58 DEBUG    Best Sigma0: 0.5. Best sigma: 1 Best gamma: 10. Best Test accuracy: 0.0974. Train acc: 0.09751666666666667. 

09-12 05:58 DEBUG    PDM_KL log: {(0.5, 1, 10): {'shapes': [(784, 243), (243,), (243, 125), (125,), (125, 118), (118,), (118, 118), (118,), (118, 118), (118,), (118, 118), (118,), (118, 10), (10,)], 'train_accuracy': 0.09751666666666667, 'test_accuracy': 0.0974}} 
09-12 06:01 DEBUG    ****** PDM_KL matching ******** 
09-12 06:01 DEBUG    Best Sigma0: 0.5. Best sigma: 1 Best gamma: 10. Best Test accuracy: 0.0974. Train acc: 0.09751666666666667. 

09-12 06:01 DEBUG    PDM_KL log: {(0.5, 1, 10): {'shapes': [(784, 238), (238,), (238, 126), (126,), (126, 118), (118,), (118, 118), (118,), (118, 118), (118,), (118, 118), (118,), (118, 10), (10,)], 'train_accuracy': 0.09751666666666667, 'test_accuracy': 0.0974}} 
09-12 06:04 DEBUG    ****** PDM_KL matching ******** 
09-12 06:04 DEBUG    Best Sigma0: 0.5. Best sigma: 1 Best gamma: 10. Best Test accuracy: 0.0974. Train acc: 0.09751666666666667. 

09-12 06:04 DEBUG    PDM_KL log: {(0.5, 1, 10): {'shapes': [(784, 242), (242,), (242, 126), (126,), (126, 118), (118,), (118, 118), (118,), (118, 118), (118,), (118, 118), (118,), (118, 10), (10,)], 'train_accuracy': 0.09751666666666667, 'test_accuracy': 0.0974}} 
09-12 06:07 DEBUG    ****** PDM_KL matching ******** 
09-12 06:07 DEBUG    Best Sigma0: 0.5. Best sigma: 1 Best gamma: 10. Best Test accuracy: 0.0974. Train acc: 0.09751666666666667. 

09-12 06:07 DEBUG    PDM_KL log: {(0.5, 1, 10): {'shapes': [(784, 249), (249,), (249, 127), (127,), (127, 118), (118,), (118, 118), (118,), (118, 118), (118,), (118, 118), (118,), (118, 10), (10,)], 'train_accuracy': 0.09751666666666667, 'test_accuracy': 0.0974}} 
09-12 06:10 DEBUG    ****** PDM_KL matching ******** 
09-12 06:10 DEBUG    Best Sigma0: 0.5. Best sigma: 1 Best gamma: 10. Best Test accuracy: 0.0974. Train acc: 0.09751666666666667. 

09-12 06:10 DEBUG    PDM_KL log: {(0.5, 1, 10): {'shapes': [(784, 263), (263,), (263, 127), (127,), (127, 118), (118,), (118, 118), (118,), (118, 118), (118,), (118, 118), (118,), (118, 10), (10,)], 'train_accuracy': 0.09751666666666667, 'test_accuracy': 0.0974}} 
09-12 06:14 DEBUG    ****** PDM_KL matching ******** 
09-12 06:14 DEBUG    Best Sigma0: 0.5. Best sigma: 1 Best gamma: 10. Best Test accuracy: 0.0974. Train acc: 0.09751666666666667. 

09-12 06:14 DEBUG    PDM_KL log: {(0.5, 1, 10): {'shapes': [(784, 385), (385,), (385, 127), (127,), (127, 127), (127,), (127, 127), (127,), (127, 127), (127,), (127, 118), (118,), (118, 10), (10,)], 'train_accuracy': 0.09751666666666667, 'test_accuracy': 0.0974}} 
09-12 06:24 DEBUG    ****** PDM_KL matching ******** 
09-12 06:24 DEBUG    Best Sigma0: 0.5. Best sigma: 1 Best gamma: 10. Best Test accuracy: 0.0974. Train acc: 0.09751666666666667. 

09-12 06:24 DEBUG    PDM_KL log: {(0.5, 1, 10): {'shapes': [(784, 594), (594,), (594, 136), (136,), (136, 127), (127,), (127, 127), (127,), (127, 127), (127,), (127, 118), (118,), (118, 10), (10,)], 'train_accuracy': 0.09751666666666667, 'test_accuracy': 0.0974}} 
09-12 06:32 DEBUG    ****** PDM_KL matching ******** 
09-12 06:32 DEBUG    Best Sigma0: 0.5. Best sigma: 1 Best gamma: 10. Best Test accuracy: 0.1009. Train acc: 0.09915. 

09-12 06:32 DEBUG    PDM_KL log: {(0.5, 1, 10): {'shapes': [(784, 624), (624,), (624, 163), (163,), (163, 145), (145,), (145, 145), (145,), (145, 144), (144,), (144, 127), (127,), (127, 10), (10,)], 'train_accuracy': 0.09915, 'test_accuracy': 0.1009}} 
09-12 06:37 DEBUG    ****** PDM_KL matching ******** 
09-12 06:37 DEBUG    Best Sigma0: 0.5. Best sigma: 1 Best gamma: 10. Best Test accuracy: 0.0974. Train acc: 0.09751666666666667. 

09-12 06:37 DEBUG    PDM_KL log: {(0.5, 1, 10): {'shapes': [(784, 281), (281,), (281, 190), (190,), (190, 181), (181,), (181, 163), (163,), (163, 154), (154,), (154, 118), (118,), (118, 10), (10,)], 'train_accuracy': 0.09751666666666667, 'test_accuracy': 0.0974}} 
09-12 06:41 DEBUG    ****** PDM_KL matching ******** 
09-12 06:41 DEBUG    Best Sigma0: 0.5. Best sigma: 1 Best gamma: 10. Best Test accuracy: 0.0974. Train acc: 0.09751666666666667. 

09-12 06:41 DEBUG    PDM_KL log: {(0.5, 1, 10): {'shapes': [(784, 217), (217,), (217, 226), (226,), (226, 226), (226,), (226, 199), (199,), (199, 163), (163,), (163, 118), (118,), (118, 10), (10,)], 'train_accuracy': 0.09751666666666667, 'test_accuracy': 0.0974}} 
09-12 06:41 DEBUG    Trial 5 completed
09-12 06:41 DEBUG    ####################################################################################################
09-12 06:41 DEBUG    ####################################################################################################
09-12 06:41 DEBUG    Executing Trial 6 with seed 6
09-12 06:41 DEBUG    Data statistics: {0: {0: 590, 1: 661, 2: 587, 3: 624, 4: 613, 5: 542, 6: 623, 7: 604, 8: 557, 9: 599}, 1: {0: 561, 1: 716, 2: 606, 3: 636, 4: 568, 5: 547, 6: 552, 7: 633, 8: 614, 9: 567}, 2: {0: 606, 1: 716, 2: 582, 3: 615, 4: 579, 5: 513, 6: 583, 7: 607, 8: 571, 9: 628}, 3: {0: 589, 1: 664, 2: 553, 3: 609, 4: 561, 5: 570, 6: 620, 7: 636, 8: 604, 9: 594}, 4: {0: 592, 1: 682, 2: 656, 3: 604, 4: 573, 5: 521, 6: 594, 7: 634, 8: 569, 9: 575}, 5: {0: 572, 1: 693, 2: 589, 3: 661, 4: 560, 5: 546, 6: 572, 7: 638, 8: 589, 9: 580}, 6: {0: 626, 1: 663, 2: 593, 3: 573, 4: 615, 5: 560, 6: 604, 7: 597, 8: 566, 9: 603}, 7: {0: 617, 1: 650, 2: 594, 3: 583, 4: 591, 5: 500, 6: 617, 7: 657, 8: 579, 9: 612}, 8: {0: 578, 1: 643, 2: 592, 3: 629, 4: 581, 5: 554, 6: 571, 7: 653, 8: 588, 9: 611}, 9: {0: 592, 1: 654, 2: 606, 3: 597, 4: 601, 5: 568, 6: 582, 7: 606, 8: 614, 9: 580}}
09-12 06:42 DEBUG    **************************************************
09-12 06:42 DEBUG    Running experiments 

09-12 06:42 DEBUG    Uniform ensemble (Train acc): 0.959667
09-12 06:42 DEBUG    Uniform ensemble (Test acc): 0.958000
09-12 06:43 DEBUG    FedAvg (Train acc): 0.097517
09-12 06:43 DEBUG    FedAvg (Test acc): 0.097400
09-12 06:45 DEBUG    ****** PDM_KL matching ******** 
09-12 06:45 DEBUG    Best Sigma0: 0.5. Best sigma: 1 Best gamma: 10. Best Test accuracy: 0.0974. Train acc: 0.09751666666666667. 

09-12 06:45 DEBUG    PDM_KL log: {(0.5, 1, 10): {'shapes': [(784, 225), (225,), (225, 127), (127,), (127, 118), (118,), (118, 118), (118,), (118, 118), (118,), (118, 118), (118,), (118, 10), (10,)], 'train_accuracy': 0.09751666666666667, 'test_accuracy': 0.0974}} 
09-12 06:48 DEBUG    ****** PDM_KL matching ******** 
09-12 06:48 DEBUG    Best Sigma0: 0.5. Best sigma: 1 Best gamma: 10. Best Test accuracy: 0.0974. Train acc: 0.09751666666666667. 

09-12 06:48 DEBUG    PDM_KL log: {(0.5, 1, 10): {'shapes': [(784, 226), (226,), (226, 118), (118,), (118, 118), (118,), (118, 118), (118,), (118, 127), (127,), (127, 118), (118,), (118, 10), (10,)], 'train_accuracy': 0.09751666666666667, 'test_accuracy': 0.0974}} 
09-12 06:52 DEBUG    ****** PDM_KL matching ******** 
09-12 06:52 DEBUG    Best Sigma0: 0.5. Best sigma: 1 Best gamma: 10. Best Test accuracy: 0.0974. Train acc: 0.09751666666666667. 

09-12 06:52 DEBUG    PDM_KL log: {(0.5, 1, 10): {'shapes': [(784, 226), (226,), (226, 126), (126,), (126, 127), (127,), (127, 118), (118,), (118, 118), (118,), (118, 118), (118,), (118, 10), (10,)], 'train_accuracy': 0.09751666666666667, 'test_accuracy': 0.0974}} 
09-12 06:56 DEBUG    ****** PDM_KL matching ******** 
09-12 06:56 DEBUG    Best Sigma0: 0.5. Best sigma: 1 Best gamma: 10. Best Test accuracy: 0.0974. Train acc: 0.09751666666666667. 

09-12 06:56 DEBUG    PDM_KL log: {(0.5, 1, 10): {'shapes': [(784, 226), (226,), (226, 127), (127,), (127, 118), (118,), (118, 118), (118,), (118, 118), (118,), (118, 118), (118,), (118, 10), (10,)], 'train_accuracy': 0.09751666666666667, 'test_accuracy': 0.0974}} 
09-12 07:00 DEBUG    ****** PDM_KL matching ******** 
09-12 07:00 DEBUG    Best Sigma0: 0.5. Best sigma: 1 Best gamma: 10. Best Test accuracy: 0.0974. Train acc: 0.09751666666666667. 

09-12 07:00 DEBUG    PDM_KL log: {(0.5, 1, 10): {'shapes': [(784, 228), (228,), (228, 127), (127,), (127, 118), (118,), (118, 127), (127,), (127, 118), (118,), (118, 118), (118,), (118, 10), (10,)], 'train_accuracy': 0.09751666666666667, 'test_accuracy': 0.0974}} 
09-12 07:04 DEBUG    ****** PDM_KL matching ******** 
09-12 07:04 DEBUG    Best Sigma0: 0.5. Best sigma: 1 Best gamma: 10. Best Test accuracy: 0.0974. Train acc: 0.09751666666666667. 

09-12 07:04 DEBUG    PDM_KL log: {(0.5, 1, 10): {'shapes': [(784, 243), (243,), (243, 127), (127,), (127, 118), (118,), (118, 118), (118,), (118, 127), (127,), (127, 118), (118,), (118, 10), (10,)], 'train_accuracy': 0.09751666666666667, 'test_accuracy': 0.0974}} 
09-12 07:09 DEBUG    ****** PDM_KL matching ******** 
09-12 07:09 DEBUG    Best Sigma0: 0.5. Best sigma: 1 Best gamma: 10. Best Test accuracy: 0.0974. Train acc: 0.09751666666666667. 

09-12 07:09 DEBUG    PDM_KL log: {(0.5, 1, 10): {'shapes': [(784, 368), (368,), (368, 127), (127,), (127, 127), (127,), (127, 127), (127,), (127, 127), (127,), (127, 118), (118,), (118, 10), (10,)], 'train_accuracy': 0.09751666666666667, 'test_accuracy': 0.0974}} 
09-12 07:14 DEBUG    ****** PDM_KL matching ******** 
09-12 07:14 DEBUG    Best Sigma0: 0.5. Best sigma: 1 Best gamma: 10. Best Test accuracy: 0.098. Train acc: 0.09773333333333334. 

09-12 07:14 DEBUG    PDM_KL log: {(0.5, 1, 10): {'shapes': [(784, 554), (554,), (554, 136), (136,), (136, 127), (127,), (127, 127), (127,), (127, 127), (127,), (127, 118), (118,), (118, 10), (10,)], 'train_accuracy': 0.09773333333333334, 'test_accuracy': 0.098}} 
09-12 07:19 DEBUG    ****** PDM_KL matching ******** 
09-12 07:19 DEBUG    Best Sigma0: 0.5. Best sigma: 1 Best gamma: 10. Best Test accuracy: 0.0974. Train acc: 0.09751666666666667. 

09-12 07:19 DEBUG    PDM_KL log: {(0.5, 1, 10): {'shapes': [(784, 589), (589,), (589, 163), (163,), (163, 154), (154,), (154, 145), (145,), (145, 136), (136,), (136, 127), (127,), (127, 10), (10,)], 'train_accuracy': 0.09751666666666667, 'test_accuracy': 0.0974}} 
09-12 07:23 DEBUG    ****** PDM_KL matching ******** 
09-12 07:23 DEBUG    Best Sigma0: 0.5. Best sigma: 1 Best gamma: 10. Best Test accuracy: 0.0974. Train acc: 0.09751666666666667. 

09-12 07:23 DEBUG    PDM_KL log: {(0.5, 1, 10): {'shapes': [(784, 283), (283,), (283, 208), (208,), (208, 172), (172,), (172, 154), (154,), (154, 154), (154,), (154, 127), (127,), (127, 10), (10,)], 'train_accuracy': 0.09751666666666667, 'test_accuracy': 0.0974}} 
09-12 07:28 DEBUG    ****** PDM_KL matching ******** 
09-12 07:28 DEBUG    Best Sigma0: 0.5. Best sigma: 1 Best gamma: 10. Best Test accuracy: 0.0974. Train acc: 0.09751666666666667. 

09-12 07:28 DEBUG    PDM_KL log: {(0.5, 1, 10): {'shapes': [(784, 226), (226,), (226, 251), (251,), (251, 217), (217,), (217, 181), (181,), (181, 172), (172,), (172, 127), (127,), (127, 10), (10,)], 'train_accuracy': 0.09751666666666667, 'test_accuracy': 0.0974}} 
09-12 07:28 DEBUG    Trial 6 completed
09-12 07:28 DEBUG    ####################################################################################################
09-12 07:28 DEBUG    ####################################################################################################
09-12 07:28 DEBUG    Executing Trial 7 with seed 7
09-12 07:28 DEBUG    Data statistics: {0: {0: 554, 1: 669, 2: 572, 3: 681, 4: 598, 5: 558, 6: 636, 7: 619, 8: 562, 9: 551}, 1: {0: 590, 1: 674, 2: 557, 3: 563, 4: 600, 5: 553, 6: 565, 7: 674, 8: 639, 9: 585}, 2: {0: 605, 1: 703, 2: 584, 3: 644, 4: 578, 5: 529, 6: 563, 7: 606, 8: 577, 9: 611}, 3: {0: 581, 1: 680, 2: 615, 3: 621, 4: 560, 5: 588, 6: 616, 7: 604, 8: 523, 9: 612}, 4: {0: 623, 1: 671, 2: 621, 3: 623, 4: 589, 5: 521, 6: 604, 7: 610, 8: 560, 9: 578}, 5: {0: 571, 1: 610, 2: 573, 3: 626, 4: 602, 5: 557, 6: 561, 7: 678, 8: 604, 9: 618}, 6: {0: 552, 1: 679, 2: 615, 3: 613, 4: 559, 5: 514, 6: 599, 7: 643, 8: 606, 9: 620}, 7: {0: 620, 1: 710, 2: 621, 3: 598, 4: 568, 5: 520, 6: 575, 7: 612, 8: 597, 9: 579}, 8: {0: 625, 1: 671, 2: 596, 3: 560, 4: 620, 5: 530, 6: 646, 7: 593, 8: 558, 9: 601}, 9: {0: 602, 1: 675, 2: 604, 3: 602, 4: 568, 5: 551, 6: 553, 7: 626, 8: 625, 9: 594}}
09-12 07:28 DEBUG    **************************************************
09-12 07:28 DEBUG    Running experiments 

09-12 07:29 DEBUG    Uniform ensemble (Train acc): 0.959367
09-12 07:29 DEBUG    Uniform ensemble (Test acc): 0.957600
09-12 07:29 DEBUG    FedAvg (Train acc): 0.097517
09-12 07:29 DEBUG    FedAvg (Test acc): 0.097400
09-12 07:33 DEBUG    ****** PDM_KL matching ******** 
09-12 07:33 DEBUG    Best Sigma0: 0.5. Best sigma: 1 Best gamma: 10. Best Test accuracy: 0.1202. Train acc: 0.117. 

09-12 07:33 DEBUG    PDM_KL log: {(0.5, 1, 10): {'shapes': [(784, 228), (228,), (228, 127), (127,), (127, 127), (127,), (127, 118), (118,), (118, 118), (118,), (118, 118), (118,), (118, 10), (10,)], 'train_accuracy': 0.117, 'test_accuracy': 0.1202}} 
09-12 07:35 DEBUG    ****** PDM_KL matching ******** 
09-12 07:35 DEBUG    Best Sigma0: 0.5. Best sigma: 1 Best gamma: 10. Best Test accuracy: 0.0974. Train acc: 0.09751666666666667. 

09-12 07:35 DEBUG    PDM_KL log: {(0.5, 1, 10): {'shapes': [(784, 227), (227,), (227, 126), (126,), (126, 118), (118,), (118, 118), (118,), (118, 118), (118,), (118, 118), (118,), (118, 10), (10,)], 'train_accuracy': 0.09751666666666667, 'test_accuracy': 0.0974}} 
09-12 07:39 DEBUG    ****** PDM_KL matching ******** 
09-12 07:39 DEBUG    Best Sigma0: 0.5. Best sigma: 1 Best gamma: 10. Best Test accuracy: 0.16. Train acc: 0.1579. 

09-12 07:39 DEBUG    PDM_KL log: {(0.5, 1, 10): {'shapes': [(784, 232), (232,), (232, 118), (118,), (118, 118), (118,), (118, 127), (127,), (127, 118), (118,), (118, 118), (118,), (118, 10), (10,)], 'train_accuracy': 0.1579, 'test_accuracy': 0.16}} 
09-12 07:42 DEBUG    ****** PDM_KL matching ******** 
09-12 07:42 DEBUG    Best Sigma0: 0.5. Best sigma: 1 Best gamma: 10. Best Test accuracy: 0.0974. Train acc: 0.09751666666666667. 

09-12 07:42 DEBUG    PDM_KL log: {(0.5, 1, 10): {'shapes': [(784, 237), (237,), (237, 126), (126,), (126, 126), (126,), (126, 118), (118,), (118, 127), (127,), (127, 118), (118,), (118, 10), (10,)], 'train_accuracy': 0.09751666666666667, 'test_accuracy': 0.0974}} 
09-12 07:44 DEBUG    ****** PDM_KL matching ******** 
09-12 07:44 DEBUG    Best Sigma0: 0.5. Best sigma: 1 Best gamma: 10. Best Test accuracy: 0.0974. Train acc: 0.09751666666666667. 

09-12 07:44 DEBUG    PDM_KL log: {(0.5, 1, 10): {'shapes': [(784, 238), (238,), (238, 127), (127,), (127, 127), (127,), (127, 118), (118,), (118, 127), (127,), (127, 118), (118,), (118, 10), (10,)], 'train_accuracy': 0.09751666666666667, 'test_accuracy': 0.0974}} 
09-12 07:45 DEBUG    ****** PDM_KL matching ******** 
09-12 07:45 DEBUG    Best Sigma0: 0.5. Best sigma: 1 Best gamma: 10. Best Test accuracy: 0.117. Train acc: 0.11496666666666666. 

09-12 07:45 DEBUG    PDM_KL log: {(0.5, 1, 10): {'shapes': [(784, 250), (250,), (250, 127), (127,), (127, 127), (127,), (127, 127), (127,), (127, 118), (118,), (118, 118), (118,), (118, 10), (10,)], 'train_accuracy': 0.11496666666666666, 'test_accuracy': 0.117}} 
09-12 07:47 DEBUG    ****** PDM_KL matching ******** 
09-12 07:47 DEBUG    Best Sigma0: 0.5. Best sigma: 1 Best gamma: 10. Best Test accuracy: 0.1316. Train acc: 0.13026666666666667. 

09-12 07:47 DEBUG    PDM_KL log: {(0.5, 1, 10): {'shapes': [(784, 377), (377,), (377, 127), (127,), (127, 127), (127,), (127, 127), (127,), (127, 127), (127,), (127, 113), (113,), (113, 10), (10,)], 'train_accuracy': 0.13026666666666667, 'test_accuracy': 0.1316}} 
09-12 07:52 DEBUG    ****** PDM_KL matching ******** 
09-12 07:52 DEBUG    Best Sigma0: 0.5. Best sigma: 1 Best gamma: 10. Best Test accuracy: 0.0974. Train acc: 0.09751666666666667. 

09-12 07:52 DEBUG    PDM_KL log: {(0.5, 1, 10): {'shapes': [(784, 580), (580,), (580, 136), (136,), (136, 127), (127,), (127, 127), (127,), (127, 127), (127,), (127, 118), (118,), (118, 10), (10,)], 'train_accuracy': 0.09751666666666667, 'test_accuracy': 0.0974}} 
09-12 07:57 DEBUG    ****** PDM_KL matching ******** 
09-12 07:57 DEBUG    Best Sigma0: 0.5. Best sigma: 1 Best gamma: 10. Best Test accuracy: 0.0974. Train acc: 0.09751666666666667. 

09-12 07:57 DEBUG    PDM_KL log: {(0.5, 1, 10): {'shapes': [(784, 626), (626,), (626, 163), (163,), (163, 145), (145,), (145, 145), (145,), (145, 136), (136,), (136, 127), (127,), (127, 10), (10,)], 'train_accuracy': 0.09751666666666667, 'test_accuracy': 0.0974}} 
09-12 08:01 DEBUG    ****** PDM_KL matching ******** 
09-12 08:01 DEBUG    Best Sigma0: 0.5. Best sigma: 1 Best gamma: 10. Best Test accuracy: 0.0974. Train acc: 0.09751666666666667. 

09-12 08:01 DEBUG    PDM_KL log: {(0.5, 1, 10): {'shapes': [(784, 310), (310,), (310, 199), (199,), (199, 172), (172,), (172, 163), (163,), (163, 163), (163,), (163, 127), (127,), (127, 10), (10,)], 'train_accuracy': 0.09751666666666667, 'test_accuracy': 0.0974}} 
09-12 08:06 DEBUG    ****** PDM_KL matching ******** 
09-12 08:06 DEBUG    Best Sigma0: 0.5. Best sigma: 1 Best gamma: 10. Best Test accuracy: 0.0974. Train acc: 0.09751666666666667. 

09-12 08:06 DEBUG    PDM_KL log: {(0.5, 1, 10): {'shapes': [(784, 235), (235,), (235, 226), (226,), (226, 208), (208,), (208, 181), (181,), (181, 181), (181,), (181, 127), (127,), (127, 10), (10,)], 'train_accuracy': 0.09751666666666667, 'test_accuracy': 0.0974}} 
09-12 08:06 DEBUG    Trial 7 completed
09-12 08:06 DEBUG    ####################################################################################################
09-12 08:06 DEBUG    ####################################################################################################
09-12 08:06 DEBUG    Executing Trial 8 with seed 8
09-12 08:06 DEBUG    Data statistics: {0: {0: 620, 1: 730, 2: 568, 3: 602, 4: 590, 5: 552, 6: 565, 7: 589, 8: 589, 9: 595}, 1: {0: 561, 1: 698, 2: 592, 3: 646, 4: 560, 5: 536, 6: 577, 7: 649, 8: 588, 9: 593}, 2: {0: 570, 1: 688, 2: 603, 3: 629, 4: 604, 5: 523, 6: 550, 7: 621, 8: 604, 9: 608}, 3: {0: 578, 1: 648, 2: 618, 3: 613, 4: 572, 5: 563, 6: 582, 7: 636, 8: 600, 9: 590}, 4: {0: 619, 1: 660, 2: 598, 3: 600, 4: 586, 5: 549, 6: 620, 7: 609, 8: 554, 9: 605}, 5: {0: 615, 1: 635, 2: 587, 3: 603, 4: 618, 5: 531, 6: 612, 7: 635, 8: 575, 9: 589}, 6: {0: 582, 1: 659, 2: 579, 3: 622, 4: 554, 5: 563, 6: 560, 7: 669, 8: 594, 9: 618}, 7: {0: 582, 1: 675, 2: 607, 3: 613, 4: 578, 5: 565, 6: 612, 7: 613, 8: 558, 9: 597}, 8: {0: 586, 1: 669, 2: 609, 3: 592, 4: 589, 5: 506, 6: 616, 7: 637, 8: 604, 9: 592}, 9: {0: 610, 1: 680, 2: 597, 3: 611, 4: 591, 5: 533, 6: 624, 7: 607, 8: 585, 9: 562}}
09-12 08:06 DEBUG    **************************************************
09-12 08:06 DEBUG    Running experiments 

09-12 08:06 DEBUG    Uniform ensemble (Train acc): 0.959883
09-12 08:06 DEBUG    Uniform ensemble (Test acc): 0.958700
09-12 08:06 DEBUG    FedAvg (Train acc): 0.097517
09-12 08:06 DEBUG    FedAvg (Test acc): 0.097400
09-12 08:08 DEBUG    ****** PDM_KL matching ******** 
09-12 08:08 DEBUG    Best Sigma0: 0.5. Best sigma: 1 Best gamma: 10. Best Test accuracy: 0.1204. Train acc: 0.11935. 

09-12 08:08 DEBUG    PDM_KL log: {(0.5, 1, 10): {'shapes': [(784, 222), (222,), (222, 124), (124,), (124, 118), (118,), (118, 118), (118,), (118, 118), (118,), (118, 118), (118,), (118, 10), (10,)], 'train_accuracy': 0.11935, 'test_accuracy': 0.1204}} 
09-12 08:10 DEBUG    ****** PDM_KL matching ******** 
09-12 08:10 DEBUG    Best Sigma0: 0.5. Best sigma: 1 Best gamma: 10. Best Test accuracy: 0.0974. Train acc: 0.09751666666666667. 

09-12 08:10 DEBUG    PDM_KL log: {(0.5, 1, 10): {'shapes': [(784, 226), (226,), (226, 118), (118,), (118, 118), (118,), (118, 118), (118,), (118, 118), (118,), (118, 118), (118,), (118, 10), (10,)], 'train_accuracy': 0.09751666666666667, 'test_accuracy': 0.0974}} 
09-12 08:11 DEBUG    ****** PDM_KL matching ******** 
09-12 08:11 DEBUG    Best Sigma0: 0.5. Best sigma: 1 Best gamma: 10. Best Test accuracy: 0.0974. Train acc: 0.09751666666666667. 

09-12 08:11 DEBUG    PDM_KL log: {(0.5, 1, 10): {'shapes': [(784, 224), (224,), (224, 118), (118,), (118, 118), (118,), (118, 118), (118,), (118, 118), (118,), (118, 118), (118,), (118, 10), (10,)], 'train_accuracy': 0.09751666666666667, 'test_accuracy': 0.0974}} 
09-12 08:13 DEBUG    ****** PDM_KL matching ******** 
09-12 08:13 DEBUG    Best Sigma0: 0.5. Best sigma: 1 Best gamma: 10. Best Test accuracy: 0.0974. Train acc: 0.09751666666666667. 

09-12 08:13 DEBUG    PDM_KL log: {(0.5, 1, 10): {'shapes': [(784, 221), (221,), (221, 118), (118,), (118, 118), (118,), (118, 118), (118,), (118, 118), (118,), (118, 118), (118,), (118, 10), (10,)], 'train_accuracy': 0.09751666666666667, 'test_accuracy': 0.0974}} 
09-12 08:14 DEBUG    ****** PDM_KL matching ******** 
09-12 08:14 DEBUG    Best Sigma0: 0.5. Best sigma: 1 Best gamma: 10. Best Test accuracy: 0.0974. Train acc: 0.09751666666666667. 

09-12 08:14 DEBUG    PDM_KL log: {(0.5, 1, 10): {'shapes': [(784, 234), (234,), (234, 118), (118,), (118, 118), (118,), (118, 118), (118,), (118, 118), (118,), (118, 118), (118,), (118, 10), (10,)], 'train_accuracy': 0.09751666666666667, 'test_accuracy': 0.0974}} 
09-12 08:15 DEBUG    ****** PDM_KL matching ******** 
09-12 08:15 DEBUG    Best Sigma0: 0.5. Best sigma: 1 Best gamma: 10. Best Test accuracy: 0.0974. Train acc: 0.09751666666666667. 

09-12 08:15 DEBUG    PDM_KL log: {(0.5, 1, 10): {'shapes': [(784, 242), (242,), (242, 127), (127,), (127, 127), (127,), (127, 127), (127,), (127, 118), (118,), (118, 118), (118,), (118, 10), (10,)], 'train_accuracy': 0.09751666666666667, 'test_accuracy': 0.0974}} 
09-12 08:17 DEBUG    ****** PDM_KL matching ******** 
09-12 08:17 DEBUG    Best Sigma0: 0.5. Best sigma: 1 Best gamma: 10. Best Test accuracy: 0.1886. Train acc: 0.18633333333333332. 

09-12 08:17 DEBUG    PDM_KL log: {(0.5, 1, 10): {'shapes': [(784, 378), (378,), (378, 127), (127,), (127, 127), (127,), (127, 127), (127,), (127, 127), (127,), (127, 109), (109,), (109, 10), (10,)], 'train_accuracy': 0.18633333333333332, 'test_accuracy': 0.1886}} 
09-12 08:21 DEBUG    ****** PDM_KL matching ******** 
09-12 08:21 DEBUG    Best Sigma0: 0.5. Best sigma: 1 Best gamma: 10. Best Test accuracy: 0.0974. Train acc: 0.09751666666666667. 

09-12 08:21 DEBUG    PDM_KL log: {(0.5, 1, 10): {'shapes': [(784, 577), (577,), (577, 136), (136,), (136, 127), (127,), (127, 127), (127,), (127, 127), (127,), (127, 118), (118,), (118, 10), (10,)], 'train_accuracy': 0.09751666666666667, 'test_accuracy': 0.0974}} 
09-12 08:25 DEBUG    ****** PDM_KL matching ******** 
09-12 08:25 DEBUG    Best Sigma0: 0.5. Best sigma: 1 Best gamma: 10. Best Test accuracy: 0.0974. Train acc: 0.09751666666666667. 

09-12 08:25 DEBUG    PDM_KL log: {(0.5, 1, 10): {'shapes': [(784, 620), (620,), (620, 163), (163,), (163, 154), (154,), (154, 145), (145,), (145, 145), (145,), (145, 127), (127,), (127, 10), (10,)], 'train_accuracy': 0.09751666666666667, 'test_accuracy': 0.0974}} 
09-12 08:29 DEBUG    ****** PDM_KL matching ******** 
09-12 08:29 DEBUG    Best Sigma0: 0.5. Best sigma: 1 Best gamma: 10. Best Test accuracy: 0.0974. Train acc: 0.09751666666666667. 

09-12 08:29 DEBUG    PDM_KL log: {(0.5, 1, 10): {'shapes': [(784, 324), (324,), (324, 208), (208,), (208, 190), (190,), (190, 163), (163,), (163, 154), (154,), (154, 127), (127,), (127, 10), (10,)], 'train_accuracy': 0.09751666666666667, 'test_accuracy': 0.0974}} 
09-12 08:31 DEBUG    ****** PDM_KL matching ******** 
09-12 08:31 DEBUG    Best Sigma0: 0.5. Best sigma: 1 Best gamma: 10. Best Test accuracy: 0.0974. Train acc: 0.09751666666666667. 

09-12 08:31 DEBUG    PDM_KL log: {(0.5, 1, 10): {'shapes': [(784, 220), (220,), (220, 261), (261,), (261, 244), (244,), (244, 190), (190,), (190, 172), (172,), (172, 118), (118,), (118, 10), (10,)], 'train_accuracy': 0.09751666666666667, 'test_accuracy': 0.0974}} 
09-12 08:31 DEBUG    Trial 8 completed
09-12 08:31 DEBUG    ####################################################################################################
09-12 08:31 DEBUG    ####################################################################################################
09-12 08:31 DEBUG    Executing Trial 9 with seed 9
09-12 08:31 DEBUG    Data statistics: {0: {0: 598, 1: 728, 2: 564, 3: 603, 4: 586, 5: 530, 6: 612, 7: 624, 8: 566, 9: 589}, 1: {0: 563, 1: 676, 2: 586, 3: 616, 4: 577, 5: 556, 6: 577, 7: 649, 8: 605, 9: 595}, 2: {0: 620, 1: 667, 2: 583, 3: 639, 4: 578, 5: 532, 6: 603, 7: 583, 8: 558, 9: 637}, 3: {0: 588, 1: 689, 2: 594, 3: 604, 4: 561, 5: 551, 6: 585, 7: 658, 8: 580, 9: 590}, 4: {0: 601, 1: 679, 2: 570, 3: 626, 4: 610, 5: 558, 6: 563, 7: 634, 8: 591, 9: 568}, 5: {0: 588, 1: 639, 2: 616, 3: 626, 4: 579, 5: 545, 6: 570, 7: 626, 8: 593, 9: 618}, 6: {0: 589, 1: 685, 2: 623, 3: 599, 4: 599, 5: 526, 6: 599, 7: 614, 8: 608, 9: 558}, 7: {0: 590, 1: 667, 2: 618, 3: 633, 4: 582, 5: 498, 6: 604, 7: 596, 8: 594, 9: 618}, 8: {0: 586, 1: 666, 2: 650, 3: 570, 4: 599, 5: 533, 6: 573, 7: 660, 8: 563, 9: 600}, 9: {0: 600, 1: 646, 2: 554, 3: 615, 4: 571, 5: 592, 6: 632, 7: 621, 8: 593, 9: 576}}
09-12 08:32 DEBUG    **************************************************
09-12 08:32 DEBUG    Running experiments 

09-12 08:32 DEBUG    Uniform ensemble (Train acc): 0.960617
09-12 08:32 DEBUG    Uniform ensemble (Test acc): 0.958000
09-12 08:32 DEBUG    FedAvg (Train acc): 0.097517
09-12 08:32 DEBUG    FedAvg (Test acc): 0.097400
09-12 08:33 DEBUG    ****** PDM_KL matching ******** 
09-12 08:33 DEBUG    Best Sigma0: 0.5. Best sigma: 1 Best gamma: 10. Best Test accuracy: 0.0974. Train acc: 0.09751666666666667. 

09-12 08:33 DEBUG    PDM_KL log: {(0.5, 1, 10): {'shapes': [(784, 223), (223,), (223, 118), (118,), (118, 118), (118,), (118, 118), (118,), (118, 118), (118,), (118, 118), (118,), (118, 10), (10,)], 'train_accuracy': 0.09751666666666667, 'test_accuracy': 0.0974}} 
09-12 08:34 DEBUG    ****** PDM_KL matching ******** 
09-12 08:34 DEBUG    Best Sigma0: 0.5. Best sigma: 1 Best gamma: 10. Best Test accuracy: 0.0974. Train acc: 0.09751666666666667. 

09-12 08:34 DEBUG    PDM_KL log: {(0.5, 1, 10): {'shapes': [(784, 225), (225,), (225, 118), (118,), (118, 118), (118,), (118, 118), (118,), (118, 118), (118,), (118, 118), (118,), (118, 10), (10,)], 'train_accuracy': 0.09751666666666667, 'test_accuracy': 0.0974}} 
09-12 08:36 DEBUG    ****** PDM_KL matching ******** 
09-12 08:36 DEBUG    Best Sigma0: 0.5. Best sigma: 1 Best gamma: 10. Best Test accuracy: 0.0974. Train acc: 0.09751666666666667. 

09-12 08:36 DEBUG    PDM_KL log: {(0.5, 1, 10): {'shapes': [(784, 223), (223,), (223, 127), (127,), (127, 118), (118,), (118, 118), (118,), (118, 118), (118,), (118, 118), (118,), (118, 10), (10,)], 'train_accuracy': 0.09751666666666667, 'test_accuracy': 0.0974}} 
09-12 08:37 DEBUG    ****** PDM_KL matching ******** 
09-12 08:37 DEBUG    Best Sigma0: 0.5. Best sigma: 1 Best gamma: 10. Best Test accuracy: 0.0974. Train acc: 0.09751666666666667. 

09-12 08:37 DEBUG    PDM_KL log: {(0.5, 1, 10): {'shapes': [(784, 232), (232,), (232, 125), (125,), (125, 120), (120,), (120, 118), (118,), (118, 118), (118,), (118, 118), (118,), (118, 10), (10,)], 'train_accuracy': 0.09751666666666667, 'test_accuracy': 0.0974}} 
09-12 08:38 DEBUG    ****** PDM_KL matching ******** 
09-12 08:38 DEBUG    Best Sigma0: 0.5. Best sigma: 1 Best gamma: 10. Best Test accuracy: 0.0974. Train acc: 0.09751666666666667. 

09-12 08:38 DEBUG    PDM_KL log: {(0.5, 1, 10): {'shapes': [(784, 229), (229,), (229, 125), (125,), (125, 118), (118,), (118, 118), (118,), (118, 127), (127,), (127, 118), (118,), (118, 10), (10,)], 'train_accuracy': 0.09751666666666667, 'test_accuracy': 0.0974}} 
09-12 08:40 DEBUG    ****** PDM_KL matching ******** 
09-12 08:40 DEBUG    Best Sigma0: 0.5. Best sigma: 1 Best gamma: 10. Best Test accuracy: 0.0974. Train acc: 0.09751666666666667. 

09-12 08:40 DEBUG    PDM_KL log: {(0.5, 1, 10): {'shapes': [(784, 243), (243,), (243, 127), (127,), (127, 118), (118,), (118, 118), (118,), (118, 127), (127,), (127, 118), (118,), (118, 10), (10,)], 'train_accuracy': 0.09751666666666667, 'test_accuracy': 0.0974}} 
09-12 08:41 DEBUG    ****** PDM_KL matching ******** 
09-12 08:41 DEBUG    Best Sigma0: 0.5. Best sigma: 1 Best gamma: 10. Best Test accuracy: 0.0974. Train acc: 0.09751666666666667. 

09-12 08:41 DEBUG    PDM_KL log: {(0.5, 1, 10): {'shapes': [(784, 382), (382,), (382, 127), (127,), (127, 127), (127,), (127, 127), (127,), (127, 127), (127,), (127, 118), (118,), (118, 10), (10,)], 'train_accuracy': 0.09751666666666667, 'test_accuracy': 0.0974}} 
09-12 08:45 DEBUG    ****** PDM_KL matching ******** 
09-12 08:45 DEBUG    Best Sigma0: 0.5. Best sigma: 1 Best gamma: 10. Best Test accuracy: 0.0974. Train acc: 0.09751666666666667. 

09-12 08:45 DEBUG    PDM_KL log: {(0.5, 1, 10): {'shapes': [(784, 591), (591,), (591, 136), (136,), (136, 127), (127,), (127, 127), (127,), (127, 127), (127,), (127, 118), (118,), (118, 10), (10,)], 'train_accuracy': 0.09751666666666667, 'test_accuracy': 0.0974}} 
09-12 08:48 DEBUG    ****** PDM_KL matching ******** 
09-12 08:48 DEBUG    Best Sigma0: 0.5. Best sigma: 1 Best gamma: 10. Best Test accuracy: 0.0974. Train acc: 0.09751666666666667. 

09-12 08:48 DEBUG    PDM_KL log: {(0.5, 1, 10): {'shapes': [(784, 617), (617,), (617, 163), (163,), (163, 154), (154,), (154, 145), (145,), (145, 136), (136,), (136, 127), (127,), (127, 10), (10,)], 'train_accuracy': 0.09751666666666667, 'test_accuracy': 0.0974}} 
09-12 08:50 DEBUG    ****** PDM_KL matching ******** 
09-12 08:50 DEBUG    Best Sigma0: 0.5. Best sigma: 1 Best gamma: 10. Best Test accuracy: 0.0974. Train acc: 0.09751666666666667. 

09-12 08:50 DEBUG    PDM_KL log: {(0.5, 1, 10): {'shapes': [(784, 309), (309,), (309, 199), (199,), (199, 172), (172,), (172, 154), (154,), (154, 163), (163,), (163, 127), (127,), (127, 10), (10,)], 'train_accuracy': 0.09751666666666667, 'test_accuracy': 0.0974}} 
09-12 08:52 DEBUG    ****** PDM_KL matching ******** 
09-12 08:52 DEBUG    Best Sigma0: 0.5. Best sigma: 1 Best gamma: 10. Best Test accuracy: 0.0974. Train acc: 0.09751666666666667. 

09-12 08:52 DEBUG    PDM_KL log: {(0.5, 1, 10): {'shapes': [(784, 220), (220,), (220, 235), (235,), (235, 217), (217,), (217, 190), (190,), (190, 181), (181,), (181, 127), (127,), (127, 10), (10,)], 'train_accuracy': 0.09751666666666667, 'test_accuracy': 0.0974}} 
09-12 08:52 DEBUG    Trial 9 completed
09-12 08:52 DEBUG    ####################################################################################################
