10-06 03:18 DEBUG    Experiment arguments: Namespace(alpha=0.5, communication_rounds=None, datadir='data/cifar10', dataset='cifar10', device=1.0, dropout_p=0.0, epochs=10, experiment=['pdm_KL'], init_seed=0, iter_epochs=5, layers=0, loaddir='saved_weights/cifar10/homo', logdir='KL_regs_bst_hyp_unlimi/cifar10/homo', lr=0.001, lr_decay=0.99, n=25, n_layers=1, n_nets=25, net_config=[3072, 100, 10], num_pool_workers=1, partition='homo', pdm_gamma=10, pdm_sig=1, pdm_sig0=10, reg=1e-05, reg_fac=0.0, trials=10)
10-06 03:18 DEBUG    ####################################################################################################
10-06 03:18 DEBUG    Executing Trial 0 with seed 0
10-06 03:18 DEBUG    Data statistics: {0: {0: 213, 1: 201, 2: 194, 3: 230, 4: 173, 5: 223, 6: 199, 7: 188, 8: 190, 9: 189}, 1: {0: 186, 1: 199, 2: 189, 3: 201, 4: 203, 5: 223, 6: 192, 7: 208, 8: 189, 9: 210}, 2: {0: 226, 1: 187, 2: 195, 3: 199, 4: 191, 5: 195, 6: 194, 7: 209, 8: 204, 9: 200}, 3: {0: 213, 1: 193, 2: 233, 3: 214, 4: 201, 5: 178, 6: 180, 7: 194, 8: 193, 9: 201}, 4: {0: 166, 1: 206, 2: 205, 3: 186, 4: 199, 5: 197, 6: 188, 7: 200, 8: 213, 9: 240}, 5: {0: 202, 1: 205, 2: 192, 3: 188, 4: 212, 5: 200, 6: 197, 7: 215, 8: 199, 9: 190}, 6: {0: 211, 1: 233, 2: 211, 3: 188, 4: 185, 5: 194, 6: 197, 7: 197, 8: 186, 9: 198}, 7: {0: 179, 1: 195, 2: 189, 3: 191, 4: 214, 5: 183, 6: 225, 7: 203, 8: 217, 9: 204}, 8: {0: 191, 1: 187, 2: 191, 3: 208, 4: 238, 5: 187, 6: 188, 7: 197, 8: 205, 9: 208}, 9: {0: 214, 1: 207, 2: 208, 3: 184, 4: 190, 5: 201, 6: 195, 7: 190, 8: 180, 9: 231}, 10: {0: 194, 1: 198, 2: 197, 3: 216, 4: 199, 5: 205, 6: 192, 7: 180, 8: 202, 9: 217}, 11: {0: 209, 1: 194, 2: 200, 3: 178, 4: 175, 5: 209, 6: 247, 7: 201, 8: 187, 9: 200}, 12: {0: 198, 1: 197, 2: 194, 3: 188, 4: 201, 5: 201, 6: 207, 7: 193, 8: 202, 9: 219}, 13: {0: 220, 1: 194, 2: 185, 3: 212, 4: 201, 5: 198, 6: 193, 7: 213, 8: 185, 9: 199}, 14: {0: 188, 1: 177, 2: 223, 3: 188, 4: 234, 5: 205, 6: 219, 7: 192, 8: 204, 9: 170}, 15: {0: 202, 1: 212, 2: 216, 3: 187, 4: 192, 5: 179, 6: 194, 7: 241, 8: 184, 9: 193}, 16: {0: 213, 1: 201, 2: 201, 3: 201, 4: 182, 5: 179, 6: 198, 7: 203, 8: 224, 9: 198}, 17: {0: 204, 1: 191, 2: 199, 3: 211, 4: 209, 5: 210, 6: 202, 7: 193, 8: 184, 9: 197}, 18: {0: 182, 1: 204, 2: 188, 3: 214, 4: 201, 5: 198, 6: 222, 7: 189, 8: 203, 9: 199}, 19: {0: 183, 1: 222, 2: 171, 3: 224, 4: 206, 5: 214, 6: 192, 7: 208, 8: 190, 9: 190}, 20: {0: 182, 1: 189, 2: 202, 3: 200, 4: 204, 5: 219, 6: 190, 7: 182, 8: 225, 9: 207}, 21: {0: 195, 1: 197, 2: 190, 3: 189, 4: 201, 5: 192, 6: 218, 7: 228, 8: 204, 9: 186}, 22: {0: 232, 1: 211, 2: 194, 3: 209, 4: 184, 5: 216, 6: 204, 7: 198, 8: 185, 9: 167}, 23: {0: 199, 1: 204, 2: 205, 3: 200, 4: 209, 5: 190, 6: 186, 7: 187, 8: 223, 9: 197}, 24: {0: 198, 1: 196, 2: 228, 3: 194, 4: 196, 5: 204, 6: 181, 7: 191, 8: 222, 9: 190}}
10-06 03:19 DEBUG    **************************************************
10-06 03:19 DEBUG    Running experiments 

10-06 03:58 DEBUG    ****** PDM_KL matching ******** 
10-06 03:58 DEBUG    Best Sigma0: 10. Best sigma: 1 Best gamma: 10. Best Test accuracy: 0.3922. Train acc: 0.39122. 

10-06 03:58 DEBUG    PDM_KL log: {(10, 1, 10): {'shapes': [(3072, 2387), (2387,), (2387, 10), (10,)], 'train_accuracy': 0.39122, 'test_accuracy': 0.3922}} 
10-06 05:19 DEBUG    ****** PDM_KL matching ******** 
10-06 05:19 DEBUG    Best Sigma0: 10. Best sigma: 1 Best gamma: 10. Best Test accuracy: 0.3922. Train acc: 0.39122. 

10-06 05:19 DEBUG    PDM_KL log: {(10, 1, 10): {'shapes': [(3072, 2387), (2387,), (2387, 10), (10,)], 'train_accuracy': 0.39122, 'test_accuracy': 0.3922}} 
10-06 06:39 DEBUG    ****** PDM_KL matching ******** 
10-06 06:39 DEBUG    Best Sigma0: 10. Best sigma: 1 Best gamma: 10. Best Test accuracy: 0.3922. Train acc: 0.39122. 

10-06 06:39 DEBUG    PDM_KL log: {(10, 1, 10): {'shapes': [(3072, 2386), (2386,), (2386, 10), (10,)], 'train_accuracy': 0.39122, 'test_accuracy': 0.3922}} 
10-06 08:01 DEBUG    ****** PDM_KL matching ******** 
10-06 08:01 DEBUG    Best Sigma0: 10. Best sigma: 1 Best gamma: 10. Best Test accuracy: 0.3922. Train acc: 0.39122. 

10-06 08:01 DEBUG    PDM_KL log: {(10, 1, 10): {'shapes': [(3072, 2386), (2386,), (2386, 10), (10,)], 'train_accuracy': 0.39122, 'test_accuracy': 0.3922}} 
10-06 09:21 DEBUG    ****** PDM_KL matching ******** 
10-06 09:21 DEBUG    Best Sigma0: 10. Best sigma: 1 Best gamma: 10. Best Test accuracy: 0.3922. Train acc: 0.39122. 

10-06 09:21 DEBUG    PDM_KL log: {(10, 1, 10): {'shapes': [(3072, 2384), (2384,), (2384, 10), (10,)], 'train_accuracy': 0.39122, 'test_accuracy': 0.3922}} 
10-06 10:41 DEBUG    ****** PDM_KL matching ******** 
10-06 10:41 DEBUG    Best Sigma0: 10. Best sigma: 1 Best gamma: 10. Best Test accuracy: 0.3922. Train acc: 0.39122. 

10-06 10:41 DEBUG    PDM_KL log: {(10, 1, 10): {'shapes': [(3072, 2379), (2379,), (2379, 10), (10,)], 'train_accuracy': 0.39122, 'test_accuracy': 0.3922}} 
10-06 11:58 DEBUG    ****** PDM_KL matching ******** 
10-06 11:58 DEBUG    Best Sigma0: 10. Best sigma: 1 Best gamma: 10. Best Test accuracy: 0.3922. Train acc: 0.39122. 

10-06 11:58 DEBUG    PDM_KL log: {(10, 1, 10): {'shapes': [(3072, 2264), (2264,), (2264, 10), (10,)], 'train_accuracy': 0.39122, 'test_accuracy': 0.3922}} 
10-06 12:08 DEBUG    ****** PDM_KL matching ******** 
10-06 12:08 DEBUG    Best Sigma0: 10. Best sigma: 1 Best gamma: 10. Best Test accuracy: 0.3107. Train acc: 0.3136. 

10-06 12:08 DEBUG    PDM_KL log: {(10, 1, 10): {'shapes': [(3072, 340), (340,), (340, 10), (10,)], 'train_accuracy': 0.3136, 'test_accuracy': 0.3107}} 
10-06 12:11 DEBUG    ****** PDM_KL matching ******** 
10-06 12:11 DEBUG    Best Sigma0: 10. Best sigma: 1 Best gamma: 10. Best Test accuracy: 0.2513. Train acc: 0.25334. 

10-06 12:11 DEBUG    PDM_KL log: {(10, 1, 10): {'shapes': [(3072, 100), (100,), (100, 10), (10,)], 'train_accuracy': 0.25334, 'test_accuracy': 0.2513}} 
10-06 12:13 DEBUG    ****** PDM_KL matching ******** 
10-06 12:13 DEBUG    Best Sigma0: 10. Best sigma: 1 Best gamma: 10. Best Test accuracy: 0.1. Train acc: 0.1. 

10-06 12:13 DEBUG    PDM_KL log: {(10, 1, 10): {'shapes': [(3072, 100), (100,), (100, 10), (10,)], 'train_accuracy': 0.1, 'test_accuracy': 0.1}} 
10-06 12:16 DEBUG    ****** PDM_KL matching ******** 
10-06 12:16 DEBUG    Best Sigma0: 10. Best sigma: 1 Best gamma: 10. Best Test accuracy: 0.1. Train acc: 0.1. 

10-06 12:16 DEBUG    PDM_KL log: {(10, 1, 10): {'shapes': [(3072, 100), (100,), (100, 10), (10,)], 'train_accuracy': 0.1, 'test_accuracy': 0.1}} 
10-06 12:16 DEBUG    Trial 0 completed
10-06 12:16 DEBUG    ####################################################################################################
10-06 12:16 DEBUG    ####################################################################################################
10-06 12:16 DEBUG    Executing Trial 1 with seed 1
10-06 12:16 DEBUG    Data statistics: {0: {0: 186, 1: 183, 2: 212, 3: 199, 4: 213, 5: 195, 6: 200, 7: 199, 8: 207, 9: 206}, 1: {0: 213, 1: 229, 2: 201, 3: 174, 4: 204, 5: 202, 6: 193, 7: 205, 8: 182, 9: 197}, 2: {0: 209, 1: 170, 2: 210, 3: 208, 4: 207, 5: 197, 6: 202, 7: 179, 8: 191, 9: 227}, 3: {0: 195, 1: 205, 2: 197, 3: 193, 4: 200, 5: 209, 6: 198, 7: 206, 8: 210, 9: 187}, 4: {0: 183, 1: 199, 2: 218, 3: 215, 4: 183, 5: 192, 6: 194, 7: 223, 8: 188, 9: 205}, 5: {0: 196, 1: 198, 2: 215, 3: 208, 4: 201, 5: 186, 6: 199, 7: 192, 8: 218, 9: 187}, 6: {0: 216, 1: 226, 2: 170, 3: 205, 4: 176, 5: 217, 6: 218, 7: 202, 8: 175, 9: 195}, 7: {0: 178, 1: 207, 2: 217, 3: 213, 4: 190, 5: 217, 6: 218, 7: 191, 8: 201, 9: 168}, 8: {0: 188, 1: 198, 2: 189, 3: 206, 4: 203, 5: 202, 6: 216, 7: 204, 8: 179, 9: 215}, 9: {0: 209, 1: 196, 2: 224, 3: 174, 4: 188, 5: 188, 6: 216, 7: 211, 8: 189, 9: 205}, 10: {0: 195, 1: 204, 2: 171, 3: 206, 4: 203, 5: 201, 6: 215, 7: 211, 8: 196, 9: 198}, 11: {0: 225, 1: 202, 2: 217, 3: 188, 4: 193, 5: 195, 6: 207, 7: 183, 8: 183, 9: 207}, 12: {0: 196, 1: 186, 2: 200, 3: 216, 4: 195, 5: 222, 6: 183, 7: 190, 8: 213, 9: 199}, 13: {0: 204, 1: 193, 2: 181, 3: 200, 4: 214, 5: 195, 6: 184, 7: 194, 8: 200, 9: 235}, 14: {0: 203, 1: 207, 2: 181, 3: 210, 4: 183, 5: 205, 6: 189, 7: 189, 8: 201, 9: 232}, 15: {0: 206, 1: 205, 2: 183, 3: 191, 4: 196, 5: 184, 6: 198, 7: 221, 8: 228, 9: 188}, 16: {0: 200, 1: 205, 2: 207, 3: 190, 4: 212, 5: 189, 6: 191, 7: 207, 8: 225, 9: 174}, 17: {0: 181, 1: 205, 2: 198, 3: 202, 4: 196, 5: 193, 6: 220, 7: 179, 8: 216, 9: 210}, 18: {0: 198, 1: 207, 2: 204, 3: 212, 4: 214, 5: 207, 6: 177, 7: 195, 8: 199, 9: 187}, 19: {0: 222, 1: 200, 2: 199, 3: 207, 4: 211, 5: 212, 6: 174, 7: 212, 8: 182, 9: 181}, 20: {0: 204, 1: 187, 2: 207, 3: 194, 4: 176, 5: 205, 6: 194, 7: 205, 8: 211, 9: 217}, 21: {0: 195, 1: 209, 2: 182, 3: 208, 4: 214, 5: 174, 6: 211, 7: 203, 8: 199, 9: 205}, 22: {0: 194, 1: 198, 2: 220, 3: 198, 4: 209, 5: 206, 6: 196, 7: 187, 8: 194, 9: 198}, 23: {0: 186, 1: 194, 2: 195, 3: 206, 4: 213, 5: 198, 6: 199, 7: 213, 8: 197, 9: 199}, 24: {0: 218, 1: 187, 2: 202, 3: 177, 4: 206, 5: 209, 6: 208, 7: 199, 8: 216, 9: 178}}
10-06 12:17 DEBUG    **************************************************
10-06 12:17 DEBUG    Running experiments 

10-06 12:56 DEBUG    ****** PDM_KL matching ******** 
10-06 12:56 DEBUG    Best Sigma0: 10. Best sigma: 1 Best gamma: 10. Best Test accuracy: 0.3906. Train acc: 0.39304. 

10-06 12:56 DEBUG    PDM_KL log: {(10, 1, 10): {'shapes': [(3072, 2406), (2406,), (2406, 10), (10,)], 'train_accuracy': 0.39304, 'test_accuracy': 0.3906}} 
10-06 14:18 DEBUG    ****** PDM_KL matching ******** 
10-06 14:18 DEBUG    Best Sigma0: 10. Best sigma: 1 Best gamma: 10. Best Test accuracy: 0.3906. Train acc: 0.39304. 

10-06 14:18 DEBUG    PDM_KL log: {(10, 1, 10): {'shapes': [(3072, 2406), (2406,), (2406, 10), (10,)], 'train_accuracy': 0.39304, 'test_accuracy': 0.3906}} 
10-06 15:41 DEBUG    ****** PDM_KL matching ******** 
10-06 15:41 DEBUG    Best Sigma0: 10. Best sigma: 1 Best gamma: 10. Best Test accuracy: 0.3906. Train acc: 0.39304. 

10-06 15:41 DEBUG    PDM_KL log: {(10, 1, 10): {'shapes': [(3072, 2406), (2406,), (2406, 10), (10,)], 'train_accuracy': 0.39304, 'test_accuracy': 0.3906}} 
10-06 17:04 DEBUG    ****** PDM_KL matching ******** 
10-06 17:04 DEBUG    Best Sigma0: 10. Best sigma: 1 Best gamma: 10. Best Test accuracy: 0.3906. Train acc: 0.39304. 

10-06 17:04 DEBUG    PDM_KL log: {(10, 1, 10): {'shapes': [(3072, 2406), (2406,), (2406, 10), (10,)], 'train_accuracy': 0.39304, 'test_accuracy': 0.3906}} 
10-06 18:25 DEBUG    ****** PDM_KL matching ******** 
10-06 18:25 DEBUG    Best Sigma0: 10. Best sigma: 1 Best gamma: 10. Best Test accuracy: 0.3906. Train acc: 0.39304. 

10-06 18:25 DEBUG    PDM_KL log: {(10, 1, 10): {'shapes': [(3072, 2401), (2401,), (2401, 10), (10,)], 'train_accuracy': 0.39304, 'test_accuracy': 0.3906}} 
10-06 19:46 DEBUG    ****** PDM_KL matching ******** 
10-06 19:46 DEBUG    Best Sigma0: 10. Best sigma: 1 Best gamma: 10. Best Test accuracy: 0.3898. Train acc: 0.39302. 

10-06 19:46 DEBUG    PDM_KL log: {(10, 1, 10): {'shapes': [(3072, 2391), (2391,), (2391, 10), (10,)], 'train_accuracy': 0.39302, 'test_accuracy': 0.3898}} 
10-06 21:02 DEBUG    ****** PDM_KL matching ******** 
10-06 21:02 DEBUG    Best Sigma0: 10. Best sigma: 1 Best gamma: 10. Best Test accuracy: 0.3909. Train acc: 0.39316. 

10-06 21:02 DEBUG    PDM_KL log: {(10, 1, 10): {'shapes': [(3072, 2297), (2297,), (2297, 10), (10,)], 'train_accuracy': 0.39316, 'test_accuracy': 0.3909}} 
10-06 21:12 DEBUG    ****** PDM_KL matching ******** 
10-06 21:12 DEBUG    Best Sigma0: 10. Best sigma: 1 Best gamma: 10. Best Test accuracy: 0.3493. Train acc: 0.3513. 

10-06 21:12 DEBUG    PDM_KL log: {(10, 1, 10): {'shapes': [(3072, 340), (340,), (340, 10), (10,)], 'train_accuracy': 0.3513, 'test_accuracy': 0.3493}} 
10-06 21:15 DEBUG    ****** PDM_KL matching ******** 
10-06 21:15 DEBUG    Best Sigma0: 10. Best sigma: 1 Best gamma: 10. Best Test accuracy: 0.2532. Train acc: 0.2521. 

10-06 21:15 DEBUG    PDM_KL log: {(10, 1, 10): {'shapes': [(3072, 100), (100,), (100, 10), (10,)], 'train_accuracy': 0.2521, 'test_accuracy': 0.2532}} 
10-06 21:17 DEBUG    ****** PDM_KL matching ******** 
10-06 21:17 DEBUG    Best Sigma0: 10. Best sigma: 1 Best gamma: 10. Best Test accuracy: 0.1. Train acc: 0.1. 

10-06 21:17 DEBUG    PDM_KL log: {(10, 1, 10): {'shapes': [(3072, 100), (100,), (100, 10), (10,)], 'train_accuracy': 0.1, 'test_accuracy': 0.1}} 
10-06 21:19 DEBUG    ****** PDM_KL matching ******** 
10-06 21:19 DEBUG    Best Sigma0: 10. Best sigma: 1 Best gamma: 10. Best Test accuracy: 0.1. Train acc: 0.1. 

10-06 21:19 DEBUG    PDM_KL log: {(10, 1, 10): {'shapes': [(3072, 100), (100,), (100, 10), (10,)], 'train_accuracy': 0.1, 'test_accuracy': 0.1}} 
10-06 21:19 DEBUG    Trial 1 completed
10-06 21:19 DEBUG    ####################################################################################################
10-06 21:19 DEBUG    ####################################################################################################
10-06 21:19 DEBUG    Executing Trial 2 with seed 2
10-06 21:19 DEBUG    Data statistics: {0: {0: 197, 1: 205, 2: 214, 3: 203, 4: 214, 5: 196, 6: 206, 7: 199, 8: 185, 9: 181}, 1: {0: 215, 1: 185, 2: 188, 3: 192, 4: 212, 5: 208, 6: 218, 7: 192, 8: 200, 9: 190}, 2: {0: 198, 1: 198, 2: 223, 3: 208, 4: 177, 5: 196, 6: 199, 7: 203, 8: 203, 9: 195}, 3: {0: 209, 1: 191, 2: 210, 3: 198, 4: 204, 5: 184, 6: 184, 7: 195, 8: 199, 9: 226}, 4: {0: 210, 1: 217, 2: 196, 3: 181, 4: 201, 5: 214, 6: 187, 7: 209, 8: 202, 9: 183}, 5: {0: 218, 1: 193, 2: 196, 3: 211, 4: 184, 5: 186, 6: 203, 7: 213, 8: 192, 9: 204}, 6: {0: 173, 1: 217, 2: 209, 3: 188, 4: 190, 5: 217, 6: 206, 7: 186, 8: 189, 9: 225}, 7: {0: 212, 1: 209, 2: 198, 3: 216, 4: 192, 5: 172, 6: 193, 7: 205, 8: 202, 9: 201}, 8: {0: 183, 1: 189, 2: 195, 3: 188, 4: 230, 5: 223, 6: 194, 7: 197, 8: 196, 9: 205}, 9: {0: 185, 1: 171, 2: 181, 3: 226, 4: 181, 5: 205, 6: 226, 7: 219, 8: 211, 9: 195}, 10: {0: 207, 1: 219, 2: 213, 3: 167, 4: 188, 5: 204, 6: 211, 7: 199, 8: 206, 9: 186}, 11: {0: 212, 1: 196, 2: 172, 3: 203, 4: 225, 5: 201, 6: 187, 7: 205, 8: 190, 9: 209}, 12: {0: 197, 1: 215, 2: 204, 3: 196, 4: 209, 5: 200, 6: 194, 7: 182, 8: 206, 9: 197}, 13: {0: 207, 1: 210, 2: 194, 3: 203, 4: 206, 5: 211, 6: 187, 7: 205, 8: 190, 9: 187}, 14: {0: 218, 1: 184, 2: 217, 3: 198, 4: 194, 5: 173, 6: 185, 7: 202, 8: 210, 9: 219}, 15: {0: 202, 1: 208, 2: 208, 3: 190, 4: 208, 5: 179, 6: 191, 7: 198, 8: 208, 9: 208}, 16: {0: 191, 1: 211, 2: 186, 3: 215, 4: 181, 5: 195, 6: 209, 7: 194, 8: 214, 9: 204}, 17: {0: 193, 1: 186, 2: 212, 3: 213, 4: 219, 5: 177, 6: 184, 7: 215, 8: 203, 9: 198}, 18: {0: 210, 1: 194, 2: 195, 3: 208, 4: 218, 5: 202, 6: 199, 7: 188, 8: 178, 9: 208}, 19: {0: 174, 1: 196, 2: 190, 3: 190, 4: 208, 5: 241, 6: 218, 7: 195, 8: 201, 9: 187}, 20: {0: 201, 1: 204, 2: 213, 3: 197, 4: 195, 5: 208, 6: 208, 7: 199, 8: 194, 9: 181}, 21: {0: 203, 1: 188, 2: 194, 3: 188, 4: 214, 5: 202, 6: 196, 7: 201, 8: 211, 9: 203}, 22: {0: 206, 1: 213, 2: 206, 3: 208, 4: 199, 5: 188, 6: 207, 7: 194, 8: 179, 9: 200}, 23: {0: 182, 1: 213, 2: 202, 3: 200, 4: 173, 5: 216, 6: 207, 7: 203, 8: 203, 9: 201}, 24: {0: 197, 1: 188, 2: 184, 3: 213, 4: 178, 5: 202, 6: 201, 7: 202, 8: 228, 9: 207}}
10-06 21:20 DEBUG    **************************************************
10-06 21:20 DEBUG    Running experiments 

10-06 21:59 DEBUG    ****** PDM_KL matching ******** 
10-06 21:59 DEBUG    Best Sigma0: 10. Best sigma: 1 Best gamma: 10. Best Test accuracy: 0.3843. Train acc: 0.3918. 

10-06 21:59 DEBUG    PDM_KL log: {(10, 1, 10): {'shapes': [(3072, 2397), (2397,), (2397, 10), (10,)], 'train_accuracy': 0.3918, 'test_accuracy': 0.3843}} 
10-06 23:21 DEBUG    ****** PDM_KL matching ******** 
10-06 23:21 DEBUG    Best Sigma0: 10. Best sigma: 1 Best gamma: 10. Best Test accuracy: 0.3843. Train acc: 0.3918. 

10-06 23:21 DEBUG    PDM_KL log: {(10, 1, 10): {'shapes': [(3072, 2398), (2398,), (2398, 10), (10,)], 'train_accuracy': 0.3918, 'test_accuracy': 0.3843}} 
10-07 00:44 DEBUG    ****** PDM_KL matching ******** 
10-07 00:44 DEBUG    Best Sigma0: 10. Best sigma: 1 Best gamma: 10. Best Test accuracy: 0.3843. Train acc: 0.3918. 

10-07 00:44 DEBUG    PDM_KL log: {(10, 1, 10): {'shapes': [(3072, 2397), (2397,), (2397, 10), (10,)], 'train_accuracy': 0.3918, 'test_accuracy': 0.3843}} 
10-07 02:03 DEBUG    ****** PDM_KL matching ******** 
10-07 02:03 DEBUG    Best Sigma0: 10. Best sigma: 1 Best gamma: 10. Best Test accuracy: 0.3843. Train acc: 0.3918. 

10-07 02:03 DEBUG    PDM_KL log: {(10, 1, 10): {'shapes': [(3072, 2396), (2396,), (2396, 10), (10,)], 'train_accuracy': 0.3918, 'test_accuracy': 0.3843}} 
10-07 03:05 DEBUG    ****** PDM_KL matching ******** 
10-07 03:05 DEBUG    Best Sigma0: 10. Best sigma: 1 Best gamma: 10. Best Test accuracy: 0.3843. Train acc: 0.3918. 

10-07 03:05 DEBUG    PDM_KL log: {(10, 1, 10): {'shapes': [(3072, 2394), (2394,), (2394, 10), (10,)], 'train_accuracy': 0.3918, 'test_accuracy': 0.3843}} 
10-07 04:07 DEBUG    ****** PDM_KL matching ******** 
10-07 04:07 DEBUG    Best Sigma0: 10. Best sigma: 1 Best gamma: 10. Best Test accuracy: 0.3843. Train acc: 0.3918. 

10-07 04:07 DEBUG    PDM_KL log: {(10, 1, 10): {'shapes': [(3072, 2380), (2380,), (2380, 10), (10,)], 'train_accuracy': 0.3918, 'test_accuracy': 0.3843}} 
10-07 05:06 DEBUG    ****** PDM_KL matching ******** 
10-07 05:06 DEBUG    Best Sigma0: 10. Best sigma: 1 Best gamma: 10. Best Test accuracy: 0.3842. Train acc: 0.39122. 

10-07 05:06 DEBUG    PDM_KL log: {(10, 1, 10): {'shapes': [(3072, 2266), (2266,), (2266, 10), (10,)], 'train_accuracy': 0.39122, 'test_accuracy': 0.3842}} 
10-07 05:14 DEBUG    ****** PDM_KL matching ******** 
10-07 05:14 DEBUG    Best Sigma0: 10. Best sigma: 1 Best gamma: 10. Best Test accuracy: 0.2878. Train acc: 0.29008. 

10-07 05:14 DEBUG    PDM_KL log: {(10, 1, 10): {'shapes': [(3072, 340), (340,), (340, 10), (10,)], 'train_accuracy': 0.29008, 'test_accuracy': 0.2878}} 
10-07 05:16 DEBUG    ****** PDM_KL matching ******** 
10-07 05:16 DEBUG    Best Sigma0: 10. Best sigma: 1 Best gamma: 10. Best Test accuracy: 0.2404. Train acc: 0.24308. 

10-07 05:16 DEBUG    PDM_KL log: {(10, 1, 10): {'shapes': [(3072, 100), (100,), (100, 10), (10,)], 'train_accuracy': 0.24308, 'test_accuracy': 0.2404}} 
10-07 05:18 DEBUG    ****** PDM_KL matching ******** 
10-07 05:18 DEBUG    Best Sigma0: 10. Best sigma: 1 Best gamma: 10. Best Test accuracy: 0.1. Train acc: 0.1. 

10-07 05:18 DEBUG    PDM_KL log: {(10, 1, 10): {'shapes': [(3072, 100), (100,), (100, 10), (10,)], 'train_accuracy': 0.1, 'test_accuracy': 0.1}} 
10-07 05:19 DEBUG    ****** PDM_KL matching ******** 
10-07 05:19 DEBUG    Best Sigma0: 10. Best sigma: 1 Best gamma: 10. Best Test accuracy: 0.1. Train acc: 0.1. 

10-07 05:19 DEBUG    PDM_KL log: {(10, 1, 10): {'shapes': [(3072, 100), (100,), (100, 10), (10,)], 'train_accuracy': 0.1, 'test_accuracy': 0.1}} 
10-07 05:19 DEBUG    Trial 2 completed
10-07 05:19 DEBUG    ####################################################################################################
10-07 05:19 DEBUG    ####################################################################################################
10-07 05:19 DEBUG    Executing Trial 3 with seed 3
10-07 05:19 DEBUG    Data statistics: {0: {0: 188, 1: 200, 2: 214, 3: 193, 4: 180, 5: 209, 6: 218, 7: 194, 8: 194, 9: 210}, 1: {0: 212, 1: 208, 2: 201, 3: 191, 4: 179, 5: 192, 6: 198, 7: 218, 8: 206, 9: 195}, 2: {0: 200, 1: 178, 2: 193, 3: 214, 4: 182, 5: 204, 6: 200, 7: 216, 8: 195, 9: 218}, 3: {0: 212, 1: 181, 2: 217, 3: 193, 4: 193, 5: 204, 6: 222, 7: 192, 8: 190, 9: 196}, 4: {0: 220, 1: 184, 2: 208, 3: 203, 4: 184, 5: 197, 6: 205, 7: 220, 8: 185, 9: 194}, 5: {0: 196, 1: 203, 2: 185, 3: 215, 4: 213, 5: 206, 6: 194, 7: 205, 8: 210, 9: 173}, 6: {0: 209, 1: 200, 2: 200, 3: 210, 4: 187, 5: 202, 6: 202, 7: 207, 8: 199, 9: 184}, 7: {0: 200, 1: 215, 2: 196, 3: 197, 4: 186, 5: 213, 6: 218, 7: 192, 8: 176, 9: 207}, 8: {0: 186, 1: 210, 2: 204, 3: 202, 4: 190, 5: 186, 6: 213, 7: 197, 8: 201, 9: 211}, 9: {0: 187, 1: 203, 2: 219, 3: 209, 4: 200, 5: 180, 6: 191, 7: 216, 8: 198, 9: 197}, 10: {0: 221, 1: 196, 2: 201, 3: 201, 4: 215, 5: 195, 6: 174, 7: 199, 8: 193, 9: 205}, 11: {0: 204, 1: 215, 2: 183, 3: 181, 4: 197, 5: 194, 6: 211, 7: 202, 8: 239, 9: 174}, 12: {0: 194, 1: 199, 2: 208, 3: 215, 4: 202, 5: 203, 6: 198, 7: 165, 8: 220, 9: 196}, 13: {0: 200, 1: 187, 2: 198, 3: 184, 4: 198, 5: 206, 6: 198, 7: 201, 8: 212, 9: 216}, 14: {0: 183, 1: 216, 2: 192, 3: 195, 4: 191, 5: 242, 6: 197, 7: 182, 8: 195, 9: 207}, 15: {0: 199, 1: 208, 2: 190, 3: 185, 4: 207, 5: 233, 6: 207, 7: 183, 8: 183, 9: 205}, 16: {0: 214, 1: 202, 2: 202, 3: 208, 4: 202, 5: 200, 6: 174, 7: 187, 8: 214, 9: 197}, 17: {0: 184, 1: 209, 2: 186, 3: 227, 4: 190, 5: 207, 6: 199, 7: 213, 8: 198, 9: 187}, 18: {0: 178, 1: 214, 2: 184, 3: 212, 4: 201, 5: 173, 6: 208, 7: 200, 8: 218, 9: 212}, 19: {0: 217, 1: 190, 2: 206, 3: 190, 4: 214, 5: 206, 6: 196, 7: 187, 8: 189, 9: 205}, 20: {0: 190, 1: 219, 2: 213, 3: 181, 4: 205, 5: 177, 6: 206, 7: 186, 8: 205, 9: 218}, 21: {0: 219, 1: 202, 2: 187, 3: 171, 4: 236, 5: 193, 6: 197, 7: 214, 8: 177, 9: 204}, 22: {0: 210, 1: 189, 2: 204, 3: 220, 4: 216, 5: 187, 6: 184, 7: 198, 8: 182, 9: 210}, 23: {0: 177, 1: 192, 2: 221, 3: 201, 4: 212, 5: 199, 6: 188, 7: 206, 8: 209, 9: 195}, 24: {0: 200, 1: 180, 2: 188, 3: 202, 4: 220, 5: 192, 6: 202, 7: 220, 8: 212, 9: 184}}
10-07 05:20 DEBUG    **************************************************
10-07 05:20 DEBUG    Running experiments 

10-07 05:50 DEBUG    ****** PDM_KL matching ******** 
10-07 05:50 DEBUG    Best Sigma0: 10. Best sigma: 1 Best gamma: 10. Best Test accuracy: 0.3878. Train acc: 0.38986. 

10-07 05:50 DEBUG    PDM_KL log: {(10, 1, 10): {'shapes': [(3072, 2387), (2387,), (2387, 10), (10,)], 'train_accuracy': 0.38986, 'test_accuracy': 0.3878}} 
10-07 06:54 DEBUG    ****** PDM_KL matching ******** 
10-07 06:54 DEBUG    Best Sigma0: 10. Best sigma: 1 Best gamma: 10. Best Test accuracy: 0.3878. Train acc: 0.38986. 

10-07 06:54 DEBUG    PDM_KL log: {(10, 1, 10): {'shapes': [(3072, 2387), (2387,), (2387, 10), (10,)], 'train_accuracy': 0.38986, 'test_accuracy': 0.3878}} 
10-07 07:56 DEBUG    ****** PDM_KL matching ******** 
10-07 07:56 DEBUG    Best Sigma0: 10. Best sigma: 1 Best gamma: 10. Best Test accuracy: 0.3878. Train acc: 0.38986. 

10-07 07:56 DEBUG    PDM_KL log: {(10, 1, 10): {'shapes': [(3072, 2387), (2387,), (2387, 10), (10,)], 'train_accuracy': 0.38986, 'test_accuracy': 0.3878}} 
10-07 08:56 DEBUG    ****** PDM_KL matching ******** 
10-07 08:56 DEBUG    Best Sigma0: 10. Best sigma: 1 Best gamma: 10. Best Test accuracy: 0.3878. Train acc: 0.38986. 

10-07 08:56 DEBUG    PDM_KL log: {(10, 1, 10): {'shapes': [(3072, 2387), (2387,), (2387, 10), (10,)], 'train_accuracy': 0.38986, 'test_accuracy': 0.3878}} 
10-07 09:58 DEBUG    ****** PDM_KL matching ******** 
10-07 09:58 DEBUG    Best Sigma0: 10. Best sigma: 1 Best gamma: 10. Best Test accuracy: 0.3878. Train acc: 0.38986. 

10-07 09:58 DEBUG    PDM_KL log: {(10, 1, 10): {'shapes': [(3072, 2384), (2384,), (2384, 10), (10,)], 'train_accuracy': 0.38986, 'test_accuracy': 0.3878}} 
10-07 11:01 DEBUG    ****** PDM_KL matching ******** 
10-07 11:01 DEBUG    Best Sigma0: 10. Best sigma: 1 Best gamma: 10. Best Test accuracy: 0.3878. Train acc: 0.38986. 

10-07 11:01 DEBUG    PDM_KL log: {(10, 1, 10): {'shapes': [(3072, 2378), (2378,), (2378, 10), (10,)], 'train_accuracy': 0.38986, 'test_accuracy': 0.3878}} 
10-07 12:00 DEBUG    ****** PDM_KL matching ******** 
10-07 12:00 DEBUG    Best Sigma0: 10. Best sigma: 1 Best gamma: 10. Best Test accuracy: 0.388. Train acc: 0.38996. 

10-07 12:00 DEBUG    PDM_KL log: {(10, 1, 10): {'shapes': [(3072, 2264), (2264,), (2264, 10), (10,)], 'train_accuracy': 0.38996, 'test_accuracy': 0.388}} 
10-07 12:07 DEBUG    ****** PDM_KL matching ******** 
10-07 12:07 DEBUG    Best Sigma0: 10. Best sigma: 1 Best gamma: 10. Best Test accuracy: 0.3447. Train acc: 0.34404. 

10-07 12:07 DEBUG    PDM_KL log: {(10, 1, 10): {'shapes': [(3072, 340), (340,), (340, 10), (10,)], 'train_accuracy': 0.34404, 'test_accuracy': 0.3447}} 
10-07 12:10 DEBUG    ****** PDM_KL matching ******** 
10-07 12:10 DEBUG    Best Sigma0: 10. Best sigma: 1 Best gamma: 10. Best Test accuracy: 0.2395. Train acc: 0.23866. 

10-07 12:10 DEBUG    PDM_KL log: {(10, 1, 10): {'shapes': [(3072, 100), (100,), (100, 10), (10,)], 'train_accuracy': 0.23866, 'test_accuracy': 0.2395}} 
10-07 12:11 DEBUG    ****** PDM_KL matching ******** 
10-07 12:11 DEBUG    Best Sigma0: 10. Best sigma: 1 Best gamma: 10. Best Test accuracy: 0.1. Train acc: 0.1. 

10-07 12:11 DEBUG    PDM_KL log: {(10, 1, 10): {'shapes': [(3072, 100), (100,), (100, 10), (10,)], 'train_accuracy': 0.1, 'test_accuracy': 0.1}} 
10-07 12:13 DEBUG    ****** PDM_KL matching ******** 
10-07 12:13 DEBUG    Best Sigma0: 10. Best sigma: 1 Best gamma: 10. Best Test accuracy: 0.1. Train acc: 0.1. 

10-07 12:13 DEBUG    PDM_KL log: {(10, 1, 10): {'shapes': [(3072, 100), (100,), (100, 10), (10,)], 'train_accuracy': 0.1, 'test_accuracy': 0.1}} 
10-07 12:13 DEBUG    Trial 3 completed
10-07 12:13 DEBUG    ####################################################################################################
10-07 12:13 DEBUG    ####################################################################################################
10-07 12:13 DEBUG    Executing Trial 4 with seed 4
10-07 12:13 DEBUG    Data statistics: {0: {0: 210, 1: 194, 2: 172, 3: 205, 4: 185, 5: 194, 6: 213, 7: 204, 8: 217, 9: 206}, 1: {0: 189, 1: 216, 2: 211, 3: 180, 4: 192, 5: 205, 6: 195, 7: 213, 8: 197, 9: 202}, 2: {0: 206, 1: 198, 2: 202, 3: 224, 4: 199, 5: 194, 6: 205, 7: 208, 8: 154, 9: 210}, 3: {0: 205, 1: 204, 2: 192, 3: 204, 4: 184, 5: 213, 6: 197, 7: 193, 8: 208, 9: 200}, 4: {0: 223, 1: 215, 2: 197, 3: 172, 4: 205, 5: 198, 6: 210, 7: 195, 8: 184, 9: 201}, 5: {0: 188, 1: 189, 2: 185, 3: 180, 4: 220, 5: 219, 6: 221, 7: 200, 8: 208, 9: 190}, 6: {0: 203, 1: 203, 2: 194, 3: 200, 4: 211, 5: 207, 6: 186, 7: 203, 8: 206, 9: 187}, 7: {0: 205, 1: 193, 2: 224, 3: 208, 4: 202, 5: 192, 6: 202, 7: 184, 8: 184, 9: 206}, 8: {0: 221, 1: 200, 2: 200, 3: 188, 4: 198, 5: 183, 6: 238, 7: 186, 8: 186, 9: 200}, 9: {0: 203, 1: 207, 2: 207, 3: 180, 4: 199, 5: 188, 6: 234, 7: 216, 8: 201, 9: 165}, 10: {0: 186, 1: 206, 2: 232, 3: 198, 4: 212, 5: 210, 6: 188, 7: 183, 8: 187, 9: 198}, 11: {0: 189, 1: 199, 2: 195, 3: 229, 4: 221, 5: 194, 6: 180, 7: 199, 8: 199, 9: 195}, 12: {0: 206, 1: 215, 2: 178, 3: 205, 4: 184, 5: 208, 6: 181, 7: 200, 8: 223, 9: 200}, 13: {0: 206, 1: 193, 2: 204, 3: 221, 4: 183, 5: 203, 6: 185, 7: 204, 8: 194, 9: 207}, 14: {0: 200, 1: 188, 2: 223, 3: 205, 4: 180, 5: 210, 6: 191, 7: 196, 8: 222, 9: 185}, 15: {0: 191, 1: 220, 2: 201, 3: 197, 4: 199, 5: 205, 6: 206, 7: 196, 8: 181, 9: 204}, 16: {0: 186, 1: 189, 2: 193, 3: 214, 4: 188, 5: 209, 6: 197, 7: 201, 8: 212, 9: 211}, 17: {0: 203, 1: 185, 2: 191, 3: 200, 4: 218, 5: 200, 6: 197, 7: 205, 8: 200, 9: 201}, 18: {0: 211, 1: 189, 2: 179, 3: 185, 4: 215, 5: 194, 6: 199, 7: 203, 8: 205, 9: 220}, 19: {0: 198, 1: 192, 2: 211, 3: 207, 4: 198, 5: 195, 6: 180, 7: 209, 8: 200, 9: 210}, 20: {0: 209, 1: 195, 2: 191, 3: 196, 4: 210, 5: 183, 6: 178, 7: 221, 8: 219, 9: 198}, 21: {0: 177, 1: 203, 2: 212, 3: 210, 4: 204, 5: 207, 6: 198, 7: 198, 8: 196, 9: 195}, 22: {0: 193, 1: 199, 2: 195, 3: 176, 4: 201, 5: 211, 6: 208, 7: 211, 8: 212, 9: 194}, 23: {0: 196, 1: 211, 2: 210, 3: 219, 4: 199, 5: 177, 6: 203, 7: 182, 8: 200, 9: 203}, 24: {0: 196, 1: 197, 2: 201, 3: 197, 4: 193, 5: 201, 6: 208, 7: 190, 8: 205, 9: 212}}
10-07 12:14 DEBUG    **************************************************
10-07 12:14 DEBUG    Running experiments 

10-07 12:44 DEBUG    ****** PDM_KL matching ******** 
10-07 12:44 DEBUG    Best Sigma0: 10. Best sigma: 1 Best gamma: 10. Best Test accuracy: 0.3908. Train acc: 0.3915. 

10-07 12:44 DEBUG    PDM_KL log: {(10, 1, 10): {'shapes': [(3072, 2400), (2400,), (2400, 10), (10,)], 'train_accuracy': 0.3915, 'test_accuracy': 0.3908}} 
10-07 13:47 DEBUG    ****** PDM_KL matching ******** 
10-07 13:47 DEBUG    Best Sigma0: 10. Best sigma: 1 Best gamma: 10. Best Test accuracy: 0.3908. Train acc: 0.3915. 

10-07 13:47 DEBUG    PDM_KL log: {(10, 1, 10): {'shapes': [(3072, 2399), (2399,), (2399, 10), (10,)], 'train_accuracy': 0.3915, 'test_accuracy': 0.3908}} 
10-07 14:51 DEBUG    ****** PDM_KL matching ******** 
10-07 14:51 DEBUG    Best Sigma0: 10. Best sigma: 1 Best gamma: 10. Best Test accuracy: 0.3908. Train acc: 0.3915. 

10-07 14:51 DEBUG    PDM_KL log: {(10, 1, 10): {'shapes': [(3072, 2398), (2398,), (2398, 10), (10,)], 'train_accuracy': 0.3915, 'test_accuracy': 0.3908}} 
10-07 15:54 DEBUG    ****** PDM_KL matching ******** 
10-07 15:54 DEBUG    Best Sigma0: 10. Best sigma: 1 Best gamma: 10. Best Test accuracy: 0.3908. Train acc: 0.3915. 

10-07 15:54 DEBUG    PDM_KL log: {(10, 1, 10): {'shapes': [(3072, 2398), (2398,), (2398, 10), (10,)], 'train_accuracy': 0.3915, 'test_accuracy': 0.3908}} 
10-07 16:56 DEBUG    ****** PDM_KL matching ******** 
10-07 16:56 DEBUG    Best Sigma0: 10. Best sigma: 1 Best gamma: 10. Best Test accuracy: 0.3908. Train acc: 0.3915. 

10-07 16:56 DEBUG    PDM_KL log: {(10, 1, 10): {'shapes': [(3072, 2394), (2394,), (2394, 10), (10,)], 'train_accuracy': 0.3915, 'test_accuracy': 0.3908}} 
10-07 17:58 DEBUG    ****** PDM_KL matching ******** 
10-07 17:58 DEBUG    Best Sigma0: 10. Best sigma: 1 Best gamma: 10. Best Test accuracy: 0.3908. Train acc: 0.3915. 

10-07 17:58 DEBUG    PDM_KL log: {(10, 1, 10): {'shapes': [(3072, 2392), (2392,), (2392, 10), (10,)], 'train_accuracy': 0.3915, 'test_accuracy': 0.3908}} 
10-07 18:58 DEBUG    ****** PDM_KL matching ******** 
10-07 18:58 DEBUG    Best Sigma0: 10. Best sigma: 1 Best gamma: 10. Best Test accuracy: 0.3905. Train acc: 0.3911. 

10-07 18:58 DEBUG    PDM_KL log: {(10, 1, 10): {'shapes': [(3072, 2283), (2283,), (2283, 10), (10,)], 'train_accuracy': 0.3911, 'test_accuracy': 0.3905}} 
10-07 19:05 DEBUG    ****** PDM_KL matching ******** 
10-07 19:05 DEBUG    Best Sigma0: 10. Best sigma: 1 Best gamma: 10. Best Test accuracy: 0.3237. Train acc: 0.32162. 

10-07 19:05 DEBUG    PDM_KL log: {(10, 1, 10): {'shapes': [(3072, 340), (340,), (340, 10), (10,)], 'train_accuracy': 0.32162, 'test_accuracy': 0.3237}} 
10-07 19:07 DEBUG    ****** PDM_KL matching ******** 
10-07 19:07 DEBUG    Best Sigma0: 10. Best sigma: 1 Best gamma: 10. Best Test accuracy: 0.2533. Train acc: 0.24864. 

10-07 19:07 DEBUG    PDM_KL log: {(10, 1, 10): {'shapes': [(3072, 100), (100,), (100, 10), (10,)], 'train_accuracy': 0.24864, 'test_accuracy': 0.2533}} 
10-07 19:08 DEBUG    ****** PDM_KL matching ******** 
10-07 19:08 DEBUG    Best Sigma0: 10. Best sigma: 1 Best gamma: 10. Best Test accuracy: 0.1. Train acc: 0.1. 

10-07 19:08 DEBUG    PDM_KL log: {(10, 1, 10): {'shapes': [(3072, 100), (100,), (100, 10), (10,)], 'train_accuracy': 0.1, 'test_accuracy': 0.1}} 
10-07 19:10 DEBUG    ****** PDM_KL matching ******** 
10-07 19:10 DEBUG    Best Sigma0: 10. Best sigma: 1 Best gamma: 10. Best Test accuracy: 0.1. Train acc: 0.1. 

10-07 19:10 DEBUG    PDM_KL log: {(10, 1, 10): {'shapes': [(3072, 100), (100,), (100, 10), (10,)], 'train_accuracy': 0.1, 'test_accuracy': 0.1}} 
10-07 19:10 DEBUG    Trial 4 completed
10-07 19:10 DEBUG    ####################################################################################################
10-07 19:10 DEBUG    ####################################################################################################
10-07 19:10 DEBUG    Executing Trial 5 with seed 5
10-07 19:10 DEBUG    Data statistics: {0: {0: 216, 1: 205, 2: 191, 3: 209, 4: 191, 5: 206, 6: 205, 7: 195, 8: 177, 9: 205}, 1: {0: 198, 1: 179, 2: 215, 3: 203, 4: 190, 5: 202, 6: 228, 7: 183, 8: 205, 9: 197}, 2: {0: 194, 1: 184, 2: 234, 3: 202, 4: 188, 5: 192, 6: 191, 7: 204, 8: 223, 9: 188}, 3: {0: 194, 1: 216, 2: 167, 3: 216, 4: 201, 5: 200, 6: 188, 7: 203, 8: 193, 9: 222}, 4: {0: 194, 1: 177, 2: 194, 3: 224, 4: 200, 5: 218, 6: 180, 7: 197, 8: 211, 9: 205}, 5: {0: 180, 1: 213, 2: 169, 3: 209, 4: 211, 5: 212, 6: 210, 7: 189, 8: 202, 9: 205}, 6: {0: 216, 1: 214, 2: 219, 3: 202, 4: 188, 5: 192, 6: 186, 7: 182, 8: 199, 9: 202}, 7: {0: 207, 1: 200, 2: 191, 3: 195, 4: 203, 5: 194, 6: 208, 7: 194, 8: 204, 9: 204}, 8: {0: 182, 1: 187, 2: 210, 3: 188, 4: 211, 5: 195, 6: 196, 7: 217, 8: 208, 9: 206}, 9: {0: 190, 1: 207, 2: 207, 3: 204, 4: 190, 5: 192, 6: 195, 7: 222, 8: 208, 9: 185}, 10: {0: 194, 1: 201, 2: 196, 3: 219, 4: 202, 5: 187, 6: 206, 7: 204, 8: 206, 9: 185}, 11: {0: 226, 1: 221, 2: 182, 3: 179, 4: 195, 5: 203, 6: 202, 7: 204, 8: 193, 9: 195}, 12: {0: 204, 1: 193, 2: 187, 3: 191, 4: 238, 5: 185, 6: 197, 7: 195, 8: 206, 9: 204}, 13: {0: 222, 1: 203, 2: 209, 3: 193, 4: 209, 5: 220, 6: 184, 7: 212, 8: 165, 9: 183}, 14: {0: 228, 1: 192, 2: 201, 3: 183, 4: 205, 5: 202, 6: 188, 7: 209, 8: 196, 9: 196}, 15: {0: 206, 1: 202, 2: 196, 3: 206, 4: 214, 5: 187, 6: 212, 7: 194, 8: 172, 9: 211}, 16: {0: 213, 1: 206, 2: 208, 3: 182, 4: 179, 5: 216, 6: 197, 7: 188, 8: 192, 9: 219}, 17: {0: 194, 1: 181, 2: 211, 3: 177, 4: 200, 5: 199, 6: 207, 7: 204, 8: 223, 9: 204}, 18: {0: 170, 1: 226, 2: 212, 3: 187, 4: 191, 5: 205, 6: 208, 7: 218, 8: 193, 9: 190}, 19: {0: 211, 1: 184, 2: 202, 3: 213, 4: 195, 5: 200, 6: 225, 7: 190, 8: 203, 9: 177}, 20: {0: 184, 1: 193, 2: 198, 3: 205, 4: 211, 5: 198, 6: 199, 7: 207, 8: 197, 9: 208}, 21: {0: 177, 1: 191, 2: 165, 3: 217, 4: 180, 5: 202, 6: 217, 7: 217, 8: 225, 9: 209}, 22: {0: 199, 1: 217, 2: 218, 3: 193, 4: 208, 5: 207, 6: 183, 7: 181, 8: 191, 9: 203}, 23: {0: 189, 1: 222, 2: 211, 3: 195, 4: 196, 5: 203, 6: 185, 7: 197, 8: 187, 9: 215}, 24: {0: 212, 1: 186, 2: 207, 3: 208, 4: 204, 5: 183, 6: 203, 7: 194, 8: 221, 9: 182}}
10-07 19:11 DEBUG    **************************************************
10-07 19:11 DEBUG    Running experiments 

10-07 19:41 DEBUG    ****** PDM_KL matching ******** 
10-07 19:41 DEBUG    Best Sigma0: 10. Best sigma: 1 Best gamma: 10. Best Test accuracy: 0.3827. Train acc: 0.3869. 

10-07 19:41 DEBUG    PDM_KL log: {(10, 1, 10): {'shapes': [(3072, 2402), (2402,), (2402, 10), (10,)], 'train_accuracy': 0.3869, 'test_accuracy': 0.3827}} 
10-07 20:44 DEBUG    ****** PDM_KL matching ******** 
10-07 20:44 DEBUG    Best Sigma0: 10. Best sigma: 1 Best gamma: 10. Best Test accuracy: 0.3827. Train acc: 0.3869. 

10-07 20:44 DEBUG    PDM_KL log: {(10, 1, 10): {'shapes': [(3072, 2402), (2402,), (2402, 10), (10,)], 'train_accuracy': 0.3869, 'test_accuracy': 0.3827}} 
10-07 21:48 DEBUG    ****** PDM_KL matching ******** 
10-07 21:48 DEBUG    Best Sigma0: 10. Best sigma: 1 Best gamma: 10. Best Test accuracy: 0.3827. Train acc: 0.3869. 

10-07 21:48 DEBUG    PDM_KL log: {(10, 1, 10): {'shapes': [(3072, 2402), (2402,), (2402, 10), (10,)], 'train_accuracy': 0.3869, 'test_accuracy': 0.3827}} 
10-07 22:51 DEBUG    ****** PDM_KL matching ******** 
10-07 22:51 DEBUG    Best Sigma0: 10. Best sigma: 1 Best gamma: 10. Best Test accuracy: 0.3827. Train acc: 0.3869. 

10-07 22:51 DEBUG    PDM_KL log: {(10, 1, 10): {'shapes': [(3072, 2402), (2402,), (2402, 10), (10,)], 'train_accuracy': 0.3869, 'test_accuracy': 0.3827}} 
10-07 23:53 DEBUG    ****** PDM_KL matching ******** 
10-07 23:53 DEBUG    Best Sigma0: 10. Best sigma: 1 Best gamma: 10. Best Test accuracy: 0.3827. Train acc: 0.3869. 

10-07 23:53 DEBUG    PDM_KL log: {(10, 1, 10): {'shapes': [(3072, 2397), (2397,), (2397, 10), (10,)], 'train_accuracy': 0.3869, 'test_accuracy': 0.3827}} 
10-08 00:55 DEBUG    ****** PDM_KL matching ******** 
10-08 00:55 DEBUG    Best Sigma0: 10. Best sigma: 1 Best gamma: 10. Best Test accuracy: 0.3827. Train acc: 0.3869. 

10-08 00:55 DEBUG    PDM_KL log: {(10, 1, 10): {'shapes': [(3072, 2390), (2390,), (2390, 10), (10,)], 'train_accuracy': 0.3869, 'test_accuracy': 0.3827}} 
10-08 01:56 DEBUG    ****** PDM_KL matching ******** 
10-08 01:56 DEBUG    Best Sigma0: 10. Best sigma: 1 Best gamma: 10. Best Test accuracy: 0.3831. Train acc: 0.38722. 

10-08 01:56 DEBUG    PDM_KL log: {(10, 1, 10): {'shapes': [(3072, 2284), (2284,), (2284, 10), (10,)], 'train_accuracy': 0.38722, 'test_accuracy': 0.3831}} 
10-08 02:04 DEBUG    ****** PDM_KL matching ******** 
10-08 02:04 DEBUG    Best Sigma0: 10. Best sigma: 1 Best gamma: 10. Best Test accuracy: 0.308. Train acc: 0.30856. 

10-08 02:04 DEBUG    PDM_KL log: {(10, 1, 10): {'shapes': [(3072, 340), (340,), (340, 10), (10,)], 'train_accuracy': 0.30856, 'test_accuracy': 0.308}} 
10-08 02:06 DEBUG    ****** PDM_KL matching ******** 
10-08 02:06 DEBUG    Best Sigma0: 10. Best sigma: 1 Best gamma: 10. Best Test accuracy: 0.2282. Train acc: 0.23026. 

10-08 02:06 DEBUG    PDM_KL log: {(10, 1, 10): {'shapes': [(3072, 100), (100,), (100, 10), (10,)], 'train_accuracy': 0.23026, 'test_accuracy': 0.2282}} 
10-08 02:08 DEBUG    ****** PDM_KL matching ******** 
10-08 02:08 DEBUG    Best Sigma0: 10. Best sigma: 1 Best gamma: 10. Best Test accuracy: 0.1. Train acc: 0.1. 

10-08 02:08 DEBUG    PDM_KL log: {(10, 1, 10): {'shapes': [(3072, 100), (100,), (100, 10), (10,)], 'train_accuracy': 0.1, 'test_accuracy': 0.1}} 
10-08 02:10 DEBUG    ****** PDM_KL matching ******** 
10-08 02:10 DEBUG    Best Sigma0: 10. Best sigma: 1 Best gamma: 10. Best Test accuracy: 0.1. Train acc: 0.1. 

10-08 02:10 DEBUG    PDM_KL log: {(10, 1, 10): {'shapes': [(3072, 100), (100,), (100, 10), (10,)], 'train_accuracy': 0.1, 'test_accuracy': 0.1}} 
10-08 02:10 DEBUG    Trial 5 completed
10-08 02:10 DEBUG    ####################################################################################################
10-08 02:10 DEBUG    ####################################################################################################
10-08 02:10 DEBUG    Executing Trial 6 with seed 6
10-08 02:10 DEBUG    Data statistics: {0: {0: 225, 1: 182, 2: 183, 3: 204, 4: 207, 5: 203, 6: 208, 7: 197, 8: 208, 9: 183}, 1: {0: 202, 1: 203, 2: 204, 3: 190, 4: 201, 5: 195, 6: 219, 7: 199, 8: 196, 9: 191}, 2: {0: 199, 1: 205, 2: 185, 3: 191, 4: 198, 5: 196, 6: 192, 7: 181, 8: 206, 9: 247}, 3: {0: 185, 1: 225, 2: 185, 3: 207, 4: 207, 5: 180, 6: 208, 7: 197, 8: 182, 9: 224}, 4: {0: 206, 1: 192, 2: 190, 3: 201, 4: 218, 5: 224, 6: 183, 7: 189, 8: 228, 9: 169}, 5: {0: 195, 1: 197, 2: 193, 3: 209, 4: 218, 5: 203, 6: 212, 7: 184, 8: 194, 9: 195}, 6: {0: 215, 1: 184, 2: 202, 3: 211, 4: 177, 5: 196, 6: 187, 7: 193, 8: 223, 9: 212}, 7: {0: 189, 1: 216, 2: 184, 3: 192, 4: 191, 5: 211, 6: 215, 7: 217, 8: 191, 9: 194}, 8: {0: 188, 1: 185, 2: 214, 3: 194, 4: 213, 5: 210, 6: 194, 7: 197, 8: 230, 9: 175}, 9: {0: 193, 1: 176, 2: 214, 3: 201, 4: 195, 5: 205, 6: 173, 7: 201, 8: 198, 9: 244}, 10: {0: 214, 1: 198, 2: 199, 3: 204, 4: 208, 5: 178, 6: 216, 7: 191, 8: 205, 9: 187}, 11: {0: 189, 1: 193, 2: 214, 3: 202, 4: 220, 5: 188, 6: 197, 7: 204, 8: 200, 9: 193}, 12: {0: 198, 1: 206, 2: 189, 3: 210, 4: 194, 5: 187, 6: 213, 7: 201, 8: 207, 9: 195}, 13: {0: 206, 1: 201, 2: 209, 3: 197, 4: 197, 5: 199, 6: 207, 7: 192, 8: 197, 9: 195}, 14: {0: 201, 1: 186, 2: 195, 3: 218, 4: 181, 5: 221, 6: 215, 7: 189, 8: 199, 9: 195}, 15: {0: 191, 1: 188, 2: 210, 3: 191, 4: 178, 5: 212, 6: 202, 7: 225, 8: 205, 9: 198}, 16: {0: 182, 1: 226, 2: 201, 3: 211, 4: 178, 5: 207, 6: 193, 7: 198, 8: 186, 9: 218}, 17: {0: 220, 1: 181, 2: 223, 3: 199, 4: 190, 5: 188, 6: 215, 7: 210, 8: 203, 9: 171}, 18: {0: 189, 1: 226, 2: 204, 3: 166, 4: 200, 5: 202, 6: 182, 7: 210, 8: 212, 9: 209}, 19: {0: 226, 1: 198, 2: 194, 3: 191, 4: 201, 5: 202, 6: 182, 7: 205, 8: 169, 9: 232}, 20: {0: 200, 1: 211, 2: 202, 3: 204, 4: 201, 5: 208, 6: 172, 7: 206, 8: 198, 9: 198}, 21: {0: 202, 1: 186, 2: 186, 3: 223, 4: 211, 5: 175, 6: 214, 7: 207, 8: 207, 9: 189}, 22: {0: 206, 1: 199, 2: 214, 3: 178, 4: 201, 5: 212, 6: 206, 7: 205, 8: 185, 9: 194}, 23: {0: 190, 1: 211, 2: 194, 3: 210, 4: 222, 5: 194, 6: 200, 7: 186, 8: 173, 9: 220}, 24: {0: 189, 1: 225, 2: 212, 3: 196, 4: 193, 5: 204, 6: 195, 7: 216, 8: 198, 9: 172}}
10-08 02:11 DEBUG    **************************************************
10-08 02:11 DEBUG    Running experiments 

10-08 02:40 DEBUG    ****** PDM_KL matching ******** 
10-08 02:40 DEBUG    Best Sigma0: 10. Best sigma: 1 Best gamma: 10. Best Test accuracy: 0.388. Train acc: 0.39018. 

10-08 02:40 DEBUG    PDM_KL log: {(10, 1, 10): {'shapes': [(3072, 2397), (2397,), (2397, 10), (10,)], 'train_accuracy': 0.39018, 'test_accuracy': 0.388}} 
10-08 03:43 DEBUG    ****** PDM_KL matching ******** 
10-08 03:43 DEBUG    Best Sigma0: 10. Best sigma: 1 Best gamma: 10. Best Test accuracy: 0.388. Train acc: 0.39018. 

10-08 03:43 DEBUG    PDM_KL log: {(10, 1, 10): {'shapes': [(3072, 2397), (2397,), (2397, 10), (10,)], 'train_accuracy': 0.39018, 'test_accuracy': 0.388}} 
10-08 04:47 DEBUG    ****** PDM_KL matching ******** 
10-08 04:47 DEBUG    Best Sigma0: 10. Best sigma: 1 Best gamma: 10. Best Test accuracy: 0.388. Train acc: 0.39018. 

10-08 04:47 DEBUG    PDM_KL log: {(10, 1, 10): {'shapes': [(3072, 2397), (2397,), (2397, 10), (10,)], 'train_accuracy': 0.39018, 'test_accuracy': 0.388}} 
10-08 05:48 DEBUG    ****** PDM_KL matching ******** 
10-08 05:48 DEBUG    Best Sigma0: 10. Best sigma: 1 Best gamma: 10. Best Test accuracy: 0.388. Train acc: 0.39018. 

10-08 05:48 DEBUG    PDM_KL log: {(10, 1, 10): {'shapes': [(3072, 2397), (2397,), (2397, 10), (10,)], 'train_accuracy': 0.39018, 'test_accuracy': 0.388}} 
10-08 06:51 DEBUG    ****** PDM_KL matching ******** 
10-08 06:51 DEBUG    Best Sigma0: 10. Best sigma: 1 Best gamma: 10. Best Test accuracy: 0.388. Train acc: 0.39018. 

10-08 06:51 DEBUG    PDM_KL log: {(10, 1, 10): {'shapes': [(3072, 2396), (2396,), (2396, 10), (10,)], 'train_accuracy': 0.39018, 'test_accuracy': 0.388}} 
10-08 07:53 DEBUG    ****** PDM_KL matching ******** 
10-08 07:53 DEBUG    Best Sigma0: 10. Best sigma: 1 Best gamma: 10. Best Test accuracy: 0.388. Train acc: 0.39018. 

10-08 07:53 DEBUG    PDM_KL log: {(10, 1, 10): {'shapes': [(3072, 2387), (2387,), (2387, 10), (10,)], 'train_accuracy': 0.39018, 'test_accuracy': 0.388}} 
10-08 08:54 DEBUG    ****** PDM_KL matching ******** 
10-08 08:54 DEBUG    Best Sigma0: 10. Best sigma: 1 Best gamma: 10. Best Test accuracy: 0.3884. Train acc: 0.39032. 

10-08 08:54 DEBUG    PDM_KL log: {(10, 1, 10): {'shapes': [(3072, 2296), (2296,), (2296, 10), (10,)], 'train_accuracy': 0.39032, 'test_accuracy': 0.3884}} 
10-08 09:01 DEBUG    ****** PDM_KL matching ******** 
10-08 09:01 DEBUG    Best Sigma0: 10. Best sigma: 1 Best gamma: 10. Best Test accuracy: 0.3232. Train acc: 0.33026. 

10-08 09:01 DEBUG    PDM_KL log: {(10, 1, 10): {'shapes': [(3072, 340), (340,), (340, 10), (10,)], 'train_accuracy': 0.33026, 'test_accuracy': 0.3232}} 
10-08 09:04 DEBUG    ****** PDM_KL matching ******** 
10-08 09:04 DEBUG    Best Sigma0: 10. Best sigma: 1 Best gamma: 10. Best Test accuracy: 0.2728. Train acc: 0.27452. 

10-08 09:04 DEBUG    PDM_KL log: {(10, 1, 10): {'shapes': [(3072, 100), (100,), (100, 10), (10,)], 'train_accuracy': 0.27452, 'test_accuracy': 0.2728}} 
10-08 09:05 DEBUG    ****** PDM_KL matching ******** 
10-08 09:05 DEBUG    Best Sigma0: 10. Best sigma: 1 Best gamma: 10. Best Test accuracy: 0.1. Train acc: 0.1. 

10-08 09:05 DEBUG    PDM_KL log: {(10, 1, 10): {'shapes': [(3072, 100), (100,), (100, 10), (10,)], 'train_accuracy': 0.1, 'test_accuracy': 0.1}} 
10-08 09:07 DEBUG    ****** PDM_KL matching ******** 
10-08 09:07 DEBUG    Best Sigma0: 10. Best sigma: 1 Best gamma: 10. Best Test accuracy: 0.1. Train acc: 0.1. 

10-08 09:07 DEBUG    PDM_KL log: {(10, 1, 10): {'shapes': [(3072, 100), (100,), (100, 10), (10,)], 'train_accuracy': 0.1, 'test_accuracy': 0.1}} 
10-08 09:07 DEBUG    Trial 6 completed
10-08 09:07 DEBUG    ####################################################################################################
10-08 09:07 DEBUG    ####################################################################################################
10-08 09:07 DEBUG    Executing Trial 7 with seed 7
10-08 09:07 DEBUG    Data statistics: {0: {0: 188, 1: 195, 2: 220, 3: 216, 4: 186, 5: 190, 6: 218, 7: 196, 8: 205, 9: 186}, 1: {0: 191, 1: 221, 2: 206, 3: 204, 4: 179, 5: 199, 6: 221, 7: 178, 8: 205, 9: 196}, 2: {0: 219, 1: 218, 2: 194, 3: 212, 4: 199, 5: 205, 6: 173, 7: 185, 8: 195, 9: 200}, 3: {0: 198, 1: 183, 2: 197, 3: 211, 4: 195, 5: 177, 6: 197, 7: 212, 8: 219, 9: 211}, 4: {0: 213, 1: 182, 2: 196, 3: 204, 4: 215, 5: 193, 6: 224, 7: 199, 8: 185, 9: 189}, 5: {0: 205, 1: 195, 2: 199, 3: 190, 4: 202, 5: 205, 6: 206, 7: 203, 8: 190, 9: 205}, 6: {0: 205, 1: 183, 2: 193, 3: 192, 4: 207, 5: 234, 6: 170, 7: 205, 8: 211, 9: 200}, 7: {0: 179, 1: 202, 2: 202, 3: 209, 4: 184, 5: 192, 6: 193, 7: 224, 8: 202, 9: 213}, 8: {0: 170, 1: 199, 2: 190, 3: 190, 4: 191, 5: 219, 6: 201, 7: 199, 8: 220, 9: 221}, 9: {0: 219, 1: 180, 2: 194, 3: 212, 4: 195, 5: 194, 6: 189, 7: 202, 8: 211, 9: 204}, 10: {0: 183, 1: 208, 2: 205, 3: 203, 4: 203, 5: 209, 6: 200, 7: 206, 8: 189, 9: 194}, 11: {0: 231, 1: 185, 2: 214, 3: 200, 4: 194, 5: 202, 6: 198, 7: 186, 8: 200, 9: 190}, 12: {0: 212, 1: 208, 2: 179, 3: 192, 4: 207, 5: 203, 6: 194, 7: 193, 8: 212, 9: 200}, 13: {0: 190, 1: 210, 2: 211, 3: 207, 4: 181, 5: 204, 6: 195, 7: 205, 8: 182, 9: 215}, 14: {0: 207, 1: 192, 2: 213, 3: 188, 4: 217, 5: 186, 6: 172, 7: 194, 8: 220, 9: 211}, 15: {0: 210, 1: 208, 2: 194, 3: 182, 4: 194, 5: 216, 6: 217, 7: 167, 8: 227, 9: 185}, 16: {0: 189, 1: 195, 2: 198, 3: 191, 4: 196, 5: 205, 6: 208, 7: 209, 8: 208, 9: 201}, 17: {0: 186, 1: 186, 2: 200, 3: 207, 4: 205, 5: 197, 6: 208, 7: 228, 8: 201, 9: 182}, 18: {0: 195, 1: 203, 2: 196, 3: 191, 4: 231, 5: 190, 6: 203, 7: 225, 8: 179, 9: 187}, 19: {0: 219, 1: 202, 2: 186, 3: 202, 4: 205, 5: 185, 6: 208, 7: 217, 8: 184, 9: 192}, 20: {0: 210, 1: 221, 2: 182, 3: 180, 4: 202, 5: 197, 6: 209, 7: 182, 8: 180, 9: 237}, 21: {0: 210, 1: 205, 2: 215, 3: 205, 4: 207, 5: 205, 6: 186, 7: 182, 8: 187, 9: 198}, 22: {0: 202, 1: 216, 2: 215, 3: 197, 4: 187, 5: 197, 6: 204, 7: 191, 8: 203, 9: 188}, 23: {0: 182, 1: 194, 2: 195, 3: 200, 4: 225, 5: 199, 6: 205, 7: 210, 8: 196, 9: 194}, 24: {0: 187, 1: 209, 2: 206, 3: 215, 4: 193, 5: 197, 6: 201, 7: 202, 8: 189, 9: 201}}
10-08 09:08 DEBUG    **************************************************
10-08 09:08 DEBUG    Running experiments 

10-08 09:37 DEBUG    ****** PDM_KL matching ******** 
10-08 09:37 DEBUG    Best Sigma0: 10. Best sigma: 1 Best gamma: 10. Best Test accuracy: 0.3933. Train acc: 0.39264. 

10-08 09:37 DEBUG    PDM_KL log: {(10, 1, 10): {'shapes': [(3072, 2376), (2376,), (2376, 10), (10,)], 'train_accuracy': 0.39264, 'test_accuracy': 0.3933}} 
10-08 10:41 DEBUG    ****** PDM_KL matching ******** 
10-08 10:41 DEBUG    Best Sigma0: 10. Best sigma: 1 Best gamma: 10. Best Test accuracy: 0.3933. Train acc: 0.39264. 

10-08 10:41 DEBUG    PDM_KL log: {(10, 1, 10): {'shapes': [(3072, 2376), (2376,), (2376, 10), (10,)], 'train_accuracy': 0.39264, 'test_accuracy': 0.3933}} 
10-08 11:45 DEBUG    ****** PDM_KL matching ******** 
10-08 11:45 DEBUG    Best Sigma0: 10. Best sigma: 1 Best gamma: 10. Best Test accuracy: 0.3933. Train acc: 0.39264. 

10-08 11:45 DEBUG    PDM_KL log: {(10, 1, 10): {'shapes': [(3072, 2374), (2374,), (2374, 10), (10,)], 'train_accuracy': 0.39264, 'test_accuracy': 0.3933}} 
10-08 12:47 DEBUG    ****** PDM_KL matching ******** 
10-08 12:47 DEBUG    Best Sigma0: 10. Best sigma: 1 Best gamma: 10. Best Test accuracy: 0.3933. Train acc: 0.39264. 

10-08 12:47 DEBUG    PDM_KL log: {(10, 1, 10): {'shapes': [(3072, 2374), (2374,), (2374, 10), (10,)], 'train_accuracy': 0.39264, 'test_accuracy': 0.3933}} 
10-08 13:49 DEBUG    ****** PDM_KL matching ******** 
10-08 13:49 DEBUG    Best Sigma0: 10. Best sigma: 1 Best gamma: 10. Best Test accuracy: 0.3933. Train acc: 0.39264. 

10-08 13:49 DEBUG    PDM_KL log: {(10, 1, 10): {'shapes': [(3072, 2365), (2365,), (2365, 10), (10,)], 'train_accuracy': 0.39264, 'test_accuracy': 0.3933}} 
10-08 14:51 DEBUG    ****** PDM_KL matching ******** 
10-08 14:51 DEBUG    Best Sigma0: 10. Best sigma: 1 Best gamma: 10. Best Test accuracy: 0.3933. Train acc: 0.39264. 

10-08 14:51 DEBUG    PDM_KL log: {(10, 1, 10): {'shapes': [(3072, 2363), (2363,), (2363, 10), (10,)], 'train_accuracy': 0.39264, 'test_accuracy': 0.3933}} 
10-08 15:48 DEBUG    ****** PDM_KL matching ******** 
10-08 15:48 DEBUG    Best Sigma0: 10. Best sigma: 1 Best gamma: 10. Best Test accuracy: 0.392. Train acc: 0.39254. 

10-08 15:48 DEBUG    PDM_KL log: {(10, 1, 10): {'shapes': [(3072, 2254), (2254,), (2254, 10), (10,)], 'train_accuracy': 0.39254, 'test_accuracy': 0.392}} 
10-08 15:56 DEBUG    ****** PDM_KL matching ******** 
10-08 15:56 DEBUG    Best Sigma0: 10. Best sigma: 1 Best gamma: 10. Best Test accuracy: 0.3634. Train acc: 0.36836. 

10-08 15:56 DEBUG    PDM_KL log: {(10, 1, 10): {'shapes': [(3072, 340), (340,), (340, 10), (10,)], 'train_accuracy': 0.36836, 'test_accuracy': 0.3634}} 
10-08 15:58 DEBUG    ****** PDM_KL matching ******** 
10-08 15:58 DEBUG    Best Sigma0: 10. Best sigma: 1 Best gamma: 10. Best Test accuracy: 0.2721. Train acc: 0.264. 

10-08 15:58 DEBUG    PDM_KL log: {(10, 1, 10): {'shapes': [(3072, 100), (100,), (100, 10), (10,)], 'train_accuracy': 0.264, 'test_accuracy': 0.2721}} 
10-08 16:00 DEBUG    ****** PDM_KL matching ******** 
10-08 16:00 DEBUG    Best Sigma0: 10. Best sigma: 1 Best gamma: 10. Best Test accuracy: 0.1. Train acc: 0.1. 

10-08 16:00 DEBUG    PDM_KL log: {(10, 1, 10): {'shapes': [(3072, 100), (100,), (100, 10), (10,)], 'train_accuracy': 0.1, 'test_accuracy': 0.1}} 
10-08 16:01 DEBUG    ****** PDM_KL matching ******** 
10-08 16:01 DEBUG    Best Sigma0: 10. Best sigma: 1 Best gamma: 10. Best Test accuracy: 0.1. Train acc: 0.1. 

10-08 16:01 DEBUG    PDM_KL log: {(10, 1, 10): {'shapes': [(3072, 100), (100,), (100, 10), (10,)], 'train_accuracy': 0.1, 'test_accuracy': 0.1}} 
10-08 16:01 DEBUG    Trial 7 completed
10-08 16:01 DEBUG    ####################################################################################################
10-08 16:01 DEBUG    ####################################################################################################
10-08 16:01 DEBUG    Executing Trial 8 with seed 8
10-08 16:01 DEBUG    Data statistics: {0: {0: 192, 1: 200, 2: 195, 3: 199, 4: 212, 5: 206, 6: 217, 7: 187, 8: 184, 9: 208}, 1: {0: 219, 1: 195, 2: 195, 3: 202, 4: 212, 5: 200, 6: 194, 7: 176, 8: 186, 9: 221}, 2: {0: 224, 1: 199, 2: 186, 3: 214, 4: 197, 5: 205, 6: 210, 7: 202, 8: 174, 9: 189}, 3: {0: 200, 1: 214, 2: 204, 3: 186, 4: 201, 5: 184, 6: 195, 7: 212, 8: 183, 9: 221}, 4: {0: 205, 1: 198, 2: 213, 3: 203, 4: 192, 5: 193, 6: 216, 7: 181, 8: 205, 9: 194}, 5: {0: 186, 1: 199, 2: 181, 3: 186, 4: 200, 5: 208, 6: 191, 7: 226, 8: 210, 9: 213}, 6: {0: 181, 1: 207, 2: 205, 3: 194, 4: 192, 5: 222, 6: 201, 7: 179, 8: 223, 9: 196}, 7: {0: 198, 1: 199, 2: 182, 3: 193, 4: 207, 5: 206, 6: 208, 7: 211, 8: 197, 9: 199}, 8: {0: 201, 1: 202, 2: 198, 3: 200, 4: 202, 5: 188, 6: 174, 7: 192, 8: 233, 9: 210}, 9: {0: 200, 1: 207, 2: 213, 3: 204, 4: 200, 5: 206, 6: 210, 7: 186, 8: 182, 9: 192}, 10: {0: 191, 1: 173, 2: 202, 3: 206, 4: 199, 5: 207, 6: 205, 7: 210, 8: 225, 9: 182}, 11: {0: 204, 1: 191, 2: 210, 3: 176, 4: 227, 5: 194, 6: 182, 7: 209, 8: 206, 9: 201}, 12: {0: 193, 1: 203, 2: 185, 3: 212, 4: 191, 5: 195, 6: 195, 7: 207, 8: 207, 9: 212}, 13: {0: 186, 1: 212, 2: 189, 3: 207, 4: 198, 5: 194, 6: 204, 7: 196, 8: 208, 9: 206}, 14: {0: 202, 1: 186, 2: 203, 3: 178, 4: 216, 5: 208, 6: 217, 7: 189, 8: 191, 9: 210}, 15: {0: 208, 1: 214, 2: 204, 3: 194, 4: 217, 5: 186, 6: 183, 7: 188, 8: 208, 9: 198}, 16: {0: 182, 1: 189, 2: 214, 3: 201, 4: 202, 5: 208, 6: 214, 7: 210, 8: 190, 9: 190}, 17: {0: 202, 1: 229, 2: 201, 3: 223, 4: 188, 5: 199, 6: 176, 7: 184, 8: 206, 9: 192}, 18: {0: 184, 1: 194, 2: 228, 3: 198, 4: 190, 5: 182, 6: 196, 7: 202, 8: 216, 9: 210}, 19: {0: 202, 1: 192, 2: 201, 3: 210, 4: 196, 5: 196, 6: 213, 7: 211, 8: 209, 9: 170}, 20: {0: 188, 1: 212, 2: 196, 3: 185, 4: 204, 5: 192, 6: 213, 7: 208, 8: 194, 9: 208}, 21: {0: 218, 1: 200, 2: 171, 3: 217, 4: 200, 5: 192, 6: 194, 7: 213, 8: 200, 9: 195}, 22: {0: 200, 1: 182, 2: 182, 3: 198, 4: 185, 5: 237, 6: 208, 7: 205, 8: 179, 9: 224}, 23: {0: 211, 1: 199, 2: 215, 3: 219, 4: 184, 5: 199, 6: 199, 7: 219, 8: 194, 9: 161}, 24: {0: 223, 1: 204, 2: 227, 3: 195, 4: 188, 5: 193, 6: 185, 7: 197, 8: 190, 9: 198}}
10-08 16:02 DEBUG    **************************************************
10-08 16:02 DEBUG    Running experiments 

10-08 16:31 DEBUG    ****** PDM_KL matching ******** 
10-08 16:31 DEBUG    Best Sigma0: 10. Best sigma: 1 Best gamma: 10. Best Test accuracy: 0.3923. Train acc: 0.39474. 

10-08 16:31 DEBUG    PDM_KL log: {(10, 1, 10): {'shapes': [(3072, 2390), (2390,), (2390, 10), (10,)], 'train_accuracy': 0.39474, 'test_accuracy': 0.3923}} 
10-08 17:35 DEBUG    ****** PDM_KL matching ******** 
10-08 17:35 DEBUG    Best Sigma0: 10. Best sigma: 1 Best gamma: 10. Best Test accuracy: 0.3923. Train acc: 0.39474. 

10-08 17:35 DEBUG    PDM_KL log: {(10, 1, 10): {'shapes': [(3072, 2390), (2390,), (2390, 10), (10,)], 'train_accuracy': 0.39474, 'test_accuracy': 0.3923}} 
10-08 18:37 DEBUG    ****** PDM_KL matching ******** 
10-08 18:37 DEBUG    Best Sigma0: 10. Best sigma: 1 Best gamma: 10. Best Test accuracy: 0.3923. Train acc: 0.39474. 

10-08 18:37 DEBUG    PDM_KL log: {(10, 1, 10): {'shapes': [(3072, 2390), (2390,), (2390, 10), (10,)], 'train_accuracy': 0.39474, 'test_accuracy': 0.3923}} 
10-08 19:40 DEBUG    ****** PDM_KL matching ******** 
10-08 19:40 DEBUG    Best Sigma0: 10. Best sigma: 1 Best gamma: 10. Best Test accuracy: 0.3923. Train acc: 0.39474. 

10-08 19:40 DEBUG    PDM_KL log: {(10, 1, 10): {'shapes': [(3072, 2389), (2389,), (2389, 10), (10,)], 'train_accuracy': 0.39474, 'test_accuracy': 0.3923}} 
10-08 20:41 DEBUG    ****** PDM_KL matching ******** 
10-08 20:41 DEBUG    Best Sigma0: 10. Best sigma: 1 Best gamma: 10. Best Test accuracy: 0.3923. Train acc: 0.39474. 

10-08 20:41 DEBUG    PDM_KL log: {(10, 1, 10): {'shapes': [(3072, 2387), (2387,), (2387, 10), (10,)], 'train_accuracy': 0.39474, 'test_accuracy': 0.3923}} 
10-08 21:44 DEBUG    ****** PDM_KL matching ******** 
10-08 21:44 DEBUG    Best Sigma0: 10. Best sigma: 1 Best gamma: 10. Best Test accuracy: 0.3923. Train acc: 0.39474. 

10-08 21:44 DEBUG    PDM_KL log: {(10, 1, 10): {'shapes': [(3072, 2382), (2382,), (2382, 10), (10,)], 'train_accuracy': 0.39474, 'test_accuracy': 0.3923}} 
10-08 22:44 DEBUG    ****** PDM_KL matching ******** 
10-08 22:44 DEBUG    Best Sigma0: 10. Best sigma: 1 Best gamma: 10. Best Test accuracy: 0.3922. Train acc: 0.39474. 

10-08 22:44 DEBUG    PDM_KL log: {(10, 1, 10): {'shapes': [(3072, 2286), (2286,), (2286, 10), (10,)], 'train_accuracy': 0.39474, 'test_accuracy': 0.3922}} 
10-08 22:52 DEBUG    ****** PDM_KL matching ******** 
10-08 22:52 DEBUG    Best Sigma0: 10. Best sigma: 1 Best gamma: 10. Best Test accuracy: 0.3429. Train acc: 0.34172. 

10-08 22:52 DEBUG    PDM_KL log: {(10, 1, 10): {'shapes': [(3072, 340), (340,), (340, 10), (10,)], 'train_accuracy': 0.34172, 'test_accuracy': 0.3429}} 
10-08 22:54 DEBUG    ****** PDM_KL matching ******** 
10-08 22:54 DEBUG    Best Sigma0: 10. Best sigma: 1 Best gamma: 10. Best Test accuracy: 0.2439. Train acc: 0.24762. 

10-08 22:54 DEBUG    PDM_KL log: {(10, 1, 10): {'shapes': [(3072, 100), (100,), (100, 10), (10,)], 'train_accuracy': 0.24762, 'test_accuracy': 0.2439}} 
10-08 22:56 DEBUG    ****** PDM_KL matching ******** 
10-08 22:56 DEBUG    Best Sigma0: 10. Best sigma: 1 Best gamma: 10. Best Test accuracy: 0.1. Train acc: 0.1. 

10-08 22:56 DEBUG    PDM_KL log: {(10, 1, 10): {'shapes': [(3072, 100), (100,), (100, 10), (10,)], 'train_accuracy': 0.1, 'test_accuracy': 0.1}} 
10-08 22:57 DEBUG    ****** PDM_KL matching ******** 
10-08 22:57 DEBUG    Best Sigma0: 10. Best sigma: 1 Best gamma: 10. Best Test accuracy: 0.1. Train acc: 0.1. 

10-08 22:57 DEBUG    PDM_KL log: {(10, 1, 10): {'shapes': [(3072, 100), (100,), (100, 10), (10,)], 'train_accuracy': 0.1, 'test_accuracy': 0.1}} 
10-08 22:57 DEBUG    Trial 8 completed
10-08 22:57 DEBUG    ####################################################################################################
10-08 22:57 DEBUG    ####################################################################################################
10-08 22:57 DEBUG    Executing Trial 9 with seed 9
10-08 22:58 DEBUG    Data statistics: {0: {0: 186, 1: 197, 2: 194, 3: 210, 4: 207, 5: 205, 6: 202, 7: 192, 8: 197, 9: 210}, 1: {0: 200, 1: 193, 2: 199, 3: 201, 4: 207, 5: 216, 6: 188, 7: 199, 8: 205, 9: 192}, 2: {0: 206, 1: 194, 2: 204, 3: 181, 4: 197, 5: 196, 6: 210, 7: 203, 8: 200, 9: 209}, 3: {0: 207, 1: 208, 2: 196, 3: 186, 4: 191, 5: 203, 6: 194, 7: 203, 8: 211, 9: 201}, 4: {0: 204, 1: 192, 2: 210, 3: 199, 4: 210, 5: 169, 6: 208, 7: 191, 8: 198, 9: 219}, 5: {0: 224, 1: 184, 2: 210, 3: 203, 4: 182, 5: 194, 6: 205, 7: 213, 8: 174, 9: 211}, 6: {0: 207, 1: 192, 2: 204, 3: 194, 4: 209, 5: 211, 6: 208, 7: 192, 8: 204, 9: 179}, 7: {0: 192, 1: 213, 2: 206, 3: 192, 4: 193, 5: 195, 6: 196, 7: 184, 8: 232, 9: 197}, 8: {0: 192, 1: 203, 2: 212, 3: 195, 4: 180, 5: 203, 6: 215, 7: 202, 8: 201, 9: 197}, 9: {0: 203, 1: 186, 2: 204, 3: 191, 4: 207, 5: 199, 6: 196, 7: 226, 8: 184, 9: 204}, 10: {0: 206, 1: 194, 2: 198, 3: 223, 4: 217, 5: 191, 6: 205, 7: 204, 8: 195, 9: 167}, 11: {0: 193, 1: 221, 2: 220, 3: 179, 4: 205, 5: 187, 6: 212, 7: 200, 8: 175, 9: 208}, 12: {0: 202, 1: 208, 2: 193, 3: 203, 4: 215, 5: 200, 6: 177, 7: 192, 8: 196, 9: 214}, 13: {0: 207, 1: 207, 2: 192, 3: 188, 4: 206, 5: 202, 6: 194, 7: 191, 8: 197, 9: 216}, 14: {0: 196, 1: 202, 2: 210, 3: 180, 4: 227, 5: 221, 6: 203, 7: 188, 8: 186, 9: 187}, 15: {0: 160, 1: 226, 2: 197, 3: 222, 4: 186, 5: 203, 6: 200, 7: 201, 8: 214, 9: 191}, 16: {0: 198, 1: 238, 2: 181, 3: 202, 4: 209, 5: 208, 6: 198, 7: 187, 8: 190, 9: 189}, 17: {0: 215, 1: 180, 2: 183, 3: 223, 4: 195, 5: 184, 6: 185, 7: 232, 8: 211, 9: 192}, 18: {0: 194, 1: 202, 2: 214, 3: 212, 4: 175, 5: 191, 6: 205, 7: 198, 8: 214, 9: 195}, 19: {0: 197, 1: 182, 2: 197, 3: 192, 4: 212, 5: 203, 6: 209, 7: 197, 8: 205, 9: 206}, 20: {0: 185, 1: 190, 2: 194, 3: 223, 4: 184, 5: 205, 6: 181, 7: 222, 8: 215, 9: 201}, 21: {0: 221, 1: 196, 2: 180, 3: 196, 4: 196, 5: 212, 6: 202, 7: 199, 8: 190, 9: 208}, 22: {0: 207, 1: 197, 2: 208, 3: 209, 4: 189, 5: 186, 6: 193, 7: 199, 8: 202, 9: 210}, 23: {0: 202, 1: 193, 2: 186, 3: 212, 4: 198, 5: 209, 6: 224, 7: 179, 8: 194, 9: 203}, 24: {0: 196, 1: 202, 2: 208, 3: 184, 4: 203, 5: 207, 6: 190, 7: 206, 8: 210, 9: 194}}
10-08 22:58 DEBUG    **************************************************
10-08 22:58 DEBUG    Running experiments 

10-08 23:28 DEBUG    ****** PDM_KL matching ******** 
10-08 23:28 DEBUG    Best Sigma0: 10. Best sigma: 1 Best gamma: 10. Best Test accuracy: 0.3906. Train acc: 0.39178. 

10-08 23:28 DEBUG    PDM_KL log: {(10, 1, 10): {'shapes': [(3072, 2410), (2410,), (2410, 10), (10,)], 'train_accuracy': 0.39178, 'test_accuracy': 0.3906}} 
10-09 00:31 DEBUG    ****** PDM_KL matching ******** 
10-09 00:31 DEBUG    Best Sigma0: 10. Best sigma: 1 Best gamma: 10. Best Test accuracy: 0.3906. Train acc: 0.39178. 

10-09 00:31 DEBUG    PDM_KL log: {(10, 1, 10): {'shapes': [(3072, 2410), (2410,), (2410, 10), (10,)], 'train_accuracy': 0.39178, 'test_accuracy': 0.3906}} 
10-09 01:31 DEBUG    ****** PDM_KL matching ******** 
10-09 01:31 DEBUG    Best Sigma0: 10. Best sigma: 1 Best gamma: 10. Best Test accuracy: 0.3906. Train acc: 0.39178. 

10-09 01:31 DEBUG    PDM_KL log: {(10, 1, 10): {'shapes': [(3072, 2410), (2410,), (2410, 10), (10,)], 'train_accuracy': 0.39178, 'test_accuracy': 0.3906}} 
10-09 02:33 DEBUG    ****** PDM_KL matching ******** 
10-09 02:33 DEBUG    Best Sigma0: 10. Best sigma: 1 Best gamma: 10. Best Test accuracy: 0.3906. Train acc: 0.39178. 

10-09 02:33 DEBUG    PDM_KL log: {(10, 1, 10): {'shapes': [(3072, 2410), (2410,), (2410, 10), (10,)], 'train_accuracy': 0.39178, 'test_accuracy': 0.3906}} 
10-09 03:36 DEBUG    ****** PDM_KL matching ******** 
10-09 03:36 DEBUG    Best Sigma0: 10. Best sigma: 1 Best gamma: 10. Best Test accuracy: 0.3906. Train acc: 0.39178. 

10-09 03:36 DEBUG    PDM_KL log: {(10, 1, 10): {'shapes': [(3072, 2407), (2407,), (2407, 10), (10,)], 'train_accuracy': 0.39178, 'test_accuracy': 0.3906}} 
10-09 04:38 DEBUG    ****** PDM_KL matching ******** 
10-09 04:38 DEBUG    Best Sigma0: 10. Best sigma: 1 Best gamma: 10. Best Test accuracy: 0.3906. Train acc: 0.39178. 

10-09 04:38 DEBUG    PDM_KL log: {(10, 1, 10): {'shapes': [(3072, 2399), (2399,), (2399, 10), (10,)], 'train_accuracy': 0.39178, 'test_accuracy': 0.3906}} 
10-09 05:38 DEBUG    ****** PDM_KL matching ******** 
10-09 05:38 DEBUG    Best Sigma0: 10. Best sigma: 1 Best gamma: 10. Best Test accuracy: 0.3901. Train acc: 0.3919. 

10-09 05:38 DEBUG    PDM_KL log: {(10, 1, 10): {'shapes': [(3072, 2297), (2297,), (2297, 10), (10,)], 'train_accuracy': 0.3919, 'test_accuracy': 0.3901}} 
10-09 05:46 DEBUG    ****** PDM_KL matching ******** 
10-09 05:46 DEBUG    Best Sigma0: 10. Best sigma: 1 Best gamma: 10. Best Test accuracy: 0.3457. Train acc: 0.34792. 

10-09 05:46 DEBUG    PDM_KL log: {(10, 1, 10): {'shapes': [(3072, 340), (340,), (340, 10), (10,)], 'train_accuracy': 0.34792, 'test_accuracy': 0.3457}} 
10-09 05:48 DEBUG    ****** PDM_KL matching ******** 
10-09 05:48 DEBUG    Best Sigma0: 10. Best sigma: 1 Best gamma: 10. Best Test accuracy: 0.2781. Train acc: 0.27334. 

10-09 05:48 DEBUG    PDM_KL log: {(10, 1, 10): {'shapes': [(3072, 100), (100,), (100, 10), (10,)], 'train_accuracy': 0.27334, 'test_accuracy': 0.2781}} 
10-09 05:50 DEBUG    ****** PDM_KL matching ******** 
10-09 05:50 DEBUG    Best Sigma0: 10. Best sigma: 1 Best gamma: 10. Best Test accuracy: 0.1. Train acc: 0.1. 

10-09 05:50 DEBUG    PDM_KL log: {(10, 1, 10): {'shapes': [(3072, 100), (100,), (100, 10), (10,)], 'train_accuracy': 0.1, 'test_accuracy': 0.1}} 
10-09 05:51 DEBUG    ****** PDM_KL matching ******** 
10-09 05:51 DEBUG    Best Sigma0: 10. Best sigma: 1 Best gamma: 10. Best Test accuracy: 0.1. Train acc: 0.1. 

10-09 05:51 DEBUG    PDM_KL log: {(10, 1, 10): {'shapes': [(3072, 100), (100,), (100, 10), (10,)], 'train_accuracy': 0.1, 'test_accuracy': 0.1}} 
10-09 05:51 DEBUG    Trial 9 completed
10-09 05:51 DEBUG    ####################################################################################################
