09-30 02:26 DEBUG    Experiment arguments: Namespace(alpha=0.5, communication_rounds=None, datadir='data/mnist', dataset='mnist', device=1.0, dropout_p=0.0, epochs=10, experiment=['pdm_KL'], init_seed=0, iter_epochs=5, layers=1, loaddir='saved_weights/mnist/homo', logdir='KL_regs_bst_hyp_unlimi/mnist/homo', lr=0.01, lr_decay=1.0, n=3, n_layers=1, n_nets=10, net_config=[784, 100, 100, 100, 10], num_pool_workers=1, partition='homo', pdm_gamma=10, pdm_sig=0.5, pdm_sig0=10, reg=1e-06, reg_fac=0.0, trials=10)
09-30 02:26 DEBUG    ####################################################################################################
09-30 02:26 DEBUG    Executing Trial 0 with seed 0
09-30 02:26 DEBUG    Data statistics: {0: {0: 605, 1: 688, 2: 586, 3: 583, 4: 565, 5: 518, 6: 631, 7: 625, 8: 584, 9: 615}, 1: {0: 600, 1: 691, 2: 580, 3: 625, 4: 588, 5: 557, 6: 559, 7: 603, 8: 607, 9: 590}, 2: {0: 607, 1: 691, 2: 583, 3: 639, 4: 577, 5: 516, 6: 571, 7: 641, 8: 596, 9: 579}, 3: {0: 605, 1: 642, 2: 610, 3: 580, 4: 590, 5: 565, 6: 572, 7: 632, 8: 591, 9: 613}, 4: {0: 578, 1: 653, 2: 600, 3: 593, 4: 627, 5: 556, 6: 629, 7: 608, 8: 581, 9: 575}, 5: {0: 596, 1: 690, 2: 594, 3: 650, 4: 589, 5: 539, 6: 547, 7: 612, 8: 568, 9: 615}, 6: {0: 598, 1: 645, 2: 614, 3: 624, 4: 572, 5: 556, 6: 605, 7: 605, 8: 601, 9: 580}, 7: {0: 544, 1: 682, 2: 604, 3: 591, 4: 605, 5: 562, 6: 601, 7: 694, 8: 525, 9: 592}, 8: {0: 564, 1: 665, 2: 608, 3: 647, 4: 566, 5: 520, 6: 615, 7: 613, 8: 594, 9: 608}, 9: {0: 626, 1: 695, 2: 579, 3: 599, 4: 563, 5: 532, 6: 588, 7: 632, 8: 604, 9: 582}}
09-30 02:27 DEBUG    **************************************************
09-30 02:27 DEBUG    Running experiments 

09-30 02:34 DEBUG    ****** PDM_KL matching ******** 
09-30 02:34 DEBUG    Best Sigma0: 10. Best sigma: 0.5 Best gamma: 10. Best Test accuracy: 0.9367. Train acc: 0.94085. 

09-30 02:34 DEBUG    PDM_KL log: {(10, 0.5, 10): {'shapes': [(784, 855), (855,), (855, 463), (463,), (463, 118), (118,), (118, 10), (10,)], 'train_accuracy': 0.94085, 'test_accuracy': 0.9367}} 
09-30 02:53 DEBUG    ****** PDM_KL matching ******** 
09-30 02:53 DEBUG    Best Sigma0: 10. Best sigma: 0.5 Best gamma: 10. Best Test accuracy: 0.9385. Train acc: 0.9416333333333333. 

09-30 02:53 DEBUG    PDM_KL log: {(10, 0.5, 10): {'shapes': [(784, 856), (856,), (856, 474), (474,), (474, 118), (118,), (118, 10), (10,)], 'train_accuracy': 0.9416333333333333, 'test_accuracy': 0.9385}} 
09-30 03:12 DEBUG    ****** PDM_KL matching ******** 
09-30 03:12 DEBUG    Best Sigma0: 10. Best sigma: 0.5 Best gamma: 10. Best Test accuracy: 0.9323. Train acc: 0.9350333333333334. 

09-30 03:12 DEBUG    PDM_KL log: {(10, 0.5, 10): {'shapes': [(784, 856), (856,), (856, 470), (470,), (470, 118), (118,), (118, 10), (10,)], 'train_accuracy': 0.9350333333333334, 'test_accuracy': 0.9323}} 
09-30 03:31 DEBUG    ****** PDM_KL matching ******** 
09-30 03:31 DEBUG    Best Sigma0: 10. Best sigma: 0.5 Best gamma: 10. Best Test accuracy: 0.9323. Train acc: 0.9347166666666666. 

09-30 03:31 DEBUG    PDM_KL log: {(10, 0.5, 10): {'shapes': [(784, 856), (856,), (856, 466), (466,), (466, 118), (118,), (118, 10), (10,)], 'train_accuracy': 0.9347166666666666, 'test_accuracy': 0.9323}} 
09-30 03:49 DEBUG    ****** PDM_KL matching ******** 
09-30 03:49 DEBUG    Best Sigma0: 10. Best sigma: 0.5 Best gamma: 10. Best Test accuracy: 0.9208. Train acc: 0.9236166666666666. 

09-30 03:49 DEBUG    PDM_KL log: {(10, 0.5, 10): {'shapes': [(784, 847), (847,), (847, 448), (448,), (448, 118), (118,), (118, 10), (10,)], 'train_accuracy': 0.9236166666666666, 'test_accuracy': 0.9208}} 
09-30 04:07 DEBUG    ****** PDM_KL matching ******** 
09-30 04:07 DEBUG    Best Sigma0: 10. Best sigma: 0.5 Best gamma: 10. Best Test accuracy: 0.9133. Train acc: 0.9160833333333334. 

09-30 04:07 DEBUG    PDM_KL log: {(10, 0.5, 10): {'shapes': [(784, 838), (838,), (838, 423), (423,), (423, 118), (118,), (118, 10), (10,)], 'train_accuracy': 0.9160833333333334, 'test_accuracy': 0.9133}} 
09-30 04:21 DEBUG    ****** PDM_KL matching ******** 
09-30 04:21 DEBUG    Best Sigma0: 10. Best sigma: 0.5 Best gamma: 10. Best Test accuracy: 0.9321. Train acc: 0.9345666666666667. 

09-30 04:21 DEBUG    PDM_KL log: {(10, 0.5, 10): {'shapes': [(784, 789), (789,), (789, 252), (252,), (252, 127), (127,), (127, 10), (10,)], 'train_accuracy': 0.9345666666666667, 'test_accuracy': 0.9321}} 
09-30 04:32 DEBUG    ****** PDM_KL matching ******** 
09-30 04:32 DEBUG    Best Sigma0: 10. Best sigma: 0.5 Best gamma: 10. Best Test accuracy: 0.9393. Train acc: 0.9444333333333333. 

09-30 04:32 DEBUG    PDM_KL log: {(10, 0.5, 10): {'shapes': [(784, 613), (613,), (613, 136), (136,), (136, 127), (127,), (127, 10), (10,)], 'train_accuracy': 0.9444333333333333, 'test_accuracy': 0.9393}} 
09-30 04:33 DEBUG    ****** PDM_KL matching ******** 
09-30 04:33 DEBUG    Best Sigma0: 10. Best sigma: 0.5 Best gamma: 10. Best Test accuracy: 0.0974. Train acc: 0.09751666666666667. 

09-30 04:33 DEBUG    PDM_KL log: {(10, 0.5, 10): {'shapes': [(784, 100), (100,), (100, 100), (100,), (100, 118), (118,), (118, 10), (10,)], 'train_accuracy': 0.09751666666666667, 'test_accuracy': 0.0974}} 
09-30 04:34 DEBUG    ****** PDM_KL matching ******** 
09-30 04:34 DEBUG    Best Sigma0: 10. Best sigma: 0.5 Best gamma: 10. Best Test accuracy: 0.0974. Train acc: 0.09751666666666667. 

09-30 04:34 DEBUG    PDM_KL log: {(10, 0.5, 10): {'shapes': [(784, 100), (100,), (100, 100), (100,), (100, 118), (118,), (118, 10), (10,)], 'train_accuracy': 0.09751666666666667, 'test_accuracy': 0.0974}} 
09-30 04:35 DEBUG    ****** PDM_KL matching ******** 
09-30 04:35 DEBUG    Best Sigma0: 10. Best sigma: 0.5 Best gamma: 10. Best Test accuracy: 0.0974. Train acc: 0.09751666666666667. 

09-30 04:35 DEBUG    PDM_KL log: {(10, 0.5, 10): {'shapes': [(784, 100), (100,), (100, 100), (100,), (100, 109), (109,), (109, 10), (10,)], 'train_accuracy': 0.09751666666666667, 'test_accuracy': 0.0974}} 
09-30 04:35 DEBUG    Trial 0 completed
09-30 04:35 DEBUG    ####################################################################################################
09-30 04:35 DEBUG    ####################################################################################################
09-30 04:35 DEBUG    Executing Trial 1 with seed 1
09-30 04:35 DEBUG    Data statistics: {0: {0: 557, 1: 696, 2: 602, 3: 636, 4: 575, 5: 546, 6: 627, 7: 624, 8: 576, 9: 561}, 1: {0: 601, 1: 677, 2: 592, 3: 601, 4: 582, 5: 564, 6: 560, 7: 641, 8: 596, 9: 586}, 2: {0: 591, 1: 660, 2: 607, 3: 619, 4: 583, 5: 604, 6: 584, 7: 609, 8: 571, 9: 572}, 3: {0: 623, 1: 679, 2: 587, 3: 602, 4: 589, 5: 560, 6: 607, 7: 599, 8: 574, 9: 580}, 4: {0: 590, 1: 642, 2: 599, 3: 608, 4: 583, 5: 509, 6: 602, 7: 625, 8: 610, 9: 632}, 5: {0: 583, 1: 694, 2: 623, 3: 653, 4: 590, 5: 491, 6: 584, 7: 637, 8: 556, 9: 589}, 6: {0: 602, 1: 679, 2: 644, 3: 599, 4: 566, 5: 530, 6: 564, 7: 609, 8: 624, 9: 583}, 7: {0: 573, 1: 639, 2: 569, 3: 580, 4: 608, 5: 541, 6: 602, 7: 653, 8: 589, 9: 646}, 8: {0: 622, 1: 669, 2: 567, 3: 612, 4: 597, 5: 553, 6: 579, 7: 635, 8: 578, 9: 588}, 9: {0: 581, 1: 707, 2: 568, 3: 621, 4: 569, 5: 523, 6: 609, 7: 633, 8: 577, 9: 612}}
09-30 04:35 DEBUG    **************************************************
09-30 04:35 DEBUG    Running experiments 

09-30 04:43 DEBUG    ****** PDM_KL matching ******** 
09-30 04:43 DEBUG    Best Sigma0: 10. Best sigma: 0.5 Best gamma: 10. Best Test accuracy: 0.9268. Train acc: 0.9304. 

09-30 04:43 DEBUG    PDM_KL log: {(10, 0.5, 10): {'shapes': [(784, 891), (891,), (891, 477), (477,), (477, 127), (127,), (127, 10), (10,)], 'train_accuracy': 0.9304, 'test_accuracy': 0.9268}} 
09-30 05:03 DEBUG    ****** PDM_KL matching ******** 
09-30 05:03 DEBUG    Best Sigma0: 10. Best sigma: 0.5 Best gamma: 10. Best Test accuracy: 0.935. Train acc: 0.9365166666666667. 

09-30 05:03 DEBUG    PDM_KL log: {(10, 0.5, 10): {'shapes': [(784, 883), (883,), (883, 477), (477,), (477, 127), (127,), (127, 10), (10,)], 'train_accuracy': 0.9365166666666667, 'test_accuracy': 0.935}} 
09-30 05:22 DEBUG    ****** PDM_KL matching ******** 
09-30 05:22 DEBUG    Best Sigma0: 10. Best sigma: 0.5 Best gamma: 10. Best Test accuracy: 0.9331. Train acc: 0.9350166666666667. 

09-30 05:22 DEBUG    PDM_KL log: {(10, 0.5, 10): {'shapes': [(784, 883), (883,), (883, 481), (481,), (481, 127), (127,), (127, 10), (10,)], 'train_accuracy': 0.9350166666666667, 'test_accuracy': 0.9331}} 
09-30 05:42 DEBUG    ****** PDM_KL matching ******** 
09-30 05:42 DEBUG    Best Sigma0: 10. Best sigma: 0.5 Best gamma: 10. Best Test accuracy: 0.9383. Train acc: 0.9415833333333333. 

09-30 05:42 DEBUG    PDM_KL log: {(10, 0.5, 10): {'shapes': [(784, 883), (883,), (883, 464), (464,), (464, 127), (127,), (127, 10), (10,)], 'train_accuracy': 0.9415833333333333, 'test_accuracy': 0.9383}} 
09-30 06:00 DEBUG    ****** PDM_KL matching ******** 
09-30 06:00 DEBUG    Best Sigma0: 10. Best sigma: 0.5 Best gamma: 10. Best Test accuracy: 0.9471. Train acc: 0.9460333333333333. 

09-30 06:00 DEBUG    PDM_KL log: {(10, 0.5, 10): {'shapes': [(784, 875), (875,), (875, 439), (439,), (439, 127), (127,), (127, 10), (10,)], 'train_accuracy': 0.9460333333333333, 'test_accuracy': 0.9471}} 
09-30 06:18 DEBUG    ****** PDM_KL matching ******** 
09-30 06:18 DEBUG    Best Sigma0: 10. Best sigma: 0.5 Best gamma: 10. Best Test accuracy: 0.9389. Train acc: 0.9398166666666666. 

09-30 06:18 DEBUG    PDM_KL log: {(10, 0.5, 10): {'shapes': [(784, 867), (867,), (867, 433), (433,), (433, 127), (127,), (127, 10), (10,)], 'train_accuracy': 0.9398166666666666, 'test_accuracy': 0.9389}} 
09-30 06:34 DEBUG    ****** PDM_KL matching ******** 
09-30 06:34 DEBUG    Best Sigma0: 10. Best sigma: 0.5 Best gamma: 10. Best Test accuracy: 0.9495. Train acc: 0.9488333333333333. 

09-30 06:34 DEBUG    PDM_KL log: {(10, 0.5, 10): {'shapes': [(784, 818), (818,), (818, 262), (262,), (262, 127), (127,), (127, 10), (10,)], 'train_accuracy': 0.9488333333333333, 'test_accuracy': 0.9495}} 
09-30 06:45 DEBUG    ****** PDM_KL matching ******** 
09-30 06:45 DEBUG    Best Sigma0: 10. Best sigma: 0.5 Best gamma: 10. Best Test accuracy: 0.9107. Train acc: 0.9096833333333333. 

09-30 06:45 DEBUG    PDM_KL log: {(10, 0.5, 10): {'shapes': [(784, 613), (613,), (613, 136), (136,), (136, 127), (127,), (127, 10), (10,)], 'train_accuracy': 0.9096833333333333, 'test_accuracy': 0.9107}} 
09-30 06:46 DEBUG    ****** PDM_KL matching ******** 
09-30 06:46 DEBUG    Best Sigma0: 10. Best sigma: 0.5 Best gamma: 10. Best Test accuracy: 0.0974. Train acc: 0.09751666666666667. 

09-30 06:46 DEBUG    PDM_KL log: {(10, 0.5, 10): {'shapes': [(784, 100), (100,), (100, 100), (100,), (100, 118), (118,), (118, 10), (10,)], 'train_accuracy': 0.09751666666666667, 'test_accuracy': 0.0974}} 
09-30 06:47 DEBUG    ****** PDM_KL matching ******** 
09-30 06:47 DEBUG    Best Sigma0: 10. Best sigma: 0.5 Best gamma: 10. Best Test accuracy: 0.0974. Train acc: 0.09751666666666667. 

09-30 06:47 DEBUG    PDM_KL log: {(10, 0.5, 10): {'shapes': [(784, 100), (100,), (100, 100), (100,), (100, 118), (118,), (118, 10), (10,)], 'train_accuracy': 0.09751666666666667, 'test_accuracy': 0.0974}} 
09-30 06:47 DEBUG    ****** PDM_KL matching ******** 
09-30 06:47 DEBUG    Best Sigma0: 10. Best sigma: 0.5 Best gamma: 10. Best Test accuracy: 0.0974. Train acc: 0.09751666666666667. 

09-30 06:47 DEBUG    PDM_KL log: {(10, 0.5, 10): {'shapes': [(784, 100), (100,), (100, 100), (100,), (100, 109), (109,), (109, 10), (10,)], 'train_accuracy': 0.09751666666666667, 'test_accuracy': 0.0974}} 
09-30 06:47 DEBUG    Trial 1 completed
09-30 06:47 DEBUG    ####################################################################################################
09-30 06:47 DEBUG    ####################################################################################################
09-30 06:47 DEBUG    Executing Trial 2 with seed 2
09-30 06:47 DEBUG    Data statistics: {0: {0: 613, 1: 691, 2: 569, 3: 611, 4: 600, 5: 562, 6: 585, 7: 610, 8: 590, 9: 569}, 1: {0: 570, 1: 663, 2: 625, 3: 641, 4: 617, 5: 521, 6: 584, 7: 610, 8: 576, 9: 593}, 2: {0: 595, 1: 669, 2: 620, 3: 637, 4: 572, 5: 563, 6: 606, 7: 618, 8: 547, 9: 573}, 3: {0: 572, 1: 675, 2: 577, 3: 575, 4: 587, 5: 546, 6: 611, 7: 637, 8: 606, 9: 614}, 4: {0: 569, 1: 623, 2: 612, 3: 646, 4: 593, 5: 550, 6: 617, 7: 608, 8: 584, 9: 598}, 5: {0: 587, 1: 695, 2: 601, 3: 613, 4: 563, 5: 546, 6: 576, 7: 657, 8: 593, 9: 569}, 6: {0: 618, 1: 690, 2: 608, 3: 559, 4: 573, 5: 541, 6: 572, 7: 633, 8: 590, 9: 616}, 7: {0: 611, 1: 691, 2: 579, 3: 637, 4: 587, 5: 530, 6: 551, 7: 660, 8: 555, 9: 599}, 8: {0: 640, 1: 672, 2: 587, 3: 574, 4: 581, 5: 525, 6: 595, 7: 632, 8: 580, 9: 614}, 9: {0: 548, 1: 673, 2: 580, 3: 638, 4: 569, 5: 537, 6: 621, 7: 600, 8: 630, 9: 604}}
09-30 06:48 DEBUG    **************************************************
09-30 06:48 DEBUG    Running experiments 

09-30 06:55 DEBUG    ****** PDM_KL matching ******** 
09-30 06:55 DEBUG    Best Sigma0: 10. Best sigma: 0.5 Best gamma: 10. Best Test accuracy: 0.9512. Train acc: 0.95405. 

09-30 06:55 DEBUG    PDM_KL log: {(10, 0.5, 10): {'shapes': [(784, 866), (866,), (866, 435), (435,), (435, 127), (127,), (127, 10), (10,)], 'train_accuracy': 0.95405, 'test_accuracy': 0.9512}} 
09-30 07:13 DEBUG    ****** PDM_KL matching ******** 
09-30 07:13 DEBUG    Best Sigma0: 10. Best sigma: 0.5 Best gamma: 10. Best Test accuracy: 0.9387. Train acc: 0.9432333333333334. 

09-30 07:13 DEBUG    PDM_KL log: {(10, 0.5, 10): {'shapes': [(784, 871), (871,), (871, 452), (452,), (452, 127), (127,), (127, 10), (10,)], 'train_accuracy': 0.9432333333333334, 'test_accuracy': 0.9387}} 
09-30 07:31 DEBUG    ****** PDM_KL matching ******** 
09-30 07:31 DEBUG    Best Sigma0: 10. Best sigma: 0.5 Best gamma: 10. Best Test accuracy: 0.9509. Train acc: 0.9532166666666667. 

09-30 07:31 DEBUG    PDM_KL log: {(10, 0.5, 10): {'shapes': [(784, 865), (865,), (865, 447), (447,), (447, 127), (127,), (127, 10), (10,)], 'train_accuracy': 0.9532166666666667, 'test_accuracy': 0.9509}} 
09-30 07:49 DEBUG    ****** PDM_KL matching ******** 
09-30 07:49 DEBUG    Best Sigma0: 10. Best sigma: 0.5 Best gamma: 10. Best Test accuracy: 0.9487. Train acc: 0.9517166666666667. 

09-30 07:49 DEBUG    PDM_KL log: {(10, 0.5, 10): {'shapes': [(784, 867), (867,), (867, 445), (445,), (445, 127), (127,), (127, 10), (10,)], 'train_accuracy': 0.9517166666666667, 'test_accuracy': 0.9487}} 
09-30 08:07 DEBUG    ****** PDM_KL matching ******** 
09-30 08:07 DEBUG    Best Sigma0: 10. Best sigma: 0.5 Best gamma: 10. Best Test accuracy: 0.957. Train acc: 0.9588. 

09-30 08:07 DEBUG    PDM_KL log: {(10, 0.5, 10): {'shapes': [(784, 857), (857,), (857, 418), (418,), (418, 127), (127,), (127, 10), (10,)], 'train_accuracy': 0.9588, 'test_accuracy': 0.957}} 
09-30 08:24 DEBUG    ****** PDM_KL matching ******** 
09-30 08:24 DEBUG    Best Sigma0: 10. Best sigma: 0.5 Best gamma: 10. Best Test accuracy: 0.9557. Train acc: 0.9582833333333334. 

09-30 08:24 DEBUG    PDM_KL log: {(10, 0.5, 10): {'shapes': [(784, 847), (847,), (847, 399), (399,), (399, 127), (127,), (127, 10), (10,)], 'train_accuracy': 0.9582833333333334, 'test_accuracy': 0.9557}} 
09-30 08:39 DEBUG    ****** PDM_KL matching ******** 
09-30 08:39 DEBUG    Best Sigma0: 10. Best sigma: 0.5 Best gamma: 10. Best Test accuracy: 0.9547. Train acc: 0.9579. 

09-30 08:39 DEBUG    PDM_KL log: {(10, 0.5, 10): {'shapes': [(784, 800), (800,), (800, 252), (252,), (252, 127), (127,), (127, 10), (10,)], 'train_accuracy': 0.9579, 'test_accuracy': 0.9547}} 
09-30 08:49 DEBUG    ****** PDM_KL matching ******** 
09-30 08:49 DEBUG    Best Sigma0: 10. Best sigma: 0.5 Best gamma: 10. Best Test accuracy: 0.8738. Train acc: 0.8738833333333333. 

09-30 08:49 DEBUG    PDM_KL log: {(10, 0.5, 10): {'shapes': [(784, 595), (595,), (595, 136), (136,), (136, 127), (127,), (127, 10), (10,)], 'train_accuracy': 0.8738833333333333, 'test_accuracy': 0.8738}} 
09-30 08:50 DEBUG    ****** PDM_KL matching ******** 
09-30 08:50 DEBUG    Best Sigma0: 10. Best sigma: 0.5 Best gamma: 10. Best Test accuracy: 0.0974. Train acc: 0.09751666666666667. 

09-30 08:50 DEBUG    PDM_KL log: {(10, 0.5, 10): {'shapes': [(784, 100), (100,), (100, 100), (100,), (100, 118), (118,), (118, 10), (10,)], 'train_accuracy': 0.09751666666666667, 'test_accuracy': 0.0974}} 
09-30 08:51 DEBUG    ****** PDM_KL matching ******** 
09-30 08:51 DEBUG    Best Sigma0: 10. Best sigma: 0.5 Best gamma: 10. Best Test accuracy: 0.0974. Train acc: 0.09751666666666667. 

09-30 08:51 DEBUG    PDM_KL log: {(10, 0.5, 10): {'shapes': [(784, 100), (100,), (100, 100), (100,), (100, 118), (118,), (118, 10), (10,)], 'train_accuracy': 0.09751666666666667, 'test_accuracy': 0.0974}} 
09-30 08:52 DEBUG    ****** PDM_KL matching ******** 
09-30 08:52 DEBUG    Best Sigma0: 10. Best sigma: 0.5 Best gamma: 10. Best Test accuracy: 0.0974. Train acc: 0.09751666666666667. 

09-30 08:52 DEBUG    PDM_KL log: {(10, 0.5, 10): {'shapes': [(784, 100), (100,), (100, 100), (100,), (100, 109), (109,), (109, 10), (10,)], 'train_accuracy': 0.09751666666666667, 'test_accuracy': 0.0974}} 
09-30 08:52 DEBUG    Trial 2 completed
09-30 08:52 DEBUG    ####################################################################################################
09-30 08:52 DEBUG    ####################################################################################################
09-30 08:52 DEBUG    Executing Trial 3 with seed 3
09-30 08:52 DEBUG    Data statistics: {0: {0: 578, 1: 726, 2: 611, 3: 606, 4: 571, 5: 535, 6: 562, 7: 646, 8: 594, 9: 571}, 1: {0: 600, 1: 656, 2: 590, 3: 593, 4: 586, 5: 569, 6: 596, 7: 639, 8: 573, 9: 598}, 2: {0: 557, 1: 671, 2: 594, 3: 628, 4: 595, 5: 530, 6: 564, 7: 644, 8: 612, 9: 605}, 3: {0: 574, 1: 669, 2: 615, 3: 645, 4: 595, 5: 523, 6: 579, 7: 577, 8: 600, 9: 623}, 4: {0: 574, 1: 677, 2: 571, 3: 636, 4: 600, 5: 539, 6: 608, 7: 623, 8: 579, 9: 593}, 5: {0: 585, 1: 682, 2: 619, 3: 631, 4: 587, 5: 524, 6: 591, 7: 599, 8: 553, 9: 629}, 6: {0: 626, 1: 693, 2: 582, 3: 595, 4: 568, 5: 563, 6: 605, 7: 618, 8: 588, 9: 562}, 7: {0: 613, 1: 663, 2: 592, 3: 590, 4: 550, 5: 521, 6: 600, 7: 660, 8: 615, 9: 596}, 8: {0: 624, 1: 689, 2: 589, 3: 620, 4: 567, 5: 570, 6: 575, 7: 618, 8: 563, 9: 585}, 9: {0: 592, 1: 616, 2: 595, 3: 587, 4: 623, 5: 547, 6: 638, 7: 641, 8: 574, 9: 587}}
09-30 08:52 DEBUG    **************************************************
09-30 08:52 DEBUG    Running experiments 

09-30 09:01 DEBUG    ****** PDM_KL matching ******** 
09-30 09:01 DEBUG    Best Sigma0: 10. Best sigma: 0.5 Best gamma: 10. Best Test accuracy: 0.9365. Train acc: 0.9375333333333333. 

09-30 09:01 DEBUG    PDM_KL log: {(10, 0.5, 10): {'shapes': [(784, 875), (875,), (875, 492), (492,), (492, 127), (127,), (127, 10), (10,)], 'train_accuracy': 0.9375333333333333, 'test_accuracy': 0.9365}} 
09-30 09:20 DEBUG    ****** PDM_KL matching ******** 
09-30 09:20 DEBUG    Best Sigma0: 10. Best sigma: 0.5 Best gamma: 10. Best Test accuracy: 0.9193. Train acc: 0.92435. 

09-30 09:20 DEBUG    PDM_KL log: {(10, 0.5, 10): {'shapes': [(784, 876), (876,), (876, 496), (496,), (496, 127), (127,), (127, 10), (10,)], 'train_accuracy': 0.92435, 'test_accuracy': 0.9193}} 
09-30 09:38 DEBUG    ****** PDM_KL matching ******** 
09-30 09:38 DEBUG    Best Sigma0: 10. Best sigma: 0.5 Best gamma: 10. Best Test accuracy: 0.9066. Train acc: 0.9104166666666667. 

09-30 09:38 DEBUG    PDM_KL log: {(10, 0.5, 10): {'shapes': [(784, 869), (869,), (869, 486), (486,), (486, 127), (127,), (127, 10), (10,)], 'train_accuracy': 0.9104166666666667, 'test_accuracy': 0.9066}} 
09-30 09:57 DEBUG    ****** PDM_KL matching ******** 
09-30 09:57 DEBUG    Best Sigma0: 10. Best sigma: 0.5 Best gamma: 10. Best Test accuracy: 0.9321. Train acc: 0.9374. 

09-30 09:57 DEBUG    PDM_KL log: {(10, 0.5, 10): {'shapes': [(784, 873), (873,), (873, 477), (477,), (477, 127), (127,), (127, 10), (10,)], 'train_accuracy': 0.9374, 'test_accuracy': 0.9321}} 
09-30 10:16 DEBUG    ****** PDM_KL matching ******** 
09-30 10:16 DEBUG    Best Sigma0: 10. Best sigma: 0.5 Best gamma: 10. Best Test accuracy: 0.9433. Train acc: 0.9453833333333334. 

09-30 10:16 DEBUG    PDM_KL log: {(10, 0.5, 10): {'shapes': [(784, 866), (866,), (866, 459), (459,), (459, 127), (127,), (127, 10), (10,)], 'train_accuracy': 0.9453833333333334, 'test_accuracy': 0.9433}} 
09-30 10:33 DEBUG    ****** PDM_KL matching ******** 
09-30 10:33 DEBUG    Best Sigma0: 10. Best sigma: 0.5 Best gamma: 10. Best Test accuracy: 0.9404. Train acc: 0.94335. 

09-30 10:33 DEBUG    PDM_KL log: {(10, 0.5, 10): {'shapes': [(784, 856), (856,), (856, 436), (436,), (436, 127), (127,), (127, 10), (10,)], 'train_accuracy': 0.94335, 'test_accuracy': 0.9404}} 
09-30 10:48 DEBUG    ****** PDM_KL matching ******** 
09-30 10:48 DEBUG    Best Sigma0: 10. Best sigma: 0.5 Best gamma: 10. Best Test accuracy: 0.9394. Train acc: 0.9429333333333333. 

09-30 10:48 DEBUG    PDM_KL log: {(10, 0.5, 10): {'shapes': [(784, 808), (808,), (808, 253), (253,), (253, 127), (127,), (127, 10), (10,)], 'train_accuracy': 0.9429333333333333, 'test_accuracy': 0.9394}} 
09-30 10:58 DEBUG    ****** PDM_KL matching ******** 
09-30 10:58 DEBUG    Best Sigma0: 10. Best sigma: 0.5 Best gamma: 10. Best Test accuracy: 0.8397. Train acc: 0.84505. 

09-30 10:58 DEBUG    PDM_KL log: {(10, 0.5, 10): {'shapes': [(784, 613), (613,), (613, 136), (136,), (136, 127), (127,), (127, 10), (10,)], 'train_accuracy': 0.84505, 'test_accuracy': 0.8397}} 
09-30 10:59 DEBUG    ****** PDM_KL matching ******** 
09-30 10:59 DEBUG    Best Sigma0: 10. Best sigma: 0.5 Best gamma: 10. Best Test accuracy: 0.0974. Train acc: 0.09751666666666667. 

09-30 10:59 DEBUG    PDM_KL log: {(10, 0.5, 10): {'shapes': [(784, 100), (100,), (100, 109), (109,), (109, 118), (118,), (118, 10), (10,)], 'train_accuracy': 0.09751666666666667, 'test_accuracy': 0.0974}} 
09-30 11:00 DEBUG    ****** PDM_KL matching ******** 
09-30 11:00 DEBUG    Best Sigma0: 10. Best sigma: 0.5 Best gamma: 10. Best Test accuracy: 0.0974. Train acc: 0.09751666666666667. 

09-30 11:00 DEBUG    PDM_KL log: {(10, 0.5, 10): {'shapes': [(784, 100), (100,), (100, 100), (100,), (100, 109), (109,), (109, 10), (10,)], 'train_accuracy': 0.09751666666666667, 'test_accuracy': 0.0974}} 
09-30 11:01 DEBUG    ****** PDM_KL matching ******** 
09-30 11:01 DEBUG    Best Sigma0: 10. Best sigma: 0.5 Best gamma: 10. Best Test accuracy: 0.0974. Train acc: 0.09751666666666667. 

09-30 11:01 DEBUG    PDM_KL log: {(10, 0.5, 10): {'shapes': [(784, 100), (100,), (100, 100), (100,), (100, 109), (109,), (109, 10), (10,)], 'train_accuracy': 0.09751666666666667, 'test_accuracy': 0.0974}} 
09-30 11:01 DEBUG    Trial 3 completed
09-30 11:01 DEBUG    ####################################################################################################
09-30 11:01 DEBUG    ####################################################################################################
09-30 11:01 DEBUG    Executing Trial 4 with seed 4
09-30 11:01 DEBUG    Data statistics: {0: {0: 580, 1: 694, 2: 624, 3: 614, 4: 560, 5: 523, 6: 605, 7: 625, 8: 581, 9: 594}, 1: {0: 617, 1: 648, 2: 621, 3: 611, 4: 566, 5: 565, 6: 567, 7: 655, 8: 587, 9: 563}, 2: {0: 557, 1: 697, 2: 599, 3: 597, 4: 588, 5: 541, 6: 602, 7: 606, 8: 620, 9: 593}, 3: {0: 594, 1: 659, 2: 550, 3: 623, 4: 626, 5: 545, 6: 592, 7: 603, 8: 560, 9: 648}, 4: {0: 579, 1: 706, 2: 598, 3: 652, 4: 580, 5: 547, 6: 641, 7: 616, 8: 507, 9: 574}, 5: {0: 631, 1: 658, 2: 584, 3: 617, 4: 603, 5: 526, 6: 583, 7: 609, 8: 604, 9: 585}, 6: {0: 576, 1: 686, 2: 595, 3: 601, 4: 573, 5: 535, 6: 589, 7: 678, 8: 559, 9: 608}, 7: {0: 614, 1: 663, 2: 624, 3: 600, 4: 587, 5: 528, 6: 574, 7: 610, 8: 636, 9: 564}, 8: {0: 577, 1: 690, 2: 601, 3: 589, 4: 581, 5: 550, 6: 549, 7: 641, 8: 593, 9: 629}, 9: {0: 598, 1: 641, 2: 562, 3: 627, 4: 578, 5: 561, 6: 616, 7: 622, 8: 604, 9: 591}}
09-30 11:01 DEBUG    **************************************************
09-30 11:01 DEBUG    Running experiments 

09-30 11:09 DEBUG    ****** PDM_KL matching ******** 
09-30 11:09 DEBUG    Best Sigma0: 10. Best sigma: 0.5 Best gamma: 10. Best Test accuracy: 0.9524. Train acc: 0.9521833333333334. 

09-30 11:09 DEBUG    PDM_KL log: {(10, 0.5, 10): {'shapes': [(784, 892), (892,), (892, 475), (475,), (475, 127), (127,), (127, 10), (10,)], 'train_accuracy': 0.9521833333333334, 'test_accuracy': 0.9524}} 
09-30 11:29 DEBUG    ****** PDM_KL matching ******** 
09-30 11:29 DEBUG    Best Sigma0: 10. Best sigma: 0.5 Best gamma: 10. Best Test accuracy: 0.9547. Train acc: 0.95205. 

09-30 11:29 DEBUG    PDM_KL log: {(10, 0.5, 10): {'shapes': [(784, 892), (892,), (892, 471), (471,), (471, 127), (127,), (127, 10), (10,)], 'train_accuracy': 0.95205, 'test_accuracy': 0.9547}} 
09-30 11:48 DEBUG    ****** PDM_KL matching ******** 
09-30 11:48 DEBUG    Best Sigma0: 10. Best sigma: 0.5 Best gamma: 10. Best Test accuracy: 0.9527. Train acc: 0.9517333333333333. 

09-30 11:48 DEBUG    PDM_KL log: {(10, 0.5, 10): {'shapes': [(784, 892), (892,), (892, 479), (479,), (479, 127), (127,), (127, 10), (10,)], 'train_accuracy': 0.9517333333333333, 'test_accuracy': 0.9527}} 
09-30 12:07 DEBUG    ****** PDM_KL matching ******** 
09-30 12:07 DEBUG    Best Sigma0: 10. Best sigma: 0.5 Best gamma: 10. Best Test accuracy: 0.9519. Train acc: 0.9509333333333333. 

09-30 12:07 DEBUG    PDM_KL log: {(10, 0.5, 10): {'shapes': [(784, 875), (875,), (875, 481), (481,), (481, 127), (127,), (127, 10), (10,)], 'train_accuracy': 0.9509333333333333, 'test_accuracy': 0.9519}} 
09-30 12:26 DEBUG    ****** PDM_KL matching ******** 
09-30 12:26 DEBUG    Best Sigma0: 10. Best sigma: 0.5 Best gamma: 10. Best Test accuracy: 0.949. Train acc: 0.9486333333333333. 

09-30 12:26 DEBUG    PDM_KL log: {(10, 0.5, 10): {'shapes': [(784, 873), (873,), (873, 453), (453,), (453, 127), (127,), (127, 10), (10,)], 'train_accuracy': 0.9486333333333333, 'test_accuracy': 0.949}} 
09-30 12:43 DEBUG    ****** PDM_KL matching ******** 
09-30 12:43 DEBUG    Best Sigma0: 10. Best sigma: 0.5 Best gamma: 10. Best Test accuracy: 0.9459. Train acc: 0.9458666666666666. 

09-30 12:43 DEBUG    PDM_KL log: {(10, 0.5, 10): {'shapes': [(784, 859), (859,), (859, 429), (429,), (429, 127), (127,), (127, 10), (10,)], 'train_accuracy': 0.9458666666666666, 'test_accuracy': 0.9459}} 
09-30 12:58 DEBUG    ****** PDM_KL matching ******** 
09-30 12:58 DEBUG    Best Sigma0: 10. Best sigma: 0.5 Best gamma: 10. Best Test accuracy: 0.9465. Train acc: 0.9460333333333333. 

09-30 12:58 DEBUG    PDM_KL log: {(10, 0.5, 10): {'shapes': [(784, 802), (802,), (802, 258), (258,), (258, 127), (127,), (127, 10), (10,)], 'train_accuracy': 0.9460333333333333, 'test_accuracy': 0.9465}} 
09-30 13:08 DEBUG    ****** PDM_KL matching ******** 
09-30 13:08 DEBUG    Best Sigma0: 10. Best sigma: 0.5 Best gamma: 10. Best Test accuracy: 0.8445. Train acc: 0.8392. 

09-30 13:08 DEBUG    PDM_KL log: {(10, 0.5, 10): {'shapes': [(784, 613), (613,), (613, 136), (136,), (136, 127), (127,), (127, 10), (10,)], 'train_accuracy': 0.8392, 'test_accuracy': 0.8445}} 
09-30 13:09 DEBUG    ****** PDM_KL matching ******** 
09-30 13:09 DEBUG    Best Sigma0: 10. Best sigma: 0.5 Best gamma: 10. Best Test accuracy: 0.0974. Train acc: 0.09751666666666667. 

09-30 13:09 DEBUG    PDM_KL log: {(10, 0.5, 10): {'shapes': [(784, 100), (100,), (100, 100), (100,), (100, 118), (118,), (118, 10), (10,)], 'train_accuracy': 0.09751666666666667, 'test_accuracy': 0.0974}} 
09-30 13:10 DEBUG    ****** PDM_KL matching ******** 
09-30 13:10 DEBUG    Best Sigma0: 10. Best sigma: 0.5 Best gamma: 10. Best Test accuracy: 0.0974. Train acc: 0.09751666666666667. 

09-30 13:10 DEBUG    PDM_KL log: {(10, 0.5, 10): {'shapes': [(784, 100), (100,), (100, 100), (100,), (100, 118), (118,), (118, 10), (10,)], 'train_accuracy': 0.09751666666666667, 'test_accuracy': 0.0974}} 
09-30 13:11 DEBUG    ****** PDM_KL matching ******** 
09-30 13:11 DEBUG    Best Sigma0: 10. Best sigma: 0.5 Best gamma: 10. Best Test accuracy: 0.0974. Train acc: 0.09751666666666667. 

09-30 13:11 DEBUG    PDM_KL log: {(10, 0.5, 10): {'shapes': [(784, 100), (100,), (100, 100), (100,), (100, 109), (109,), (109, 10), (10,)], 'train_accuracy': 0.09751666666666667, 'test_accuracy': 0.0974}} 
09-30 13:11 DEBUG    Trial 4 completed
09-30 13:11 DEBUG    ####################################################################################################
09-30 13:11 DEBUG    ####################################################################################################
09-30 13:11 DEBUG    Executing Trial 5 with seed 5
09-30 13:11 DEBUG    Data statistics: {0: {0: 565, 1: 648, 2: 579, 3: 636, 4: 604, 5: 509, 6: 611, 7: 660, 8: 602, 9: 586}, 1: {0: 633, 1: 675, 2: 592, 3: 613, 4: 571, 5: 505, 6: 594, 7: 640, 8: 580, 9: 597}, 2: {0: 603, 1: 699, 2: 564, 3: 589, 4: 573, 5: 546, 6: 576, 7: 621, 8: 593, 9: 636}, 3: {0: 626, 1: 652, 2: 608, 3: 607, 4: 574, 5: 563, 6: 581, 7: 634, 8: 552, 9: 603}, 4: {0: 579, 1: 684, 2: 592, 3: 631, 4: 561, 5: 548, 6: 565, 7: 626, 8: 637, 9: 577}, 5: {0: 579, 1: 672, 2: 616, 3: 629, 4: 575, 5: 552, 6: 588, 7: 647, 8: 559, 9: 583}, 6: {0: 579, 1: 664, 2: 607, 3: 607, 4: 628, 5: 580, 6: 564, 7: 592, 8: 565, 9: 614}, 7: {0: 572, 1: 678, 2: 612, 3: 616, 4: 591, 5: 535, 6: 626, 7: 624, 8: 557, 9: 589}, 8: {0: 603, 1: 683, 2: 591, 3: 628, 4: 582, 5: 559, 6: 610, 7: 611, 8: 571, 9: 562}, 9: {0: 584, 1: 687, 2: 597, 3: 575, 4: 583, 5: 524, 6: 603, 7: 610, 8: 635, 9: 602}}
09-30 13:11 DEBUG    **************************************************
09-30 13:11 DEBUG    Running experiments 

09-30 13:20 DEBUG    ****** PDM_KL matching ******** 
09-30 13:20 DEBUG    Best Sigma0: 10. Best sigma: 0.5 Best gamma: 10. Best Test accuracy: 0.9584. Train acc: 0.9618833333333333. 

09-30 13:20 DEBUG    PDM_KL log: {(10, 0.5, 10): {'shapes': [(784, 883), (883,), (883, 470), (470,), (470, 127), (127,), (127, 10), (10,)], 'train_accuracy': 0.9618833333333333, 'test_accuracy': 0.9584}} 
09-30 13:38 DEBUG    ****** PDM_KL matching ******** 
09-30 13:38 DEBUG    Best Sigma0: 10. Best sigma: 0.5 Best gamma: 10. Best Test accuracy: 0.9613. Train acc: 0.9641. 

09-30 13:38 DEBUG    PDM_KL log: {(10, 0.5, 10): {'shapes': [(784, 883), (883,), (883, 465), (465,), (465, 127), (127,), (127, 10), (10,)], 'train_accuracy': 0.9641, 'test_accuracy': 0.9613}} 
09-30 13:57 DEBUG    ****** PDM_KL matching ******** 
09-30 13:57 DEBUG    Best Sigma0: 10. Best sigma: 0.5 Best gamma: 10. Best Test accuracy: 0.9594. Train acc: 0.9619333333333333. 

09-30 13:57 DEBUG    PDM_KL log: {(10, 0.5, 10): {'shapes': [(784, 883), (883,), (883, 460), (460,), (460, 127), (127,), (127, 10), (10,)], 'train_accuracy': 0.9619333333333333, 'test_accuracy': 0.9594}} 
09-30 14:16 DEBUG    ****** PDM_KL matching ******** 
09-30 14:16 DEBUG    Best Sigma0: 10. Best sigma: 0.5 Best gamma: 10. Best Test accuracy: 0.9596. Train acc: 0.9625. 

09-30 14:16 DEBUG    PDM_KL log: {(10, 0.5, 10): {'shapes': [(784, 876), (876,), (876, 467), (467,), (467, 127), (127,), (127, 10), (10,)], 'train_accuracy': 0.9625, 'test_accuracy': 0.9596}} 
09-30 14:35 DEBUG    ****** PDM_KL matching ******** 
09-30 14:35 DEBUG    Best Sigma0: 10. Best sigma: 0.5 Best gamma: 10. Best Test accuracy: 0.9567. Train acc: 0.9602333333333334. 

09-30 14:35 DEBUG    PDM_KL log: {(10, 0.5, 10): {'shapes': [(784, 874), (874,), (874, 444), (444,), (444, 127), (127,), (127, 10), (10,)], 'train_accuracy': 0.9602333333333334, 'test_accuracy': 0.9567}} 
09-30 14:53 DEBUG    ****** PDM_KL matching ******** 
09-30 14:53 DEBUG    Best Sigma0: 10. Best sigma: 0.5 Best gamma: 10. Best Test accuracy: 0.9556. Train acc: 0.9592833333333334. 

09-30 14:53 DEBUG    PDM_KL log: {(10, 0.5, 10): {'shapes': [(784, 858), (858,), (858, 431), (431,), (431, 127), (127,), (127, 10), (10,)], 'train_accuracy': 0.9592833333333334, 'test_accuracy': 0.9556}} 
09-30 15:09 DEBUG    ****** PDM_KL matching ******** 
09-30 15:09 DEBUG    Best Sigma0: 10. Best sigma: 0.5 Best gamma: 10. Best Test accuracy: 0.9508. Train acc: 0.9539833333333333. 

09-30 15:09 DEBUG    PDM_KL log: {(10, 0.5, 10): {'shapes': [(784, 790), (790,), (790, 262), (262,), (262, 127), (127,), (127, 10), (10,)], 'train_accuracy': 0.9539833333333333, 'test_accuracy': 0.9508}} 
09-30 15:18 DEBUG    ****** PDM_KL matching ******** 
09-30 15:18 DEBUG    Best Sigma0: 10. Best sigma: 0.5 Best gamma: 10. Best Test accuracy: 0.9205. Train acc: 0.9211333333333334. 

09-30 15:18 DEBUG    PDM_KL log: {(10, 0.5, 10): {'shapes': [(784, 595), (595,), (595, 136), (136,), (136, 127), (127,), (127, 10), (10,)], 'train_accuracy': 0.9211333333333334, 'test_accuracy': 0.9205}} 
09-30 15:19 DEBUG    ****** PDM_KL matching ******** 
09-30 15:19 DEBUG    Best Sigma0: 10. Best sigma: 0.5 Best gamma: 10. Best Test accuracy: 0.0974. Train acc: 0.09751666666666667. 

09-30 15:19 DEBUG    PDM_KL log: {(10, 0.5, 10): {'shapes': [(784, 100), (100,), (100, 100), (100,), (100, 118), (118,), (118, 10), (10,)], 'train_accuracy': 0.09751666666666667, 'test_accuracy': 0.0974}} 
09-30 15:20 DEBUG    ****** PDM_KL matching ******** 
09-30 15:20 DEBUG    Best Sigma0: 10. Best sigma: 0.5 Best gamma: 10. Best Test accuracy: 0.0974. Train acc: 0.09751666666666667. 

09-30 15:20 DEBUG    PDM_KL log: {(10, 0.5, 10): {'shapes': [(784, 100), (100,), (100, 100), (100,), (100, 109), (109,), (109, 10), (10,)], 'train_accuracy': 0.09751666666666667, 'test_accuracy': 0.0974}} 
09-30 15:21 DEBUG    ****** PDM_KL matching ******** 
09-30 15:21 DEBUG    Best Sigma0: 10. Best sigma: 0.5 Best gamma: 10. Best Test accuracy: 0.0974. Train acc: 0.09751666666666667. 

09-30 15:21 DEBUG    PDM_KL log: {(10, 0.5, 10): {'shapes': [(784, 100), (100,), (100, 100), (100,), (100, 109), (109,), (109, 10), (10,)], 'train_accuracy': 0.09751666666666667, 'test_accuracy': 0.0974}} 
09-30 15:21 DEBUG    Trial 5 completed
09-30 15:21 DEBUG    ####################################################################################################
09-30 15:21 DEBUG    ####################################################################################################
09-30 15:21 DEBUG    Executing Trial 6 with seed 6
09-30 15:21 DEBUG    Data statistics: {0: {0: 590, 1: 661, 2: 587, 3: 624, 4: 613, 5: 542, 6: 623, 7: 604, 8: 557, 9: 599}, 1: {0: 561, 1: 716, 2: 606, 3: 636, 4: 568, 5: 547, 6: 552, 7: 633, 8: 614, 9: 567}, 2: {0: 606, 1: 716, 2: 582, 3: 615, 4: 579, 5: 513, 6: 583, 7: 607, 8: 571, 9: 628}, 3: {0: 589, 1: 664, 2: 553, 3: 609, 4: 561, 5: 570, 6: 620, 7: 636, 8: 604, 9: 594}, 4: {0: 592, 1: 682, 2: 656, 3: 604, 4: 573, 5: 521, 6: 594, 7: 634, 8: 569, 9: 575}, 5: {0: 572, 1: 693, 2: 589, 3: 661, 4: 560, 5: 546, 6: 572, 7: 638, 8: 589, 9: 580}, 6: {0: 626, 1: 663, 2: 593, 3: 573, 4: 615, 5: 560, 6: 604, 7: 597, 8: 566, 9: 603}, 7: {0: 617, 1: 650, 2: 594, 3: 583, 4: 591, 5: 500, 6: 617, 7: 657, 8: 579, 9: 612}, 8: {0: 578, 1: 643, 2: 592, 3: 629, 4: 581, 5: 554, 6: 571, 7: 653, 8: 588, 9: 611}, 9: {0: 592, 1: 654, 2: 606, 3: 597, 4: 601, 5: 568, 6: 582, 7: 606, 8: 614, 9: 580}}
09-30 15:21 DEBUG    **************************************************
09-30 15:21 DEBUG    Running experiments 

09-30 15:29 DEBUG    ****** PDM_KL matching ******** 
09-30 15:29 DEBUG    Best Sigma0: 10. Best sigma: 0.5 Best gamma: 10. Best Test accuracy: 0.956. Train acc: 0.9585. 

09-30 15:29 DEBUG    PDM_KL log: {(10, 0.5, 10): {'shapes': [(784, 883), (883,), (883, 465), (465,), (465, 118), (118,), (118, 10), (10,)], 'train_accuracy': 0.9585, 'test_accuracy': 0.956}} 
09-30 15:49 DEBUG    ****** PDM_KL matching ******** 
09-30 15:49 DEBUG    Best Sigma0: 10. Best sigma: 0.5 Best gamma: 10. Best Test accuracy: 0.9551. Train acc: 0.9547833333333333. 

09-30 15:49 DEBUG    PDM_KL log: {(10, 0.5, 10): {'shapes': [(784, 889), (889,), (889, 470), (470,), (470, 118), (118,), (118, 10), (10,)], 'train_accuracy': 0.9547833333333333, 'test_accuracy': 0.9551}} 
09-30 16:07 DEBUG    ****** PDM_KL matching ******** 
09-30 16:07 DEBUG    Best Sigma0: 10. Best sigma: 0.5 Best gamma: 10. Best Test accuracy: 0.9549. Train acc: 0.9567333333333333. 

09-30 16:07 DEBUG    PDM_KL log: {(10, 0.5, 10): {'shapes': [(784, 889), (889,), (889, 451), (451,), (451, 118), (118,), (118, 10), (10,)], 'train_accuracy': 0.9567333333333333, 'test_accuracy': 0.9549}} 
09-30 16:26 DEBUG    ****** PDM_KL matching ******** 
09-30 16:26 DEBUG    Best Sigma0: 10. Best sigma: 0.5 Best gamma: 10. Best Test accuracy: 0.9566. Train acc: 0.9578. 

09-30 16:26 DEBUG    PDM_KL log: {(10, 0.5, 10): {'shapes': [(784, 888), (888,), (888, 463), (463,), (463, 118), (118,), (118, 10), (10,)], 'train_accuracy': 0.9578, 'test_accuracy': 0.9566}} 
09-30 16:45 DEBUG    ****** PDM_KL matching ******** 
09-30 16:45 DEBUG    Best Sigma0: 10. Best sigma: 0.5 Best gamma: 10. Best Test accuracy: 0.9554. Train acc: 0.9569333333333333. 

09-30 16:45 DEBUG    PDM_KL log: {(10, 0.5, 10): {'shapes': [(784, 878), (878,), (878, 453), (453,), (453, 118), (118,), (118, 10), (10,)], 'train_accuracy': 0.9569333333333333, 'test_accuracy': 0.9554}} 
09-30 17:03 DEBUG    ****** PDM_KL matching ******** 
09-30 17:03 DEBUG    Best Sigma0: 10. Best sigma: 0.5 Best gamma: 10. Best Test accuracy: 0.9466. Train acc: 0.9493833333333334. 

09-30 17:03 DEBUG    PDM_KL log: {(10, 0.5, 10): {'shapes': [(784, 873), (873,), (873, 428), (428,), (428, 127), (127,), (127, 10), (10,)], 'train_accuracy': 0.9493833333333334, 'test_accuracy': 0.9466}} 
09-30 17:18 DEBUG    ****** PDM_KL matching ******** 
09-30 17:18 DEBUG    Best Sigma0: 10. Best sigma: 0.5 Best gamma: 10. Best Test accuracy: 0.9424. Train acc: 0.9453. 

09-30 17:18 DEBUG    PDM_KL log: {(10, 0.5, 10): {'shapes': [(784, 811), (811,), (811, 261), (261,), (261, 127), (127,), (127, 10), (10,)], 'train_accuracy': 0.9453, 'test_accuracy': 0.9424}} 
09-30 17:28 DEBUG    ****** PDM_KL matching ******** 
09-30 17:28 DEBUG    Best Sigma0: 10. Best sigma: 0.5 Best gamma: 10. Best Test accuracy: 0.9278. Train acc: 0.9302666666666667. 

09-30 17:28 DEBUG    PDM_KL log: {(10, 0.5, 10): {'shapes': [(784, 568), (568,), (568, 136), (136,), (136, 127), (127,), (127, 10), (10,)], 'train_accuracy': 0.9302666666666667, 'test_accuracy': 0.9278}} 
09-30 17:29 DEBUG    ****** PDM_KL matching ******** 
09-30 17:29 DEBUG    Best Sigma0: 10. Best sigma: 0.5 Best gamma: 10. Best Test accuracy: 0.0974. Train acc: 0.09751666666666667. 

09-30 17:29 DEBUG    PDM_KL log: {(10, 0.5, 10): {'shapes': [(784, 100), (100,), (100, 100), (100,), (100, 118), (118,), (118, 10), (10,)], 'train_accuracy': 0.09751666666666667, 'test_accuracy': 0.0974}} 
09-30 17:30 DEBUG    ****** PDM_KL matching ******** 
09-30 17:30 DEBUG    Best Sigma0: 10. Best sigma: 0.5 Best gamma: 10. Best Test accuracy: 0.0974. Train acc: 0.09751666666666667. 

09-30 17:30 DEBUG    PDM_KL log: {(10, 0.5, 10): {'shapes': [(784, 100), (100,), (100, 100), (100,), (100, 118), (118,), (118, 10), (10,)], 'train_accuracy': 0.09751666666666667, 'test_accuracy': 0.0974}} 
09-30 17:31 DEBUG    ****** PDM_KL matching ******** 
09-30 17:31 DEBUG    Best Sigma0: 10. Best sigma: 0.5 Best gamma: 10. Best Test accuracy: 0.0974. Train acc: 0.09751666666666667. 

09-30 17:31 DEBUG    PDM_KL log: {(10, 0.5, 10): {'shapes': [(784, 100), (100,), (100, 100), (100,), (100, 109), (109,), (109, 10), (10,)], 'train_accuracy': 0.09751666666666667, 'test_accuracy': 0.0974}} 
09-30 17:31 DEBUG    Trial 6 completed
09-30 17:31 DEBUG    ####################################################################################################
09-30 17:31 DEBUG    ####################################################################################################
09-30 17:31 DEBUG    Executing Trial 7 with seed 7
09-30 17:31 DEBUG    Data statistics: {0: {0: 554, 1: 669, 2: 572, 3: 681, 4: 598, 5: 558, 6: 636, 7: 619, 8: 562, 9: 551}, 1: {0: 590, 1: 674, 2: 557, 3: 563, 4: 600, 5: 553, 6: 565, 7: 674, 8: 639, 9: 585}, 2: {0: 605, 1: 703, 2: 584, 3: 644, 4: 578, 5: 529, 6: 563, 7: 606, 8: 577, 9: 611}, 3: {0: 581, 1: 680, 2: 615, 3: 621, 4: 560, 5: 588, 6: 616, 7: 604, 8: 523, 9: 612}, 4: {0: 623, 1: 671, 2: 621, 3: 623, 4: 589, 5: 521, 6: 604, 7: 610, 8: 560, 9: 578}, 5: {0: 571, 1: 610, 2: 573, 3: 626, 4: 602, 5: 557, 6: 561, 7: 678, 8: 604, 9: 618}, 6: {0: 552, 1: 679, 2: 615, 3: 613, 4: 559, 5: 514, 6: 599, 7: 643, 8: 606, 9: 620}, 7: {0: 620, 1: 710, 2: 621, 3: 598, 4: 568, 5: 520, 6: 575, 7: 612, 8: 597, 9: 579}, 8: {0: 625, 1: 671, 2: 596, 3: 560, 4: 620, 5: 530, 6: 646, 7: 593, 8: 558, 9: 601}, 9: {0: 602, 1: 675, 2: 604, 3: 602, 4: 568, 5: 551, 6: 553, 7: 626, 8: 625, 9: 594}}
09-30 17:31 DEBUG    **************************************************
09-30 17:31 DEBUG    Running experiments 

09-30 17:39 DEBUG    ****** PDM_KL matching ******** 
09-30 17:39 DEBUG    Best Sigma0: 10. Best sigma: 0.5 Best gamma: 10. Best Test accuracy: 0.9386. Train acc: 0.9440166666666666. 

09-30 17:39 DEBUG    PDM_KL log: {(10, 0.5, 10): {'shapes': [(784, 879), (879,), (879, 463), (463,), (463, 127), (127,), (127, 10), (10,)], 'train_accuracy': 0.9440166666666666, 'test_accuracy': 0.9386}} 
09-30 17:58 DEBUG    ****** PDM_KL matching ******** 
09-30 17:58 DEBUG    Best Sigma0: 10. Best sigma: 0.5 Best gamma: 10. Best Test accuracy: 0.9491. Train acc: 0.9525333333333333. 

09-30 17:58 DEBUG    PDM_KL log: {(10, 0.5, 10): {'shapes': [(784, 879), (879,), (879, 471), (471,), (471, 127), (127,), (127, 10), (10,)], 'train_accuracy': 0.9525333333333333, 'test_accuracy': 0.9491}} 
09-30 18:16 DEBUG    ****** PDM_KL matching ******** 
09-30 18:16 DEBUG    Best Sigma0: 10. Best sigma: 0.5 Best gamma: 10. Best Test accuracy: 0.9329. Train acc: 0.9359666666666666. 

09-30 18:16 DEBUG    PDM_KL log: {(10, 0.5, 10): {'shapes': [(784, 879), (879,), (879, 462), (462,), (462, 127), (127,), (127, 10), (10,)], 'train_accuracy': 0.9359666666666666, 'test_accuracy': 0.9329}} 
09-30 18:34 DEBUG    ****** PDM_KL matching ******** 
09-30 18:34 DEBUG    Best Sigma0: 10. Best sigma: 0.5 Best gamma: 10. Best Test accuracy: 0.8624. Train acc: 0.8673166666666666. 

09-30 18:34 DEBUG    PDM_KL log: {(10, 0.5, 10): {'shapes': [(784, 879), (879,), (879, 465), (465,), (465, 127), (127,), (127, 10), (10,)], 'train_accuracy': 0.8673166666666666, 'test_accuracy': 0.8624}} 
09-30 18:52 DEBUG    ****** PDM_KL matching ******** 
09-30 18:52 DEBUG    Best Sigma0: 10. Best sigma: 0.5 Best gamma: 10. Best Test accuracy: 0.9461. Train acc: 0.9485. 

09-30 18:52 DEBUG    PDM_KL log: {(10, 0.5, 10): {'shapes': [(784, 871), (871,), (871, 437), (437,), (437, 127), (127,), (127, 10), (10,)], 'train_accuracy': 0.9485, 'test_accuracy': 0.9461}} 
09-30 19:09 DEBUG    ****** PDM_KL matching ******** 
09-30 19:09 DEBUG    Best Sigma0: 10. Best sigma: 0.5 Best gamma: 10. Best Test accuracy: 0.9488. Train acc: 0.9525166666666667. 

09-30 19:09 DEBUG    PDM_KL log: {(10, 0.5, 10): {'shapes': [(784, 865), (865,), (865, 423), (423,), (423, 127), (127,), (127, 10), (10,)], 'train_accuracy': 0.9525166666666667, 'test_accuracy': 0.9488}} 
09-30 19:24 DEBUG    ****** PDM_KL matching ******** 
09-30 19:24 DEBUG    Best Sigma0: 10. Best sigma: 0.5 Best gamma: 10. Best Test accuracy: 0.9449. Train acc: 0.9454833333333333. 

09-30 19:24 DEBUG    PDM_KL log: {(10, 0.5, 10): {'shapes': [(784, 808), (808,), (808, 252), (252,), (252, 127), (127,), (127, 10), (10,)], 'train_accuracy': 0.9454833333333333, 'test_accuracy': 0.9449}} 
09-30 19:34 DEBUG    ****** PDM_KL matching ******** 
09-30 19:34 DEBUG    Best Sigma0: 10. Best sigma: 0.5 Best gamma: 10. Best Test accuracy: 0.9444. Train acc: 0.94415. 

09-30 19:34 DEBUG    PDM_KL log: {(10, 0.5, 10): {'shapes': [(784, 613), (613,), (613, 136), (136,), (136, 127), (127,), (127, 10), (10,)], 'train_accuracy': 0.94415, 'test_accuracy': 0.9444}} 
09-30 19:35 DEBUG    ****** PDM_KL matching ******** 
09-30 19:35 DEBUG    Best Sigma0: 10. Best sigma: 0.5 Best gamma: 10. Best Test accuracy: 0.0974. Train acc: 0.09751666666666667. 

09-30 19:35 DEBUG    PDM_KL log: {(10, 0.5, 10): {'shapes': [(784, 100), (100,), (100, 109), (109,), (109, 118), (118,), (118, 10), (10,)], 'train_accuracy': 0.09751666666666667, 'test_accuracy': 0.0974}} 
09-30 19:36 DEBUG    ****** PDM_KL matching ******** 
09-30 19:36 DEBUG    Best Sigma0: 10. Best sigma: 0.5 Best gamma: 10. Best Test accuracy: 0.0974. Train acc: 0.09751666666666667. 

09-30 19:36 DEBUG    PDM_KL log: {(10, 0.5, 10): {'shapes': [(784, 100), (100,), (100, 100), (100,), (100, 118), (118,), (118, 10), (10,)], 'train_accuracy': 0.09751666666666667, 'test_accuracy': 0.0974}} 
09-30 19:37 DEBUG    ****** PDM_KL matching ******** 
09-30 19:37 DEBUG    Best Sigma0: 10. Best sigma: 0.5 Best gamma: 10. Best Test accuracy: 0.0974. Train acc: 0.09751666666666667. 

09-30 19:37 DEBUG    PDM_KL log: {(10, 0.5, 10): {'shapes': [(784, 100), (100,), (100, 100), (100,), (100, 109), (109,), (109, 10), (10,)], 'train_accuracy': 0.09751666666666667, 'test_accuracy': 0.0974}} 
09-30 19:37 DEBUG    Trial 7 completed
09-30 19:37 DEBUG    ####################################################################################################
09-30 19:37 DEBUG    ####################################################################################################
09-30 19:37 DEBUG    Executing Trial 8 with seed 8
09-30 19:37 DEBUG    Data statistics: {0: {0: 620, 1: 730, 2: 568, 3: 602, 4: 590, 5: 552, 6: 565, 7: 589, 8: 589, 9: 595}, 1: {0: 561, 1: 698, 2: 592, 3: 646, 4: 560, 5: 536, 6: 577, 7: 649, 8: 588, 9: 593}, 2: {0: 570, 1: 688, 2: 603, 3: 629, 4: 604, 5: 523, 6: 550, 7: 621, 8: 604, 9: 608}, 3: {0: 578, 1: 648, 2: 618, 3: 613, 4: 572, 5: 563, 6: 582, 7: 636, 8: 600, 9: 590}, 4: {0: 619, 1: 660, 2: 598, 3: 600, 4: 586, 5: 549, 6: 620, 7: 609, 8: 554, 9: 605}, 5: {0: 615, 1: 635, 2: 587, 3: 603, 4: 618, 5: 531, 6: 612, 7: 635, 8: 575, 9: 589}, 6: {0: 582, 1: 659, 2: 579, 3: 622, 4: 554, 5: 563, 6: 560, 7: 669, 8: 594, 9: 618}, 7: {0: 582, 1: 675, 2: 607, 3: 613, 4: 578, 5: 565, 6: 612, 7: 613, 8: 558, 9: 597}, 8: {0: 586, 1: 669, 2: 609, 3: 592, 4: 589, 5: 506, 6: 616, 7: 637, 8: 604, 9: 592}, 9: {0: 610, 1: 680, 2: 597, 3: 611, 4: 591, 5: 533, 6: 624, 7: 607, 8: 585, 9: 562}}
09-30 19:37 DEBUG    **************************************************
09-30 19:37 DEBUG    Running experiments 

09-30 19:45 DEBUG    ****** PDM_KL matching ******** 
09-30 19:45 DEBUG    Best Sigma0: 10. Best sigma: 0.5 Best gamma: 10. Best Test accuracy: 0.9459. Train acc: 0.9491333333333334. 

09-30 19:45 DEBUG    PDM_KL log: {(10, 0.5, 10): {'shapes': [(784, 885), (885,), (885, 477), (477,), (477, 127), (127,), (127, 10), (10,)], 'train_accuracy': 0.9491333333333334, 'test_accuracy': 0.9459}} 
09-30 20:03 DEBUG    ****** PDM_KL matching ******** 
09-30 20:03 DEBUG    Best Sigma0: 10. Best sigma: 0.5 Best gamma: 10. Best Test accuracy: 0.8569. Train acc: 0.8561333333333333. 

09-30 20:03 DEBUG    PDM_KL log: {(10, 0.5, 10): {'shapes': [(784, 893), (893,), (893, 476), (476,), (476, 127), (127,), (127, 10), (10,)], 'train_accuracy': 0.8561333333333333, 'test_accuracy': 0.8569}} 
09-30 20:20 DEBUG    ****** PDM_KL matching ******** 
09-30 20:20 DEBUG    Best Sigma0: 10. Best sigma: 0.5 Best gamma: 10. Best Test accuracy: 0.9461. Train acc: 0.9476666666666667. 

09-30 20:20 DEBUG    PDM_KL log: {(10, 0.5, 10): {'shapes': [(784, 893), (893,), (893, 475), (475,), (475, 127), (127,), (127, 10), (10,)], 'train_accuracy': 0.9476666666666667, 'test_accuracy': 0.9461}} 
09-30 20:38 DEBUG    ****** PDM_KL matching ******** 
09-30 20:38 DEBUG    Best Sigma0: 10. Best sigma: 0.5 Best gamma: 10. Best Test accuracy: 0.9474. Train acc: 0.9493333333333334. 

09-30 20:38 DEBUG    PDM_KL log: {(10, 0.5, 10): {'shapes': [(784, 885), (885,), (885, 469), (469,), (469, 127), (127,), (127, 10), (10,)], 'train_accuracy': 0.9493333333333334, 'test_accuracy': 0.9474}} 
09-30 20:56 DEBUG    ****** PDM_KL matching ******** 
09-30 20:56 DEBUG    Best Sigma0: 10. Best sigma: 0.5 Best gamma: 10. Best Test accuracy: 0.9057. Train acc: 0.90915. 

09-30 20:56 DEBUG    PDM_KL log: {(10, 0.5, 10): {'shapes': [(784, 869), (869,), (869, 454), (454,), (454, 127), (127,), (127, 10), (10,)], 'train_accuracy': 0.90915, 'test_accuracy': 0.9057}} 
09-30 21:13 DEBUG    ****** PDM_KL matching ******** 
09-30 21:13 DEBUG    Best Sigma0: 10. Best sigma: 0.5 Best gamma: 10. Best Test accuracy: 0.9497. Train acc: 0.9483. 

09-30 21:13 DEBUG    PDM_KL log: {(10, 0.5, 10): {'shapes': [(784, 860), (860,), (860, 427), (427,), (427, 127), (127,), (127, 10), (10,)], 'train_accuracy': 0.9483, 'test_accuracy': 0.9497}} 
09-30 21:26 DEBUG    ****** PDM_KL matching ******** 
09-30 21:26 DEBUG    Best Sigma0: 10. Best sigma: 0.5 Best gamma: 10. Best Test accuracy: 0.9447. Train acc: 0.9461833333333334. 

09-30 21:26 DEBUG    PDM_KL log: {(10, 0.5, 10): {'shapes': [(784, 799), (799,), (799, 266), (266,), (266, 127), (127,), (127, 10), (10,)], 'train_accuracy': 0.9461833333333334, 'test_accuracy': 0.9447}} 
09-30 21:36 DEBUG    ****** PDM_KL matching ******** 
09-30 21:36 DEBUG    Best Sigma0: 10. Best sigma: 0.5 Best gamma: 10. Best Test accuracy: 0.8777. Train acc: 0.8784666666666666. 

09-30 21:36 DEBUG    PDM_KL log: {(10, 0.5, 10): {'shapes': [(784, 586), (586,), (586, 136), (136,), (136, 127), (127,), (127, 10), (10,)], 'train_accuracy': 0.8784666666666666, 'test_accuracy': 0.8777}} 
09-30 21:36 DEBUG    ****** PDM_KL matching ******** 
09-30 21:36 DEBUG    Best Sigma0: 10. Best sigma: 0.5 Best gamma: 10. Best Test accuracy: 0.0974. Train acc: 0.09751666666666667. 

09-30 21:36 DEBUG    PDM_KL log: {(10, 0.5, 10): {'shapes': [(784, 100), (100,), (100, 109), (109,), (109, 118), (118,), (118, 10), (10,)], 'train_accuracy': 0.09751666666666667, 'test_accuracy': 0.0974}} 
09-30 21:37 DEBUG    ****** PDM_KL matching ******** 
09-30 21:37 DEBUG    Best Sigma0: 10. Best sigma: 0.5 Best gamma: 10. Best Test accuracy: 0.0974. Train acc: 0.09751666666666667. 

09-30 21:37 DEBUG    PDM_KL log: {(10, 0.5, 10): {'shapes': [(784, 100), (100,), (100, 100), (100,), (100, 118), (118,), (118, 10), (10,)], 'train_accuracy': 0.09751666666666667, 'test_accuracy': 0.0974}} 
09-30 21:38 DEBUG    ****** PDM_KL matching ******** 
09-30 21:38 DEBUG    Best Sigma0: 10. Best sigma: 0.5 Best gamma: 10. Best Test accuracy: 0.0974. Train acc: 0.09751666666666667. 

09-30 21:38 DEBUG    PDM_KL log: {(10, 0.5, 10): {'shapes': [(784, 100), (100,), (100, 100), (100,), (100, 109), (109,), (109, 10), (10,)], 'train_accuracy': 0.09751666666666667, 'test_accuracy': 0.0974}} 
09-30 21:38 DEBUG    Trial 8 completed
09-30 21:38 DEBUG    ####################################################################################################
09-30 21:38 DEBUG    ####################################################################################################
09-30 21:38 DEBUG    Executing Trial 9 with seed 9
09-30 21:38 DEBUG    Data statistics: {0: {0: 598, 1: 728, 2: 564, 3: 603, 4: 586, 5: 530, 6: 612, 7: 624, 8: 566, 9: 589}, 1: {0: 563, 1: 676, 2: 586, 3: 616, 4: 577, 5: 556, 6: 577, 7: 649, 8: 605, 9: 595}, 2: {0: 620, 1: 667, 2: 583, 3: 639, 4: 578, 5: 532, 6: 603, 7: 583, 8: 558, 9: 637}, 3: {0: 588, 1: 689, 2: 594, 3: 604, 4: 561, 5: 551, 6: 585, 7: 658, 8: 580, 9: 590}, 4: {0: 601, 1: 679, 2: 570, 3: 626, 4: 610, 5: 558, 6: 563, 7: 634, 8: 591, 9: 568}, 5: {0: 588, 1: 639, 2: 616, 3: 626, 4: 579, 5: 545, 6: 570, 7: 626, 8: 593, 9: 618}, 6: {0: 589, 1: 685, 2: 623, 3: 599, 4: 599, 5: 526, 6: 599, 7: 614, 8: 608, 9: 558}, 7: {0: 590, 1: 667, 2: 618, 3: 633, 4: 582, 5: 498, 6: 604, 7: 596, 8: 594, 9: 618}, 8: {0: 586, 1: 666, 2: 650, 3: 570, 4: 599, 5: 533, 6: 573, 7: 660, 8: 563, 9: 600}, 9: {0: 600, 1: 646, 2: 554, 3: 615, 4: 571, 5: 592, 6: 632, 7: 621, 8: 593, 9: 576}}
09-30 21:39 DEBUG    **************************************************
09-30 21:39 DEBUG    Running experiments 

09-30 21:47 DEBUG    ****** PDM_KL matching ******** 
09-30 21:47 DEBUG    Best Sigma0: 10. Best sigma: 0.5 Best gamma: 10. Best Test accuracy: 0.9473. Train acc: 0.9509. 

09-30 21:47 DEBUG    PDM_KL log: {(10, 0.5, 10): {'shapes': [(784, 901), (901,), (901, 462), (462,), (462, 127), (127,), (127, 10), (10,)], 'train_accuracy': 0.9509, 'test_accuracy': 0.9473}} 
09-30 22:04 DEBUG    ****** PDM_KL matching ******** 
09-30 22:04 DEBUG    Best Sigma0: 10. Best sigma: 0.5 Best gamma: 10. Best Test accuracy: 0.955. Train acc: 0.95905. 

09-30 22:04 DEBUG    PDM_KL log: {(10, 0.5, 10): {'shapes': [(784, 900), (900,), (900, 467), (467,), (467, 127), (127,), (127, 10), (10,)], 'train_accuracy': 0.95905, 'test_accuracy': 0.955}} 
09-30 22:23 DEBUG    ****** PDM_KL matching ******** 
09-30 22:23 DEBUG    Best Sigma0: 10. Best sigma: 0.5 Best gamma: 10. Best Test accuracy: 0.9506. Train acc: 0.9534666666666667. 

09-30 22:23 DEBUG    PDM_KL log: {(10, 0.5, 10): {'shapes': [(784, 901), (901,), (901, 453), (453,), (453, 127), (127,), (127, 10), (10,)], 'train_accuracy': 0.9534666666666667, 'test_accuracy': 0.9506}} 
09-30 22:40 DEBUG    ****** PDM_KL matching ******** 
09-30 22:40 DEBUG    Best Sigma0: 10. Best sigma: 0.5 Best gamma: 10. Best Test accuracy: 0.9474. Train acc: 0.9499333333333333. 

09-30 22:40 DEBUG    PDM_KL log: {(10, 0.5, 10): {'shapes': [(784, 892), (892,), (892, 462), (462,), (462, 127), (127,), (127, 10), (10,)], 'train_accuracy': 0.9499333333333333, 'test_accuracy': 0.9474}} 
09-30 22:57 DEBUG    ****** PDM_KL matching ******** 
09-30 22:57 DEBUG    Best Sigma0: 10. Best sigma: 0.5 Best gamma: 10. Best Test accuracy: 0.9506. Train acc: 0.9533833333333334. 

09-30 22:57 DEBUG    PDM_KL log: {(10, 0.5, 10): {'shapes': [(784, 892), (892,), (892, 443), (443,), (443, 127), (127,), (127, 10), (10,)], 'train_accuracy': 0.9533833333333334, 'test_accuracy': 0.9506}} 
09-30 23:15 DEBUG    ****** PDM_KL matching ******** 
09-30 23:15 DEBUG    Best Sigma0: 10. Best sigma: 0.5 Best gamma: 10. Best Test accuracy: 0.9524. Train acc: 0.95555. 

09-30 23:15 DEBUG    PDM_KL log: {(10, 0.5, 10): {'shapes': [(784, 872), (872,), (872, 403), (403,), (403, 127), (127,), (127, 10), (10,)], 'train_accuracy': 0.95555, 'test_accuracy': 0.9524}} 
09-30 23:29 DEBUG    ****** PDM_KL matching ******** 
09-30 23:29 DEBUG    Best Sigma0: 10. Best sigma: 0.5 Best gamma: 10. Best Test accuracy: 0.9502. Train acc: 0.9510333333333333. 

09-30 23:29 DEBUG    PDM_KL log: {(10, 0.5, 10): {'shapes': [(784, 823), (823,), (823, 244), (244,), (244, 127), (127,), (127, 10), (10,)], 'train_accuracy': 0.9510333333333333, 'test_accuracy': 0.9502}} 
09-30 23:39 DEBUG    ****** PDM_KL matching ******** 
09-30 23:39 DEBUG    Best Sigma0: 10. Best sigma: 0.5 Best gamma: 10. Best Test accuracy: 0.9042. Train acc: 0.9097333333333333. 

09-30 23:39 DEBUG    PDM_KL log: {(10, 0.5, 10): {'shapes': [(784, 595), (595,), (595, 136), (136,), (136, 127), (127,), (127, 10), (10,)], 'train_accuracy': 0.9097333333333333, 'test_accuracy': 0.9042}} 
09-30 23:40 DEBUG    ****** PDM_KL matching ******** 
09-30 23:40 DEBUG    Best Sigma0: 10. Best sigma: 0.5 Best gamma: 10. Best Test accuracy: 0.0974. Train acc: 0.09751666666666667. 

09-30 23:40 DEBUG    PDM_KL log: {(10, 0.5, 10): {'shapes': [(784, 100), (100,), (100, 109), (109,), (109, 118), (118,), (118, 10), (10,)], 'train_accuracy': 0.09751666666666667, 'test_accuracy': 0.0974}} 
09-30 23:41 DEBUG    ****** PDM_KL matching ******** 
09-30 23:41 DEBUG    Best Sigma0: 10. Best sigma: 0.5 Best gamma: 10. Best Test accuracy: 0.0974. Train acc: 0.09751666666666667. 

09-30 23:41 DEBUG    PDM_KL log: {(10, 0.5, 10): {'shapes': [(784, 100), (100,), (100, 100), (100,), (100, 118), (118,), (118, 10), (10,)], 'train_accuracy': 0.09751666666666667, 'test_accuracy': 0.0974}} 
09-30 23:41 DEBUG    ****** PDM_KL matching ******** 
09-30 23:41 DEBUG    Best Sigma0: 10. Best sigma: 0.5 Best gamma: 10. Best Test accuracy: 0.0974. Train acc: 0.09751666666666667. 

09-30 23:41 DEBUG    PDM_KL log: {(10, 0.5, 10): {'shapes': [(784, 100), (100,), (100, 100), (100,), (100, 109), (109,), (109, 10), (10,)], 'train_accuracy': 0.09751666666666667, 'test_accuracy': 0.0974}} 
09-30 23:41 DEBUG    Trial 9 completed
09-30 23:41 DEBUG    ####################################################################################################
