09-12 12:02 DEBUG    Experiment arguments: Namespace(alpha=0.5, communication_rounds=None, datadir='data/mnist', dataset='mnist', device=1.0, dropout_p=0.0, epochs=10, experiment=['all'], init_seed=0, iter_epochs=5, layers=0, loaddir='saved_weights/mnist/hetero-dir', logdir='KL_regs/mnist/hetero-dir', lr=0.01, lr_decay=1.0, n=30, n_layers=1, n_nets=25, net_config=[784, 100, 10], num_pool_workers=7, partition='hetero-dir', pdm_gamma=1.0, pdm_sig=1.0, pdm_sig0=1.0, reg=1e-06, reg_fac=0.0, trials=10)
09-12 12:02 DEBUG    ####################################################################################################
09-12 12:02 DEBUG    Executing Trial 0 with seed 0
09-12 12:02 DEBUG    Data statistics: {0: {0: 193, 1: 300, 2: 32, 3: 420, 4: 67, 5: 5, 6: 1185, 7: 48, 8: 1002}, 1: {0: 263, 2: 76, 3: 16, 4: 1546, 5: 469, 6: 77}, 2: {0: 247, 1: 565, 2: 625, 3: 923, 4: 450}, 3: {0: 76, 1: 63, 2: 13, 3: 153, 4: 228, 5: 246, 6: 1, 7: 328, 8: 171, 9: 145}, 4: {0: 77, 1: 130, 2: 296, 3: 46, 4: 228, 5: 5, 6: 39, 7: 1, 8: 2041}, 5: {0: 33, 1: 707, 2: 125, 3: 204, 4: 63, 5: 32, 6: 715, 7: 260, 8: 733}, 6: {0: 459, 1: 697, 2: 827, 3: 243, 4: 35, 5: 126, 6: 95}, 7: {0: 177, 1: 197, 2: 409, 3: 307, 4: 67, 5: 582, 6: 16, 7: 652}, 8: {0: 76, 1: 7, 2: 3, 3: 293, 4: 9, 5: 249, 6: 17, 7: 370, 8: 3, 9: 536}, 9: {0: 298, 1: 223, 3: 705, 4: 159, 5: 450, 6: 503, 7: 75}, 10: {0: 1073, 1: 209, 2: 36, 3: 213, 4: 113, 5: 35, 6: 743}, 11: {0: 8, 1: 5, 3: 38, 4: 1044, 5: 3, 6: 898, 8: 1, 9: 95}, 12: {0: 92, 1: 389, 2: 100, 3: 192, 4: 9, 5: 37, 6: 225, 7: 103, 8: 459, 9: 758}, 13: {0: 1, 1: 739, 2: 92, 3: 55, 4: 40, 5: 90, 6: 46, 7: 30, 8: 337, 9: 791}, 14: {0: 1, 3: 153, 4: 104, 5: 386, 6: 56, 7: 241, 8: 463, 9: 1139}, 15: {0: 45, 1: 78, 2: 101, 3: 143, 4: 9, 5: 175, 6: 126, 7: 2149}, 16: {0: 178, 1: 171, 2: 142, 3: 120, 4: 1, 5: 84, 6: 33, 7: 77, 8: 212, 9: 172}, 17: {0: 130, 1: 354, 2: 838, 3: 148, 5: 327, 6: 310, 7: 760}, 18: {1: 246, 2: 73, 3: 487, 4: 76, 6: 228, 7: 11, 8: 17, 9: 1}, 19: {0: 7, 1: 108, 2: 470, 3: 365, 4: 783, 5: 62, 6: 52, 7: 5, 8: 290, 9: 1024}, 20: {0: 754, 1: 374, 2: 1046, 4: 183, 5: 649}, 21: {1: 187, 2: 174, 3: 61, 4: 14, 5: 741, 6: 535, 7: 1071}, 22: {0: 12, 1: 61, 2: 23, 3: 776, 4: 584, 5: 601, 6: 15, 7: 53, 8: 70, 9: 1089}, 23: {0: 1435, 1: 838, 2: 330}, 24: {0: 288, 1: 94, 2: 127, 3: 70, 4: 30, 5: 67, 6: 3, 7: 31, 8: 52, 9: 199}}
09-12 12:03 DEBUG    **************************************************
09-12 12:03 DEBUG    Running experiments 

09-12 12:03 DEBUG    Uniform ensemble (Train acc): 0.918467
09-12 12:03 DEBUG    Uniform ensemble (Test acc): 0.913800
09-12 12:03 DEBUG    FedAvg (Train acc): 0.196217
09-12 12:03 DEBUG    FedAvg (Test acc): 0.195300
09-12 12:07 DEBUG    ****** PDM_KL matching ******** 
09-12 12:07 DEBUG    Best Sigma0: 0.5. Best sigma: 1 Best gamma: 10. Best Test accuracy: 0.8379. Train acc: 0.84115. 

09-12 12:07 DEBUG    PDM_KL log: {(0.5, 1, 10): {'shapes': [(784, 352), (352,), (352, 10), (10,)], 'train_accuracy': 0.84115, 'test_accuracy': 0.8379}} 
09-12 12:14 DEBUG    ****** PDM_KL matching ******** 
09-12 12:14 DEBUG    Best Sigma0: 0.5. Best sigma: 1 Best gamma: 10. Best Test accuracy: 0.833. Train acc: 0.8342833333333334. 

09-12 12:14 DEBUG    PDM_KL log: {(0.5, 1, 10): {'shapes': [(784, 353), (353,), (353, 10), (10,)], 'train_accuracy': 0.8342833333333334, 'test_accuracy': 0.833}} 
09-12 12:20 DEBUG    ****** PDM_KL matching ******** 
09-12 12:20 DEBUG    Best Sigma0: 0.5. Best sigma: 1 Best gamma: 10. Best Test accuracy: 0.8383. Train acc: 0.8413833333333334. 

09-12 12:20 DEBUG    PDM_KL log: {(0.5, 1, 10): {'shapes': [(784, 352), (352,), (352, 10), (10,)], 'train_accuracy': 0.8413833333333334, 'test_accuracy': 0.8383}} 
09-12 12:28 DEBUG    ****** PDM_KL matching ******** 
09-12 12:28 DEBUG    Best Sigma0: 0.5. Best sigma: 1 Best gamma: 10. Best Test accuracy: 0.8425. Train acc: 0.8457833333333333. 

09-12 12:28 DEBUG    PDM_KL log: {(0.5, 1, 10): {'shapes': [(784, 349), (349,), (349, 10), (10,)], 'train_accuracy': 0.8457833333333333, 'test_accuracy': 0.8425}} 
09-12 12:36 DEBUG    ****** PDM_KL matching ******** 
09-12 12:36 DEBUG    Best Sigma0: 0.5. Best sigma: 1 Best gamma: 10. Best Test accuracy: 0.8377. Train acc: 0.8401. 

09-12 12:36 DEBUG    PDM_KL log: {(0.5, 1, 10): {'shapes': [(784, 357), (357,), (357, 10), (10,)], 'train_accuracy': 0.8401, 'test_accuracy': 0.8377}} 
09-12 12:43 DEBUG    ****** PDM_KL matching ******** 
09-12 12:43 DEBUG    Best Sigma0: 0.5. Best sigma: 1 Best gamma: 10. Best Test accuracy: 0.8345. Train acc: 0.8393. 

09-12 12:43 DEBUG    PDM_KL log: {(0.5, 1, 10): {'shapes': [(784, 356), (356,), (356, 10), (10,)], 'train_accuracy': 0.8393, 'test_accuracy': 0.8345}} 
09-12 12:53 DEBUG    ****** PDM_KL matching ******** 
09-12 12:53 DEBUG    Best Sigma0: 0.5. Best sigma: 1 Best gamma: 10. Best Test accuracy: 0.8207. Train acc: 0.8204. 

09-12 12:53 DEBUG    PDM_KL log: {(0.5, 1, 10): {'shapes': [(784, 405), (405,), (405, 10), (10,)], 'train_accuracy': 0.8204, 'test_accuracy': 0.8207}} 
09-12 13:04 DEBUG    ****** PDM_KL matching ******** 
09-12 13:04 DEBUG    Best Sigma0: 0.5. Best sigma: 1 Best gamma: 10. Best Test accuracy: 0.828. Train acc: 0.8313333333333334. 

09-12 13:04 DEBUG    PDM_KL log: {(0.5, 1, 10): {'shapes': [(784, 407), (407,), (407, 10), (10,)], 'train_accuracy': 0.8313333333333334, 'test_accuracy': 0.828}} 
09-12 13:14 DEBUG    ****** PDM_KL matching ******** 
09-12 13:14 DEBUG    Best Sigma0: 0.5. Best sigma: 1 Best gamma: 10. Best Test accuracy: 0.7737. Train acc: 0.7801833333333333. 

09-12 13:14 DEBUG    PDM_KL log: {(0.5, 1, 10): {'shapes': [(784, 304), (304,), (304, 10), (10,)], 'train_accuracy': 0.7801833333333333, 'test_accuracy': 0.7737}} 
09-12 13:17 DEBUG    ****** PDM_KL matching ******** 
09-12 13:17 DEBUG    Best Sigma0: 0.5. Best sigma: 1 Best gamma: 10. Best Test accuracy: 0.0892. Train acc: 0.09035. 

09-12 13:17 DEBUG    PDM_KL log: {(0.5, 1, 10): {'shapes': [(784, 148), (148,), (148, 10), (10,)], 'train_accuracy': 0.09035, 'test_accuracy': 0.0892}} 
09-12 13:20 DEBUG    ****** PDM_KL matching ******** 
09-12 13:20 DEBUG    Best Sigma0: 0.5. Best sigma: 1 Best gamma: 10. Best Test accuracy: 0.0892. Train acc: 0.09035. 

09-12 13:20 DEBUG    PDM_KL log: {(0.5, 1, 10): {'shapes': [(784, 148), (148,), (148, 10), (10,)], 'train_accuracy': 0.09035, 'test_accuracy': 0.0892}} 
09-12 13:20 DEBUG    Trial 0 completed
09-12 13:20 DEBUG    ####################################################################################################
09-12 13:20 DEBUG    ####################################################################################################
09-12 13:20 DEBUG    Executing Trial 1 with seed 1
09-12 13:20 DEBUG    Data statistics: {0: {0: 125, 1: 258, 2: 71, 3: 185, 4: 87, 5: 44, 6: 339, 7: 963, 8: 11, 9: 73}, 1: {0: 17, 1: 450, 2: 148, 3: 108, 4: 432, 5: 215, 6: 4, 7: 480, 8: 605}, 2: {0: 864, 1: 1535, 2: 1808}, 3: {0: 153, 1: 148, 2: 305, 4: 4, 5: 171, 6: 88, 7: 29, 8: 822, 9: 426}, 4: {0: 84, 1: 52, 2: 48, 3: 340, 4: 288, 5: 1, 6: 483, 7: 96, 8: 4, 9: 1338}, 5: {0: 1466, 1: 324, 2: 333, 3: 2, 4: 31, 5: 30, 6: 178, 7: 33, 8: 373}, 6: {0: 65, 1: 94, 2: 422, 3: 65, 4: 80, 5: 96, 6: 5, 8: 22, 9: 272}, 7: {0: 14, 1: 134, 2: 51, 3: 127, 4: 320, 5: 454, 6: 316, 7: 703, 8: 26, 9: 26}, 8: {0: 2, 1: 7, 2: 69, 3: 250, 4: 848, 5: 373, 6: 58, 7: 180, 8: 8, 9: 13}, 9: {0: 204, 1: 12, 2: 126, 3: 45, 4: 94, 5: 461, 6: 1, 7: 1419, 8: 5, 9: 723}, 10: {0: 170, 1: 169, 2: 1191, 3: 406, 4: 268, 5: 551}, 11: {0: 300, 1: 26, 2: 10, 3: 785, 4: 85, 5: 79, 6: 309, 7: 8, 8: 957}, 12: {0: 29, 1: 140, 2: 122, 3: 641, 4: 7, 5: 74, 6: 153, 7: 195, 8: 17, 9: 333}, 13: {0: 111, 1: 78, 2: 2, 3: 41, 4: 299, 5: 38, 6: 76, 7: 4, 8: 831, 9: 39}, 14: {0: 112, 1: 330, 2: 242, 3: 50, 4: 53, 5: 36, 6: 24, 7: 353, 8: 7, 9: 1490}, 15: {0: 1171, 1: 147, 2: 37, 3: 92, 4: 37, 5: 17, 6: 9, 7: 272, 8: 442, 9: 503}, 16: {0: 1, 1: 233, 2: 503, 3: 231, 4: 824, 5: 800}, 17: {0: 3, 1: 143, 2: 3, 3: 21, 4: 105, 5: 379, 6: 876, 7: 51, 8: 478, 9: 138}, 18: {0: 5, 1: 178, 2: 71, 3: 286, 4: 42, 5: 6, 6: 74, 7: 757, 8: 210, 9: 376}, 19: {1: 198, 2: 44, 3: 270, 4: 82, 5: 51, 6: 188, 7: 1, 8: 49, 9: 196}, 20: {0: 80, 1: 410, 2: 91, 3: 1182, 4: 500, 5: 70, 6: 910}, 21: {0: 290, 1: 35, 2: 1, 3: 62, 4: 884, 5: 135, 6: 677, 7: 251, 8: 830}, 22: {0: 395, 1: 106, 2: 26, 3: 36, 4: 25, 5: 561, 6: 799, 7: 400, 8: 74}, 23: {0: 1, 1: 1005, 2: 99, 3: 358, 4: 328, 5: 580, 6: 176}, 24: {0: 261, 1: 530, 2: 135, 3: 548, 4: 119, 5: 199, 6: 175, 7: 70, 8: 80, 9: 3}}
09-12 13:21 DEBUG    **************************************************
09-12 13:21 DEBUG    Running experiments 

09-12 13:22 DEBUG    Uniform ensemble (Train acc): 0.937317
09-12 13:22 DEBUG    Uniform ensemble (Test acc): 0.935800
09-12 13:22 DEBUG    FedAvg (Train acc): 0.091417
09-12 13:22 DEBUG    FedAvg (Test acc): 0.090100
09-12 13:26 DEBUG    ****** PDM_KL matching ******** 
09-12 13:26 DEBUG    Best Sigma0: 0.5. Best sigma: 1 Best gamma: 10. Best Test accuracy: 0.8778. Train acc: 0.8809833333333333. 

09-12 13:26 DEBUG    PDM_KL log: {(0.5, 1, 10): {'shapes': [(784, 351), (351,), (351, 10), (10,)], 'train_accuracy': 0.8809833333333333, 'test_accuracy': 0.8778}} 
09-12 13:33 DEBUG    ****** PDM_KL matching ******** 
09-12 13:33 DEBUG    Best Sigma0: 0.5. Best sigma: 1 Best gamma: 10. Best Test accuracy: 0.8711. Train acc: 0.8740166666666667. 

09-12 13:33 DEBUG    PDM_KL log: {(0.5, 1, 10): {'shapes': [(784, 351), (351,), (351, 10), (10,)], 'train_accuracy': 0.8740166666666667, 'test_accuracy': 0.8711}} 
09-12 13:41 DEBUG    ****** PDM_KL matching ******** 
09-12 13:41 DEBUG    Best Sigma0: 0.5. Best sigma: 1 Best gamma: 10. Best Test accuracy: 0.8646. Train acc: 0.8678166666666667. 

09-12 13:41 DEBUG    PDM_KL log: {(0.5, 1, 10): {'shapes': [(784, 342), (342,), (342, 10), (10,)], 'train_accuracy': 0.8678166666666667, 'test_accuracy': 0.8646}} 
09-12 13:47 DEBUG    ****** PDM_KL matching ******** 
09-12 13:47 DEBUG    Best Sigma0: 0.5. Best sigma: 1 Best gamma: 10. Best Test accuracy: 0.875. Train acc: 0.8789333333333333. 

09-12 13:47 DEBUG    PDM_KL log: {(0.5, 1, 10): {'shapes': [(784, 346), (346,), (346, 10), (10,)], 'train_accuracy': 0.8789333333333333, 'test_accuracy': 0.875}} 
09-12 13:53 DEBUG    ****** PDM_KL matching ******** 
09-12 13:53 DEBUG    Best Sigma0: 0.5. Best sigma: 1 Best gamma: 10. Best Test accuracy: 0.871. Train acc: 0.8736. 

09-12 13:53 DEBUG    PDM_KL log: {(0.5, 1, 10): {'shapes': [(784, 344), (344,), (344, 10), (10,)], 'train_accuracy': 0.8736, 'test_accuracy': 0.871}} 
09-12 14:01 DEBUG    ****** PDM_KL matching ******** 
09-12 14:01 DEBUG    Best Sigma0: 0.5. Best sigma: 1 Best gamma: 10. Best Test accuracy: 0.8714. Train acc: 0.8752666666666666. 

09-12 14:01 DEBUG    PDM_KL log: {(0.5, 1, 10): {'shapes': [(784, 352), (352,), (352, 10), (10,)], 'train_accuracy': 0.8752666666666666, 'test_accuracy': 0.8714}} 
09-12 14:10 DEBUG    ****** PDM_KL matching ******** 
09-12 14:10 DEBUG    Best Sigma0: 0.5. Best sigma: 1 Best gamma: 10. Best Test accuracy: 0.8713. Train acc: 0.8756666666666667. 

09-12 14:10 DEBUG    PDM_KL log: {(0.5, 1, 10): {'shapes': [(784, 409), (409,), (409, 10), (10,)], 'train_accuracy': 0.8756666666666667, 'test_accuracy': 0.8713}} 
09-12 14:19 DEBUG    ****** PDM_KL matching ******** 
09-12 14:19 DEBUG    Best Sigma0: 0.5. Best sigma: 1 Best gamma: 10. Best Test accuracy: 0.8695. Train acc: 0.86905. 

09-12 14:19 DEBUG    PDM_KL log: {(0.5, 1, 10): {'shapes': [(784, 419), (419,), (419, 10), (10,)], 'train_accuracy': 0.86905, 'test_accuracy': 0.8695}} 
09-12 14:30 DEBUG    ****** PDM_KL matching ******** 
09-12 14:30 DEBUG    Best Sigma0: 0.5. Best sigma: 1 Best gamma: 10. Best Test accuracy: 0.8859. Train acc: 0.8815666666666667. 

09-12 14:30 DEBUG    PDM_KL log: {(0.5, 1, 10): {'shapes': [(784, 392), (392,), (392, 10), (10,)], 'train_accuracy': 0.8815666666666667, 'test_accuracy': 0.8859}} 
09-12 14:33 DEBUG    ****** PDM_KL matching ******** 
09-12 14:33 DEBUG    Best Sigma0: 0.5. Best sigma: 1 Best gamma: 10. Best Test accuracy: 0.1032. Train acc: 0.0993. 

09-12 14:33 DEBUG    PDM_KL log: {(0.5, 1, 10): {'shapes': [(784, 148), (148,), (148, 10), (10,)], 'train_accuracy': 0.0993, 'test_accuracy': 0.1032}} 
09-12 14:36 DEBUG    ****** PDM_KL matching ******** 
09-12 14:36 DEBUG    Best Sigma0: 0.5. Best sigma: 1 Best gamma: 10. Best Test accuracy: 0.1032. Train acc: 0.0993. 

09-12 14:36 DEBUG    PDM_KL log: {(0.5, 1, 10): {'shapes': [(784, 148), (148,), (148, 10), (10,)], 'train_accuracy': 0.0993, 'test_accuracy': 0.1032}} 
09-12 14:36 DEBUG    Trial 1 completed
09-12 14:36 DEBUG    ####################################################################################################
09-12 14:36 DEBUG    ####################################################################################################
09-12 14:36 DEBUG    Executing Trial 2 with seed 2
09-12 14:36 DEBUG    Data statistics: {0: {0: 553, 2: 756, 3: 131, 4: 58, 5: 997}, 1: {0: 90, 1: 234, 2: 71, 3: 216, 4: 502, 5: 76, 6: 4, 7: 48, 8: 25, 9: 54}, 2: {0: 498, 1: 370, 2: 57, 3: 696, 4: 372, 5: 5, 6: 50, 7: 1, 8: 376}, 3: {0: 24, 1: 5, 2: 7, 3: 889, 4: 113, 5: 301, 6: 600, 8: 4, 9: 357}, 4: {0: 346, 1: 4, 2: 9, 3: 1, 4: 349, 5: 10, 6: 2147}, 5: {0: 129, 1: 10, 2: 2, 3: 88, 4: 107, 6: 77, 7: 503, 8: 50, 9: 1443}, 6: {0: 70, 1: 16, 2: 11, 3: 1, 4: 848, 5: 178, 6: 79, 7: 1353}, 7: {0: 1, 1: 149, 2: 95, 3: 6, 4: 6, 5: 6, 6: 202, 7: 141, 8: 2346}, 8: {0: 345, 1: 737, 2: 95, 3: 373, 4: 57, 5: 1, 6: 223, 7: 582}, 9: {0: 1, 1: 99, 2: 2, 3: 43, 4: 5, 5: 780, 6: 110, 7: 425, 8: 619, 9: 1276}, 10: {0: 31, 1: 325, 2: 6, 3: 29, 4: 31, 5: 558, 6: 307, 7: 416, 8: 135, 9: 2315}, 11: {0: 136, 1: 16, 2: 789, 3: 157, 4: 9, 5: 114, 6: 174, 7: 15, 8: 170}, 12: {0: 61, 1: 383, 2: 412, 3: 254, 4: 175, 5: 18, 6: 234, 7: 28, 8: 630, 9: 1}, 13: {0: 1313, 1: 899, 2: 226}, 14: {0: 403, 1: 662, 2: 9, 3: 149, 4: 777, 5: 457}, 15: {0: 69, 1: 199, 2: 306, 3: 122, 4: 164, 5: 32, 6: 148, 7: 1093, 8: 434}, 16: {1: 54, 2: 1414, 3: 1, 4: 394, 5: 608}, 17: {0: 22, 1: 201, 2: 1, 3: 899, 4: 1297}, 18: {1: 561, 2: 564, 3: 1189, 4: 78, 5: 123}, 19: {0: 88, 1: 96, 2: 277, 3: 20, 4: 92, 5: 159, 6: 175, 7: 559, 8: 148, 9: 171}, 20: {0: 68, 1: 541, 2: 48, 3: 163, 4: 1, 5: 36, 6: 1086, 7: 710}, 21: {0: 268, 1: 200, 2: 9, 3: 562, 4: 47, 5: 5, 6: 293, 7: 98, 8: 404, 9: 22}, 22: {0: 536, 1: 281, 2: 279, 4: 33, 5: 55, 7: 103, 8: 14, 9: 168}, 23: {0: 269, 1: 474, 2: 242, 3: 128, 4: 186, 5: 350, 6: 6, 7: 22, 8: 275, 9: 1}, 24: {0: 602, 1: 226, 2: 271, 3: 14, 4: 141, 5: 552, 6: 3, 7: 168, 8: 221, 9: 141}}
09-12 14:38 DEBUG    **************************************************
09-12 14:38 DEBUG    Running experiments 

09-12 14:38 DEBUG    Uniform ensemble (Train acc): 0.892650
09-12 14:38 DEBUG    Uniform ensemble (Test acc): 0.887600
09-12 14:39 DEBUG    FedAvg (Train acc): 0.108767
09-12 14:39 DEBUG    FedAvg (Test acc): 0.106900
09-12 14:42 DEBUG    ****** PDM_KL matching ******** 
09-12 14:42 DEBUG    Best Sigma0: 0.5. Best sigma: 1 Best gamma: 10. Best Test accuracy: 0.8442. Train acc: 0.8467333333333333. 

09-12 14:42 DEBUG    PDM_KL log: {(0.5, 1, 10): {'shapes': [(784, 321), (321,), (321, 10), (10,)], 'train_accuracy': 0.8467333333333333, 'test_accuracy': 0.8442}} 
09-12 14:48 DEBUG    ****** PDM_KL matching ******** 
09-12 14:48 DEBUG    Best Sigma0: 0.5. Best sigma: 1 Best gamma: 10. Best Test accuracy: 0.8395. Train acc: 0.84225. 

09-12 14:48 DEBUG    PDM_KL log: {(0.5, 1, 10): {'shapes': [(784, 321), (321,), (321, 10), (10,)], 'train_accuracy': 0.84225, 'test_accuracy': 0.8395}} 
09-12 14:53 DEBUG    ****** PDM_KL matching ******** 
09-12 14:53 DEBUG    Best Sigma0: 0.5. Best sigma: 1 Best gamma: 10. Best Test accuracy: 0.8386. Train acc: 0.8416666666666667. 

09-12 14:53 DEBUG    PDM_KL log: {(0.5, 1, 10): {'shapes': [(784, 323), (323,), (323, 10), (10,)], 'train_accuracy': 0.8416666666666667, 'test_accuracy': 0.8386}} 
09-12 14:57 DEBUG    ****** PDM_KL matching ******** 
09-12 14:57 DEBUG    Best Sigma0: 0.5. Best sigma: 1 Best gamma: 10. Best Test accuracy: 0.8401. Train acc: 0.8439. 

09-12 14:57 DEBUG    PDM_KL log: {(0.5, 1, 10): {'shapes': [(784, 307), (307,), (307, 10), (10,)], 'train_accuracy': 0.8439, 'test_accuracy': 0.8401}} 
09-12 15:04 DEBUG    ****** PDM_KL matching ******** 
09-12 15:04 DEBUG    Best Sigma0: 0.5. Best sigma: 1 Best gamma: 10. Best Test accuracy: 0.8441. Train acc: 0.8473666666666667. 

09-12 15:04 DEBUG    PDM_KL log: {(0.5, 1, 10): {'shapes': [(784, 326), (326,), (326, 10), (10,)], 'train_accuracy': 0.8473666666666667, 'test_accuracy': 0.8441}} 
09-12 15:10 DEBUG    ****** PDM_KL matching ******** 
09-12 15:10 DEBUG    Best Sigma0: 0.5. Best sigma: 1 Best gamma: 10. Best Test accuracy: 0.8455. Train acc: 0.8495. 

09-12 15:10 DEBUG    PDM_KL log: {(0.5, 1, 10): {'shapes': [(784, 320), (320,), (320, 10), (10,)], 'train_accuracy': 0.8495, 'test_accuracy': 0.8455}} 
09-12 15:18 DEBUG    ****** PDM_KL matching ******** 
09-12 15:18 DEBUG    Best Sigma0: 0.5. Best sigma: 1 Best gamma: 10. Best Test accuracy: 0.8399. Train acc: 0.8444666666666667. 

09-12 15:18 DEBUG    PDM_KL log: {(0.5, 1, 10): {'shapes': [(784, 370), (370,), (370, 10), (10,)], 'train_accuracy': 0.8444666666666667, 'test_accuracy': 0.8399}} 
09-12 15:25 DEBUG    ****** PDM_KL matching ******** 
09-12 15:25 DEBUG    Best Sigma0: 0.5. Best sigma: 1 Best gamma: 10. Best Test accuracy: 0.8451. Train acc: 0.8470666666666666. 

09-12 15:25 DEBUG    PDM_KL log: {(0.5, 1, 10): {'shapes': [(784, 346), (346,), (346, 10), (10,)], 'train_accuracy': 0.8470666666666666, 'test_accuracy': 0.8451}} 
09-12 15:33 DEBUG    ****** PDM_KL matching ******** 
09-12 15:33 DEBUG    Best Sigma0: 0.5. Best sigma: 1 Best gamma: 10. Best Test accuracy: 0.8199. Train acc: 0.8215333333333333. 

09-12 15:33 DEBUG    PDM_KL log: {(0.5, 1, 10): {'shapes': [(784, 332), (332,), (332, 10), (10,)], 'train_accuracy': 0.8215333333333333, 'test_accuracy': 0.8199}} 
09-12 15:36 DEBUG    ****** PDM_KL matching ******** 
09-12 15:36 DEBUG    Best Sigma0: 0.5. Best sigma: 1 Best gamma: 10. Best Test accuracy: 0.0892. Train acc: 0.09035. 

09-12 15:36 DEBUG    PDM_KL log: {(0.5, 1, 10): {'shapes': [(784, 148), (148,), (148, 10), (10,)], 'train_accuracy': 0.09035, 'test_accuracy': 0.0892}} 
09-12 15:39 DEBUG    ****** PDM_KL matching ******** 
09-12 15:39 DEBUG    Best Sigma0: 0.5. Best sigma: 1 Best gamma: 10. Best Test accuracy: 0.0892. Train acc: 0.09035. 

09-12 15:39 DEBUG    PDM_KL log: {(0.5, 1, 10): {'shapes': [(784, 148), (148,), (148, 10), (10,)], 'train_accuracy': 0.09035, 'test_accuracy': 0.0892}} 
09-12 15:39 DEBUG    Trial 2 completed
09-12 15:39 DEBUG    ####################################################################################################
09-12 15:39 DEBUG    ####################################################################################################
09-12 15:39 DEBUG    Executing Trial 3 with seed 3
09-12 15:39 DEBUG    Data statistics: {0: {0: 245, 1: 263, 2: 581, 3: 871, 4: 211, 5: 205, 6: 85}, 1: {0: 26, 1: 217, 2: 1226, 3: 876, 4: 59}, 2: {0: 2, 1: 204, 2: 3, 3: 553, 4: 512, 5: 43, 6: 164, 7: 1530}, 3: {0: 31, 1: 137, 2: 2, 3: 286, 4: 9, 6: 867, 7: 101, 8: 61, 9: 12}, 4: {0: 140, 1: 300, 2: 76, 3: 203, 4: 34, 5: 321, 6: 328, 7: 309, 8: 145, 9: 76}, 5: {0: 2053, 1: 165, 2: 48, 3: 3, 4: 171}, 6: {0: 830, 1: 2, 2: 378, 3: 19, 4: 452, 5: 24, 6: 52, 7: 180, 8: 108, 9: 4}, 7: {0: 13, 1: 745, 2: 416, 3: 255, 4: 63, 5: 526, 6: 317, 7: 43, 8: 1595}, 8: {0: 53, 1: 113, 2: 216, 3: 69, 4: 24, 5: 12, 6: 675, 7: 23, 8: 86, 9: 1970}, 9: {0: 99, 1: 182, 2: 312, 3: 7, 4: 5, 5: 102, 6: 307, 7: 5, 8: 121, 9: 37}, 10: {0: 178, 1: 58, 2: 12, 3: 742, 4: 1, 6: 90, 7: 5, 8: 222, 9: 1013}, 11: {0: 14, 1: 1638, 2: 381, 3: 393}, 12: {0: 64, 2: 81, 3: 148, 4: 699, 5: 327, 6: 568, 7: 837}, 13: {0: 249, 1: 5, 2: 248, 3: 37, 4: 219, 5: 1, 6: 329, 7: 11, 8: 59, 9: 12}, 14: {0: 379, 1: 832, 2: 25, 3: 250, 4: 896, 5: 1489}, 15: {0: 284, 1: 307, 2: 278, 3: 5, 5: 299, 6: 4, 7: 291, 8: 2, 9: 54}, 16: {0: 6, 1: 67, 3: 36, 4: 79, 5: 560, 6: 17, 7: 338, 8: 323, 9: 867}, 17: {0: 2, 2: 62, 3: 34, 4: 20, 6: 283, 7: 258, 8: 66, 9: 162}, 18: {0: 145, 1: 55, 2: 224, 3: 22, 4: 23, 5: 29, 6: 808, 7: 762, 8: 14, 9: 1428}, 19: {0: 18, 1: 20, 2: 88, 3: 195, 4: 328, 5: 491, 6: 138, 7: 113, 8: 1603}, 20: {0: 65, 1: 709, 2: 3, 3: 13, 4: 177, 5: 267, 6: 652, 7: 798}, 21: {0: 14, 2: 181, 3: 6, 4: 40, 5: 335, 6: 158, 7: 15, 8: 1440, 9: 288}, 22: {0: 683, 1: 43, 2: 452, 3: 788, 4: 776}, 23: {0: 322, 1: 305, 2: 619, 3: 242, 4: 522, 5: 44, 6: 47, 7: 617}, 24: {0: 8, 1: 375, 2: 46, 3: 78, 4: 522, 5: 346, 6: 29, 7: 29, 8: 6, 9: 26}}
09-12 15:40 DEBUG    **************************************************
09-12 15:40 DEBUG    Running experiments 

09-12 15:41 DEBUG    Uniform ensemble (Train acc): 0.909433
09-12 15:41 DEBUG    Uniform ensemble (Test acc): 0.907300
09-12 15:41 DEBUG    FedAvg (Train acc): 0.159367
09-12 15:41 DEBUG    FedAvg (Test acc): 0.160300
09-12 15:44 DEBUG    ****** PDM_KL matching ******** 
09-12 15:44 DEBUG    Best Sigma0: 0.5. Best sigma: 1 Best gamma: 10. Best Test accuracy: 0.8323. Train acc: 0.8363166666666667. 

09-12 15:44 DEBUG    PDM_KL log: {(0.5, 1, 10): {'shapes': [(784, 326), (326,), (326, 10), (10,)], 'train_accuracy': 0.8363166666666667, 'test_accuracy': 0.8323}} 
09-12 15:50 DEBUG    ****** PDM_KL matching ******** 
09-12 15:50 DEBUG    Best Sigma0: 0.5. Best sigma: 1 Best gamma: 10. Best Test accuracy: 0.8342. Train acc: 0.83635. 

09-12 15:50 DEBUG    PDM_KL log: {(0.5, 1, 10): {'shapes': [(784, 327), (327,), (327, 10), (10,)], 'train_accuracy': 0.83635, 'test_accuracy': 0.8342}} 
09-12 15:55 DEBUG    ****** PDM_KL matching ******** 
09-12 15:55 DEBUG    Best Sigma0: 0.5. Best sigma: 1 Best gamma: 10. Best Test accuracy: 0.8318. Train acc: 0.8366666666666667. 

09-12 15:55 DEBUG    PDM_KL log: {(0.5, 1, 10): {'shapes': [(784, 327), (327,), (327, 10), (10,)], 'train_accuracy': 0.8366666666666667, 'test_accuracy': 0.8318}} 
09-12 16:00 DEBUG    ****** PDM_KL matching ******** 
09-12 16:00 DEBUG    Best Sigma0: 0.5. Best sigma: 1 Best gamma: 10. Best Test accuracy: 0.8315. Train acc: 0.8357666666666667. 

09-12 16:00 DEBUG    PDM_KL log: {(0.5, 1, 10): {'shapes': [(784, 324), (324,), (324, 10), (10,)], 'train_accuracy': 0.8357666666666667, 'test_accuracy': 0.8315}} 
09-12 16:05 DEBUG    ****** PDM_KL matching ******** 
09-12 16:05 DEBUG    Best Sigma0: 0.5. Best sigma: 1 Best gamma: 10. Best Test accuracy: 0.8362. Train acc: 0.8406833333333333. 

09-12 16:05 DEBUG    PDM_KL log: {(0.5, 1, 10): {'shapes': [(784, 326), (326,), (326, 10), (10,)], 'train_accuracy': 0.8406833333333333, 'test_accuracy': 0.8362}} 
09-12 16:10 DEBUG    ****** PDM_KL matching ******** 
09-12 16:10 DEBUG    Best Sigma0: 0.5. Best sigma: 1 Best gamma: 10. Best Test accuracy: 0.8277. Train acc: 0.8334333333333334. 

09-12 16:10 DEBUG    PDM_KL log: {(0.5, 1, 10): {'shapes': [(784, 332), (332,), (332, 10), (10,)], 'train_accuracy': 0.8334333333333334, 'test_accuracy': 0.8277}} 
09-12 16:16 DEBUG    ****** PDM_KL matching ******** 
09-12 16:16 DEBUG    Best Sigma0: 0.5. Best sigma: 1 Best gamma: 10. Best Test accuracy: 0.8415. Train acc: 0.84355. 

09-12 16:16 DEBUG    PDM_KL log: {(0.5, 1, 10): {'shapes': [(784, 363), (363,), (363, 10), (10,)], 'train_accuracy': 0.84355, 'test_accuracy': 0.8415}} 
09-12 16:23 DEBUG    ****** PDM_KL matching ******** 
09-12 16:23 DEBUG    Best Sigma0: 0.5. Best sigma: 1 Best gamma: 10. Best Test accuracy: 0.8422. Train acc: 0.8459333333333333. 

09-12 16:23 DEBUG    PDM_KL log: {(0.5, 1, 10): {'shapes': [(784, 376), (376,), (376, 10), (10,)], 'train_accuracy': 0.8459333333333333, 'test_accuracy': 0.8422}} 
09-12 16:32 DEBUG    ****** PDM_KL matching ******** 
09-12 16:32 DEBUG    Best Sigma0: 0.5. Best sigma: 1 Best gamma: 10. Best Test accuracy: 0.8536. Train acc: 0.8503. 

09-12 16:32 DEBUG    PDM_KL log: {(0.5, 1, 10): {'shapes': [(784, 314), (314,), (314, 10), (10,)], 'train_accuracy': 0.8503, 'test_accuracy': 0.8536}} 
09-12 16:35 DEBUG    ****** PDM_KL matching ******** 
09-12 16:35 DEBUG    Best Sigma0: 0.5. Best sigma: 1 Best gamma: 10. Best Test accuracy: 0.0974. Train acc: 0.0976. 

09-12 16:35 DEBUG    PDM_KL log: {(0.5, 1, 10): {'shapes': [(784, 148), (148,), (148, 10), (10,)], 'train_accuracy': 0.0976, 'test_accuracy': 0.0974}} 
09-12 16:38 DEBUG    ****** PDM_KL matching ******** 
09-12 16:38 DEBUG    Best Sigma0: 0.5. Best sigma: 1 Best gamma: 10. Best Test accuracy: 0.0974. Train acc: 0.09758333333333333. 

09-12 16:38 DEBUG    PDM_KL log: {(0.5, 1, 10): {'shapes': [(784, 125), (125,), (125, 10), (10,)], 'train_accuracy': 0.09758333333333333, 'test_accuracy': 0.0974}} 
09-12 16:38 DEBUG    Trial 3 completed
09-12 16:38 DEBUG    ####################################################################################################
09-12 16:38 DEBUG    ####################################################################################################
09-12 16:38 DEBUG    Executing Trial 4 with seed 4
09-12 16:38 DEBUG    Data statistics: {0: {0: 151, 1: 46, 2: 72, 3: 282, 4: 352, 5: 446, 6: 221, 7: 412, 8: 1069}, 1: {0: 326, 1: 416, 2: 589, 3: 2, 4: 462, 5: 37, 6: 429, 7: 53, 8: 142}, 2: {0: 214, 1: 111, 2: 156, 3: 61, 4: 458, 5: 24, 6: 238, 7: 102, 8: 30}, 3: {0: 297, 1: 115, 2: 209, 3: 156, 4: 83, 5: 16, 6: 1184, 7: 1345}, 4: {0: 1, 1: 349, 2: 41, 3: 874, 4: 32, 5: 2240}, 5: {0: 111, 1: 281, 2: 271, 4: 15, 5: 214, 6: 94, 7: 5, 8: 166, 9: 333}, 6: {0: 55, 1: 9, 2: 21, 4: 216, 5: 355, 6: 242, 7: 1318, 8: 9, 9: 292}, 7: {0: 327, 1: 130, 2: 33, 3: 206, 4: 413, 5: 82, 6: 4, 7: 39, 8: 473, 9: 509}, 8: {0: 1201, 1: 19, 2: 283, 3: 6, 4: 435, 6: 194, 7: 17, 8: 7, 9: 1125}, 9: {0: 112, 1: 3, 2: 529, 3: 332, 4: 72, 5: 10, 6: 70, 7: 370, 8: 25, 9: 25}, 10: {0: 872, 1: 1467, 2: 177}, 11: {0: 610, 1: 52, 2: 14, 3: 344, 4: 1366, 5: 168}, 12: {0: 279, 1: 15, 2: 31, 3: 48, 4: 174, 5: 307, 6: 545, 7: 412, 8: 31, 9: 107}, 13: {0: 620, 1: 311, 2: 13, 3: 35, 4: 3, 5: 43, 6: 10, 7: 2, 8: 1177, 9: 145}, 14: {0: 122, 1: 2, 2: 469, 3: 17, 4: 4, 5: 377, 6: 65, 7: 6, 8: 605}, 15: {0: 57, 1: 319, 2: 679, 3: 1128, 4: 310}, 16: {0: 71, 1: 86, 2: 7, 3: 7, 4: 93, 5: 248, 6: 80, 7: 516, 9: 9}, 17: {0: 188, 1: 1565, 2: 1032}, 18: {0: 199, 1: 523, 2: 54, 3: 695, 4: 398, 5: 21, 6: 5, 7: 63, 8: 264, 9: 1153}, 19: {0: 1, 1: 438, 2: 18, 3: 527, 4: 2, 5: 360, 6: 39, 7: 800, 8: 629}, 20: {0: 91, 1: 368, 2: 551, 3: 2, 4: 187, 5: 4, 6: 98, 7: 143, 8: 220, 9: 96}, 21: {0: 2, 1: 96, 2: 441, 3: 296, 5: 12, 6: 789, 7: 115, 8: 822}, 22: {0: 15, 1: 3, 3: 208, 4: 3, 5: 148, 6: 659, 7: 135, 8: 55, 9: 1616}, 23: {1: 11, 2: 149, 3: 485, 4: 763, 5: 7, 6: 488, 7: 368, 8: 54, 9: 131}, 24: {0: 1, 1: 7, 2: 119, 3: 420, 4: 1, 5: 302, 6: 464, 7: 44, 8: 73, 9: 408}}
09-12 16:39 DEBUG    **************************************************
09-12 16:39 DEBUG    Running experiments 

09-12 16:40 DEBUG    Uniform ensemble (Train acc): 0.948500
09-12 16:40 DEBUG    Uniform ensemble (Test acc): 0.948200
09-12 16:40 DEBUG    FedAvg (Train acc): 0.190783
09-12 16:40 DEBUG    FedAvg (Test acc): 0.193600
09-12 16:43 DEBUG    ****** PDM_KL matching ******** 
09-12 16:43 DEBUG    Best Sigma0: 0.5. Best sigma: 1 Best gamma: 10. Best Test accuracy: 0.8981. Train acc: 0.8967. 

09-12 16:43 DEBUG    PDM_KL log: {(0.5, 1, 10): {'shapes': [(784, 345), (345,), (345, 10), (10,)], 'train_accuracy': 0.8967, 'test_accuracy': 0.8981}} 
09-12 16:49 DEBUG    ****** PDM_KL matching ******** 
09-12 16:49 DEBUG    Best Sigma0: 0.5. Best sigma: 1 Best gamma: 10. Best Test accuracy: 0.8904. Train acc: 0.8905. 

09-12 16:49 DEBUG    PDM_KL log: {(0.5, 1, 10): {'shapes': [(784, 342), (342,), (342, 10), (10,)], 'train_accuracy': 0.8905, 'test_accuracy': 0.8904}} 
09-12 16:54 DEBUG    ****** PDM_KL matching ******** 
09-12 16:54 DEBUG    Best Sigma0: 0.5. Best sigma: 1 Best gamma: 10. Best Test accuracy: 0.9085. Train acc: 0.90885. 

09-12 16:54 DEBUG    PDM_KL log: {(0.5, 1, 10): {'shapes': [(784, 330), (330,), (330, 10), (10,)], 'train_accuracy': 0.90885, 'test_accuracy': 0.9085}} 
09-12 16:59 DEBUG    ****** PDM_KL matching ******** 
09-12 16:59 DEBUG    Best Sigma0: 0.5. Best sigma: 1 Best gamma: 10. Best Test accuracy: 0.9009. Train acc: 0.8965333333333333. 

09-12 16:59 DEBUG    PDM_KL log: {(0.5, 1, 10): {'shapes': [(784, 343), (343,), (343, 10), (10,)], 'train_accuracy': 0.8965333333333333, 'test_accuracy': 0.9009}} 
09-12 17:04 DEBUG    ****** PDM_KL matching ******** 
09-12 17:04 DEBUG    Best Sigma0: 0.5. Best sigma: 1 Best gamma: 10. Best Test accuracy: 0.8984. Train acc: 0.8999333333333334. 

09-12 17:04 DEBUG    PDM_KL log: {(0.5, 1, 10): {'shapes': [(784, 346), (346,), (346, 10), (10,)], 'train_accuracy': 0.8999333333333334, 'test_accuracy': 0.8984}} 
09-12 17:10 DEBUG    ****** PDM_KL matching ******** 
09-12 17:10 DEBUG    Best Sigma0: 0.5. Best sigma: 1 Best gamma: 10. Best Test accuracy: 0.8964. Train acc: 0.89545. 

09-12 17:10 DEBUG    PDM_KL log: {(0.5, 1, 10): {'shapes': [(784, 358), (358,), (358, 10), (10,)], 'train_accuracy': 0.89545, 'test_accuracy': 0.8964}} 
09-12 17:16 DEBUG    ****** PDM_KL matching ******** 
09-12 17:16 DEBUG    Best Sigma0: 0.5. Best sigma: 1 Best gamma: 10. Best Test accuracy: 0.9082. Train acc: 0.9069666666666667. 

09-12 17:16 DEBUG    PDM_KL log: {(0.5, 1, 10): {'shapes': [(784, 395), (395,), (395, 10), (10,)], 'train_accuracy': 0.9069666666666667, 'test_accuracy': 0.9082}} 
09-12 17:24 DEBUG    ****** PDM_KL matching ******** 
09-12 17:24 DEBUG    Best Sigma0: 0.5. Best sigma: 1 Best gamma: 10. Best Test accuracy: 0.9138. Train acc: 0.9138666666666667. 

09-12 17:24 DEBUG    PDM_KL log: {(0.5, 1, 10): {'shapes': [(784, 424), (424,), (424, 10), (10,)], 'train_accuracy': 0.9138666666666667, 'test_accuracy': 0.9138}} 
09-12 17:32 DEBUG    ****** PDM_KL matching ******** 
09-12 17:32 DEBUG    Best Sigma0: 0.5. Best sigma: 1 Best gamma: 10. Best Test accuracy: 0.8853. Train acc: 0.8843166666666666. 

09-12 17:32 DEBUG    PDM_KL log: {(0.5, 1, 10): {'shapes': [(784, 381), (381,), (381, 10), (10,)], 'train_accuracy': 0.8843166666666666, 'test_accuracy': 0.8853}} 
09-12 17:34 DEBUG    ****** PDM_KL matching ******** 
09-12 17:34 DEBUG    Best Sigma0: 0.5. Best sigma: 1 Best gamma: 10. Best Test accuracy: 0.0892. Train acc: 0.09035. 

09-12 17:34 DEBUG    PDM_KL log: {(0.5, 1, 10): {'shapes': [(784, 148), (148,), (148, 10), (10,)], 'train_accuracy': 0.09035, 'test_accuracy': 0.0892}} 
09-12 17:36 DEBUG    ****** PDM_KL matching ******** 
09-12 17:36 DEBUG    Best Sigma0: 0.5. Best sigma: 1 Best gamma: 10. Best Test accuracy: 0.0892. Train acc: 0.09035. 

09-12 17:36 DEBUG    PDM_KL log: {(0.5, 1, 10): {'shapes': [(784, 148), (148,), (148, 10), (10,)], 'train_accuracy': 0.09035, 'test_accuracy': 0.0892}} 
09-12 17:36 DEBUG    Trial 4 completed
09-12 17:36 DEBUG    ####################################################################################################
09-12 17:36 DEBUG    ####################################################################################################
09-12 17:36 DEBUG    Executing Trial 5 with seed 5
09-12 17:36 DEBUG    Data statistics: {0: {0: 192, 1: 1376, 2: 37, 3: 546, 4: 858}, 1: {0: 396, 1: 296, 2: 82, 3: 239, 4: 99, 5: 37, 6: 20, 7: 200, 8: 1312}, 2: {0: 140, 1: 18, 2: 42, 3: 542, 4: 15, 6: 49, 7: 312, 8: 228, 9: 67}, 3: {0: 2, 1: 12, 2: 112, 3: 60, 4: 18, 5: 11, 6: 5, 7: 4, 8: 213, 9: 2}, 4: {0: 2, 1: 3, 2: 27, 3: 75, 4: 13, 5: 5, 6: 439, 7: 1523, 8: 19, 9: 426}, 5: {0: 10, 1: 66, 3: 21, 4: 153, 5: 73, 6: 151, 7: 635, 8: 18, 9: 14}, 6: {1: 1716, 2: 506, 3: 28, 4: 18, 5: 87, 6: 1, 7: 719}, 7: {0: 50, 1: 1, 2: 364, 3: 102, 5: 800, 6: 93, 7: 124, 8: 23, 9: 20}, 8: {0: 85, 1: 670, 2: 951, 3: 452, 4: 1457}, 9: {0: 16, 1: 35, 2: 78, 3: 11, 4: 634, 5: 78, 6: 92, 7: 25, 8: 6, 9: 535}, 10: {0: 1297, 1: 10, 2: 257, 4: 537, 5: 265, 6: 22, 7: 364}, 11: {0: 2, 1: 28, 2: 3, 3: 1139, 4: 15, 6: 350, 7: 34, 8: 6, 9: 861}, 12: {0: 868, 1: 200, 2: 350, 3: 214, 4: 30, 5: 78, 6: 603, 7: 11, 8: 7, 9: 784}, 13: {0: 511, 1: 737, 2: 241, 3: 274, 4: 161, 5: 26, 6: 272, 7: 1, 8: 54, 9: 1766}, 14: {0: 133, 1: 219, 2: 132, 3: 96, 4: 46, 5: 10, 6: 2899}, 15: {0: 533, 1: 57, 2: 36, 3: 69, 4: 2, 5: 85, 6: 32, 7: 128, 9: 30}, 16: {0: 63, 1: 141, 2: 467, 3: 27, 4: 43, 5: 2817}, 17: {0: 31, 1: 917, 2: 40, 3: 17, 4: 71, 5: 205, 7: 148, 8: 121, 9: 8}, 18: {0: 25, 1: 16, 2: 52, 4: 415, 5: 150, 6: 2, 7: 258, 8: 1038, 9: 380}, 19: {0: 7, 1: 39, 2: 882, 3: 542, 4: 682, 5: 51, 6: 5, 7: 449}, 20: {0: 6, 1: 155, 2: 599, 3: 313, 4: 37, 5: 194, 6: 193, 7: 16, 8: 377, 9: 294}, 21: {0: 412, 1: 14, 2: 175, 3: 213, 4: 13, 5: 58, 6: 308, 7: 26, 8: 279, 9: 26}, 22: {0: 788, 1: 3, 2: 445, 3: 32, 5: 384, 6: 9, 8: 569}, 23: {0: 107, 1: 11, 2: 57, 3: 301, 4: 9, 5: 6, 6: 296, 7: 664, 8: 556, 9: 736}, 24: {0: 247, 1: 2, 2: 23, 3: 818, 4: 516, 5: 1, 6: 77, 7: 624, 8: 1025}}
09-12 17:37 DEBUG    **************************************************
09-12 17:37 DEBUG    Running experiments 

09-12 17:38 DEBUG    Uniform ensemble (Train acc): 0.941083
09-12 17:38 DEBUG    Uniform ensemble (Test acc): 0.941700
09-12 17:38 DEBUG    FedAvg (Train acc): 0.163450
09-12 17:38 DEBUG    FedAvg (Test acc): 0.162200
09-12 17:41 DEBUG    ****** PDM_KL matching ******** 
09-12 17:41 DEBUG    Best Sigma0: 0.5. Best sigma: 1 Best gamma: 10. Best Test accuracy: 0.8533. Train acc: 0.8569833333333333. 

09-12 17:41 DEBUG    PDM_KL log: {(0.5, 1, 10): {'shapes': [(784, 337), (337,), (337, 10), (10,)], 'train_accuracy': 0.8569833333333333, 'test_accuracy': 0.8533}} 
09-12 17:46 DEBUG    ****** PDM_KL matching ******** 
09-12 17:46 DEBUG    Best Sigma0: 0.5. Best sigma: 1 Best gamma: 10. Best Test accuracy: 0.8476. Train acc: 0.851. 

09-12 17:46 DEBUG    PDM_KL log: {(0.5, 1, 10): {'shapes': [(784, 341), (341,), (341, 10), (10,)], 'train_accuracy': 0.851, 'test_accuracy': 0.8476}} 
09-12 17:50 DEBUG    ****** PDM_KL matching ******** 
09-12 17:50 DEBUG    Best Sigma0: 0.5. Best sigma: 1 Best gamma: 10. Best Test accuracy: 0.85. Train acc: 0.85275. 

09-12 17:50 DEBUG    PDM_KL log: {(0.5, 1, 10): {'shapes': [(784, 333), (333,), (333, 10), (10,)], 'train_accuracy': 0.85275, 'test_accuracy': 0.85}} 
09-12 17:55 DEBUG    ****** PDM_KL matching ******** 
09-12 17:55 DEBUG    Best Sigma0: 0.5. Best sigma: 1 Best gamma: 10. Best Test accuracy: 0.8418. Train acc: 0.8456333333333333. 

09-12 17:55 DEBUG    PDM_KL log: {(0.5, 1, 10): {'shapes': [(784, 341), (341,), (341, 10), (10,)], 'train_accuracy': 0.8456333333333333, 'test_accuracy': 0.8418}} 
09-12 17:59 DEBUG    ****** PDM_KL matching ******** 
09-12 17:59 DEBUG    Best Sigma0: 0.5. Best sigma: 1 Best gamma: 10. Best Test accuracy: 0.8641. Train acc: 0.8686666666666667. 

09-12 17:59 DEBUG    PDM_KL log: {(0.5, 1, 10): {'shapes': [(784, 342), (342,), (342, 10), (10,)], 'train_accuracy': 0.8686666666666667, 'test_accuracy': 0.8641}} 
09-12 18:03 DEBUG    ****** PDM_KL matching ******** 
09-12 18:03 DEBUG    Best Sigma0: 0.5. Best sigma: 1 Best gamma: 10. Best Test accuracy: 0.8603. Train acc: 0.8621333333333333. 

09-12 18:03 DEBUG    PDM_KL log: {(0.5, 1, 10): {'shapes': [(784, 353), (353,), (353, 10), (10,)], 'train_accuracy': 0.8621333333333333, 'test_accuracy': 0.8603}} 
09-12 18:08 DEBUG    ****** PDM_KL matching ******** 
09-12 18:08 DEBUG    Best Sigma0: 0.5. Best sigma: 1 Best gamma: 10. Best Test accuracy: 0.8194. Train acc: 0.8231. 

09-12 18:08 DEBUG    PDM_KL log: {(0.5, 1, 10): {'shapes': [(784, 400), (400,), (400, 10), (10,)], 'train_accuracy': 0.8231, 'test_accuracy': 0.8194}} 
09-12 18:15 DEBUG    ****** PDM_KL matching ******** 
09-12 18:15 DEBUG    Best Sigma0: 0.5. Best sigma: 1 Best gamma: 10. Best Test accuracy: 0.8293. Train acc: 0.8315833333333333. 

09-12 18:15 DEBUG    PDM_KL log: {(0.5, 1, 10): {'shapes': [(784, 394), (394,), (394, 10), (10,)], 'train_accuracy': 0.8315833333333333, 'test_accuracy': 0.8293}} 
09-12 18:22 DEBUG    ****** PDM_KL matching ******** 
09-12 18:22 DEBUG    Best Sigma0: 0.5. Best sigma: 1 Best gamma: 10. Best Test accuracy: 0.8276. Train acc: 0.8253666666666667. 

09-12 18:22 DEBUG    PDM_KL log: {(0.5, 1, 10): {'shapes': [(784, 285), (285,), (285, 10), (10,)], 'train_accuracy': 0.8253666666666667, 'test_accuracy': 0.8276}} 
09-12 18:24 DEBUG    ****** PDM_KL matching ******** 
09-12 18:24 DEBUG    Best Sigma0: 0.5. Best sigma: 1 Best gamma: 10. Best Test accuracy: 0.0974. Train acc: 0.09753333333333333. 

09-12 18:24 DEBUG    PDM_KL log: {(0.5, 1, 10): {'shapes': [(784, 148), (148,), (148, 10), (10,)], 'train_accuracy': 0.09753333333333333, 'test_accuracy': 0.0974}} 
09-12 18:26 DEBUG    ****** PDM_KL matching ******** 
09-12 18:26 DEBUG    Best Sigma0: 0.5. Best sigma: 1 Best gamma: 10. Best Test accuracy: 0.0975. Train acc: 0.09761666666666667. 

09-12 18:26 DEBUG    PDM_KL log: {(0.5, 1, 10): {'shapes': [(784, 148), (148,), (148, 10), (10,)], 'train_accuracy': 0.09761666666666667, 'test_accuracy': 0.0975}} 
09-12 18:26 DEBUG    Trial 5 completed
09-12 18:26 DEBUG    ####################################################################################################
09-12 18:26 DEBUG    ####################################################################################################
09-12 18:26 DEBUG    Executing Trial 6 with seed 6
09-12 18:26 DEBUG    Data statistics: {0: {0: 824, 1: 101, 2: 20, 3: 72, 4: 153, 5: 321, 6: 33, 7: 21, 8: 49, 9: 100}, 1: {0: 961, 1: 35, 2: 59, 3: 552, 4: 535, 5: 133, 8: 296}, 2: {0: 83, 1: 228, 2: 4, 3: 21, 4: 888, 5: 338, 6: 280, 7: 674}, 3: {0: 9, 1: 95, 2: 104, 3: 392, 4: 2, 5: 676, 6: 269, 7: 23, 8: 773, 9: 556}, 4: {0: 53, 1: 67, 2: 87, 3: 38, 4: 278, 5: 13, 6: 137, 7: 176, 8: 1430, 9: 362}, 5: {1: 73, 2: 485, 3: 35, 4: 115, 5: 1, 6: 1, 7: 37, 8: 614, 9: 76}, 6: {0: 427, 1: 1365, 2: 261, 3: 9, 4: 11, 5: 1526}, 7: {0: 23, 1: 662, 2: 77, 3: 267, 4: 29, 5: 128, 6: 319, 7: 8, 8: 325, 9: 300}, 8: {0: 95, 1: 1, 2: 4, 3: 13, 4: 13, 5: 470, 6: 367, 7: 248, 8: 60, 9: 283}, 9: {0: 3, 1: 91, 2: 69, 3: 278, 4: 42, 5: 90, 6: 1598, 7: 571}, 10: {0: 165, 1: 429, 2: 25, 3: 1, 4: 170, 5: 206, 6: 682, 7: 504, 8: 177, 9: 1335}, 11: {0: 7, 1: 115, 2: 423, 3: 787, 4: 1, 5: 224, 6: 1, 7: 3, 8: 256, 9: 5}, 12: {0: 54, 1: 273, 2: 160, 3: 138, 4: 24, 5: 35, 6: 29, 7: 1, 8: 579, 9: 81}, 13: {0: 8, 1: 31, 2: 540, 3: 1636, 4: 98, 5: 80, 6: 497}, 14: {0: 230, 1: 159, 2: 29, 3: 2, 4: 85, 5: 42, 6: 266, 7: 532, 8: 166, 9: 934}, 15: {0: 266, 1: 68, 2: 3, 3: 93, 4: 699, 5: 3, 6: 6, 7: 98, 8: 466, 9: 605}, 16: {0: 975, 1: 29, 2: 268, 3: 3, 4: 518, 5: 5, 6: 378, 7: 289}, 17: {0: 233, 1: 276, 2: 87, 3: 17, 4: 1281, 5: 8, 6: 31, 7: 755}, 18: {0: 18, 1: 659, 2: 942, 3: 879}, 19: {0: 3, 1: 137, 2: 122, 3: 88, 4: 124, 5: 276, 6: 177, 7: 31, 8: 17, 9: 432}, 20: {0: 277, 1: 43, 2: 1062, 3: 2, 4: 18, 6: 14, 7: 1301}, 21: {1: 101, 2: 85, 3: 344, 4: 55, 5: 86, 6: 139, 7: 912, 8: 439, 9: 736}, 22: {0: 549, 1: 1055, 2: 367, 3: 48, 4: 317, 5: 106}, 23: {0: 609, 1: 514, 2: 38, 3: 313, 4: 9, 5: 1, 6: 19, 7: 81, 8: 204, 9: 144}, 24: {0: 51, 1: 135, 2: 637, 3: 103, 4: 377, 5: 653, 6: 675}}
09-12 18:27 DEBUG    **************************************************
09-12 18:27 DEBUG    Running experiments 

09-12 18:28 DEBUG    Uniform ensemble (Train acc): 0.951500
09-12 18:28 DEBUG    Uniform ensemble (Test acc): 0.948300
09-12 18:28 DEBUG    FedAvg (Train acc): 0.125583
09-12 18:28 DEBUG    FedAvg (Test acc): 0.127000
09-12 18:30 DEBUG    ****** PDM_KL matching ******** 
09-12 18:30 DEBUG    Best Sigma0: 0.5. Best sigma: 1 Best gamma: 10. Best Test accuracy: 0.8748. Train acc: 0.8754333333333333. 

09-12 18:30 DEBUG    PDM_KL log: {(0.5, 1, 10): {'shapes': [(784, 341), (341,), (341, 10), (10,)], 'train_accuracy': 0.8754333333333333, 'test_accuracy': 0.8748}} 
09-12 18:34 DEBUG    ****** PDM_KL matching ******** 
09-12 18:34 DEBUG    Best Sigma0: 0.5. Best sigma: 1 Best gamma: 10. Best Test accuracy: 0.8735. Train acc: 0.8737833333333334. 

09-12 18:34 DEBUG    PDM_KL log: {(0.5, 1, 10): {'shapes': [(784, 328), (328,), (328, 10), (10,)], 'train_accuracy': 0.8737833333333334, 'test_accuracy': 0.8735}} 
09-12 18:38 DEBUG    ****** PDM_KL matching ******** 
09-12 18:38 DEBUG    Best Sigma0: 0.5. Best sigma: 1 Best gamma: 10. Best Test accuracy: 0.8921. Train acc: 0.89385. 

09-12 18:38 DEBUG    PDM_KL log: {(0.5, 1, 10): {'shapes': [(784, 335), (335,), (335, 10), (10,)], 'train_accuracy': 0.89385, 'test_accuracy': 0.8921}} 
09-12 18:42 DEBUG    ****** PDM_KL matching ******** 
09-12 18:42 DEBUG    Best Sigma0: 0.5. Best sigma: 1 Best gamma: 10. Best Test accuracy: 0.8799. Train acc: 0.8820333333333333. 

09-12 18:42 DEBUG    PDM_KL log: {(0.5, 1, 10): {'shapes': [(784, 328), (328,), (328, 10), (10,)], 'train_accuracy': 0.8820333333333333, 'test_accuracy': 0.8799}} 
09-12 18:46 DEBUG    ****** PDM_KL matching ******** 
09-12 18:46 DEBUG    Best Sigma0: 0.5. Best sigma: 1 Best gamma: 10. Best Test accuracy: 0.8655. Train acc: 0.8674666666666667. 

09-12 18:46 DEBUG    PDM_KL log: {(0.5, 1, 10): {'shapes': [(784, 328), (328,), (328, 10), (10,)], 'train_accuracy': 0.8674666666666667, 'test_accuracy': 0.8655}} 
09-12 18:51 DEBUG    ****** PDM_KL matching ******** 
09-12 18:51 DEBUG    Best Sigma0: 0.5. Best sigma: 1 Best gamma: 10. Best Test accuracy: 0.878. Train acc: 0.8775333333333334. 

09-12 18:51 DEBUG    PDM_KL log: {(0.5, 1, 10): {'shapes': [(784, 343), (343,), (343, 10), (10,)], 'train_accuracy': 0.8775333333333334, 'test_accuracy': 0.878}} 
09-12 18:57 DEBUG    ****** PDM_KL matching ******** 
09-12 18:57 DEBUG    Best Sigma0: 0.5. Best sigma: 1 Best gamma: 10. Best Test accuracy: 0.8741. Train acc: 0.8772. 

09-12 18:57 DEBUG    PDM_KL log: {(0.5, 1, 10): {'shapes': [(784, 384), (384,), (384, 10), (10,)], 'train_accuracy': 0.8772, 'test_accuracy': 0.8741}} 
09-12 19:03 DEBUG    ****** PDM_KL matching ******** 
09-12 19:03 DEBUG    Best Sigma0: 0.5. Best sigma: 1 Best gamma: 10. Best Test accuracy: 0.855. Train acc: 0.8606666666666667. 

09-12 19:03 DEBUG    PDM_KL log: {(0.5, 1, 10): {'shapes': [(784, 397), (397,), (397, 10), (10,)], 'train_accuracy': 0.8606666666666667, 'test_accuracy': 0.855}} 
09-12 19:10 DEBUG    ****** PDM_KL matching ******** 
09-12 19:10 DEBUG    Best Sigma0: 0.5. Best sigma: 1 Best gamma: 10. Best Test accuracy: 0.8172. Train acc: 0.8145166666666667. 

09-12 19:10 DEBUG    PDM_KL log: {(0.5, 1, 10): {'shapes': [(784, 350), (350,), (350, 10), (10,)], 'train_accuracy': 0.8145166666666667, 'test_accuracy': 0.8172}} 
09-12 19:11 DEBUG    ****** PDM_KL matching ******** 
09-12 19:11 DEBUG    Best Sigma0: 0.5. Best sigma: 1 Best gamma: 10. Best Test accuracy: 0.0892. Train acc: 0.09035. 

09-12 19:11 DEBUG    PDM_KL log: {(0.5, 1, 10): {'shapes': [(784, 148), (148,), (148, 10), (10,)], 'train_accuracy': 0.09035, 'test_accuracy': 0.0892}} 
09-12 19:12 DEBUG    ****** PDM_KL matching ******** 
09-12 19:12 DEBUG    Best Sigma0: 0.5. Best sigma: 1 Best gamma: 10. Best Test accuracy: 0.0892. Train acc: 0.09035. 

09-12 19:12 DEBUG    PDM_KL log: {(0.5, 1, 10): {'shapes': [(784, 148), (148,), (148, 10), (10,)], 'train_accuracy': 0.09035, 'test_accuracy': 0.0892}} 
09-12 19:12 DEBUG    Trial 6 completed
09-12 19:12 DEBUG    ####################################################################################################
09-12 19:12 DEBUG    ####################################################################################################
09-12 19:12 DEBUG    Executing Trial 7 with seed 7
09-12 19:12 DEBUG    Data statistics: {0: {0: 21, 1: 456, 2: 122, 3: 525, 4: 844, 5: 16, 6: 112, 7: 48, 8: 112, 9: 137}, 1: {0: 66, 1: 232, 2: 275, 3: 203, 4: 45, 5: 82, 6: 198, 7: 55, 8: 2, 9: 193}, 2: {0: 1896, 1: 977}, 3: {0: 234, 1: 345, 2: 491, 3: 109, 4: 62, 5: 182, 7: 109, 8: 247, 9: 883}, 4: {0: 134, 1: 40, 2: 830, 3: 3, 4: 31, 5: 2, 6: 5, 7: 261, 8: 32, 9: 191}, 5: {0: 56, 1: 22, 2: 28, 4: 47, 5: 84, 6: 58, 7: 41, 8: 351, 9: 9}, 6: {0: 333, 1: 479, 2: 70, 3: 1, 4: 691, 5: 11, 6: 19, 7: 75, 8: 130}, 7: {0: 57, 1: 213, 2: 287, 3: 3, 4: 479, 5: 2, 6: 671, 7: 98, 8: 121, 9: 12}, 8: {0: 54, 1: 35, 2: 446, 3: 45, 4: 128, 5: 54, 6: 52, 7: 129, 8: 941, 9: 191}, 9: {0: 279, 1: 790, 2: 7, 3: 1, 4: 126, 5: 41, 6: 256, 7: 1809}, 10: {0: 135, 1: 263, 2: 163, 4: 553, 5: 521, 6: 446, 7: 61, 8: 330}, 11: {0: 383, 1: 3, 2: 471, 3: 269, 4: 2, 5: 1333}, 12: {0: 11, 1: 172, 2: 449, 3: 11, 4: 130, 5: 60, 6: 502, 7: 458, 8: 396, 9: 447}, 13: {1: 151, 2: 32, 3: 79, 4: 385, 5: 151, 6: 861, 7: 348, 8: 179, 9: 1093}, 14: {0: 161, 1: 808, 2: 105, 3: 572, 4: 343, 5: 294, 6: 20, 7: 19, 8: 2345}, 15: {0: 129, 1: 62, 2: 324, 3: 857, 4: 3, 5: 458, 6: 50, 7: 289, 8: 317}, 16: {0: 39, 1: 269, 2: 33, 3: 276, 4: 86, 5: 1441, 6: 49, 7: 628}, 17: {0: 353, 1: 303, 2: 49, 3: 1038, 4: 227, 5: 109, 6: 40, 7: 2, 8: 53, 9: 902}, 18: {0: 5, 1: 91, 2: 13, 3: 73, 4: 274, 5: 2, 6: 171, 7: 1093, 8: 113, 9: 1}, 19: {0: 26, 1: 48, 2: 4, 3: 925, 4: 20, 5: 188, 6: 121, 7: 194, 8: 1, 9: 1711}, 20: {0: 15, 1: 70, 2: 475, 3: 73, 4: 254, 5: 357, 6: 289, 7: 84, 8: 7}, 21: {0: 1396, 1: 581, 3: 240, 4: 391}, 22: {1: 209, 2: 1268, 4: 192, 5: 13, 6: 1879}, 23: {0: 13, 1: 68, 2: 15, 3: 512, 4: 379, 5: 16, 6: 58, 7: 104, 8: 46, 9: 150}, 24: {0: 127, 1: 55, 2: 1, 3: 316, 4: 150, 5: 4, 6: 61, 7: 360, 8: 128, 9: 29}}
09-12 19:13 DEBUG    **************************************************
09-12 19:13 DEBUG    Running experiments 

09-12 19:13 DEBUG    Uniform ensemble (Train acc): 0.938900
09-12 19:13 DEBUG    Uniform ensemble (Test acc): 0.938300
09-12 19:13 DEBUG    FedAvg (Train acc): 0.200033
09-12 19:13 DEBUG    FedAvg (Test acc): 0.205100
09-12 19:15 DEBUG    ****** PDM_KL matching ******** 
09-12 19:15 DEBUG    Best Sigma0: 0.5. Best sigma: 1 Best gamma: 10. Best Test accuracy: 0.845. Train acc: 0.8488. 

09-12 19:15 DEBUG    PDM_KL log: {(0.5, 1, 10): {'shapes': [(784, 338), (338,), (338, 10), (10,)], 'train_accuracy': 0.8488, 'test_accuracy': 0.845}} 
09-12 19:19 DEBUG    ****** PDM_KL matching ******** 
09-12 19:19 DEBUG    Best Sigma0: 0.5. Best sigma: 1 Best gamma: 10. Best Test accuracy: 0.8394. Train acc: 0.8431833333333333. 

09-12 19:19 DEBUG    PDM_KL log: {(0.5, 1, 10): {'shapes': [(784, 342), (342,), (342, 10), (10,)], 'train_accuracy': 0.8431833333333333, 'test_accuracy': 0.8394}} 
09-12 19:22 DEBUG    ****** PDM_KL matching ******** 
09-12 19:22 DEBUG    Best Sigma0: 0.5. Best sigma: 1 Best gamma: 10. Best Test accuracy: 0.8452. Train acc: 0.84865. 

09-12 19:22 DEBUG    PDM_KL log: {(0.5, 1, 10): {'shapes': [(784, 343), (343,), (343, 10), (10,)], 'train_accuracy': 0.84865, 'test_accuracy': 0.8452}} 
09-12 19:26 DEBUG    ****** PDM_KL matching ******** 
09-12 19:26 DEBUG    Best Sigma0: 0.5. Best sigma: 1 Best gamma: 10. Best Test accuracy: 0.8392. Train acc: 0.8420166666666666. 

09-12 19:26 DEBUG    PDM_KL log: {(0.5, 1, 10): {'shapes': [(784, 343), (343,), (343, 10), (10,)], 'train_accuracy': 0.8420166666666666, 'test_accuracy': 0.8392}} 
09-12 19:30 DEBUG    ****** PDM_KL matching ******** 
09-12 19:30 DEBUG    Best Sigma0: 0.5. Best sigma: 1 Best gamma: 10. Best Test accuracy: 0.8486. Train acc: 0.8539333333333333. 

09-12 19:30 DEBUG    PDM_KL log: {(0.5, 1, 10): {'shapes': [(784, 360), (360,), (360, 10), (10,)], 'train_accuracy': 0.8539333333333333, 'test_accuracy': 0.8486}} 
09-12 19:34 DEBUG    ****** PDM_KL matching ******** 
09-12 19:34 DEBUG    Best Sigma0: 0.5. Best sigma: 1 Best gamma: 10. Best Test accuracy: 0.8507. Train acc: 0.8548333333333333. 

09-12 19:34 DEBUG    PDM_KL log: {(0.5, 1, 10): {'shapes': [(784, 351), (351,), (351, 10), (10,)], 'train_accuracy': 0.8548333333333333, 'test_accuracy': 0.8507}} 
09-12 19:39 DEBUG    ****** PDM_KL matching ******** 
09-12 19:39 DEBUG    Best Sigma0: 0.5. Best sigma: 1 Best gamma: 10. Best Test accuracy: 0.8665. Train acc: 0.8710333333333333. 

09-12 19:39 DEBUG    PDM_KL log: {(0.5, 1, 10): {'shapes': [(784, 386), (386,), (386, 10), (10,)], 'train_accuracy': 0.8710333333333333, 'test_accuracy': 0.8665}} 
09-12 19:43 DEBUG    ****** PDM_KL matching ******** 
09-12 19:43 DEBUG    Best Sigma0: 0.5. Best sigma: 1 Best gamma: 10. Best Test accuracy: 0.8724. Train acc: 0.87395. 

09-12 19:43 DEBUG    PDM_KL log: {(0.5, 1, 10): {'shapes': [(784, 393), (393,), (393, 10), (10,)], 'train_accuracy': 0.87395, 'test_accuracy': 0.8724}} 
09-12 19:48 DEBUG    ****** PDM_KL matching ******** 
09-12 19:48 DEBUG    Best Sigma0: 0.5. Best sigma: 1 Best gamma: 10. Best Test accuracy: 0.8745. Train acc: 0.8698666666666667. 

09-12 19:48 DEBUG    PDM_KL log: {(0.5, 1, 10): {'shapes': [(784, 330), (330,), (330, 10), (10,)], 'train_accuracy': 0.8698666666666667, 'test_accuracy': 0.8745}} 
09-12 19:49 DEBUG    ****** PDM_KL matching ******** 
09-12 19:49 DEBUG    Best Sigma0: 0.5. Best sigma: 1 Best gamma: 10. Best Test accuracy: 0.0974. Train acc: 0.09751666666666667. 

09-12 19:49 DEBUG    PDM_KL log: {(0.5, 1, 10): {'shapes': [(784, 148), (148,), (148, 10), (10,)], 'train_accuracy': 0.09751666666666667, 'test_accuracy': 0.0974}} 
09-12 19:50 DEBUG    ****** PDM_KL matching ******** 
09-12 19:50 DEBUG    Best Sigma0: 0.5. Best sigma: 1 Best gamma: 10. Best Test accuracy: 0.0974. Train acc: 0.09751666666666667. 

09-12 19:50 DEBUG    PDM_KL log: {(0.5, 1, 10): {'shapes': [(784, 148), (148,), (148, 10), (10,)], 'train_accuracy': 0.09751666666666667, 'test_accuracy': 0.0974}} 
09-12 19:50 DEBUG    Trial 7 completed
09-12 19:50 DEBUG    ####################################################################################################
09-12 19:50 DEBUG    ####################################################################################################
09-12 19:50 DEBUG    Executing Trial 8 with seed 8
09-12 19:50 DEBUG    Data statistics: {0: {0: 249, 1: 609, 2: 855, 3: 286, 4: 1188}, 1: {0: 195, 1: 905, 2: 305, 3: 130, 4: 15, 5: 151, 6: 111, 7: 139, 8: 836}, 2: {0: 153, 1: 14, 2: 46, 3: 73, 4: 291, 5: 419, 6: 2, 7: 145, 8: 51, 9: 190}, 3: {0: 188, 1: 521, 2: 2, 3: 1368, 4: 23, 5: 156, 6: 221}, 4: {0: 83, 1: 118, 2: 1098, 3: 144, 4: 53, 5: 3, 6: 286, 7: 76, 8: 76, 9: 21}, 5: {0: 237, 1: 7, 2: 39, 3: 141, 4: 15, 5: 22, 6: 145, 7: 128, 8: 16, 9: 956}, 6: {0: 1099, 1: 63, 3: 146, 4: 206, 5: 209, 6: 71, 7: 85, 8: 6}, 7: {0: 34, 1: 243, 2: 17, 3: 114, 4: 7, 5: 92, 6: 233, 7: 139, 8: 63, 9: 239}, 8: {0: 204, 1: 45, 2: 33, 3: 952, 4: 7, 6: 35, 7: 65, 8: 548, 9: 657}, 9: {0: 65, 1: 15, 2: 46, 3: 192, 4: 153, 5: 95, 6: 37, 7: 205, 8: 901, 9: 4}, 10: {0: 78, 1: 278, 2: 181, 3: 877, 4: 5, 5: 1007}, 11: {0: 350, 1: 531, 2: 685, 3: 233, 4: 183, 5: 17, 6: 5, 7: 1163}, 12: {0: 62, 1: 553, 2: 494, 3: 263, 4: 569, 5: 331, 6: 6, 7: 13, 8: 546}, 13: {0: 561, 1: 329, 2: 15, 3: 12, 4: 192, 5: 245, 7: 63, 8: 216, 9: 91}, 14: {0: 339, 1: 28, 3: 8, 4: 2, 5: 181, 6: 1005, 7: 2, 8: 552, 9: 465}, 15: {0: 208, 1: 915, 2: 1, 3: 151, 4: 27, 5: 12, 6: 36, 7: 242, 8: 89, 9: 940}, 16: {0: 18, 2: 82, 3: 23, 4: 253, 5: 650, 6: 162, 7: 166, 8: 366, 9: 314}, 17: {0: 612, 1: 449, 3: 325, 4: 76, 5: 529, 6: 124, 7: 57, 8: 88, 9: 16}, 18: {0: 2, 1: 168, 2: 186, 3: 24, 4: 351, 5: 4, 6: 5, 7: 328, 8: 75, 9: 383}, 19: {0: 801, 1: 176, 2: 764, 3: 114, 4: 1365}, 20: {0: 17, 1: 67, 2: 5, 3: 361, 4: 16, 5: 26, 6: 57, 7: 270, 8: 10, 9: 1632}, 21: {0: 105, 1: 20, 2: 174, 3: 110, 4: 581, 5: 210, 6: 1910}, 22: {0: 181, 1: 352, 2: 572, 3: 63, 4: 56, 5: 74, 6: 11, 7: 60, 8: 1406}, 23: {0: 40, 1: 302, 2: 87, 3: 16, 4: 70, 5: 475, 6: 712, 7: 432, 8: 5, 9: 40}, 24: {0: 42, 1: 34, 2: 271, 3: 5, 4: 138, 5: 513, 6: 744, 7: 2487, 8: 1, 9: 1}}
09-12 19:51 DEBUG    **************************************************
09-12 19:51 DEBUG    Running experiments 

09-12 19:52 DEBUG    Uniform ensemble (Train acc): 0.940450
09-12 19:52 DEBUG    Uniform ensemble (Test acc): 0.939700
09-12 19:52 DEBUG    FedAvg (Train acc): 0.179933
09-12 19:52 DEBUG    FedAvg (Test acc): 0.181200
09-12 19:54 DEBUG    ****** PDM_KL matching ******** 
09-12 19:54 DEBUG    Best Sigma0: 0.5. Best sigma: 1 Best gamma: 10. Best Test accuracy: 0.8353. Train acc: 0.8419166666666666. 

09-12 19:54 DEBUG    PDM_KL log: {(0.5, 1, 10): {'shapes': [(784, 349), (349,), (349, 10), (10,)], 'train_accuracy': 0.8419166666666666, 'test_accuracy': 0.8353}} 
09-12 19:57 DEBUG    ****** PDM_KL matching ******** 
09-12 19:57 DEBUG    Best Sigma0: 0.5. Best sigma: 1 Best gamma: 10. Best Test accuracy: 0.8423. Train acc: 0.8490833333333333. 

09-12 19:57 DEBUG    PDM_KL log: {(0.5, 1, 10): {'shapes': [(784, 347), (347,), (347, 10), (10,)], 'train_accuracy': 0.8490833333333333, 'test_accuracy': 0.8423}} 
09-12 20:00 DEBUG    ****** PDM_KL matching ******** 
09-12 20:00 DEBUG    Best Sigma0: 0.5. Best sigma: 1 Best gamma: 10. Best Test accuracy: 0.8361. Train acc: 0.842. 

09-12 20:00 DEBUG    PDM_KL log: {(0.5, 1, 10): {'shapes': [(784, 339), (339,), (339, 10), (10,)], 'train_accuracy': 0.842, 'test_accuracy': 0.8361}} 
09-12 20:04 DEBUG    ****** PDM_KL matching ******** 
09-12 20:04 DEBUG    Best Sigma0: 0.5. Best sigma: 1 Best gamma: 10. Best Test accuracy: 0.8398. Train acc: 0.8455. 

09-12 20:04 DEBUG    PDM_KL log: {(0.5, 1, 10): {'shapes': [(784, 353), (353,), (353, 10), (10,)], 'train_accuracy': 0.8455, 'test_accuracy': 0.8398}} 
09-12 20:08 DEBUG    ****** PDM_KL matching ******** 
09-12 20:08 DEBUG    Best Sigma0: 0.5. Best sigma: 1 Best gamma: 10. Best Test accuracy: 0.8342. Train acc: 0.8397333333333333. 

09-12 20:08 DEBUG    PDM_KL log: {(0.5, 1, 10): {'shapes': [(784, 355), (355,), (355, 10), (10,)], 'train_accuracy': 0.8397333333333333, 'test_accuracy': 0.8342}} 
09-12 20:12 DEBUG    ****** PDM_KL matching ******** 
09-12 20:12 DEBUG    Best Sigma0: 0.5. Best sigma: 1 Best gamma: 10. Best Test accuracy: 0.839. Train acc: 0.8447. 

09-12 20:12 DEBUG    PDM_KL log: {(0.5, 1, 10): {'shapes': [(784, 360), (360,), (360, 10), (10,)], 'train_accuracy': 0.8447, 'test_accuracy': 0.839}} 
09-12 20:16 DEBUG    ****** PDM_KL matching ******** 
09-12 20:16 DEBUG    Best Sigma0: 0.5. Best sigma: 1 Best gamma: 10. Best Test accuracy: 0.8299. Train acc: 0.8386833333333333. 

09-12 20:16 DEBUG    PDM_KL log: {(0.5, 1, 10): {'shapes': [(784, 404), (404,), (404, 10), (10,)], 'train_accuracy': 0.8386833333333333, 'test_accuracy': 0.8299}} 
09-12 20:20 DEBUG    ****** PDM_KL matching ******** 
09-12 20:20 DEBUG    Best Sigma0: 0.5. Best sigma: 1 Best gamma: 10. Best Test accuracy: 0.8318. Train acc: 0.8377166666666667. 

09-12 20:20 DEBUG    PDM_KL log: {(0.5, 1, 10): {'shapes': [(784, 427), (427,), (427, 10), (10,)], 'train_accuracy': 0.8377166666666667, 'test_accuracy': 0.8318}} 
09-12 20:24 DEBUG    ****** PDM_KL matching ******** 
09-12 20:24 DEBUG    Best Sigma0: 0.5. Best sigma: 1 Best gamma: 10. Best Test accuracy: 0.8141. Train acc: 0.8178833333333333. 

09-12 20:24 DEBUG    PDM_KL log: {(0.5, 1, 10): {'shapes': [(784, 329), (329,), (329, 10), (10,)], 'train_accuracy': 0.8178833333333333, 'test_accuracy': 0.8141}} 
09-12 20:25 DEBUG    ****** PDM_KL matching ******** 
09-12 20:25 DEBUG    Best Sigma0: 0.5. Best sigma: 1 Best gamma: 10. Best Test accuracy: 0.0892. Train acc: 0.09035. 

09-12 20:25 DEBUG    PDM_KL log: {(0.5, 1, 10): {'shapes': [(784, 148), (148,), (148, 10), (10,)], 'train_accuracy': 0.09035, 'test_accuracy': 0.0892}} 
09-12 20:26 DEBUG    ****** PDM_KL matching ******** 
09-12 20:26 DEBUG    Best Sigma0: 0.5. Best sigma: 1 Best gamma: 10. Best Test accuracy: 0.0892. Train acc: 0.09035. 

09-12 20:26 DEBUG    PDM_KL log: {(0.5, 1, 10): {'shapes': [(784, 148), (148,), (148, 10), (10,)], 'train_accuracy': 0.09035, 'test_accuracy': 0.0892}} 
09-12 20:26 DEBUG    Trial 8 completed
09-12 20:26 DEBUG    ####################################################################################################
09-12 20:26 DEBUG    ####################################################################################################
09-12 20:26 DEBUG    Executing Trial 9 with seed 9
09-12 20:26 DEBUG    Data statistics: {0: {0: 92, 1: 51, 2: 206, 3: 8, 4: 28, 5: 206, 6: 1, 7: 69, 8: 2, 9: 216}, 1: {0: 743, 1: 915, 2: 17, 3: 943}, 2: {0: 78, 1: 4, 2: 1, 3: 47, 4: 224, 5: 14, 6: 287, 7: 1, 8: 31, 9: 58}, 3: {0: 147, 1: 1, 2: 9, 3: 1, 4: 1529, 5: 427, 6: 587}, 4: {0: 199, 1: 1340, 2: 380, 3: 463, 4: 455}, 5: {0: 504, 1: 410, 2: 442, 3: 8, 4: 92, 5: 4, 6: 161, 7: 317, 8: 4, 9: 1618}, 6: {0: 27, 1: 423, 2: 42, 3: 3, 4: 14, 5: 99, 6: 27, 7: 557, 8: 105, 9: 6}, 7: {0: 164, 1: 228, 2: 491, 3: 183, 4: 443, 5: 234, 6: 141, 7: 27, 8: 888}, 8: {0: 41, 1: 75, 2: 173, 3: 344, 4: 63, 5: 25, 6: 201, 7: 44, 8: 496, 9: 35}, 9: {0: 175, 1: 885, 2: 57, 3: 603, 4: 14, 5: 236, 6: 1, 7: 323, 8: 359}, 10: {0: 6, 2: 594, 3: 738, 4: 128, 5: 82, 6: 399, 7: 776}, 11: {0: 50, 1: 5, 2: 218, 3: 99, 4: 46, 5: 121, 6: 129, 8: 320, 9: 435}, 12: {0: 300, 1: 92, 2: 799, 3: 9, 4: 224, 5: 306, 6: 730}, 13: {0: 175, 1: 168, 2: 958, 3: 137, 4: 220, 5: 85, 6: 665}, 14: {0: 694, 1: 5, 2: 3, 3: 814, 4: 20, 5: 137, 6: 13, 7: 92, 8: 21, 9: 760}, 15: {0: 146, 1: 92, 2: 257, 3: 69, 4: 15, 5: 232, 7: 337, 8: 1, 9: 68}, 16: {0: 417, 1: 154, 2: 362, 3: 286, 5: 868, 6: 30, 7: 1249}, 17: {0: 13, 1: 361, 2: 36, 3: 23, 5: 233, 6: 946, 7: 10, 8: 19, 9: 680}, 18: {0: 75, 1: 42, 2: 2, 3: 143, 4: 133, 5: 245, 6: 224, 7: 370, 8: 556, 9: 1417}, 19: {0: 135, 1: 331, 2: 7, 3: 852, 4: 106, 5: 490, 6: 46, 7: 591}, 20: {0: 90, 1: 411, 2: 31, 3: 7, 4: 709, 5: 97, 6: 552, 7: 379, 8: 339}, 21: {0: 7, 1: 61, 2: 340, 3: 52, 4: 186, 5: 709, 7: 359, 8: 2, 9: 268}, 22: {0: 956, 1: 141, 2: 290, 3: 54, 4: 99, 5: 403, 6: 26, 7: 191, 8: 2424}, 23: {0: 677, 1: 106, 2: 65, 3: 243, 4: 996, 5: 97, 6: 372}, 24: {0: 12, 1: 441, 2: 178, 3: 2, 4: 98, 5: 71, 6: 380, 7: 573, 8: 284, 9: 388}}
09-12 20:26 DEBUG    **************************************************
09-12 20:26 DEBUG    Running experiments 

09-12 20:27 DEBUG    Uniform ensemble (Train acc): 0.937250
09-12 20:27 DEBUG    Uniform ensemble (Test acc): 0.938700
09-12 20:27 DEBUG    FedAvg (Train acc): 0.136700
09-12 20:27 DEBUG    FedAvg (Test acc): 0.130800
09-12 20:28 DEBUG    ****** PDM_KL matching ******** 
09-12 20:28 DEBUG    Best Sigma0: 0.5. Best sigma: 1 Best gamma: 10. Best Test accuracy: 0.8276. Train acc: 0.82875. 

09-12 20:28 DEBUG    PDM_KL log: {(0.5, 1, 10): {'shapes': [(784, 352), (352,), (352, 10), (10,)], 'train_accuracy': 0.82875, 'test_accuracy': 0.8276}} 
09-12 20:31 DEBUG    ****** PDM_KL matching ******** 
09-12 20:31 DEBUG    Best Sigma0: 0.5. Best sigma: 1 Best gamma: 10. Best Test accuracy: 0.8351. Train acc: 0.8361166666666666. 

09-12 20:31 DEBUG    PDM_KL log: {(0.5, 1, 10): {'shapes': [(784, 352), (352,), (352, 10), (10,)], 'train_accuracy': 0.8361166666666666, 'test_accuracy': 0.8351}} 
09-12 20:34 DEBUG    ****** PDM_KL matching ******** 
09-12 20:34 DEBUG    Best Sigma0: 0.5. Best sigma: 1 Best gamma: 10. Best Test accuracy: 0.8338. Train acc: 0.8373833333333334. 

09-12 20:34 DEBUG    PDM_KL log: {(0.5, 1, 10): {'shapes': [(784, 349), (349,), (349, 10), (10,)], 'train_accuracy': 0.8373833333333334, 'test_accuracy': 0.8338}} 
09-12 20:36 DEBUG    ****** PDM_KL matching ******** 
09-12 20:36 DEBUG    Best Sigma0: 0.5. Best sigma: 1 Best gamma: 10. Best Test accuracy: 0.831. Train acc: 0.83455. 

09-12 20:36 DEBUG    PDM_KL log: {(0.5, 1, 10): {'shapes': [(784, 361), (361,), (361, 10), (10,)], 'train_accuracy': 0.83455, 'test_accuracy': 0.831}} 
09-12 20:39 DEBUG    ****** PDM_KL matching ******** 
09-12 20:39 DEBUG    Best Sigma0: 0.5. Best sigma: 1 Best gamma: 10. Best Test accuracy: 0.8391. Train acc: 0.8428333333333333. 

09-12 20:39 DEBUG    PDM_KL log: {(0.5, 1, 10): {'shapes': [(784, 343), (343,), (343, 10), (10,)], 'train_accuracy': 0.8428333333333333, 'test_accuracy': 0.8391}} 
09-12 20:41 DEBUG    ****** PDM_KL matching ******** 
09-12 20:41 DEBUG    Best Sigma0: 0.5. Best sigma: 1 Best gamma: 10. Best Test accuracy: 0.8336. Train acc: 0.83805. 

09-12 20:41 DEBUG    PDM_KL log: {(0.5, 1, 10): {'shapes': [(784, 359), (359,), (359, 10), (10,)], 'train_accuracy': 0.83805, 'test_accuracy': 0.8336}} 
09-12 20:45 DEBUG    ****** PDM_KL matching ******** 
09-12 20:45 DEBUG    Best Sigma0: 0.5. Best sigma: 1 Best gamma: 10. Best Test accuracy: 0.8289. Train acc: 0.8291666666666667. 

09-12 20:45 DEBUG    PDM_KL log: {(0.5, 1, 10): {'shapes': [(784, 404), (404,), (404, 10), (10,)], 'train_accuracy': 0.8291666666666667, 'test_accuracy': 0.8289}} 
09-12 20:49 DEBUG    ****** PDM_KL matching ******** 
09-12 20:49 DEBUG    Best Sigma0: 0.5. Best sigma: 1 Best gamma: 10. Best Test accuracy: 0.8305. Train acc: 0.82985. 

09-12 20:49 DEBUG    PDM_KL log: {(0.5, 1, 10): {'shapes': [(784, 419), (419,), (419, 10), (10,)], 'train_accuracy': 0.82985, 'test_accuracy': 0.8305}} 
09-12 20:53 DEBUG    ****** PDM_KL matching ******** 
09-12 20:53 DEBUG    Best Sigma0: 0.5. Best sigma: 1 Best gamma: 10. Best Test accuracy: 0.7981. Train acc: 0.7960333333333334. 

09-12 20:53 DEBUG    PDM_KL log: {(0.5, 1, 10): {'shapes': [(784, 300), (300,), (300, 10), (10,)], 'train_accuracy': 0.7960333333333334, 'test_accuracy': 0.7981}} 
09-12 20:54 DEBUG    ****** PDM_KL matching ******** 
09-12 20:54 DEBUG    Best Sigma0: 0.5. Best sigma: 1 Best gamma: 10. Best Test accuracy: 0.0892. Train acc: 0.09035. 

09-12 20:54 DEBUG    PDM_KL log: {(0.5, 1, 10): {'shapes': [(784, 148), (148,), (148, 10), (10,)], 'train_accuracy': 0.09035, 'test_accuracy': 0.0892}} 
09-12 20:55 DEBUG    ****** PDM_KL matching ******** 
09-12 20:55 DEBUG    Best Sigma0: 0.5. Best sigma: 1 Best gamma: 10. Best Test accuracy: 0.0892. Train acc: 0.09035. 

09-12 20:55 DEBUG    PDM_KL log: {(0.5, 1, 10): {'shapes': [(784, 148), (148,), (148, 10), (10,)], 'train_accuracy': 0.09035, 'test_accuracy': 0.0892}} 
09-12 20:55 DEBUG    Trial 9 completed
09-12 20:55 DEBUG    ####################################################################################################
