09-11 21:22 DEBUG    Experiment arguments: Namespace(alpha=0.5, communication_rounds=None, datadir='data/mnist', dataset='mnist', device=1.0, dropout_p=0.0, epochs=10, experiment=['all'], init_seed=0, iter_epochs=5, layers=0, loaddir='saved_weights/mnist/hetero-dir', logdir='KL_regs/mnist/hetero-dir', lr=0.01, lr_decay=1.0, n=30, n_layers=1, n_nets=25, net_config=[784, 100, 10], num_pool_workers=7, partition='hetero-dir', pdm_gamma=1.0, pdm_sig=1.0, pdm_sig0=1.0, reg=1e-06, reg_fac=0.0, trials=1)
09-11 21:22 DEBUG    ####################################################################################################
09-11 21:22 DEBUG    Executing Trial 0 with seed 0
09-11 21:22 DEBUG    Data statistics: {0: {0: 193, 1: 300, 2: 32, 3: 420, 4: 67, 5: 5, 6: 1185, 7: 48, 8: 1002}, 1: {0: 263, 2: 76, 3: 16, 4: 1546, 5: 469, 6: 77}, 2: {0: 247, 1: 565, 2: 625, 3: 923, 4: 450}, 3: {0: 76, 1: 63, 2: 13, 3: 153, 4: 228, 5: 246, 6: 1, 7: 328, 8: 171, 9: 145}, 4: {0: 77, 1: 130, 2: 296, 3: 46, 4: 228, 5: 5, 6: 39, 7: 1, 8: 2041}, 5: {0: 33, 1: 707, 2: 125, 3: 204, 4: 63, 5: 32, 6: 715, 7: 260, 8: 733}, 6: {0: 459, 1: 697, 2: 827, 3: 243, 4: 35, 5: 126, 6: 95}, 7: {0: 177, 1: 197, 2: 409, 3: 307, 4: 67, 5: 582, 6: 16, 7: 652}, 8: {0: 76, 1: 7, 2: 3, 3: 293, 4: 9, 5: 249, 6: 17, 7: 370, 8: 3, 9: 536}, 9: {0: 298, 1: 223, 3: 705, 4: 159, 5: 450, 6: 503, 7: 75}, 10: {0: 1073, 1: 209, 2: 36, 3: 213, 4: 113, 5: 35, 6: 743}, 11: {0: 8, 1: 5, 3: 38, 4: 1044, 5: 3, 6: 898, 8: 1, 9: 95}, 12: {0: 92, 1: 389, 2: 100, 3: 192, 4: 9, 5: 37, 6: 225, 7: 103, 8: 459, 9: 758}, 13: {0: 1, 1: 739, 2: 92, 3: 55, 4: 40, 5: 90, 6: 46, 7: 30, 8: 337, 9: 791}, 14: {0: 1, 3: 153, 4: 104, 5: 386, 6: 56, 7: 241, 8: 463, 9: 1139}, 15: {0: 45, 1: 78, 2: 101, 3: 143, 4: 9, 5: 175, 6: 126, 7: 2149}, 16: {0: 178, 1: 171, 2: 142, 3: 120, 4: 1, 5: 84, 6: 33, 7: 77, 8: 212, 9: 172}, 17: {0: 130, 1: 354, 2: 838, 3: 148, 5: 327, 6: 310, 7: 760}, 18: {1: 246, 2: 73, 3: 487, 4: 76, 6: 228, 7: 11, 8: 17, 9: 1}, 19: {0: 7, 1: 108, 2: 470, 3: 365, 4: 783, 5: 62, 6: 52, 7: 5, 8: 290, 9: 1024}, 20: {0: 754, 1: 374, 2: 1046, 4: 183, 5: 649}, 21: {1: 187, 2: 174, 3: 61, 4: 14, 5: 741, 6: 535, 7: 1071}, 22: {0: 12, 1: 61, 2: 23, 3: 776, 4: 584, 5: 601, 6: 15, 7: 53, 8: 70, 9: 1089}, 23: {0: 1435, 1: 838, 2: 330}, 24: {0: 288, 1: 94, 2: 127, 3: 70, 4: 30, 5: 67, 6: 3, 7: 31, 8: 52, 9: 199}}
09-11 21:23 DEBUG    **************************************************
09-11 21:23 DEBUG    Running experiments 

09-11 21:23 DEBUG    Uniform ensemble (Train acc): 0.918467
09-11 21:23 DEBUG    Uniform ensemble (Test acc): 0.913800
09-11 21:23 DEBUG    FedAvg (Train acc): 0.196217
09-11 21:23 DEBUG    FedAvg (Test acc): 0.195300
09-11 21:28 DEBUG    ****** PDM_KL matching ******** 
09-11 21:28 DEBUG    Best Sigma0: 0.5. Best sigma: 1 Best gamma: 10. Best Test accuracy: 0.8379. Train acc: 0.84115. 

09-11 21:28 DEBUG    PDM_KL log: {(0.5, 1, 10): {'shapes': [(784, 352), (352,), (352, 10), (10,)], 'train_accuracy': 0.84115, 'test_accuracy': 0.8379}} 
09-11 21:37 DEBUG    ****** PDM_KL matching ******** 
09-11 21:37 DEBUG    Best Sigma0: 0.5. Best sigma: 1 Best gamma: 10. Best Test accuracy: 0.833. Train acc: 0.8342833333333334. 

09-11 21:37 DEBUG    PDM_KL log: {(0.5, 1, 10): {'shapes': [(784, 353), (353,), (353, 10), (10,)], 'train_accuracy': 0.8342833333333334, 'test_accuracy': 0.833}} 
09-11 21:45 DEBUG    ****** PDM_KL matching ******** 
09-11 21:45 DEBUG    Best Sigma0: 0.5. Best sigma: 1 Best gamma: 10. Best Test accuracy: 0.8383. Train acc: 0.8413833333333334. 

09-11 21:45 DEBUG    PDM_KL log: {(0.5, 1, 10): {'shapes': [(784, 352), (352,), (352, 10), (10,)], 'train_accuracy': 0.8413833333333334, 'test_accuracy': 0.8383}} 
09-11 21:54 DEBUG    ****** PDM_KL matching ******** 
09-11 21:54 DEBUG    Best Sigma0: 0.5. Best sigma: 1 Best gamma: 10. Best Test accuracy: 0.8425. Train acc: 0.8457833333333333. 

09-11 21:54 DEBUG    PDM_KL log: {(0.5, 1, 10): {'shapes': [(784, 349), (349,), (349, 10), (10,)], 'train_accuracy': 0.8457833333333333, 'test_accuracy': 0.8425}} 
09-11 22:02 DEBUG    ****** PDM_KL matching ******** 
09-11 22:02 DEBUG    Best Sigma0: 0.5. Best sigma: 1 Best gamma: 10. Best Test accuracy: 0.8377. Train acc: 0.8401. 

09-11 22:02 DEBUG    PDM_KL log: {(0.5, 1, 10): {'shapes': [(784, 357), (357,), (357, 10), (10,)], 'train_accuracy': 0.8401, 'test_accuracy': 0.8377}} 
09-11 22:10 DEBUG    ****** PDM_KL matching ******** 
09-11 22:10 DEBUG    Best Sigma0: 0.5. Best sigma: 1 Best gamma: 10. Best Test accuracy: 0.8345. Train acc: 0.8393. 

09-11 22:10 DEBUG    PDM_KL log: {(0.5, 1, 10): {'shapes': [(784, 356), (356,), (356, 10), (10,)], 'train_accuracy': 0.8393, 'test_accuracy': 0.8345}} 
09-11 22:19 DEBUG    ****** PDM_KL matching ******** 
09-11 22:19 DEBUG    Best Sigma0: 0.5. Best sigma: 1 Best gamma: 10. Best Test accuracy: 0.8207. Train acc: 0.8204. 

09-11 22:19 DEBUG    PDM_KL log: {(0.5, 1, 10): {'shapes': [(784, 405), (405,), (405, 10), (10,)], 'train_accuracy': 0.8204, 'test_accuracy': 0.8207}} 
09-11 22:28 DEBUG    ****** PDM_KL matching ******** 
09-11 22:28 DEBUG    Best Sigma0: 0.5. Best sigma: 1 Best gamma: 10. Best Test accuracy: 0.828. Train acc: 0.8313333333333334. 

09-11 22:28 DEBUG    PDM_KL log: {(0.5, 1, 10): {'shapes': [(784, 407), (407,), (407, 10), (10,)], 'train_accuracy': 0.8313333333333334, 'test_accuracy': 0.828}} 
09-11 22:34 DEBUG    ****** PDM_KL matching ******** 
09-11 22:34 DEBUG    Best Sigma0: 0.5. Best sigma: 1 Best gamma: 10. Best Test accuracy: 0.7737. Train acc: 0.7801833333333333. 

09-11 22:34 DEBUG    PDM_KL log: {(0.5, 1, 10): {'shapes': [(784, 304), (304,), (304, 10), (10,)], 'train_accuracy': 0.7801833333333333, 'test_accuracy': 0.7737}} 
09-11 22:35 DEBUG    ****** PDM_KL matching ******** 
09-11 22:35 DEBUG    Best Sigma0: 0.5. Best sigma: 1 Best gamma: 10. Best Test accuracy: 0.0892. Train acc: 0.09035. 

09-11 22:35 DEBUG    PDM_KL log: {(0.5, 1, 10): {'shapes': [(784, 148), (148,), (148, 10), (10,)], 'train_accuracy': 0.09035, 'test_accuracy': 0.0892}} 
09-11 22:36 DEBUG    ****** PDM_KL matching ******** 
09-11 22:36 DEBUG    Best Sigma0: 0.5. Best sigma: 1 Best gamma: 10. Best Test accuracy: 0.0892. Train acc: 0.09035. 

09-11 22:36 DEBUG    PDM_KL log: {(0.5, 1, 10): {'shapes': [(784, 148), (148,), (148, 10), (10,)], 'train_accuracy': 0.09035, 'test_accuracy': 0.0892}} 
09-11 22:36 DEBUG    Trial 0 completed
09-11 22:36 DEBUG    ####################################################################################################
