09-17 08:25 DEBUG    Experiment arguments: Namespace(alpha=0.5, communication_rounds=None, datadir='data/cifar10', dataset='cifar10', device=1.0, dropout_p=0.0, epochs=10, experiment=['all'], init_seed=0, iter_epochs=5, layers=0, loaddir='saved_weights/cifar10/homo', logdir='KL_regs_bst_hyp/cifar10/homo', lr=0.01, lr_decay=1.0, n=30, n_layers=1, n_nets=5, net_config=[3072, 100, 10], num_pool_workers=7, partition='homo', pdm_gamma=10, pdm_sig=1, pdm_sig0=10, reg=1e-06, reg_fac=0.0, trials=10)
09-17 08:25 DEBUG    ####################################################################################################
09-17 08:25 DEBUG    Executing Trial 0 with seed 0
09-17 08:25 DEBUG    Data statistics: {0: {0: 1004, 1: 986, 2: 1016, 3: 1030, 4: 967, 5: 1016, 6: 953, 7: 999, 8: 989, 9: 1040}, 1: {0: 997, 1: 1027, 2: 991, 3: 959, 4: 1039, 5: 965, 6: 1002, 7: 1002, 8: 987, 9: 1031}, 2: {0: 1009, 1: 960, 2: 999, 3: 982, 4: 1010, 5: 1018, 6: 1058, 7: 979, 8: 980, 9: 1005}, 3: {0: 984, 1: 1030, 2: 975, 3: 1037, 4: 990, 5: 980, 6: 1008, 7: 1034, 8: 985, 9: 977}, 4: {0: 1006, 1: 997, 2: 1019, 3: 992, 4: 994, 5: 1021, 6: 979, 7: 986, 8: 1059, 9: 947}}
09-17 08:26 DEBUG    **************************************************
09-17 08:26 DEBUG    Running experiments 

09-17 08:26 DEBUG    Uniform ensemble (Train acc): 0.442860
09-17 08:26 DEBUG    Uniform ensemble (Test acc): 0.437100
09-17 08:26 DEBUG    FedAvg (Train acc): 0.105780
09-17 08:26 DEBUG    FedAvg (Test acc): 0.107900
09-17 08:28 DEBUG    ****** PDM_KL matching ******** 
09-17 08:28 DEBUG    Best Sigma0: 10. Best sigma: 1 Best gamma: 10. Best Test accuracy: 0.4293. Train acc: 0.43806. 

09-17 08:28 DEBUG    PDM_KL log: {(10, 1, 10): {'shapes': [(3072, 464), (464,), (464, 10), (10,)], 'train_accuracy': 0.43806, 'test_accuracy': 0.4293}} 
09-17 08:35 DEBUG    ****** PDM_KL matching ******** 
09-17 08:35 DEBUG    Best Sigma0: 10. Best sigma: 1 Best gamma: 10. Best Test accuracy: 0.4293. Train acc: 0.43806. 

09-17 08:35 DEBUG    PDM_KL log: {(10, 1, 10): {'shapes': [(3072, 464), (464,), (464, 10), (10,)], 'train_accuracy': 0.43806, 'test_accuracy': 0.4293}} 
09-17 08:42 DEBUG    ****** PDM_KL matching ******** 
09-17 08:42 DEBUG    Best Sigma0: 10. Best sigma: 1 Best gamma: 10. Best Test accuracy: 0.4293. Train acc: 0.43806. 

09-17 08:42 DEBUG    PDM_KL log: {(10, 1, 10): {'shapes': [(3072, 464), (464,), (464, 10), (10,)], 'train_accuracy': 0.43806, 'test_accuracy': 0.4293}} 
09-17 08:49 DEBUG    ****** PDM_KL matching ******** 
09-17 08:49 DEBUG    Best Sigma0: 10. Best sigma: 1 Best gamma: 10. Best Test accuracy: 0.4293. Train acc: 0.43806. 

09-17 08:49 DEBUG    PDM_KL log: {(10, 1, 10): {'shapes': [(3072, 464), (464,), (464, 10), (10,)], 'train_accuracy': 0.43806, 'test_accuracy': 0.4293}} 
09-17 08:56 DEBUG    ****** PDM_KL matching ******** 
09-17 08:56 DEBUG    Best Sigma0: 10. Best sigma: 1 Best gamma: 10. Best Test accuracy: 0.4293. Train acc: 0.43806. 

09-17 08:56 DEBUG    PDM_KL log: {(10, 1, 10): {'shapes': [(3072, 462), (462,), (462, 10), (10,)], 'train_accuracy': 0.43806, 'test_accuracy': 0.4293}} 
09-17 09:03 DEBUG    ****** PDM_KL matching ******** 
09-17 09:03 DEBUG    Best Sigma0: 10. Best sigma: 1 Best gamma: 10. Best Test accuracy: 0.4293. Train acc: 0.43806. 

09-17 09:03 DEBUG    PDM_KL log: {(10, 1, 10): {'shapes': [(3072, 461), (461,), (461, 10), (10,)], 'train_accuracy': 0.43806, 'test_accuracy': 0.4293}} 
09-17 09:11 DEBUG    ****** PDM_KL matching ******** 
09-17 09:11 DEBUG    Best Sigma0: 10. Best sigma: 1 Best gamma: 10. Best Test accuracy: 0.4293. Train acc: 0.438. 

09-17 09:11 DEBUG    PDM_KL log: {(10, 1, 10): {'shapes': [(3072, 451), (451,), (451, 10), (10,)], 'train_accuracy': 0.438, 'test_accuracy': 0.4293}} 
09-17 09:16 DEBUG    ****** PDM_KL matching ******** 
09-17 09:16 DEBUG    Best Sigma0: 10. Best sigma: 1 Best gamma: 10. Best Test accuracy: 0.4303. Train acc: 0.43716. 

09-17 09:16 DEBUG    PDM_KL log: {(10, 1, 10): {'shapes': [(3072, 200), (200,), (200, 10), (10,)], 'train_accuracy': 0.43716, 'test_accuracy': 0.4303}} 
09-17 09:19 DEBUG    ****** PDM_KL matching ******** 
09-17 09:19 DEBUG    Best Sigma0: 10. Best sigma: 1 Best gamma: 10. Best Test accuracy: 0.1. Train acc: 0.10066. 

09-17 09:19 DEBUG    PDM_KL log: {(10, 1, 10): {'shapes': [(3072, 104), (104,), (104, 10), (10,)], 'train_accuracy': 0.10066, 'test_accuracy': 0.1}} 
09-17 09:22 DEBUG    ****** PDM_KL matching ******** 
09-17 09:22 DEBUG    Best Sigma0: 10. Best sigma: 1 Best gamma: 10. Best Test accuracy: 0.1001. Train acc: 0.10066. 

09-17 09:22 DEBUG    PDM_KL log: {(10, 1, 10): {'shapes': [(3072, 104), (104,), (104, 10), (10,)], 'train_accuracy': 0.10066, 'test_accuracy': 0.1001}} 
09-17 09:24 DEBUG    ****** PDM_KL matching ******** 
09-17 09:24 DEBUG    Best Sigma0: 10. Best sigma: 1 Best gamma: 10. Best Test accuracy: 0.1018. Train acc: 0.10208. 

09-17 09:24 DEBUG    PDM_KL log: {(10, 1, 10): {'shapes': [(3072, 100), (100,), (100, 10), (10,)], 'train_accuracy': 0.10208, 'test_accuracy': 0.1018}} 
09-17 09:24 DEBUG    Trial 0 completed
09-17 09:24 DEBUG    ####################################################################################################
09-17 09:24 DEBUG    ####################################################################################################
09-17 09:24 DEBUG    Executing Trial 1 with seed 1
09-17 09:24 DEBUG    Data statistics: {0: {0: 986, 1: 986, 2: 1038, 3: 989, 4: 1007, 5: 995, 6: 987, 7: 1012, 8: 978, 9: 1022}, 1: {0: 987, 1: 1025, 2: 1015, 3: 1006, 4: 958, 5: 1010, 6: 1067, 7: 1000, 8: 962, 9: 970}, 2: {0: 1023, 1: 992, 2: 950, 3: 1020, 4: 988, 5: 1018, 6: 978, 7: 967, 8: 993, 9: 1071}, 3: {0: 1007, 1: 1022, 2: 991, 3: 1002, 4: 1029, 5: 985, 6: 960, 7: 1014, 8: 1050, 9: 940}, 4: {0: 997, 1: 975, 2: 1006, 3: 983, 4: 1018, 5: 992, 6: 1008, 7: 1007, 8: 1017, 9: 997}}
09-17 09:25 DEBUG    **************************************************
09-17 09:25 DEBUG    Running experiments 

09-17 09:26 DEBUG    Uniform ensemble (Train acc): 0.439240
09-17 09:26 DEBUG    Uniform ensemble (Test acc): 0.437200
09-17 09:26 DEBUG    FedAvg (Train acc): 0.107960
09-17 09:26 DEBUG    FedAvg (Test acc): 0.107800
09-17 09:30 DEBUG    ****** PDM_KL matching ******** 
09-17 09:30 DEBUG    Best Sigma0: 10. Best sigma: 1 Best gamma: 10. Best Test accuracy: 0.4306. Train acc: 0.43628. 

09-17 09:30 DEBUG    PDM_KL log: {(10, 1, 10): {'shapes': [(3072, 459), (459,), (459, 10), (10,)], 'train_accuracy': 0.43628, 'test_accuracy': 0.4306}} 
09-17 09:38 DEBUG    ****** PDM_KL matching ******** 
09-17 09:38 DEBUG    Best Sigma0: 10. Best sigma: 1 Best gamma: 10. Best Test accuracy: 0.4306. Train acc: 0.43628. 

09-17 09:38 DEBUG    PDM_KL log: {(10, 1, 10): {'shapes': [(3072, 459), (459,), (459, 10), (10,)], 'train_accuracy': 0.43628, 'test_accuracy': 0.4306}} 
09-17 09:46 DEBUG    ****** PDM_KL matching ******** 
09-17 09:46 DEBUG    Best Sigma0: 10. Best sigma: 1 Best gamma: 10. Best Test accuracy: 0.4306. Train acc: 0.43628. 

09-17 09:46 DEBUG    PDM_KL log: {(10, 1, 10): {'shapes': [(3072, 459), (459,), (459, 10), (10,)], 'train_accuracy': 0.43628, 'test_accuracy': 0.4306}} 
09-17 09:54 DEBUG    ****** PDM_KL matching ******** 
09-17 09:54 DEBUG    Best Sigma0: 10. Best sigma: 1 Best gamma: 10. Best Test accuracy: 0.4306. Train acc: 0.43628. 

09-17 09:54 DEBUG    PDM_KL log: {(10, 1, 10): {'shapes': [(3072, 460), (460,), (460, 10), (10,)], 'train_accuracy': 0.43628, 'test_accuracy': 0.4306}} 
09-17 10:02 DEBUG    ****** PDM_KL matching ******** 
09-17 10:02 DEBUG    Best Sigma0: 10. Best sigma: 1 Best gamma: 10. Best Test accuracy: 0.4306. Train acc: 0.43628. 

09-17 10:02 DEBUG    PDM_KL log: {(10, 1, 10): {'shapes': [(3072, 457), (457,), (457, 10), (10,)], 'train_accuracy': 0.43628, 'test_accuracy': 0.4306}} 
09-17 10:09 DEBUG    ****** PDM_KL matching ******** 
09-17 10:09 DEBUG    Best Sigma0: 10. Best sigma: 1 Best gamma: 10. Best Test accuracy: 0.4306. Train acc: 0.43628. 

09-17 10:09 DEBUG    PDM_KL log: {(10, 1, 10): {'shapes': [(3072, 457), (457,), (457, 10), (10,)], 'train_accuracy': 0.43628, 'test_accuracy': 0.4306}} 
09-17 10:17 DEBUG    ****** PDM_KL matching ******** 
09-17 10:17 DEBUG    Best Sigma0: 10. Best sigma: 1 Best gamma: 10. Best Test accuracy: 0.4306. Train acc: 0.43628. 

09-17 10:17 DEBUG    PDM_KL log: {(10, 1, 10): {'shapes': [(3072, 440), (440,), (440, 10), (10,)], 'train_accuracy': 0.43628, 'test_accuracy': 0.4306}} 
09-17 10:22 DEBUG    ****** PDM_KL matching ******** 
09-17 10:22 DEBUG    Best Sigma0: 10. Best sigma: 1 Best gamma: 10. Best Test accuracy: 0.4297. Train acc: 0.4343. 

09-17 10:22 DEBUG    PDM_KL log: {(10, 1, 10): {'shapes': [(3072, 196), (196,), (196, 10), (10,)], 'train_accuracy': 0.4343, 'test_accuracy': 0.4297}} 
09-17 10:24 DEBUG    ****** PDM_KL matching ******** 
09-17 10:24 DEBUG    Best Sigma0: 10. Best sigma: 1 Best gamma: 10. Best Test accuracy: 0.0987. Train acc: 0.09852. 

09-17 10:24 DEBUG    PDM_KL log: {(10, 1, 10): {'shapes': [(3072, 108), (108,), (108, 10), (10,)], 'train_accuracy': 0.09852, 'test_accuracy': 0.0987}} 
09-17 10:27 DEBUG    ****** PDM_KL matching ******** 
09-17 10:27 DEBUG    Best Sigma0: 10. Best sigma: 1 Best gamma: 10. Best Test accuracy: 0.0934. Train acc: 0.0946. 

09-17 10:27 DEBUG    PDM_KL log: {(10, 1, 10): {'shapes': [(3072, 103), (103,), (103, 10), (10,)], 'train_accuracy': 0.0946, 'test_accuracy': 0.0934}} 
09-17 10:30 DEBUG    ****** PDM_KL matching ******** 
09-17 10:30 DEBUG    Best Sigma0: 10. Best sigma: 1 Best gamma: 10. Best Test accuracy: 0.1004. Train acc: 0.10026. 

09-17 10:30 DEBUG    PDM_KL log: {(10, 1, 10): {'shapes': [(3072, 100), (100,), (100, 10), (10,)], 'train_accuracy': 0.10026, 'test_accuracy': 0.1004}} 
09-17 10:30 DEBUG    Trial 1 completed
09-17 10:30 DEBUG    ####################################################################################################
09-17 10:30 DEBUG    ####################################################################################################
09-17 10:30 DEBUG    Executing Trial 2 with seed 2
09-17 10:30 DEBUG    Data statistics: {0: {0: 1029, 1: 996, 2: 1031, 3: 982, 4: 1008, 5: 998, 6: 994, 7: 998, 8: 989, 9: 975}, 1: {0: 971, 1: 979, 2: 979, 3: 1029, 4: 977, 5: 1003, 6: 1022, 7: 1020, 8: 990, 9: 1030}, 2: {0: 1041, 1: 1024, 2: 1000, 3: 967, 4: 1022, 5: 989, 6: 964, 7: 993, 8: 1002, 9: 998}, 3: {0: 970, 1: 995, 2: 991, 3: 1016, 4: 1034, 5: 994, 6: 1001, 7: 990, 8: 1004, 9: 1005}, 4: {0: 989, 1: 1006, 2: 999, 3: 1006, 4: 959, 5: 1016, 6: 1019, 7: 999, 8: 1015, 9: 992}}
09-17 10:31 DEBUG    **************************************************
09-17 10:31 DEBUG    Running experiments 

09-17 10:31 DEBUG    Uniform ensemble (Train acc): 0.448900
09-17 10:31 DEBUG    Uniform ensemble (Test acc): 0.442700
09-17 10:32 DEBUG    FedAvg (Train acc): 0.123780
09-17 10:32 DEBUG    FedAvg (Test acc): 0.124200
09-17 10:36 DEBUG    ****** PDM_KL matching ******** 
09-17 10:36 DEBUG    Best Sigma0: 10. Best sigma: 1 Best gamma: 10. Best Test accuracy: 0.4399. Train acc: 0.44598. 

09-17 10:36 DEBUG    PDM_KL log: {(10, 1, 10): {'shapes': [(3072, 461), (461,), (461, 10), (10,)], 'train_accuracy': 0.44598, 'test_accuracy': 0.4399}} 
09-17 10:44 DEBUG    ****** PDM_KL matching ******** 
09-17 10:44 DEBUG    Best Sigma0: 10. Best sigma: 1 Best gamma: 10. Best Test accuracy: 0.4399. Train acc: 0.44598. 

09-17 10:44 DEBUG    PDM_KL log: {(10, 1, 10): {'shapes': [(3072, 461), (461,), (461, 10), (10,)], 'train_accuracy': 0.44598, 'test_accuracy': 0.4399}} 
09-17 10:54 DEBUG    ****** PDM_KL matching ******** 
09-17 10:54 DEBUG    Best Sigma0: 10. Best sigma: 1 Best gamma: 10. Best Test accuracy: 0.4399. Train acc: 0.44598. 

09-17 10:54 DEBUG    PDM_KL log: {(10, 1, 10): {'shapes': [(3072, 461), (461,), (461, 10), (10,)], 'train_accuracy': 0.44598, 'test_accuracy': 0.4399}} 
09-17 11:06 DEBUG    ****** PDM_KL matching ******** 
09-17 11:06 DEBUG    Best Sigma0: 10. Best sigma: 1 Best gamma: 10. Best Test accuracy: 0.4399. Train acc: 0.44598. 

09-17 11:06 DEBUG    PDM_KL log: {(10, 1, 10): {'shapes': [(3072, 461), (461,), (461, 10), (10,)], 'train_accuracy': 0.44598, 'test_accuracy': 0.4399}} 
09-17 11:18 DEBUG    ****** PDM_KL matching ******** 
09-17 11:18 DEBUG    Best Sigma0: 10. Best sigma: 1 Best gamma: 10. Best Test accuracy: 0.4399. Train acc: 0.44598. 

09-17 11:18 DEBUG    PDM_KL log: {(10, 1, 10): {'shapes': [(3072, 459), (459,), (459, 10), (10,)], 'train_accuracy': 0.44598, 'test_accuracy': 0.4399}} 
09-17 11:28 DEBUG    ****** PDM_KL matching ******** 
09-17 11:28 DEBUG    Best Sigma0: 10. Best sigma: 1 Best gamma: 10. Best Test accuracy: 0.4399. Train acc: 0.44598. 

09-17 11:28 DEBUG    PDM_KL log: {(10, 1, 10): {'shapes': [(3072, 459), (459,), (459, 10), (10,)], 'train_accuracy': 0.44598, 'test_accuracy': 0.4399}} 
09-17 11:38 DEBUG    ****** PDM_KL matching ******** 
09-17 11:38 DEBUG    Best Sigma0: 10. Best sigma: 1 Best gamma: 10. Best Test accuracy: 0.4399. Train acc: 0.44598. 

09-17 11:38 DEBUG    PDM_KL log: {(10, 1, 10): {'shapes': [(3072, 441), (441,), (441, 10), (10,)], 'train_accuracy': 0.44598, 'test_accuracy': 0.4399}} 
09-17 11:45 DEBUG    ****** PDM_KL matching ******** 
09-17 11:45 DEBUG    Best Sigma0: 10. Best sigma: 1 Best gamma: 10. Best Test accuracy: 0.4358. Train acc: 0.44212. 

09-17 11:45 DEBUG    PDM_KL log: {(10, 1, 10): {'shapes': [(3072, 200), (200,), (200, 10), (10,)], 'train_accuracy': 0.44212, 'test_accuracy': 0.4358}} 
09-17 11:49 DEBUG    ****** PDM_KL matching ******** 
09-17 11:49 DEBUG    Best Sigma0: 10. Best sigma: 1 Best gamma: 10. Best Test accuracy: 0.1016. Train acc: 0.10146. 

09-17 11:49 DEBUG    PDM_KL log: {(10, 1, 10): {'shapes': [(3072, 108), (108,), (108, 10), (10,)], 'train_accuracy': 0.10146, 'test_accuracy': 0.1016}} 
09-17 11:52 DEBUG    ****** PDM_KL matching ******** 
09-17 11:52 DEBUG    Best Sigma0: 10. Best sigma: 1 Best gamma: 10. Best Test accuracy: 0.1129. Train acc: 0.11274. 

09-17 11:52 DEBUG    PDM_KL log: {(10, 1, 10): {'shapes': [(3072, 103), (103,), (103, 10), (10,)], 'train_accuracy': 0.11274, 'test_accuracy': 0.1129}} 
09-17 11:55 DEBUG    ****** PDM_KL matching ******** 
09-17 11:55 DEBUG    Best Sigma0: 10. Best sigma: 1 Best gamma: 10. Best Test accuracy: 0.1028. Train acc: 0.10324. 

09-17 11:55 DEBUG    PDM_KL log: {(10, 1, 10): {'shapes': [(3072, 100), (100,), (100, 10), (10,)], 'train_accuracy': 0.10324, 'test_accuracy': 0.1028}} 
09-17 11:55 DEBUG    Trial 2 completed
09-17 11:55 DEBUG    ####################################################################################################
09-17 11:55 DEBUG    ####################################################################################################
09-17 11:55 DEBUG    Executing Trial 3 with seed 3
09-17 11:55 DEBUG    Data statistics: {0: {0: 1032, 1: 951, 2: 1033, 3: 994, 4: 918, 5: 1006, 6: 1043, 7: 1040, 8: 970, 9: 1013}, 1: {0: 978, 1: 1031, 2: 1004, 3: 1033, 4: 976, 5: 987, 6: 1018, 7: 1017, 8: 984, 9: 972}, 2: {0: 1002, 1: 1013, 2: 982, 3: 976, 4: 1003, 5: 1040, 6: 978, 7: 949, 8: 1059, 9: 998}, 3: {0: 992, 1: 1023, 2: 968, 3: 1022, 4: 1014, 5: 1019, 6: 984, 7: 970, 8: 1002, 9: 1006}, 4: {0: 996, 1: 982, 2: 1013, 3: 975, 4: 1089, 5: 948, 6: 977, 7: 1024, 8: 985, 9: 1011}}
09-17 11:57 DEBUG    **************************************************
09-17 11:57 DEBUG    Running experiments 

09-17 11:57 DEBUG    Uniform ensemble (Train acc): 0.445520
09-17 11:57 DEBUG    Uniform ensemble (Test acc): 0.439800
09-17 11:58 DEBUG    FedAvg (Train acc): 0.108240
09-17 11:58 DEBUG    FedAvg (Test acc): 0.106200
09-17 12:03 DEBUG    ****** PDM_KL matching ******** 
09-17 12:03 DEBUG    Best Sigma0: 10. Best sigma: 1 Best gamma: 10. Best Test accuracy: 0.4316. Train acc: 0.43564. 

09-17 12:03 DEBUG    PDM_KL log: {(10, 1, 10): {'shapes': [(3072, 469), (469,), (469, 10), (10,)], 'train_accuracy': 0.43564, 'test_accuracy': 0.4316}} 
09-17 12:15 DEBUG    ****** PDM_KL matching ******** 
09-17 12:15 DEBUG    Best Sigma0: 10. Best sigma: 1 Best gamma: 10. Best Test accuracy: 0.4316. Train acc: 0.43564. 

09-17 12:15 DEBUG    PDM_KL log: {(10, 1, 10): {'shapes': [(3072, 469), (469,), (469, 10), (10,)], 'train_accuracy': 0.43564, 'test_accuracy': 0.4316}} 
09-17 12:26 DEBUG    ****** PDM_KL matching ******** 
09-17 12:26 DEBUG    Best Sigma0: 10. Best sigma: 1 Best gamma: 10. Best Test accuracy: 0.4316. Train acc: 0.43564. 

09-17 12:26 DEBUG    PDM_KL log: {(10, 1, 10): {'shapes': [(3072, 469), (469,), (469, 10), (10,)], 'train_accuracy': 0.43564, 'test_accuracy': 0.4316}} 
09-17 12:37 DEBUG    ****** PDM_KL matching ******** 
09-17 12:37 DEBUG    Best Sigma0: 10. Best sigma: 1 Best gamma: 10. Best Test accuracy: 0.4316. Train acc: 0.43564. 

09-17 12:37 DEBUG    PDM_KL log: {(10, 1, 10): {'shapes': [(3072, 469), (469,), (469, 10), (10,)], 'train_accuracy': 0.43564, 'test_accuracy': 0.4316}} 
09-17 12:48 DEBUG    ****** PDM_KL matching ******** 
09-17 12:48 DEBUG    Best Sigma0: 10. Best sigma: 1 Best gamma: 10. Best Test accuracy: 0.4316. Train acc: 0.43564. 

09-17 12:48 DEBUG    PDM_KL log: {(10, 1, 10): {'shapes': [(3072, 467), (467,), (467, 10), (10,)], 'train_accuracy': 0.43564, 'test_accuracy': 0.4316}} 
09-17 12:58 DEBUG    ****** PDM_KL matching ******** 
09-17 12:58 DEBUG    Best Sigma0: 10. Best sigma: 1 Best gamma: 10. Best Test accuracy: 0.4316. Train acc: 0.43564. 

09-17 12:58 DEBUG    PDM_KL log: {(10, 1, 10): {'shapes': [(3072, 466), (466,), (466, 10), (10,)], 'train_accuracy': 0.43564, 'test_accuracy': 0.4316}} 
09-17 13:09 DEBUG    ****** PDM_KL matching ******** 
09-17 13:09 DEBUG    Best Sigma0: 10. Best sigma: 1 Best gamma: 10. Best Test accuracy: 0.4316. Train acc: 0.43564. 

09-17 13:09 DEBUG    PDM_KL log: {(10, 1, 10): {'shapes': [(3072, 446), (446,), (446, 10), (10,)], 'train_accuracy': 0.43564, 'test_accuracy': 0.4316}} 
09-17 13:15 DEBUG    ****** PDM_KL matching ******** 
09-17 13:15 DEBUG    Best Sigma0: 10. Best sigma: 1 Best gamma: 10. Best Test accuracy: 0.4315. Train acc: 0.43574. 

09-17 13:15 DEBUG    PDM_KL log: {(10, 1, 10): {'shapes': [(3072, 200), (200,), (200, 10), (10,)], 'train_accuracy': 0.43574, 'test_accuracy': 0.4315}} 
09-17 13:19 DEBUG    ****** PDM_KL matching ******** 
09-17 13:19 DEBUG    Best Sigma0: 10. Best sigma: 1 Best gamma: 10. Best Test accuracy: 0.1006. Train acc: 0.10064. 

09-17 13:19 DEBUG    PDM_KL log: {(10, 1, 10): {'shapes': [(3072, 108), (108,), (108, 10), (10,)], 'train_accuracy': 0.10064, 'test_accuracy': 0.1006}} 
09-17 13:23 DEBUG    ****** PDM_KL matching ******** 
09-17 13:23 DEBUG    Best Sigma0: 10. Best sigma: 1 Best gamma: 10. Best Test accuracy: 0.1002. Train acc: 0.10058. 

09-17 13:23 DEBUG    PDM_KL log: {(10, 1, 10): {'shapes': [(3072, 103), (103,), (103, 10), (10,)], 'train_accuracy': 0.10058, 'test_accuracy': 0.1002}} 
09-17 13:27 DEBUG    ****** PDM_KL matching ******** 
09-17 13:27 DEBUG    Best Sigma0: 10. Best sigma: 1 Best gamma: 10. Best Test accuracy: 0.1001. Train acc: 0.10052. 

09-17 13:27 DEBUG    PDM_KL log: {(10, 1, 10): {'shapes': [(3072, 100), (100,), (100, 10), (10,)], 'train_accuracy': 0.10052, 'test_accuracy': 0.1001}} 
09-17 13:27 DEBUG    Trial 3 completed
09-17 13:27 DEBUG    ####################################################################################################
09-17 13:27 DEBUG    ####################################################################################################
09-17 13:27 DEBUG    Executing Trial 4 with seed 4
09-17 13:27 DEBUG    Data statistics: {0: {0: 1033, 1: 1027, 2: 974, 3: 985, 4: 965, 5: 1004, 6: 1020, 7: 1013, 8: 960, 9: 1019}, 1: {0: 1020, 1: 992, 2: 1010, 3: 956, 4: 1030, 5: 989, 6: 1081, 7: 989, 8: 985, 9: 948}, 2: {0: 987, 1: 1001, 2: 1032, 3: 1058, 4: 980, 5: 1025, 6: 925, 7: 982, 8: 1025, 9: 985}, 3: {0: 989, 1: 975, 2: 975, 3: 1003, 4: 1018, 5: 1003, 6: 979, 7: 1014, 8: 998, 9: 1046}, 4: {0: 971, 1: 1005, 2: 1009, 3: 998, 4: 1007, 5: 979, 6: 995, 7: 1002, 8: 1032, 9: 1002}}
09-17 13:28 DEBUG    **************************************************
09-17 13:28 DEBUG    Running experiments 

09-17 13:29 DEBUG    Uniform ensemble (Train acc): 0.444100
09-17 13:29 DEBUG    Uniform ensemble (Test acc): 0.433600
09-17 13:29 DEBUG    FedAvg (Train acc): 0.113660
09-17 13:29 DEBUG    FedAvg (Test acc): 0.112200
09-17 13:35 DEBUG    ****** PDM_KL matching ******** 
09-17 13:35 DEBUG    Best Sigma0: 10. Best sigma: 1 Best gamma: 10. Best Test accuracy: 0.4296. Train acc: 0.44114. 

09-17 13:35 DEBUG    PDM_KL log: {(10, 1, 10): {'shapes': [(3072, 465), (465,), (465, 10), (10,)], 'train_accuracy': 0.44114, 'test_accuracy': 0.4296}} 
09-17 13:46 DEBUG    ****** PDM_KL matching ******** 
09-17 13:46 DEBUG    Best Sigma0: 10. Best sigma: 1 Best gamma: 10. Best Test accuracy: 0.4296. Train acc: 0.44114. 

09-17 13:46 DEBUG    PDM_KL log: {(10, 1, 10): {'shapes': [(3072, 465), (465,), (465, 10), (10,)], 'train_accuracy': 0.44114, 'test_accuracy': 0.4296}} 
09-17 13:56 DEBUG    ****** PDM_KL matching ******** 
09-17 13:56 DEBUG    Best Sigma0: 10. Best sigma: 1 Best gamma: 10. Best Test accuracy: 0.4296. Train acc: 0.44114. 

09-17 13:56 DEBUG    PDM_KL log: {(10, 1, 10): {'shapes': [(3072, 465), (465,), (465, 10), (10,)], 'train_accuracy': 0.44114, 'test_accuracy': 0.4296}} 
09-17 14:06 DEBUG    ****** PDM_KL matching ******** 
09-17 14:06 DEBUG    Best Sigma0: 10. Best sigma: 1 Best gamma: 10. Best Test accuracy: 0.4296. Train acc: 0.44114. 

09-17 14:06 DEBUG    PDM_KL log: {(10, 1, 10): {'shapes': [(3072, 465), (465,), (465, 10), (10,)], 'train_accuracy': 0.44114, 'test_accuracy': 0.4296}} 
09-17 14:16 DEBUG    ****** PDM_KL matching ******** 
09-17 14:16 DEBUG    Best Sigma0: 10. Best sigma: 1 Best gamma: 10. Best Test accuracy: 0.4296. Train acc: 0.44114. 

09-17 14:16 DEBUG    PDM_KL log: {(10, 1, 10): {'shapes': [(3072, 465), (465,), (465, 10), (10,)], 'train_accuracy': 0.44114, 'test_accuracy': 0.4296}} 
09-17 14:26 DEBUG    ****** PDM_KL matching ******** 
09-17 14:26 DEBUG    Best Sigma0: 10. Best sigma: 1 Best gamma: 10. Best Test accuracy: 0.4296. Train acc: 0.44114. 

09-17 14:26 DEBUG    PDM_KL log: {(10, 1, 10): {'shapes': [(3072, 463), (463,), (463, 10), (10,)], 'train_accuracy': 0.44114, 'test_accuracy': 0.4296}} 
09-17 14:36 DEBUG    ****** PDM_KL matching ******** 
09-17 14:36 DEBUG    Best Sigma0: 10. Best sigma: 1 Best gamma: 10. Best Test accuracy: 0.4297. Train acc: 0.44114. 

09-17 14:36 DEBUG    PDM_KL log: {(10, 1, 10): {'shapes': [(3072, 443), (443,), (443, 10), (10,)], 'train_accuracy': 0.44114, 'test_accuracy': 0.4297}} 
09-17 14:43 DEBUG    ****** PDM_KL matching ******** 
09-17 14:43 DEBUG    Best Sigma0: 10. Best sigma: 1 Best gamma: 10. Best Test accuracy: 0.4223. Train acc: 0.43384. 

09-17 14:43 DEBUG    PDM_KL log: {(10, 1, 10): {'shapes': [(3072, 200), (200,), (200, 10), (10,)], 'train_accuracy': 0.43384, 'test_accuracy': 0.4223}} 
09-17 14:47 DEBUG    ****** PDM_KL matching ******** 
09-17 14:47 DEBUG    Best Sigma0: 10. Best sigma: 1 Best gamma: 10. Best Test accuracy: 0.1001. Train acc: 0.10076. 

09-17 14:47 DEBUG    PDM_KL log: {(10, 1, 10): {'shapes': [(3072, 108), (108,), (108, 10), (10,)], 'train_accuracy': 0.10076, 'test_accuracy': 0.1001}} 
09-17 14:51 DEBUG    ****** PDM_KL matching ******** 
09-17 14:51 DEBUG    Best Sigma0: 10. Best sigma: 1 Best gamma: 10. Best Test accuracy: 0.0986. Train acc: 0.09904. 

09-17 14:51 DEBUG    PDM_KL log: {(10, 1, 10): {'shapes': [(3072, 104), (104,), (104, 10), (10,)], 'train_accuracy': 0.09904, 'test_accuracy': 0.0986}} 
09-17 14:54 DEBUG    ****** PDM_KL matching ******** 
09-17 14:54 DEBUG    Best Sigma0: 10. Best sigma: 1 Best gamma: 10. Best Test accuracy: 0.1001. Train acc: 0.10104. 

09-17 14:54 DEBUG    PDM_KL log: {(10, 1, 10): {'shapes': [(3072, 104), (104,), (104, 10), (10,)], 'train_accuracy': 0.10104, 'test_accuracy': 0.1001}} 
09-17 14:54 DEBUG    Trial 4 completed
09-17 14:54 DEBUG    ####################################################################################################
09-17 14:54 DEBUG    ####################################################################################################
09-17 14:54 DEBUG    Executing Trial 5 with seed 5
09-17 14:55 DEBUG    Data statistics: {0: {0: 996, 1: 961, 2: 1001, 3: 1054, 4: 970, 5: 1018, 6: 992, 7: 982, 8: 1009, 9: 1017}, 1: {0: 975, 1: 1021, 2: 996, 3: 998, 4: 1003, 5: 985, 6: 995, 7: 1004, 8: 1021, 9: 1002}, 2: {0: 1074, 1: 1010, 2: 975, 3: 965, 4: 1049, 5: 997, 6: 977, 7: 1024, 8: 966, 9: 963}, 3: {0: 994, 1: 999, 2: 1029, 3: 965, 4: 979, 5: 1007, 6: 1049, 7: 994, 8: 983, 9: 1001}, 4: {0: 961, 1: 1009, 2: 999, 3: 1018, 4: 999, 5: 993, 6: 987, 7: 996, 8: 1021, 9: 1017}}
09-17 14:56 DEBUG    **************************************************
09-17 14:56 DEBUG    Running experiments 

09-17 14:57 DEBUG    Uniform ensemble (Train acc): 0.435600
09-17 14:57 DEBUG    Uniform ensemble (Test acc): 0.426800
09-17 14:57 DEBUG    FedAvg (Train acc): 0.115480
09-17 14:57 DEBUG    FedAvg (Test acc): 0.113700
09-17 15:03 DEBUG    ****** PDM_KL matching ******** 
09-17 15:03 DEBUG    Best Sigma0: 10. Best sigma: 1 Best gamma: 10. Best Test accuracy: 0.4222. Train acc: 0.43154. 

09-17 15:03 DEBUG    PDM_KL log: {(10, 1, 10): {'shapes': [(3072, 469), (469,), (469, 10), (10,)], 'train_accuracy': 0.43154, 'test_accuracy': 0.4222}} 
09-17 15:14 DEBUG    ****** PDM_KL matching ******** 
09-17 15:14 DEBUG    Best Sigma0: 10. Best sigma: 1 Best gamma: 10. Best Test accuracy: 0.4222. Train acc: 0.43154. 

09-17 15:14 DEBUG    PDM_KL log: {(10, 1, 10): {'shapes': [(3072, 469), (469,), (469, 10), (10,)], 'train_accuracy': 0.43154, 'test_accuracy': 0.4222}} 
09-17 15:25 DEBUG    ****** PDM_KL matching ******** 
09-17 15:25 DEBUG    Best Sigma0: 10. Best sigma: 1 Best gamma: 10. Best Test accuracy: 0.4222. Train acc: 0.43154. 

09-17 15:25 DEBUG    PDM_KL log: {(10, 1, 10): {'shapes': [(3072, 469), (469,), (469, 10), (10,)], 'train_accuracy': 0.43154, 'test_accuracy': 0.4222}} 
09-17 15:36 DEBUG    ****** PDM_KL matching ******** 
09-17 15:36 DEBUG    Best Sigma0: 10. Best sigma: 1 Best gamma: 10. Best Test accuracy: 0.4222. Train acc: 0.43154. 

09-17 15:36 DEBUG    PDM_KL log: {(10, 1, 10): {'shapes': [(3072, 469), (469,), (469, 10), (10,)], 'train_accuracy': 0.43154, 'test_accuracy': 0.4222}} 
09-17 15:47 DEBUG    ****** PDM_KL matching ******** 
09-17 15:47 DEBUG    Best Sigma0: 10. Best sigma: 1 Best gamma: 10. Best Test accuracy: 0.4222. Train acc: 0.43154. 

09-17 15:47 DEBUG    PDM_KL log: {(10, 1, 10): {'shapes': [(3072, 469), (469,), (469, 10), (10,)], 'train_accuracy': 0.43154, 'test_accuracy': 0.4222}} 
09-17 15:57 DEBUG    ****** PDM_KL matching ******** 
09-17 15:57 DEBUG    Best Sigma0: 10. Best sigma: 1 Best gamma: 10. Best Test accuracy: 0.4222. Train acc: 0.43154. 

09-17 15:57 DEBUG    PDM_KL log: {(10, 1, 10): {'shapes': [(3072, 469), (469,), (469, 10), (10,)], 'train_accuracy': 0.43154, 'test_accuracy': 0.4222}} 
09-17 16:06 DEBUG    ****** PDM_KL matching ******** 
09-17 16:06 DEBUG    Best Sigma0: 10. Best sigma: 1 Best gamma: 10. Best Test accuracy: 0.4222. Train acc: 0.43152. 

09-17 16:06 DEBUG    PDM_KL log: {(10, 1, 10): {'shapes': [(3072, 448), (448,), (448, 10), (10,)], 'train_accuracy': 0.43152, 'test_accuracy': 0.4222}} 
09-17 16:12 DEBUG    ****** PDM_KL matching ******** 
09-17 16:12 DEBUG    Best Sigma0: 10. Best sigma: 1 Best gamma: 10. Best Test accuracy: 0.4197. Train acc: 0.42882. 

09-17 16:12 DEBUG    PDM_KL log: {(10, 1, 10): {'shapes': [(3072, 196), (196,), (196, 10), (10,)], 'train_accuracy': 0.42882, 'test_accuracy': 0.4197}} 
09-17 16:15 DEBUG    ****** PDM_KL matching ******** 
09-17 16:15 DEBUG    Best Sigma0: 10. Best sigma: 1 Best gamma: 10. Best Test accuracy: 0.1003. Train acc: 0.10016. 

09-17 16:15 DEBUG    PDM_KL log: {(10, 1, 10): {'shapes': [(3072, 108), (108,), (108, 10), (10,)], 'train_accuracy': 0.10016, 'test_accuracy': 0.1003}} 
09-17 16:18 DEBUG    ****** PDM_KL matching ******** 
09-17 16:18 DEBUG    Best Sigma0: 10. Best sigma: 1 Best gamma: 10. Best Test accuracy: 0.0996. Train acc: 0.09958. 

09-17 16:18 DEBUG    PDM_KL log: {(10, 1, 10): {'shapes': [(3072, 104), (104,), (104, 10), (10,)], 'train_accuracy': 0.09958, 'test_accuracy': 0.0996}} 
09-17 16:22 DEBUG    ****** PDM_KL matching ******** 
09-17 16:22 DEBUG    Best Sigma0: 10. Best sigma: 1 Best gamma: 10. Best Test accuracy: 0.1001. Train acc: 0.10076. 

09-17 16:22 DEBUG    PDM_KL log: {(10, 1, 10): {'shapes': [(3072, 104), (104,), (104, 10), (10,)], 'train_accuracy': 0.10076, 'test_accuracy': 0.1001}} 
09-17 16:22 DEBUG    Trial 5 completed
09-17 16:22 DEBUG    ####################################################################################################
09-17 16:22 DEBUG    ####################################################################################################
09-17 16:22 DEBUG    Executing Trial 6 with seed 6
09-17 16:22 DEBUG    Data statistics: {0: {0: 1017, 1: 1007, 2: 947, 3: 993, 4: 1031, 5: 998, 6: 1010, 7: 963, 8: 1020, 9: 1014}, 1: {0: 980, 1: 958, 2: 1007, 3: 1007, 4: 994, 5: 1025, 6: 981, 7: 992, 8: 1036, 9: 1020}, 2: {0: 1008, 1: 984, 2: 1006, 3: 1031, 4: 1000, 5: 973, 6: 1048, 7: 977, 8: 1008, 9: 965}, 3: {0: 1008, 1: 1019, 2: 1032, 3: 958, 4: 947, 5: 1011, 6: 974, 7: 1048, 8: 975, 9: 1028}, 4: {0: 987, 1: 1032, 2: 1008, 3: 1011, 4: 1028, 5: 993, 6: 987, 7: 1020, 8: 961, 9: 973}}
09-17 16:23 DEBUG    **************************************************
09-17 16:23 DEBUG    Running experiments 

09-17 16:24 DEBUG    Uniform ensemble (Train acc): 0.446240
09-17 16:24 DEBUG    Uniform ensemble (Test acc): 0.437300
09-17 16:24 DEBUG    FedAvg (Train acc): 0.109200
09-17 16:24 DEBUG    FedAvg (Test acc): 0.110000
09-17 16:29 DEBUG    ****** PDM_KL matching ******** 
09-17 16:29 DEBUG    Best Sigma0: 10. Best sigma: 1 Best gamma: 10. Best Test accuracy: 0.4312. Train acc: 0.44248. 

09-17 16:29 DEBUG    PDM_KL log: {(10, 1, 10): {'shapes': [(3072, 467), (467,), (467, 10), (10,)], 'train_accuracy': 0.44248, 'test_accuracy': 0.4312}} 
09-17 16:40 DEBUG    ****** PDM_KL matching ******** 
09-17 16:40 DEBUG    Best Sigma0: 10. Best sigma: 1 Best gamma: 10. Best Test accuracy: 0.4312. Train acc: 0.44248. 

09-17 16:40 DEBUG    PDM_KL log: {(10, 1, 10): {'shapes': [(3072, 465), (465,), (465, 10), (10,)], 'train_accuracy': 0.44248, 'test_accuracy': 0.4312}} 
09-17 16:49 DEBUG    ****** PDM_KL matching ******** 
09-17 16:49 DEBUG    Best Sigma0: 10. Best sigma: 1 Best gamma: 10. Best Test accuracy: 0.4312. Train acc: 0.44248. 

09-17 16:49 DEBUG    PDM_KL log: {(10, 1, 10): {'shapes': [(3072, 467), (467,), (467, 10), (10,)], 'train_accuracy': 0.44248, 'test_accuracy': 0.4312}} 
09-17 16:59 DEBUG    ****** PDM_KL matching ******** 
09-17 16:59 DEBUG    Best Sigma0: 10. Best sigma: 1 Best gamma: 10. Best Test accuracy: 0.4312. Train acc: 0.44248. 

09-17 16:59 DEBUG    PDM_KL log: {(10, 1, 10): {'shapes': [(3072, 465), (465,), (465, 10), (10,)], 'train_accuracy': 0.44248, 'test_accuracy': 0.4312}} 
09-17 17:10 DEBUG    ****** PDM_KL matching ******** 
09-17 17:10 DEBUG    Best Sigma0: 10. Best sigma: 1 Best gamma: 10. Best Test accuracy: 0.4312. Train acc: 0.44248. 

09-17 17:10 DEBUG    PDM_KL log: {(10, 1, 10): {'shapes': [(3072, 463), (463,), (463, 10), (10,)], 'train_accuracy': 0.44248, 'test_accuracy': 0.4312}} 
09-17 17:21 DEBUG    ****** PDM_KL matching ******** 
09-17 17:21 DEBUG    Best Sigma0: 10. Best sigma: 1 Best gamma: 10. Best Test accuracy: 0.4312. Train acc: 0.44248. 

09-17 17:21 DEBUG    PDM_KL log: {(10, 1, 10): {'shapes': [(3072, 463), (463,), (463, 10), (10,)], 'train_accuracy': 0.44248, 'test_accuracy': 0.4312}} 
09-17 17:32 DEBUG    ****** PDM_KL matching ******** 
09-17 17:32 DEBUG    Best Sigma0: 10. Best sigma: 1 Best gamma: 10. Best Test accuracy: 0.4312. Train acc: 0.4425. 

09-17 17:32 DEBUG    PDM_KL log: {(10, 1, 10): {'shapes': [(3072, 441), (441,), (441, 10), (10,)], 'train_accuracy': 0.4425, 'test_accuracy': 0.4312}} 
09-17 17:39 DEBUG    ****** PDM_KL matching ******** 
09-17 17:39 DEBUG    Best Sigma0: 10. Best sigma: 1 Best gamma: 10. Best Test accuracy: 0.4308. Train acc: 0.44056. 

09-17 17:39 DEBUG    PDM_KL log: {(10, 1, 10): {'shapes': [(3072, 200), (200,), (200, 10), (10,)], 'train_accuracy': 0.44056, 'test_accuracy': 0.4308}} 
09-17 17:42 DEBUG    ****** PDM_KL matching ******** 
09-17 17:42 DEBUG    Best Sigma0: 10. Best sigma: 1 Best gamma: 10. Best Test accuracy: 0.1198. Train acc: 0.1182. 

09-17 17:42 DEBUG    PDM_KL log: {(10, 1, 10): {'shapes': [(3072, 108), (108,), (108, 10), (10,)], 'train_accuracy': 0.1182, 'test_accuracy': 0.1198}} 
09-17 17:46 DEBUG    ****** PDM_KL matching ******** 
09-17 17:46 DEBUG    Best Sigma0: 10. Best sigma: 1 Best gamma: 10. Best Test accuracy: 0.1197. Train acc: 0.11802. 

09-17 17:46 DEBUG    PDM_KL log: {(10, 1, 10): {'shapes': [(3072, 100), (100,), (100, 10), (10,)], 'train_accuracy': 0.11802, 'test_accuracy': 0.1197}} 
09-17 17:50 DEBUG    ****** PDM_KL matching ******** 
09-17 17:50 DEBUG    Best Sigma0: 10. Best sigma: 1 Best gamma: 10. Best Test accuracy: 0.1095. Train acc: 0.10832. 

09-17 17:50 DEBUG    PDM_KL log: {(10, 1, 10): {'shapes': [(3072, 100), (100,), (100, 10), (10,)], 'train_accuracy': 0.10832, 'test_accuracy': 0.1095}} 
09-17 17:50 DEBUG    Trial 6 completed
09-17 17:50 DEBUG    ####################################################################################################
09-17 17:50 DEBUG    ####################################################################################################
09-17 17:50 DEBUG    Executing Trial 7 with seed 7
09-17 17:50 DEBUG    Data statistics: {0: {0: 1009, 1: 999, 2: 1013, 3: 1047, 4: 974, 5: 964, 6: 1033, 7: 970, 8: 1009, 9: 982}, 1: {0: 978, 1: 959, 2: 978, 3: 993, 4: 979, 5: 1044, 6: 959, 7: 1033, 8: 1034, 9: 1043}, 2: {0: 1023, 1: 1003, 2: 1022, 3: 990, 4: 1002, 5: 1004, 6: 959, 7: 984, 8: 1003, 9: 1010}, 3: {0: 999, 1: 994, 2: 974, 3: 973, 4: 1031, 5: 993, 6: 1044, 7: 1046, 8: 999, 9: 947}, 4: {0: 991, 1: 1045, 2: 1013, 3: 997, 4: 1014, 5: 995, 6: 1005, 7: 967, 8: 955, 9: 1018}}
09-17 17:51 DEBUG    **************************************************
09-17 17:51 DEBUG    Running experiments 

09-17 17:52 DEBUG    Uniform ensemble (Train acc): 0.439140
09-17 17:52 DEBUG    Uniform ensemble (Test acc): 0.432700
09-17 17:52 DEBUG    FedAvg (Train acc): 0.099700
09-17 17:52 DEBUG    FedAvg (Test acc): 0.100300
09-17 17:58 DEBUG    ****** PDM_KL matching ******** 
09-17 17:58 DEBUG    Best Sigma0: 10. Best sigma: 1 Best gamma: 10. Best Test accuracy: 0.4253. Train acc: 0.43264. 

09-17 17:58 DEBUG    PDM_KL log: {(10, 1, 10): {'shapes': [(3072, 464), (464,), (464, 10), (10,)], 'train_accuracy': 0.43264, 'test_accuracy': 0.4253}} 
09-17 18:09 DEBUG    ****** PDM_KL matching ******** 
09-17 18:09 DEBUG    Best Sigma0: 10. Best sigma: 1 Best gamma: 10. Best Test accuracy: 0.4253. Train acc: 0.43264. 

09-17 18:09 DEBUG    PDM_KL log: {(10, 1, 10): {'shapes': [(3072, 464), (464,), (464, 10), (10,)], 'train_accuracy': 0.43264, 'test_accuracy': 0.4253}} 
09-17 18:19 DEBUG    ****** PDM_KL matching ******** 
09-17 18:19 DEBUG    Best Sigma0: 10. Best sigma: 1 Best gamma: 10. Best Test accuracy: 0.4253. Train acc: 0.43264. 

09-17 18:19 DEBUG    PDM_KL log: {(10, 1, 10): {'shapes': [(3072, 464), (464,), (464, 10), (10,)], 'train_accuracy': 0.43264, 'test_accuracy': 0.4253}} 
09-17 18:29 DEBUG    ****** PDM_KL matching ******** 
09-17 18:29 DEBUG    Best Sigma0: 10. Best sigma: 1 Best gamma: 10. Best Test accuracy: 0.4253. Train acc: 0.43264. 

09-17 18:29 DEBUG    PDM_KL log: {(10, 1, 10): {'shapes': [(3072, 464), (464,), (464, 10), (10,)], 'train_accuracy': 0.43264, 'test_accuracy': 0.4253}} 
09-17 18:40 DEBUG    ****** PDM_KL matching ******** 
09-17 18:40 DEBUG    Best Sigma0: 10. Best sigma: 1 Best gamma: 10. Best Test accuracy: 0.4253. Train acc: 0.43264. 

09-17 18:40 DEBUG    PDM_KL log: {(10, 1, 10): {'shapes': [(3072, 464), (464,), (464, 10), (10,)], 'train_accuracy': 0.43264, 'test_accuracy': 0.4253}} 
09-17 18:50 DEBUG    ****** PDM_KL matching ******** 
09-17 18:50 DEBUG    Best Sigma0: 10. Best sigma: 1 Best gamma: 10. Best Test accuracy: 0.4253. Train acc: 0.43264. 

09-17 18:50 DEBUG    PDM_KL log: {(10, 1, 10): {'shapes': [(3072, 463), (463,), (463, 10), (10,)], 'train_accuracy': 0.43264, 'test_accuracy': 0.4253}} 
09-17 18:59 DEBUG    ****** PDM_KL matching ******** 
09-17 18:59 DEBUG    Best Sigma0: 10. Best sigma: 1 Best gamma: 10. Best Test accuracy: 0.4252. Train acc: 0.43254. 

09-17 18:59 DEBUG    PDM_KL log: {(10, 1, 10): {'shapes': [(3072, 447), (447,), (447, 10), (10,)], 'train_accuracy': 0.43254, 'test_accuracy': 0.4252}} 
09-17 19:06 DEBUG    ****** PDM_KL matching ******** 
09-17 19:06 DEBUG    Best Sigma0: 10. Best sigma: 1 Best gamma: 10. Best Test accuracy: 0.4261. Train acc: 0.43082. 

09-17 19:06 DEBUG    PDM_KL log: {(10, 1, 10): {'shapes': [(3072, 200), (200,), (200, 10), (10,)], 'train_accuracy': 0.43082, 'test_accuracy': 0.4261}} 
09-17 19:10 DEBUG    ****** PDM_KL matching ******** 
09-17 19:10 DEBUG    Best Sigma0: 10. Best sigma: 1 Best gamma: 10. Best Test accuracy: 0.0982. Train acc: 0.09864. 

09-17 19:10 DEBUG    PDM_KL log: {(10, 1, 10): {'shapes': [(3072, 108), (108,), (108, 10), (10,)], 'train_accuracy': 0.09864, 'test_accuracy': 0.0982}} 
09-17 19:13 DEBUG    ****** PDM_KL matching ******** 
09-17 19:13 DEBUG    Best Sigma0: 10. Best sigma: 1 Best gamma: 10. Best Test accuracy: 0.0981. Train acc: 0.0982. 

09-17 19:13 DEBUG    PDM_KL log: {(10, 1, 10): {'shapes': [(3072, 104), (104,), (104, 10), (10,)], 'train_accuracy': 0.0982, 'test_accuracy': 0.0981}} 
09-17 19:17 DEBUG    ****** PDM_KL matching ******** 
09-17 19:17 DEBUG    Best Sigma0: 10. Best sigma: 1 Best gamma: 10. Best Test accuracy: 0.0992. Train acc: 0.09832. 

09-17 19:17 DEBUG    PDM_KL log: {(10, 1, 10): {'shapes': [(3072, 100), (100,), (100, 10), (10,)], 'train_accuracy': 0.09832, 'test_accuracy': 0.0992}} 
09-17 19:17 DEBUG    Trial 7 completed
09-17 19:17 DEBUG    ####################################################################################################
09-17 19:17 DEBUG    ####################################################################################################
09-17 19:17 DEBUG    Executing Trial 8 with seed 8
09-17 19:17 DEBUG    Data statistics: {0: {0: 1040, 1: 1006, 2: 993, 3: 1004, 4: 1014, 5: 988, 6: 1032, 7: 958, 8: 932, 9: 1033}, 1: {0: 966, 1: 1014, 2: 979, 3: 977, 4: 1001, 5: 1030, 6: 984, 7: 994, 8: 1045, 9: 1010}, 2: {0: 976, 1: 965, 2: 989, 3: 979, 4: 1031, 5: 998, 6: 1003, 7: 1011, 8: 1037, 9: 1011}, 3: {0: 978, 1: 1018, 2: 1048, 3: 1026, 4: 993, 5: 971, 6: 982, 7: 995, 8: 1029, 9: 960}, 4: {0: 1040, 1: 997, 2: 991, 3: 1014, 4: 961, 5: 1013, 6: 999, 7: 1042, 8: 957, 9: 986}}
09-17 19:18 DEBUG    **************************************************
09-17 19:18 DEBUG    Running experiments 

09-17 19:19 DEBUG    Uniform ensemble (Train acc): 0.441060
09-17 19:19 DEBUG    Uniform ensemble (Test acc): 0.437800
09-17 19:19 DEBUG    FedAvg (Train acc): 0.103320
09-17 19:19 DEBUG    FedAvg (Test acc): 0.102600
09-17 19:25 DEBUG    ****** PDM_KL matching ******** 
09-17 19:25 DEBUG    Best Sigma0: 10. Best sigma: 1 Best gamma: 10. Best Test accuracy: 0.4301. Train acc: 0.43268. 

09-17 19:25 DEBUG    PDM_KL log: {(10, 1, 10): {'shapes': [(3072, 470), (470,), (470, 10), (10,)], 'train_accuracy': 0.43268, 'test_accuracy': 0.4301}} 
09-17 19:36 DEBUG    ****** PDM_KL matching ******** 
09-17 19:36 DEBUG    Best Sigma0: 10. Best sigma: 1 Best gamma: 10. Best Test accuracy: 0.4301. Train acc: 0.43268. 

09-17 19:36 DEBUG    PDM_KL log: {(10, 1, 10): {'shapes': [(3072, 470), (470,), (470, 10), (10,)], 'train_accuracy': 0.43268, 'test_accuracy': 0.4301}} 
09-17 19:47 DEBUG    ****** PDM_KL matching ******** 
09-17 19:47 DEBUG    Best Sigma0: 10. Best sigma: 1 Best gamma: 10. Best Test accuracy: 0.4301. Train acc: 0.43268. 

09-17 19:47 DEBUG    PDM_KL log: {(10, 1, 10): {'shapes': [(3072, 469), (469,), (469, 10), (10,)], 'train_accuracy': 0.43268, 'test_accuracy': 0.4301}} 
09-17 19:57 DEBUG    ****** PDM_KL matching ******** 
09-17 19:57 DEBUG    Best Sigma0: 10. Best sigma: 1 Best gamma: 10. Best Test accuracy: 0.4301. Train acc: 0.43268. 

09-17 19:57 DEBUG    PDM_KL log: {(10, 1, 10): {'shapes': [(3072, 469), (469,), (469, 10), (10,)], 'train_accuracy': 0.43268, 'test_accuracy': 0.4301}} 
09-17 20:08 DEBUG    ****** PDM_KL matching ******** 
09-17 20:08 DEBUG    Best Sigma0: 10. Best sigma: 1 Best gamma: 10. Best Test accuracy: 0.4301. Train acc: 0.43268. 

09-17 20:08 DEBUG    PDM_KL log: {(10, 1, 10): {'shapes': [(3072, 469), (469,), (469, 10), (10,)], 'train_accuracy': 0.43268, 'test_accuracy': 0.4301}} 
09-17 20:18 DEBUG    ****** PDM_KL matching ******** 
09-17 20:18 DEBUG    Best Sigma0: 10. Best sigma: 1 Best gamma: 10. Best Test accuracy: 0.4301. Train acc: 0.43268. 

09-17 20:18 DEBUG    PDM_KL log: {(10, 1, 10): {'shapes': [(3072, 465), (465,), (465, 10), (10,)], 'train_accuracy': 0.43268, 'test_accuracy': 0.4301}} 
09-17 20:27 DEBUG    ****** PDM_KL matching ******** 
09-17 20:27 DEBUG    Best Sigma0: 10. Best sigma: 1 Best gamma: 10. Best Test accuracy: 0.4301. Train acc: 0.43264. 

09-17 20:27 DEBUG    PDM_KL log: {(10, 1, 10): {'shapes': [(3072, 447), (447,), (447, 10), (10,)], 'train_accuracy': 0.43264, 'test_accuracy': 0.4301}} 
09-17 20:33 DEBUG    ****** PDM_KL matching ******** 
09-17 20:33 DEBUG    Best Sigma0: 10. Best sigma: 1 Best gamma: 10. Best Test accuracy: 0.4288. Train acc: 0.43148. 

09-17 20:33 DEBUG    PDM_KL log: {(10, 1, 10): {'shapes': [(3072, 200), (200,), (200, 10), (10,)], 'train_accuracy': 0.43148, 'test_accuracy': 0.4288}} 
09-17 20:36 DEBUG    ****** PDM_KL matching ******** 
09-17 20:36 DEBUG    Best Sigma0: 10. Best sigma: 1 Best gamma: 10. Best Test accuracy: 0.0916. Train acc: 0.09114. 

09-17 20:36 DEBUG    PDM_KL log: {(10, 1, 10): {'shapes': [(3072, 104), (104,), (104, 10), (10,)], 'train_accuracy': 0.09114, 'test_accuracy': 0.0916}} 
09-17 20:39 DEBUG    ****** PDM_KL matching ******** 
09-17 20:39 DEBUG    Best Sigma0: 10. Best sigma: 1 Best gamma: 10. Best Test accuracy: 0.0989. Train acc: 0.0989. 

09-17 20:39 DEBUG    PDM_KL log: {(10, 1, 10): {'shapes': [(3072, 104), (104,), (104, 10), (10,)], 'train_accuracy': 0.0989, 'test_accuracy': 0.0989}} 
09-17 20:42 DEBUG    ****** PDM_KL matching ******** 
09-17 20:42 DEBUG    Best Sigma0: 10. Best sigma: 1 Best gamma: 10. Best Test accuracy: 0.1004. Train acc: 0.0995. 

09-17 20:42 DEBUG    PDM_KL log: {(10, 1, 10): {'shapes': [(3072, 100), (100,), (100, 10), (10,)], 'train_accuracy': 0.0995, 'test_accuracy': 0.1004}} 
09-17 20:42 DEBUG    Trial 8 completed
09-17 20:42 DEBUG    ####################################################################################################
09-17 20:42 DEBUG    ####################################################################################################
09-17 20:42 DEBUG    Executing Trial 9 with seed 9
09-17 20:42 DEBUG    Data statistics: {0: {0: 1003, 1: 984, 2: 1003, 3: 977, 4: 1012, 5: 989, 6: 1002, 7: 988, 8: 1011, 9: 1031}, 1: {0: 1018, 1: 978, 2: 1036, 3: 975, 4: 971, 5: 1002, 6: 1020, 7: 1017, 8: 995, 9: 988}, 2: {0: 1004, 1: 1032, 2: 1013, 3: 973, 4: 1070, 5: 1001, 6: 991, 7: 975, 8: 949, 9: 992}, 3: {0: 964, 1: 1028, 2: 972, 3: 1051, 4: 977, 5: 989, 6: 997, 7: 1015, 8: 1034, 9: 973}, 4: {0: 1011, 1: 978, 2: 976, 3: 1024, 4: 970, 5: 1019, 6: 990, 7: 1005, 8: 1011, 9: 1016}}
09-17 20:43 DEBUG    **************************************************
09-17 20:43 DEBUG    Running experiments 

09-17 20:44 DEBUG    Uniform ensemble (Train acc): 0.440360
09-17 20:44 DEBUG    Uniform ensemble (Test acc): 0.429800
09-17 20:44 DEBUG    FedAvg (Train acc): 0.122100
09-17 20:44 DEBUG    FedAvg (Test acc): 0.122700
09-17 20:49 DEBUG    ****** PDM_KL matching ******** 
09-17 20:49 DEBUG    Best Sigma0: 10. Best sigma: 1 Best gamma: 10. Best Test accuracy: 0.4245. Train acc: 0.4339. 

09-17 20:49 DEBUG    PDM_KL log: {(10, 1, 10): {'shapes': [(3072, 475), (475,), (475, 10), (10,)], 'train_accuracy': 0.4339, 'test_accuracy': 0.4245}} 
09-17 20:59 DEBUG    ****** PDM_KL matching ******** 
09-17 20:59 DEBUG    Best Sigma0: 10. Best sigma: 1 Best gamma: 10. Best Test accuracy: 0.4245. Train acc: 0.4339. 

09-17 20:59 DEBUG    PDM_KL log: {(10, 1, 10): {'shapes': [(3072, 475), (475,), (475, 10), (10,)], 'train_accuracy': 0.4339, 'test_accuracy': 0.4245}} 
09-17 21:09 DEBUG    ****** PDM_KL matching ******** 
09-17 21:09 DEBUG    Best Sigma0: 10. Best sigma: 1 Best gamma: 10. Best Test accuracy: 0.4245. Train acc: 0.4339. 

09-17 21:09 DEBUG    PDM_KL log: {(10, 1, 10): {'shapes': [(3072, 475), (475,), (475, 10), (10,)], 'train_accuracy': 0.4339, 'test_accuracy': 0.4245}} 
09-17 21:19 DEBUG    ****** PDM_KL matching ******** 
09-17 21:19 DEBUG    Best Sigma0: 10. Best sigma: 1 Best gamma: 10. Best Test accuracy: 0.4245. Train acc: 0.4339. 

09-17 21:19 DEBUG    PDM_KL log: {(10, 1, 10): {'shapes': [(3072, 476), (476,), (476, 10), (10,)], 'train_accuracy': 0.4339, 'test_accuracy': 0.4245}} 
09-17 21:30 DEBUG    ****** PDM_KL matching ******** 
09-17 21:30 DEBUG    Best Sigma0: 10. Best sigma: 1 Best gamma: 10. Best Test accuracy: 0.4245. Train acc: 0.4339. 

09-17 21:30 DEBUG    PDM_KL log: {(10, 1, 10): {'shapes': [(3072, 473), (473,), (473, 10), (10,)], 'train_accuracy': 0.4339, 'test_accuracy': 0.4245}} 
09-17 21:40 DEBUG    ****** PDM_KL matching ******** 
09-17 21:40 DEBUG    Best Sigma0: 10. Best sigma: 1 Best gamma: 10. Best Test accuracy: 0.4245. Train acc: 0.4339. 

09-17 21:40 DEBUG    PDM_KL log: {(10, 1, 10): {'shapes': [(3072, 471), (471,), (471, 10), (10,)], 'train_accuracy': 0.4339, 'test_accuracy': 0.4245}} 
09-17 21:51 DEBUG    ****** PDM_KL matching ******** 
09-17 21:51 DEBUG    Best Sigma0: 10. Best sigma: 1 Best gamma: 10. Best Test accuracy: 0.4246. Train acc: 0.43382. 

09-17 21:51 DEBUG    PDM_KL log: {(10, 1, 10): {'shapes': [(3072, 456), (456,), (456, 10), (10,)], 'train_accuracy': 0.43382, 'test_accuracy': 0.4246}} 
09-17 21:57 DEBUG    ****** PDM_KL matching ******** 
09-17 21:57 DEBUG    Best Sigma0: 10. Best sigma: 1 Best gamma: 10. Best Test accuracy: 0.4255. Train acc: 0.43422. 

09-17 21:57 DEBUG    PDM_KL log: {(10, 1, 10): {'shapes': [(3072, 200), (200,), (200, 10), (10,)], 'train_accuracy': 0.43422, 'test_accuracy': 0.4255}} 
09-17 22:01 DEBUG    ****** PDM_KL matching ******** 
09-17 22:01 DEBUG    Best Sigma0: 10. Best sigma: 1 Best gamma: 10. Best Test accuracy: 0.102. Train acc: 0.10164. 

09-17 22:01 DEBUG    PDM_KL log: {(10, 1, 10): {'shapes': [(3072, 104), (104,), (104, 10), (10,)], 'train_accuracy': 0.10164, 'test_accuracy': 0.102}} 
09-17 22:05 DEBUG    ****** PDM_KL matching ******** 
09-17 22:05 DEBUG    Best Sigma0: 10. Best sigma: 1 Best gamma: 10. Best Test accuracy: 0.1032. Train acc: 0.10272. 

09-17 22:05 DEBUG    PDM_KL log: {(10, 1, 10): {'shapes': [(3072, 103), (103,), (103, 10), (10,)], 'train_accuracy': 0.10272, 'test_accuracy': 0.1032}} 
09-17 22:08 DEBUG    ****** PDM_KL matching ******** 
09-17 22:08 DEBUG    Best Sigma0: 10. Best sigma: 1 Best gamma: 10. Best Test accuracy: 0.1022. Train acc: 0.10152. 

09-17 22:08 DEBUG    PDM_KL log: {(10, 1, 10): {'shapes': [(3072, 100), (100,), (100, 10), (10,)], 'train_accuracy': 0.10152, 'test_accuracy': 0.1022}} 
09-17 22:08 DEBUG    Trial 9 completed
09-17 22:08 DEBUG    ####################################################################################################
