09-12 12:03 DEBUG    Experiment arguments: Namespace(alpha=0.5, communication_rounds=None, datadir='data/cifar10', dataset='cifar10', device=1.0, dropout_p=0.0, epochs=10, experiment=['all'], init_seed=0, iter_epochs=5, layers=0, loaddir='saved_weights/cifar10/hetero-dir', logdir='KL_regs/cifar10/hetero-dir', lr=0.01, lr_decay=1.0, n=30, n_layers=1, n_nets=10, net_config=[3072, 100, 10], num_pool_workers=7, partition='hetero-dir', pdm_gamma=1.0, pdm_sig=1.0, pdm_sig0=1.0, reg=1e-06, reg_fac=0.0, trials=10)
09-12 12:03 DEBUG    ####################################################################################################
09-12 12:03 DEBUG    Executing Trial 0 with seed 0
09-12 12:03 DEBUG    Data statistics: {0: {0: 953, 1: 142, 2: 141, 3: 75, 4: 695, 5: 819, 7: 2482}, 1: {0: 16, 1: 43, 2: 902, 3: 1650, 4: 86, 5: 182, 7: 693, 8: 110, 9: 6}, 2: {0: 9, 1: 8, 2: 290, 3: 769, 4: 841, 5: 283, 6: 119, 7: 1044, 8: 1014, 9: 58}, 3: {0: 395, 1: 1200, 2: 48, 3: 68, 4: 896, 5: 681, 6: 90, 7: 17, 8: 1351, 9: 301}, 4: {0: 504, 1: 2917, 2: 570, 3: 721, 4: 121, 5: 356}, 5: {0: 1262, 1: 71, 2: 325, 3: 119, 4: 1560, 5: 14, 6: 1, 7: 85, 8: 366}, 6: {0: 9, 1: 273, 2: 1657, 3: 40, 4: 1, 5: 130, 6: 1911, 7: 21, 8: 1160}, 7: {0: 722, 1: 3, 2: 281, 3: 738, 4: 22, 5: 974, 6: 624, 7: 1, 8: 82, 9: 878}, 8: {0: 1127, 1: 153, 2: 680, 3: 500, 4: 698, 5: 1139, 6: 92, 7: 23, 8: 1, 9: 3665}, 9: {0: 3, 1: 190, 2: 106, 3: 320, 4: 80, 5: 422, 6: 2163, 7: 634, 8: 916, 9: 92}}
09-12 12:04 DEBUG    **************************************************
09-12 12:04 DEBUG    Running experiments 

09-12 12:04 DEBUG    Uniform ensemble (Train acc): 0.398960
09-12 12:04 DEBUG    Uniform ensemble (Test acc): 0.386700
09-12 12:04 DEBUG    FedAvg (Train acc): 0.102040
09-12 12:04 DEBUG    FedAvg (Test acc): 0.101300
09-12 12:15 DEBUG    ****** PDM_KL matching ******** 
09-12 12:15 DEBUG    Best Sigma0: 0.5. Best sigma: 1 Best gamma: 10. Best Test accuracy: 0.2546. Train acc: 0.25666. 

09-12 12:15 DEBUG    PDM_KL log: {(0.5, 1, 10): {'shapes': [(3072, 554), (554,), (554, 10), (10,)], 'train_accuracy': 0.25666, 'test_accuracy': 0.2546}} 
09-12 12:40 DEBUG    ****** PDM_KL matching ******** 
09-12 12:40 DEBUG    Best Sigma0: 0.5. Best sigma: 1 Best gamma: 10. Best Test accuracy: 0.2556. Train acc: 0.25704. 

09-12 12:40 DEBUG    PDM_KL log: {(0.5, 1, 10): {'shapes': [(3072, 555), (555,), (555, 10), (10,)], 'train_accuracy': 0.25704, 'test_accuracy': 0.2556}} 
09-12 13:07 DEBUG    ****** PDM_KL matching ******** 
09-12 13:07 DEBUG    Best Sigma0: 0.5. Best sigma: 1 Best gamma: 10. Best Test accuracy: 0.2521. Train acc: 0.2559. 

09-12 13:07 DEBUG    PDM_KL log: {(0.5, 1, 10): {'shapes': [(3072, 554), (554,), (554, 10), (10,)], 'train_accuracy': 0.2559, 'test_accuracy': 0.2521}} 
09-12 13:35 DEBUG    ****** PDM_KL matching ******** 
09-12 13:35 DEBUG    Best Sigma0: 0.5. Best sigma: 1 Best gamma: 10. Best Test accuracy: 0.2527. Train acc: 0.25474. 

09-12 13:35 DEBUG    PDM_KL log: {(0.5, 1, 10): {'shapes': [(3072, 555), (555,), (555, 10), (10,)], 'train_accuracy': 0.25474, 'test_accuracy': 0.2527}} 
09-12 14:02 DEBUG    ****** PDM_KL matching ******** 
09-12 14:02 DEBUG    Best Sigma0: 0.5. Best sigma: 1 Best gamma: 10. Best Test accuracy: 0.246. Train acc: 0.24882. 

09-12 14:02 DEBUG    PDM_KL log: {(0.5, 1, 10): {'shapes': [(3072, 556), (556,), (556, 10), (10,)], 'train_accuracy': 0.24882, 'test_accuracy': 0.246}} 
09-12 14:30 DEBUG    ****** PDM_KL matching ******** 
09-12 14:30 DEBUG    Best Sigma0: 0.5. Best sigma: 1 Best gamma: 10. Best Test accuracy: 0.256. Train acc: 0.25896. 

09-12 14:30 DEBUG    PDM_KL log: {(0.5, 1, 10): {'shapes': [(3072, 565), (565,), (565, 10), (10,)], 'train_accuracy': 0.25896, 'test_accuracy': 0.256}} 
09-12 14:59 DEBUG    ****** PDM_KL matching ******** 
09-12 14:59 DEBUG    Best Sigma0: 0.5. Best sigma: 1 Best gamma: 10. Best Test accuracy: 0.245. Train acc: 0.24998. 

09-12 14:59 DEBUG    PDM_KL log: {(0.5, 1, 10): {'shapes': [(3072, 571), (571,), (571, 10), (10,)], 'train_accuracy': 0.24998, 'test_accuracy': 0.245}} 
09-12 15:27 DEBUG    ****** PDM_KL matching ******** 
09-12 15:27 DEBUG    Best Sigma0: 0.5. Best sigma: 1 Best gamma: 10. Best Test accuracy: 0.2581. Train acc: 0.26072. 

09-12 15:27 DEBUG    PDM_KL log: {(0.5, 1, 10): {'shapes': [(3072, 604), (604,), (604, 10), (10,)], 'train_accuracy': 0.26072, 'test_accuracy': 0.2581}} 
09-12 15:59 DEBUG    ****** PDM_KL matching ******** 
09-12 15:59 DEBUG    Best Sigma0: 0.5. Best sigma: 1 Best gamma: 10. Best Test accuracy: 0.254. Train acc: 0.2567. 

09-12 15:59 DEBUG    PDM_KL log: {(0.5, 1, 10): {'shapes': [(3072, 664), (664,), (664, 10), (10,)], 'train_accuracy': 0.2567, 'test_accuracy': 0.254}} 
09-12 16:16 DEBUG    ****** PDM_KL matching ******** 
09-12 16:16 DEBUG    Best Sigma0: 0.5. Best sigma: 1 Best gamma: 10. Best Test accuracy: 0.0995. Train acc: 0.10046. 

09-12 16:16 DEBUG    PDM_KL log: {(0.5, 1, 10): {'shapes': [(3072, 161), (161,), (161, 10), (10,)], 'train_accuracy': 0.10046, 'test_accuracy': 0.0995}} 
09-12 16:30 DEBUG    ****** PDM_KL matching ******** 
09-12 16:30 DEBUG    Best Sigma0: 0.5. Best sigma: 1 Best gamma: 10. Best Test accuracy: 0.0998. Train acc: 0.1001. 

09-12 16:30 DEBUG    PDM_KL log: {(0.5, 1, 10): {'shapes': [(3072, 127), (127,), (127, 10), (10,)], 'train_accuracy': 0.1001, 'test_accuracy': 0.0998}} 
09-12 16:30 DEBUG    Trial 0 completed
09-12 16:30 DEBUG    ####################################################################################################
09-12 16:30 DEBUG    ####################################################################################################
09-12 16:30 DEBUG    Executing Trial 1 with seed 1
09-12 16:30 DEBUG    Data statistics: {0: {0: 64, 1: 306, 2: 78, 3: 575, 4: 153, 5: 1405, 6: 540, 7: 346, 8: 1359, 9: 1110}, 1: {0: 727, 1: 1165, 2: 328, 3: 541, 4: 88, 5: 2, 6: 289, 7: 5, 8: 96, 9: 963}, 2: {0: 97, 1: 6, 2: 449, 3: 1188, 4: 884, 5: 1983, 6: 1198}, 3: {0: 1155, 1: 249, 2: 41, 3: 844, 4: 1354, 5: 27, 6: 2, 7: 612, 8: 1013}, 4: {0: 11, 1: 434, 2: 412, 3: 239, 4: 1707, 5: 740, 6: 107, 7: 830, 8: 236, 9: 272}, 5: {0: 2048, 1: 1819, 2: 716, 3: 194, 4: 566}, 6: {0: 12, 1: 682, 2: 1563, 3: 2, 4: 108, 5: 36, 6: 1697, 7: 811, 8: 52, 9: 2532}, 7: {0: 381, 1: 270, 2: 1103, 3: 250, 4: 16, 5: 214, 6: 381, 7: 1715, 8: 828}, 8: {0: 231, 1: 5, 3: 617, 4: 123, 5: 326, 6: 2, 8: 664, 9: 12}, 9: {0: 274, 1: 64, 2: 310, 3: 550, 4: 1, 5: 267, 6: 784, 7: 681, 8: 752, 9: 111}}
09-12 16:32 DEBUG    **************************************************
09-12 16:32 DEBUG    Running experiments 

09-12 16:33 DEBUG    Uniform ensemble (Train acc): 0.425060
09-12 16:33 DEBUG    Uniform ensemble (Test acc): 0.414300
09-12 16:33 DEBUG    FedAvg (Train acc): 0.101080
09-12 16:33 DEBUG    FedAvg (Test acc): 0.101000
09-12 16:45 DEBUG    ****** PDM_KL matching ******** 
09-12 16:45 DEBUG    Best Sigma0: 0.5. Best sigma: 1 Best gamma: 10. Best Test accuracy: 0.256. Train acc: 0.25892. 

09-12 16:45 DEBUG    PDM_KL log: {(0.5, 1, 10): {'shapes': [(3072, 549), (549,), (549, 10), (10,)], 'train_accuracy': 0.25892, 'test_accuracy': 0.256}} 
09-12 17:10 DEBUG    ****** PDM_KL matching ******** 
09-12 17:10 DEBUG    Best Sigma0: 0.5. Best sigma: 1 Best gamma: 10. Best Test accuracy: 0.2679. Train acc: 0.27038. 

09-12 17:10 DEBUG    PDM_KL log: {(0.5, 1, 10): {'shapes': [(3072, 552), (552,), (552, 10), (10,)], 'train_accuracy': 0.27038, 'test_accuracy': 0.2679}} 
09-12 17:35 DEBUG    ****** PDM_KL matching ******** 
09-12 17:35 DEBUG    Best Sigma0: 0.5. Best sigma: 1 Best gamma: 10. Best Test accuracy: 0.2628. Train acc: 0.26642. 

09-12 17:35 DEBUG    PDM_KL log: {(0.5, 1, 10): {'shapes': [(3072, 553), (553,), (553, 10), (10,)], 'train_accuracy': 0.26642, 'test_accuracy': 0.2628}} 
09-12 18:00 DEBUG    ****** PDM_KL matching ******** 
09-12 18:00 DEBUG    Best Sigma0: 0.5. Best sigma: 1 Best gamma: 10. Best Test accuracy: 0.269. Train acc: 0.27182. 

09-12 18:00 DEBUG    PDM_KL log: {(0.5, 1, 10): {'shapes': [(3072, 557), (557,), (557, 10), (10,)], 'train_accuracy': 0.27182, 'test_accuracy': 0.269}} 
09-12 18:24 DEBUG    ****** PDM_KL matching ******** 
09-12 18:24 DEBUG    Best Sigma0: 0.5. Best sigma: 1 Best gamma: 10. Best Test accuracy: 0.274. Train acc: 0.27646. 

09-12 18:24 DEBUG    PDM_KL log: {(0.5, 1, 10): {'shapes': [(3072, 550), (550,), (550, 10), (10,)], 'train_accuracy': 0.27646, 'test_accuracy': 0.274}} 
09-12 18:49 DEBUG    ****** PDM_KL matching ******** 
09-12 18:49 DEBUG    Best Sigma0: 0.5. Best sigma: 1 Best gamma: 10. Best Test accuracy: 0.2783. Train acc: 0.28124. 

09-12 18:49 DEBUG    PDM_KL log: {(0.5, 1, 10): {'shapes': [(3072, 559), (559,), (559, 10), (10,)], 'train_accuracy': 0.28124, 'test_accuracy': 0.2783}} 
09-12 19:13 DEBUG    ****** PDM_KL matching ******** 
09-12 19:13 DEBUG    Best Sigma0: 0.5. Best sigma: 1 Best gamma: 10. Best Test accuracy: 0.2988. Train acc: 0.30294. 

09-12 19:13 DEBUG    PDM_KL log: {(0.5, 1, 10): {'shapes': [(3072, 587), (587,), (587, 10), (10,)], 'train_accuracy': 0.30294, 'test_accuracy': 0.2988}} 
09-12 19:38 DEBUG    ****** PDM_KL matching ******** 
09-12 19:38 DEBUG    Best Sigma0: 0.5. Best sigma: 1 Best gamma: 10. Best Test accuracy: 0.2916. Train acc: 0.29512. 

09-12 19:38 DEBUG    PDM_KL log: {(0.5, 1, 10): {'shapes': [(3072, 611), (611,), (611, 10), (10,)], 'train_accuracy': 0.29512, 'test_accuracy': 0.2916}} 
09-12 20:04 DEBUG    ****** PDM_KL matching ******** 
09-12 20:04 DEBUG    Best Sigma0: 0.5. Best sigma: 1 Best gamma: 10. Best Test accuracy: 0.2661. Train acc: 0.27318. 

09-12 20:04 DEBUG    PDM_KL log: {(0.5, 1, 10): {'shapes': [(3072, 631), (631,), (631, 10), (10,)], 'train_accuracy': 0.27318, 'test_accuracy': 0.2661}} 
09-12 20:19 DEBUG    ****** PDM_KL matching ******** 
09-12 20:19 DEBUG    Best Sigma0: 0.5. Best sigma: 1 Best gamma: 10. Best Test accuracy: 0.1023. Train acc: 0.10244. 

09-12 20:19 DEBUG    PDM_KL log: {(0.5, 1, 10): {'shapes': [(3072, 156), (156,), (156, 10), (10,)], 'train_accuracy': 0.10244, 'test_accuracy': 0.1023}} 
09-12 20:29 DEBUG    ****** PDM_KL matching ******** 
09-12 20:29 DEBUG    Best Sigma0: 0.5. Best sigma: 1 Best gamma: 10. Best Test accuracy: 0.1004. Train acc: 0.10058. 

09-12 20:29 DEBUG    PDM_KL log: {(0.5, 1, 10): {'shapes': [(3072, 127), (127,), (127, 10), (10,)], 'train_accuracy': 0.10058, 'test_accuracy': 0.1004}} 
09-12 20:29 DEBUG    Trial 1 completed
09-12 20:29 DEBUG    ####################################################################################################
09-12 20:29 DEBUG    ####################################################################################################
09-12 20:29 DEBUG    Executing Trial 2 with seed 2
09-12 20:29 DEBUG    Data statistics: {0: {0: 20, 1: 166, 2: 805, 3: 1865, 4: 1297, 5: 1014}, 1: {0: 318, 1: 1068, 2: 10, 3: 177, 4: 73, 5: 25, 6: 630, 7: 719, 8: 206, 9: 1249}, 2: {0: 527, 1: 20, 2: 32, 3: 198, 4: 71, 5: 33, 6: 27, 7: 626, 8: 383, 9: 244}, 3: {0: 271, 1: 1707, 2: 2, 3: 229, 4: 526, 5: 372, 6: 24, 7: 175, 8: 413, 9: 1788}, 4: {0: 930, 1: 357, 2: 340, 3: 268, 4: 2215, 5: 2429}, 5: {0: 226, 1: 83, 2: 2028, 3: 461, 4: 131, 5: 293, 6: 10, 7: 3134}, 6: {0: 39, 1: 1568, 2: 691, 3: 1584, 4: 370, 5: 669, 6: 1506}, 7: {0: 1548, 1: 6, 2: 397, 3: 188, 4: 35, 5: 155, 6: 806, 7: 179, 8: 2216}, 8: {0: 1107, 1: 22, 2: 294, 3: 17, 4: 264, 6: 1214, 7: 8, 8: 749, 9: 929}, 9: {0: 14, 1: 3, 2: 401, 3: 13, 4: 18, 5: 10, 6: 783, 7: 159, 8: 1033, 9: 790}}
09-12 20:31 DEBUG    **************************************************
09-12 20:31 DEBUG    Running experiments 

09-12 20:31 DEBUG    Uniform ensemble (Train acc): 0.428700
09-12 20:31 DEBUG    Uniform ensemble (Test acc): 0.423200
09-12 20:32 DEBUG    FedAvg (Train acc): 0.108160
09-12 20:32 DEBUG    FedAvg (Test acc): 0.107400
09-12 20:43 DEBUG    ****** PDM_KL matching ******** 
09-12 20:43 DEBUG    Best Sigma0: 0.5. Best sigma: 1 Best gamma: 10. Best Test accuracy: 0.2519. Train acc: 0.25044. 

09-12 20:43 DEBUG    PDM_KL log: {(0.5, 1, 10): {'shapes': [(3072, 564), (564,), (564, 10), (10,)], 'train_accuracy': 0.25044, 'test_accuracy': 0.2519}} 
09-12 21:04 DEBUG    ****** PDM_KL matching ******** 
09-12 21:04 DEBUG    Best Sigma0: 0.5. Best sigma: 1 Best gamma: 10. Best Test accuracy: 0.2465. Train acc: 0.24504. 

09-12 21:04 DEBUG    PDM_KL log: {(0.5, 1, 10): {'shapes': [(3072, 566), (566,), (566, 10), (10,)], 'train_accuracy': 0.24504, 'test_accuracy': 0.2465}} 
09-12 21:26 DEBUG    ****** PDM_KL matching ******** 
09-12 21:26 DEBUG    Best Sigma0: 0.5. Best sigma: 1 Best gamma: 10. Best Test accuracy: 0.2489. Train acc: 0.2497. 

09-12 21:26 DEBUG    PDM_KL log: {(0.5, 1, 10): {'shapes': [(3072, 568), (568,), (568, 10), (10,)], 'train_accuracy': 0.2497, 'test_accuracy': 0.2489}} 
09-12 21:51 DEBUG    ****** PDM_KL matching ******** 
09-12 21:51 DEBUG    Best Sigma0: 0.5. Best sigma: 1 Best gamma: 10. Best Test accuracy: 0.2542. Train acc: 0.2533. 

09-12 21:51 DEBUG    PDM_KL log: {(0.5, 1, 10): {'shapes': [(3072, 568), (568,), (568, 10), (10,)], 'train_accuracy': 0.2533, 'test_accuracy': 0.2542}} 
09-12 22:17 DEBUG    ****** PDM_KL matching ******** 
09-12 22:17 DEBUG    Best Sigma0: 0.5. Best sigma: 1 Best gamma: 10. Best Test accuracy: 0.2434. Train acc: 0.24224. 

09-12 22:17 DEBUG    PDM_KL log: {(0.5, 1, 10): {'shapes': [(3072, 567), (567,), (567, 10), (10,)], 'train_accuracy': 0.24224, 'test_accuracy': 0.2434}} 
09-12 22:43 DEBUG    ****** PDM_KL matching ******** 
09-12 22:43 DEBUG    Best Sigma0: 0.5. Best sigma: 1 Best gamma: 10. Best Test accuracy: 0.2456. Train acc: 0.24282. 

09-12 22:43 DEBUG    PDM_KL log: {(0.5, 1, 10): {'shapes': [(3072, 557), (557,), (557, 10), (10,)], 'train_accuracy': 0.24282, 'test_accuracy': 0.2456}} 
09-12 23:09 DEBUG    ****** PDM_KL matching ******** 
09-12 23:09 DEBUG    Best Sigma0: 0.5. Best sigma: 1 Best gamma: 10. Best Test accuracy: 0.2485. Train acc: 0.24802. 

09-12 23:09 DEBUG    PDM_KL log: {(0.5, 1, 10): {'shapes': [(3072, 596), (596,), (596, 10), (10,)], 'train_accuracy': 0.24802, 'test_accuracy': 0.2485}} 
09-12 23:37 DEBUG    ****** PDM_KL matching ******** 
09-12 23:37 DEBUG    Best Sigma0: 0.5. Best sigma: 1 Best gamma: 10. Best Test accuracy: 0.2575. Train acc: 0.25592. 

09-12 23:37 DEBUG    PDM_KL log: {(0.5, 1, 10): {'shapes': [(3072, 620), (620,), (620, 10), (10,)], 'train_accuracy': 0.25592, 'test_accuracy': 0.2575}} 
09-13 00:05 DEBUG    ****** PDM_KL matching ******** 
09-13 00:05 DEBUG    Best Sigma0: 0.5. Best sigma: 1 Best gamma: 10. Best Test accuracy: 0.2546. Train acc: 0.2538. 

09-13 00:05 DEBUG    PDM_KL log: {(0.5, 1, 10): {'shapes': [(3072, 622), (622,), (622, 10), (10,)], 'train_accuracy': 0.2538, 'test_accuracy': 0.2546}} 
09-13 00:20 DEBUG    ****** PDM_KL matching ******** 
09-13 00:20 DEBUG    Best Sigma0: 0.5. Best sigma: 1 Best gamma: 10. Best Test accuracy: 0.1313. Train acc: 0.13184. 

09-13 00:20 DEBUG    PDM_KL log: {(0.5, 1, 10): {'shapes': [(3072, 145), (145,), (145, 10), (10,)], 'train_accuracy': 0.13184, 'test_accuracy': 0.1313}} 
09-13 00:32 DEBUG    ****** PDM_KL matching ******** 
09-13 00:32 DEBUG    Best Sigma0: 0.5. Best sigma: 1 Best gamma: 10. Best Test accuracy: 0.1. Train acc: 0.1. 

09-13 00:32 DEBUG    PDM_KL log: {(0.5, 1, 10): {'shapes': [(3072, 127), (127,), (127, 10), (10,)], 'train_accuracy': 0.1, 'test_accuracy': 0.1}} 
09-13 00:32 DEBUG    Trial 2 completed
09-13 00:32 DEBUG    ####################################################################################################
09-13 00:32 DEBUG    ####################################################################################################
09-13 00:32 DEBUG    Executing Trial 3 with seed 3
09-13 00:32 DEBUG    Data statistics: {0: {0: 324, 1: 286, 2: 177, 3: 114, 4: 936, 5: 105, 6: 350, 7: 5, 8: 428, 9: 978}, 1: {0: 906, 1: 924, 2: 1139, 3: 191, 4: 579, 5: 333, 6: 718, 7: 28, 8: 83, 9: 1105}, 2: {0: 381, 1: 108, 2: 483, 3: 1152, 4: 1050, 5: 78, 6: 954, 7: 206, 8: 620}, 3: {0: 7, 1: 1745, 2: 1728, 3: 388, 4: 193, 5: 831, 6: 841}, 4: {0: 1403, 1: 431, 2: 577, 3: 316, 4: 1020, 5: 559, 6: 1770}, 5: {0: 635, 1: 195, 2: 61, 3: 595, 4: 275, 5: 842, 6: 4, 7: 3009}, 6: {0: 23, 1: 46, 2: 454, 3: 833, 4: 189, 5: 117, 6: 161, 7: 426, 8: 1887, 9: 1182}, 7: {0: 1227, 1: 455, 2: 49, 3: 370, 4: 150, 5: 261, 6: 18, 7: 1, 8: 35, 9: 120}, 8: {0: 88, 1: 72, 2: 3, 3: 1022, 4: 57, 5: 627, 6: 66, 7: 1039, 8: 1251, 9: 1308}, 9: {0: 6, 1: 738, 2: 329, 3: 19, 4: 551, 5: 1247, 6: 118, 7: 286, 8: 696, 9: 307}}
09-13 00:35 DEBUG    **************************************************
09-13 00:35 DEBUG    Running experiments 

09-13 00:35 DEBUG    Uniform ensemble (Train acc): 0.420920
09-13 00:35 DEBUG    Uniform ensemble (Test acc): 0.411000
09-13 00:36 DEBUG    FedAvg (Train acc): 0.104240
09-13 00:36 DEBUG    FedAvg (Test acc): 0.105200
09-13 00:47 DEBUG    ****** PDM_KL matching ******** 
09-13 00:47 DEBUG    Best Sigma0: 0.5. Best sigma: 1 Best gamma: 10. Best Test accuracy: 0.2907. Train acc: 0.29056. 

09-13 00:47 DEBUG    PDM_KL log: {(0.5, 1, 10): {'shapes': [(3072, 555), (555,), (555, 10), (10,)], 'train_accuracy': 0.29056, 'test_accuracy': 0.2907}} 
09-13 01:12 DEBUG    ****** PDM_KL matching ******** 
09-13 01:12 DEBUG    Best Sigma0: 0.5. Best sigma: 1 Best gamma: 10. Best Test accuracy: 0.2939. Train acc: 0.2923. 

09-13 01:12 DEBUG    PDM_KL log: {(0.5, 1, 10): {'shapes': [(3072, 566), (566,), (566, 10), (10,)], 'train_accuracy': 0.2923, 'test_accuracy': 0.2939}} 
09-13 01:37 DEBUG    ****** PDM_KL matching ******** 
09-13 01:37 DEBUG    Best Sigma0: 0.5. Best sigma: 1 Best gamma: 10. Best Test accuracy: 0.2966. Train acc: 0.29772. 

09-13 01:37 DEBUG    PDM_KL log: {(0.5, 1, 10): {'shapes': [(3072, 558), (558,), (558, 10), (10,)], 'train_accuracy': 0.29772, 'test_accuracy': 0.2966}} 
09-13 02:00 DEBUG    ****** PDM_KL matching ******** 
09-13 02:00 DEBUG    Best Sigma0: 0.5. Best sigma: 1 Best gamma: 10. Best Test accuracy: 0.3005. Train acc: 0.29844. 

09-13 02:00 DEBUG    PDM_KL log: {(0.5, 1, 10): {'shapes': [(3072, 566), (566,), (566, 10), (10,)], 'train_accuracy': 0.29844, 'test_accuracy': 0.3005}} 
09-13 02:25 DEBUG    ****** PDM_KL matching ******** 
09-13 02:25 DEBUG    Best Sigma0: 0.5. Best sigma: 1 Best gamma: 10. Best Test accuracy: 0.2969. Train acc: 0.29514. 

09-13 02:25 DEBUG    PDM_KL log: {(0.5, 1, 10): {'shapes': [(3072, 558), (558,), (558, 10), (10,)], 'train_accuracy': 0.29514, 'test_accuracy': 0.2969}} 
09-13 02:45 DEBUG    ****** PDM_KL matching ******** 
09-13 02:45 DEBUG    Best Sigma0: 0.5. Best sigma: 1 Best gamma: 10. Best Test accuracy: 0.2874. Train acc: 0.2863. 

09-13 02:45 DEBUG    PDM_KL log: {(0.5, 1, 10): {'shapes': [(3072, 563), (563,), (563, 10), (10,)], 'train_accuracy': 0.2863, 'test_accuracy': 0.2874}} 
09-13 03:06 DEBUG    ****** PDM_KL matching ******** 
09-13 03:06 DEBUG    Best Sigma0: 0.5. Best sigma: 1 Best gamma: 10. Best Test accuracy: 0.2852. Train acc: 0.28536. 

09-13 03:06 DEBUG    PDM_KL log: {(0.5, 1, 10): {'shapes': [(3072, 583), (583,), (583, 10), (10,)], 'train_accuracy': 0.28536, 'test_accuracy': 0.2852}} 
09-13 03:28 DEBUG    ****** PDM_KL matching ******** 
09-13 03:28 DEBUG    Best Sigma0: 0.5. Best sigma: 1 Best gamma: 10. Best Test accuracy: 0.2901. Train acc: 0.28954. 

09-13 03:28 DEBUG    PDM_KL log: {(0.5, 1, 10): {'shapes': [(3072, 620), (620,), (620, 10), (10,)], 'train_accuracy': 0.28954, 'test_accuracy': 0.2901}} 
09-13 03:50 DEBUG    ****** PDM_KL matching ******** 
09-13 03:50 DEBUG    Best Sigma0: 0.5. Best sigma: 1 Best gamma: 10. Best Test accuracy: 0.2946. Train acc: 0.293. 

09-13 03:50 DEBUG    PDM_KL log: {(0.5, 1, 10): {'shapes': [(3072, 604), (604,), (604, 10), (10,)], 'train_accuracy': 0.293, 'test_accuracy': 0.2946}} 
09-13 04:02 DEBUG    ****** PDM_KL matching ******** 
09-13 04:02 DEBUG    Best Sigma0: 0.5. Best sigma: 1 Best gamma: 10. Best Test accuracy: 0.0984. Train acc: 0.09982. 

09-13 04:02 DEBUG    PDM_KL log: {(0.5, 1, 10): {'shapes': [(3072, 145), (145,), (145, 10), (10,)], 'train_accuracy': 0.09982, 'test_accuracy': 0.0984}} 
09-13 04:13 DEBUG    ****** PDM_KL matching ******** 
09-13 04:13 DEBUG    Best Sigma0: 0.5. Best sigma: 1 Best gamma: 10. Best Test accuracy: 0.0988. Train acc: 0.0984. 

09-13 04:13 DEBUG    PDM_KL log: {(0.5, 1, 10): {'shapes': [(3072, 127), (127,), (127, 10), (10,)], 'train_accuracy': 0.0984, 'test_accuracy': 0.0988}} 
09-13 04:13 DEBUG    Trial 3 completed
09-13 04:13 DEBUG    ####################################################################################################
09-13 04:13 DEBUG    ####################################################################################################
09-13 04:13 DEBUG    Executing Trial 4 with seed 4
09-13 04:13 DEBUG    Data statistics: {0: {0: 116, 1: 167, 2: 88, 3: 501, 4: 1763, 5: 100, 6: 1147, 7: 1088, 8: 101}, 1: {0: 1327, 1: 229, 2: 881, 3: 372, 4: 1411, 5: 4, 6: 263, 7: 15, 8: 830}, 2: {0: 866, 1: 225, 2: 26, 3: 5, 4: 46, 5: 576, 6: 123, 7: 66, 8: 2380, 9: 108}, 3: {0: 1036, 1: 224, 2: 53, 3: 278, 4: 529, 5: 27, 6: 210, 7: 986, 8: 945, 9: 642}, 4: {0: 177, 1: 95, 2: 97, 3: 238, 4: 1032, 5: 782, 6: 1659, 7: 18, 8: 55, 9: 19}, 5: {0: 218, 1: 12, 2: 2048, 3: 2046, 4: 22, 5: 257, 6: 1287}, 6: {0: 161, 1: 358, 2: 10, 3: 353, 4: 105, 5: 1008, 6: 3, 7: 102, 8: 192, 9: 1874}, 7: {0: 2, 1: 3399, 2: 1473, 3: 595}, 8: {0: 151, 1: 187, 2: 41, 3: 128, 4: 67, 5: 398, 6: 54, 7: 181, 8: 497, 9: 2357}, 9: {0: 946, 1: 104, 2: 283, 3: 484, 4: 25, 5: 1848, 6: 254, 7: 2544}}
09-13 04:15 DEBUG    **************************************************
09-13 04:15 DEBUG    Running experiments 

09-13 04:16 DEBUG    Uniform ensemble (Train acc): 0.404180
09-13 04:16 DEBUG    Uniform ensemble (Test acc): 0.398600
09-13 04:16 DEBUG    FedAvg (Train acc): 0.100040
09-13 04:16 DEBUG    FedAvg (Test acc): 0.100000
09-13 04:26 DEBUG    ****** PDM_KL matching ******** 
09-13 04:26 DEBUG    Best Sigma0: 0.5. Best sigma: 1 Best gamma: 10. Best Test accuracy: 0.2453. Train acc: 0.24778. 

09-13 04:26 DEBUG    PDM_KL log: {(0.5, 1, 10): {'shapes': [(3072, 567), (567,), (567, 10), (10,)], 'train_accuracy': 0.24778, 'test_accuracy': 0.2453}} 
09-13 04:48 DEBUG    ****** PDM_KL matching ******** 
09-13 04:48 DEBUG    Best Sigma0: 0.5. Best sigma: 1 Best gamma: 10. Best Test accuracy: 0.2432. Train acc: 0.24476. 

09-13 04:48 DEBUG    PDM_KL log: {(0.5, 1, 10): {'shapes': [(3072, 565), (565,), (565, 10), (10,)], 'train_accuracy': 0.24476, 'test_accuracy': 0.2432}} 
09-13 05:11 DEBUG    ****** PDM_KL matching ******** 
09-13 05:11 DEBUG    Best Sigma0: 0.5. Best sigma: 1 Best gamma: 10. Best Test accuracy: 0.2475. Train acc: 0.2489. 

09-13 05:11 DEBUG    PDM_KL log: {(0.5, 1, 10): {'shapes': [(3072, 557), (557,), (557, 10), (10,)], 'train_accuracy': 0.2489, 'test_accuracy': 0.2475}} 
09-13 05:32 DEBUG    ****** PDM_KL matching ******** 
09-13 05:32 DEBUG    Best Sigma0: 0.5. Best sigma: 1 Best gamma: 10. Best Test accuracy: 0.2468. Train acc: 0.24866. 

09-13 05:32 DEBUG    PDM_KL log: {(0.5, 1, 10): {'shapes': [(3072, 570), (570,), (570, 10), (10,)], 'train_accuracy': 0.24866, 'test_accuracy': 0.2468}} 
09-13 05:53 DEBUG    ****** PDM_KL matching ******** 
09-13 05:53 DEBUG    Best Sigma0: 0.5. Best sigma: 1 Best gamma: 10. Best Test accuracy: 0.2451. Train acc: 0.24836. 

09-13 05:53 DEBUG    PDM_KL log: {(0.5, 1, 10): {'shapes': [(3072, 571), (571,), (571, 10), (10,)], 'train_accuracy': 0.24836, 'test_accuracy': 0.2451}} 
09-13 06:14 DEBUG    ****** PDM_KL matching ******** 
09-13 06:14 DEBUG    Best Sigma0: 0.5. Best sigma: 1 Best gamma: 10. Best Test accuracy: 0.2475. Train acc: 0.24898. 

09-13 06:14 DEBUG    PDM_KL log: {(0.5, 1, 10): {'shapes': [(3072, 574), (574,), (574, 10), (10,)], 'train_accuracy': 0.24898, 'test_accuracy': 0.2475}} 
09-13 06:35 DEBUG    ****** PDM_KL matching ******** 
09-13 06:35 DEBUG    Best Sigma0: 0.5. Best sigma: 1 Best gamma: 10. Best Test accuracy: 0.2455. Train acc: 0.24726. 

09-13 06:35 DEBUG    PDM_KL log: {(0.5, 1, 10): {'shapes': [(3072, 595), (595,), (595, 10), (10,)], 'train_accuracy': 0.24726, 'test_accuracy': 0.2455}} 
09-13 06:55 DEBUG    ****** PDM_KL matching ******** 
09-13 06:55 DEBUG    Best Sigma0: 0.5. Best sigma: 1 Best gamma: 10. Best Test accuracy: 0.2598. Train acc: 0.2607. 

09-13 06:55 DEBUG    PDM_KL log: {(0.5, 1, 10): {'shapes': [(3072, 618), (618,), (618, 10), (10,)], 'train_accuracy': 0.2607, 'test_accuracy': 0.2598}} 
09-13 07:15 DEBUG    ****** PDM_KL matching ******** 
09-13 07:15 DEBUG    Best Sigma0: 0.5. Best sigma: 1 Best gamma: 10. Best Test accuracy: 0.252. Train acc: 0.25352. 

09-13 07:15 DEBUG    PDM_KL log: {(0.5, 1, 10): {'shapes': [(3072, 595), (595,), (595, 10), (10,)], 'train_accuracy': 0.25352, 'test_accuracy': 0.252}} 
09-13 07:27 DEBUG    ****** PDM_KL matching ******** 
09-13 07:27 DEBUG    Best Sigma0: 0.5. Best sigma: 1 Best gamma: 10. Best Test accuracy: 0.123. Train acc: 0.12746. 

09-13 07:27 DEBUG    PDM_KL log: {(0.5, 1, 10): {'shapes': [(3072, 168), (168,), (168, 10), (10,)], 'train_accuracy': 0.12746, 'test_accuracy': 0.123}} 
09-13 07:35 DEBUG    ****** PDM_KL matching ******** 
09-13 07:35 DEBUG    Best Sigma0: 0.5. Best sigma: 1 Best gamma: 10. Best Test accuracy: 0.1. Train acc: 0.1. 

09-13 07:35 DEBUG    PDM_KL log: {(0.5, 1, 10): {'shapes': [(3072, 127), (127,), (127, 10), (10,)], 'train_accuracy': 0.1, 'test_accuracy': 0.1}} 
09-13 07:35 DEBUG    Trial 4 completed
09-13 07:35 DEBUG    ####################################################################################################
09-13 07:35 DEBUG    ####################################################################################################
09-13 07:35 DEBUG    Executing Trial 5 with seed 5
09-13 07:35 DEBUG    Data statistics: {0: {0: 160, 1: 191, 2: 2146, 3: 460, 5: 1, 6: 98, 7: 491, 8: 455, 9: 624}, 1: {0: 26, 1: 1554, 2: 97, 3: 112, 4: 906, 5: 998, 6: 109, 7: 1910}, 2: {0: 329, 1: 8, 2: 65, 3: 34, 4: 1651, 5: 55, 6: 1842, 7: 465, 8: 2, 9: 15}, 3: {0: 1828, 1: 177, 2: 821, 3: 523, 4: 165, 5: 304, 6: 1230}, 4: {0: 29, 1: 76, 2: 1207, 3: 188, 4: 164, 5: 234, 6: 100, 7: 11, 8: 2266, 9: 1034}, 5: {0: 42, 1: 358, 2: 148, 3: 1909, 4: 121, 5: 105, 6: 985, 7: 503, 8: 466, 9: 2717}, 6: {0: 1553, 1: 12, 2: 282, 3: 1, 4: 1311, 5: 2405}, 7: {0: 795, 1: 736, 2: 8, 3: 7, 4: 150, 5: 523, 6: 216, 7: 1253, 8: 507, 9: 374}, 8: {0: 44, 1: 347, 2: 76, 3: 1581, 4: 14, 5: 360, 6: 22, 7: 103, 8: 1303, 9: 19}, 9: {0: 194, 1: 1541, 2: 150, 3: 185, 4: 518, 5: 15, 6: 398, 7: 264, 8: 1, 9: 217}}
09-13 07:36 DEBUG    **************************************************
09-13 07:36 DEBUG    Running experiments 

09-13 07:37 DEBUG    Uniform ensemble (Train acc): 0.430860
09-13 07:37 DEBUG    Uniform ensemble (Test acc): 0.418700
09-13 07:37 DEBUG    FedAvg (Train acc): 0.100280
09-13 07:37 DEBUG    FedAvg (Test acc): 0.100500
09-13 07:45 DEBUG    ****** PDM_KL matching ******** 
09-13 07:45 DEBUG    Best Sigma0: 0.5. Best sigma: 1 Best gamma: 10. Best Test accuracy: 0.2811. Train acc: 0.28346. 

09-13 07:45 DEBUG    PDM_KL log: {(0.5, 1, 10): {'shapes': [(3072, 569), (569,), (569, 10), (10,)], 'train_accuracy': 0.28346, 'test_accuracy': 0.2811}} 
09-13 08:02 DEBUG    ****** PDM_KL matching ******** 
09-13 08:02 DEBUG    Best Sigma0: 0.5. Best sigma: 1 Best gamma: 10. Best Test accuracy: 0.2775. Train acc: 0.28206. 

09-13 08:02 DEBUG    PDM_KL log: {(0.5, 1, 10): {'shapes': [(3072, 568), (568,), (568, 10), (10,)], 'train_accuracy': 0.28206, 'test_accuracy': 0.2775}} 
09-13 08:18 DEBUG    ****** PDM_KL matching ******** 
09-13 08:18 DEBUG    Best Sigma0: 0.5. Best sigma: 1 Best gamma: 10. Best Test accuracy: 0.2794. Train acc: 0.28254. 

09-13 08:18 DEBUG    PDM_KL log: {(0.5, 1, 10): {'shapes': [(3072, 565), (565,), (565, 10), (10,)], 'train_accuracy': 0.28254, 'test_accuracy': 0.2794}} 
09-13 08:34 DEBUG    ****** PDM_KL matching ******** 
09-13 08:34 DEBUG    Best Sigma0: 0.5. Best sigma: 1 Best gamma: 10. Best Test accuracy: 0.2833. Train acc: 0.28688. 

09-13 08:34 DEBUG    PDM_KL log: {(0.5, 1, 10): {'shapes': [(3072, 569), (569,), (569, 10), (10,)], 'train_accuracy': 0.28688, 'test_accuracy': 0.2833}} 
09-13 08:50 DEBUG    ****** PDM_KL matching ******** 
09-13 08:50 DEBUG    Best Sigma0: 0.5. Best sigma: 1 Best gamma: 10. Best Test accuracy: 0.2783. Train acc: 0.2805. 

09-13 08:50 DEBUG    PDM_KL log: {(0.5, 1, 10): {'shapes': [(3072, 570), (570,), (570, 10), (10,)], 'train_accuracy': 0.2805, 'test_accuracy': 0.2783}} 
09-13 09:06 DEBUG    ****** PDM_KL matching ******** 
09-13 09:06 DEBUG    Best Sigma0: 0.5. Best sigma: 1 Best gamma: 10. Best Test accuracy: 0.2981. Train acc: 0.3027. 

09-13 09:06 DEBUG    PDM_KL log: {(0.5, 1, 10): {'shapes': [(3072, 569), (569,), (569, 10), (10,)], 'train_accuracy': 0.3027, 'test_accuracy': 0.2981}} 
09-13 09:22 DEBUG    ****** PDM_KL matching ******** 
09-13 09:22 DEBUG    Best Sigma0: 0.5. Best sigma: 1 Best gamma: 10. Best Test accuracy: 0.288. Train acc: 0.29122. 

09-13 09:22 DEBUG    PDM_KL log: {(0.5, 1, 10): {'shapes': [(3072, 596), (596,), (596, 10), (10,)], 'train_accuracy': 0.29122, 'test_accuracy': 0.288}} 
09-13 09:39 DEBUG    ****** PDM_KL matching ******** 
09-13 09:39 DEBUG    Best Sigma0: 0.5. Best sigma: 1 Best gamma: 10. Best Test accuracy: 0.2963. Train acc: 0.29928. 

09-13 09:39 DEBUG    PDM_KL log: {(0.5, 1, 10): {'shapes': [(3072, 622), (622,), (622, 10), (10,)], 'train_accuracy': 0.29928, 'test_accuracy': 0.2963}} 
09-13 09:57 DEBUG    ****** PDM_KL matching ******** 
09-13 09:57 DEBUG    Best Sigma0: 0.5. Best sigma: 1 Best gamma: 10. Best Test accuracy: 0.2965. Train acc: 0.29908. 

09-13 09:57 DEBUG    PDM_KL log: {(0.5, 1, 10): {'shapes': [(3072, 640), (640,), (640, 10), (10,)], 'train_accuracy': 0.29908, 'test_accuracy': 0.2965}} 
09-13 10:06 DEBUG    ****** PDM_KL matching ******** 
09-13 10:06 DEBUG    Best Sigma0: 0.5. Best sigma: 1 Best gamma: 10. Best Test accuracy: 0.1011. Train acc: 0.10222. 

09-13 10:06 DEBUG    PDM_KL log: {(0.5, 1, 10): {'shapes': [(3072, 161), (161,), (161, 10), (10,)], 'train_accuracy': 0.10222, 'test_accuracy': 0.1011}} 
09-13 10:13 DEBUG    ****** PDM_KL matching ******** 
09-13 10:13 DEBUG    Best Sigma0: 0.5. Best sigma: 1 Best gamma: 10. Best Test accuracy: 0.1. Train acc: 0.10004. 

09-13 10:13 DEBUG    PDM_KL log: {(0.5, 1, 10): {'shapes': [(3072, 127), (127,), (127, 10), (10,)], 'train_accuracy': 0.10004, 'test_accuracy': 0.1}} 
09-13 10:13 DEBUG    Trial 5 completed
09-13 10:13 DEBUG    ####################################################################################################
09-13 10:13 DEBUG    ####################################################################################################
09-13 10:13 DEBUG    Executing Trial 6 with seed 6
09-13 10:13 DEBUG    Data statistics: {0: {0: 193, 1: 210, 3: 460, 4: 26, 5: 5, 6: 126, 7: 49, 8: 874, 9: 332}, 1: {0: 1769, 1: 168, 2: 620, 3: 158, 4: 2341}, 2: {0: 346, 1: 931, 2: 26, 3: 64, 4: 636, 5: 23, 6: 462, 7: 144, 8: 1123, 9: 3145}, 3: {0: 126, 1: 415, 2: 75, 3: 2, 4: 736, 5: 57, 6: 327, 7: 3568}, 4: {1: 503, 2: 2042, 3: 114, 4: 84, 5: 81, 6: 1902, 7: 282}, 5: {0: 1, 1: 1891, 2: 88, 3: 53, 4: 33, 5: 2056, 6: 159, 7: 13, 8: 1196}, 6: {0: 1958, 1: 90, 2: 196, 3: 739, 4: 670, 5: 89, 6: 25, 7: 71, 8: 1494}, 7: {0: 147, 1: 44, 2: 165, 3: 2558, 4: 99, 5: 1075, 6: 1979}, 8: {0: 453, 1: 735, 2: 111, 3: 484, 4: 164, 5: 1328, 6: 16, 7: 565, 8: 300, 9: 1430}, 9: {0: 7, 1: 13, 2: 1677, 3: 368, 4: 211, 5: 286, 6: 4, 7: 308, 8: 13, 9: 93}}
09-13 10:14 DEBUG    **************************************************
09-13 10:14 DEBUG    Running experiments 

09-13 10:15 DEBUG    Uniform ensemble (Train acc): 0.416500
09-13 10:15 DEBUG    Uniform ensemble (Test acc): 0.407000
09-13 10:15 DEBUG    FedAvg (Train acc): 0.107720
09-13 10:15 DEBUG    FedAvg (Test acc): 0.107000
09-13 10:22 DEBUG    ****** PDM_KL matching ******** 
09-13 10:22 DEBUG    Best Sigma0: 0.5. Best sigma: 1 Best gamma: 10. Best Test accuracy: 0.2537. Train acc: 0.25308. 

09-13 10:22 DEBUG    PDM_KL log: {(0.5, 1, 10): {'shapes': [(3072, 546), (546,), (546, 10), (10,)], 'train_accuracy': 0.25308, 'test_accuracy': 0.2537}} 
09-13 10:37 DEBUG    ****** PDM_KL matching ******** 
09-13 10:37 DEBUG    Best Sigma0: 0.5. Best sigma: 1 Best gamma: 10. Best Test accuracy: 0.2604. Train acc: 0.25924. 

09-13 10:37 DEBUG    PDM_KL log: {(0.5, 1, 10): {'shapes': [(3072, 555), (555,), (555, 10), (10,)], 'train_accuracy': 0.25924, 'test_accuracy': 0.2604}} 
09-13 10:53 DEBUG    ****** PDM_KL matching ******** 
09-13 10:53 DEBUG    Best Sigma0: 0.5. Best sigma: 1 Best gamma: 10. Best Test accuracy: 0.2745. Train acc: 0.275. 

09-13 10:53 DEBUG    PDM_KL log: {(0.5, 1, 10): {'shapes': [(3072, 540), (540,), (540, 10), (10,)], 'train_accuracy': 0.275, 'test_accuracy': 0.2745}} 
09-13 11:09 DEBUG    ****** PDM_KL matching ******** 
09-13 11:09 DEBUG    Best Sigma0: 0.5. Best sigma: 1 Best gamma: 10. Best Test accuracy: 0.2627. Train acc: 0.26142. 

09-13 11:09 DEBUG    PDM_KL log: {(0.5, 1, 10): {'shapes': [(3072, 553), (553,), (553, 10), (10,)], 'train_accuracy': 0.26142, 'test_accuracy': 0.2627}} 
09-13 11:25 DEBUG    ****** PDM_KL matching ******** 
09-13 11:25 DEBUG    Best Sigma0: 0.5. Best sigma: 1 Best gamma: 10. Best Test accuracy: 0.2739. Train acc: 0.27496. 

09-13 11:25 DEBUG    PDM_KL log: {(0.5, 1, 10): {'shapes': [(3072, 556), (556,), (556, 10), (10,)], 'train_accuracy': 0.27496, 'test_accuracy': 0.2739}} 
09-13 11:40 DEBUG    ****** PDM_KL matching ******** 
09-13 11:40 DEBUG    Best Sigma0: 0.5. Best sigma: 1 Best gamma: 10. Best Test accuracy: 0.2725. Train acc: 0.27148. 

09-13 11:40 DEBUG    PDM_KL log: {(0.5, 1, 10): {'shapes': [(3072, 562), (562,), (562, 10), (10,)], 'train_accuracy': 0.27148, 'test_accuracy': 0.2725}} 
09-13 11:54 DEBUG    ****** PDM_KL matching ******** 
09-13 11:54 DEBUG    Best Sigma0: 0.5. Best sigma: 1 Best gamma: 10. Best Test accuracy: 0.2576. Train acc: 0.25892. 

09-13 11:54 DEBUG    PDM_KL log: {(0.5, 1, 10): {'shapes': [(3072, 583), (583,), (583, 10), (10,)], 'train_accuracy': 0.25892, 'test_accuracy': 0.2576}} 
09-13 12:33 DEBUG    ****** PDM_KL matching ******** 
09-13 12:33 DEBUG    Best Sigma0: 0.5. Best sigma: 1 Best gamma: 10. Best Test accuracy: 0.2567. Train acc: 0.25796. 

09-13 12:33 DEBUG    PDM_KL log: {(0.5, 1, 10): {'shapes': [(3072, 609), (609,), (609, 10), (10,)], 'train_accuracy': 0.25796, 'test_accuracy': 0.2567}} 
09-13 13:13 DEBUG    ****** PDM_KL matching ******** 
09-13 13:13 DEBUG    Best Sigma0: 0.5. Best sigma: 1 Best gamma: 10. Best Test accuracy: 0.2611. Train acc: 0.25972. 

09-13 13:13 DEBUG    PDM_KL log: {(0.5, 1, 10): {'shapes': [(3072, 613), (613,), (613, 10), (10,)], 'train_accuracy': 0.25972, 'test_accuracy': 0.2611}} 
09-13 13:33 DEBUG    ****** PDM_KL matching ******** 
09-13 13:33 DEBUG    Best Sigma0: 0.5. Best sigma: 1 Best gamma: 10. Best Test accuracy: 0.1305. Train acc: 0.13262. 

09-13 13:33 DEBUG    PDM_KL log: {(0.5, 1, 10): {'shapes': [(3072, 145), (145,), (145, 10), (10,)], 'train_accuracy': 0.13262, 'test_accuracy': 0.1305}} 
09-13 13:52 DEBUG    ****** PDM_KL matching ******** 
09-13 13:52 DEBUG    Best Sigma0: 0.5. Best sigma: 1 Best gamma: 10. Best Test accuracy: 0.1. Train acc: 0.10004. 

09-13 13:52 DEBUG    PDM_KL log: {(0.5, 1, 10): {'shapes': [(3072, 127), (127,), (127, 10), (10,)], 'train_accuracy': 0.10004, 'test_accuracy': 0.1}} 
09-13 13:52 DEBUG    Trial 6 completed
09-13 13:52 DEBUG    ####################################################################################################
09-13 13:52 DEBUG    ####################################################################################################
09-13 13:52 DEBUG    Executing Trial 7 with seed 7
09-13 13:52 DEBUG    Data statistics: {0: {0: 52, 1: 603, 2: 315, 3: 412, 5: 3608, 6: 16}, 1: {0: 162, 1: 1520, 2: 51, 3: 67, 4: 978, 5: 22, 6: 467, 7: 46, 9: 76}, 2: {0: 15, 1: 17, 2: 1323, 3: 1633, 4: 80, 5: 211, 6: 2577}, 3: {0: 133, 1: 14, 2: 5, 3: 1, 4: 47, 5: 760, 6: 167, 7: 266, 8: 2296, 9: 2060}, 4: {0: 23, 1: 546, 2: 655, 3: 267, 4: 307, 5: 19, 6: 17, 7: 2045, 8: 2274}, 5: {0: 502, 1: 44, 2: 36, 3: 1384, 4: 56, 5: 169, 6: 353, 7: 78, 8: 163, 9: 1041}, 6: {0: 1081, 1: 586, 2: 261, 3: 178, 4: 3212}, 7: {0: 10, 1: 549, 2: 1142, 3: 864, 4: 131, 5: 7, 6: 967, 7: 1968}, 8: {0: 2077, 1: 24, 2: 767, 3: 109, 4: 114, 5: 34, 6: 12, 7: 596, 8: 261, 9: 602}, 9: {0: 945, 1: 1097, 2: 445, 3: 85, 4: 75, 5: 170, 6: 424, 7: 1, 8: 6, 9: 1221}}
09-13 13:56 DEBUG    **************************************************
09-13 13:56 DEBUG    Running experiments 

09-13 13:57 DEBUG    Uniform ensemble (Train acc): 0.397320
09-13 13:57 DEBUG    Uniform ensemble (Test acc): 0.387500
09-13 13:57 DEBUG    FedAvg (Train acc): 0.100140
09-13 13:57 DEBUG    FedAvg (Test acc): 0.100300
09-13 14:14 DEBUG    ****** PDM_KL matching ******** 
09-13 14:14 DEBUG    Best Sigma0: 0.5. Best sigma: 1 Best gamma: 10. Best Test accuracy: 0.2611. Train acc: 0.26372. 

09-13 14:14 DEBUG    PDM_KL log: {(0.5, 1, 10): {'shapes': [(3072, 557), (557,), (557, 10), (10,)], 'train_accuracy': 0.26372, 'test_accuracy': 0.2611}} 
09-13 14:52 DEBUG    ****** PDM_KL matching ******** 
09-13 14:52 DEBUG    Best Sigma0: 0.5. Best sigma: 1 Best gamma: 10. Best Test accuracy: 0.2519. Train acc: 0.25316. 

09-13 14:52 DEBUG    PDM_KL log: {(0.5, 1, 10): {'shapes': [(3072, 556), (556,), (556, 10), (10,)], 'train_accuracy': 0.25316, 'test_accuracy': 0.2519}} 
09-13 15:31 DEBUG    ****** PDM_KL matching ******** 
09-13 15:31 DEBUG    Best Sigma0: 0.5. Best sigma: 1 Best gamma: 10. Best Test accuracy: 0.2463. Train acc: 0.24704. 

09-13 15:31 DEBUG    PDM_KL log: {(0.5, 1, 10): {'shapes': [(3072, 560), (560,), (560, 10), (10,)], 'train_accuracy': 0.24704, 'test_accuracy': 0.2463}} 
09-13 16:09 DEBUG    ****** PDM_KL matching ******** 
09-13 16:09 DEBUG    Best Sigma0: 0.5. Best sigma: 1 Best gamma: 10. Best Test accuracy: 0.2488. Train acc: 0.24912. 

09-13 16:09 DEBUG    PDM_KL log: {(0.5, 1, 10): {'shapes': [(3072, 563), (563,), (563, 10), (10,)], 'train_accuracy': 0.24912, 'test_accuracy': 0.2488}} 
09-13 16:43 DEBUG    ****** PDM_KL matching ******** 
09-13 16:43 DEBUG    Best Sigma0: 0.5. Best sigma: 1 Best gamma: 10. Best Test accuracy: 0.2534. Train acc: 0.25522. 

09-13 16:43 DEBUG    PDM_KL log: {(0.5, 1, 10): {'shapes': [(3072, 557), (557,), (557, 10), (10,)], 'train_accuracy': 0.25522, 'test_accuracy': 0.2534}} 
09-13 17:20 DEBUG    ****** PDM_KL matching ******** 
09-13 17:20 DEBUG    Best Sigma0: 0.5. Best sigma: 1 Best gamma: 10. Best Test accuracy: 0.2428. Train acc: 0.24622. 

09-13 17:20 DEBUG    PDM_KL log: {(0.5, 1, 10): {'shapes': [(3072, 560), (560,), (560, 10), (10,)], 'train_accuracy': 0.24622, 'test_accuracy': 0.2428}} 
09-13 17:59 DEBUG    ****** PDM_KL matching ******** 
09-13 17:59 DEBUG    Best Sigma0: 0.5. Best sigma: 1 Best gamma: 10. Best Test accuracy: 0.2535. Train acc: 0.25552. 

09-13 17:59 DEBUG    PDM_KL log: {(0.5, 1, 10): {'shapes': [(3072, 596), (596,), (596, 10), (10,)], 'train_accuracy': 0.25552, 'test_accuracy': 0.2535}} 
09-13 18:42 DEBUG    ****** PDM_KL matching ******** 
09-13 18:42 DEBUG    Best Sigma0: 0.5. Best sigma: 1 Best gamma: 10. Best Test accuracy: 0.2638. Train acc: 0.26632. 

09-13 18:42 DEBUG    PDM_KL log: {(0.5, 1, 10): {'shapes': [(3072, 620), (620,), (620, 10), (10,)], 'train_accuracy': 0.26632, 'test_accuracy': 0.2638}} 
09-13 19:25 DEBUG    ****** PDM_KL matching ******** 
09-13 19:25 DEBUG    Best Sigma0: 0.5. Best sigma: 1 Best gamma: 10. Best Test accuracy: 0.2582. Train acc: 0.25982. 

09-13 19:25 DEBUG    PDM_KL log: {(0.5, 1, 10): {'shapes': [(3072, 622), (622,), (622, 10), (10,)], 'train_accuracy': 0.25982, 'test_accuracy': 0.2582}} 
09-13 19:49 DEBUG    ****** PDM_KL matching ******** 
09-13 19:49 DEBUG    Best Sigma0: 0.5. Best sigma: 1 Best gamma: 10. Best Test accuracy: 0.129. Train acc: 0.13202. 

09-13 19:49 DEBUG    PDM_KL log: {(0.5, 1, 10): {'shapes': [(3072, 158), (158,), (158, 10), (10,)], 'train_accuracy': 0.13202, 'test_accuracy': 0.129}} 
09-13 20:08 DEBUG    ****** PDM_KL matching ******** 
09-13 20:08 DEBUG    Best Sigma0: 0.5. Best sigma: 1 Best gamma: 10. Best Test accuracy: 0.0999. Train acc: 0.1. 

09-13 20:08 DEBUG    PDM_KL log: {(0.5, 1, 10): {'shapes': [(3072, 127), (127,), (127, 10), (10,)], 'train_accuracy': 0.1, 'test_accuracy': 0.0999}} 
09-13 20:08 DEBUG    Trial 7 completed
09-13 20:08 DEBUG    ####################################################################################################
09-13 20:08 DEBUG    ####################################################################################################
09-13 20:08 DEBUG    Executing Trial 8 with seed 8
09-13 20:08 DEBUG    Data statistics: {0: {0: 524, 1: 168, 2: 259, 3: 1157, 4: 846, 5: 351, 6: 350, 7: 125, 8: 1521}, 1: {0: 10, 1: 1310, 2: 1614, 3: 90, 4: 8, 5: 214, 6: 861, 7: 1092}, 2: {0: 419, 1: 407, 2: 225, 3: 92, 4: 239, 5: 194, 6: 1031, 7: 439, 8: 285, 9: 15}, 3: {0: 28, 1: 306, 2: 33, 3: 771, 4: 66, 5: 275, 6: 140, 7: 431, 8: 14, 9: 3014}, 4: {0: 21, 1: 95, 2: 123, 3: 552, 5: 857, 6: 67, 7: 1578, 8: 108, 9: 1722}, 5: {0: 56, 1: 317, 2: 1458, 3: 2, 4: 205, 5: 2189, 6: 1243}, 6: {0: 167, 1: 198, 2: 701, 3: 793, 4: 735, 5: 779, 6: 196, 7: 139, 8: 3050}, 7: {0: 3355, 1: 1713}, 8: {0: 395, 1: 94, 2: 284, 3: 1438, 4: 88, 5: 140, 7: 515, 8: 21, 9: 249}, 9: {0: 25, 1: 392, 2: 303, 3: 105, 4: 2813, 5: 1, 6: 1112, 7: 681, 8: 1}}
09-13 20:12 DEBUG    **************************************************
09-13 20:12 DEBUG    Running experiments 

09-13 20:13 DEBUG    Uniform ensemble (Train acc): 0.404160
09-13 20:13 DEBUG    Uniform ensemble (Test acc): 0.395500
09-13 20:13 DEBUG    FedAvg (Train acc): 0.099460
09-13 20:13 DEBUG    FedAvg (Test acc): 0.099800
09-13 20:31 DEBUG    ****** PDM_KL matching ******** 
09-13 20:31 DEBUG    Best Sigma0: 0.5. Best sigma: 1 Best gamma: 10. Best Test accuracy: 0.2589. Train acc: 0.2556. 

09-13 20:31 DEBUG    PDM_KL log: {(0.5, 1, 10): {'shapes': [(3072, 557), (557,), (557, 10), (10,)], 'train_accuracy': 0.2556, 'test_accuracy': 0.2589}} 
09-13 21:07 DEBUG    ****** PDM_KL matching ******** 
09-13 21:07 DEBUG    Best Sigma0: 0.5. Best sigma: 1 Best gamma: 10. Best Test accuracy: 0.2688. Train acc: 0.26864. 

09-13 21:07 DEBUG    PDM_KL log: {(0.5, 1, 10): {'shapes': [(3072, 558), (558,), (558, 10), (10,)], 'train_accuracy': 0.26864, 'test_accuracy': 0.2688}} 
09-13 21:43 DEBUG    ****** PDM_KL matching ******** 
09-13 21:43 DEBUG    Best Sigma0: 0.5. Best sigma: 1 Best gamma: 10. Best Test accuracy: 0.2762. Train acc: 0.2753. 

09-13 21:43 DEBUG    PDM_KL log: {(0.5, 1, 10): {'shapes': [(3072, 560), (560,), (560, 10), (10,)], 'train_accuracy': 0.2753, 'test_accuracy': 0.2762}} 
09-13 22:20 DEBUG    ****** PDM_KL matching ******** 
09-13 22:20 DEBUG    Best Sigma0: 0.5. Best sigma: 1 Best gamma: 10. Best Test accuracy: 0.2745. Train acc: 0.27082. 

09-13 22:20 DEBUG    PDM_KL log: {(0.5, 1, 10): {'shapes': [(3072, 550), (550,), (550, 10), (10,)], 'train_accuracy': 0.27082, 'test_accuracy': 0.2745}} 
09-13 22:58 DEBUG    ****** PDM_KL matching ******** 
09-13 22:58 DEBUG    Best Sigma0: 0.5. Best sigma: 1 Best gamma: 10. Best Test accuracy: 0.2714. Train acc: 0.26876. 

09-13 22:58 DEBUG    PDM_KL log: {(0.5, 1, 10): {'shapes': [(3072, 564), (564,), (564, 10), (10,)], 'train_accuracy': 0.26876, 'test_accuracy': 0.2714}} 
09-13 23:35 DEBUG    ****** PDM_KL matching ******** 
09-13 23:35 DEBUG    Best Sigma0: 0.5. Best sigma: 1 Best gamma: 10. Best Test accuracy: 0.2671. Train acc: 0.26678. 

09-13 23:35 DEBUG    PDM_KL log: {(0.5, 1, 10): {'shapes': [(3072, 553), (553,), (553, 10), (10,)], 'train_accuracy': 0.26678, 'test_accuracy': 0.2671}} 
09-14 00:14 DEBUG    ****** PDM_KL matching ******** 
09-14 00:14 DEBUG    Best Sigma0: 0.5. Best sigma: 1 Best gamma: 10. Best Test accuracy: 0.2715. Train acc: 0.27266. 

09-14 00:14 DEBUG    PDM_KL log: {(0.5, 1, 10): {'shapes': [(3072, 598), (598,), (598, 10), (10,)], 'train_accuracy': 0.27266, 'test_accuracy': 0.2715}} 
09-14 00:56 DEBUG    ****** PDM_KL matching ******** 
09-14 00:56 DEBUG    Best Sigma0: 0.5. Best sigma: 1 Best gamma: 10. Best Test accuracy: 0.2694. Train acc: 0.27014. 

09-14 00:56 DEBUG    PDM_KL log: {(0.5, 1, 10): {'shapes': [(3072, 623), (623,), (623, 10), (10,)], 'train_accuracy': 0.27014, 'test_accuracy': 0.2694}} 
09-14 01:38 DEBUG    ****** PDM_KL matching ******** 
09-14 01:38 DEBUG    Best Sigma0: 0.5. Best sigma: 1 Best gamma: 10. Best Test accuracy: 0.2846. Train acc: 0.28306. 

09-14 01:38 DEBUG    PDM_KL log: {(0.5, 1, 10): {'shapes': [(3072, 631), (631,), (631, 10), (10,)], 'train_accuracy': 0.28306, 'test_accuracy': 0.2846}} 
09-14 02:00 DEBUG    ****** PDM_KL matching ******** 
09-14 02:00 DEBUG    Best Sigma0: 0.5. Best sigma: 1 Best gamma: 10. Best Test accuracy: 0.1391. Train acc: 0.14048. 

09-14 02:00 DEBUG    PDM_KL log: {(0.5, 1, 10): {'shapes': [(3072, 159), (159,), (159, 10), (10,)], 'train_accuracy': 0.14048, 'test_accuracy': 0.1391}} 
09-14 02:18 DEBUG    ****** PDM_KL matching ******** 
09-14 02:18 DEBUG    Best Sigma0: 0.5. Best sigma: 1 Best gamma: 10. Best Test accuracy: 0.1001. Train acc: 0.10002. 

09-14 02:18 DEBUG    PDM_KL log: {(0.5, 1, 10): {'shapes': [(3072, 127), (127,), (127, 10), (10,)], 'train_accuracy': 0.10002, 'test_accuracy': 0.1001}} 
09-14 02:18 DEBUG    Trial 8 completed
09-14 02:18 DEBUG    ####################################################################################################
09-14 02:18 DEBUG    ####################################################################################################
09-14 02:18 DEBUG    Executing Trial 9 with seed 9
09-14 02:18 DEBUG    Data statistics: {0: {0: 850, 1: 134, 2: 1, 3: 25, 4: 72, 5: 460, 6: 154, 7: 349, 8: 2830, 9: 76}, 1: {0: 207, 1: 1494, 2: 666, 3: 1620, 4: 108, 5: 232, 6: 695}, 2: {0: 273, 1: 142, 2: 96, 3: 413, 4: 807, 5: 440, 6: 112, 7: 72, 8: 6, 9: 476}, 3: {0: 943, 1: 497, 2: 82, 3: 901, 4: 767, 5: 61, 6: 16, 7: 1049, 8: 13, 9: 18}, 4: {0: 706, 1: 124, 2: 1814, 3: 664, 4: 2594}, 5: {0: 58, 2: 452, 3: 3, 4: 95, 5: 842, 6: 14, 7: 1323, 8: 1770, 9: 199}, 6: {0: 289, 1: 63, 2: 4, 3: 214, 4: 342, 5: 1069, 6: 860, 7: 239, 9: 2287}, 7: {0: 755, 1: 464, 2: 1575, 3: 452, 4: 50, 5: 8, 6: 2365}, 8: {0: 116, 1: 1976, 2: 6, 3: 563, 4: 76, 5: 1467, 6: 95, 7: 785}, 9: {0: 803, 1: 106, 2: 304, 3: 145, 4: 89, 5: 421, 6: 689, 7: 1183, 8: 381, 9: 1944}}
09-14 02:21 DEBUG    **************************************************
09-14 02:21 DEBUG    Running experiments 

09-14 02:22 DEBUG    Uniform ensemble (Train acc): 0.400240
09-14 02:22 DEBUG    Uniform ensemble (Test acc): 0.390600
09-14 02:23 DEBUG    FedAvg (Train acc): 0.107460
09-14 02:23 DEBUG    FedAvg (Test acc): 0.107500
09-14 02:40 DEBUG    ****** PDM_KL matching ******** 
09-14 02:40 DEBUG    Best Sigma0: 0.5. Best sigma: 1 Best gamma: 10. Best Test accuracy: 0.2644. Train acc: 0.2657. 

09-14 02:40 DEBUG    PDM_KL log: {(0.5, 1, 10): {'shapes': [(3072, 558), (558,), (558, 10), (10,)], 'train_accuracy': 0.2657, 'test_accuracy': 0.2644}} 
09-14 03:17 DEBUG    ****** PDM_KL matching ******** 
09-14 03:17 DEBUG    Best Sigma0: 0.5. Best sigma: 1 Best gamma: 10. Best Test accuracy: 0.2637. Train acc: 0.26378. 

09-14 03:17 DEBUG    PDM_KL log: {(0.5, 1, 10): {'shapes': [(3072, 554), (554,), (554, 10), (10,)], 'train_accuracy': 0.26378, 'test_accuracy': 0.2637}} 
09-14 03:52 DEBUG    ****** PDM_KL matching ******** 
09-14 03:52 DEBUG    Best Sigma0: 0.5. Best sigma: 1 Best gamma: 10. Best Test accuracy: 0.2594. Train acc: 0.25906. 

09-14 03:52 DEBUG    PDM_KL log: {(0.5, 1, 10): {'shapes': [(3072, 561), (561,), (561, 10), (10,)], 'train_accuracy': 0.25906, 'test_accuracy': 0.2594}} 
09-14 04:30 DEBUG    ****** PDM_KL matching ******** 
09-14 04:30 DEBUG    Best Sigma0: 0.5. Best sigma: 1 Best gamma: 10. Best Test accuracy: 0.2649. Train acc: 0.26628. 

09-14 04:30 DEBUG    PDM_KL log: {(0.5, 1, 10): {'shapes': [(3072, 557), (557,), (557, 10), (10,)], 'train_accuracy': 0.26628, 'test_accuracy': 0.2649}} 
09-14 05:08 DEBUG    ****** PDM_KL matching ******** 
09-14 05:08 DEBUG    Best Sigma0: 0.5. Best sigma: 1 Best gamma: 10. Best Test accuracy: 0.2665. Train acc: 0.26602. 

09-14 05:08 DEBUG    PDM_KL log: {(0.5, 1, 10): {'shapes': [(3072, 567), (567,), (567, 10), (10,)], 'train_accuracy': 0.26602, 'test_accuracy': 0.2665}} 
09-14 05:47 DEBUG    ****** PDM_KL matching ******** 
09-14 05:47 DEBUG    Best Sigma0: 0.5. Best sigma: 1 Best gamma: 10. Best Test accuracy: 0.2698. Train acc: 0.2696. 

09-14 05:47 DEBUG    PDM_KL log: {(0.5, 1, 10): {'shapes': [(3072, 564), (564,), (564, 10), (10,)], 'train_accuracy': 0.2696, 'test_accuracy': 0.2698}} 
09-14 06:27 DEBUG    ****** PDM_KL matching ******** 
09-14 06:27 DEBUG    Best Sigma0: 0.5. Best sigma: 1 Best gamma: 10. Best Test accuracy: 0.2695. Train acc: 0.2717. 

09-14 06:27 DEBUG    PDM_KL log: {(0.5, 1, 10): {'shapes': [(3072, 598), (598,), (598, 10), (10,)], 'train_accuracy': 0.2717, 'test_accuracy': 0.2695}} 
09-14 07:08 DEBUG    ****** PDM_KL matching ******** 
09-14 07:08 DEBUG    Best Sigma0: 0.5. Best sigma: 1 Best gamma: 10. Best Test accuracy: 0.2668. Train acc: 0.26842. 

09-14 07:08 DEBUG    PDM_KL log: {(0.5, 1, 10): {'shapes': [(3072, 619), (619,), (619, 10), (10,)], 'train_accuracy': 0.26842, 'test_accuracy': 0.2668}} 
09-14 07:48 DEBUG    ****** PDM_KL matching ******** 
09-14 07:48 DEBUG    Best Sigma0: 0.5. Best sigma: 1 Best gamma: 10. Best Test accuracy: 0.2647. Train acc: 0.2668. 

09-14 07:48 DEBUG    PDM_KL log: {(0.5, 1, 10): {'shapes': [(3072, 595), (595,), (595, 10), (10,)], 'train_accuracy': 0.2668, 'test_accuracy': 0.2647}} 
09-14 08:09 DEBUG    ****** PDM_KL matching ******** 
09-14 08:09 DEBUG    Best Sigma0: 0.5. Best sigma: 1 Best gamma: 10. Best Test accuracy: 0.1006. Train acc: 0.1009. 

09-14 08:09 DEBUG    PDM_KL log: {(0.5, 1, 10): {'shapes': [(3072, 149), (149,), (149, 10), (10,)], 'train_accuracy': 0.1009, 'test_accuracy': 0.1006}} 
09-14 08:28 DEBUG    ****** PDM_KL matching ******** 
09-14 08:28 DEBUG    Best Sigma0: 0.5. Best sigma: 1 Best gamma: 10. Best Test accuracy: 0.1001. Train acc: 0.10012. 

09-14 08:28 DEBUG    PDM_KL log: {(0.5, 1, 10): {'shapes': [(3072, 127), (127,), (127, 10), (10,)], 'train_accuracy': 0.10012, 'test_accuracy': 0.1001}} 
09-14 08:28 DEBUG    Trial 9 completed
09-14 08:28 DEBUG    ####################################################################################################
