09-12 12:03 DEBUG    Experiment arguments: Namespace(alpha=0.5, communication_rounds=None, datadir='data/cifar10', dataset='cifar10', device=1.0, dropout_p=0.0, epochs=10, experiment=['all'], init_seed=0, iter_epochs=5, layers=0, loaddir='saved_weights/cifar10/hetero-dir', logdir='KL_regs/cifar10/hetero-dir', lr=0.01, lr_decay=1.0, n=30, n_layers=1, n_nets=25, net_config=[3072, 100, 10], num_pool_workers=7, partition='hetero-dir', pdm_gamma=1.0, pdm_sig=1.0, pdm_sig0=1.0, reg=1e-06, reg_fac=0.0, trials=10)
09-12 12:03 DEBUG    ####################################################################################################
09-12 12:03 DEBUG    Executing Trial 0 with seed 0
09-12 12:03 DEBUG    Data statistics: {0: {0: 486, 1: 2, 2: 544, 3: 61, 4: 7, 5: 38, 6: 33, 7: 155, 8: 1191}, 1: {0: 8, 1: 53, 2: 38, 3: 293, 4: 12, 5: 205, 6: 768, 7: 120, 8: 1, 9: 172}, 2: {0: 4, 1: 1662, 2: 1, 3: 113, 4: 24, 5: 399}, 3: {0: 202, 1: 239, 2: 89, 3: 106, 4: 682, 5: 333, 6: 7, 7: 84, 8: 708}, 4: {0: 257, 1: 163, 2: 12, 3: 26, 4: 198, 5: 6, 7: 11, 8: 406, 9: 7}, 5: {0: 643, 1: 122, 2: 2, 3: 1363}, 6: {0: 5, 1: 212, 3: 1, 4: 3, 5: 117, 6: 74, 7: 3, 8: 1519, 9: 233}, 7: {0: 368, 1: 94, 2: 643, 3: 407, 4: 306, 6: 1255}, 8: {0: 575, 1: 90, 2: 93, 3: 645, 4: 5, 5: 707}, 9: {0: 1, 1: 71, 2: 907, 3: 44, 4: 31, 5: 780, 6: 459}, 10: {0: 592, 1: 164, 2: 539, 3: 52, 4: 115, 5: 43, 6: 112, 7: 438}, 11: {0: 264, 1: 118, 2: 16, 3: 102, 4: 1133, 5: 6, 6: 209, 7: 213}, 12: {0: 235, 1: 263, 2: 50, 3: 35, 4: 9, 5: 4, 6: 5, 7: 286, 8: 281, 9: 862}, 13: {0: 251, 1: 24, 2: 76, 3: 56, 4: 8, 5: 446, 6: 181, 7: 422, 8: 11, 9: 23}, 14: {0: 458, 1: 34, 2: 309, 3: 381, 4: 227, 5: 9, 6: 73, 7: 43, 8: 36, 9: 127}, 15: {0: 139, 1: 14, 2: 150, 3: 19, 4: 322, 5: 2, 6: 22, 8: 8, 9: 1363}, 16: {0: 27, 1: 231, 2: 82, 3: 55, 4: 55, 5: 478, 6: 591, 7: 67, 8: 48, 9: 283}, 17: {0: 2, 1: 488, 2: 321, 3: 127, 4: 234, 5: 120, 6: 131, 8: 1, 9: 888}, 18: {0: 30, 1: 185, 2: 675, 3: 1, 4: 21, 5: 129, 6: 441, 7: 559}, 19: {0: 32, 1: 483, 2: 19, 3: 87, 4: 7, 5: 27, 6: 9, 7: 18, 8: 268, 9: 80}, 20: {0: 13, 1: 189, 2: 17, 3: 215, 4: 730, 5: 36, 6: 11, 7: 10, 8: 176, 9: 20}, 21: {0: 72, 1: 45, 2: 178, 3: 191, 4: 598, 5: 71, 6: 271, 7: 233, 8: 57, 9: 58}, 22: {0: 225, 1: 5, 2: 226, 3: 343, 4: 54, 5: 41, 6: 1, 7: 11, 8: 5, 9: 48}, 23: {0: 2, 1: 30, 2: 3, 3: 31, 4: 218, 5: 331, 6: 301, 7: 2239}, 24: {0: 109, 1: 19, 2: 10, 3: 246, 4: 1, 5: 672, 6: 46, 7: 88, 8: 284, 9: 836}}
09-12 12:05 DEBUG    **************************************************
09-12 12:05 DEBUG    Running experiments 

09-12 12:06 DEBUG    Uniform ensemble (Train acc): 0.365300
09-12 12:06 DEBUG    Uniform ensemble (Test acc): 0.360300
09-12 12:07 DEBUG    FedAvg (Train acc): 0.100380
09-12 12:07 DEBUG    FedAvg (Test acc): 0.100200
09-12 12:46 DEBUG    ****** PDM_KL matching ******** 
09-12 12:46 DEBUG    Best Sigma0: 0.5. Best sigma: 1 Best gamma: 10. Best Test accuracy: 0.215. Train acc: 0.21276. 

09-12 12:46 DEBUG    PDM_KL log: {(0.5, 1, 10): {'shapes': [(3072, 830), (830,), (830, 10), (10,)], 'train_accuracy': 0.21276, 'test_accuracy': 0.215}} 
09-12 14:20 DEBUG    ****** PDM_KL matching ******** 
09-12 14:20 DEBUG    Best Sigma0: 0.5. Best sigma: 1 Best gamma: 10. Best Test accuracy: 0.2448. Train acc: 0.2441. 

09-12 14:20 DEBUG    PDM_KL log: {(0.5, 1, 10): {'shapes': [(3072, 830), (830,), (830, 10), (10,)], 'train_accuracy': 0.2441, 'test_accuracy': 0.2448}} 
09-12 15:53 DEBUG    ****** PDM_KL matching ******** 
09-12 15:53 DEBUG    Best Sigma0: 0.5. Best sigma: 1 Best gamma: 10. Best Test accuracy: 0.2417. Train acc: 0.24324. 

09-12 15:53 DEBUG    PDM_KL log: {(0.5, 1, 10): {'shapes': [(3072, 830), (830,), (830, 10), (10,)], 'train_accuracy': 0.24324, 'test_accuracy': 0.2417}} 
09-12 17:19 DEBUG    ****** PDM_KL matching ******** 
09-12 17:19 DEBUG    Best Sigma0: 0.5. Best sigma: 1 Best gamma: 10. Best Test accuracy: 0.2401. Train acc: 0.23734. 

09-12 17:19 DEBUG    PDM_KL log: {(0.5, 1, 10): {'shapes': [(3072, 830), (830,), (830, 10), (10,)], 'train_accuracy': 0.23734, 'test_accuracy': 0.2401}} 
09-12 18:43 DEBUG    ****** PDM_KL matching ******** 
09-12 18:43 DEBUG    Best Sigma0: 0.5. Best sigma: 1 Best gamma: 10. Best Test accuracy: 0.2106. Train acc: 0.20792. 

09-12 18:43 DEBUG    PDM_KL log: {(0.5, 1, 10): {'shapes': [(3072, 830), (830,), (830, 10), (10,)], 'train_accuracy': 0.20792, 'test_accuracy': 0.2106}} 
09-12 20:03 DEBUG    ****** PDM_KL matching ******** 
09-12 20:03 DEBUG    Best Sigma0: 0.5. Best sigma: 1 Best gamma: 10. Best Test accuracy: 0.2044. Train acc: 0.2034. 

09-12 20:03 DEBUG    PDM_KL log: {(0.5, 1, 10): {'shapes': [(3072, 830), (830,), (830, 10), (10,)], 'train_accuracy': 0.2034, 'test_accuracy': 0.2044}} 
09-12 21:18 DEBUG    ****** PDM_KL matching ******** 
09-12 21:18 DEBUG    Best Sigma0: 0.5. Best sigma: 1 Best gamma: 10. Best Test accuracy: 0.2594. Train acc: 0.25856. 

09-12 21:18 DEBUG    PDM_KL log: {(0.5, 1, 10): {'shapes': [(3072, 831), (831,), (831, 10), (10,)], 'train_accuracy': 0.25856, 'test_accuracy': 0.2594}} 
09-12 22:34 DEBUG    ****** PDM_KL matching ******** 
09-12 22:34 DEBUG    Best Sigma0: 0.5. Best sigma: 1 Best gamma: 10. Best Test accuracy: 0.1897. Train acc: 0.18728. 

09-12 22:34 DEBUG    PDM_KL log: {(0.5, 1, 10): {'shapes': [(3072, 613), (613,), (613, 10), (10,)], 'train_accuracy': 0.18728, 'test_accuracy': 0.1897}} 
09-12 23:27 DEBUG    ****** PDM_KL matching ******** 
09-12 23:27 DEBUG    Best Sigma0: 0.5. Best sigma: 1 Best gamma: 10. Best Test accuracy: 0.1746. Train acc: 0.171. 

09-12 23:27 DEBUG    PDM_KL log: {(0.5, 1, 10): {'shapes': [(3072, 250), (250,), (250, 10), (10,)], 'train_accuracy': 0.171, 'test_accuracy': 0.1746}} 
09-12 23:59 DEBUG    ****** PDM_KL matching ******** 
09-12 23:59 DEBUG    Best Sigma0: 0.5. Best sigma: 1 Best gamma: 10. Best Test accuracy: 0.1108. Train acc: 0.10876. 

09-12 23:59 DEBUG    PDM_KL log: {(0.5, 1, 10): {'shapes': [(3072, 124), (124,), (124, 10), (10,)], 'train_accuracy': 0.10876, 'test_accuracy': 0.1108}} 
09-13 00:29 DEBUG    ****** PDM_KL matching ******** 
09-13 00:29 DEBUG    Best Sigma0: 0.5. Best sigma: 1 Best gamma: 10. Best Test accuracy: 0.1. Train acc: 0.1. 

09-13 00:29 DEBUG    PDM_KL log: {(0.5, 1, 10): {'shapes': [(3072, 117), (117,), (117, 10), (10,)], 'train_accuracy': 0.1, 'test_accuracy': 0.1}} 
09-13 00:29 DEBUG    Trial 0 completed
09-13 00:29 DEBUG    ####################################################################################################
09-13 00:29 DEBUG    ####################################################################################################
09-13 00:29 DEBUG    Executing Trial 1 with seed 1
09-13 00:29 DEBUG    Data statistics: {0: {0: 32, 1: 1, 2: 2, 3: 158, 4: 140, 5: 306, 6: 73, 7: 414, 8: 952}, 1: {0: 367, 1: 47, 2: 2, 3: 235, 4: 48, 5: 29, 6: 740, 7: 401, 8: 400}, 2: {0: 50, 1: 78, 2: 15, 4: 379, 5: 629, 6: 13, 7: 531, 8: 956}, 3: {0: 583, 1: 42, 2: 43, 3: 87, 4: 406, 5: 21, 6: 1021}, 4: {0: 5, 1: 734, 2: 149, 3: 8, 4: 139, 5: 1, 6: 289, 7: 59, 8: 155, 9: 465}, 5: {0: 1035, 1: 142, 3: 15, 4: 156, 5: 309, 6: 11, 7: 40, 8: 121, 9: 190}, 6: {0: 6, 1: 93, 2: 6, 3: 86, 4: 240, 5: 629, 6: 255, 7: 34, 8: 96, 9: 3}, 7: {0: 192, 1: 94, 2: 458, 3: 77, 4: 7, 5: 233, 6: 9, 7: 2, 8: 535, 9: 3}, 8: {0: 117, 1: 140, 2: 460, 3: 146, 4: 25, 5: 5, 6: 649, 7: 368, 8: 450}, 9: {0: 138, 1: 76, 2: 290, 3: 422, 4: 108, 5: 6, 6: 205, 7: 276, 8: 612}, 10: {0: 30, 1: 4, 2: 47, 3: 12, 4: 1, 5: 6, 6: 791, 7: 101, 8: 51, 9: 892}, 11: {0: 138, 1: 270, 2: 222, 3: 138, 4: 119, 5: 26, 6: 14, 7: 114, 8: 23, 9: 432}, 12: {0: 110, 1: 1211, 2: 247, 3: 48, 4: 304, 5: 143}, 13: {0: 1, 1: 522, 2: 296, 3: 249, 4: 2, 5: 897, 6: 53}, 14: {0: 11, 1: 103, 2: 66, 3: 82, 4: 544, 5: 32, 6: 40, 7: 6, 8: 8, 9: 87}, 15: {0: 104, 1: 201, 2: 2, 3: 101, 4: 634, 5: 270, 8: 15, 9: 22}, 16: {0: 64, 1: 15, 2: 513, 3: 235, 4: 134, 5: 346, 6: 103, 7: 174, 8: 19, 9: 312}, 17: {0: 379, 1: 124, 2: 8, 3: 21, 4: 301, 5: 68, 6: 3, 7: 264, 8: 3, 9: 53}, 18: {0: 366, 1: 387, 2: 486, 3: 169, 4: 249, 5: 87, 6: 5, 7: 1106}, 19: {0: 633, 1: 78, 2: 924, 3: 181, 4: 4, 5: 26, 6: 510}, 20: {0: 105, 1: 31, 2: 15, 3: 4, 4: 83, 5: 79, 6: 1, 7: 763, 8: 24, 9: 364}, 21: {0: 38, 1: 170, 2: 543, 3: 171, 4: 163, 5: 409, 6: 120, 7: 2, 8: 232, 9: 823}, 22: {0: 419, 1: 82, 2: 65, 3: 72, 4: 514, 5: 360, 6: 93, 7: 292, 8: 6, 9: 746}, 23: {0: 58, 1: 28, 2: 140, 3: 443, 4: 299, 5: 83, 6: 2, 7: 52, 8: 342, 9: 608}, 24: {0: 19, 1: 327, 2: 1, 3: 1840, 4: 1, 7: 1}}
09-13 00:34 DEBUG    **************************************************
09-13 00:34 DEBUG    Running experiments 

09-13 00:35 DEBUG    Uniform ensemble (Train acc): 0.401180
09-13 00:35 DEBUG    Uniform ensemble (Test acc): 0.395200
09-13 00:36 DEBUG    FedAvg (Train acc): 0.099980
09-13 00:36 DEBUG    FedAvg (Test acc): 0.100000
09-13 01:13 DEBUG    ****** PDM_KL matching ******** 
09-13 01:13 DEBUG    Best Sigma0: 0.5. Best sigma: 1 Best gamma: 10. Best Test accuracy: 0.2525. Train acc: 0.25296. 

09-13 01:13 DEBUG    PDM_KL log: {(0.5, 1, 10): {'shapes': [(3072, 830), (830,), (830, 10), (10,)], 'train_accuracy': 0.25296, 'test_accuracy': 0.2525}} 
09-13 02:33 DEBUG    ****** PDM_KL matching ******** 
09-13 02:33 DEBUG    Best Sigma0: 0.5. Best sigma: 1 Best gamma: 10. Best Test accuracy: 0.2161. Train acc: 0.21636. 

09-13 02:33 DEBUG    PDM_KL log: {(0.5, 1, 10): {'shapes': [(3072, 829), (829,), (829, 10), (10,)], 'train_accuracy': 0.21636, 'test_accuracy': 0.2161}} 
09-13 03:40 DEBUG    ****** PDM_KL matching ******** 
09-13 03:40 DEBUG    Best Sigma0: 0.5. Best sigma: 1 Best gamma: 10. Best Test accuracy: 0.2205. Train acc: 0.2228. 

09-13 03:40 DEBUG    PDM_KL log: {(0.5, 1, 10): {'shapes': [(3072, 830), (830,), (830, 10), (10,)], 'train_accuracy': 0.2228, 'test_accuracy': 0.2205}} 
09-13 04:51 DEBUG    ****** PDM_KL matching ******** 
09-13 04:51 DEBUG    Best Sigma0: 0.5. Best sigma: 1 Best gamma: 10. Best Test accuracy: 0.2241. Train acc: 0.23084. 

09-13 04:51 DEBUG    PDM_KL log: {(0.5, 1, 10): {'shapes': [(3072, 830), (830,), (830, 10), (10,)], 'train_accuracy': 0.23084, 'test_accuracy': 0.2241}} 
09-13 06:03 DEBUG    ****** PDM_KL matching ******** 
09-13 06:03 DEBUG    Best Sigma0: 0.5. Best sigma: 1 Best gamma: 10. Best Test accuracy: 0.2287. Train acc: 0.2271. 

09-13 06:03 DEBUG    PDM_KL log: {(0.5, 1, 10): {'shapes': [(3072, 829), (829,), (829, 10), (10,)], 'train_accuracy': 0.2271, 'test_accuracy': 0.2287}} 
09-13 07:09 DEBUG    ****** PDM_KL matching ******** 
09-13 07:09 DEBUG    Best Sigma0: 0.5. Best sigma: 1 Best gamma: 10. Best Test accuracy: 0.2254. Train acc: 0.22878. 

09-13 07:09 DEBUG    PDM_KL log: {(0.5, 1, 10): {'shapes': [(3072, 830), (830,), (830, 10), (10,)], 'train_accuracy': 0.22878, 'test_accuracy': 0.2254}} 
09-13 08:05 DEBUG    ****** PDM_KL matching ******** 
09-13 08:05 DEBUG    Best Sigma0: 0.5. Best sigma: 1 Best gamma: 10. Best Test accuracy: 0.2238. Train acc: 0.224. 

09-13 08:05 DEBUG    PDM_KL log: {(0.5, 1, 10): {'shapes': [(3072, 831), (831,), (831, 10), (10,)], 'train_accuracy': 0.224, 'test_accuracy': 0.2238}} 
09-13 08:54 DEBUG    ****** PDM_KL matching ******** 
09-13 08:54 DEBUG    Best Sigma0: 0.5. Best sigma: 1 Best gamma: 10. Best Test accuracy: 0.2894. Train acc: 0.29188. 

09-13 08:54 DEBUG    PDM_KL log: {(0.5, 1, 10): {'shapes': [(3072, 618), (618,), (618, 10), (10,)], 'train_accuracy': 0.29188, 'test_accuracy': 0.2894}} 
09-13 09:24 DEBUG    ****** PDM_KL matching ******** 
09-13 09:24 DEBUG    Best Sigma0: 0.5. Best sigma: 1 Best gamma: 10. Best Test accuracy: 0.1404. Train acc: 0.14358. 

09-13 09:24 DEBUG    PDM_KL log: {(0.5, 1, 10): {'shapes': [(3072, 249), (249,), (249, 10), (10,)], 'train_accuracy': 0.14358, 'test_accuracy': 0.1404}} 
09-13 09:43 DEBUG    ****** PDM_KL matching ******** 
09-13 09:43 DEBUG    Best Sigma0: 0.5. Best sigma: 1 Best gamma: 10. Best Test accuracy: 0.1. Train acc: 0.1. 

09-13 09:43 DEBUG    PDM_KL log: {(0.5, 1, 10): {'shapes': [(3072, 124), (124,), (124, 10), (10,)], 'train_accuracy': 0.1, 'test_accuracy': 0.1}} 
09-13 10:02 DEBUG    ****** PDM_KL matching ******** 
09-13 10:02 DEBUG    Best Sigma0: 0.5. Best sigma: 1 Best gamma: 10. Best Test accuracy: 0.1. Train acc: 0.1. 

09-13 10:02 DEBUG    PDM_KL log: {(0.5, 1, 10): {'shapes': [(3072, 124), (124,), (124, 10), (10,)], 'train_accuracy': 0.1, 'test_accuracy': 0.1}} 
09-13 10:02 DEBUG    Trial 1 completed
09-13 10:02 DEBUG    ####################################################################################################
09-13 10:02 DEBUG    ####################################################################################################
09-13 10:02 DEBUG    Executing Trial 2 with seed 2
09-13 10:02 DEBUG    Data statistics: {0: {0: 6, 1: 8, 2: 61, 3: 70, 4: 110, 5: 16, 6: 157, 7: 281, 8: 320, 9: 3}, 1: {0: 104, 1: 117, 2: 2, 4: 3, 5: 55, 6: 679, 7: 40, 8: 354, 9: 358}, 2: {0: 173, 1: 400, 2: 1, 4: 43, 5: 3, 6: 425, 7: 65, 8: 56, 9: 332}, 3: {0: 89, 1: 54, 2: 420, 3: 201, 4: 27, 5: 4, 6: 85, 8: 280, 9: 684}, 4: {0: 304, 1: 15, 2: 270, 3: 23, 4: 887, 5: 45, 6: 266, 7: 936}, 5: {0: 74, 1: 351, 2: 82, 3: 81, 4: 642, 5: 513, 6: 14, 7: 249}, 6: {0: 13, 1: 3, 2: 974, 3: 15, 4: 16, 5: 23, 7: 58, 8: 188, 9: 100}, 7: {0: 507, 1: 368, 2: 30, 3: 3, 4: 172, 5: 262, 6: 806}, 8: {0: 363, 1: 1, 2: 32, 3: 189, 4: 302, 5: 1, 6: 58, 7: 241, 8: 835}, 9: {0: 4, 1: 743, 2: 1, 3: 954, 4: 110, 5: 245}, 10: {0: 261, 1: 42, 2: 513, 3: 404, 4: 49, 6: 36, 7: 20, 8: 36, 9: 677}, 11: {0: 940, 1: 730, 2: 2, 3: 78, 4: 33, 5: 1773}, 12: {0: 1, 1: 173, 2: 132, 3: 119, 4: 99, 5: 1, 6: 69, 7: 377, 8: 1184}, 13: {1: 45, 2: 189, 3: 49, 4: 12, 5: 287, 6: 2, 7: 1038, 8: 8, 9: 1}, 14: {0: 564, 1: 26, 2: 233, 4: 381, 5: 77, 6: 132, 7: 676}, 15: {0: 278, 1: 6, 2: 262, 3: 875, 4: 241, 5: 30, 7: 22, 8: 1306}, 16: {0: 72, 1: 467, 2: 12, 3: 8, 4: 15, 5: 16, 6: 210, 7: 15, 8: 179, 9: 25}, 17: {0: 142, 1: 459, 2: 3, 3: 616, 4: 2, 5: 548, 6: 542}, 18: {0: 16, 1: 222, 2: 452, 3: 80, 4: 548, 5: 261, 7: 476}, 19: {0: 163, 1: 423, 2: 221, 3: 486, 4: 377, 5: 398}, 20: {0: 235, 1: 7, 2: 33, 3: 67, 4: 138, 5: 52, 6: 837, 7: 129, 8: 47, 9: 805}, 21: {0: 251, 1: 1, 2: 65, 3: 26, 4: 176, 5: 10, 6: 210, 7: 3, 8: 73, 9: 326}, 22: {0: 75, 1: 11, 2: 194, 3: 42, 4: 267, 5: 26, 6: 17, 7: 5, 8: 89, 9: 697}, 23: {1: 127, 2: 804, 3: 551, 4: 16, 5: 208, 6: 15, 7: 13, 9: 5}, 24: {0: 365, 1: 201, 2: 12, 3: 63, 4: 334, 5: 146, 6: 440, 7: 356, 8: 45, 9: 987}}
09-13 10:05 DEBUG    **************************************************
09-13 10:05 DEBUG    Running experiments 

09-13 10:06 DEBUG    Uniform ensemble (Train acc): 0.393500
09-13 10:06 DEBUG    Uniform ensemble (Test acc): 0.390000
09-13 10:06 DEBUG    FedAvg (Train acc): 0.100000
09-13 10:06 DEBUG    FedAvg (Test acc): 0.100000
09-13 10:29 DEBUG    ****** PDM_KL matching ******** 
09-13 10:29 DEBUG    Best Sigma0: 0.5. Best sigma: 1 Best gamma: 10. Best Test accuracy: 0.233. Train acc: 0.23172. 

09-13 10:29 DEBUG    PDM_KL log: {(0.5, 1, 10): {'shapes': [(3072, 830), (830,), (830, 10), (10,)], 'train_accuracy': 0.23172, 'test_accuracy': 0.233}} 
09-13 11:23 DEBUG    ****** PDM_KL matching ******** 
09-13 11:23 DEBUG    Best Sigma0: 0.5. Best sigma: 1 Best gamma: 10. Best Test accuracy: 0.2092. Train acc: 0.21272. 

09-13 11:23 DEBUG    PDM_KL log: {(0.5, 1, 10): {'shapes': [(3072, 830), (830,), (830, 10), (10,)], 'train_accuracy': 0.21272, 'test_accuracy': 0.2092}} 
09-13 12:37 DEBUG    ****** PDM_KL matching ******** 
09-13 12:37 DEBUG    Best Sigma0: 0.5. Best sigma: 1 Best gamma: 10. Best Test accuracy: 0.2453. Train acc: 0.2453. 

09-13 12:37 DEBUG    PDM_KL log: {(0.5, 1, 10): {'shapes': [(3072, 830), (830,), (830, 10), (10,)], 'train_accuracy': 0.2453, 'test_accuracy': 0.2453}} 
09-13 14:39 DEBUG    ****** PDM_KL matching ******** 
09-13 14:39 DEBUG    Best Sigma0: 0.5. Best sigma: 1 Best gamma: 10. Best Test accuracy: 0.2511. Train acc: 0.25254. 

09-13 14:39 DEBUG    PDM_KL log: {(0.5, 1, 10): {'shapes': [(3072, 829), (829,), (829, 10), (10,)], 'train_accuracy': 0.25254, 'test_accuracy': 0.2511}} 
09-13 16:43 DEBUG    ****** PDM_KL matching ******** 
09-13 16:43 DEBUG    Best Sigma0: 0.5. Best sigma: 1 Best gamma: 10. Best Test accuracy: 0.2516. Train acc: 0.25344. 

09-13 16:43 DEBUG    PDM_KL log: {(0.5, 1, 10): {'shapes': [(3072, 830), (830,), (830, 10), (10,)], 'train_accuracy': 0.25344, 'test_accuracy': 0.2516}} 
09-13 18:52 DEBUG    ****** PDM_KL matching ******** 
09-13 18:52 DEBUG    Best Sigma0: 0.5. Best sigma: 1 Best gamma: 10. Best Test accuracy: 0.2559. Train acc: 0.26002. 

09-13 18:52 DEBUG    PDM_KL log: {(0.5, 1, 10): {'shapes': [(3072, 830), (830,), (830, 10), (10,)], 'train_accuracy': 0.26002, 'test_accuracy': 0.2559}} 
09-13 21:01 DEBUG    ****** PDM_KL matching ******** 
09-13 21:01 DEBUG    Best Sigma0: 0.5. Best sigma: 1 Best gamma: 10. Best Test accuracy: 0.2623. Train acc: 0.26044. 

09-13 21:01 DEBUG    PDM_KL log: {(0.5, 1, 10): {'shapes': [(3072, 831), (831,), (831, 10), (10,)], 'train_accuracy': 0.26044, 'test_accuracy': 0.2623}} 
09-13 22:51 DEBUG    ****** PDM_KL matching ******** 
09-13 22:51 DEBUG    Best Sigma0: 0.5. Best sigma: 1 Best gamma: 10. Best Test accuracy: 0.2704. Train acc: 0.27456. 

09-13 22:51 DEBUG    PDM_KL log: {(0.5, 1, 10): {'shapes': [(3072, 616), (616,), (616, 10), (10,)], 'train_accuracy': 0.27456, 'test_accuracy': 0.2704}} 
09-14 00:06 DEBUG    ****** PDM_KL matching ******** 
09-14 00:06 DEBUG    Best Sigma0: 0.5. Best sigma: 1 Best gamma: 10. Best Test accuracy: 0.2727. Train acc: 0.2714. 

09-14 00:06 DEBUG    PDM_KL log: {(0.5, 1, 10): {'shapes': [(3072, 250), (250,), (250, 10), (10,)], 'train_accuracy': 0.2714, 'test_accuracy': 0.2727}} 
09-14 00:56 DEBUG    ****** PDM_KL matching ******** 
09-14 00:56 DEBUG    Best Sigma0: 0.5. Best sigma: 1 Best gamma: 10. Best Test accuracy: 0.1. Train acc: 0.1. 

09-14 00:56 DEBUG    PDM_KL log: {(0.5, 1, 10): {'shapes': [(3072, 124), (124,), (124, 10), (10,)], 'train_accuracy': 0.1, 'test_accuracy': 0.1}} 
09-14 01:47 DEBUG    ****** PDM_KL matching ******** 
09-14 01:47 DEBUG    Best Sigma0: 0.5. Best sigma: 1 Best gamma: 10. Best Test accuracy: 0.1. Train acc: 0.1. 

09-14 01:47 DEBUG    PDM_KL log: {(0.5, 1, 10): {'shapes': [(3072, 124), (124,), (124, 10), (10,)], 'train_accuracy': 0.1, 'test_accuracy': 0.1}} 
09-14 01:47 DEBUG    Trial 2 completed
09-14 01:47 DEBUG    ####################################################################################################
09-14 01:47 DEBUG    ####################################################################################################
09-14 01:47 DEBUG    Executing Trial 3 with seed 3
09-14 01:47 DEBUG    Data statistics: {0: {0: 189, 1: 155, 2: 145, 3: 215, 4: 60, 5: 326, 6: 54, 7: 23, 8: 117, 9: 9}, 1: {0: 529, 1: 175, 2: 844, 4: 810}, 2: {0: 223, 1: 1, 2: 48, 3: 239, 4: 94, 5: 308, 6: 95, 8: 31, 9: 632}, 3: {0: 4, 1: 43, 2: 21, 3: 164, 4: 1, 5: 930, 6: 12, 7: 1051}, 4: {0: 820, 1: 54, 2: 756, 3: 176, 4: 56, 5: 543}, 5: {0: 371, 2: 68, 3: 111, 4: 154, 5: 57, 6: 5, 7: 89, 8: 998, 9: 1271}, 6: {0: 14, 1: 144, 2: 2, 3: 16, 4: 30, 5: 67, 6: 3, 7: 1, 8: 79, 9: 227}, 7: {0: 716, 1: 1553}, 8: {0: 52, 1: 58, 2: 244, 3: 205, 4: 12, 5: 7, 6: 490, 7: 31, 8: 275, 9: 78}, 9: {0: 3, 1: 34, 2: 338, 3: 432, 4: 41, 6: 1, 7: 761, 8: 892}, 10: {0: 246, 1: 550, 2: 337, 3: 20, 4: 267, 5: 4, 6: 824}, 11: {0: 85, 1: 131, 2: 156, 3: 2, 4: 62, 6: 2, 7: 26, 8: 657, 9: 49}, 12: {0: 188, 1: 445, 2: 138, 3: 11, 4: 12, 5: 241, 6: 89, 7: 1101}, 13: {0: 12, 1: 34, 2: 678, 3: 1, 4: 279, 5: 330, 6: 614, 7: 84}, 14: {0: 15, 1: 456, 2: 9, 3: 614, 4: 933}, 15: {0: 32, 1: 55, 2: 201, 3: 383, 4: 335, 5: 120, 6: 249, 7: 78, 8: 148, 9: 46}, 16: {0: 143, 1: 46, 2: 3, 3: 429, 4: 689, 5: 5, 6: 1220}, 17: {0: 72, 1: 117, 2: 9, 3: 104, 4: 272, 5: 70, 6: 171, 7: 330, 8: 334, 9: 286}, 18: {0: 55, 1: 108, 2: 4, 3: 6, 4: 167, 5: 6, 6: 85, 7: 58, 8: 17, 9: 173}, 19: {0: 161, 1: 62, 2: 11, 3: 692, 4: 10, 5: 328, 6: 119, 7: 53, 8: 102, 9: 429}, 20: {0: 2, 1: 80, 2: 4, 3: 113, 4: 275, 5: 141, 6: 139, 7: 88, 8: 2, 9: 493}, 21: {0: 523, 1: 1, 2: 103, 3: 35, 4: 16, 5: 333, 6: 292, 7: 232, 8: 334, 9: 1307}, 22: {0: 100, 1: 443, 2: 109, 3: 7, 4: 393, 5: 356, 6: 465, 7: 100, 8: 1013}, 23: {0: 79, 1: 238, 2: 65, 3: 153, 4: 31, 5: 519, 6: 71, 7: 893}, 24: {0: 366, 1: 17, 2: 707, 3: 872, 4: 1, 5: 309, 7: 1, 8: 1}}
09-14 01:55 DEBUG    **************************************************
09-14 01:55 DEBUG    Running experiments 

09-14 01:57 DEBUG    Uniform ensemble (Train acc): 0.386620
09-14 01:57 DEBUG    Uniform ensemble (Test acc): 0.380900
09-14 01:58 DEBUG    FedAvg (Train acc): 0.100000
09-14 01:58 DEBUG    FedAvg (Test acc): 0.099900
09-14 02:51 DEBUG    ****** PDM_KL matching ******** 
09-14 02:51 DEBUG    Best Sigma0: 0.5. Best sigma: 1 Best gamma: 10. Best Test accuracy: 0.224. Train acc: 0.22304. 

09-14 02:51 DEBUG    PDM_KL log: {(0.5, 1, 10): {'shapes': [(3072, 829), (829,), (829, 10), (10,)], 'train_accuracy': 0.22304, 'test_accuracy': 0.224}} 
09-14 04:56 DEBUG    ****** PDM_KL matching ******** 
09-14 04:56 DEBUG    Best Sigma0: 0.5. Best sigma: 1 Best gamma: 10. Best Test accuracy: 0.2242. Train acc: 0.2247. 

09-14 04:56 DEBUG    PDM_KL log: {(0.5, 1, 10): {'shapes': [(3072, 830), (830,), (830, 10), (10,)], 'train_accuracy': 0.2247, 'test_accuracy': 0.2242}} 
09-14 07:06 DEBUG    ****** PDM_KL matching ******** 
09-14 07:06 DEBUG    Best Sigma0: 0.5. Best sigma: 1 Best gamma: 10. Best Test accuracy: 0.2275. Train acc: 0.22744. 

09-14 07:06 DEBUG    PDM_KL log: {(0.5, 1, 10): {'shapes': [(3072, 830), (830,), (830, 10), (10,)], 'train_accuracy': 0.22744, 'test_accuracy': 0.2275}} 
09-14 09:02 DEBUG    ****** PDM_KL matching ******** 
09-14 09:02 DEBUG    Best Sigma0: 0.5. Best sigma: 1 Best gamma: 10. Best Test accuracy: 0.2285. Train acc: 0.22948. 

09-14 09:02 DEBUG    PDM_KL log: {(0.5, 1, 10): {'shapes': [(3072, 830), (830,), (830, 10), (10,)], 'train_accuracy': 0.22948, 'test_accuracy': 0.2285}} 
09-14 10:45 DEBUG    ****** PDM_KL matching ******** 
09-14 10:45 DEBUG    Best Sigma0: 0.5. Best sigma: 1 Best gamma: 10. Best Test accuracy: 0.2252. Train acc: 0.22302. 

09-14 10:45 DEBUG    PDM_KL log: {(0.5, 1, 10): {'shapes': [(3072, 830), (830,), (830, 10), (10,)], 'train_accuracy': 0.22302, 'test_accuracy': 0.2252}} 
09-14 12:28 DEBUG    ****** PDM_KL matching ******** 
09-14 12:28 DEBUG    Best Sigma0: 0.5. Best sigma: 1 Best gamma: 10. Best Test accuracy: 0.2399. Train acc: 0.23954. 

09-14 12:28 DEBUG    PDM_KL log: {(0.5, 1, 10): {'shapes': [(3072, 830), (830,), (830, 10), (10,)], 'train_accuracy': 0.23954, 'test_accuracy': 0.2399}} 
09-14 14:09 DEBUG    ****** PDM_KL matching ******** 
09-14 14:09 DEBUG    Best Sigma0: 0.5. Best sigma: 1 Best gamma: 10. Best Test accuracy: 0.2332. Train acc: 0.23098. 

09-14 14:09 DEBUG    PDM_KL log: {(0.5, 1, 10): {'shapes': [(3072, 831), (831,), (831, 10), (10,)], 'train_accuracy': 0.23098, 'test_accuracy': 0.2332}} 
09-14 15:35 DEBUG    ****** PDM_KL matching ******** 
09-14 15:35 DEBUG    Best Sigma0: 0.5. Best sigma: 1 Best gamma: 10. Best Test accuracy: 0.2478. Train acc: 0.24852. 

09-14 15:35 DEBUG    PDM_KL log: {(0.5, 1, 10): {'shapes': [(3072, 617), (617,), (617, 10), (10,)], 'train_accuracy': 0.24852, 'test_accuracy': 0.2478}} 
09-14 16:28 DEBUG    ****** PDM_KL matching ******** 
09-14 16:28 DEBUG    Best Sigma0: 0.5. Best sigma: 1 Best gamma: 10. Best Test accuracy: 0.2451. Train acc: 0.24676. 

09-14 16:28 DEBUG    PDM_KL log: {(0.5, 1, 10): {'shapes': [(3072, 250), (250,), (250, 10), (10,)], 'train_accuracy': 0.24676, 'test_accuracy': 0.2451}} 
09-14 17:07 DEBUG    ****** PDM_KL matching ******** 
09-14 17:07 DEBUG    Best Sigma0: 0.5. Best sigma: 1 Best gamma: 10. Best Test accuracy: 0.1. Train acc: 0.1. 

09-14 17:07 DEBUG    PDM_KL log: {(0.5, 1, 10): {'shapes': [(3072, 124), (124,), (124, 10), (10,)], 'train_accuracy': 0.1, 'test_accuracy': 0.1}} 
09-14 17:44 DEBUG    ****** PDM_KL matching ******** 
09-14 17:44 DEBUG    Best Sigma0: 0.5. Best sigma: 1 Best gamma: 10. Best Test accuracy: 0.1. Train acc: 0.09998. 

09-14 17:44 DEBUG    PDM_KL log: {(0.5, 1, 10): {'shapes': [(3072, 124), (124,), (124, 10), (10,)], 'train_accuracy': 0.09998, 'test_accuracy': 0.1}} 
09-14 17:44 DEBUG    Trial 3 completed
09-14 17:44 DEBUG    ####################################################################################################
09-14 17:44 DEBUG    ####################################################################################################
09-14 17:44 DEBUG    Executing Trial 4 with seed 4
09-14 17:44 DEBUG    Data statistics: {0: {0: 39, 1: 98, 2: 5, 3: 126, 4: 333, 5: 7, 6: 996, 7: 425}, 1: {0: 450, 1: 258, 2: 77, 3: 235, 4: 180, 5: 308, 6: 539}, 2: {0: 293, 2: 1093, 3: 3, 4: 153, 5: 65, 6: 1, 7: 34, 8: 591}, 3: {0: 351, 1: 1, 2: 212, 3: 329, 4: 117, 5: 673, 6: 77, 7: 425}, 4: {0: 60, 1: 235, 2: 144, 3: 165, 4: 143, 5: 13, 6: 49, 7: 79, 8: 304, 9: 466}, 5: {0: 73, 1: 2, 2: 126, 3: 4, 4: 140, 5: 21, 6: 598, 7: 44, 8: 1, 9: 605}, 6: {0: 55, 1: 50, 2: 294, 3: 112, 4: 5, 5: 264, 7: 232, 8: 11, 9: 353}, 7: {0: 1, 1: 5, 2: 143, 3: 221, 4: 90, 5: 145, 6: 2, 7: 1, 8: 178, 9: 65}, 8: {0: 51, 1: 372, 2: 45, 3: 792, 4: 138, 5: 104, 6: 12, 7: 109, 8: 559}, 9: {0: 320, 1: 266, 2: 15, 3: 722, 4: 113, 5: 1, 6: 46, 7: 51, 8: 47, 9: 696}, 10: {0: 614, 1: 16, 2: 92, 3: 325, 4: 214, 5: 138, 6: 273, 7: 12, 8: 327}, 11: {0: 66, 1: 791, 2: 37, 3: 459, 4: 92, 5: 90, 7: 112, 8: 86, 9: 1871}, 12: {0: 6, 1: 169, 2: 331, 4: 85, 5: 29, 6: 123, 7: 1, 8: 75, 9: 61}, 13: {0: 469, 1: 72, 2: 49, 3: 13, 4: 144, 5: 463, 6: 2, 7: 771, 8: 720}, 14: {0: 242, 1: 513, 2: 81, 3: 598, 4: 1738}, 15: {0: 17, 1: 223, 2: 144, 3: 37, 4: 169, 5: 1021, 6: 36, 7: 165, 8: 326}, 16: {0: 115, 1: 6, 2: 745, 3: 181, 4: 117, 5: 928}, 17: {0: 270, 1: 693, 2: 60, 3: 96, 4: 454, 5: 12, 6: 314, 7: 19, 8: 293}, 18: {0: 161, 1: 302, 2: 59, 3: 261, 4: 87, 5: 246, 6: 27, 7: 1136}, 19: {0: 165, 1: 1, 2: 13, 3: 1, 4: 29, 5: 171, 6: 229, 7: 17, 8: 332, 9: 416}, 20: {0: 29, 1: 7, 2: 71, 3: 37, 4: 16, 5: 1, 6: 137, 7: 134, 8: 10, 9: 89}, 21: {0: 306, 1: 72, 2: 922, 3: 48, 4: 210, 5: 55, 6: 148, 7: 122, 8: 297}, 22: {0: 48, 1: 707, 2: 45, 3: 47, 4: 42, 5: 191, 6: 1302}, 23: {0: 75, 1: 13, 2: 183, 3: 187, 4: 162, 5: 53, 6: 13, 7: 171, 8: 20, 9: 378}, 24: {0: 724, 1: 128, 2: 14, 3: 1, 4: 29, 5: 1, 6: 76, 7: 940, 8: 823}}
09-14 17:50 DEBUG    **************************************************
09-14 17:50 DEBUG    Running experiments 

09-14 17:52 DEBUG    Uniform ensemble (Train acc): 0.403340
09-14 17:52 DEBUG    Uniform ensemble (Test acc): 0.395900
09-14 17:52 DEBUG    FedAvg (Train acc): 0.100020
09-14 17:52 DEBUG    FedAvg (Test acc): 0.100000
09-14 18:36 DEBUG    ****** PDM_KL matching ******** 
09-14 18:36 DEBUG    Best Sigma0: 0.5. Best sigma: 1 Best gamma: 10. Best Test accuracy: 0.235. Train acc: 0.23496. 

09-14 18:36 DEBUG    PDM_KL log: {(0.5, 1, 10): {'shapes': [(3072, 830), (830,), (830, 10), (10,)], 'train_accuracy': 0.23496, 'test_accuracy': 0.235}} 
09-14 20:16 DEBUG    ****** PDM_KL matching ******** 
09-14 20:16 DEBUG    Best Sigma0: 0.5. Best sigma: 1 Best gamma: 10. Best Test accuracy: 0.2292. Train acc: 0.23036. 

09-14 20:16 DEBUG    PDM_KL log: {(0.5, 1, 10): {'shapes': [(3072, 830), (830,), (830, 10), (10,)], 'train_accuracy': 0.23036, 'test_accuracy': 0.2292}} 
09-14 21:52 DEBUG    ****** PDM_KL matching ******** 
09-14 21:52 DEBUG    Best Sigma0: 0.5. Best sigma: 1 Best gamma: 10. Best Test accuracy: 0.233. Train acc: 0.23168. 

09-14 21:52 DEBUG    PDM_KL log: {(0.5, 1, 10): {'shapes': [(3072, 830), (830,), (830, 10), (10,)], 'train_accuracy': 0.23168, 'test_accuracy': 0.233}} 
09-14 23:36 DEBUG    ****** PDM_KL matching ******** 
09-14 23:36 DEBUG    Best Sigma0: 0.5. Best sigma: 1 Best gamma: 10. Best Test accuracy: 0.22. Train acc: 0.22312. 

09-14 23:36 DEBUG    PDM_KL log: {(0.5, 1, 10): {'shapes': [(3072, 830), (830,), (830, 10), (10,)], 'train_accuracy': 0.22312, 'test_accuracy': 0.22}} 
09-15 01:13 DEBUG    ****** PDM_KL matching ******** 
09-15 01:13 DEBUG    Best Sigma0: 0.5. Best sigma: 1 Best gamma: 10. Best Test accuracy: 0.2349. Train acc: 0.23344. 

09-15 01:13 DEBUG    PDM_KL log: {(0.5, 1, 10): {'shapes': [(3072, 830), (830,), (830, 10), (10,)], 'train_accuracy': 0.23344, 'test_accuracy': 0.2349}} 
09-15 02:51 DEBUG    ****** PDM_KL matching ******** 
09-15 02:51 DEBUG    Best Sigma0: 0.5. Best sigma: 1 Best gamma: 10. Best Test accuracy: 0.2404. Train acc: 0.23916. 

09-15 02:51 DEBUG    PDM_KL log: {(0.5, 1, 10): {'shapes': [(3072, 828), (828,), (828, 10), (10,)], 'train_accuracy': 0.23916, 'test_accuracy': 0.2404}} 
09-15 04:12 DEBUG    ****** PDM_KL matching ******** 
09-15 04:12 DEBUG    Best Sigma0: 0.5. Best sigma: 1 Best gamma: 10. Best Test accuracy: 0.2632. Train acc: 0.2644. 

09-15 04:12 DEBUG    PDM_KL log: {(0.5, 1, 10): {'shapes': [(3072, 831), (831,), (831, 10), (10,)], 'train_accuracy': 0.2644, 'test_accuracy': 0.2632}} 
09-15 05:23 DEBUG    ****** PDM_KL matching ******** 
09-15 05:23 DEBUG    Best Sigma0: 0.5. Best sigma: 1 Best gamma: 10. Best Test accuracy: 0.2414. Train acc: 0.24566. 

09-15 05:23 DEBUG    PDM_KL log: {(0.5, 1, 10): {'shapes': [(3072, 622), (622,), (622, 10), (10,)], 'train_accuracy': 0.24566, 'test_accuracy': 0.2414}} 
09-15 06:05 DEBUG    ****** PDM_KL matching ******** 
09-15 06:05 DEBUG    Best Sigma0: 0.5. Best sigma: 1 Best gamma: 10. Best Test accuracy: 0.2361. Train acc: 0.24148. 

09-15 06:05 DEBUG    PDM_KL log: {(0.5, 1, 10): {'shapes': [(3072, 251), (251,), (251, 10), (10,)], 'train_accuracy': 0.24148, 'test_accuracy': 0.2361}} 
09-15 06:27 DEBUG    ****** PDM_KL matching ******** 
09-15 06:27 DEBUG    Best Sigma0: 0.5. Best sigma: 1 Best gamma: 10. Best Test accuracy: 0.1. Train acc: 0.09998. 

09-15 06:27 DEBUG    PDM_KL log: {(0.5, 1, 10): {'shapes': [(3072, 124), (124,), (124, 10), (10,)], 'train_accuracy': 0.09998, 'test_accuracy': 0.1}} 
09-15 06:46 DEBUG    ****** PDM_KL matching ******** 
09-15 06:46 DEBUG    Best Sigma0: 0.5. Best sigma: 1 Best gamma: 10. Best Test accuracy: 0.1. Train acc: 0.09998. 

09-15 06:46 DEBUG    PDM_KL log: {(0.5, 1, 10): {'shapes': [(3072, 124), (124,), (124, 10), (10,)], 'train_accuracy': 0.09998, 'test_accuracy': 0.1}} 
09-15 06:46 DEBUG    Trial 4 completed
09-15 06:46 DEBUG    ####################################################################################################
09-15 06:46 DEBUG    ####################################################################################################
09-15 06:46 DEBUG    Executing Trial 5 with seed 5
09-15 06:46 DEBUG    Data statistics: {0: {0: 14, 1: 502, 2: 91, 3: 5, 4: 599, 5: 598, 6: 389}, 1: {0: 3, 1: 269, 2: 88, 3: 22, 4: 112, 5: 215, 6: 923, 7: 55, 8: 1270}, 2: {0: 30, 1: 6, 2: 205, 3: 76, 4: 126, 5: 58, 6: 97, 7: 1788}, 3: {0: 166, 1: 12, 2: 589, 3: 364, 4: 129, 5: 380, 6: 347, 7: 76}, 4: {0: 3, 1: 37, 2: 129, 3: 8, 4: 5, 6: 246, 7: 58, 8: 167, 9: 36}, 5: {0: 4, 1: 316, 2: 331, 3: 61, 4: 122, 5: 145, 6: 8, 7: 130, 8: 1, 9: 100}, 6: {0: 142, 1: 9, 2: 190, 3: 25, 4: 5, 5: 1, 6: 704, 7: 218, 8: 1132}, 7: {0: 72, 1: 120, 2: 111, 3: 12, 4: 295, 6: 236, 7: 343, 8: 338, 9: 204}, 8: {0: 4, 1: 121, 2: 2, 3: 765, 4: 38, 5: 340, 6: 5, 7: 413, 8: 161, 9: 886}, 9: {0: 18, 1: 15, 2: 227, 4: 905, 5: 439, 6: 61, 7: 302, 8: 373}, 10: {0: 1, 1: 411, 2: 333, 3: 174, 4: 2, 5: 112, 6: 152, 7: 445, 8: 48, 9: 774}, 11: {0: 1800, 1: 176, 2: 87}, 12: {0: 250, 1: 81, 2: 447, 3: 455, 4: 704, 5: 7, 6: 405}, 13: {0: 741, 1: 51, 2: 412, 3: 220, 4: 496, 5: 99}, 14: {0: 399, 1: 257, 2: 50, 3: 6, 4: 461, 5: 449, 6: 2, 7: 13, 8: 10, 9: 345}, 15: {0: 202, 1: 1, 3: 30, 4: 1, 5: 63, 6: 89, 7: 135, 8: 391, 9: 418}, 16: {0: 333, 1: 318, 2: 172, 3: 149, 4: 41, 5: 13, 6: 106, 7: 212, 8: 4, 9: 887}, 17: {0: 149, 2: 30, 3: 571, 4: 67, 5: 169, 6: 70, 7: 74, 8: 193, 9: 57}, 18: {0: 33, 1: 545, 2: 288, 3: 56, 4: 328, 5: 442, 6: 20, 7: 377}, 19: {1: 938, 2: 13, 3: 560, 4: 44, 5: 101, 6: 39, 7: 23, 8: 471}, 20: {0: 9, 1: 3, 2: 1, 3: 552, 4: 412, 5: 359, 6: 270, 7: 14, 8: 84, 9: 21}, 21: {0: 360, 1: 41, 2: 474, 3: 376, 5: 86, 6: 81, 7: 5, 9: 7}, 22: {0: 43, 1: 38, 2: 536, 3: 137, 4: 3, 5: 548, 6: 175, 7: 22, 8: 35, 9: 204}, 23: {0: 219, 1: 291, 2: 184, 3: 2, 4: 68, 5: 132, 6: 574, 7: 33, 8: 320, 9: 264}, 24: {0: 5, 1: 442, 2: 10, 3: 374, 4: 37, 5: 244, 6: 1, 7: 264, 8: 2, 9: 797}}
09-15 06:48 DEBUG    **************************************************
09-15 06:48 DEBUG    Running experiments 

09-15 06:49 DEBUG    Uniform ensemble (Train acc): 0.401280
09-15 06:49 DEBUG    Uniform ensemble (Test acc): 0.395700
09-15 06:49 DEBUG    FedAvg (Train acc): 0.100000
09-15 06:49 DEBUG    FedAvg (Test acc): 0.100000
09-15 07:16 DEBUG    ****** PDM_KL matching ******** 
09-15 07:16 DEBUG    Best Sigma0: 0.5. Best sigma: 1 Best gamma: 10. Best Test accuracy: 0.2843. Train acc: 0.28014. 

09-15 07:16 DEBUG    PDM_KL log: {(0.5, 1, 10): {'shapes': [(3072, 830), (830,), (830, 10), (10,)], 'train_accuracy': 0.28014, 'test_accuracy': 0.2843}} 
09-15 08:19 DEBUG    ****** PDM_KL matching ******** 
09-15 08:19 DEBUG    Best Sigma0: 0.5. Best sigma: 1 Best gamma: 10. Best Test accuracy: 0.2766. Train acc: 0.27222. 

09-15 08:19 DEBUG    PDM_KL log: {(0.5, 1, 10): {'shapes': [(3072, 830), (830,), (830, 10), (10,)], 'train_accuracy': 0.27222, 'test_accuracy': 0.2766}} 
09-15 09:22 DEBUG    ****** PDM_KL matching ******** 
09-15 09:22 DEBUG    Best Sigma0: 0.5. Best sigma: 1 Best gamma: 10. Best Test accuracy: 0.2473. Train acc: 0.24322. 

09-15 09:22 DEBUG    PDM_KL log: {(0.5, 1, 10): {'shapes': [(3072, 829), (829,), (829, 10), (10,)], 'train_accuracy': 0.24322, 'test_accuracy': 0.2473}} 
09-15 10:24 DEBUG    ****** PDM_KL matching ******** 
09-15 10:24 DEBUG    Best Sigma0: 0.5. Best sigma: 1 Best gamma: 10. Best Test accuracy: 0.2658. Train acc: 0.2676. 

09-15 10:24 DEBUG    PDM_KL log: {(0.5, 1, 10): {'shapes': [(3072, 830), (830,), (830, 10), (10,)], 'train_accuracy': 0.2676, 'test_accuracy': 0.2658}} 
09-15 11:28 DEBUG    ****** PDM_KL matching ******** 
09-15 11:28 DEBUG    Best Sigma0: 0.5. Best sigma: 1 Best gamma: 10. Best Test accuracy: 0.2652. Train acc: 0.26444. 

09-15 11:28 DEBUG    PDM_KL log: {(0.5, 1, 10): {'shapes': [(3072, 830), (830,), (830, 10), (10,)], 'train_accuracy': 0.26444, 'test_accuracy': 0.2652}} 
09-15 12:34 DEBUG    ****** PDM_KL matching ******** 
09-15 12:34 DEBUG    Best Sigma0: 0.5. Best sigma: 1 Best gamma: 10. Best Test accuracy: 0.2473. Train acc: 0.24496. 

09-15 12:34 DEBUG    PDM_KL log: {(0.5, 1, 10): {'shapes': [(3072, 830), (830,), (830, 10), (10,)], 'train_accuracy': 0.24496, 'test_accuracy': 0.2473}} 
09-15 13:37 DEBUG    ****** PDM_KL matching ******** 
09-15 13:37 DEBUG    Best Sigma0: 0.5. Best sigma: 1 Best gamma: 10. Best Test accuracy: 0.2627. Train acc: 0.25834. 

09-15 13:37 DEBUG    PDM_KL log: {(0.5, 1, 10): {'shapes': [(3072, 831), (831,), (831, 10), (10,)], 'train_accuracy': 0.25834, 'test_accuracy': 0.2627}} 
09-15 14:30 DEBUG    ****** PDM_KL matching ******** 
09-15 14:30 DEBUG    Best Sigma0: 0.5. Best sigma: 1 Best gamma: 10. Best Test accuracy: 0.2602. Train acc: 0.26008. 

09-15 14:30 DEBUG    PDM_KL log: {(0.5, 1, 10): {'shapes': [(3072, 625), (625,), (625, 10), (10,)], 'train_accuracy': 0.26008, 'test_accuracy': 0.2602}} 
09-15 15:05 DEBUG    ****** PDM_KL matching ******** 
09-15 15:05 DEBUG    Best Sigma0: 0.5. Best sigma: 1 Best gamma: 10. Best Test accuracy: 0.2684. Train acc: 0.26554. 

09-15 15:05 DEBUG    PDM_KL log: {(0.5, 1, 10): {'shapes': [(3072, 251), (251,), (251, 10), (10,)], 'train_accuracy': 0.26554, 'test_accuracy': 0.2684}} 
09-15 15:26 DEBUG    ****** PDM_KL matching ******** 
09-15 15:26 DEBUG    Best Sigma0: 0.5. Best sigma: 1 Best gamma: 10. Best Test accuracy: 0.1. Train acc: 0.09998. 

09-15 15:26 DEBUG    PDM_KL log: {(0.5, 1, 10): {'shapes': [(3072, 124), (124,), (124, 10), (10,)], 'train_accuracy': 0.09998, 'test_accuracy': 0.1}} 
09-15 15:48 DEBUG    ****** PDM_KL matching ******** 
09-15 15:48 DEBUG    Best Sigma0: 0.5. Best sigma: 1 Best gamma: 10. Best Test accuracy: 0.1. Train acc: 0.09998. 

09-15 15:48 DEBUG    PDM_KL log: {(0.5, 1, 10): {'shapes': [(3072, 124), (124,), (124, 10), (10,)], 'train_accuracy': 0.09998, 'test_accuracy': 0.1}} 
09-15 15:48 DEBUG    Trial 5 completed
09-15 15:48 DEBUG    ####################################################################################################
09-15 15:48 DEBUG    ####################################################################################################
09-15 15:48 DEBUG    Executing Trial 6 with seed 6
09-15 15:48 DEBUG    Data statistics: {0: {0: 76, 1: 970, 2: 26, 3: 157, 4: 40, 5: 2, 6: 124, 7: 385, 8: 39, 9: 269}, 1: {0: 694, 1: 34, 2: 410, 3: 262, 4: 307, 5: 28, 6: 445}, 2: {0: 136, 1: 598, 2: 110, 5: 50, 6: 149, 7: 29, 8: 84, 9: 513}, 3: {0: 50, 1: 55, 2: 7, 3: 192, 4: 176, 5: 238, 6: 817, 7: 8, 8: 1, 9: 37}, 4: {1: 238, 2: 19, 3: 4, 5: 50, 6: 66, 7: 990, 8: 172, 9: 303}, 5: {2: 55, 3: 17, 4: 21, 5: 641, 6: 462, 7: 429, 8: 28, 9: 47}, 6: {0: 769, 1: 2, 2: 76, 3: 16, 4: 2, 5: 283, 6: 27, 7: 4, 8: 743, 9: 19}, 7: {0: 58, 1: 246, 2: 745, 3: 277, 4: 3, 5: 19, 6: 179, 7: 23, 8: 40, 9: 19}, 8: {0: 178, 1: 668, 2: 36, 3: 66, 4: 1, 5: 929, 6: 23, 7: 39, 8: 265}, 9: {0: 2, 1: 341, 2: 224, 3: 249, 4: 998, 5: 1, 6: 80, 7: 79, 8: 514}, 10: {0: 235, 1: 128, 2: 8, 3: 49, 5: 16, 6: 39, 7: 603, 8: 63, 9: 654}, 11: {0: 135, 1: 8, 2: 134, 3: 276, 4: 482, 5: 23, 6: 4, 7: 52, 8: 1070}, 12: {0: 234, 1: 86, 2: 834, 3: 18, 4: 28, 5: 496, 6: 190, 7: 196}, 13: {0: 357, 2: 25, 3: 68, 5: 26, 6: 17, 7: 111, 8: 239, 9: 2930}, 14: {0: 16, 1: 28, 2: 21, 3: 41, 4: 12, 5: 827, 6: 66, 7: 101, 9: 25}, 15: {0: 11, 1: 71, 2: 1, 3: 619, 4: 297, 5: 177, 6: 143, 7: 689}, 16: {0: 7, 1: 57, 3: 236, 4: 265, 5: 7, 6: 33, 7: 87, 8: 69, 9: 57}, 17: {0: 12, 1: 43, 2: 639, 3: 45, 4: 36, 5: 635, 6: 612}, 18: {0: 119, 1: 31, 2: 234, 3: 1330, 4: 575}, 19: {0: 354, 1: 71, 2: 34, 3: 467, 4: 16, 5: 16, 6: 22, 7: 62, 8: 4, 9: 66}, 20: {0: 103, 1: 202, 2: 230, 3: 100, 4: 967, 5: 6, 6: 311, 7: 12, 8: 1437}, 21: {0: 193, 1: 344, 2: 417, 3: 227, 4: 6, 5: 7, 6: 317, 7: 186, 9: 29}, 22: {0: 1080, 1: 58, 2: 546, 3: 62, 4: 41, 5: 18, 6: 584}, 23: {0: 71, 1: 253, 2: 69, 3: 153, 4: 302, 5: 245, 6: 181, 7: 169, 8: 231, 9: 32}, 24: {0: 110, 1: 468, 2: 100, 3: 69, 4: 425, 5: 260, 6: 109, 7: 746, 8: 1}}
09-15 15:51 DEBUG    **************************************************
09-15 15:51 DEBUG    Running experiments 

09-15 15:52 DEBUG    Uniform ensemble (Train acc): 0.393220
09-15 15:52 DEBUG    Uniform ensemble (Test acc): 0.383100
09-15 15:52 DEBUG    FedAvg (Train acc): 0.100020
09-15 15:52 DEBUG    FedAvg (Test acc): 0.100000
09-15 16:17 DEBUG    ****** PDM_KL matching ******** 
09-15 16:17 DEBUG    Best Sigma0: 0.5. Best sigma: 1 Best gamma: 10. Best Test accuracy: 0.2926. Train acc: 0.29504. 

09-15 16:17 DEBUG    PDM_KL log: {(0.5, 1, 10): {'shapes': [(3072, 830), (830,), (830, 10), (10,)], 'train_accuracy': 0.29504, 'test_accuracy': 0.2926}} 
09-15 17:15 DEBUG    ****** PDM_KL matching ******** 
09-15 17:15 DEBUG    Best Sigma0: 0.5. Best sigma: 1 Best gamma: 10. Best Test accuracy: 0.2661. Train acc: 0.26592. 

09-15 17:15 DEBUG    PDM_KL log: {(0.5, 1, 10): {'shapes': [(3072, 830), (830,), (830, 10), (10,)], 'train_accuracy': 0.26592, 'test_accuracy': 0.2661}} 
09-15 18:07 DEBUG    ****** PDM_KL matching ******** 
09-15 18:07 DEBUG    Best Sigma0: 0.5. Best sigma: 1 Best gamma: 10. Best Test accuracy: 0.2708. Train acc: 0.27. 

09-15 18:07 DEBUG    PDM_KL log: {(0.5, 1, 10): {'shapes': [(3072, 830), (830,), (830, 10), (10,)], 'train_accuracy': 0.27, 'test_accuracy': 0.2708}} 
09-15 19:08 DEBUG    ****** PDM_KL matching ******** 
09-15 19:08 DEBUG    Best Sigma0: 0.5. Best sigma: 1 Best gamma: 10. Best Test accuracy: 0.2428. Train acc: 0.2458. 

09-15 19:08 DEBUG    PDM_KL log: {(0.5, 1, 10): {'shapes': [(3072, 830), (830,), (830, 10), (10,)], 'train_accuracy': 0.2458, 'test_accuracy': 0.2428}} 
09-15 20:09 DEBUG    ****** PDM_KL matching ******** 
09-15 20:09 DEBUG    Best Sigma0: 0.5. Best sigma: 1 Best gamma: 10. Best Test accuracy: 0.2648. Train acc: 0.26554. 

09-15 20:09 DEBUG    PDM_KL log: {(0.5, 1, 10): {'shapes': [(3072, 830), (830,), (830, 10), (10,)], 'train_accuracy': 0.26554, 'test_accuracy': 0.2648}} 
09-15 21:10 DEBUG    ****** PDM_KL matching ******** 
09-15 21:10 DEBUG    Best Sigma0: 0.5. Best sigma: 1 Best gamma: 10. Best Test accuracy: 0.2628. Train acc: 0.26172. 

09-15 21:10 DEBUG    PDM_KL log: {(0.5, 1, 10): {'shapes': [(3072, 830), (830,), (830, 10), (10,)], 'train_accuracy': 0.26172, 'test_accuracy': 0.2628}} 
09-15 22:10 DEBUG    ****** PDM_KL matching ******** 
09-15 22:10 DEBUG    Best Sigma0: 0.5. Best sigma: 1 Best gamma: 10. Best Test accuracy: 0.2545. Train acc: 0.25472. 

09-15 22:10 DEBUG    PDM_KL log: {(0.5, 1, 10): {'shapes': [(3072, 831), (831,), (831, 10), (10,)], 'train_accuracy': 0.25472, 'test_accuracy': 0.2545}} 
09-15 23:02 DEBUG    ****** PDM_KL matching ******** 
09-15 23:02 DEBUG    Best Sigma0: 0.5. Best sigma: 1 Best gamma: 10. Best Test accuracy: 0.2794. Train acc: 0.27844. 

09-15 23:02 DEBUG    PDM_KL log: {(0.5, 1, 10): {'shapes': [(3072, 618), (618,), (618, 10), (10,)], 'train_accuracy': 0.27844, 'test_accuracy': 0.2794}} 
09-15 23:35 DEBUG    ****** PDM_KL matching ******** 
09-15 23:35 DEBUG    Best Sigma0: 0.5. Best sigma: 1 Best gamma: 10. Best Test accuracy: 0.252. Train acc: 0.248. 

09-15 23:35 DEBUG    PDM_KL log: {(0.5, 1, 10): {'shapes': [(3072, 250), (250,), (250, 10), (10,)], 'train_accuracy': 0.248, 'test_accuracy': 0.252}} 
09-15 23:56 DEBUG    ****** PDM_KL matching ******** 
09-15 23:56 DEBUG    Best Sigma0: 0.5. Best sigma: 1 Best gamma: 10. Best Test accuracy: 0.1. Train acc: 0.1. 

09-15 23:56 DEBUG    PDM_KL log: {(0.5, 1, 10): {'shapes': [(3072, 124), (124,), (124, 10), (10,)], 'train_accuracy': 0.1, 'test_accuracy': 0.1}} 
09-16 00:16 DEBUG    ****** PDM_KL matching ******** 
09-16 00:16 DEBUG    Best Sigma0: 0.5. Best sigma: 1 Best gamma: 10. Best Test accuracy: 0.1. Train acc: 0.1. 

09-16 00:16 DEBUG    PDM_KL log: {(0.5, 1, 10): {'shapes': [(3072, 124), (124,), (124, 10), (10,)], 'train_accuracy': 0.1, 'test_accuracy': 0.1}} 
09-16 00:16 DEBUG    Trial 6 completed
09-16 00:16 DEBUG    ####################################################################################################
09-16 00:16 DEBUG    ####################################################################################################
09-16 00:16 DEBUG    Executing Trial 7 with seed 7
09-16 00:16 DEBUG    Data statistics: {0: {0: 25, 2: 17, 3: 567, 4: 845, 5: 231, 6: 22, 7: 110, 8: 145, 9: 1832}, 1: {0: 78, 1: 81, 2: 181, 3: 143, 4: 16, 5: 65, 6: 260, 8: 53, 9: 80}, 2: {0: 7, 1: 86, 2: 626, 3: 41, 4: 106, 5: 927, 6: 23, 7: 431}, 3: {0: 64, 1: 101, 3: 544, 4: 557, 5: 221, 6: 440, 7: 281}, 4: {0: 12, 1: 15, 2: 153, 3: 120, 4: 16, 5: 7, 6: 1, 7: 1009, 8: 282, 9: 91}, 5: {0: 242, 1: 651, 2: 226, 3: 135, 4: 38, 5: 43, 6: 266, 7: 4, 8: 1, 9: 69}, 6: {0: 520, 1: 117, 2: 62, 3: 46, 4: 934, 5: 632}, 7: {0: 5, 1: 10, 2: 194, 3: 190, 4: 145, 5: 559, 6: 421, 7: 236, 8: 798}, 8: {0: 1002, 1: 1136}, 9: {0: 455, 1: 114, 2: 292, 3: 138, 4: 294, 5: 62, 6: 1076}, 10: {0: 79, 1: 74, 2: 390, 3: 17, 4: 157, 5: 316, 6: 23, 7: 4, 8: 334, 9: 922}, 11: {0: 337, 1: 168, 2: 67, 3: 480, 4: 92, 5: 74, 6: 22, 7: 182, 8: 30, 9: 867}, 12: {0: 112, 1: 101, 2: 28, 3: 1, 4: 101, 5: 289, 6: 301, 7: 41, 8: 527, 9: 8}, 13: {0: 878, 1: 2, 2: 126, 3: 415, 4: 20, 5: 1, 6: 17, 7: 227, 8: 344}, 14: {0: 92, 1: 496, 2: 518, 3: 1, 4: 91, 5: 536, 6: 229, 7: 281}, 15: {0: 232, 1: 17, 2: 135, 3: 233, 4: 13, 5: 2, 6: 115, 7: 571, 8: 923}, 16: {0: 32, 1: 512, 2: 418, 3: 96, 4: 483, 5: 2, 6: 127, 7: 1082}, 17: {0: 126, 1: 209, 2: 159, 3: 62, 4: 94, 5: 14, 6: 294, 7: 217, 8: 17, 9: 566}, 18: {0: 29, 1: 48, 2: 133, 3: 1, 4: 291, 5: 42, 6: 485, 7: 97, 8: 61, 9: 378}, 19: {0: 1, 1: 167, 2: 333, 3: 2, 4: 3, 5: 325, 6: 51, 7: 38, 8: 64, 9: 78}, 20: {0: 2, 1: 63, 2: 304, 3: 19, 4: 82, 5: 234, 6: 42, 7: 41, 8: 436}, 21: {0: 315, 1: 210, 2: 259, 3: 315, 4: 463, 6: 512}, 22: {0: 223, 1: 6, 2: 150, 3: 1, 5: 246, 6: 189, 7: 1, 8: 946, 9: 11}, 23: {0: 24, 1: 585, 2: 188, 3: 1349}, 24: {0: 108, 1: 31, 2: 41, 3: 84, 4: 159, 5: 172, 6: 84, 7: 147, 8: 39, 9: 98}}
09-16 00:18 DEBUG    **************************************************
09-16 00:18 DEBUG    Running experiments 

09-16 00:19 DEBUG    Uniform ensemble (Train acc): 0.391100
09-16 00:19 DEBUG    Uniform ensemble (Test acc): 0.377900
09-16 00:19 DEBUG    FedAvg (Train acc): 0.100000
09-16 00:19 DEBUG    FedAvg (Test acc): 0.099900
09-16 00:43 DEBUG    ****** PDM_KL matching ******** 
09-16 00:43 DEBUG    Best Sigma0: 0.5. Best sigma: 1 Best gamma: 10. Best Test accuracy: 0.2435. Train acc: 0.24342. 

09-16 00:43 DEBUG    PDM_KL log: {(0.5, 1, 10): {'shapes': [(3072, 830), (830,), (830, 10), (10,)], 'train_accuracy': 0.24342, 'test_accuracy': 0.2435}} 
09-16 01:39 DEBUG    ****** PDM_KL matching ******** 
09-16 01:39 DEBUG    Best Sigma0: 0.5. Best sigma: 1 Best gamma: 10. Best Test accuracy: 0.2526. Train acc: 0.25542. 

09-16 01:39 DEBUG    PDM_KL log: {(0.5, 1, 10): {'shapes': [(3072, 830), (830,), (830, 10), (10,)], 'train_accuracy': 0.25542, 'test_accuracy': 0.2526}} 
09-16 02:30 DEBUG    ****** PDM_KL matching ******** 
09-16 02:30 DEBUG    Best Sigma0: 0.5. Best sigma: 1 Best gamma: 10. Best Test accuracy: 0.2106. Train acc: 0.21412. 

09-16 02:30 DEBUG    PDM_KL log: {(0.5, 1, 10): {'shapes': [(3072, 830), (830,), (830, 10), (10,)], 'train_accuracy': 0.21412, 'test_accuracy': 0.2106}} 
09-16 03:15 DEBUG    ****** PDM_KL matching ******** 
09-16 03:15 DEBUG    Best Sigma0: 0.5. Best sigma: 1 Best gamma: 10. Best Test accuracy: 0.2492. Train acc: 0.24766. 

09-16 03:15 DEBUG    PDM_KL log: {(0.5, 1, 10): {'shapes': [(3072, 830), (830,), (830, 10), (10,)], 'train_accuracy': 0.24766, 'test_accuracy': 0.2492}} 
09-16 03:51 DEBUG    ****** PDM_KL matching ******** 
09-16 03:51 DEBUG    Best Sigma0: 0.5. Best sigma: 1 Best gamma: 10. Best Test accuracy: 0.2407. Train acc: 0.24796. 

09-16 03:51 DEBUG    PDM_KL log: {(0.5, 1, 10): {'shapes': [(3072, 830), (830,), (830, 10), (10,)], 'train_accuracy': 0.24796, 'test_accuracy': 0.2407}} 
09-16 04:39 DEBUG    ****** PDM_KL matching ******** 
09-16 04:39 DEBUG    Best Sigma0: 0.5. Best sigma: 1 Best gamma: 10. Best Test accuracy: 0.2125. Train acc: 0.21284. 

09-16 04:39 DEBUG    PDM_KL log: {(0.5, 1, 10): {'shapes': [(3072, 829), (829,), (829, 10), (10,)], 'train_accuracy': 0.21284, 'test_accuracy': 0.2125}} 
09-16 05:26 DEBUG    ****** PDM_KL matching ******** 
09-16 05:26 DEBUG    Best Sigma0: 0.5. Best sigma: 1 Best gamma: 10. Best Test accuracy: 0.2582. Train acc: 0.26262. 

09-16 05:26 DEBUG    PDM_KL log: {(0.5, 1, 10): {'shapes': [(3072, 830), (830,), (830, 10), (10,)], 'train_accuracy': 0.26262, 'test_accuracy': 0.2582}} 
09-16 05:57 DEBUG    ****** PDM_KL matching ******** 
09-16 05:57 DEBUG    Best Sigma0: 0.5. Best sigma: 1 Best gamma: 10. Best Test accuracy: 0.259. Train acc: 0.2634. 

09-16 05:57 DEBUG    PDM_KL log: {(0.5, 1, 10): {'shapes': [(3072, 615), (615,), (615, 10), (10,)], 'train_accuracy': 0.2634, 'test_accuracy': 0.259}} 
09-16 06:15 DEBUG    ****** PDM_KL matching ******** 
09-16 06:15 DEBUG    Best Sigma0: 0.5. Best sigma: 1 Best gamma: 10. Best Test accuracy: 0.227. Train acc: 0.22364. 

09-16 06:15 DEBUG    PDM_KL log: {(0.5, 1, 10): {'shapes': [(3072, 249), (249,), (249, 10), (10,)], 'train_accuracy': 0.22364, 'test_accuracy': 0.227}} 
09-16 06:25 DEBUG    ****** PDM_KL matching ******** 
09-16 06:25 DEBUG    Best Sigma0: 0.5. Best sigma: 1 Best gamma: 10. Best Test accuracy: 0.1007. Train acc: 0.09984. 

09-16 06:25 DEBUG    PDM_KL log: {(0.5, 1, 10): {'shapes': [(3072, 124), (124,), (124, 10), (10,)], 'train_accuracy': 0.09984, 'test_accuracy': 0.1007}} 
09-16 06:36 DEBUG    ****** PDM_KL matching ******** 
09-16 06:36 DEBUG    Best Sigma0: 0.5. Best sigma: 1 Best gamma: 10. Best Test accuracy: 0.1008. Train acc: 0.09984. 

09-16 06:36 DEBUG    PDM_KL log: {(0.5, 1, 10): {'shapes': [(3072, 124), (124,), (124, 10), (10,)], 'train_accuracy': 0.09984, 'test_accuracy': 0.1008}} 
09-16 06:36 DEBUG    Trial 7 completed
09-16 06:36 DEBUG    ####################################################################################################
09-16 06:36 DEBUG    ####################################################################################################
09-16 06:36 DEBUG    Executing Trial 8 with seed 8
09-16 06:36 DEBUG    Data statistics: {0: {0: 203, 1: 192, 2: 16, 3: 83, 4: 114, 5: 18, 6: 94, 7: 95, 8: 101, 9: 209}, 1: {0: 4, 1: 47, 2: 2, 3: 182, 4: 793, 5: 105, 6: 157, 7: 12, 8: 176, 9: 472}, 2: {0: 163, 1: 15, 2: 135, 3: 19, 4: 245, 5: 180, 6: 236, 7: 254, 8: 345, 9: 6}, 3: {0: 11, 1: 209, 2: 98, 3: 76, 4: 1, 5: 97, 6: 207, 7: 193, 8: 159, 9: 1782}, 4: {0: 8, 1: 115, 2: 23, 4: 782, 5: 211, 6: 46, 7: 291, 8: 37, 9: 1}, 5: {0: 21, 1: 62, 2: 168, 3: 7, 4: 288, 5: 52, 6: 137, 7: 24, 8: 447, 9: 550}, 6: {0: 65, 1: 65, 2: 3, 3: 18, 4: 393, 5: 161, 6: 16, 7: 699, 8: 270, 9: 71}, 7: {0: 1304, 1: 164, 2: 119, 3: 670}, 8: {0: 153, 1: 4, 2: 289, 3: 150, 4: 49, 5: 13, 6: 126, 7: 5, 8: 177, 9: 664}, 9: {0: 9, 1: 60, 2: 68, 3: 41, 4: 7, 5: 46, 6: 36, 7: 81, 8: 3, 9: 347}, 10: {0: 255, 1: 393, 3: 315, 4: 3, 5: 463, 6: 157, 7: 996}, 11: {0: 20, 1: 2, 2: 417, 3: 467, 4: 41, 5: 1, 6: 755, 7: 10, 8: 65, 9: 33}, 12: {0: 1198, 1: 96, 2: 19, 3: 17, 4: 211, 5: 209, 6: 61, 7: 68, 8: 504}, 13: {0: 986, 1: 47, 2: 17, 3: 1, 5: 48, 6: 41, 7: 126, 8: 667}, 14: {0: 58, 1: 76, 2: 984, 3: 698, 4: 68, 5: 17, 6: 96, 7: 288}, 15: {0: 1, 1: 3, 2: 2, 3: 41, 4: 8, 5: 2250}, 16: {1: 2, 2: 481, 3: 293, 4: 226, 5: 873, 6: 392}, 17: {0: 29, 1: 25, 2: 156, 3: 704, 4: 532, 5: 8, 6: 1, 7: 20, 8: 1382}, 18: {0: 11, 1: 226, 3: 9, 4: 369, 5: 24, 6: 202, 7: 255, 8: 104, 9: 275}, 19: {0: 162, 1: 1, 2: 1127, 3: 3, 4: 1, 5: 21, 6: 9, 7: 20, 8: 166, 9: 201}, 20: {0: 7, 1: 2435}, 21: {0: 21, 1: 611, 2: 8, 3: 189, 4: 223, 5: 85, 6: 160, 7: 256, 8: 20, 9: 22}, 22: {0: 275, 1: 18, 2: 3, 3: 744, 4: 427, 5: 111, 6: 337, 7: 986}, 23: {1: 7, 2: 797, 3: 149, 4: 218, 5: 6, 6: 1262}, 24: {0: 36, 1: 125, 2: 68, 3: 124, 4: 1, 5: 1, 6: 472, 7: 321, 8: 377, 9: 367}}
09-16 06:38 DEBUG    **************************************************
09-16 06:38 DEBUG    Running experiments 

09-16 06:38 DEBUG    Uniform ensemble (Train acc): 0.397340
09-16 06:38 DEBUG    Uniform ensemble (Test acc): 0.391700
09-16 06:38 DEBUG    FedAvg (Train acc): 0.100000
09-16 06:38 DEBUG    FedAvg (Test acc): 0.100000
09-16 06:52 DEBUG    ****** PDM_KL matching ******** 
09-16 06:52 DEBUG    Best Sigma0: 0.5. Best sigma: 1 Best gamma: 10. Best Test accuracy: 0.2083. Train acc: 0.20468. 

09-16 06:52 DEBUG    PDM_KL log: {(0.5, 1, 10): {'shapes': [(3072, 830), (830,), (830, 10), (10,)], 'train_accuracy': 0.20468, 'test_accuracy': 0.2083}} 
09-16 07:24 DEBUG    ****** PDM_KL matching ******** 
09-16 07:24 DEBUG    Best Sigma0: 0.5. Best sigma: 1 Best gamma: 10. Best Test accuracy: 0.2544. Train acc: 0.25104. 

09-16 07:24 DEBUG    PDM_KL log: {(0.5, 1, 10): {'shapes': [(3072, 830), (830,), (830, 10), (10,)], 'train_accuracy': 0.25104, 'test_accuracy': 0.2544}} 
09-16 07:55 DEBUG    ****** PDM_KL matching ******** 
09-16 07:55 DEBUG    Best Sigma0: 0.5. Best sigma: 1 Best gamma: 10. Best Test accuracy: 0.2372. Train acc: 0.23252. 

09-16 07:55 DEBUG    PDM_KL log: {(0.5, 1, 10): {'shapes': [(3072, 830), (830,), (830, 10), (10,)], 'train_accuracy': 0.23252, 'test_accuracy': 0.2372}} 
09-16 08:27 DEBUG    ****** PDM_KL matching ******** 
09-16 08:27 DEBUG    Best Sigma0: 0.5. Best sigma: 1 Best gamma: 10. Best Test accuracy: 0.2413. Train acc: 0.23896. 

09-16 08:27 DEBUG    PDM_KL log: {(0.5, 1, 10): {'shapes': [(3072, 830), (830,), (830, 10), (10,)], 'train_accuracy': 0.23896, 'test_accuracy': 0.2413}} 
09-16 08:58 DEBUG    ****** PDM_KL matching ******** 
09-16 08:58 DEBUG    Best Sigma0: 0.5. Best sigma: 1 Best gamma: 10. Best Test accuracy: 0.2339. Train acc: 0.22906. 

09-16 08:58 DEBUG    PDM_KL log: {(0.5, 1, 10): {'shapes': [(3072, 830), (830,), (830, 10), (10,)], 'train_accuracy': 0.22906, 'test_accuracy': 0.2339}} 
09-16 09:29 DEBUG    ****** PDM_KL matching ******** 
09-16 09:29 DEBUG    Best Sigma0: 0.5. Best sigma: 1 Best gamma: 10. Best Test accuracy: 0.2437. Train acc: 0.24456. 

09-16 09:29 DEBUG    PDM_KL log: {(0.5, 1, 10): {'shapes': [(3072, 830), (830,), (830, 10), (10,)], 'train_accuracy': 0.24456, 'test_accuracy': 0.2437}} 
09-16 09:58 DEBUG    ****** PDM_KL matching ******** 
09-16 09:58 DEBUG    Best Sigma0: 0.5. Best sigma: 1 Best gamma: 10. Best Test accuracy: 0.2516. Train acc: 0.25076. 

09-16 09:58 DEBUG    PDM_KL log: {(0.5, 1, 10): {'shapes': [(3072, 831), (831,), (831, 10), (10,)], 'train_accuracy': 0.25076, 'test_accuracy': 0.2516}} 
09-16 10:24 DEBUG    ****** PDM_KL matching ******** 
09-16 10:24 DEBUG    Best Sigma0: 0.5. Best sigma: 1 Best gamma: 10. Best Test accuracy: 0.2227. Train acc: 0.21554. 

09-16 10:24 DEBUG    PDM_KL log: {(0.5, 1, 10): {'shapes': [(3072, 615), (615,), (615, 10), (10,)], 'train_accuracy': 0.21554, 'test_accuracy': 0.2227}} 
09-16 10:42 DEBUG    ****** PDM_KL matching ******** 
09-16 10:42 DEBUG    Best Sigma0: 0.5. Best sigma: 1 Best gamma: 10. Best Test accuracy: 0.2237. Train acc: 0.22098. 

09-16 10:42 DEBUG    PDM_KL log: {(0.5, 1, 10): {'shapes': [(3072, 250), (250,), (250, 10), (10,)], 'train_accuracy': 0.22098, 'test_accuracy': 0.2237}} 
09-16 10:53 DEBUG    ****** PDM_KL matching ******** 
09-16 10:53 DEBUG    Best Sigma0: 0.5. Best sigma: 1 Best gamma: 10. Best Test accuracy: 0.0999. Train acc: 0.09994. 

09-16 10:53 DEBUG    PDM_KL log: {(0.5, 1, 10): {'shapes': [(3072, 124), (124,), (124, 10), (10,)], 'train_accuracy': 0.09994, 'test_accuracy': 0.0999}} 
09-16 11:04 DEBUG    ****** PDM_KL matching ******** 
09-16 11:04 DEBUG    Best Sigma0: 0.5. Best sigma: 1 Best gamma: 10. Best Test accuracy: 0.0999. Train acc: 0.09996. 

09-16 11:04 DEBUG    PDM_KL log: {(0.5, 1, 10): {'shapes': [(3072, 124), (124,), (124, 10), (10,)], 'train_accuracy': 0.09996, 'test_accuracy': 0.0999}} 
09-16 11:04 DEBUG    Trial 8 completed
09-16 11:04 DEBUG    ####################################################################################################
09-16 11:04 DEBUG    ####################################################################################################
09-16 11:04 DEBUG    Executing Trial 9 with seed 9
09-16 11:04 DEBUG    Data statistics: {0: {0: 430, 1: 112, 2: 11, 3: 314, 4: 25, 5: 67, 6: 69, 7: 33, 8: 204, 9: 1030}, 1: {0: 105, 1: 572, 2: 15, 3: 2, 4: 236, 5: 162, 6: 371, 7: 216, 8: 141, 9: 49}, 2: {0: 138, 1: 218, 2: 184, 3: 223, 4: 43, 5: 13, 6: 66, 7: 516, 8: 8, 9: 2}, 3: {0: 478, 1: 54, 2: 342, 3: 903, 4: 137, 5: 191}, 4: {0: 358, 1: 251, 2: 703, 3: 1, 4: 52, 5: 77, 6: 6, 7: 59, 8: 121, 9: 605}, 5: {0: 29, 1: 1, 2: 3, 3: 132, 4: 6, 5: 834, 6: 604, 7: 24, 8: 1, 9: 303}, 6: {0: 146, 1: 21, 2: 683, 3: 532, 4: 136, 5: 347, 6: 41, 7: 133}, 7: {0: 383, 1: 345, 2: 8, 3: 34, 4: 554, 5: 309, 6: 166, 7: 147, 8: 248}, 8: {0: 59, 1: 32, 2: 13, 3: 297, 4: 412, 5: 163, 6: 132, 7: 758, 8: 74}, 9: {0: 406, 1: 4, 2: 62, 4: 317, 5: 312, 6: 535, 7: 230, 8: 174}, 10: {0: 2, 1: 212, 3: 902, 4: 303, 5: 60, 6: 162, 7: 613}, 11: {0: 12, 2: 152, 3: 166, 4: 7, 5: 33, 6: 169, 7: 856, 8: 171, 9: 659}, 12: {0: 193, 1: 777, 2: 248, 3: 50, 4: 221, 5: 233, 6: 50, 7: 7, 8: 555}, 13: {0: 61, 1: 301, 2: 78, 3: 339, 4: 33, 5: 14, 6: 259, 7: 116, 8: 110, 9: 767}, 14: {0: 2, 1: 21, 2: 360, 3: 33, 4: 383, 5: 125, 6: 198, 7: 431, 8: 871}, 15: {0: 161, 1: 145, 2: 174, 3: 1, 4: 86, 5: 73, 6: 500, 7: 4, 8: 68, 9: 413}, 16: {0: 851, 1: 786, 2: 3, 4: 86, 5: 2, 6: 3, 7: 373}, 17: {0: 370, 1: 2, 2: 5, 3: 1, 4: 777, 5: 8, 6: 896}, 18: {0: 14, 1: 68, 2: 13, 3: 156, 4: 62, 5: 141, 6: 29, 7: 16, 8: 885, 9: 161}, 19: {0: 31, 1: 115, 2: 134, 3: 555, 4: 71, 5: 185, 6: 533, 7: 8, 8: 4, 9: 802}, 20: {0: 65, 1: 112, 2: 651, 3: 2, 4: 36, 5: 749, 6: 115, 7: 19, 8: 50, 9: 138}, 21: {0: 454, 1: 31, 2: 533, 3: 41, 4: 335, 5: 19, 6: 94, 7: 1, 8: 132, 9: 12}, 22: {0: 29, 1: 110, 2: 356, 3: 45, 4: 244, 5: 858, 7: 1, 8: 583}, 23: {0: 217, 1: 252, 2: 178, 3: 265, 4: 422, 5: 11, 7: 348, 8: 481}, 24: {0: 6, 1: 458, 2: 91, 3: 6, 4: 16, 5: 14, 6: 2, 7: 91, 8: 119, 9: 59}}
09-16 11:05 DEBUG    **************************************************
09-16 11:05 DEBUG    Running experiments 

09-16 11:06 DEBUG    Uniform ensemble (Train acc): 0.406200
09-16 11:06 DEBUG    Uniform ensemble (Test acc): 0.398500
09-16 11:06 DEBUG    FedAvg (Train acc): 0.100000
09-16 11:06 DEBUG    FedAvg (Test acc): 0.100000
09-16 11:19 DEBUG    ****** PDM_KL matching ******** 
09-16 11:19 DEBUG    Best Sigma0: 0.5. Best sigma: 1 Best gamma: 10. Best Test accuracy: 0.2473. Train acc: 0.25022. 

09-16 11:19 DEBUG    PDM_KL log: {(0.5, 1, 10): {'shapes': [(3072, 830), (830,), (830, 10), (10,)], 'train_accuracy': 0.25022, 'test_accuracy': 0.2473}} 
09-16 11:51 DEBUG    ****** PDM_KL matching ******** 
09-16 11:51 DEBUG    Best Sigma0: 0.5. Best sigma: 1 Best gamma: 10. Best Test accuracy: 0.2388. Train acc: 0.24044. 

09-16 11:51 DEBUG    PDM_KL log: {(0.5, 1, 10): {'shapes': [(3072, 829), (829,), (829, 10), (10,)], 'train_accuracy': 0.24044, 'test_accuracy': 0.2388}} 
09-16 12:22 DEBUG    ****** PDM_KL matching ******** 
09-16 12:22 DEBUG    Best Sigma0: 0.5. Best sigma: 1 Best gamma: 10. Best Test accuracy: 0.2489. Train acc: 0.2516. 

09-16 12:22 DEBUG    PDM_KL log: {(0.5, 1, 10): {'shapes': [(3072, 830), (830,), (830, 10), (10,)], 'train_accuracy': 0.2516, 'test_accuracy': 0.2489}} 
09-16 12:54 DEBUG    ****** PDM_KL matching ******** 
09-16 12:54 DEBUG    Best Sigma0: 0.5. Best sigma: 1 Best gamma: 10. Best Test accuracy: 0.2422. Train acc: 0.24552. 

09-16 12:54 DEBUG    PDM_KL log: {(0.5, 1, 10): {'shapes': [(3072, 830), (830,), (830, 10), (10,)], 'train_accuracy': 0.24552, 'test_accuracy': 0.2422}} 
09-16 13:25 DEBUG    ****** PDM_KL matching ******** 
09-16 13:25 DEBUG    Best Sigma0: 0.5. Best sigma: 1 Best gamma: 10. Best Test accuracy: 0.2524. Train acc: 0.25414. 

09-16 13:25 DEBUG    PDM_KL log: {(0.5, 1, 10): {'shapes': [(3072, 830), (830,), (830, 10), (10,)], 'train_accuracy': 0.25414, 'test_accuracy': 0.2524}} 
09-16 13:56 DEBUG    ****** PDM_KL matching ******** 
09-16 13:56 DEBUG    Best Sigma0: 0.5. Best sigma: 1 Best gamma: 10. Best Test accuracy: 0.2263. Train acc: 0.2268. 

09-16 13:56 DEBUG    PDM_KL log: {(0.5, 1, 10): {'shapes': [(3072, 828), (828,), (828, 10), (10,)], 'train_accuracy': 0.2268, 'test_accuracy': 0.2263}} 
09-16 14:27 DEBUG    ****** PDM_KL matching ******** 
09-16 14:27 DEBUG    Best Sigma0: 0.5. Best sigma: 1 Best gamma: 10. Best Test accuracy: 0.2662. Train acc: 0.26936. 

09-16 14:27 DEBUG    PDM_KL log: {(0.5, 1, 10): {'shapes': [(3072, 831), (831,), (831, 10), (10,)], 'train_accuracy': 0.26936, 'test_accuracy': 0.2662}} 
09-16 14:53 DEBUG    ****** PDM_KL matching ******** 
09-16 14:53 DEBUG    Best Sigma0: 0.5. Best sigma: 1 Best gamma: 10. Best Test accuracy: 0.2748. Train acc: 0.27524. 

09-16 14:53 DEBUG    PDM_KL log: {(0.5, 1, 10): {'shapes': [(3072, 622), (622,), (622, 10), (10,)], 'train_accuracy': 0.27524, 'test_accuracy': 0.2748}} 
09-16 15:10 DEBUG    ****** PDM_KL matching ******** 
09-16 15:10 DEBUG    Best Sigma0: 0.5. Best sigma: 1 Best gamma: 10. Best Test accuracy: 0.256. Train acc: 0.26176. 

09-16 15:10 DEBUG    PDM_KL log: {(0.5, 1, 10): {'shapes': [(3072, 249), (249,), (249, 10), (10,)], 'train_accuracy': 0.26176, 'test_accuracy': 0.256}} 
09-16 15:18 DEBUG    ****** PDM_KL matching ******** 
09-16 15:18 DEBUG    Best Sigma0: 0.5. Best sigma: 1 Best gamma: 10. Best Test accuracy: 0.1. Train acc: 0.10004. 

09-16 15:18 DEBUG    PDM_KL log: {(0.5, 1, 10): {'shapes': [(3072, 124), (124,), (124, 10), (10,)], 'train_accuracy': 0.10004, 'test_accuracy': 0.1}} 
09-16 15:28 DEBUG    ****** PDM_KL matching ******** 
09-16 15:28 DEBUG    Best Sigma0: 0.5. Best sigma: 1 Best gamma: 10. Best Test accuracy: 0.1001. Train acc: 0.10002. 

09-16 15:28 DEBUG    PDM_KL log: {(0.5, 1, 10): {'shapes': [(3072, 124), (124,), (124, 10), (10,)], 'train_accuracy': 0.10002, 'test_accuracy': 0.1001}} 
09-16 15:28 DEBUG    Trial 9 completed
09-16 15:28 DEBUG    ####################################################################################################
