09-11 21:23 DEBUG    Experiment arguments: Namespace(alpha=0.5, communication_rounds=None, datadir='data/cifar10', dataset='cifar10', device=1.0, dropout_p=0.0, epochs=10, experiment=['all'], init_seed=0, iter_epochs=5, layers=0, loaddir='saved_weights/cifar10/hetero-dir', logdir='KL_regs/cifar10/hetero-dir', lr=0.01, lr_decay=1.0, n=30, n_layers=1, n_nets=25, net_config=[3072, 100, 10], num_pool_workers=7, partition='hetero-dir', pdm_gamma=1.0, pdm_sig=1.0, pdm_sig0=1.0, reg=1e-06, reg_fac=0.0, trials=1)
09-11 21:23 DEBUG    ####################################################################################################
09-11 21:23 DEBUG    Executing Trial 0 with seed 0
09-11 21:23 DEBUG    Data statistics: {0: {0: 486, 1: 2, 2: 544, 3: 61, 4: 7, 5: 38, 6: 33, 7: 155, 8: 1191}, 1: {0: 8, 1: 53, 2: 38, 3: 293, 4: 12, 5: 205, 6: 768, 7: 120, 8: 1, 9: 172}, 2: {0: 4, 1: 1662, 2: 1, 3: 113, 4: 24, 5: 399}, 3: {0: 202, 1: 239, 2: 89, 3: 106, 4: 682, 5: 333, 6: 7, 7: 84, 8: 708}, 4: {0: 257, 1: 163, 2: 12, 3: 26, 4: 198, 5: 6, 7: 11, 8: 406, 9: 7}, 5: {0: 643, 1: 122, 2: 2, 3: 1363}, 6: {0: 5, 1: 212, 3: 1, 4: 3, 5: 117, 6: 74, 7: 3, 8: 1519, 9: 233}, 7: {0: 368, 1: 94, 2: 643, 3: 407, 4: 306, 6: 1255}, 8: {0: 575, 1: 90, 2: 93, 3: 645, 4: 5, 5: 707}, 9: {0: 1, 1: 71, 2: 907, 3: 44, 4: 31, 5: 780, 6: 459}, 10: {0: 592, 1: 164, 2: 539, 3: 52, 4: 115, 5: 43, 6: 112, 7: 438}, 11: {0: 264, 1: 118, 2: 16, 3: 102, 4: 1133, 5: 6, 6: 209, 7: 213}, 12: {0: 235, 1: 263, 2: 50, 3: 35, 4: 9, 5: 4, 6: 5, 7: 286, 8: 281, 9: 862}, 13: {0: 251, 1: 24, 2: 76, 3: 56, 4: 8, 5: 446, 6: 181, 7: 422, 8: 11, 9: 23}, 14: {0: 458, 1: 34, 2: 309, 3: 381, 4: 227, 5: 9, 6: 73, 7: 43, 8: 36, 9: 127}, 15: {0: 139, 1: 14, 2: 150, 3: 19, 4: 322, 5: 2, 6: 22, 8: 8, 9: 1363}, 16: {0: 27, 1: 231, 2: 82, 3: 55, 4: 55, 5: 478, 6: 591, 7: 67, 8: 48, 9: 283}, 17: {0: 2, 1: 488, 2: 321, 3: 127, 4: 234, 5: 120, 6: 131, 8: 1, 9: 888}, 18: {0: 30, 1: 185, 2: 675, 3: 1, 4: 21, 5: 129, 6: 441, 7: 559}, 19: {0: 32, 1: 483, 2: 19, 3: 87, 4: 7, 5: 27, 6: 9, 7: 18, 8: 268, 9: 80}, 20: {0: 13, 1: 189, 2: 17, 3: 215, 4: 730, 5: 36, 6: 11, 7: 10, 8: 176, 9: 20}, 21: {0: 72, 1: 45, 2: 178, 3: 191, 4: 598, 5: 71, 6: 271, 7: 233, 8: 57, 9: 58}, 22: {0: 225, 1: 5, 2: 226, 3: 343, 4: 54, 5: 41, 6: 1, 7: 11, 8: 5, 9: 48}, 23: {0: 2, 1: 30, 2: 3, 3: 31, 4: 218, 5: 331, 6: 301, 7: 2239}, 24: {0: 109, 1: 19, 2: 10, 3: 246, 4: 1, 5: 672, 6: 46, 7: 88, 8: 284, 9: 836}}
09-11 21:26 DEBUG    **************************************************
09-11 21:26 DEBUG    Running experiments 

09-11 21:27 DEBUG    Uniform ensemble (Train acc): 0.365300
09-11 21:27 DEBUG    Uniform ensemble (Test acc): 0.360300
09-11 21:28 DEBUG    FedAvg (Train acc): 0.100380
09-11 21:28 DEBUG    FedAvg (Test acc): 0.100200
09-11 22:16 DEBUG    ****** PDM_KL matching ******** 
09-11 22:16 DEBUG    Best Sigma0: 0.5. Best sigma: 1 Best gamma: 10. Best Test accuracy: 0.215. Train acc: 0.21276. 

09-11 22:16 DEBUG    PDM_KL log: {(0.5, 1, 10): {'shapes': [(3072, 830), (830,), (830, 10), (10,)], 'train_accuracy': 0.21276, 'test_accuracy': 0.215}} 
09-11 23:53 DEBUG    ****** PDM_KL matching ******** 
09-11 23:53 DEBUG    Best Sigma0: 0.5. Best sigma: 1 Best gamma: 10. Best Test accuracy: 0.2448. Train acc: 0.2441. 

09-11 23:53 DEBUG    PDM_KL log: {(0.5, 1, 10): {'shapes': [(3072, 830), (830,), (830, 10), (10,)], 'train_accuracy': 0.2441, 'test_accuracy': 0.2448}} 
09-12 01:02 DEBUG    ****** PDM_KL matching ******** 
09-12 01:02 DEBUG    Best Sigma0: 0.5. Best sigma: 1 Best gamma: 10. Best Test accuracy: 0.2417. Train acc: 0.24324. 

09-12 01:02 DEBUG    PDM_KL log: {(0.5, 1, 10): {'shapes': [(3072, 830), (830,), (830, 10), (10,)], 'train_accuracy': 0.24324, 'test_accuracy': 0.2417}} 
09-12 02:10 DEBUG    ****** PDM_KL matching ******** 
09-12 02:10 DEBUG    Best Sigma0: 0.5. Best sigma: 1 Best gamma: 10. Best Test accuracy: 0.2401. Train acc: 0.23734. 

09-12 02:10 DEBUG    PDM_KL log: {(0.5, 1, 10): {'shapes': [(3072, 830), (830,), (830, 10), (10,)], 'train_accuracy': 0.23734, 'test_accuracy': 0.2401}} 
09-12 03:10 DEBUG    ****** PDM_KL matching ******** 
09-12 03:10 DEBUG    Best Sigma0: 0.5. Best sigma: 1 Best gamma: 10. Best Test accuracy: 0.2106. Train acc: 0.20792. 

09-12 03:10 DEBUG    PDM_KL log: {(0.5, 1, 10): {'shapes': [(3072, 830), (830,), (830, 10), (10,)], 'train_accuracy': 0.20792, 'test_accuracy': 0.2106}} 
09-12 04:01 DEBUG    ****** PDM_KL matching ******** 
09-12 04:01 DEBUG    Best Sigma0: 0.5. Best sigma: 1 Best gamma: 10. Best Test accuracy: 0.2044. Train acc: 0.2034. 

09-12 04:01 DEBUG    PDM_KL log: {(0.5, 1, 10): {'shapes': [(3072, 830), (830,), (830, 10), (10,)], 'train_accuracy': 0.2034, 'test_accuracy': 0.2044}} 
09-12 04:47 DEBUG    ****** PDM_KL matching ******** 
09-12 04:47 DEBUG    Best Sigma0: 0.5. Best sigma: 1 Best gamma: 10. Best Test accuracy: 0.2594. Train acc: 0.25856. 

09-12 04:47 DEBUG    PDM_KL log: {(0.5, 1, 10): {'shapes': [(3072, 831), (831,), (831, 10), (10,)], 'train_accuracy': 0.25856, 'test_accuracy': 0.2594}} 
09-12 05:18 DEBUG    ****** PDM_KL matching ******** 
09-12 05:18 DEBUG    Best Sigma0: 0.5. Best sigma: 1 Best gamma: 10. Best Test accuracy: 0.1897. Train acc: 0.18728. 

09-12 05:18 DEBUG    PDM_KL log: {(0.5, 1, 10): {'shapes': [(3072, 613), (613,), (613, 10), (10,)], 'train_accuracy': 0.18728, 'test_accuracy': 0.1897}} 
09-12 05:35 DEBUG    ****** PDM_KL matching ******** 
09-12 05:35 DEBUG    Best Sigma0: 0.5. Best sigma: 1 Best gamma: 10. Best Test accuracy: 0.1746. Train acc: 0.171. 

09-12 05:35 DEBUG    PDM_KL log: {(0.5, 1, 10): {'shapes': [(3072, 250), (250,), (250, 10), (10,)], 'train_accuracy': 0.171, 'test_accuracy': 0.1746}} 
09-12 05:45 DEBUG    ****** PDM_KL matching ******** 
09-12 05:45 DEBUG    Best Sigma0: 0.5. Best sigma: 1 Best gamma: 10. Best Test accuracy: 0.1108. Train acc: 0.10876. 

09-12 05:45 DEBUG    PDM_KL log: {(0.5, 1, 10): {'shapes': [(3072, 124), (124,), (124, 10), (10,)], 'train_accuracy': 0.10876, 'test_accuracy': 0.1108}} 
09-12 05:55 DEBUG    ****** PDM_KL matching ******** 
09-12 05:55 DEBUG    Best Sigma0: 0.5. Best sigma: 1 Best gamma: 10. Best Test accuracy: 0.1. Train acc: 0.1. 

09-12 05:55 DEBUG    PDM_KL log: {(0.5, 1, 10): {'shapes': [(3072, 117), (117,), (117, 10), (10,)], 'train_accuracy': 0.1, 'test_accuracy': 0.1}} 
09-12 05:55 DEBUG    Trial 0 completed
09-12 05:55 DEBUG    ####################################################################################################
