09-15 11:10 DEBUG    Experiment arguments: Namespace(alpha=0.5, communication_rounds=None, datadir='data/mnist', dataset='mnist', device=1.0, dropout_p=0.0, epochs=10, experiment=['all'], init_seed=0, iter_epochs=5, layers=1, loaddir='saved_weights/mnist/hetero-dir', logdir='KL_regs_bst_hyp/mnist/hetero-dir', lr=0.01, lr_decay=1.0, n=6, n_layers=1, n_nets=10, net_config=[784, 100, 10], num_pool_workers=6, partition='hetero-dir', pdm_gamma=1, pdm_sig=0.9, pdm_sig0=3, reg=1e-06, reg_fac=0.0, trials=10)
09-15 11:10 DEBUG    ####################################################################################################
09-15 11:10 DEBUG    Executing Trial 0 with seed 0
09-15 11:10 DEBUG    Data statistics: {0: {0: 602, 2: 796, 3: 948, 4: 477, 5: 120, 6: 546, 7: 191, 8: 143, 9: 1650}, 1: {0: 820, 1: 2411, 2: 2824}, 2: {0: 770, 1: 25, 2: 669, 3: 963, 4: 2734, 5: 28, 6: 7, 7: 16, 8: 602, 9: 663}, 3: {0: 237, 1: 923, 2: 396, 3: 273, 4: 609, 5: 240, 6: 468, 7: 150, 8: 2975}, 4: {0: 241, 1: 409, 2: 58, 3: 1175, 4: 425, 5: 64, 6: 88, 7: 55, 8: 100, 9: 670}, 5: {0: 103, 1: 356, 3: 10, 4: 474, 5: 29, 6: 2121, 7: 554, 8: 888, 9: 2934}, 6: {0: 1430, 1: 2487, 2: 58, 3: 266, 4: 650, 5: 551, 6: 128, 7: 2929}, 7: {0: 554, 1: 1, 2: 160, 3: 51, 5: 1511, 6: 2451, 7: 1609}, 8: {0: 234, 1: 100, 2: 867, 3: 1177, 4: 77, 5: 2396, 6: 92, 7: 646, 8: 1133}, 9: {0: 932, 1: 30, 2: 130, 3: 1268, 4: 396, 5: 482, 6: 17, 7: 115, 8: 10, 9: 32}}
09-15 11:11 DEBUG    **************************************************
09-15 11:11 DEBUG    Running experiments 

09-15 11:11 DEBUG    Uniform ensemble (Train acc): 0.959000
09-15 11:11 DEBUG    Uniform ensemble (Test acc): 0.957000
09-15 11:11 DEBUG    FedAvg (Train acc): 0.228233
09-15 11:11 DEBUG    FedAvg (Test acc): 0.221100
09-15 11:16 DEBUG    ****** PDM_KL matching ******** 
09-15 11:16 DEBUG    Best Sigma0: 3. Best sigma: 0.9 Best gamma: 1. Best Test accuracy: 0.9037. Train acc: 0.90265. 

09-15 11:16 DEBUG    PDM_KL log: {(3, 0.9, 1): {'shapes': [(784, 700), (700,), (700, 10), (10,)], 'train_accuracy': 0.90265, 'test_accuracy': 0.9037}} 
09-15 11:28 DEBUG    ****** PDM_KL matching ******** 
09-15 11:28 DEBUG    Best Sigma0: 3. Best sigma: 0.9 Best gamma: 1. Best Test accuracy: 0.9037. Train acc: 0.9026. 

09-15 11:28 DEBUG    PDM_KL log: {(3, 0.9, 1): {'shapes': [(784, 700), (700,), (700, 10), (10,)], 'train_accuracy': 0.9026, 'test_accuracy': 0.9037}} 
09-15 11:40 DEBUG    ****** PDM_KL matching ******** 
09-15 11:40 DEBUG    Best Sigma0: 3. Best sigma: 0.9 Best gamma: 1. Best Test accuracy: 0.9036. Train acc: 0.9024. 

09-15 11:40 DEBUG    PDM_KL log: {(3, 0.9, 1): {'shapes': [(784, 700), (700,), (700, 10), (10,)], 'train_accuracy': 0.9024, 'test_accuracy': 0.9036}} 
09-15 11:52 DEBUG    ****** PDM_KL matching ******** 
09-15 11:52 DEBUG    Best Sigma0: 3. Best sigma: 0.9 Best gamma: 1. Best Test accuracy: 0.9037. Train acc: 0.90245. 

09-15 11:52 DEBUG    PDM_KL log: {(3, 0.9, 1): {'shapes': [(784, 700), (700,), (700, 10), (10,)], 'train_accuracy': 0.90245, 'test_accuracy': 0.9037}} 
09-15 12:05 DEBUG    ****** PDM_KL matching ******** 
09-15 12:05 DEBUG    Best Sigma0: 3. Best sigma: 0.9 Best gamma: 1. Best Test accuracy: 0.9037. Train acc: 0.9026. 

09-15 12:05 DEBUG    PDM_KL log: {(3, 0.9, 1): {'shapes': [(784, 700), (700,), (700, 10), (10,)], 'train_accuracy': 0.9026, 'test_accuracy': 0.9037}} 
09-15 12:18 DEBUG    ****** PDM_KL matching ******** 
09-15 12:18 DEBUG    Best Sigma0: 3. Best sigma: 0.9 Best gamma: 1. Best Test accuracy: 0.9036. Train acc: 0.90265. 

09-15 12:18 DEBUG    PDM_KL log: {(3, 0.9, 1): {'shapes': [(784, 697), (697,), (697, 10), (10,)], 'train_accuracy': 0.90265, 'test_accuracy': 0.9036}} 
09-15 12:29 DEBUG    ****** PDM_KL matching ******** 
09-15 12:29 DEBUG    Best Sigma0: 3. Best sigma: 0.9 Best gamma: 1. Best Test accuracy: 0.9077. Train acc: 0.9056166666666666. 

09-15 12:29 DEBUG    PDM_KL log: {(3, 0.9, 1): {'shapes': [(784, 647), (647,), (647, 10), (10,)], 'train_accuracy': 0.9056166666666666, 'test_accuracy': 0.9077}} 
09-15 12:37 DEBUG    ****** PDM_KL matching ******** 
09-15 12:37 DEBUG    Best Sigma0: 3. Best sigma: 0.9 Best gamma: 1. Best Test accuracy: 0.8952. Train acc: 0.89655. 

09-15 12:37 DEBUG    PDM_KL log: {(3, 0.9, 1): {'shapes': [(784, 418), (418,), (418, 10), (10,)], 'train_accuracy': 0.89655, 'test_accuracy': 0.8952}} 
09-15 12:39 DEBUG    ****** PDM_KL matching ******** 
09-15 12:39 DEBUG    Best Sigma0: 3. Best sigma: 0.9 Best gamma: 1. Best Test accuracy: 0.0974. Train acc: 0.09751666666666667. 

09-15 12:39 DEBUG    PDM_KL log: {(3, 0.9, 1): {'shapes': [(784, 100), (100,), (100, 10), (10,)], 'train_accuracy': 0.09751666666666667, 'test_accuracy': 0.0974}} 
09-15 12:41 DEBUG    ****** PDM_KL matching ******** 
09-15 12:41 DEBUG    Best Sigma0: 3. Best sigma: 0.9 Best gamma: 1. Best Test accuracy: 0.0974. Train acc: 0.09751666666666667. 

09-15 12:41 DEBUG    PDM_KL log: {(3, 0.9, 1): {'shapes': [(784, 100), (100,), (100, 10), (10,)], 'train_accuracy': 0.09751666666666667, 'test_accuracy': 0.0974}} 
09-15 12:43 DEBUG    ****** PDM_KL matching ******** 
09-15 12:43 DEBUG    Best Sigma0: 3. Best sigma: 0.9 Best gamma: 1. Best Test accuracy: 0.0974. Train acc: 0.09751666666666667. 

09-15 12:43 DEBUG    PDM_KL log: {(3, 0.9, 1): {'shapes': [(784, 100), (100,), (100, 10), (10,)], 'train_accuracy': 0.09751666666666667, 'test_accuracy': 0.0974}} 
09-15 12:43 DEBUG    Trial 0 completed
09-15 12:43 DEBUG    ####################################################################################################
09-15 12:43 DEBUG    ####################################################################################################
09-15 12:43 DEBUG    Executing Trial 1 with seed 1
09-15 12:43 DEBUG    Data statistics: {0: {0: 248, 1: 83, 2: 207, 3: 99, 4: 776, 5: 380, 6: 206, 7: 350, 8: 326, 9: 117}, 1: {0: 32, 1: 787, 2: 107, 3: 76, 4: 860, 5: 388, 6: 1125, 7: 1, 8: 586, 9: 2654}, 2: {0: 1711, 1: 1222, 2: 2657, 3: 143, 4: 349}, 3: {0: 301, 1: 336, 2: 1374, 3: 1805, 4: 2026, 5: 2536}, 4: {0: 166, 1: 315, 2: 274, 3: 12, 4: 47, 5: 38, 6: 723, 7: 175, 8: 48, 9: 2474}, 5: {0: 2902, 1: 187, 3: 322, 4: 24, 5: 71, 6: 2360, 7: 2841}, 6: {0: 127, 1: 963, 2: 729, 3: 810, 4: 960, 5: 24, 6: 804, 7: 111, 8: 1703}, 7: {0: 28, 1: 1747, 2: 276, 3: 72, 4: 657, 5: 1128, 6: 668, 7: 58, 8: 457, 9: 122}, 8: {0: 4, 1: 364, 2: 138, 3: 177, 4: 45, 5: 798, 7: 2648, 8: 2247}, 9: {0: 404, 1: 738, 2: 196, 3: 2615, 4: 98, 5: 58, 6: 32, 7: 81, 8: 484, 9: 582}}
09-15 12:44 DEBUG    **************************************************
09-15 12:44 DEBUG    Running experiments 

09-15 12:45 DEBUG    Uniform ensemble (Train acc): 0.939950
09-15 12:45 DEBUG    Uniform ensemble (Test acc): 0.935500
09-15 12:46 DEBUG    FedAvg (Train acc): 0.240350
09-15 12:46 DEBUG    FedAvg (Test acc): 0.229500
09-15 12:49 DEBUG    ****** PDM_KL matching ******** 
09-15 12:49 DEBUG    Best Sigma0: 3. Best sigma: 0.9 Best gamma: 1. Best Test accuracy: 0.8631. Train acc: 0.8670833333333333. 

09-15 12:49 DEBUG    PDM_KL log: {(3, 0.9, 1): {'shapes': [(784, 700), (700,), (700, 10), (10,)], 'train_accuracy': 0.8670833333333333, 'test_accuracy': 0.8631}} 
09-15 12:56 DEBUG    ****** PDM_KL matching ******** 
09-15 12:56 DEBUG    Best Sigma0: 3. Best sigma: 0.9 Best gamma: 1. Best Test accuracy: 0.8631. Train acc: 0.8670833333333333. 

09-15 12:56 DEBUG    PDM_KL log: {(3, 0.9, 1): {'shapes': [(784, 700), (700,), (700, 10), (10,)], 'train_accuracy': 0.8670833333333333, 'test_accuracy': 0.8631}} 
09-15 13:02 DEBUG    ****** PDM_KL matching ******** 
09-15 13:02 DEBUG    Best Sigma0: 3. Best sigma: 0.9 Best gamma: 1. Best Test accuracy: 0.861. Train acc: 0.8662666666666666. 

09-15 13:02 DEBUG    PDM_KL log: {(3, 0.9, 1): {'shapes': [(784, 700), (700,), (700, 10), (10,)], 'train_accuracy': 0.8662666666666666, 'test_accuracy': 0.861}} 
09-15 13:11 DEBUG    ****** PDM_KL matching ******** 
09-15 13:11 DEBUG    Best Sigma0: 3. Best sigma: 0.9 Best gamma: 1. Best Test accuracy: 0.8631. Train acc: 0.86705. 

09-15 13:11 DEBUG    PDM_KL log: {(3, 0.9, 1): {'shapes': [(784, 700), (700,), (700, 10), (10,)], 'train_accuracy': 0.86705, 'test_accuracy': 0.8631}} 
09-15 13:21 DEBUG    ****** PDM_KL matching ******** 
09-15 13:21 DEBUG    Best Sigma0: 3. Best sigma: 0.9 Best gamma: 1. Best Test accuracy: 0.862. Train acc: 0.8661833333333333. 

09-15 13:21 DEBUG    PDM_KL log: {(3, 0.9, 1): {'shapes': [(784, 699), (699,), (699, 10), (10,)], 'train_accuracy': 0.8661833333333333, 'test_accuracy': 0.862}} 
09-15 13:33 DEBUG    ****** PDM_KL matching ******** 
09-15 13:33 DEBUG    Best Sigma0: 3. Best sigma: 0.9 Best gamma: 1. Best Test accuracy: 0.8627. Train acc: 0.8667333333333334. 

09-15 13:33 DEBUG    PDM_KL log: {(3, 0.9, 1): {'shapes': [(784, 697), (697,), (697, 10), (10,)], 'train_accuracy': 0.8667333333333334, 'test_accuracy': 0.8627}} 
09-15 13:45 DEBUG    ****** PDM_KL matching ******** 
09-15 13:45 DEBUG    Best Sigma0: 3. Best sigma: 0.9 Best gamma: 1. Best Test accuracy: 0.862. Train acc: 0.8649333333333333. 

09-15 13:45 DEBUG    PDM_KL log: {(3, 0.9, 1): {'shapes': [(784, 642), (642,), (642, 10), (10,)], 'train_accuracy': 0.8649333333333333, 'test_accuracy': 0.862}} 
09-15 13:54 DEBUG    ****** PDM_KL matching ******** 
09-15 13:54 DEBUG    Best Sigma0: 3. Best sigma: 0.9 Best gamma: 1. Best Test accuracy: 0.8548. Train acc: 0.85855. 

09-15 13:54 DEBUG    PDM_KL log: {(3, 0.9, 1): {'shapes': [(784, 381), (381,), (381, 10), (10,)], 'train_accuracy': 0.85855, 'test_accuracy': 0.8548}} 
09-15 13:55 DEBUG    ****** PDM_KL matching ******** 
09-15 13:55 DEBUG    Best Sigma0: 3. Best sigma: 0.9 Best gamma: 1. Best Test accuracy: 0.0974. Train acc: 0.09751666666666667. 

09-15 13:55 DEBUG    PDM_KL log: {(3, 0.9, 1): {'shapes': [(784, 100), (100,), (100, 10), (10,)], 'train_accuracy': 0.09751666666666667, 'test_accuracy': 0.0974}} 
09-15 13:58 DEBUG    ****** PDM_KL matching ******** 
09-15 13:58 DEBUG    Best Sigma0: 3. Best sigma: 0.9 Best gamma: 1. Best Test accuracy: 0.0974. Train acc: 0.09751666666666667. 

09-15 13:58 DEBUG    PDM_KL log: {(3, 0.9, 1): {'shapes': [(784, 100), (100,), (100, 10), (10,)], 'train_accuracy': 0.09751666666666667, 'test_accuracy': 0.0974}} 
09-15 14:00 DEBUG    ****** PDM_KL matching ******** 
09-15 14:00 DEBUG    Best Sigma0: 3. Best sigma: 0.9 Best gamma: 1. Best Test accuracy: 0.0974. Train acc: 0.09751666666666667. 

09-15 14:00 DEBUG    PDM_KL log: {(3, 0.9, 1): {'shapes': [(784, 100), (100,), (100, 10), (10,)], 'train_accuracy': 0.09751666666666667, 'test_accuracy': 0.0974}} 
09-15 14:00 DEBUG    Trial 1 completed
09-15 14:00 DEBUG    ####################################################################################################
09-15 14:00 DEBUG    ####################################################################################################
09-15 14:00 DEBUG    Executing Trial 2 with seed 2
09-15 14:00 DEBUG    Data statistics: {0: {0: 1593, 1: 475, 2: 877, 3: 767, 4: 2, 5: 8, 6: 895, 7: 50, 8: 962, 9: 212}, 1: {0: 260, 1: 1498, 2: 2, 3: 84, 4: 346, 5: 957, 6: 1195, 7: 381, 8: 642, 9: 2884}, 2: {0: 1433, 1: 390, 2: 392, 3: 285, 4: 2456, 5: 192, 6: 418, 7: 586}, 3: {0: 68, 1: 2184, 2: 1, 3: 162, 4: 195, 5: 473, 6: 704, 7: 293, 8: 1474, 9: 12}, 4: {0: 997, 2: 102, 3: 259, 4: 100, 5: 1559, 6: 164, 7: 88, 8: 1216, 9: 6}, 5: {0: 371, 1: 826, 2: 1594, 3: 2116, 4: 906, 5: 127, 6: 1421}, 6: {0: 203, 1: 1300, 2: 255, 3: 53, 4: 67, 5: 54, 6: 308, 7: 900, 8: 432, 9: 455}, 7: {0: 2, 1: 19, 2: 86, 3: 846, 4: 1087, 5: 1307, 6: 694, 7: 185, 9: 519}, 8: {0: 992, 1: 15, 2: 1552, 3: 1413, 4: 514, 5: 329, 6: 99, 7: 142, 8: 660, 9: 569}, 9: {0: 4, 1: 35, 2: 1097, 3: 146, 4: 169, 5: 415, 6: 20, 7: 3640, 8: 465, 9: 1292}}
09-15 14:02 DEBUG    **************************************************
09-15 14:02 DEBUG    Running experiments 

09-15 14:03 DEBUG    Uniform ensemble (Train acc): 0.963850
09-15 14:03 DEBUG    Uniform ensemble (Test acc): 0.962000
09-15 14:04 DEBUG    FedAvg (Train acc): 0.146917
09-15 14:04 DEBUG    FedAvg (Test acc): 0.150300
09-15 14:11 DEBUG    ****** PDM_KL matching ******** 
09-15 14:11 DEBUG    Best Sigma0: 3. Best sigma: 0.9 Best gamma: 1. Best Test accuracy: 0.9554. Train acc: 0.9556. 

09-15 14:11 DEBUG    PDM_KL log: {(3, 0.9, 1): {'shapes': [(784, 700), (700,), (700, 10), (10,)], 'train_accuracy': 0.9556, 'test_accuracy': 0.9554}} 
09-15 14:22 DEBUG    ****** PDM_KL matching ******** 
09-15 14:22 DEBUG    Best Sigma0: 3. Best sigma: 0.9 Best gamma: 1. Best Test accuracy: 0.9554. Train acc: 0.95555. 

09-15 14:22 DEBUG    PDM_KL log: {(3, 0.9, 1): {'shapes': [(784, 700), (700,), (700, 10), (10,)], 'train_accuracy': 0.95555, 'test_accuracy': 0.9554}} 
09-15 14:32 DEBUG    ****** PDM_KL matching ******** 
09-15 14:32 DEBUG    Best Sigma0: 3. Best sigma: 0.9 Best gamma: 1. Best Test accuracy: 0.9553. Train acc: 0.95565. 

09-15 14:32 DEBUG    PDM_KL log: {(3, 0.9, 1): {'shapes': [(784, 700), (700,), (700, 10), (10,)], 'train_accuracy': 0.95565, 'test_accuracy': 0.9553}} 
09-15 14:41 DEBUG    ****** PDM_KL matching ******** 
09-15 14:41 DEBUG    Best Sigma0: 3. Best sigma: 0.9 Best gamma: 1. Best Test accuracy: 0.9554. Train acc: 0.9557333333333333. 

09-15 14:41 DEBUG    PDM_KL log: {(3, 0.9, 1): {'shapes': [(784, 700), (700,), (700, 10), (10,)], 'train_accuracy': 0.9557333333333333, 'test_accuracy': 0.9554}} 
09-15 14:49 DEBUG    ****** PDM_KL matching ******** 
09-15 14:49 DEBUG    Best Sigma0: 3. Best sigma: 0.9 Best gamma: 1. Best Test accuracy: 0.955. Train acc: 0.9557. 

09-15 14:49 DEBUG    PDM_KL log: {(3, 0.9, 1): {'shapes': [(784, 700), (700,), (700, 10), (10,)], 'train_accuracy': 0.9557, 'test_accuracy': 0.955}} 
09-15 14:58 DEBUG    ****** PDM_KL matching ******** 
09-15 14:58 DEBUG    Best Sigma0: 3. Best sigma: 0.9 Best gamma: 1. Best Test accuracy: 0.9549. Train acc: 0.9556333333333333. 

09-15 14:58 DEBUG    PDM_KL log: {(3, 0.9, 1): {'shapes': [(784, 700), (700,), (700, 10), (10,)], 'train_accuracy': 0.9556333333333333, 'test_accuracy': 0.9549}} 
09-15 15:07 DEBUG    ****** PDM_KL matching ******** 
09-15 15:07 DEBUG    Best Sigma0: 3. Best sigma: 0.9 Best gamma: 1. Best Test accuracy: 0.9551. Train acc: 0.9554333333333334. 

09-15 15:07 DEBUG    PDM_KL log: {(3, 0.9, 1): {'shapes': [(784, 686), (686,), (686, 10), (10,)], 'train_accuracy': 0.9554333333333334, 'test_accuracy': 0.9551}} 
09-15 15:15 DEBUG    ****** PDM_KL matching ******** 
09-15 15:15 DEBUG    Best Sigma0: 3. Best sigma: 0.9 Best gamma: 1. Best Test accuracy: 0.9552. Train acc: 0.9551. 

09-15 15:15 DEBUG    PDM_KL log: {(3, 0.9, 1): {'shapes': [(784, 499), (499,), (499, 10), (10,)], 'train_accuracy': 0.9551, 'test_accuracy': 0.9552}} 
09-15 15:17 DEBUG    ****** PDM_KL matching ******** 
09-15 15:17 DEBUG    Best Sigma0: 3. Best sigma: 0.9 Best gamma: 1. Best Test accuracy: 0.0974. Train acc: 0.09751666666666667. 

09-15 15:17 DEBUG    PDM_KL log: {(3, 0.9, 1): {'shapes': [(784, 100), (100,), (100, 10), (10,)], 'train_accuracy': 0.09751666666666667, 'test_accuracy': 0.0974}} 
09-15 15:19 DEBUG    ****** PDM_KL matching ******** 
09-15 15:19 DEBUG    Best Sigma0: 3. Best sigma: 0.9 Best gamma: 1. Best Test accuracy: 0.0974. Train acc: 0.09751666666666667. 

09-15 15:19 DEBUG    PDM_KL log: {(3, 0.9, 1): {'shapes': [(784, 100), (100,), (100, 10), (10,)], 'train_accuracy': 0.09751666666666667, 'test_accuracy': 0.0974}} 
09-15 15:20 DEBUG    ****** PDM_KL matching ******** 
09-15 15:20 DEBUG    Best Sigma0: 3. Best sigma: 0.9 Best gamma: 1. Best Test accuracy: 0.0974. Train acc: 0.09751666666666667. 

09-15 15:20 DEBUG    PDM_KL log: {(3, 0.9, 1): {'shapes': [(784, 100), (100,), (100, 10), (10,)], 'train_accuracy': 0.09751666666666667, 'test_accuracy': 0.0974}} 
09-15 15:20 DEBUG    Trial 2 completed
09-15 15:20 DEBUG    ####################################################################################################
09-15 15:20 DEBUG    ####################################################################################################
09-15 15:20 DEBUG    Executing Trial 3 with seed 3
09-15 15:20 DEBUG    Data statistics: {0: {0: 416, 1: 250, 2: 208, 3: 168, 4: 7, 5: 2127, 6: 1354, 7: 1453, 8: 272}, 1: {0: 44, 1: 656, 2: 58, 3: 207, 4: 338, 5: 859, 6: 919, 7: 1, 8: 211, 9: 4223}, 2: {0: 4, 1: 136, 2: 877, 3: 632, 4: 143, 5: 124, 6: 212, 7: 11, 9: 17}, 3: {0: 51, 1: 5, 2: 1548, 3: 15, 4: 1673, 5: 159, 6: 226, 7: 867, 8: 99, 9: 893}, 4: {0: 238, 1: 152, 2: 122, 3: 1396, 4: 18, 5: 460, 6: 246, 7: 262, 8: 1433, 9: 815}, 5: {0: 3481, 1: 2521}, 6: {0: 1409, 1: 1469, 2: 476, 3: 30, 4: 74, 5: 233, 6: 756, 7: 25, 8: 2145}, 7: {0: 22, 1: 1, 2: 57, 3: 1707, 4: 2570, 5: 136, 6: 1234, 7: 2438}, 8: {0: 89, 1: 381, 2: 2176, 3: 1701, 4: 184, 5: 174, 6: 906, 7: 223, 8: 551}, 9: {0: 169, 1: 1171, 2: 436, 3: 275, 4: 835, 5: 1149, 6: 65, 7: 985, 8: 1140, 9: 1}}
09-15 15:22 DEBUG    **************************************************
09-15 15:22 DEBUG    Running experiments 

09-15 15:23 DEBUG    Uniform ensemble (Train acc): 0.934583
09-15 15:23 DEBUG    Uniform ensemble (Test acc): 0.932400
09-15 15:24 DEBUG    FedAvg (Train acc): 0.144050
09-15 15:24 DEBUG    FedAvg (Test acc): 0.139500
09-15 15:31 DEBUG    ****** PDM_KL matching ******** 
09-15 15:31 DEBUG    Best Sigma0: 3. Best sigma: 0.9 Best gamma: 1. Best Test accuracy: 0.8778. Train acc: 0.8793333333333333. 

09-15 15:31 DEBUG    PDM_KL log: {(3, 0.9, 1): {'shapes': [(784, 686), (686,), (686, 10), (10,)], 'train_accuracy': 0.8793333333333333, 'test_accuracy': 0.8778}} 
09-15 15:44 DEBUG    ****** PDM_KL matching ******** 
09-15 15:44 DEBUG    Best Sigma0: 3. Best sigma: 0.9 Best gamma: 1. Best Test accuracy: 0.8786. Train acc: 0.8797833333333334. 

09-15 15:44 DEBUG    PDM_KL log: {(3, 0.9, 1): {'shapes': [(784, 680), (680,), (680, 10), (10,)], 'train_accuracy': 0.8797833333333334, 'test_accuracy': 0.8786}} 
09-15 15:54 DEBUG    ****** PDM_KL matching ******** 
09-15 15:54 DEBUG    Best Sigma0: 3. Best sigma: 0.9 Best gamma: 1. Best Test accuracy: 0.8781. Train acc: 0.8795. 

09-15 15:54 DEBUG    PDM_KL log: {(3, 0.9, 1): {'shapes': [(784, 681), (681,), (681, 10), (10,)], 'train_accuracy': 0.8795, 'test_accuracy': 0.8781}} 
09-15 16:04 DEBUG    ****** PDM_KL matching ******** 
09-15 16:04 DEBUG    Best Sigma0: 3. Best sigma: 0.9 Best gamma: 1. Best Test accuracy: 0.8778. Train acc: 0.8793833333333333. 

09-15 16:04 DEBUG    PDM_KL log: {(3, 0.9, 1): {'shapes': [(784, 685), (685,), (685, 10), (10,)], 'train_accuracy': 0.8793833333333333, 'test_accuracy': 0.8778}} 
09-15 16:15 DEBUG    ****** PDM_KL matching ******** 
09-15 16:15 DEBUG    Best Sigma0: 3. Best sigma: 0.9 Best gamma: 1. Best Test accuracy: 0.8796. Train acc: 0.8799166666666667. 

09-15 16:15 DEBUG    PDM_KL log: {(3, 0.9, 1): {'shapes': [(784, 683), (683,), (683, 10), (10,)], 'train_accuracy': 0.8799166666666667, 'test_accuracy': 0.8796}} 
09-15 16:26 DEBUG    ****** PDM_KL matching ******** 
09-15 16:26 DEBUG    Best Sigma0: 3. Best sigma: 0.9 Best gamma: 1. Best Test accuracy: 0.878. Train acc: 0.8788833333333333. 

09-15 16:26 DEBUG    PDM_KL log: {(3, 0.9, 1): {'shapes': [(784, 674), (674,), (674, 10), (10,)], 'train_accuracy': 0.8788833333333333, 'test_accuracy': 0.878}} 
09-15 16:36 DEBUG    ****** PDM_KL matching ******** 
09-15 16:36 DEBUG    Best Sigma0: 3. Best sigma: 0.9 Best gamma: 1. Best Test accuracy: 0.8798. Train acc: 0.88055. 

09-15 16:36 DEBUG    PDM_KL log: {(3, 0.9, 1): {'shapes': [(784, 628), (628,), (628, 10), (10,)], 'train_accuracy': 0.88055, 'test_accuracy': 0.8798}} 
09-15 16:41 DEBUG    ****** PDM_KL matching ******** 
09-15 16:41 DEBUG    Best Sigma0: 3. Best sigma: 0.9 Best gamma: 1. Best Test accuracy: 0.8905. Train acc: 0.8863333333333333. 

09-15 16:41 DEBUG    PDM_KL log: {(3, 0.9, 1): {'shapes': [(784, 394), (394,), (394, 10), (10,)], 'train_accuracy': 0.8863333333333333, 'test_accuracy': 0.8905}} 
09-15 16:43 DEBUG    ****** PDM_KL matching ******** 
09-15 16:43 DEBUG    Best Sigma0: 3. Best sigma: 0.9 Best gamma: 1. Best Test accuracy: 0.0974. Train acc: 0.09751666666666667. 

09-15 16:43 DEBUG    PDM_KL log: {(3, 0.9, 1): {'shapes': [(784, 100), (100,), (100, 10), (10,)], 'train_accuracy': 0.09751666666666667, 'test_accuracy': 0.0974}} 
09-15 16:45 DEBUG    ****** PDM_KL matching ******** 
09-15 16:45 DEBUG    Best Sigma0: 3. Best sigma: 0.9 Best gamma: 1. Best Test accuracy: 0.0974. Train acc: 0.09751666666666667. 

09-15 16:45 DEBUG    PDM_KL log: {(3, 0.9, 1): {'shapes': [(784, 100), (100,), (100, 10), (10,)], 'train_accuracy': 0.09751666666666667, 'test_accuracy': 0.0974}} 
09-15 16:48 DEBUG    ****** PDM_KL matching ******** 
09-15 16:48 DEBUG    Best Sigma0: 3. Best sigma: 0.9 Best gamma: 1. Best Test accuracy: 0.0974. Train acc: 0.09751666666666667. 

09-15 16:48 DEBUG    PDM_KL log: {(3, 0.9, 1): {'shapes': [(784, 100), (100,), (100, 10), (10,)], 'train_accuracy': 0.09751666666666667, 'test_accuracy': 0.0974}} 
09-15 16:48 DEBUG    Trial 3 completed
09-15 16:48 DEBUG    ####################################################################################################
09-15 16:48 DEBUG    ####################################################################################################
09-15 16:48 DEBUG    Executing Trial 4 with seed 4
09-15 16:48 DEBUG    Data statistics: {0: {0: 321, 1: 1287, 2: 157, 3: 21, 4: 607, 5: 1592, 6: 2154}, 1: {0: 689, 1: 357, 2: 399, 3: 51, 4: 2117, 5: 62, 6: 291, 7: 1583, 8: 204, 9: 143}, 2: {0: 455, 1: 255, 2: 873, 3: 149, 4: 226, 5: 168, 7: 212, 8: 34, 9: 1895}, 3: {0: 629, 1: 1403, 2: 274, 3: 870, 4: 911, 5: 436, 6: 1, 7: 829, 8: 48, 9: 10}, 4: {0: 2, 1: 2167, 2: 2124, 3: 72, 4: 6, 5: 431, 6: 83, 7: 97, 8: 407, 9: 295}, 5: {0: 234, 1: 4, 2: 589, 3: 2311, 4: 245, 5: 329, 6: 445, 7: 448, 8: 24, 9: 2405}, 6: {0: 118, 1: 210, 2: 490, 3: 10, 4: 1, 5: 1653, 6: 1894, 7: 3, 8: 1496, 9: 178}, 7: {0: 693, 1: 224, 2: 255, 3: 789, 4: 1093, 5: 63, 6: 837, 7: 916, 8: 3239}, 8: {0: 2544, 1: 789, 2: 131, 3: 422, 4: 176, 5: 2, 6: 135, 7: 1957}, 9: {0: 238, 1: 46, 2: 666, 3: 1436, 4: 460, 5: 685, 6: 78, 7: 220, 8: 399, 9: 1023}}
09-15 16:49 DEBUG    **************************************************
09-15 16:49 DEBUG    Running experiments 

09-15 16:49 DEBUG    Uniform ensemble (Train acc): 0.961750
09-15 16:49 DEBUG    Uniform ensemble (Test acc): 0.959300
09-15 16:50 DEBUG    FedAvg (Train acc): 0.212583
09-15 16:50 DEBUG    FedAvg (Test acc): 0.211100
09-15 16:55 DEBUG    ****** PDM_KL matching ******** 
09-15 16:55 DEBUG    Best Sigma0: 3. Best sigma: 0.9 Best gamma: 1. Best Test accuracy: 0.9281. Train acc: 0.9302833333333334. 

09-15 16:55 DEBUG    PDM_KL log: {(3, 0.9, 1): {'shapes': [(784, 700), (700,), (700, 10), (10,)], 'train_accuracy': 0.9302833333333334, 'test_accuracy': 0.9281}} 
09-15 17:04 DEBUG    ****** PDM_KL matching ******** 
09-15 17:04 DEBUG    Best Sigma0: 3. Best sigma: 0.9 Best gamma: 1. Best Test accuracy: 0.9281. Train acc: 0.9302333333333334. 

09-15 17:04 DEBUG    PDM_KL log: {(3, 0.9, 1): {'shapes': [(784, 700), (700,), (700, 10), (10,)], 'train_accuracy': 0.9302333333333334, 'test_accuracy': 0.9281}} 
09-15 17:14 DEBUG    ****** PDM_KL matching ******** 
09-15 17:14 DEBUG    Best Sigma0: 3. Best sigma: 0.9 Best gamma: 1. Best Test accuracy: 0.9286. Train acc: 0.9304333333333333. 

09-15 17:14 DEBUG    PDM_KL log: {(3, 0.9, 1): {'shapes': [(784, 700), (700,), (700, 10), (10,)], 'train_accuracy': 0.9304333333333333, 'test_accuracy': 0.9286}} 
09-15 17:23 DEBUG    ****** PDM_KL matching ******** 
09-15 17:23 DEBUG    Best Sigma0: 3. Best sigma: 0.9 Best gamma: 1. Best Test accuracy: 0.9304. Train acc: 0.9319. 

09-15 17:23 DEBUG    PDM_KL log: {(3, 0.9, 1): {'shapes': [(784, 700), (700,), (700, 10), (10,)], 'train_accuracy': 0.9319, 'test_accuracy': 0.9304}} 
09-15 17:33 DEBUG    ****** PDM_KL matching ******** 
09-15 17:33 DEBUG    Best Sigma0: 3. Best sigma: 0.9 Best gamma: 1. Best Test accuracy: 0.9305. Train acc: 0.93205. 

09-15 17:33 DEBUG    PDM_KL log: {(3, 0.9, 1): {'shapes': [(784, 700), (700,), (700, 10), (10,)], 'train_accuracy': 0.93205, 'test_accuracy': 0.9305}} 
09-15 17:44 DEBUG    ****** PDM_KL matching ******** 
09-15 17:44 DEBUG    Best Sigma0: 3. Best sigma: 0.9 Best gamma: 1. Best Test accuracy: 0.9309. Train acc: 0.9323333333333333. 

09-15 17:44 DEBUG    PDM_KL log: {(3, 0.9, 1): {'shapes': [(784, 700), (700,), (700, 10), (10,)], 'train_accuracy': 0.9323333333333333, 'test_accuracy': 0.9309}} 
09-15 17:55 DEBUG    ****** PDM_KL matching ******** 
09-15 17:55 DEBUG    Best Sigma0: 3. Best sigma: 0.9 Best gamma: 1. Best Test accuracy: 0.9336. Train acc: 0.9347. 

09-15 17:55 DEBUG    PDM_KL log: {(3, 0.9, 1): {'shapes': [(784, 679), (679,), (679, 10), (10,)], 'train_accuracy': 0.9347, 'test_accuracy': 0.9336}} 
09-15 18:02 DEBUG    ****** PDM_KL matching ******** 
09-15 18:02 DEBUG    Best Sigma0: 3. Best sigma: 0.9 Best gamma: 1. Best Test accuracy: 0.9213. Train acc: 0.9224666666666667. 

09-15 18:02 DEBUG    PDM_KL log: {(3, 0.9, 1): {'shapes': [(784, 453), (453,), (453, 10), (10,)], 'train_accuracy': 0.9224666666666667, 'test_accuracy': 0.9213}} 
09-15 18:04 DEBUG    ****** PDM_KL matching ******** 
09-15 18:04 DEBUG    Best Sigma0: 3. Best sigma: 0.9 Best gamma: 1. Best Test accuracy: 0.0974. Train acc: 0.09751666666666667. 

09-15 18:04 DEBUG    PDM_KL log: {(3, 0.9, 1): {'shapes': [(784, 100), (100,), (100, 10), (10,)], 'train_accuracy': 0.09751666666666667, 'test_accuracy': 0.0974}} 
09-15 18:05 DEBUG    ****** PDM_KL matching ******** 
09-15 18:05 DEBUG    Best Sigma0: 3. Best sigma: 0.9 Best gamma: 1. Best Test accuracy: 0.0974. Train acc: 0.09751666666666667. 

09-15 18:05 DEBUG    PDM_KL log: {(3, 0.9, 1): {'shapes': [(784, 100), (100,), (100, 10), (10,)], 'train_accuracy': 0.09751666666666667, 'test_accuracy': 0.0974}} 
09-15 18:08 DEBUG    ****** PDM_KL matching ******** 
09-15 18:08 DEBUG    Best Sigma0: 3. Best sigma: 0.9 Best gamma: 1. Best Test accuracy: 0.0974. Train acc: 0.09751666666666667. 

09-15 18:08 DEBUG    PDM_KL log: {(3, 0.9, 1): {'shapes': [(784, 100), (100,), (100, 10), (10,)], 'train_accuracy': 0.09751666666666667, 'test_accuracy': 0.0974}} 
09-15 18:08 DEBUG    Trial 4 completed
09-15 18:08 DEBUG    ####################################################################################################
09-15 18:08 DEBUG    ####################################################################################################
09-15 18:08 DEBUG    Executing Trial 5 with seed 5
09-15 18:08 DEBUG    Data statistics: {0: {0: 1274, 1: 582, 3: 276, 4: 2899, 5: 487, 6: 472, 7: 30}, 1: {0: 2625, 1: 243, 2: 511, 3: 1290, 4: 253, 5: 1031, 6: 601}, 2: {0: 927, 1: 1352, 2: 97, 3: 196, 4: 833, 5: 111, 6: 25, 7: 1460, 8: 231, 9: 134}, 3: {0: 12, 1: 382, 2: 692, 3: 41, 4: 55, 5: 73, 6: 59, 7: 274, 8: 782, 9: 653}, 4: {0: 16, 1: 32, 2: 4, 3: 31, 4: 410, 5: 1631, 6: 13, 7: 148, 8: 3007, 9: 2564}, 5: {0: 63, 1: 315, 2: 43, 3: 3062, 4: 9, 5: 287, 6: 1396, 7: 1188}, 6: {1: 2919, 2: 102, 3: 33, 4: 980, 5: 573, 6: 1114, 7: 47, 8: 1144}, 7: {0: 332, 1: 36, 2: 3305, 3: 223, 4: 56, 5: 446, 6: 328, 7: 2857}, 8: {0: 564, 1: 28, 2: 1048, 3: 932, 4: 277, 5: 696, 6: 142, 7: 144, 8: 395, 9: 481}, 9: {0: 110, 1: 853, 2: 156, 3: 47, 4: 70, 5: 86, 6: 1768, 7: 117, 8: 292, 9: 2117}}
09-15 18:09 DEBUG    **************************************************
09-15 18:09 DEBUG    Running experiments 

09-15 18:09 DEBUG    Uniform ensemble (Train acc): 0.957417
09-15 18:09 DEBUG    Uniform ensemble (Test acc): 0.953400
09-15 18:10 DEBUG    FedAvg (Train acc): 0.164767
09-15 18:10 DEBUG    FedAvg (Test acc): 0.158600
09-15 18:16 DEBUG    ****** PDM_KL matching ******** 
09-15 18:16 DEBUG    Best Sigma0: 3. Best sigma: 0.9 Best gamma: 1. Best Test accuracy: 0.8979. Train acc: 0.8989166666666667. 

09-15 18:16 DEBUG    PDM_KL log: {(3, 0.9, 1): {'shapes': [(784, 694), (694,), (694, 10), (10,)], 'train_accuracy': 0.8989166666666667, 'test_accuracy': 0.8979}} 
09-15 18:26 DEBUG    ****** PDM_KL matching ******** 
09-15 18:26 DEBUG    Best Sigma0: 3. Best sigma: 0.9 Best gamma: 1. Best Test accuracy: 0.8979. Train acc: 0.8988333333333334. 

09-15 18:26 DEBUG    PDM_KL log: {(3, 0.9, 1): {'shapes': [(784, 696), (696,), (696, 10), (10,)], 'train_accuracy': 0.8988333333333334, 'test_accuracy': 0.8979}} 
09-15 18:36 DEBUG    ****** PDM_KL matching ******** 
09-15 18:36 DEBUG    Best Sigma0: 3. Best sigma: 0.9 Best gamma: 1. Best Test accuracy: 0.8979. Train acc: 0.89885. 

09-15 18:36 DEBUG    PDM_KL log: {(3, 0.9, 1): {'shapes': [(784, 695), (695,), (695, 10), (10,)], 'train_accuracy': 0.89885, 'test_accuracy': 0.8979}} 
09-15 18:46 DEBUG    ****** PDM_KL matching ******** 
09-15 18:46 DEBUG    Best Sigma0: 3. Best sigma: 0.9 Best gamma: 1. Best Test accuracy: 0.898. Train acc: 0.8988166666666667. 

09-15 18:46 DEBUG    PDM_KL log: {(3, 0.9, 1): {'shapes': [(784, 692), (692,), (692, 10), (10,)], 'train_accuracy': 0.8988166666666667, 'test_accuracy': 0.898}} 
09-15 18:56 DEBUG    ****** PDM_KL matching ******** 
09-15 18:56 DEBUG    Best Sigma0: 3. Best sigma: 0.9 Best gamma: 1. Best Test accuracy: 0.898. Train acc: 0.8990833333333333. 

09-15 18:56 DEBUG    PDM_KL log: {(3, 0.9, 1): {'shapes': [(784, 690), (690,), (690, 10), (10,)], 'train_accuracy': 0.8990833333333333, 'test_accuracy': 0.898}} 
09-15 19:04 DEBUG    ****** PDM_KL matching ******** 
09-15 19:04 DEBUG    Best Sigma0: 3. Best sigma: 0.9 Best gamma: 1. Best Test accuracy: 0.8979. Train acc: 0.8985166666666666. 

09-15 19:04 DEBUG    PDM_KL log: {(3, 0.9, 1): {'shapes': [(784, 686), (686,), (686, 10), (10,)], 'train_accuracy': 0.8985166666666666, 'test_accuracy': 0.8979}} 
09-15 19:12 DEBUG    ****** PDM_KL matching ******** 
09-15 19:12 DEBUG    Best Sigma0: 3. Best sigma: 0.9 Best gamma: 1. Best Test accuracy: 0.896. Train acc: 0.8961166666666667. 

09-15 19:12 DEBUG    PDM_KL log: {(3, 0.9, 1): {'shapes': [(784, 645), (645,), (645, 10), (10,)], 'train_accuracy': 0.8961166666666667, 'test_accuracy': 0.896}} 
09-15 19:20 DEBUG    ****** PDM_KL matching ******** 
09-15 19:20 DEBUG    Best Sigma0: 3. Best sigma: 0.9 Best gamma: 1. Best Test accuracy: 0.8979. Train acc: 0.89805. 

09-15 19:20 DEBUG    PDM_KL log: {(3, 0.9, 1): {'shapes': [(784, 444), (444,), (444, 10), (10,)], 'train_accuracy': 0.89805, 'test_accuracy': 0.8979}} 
09-15 19:22 DEBUG    ****** PDM_KL matching ******** 
09-15 19:22 DEBUG    Best Sigma0: 3. Best sigma: 0.9 Best gamma: 1. Best Test accuracy: 0.0974. Train acc: 0.09751666666666667. 

09-15 19:22 DEBUG    PDM_KL log: {(3, 0.9, 1): {'shapes': [(784, 100), (100,), (100, 10), (10,)], 'train_accuracy': 0.09751666666666667, 'test_accuracy': 0.0974}} 
09-15 19:24 DEBUG    ****** PDM_KL matching ******** 
09-15 19:24 DEBUG    Best Sigma0: 3. Best sigma: 0.9 Best gamma: 1. Best Test accuracy: 0.0974. Train acc: 0.09751666666666667. 

09-15 19:24 DEBUG    PDM_KL log: {(3, 0.9, 1): {'shapes': [(784, 100), (100,), (100, 10), (10,)], 'train_accuracy': 0.09751666666666667, 'test_accuracy': 0.0974}} 
09-15 19:26 DEBUG    ****** PDM_KL matching ******** 
09-15 19:26 DEBUG    Best Sigma0: 3. Best sigma: 0.9 Best gamma: 1. Best Test accuracy: 0.0974. Train acc: 0.09751666666666667. 

09-15 19:26 DEBUG    PDM_KL log: {(3, 0.9, 1): {'shapes': [(784, 100), (100,), (100, 10), (10,)], 'train_accuracy': 0.09751666666666667, 'test_accuracy': 0.0974}} 
09-15 19:26 DEBUG    Trial 5 completed
09-15 19:26 DEBUG    ####################################################################################################
09-15 19:26 DEBUG    ####################################################################################################
09-15 19:26 DEBUG    Executing Trial 6 with seed 6
09-15 19:26 DEBUG    Data statistics: {0: {0: 1969, 1: 73, 2: 724, 3: 808, 4: 281, 5: 2, 6: 905, 7: 172, 8: 491, 9: 1202}, 1: {0: 2298, 1: 612, 2: 588, 3: 1362, 4: 39, 5: 100, 6: 367, 7: 1669}, 2: {0: 198, 1: 72, 2: 874, 3: 365, 4: 552, 5: 45, 6: 805, 7: 495, 8: 27, 9: 168}, 3: {0: 22, 1: 20, 2: 513, 3: 1968, 4: 932, 5: 99, 6: 6, 7: 2975}, 4: {0: 126, 1: 1063, 2: 1297, 3: 26, 4: 1, 5: 758, 6: 3057}, 5: {0: 1, 1: 3254, 2: 807, 3: 77, 4: 49, 5: 520, 6: 70, 7: 53, 8: 596, 9: 379}, 6: {0: 1020, 1: 102, 2: 155, 3: 556, 4: 32, 5: 195, 6: 336, 7: 452, 8: 1109, 9: 4199}, 7: {0: 55, 1: 127, 2: 74, 3: 365, 4: 41, 5: 86, 6: 214, 7: 114, 8: 1004, 9: 1}, 8: {0: 226, 1: 18, 2: 156, 3: 603, 4: 2813, 5: 495, 6: 158, 7: 335, 8: 2624}, 9: {0: 8, 1: 1401, 2: 770, 3: 1, 4: 1102, 5: 3121}}
09-15 19:27 DEBUG    **************************************************
09-15 19:27 DEBUG    Running experiments 

09-15 19:28 DEBUG    Uniform ensemble (Train acc): 0.928750
09-15 19:28 DEBUG    Uniform ensemble (Test acc): 0.927500
09-15 19:28 DEBUG    FedAvg (Train acc): 0.186550
09-15 19:28 DEBUG    FedAvg (Test acc): 0.184700
09-15 19:36 DEBUG    ****** PDM_KL matching ******** 
09-15 19:36 DEBUG    Best Sigma0: 3. Best sigma: 0.9 Best gamma: 1. Best Test accuracy: 0.8502. Train acc: 0.8534333333333334. 

09-15 19:36 DEBUG    PDM_KL log: {(3, 0.9, 1): {'shapes': [(784, 678), (678,), (678, 10), (10,)], 'train_accuracy': 0.8534333333333334, 'test_accuracy': 0.8502}} 
09-15 19:46 DEBUG    ****** PDM_KL matching ******** 
09-15 19:46 DEBUG    Best Sigma0: 3. Best sigma: 0.9 Best gamma: 1. Best Test accuracy: 0.8502. Train acc: 0.8534333333333334. 

09-15 19:46 DEBUG    PDM_KL log: {(3, 0.9, 1): {'shapes': [(784, 678), (678,), (678, 10), (10,)], 'train_accuracy': 0.8534333333333334, 'test_accuracy': 0.8502}} 
09-15 19:57 DEBUG    ****** PDM_KL matching ******** 
09-15 19:57 DEBUG    Best Sigma0: 3. Best sigma: 0.9 Best gamma: 1. Best Test accuracy: 0.8503. Train acc: 0.85345. 

09-15 19:57 DEBUG    PDM_KL log: {(3, 0.9, 1): {'shapes': [(784, 677), (677,), (677, 10), (10,)], 'train_accuracy': 0.85345, 'test_accuracy': 0.8503}} 
09-15 20:08 DEBUG    ****** PDM_KL matching ******** 
09-15 20:08 DEBUG    Best Sigma0: 3. Best sigma: 0.9 Best gamma: 1. Best Test accuracy: 0.8502. Train acc: 0.8534666666666667. 

09-15 20:08 DEBUG    PDM_KL log: {(3, 0.9, 1): {'shapes': [(784, 678), (678,), (678, 10), (10,)], 'train_accuracy': 0.8534666666666667, 'test_accuracy': 0.8502}} 
09-15 20:19 DEBUG    ****** PDM_KL matching ******** 
09-15 20:19 DEBUG    Best Sigma0: 3. Best sigma: 0.9 Best gamma: 1. Best Test accuracy: 0.8503. Train acc: 0.8535. 

09-15 20:19 DEBUG    PDM_KL log: {(3, 0.9, 1): {'shapes': [(784, 675), (675,), (675, 10), (10,)], 'train_accuracy': 0.8535, 'test_accuracy': 0.8503}} 
09-15 20:30 DEBUG    ****** PDM_KL matching ******** 
09-15 20:30 DEBUG    Best Sigma0: 3. Best sigma: 0.9 Best gamma: 1. Best Test accuracy: 0.8502. Train acc: 0.8528666666666667. 

09-15 20:30 DEBUG    PDM_KL log: {(3, 0.9, 1): {'shapes': [(784, 669), (669,), (669, 10), (10,)], 'train_accuracy': 0.8528666666666667, 'test_accuracy': 0.8502}} 
09-15 20:38 DEBUG    ****** PDM_KL matching ******** 
09-15 20:38 DEBUG    Best Sigma0: 3. Best sigma: 0.9 Best gamma: 1. Best Test accuracy: 0.8518. Train acc: 0.8548333333333333. 

09-15 20:38 DEBUG    PDM_KL log: {(3, 0.9, 1): {'shapes': [(784, 617), (617,), (617, 10), (10,)], 'train_accuracy': 0.8548333333333333, 'test_accuracy': 0.8518}} 
09-15 20:45 DEBUG    ****** PDM_KL matching ******** 
09-15 20:45 DEBUG    Best Sigma0: 3. Best sigma: 0.9 Best gamma: 1. Best Test accuracy: 0.8781. Train acc: 0.8803. 

09-15 20:45 DEBUG    PDM_KL log: {(3, 0.9, 1): {'shapes': [(784, 412), (412,), (412, 10), (10,)], 'train_accuracy': 0.8803, 'test_accuracy': 0.8781}} 
09-15 20:47 DEBUG    ****** PDM_KL matching ******** 
09-15 20:47 DEBUG    Best Sigma0: 3. Best sigma: 0.9 Best gamma: 1. Best Test accuracy: 0.0974. Train acc: 0.09751666666666667. 

09-15 20:47 DEBUG    PDM_KL log: {(3, 0.9, 1): {'shapes': [(784, 100), (100,), (100, 10), (10,)], 'train_accuracy': 0.09751666666666667, 'test_accuracy': 0.0974}} 
09-15 20:48 DEBUG    ****** PDM_KL matching ******** 
09-15 20:48 DEBUG    Best Sigma0: 3. Best sigma: 0.9 Best gamma: 1. Best Test accuracy: 0.0974. Train acc: 0.09751666666666667. 

09-15 20:48 DEBUG    PDM_KL log: {(3, 0.9, 1): {'shapes': [(784, 100), (100,), (100, 10), (10,)], 'train_accuracy': 0.09751666666666667, 'test_accuracy': 0.0974}} 
09-15 20:50 DEBUG    ****** PDM_KL matching ******** 
09-15 20:50 DEBUG    Best Sigma0: 3. Best sigma: 0.9 Best gamma: 1. Best Test accuracy: 0.0974. Train acc: 0.09751666666666667. 

09-15 20:50 DEBUG    PDM_KL log: {(3, 0.9, 1): {'shapes': [(784, 100), (100,), (100, 10), (10,)], 'train_accuracy': 0.09751666666666667, 'test_accuracy': 0.0974}} 
09-15 20:50 DEBUG    Trial 6 completed
09-15 20:50 DEBUG    ####################################################################################################
09-15 20:50 DEBUG    ####################################################################################################
09-15 20:50 DEBUG    Executing Trial 7 with seed 7
09-15 20:50 DEBUG    Data statistics: {0: {0: 39, 1: 2014, 2: 25, 3: 43, 4: 1522, 5: 21, 6: 303, 7: 229, 8: 2115}, 1: {0: 127, 1: 213, 2: 2333, 3: 2359, 4: 151, 5: 803, 6: 394}, 2: {0: 3587, 2: 44, 3: 1117, 4: 286, 5: 577, 6: 30, 7: 2393}, 3: {0: 443, 1: 33, 2: 537, 3: 707, 4: 598, 5: 84, 6: 2435, 7: 187, 8: 144, 9: 775}, 4: {0: 253, 1: 17, 3: 149, 4: 1600, 5: 1235, 6: 70, 7: 1179, 8: 605, 9: 538}, 5: {0: 107, 1: 166, 2: 48, 3: 28, 4: 166, 5: 517, 6: 73, 7: 255, 8: 2148, 9: 677}, 6: {0: 629, 1: 23, 2: 1190, 3: 175, 4: 1064, 5: 810, 6: 26, 8: 526, 9: 3818}, 7: {0: 108, 1: 239, 2: 1388, 3: 133, 4: 435, 5: 1312, 6: 461, 8: 112, 9: 123}, 8: {0: 102, 1: 407, 2: 331, 3: 1094, 4: 1, 5: 60, 6: 272, 7: 2022, 8: 200, 9: 18}, 9: {0: 528, 1: 3630, 2: 62, 3: 326, 4: 19, 5: 2, 6: 1854, 8: 1}}
09-15 20:51 DEBUG    **************************************************
09-15 20:51 DEBUG    Running experiments 

09-15 20:52 DEBUG    Uniform ensemble (Train acc): 0.959933
09-15 20:52 DEBUG    Uniform ensemble (Test acc): 0.954300
09-15 20:52 DEBUG    FedAvg (Train acc): 0.180050
09-15 20:52 DEBUG    FedAvg (Test acc): 0.186400
09-15 20:58 DEBUG    ****** PDM_KL matching ******** 
09-15 20:58 DEBUG    Best Sigma0: 3. Best sigma: 0.9 Best gamma: 1. Best Test accuracy: 0.9138. Train acc: 0.9199. 

09-15 20:58 DEBUG    PDM_KL log: {(3, 0.9, 1): {'shapes': [(784, 688), (688,), (688, 10), (10,)], 'train_accuracy': 0.9199, 'test_accuracy': 0.9138}} 
09-15 21:08 DEBUG    ****** PDM_KL matching ******** 
09-15 21:08 DEBUG    Best Sigma0: 3. Best sigma: 0.9 Best gamma: 1. Best Test accuracy: 0.9138. Train acc: 0.9199. 

09-15 21:08 DEBUG    PDM_KL log: {(3, 0.9, 1): {'shapes': [(784, 688), (688,), (688, 10), (10,)], 'train_accuracy': 0.9199, 'test_accuracy': 0.9138}} 
09-15 21:18 DEBUG    ****** PDM_KL matching ******** 
09-15 21:18 DEBUG    Best Sigma0: 3. Best sigma: 0.9 Best gamma: 1. Best Test accuracy: 0.9138. Train acc: 0.9199. 

09-15 21:18 DEBUG    PDM_KL log: {(3, 0.9, 1): {'shapes': [(784, 688), (688,), (688, 10), (10,)], 'train_accuracy': 0.9199, 'test_accuracy': 0.9138}} 
09-15 21:27 DEBUG    ****** PDM_KL matching ******** 
09-15 21:27 DEBUG    Best Sigma0: 3. Best sigma: 0.9 Best gamma: 1. Best Test accuracy: 0.9138. Train acc: 0.9200166666666667. 

09-15 21:27 DEBUG    PDM_KL log: {(3, 0.9, 1): {'shapes': [(784, 689), (689,), (689, 10), (10,)], 'train_accuracy': 0.9200166666666667, 'test_accuracy': 0.9138}} 
09-15 21:36 DEBUG    ****** PDM_KL matching ******** 
09-15 21:36 DEBUG    Best Sigma0: 3. Best sigma: 0.9 Best gamma: 1. Best Test accuracy: 0.9137. Train acc: 0.9199666666666667. 

09-15 21:36 DEBUG    PDM_KL log: {(3, 0.9, 1): {'shapes': [(784, 686), (686,), (686, 10), (10,)], 'train_accuracy': 0.9199666666666667, 'test_accuracy': 0.9137}} 
09-15 21:47 DEBUG    ****** PDM_KL matching ******** 
09-15 21:47 DEBUG    Best Sigma0: 3. Best sigma: 0.9 Best gamma: 1. Best Test accuracy: 0.9137. Train acc: 0.91985. 

09-15 21:47 DEBUG    PDM_KL log: {(3, 0.9, 1): {'shapes': [(784, 684), (684,), (684, 10), (10,)], 'train_accuracy': 0.91985, 'test_accuracy': 0.9137}} 
09-15 21:58 DEBUG    ****** PDM_KL matching ******** 
09-15 21:58 DEBUG    Best Sigma0: 3. Best sigma: 0.9 Best gamma: 1. Best Test accuracy: 0.9143. Train acc: 0.9209833333333334. 

09-15 21:58 DEBUG    PDM_KL log: {(3, 0.9, 1): {'shapes': [(784, 643), (643,), (643, 10), (10,)], 'train_accuracy': 0.9209833333333334, 'test_accuracy': 0.9143}} 
09-15 22:06 DEBUG    ****** PDM_KL matching ******** 
09-15 22:06 DEBUG    Best Sigma0: 3. Best sigma: 0.9 Best gamma: 1. Best Test accuracy: 0.91. Train acc: 0.91645. 

09-15 22:06 DEBUG    PDM_KL log: {(3, 0.9, 1): {'shapes': [(784, 417), (417,), (417, 10), (10,)], 'train_accuracy': 0.91645, 'test_accuracy': 0.91}} 
09-15 22:07 DEBUG    ****** PDM_KL matching ******** 
09-15 22:07 DEBUG    Best Sigma0: 3. Best sigma: 0.9 Best gamma: 1. Best Test accuracy: 0.0974. Train acc: 0.09751666666666667. 

09-15 22:07 DEBUG    PDM_KL log: {(3, 0.9, 1): {'shapes': [(784, 100), (100,), (100, 10), (10,)], 'train_accuracy': 0.09751666666666667, 'test_accuracy': 0.0974}} 
09-15 22:08 DEBUG    ****** PDM_KL matching ******** 
09-15 22:08 DEBUG    Best Sigma0: 3. Best sigma: 0.9 Best gamma: 1. Best Test accuracy: 0.0974. Train acc: 0.09751666666666667. 

09-15 22:08 DEBUG    PDM_KL log: {(3, 0.9, 1): {'shapes': [(784, 100), (100,), (100, 10), (10,)], 'train_accuracy': 0.09751666666666667, 'test_accuracy': 0.0974}} 
09-15 22:10 DEBUG    ****** PDM_KL matching ******** 
09-15 22:10 DEBUG    Best Sigma0: 3. Best sigma: 0.9 Best gamma: 1. Best Test accuracy: 0.0974. Train acc: 0.09751666666666667. 

09-15 22:10 DEBUG    PDM_KL log: {(3, 0.9, 1): {'shapes': [(784, 100), (100,), (100, 10), (10,)], 'train_accuracy': 0.09751666666666667, 'test_accuracy': 0.0974}} 
09-15 22:10 DEBUG    Trial 7 completed
09-15 22:10 DEBUG    ####################################################################################################
09-15 22:10 DEBUG    ####################################################################################################
09-15 22:10 DEBUG    Executing Trial 8 with seed 8
09-15 22:10 DEBUG    Data statistics: {0: {0: 588, 1: 601, 2: 566, 3: 535, 4: 165, 5: 3, 6: 1215, 7: 1269, 8: 1173}, 1: {0: 461, 1: 185, 2: 96, 3: 3974, 4: 2103}, 2: {0: 361, 1: 4, 2: 3, 3: 40, 4: 50, 5: 2242, 6: 364, 7: 148, 8: 4444}, 3: {0: 445, 1: 921, 2: 1207, 3: 32, 4: 566, 5: 5, 6: 389, 7: 26, 8: 160, 9: 698}, 4: {0: 195, 1: 178, 2: 470, 3: 83, 4: 673, 5: 1991, 6: 1114, 7: 301, 8: 30, 9: 1077}, 5: {0: 562, 1: 1196, 2: 911, 3: 171, 4: 495, 5: 14, 6: 155, 7: 3853}, 6: {0: 2595, 1: 742, 2: 2407, 3: 316}, 7: {0: 81, 1: 15, 2: 169, 3: 333, 4: 1, 5: 127, 6: 293, 7: 297, 8: 26, 9: 4172}, 8: {0: 482, 1: 996, 2: 6, 3: 55, 4: 1783, 5: 935, 6: 2201}, 9: {0: 153, 1: 1904, 2: 123, 3: 592, 4: 6, 5: 104, 6: 187, 7: 371, 8: 18, 9: 2}}
09-15 22:11 DEBUG    **************************************************
09-15 22:11 DEBUG    Running experiments 

09-15 22:11 DEBUG    Uniform ensemble (Train acc): 0.867800
09-15 22:11 DEBUG    Uniform ensemble (Test acc): 0.864900
09-15 22:12 DEBUG    FedAvg (Train acc): 0.145833
09-15 22:12 DEBUG    FedAvg (Test acc): 0.152700
09-15 22:18 DEBUG    ****** PDM_KL matching ******** 
09-15 22:18 DEBUG    Best Sigma0: 3. Best sigma: 0.9 Best gamma: 1. Best Test accuracy: 0.8168. Train acc: 0.8215666666666667. 

09-15 22:18 DEBUG    PDM_KL log: {(3, 0.9, 1): {'shapes': [(784, 687), (687,), (687, 10), (10,)], 'train_accuracy': 0.8215666666666667, 'test_accuracy': 0.8168}} 
09-15 22:28 DEBUG    ****** PDM_KL matching ******** 
09-15 22:28 DEBUG    Best Sigma0: 3. Best sigma: 0.9 Best gamma: 1. Best Test accuracy: 0.8168. Train acc: 0.8215833333333333. 

09-15 22:28 DEBUG    PDM_KL log: {(3, 0.9, 1): {'shapes': [(784, 684), (684,), (684, 10), (10,)], 'train_accuracy': 0.8215833333333333, 'test_accuracy': 0.8168}} 
09-15 22:38 DEBUG    ****** PDM_KL matching ******** 
09-15 22:38 DEBUG    Best Sigma0: 3. Best sigma: 0.9 Best gamma: 1. Best Test accuracy: 0.8169. Train acc: 0.8216666666666667. 

09-15 22:38 DEBUG    PDM_KL log: {(3, 0.9, 1): {'shapes': [(784, 683), (683,), (683, 10), (10,)], 'train_accuracy': 0.8216666666666667, 'test_accuracy': 0.8169}} 
09-15 22:49 DEBUG    ****** PDM_KL matching ******** 
09-15 22:49 DEBUG    Best Sigma0: 3. Best sigma: 0.9 Best gamma: 1. Best Test accuracy: 0.8169. Train acc: 0.8213666666666667. 

09-15 22:49 DEBUG    PDM_KL log: {(3, 0.9, 1): {'shapes': [(784, 683), (683,), (683, 10), (10,)], 'train_accuracy': 0.8213666666666667, 'test_accuracy': 0.8169}} 
09-15 22:59 DEBUG    ****** PDM_KL matching ******** 
09-15 22:59 DEBUG    Best Sigma0: 3. Best sigma: 0.9 Best gamma: 1. Best Test accuracy: 0.8162. Train acc: 0.8212833333333334. 

09-15 22:59 DEBUG    PDM_KL log: {(3, 0.9, 1): {'shapes': [(784, 677), (677,), (677, 10), (10,)], 'train_accuracy': 0.8212833333333334, 'test_accuracy': 0.8162}} 
09-15 23:08 DEBUG    ****** PDM_KL matching ******** 
09-15 23:08 DEBUG    Best Sigma0: 3. Best sigma: 0.9 Best gamma: 1. Best Test accuracy: 0.8169. Train acc: 0.8216166666666667. 

09-15 23:08 DEBUG    PDM_KL log: {(3, 0.9, 1): {'shapes': [(784, 675), (675,), (675, 10), (10,)], 'train_accuracy': 0.8216166666666667, 'test_accuracy': 0.8169}} 
09-15 23:17 DEBUG    ****** PDM_KL matching ******** 
09-15 23:17 DEBUG    Best Sigma0: 3. Best sigma: 0.9 Best gamma: 1. Best Test accuracy: 0.8156. Train acc: 0.8211666666666667. 

09-15 23:17 DEBUG    PDM_KL log: {(3, 0.9, 1): {'shapes': [(784, 612), (612,), (612, 10), (10,)], 'train_accuracy': 0.8211666666666667, 'test_accuracy': 0.8156}} 
09-15 23:22 DEBUG    ****** PDM_KL matching ******** 
09-15 23:22 DEBUG    Best Sigma0: 3. Best sigma: 0.9 Best gamma: 1. Best Test accuracy: 0.7963. Train acc: 0.80735. 

09-15 23:22 DEBUG    PDM_KL log: {(3, 0.9, 1): {'shapes': [(784, 358), (358,), (358, 10), (10,)], 'train_accuracy': 0.80735, 'test_accuracy': 0.7963}} 
09-15 23:24 DEBUG    ****** PDM_KL matching ******** 
09-15 23:24 DEBUG    Best Sigma0: 3. Best sigma: 0.9 Best gamma: 1. Best Test accuracy: 0.0974. Train acc: 0.09751666666666667. 

09-15 23:24 DEBUG    PDM_KL log: {(3, 0.9, 1): {'shapes': [(784, 100), (100,), (100, 10), (10,)], 'train_accuracy': 0.09751666666666667, 'test_accuracy': 0.0974}} 
09-15 23:26 DEBUG    ****** PDM_KL matching ******** 
09-15 23:26 DEBUG    Best Sigma0: 3. Best sigma: 0.9 Best gamma: 1. Best Test accuracy: 0.0974. Train acc: 0.09751666666666667. 

09-15 23:26 DEBUG    PDM_KL log: {(3, 0.9, 1): {'shapes': [(784, 100), (100,), (100, 10), (10,)], 'train_accuracy': 0.09751666666666667, 'test_accuracy': 0.0974}} 
09-15 23:29 DEBUG    ****** PDM_KL matching ******** 
09-15 23:29 DEBUG    Best Sigma0: 3. Best sigma: 0.9 Best gamma: 1. Best Test accuracy: 0.0974. Train acc: 0.09751666666666667. 

09-15 23:29 DEBUG    PDM_KL log: {(3, 0.9, 1): {'shapes': [(784, 100), (100,), (100, 10), (10,)], 'train_accuracy': 0.09751666666666667, 'test_accuracy': 0.0974}} 
09-15 23:29 DEBUG    Trial 8 completed
09-15 23:29 DEBUG    ####################################################################################################
09-15 23:29 DEBUG    ####################################################################################################
09-15 23:29 DEBUG    Executing Trial 9 with seed 9
09-15 23:29 DEBUG    Data statistics: {0: {0: 251, 1: 342, 2: 225, 3: 12, 4: 59, 5: 1486, 7: 17, 8: 992, 9: 515}, 1: {0: 2028, 1: 470, 2: 201, 3: 1226, 4: 192, 5: 1, 6: 1978}, 2: {0: 214, 1: 2029, 2: 634, 3: 13, 4: 480, 5: 908, 6: 383, 7: 405, 8: 682, 9: 68}, 3: {0: 401, 1: 121, 2: 45, 3: 1, 4: 537, 5: 16, 6: 263, 7: 47, 8: 1461, 9: 32}, 4: {0: 544, 1: 735, 2: 2801, 3: 44, 4: 169, 5: 636, 6: 48, 7: 1110}, 5: {0: 1374, 1: 844, 2: 661, 3: 90, 4: 363, 5: 194, 7: 3969}, 6: {0: 75, 1: 2184, 2: 333, 3: 845, 4: 2294, 5: 192, 6: 600}, 7: {0: 447, 1: 11, 2: 21, 3: 39, 5: 309, 6: 775, 7: 297, 8: 19, 9: 5334}, 8: {0: 112, 1: 5, 2: 4, 3: 3816, 4: 7, 5: 851, 6: 1183, 7: 112}, 9: {0: 477, 1: 1, 2: 1033, 3: 45, 4: 1741, 5: 828, 6: 688, 7: 308, 8: 2697}}
09-15 23:30 DEBUG    **************************************************
09-15 23:30 DEBUG    Running experiments 

09-15 23:30 DEBUG    Uniform ensemble (Train acc): 0.912417
09-15 23:30 DEBUG    Uniform ensemble (Test acc): 0.910000
09-15 23:30 DEBUG    FedAvg (Train acc): 0.174650
09-15 23:30 DEBUG    FedAvg (Test acc): 0.175700
09-15 23:35 DEBUG    ****** PDM_KL matching ******** 
09-15 23:35 DEBUG    Best Sigma0: 3. Best sigma: 0.9 Best gamma: 1. Best Test accuracy: 0.8464. Train acc: 0.8469666666666666. 

09-15 23:35 DEBUG    PDM_KL log: {(3, 0.9, 1): {'shapes': [(784, 700), (700,), (700, 10), (10,)], 'train_accuracy': 0.8469666666666666, 'test_accuracy': 0.8464}} 
09-15 23:44 DEBUG    ****** PDM_KL matching ******** 
09-15 23:44 DEBUG    Best Sigma0: 3. Best sigma: 0.9 Best gamma: 1. Best Test accuracy: 0.8464. Train acc: 0.8469833333333333. 

09-15 23:44 DEBUG    PDM_KL log: {(3, 0.9, 1): {'shapes': [(784, 700), (700,), (700, 10), (10,)], 'train_accuracy': 0.8469833333333333, 'test_accuracy': 0.8464}} 
09-15 23:53 DEBUG    ****** PDM_KL matching ******** 
09-15 23:53 DEBUG    Best Sigma0: 3. Best sigma: 0.9 Best gamma: 1. Best Test accuracy: 0.8464. Train acc: 0.8469666666666666. 

09-15 23:53 DEBUG    PDM_KL log: {(3, 0.9, 1): {'shapes': [(784, 700), (700,), (700, 10), (10,)], 'train_accuracy': 0.8469666666666666, 'test_accuracy': 0.8464}} 
09-16 00:05 DEBUG    ****** PDM_KL matching ******** 
09-16 00:05 DEBUG    Best Sigma0: 3. Best sigma: 0.9 Best gamma: 1. Best Test accuracy: 0.846. Train acc: 0.8468166666666667. 

09-16 00:05 DEBUG    PDM_KL log: {(3, 0.9, 1): {'shapes': [(784, 700), (700,), (700, 10), (10,)], 'train_accuracy': 0.8468166666666667, 'test_accuracy': 0.846}} 
09-16 00:16 DEBUG    ****** PDM_KL matching ******** 
09-16 00:16 DEBUG    Best Sigma0: 3. Best sigma: 0.9 Best gamma: 1. Best Test accuracy: 0.8461. Train acc: 0.8468166666666667. 

09-16 00:16 DEBUG    PDM_KL log: {(3, 0.9, 1): {'shapes': [(784, 699), (699,), (699, 10), (10,)], 'train_accuracy': 0.8468166666666667, 'test_accuracy': 0.8461}} 
09-16 00:26 DEBUG    ****** PDM_KL matching ******** 
09-16 00:26 DEBUG    Best Sigma0: 3. Best sigma: 0.9 Best gamma: 1. Best Test accuracy: 0.8467. Train acc: 0.84725. 

09-16 00:26 DEBUG    PDM_KL log: {(3, 0.9, 1): {'shapes': [(784, 695), (695,), (695, 10), (10,)], 'train_accuracy': 0.84725, 'test_accuracy': 0.8467}} 
09-16 00:36 DEBUG    ****** PDM_KL matching ******** 
09-16 00:36 DEBUG    Best Sigma0: 3. Best sigma: 0.9 Best gamma: 1. Best Test accuracy: 0.8448. Train acc: 0.84555. 

09-16 00:36 DEBUG    PDM_KL log: {(3, 0.9, 1): {'shapes': [(784, 635), (635,), (635, 10), (10,)], 'train_accuracy': 0.84555, 'test_accuracy': 0.8448}} 
09-16 00:42 DEBUG    ****** PDM_KL matching ******** 
09-16 00:42 DEBUG    Best Sigma0: 3. Best sigma: 0.9 Best gamma: 1. Best Test accuracy: 0.8286. Train acc: 0.8302. 

09-16 00:42 DEBUG    PDM_KL log: {(3, 0.9, 1): {'shapes': [(784, 391), (391,), (391, 10), (10,)], 'train_accuracy': 0.8302, 'test_accuracy': 0.8286}} 
09-16 00:43 DEBUG    ****** PDM_KL matching ******** 
09-16 00:43 DEBUG    Best Sigma0: 3. Best sigma: 0.9 Best gamma: 1. Best Test accuracy: 0.0974. Train acc: 0.09751666666666667. 

09-16 00:43 DEBUG    PDM_KL log: {(3, 0.9, 1): {'shapes': [(784, 100), (100,), (100, 10), (10,)], 'train_accuracy': 0.09751666666666667, 'test_accuracy': 0.0974}} 
09-16 00:45 DEBUG    ****** PDM_KL matching ******** 
09-16 00:45 DEBUG    Best Sigma0: 3. Best sigma: 0.9 Best gamma: 1. Best Test accuracy: 0.0974. Train acc: 0.09751666666666667. 

09-16 00:45 DEBUG    PDM_KL log: {(3, 0.9, 1): {'shapes': [(784, 100), (100,), (100, 10), (10,)], 'train_accuracy': 0.09751666666666667, 'test_accuracy': 0.0974}} 
09-16 00:46 DEBUG    ****** PDM_KL matching ******** 
09-16 00:46 DEBUG    Best Sigma0: 3. Best sigma: 0.9 Best gamma: 1. Best Test accuracy: 0.0974. Train acc: 0.09751666666666667. 

09-16 00:46 DEBUG    PDM_KL log: {(3, 0.9, 1): {'shapes': [(784, 100), (100,), (100, 10), (10,)], 'train_accuracy': 0.09751666666666667, 'test_accuracy': 0.0974}} 
09-16 00:46 DEBUG    Trial 9 completed
09-16 00:46 DEBUG    ####################################################################################################
