10-01 16:57 DEBUG    Experiment arguments: Namespace(alpha=0.5, communication_rounds=None, datadir='data/cifar10', dataset='cifar10', device=1.0, dropout_p=0.0, epochs=10, experiment=['pdm_KL'], init_seed=0, iter_epochs=5, layers=1, loaddir='saved_weights/cifar10/homo', logdir='KL_regs_bst_hyp_unlimi/cifar10/homo', lr=0.001, lr_decay=1.0, n=3, n_layers=1, n_nets=10, net_config=[3072, 100, 100, 100, 10], num_pool_workers=1, partition='homo', pdm_gamma=10, pdm_sig=1, pdm_sig0=10, reg=1e-05, reg_fac=0.0, trials=10)
10-01 16:57 DEBUG    ####################################################################################################
10-01 16:57 DEBUG    Executing Trial 0 with seed 0
10-01 16:58 DEBUG    Data statistics: {0: {0: 503, 1: 483, 2: 487, 3: 527, 4: 473, 5: 548, 6: 491, 7: 502, 8: 482, 9: 504}, 1: {0: 501, 1: 503, 2: 529, 3: 503, 4: 494, 5: 468, 6: 462, 7: 497, 8: 507, 9: 536}, 2: {0: 510, 1: 540, 2: 498, 3: 461, 4: 516, 5: 483, 6: 502, 7: 515, 8: 492, 9: 483}, 3: {0: 487, 1: 487, 2: 493, 3: 498, 4: 523, 5: 482, 6: 500, 7: 487, 8: 495, 9: 548}, 4: {0: 505, 1: 480, 2: 488, 3: 488, 4: 480, 5: 509, 6: 537, 7: 490, 8: 490, 9: 533}, 5: {0: 504, 1: 480, 2: 511, 3: 494, 4: 530, 5: 509, 6: 521, 7: 489, 8: 490, 9: 472}, 6: {0: 512, 1: 509, 2: 512, 3: 488, 4: 488, 5: 465, 6: 490, 7: 538, 8: 506, 9: 492}, 7: {0: 472, 1: 521, 2: 463, 3: 549, 4: 502, 5: 515, 6: 518, 7: 496, 8: 479, 9: 485}, 8: {0: 505, 1: 485, 2: 487, 3: 505, 4: 497, 5: 512, 6: 508, 7: 501, 8: 531, 9: 469}, 9: {0: 501, 1: 512, 2: 532, 3: 487, 4: 497, 5: 509, 6: 471, 7: 485, 8: 528, 9: 478}}
10-01 16:58 DEBUG    **************************************************
10-01 16:58 DEBUG    Running experiments 

10-01 17:08 DEBUG    ****** PDM_KL matching ******** 
10-01 17:08 DEBUG    Best Sigma0: 10. Best sigma: 1 Best gamma: 10. Best Test accuracy: 0.1998. Train acc: 0.2011. 

10-01 17:08 DEBUG    PDM_KL log: {(10, 1, 10): {'shapes': [(3072, 888), (888,), (888, 136), (136,), (136, 118), (118,), (118, 10), (10,)], 'train_accuracy': 0.2011, 'test_accuracy': 0.1998}} 
10-01 17:37 DEBUG    ****** PDM_KL matching ******** 
10-01 17:37 DEBUG    Best Sigma0: 10. Best sigma: 1 Best gamma: 10. Best Test accuracy: 0.2286. Train acc: 0.22838. 

10-01 17:37 DEBUG    PDM_KL log: {(10, 1, 10): {'shapes': [(3072, 888), (888,), (888, 145), (145,), (145, 118), (118,), (118, 10), (10,)], 'train_accuracy': 0.22838, 'test_accuracy': 0.2286}} 
10-01 18:06 DEBUG    ****** PDM_KL matching ******** 
10-01 18:06 DEBUG    Best Sigma0: 10. Best sigma: 1 Best gamma: 10. Best Test accuracy: 0.2144. Train acc: 0.21534. 

10-01 18:06 DEBUG    PDM_KL log: {(10, 1, 10): {'shapes': [(3072, 888), (888,), (888, 136), (136,), (136, 118), (118,), (118, 10), (10,)], 'train_accuracy': 0.21534, 'test_accuracy': 0.2144}} 
10-01 18:36 DEBUG    ****** PDM_KL matching ******** 
10-01 18:36 DEBUG    Best Sigma0: 10. Best sigma: 1 Best gamma: 10. Best Test accuracy: 0.2334. Train acc: 0.23406. 

10-01 18:36 DEBUG    PDM_KL log: {(10, 1, 10): {'shapes': [(3072, 889), (889,), (889, 136), (136,), (136, 118), (118,), (118, 10), (10,)], 'train_accuracy': 0.23406, 'test_accuracy': 0.2334}} 
10-01 19:05 DEBUG    ****** PDM_KL matching ******** 
10-01 19:05 DEBUG    Best Sigma0: 10. Best sigma: 1 Best gamma: 10. Best Test accuracy: 0.2287. Train acc: 0.22768. 

10-01 19:05 DEBUG    PDM_KL log: {(10, 1, 10): {'shapes': [(3072, 887), (887,), (887, 136), (136,), (136, 118), (118,), (118, 10), (10,)], 'train_accuracy': 0.22768, 'test_accuracy': 0.2287}} 
10-01 19:34 DEBUG    ****** PDM_KL matching ******** 
10-01 19:34 DEBUG    Best Sigma0: 10. Best sigma: 1 Best gamma: 10. Best Test accuracy: 0.229. Train acc: 0.23094. 

10-01 19:34 DEBUG    PDM_KL log: {(10, 1, 10): {'shapes': [(3072, 883), (883,), (883, 136), (136,), (136, 118), (118,), (118, 10), (10,)], 'train_accuracy': 0.23094, 'test_accuracy': 0.229}} 
10-01 20:00 DEBUG    ****** PDM_KL matching ******** 
10-01 20:00 DEBUG    Best Sigma0: 10. Best sigma: 1 Best gamma: 10. Best Test accuracy: 0.1924. Train acc: 0.1907. 

10-01 20:00 DEBUG    PDM_KL log: {(10, 1, 10): {'shapes': [(3072, 838), (838,), (838, 136), (136,), (136, 127), (127,), (127, 10), (10,)], 'train_accuracy': 0.1907, 'test_accuracy': 0.1924}} 
10-01 20:11 DEBUG    ****** PDM_KL matching ******** 
10-01 20:11 DEBUG    Best Sigma0: 10. Best sigma: 1 Best gamma: 10. Best Test accuracy: 0.1993. Train acc: 0.19928. 

10-01 20:11 DEBUG    PDM_KL log: {(10, 1, 10): {'shapes': [(3072, 307), (307,), (307, 127), (127,), (127, 127), (127,), (127, 10), (10,)], 'train_accuracy': 0.19928, 'test_accuracy': 0.1993}} 
10-01 20:14 DEBUG    ****** PDM_KL matching ******** 
10-01 20:14 DEBUG    Best Sigma0: 10. Best sigma: 1 Best gamma: 10. Best Test accuracy: 0.1. Train acc: 0.1. 

10-01 20:14 DEBUG    PDM_KL log: {(10, 1, 10): {'shapes': [(3072, 100), (100,), (100, 118), (118,), (118, 118), (118,), (118, 10), (10,)], 'train_accuracy': 0.1, 'test_accuracy': 0.1}} 
10-01 20:17 DEBUG    ****** PDM_KL matching ******** 
10-01 20:17 DEBUG    Best Sigma0: 10. Best sigma: 1 Best gamma: 10. Best Test accuracy: 0.1. Train acc: 0.1. 

10-01 20:17 DEBUG    PDM_KL log: {(10, 1, 10): {'shapes': [(3072, 100), (100,), (100, 118), (118,), (118, 118), (118,), (118, 10), (10,)], 'train_accuracy': 0.1, 'test_accuracy': 0.1}} 
10-01 20:21 DEBUG    ****** PDM_KL matching ******** 
10-01 20:21 DEBUG    Best Sigma0: 10. Best sigma: 1 Best gamma: 10. Best Test accuracy: 0.1. Train acc: 0.1. 

10-01 20:21 DEBUG    PDM_KL log: {(10, 1, 10): {'shapes': [(3072, 100), (100,), (100, 109), (109,), (109, 118), (118,), (118, 10), (10,)], 'train_accuracy': 0.1, 'test_accuracy': 0.1}} 
10-01 20:21 DEBUG    Trial 0 completed
10-01 20:21 DEBUG    ####################################################################################################
10-01 20:21 DEBUG    ####################################################################################################
10-01 20:21 DEBUG    Executing Trial 1 with seed 1
10-01 20:21 DEBUG    Data statistics: {0: {0: 510, 1: 492, 2: 515, 3: 474, 4: 530, 5: 498, 6: 501, 7: 489, 8: 481, 9: 510}, 1: {0: 476, 1: 494, 2: 523, 3: 515, 4: 477, 5: 497, 6: 486, 7: 523, 8: 497, 9: 512}, 2: {0: 503, 1: 524, 2: 501, 3: 526, 4: 471, 5: 497, 6: 538, 7: 499, 8: 482, 9: 459}, 3: {0: 484, 1: 501, 2: 514, 3: 480, 4: 487, 5: 513, 6: 529, 7: 501, 8: 480, 9: 511}, 4: {0: 506, 1: 496, 2: 478, 3: 495, 4: 492, 5: 512, 6: 520, 7: 487, 8: 490, 9: 524}, 5: {0: 517, 1: 496, 2: 472, 3: 525, 4: 496, 5: 506, 6: 458, 7: 480, 8: 503, 9: 547}, 6: {0: 491, 1: 522, 2: 492, 3: 490, 4: 506, 5: 482, 6: 492, 7: 499, 8: 557, 9: 469}, 7: {0: 516, 1: 500, 2: 499, 3: 512, 4: 523, 5: 503, 6: 468, 7: 515, 8: 493, 9: 471}, 8: {0: 503, 1: 497, 2: 498, 3: 492, 4: 484, 5: 490, 6: 509, 7: 511, 8: 506, 9: 510}, 9: {0: 494, 1: 478, 2: 508, 3: 491, 4: 534, 5: 502, 6: 499, 7: 496, 8: 511, 9: 487}}
10-01 20:21 DEBUG    **************************************************
10-01 20:21 DEBUG    Running experiments 

10-01 20:32 DEBUG    ****** PDM_KL matching ******** 
10-01 20:32 DEBUG    Best Sigma0: 10. Best sigma: 1 Best gamma: 10. Best Test accuracy: 0.2106. Train acc: 0.20576. 

10-01 20:32 DEBUG    PDM_KL log: {(10, 1, 10): {'shapes': [(3072, 889), (889,), (889, 145), (145,), (145, 118), (118,), (118, 10), (10,)], 'train_accuracy': 0.20576, 'test_accuracy': 0.2106}} 
10-01 21:02 DEBUG    ****** PDM_KL matching ******** 
10-01 21:02 DEBUG    Best Sigma0: 10. Best sigma: 1 Best gamma: 10. Best Test accuracy: 0.1912. Train acc: 0.1911. 

10-01 21:02 DEBUG    PDM_KL log: {(10, 1, 10): {'shapes': [(3072, 889), (889,), (889, 145), (145,), (145, 118), (118,), (118, 10), (10,)], 'train_accuracy': 0.1911, 'test_accuracy': 0.1912}} 
10-01 21:30 DEBUG    ****** PDM_KL matching ******** 
10-01 21:30 DEBUG    Best Sigma0: 10. Best sigma: 1 Best gamma: 10. Best Test accuracy: 0.2029. Train acc: 0.20358. 

10-01 21:30 DEBUG    PDM_KL log: {(10, 1, 10): {'shapes': [(3072, 888), (888,), (888, 136), (136,), (136, 118), (118,), (118, 10), (10,)], 'train_accuracy': 0.20358, 'test_accuracy': 0.2029}} 
10-01 22:00 DEBUG    ****** PDM_KL matching ******** 
10-01 22:00 DEBUG    Best Sigma0: 10. Best sigma: 1 Best gamma: 10. Best Test accuracy: 0.1916. Train acc: 0.186. 

10-01 22:00 DEBUG    PDM_KL log: {(10, 1, 10): {'shapes': [(3072, 888), (888,), (888, 145), (145,), (145, 118), (118,), (118, 10), (10,)], 'train_accuracy': 0.186, 'test_accuracy': 0.1916}} 
10-01 22:29 DEBUG    ****** PDM_KL matching ******** 
10-01 22:29 DEBUG    Best Sigma0: 10. Best sigma: 1 Best gamma: 10. Best Test accuracy: 0.181. Train acc: 0.17792. 

10-01 22:29 DEBUG    PDM_KL log: {(10, 1, 10): {'shapes': [(3072, 887), (887,), (887, 145), (145,), (145, 118), (118,), (118, 10), (10,)], 'train_accuracy': 0.17792, 'test_accuracy': 0.181}} 
10-01 22:55 DEBUG    ****** PDM_KL matching ******** 
10-01 22:55 DEBUG    Best Sigma0: 10. Best sigma: 1 Best gamma: 10. Best Test accuracy: 0.1951. Train acc: 0.18752. 

10-01 22:55 DEBUG    PDM_KL log: {(10, 1, 10): {'shapes': [(3072, 883), (883,), (883, 136), (136,), (136, 118), (118,), (118, 10), (10,)], 'train_accuracy': 0.18752, 'test_accuracy': 0.1951}} 
10-01 23:20 DEBUG    ****** PDM_KL matching ******** 
10-01 23:20 DEBUG    Best Sigma0: 10. Best sigma: 1 Best gamma: 10. Best Test accuracy: 0.1885. Train acc: 0.18916. 

10-01 23:20 DEBUG    PDM_KL log: {(10, 1, 10): {'shapes': [(3072, 834), (834,), (834, 136), (136,), (136, 127), (127,), (127, 10), (10,)], 'train_accuracy': 0.18916, 'test_accuracy': 0.1885}} 
10-01 23:30 DEBUG    ****** PDM_KL matching ******** 
10-01 23:30 DEBUG    Best Sigma0: 10. Best sigma: 1 Best gamma: 10. Best Test accuracy: 0.2011. Train acc: 0.20038. 

10-01 23:30 DEBUG    PDM_KL log: {(10, 1, 10): {'shapes': [(3072, 289), (289,), (289, 127), (127,), (127, 127), (127,), (127, 10), (10,)], 'train_accuracy': 0.20038, 'test_accuracy': 0.2011}} 
10-01 23:32 DEBUG    ****** PDM_KL matching ******** 
10-01 23:32 DEBUG    Best Sigma0: 10. Best sigma: 1 Best gamma: 10. Best Test accuracy: 0.1. Train acc: 0.1. 

10-01 23:32 DEBUG    PDM_KL log: {(10, 1, 10): {'shapes': [(3072, 100), (100,), (100, 118), (118,), (118, 118), (118,), (118, 10), (10,)], 'train_accuracy': 0.1, 'test_accuracy': 0.1}} 
10-01 23:35 DEBUG    ****** PDM_KL matching ******** 
10-01 23:35 DEBUG    Best Sigma0: 10. Best sigma: 1 Best gamma: 10. Best Test accuracy: 0.1. Train acc: 0.1. 

10-01 23:35 DEBUG    PDM_KL log: {(10, 1, 10): {'shapes': [(3072, 100), (100,), (100, 118), (118,), (118, 118), (118,), (118, 10), (10,)], 'train_accuracy': 0.1, 'test_accuracy': 0.1}} 
10-01 23:38 DEBUG    ****** PDM_KL matching ******** 
10-01 23:38 DEBUG    Best Sigma0: 10. Best sigma: 1 Best gamma: 10. Best Test accuracy: 0.1. Train acc: 0.1. 

10-01 23:38 DEBUG    PDM_KL log: {(10, 1, 10): {'shapes': [(3072, 100), (100,), (100, 118), (118,), (118, 118), (118,), (118, 10), (10,)], 'train_accuracy': 0.1, 'test_accuracy': 0.1}} 
10-01 23:38 DEBUG    Trial 1 completed
10-01 23:38 DEBUG    ####################################################################################################
10-01 23:38 DEBUG    ####################################################################################################
10-01 23:38 DEBUG    Executing Trial 2 with seed 2
10-01 23:38 DEBUG    Data statistics: {0: {0: 515, 1: 500, 2: 501, 3: 505, 4: 515, 5: 506, 6: 524, 7: 482, 8: 475, 9: 477}, 1: {0: 514, 1: 496, 2: 530, 3: 477, 4: 493, 5: 492, 6: 470, 7: 516, 8: 514, 9: 498}, 2: {0: 496, 1: 506, 2: 499, 3: 504, 4: 471, 5: 489, 6: 507, 7: 502, 8: 484, 9: 542}, 3: {0: 475, 1: 473, 2: 480, 3: 525, 4: 506, 5: 514, 6: 515, 7: 518, 8: 506, 9: 488}, 4: {0: 522, 1: 530, 2: 486, 3: 468, 4: 510, 5: 510, 6: 494, 7: 496, 8: 497, 9: 487}, 5: {0: 519, 1: 494, 2: 514, 3: 499, 4: 512, 5: 479, 6: 470, 7: 497, 8: 505, 9: 511}, 6: {0: 485, 1: 507, 2: 509, 3: 511, 4: 488, 5: 459, 6: 496, 7: 514, 8: 518, 9: 513}, 7: {0: 485, 1: 488, 2: 482, 3: 505, 4: 546, 5: 535, 6: 505, 7: 476, 8: 486, 9: 492}, 8: {0: 512, 1: 493, 2: 513, 3: 481, 4: 512, 5: 499, 6: 513, 7: 481, 8: 508, 9: 488}, 9: {0: 477, 1: 513, 2: 486, 3: 525, 4: 447, 5: 517, 6: 506, 7: 518, 8: 507, 9: 504}}
10-01 23:39 DEBUG    **************************************************
10-01 23:39 DEBUG    Running experiments 

10-01 23:49 DEBUG    ****** PDM_KL matching ******** 
10-01 23:49 DEBUG    Best Sigma0: 10. Best sigma: 1 Best gamma: 10. Best Test accuracy: 0.1868. Train acc: 0.18496. 

10-01 23:49 DEBUG    PDM_KL log: {(10, 1, 10): {'shapes': [(3072, 881), (881,), (881, 145), (145,), (145, 118), (118,), (118, 10), (10,)], 'train_accuracy': 0.18496, 'test_accuracy': 0.1868}} 
10-02 00:16 DEBUG    ****** PDM_KL matching ******** 
10-02 00:16 DEBUG    Best Sigma0: 10. Best sigma: 1 Best gamma: 10. Best Test accuracy: 0.1988. Train acc: 0.1996. 

10-02 00:16 DEBUG    PDM_KL log: {(10, 1, 10): {'shapes': [(3072, 881), (881,), (881, 145), (145,), (145, 118), (118,), (118, 10), (10,)], 'train_accuracy': 0.1996, 'test_accuracy': 0.1988}} 
10-02 00:43 DEBUG    ****** PDM_KL matching ******** 
10-02 00:43 DEBUG    Best Sigma0: 10. Best sigma: 1 Best gamma: 10. Best Test accuracy: 0.2032. Train acc: 0.20308. 

10-02 00:43 DEBUG    PDM_KL log: {(10, 1, 10): {'shapes': [(3072, 881), (881,), (881, 145), (145,), (145, 118), (118,), (118, 10), (10,)], 'train_accuracy': 0.20308, 'test_accuracy': 0.2032}} 
10-02 01:11 DEBUG    ****** PDM_KL matching ******** 
10-02 01:11 DEBUG    Best Sigma0: 10. Best sigma: 1 Best gamma: 10. Best Test accuracy: 0.2055. Train acc: 0.20504. 

10-02 01:11 DEBUG    PDM_KL log: {(10, 1, 10): {'shapes': [(3072, 882), (882,), (882, 136), (136,), (136, 118), (118,), (118, 10), (10,)], 'train_accuracy': 0.20504, 'test_accuracy': 0.2055}} 
10-02 01:38 DEBUG    ****** PDM_KL matching ******** 
10-02 01:38 DEBUG    Best Sigma0: 10. Best sigma: 1 Best gamma: 10. Best Test accuracy: 0.2102. Train acc: 0.21068. 

10-02 01:38 DEBUG    PDM_KL log: {(10, 1, 10): {'shapes': [(3072, 880), (880,), (880, 145), (145,), (145, 118), (118,), (118, 10), (10,)], 'train_accuracy': 0.21068, 'test_accuracy': 0.2102}} 
10-02 02:04 DEBUG    ****** PDM_KL matching ******** 
10-02 02:04 DEBUG    Best Sigma0: 10. Best sigma: 1 Best gamma: 10. Best Test accuracy: 0.1985. Train acc: 0.20014. 

10-02 02:04 DEBUG    PDM_KL log: {(10, 1, 10): {'shapes': [(3072, 875), (875,), (875, 136), (136,), (136, 118), (118,), (118, 10), (10,)], 'train_accuracy': 0.20014, 'test_accuracy': 0.1985}} 
10-02 02:29 DEBUG    ****** PDM_KL matching ******** 
10-02 02:29 DEBUG    Best Sigma0: 10. Best sigma: 1 Best gamma: 10. Best Test accuracy: 0.2288. Train acc: 0.22524. 

10-02 02:29 DEBUG    PDM_KL log: {(10, 1, 10): {'shapes': [(3072, 827), (827,), (827, 136), (136,), (136, 127), (127,), (127, 10), (10,)], 'train_accuracy': 0.22524, 'test_accuracy': 0.2288}} 
10-02 02:39 DEBUG    ****** PDM_KL matching ******** 
10-02 02:39 DEBUG    Best Sigma0: 10. Best sigma: 1 Best gamma: 10. Best Test accuracy: 0.1809. Train acc: 0.1817. 

10-02 02:39 DEBUG    PDM_KL log: {(10, 1, 10): {'shapes': [(3072, 307), (307,), (307, 127), (127,), (127, 127), (127,), (127, 10), (10,)], 'train_accuracy': 0.1817, 'test_accuracy': 0.1809}} 
10-02 02:42 DEBUG    ****** PDM_KL matching ******** 
10-02 02:42 DEBUG    Best Sigma0: 10. Best sigma: 1 Best gamma: 10. Best Test accuracy: 0.1. Train acc: 0.1. 

10-02 02:42 DEBUG    PDM_KL log: {(10, 1, 10): {'shapes': [(3072, 100), (100,), (100, 118), (118,), (118, 118), (118,), (118, 10), (10,)], 'train_accuracy': 0.1, 'test_accuracy': 0.1}} 
10-02 02:45 DEBUG    ****** PDM_KL matching ******** 
10-02 02:45 DEBUG    Best Sigma0: 10. Best sigma: 1 Best gamma: 10. Best Test accuracy: 0.1. Train acc: 0.1. 

10-02 02:45 DEBUG    PDM_KL log: {(10, 1, 10): {'shapes': [(3072, 100), (100,), (100, 109), (109,), (109, 118), (118,), (118, 10), (10,)], 'train_accuracy': 0.1, 'test_accuracy': 0.1}} 
10-02 02:48 DEBUG    ****** PDM_KL matching ******** 
10-02 02:48 DEBUG    Best Sigma0: 10. Best sigma: 1 Best gamma: 10. Best Test accuracy: 0.1. Train acc: 0.1. 

10-02 02:48 DEBUG    PDM_KL log: {(10, 1, 10): {'shapes': [(3072, 100), (100,), (100, 109), (109,), (109, 118), (118,), (118, 10), (10,)], 'train_accuracy': 0.1, 'test_accuracy': 0.1}} 
10-02 02:48 DEBUG    Trial 2 completed
10-02 02:48 DEBUG    ####################################################################################################
10-02 02:48 DEBUG    ####################################################################################################
10-02 02:48 DEBUG    Executing Trial 3 with seed 3
10-02 02:48 DEBUG    Data statistics: {0: {0: 488, 1: 493, 2: 515, 3: 499, 4: 453, 5: 505, 6: 526, 7: 512, 8: 497, 9: 512}, 1: {0: 544, 1: 458, 2: 518, 3: 495, 4: 465, 5: 501, 6: 517, 7: 528, 8: 473, 9: 501}, 2: {0: 512, 1: 504, 2: 490, 3: 521, 4: 482, 5: 504, 6: 507, 7: 506, 8: 502, 9: 472}, 3: {0: 466, 1: 527, 2: 514, 3: 512, 4: 494, 5: 483, 6: 511, 7: 511, 8: 482, 9: 500}, 4: {0: 528, 1: 511, 2: 487, 3: 506, 4: 506, 5: 478, 6: 481, 7: 484, 8: 541, 9: 478}, 5: {0: 474, 1: 502, 2: 495, 3: 470, 4: 497, 5: 562, 6: 497, 7: 465, 8: 518, 9: 520}, 6: {0: 500, 1: 514, 2: 478, 3: 515, 4: 509, 5: 533, 6: 477, 7: 484, 8: 494, 9: 496}, 7: {0: 492, 1: 509, 2: 490, 3: 507, 4: 505, 5: 486, 6: 507, 7: 486, 8: 508, 9: 510}, 8: {0: 518, 1: 514, 2: 503, 3: 464, 4: 534, 5: 465, 6: 492, 7: 497, 8: 484, 9: 529}, 9: {0: 478, 1: 468, 2: 510, 3: 511, 4: 555, 5: 483, 6: 485, 7: 527, 8: 501, 9: 482}}
10-02 02:48 DEBUG    **************************************************
10-02 02:48 DEBUG    Running experiments 

10-02 02:58 DEBUG    ****** PDM_KL matching ******** 
10-02 02:58 DEBUG    Best Sigma0: 10. Best sigma: 1 Best gamma: 10. Best Test accuracy: 0.2033. Train acc: 0.20156. 

10-02 02:58 DEBUG    PDM_KL log: {(10, 1, 10): {'shapes': [(3072, 879), (879,), (879, 145), (145,), (145, 118), (118,), (118, 10), (10,)], 'train_accuracy': 0.20156, 'test_accuracy': 0.2033}} 
10-02 03:25 DEBUG    ****** PDM_KL matching ******** 
10-02 03:25 DEBUG    Best Sigma0: 10. Best sigma: 1 Best gamma: 10. Best Test accuracy: 0.2076. Train acc: 0.20426. 

10-02 03:25 DEBUG    PDM_KL log: {(10, 1, 10): {'shapes': [(3072, 879), (879,), (879, 145), (145,), (145, 118), (118,), (118, 10), (10,)], 'train_accuracy': 0.20426, 'test_accuracy': 0.2076}} 
10-02 03:52 DEBUG    ****** PDM_KL matching ******** 
10-02 03:52 DEBUG    Best Sigma0: 10. Best sigma: 1 Best gamma: 10. Best Test accuracy: 0.2023. Train acc: 0.2015. 

10-02 03:52 DEBUG    PDM_KL log: {(10, 1, 10): {'shapes': [(3072, 877), (877,), (877, 145), (145,), (145, 118), (118,), (118, 10), (10,)], 'train_accuracy': 0.2015, 'test_accuracy': 0.2023}} 
10-02 04:19 DEBUG    ****** PDM_KL matching ******** 
10-02 04:19 DEBUG    Best Sigma0: 10. Best sigma: 1 Best gamma: 10. Best Test accuracy: 0.202. Train acc: 0.20286. 

10-02 04:19 DEBUG    PDM_KL log: {(10, 1, 10): {'shapes': [(3072, 878), (878,), (878, 145), (145,), (145, 118), (118,), (118, 10), (10,)], 'train_accuracy': 0.20286, 'test_accuracy': 0.202}} 
10-02 04:46 DEBUG    ****** PDM_KL matching ******** 
10-02 04:46 DEBUG    Best Sigma0: 10. Best sigma: 1 Best gamma: 10. Best Test accuracy: 0.2017. Train acc: 0.20284. 

10-02 04:46 DEBUG    PDM_KL log: {(10, 1, 10): {'shapes': [(3072, 875), (875,), (875, 145), (145,), (145, 118), (118,), (118, 10), (10,)], 'train_accuracy': 0.20284, 'test_accuracy': 0.2017}} 
10-02 05:11 DEBUG    ****** PDM_KL matching ******** 
10-02 05:11 DEBUG    Best Sigma0: 10. Best sigma: 1 Best gamma: 10. Best Test accuracy: 0.1981. Train acc: 0.19438. 

10-02 05:11 DEBUG    PDM_KL log: {(10, 1, 10): {'shapes': [(3072, 874), (874,), (874, 145), (145,), (145, 118), (118,), (118, 10), (10,)], 'train_accuracy': 0.19438, 'test_accuracy': 0.1981}} 
10-02 05:36 DEBUG    ****** PDM_KL matching ******** 
10-02 05:36 DEBUG    Best Sigma0: 10. Best sigma: 1 Best gamma: 10. Best Test accuracy: 0.2156. Train acc: 0.2125. 

10-02 05:36 DEBUG    PDM_KL log: {(10, 1, 10): {'shapes': [(3072, 831), (831,), (831, 136), (136,), (136, 127), (127,), (127, 10), (10,)], 'train_accuracy': 0.2125, 'test_accuracy': 0.2156}} 
10-02 05:46 DEBUG    ****** PDM_KL matching ******** 
10-02 05:46 DEBUG    Best Sigma0: 10. Best sigma: 1 Best gamma: 10. Best Test accuracy: 0.2118. Train acc: 0.20968. 

10-02 05:46 DEBUG    PDM_KL log: {(10, 1, 10): {'shapes': [(3072, 298), (298,), (298, 127), (127,), (127, 127), (127,), (127, 10), (10,)], 'train_accuracy': 0.20968, 'test_accuracy': 0.2118}} 
10-02 05:49 DEBUG    ****** PDM_KL matching ******** 
10-02 05:49 DEBUG    Best Sigma0: 10. Best sigma: 1 Best gamma: 10. Best Test accuracy: 0.1. Train acc: 0.1. 

10-02 05:49 DEBUG    PDM_KL log: {(10, 1, 10): {'shapes': [(3072, 100), (100,), (100, 118), (118,), (118, 118), (118,), (118, 10), (10,)], 'train_accuracy': 0.1, 'test_accuracy': 0.1}} 
10-02 05:52 DEBUG    ****** PDM_KL matching ******** 
10-02 05:52 DEBUG    Best Sigma0: 10. Best sigma: 1 Best gamma: 10. Best Test accuracy: 0.1. Train acc: 0.1. 

10-02 05:52 DEBUG    PDM_KL log: {(10, 1, 10): {'shapes': [(3072, 100), (100,), (100, 118), (118,), (118, 118), (118,), (118, 10), (10,)], 'train_accuracy': 0.1, 'test_accuracy': 0.1}} 
10-02 05:54 DEBUG    ****** PDM_KL matching ******** 
10-02 05:54 DEBUG    Best Sigma0: 10. Best sigma: 1 Best gamma: 10. Best Test accuracy: 0.1. Train acc: 0.1. 

10-02 05:54 DEBUG    PDM_KL log: {(10, 1, 10): {'shapes': [(3072, 100), (100,), (100, 109), (109,), (109, 118), (118,), (118, 10), (10,)], 'train_accuracy': 0.1, 'test_accuracy': 0.1}} 
10-02 05:54 DEBUG    Trial 3 completed
10-02 05:54 DEBUG    ####################################################################################################
10-02 05:54 DEBUG    ####################################################################################################
10-02 05:54 DEBUG    Executing Trial 4 with seed 4
10-02 05:54 DEBUG    Data statistics: {0: {0: 493, 1: 510, 2: 503, 3: 481, 4: 493, 5: 486, 6: 511, 7: 523, 8: 478, 9: 522}, 1: {0: 540, 1: 517, 2: 471, 3: 504, 4: 472, 5: 518, 6: 509, 7: 490, 8: 482, 9: 497}, 2: {0: 488, 1: 490, 2: 482, 3: 472, 4: 540, 5: 512, 6: 512, 7: 501, 8: 519, 9: 484}, 3: {0: 532, 1: 502, 2: 528, 3: 484, 4: 490, 5: 477, 6: 569, 7: 488, 8: 466, 9: 464}, 4: {0: 475, 1: 525, 2: 514, 3: 524, 4: 516, 5: 509, 6: 467, 7: 494, 8: 487, 9: 489}, 5: {0: 512, 1: 476, 2: 518, 3: 534, 4: 464, 5: 516, 6: 458, 7: 488, 8: 538, 9: 496}, 6: {0: 471, 1: 503, 2: 487, 3: 516, 4: 493, 5: 509, 6: 500, 7: 508, 8: 497, 9: 516}, 7: {0: 518, 1: 472, 2: 488, 3: 487, 4: 525, 5: 494, 6: 479, 7: 506, 8: 501, 9: 530}, 8: {0: 494, 1: 497, 2: 489, 3: 491, 4: 514, 5: 507, 6: 476, 7: 519, 8: 524, 9: 489}, 9: {0: 477, 1: 508, 2: 520, 3: 507, 4: 493, 5: 472, 6: 519, 7: 483, 8: 508, 9: 513}}
10-02 05:55 DEBUG    **************************************************
10-02 05:55 DEBUG    Running experiments 

10-02 06:06 DEBUG    ****** PDM_KL matching ******** 
10-02 06:06 DEBUG    Best Sigma0: 10. Best sigma: 1 Best gamma: 10. Best Test accuracy: 0.2107. Train acc: 0.21182. 

10-02 06:06 DEBUG    PDM_KL log: {(10, 1, 10): {'shapes': [(3072, 890), (890,), (890, 145), (145,), (145, 127), (127,), (127, 10), (10,)], 'train_accuracy': 0.21182, 'test_accuracy': 0.2107}} 
10-02 06:33 DEBUG    ****** PDM_KL matching ******** 
10-02 06:33 DEBUG    Best Sigma0: 10. Best sigma: 1 Best gamma: 10. Best Test accuracy: 0.249. Train acc: 0.25032. 

10-02 06:33 DEBUG    PDM_KL log: {(10, 1, 10): {'shapes': [(3072, 890), (890,), (890, 145), (145,), (145, 127), (127,), (127, 10), (10,)], 'train_accuracy': 0.25032, 'test_accuracy': 0.249}} 
10-02 07:00 DEBUG    ****** PDM_KL matching ******** 
10-02 07:00 DEBUG    Best Sigma0: 10. Best sigma: 1 Best gamma: 10. Best Test accuracy: 0.2352. Train acc: 0.23744. 

10-02 07:00 DEBUG    PDM_KL log: {(10, 1, 10): {'shapes': [(3072, 890), (890,), (890, 145), (145,), (145, 127), (127,), (127, 10), (10,)], 'train_accuracy': 0.23744, 'test_accuracy': 0.2352}} 
10-02 07:27 DEBUG    ****** PDM_KL matching ******** 
10-02 07:27 DEBUG    Best Sigma0: 10. Best sigma: 1 Best gamma: 10. Best Test accuracy: 0.2471. Train acc: 0.24152. 

10-02 07:27 DEBUG    PDM_KL log: {(10, 1, 10): {'shapes': [(3072, 890), (890,), (890, 145), (145,), (145, 127), (127,), (127, 10), (10,)], 'train_accuracy': 0.24152, 'test_accuracy': 0.2471}} 
10-02 07:55 DEBUG    ****** PDM_KL matching ******** 
10-02 07:55 DEBUG    Best Sigma0: 10. Best sigma: 1 Best gamma: 10. Best Test accuracy: 0.2302. Train acc: 0.23146. 

10-02 07:55 DEBUG    PDM_KL log: {(10, 1, 10): {'shapes': [(3072, 888), (888,), (888, 145), (145,), (145, 127), (127,), (127, 10), (10,)], 'train_accuracy': 0.23146, 'test_accuracy': 0.2302}} 
10-02 08:20 DEBUG    ****** PDM_KL matching ******** 
10-02 08:20 DEBUG    Best Sigma0: 10. Best sigma: 1 Best gamma: 10. Best Test accuracy: 0.2233. Train acc: 0.22032. 

10-02 08:20 DEBUG    PDM_KL log: {(10, 1, 10): {'shapes': [(3072, 885), (885,), (885, 145), (145,), (145, 127), (127,), (127, 10), (10,)], 'train_accuracy': 0.22032, 'test_accuracy': 0.2233}} 
10-02 08:46 DEBUG    ****** PDM_KL matching ******** 
10-02 08:46 DEBUG    Best Sigma0: 10. Best sigma: 1 Best gamma: 10. Best Test accuracy: 0.2245. Train acc: 0.22618. 

10-02 08:46 DEBUG    PDM_KL log: {(10, 1, 10): {'shapes': [(3072, 838), (838,), (838, 136), (136,), (136, 127), (127,), (127, 10), (10,)], 'train_accuracy': 0.22618, 'test_accuracy': 0.2245}} 
10-02 08:56 DEBUG    ****** PDM_KL matching ******** 
10-02 08:56 DEBUG    Best Sigma0: 10. Best sigma: 1 Best gamma: 10. Best Test accuracy: 0.1812. Train acc: 0.1806. 

10-02 08:56 DEBUG    PDM_KL log: {(10, 1, 10): {'shapes': [(3072, 316), (316,), (316, 127), (127,), (127, 127), (127,), (127, 10), (10,)], 'train_accuracy': 0.1806, 'test_accuracy': 0.1812}} 
10-02 08:59 DEBUG    ****** PDM_KL matching ******** 
10-02 08:59 DEBUG    Best Sigma0: 10. Best sigma: 1 Best gamma: 10. Best Test accuracy: 0.1. Train acc: 0.1. 

10-02 08:59 DEBUG    PDM_KL log: {(10, 1, 10): {'shapes': [(3072, 100), (100,), (100, 118), (118,), (118, 118), (118,), (118, 10), (10,)], 'train_accuracy': 0.1, 'test_accuracy': 0.1}} 
10-02 09:02 DEBUG    ****** PDM_KL matching ******** 
10-02 09:02 DEBUG    Best Sigma0: 10. Best sigma: 1 Best gamma: 10. Best Test accuracy: 0.1. Train acc: 0.1. 

10-02 09:02 DEBUG    PDM_KL log: {(10, 1, 10): {'shapes': [(3072, 100), (100,), (100, 109), (109,), (109, 118), (118,), (118, 10), (10,)], 'train_accuracy': 0.1, 'test_accuracy': 0.1}} 
10-02 09:05 DEBUG    ****** PDM_KL matching ******** 
10-02 09:05 DEBUG    Best Sigma0: 10. Best sigma: 1 Best gamma: 10. Best Test accuracy: 0.1. Train acc: 0.1. 

10-02 09:05 DEBUG    PDM_KL log: {(10, 1, 10): {'shapes': [(3072, 100), (100,), (100, 109), (109,), (109, 118), (118,), (118, 10), (10,)], 'train_accuracy': 0.1, 'test_accuracy': 0.1}} 
10-02 09:05 DEBUG    Trial 4 completed
10-02 09:05 DEBUG    ####################################################################################################
10-02 09:05 DEBUG    ####################################################################################################
10-02 09:05 DEBUG    Executing Trial 5 with seed 5
10-02 09:05 DEBUG    Data statistics: {0: {0: 506, 1: 481, 2: 527, 3: 510, 4: 480, 5: 503, 6: 521, 7: 490, 8: 497, 9: 485}, 1: {0: 490, 1: 480, 2: 474, 3: 544, 4: 490, 5: 515, 6: 471, 7: 492, 8: 512, 9: 532}, 2: {0: 505, 1: 512, 2: 489, 3: 508, 4: 493, 5: 500, 6: 500, 7: 467, 8: 510, 9: 516}, 3: {0: 470, 1: 509, 2: 507, 3: 490, 4: 510, 5: 485, 6: 495, 7: 537, 8: 511, 9: 486}, 4: {0: 521, 1: 509, 2: 461, 3: 504, 4: 533, 5: 475, 6: 501, 7: 516, 8: 493, 9: 487}, 5: {0: 553, 1: 501, 2: 514, 3: 461, 4: 516, 5: 522, 6: 476, 7: 508, 8: 473, 9: 476}, 6: {0: 515, 1: 505, 2: 504, 3: 477, 4: 491, 5: 503, 6: 506, 7: 485, 8: 477, 9: 537}, 7: {0: 479, 1: 494, 2: 525, 3: 488, 4: 488, 5: 504, 6: 543, 7: 509, 8: 506, 9: 464}, 8: {0: 450, 1: 502, 2: 468, 3: 521, 4: 484, 5: 508, 6: 509, 7: 513, 8: 528, 9: 517}, 9: {0: 511, 1: 507, 2: 531, 3: 497, 4: 515, 5: 485, 6: 478, 7: 483, 8: 493, 9: 500}}
10-02 09:05 DEBUG    **************************************************
10-02 09:05 DEBUG    Running experiments 

10-02 09:16 DEBUG    ****** PDM_KL matching ******** 
10-02 09:16 DEBUG    Best Sigma0: 10. Best sigma: 1 Best gamma: 10. Best Test accuracy: 0.1961. Train acc: 0.19474. 

10-02 09:16 DEBUG    PDM_KL log: {(10, 1, 10): {'shapes': [(3072, 887), (887,), (887, 136), (136,), (136, 118), (118,), (118, 10), (10,)], 'train_accuracy': 0.19474, 'test_accuracy': 0.1961}} 
10-02 09:42 DEBUG    ****** PDM_KL matching ******** 
10-02 09:42 DEBUG    Best Sigma0: 10. Best sigma: 1 Best gamma: 10. Best Test accuracy: 0.1986. Train acc: 0.19884. 

10-02 09:42 DEBUG    PDM_KL log: {(10, 1, 10): {'shapes': [(3072, 885), (885,), (885, 136), (136,), (136, 118), (118,), (118, 10), (10,)], 'train_accuracy': 0.19884, 'test_accuracy': 0.1986}} 
10-02 10:10 DEBUG    ****** PDM_KL matching ******** 
10-02 10:10 DEBUG    Best Sigma0: 10. Best sigma: 1 Best gamma: 10. Best Test accuracy: 0.2324. Train acc: 0.23288. 

10-02 10:10 DEBUG    PDM_KL log: {(10, 1, 10): {'shapes': [(3072, 886), (886,), (886, 136), (136,), (136, 118), (118,), (118, 10), (10,)], 'train_accuracy': 0.23288, 'test_accuracy': 0.2324}} 
10-02 10:37 DEBUG    ****** PDM_KL matching ******** 
10-02 10:37 DEBUG    Best Sigma0: 10. Best sigma: 1 Best gamma: 10. Best Test accuracy: 0.2076. Train acc: 0.21066. 

10-02 10:37 DEBUG    PDM_KL log: {(10, 1, 10): {'shapes': [(3072, 886), (886,), (886, 136), (136,), (136, 118), (118,), (118, 10), (10,)], 'train_accuracy': 0.21066, 'test_accuracy': 0.2076}} 
10-02 11:03 DEBUG    ****** PDM_KL matching ******** 
10-02 11:03 DEBUG    Best Sigma0: 10. Best sigma: 1 Best gamma: 10. Best Test accuracy: 0.2186. Train acc: 0.21716. 

10-02 11:03 DEBUG    PDM_KL log: {(10, 1, 10): {'shapes': [(3072, 885), (885,), (885, 136), (136,), (136, 118), (118,), (118, 10), (10,)], 'train_accuracy': 0.21716, 'test_accuracy': 0.2186}} 
10-02 11:30 DEBUG    ****** PDM_KL matching ******** 
10-02 11:30 DEBUG    Best Sigma0: 10. Best sigma: 1 Best gamma: 10. Best Test accuracy: 0.2256. Train acc: 0.22542. 

10-02 11:30 DEBUG    PDM_KL log: {(10, 1, 10): {'shapes': [(3072, 881), (881,), (881, 136), (136,), (136, 118), (118,), (118, 10), (10,)], 'train_accuracy': 0.22542, 'test_accuracy': 0.2256}} 
10-02 11:54 DEBUG    ****** PDM_KL matching ******** 
10-02 11:54 DEBUG    Best Sigma0: 10. Best sigma: 1 Best gamma: 10. Best Test accuracy: 0.2379. Train acc: 0.23702. 

10-02 11:54 DEBUG    PDM_KL log: {(10, 1, 10): {'shapes': [(3072, 831), (831,), (831, 136), (136,), (136, 127), (127,), (127, 10), (10,)], 'train_accuracy': 0.23702, 'test_accuracy': 0.2379}} 
10-02 12:04 DEBUG    ****** PDM_KL matching ******** 
10-02 12:04 DEBUG    Best Sigma0: 10. Best sigma: 1 Best gamma: 10. Best Test accuracy: 0.1844. Train acc: 0.18386. 

10-02 12:04 DEBUG    PDM_KL log: {(10, 1, 10): {'shapes': [(3072, 298), (298,), (298, 127), (127,), (127, 127), (127,), (127, 10), (10,)], 'train_accuracy': 0.18386, 'test_accuracy': 0.1844}} 
10-02 12:07 DEBUG    ****** PDM_KL matching ******** 
10-02 12:07 DEBUG    Best Sigma0: 10. Best sigma: 1 Best gamma: 10. Best Test accuracy: 0.1. Train acc: 0.1. 

10-02 12:07 DEBUG    PDM_KL log: {(10, 1, 10): {'shapes': [(3072, 100), (100,), (100, 118), (118,), (118, 118), (118,), (118, 10), (10,)], 'train_accuracy': 0.1, 'test_accuracy': 0.1}} 
10-02 12:10 DEBUG    ****** PDM_KL matching ******** 
10-02 12:10 DEBUG    Best Sigma0: 10. Best sigma: 1 Best gamma: 10. Best Test accuracy: 0.1. Train acc: 0.1. 

10-02 12:10 DEBUG    PDM_KL log: {(10, 1, 10): {'shapes': [(3072, 100), (100,), (100, 118), (118,), (118, 118), (118,), (118, 10), (10,)], 'train_accuracy': 0.1, 'test_accuracy': 0.1}} 
10-02 12:14 DEBUG    ****** PDM_KL matching ******** 
10-02 12:14 DEBUG    Best Sigma0: 10. Best sigma: 1 Best gamma: 10. Best Test accuracy: 0.1. Train acc: 0.1. 

10-02 12:14 DEBUG    PDM_KL log: {(10, 1, 10): {'shapes': [(3072, 100), (100,), (100, 109), (109,), (109, 118), (118,), (118, 10), (10,)], 'train_accuracy': 0.1, 'test_accuracy': 0.1}} 
10-02 12:14 DEBUG    Trial 5 completed
10-02 12:14 DEBUG    ####################################################################################################
10-02 12:14 DEBUG    ####################################################################################################
10-02 12:14 DEBUG    Executing Trial 6 with seed 6
10-02 12:14 DEBUG    Data statistics: {0: {0: 525, 1: 492, 2: 476, 3: 486, 4: 508, 5: 495, 6: 524, 7: 481, 8: 510, 9: 503}, 1: {0: 492, 1: 515, 2: 471, 3: 507, 4: 523, 5: 503, 6: 486, 7: 482, 8: 510, 9: 511}, 2: {0: 513, 1: 485, 2: 481, 3: 511, 4: 480, 5: 511, 6: 512, 7: 479, 8: 516, 9: 512}, 3: {0: 467, 1: 473, 2: 526, 3: 496, 4: 514, 5: 514, 6: 469, 7: 513, 8: 520, 9: 508}, 4: {0: 500, 1: 492, 2: 499, 3: 519, 4: 534, 5: 460, 6: 525, 7: 485, 8: 514, 9: 472}, 5: {0: 508, 1: 492, 2: 507, 3: 512, 4: 466, 5: 513, 6: 523, 7: 492, 8: 494, 9: 493}, 6: {0: 468, 1: 508, 2: 533, 3: 506, 4: 439, 5: 510, 6: 510, 7: 519, 8: 501, 9: 506}, 7: {0: 540, 1: 511, 2: 499, 3: 452, 4: 508, 5: 501, 6: 464, 7: 529, 8: 474, 9: 522}, 8: {0: 497, 1: 497, 2: 496, 3: 517, 4: 511, 5: 497, 6: 493, 7: 509, 8: 497, 9: 486}, 9: {0: 490, 1: 535, 2: 512, 3: 494, 4: 517, 5: 496, 6: 494, 7: 511, 8: 464, 9: 487}}
10-02 12:14 DEBUG    **************************************************
10-02 12:14 DEBUG    Running experiments 

10-02 12:25 DEBUG    ****** PDM_KL matching ******** 
10-02 12:25 DEBUG    Best Sigma0: 10. Best sigma: 1 Best gamma: 10. Best Test accuracy: 0.2482. Train acc: 0.2451. 

10-02 12:25 DEBUG    PDM_KL log: {(10, 1, 10): {'shapes': [(3072, 889), (889,), (889, 136), (136,), (136, 118), (118,), (118, 10), (10,)], 'train_accuracy': 0.2451, 'test_accuracy': 0.2482}} 
10-02 12:52 DEBUG    ****** PDM_KL matching ******** 
10-02 12:52 DEBUG    Best Sigma0: 10. Best sigma: 1 Best gamma: 10. Best Test accuracy: 0.237. Train acc: 0.23422. 

10-02 12:52 DEBUG    PDM_KL log: {(10, 1, 10): {'shapes': [(3072, 889), (889,), (889, 136), (136,), (136, 118), (118,), (118, 10), (10,)], 'train_accuracy': 0.23422, 'test_accuracy': 0.237}} 
10-02 13:18 DEBUG    ****** PDM_KL matching ******** 
10-02 13:18 DEBUG    Best Sigma0: 10. Best sigma: 1 Best gamma: 10. Best Test accuracy: 0.2574. Train acc: 0.25402. 

10-02 13:18 DEBUG    PDM_KL log: {(10, 1, 10): {'shapes': [(3072, 889), (889,), (889, 136), (136,), (136, 118), (118,), (118, 10), (10,)], 'train_accuracy': 0.25402, 'test_accuracy': 0.2574}} 
10-02 13:46 DEBUG    ****** PDM_KL matching ******** 
10-02 13:46 DEBUG    Best Sigma0: 10. Best sigma: 1 Best gamma: 10. Best Test accuracy: 0.2276. Train acc: 0.22724. 

10-02 13:46 DEBUG    PDM_KL log: {(10, 1, 10): {'shapes': [(3072, 889), (889,), (889, 145), (145,), (145, 118), (118,), (118, 10), (10,)], 'train_accuracy': 0.22724, 'test_accuracy': 0.2276}} 
10-02 14:13 DEBUG    ****** PDM_KL matching ******** 
10-02 14:13 DEBUG    Best Sigma0: 10. Best sigma: 1 Best gamma: 10. Best Test accuracy: 0.2484. Train acc: 0.24888. 

10-02 14:13 DEBUG    PDM_KL log: {(10, 1, 10): {'shapes': [(3072, 885), (885,), (885, 136), (136,), (136, 118), (118,), (118, 10), (10,)], 'train_accuracy': 0.24888, 'test_accuracy': 0.2484}} 
10-02 14:40 DEBUG    ****** PDM_KL matching ******** 
10-02 14:40 DEBUG    Best Sigma0: 10. Best sigma: 1 Best gamma: 10. Best Test accuracy: 0.2354. Train acc: 0.23386. 

10-02 14:40 DEBUG    PDM_KL log: {(10, 1, 10): {'shapes': [(3072, 882), (882,), (882, 136), (136,), (136, 118), (118,), (118, 10), (10,)], 'train_accuracy': 0.23386, 'test_accuracy': 0.2354}} 
10-02 15:04 DEBUG    ****** PDM_KL matching ******** 
10-02 15:04 DEBUG    Best Sigma0: 10. Best sigma: 1 Best gamma: 10. Best Test accuracy: 0.2252. Train acc: 0.2223. 

10-02 15:04 DEBUG    PDM_KL log: {(10, 1, 10): {'shapes': [(3072, 837), (837,), (837, 136), (136,), (136, 127), (127,), (127, 10), (10,)], 'train_accuracy': 0.2223, 'test_accuracy': 0.2252}} 
10-02 15:14 DEBUG    ****** PDM_KL matching ******** 
10-02 15:14 DEBUG    Best Sigma0: 10. Best sigma: 1 Best gamma: 10. Best Test accuracy: 0.216. Train acc: 0.21312. 

10-02 15:14 DEBUG    PDM_KL log: {(10, 1, 10): {'shapes': [(3072, 307), (307,), (307, 127), (127,), (127, 127), (127,), (127, 10), (10,)], 'train_accuracy': 0.21312, 'test_accuracy': 0.216}} 
10-02 15:18 DEBUG    ****** PDM_KL matching ******** 
10-02 15:18 DEBUG    Best Sigma0: 10. Best sigma: 1 Best gamma: 10. Best Test accuracy: 0.1. Train acc: 0.1. 

10-02 15:18 DEBUG    PDM_KL log: {(10, 1, 10): {'shapes': [(3072, 109), (109,), (109, 118), (118,), (118, 118), (118,), (118, 10), (10,)], 'train_accuracy': 0.1, 'test_accuracy': 0.1}} 
10-02 15:21 DEBUG    ****** PDM_KL matching ******** 
10-02 15:21 DEBUG    Best Sigma0: 10. Best sigma: 1 Best gamma: 10. Best Test accuracy: 0.1. Train acc: 0.1. 

10-02 15:21 DEBUG    PDM_KL log: {(10, 1, 10): {'shapes': [(3072, 100), (100,), (100, 118), (118,), (118, 118), (118,), (118, 10), (10,)], 'train_accuracy': 0.1, 'test_accuracy': 0.1}} 
10-02 15:23 DEBUG    ****** PDM_KL matching ******** 
10-02 15:23 DEBUG    Best Sigma0: 10. Best sigma: 1 Best gamma: 10. Best Test accuracy: 0.1. Train acc: 0.1. 

10-02 15:23 DEBUG    PDM_KL log: {(10, 1, 10): {'shapes': [(3072, 100), (100,), (100, 118), (118,), (118, 118), (118,), (118, 10), (10,)], 'train_accuracy': 0.1, 'test_accuracy': 0.1}} 
10-02 15:23 DEBUG    Trial 6 completed
10-02 15:23 DEBUG    ####################################################################################################
10-02 15:23 DEBUG    ####################################################################################################
10-02 15:23 DEBUG    Executing Trial 7 with seed 7
10-02 15:23 DEBUG    Data statistics: {0: {0: 482, 1: 521, 2: 535, 3: 522, 4: 467, 5: 501, 6: 526, 7: 471, 8: 489, 9: 486}, 1: {0: 527, 1: 478, 2: 478, 3: 525, 4: 507, 5: 463, 6: 507, 7: 499, 8: 520, 9: 496}, 2: {0: 489, 1: 470, 2: 493, 3: 474, 4: 505, 5: 539, 6: 476, 7: 516, 8: 519, 9: 519}, 3: {0: 489, 1: 489, 2: 485, 3: 519, 4: 474, 5: 505, 6: 483, 7: 517, 8: 515, 9: 524}, 4: {0: 516, 1: 492, 2: 514, 3: 501, 4: 490, 5: 513, 6: 497, 7: 486, 8: 500, 9: 491}, 5: {0: 507, 1: 511, 2: 508, 3: 489, 4: 512, 5: 491, 6: 462, 7: 498, 8: 503, 9: 519}, 6: {0: 487, 1: 497, 2: 481, 3: 477, 4: 494, 5: 531, 6: 534, 7: 484, 8: 539, 9: 476}, 7: {0: 512, 1: 497, 2: 493, 3: 496, 4: 537, 5: 462, 6: 510, 7: 562, 8: 460, 9: 471}, 8: {0: 527, 1: 536, 2: 509, 3: 474, 4: 504, 5: 500, 6: 486, 7: 464, 8: 468, 9: 532}, 9: {0: 464, 1: 509, 2: 504, 3: 523, 4: 510, 5: 495, 6: 519, 7: 503, 8: 487, 9: 486}}
10-02 15:24 DEBUG    **************************************************
10-02 15:24 DEBUG    Running experiments 

10-02 15:34 DEBUG    ****** PDM_KL matching ******** 
10-02 15:34 DEBUG    Best Sigma0: 10. Best sigma: 1 Best gamma: 10. Best Test accuracy: 0.2165. Train acc: 0.21744. 

10-02 15:34 DEBUG    PDM_KL log: {(10, 1, 10): {'shapes': [(3072, 887), (887,), (887, 136), (136,), (136, 118), (118,), (118, 10), (10,)], 'train_accuracy': 0.21744, 'test_accuracy': 0.2165}} 
10-02 16:01 DEBUG    ****** PDM_KL matching ******** 
10-02 16:01 DEBUG    Best Sigma0: 10. Best sigma: 1 Best gamma: 10. Best Test accuracy: 0.2074. Train acc: 0.2105. 

10-02 16:01 DEBUG    PDM_KL log: {(10, 1, 10): {'shapes': [(3072, 887), (887,), (887, 145), (145,), (145, 118), (118,), (118, 10), (10,)], 'train_accuracy': 0.2105, 'test_accuracy': 0.2074}} 
10-02 16:28 DEBUG    ****** PDM_KL matching ******** 
10-02 16:28 DEBUG    Best Sigma0: 10. Best sigma: 1 Best gamma: 10. Best Test accuracy: 0.2434. Train acc: 0.24468. 

10-02 16:28 DEBUG    PDM_KL log: {(10, 1, 10): {'shapes': [(3072, 887), (887,), (887, 145), (145,), (145, 118), (118,), (118, 10), (10,)], 'train_accuracy': 0.24468, 'test_accuracy': 0.2434}} 
10-02 16:55 DEBUG    ****** PDM_KL matching ******** 
10-02 16:55 DEBUG    Best Sigma0: 10. Best sigma: 1 Best gamma: 10. Best Test accuracy: 0.2282. Train acc: 0.23012. 

10-02 16:55 DEBUG    PDM_KL log: {(10, 1, 10): {'shapes': [(3072, 888), (888,), (888, 136), (136,), (136, 118), (118,), (118, 10), (10,)], 'train_accuracy': 0.23012, 'test_accuracy': 0.2282}} 
10-02 17:20 DEBUG    ****** PDM_KL matching ******** 
10-02 17:20 DEBUG    Best Sigma0: 10. Best sigma: 1 Best gamma: 10. Best Test accuracy: 0.1961. Train acc: 0.20206. 

10-02 17:20 DEBUG    PDM_KL log: {(10, 1, 10): {'shapes': [(3072, 886), (886,), (886, 136), (136,), (136, 118), (118,), (118, 10), (10,)], 'train_accuracy': 0.20206, 'test_accuracy': 0.1961}} 
10-02 17:47 DEBUG    ****** PDM_KL matching ******** 
10-02 17:47 DEBUG    Best Sigma0: 10. Best sigma: 1 Best gamma: 10. Best Test accuracy: 0.2607. Train acc: 0.25918. 

10-02 17:47 DEBUG    PDM_KL log: {(10, 1, 10): {'shapes': [(3072, 883), (883,), (883, 145), (145,), (145, 118), (118,), (118, 10), (10,)], 'train_accuracy': 0.25918, 'test_accuracy': 0.2607}} 
10-02 18:11 DEBUG    ****** PDM_KL matching ******** 
10-02 18:11 DEBUG    Best Sigma0: 10. Best sigma: 1 Best gamma: 10. Best Test accuracy: 0.1787. Train acc: 0.17842. 

10-02 18:11 DEBUG    PDM_KL log: {(10, 1, 10): {'shapes': [(3072, 812), (812,), (812, 136), (136,), (136, 127), (127,), (127, 10), (10,)], 'train_accuracy': 0.17842, 'test_accuracy': 0.1787}} 
10-02 18:21 DEBUG    ****** PDM_KL matching ******** 
10-02 18:21 DEBUG    Best Sigma0: 10. Best sigma: 1 Best gamma: 10. Best Test accuracy: 0.2123. Train acc: 0.21162. 

10-02 18:21 DEBUG    PDM_KL log: {(10, 1, 10): {'shapes': [(3072, 307), (307,), (307, 127), (127,), (127, 127), (127,), (127, 10), (10,)], 'train_accuracy': 0.21162, 'test_accuracy': 0.2123}} 
10-02 18:24 DEBUG    ****** PDM_KL matching ******** 
10-02 18:24 DEBUG    Best Sigma0: 10. Best sigma: 1 Best gamma: 10. Best Test accuracy: 0.1. Train acc: 0.1. 

10-02 18:24 DEBUG    PDM_KL log: {(10, 1, 10): {'shapes': [(3072, 100), (100,), (100, 118), (118,), (118, 118), (118,), (118, 10), (10,)], 'train_accuracy': 0.1, 'test_accuracy': 0.1}} 
10-02 18:27 DEBUG    ****** PDM_KL matching ******** 
10-02 18:27 DEBUG    Best Sigma0: 10. Best sigma: 1 Best gamma: 10. Best Test accuracy: 0.1. Train acc: 0.1. 

10-02 18:27 DEBUG    PDM_KL log: {(10, 1, 10): {'shapes': [(3072, 100), (100,), (100, 118), (118,), (118, 118), (118,), (118, 10), (10,)], 'train_accuracy': 0.1, 'test_accuracy': 0.1}} 
10-02 18:30 DEBUG    ****** PDM_KL matching ******** 
10-02 18:30 DEBUG    Best Sigma0: 10. Best sigma: 1 Best gamma: 10. Best Test accuracy: 0.1. Train acc: 0.1. 

10-02 18:30 DEBUG    PDM_KL log: {(10, 1, 10): {'shapes': [(3072, 100), (100,), (100, 118), (118,), (118, 118), (118,), (118, 10), (10,)], 'train_accuracy': 0.1, 'test_accuracy': 0.1}} 
10-02 18:30 DEBUG    Trial 7 completed
10-02 18:30 DEBUG    ####################################################################################################
10-02 18:30 DEBUG    ####################################################################################################
10-02 18:30 DEBUG    Executing Trial 8 with seed 8
10-02 18:30 DEBUG    Data statistics: {0: {0: 518, 1: 496, 2: 490, 3: 514, 4: 513, 5: 507, 6: 510, 7: 462, 8: 461, 9: 529}, 1: {0: 522, 1: 510, 2: 503, 3: 490, 4: 501, 5: 481, 6: 522, 7: 496, 8: 471, 9: 504}, 2: {0: 475, 1: 498, 2: 474, 3: 476, 4: 493, 5: 531, 6: 504, 7: 508, 8: 526, 9: 515}, 3: {0: 491, 1: 516, 2: 505, 3: 501, 4: 508, 5: 499, 6: 480, 7: 486, 8: 519, 9: 495}, 4: {0: 501, 1: 463, 2: 496, 3: 496, 4: 519, 5: 487, 6: 482, 7: 543, 8: 536, 9: 477}, 5: {0: 475, 1: 502, 2: 493, 3: 483, 4: 512, 5: 511, 6: 521, 7: 468, 8: 501, 9: 534}, 6: {0: 492, 1: 517, 2: 530, 3: 502, 4: 509, 5: 480, 6: 493, 7: 488, 8: 499, 9: 490}, 7: {0: 486, 1: 501, 2: 518, 3: 524, 4: 484, 5: 491, 6: 489, 7: 507, 8: 530, 9: 470}, 8: {0: 509, 1: 511, 2: 467, 3: 503, 4: 495, 5: 509, 6: 513, 7: 516, 8: 465, 9: 512}, 9: {0: 531, 1: 486, 2: 524, 3: 511, 4: 466, 5: 504, 6: 486, 7: 526, 8: 492, 9: 474}}
10-02 18:30 DEBUG    **************************************************
10-02 18:30 DEBUG    Running experiments 

10-02 18:41 DEBUG    ****** PDM_KL matching ******** 
10-02 18:41 DEBUG    Best Sigma0: 10. Best sigma: 1 Best gamma: 10. Best Test accuracy: 0.1575. Train acc: 0.15584. 

10-02 18:41 DEBUG    PDM_KL log: {(10, 1, 10): {'shapes': [(3072, 890), (890,), (890, 145), (145,), (145, 118), (118,), (118, 10), (10,)], 'train_accuracy': 0.15584, 'test_accuracy': 0.1575}} 
10-02 19:08 DEBUG    ****** PDM_KL matching ******** 
10-02 19:08 DEBUG    Best Sigma0: 10. Best sigma: 1 Best gamma: 10. Best Test accuracy: 0.1574. Train acc: 0.1542. 

10-02 19:08 DEBUG    PDM_KL log: {(10, 1, 10): {'shapes': [(3072, 887), (887,), (887, 145), (145,), (145, 118), (118,), (118, 10), (10,)], 'train_accuracy': 0.1542, 'test_accuracy': 0.1574}} 
10-02 19:36 DEBUG    ****** PDM_KL matching ******** 
10-02 19:36 DEBUG    Best Sigma0: 10. Best sigma: 1 Best gamma: 10. Best Test accuracy: 0.165. Train acc: 0.16368. 

10-02 19:36 DEBUG    PDM_KL log: {(10, 1, 10): {'shapes': [(3072, 888), (888,), (888, 145), (145,), (145, 118), (118,), (118, 10), (10,)], 'train_accuracy': 0.16368, 'test_accuracy': 0.165}} 
10-02 20:03 DEBUG    ****** PDM_KL matching ******** 
10-02 20:03 DEBUG    Best Sigma0: 10. Best sigma: 1 Best gamma: 10. Best Test accuracy: 0.1539. Train acc: 0.15414. 

10-02 20:03 DEBUG    PDM_KL log: {(10, 1, 10): {'shapes': [(3072, 887), (887,), (887, 145), (145,), (145, 118), (118,), (118, 10), (10,)], 'train_accuracy': 0.15414, 'test_accuracy': 0.1539}} 
10-02 20:29 DEBUG    ****** PDM_KL matching ******** 
10-02 20:29 DEBUG    Best Sigma0: 10. Best sigma: 1 Best gamma: 10. Best Test accuracy: 0.1478. Train acc: 0.1444. 

10-02 20:29 DEBUG    PDM_KL log: {(10, 1, 10): {'shapes': [(3072, 883), (883,), (883, 136), (136,), (136, 118), (118,), (118, 10), (10,)], 'train_accuracy': 0.1444, 'test_accuracy': 0.1478}} 
10-02 20:55 DEBUG    ****** PDM_KL matching ******** 
10-02 20:55 DEBUG    Best Sigma0: 10. Best sigma: 1 Best gamma: 10. Best Test accuracy: 0.2103. Train acc: 0.21002. 

10-02 20:55 DEBUG    PDM_KL log: {(10, 1, 10): {'shapes': [(3072, 883), (883,), (883, 145), (145,), (145, 118), (118,), (118, 10), (10,)], 'train_accuracy': 0.21002, 'test_accuracy': 0.2103}} 
10-02 21:19 DEBUG    ****** PDM_KL matching ******** 
10-02 21:19 DEBUG    Best Sigma0: 10. Best sigma: 1 Best gamma: 10. Best Test accuracy: 0.1976. Train acc: 0.19464. 

10-02 21:19 DEBUG    PDM_KL log: {(10, 1, 10): {'shapes': [(3072, 823), (823,), (823, 136), (136,), (136, 127), (127,), (127, 10), (10,)], 'train_accuracy': 0.19464, 'test_accuracy': 0.1976}} 
10-02 21:30 DEBUG    ****** PDM_KL matching ******** 
10-02 21:30 DEBUG    Best Sigma0: 10. Best sigma: 1 Best gamma: 10. Best Test accuracy: 0.2122. Train acc: 0.2103. 

10-02 21:30 DEBUG    PDM_KL log: {(10, 1, 10): {'shapes': [(3072, 316), (316,), (316, 127), (127,), (127, 127), (127,), (127, 10), (10,)], 'train_accuracy': 0.2103, 'test_accuracy': 0.2122}} 
10-02 21:33 DEBUG    ****** PDM_KL matching ******** 
10-02 21:33 DEBUG    Best Sigma0: 10. Best sigma: 1 Best gamma: 10. Best Test accuracy: 0.1. Train acc: 0.1. 

10-02 21:33 DEBUG    PDM_KL log: {(10, 1, 10): {'shapes': [(3072, 100), (100,), (100, 118), (118,), (118, 118), (118,), (118, 10), (10,)], 'train_accuracy': 0.1, 'test_accuracy': 0.1}} 
10-02 21:36 DEBUG    ****** PDM_KL matching ******** 
10-02 21:36 DEBUG    Best Sigma0: 10. Best sigma: 1 Best gamma: 10. Best Test accuracy: 0.1. Train acc: 0.1. 

10-02 21:36 DEBUG    PDM_KL log: {(10, 1, 10): {'shapes': [(3072, 100), (100,), (100, 118), (118,), (118, 118), (118,), (118, 10), (10,)], 'train_accuracy': 0.1, 'test_accuracy': 0.1}} 
10-02 21:39 DEBUG    ****** PDM_KL matching ******** 
10-02 21:39 DEBUG    Best Sigma0: 10. Best sigma: 1 Best gamma: 10. Best Test accuracy: 0.1. Train acc: 0.1. 

10-02 21:39 DEBUG    PDM_KL log: {(10, 1, 10): {'shapes': [(3072, 100), (100,), (100, 109), (109,), (109, 118), (118,), (118, 10), (10,)], 'train_accuracy': 0.1, 'test_accuracy': 0.1}} 
10-02 21:39 DEBUG    Trial 8 completed
10-02 21:39 DEBUG    ####################################################################################################
10-02 21:39 DEBUG    ####################################################################################################
10-02 21:39 DEBUG    Executing Trial 9 with seed 9
10-02 21:39 DEBUG    Data statistics: {0: {0: 490, 1: 482, 2: 496, 3: 501, 4: 516, 5: 513, 6: 508, 7: 486, 8: 504, 9: 504}, 1: {0: 513, 1: 502, 2: 507, 3: 476, 4: 496, 5: 476, 6: 494, 7: 502, 8: 507, 9: 527}, 2: {0: 522, 1: 476, 2: 517, 3: 485, 4: 499, 5: 500, 6: 520, 7: 481, 8: 499, 9: 501}, 3: {0: 496, 1: 502, 2: 519, 3: 490, 4: 472, 5: 502, 6: 500, 7: 536, 8: 496, 9: 487}, 4: {0: 507, 1: 522, 2: 514, 3: 506, 4: 531, 5: 481, 6: 497, 7: 507, 8: 465, 9: 470}, 5: {0: 497, 1: 510, 2: 499, 3: 467, 4: 539, 5: 520, 6: 494, 7: 468, 8: 484, 9: 522}, 6: {0: 478, 1: 569, 2: 478, 3: 535, 4: 485, 5: 492, 6: 487, 7: 498, 8: 510, 9: 468}, 7: {0: 486, 1: 459, 2: 494, 3: 516, 4: 492, 5: 497, 6: 510, 7: 517, 8: 524, 9: 505}, 8: {0: 511, 1: 495, 2: 478, 3: 538, 4: 463, 5: 513, 6: 470, 7: 511, 8: 499, 9: 522}, 9: {0: 500, 1: 483, 2: 498, 3: 486, 4: 507, 5: 506, 6: 520, 7: 494, 8: 512, 9: 494}}
10-02 21:39 DEBUG    **************************************************
10-02 21:39 DEBUG    Running experiments 

10-02 21:50 DEBUG    ****** PDM_KL matching ******** 
10-02 21:50 DEBUG    Best Sigma0: 10. Best sigma: 1 Best gamma: 10. Best Test accuracy: 0.2165. Train acc: 0.21618. 

10-02 21:50 DEBUG    PDM_KL log: {(10, 1, 10): {'shapes': [(3072, 879), (879,), (879, 136), (136,), (136, 127), (127,), (127, 10), (10,)], 'train_accuracy': 0.21618, 'test_accuracy': 0.2165}} 
10-02 22:17 DEBUG    ****** PDM_KL matching ******** 
10-02 22:17 DEBUG    Best Sigma0: 10. Best sigma: 1 Best gamma: 10. Best Test accuracy: 0.2015. Train acc: 0.20292. 

10-02 22:17 DEBUG    PDM_KL log: {(10, 1, 10): {'shapes': [(3072, 878), (878,), (878, 136), (136,), (136, 127), (127,), (127, 10), (10,)], 'train_accuracy': 0.20292, 'test_accuracy': 0.2015}} 
10-02 22:44 DEBUG    ****** PDM_KL matching ******** 
10-02 22:44 DEBUG    Best Sigma0: 10. Best sigma: 1 Best gamma: 10. Best Test accuracy: 0.2234. Train acc: 0.22696. 

10-02 22:44 DEBUG    PDM_KL log: {(10, 1, 10): {'shapes': [(3072, 878), (878,), (878, 144), (144,), (144, 127), (127,), (127, 10), (10,)], 'train_accuracy': 0.22696, 'test_accuracy': 0.2234}} 
10-02 23:10 DEBUG    ****** PDM_KL matching ******** 
10-02 23:10 DEBUG    Best Sigma0: 10. Best sigma: 1 Best gamma: 10. Best Test accuracy: 0.2238. Train acc: 0.2239. 

10-02 23:10 DEBUG    PDM_KL log: {(10, 1, 10): {'shapes': [(3072, 877), (877,), (877, 136), (136,), (136, 127), (127,), (127, 10), (10,)], 'train_accuracy': 0.2239, 'test_accuracy': 0.2238}} 
10-02 23:36 DEBUG    ****** PDM_KL matching ******** 
10-02 23:36 DEBUG    Best Sigma0: 10. Best sigma: 1 Best gamma: 10. Best Test accuracy: 0.2293. Train acc: 0.22712. 

10-02 23:36 DEBUG    PDM_KL log: {(10, 1, 10): {'shapes': [(3072, 876), (876,), (876, 136), (136,), (136, 127), (127,), (127, 10), (10,)], 'train_accuracy': 0.22712, 'test_accuracy': 0.2293}} 
10-02 23:59 DEBUG    ****** PDM_KL matching ******** 
10-02 23:59 DEBUG    Best Sigma0: 10. Best sigma: 1 Best gamma: 10. Best Test accuracy: 0.243. Train acc: 0.239. 

10-02 23:59 DEBUG    PDM_KL log: {(10, 1, 10): {'shapes': [(3072, 874), (874,), (874, 136), (136,), (136, 127), (127,), (127, 10), (10,)], 'train_accuracy': 0.239, 'test_accuracy': 0.243}} 
10-03 00:19 DEBUG    ****** PDM_KL matching ******** 
10-03 00:19 DEBUG    Best Sigma0: 10. Best sigma: 1 Best gamma: 10. Best Test accuracy: 0.2116. Train acc: 0.20534. 

10-03 00:19 DEBUG    PDM_KL log: {(10, 1, 10): {'shapes': [(3072, 813), (813,), (813, 136), (136,), (136, 127), (127,), (127, 10), (10,)], 'train_accuracy': 0.20534, 'test_accuracy': 0.2116}} 
10-03 00:26 DEBUG    ****** PDM_KL matching ******** 
10-03 00:26 DEBUG    Best Sigma0: 10. Best sigma: 1 Best gamma: 10. Best Test accuracy: 0.203. Train acc: 0.20622. 

10-03 00:26 DEBUG    PDM_KL log: {(10, 1, 10): {'shapes': [(3072, 289), (289,), (289, 127), (127,), (127, 127), (127,), (127, 10), (10,)], 'train_accuracy': 0.20622, 'test_accuracy': 0.203}} 
10-03 00:28 DEBUG    ****** PDM_KL matching ******** 
10-03 00:28 DEBUG    Best Sigma0: 10. Best sigma: 1 Best gamma: 10. Best Test accuracy: 0.1. Train acc: 0.1. 

10-03 00:28 DEBUG    PDM_KL log: {(10, 1, 10): {'shapes': [(3072, 108), (108,), (108, 118), (118,), (118, 118), (118,), (118, 10), (10,)], 'train_accuracy': 0.1, 'test_accuracy': 0.1}} 
10-03 00:30 DEBUG    ****** PDM_KL matching ******** 
10-03 00:30 DEBUG    Best Sigma0: 10. Best sigma: 1 Best gamma: 10. Best Test accuracy: 0.1. Train acc: 0.1. 

10-03 00:30 DEBUG    PDM_KL log: {(10, 1, 10): {'shapes': [(3072, 100), (100,), (100, 118), (118,), (118, 118), (118,), (118, 10), (10,)], 'train_accuracy': 0.1, 'test_accuracy': 0.1}} 
10-03 00:32 DEBUG    ****** PDM_KL matching ******** 
10-03 00:32 DEBUG    Best Sigma0: 10. Best sigma: 1 Best gamma: 10. Best Test accuracy: 0.1. Train acc: 0.1. 

10-03 00:32 DEBUG    PDM_KL log: {(10, 1, 10): {'shapes': [(3072, 100), (100,), (100, 118), (118,), (118, 118), (118,), (118, 10), (10,)], 'train_accuracy': 0.1, 'test_accuracy': 0.1}} 
10-03 00:32 DEBUG    Trial 9 completed
10-03 00:32 DEBUG    ####################################################################################################
