09-11 17:38 DEBUG    Experiment arguments: Namespace(alpha=0.5, communication_rounds=None, datadir='data/mnist', dataset='mnist', device=1.0, dropout_p=0.0, epochs=10, experiment=['all'], init_seed=0, iter_epochs=5, layers=1, loaddir='saved_weights/mnist/hetero-dir', logdir='KL_regs/mnist/hetero-dir', lr=0.01, lr_decay=1.0, n=6, n_layers=1, n_nets=10, net_config=[784, 100, 100, 10], num_pool_workers=6, partition='hetero-dir', pdm_gamma=1.0, pdm_sig=1.0, pdm_sig0=1.0, reg=1e-06, reg_fac=0.0, trials=10)
09-11 17:38 DEBUG    ####################################################################################################
09-11 17:38 DEBUG    Executing Trial 0 with seed 0
09-11 17:38 DEBUG    Data statistics: {0: {0: 602, 2: 796, 3: 948, 4: 477, 5: 120, 6: 546, 7: 191, 8: 143, 9: 1650}, 1: {0: 820, 1: 2411, 2: 2824}, 2: {0: 770, 1: 25, 2: 669, 3: 963, 4: 2734, 5: 28, 6: 7, 7: 16, 8: 602, 9: 663}, 3: {0: 237, 1: 923, 2: 396, 3: 273, 4: 609, 5: 240, 6: 468, 7: 150, 8: 2975}, 4: {0: 241, 1: 409, 2: 58, 3: 1175, 4: 425, 5: 64, 6: 88, 7: 55, 8: 100, 9: 670}, 5: {0: 103, 1: 356, 3: 10, 4: 474, 5: 29, 6: 2121, 7: 554, 8: 888, 9: 2934}, 6: {0: 1430, 1: 2487, 2: 58, 3: 266, 4: 650, 5: 551, 6: 128, 7: 2929}, 7: {0: 554, 1: 1, 2: 160, 3: 51, 5: 1511, 6: 2451, 7: 1609}, 8: {0: 234, 1: 100, 2: 867, 3: 1177, 4: 77, 5: 2396, 6: 92, 7: 646, 8: 1133}, 9: {0: 932, 1: 30, 2: 130, 3: 1268, 4: 396, 5: 482, 6: 17, 7: 115, 8: 10, 9: 32}}
09-11 17:39 DEBUG    **************************************************
09-11 17:39 DEBUG    Running experiments 

09-11 17:39 DEBUG    Uniform ensemble (Train acc): 0.957483
09-11 17:39 DEBUG    Uniform ensemble (Test acc): 0.951800
09-11 17:39 DEBUG    FedAvg (Train acc): 0.097517
09-11 17:39 DEBUG    FedAvg (Test acc): 0.097400
09-11 17:40 DEBUG    ****** PDM_KL matching ******** 
09-11 17:40 DEBUG    Best Sigma0: 0.5. Best sigma: 1 Best gamma: 10. Best Test accuracy: 0.8296. Train acc: 0.8364166666666667. 

09-11 17:40 DEBUG    PDM_KL log: {(0.5, 1, 10): {'shapes': [(784, 283), (283,), (283, 109), (109,), (109, 10), (10,)], 'train_accuracy': 0.8364166666666667, 'test_accuracy': 0.8296}} 
09-11 17:41 DEBUG    ****** PDM_KL matching ******** 
09-11 17:41 DEBUG    Best Sigma0: 0.5. Best sigma: 1 Best gamma: 10. Best Test accuracy: 0.8236. Train acc: 0.8285166666666667. 

09-11 17:41 DEBUG    PDM_KL log: {(0.5, 1, 10): {'shapes': [(784, 287), (287,), (287, 109), (109,), (109, 10), (10,)], 'train_accuracy': 0.8285166666666667, 'test_accuracy': 0.8236}} 
09-11 17:43 DEBUG    ****** PDM_KL matching ******** 
09-11 17:43 DEBUG    Best Sigma0: 0.5. Best sigma: 1 Best gamma: 10. Best Test accuracy: 0.8308. Train acc: 0.8350833333333333. 

09-11 17:43 DEBUG    PDM_KL log: {(0.5, 1, 10): {'shapes': [(784, 290), (290,), (290, 109), (109,), (109, 10), (10,)], 'train_accuracy': 0.8350833333333333, 'test_accuracy': 0.8308}} 
09-11 17:44 DEBUG    ****** PDM_KL matching ******** 
09-11 17:44 DEBUG    Best Sigma0: 0.5. Best sigma: 1 Best gamma: 10. Best Test accuracy: 0.8237. Train acc: 0.8254666666666667. 

09-11 17:44 DEBUG    PDM_KL log: {(0.5, 1, 10): {'shapes': [(784, 292), (292,), (292, 109), (109,), (109, 10), (10,)], 'train_accuracy': 0.8254666666666667, 'test_accuracy': 0.8237}} 
09-11 17:45 DEBUG    ****** PDM_KL matching ******** 
09-11 17:45 DEBUG    Best Sigma0: 0.5. Best sigma: 1 Best gamma: 10. Best Test accuracy: 0.8066. Train acc: 0.81525. 

09-11 17:45 DEBUG    PDM_KL log: {(0.5, 1, 10): {'shapes': [(784, 293), (293,), (293, 109), (109,), (109, 10), (10,)], 'train_accuracy': 0.81525, 'test_accuracy': 0.8066}} 
09-11 17:47 DEBUG    ****** PDM_KL matching ******** 
09-11 17:47 DEBUG    Best Sigma0: 0.5. Best sigma: 1 Best gamma: 10. Best Test accuracy: 0.8473. Train acc: 0.8488. 

09-11 17:47 DEBUG    PDM_KL log: {(0.5, 1, 10): {'shapes': [(784, 299), (299,), (299, 109), (109,), (109, 10), (10,)], 'train_accuracy': 0.8488, 'test_accuracy': 0.8473}} 
09-11 17:50 DEBUG    ****** PDM_KL matching ******** 
09-11 17:50 DEBUG    Best Sigma0: 0.5. Best sigma: 1 Best gamma: 10. Best Test accuracy: 0.8298. Train acc: 0.8359666666666666. 

09-11 17:50 DEBUG    PDM_KL log: {(0.5, 1, 10): {'shapes': [(784, 400), (400,), (400, 118), (118,), (118, 10), (10,)], 'train_accuracy': 0.8359666666666666, 'test_accuracy': 0.8298}} 
09-11 17:54 DEBUG    ****** PDM_KL matching ******** 
09-11 17:54 DEBUG    Best Sigma0: 0.5. Best sigma: 1 Best gamma: 10. Best Test accuracy: 0.8187. Train acc: 0.8210166666666666. 

09-11 17:54 DEBUG    PDM_KL log: {(0.5, 1, 10): {'shapes': [(784, 542), (542,), (542, 118), (118,), (118, 10), (10,)], 'train_accuracy': 0.8210166666666666, 'test_accuracy': 0.8187}} 
09-11 17:58 DEBUG    ****** PDM_KL matching ******** 
09-11 17:58 DEBUG    Best Sigma0: 0.5. Best sigma: 1 Best gamma: 10. Best Test accuracy: 0.4038. Train acc: 0.39768333333333333. 

09-11 17:58 DEBUG    PDM_KL log: {(0.5, 1, 10): {'shapes': [(784, 560), (560,), (560, 127), (127,), (127, 10), (10,)], 'train_accuracy': 0.39768333333333333, 'test_accuracy': 0.4038}} 
09-11 18:00 DEBUG    ****** PDM_KL matching ******** 
09-11 18:00 DEBUG    Best Sigma0: 0.5. Best sigma: 1 Best gamma: 10. Best Test accuracy: 0.1196. Train acc: 0.11256666666666666. 

09-11 18:00 DEBUG    PDM_KL log: {(0.5, 1, 10): {'shapes': [(784, 242), (242,), (242, 127), (127,), (127, 10), (10,)], 'train_accuracy': 0.11256666666666666, 'test_accuracy': 0.1196}} 
09-11 18:03 DEBUG    ****** PDM_KL matching ******** 
09-11 18:03 DEBUG    Best Sigma0: 0.5. Best sigma: 1 Best gamma: 10. Best Test accuracy: 0.0974. Train acc: 0.0976. 

09-11 18:03 DEBUG    PDM_KL log: {(0.5, 1, 10): {'shapes': [(784, 209), (209,), (209, 127), (127,), (127, 10), (10,)], 'train_accuracy': 0.0976, 'test_accuracy': 0.0974}} 
09-11 18:03 DEBUG    Trial 0 completed
09-11 18:03 DEBUG    ####################################################################################################
09-11 18:03 DEBUG    ####################################################################################################
09-11 18:03 DEBUG    Executing Trial 1 with seed 1
09-11 18:03 DEBUG    Data statistics: {0: {0: 248, 1: 83, 2: 207, 3: 99, 4: 776, 5: 380, 6: 206, 7: 350, 8: 326, 9: 117}, 1: {0: 32, 1: 787, 2: 107, 3: 76, 4: 860, 5: 388, 6: 1125, 7: 1, 8: 586, 9: 2654}, 2: {0: 1711, 1: 1222, 2: 2657, 3: 143, 4: 349}, 3: {0: 301, 1: 336, 2: 1374, 3: 1805, 4: 2026, 5: 2536}, 4: {0: 166, 1: 315, 2: 274, 3: 12, 4: 47, 5: 38, 6: 723, 7: 175, 8: 48, 9: 2474}, 5: {0: 2902, 1: 187, 3: 322, 4: 24, 5: 71, 6: 2360, 7: 2841}, 6: {0: 127, 1: 963, 2: 729, 3: 810, 4: 960, 5: 24, 6: 804, 7: 111, 8: 1703}, 7: {0: 28, 1: 1747, 2: 276, 3: 72, 4: 657, 5: 1128, 6: 668, 7: 58, 8: 457, 9: 122}, 8: {0: 4, 1: 364, 2: 138, 3: 177, 4: 45, 5: 798, 7: 2648, 8: 2247}, 9: {0: 404, 1: 738, 2: 196, 3: 2615, 4: 98, 5: 58, 6: 32, 7: 81, 8: 484, 9: 582}}
09-11 18:03 DEBUG    **************************************************
09-11 18:03 DEBUG    Running experiments 

09-11 18:04 DEBUG    Uniform ensemble (Train acc): 0.946633
09-11 18:04 DEBUG    Uniform ensemble (Test acc): 0.943900
09-11 18:04 DEBUG    FedAvg (Train acc): 0.090350
09-11 18:04 DEBUG    FedAvg (Test acc): 0.089200
09-11 18:05 DEBUG    ****** PDM_KL matching ******** 
09-11 18:05 DEBUG    Best Sigma0: 0.5. Best sigma: 1 Best gamma: 10. Best Test accuracy: 0.7822. Train acc: 0.78085. 

09-11 18:05 DEBUG    PDM_KL log: {(0.5, 1, 10): {'shapes': [(784, 284), (284,), (284, 109), (109,), (109, 10), (10,)], 'train_accuracy': 0.78085, 'test_accuracy': 0.7822}} 
09-11 18:07 DEBUG    ****** PDM_KL matching ******** 
09-11 18:07 DEBUG    Best Sigma0: 0.5. Best sigma: 1 Best gamma: 10. Best Test accuracy: 0.7832. Train acc: 0.7798. 

09-11 18:07 DEBUG    PDM_KL log: {(0.5, 1, 10): {'shapes': [(784, 288), (288,), (288, 109), (109,), (109, 10), (10,)], 'train_accuracy': 0.7798, 'test_accuracy': 0.7832}} 
09-11 18:09 DEBUG    ****** PDM_KL matching ******** 
09-11 18:09 DEBUG    Best Sigma0: 0.5. Best sigma: 1 Best gamma: 10. Best Test accuracy: 0.7645. Train acc: 0.7605333333333333. 

09-11 18:09 DEBUG    PDM_KL log: {(0.5, 1, 10): {'shapes': [(784, 286), (286,), (286, 109), (109,), (109, 10), (10,)], 'train_accuracy': 0.7605333333333333, 'test_accuracy': 0.7645}} 
09-11 18:10 DEBUG    ****** PDM_KL matching ******** 
09-11 18:10 DEBUG    Best Sigma0: 0.5. Best sigma: 1 Best gamma: 10. Best Test accuracy: 0.7985. Train acc: 0.8011333333333334. 

09-11 18:10 DEBUG    PDM_KL log: {(0.5, 1, 10): {'shapes': [(784, 289), (289,), (289, 109), (109,), (109, 10), (10,)], 'train_accuracy': 0.8011333333333334, 'test_accuracy': 0.7985}} 
09-11 18:12 DEBUG    ****** PDM_KL matching ******** 
09-11 18:12 DEBUG    Best Sigma0: 0.5. Best sigma: 1 Best gamma: 10. Best Test accuracy: 0.7708. Train acc: 0.7699666666666667. 

09-11 18:12 DEBUG    PDM_KL log: {(0.5, 1, 10): {'shapes': [(784, 296), (296,), (296, 109), (109,), (109, 10), (10,)], 'train_accuracy': 0.7699666666666667, 'test_accuracy': 0.7708}} 
09-11 18:14 DEBUG    ****** PDM_KL matching ******** 
09-11 18:14 DEBUG    Best Sigma0: 0.5. Best sigma: 1 Best gamma: 10. Best Test accuracy: 0.7086. Train acc: 0.7063. 

09-11 18:14 DEBUG    PDM_KL log: {(0.5, 1, 10): {'shapes': [(784, 301), (301,), (301, 109), (109,), (109, 10), (10,)], 'train_accuracy': 0.7063, 'test_accuracy': 0.7086}} 
09-11 18:16 DEBUG    ****** PDM_KL matching ******** 
09-11 18:16 DEBUG    Best Sigma0: 0.5. Best sigma: 1 Best gamma: 10. Best Test accuracy: 0.7598. Train acc: 0.7690333333333333. 

09-11 18:16 DEBUG    PDM_KL log: {(0.5, 1, 10): {'shapes': [(784, 403), (403,), (403, 117), (117,), (117, 10), (10,)], 'train_accuracy': 0.7690333333333333, 'test_accuracy': 0.7598}} 
09-11 18:19 DEBUG    ****** PDM_KL matching ******** 
09-11 18:19 DEBUG    Best Sigma0: 0.5. Best sigma: 1 Best gamma: 10. Best Test accuracy: 0.6799. Train acc: 0.6832166666666667. 

09-11 18:19 DEBUG    PDM_KL log: {(0.5, 1, 10): {'shapes': [(784, 546), (546,), (546, 118), (118,), (118, 10), (10,)], 'train_accuracy': 0.6832166666666667, 'test_accuracy': 0.6799}} 
09-11 18:23 DEBUG    ****** PDM_KL matching ******** 
09-11 18:23 DEBUG    Best Sigma0: 0.5. Best sigma: 1 Best gamma: 10. Best Test accuracy: 0.3677. Train acc: 0.3757666666666667. 

09-11 18:23 DEBUG    PDM_KL log: {(0.5, 1, 10): {'shapes': [(784, 582), (582,), (582, 127), (127,), (127, 10), (10,)], 'train_accuracy': 0.3757666666666667, 'test_accuracy': 0.3677}} 
09-11 18:25 DEBUG    ****** PDM_KL matching ******** 
09-11 18:25 DEBUG    Best Sigma0: 0.5. Best sigma: 1 Best gamma: 10. Best Test accuracy: 0.1519. Train acc: 0.14633333333333334. 

09-11 18:25 DEBUG    PDM_KL log: {(0.5, 1, 10): {'shapes': [(784, 259), (259,), (259, 127), (127,), (127, 10), (10,)], 'train_accuracy': 0.14633333333333334, 'test_accuracy': 0.1519}} 
09-11 18:28 DEBUG    ****** PDM_KL matching ******** 
09-11 18:28 DEBUG    Best Sigma0: 0.5. Best sigma: 1 Best gamma: 10. Best Test accuracy: 0.1027. Train acc: 0.09953333333333333. 

09-11 18:28 DEBUG    PDM_KL log: {(0.5, 1, 10): {'shapes': [(784, 224), (224,), (224, 127), (127,), (127, 10), (10,)], 'train_accuracy': 0.09953333333333333, 'test_accuracy': 0.1027}} 
09-11 18:28 DEBUG    Trial 1 completed
09-11 18:28 DEBUG    ####################################################################################################
09-11 18:28 DEBUG    ####################################################################################################
09-11 18:28 DEBUG    Executing Trial 2 with seed 2
09-11 18:28 DEBUG    Data statistics: {0: {0: 1593, 1: 475, 2: 877, 3: 767, 4: 2, 5: 8, 6: 895, 7: 50, 8: 962, 9: 212}, 1: {0: 260, 1: 1498, 2: 2, 3: 84, 4: 346, 5: 957, 6: 1195, 7: 381, 8: 642, 9: 2884}, 2: {0: 1433, 1: 390, 2: 392, 3: 285, 4: 2456, 5: 192, 6: 418, 7: 586}, 3: {0: 68, 1: 2184, 2: 1, 3: 162, 4: 195, 5: 473, 6: 704, 7: 293, 8: 1474, 9: 12}, 4: {0: 997, 2: 102, 3: 259, 4: 100, 5: 1559, 6: 164, 7: 88, 8: 1216, 9: 6}, 5: {0: 371, 1: 826, 2: 1594, 3: 2116, 4: 906, 5: 127, 6: 1421}, 6: {0: 203, 1: 1300, 2: 255, 3: 53, 4: 67, 5: 54, 6: 308, 7: 900, 8: 432, 9: 455}, 7: {0: 2, 1: 19, 2: 86, 3: 846, 4: 1087, 5: 1307, 6: 694, 7: 185, 9: 519}, 8: {0: 992, 1: 15, 2: 1552, 3: 1413, 4: 514, 5: 329, 6: 99, 7: 142, 8: 660, 9: 569}, 9: {0: 4, 1: 35, 2: 1097, 3: 146, 4: 169, 5: 415, 6: 20, 7: 3640, 8: 465, 9: 1292}}
09-11 18:28 DEBUG    **************************************************
09-11 18:28 DEBUG    Running experiments 

09-11 18:29 DEBUG    Uniform ensemble (Train acc): 0.962550
09-11 18:29 DEBUG    Uniform ensemble (Test acc): 0.960300
09-11 18:29 DEBUG    FedAvg (Train acc): 0.097517
09-11 18:29 DEBUG    FedAvg (Test acc): 0.097400
09-11 18:30 DEBUG    ****** PDM_KL matching ******** 
09-11 18:30 DEBUG    Best Sigma0: 0.5. Best sigma: 1 Best gamma: 10. Best Test accuracy: 0.8976. Train acc: 0.8971666666666667. 

09-11 18:30 DEBUG    PDM_KL log: {(0.5, 1, 10): {'shapes': [(784, 280), (280,), (280, 118), (118,), (118, 10), (10,)], 'train_accuracy': 0.8971666666666667, 'test_accuracy': 0.8976}} 
09-11 18:32 DEBUG    ****** PDM_KL matching ******** 
09-11 18:32 DEBUG    Best Sigma0: 0.5. Best sigma: 1 Best gamma: 10. Best Test accuracy: 0.863. Train acc: 0.8654666666666667. 

09-11 18:32 DEBUG    PDM_KL log: {(0.5, 1, 10): {'shapes': [(784, 274), (274,), (274, 118), (118,), (118, 10), (10,)], 'train_accuracy': 0.8654666666666667, 'test_accuracy': 0.863}} 
09-11 18:34 DEBUG    ****** PDM_KL matching ******** 
09-11 18:34 DEBUG    Best Sigma0: 0.5. Best sigma: 1 Best gamma: 10. Best Test accuracy: 0.8364. Train acc: 0.8390333333333333. 

09-11 18:34 DEBUG    PDM_KL log: {(0.5, 1, 10): {'shapes': [(784, 281), (281,), (281, 118), (118,), (118, 10), (10,)], 'train_accuracy': 0.8390333333333333, 'test_accuracy': 0.8364}} 
09-11 18:36 DEBUG    ****** PDM_KL matching ******** 
09-11 18:36 DEBUG    Best Sigma0: 0.5. Best sigma: 1 Best gamma: 10. Best Test accuracy: 0.8223. Train acc: 0.8265666666666667. 

09-11 18:36 DEBUG    PDM_KL log: {(0.5, 1, 10): {'shapes': [(784, 272), (272,), (272, 118), (118,), (118, 10), (10,)], 'train_accuracy': 0.8265666666666667, 'test_accuracy': 0.8223}} 
09-11 18:38 DEBUG    ****** PDM_KL matching ******** 
09-11 18:38 DEBUG    Best Sigma0: 0.5. Best sigma: 1 Best gamma: 10. Best Test accuracy: 0.8708. Train acc: 0.8726833333333334. 

09-11 18:38 DEBUG    PDM_KL log: {(0.5, 1, 10): {'shapes': [(784, 279), (279,), (279, 118), (118,), (118, 10), (10,)], 'train_accuracy': 0.8726833333333334, 'test_accuracy': 0.8708}} 
09-11 18:39 DEBUG    ****** PDM_KL matching ******** 
09-11 18:39 DEBUG    Best Sigma0: 0.5. Best sigma: 1 Best gamma: 10. Best Test accuracy: 0.8486. Train acc: 0.8498333333333333. 

09-11 18:39 DEBUG    PDM_KL log: {(0.5, 1, 10): {'shapes': [(784, 291), (291,), (291, 118), (118,), (118, 10), (10,)], 'train_accuracy': 0.8498333333333333, 'test_accuracy': 0.8486}} 
09-11 18:42 DEBUG    ****** PDM_KL matching ******** 
09-11 18:42 DEBUG    Best Sigma0: 0.5. Best sigma: 1 Best gamma: 10. Best Test accuracy: 0.9125. Train acc: 0.9113833333333333. 

09-11 18:42 DEBUG    PDM_KL log: {(0.5, 1, 10): {'shapes': [(784, 410), (410,), (410, 118), (118,), (118, 10), (10,)], 'train_accuracy': 0.9113833333333333, 'test_accuracy': 0.9125}} 
09-11 18:46 DEBUG    ****** PDM_KL matching ******** 
09-11 18:46 DEBUG    Best Sigma0: 0.5. Best sigma: 1 Best gamma: 10. Best Test accuracy: 0.9024. Train acc: 0.89845. 

09-11 18:46 DEBUG    PDM_KL log: {(0.5, 1, 10): {'shapes': [(784, 578), (578,), (578, 118), (118,), (118, 10), (10,)], 'train_accuracy': 0.89845, 'test_accuracy': 0.9024}} 
09-11 18:51 DEBUG    ****** PDM_KL matching ******** 
09-11 18:51 DEBUG    Best Sigma0: 0.5. Best sigma: 1 Best gamma: 10. Best Test accuracy: 0.605. Train acc: 0.6042. 

09-11 18:51 DEBUG    PDM_KL log: {(0.5, 1, 10): {'shapes': [(784, 626), (626,), (626, 127), (127,), (127, 10), (10,)], 'train_accuracy': 0.6042, 'test_accuracy': 0.605}} 
09-11 18:53 DEBUG    ****** PDM_KL matching ******** 
09-11 18:53 DEBUG    Best Sigma0: 0.5. Best sigma: 1 Best gamma: 10. Best Test accuracy: 0.2082. Train acc: 0.20176666666666668. 

09-11 18:53 DEBUG    PDM_KL log: {(0.5, 1, 10): {'shapes': [(784, 288), (288,), (288, 127), (127,), (127, 10), (10,)], 'train_accuracy': 0.20176666666666668, 'test_accuracy': 0.2082}} 
09-11 18:56 DEBUG    ****** PDM_KL matching ******** 
09-11 18:56 DEBUG    Best Sigma0: 0.5. Best sigma: 1 Best gamma: 10. Best Test accuracy: 0.0988. Train acc: 0.09873333333333334. 

09-11 18:56 DEBUG    PDM_KL log: {(0.5, 1, 10): {'shapes': [(784, 229), (229,), (229, 127), (127,), (127, 10), (10,)], 'train_accuracy': 0.09873333333333334, 'test_accuracy': 0.0988}} 
09-11 18:56 DEBUG    Trial 2 completed
09-11 18:56 DEBUG    ####################################################################################################
09-11 18:56 DEBUG    ####################################################################################################
09-11 18:56 DEBUG    Executing Trial 3 with seed 3
09-11 18:56 DEBUG    Data statistics: {0: {0: 416, 1: 250, 2: 208, 3: 168, 4: 7, 5: 2127, 6: 1354, 7: 1453, 8: 272}, 1: {0: 44, 1: 656, 2: 58, 3: 207, 4: 338, 5: 859, 6: 919, 7: 1, 8: 211, 9: 4223}, 2: {0: 4, 1: 136, 2: 877, 3: 632, 4: 143, 5: 124, 6: 212, 7: 11, 9: 17}, 3: {0: 51, 1: 5, 2: 1548, 3: 15, 4: 1673, 5: 159, 6: 226, 7: 867, 8: 99, 9: 893}, 4: {0: 238, 1: 152, 2: 122, 3: 1396, 4: 18, 5: 460, 6: 246, 7: 262, 8: 1433, 9: 815}, 5: {0: 3481, 1: 2521}, 6: {0: 1409, 1: 1469, 2: 476, 3: 30, 4: 74, 5: 233, 6: 756, 7: 25, 8: 2145}, 7: {0: 22, 1: 1, 2: 57, 3: 1707, 4: 2570, 5: 136, 6: 1234, 7: 2438}, 8: {0: 89, 1: 381, 2: 2176, 3: 1701, 4: 184, 5: 174, 6: 906, 7: 223, 8: 551}, 9: {0: 169, 1: 1171, 2: 436, 3: 275, 4: 835, 5: 1149, 6: 65, 7: 985, 8: 1140, 9: 1}}
09-11 18:56 DEBUG    **************************************************
09-11 18:56 DEBUG    Running experiments 

09-11 18:56 DEBUG    Uniform ensemble (Train acc): 0.938067
09-11 18:56 DEBUG    Uniform ensemble (Test acc): 0.936400
09-11 18:56 DEBUG    FedAvg (Train acc): 0.097517
09-11 18:56 DEBUG    FedAvg (Test acc): 0.097400
09-11 18:58 DEBUG    ****** PDM_KL matching ******** 
09-11 18:58 DEBUG    Best Sigma0: 0.5. Best sigma: 1 Best gamma: 10. Best Test accuracy: 0.8496. Train acc: 0.8544. 

09-11 18:58 DEBUG    PDM_KL log: {(0.5, 1, 10): {'shapes': [(784, 289), (289,), (289, 118), (118,), (118, 10), (10,)], 'train_accuracy': 0.8544, 'test_accuracy': 0.8496}} 
09-11 18:59 DEBUG    ****** PDM_KL matching ******** 
09-11 18:59 DEBUG    Best Sigma0: 0.5. Best sigma: 1 Best gamma: 10. Best Test accuracy: 0.8435. Train acc: 0.8435166666666667. 

09-11 18:59 DEBUG    PDM_KL log: {(0.5, 1, 10): {'shapes': [(784, 285), (285,), (285, 118), (118,), (118, 10), (10,)], 'train_accuracy': 0.8435166666666667, 'test_accuracy': 0.8435}} 
09-11 19:01 DEBUG    ****** PDM_KL matching ******** 
09-11 19:01 DEBUG    Best Sigma0: 0.5. Best sigma: 1 Best gamma: 10. Best Test accuracy: 0.8495. Train acc: 0.8528833333333333. 

09-11 19:01 DEBUG    PDM_KL log: {(0.5, 1, 10): {'shapes': [(784, 293), (293,), (293, 118), (118,), (118, 10), (10,)], 'train_accuracy': 0.8528833333333333, 'test_accuracy': 0.8495}} 
09-11 19:03 DEBUG    ****** PDM_KL matching ******** 
09-11 19:03 DEBUG    Best Sigma0: 0.5. Best sigma: 1 Best gamma: 10. Best Test accuracy: 0.852. Train acc: 0.85445. 

09-11 19:03 DEBUG    PDM_KL log: {(0.5, 1, 10): {'shapes': [(784, 287), (287,), (287, 118), (118,), (118, 10), (10,)], 'train_accuracy': 0.85445, 'test_accuracy': 0.852}} 
09-11 19:04 DEBUG    ****** PDM_KL matching ******** 
09-11 19:04 DEBUG    Best Sigma0: 0.5. Best sigma: 1 Best gamma: 10. Best Test accuracy: 0.87. Train acc: 0.8718666666666667. 

09-11 19:04 DEBUG    PDM_KL log: {(0.5, 1, 10): {'shapes': [(784, 295), (295,), (295, 118), (118,), (118, 10), (10,)], 'train_accuracy': 0.8718666666666667, 'test_accuracy': 0.87}} 
09-11 19:06 DEBUG    ****** PDM_KL matching ******** 
09-11 19:06 DEBUG    Best Sigma0: 0.5. Best sigma: 1 Best gamma: 10. Best Test accuracy: 0.8745. Train acc: 0.8720166666666667. 

09-11 19:06 DEBUG    PDM_KL log: {(0.5, 1, 10): {'shapes': [(784, 307), (307,), (307, 118), (118,), (118, 10), (10,)], 'train_accuracy': 0.8720166666666667, 'test_accuracy': 0.8745}} 
09-11 19:09 DEBUG    ****** PDM_KL matching ******** 
09-11 19:09 DEBUG    Best Sigma0: 0.5. Best sigma: 1 Best gamma: 10. Best Test accuracy: 0.8672. Train acc: 0.8656166666666667. 

09-11 19:09 DEBUG    PDM_KL log: {(0.5, 1, 10): {'shapes': [(784, 400), (400,), (400, 118), (118,), (118, 10), (10,)], 'train_accuracy': 0.8656166666666667, 'test_accuracy': 0.8672}} 
09-11 19:13 DEBUG    ****** PDM_KL matching ******** 
09-11 19:13 DEBUG    Best Sigma0: 0.5. Best sigma: 1 Best gamma: 10. Best Test accuracy: 0.8288. Train acc: 0.8290833333333333. 

09-11 19:13 DEBUG    PDM_KL log: {(0.5, 1, 10): {'shapes': [(784, 526), (526,), (526, 118), (118,), (118, 10), (10,)], 'train_accuracy': 0.8290833333333333, 'test_accuracy': 0.8288}} 
09-11 19:18 DEBUG    ****** PDM_KL matching ******** 
09-11 19:18 DEBUG    Best Sigma0: 0.5. Best sigma: 1 Best gamma: 10. Best Test accuracy: 0.6462. Train acc: 0.6448666666666667. 

09-11 19:18 DEBUG    PDM_KL log: {(0.5, 1, 10): {'shapes': [(784, 573), (573,), (573, 127), (127,), (127, 10), (10,)], 'train_accuracy': 0.6448666666666667, 'test_accuracy': 0.6462}} 
09-11 19:20 DEBUG    ****** PDM_KL matching ******** 
09-11 19:20 DEBUG    Best Sigma0: 0.5. Best sigma: 1 Best gamma: 10. Best Test accuracy: 0.1504. Train acc: 0.15041666666666667. 

09-11 19:20 DEBUG    PDM_KL log: {(0.5, 1, 10): {'shapes': [(784, 243), (243,), (243, 127), (127,), (127, 10), (10,)], 'train_accuracy': 0.15041666666666667, 'test_accuracy': 0.1504}} 
09-11 19:22 DEBUG    ****** PDM_KL matching ******** 
09-11 19:22 DEBUG    Best Sigma0: 0.5. Best sigma: 1 Best gamma: 10. Best Test accuracy: 0.0974. Train acc: 0.0978. 

09-11 19:22 DEBUG    PDM_KL log: {(0.5, 1, 10): {'shapes': [(784, 205), (205,), (205, 118), (118,), (118, 10), (10,)], 'train_accuracy': 0.0978, 'test_accuracy': 0.0974}} 
09-11 19:22 DEBUG    Trial 3 completed
09-11 19:22 DEBUG    ####################################################################################################
09-11 19:22 DEBUG    ####################################################################################################
09-11 19:22 DEBUG    Executing Trial 4 with seed 4
09-11 19:22 DEBUG    Data statistics: {0: {0: 321, 1: 1287, 2: 157, 3: 21, 4: 607, 5: 1592, 6: 2154}, 1: {0: 689, 1: 357, 2: 399, 3: 51, 4: 2117, 5: 62, 6: 291, 7: 1583, 8: 204, 9: 143}, 2: {0: 455, 1: 255, 2: 873, 3: 149, 4: 226, 5: 168, 7: 212, 8: 34, 9: 1895}, 3: {0: 629, 1: 1403, 2: 274, 3: 870, 4: 911, 5: 436, 6: 1, 7: 829, 8: 48, 9: 10}, 4: {0: 2, 1: 2167, 2: 2124, 3: 72, 4: 6, 5: 431, 6: 83, 7: 97, 8: 407, 9: 295}, 5: {0: 234, 1: 4, 2: 589, 3: 2311, 4: 245, 5: 329, 6: 445, 7: 448, 8: 24, 9: 2405}, 6: {0: 118, 1: 210, 2: 490, 3: 10, 4: 1, 5: 1653, 6: 1894, 7: 3, 8: 1496, 9: 178}, 7: {0: 693, 1: 224, 2: 255, 3: 789, 4: 1093, 5: 63, 6: 837, 7: 916, 8: 3239}, 8: {0: 2544, 1: 789, 2: 131, 3: 422, 4: 176, 5: 2, 6: 135, 7: 1957}, 9: {0: 238, 1: 46, 2: 666, 3: 1436, 4: 460, 5: 685, 6: 78, 7: 220, 8: 399, 9: 1023}}
09-11 19:22 DEBUG    **************************************************
09-11 19:22 DEBUG    Running experiments 

09-11 19:23 DEBUG    Uniform ensemble (Train acc): 0.955367
09-11 19:23 DEBUG    Uniform ensemble (Test acc): 0.954000
09-11 19:23 DEBUG    FedAvg (Train acc): 0.097517
09-11 19:23 DEBUG    FedAvg (Test acc): 0.097400
09-11 19:24 DEBUG    ****** PDM_KL matching ******** 
09-11 19:24 DEBUG    Best Sigma0: 0.5. Best sigma: 1 Best gamma: 10. Best Test accuracy: 0.8397. Train acc: 0.8423. 

09-11 19:24 DEBUG    PDM_KL log: {(0.5, 1, 10): {'shapes': [(784, 267), (267,), (267, 118), (118,), (118, 10), (10,)], 'train_accuracy': 0.8423, 'test_accuracy': 0.8397}} 
09-11 19:26 DEBUG    ****** PDM_KL matching ******** 
09-11 19:26 DEBUG    Best Sigma0: 0.5. Best sigma: 1 Best gamma: 10. Best Test accuracy: 0.8023. Train acc: 0.8094666666666667. 

09-11 19:26 DEBUG    PDM_KL log: {(0.5, 1, 10): {'shapes': [(784, 278), (278,), (278, 118), (118,), (118, 10), (10,)], 'train_accuracy': 0.8094666666666667, 'test_accuracy': 0.8023}} 
09-11 19:28 DEBUG    ****** PDM_KL matching ******** 
09-11 19:28 DEBUG    Best Sigma0: 0.5. Best sigma: 1 Best gamma: 10. Best Test accuracy: 0.8044. Train acc: 0.8135333333333333. 

09-11 19:28 DEBUG    PDM_KL log: {(0.5, 1, 10): {'shapes': [(784, 267), (267,), (267, 118), (118,), (118, 10), (10,)], 'train_accuracy': 0.8135333333333333, 'test_accuracy': 0.8044}} 
09-11 19:30 DEBUG    ****** PDM_KL matching ******** 
09-11 19:30 DEBUG    Best Sigma0: 0.5. Best sigma: 1 Best gamma: 10. Best Test accuracy: 0.8488. Train acc: 0.8517833333333333. 

09-11 19:30 DEBUG    PDM_KL log: {(0.5, 1, 10): {'shapes': [(784, 274), (274,), (274, 118), (118,), (118, 10), (10,)], 'train_accuracy': 0.8517833333333333, 'test_accuracy': 0.8488}} 
09-11 19:32 DEBUG    ****** PDM_KL matching ******** 
09-11 19:32 DEBUG    Best Sigma0: 0.5. Best sigma: 1 Best gamma: 10. Best Test accuracy: 0.8216. Train acc: 0.82435. 

09-11 19:32 DEBUG    PDM_KL log: {(0.5, 1, 10): {'shapes': [(784, 279), (279,), (279, 118), (118,), (118, 10), (10,)], 'train_accuracy': 0.82435, 'test_accuracy': 0.8216}} 
09-11 19:34 DEBUG    ****** PDM_KL matching ******** 
09-11 19:34 DEBUG    Best Sigma0: 0.5. Best sigma: 1 Best gamma: 10. Best Test accuracy: 0.8413. Train acc: 0.8450666666666666. 

09-11 19:34 DEBUG    PDM_KL log: {(0.5, 1, 10): {'shapes': [(784, 287), (287,), (287, 118), (118,), (118, 10), (10,)], 'train_accuracy': 0.8450666666666666, 'test_accuracy': 0.8413}} 
09-11 19:36 DEBUG    ****** PDM_KL matching ******** 
09-11 19:36 DEBUG    Best Sigma0: 0.5. Best sigma: 1 Best gamma: 10. Best Test accuracy: 0.846. Train acc: 0.84545. 

09-11 19:36 DEBUG    PDM_KL log: {(0.5, 1, 10): {'shapes': [(784, 393), (393,), (393, 118), (118,), (118, 10), (10,)], 'train_accuracy': 0.84545, 'test_accuracy': 0.846}} 
09-11 19:40 DEBUG    ****** PDM_KL matching ******** 
09-11 19:40 DEBUG    Best Sigma0: 0.5. Best sigma: 1 Best gamma: 10. Best Test accuracy: 0.85. Train acc: 0.8510333333333333. 

09-11 19:40 DEBUG    PDM_KL log: {(0.5, 1, 10): {'shapes': [(784, 557), (557,), (557, 118), (118,), (118, 10), (10,)], 'train_accuracy': 0.8510333333333333, 'test_accuracy': 0.85}} 
09-11 19:44 DEBUG    ****** PDM_KL matching ******** 
09-11 19:44 DEBUG    Best Sigma0: 0.5. Best sigma: 1 Best gamma: 10. Best Test accuracy: 0.7158. Train acc: 0.7173333333333334. 

09-11 19:44 DEBUG    PDM_KL log: {(0.5, 1, 10): {'shapes': [(784, 618), (618,), (618, 127), (127,), (127, 10), (10,)], 'train_accuracy': 0.7173333333333334, 'test_accuracy': 0.7158}} 
09-11 19:47 DEBUG    ****** PDM_KL matching ******** 
09-11 19:47 DEBUG    Best Sigma0: 0.5. Best sigma: 1 Best gamma: 10. Best Test accuracy: 0.1924. Train acc: 0.19285. 

09-11 19:47 DEBUG    PDM_KL log: {(0.5, 1, 10): {'shapes': [(784, 304), (304,), (304, 127), (127,), (127, 10), (10,)], 'train_accuracy': 0.19285, 'test_accuracy': 0.1924}} 
09-11 19:48 DEBUG    ****** PDM_KL matching ******** 
09-11 19:48 DEBUG    Best Sigma0: 0.5. Best sigma: 1 Best gamma: 10. Best Test accuracy: 0.1017. Train acc: 0.09953333333333333. 

09-11 19:48 DEBUG    PDM_KL log: {(0.5, 1, 10): {'shapes': [(784, 228), (228,), (228, 127), (127,), (127, 10), (10,)], 'train_accuracy': 0.09953333333333333, 'test_accuracy': 0.1017}} 
09-11 19:48 DEBUG    Trial 4 completed
09-11 19:48 DEBUG    ####################################################################################################
09-11 19:48 DEBUG    ####################################################################################################
09-11 19:48 DEBUG    Executing Trial 5 with seed 5
09-11 19:48 DEBUG    Data statistics: {0: {0: 1274, 1: 582, 3: 276, 4: 2899, 5: 487, 6: 472, 7: 30}, 1: {0: 2625, 1: 243, 2: 511, 3: 1290, 4: 253, 5: 1031, 6: 601}, 2: {0: 927, 1: 1352, 2: 97, 3: 196, 4: 833, 5: 111, 6: 25, 7: 1460, 8: 231, 9: 134}, 3: {0: 12, 1: 382, 2: 692, 3: 41, 4: 55, 5: 73, 6: 59, 7: 274, 8: 782, 9: 653}, 4: {0: 16, 1: 32, 2: 4, 3: 31, 4: 410, 5: 1631, 6: 13, 7: 148, 8: 3007, 9: 2564}, 5: {0: 63, 1: 315, 2: 43, 3: 3062, 4: 9, 5: 287, 6: 1396, 7: 1188}, 6: {1: 2919, 2: 102, 3: 33, 4: 980, 5: 573, 6: 1114, 7: 47, 8: 1144}, 7: {0: 332, 1: 36, 2: 3305, 3: 223, 4: 56, 5: 446, 6: 328, 7: 2857}, 8: {0: 564, 1: 28, 2: 1048, 3: 932, 4: 277, 5: 696, 6: 142, 7: 144, 8: 395, 9: 481}, 9: {0: 110, 1: 853, 2: 156, 3: 47, 4: 70, 5: 86, 6: 1768, 7: 117, 8: 292, 9: 2117}}
09-11 19:49 DEBUG    **************************************************
09-11 19:49 DEBUG    Running experiments 

09-11 19:49 DEBUG    Uniform ensemble (Train acc): 0.958033
09-11 19:49 DEBUG    Uniform ensemble (Test acc): 0.954400
09-11 19:49 DEBUG    FedAvg (Train acc): 0.097533
09-11 19:49 DEBUG    FedAvg (Test acc): 0.097500
09-11 19:51 DEBUG    ****** PDM_KL matching ******** 
09-11 19:51 DEBUG    Best Sigma0: 0.5. Best sigma: 1 Best gamma: 10. Best Test accuracy: 0.8221. Train acc: 0.82485. 

09-11 19:51 DEBUG    PDM_KL log: {(0.5, 1, 10): {'shapes': [(784, 275), (275,), (275, 118), (118,), (118, 10), (10,)], 'train_accuracy': 0.82485, 'test_accuracy': 0.8221}} 
09-11 19:52 DEBUG    ****** PDM_KL matching ******** 
09-11 19:52 DEBUG    Best Sigma0: 0.5. Best sigma: 1 Best gamma: 10. Best Test accuracy: 0.8415. Train acc: 0.8427166666666667. 

09-11 19:52 DEBUG    PDM_KL log: {(0.5, 1, 10): {'shapes': [(784, 275), (275,), (275, 118), (118,), (118, 10), (10,)], 'train_accuracy': 0.8427166666666667, 'test_accuracy': 0.8415}} 
09-11 19:54 DEBUG    ****** PDM_KL matching ******** 
09-11 19:54 DEBUG    Best Sigma0: 0.5. Best sigma: 1 Best gamma: 10. Best Test accuracy: 0.7973. Train acc: 0.7997333333333333. 

09-11 19:54 DEBUG    PDM_KL log: {(0.5, 1, 10): {'shapes': [(784, 279), (279,), (279, 118), (118,), (118, 10), (10,)], 'train_accuracy': 0.7997333333333333, 'test_accuracy': 0.7973}} 
09-11 19:56 DEBUG    ****** PDM_KL matching ******** 
09-11 19:56 DEBUG    Best Sigma0: 0.5. Best sigma: 1 Best gamma: 10. Best Test accuracy: 0.8193. Train acc: 0.82145. 

09-11 19:56 DEBUG    PDM_KL log: {(0.5, 1, 10): {'shapes': [(784, 278), (278,), (278, 118), (118,), (118, 10), (10,)], 'train_accuracy': 0.82145, 'test_accuracy': 0.8193}} 
09-11 19:58 DEBUG    ****** PDM_KL matching ******** 
09-11 19:58 DEBUG    Best Sigma0: 0.5. Best sigma: 1 Best gamma: 10. Best Test accuracy: 0.7945. Train acc: 0.7977833333333333. 

09-11 19:58 DEBUG    PDM_KL log: {(0.5, 1, 10): {'shapes': [(784, 285), (285,), (285, 118), (118,), (118, 10), (10,)], 'train_accuracy': 0.7977833333333333, 'test_accuracy': 0.7945}} 
09-11 20:00 DEBUG    ****** PDM_KL matching ******** 
09-11 20:00 DEBUG    Best Sigma0: 0.5. Best sigma: 1 Best gamma: 10. Best Test accuracy: 0.8028. Train acc: 0.8021666666666667. 

09-11 20:00 DEBUG    PDM_KL log: {(0.5, 1, 10): {'shapes': [(784, 294), (294,), (294, 118), (118,), (118, 10), (10,)], 'train_accuracy': 0.8021666666666667, 'test_accuracy': 0.8028}} 
09-11 20:03 DEBUG    ****** PDM_KL matching ******** 
09-11 20:03 DEBUG    Best Sigma0: 0.5. Best sigma: 1 Best gamma: 10. Best Test accuracy: 0.7732. Train acc: 0.7764666666666666. 

09-11 20:03 DEBUG    PDM_KL log: {(0.5, 1, 10): {'shapes': [(784, 402), (402,), (402, 118), (118,), (118, 10), (10,)], 'train_accuracy': 0.7764666666666666, 'test_accuracy': 0.7732}} 
09-11 20:06 DEBUG    ****** PDM_KL matching ******** 
09-11 20:06 DEBUG    Best Sigma0: 0.5. Best sigma: 1 Best gamma: 10. Best Test accuracy: 0.7411. Train acc: 0.7400333333333333. 

09-11 20:06 DEBUG    PDM_KL log: {(0.5, 1, 10): {'shapes': [(784, 560), (560,), (560, 118), (118,), (118, 10), (10,)], 'train_accuracy': 0.7400333333333333, 'test_accuracy': 0.7411}} 
09-11 20:10 DEBUG    ****** PDM_KL matching ******** 
09-11 20:10 DEBUG    Best Sigma0: 0.5. Best sigma: 1 Best gamma: 10. Best Test accuracy: 0.467. Train acc: 0.4617. 

09-11 20:10 DEBUG    PDM_KL log: {(0.5, 1, 10): {'shapes': [(784, 603), (603,), (603, 127), (127,), (127, 10), (10,)], 'train_accuracy': 0.4617, 'test_accuracy': 0.467}} 
09-11 20:13 DEBUG    ****** PDM_KL matching ******** 
09-11 20:13 DEBUG    Best Sigma0: 0.5. Best sigma: 1 Best gamma: 10. Best Test accuracy: 0.1233. Train acc: 0.1212. 

09-11 20:13 DEBUG    PDM_KL log: {(0.5, 1, 10): {'shapes': [(784, 293), (293,), (293, 127), (127,), (127, 10), (10,)], 'train_accuracy': 0.1212, 'test_accuracy': 0.1233}} 
09-11 20:15 DEBUG    ****** PDM_KL matching ******** 
09-11 20:15 DEBUG    Best Sigma0: 0.5. Best sigma: 1 Best gamma: 10. Best Test accuracy: 0.1004. Train acc: 0.09761666666666667. 

09-11 20:15 DEBUG    PDM_KL log: {(0.5, 1, 10): {'shapes': [(784, 221), (221,), (221, 127), (127,), (127, 10), (10,)], 'train_accuracy': 0.09761666666666667, 'test_accuracy': 0.1004}} 
09-11 20:15 DEBUG    Trial 5 completed
09-11 20:15 DEBUG    ####################################################################################################
09-11 20:15 DEBUG    ####################################################################################################
09-11 20:15 DEBUG    Executing Trial 6 with seed 6
09-11 20:15 DEBUG    Data statistics: {0: {0: 1969, 1: 73, 2: 724, 3: 808, 4: 281, 5: 2, 6: 905, 7: 172, 8: 491, 9: 1202}, 1: {0: 2298, 1: 612, 2: 588, 3: 1362, 4: 39, 5: 100, 6: 367, 7: 1669}, 2: {0: 198, 1: 72, 2: 874, 3: 365, 4: 552, 5: 45, 6: 805, 7: 495, 8: 27, 9: 168}, 3: {0: 22, 1: 20, 2: 513, 3: 1968, 4: 932, 5: 99, 6: 6, 7: 2975}, 4: {0: 126, 1: 1063, 2: 1297, 3: 26, 4: 1, 5: 758, 6: 3057}, 5: {0: 1, 1: 3254, 2: 807, 3: 77, 4: 49, 5: 520, 6: 70, 7: 53, 8: 596, 9: 379}, 6: {0: 1020, 1: 102, 2: 155, 3: 556, 4: 32, 5: 195, 6: 336, 7: 452, 8: 1109, 9: 4199}, 7: {0: 55, 1: 127, 2: 74, 3: 365, 4: 41, 5: 86, 6: 214, 7: 114, 8: 1004, 9: 1}, 8: {0: 226, 1: 18, 2: 156, 3: 603, 4: 2813, 5: 495, 6: 158, 7: 335, 8: 2624}, 9: {0: 8, 1: 1401, 2: 770, 3: 1, 4: 1102, 5: 3121}}
09-11 20:15 DEBUG    **************************************************
09-11 20:15 DEBUG    Running experiments 

09-11 20:16 DEBUG    Uniform ensemble (Train acc): 0.938133
09-11 20:16 DEBUG    Uniform ensemble (Test acc): 0.936600
09-11 20:16 DEBUG    FedAvg (Train acc): 0.097517
09-11 20:16 DEBUG    FedAvg (Test acc): 0.097400
09-11 20:17 DEBUG    ****** PDM_KL matching ******** 
09-11 20:17 DEBUG    Best Sigma0: 0.5. Best sigma: 1 Best gamma: 10. Best Test accuracy: 0.8217. Train acc: 0.8259. 

09-11 20:17 DEBUG    PDM_KL log: {(0.5, 1, 10): {'shapes': [(784, 282), (282,), (282, 118), (118,), (118, 10), (10,)], 'train_accuracy': 0.8259, 'test_accuracy': 0.8217}} 
09-11 20:19 DEBUG    ****** PDM_KL matching ******** 
09-11 20:19 DEBUG    Best Sigma0: 0.5. Best sigma: 1 Best gamma: 10. Best Test accuracy: 0.8138. Train acc: 0.8131. 

09-11 20:19 DEBUG    PDM_KL log: {(0.5, 1, 10): {'shapes': [(784, 281), (281,), (281, 118), (118,), (118, 10), (10,)], 'train_accuracy': 0.8131, 'test_accuracy': 0.8138}} 
09-11 20:20 DEBUG    ****** PDM_KL matching ******** 
09-11 20:20 DEBUG    Best Sigma0: 0.5. Best sigma: 1 Best gamma: 10. Best Test accuracy: 0.8382. Train acc: 0.83915. 

09-11 20:20 DEBUG    PDM_KL log: {(0.5, 1, 10): {'shapes': [(784, 281), (281,), (281, 118), (118,), (118, 10), (10,)], 'train_accuracy': 0.83915, 'test_accuracy': 0.8382}} 
09-11 20:22 DEBUG    ****** PDM_KL matching ******** 
09-11 20:22 DEBUG    Best Sigma0: 0.5. Best sigma: 1 Best gamma: 10. Best Test accuracy: 0.8114. Train acc: 0.811. 

09-11 20:22 DEBUG    PDM_KL log: {(0.5, 1, 10): {'shapes': [(784, 283), (283,), (283, 118), (118,), (118, 10), (10,)], 'train_accuracy': 0.811, 'test_accuracy': 0.8114}} 
09-11 20:23 DEBUG    ****** PDM_KL matching ******** 
09-11 20:23 DEBUG    Best Sigma0: 0.5. Best sigma: 1 Best gamma: 10. Best Test accuracy: 0.8026. Train acc: 0.8056. 

09-11 20:23 DEBUG    PDM_KL log: {(0.5, 1, 10): {'shapes': [(784, 287), (287,), (287, 118), (118,), (118, 10), (10,)], 'train_accuracy': 0.8056, 'test_accuracy': 0.8026}} 
09-11 20:25 DEBUG    ****** PDM_KL matching ******** 
09-11 20:25 DEBUG    Best Sigma0: 0.5. Best sigma: 1 Best gamma: 10. Best Test accuracy: 0.81. Train acc: 0.8156166666666667. 

09-11 20:25 DEBUG    PDM_KL log: {(0.5, 1, 10): {'shapes': [(784, 297), (297,), (297, 118), (118,), (118, 10), (10,)], 'train_accuracy': 0.8156166666666667, 'test_accuracy': 0.81}} 
09-11 20:28 DEBUG    ****** PDM_KL matching ******** 
09-11 20:28 DEBUG    Best Sigma0: 0.5. Best sigma: 1 Best gamma: 10. Best Test accuracy: 0.8322. Train acc: 0.8350833333333333. 

09-11 20:28 DEBUG    PDM_KL log: {(0.5, 1, 10): {'shapes': [(784, 406), (406,), (406, 118), (118,), (118, 10), (10,)], 'train_accuracy': 0.8350833333333333, 'test_accuracy': 0.8322}} 
09-11 20:32 DEBUG    ****** PDM_KL matching ******** 
09-11 20:32 DEBUG    Best Sigma0: 0.5. Best sigma: 1 Best gamma: 10. Best Test accuracy: 0.7547. Train acc: 0.7571. 

09-11 20:32 DEBUG    PDM_KL log: {(0.5, 1, 10): {'shapes': [(784, 558), (558,), (558, 118), (118,), (118, 10), (10,)], 'train_accuracy': 0.7571, 'test_accuracy': 0.7547}} 
09-11 20:36 DEBUG    ****** PDM_KL matching ******** 
09-11 20:36 DEBUG    Best Sigma0: 0.5. Best sigma: 1 Best gamma: 10. Best Test accuracy: 0.5948. Train acc: 0.5836166666666667. 

09-11 20:36 DEBUG    PDM_KL log: {(0.5, 1, 10): {'shapes': [(784, 592), (592,), (592, 127), (127,), (127, 10), (10,)], 'train_accuracy': 0.5836166666666667, 'test_accuracy': 0.5948}} 
09-11 20:39 DEBUG    ****** PDM_KL matching ******** 
09-11 20:39 DEBUG    Best Sigma0: 0.5. Best sigma: 1 Best gamma: 10. Best Test accuracy: 0.1314. Train acc: 0.12436666666666667. 

09-11 20:39 DEBUG    PDM_KL log: {(0.5, 1, 10): {'shapes': [(784, 260), (260,), (260, 127), (127,), (127, 10), (10,)], 'train_accuracy': 0.12436666666666667, 'test_accuracy': 0.1314}} 
09-11 20:40 DEBUG    ****** PDM_KL matching ******** 
09-11 20:40 DEBUG    Best Sigma0: 0.5. Best sigma: 1 Best gamma: 10. Best Test accuracy: 0.0953. Train acc: 0.09348333333333333. 

09-11 20:40 DEBUG    PDM_KL log: {(0.5, 1, 10): {'shapes': [(784, 233), (233,), (233, 127), (127,), (127, 10), (10,)], 'train_accuracy': 0.09348333333333333, 'test_accuracy': 0.0953}} 
09-11 20:40 DEBUG    Trial 6 completed
09-11 20:40 DEBUG    ####################################################################################################
09-11 20:40 DEBUG    ####################################################################################################
09-11 20:40 DEBUG    Executing Trial 7 with seed 7
09-11 20:40 DEBUG    Data statistics: {0: {0: 39, 1: 2014, 2: 25, 3: 43, 4: 1522, 5: 21, 6: 303, 7: 229, 8: 2115}, 1: {0: 127, 1: 213, 2: 2333, 3: 2359, 4: 151, 5: 803, 6: 394}, 2: {0: 3587, 2: 44, 3: 1117, 4: 286, 5: 577, 6: 30, 7: 2393}, 3: {0: 443, 1: 33, 2: 537, 3: 707, 4: 598, 5: 84, 6: 2435, 7: 187, 8: 144, 9: 775}, 4: {0: 253, 1: 17, 3: 149, 4: 1600, 5: 1235, 6: 70, 7: 1179, 8: 605, 9: 538}, 5: {0: 107, 1: 166, 2: 48, 3: 28, 4: 166, 5: 517, 6: 73, 7: 255, 8: 2148, 9: 677}, 6: {0: 629, 1: 23, 2: 1190, 3: 175, 4: 1064, 5: 810, 6: 26, 8: 526, 9: 3818}, 7: {0: 108, 1: 239, 2: 1388, 3: 133, 4: 435, 5: 1312, 6: 461, 8: 112, 9: 123}, 8: {0: 102, 1: 407, 2: 331, 3: 1094, 4: 1, 5: 60, 6: 272, 7: 2022, 8: 200, 9: 18}, 9: {0: 528, 1: 3630, 2: 62, 3: 326, 4: 19, 5: 2, 6: 1854, 8: 1}}
09-11 20:40 DEBUG    **************************************************
09-11 20:40 DEBUG    Running experiments 

09-11 20:41 DEBUG    Uniform ensemble (Train acc): 0.960133
09-11 20:41 DEBUG    Uniform ensemble (Test acc): 0.958100
09-11 20:41 DEBUG    FedAvg (Train acc): 0.097517
09-11 20:41 DEBUG    FedAvg (Test acc): 0.097400
09-11 20:42 DEBUG    ****** PDM_KL matching ******** 
09-11 20:42 DEBUG    Best Sigma0: 0.5. Best sigma: 1 Best gamma: 10. Best Test accuracy: 0.8643. Train acc: 0.8670833333333333. 

09-11 20:42 DEBUG    PDM_KL log: {(0.5, 1, 10): {'shapes': [(784, 269), (269,), (269, 118), (118,), (118, 10), (10,)], 'train_accuracy': 0.8670833333333333, 'test_accuracy': 0.8643}} 
09-11 20:44 DEBUG    ****** PDM_KL matching ******** 
09-11 20:44 DEBUG    Best Sigma0: 0.5. Best sigma: 1 Best gamma: 10. Best Test accuracy: 0.8047. Train acc: 0.8096333333333333. 

09-11 20:44 DEBUG    PDM_KL log: {(0.5, 1, 10): {'shapes': [(784, 274), (274,), (274, 118), (118,), (118, 10), (10,)], 'train_accuracy': 0.8096333333333333, 'test_accuracy': 0.8047}} 
09-11 20:45 DEBUG    ****** PDM_KL matching ******** 
09-11 20:45 DEBUG    Best Sigma0: 0.5. Best sigma: 1 Best gamma: 10. Best Test accuracy: 0.7742. Train acc: 0.7805833333333333. 

09-11 20:45 DEBUG    PDM_KL log: {(0.5, 1, 10): {'shapes': [(784, 272), (272,), (272, 118), (118,), (118, 10), (10,)], 'train_accuracy': 0.7805833333333333, 'test_accuracy': 0.7742}} 
09-11 20:47 DEBUG    ****** PDM_KL matching ******** 
09-11 20:47 DEBUG    Best Sigma0: 0.5. Best sigma: 1 Best gamma: 10. Best Test accuracy: 0.8197. Train acc: 0.8342. 

09-11 20:47 DEBUG    PDM_KL log: {(0.5, 1, 10): {'shapes': [(784, 275), (275,), (275, 118), (118,), (118, 10), (10,)], 'train_accuracy': 0.8342, 'test_accuracy': 0.8197}} 
09-11 20:49 DEBUG    ****** PDM_KL matching ******** 
09-11 20:49 DEBUG    Best Sigma0: 0.5. Best sigma: 1 Best gamma: 10. Best Test accuracy: 0.8098. Train acc: 0.8138333333333333. 

09-11 20:49 DEBUG    PDM_KL log: {(0.5, 1, 10): {'shapes': [(784, 276), (276,), (276, 118), (118,), (118, 10), (10,)], 'train_accuracy': 0.8138333333333333, 'test_accuracy': 0.8098}} 
09-11 20:51 DEBUG    ****** PDM_KL matching ******** 
09-11 20:51 DEBUG    Best Sigma0: 0.5. Best sigma: 1 Best gamma: 10. Best Test accuracy: 0.8304. Train acc: 0.8347833333333333. 

09-11 20:51 DEBUG    PDM_KL log: {(0.5, 1, 10): {'shapes': [(784, 287), (287,), (287, 118), (118,), (118, 10), (10,)], 'train_accuracy': 0.8347833333333333, 'test_accuracy': 0.8304}} 
09-11 20:54 DEBUG    ****** PDM_KL matching ******** 
09-11 20:54 DEBUG    Best Sigma0: 0.5. Best sigma: 1 Best gamma: 10. Best Test accuracy: 0.7954. Train acc: 0.8093166666666667. 

09-11 20:54 DEBUG    PDM_KL log: {(0.5, 1, 10): {'shapes': [(784, 388), (388,), (388, 118), (118,), (118, 10), (10,)], 'train_accuracy': 0.8093166666666667, 'test_accuracy': 0.7954}} 
09-11 20:58 DEBUG    ****** PDM_KL matching ******** 
09-11 20:58 DEBUG    Best Sigma0: 0.5. Best sigma: 1 Best gamma: 10. Best Test accuracy: 0.8053. Train acc: 0.8061833333333334. 

09-11 20:58 DEBUG    PDM_KL log: {(0.5, 1, 10): {'shapes': [(784, 528), (528,), (528, 118), (118,), (118, 10), (10,)], 'train_accuracy': 0.8061833333333334, 'test_accuracy': 0.8053}} 
09-11 21:02 DEBUG    ****** PDM_KL matching ******** 
09-11 21:02 DEBUG    Best Sigma0: 0.5. Best sigma: 1 Best gamma: 10. Best Test accuracy: 0.4338. Train acc: 0.42541666666666667. 

09-11 21:02 DEBUG    PDM_KL log: {(0.5, 1, 10): {'shapes': [(784, 563), (563,), (563, 127), (127,), (127, 10), (10,)], 'train_accuracy': 0.42541666666666667, 'test_accuracy': 0.4338}} 
09-11 21:03 DEBUG    ****** PDM_KL matching ******** 
09-11 21:03 DEBUG    Best Sigma0: 0.5. Best sigma: 1 Best gamma: 10. Best Test accuracy: 0.1759. Train acc: 0.17546666666666666. 

09-11 21:03 DEBUG    PDM_KL log: {(0.5, 1, 10): {'shapes': [(784, 263), (263,), (263, 127), (127,), (127, 10), (10,)], 'train_accuracy': 0.17546666666666666, 'test_accuracy': 0.1759}} 
09-11 21:05 DEBUG    ****** PDM_KL matching ******** 
09-11 21:05 DEBUG    Best Sigma0: 0.5. Best sigma: 1 Best gamma: 10. Best Test accuracy: 0.0974. Train acc: 0.09748333333333334. 

09-11 21:05 DEBUG    PDM_KL log: {(0.5, 1, 10): {'shapes': [(784, 217), (217,), (217, 127), (127,), (127, 10), (10,)], 'train_accuracy': 0.09748333333333334, 'test_accuracy': 0.0974}} 
09-11 21:05 DEBUG    Trial 7 completed
09-11 21:05 DEBUG    ####################################################################################################
09-11 21:05 DEBUG    ####################################################################################################
09-11 21:05 DEBUG    Executing Trial 8 with seed 8
09-11 21:05 DEBUG    Data statistics: {0: {0: 588, 1: 601, 2: 566, 3: 535, 4: 165, 5: 3, 6: 1215, 7: 1269, 8: 1173}, 1: {0: 461, 1: 185, 2: 96, 3: 3974, 4: 2103}, 2: {0: 361, 1: 4, 2: 3, 3: 40, 4: 50, 5: 2242, 6: 364, 7: 148, 8: 4444}, 3: {0: 445, 1: 921, 2: 1207, 3: 32, 4: 566, 5: 5, 6: 389, 7: 26, 8: 160, 9: 698}, 4: {0: 195, 1: 178, 2: 470, 3: 83, 4: 673, 5: 1991, 6: 1114, 7: 301, 8: 30, 9: 1077}, 5: {0: 562, 1: 1196, 2: 911, 3: 171, 4: 495, 5: 14, 6: 155, 7: 3853}, 6: {0: 2595, 1: 742, 2: 2407, 3: 316}, 7: {0: 81, 1: 15, 2: 169, 3: 333, 4: 1, 5: 127, 6: 293, 7: 297, 8: 26, 9: 4172}, 8: {0: 482, 1: 996, 2: 6, 3: 55, 4: 1783, 5: 935, 6: 2201}, 9: {0: 153, 1: 1904, 2: 123, 3: 592, 4: 6, 5: 104, 6: 187, 7: 371, 8: 18, 9: 2}}
09-11 21:05 DEBUG    **************************************************
09-11 21:05 DEBUG    Running experiments 

09-11 21:05 DEBUG    Uniform ensemble (Train acc): 0.893067
09-11 21:05 DEBUG    Uniform ensemble (Test acc): 0.889200
09-11 21:06 DEBUG    FedAvg (Train acc): 0.099300
09-11 21:06 DEBUG    FedAvg (Test acc): 0.103200
09-11 21:06 DEBUG    ****** PDM_KL matching ******** 
09-11 21:06 DEBUG    Best Sigma0: 0.5. Best sigma: 1 Best gamma: 10. Best Test accuracy: 0.7324. Train acc: 0.7336166666666667. 

09-11 21:06 DEBUG    PDM_KL log: {(0.5, 1, 10): {'shapes': [(784, 274), (274,), (274, 118), (118,), (118, 10), (10,)], 'train_accuracy': 0.7336166666666667, 'test_accuracy': 0.7324}} 
09-11 21:08 DEBUG    ****** PDM_KL matching ******** 
09-11 21:08 DEBUG    Best Sigma0: 0.5. Best sigma: 1 Best gamma: 10. Best Test accuracy: 0.7919. Train acc: 0.7994833333333333. 

09-11 21:08 DEBUG    PDM_KL log: {(0.5, 1, 10): {'shapes': [(784, 275), (275,), (275, 118), (118,), (118, 10), (10,)], 'train_accuracy': 0.7994833333333333, 'test_accuracy': 0.7919}} 
09-11 21:09 DEBUG    ****** PDM_KL matching ******** 
09-11 21:09 DEBUG    Best Sigma0: 0.5. Best sigma: 1 Best gamma: 10. Best Test accuracy: 0.6927. Train acc: 0.6974833333333333. 

09-11 21:09 DEBUG    PDM_KL log: {(0.5, 1, 10): {'shapes': [(784, 273), (273,), (273, 118), (118,), (118, 10), (10,)], 'train_accuracy': 0.6974833333333333, 'test_accuracy': 0.6927}} 
09-11 21:11 DEBUG    ****** PDM_KL matching ******** 
09-11 21:11 DEBUG    Best Sigma0: 0.5. Best sigma: 1 Best gamma: 10. Best Test accuracy: 0.7749. Train acc: 0.7783. 

09-11 21:11 DEBUG    PDM_KL log: {(0.5, 1, 10): {'shapes': [(784, 276), (276,), (276, 118), (118,), (118, 10), (10,)], 'train_accuracy': 0.7783, 'test_accuracy': 0.7749}} 
09-11 21:12 DEBUG    ****** PDM_KL matching ******** 
09-11 21:12 DEBUG    Best Sigma0: 0.5. Best sigma: 1 Best gamma: 10. Best Test accuracy: 0.7506. Train acc: 0.7574333333333333. 

09-11 21:12 DEBUG    PDM_KL log: {(0.5, 1, 10): {'shapes': [(784, 283), (283,), (283, 118), (118,), (118, 10), (10,)], 'train_accuracy': 0.7574333333333333, 'test_accuracy': 0.7506}} 
09-11 21:14 DEBUG    ****** PDM_KL matching ******** 
09-11 21:14 DEBUG    Best Sigma0: 0.5. Best sigma: 1 Best gamma: 10. Best Test accuracy: 0.7527. Train acc: 0.7597666666666667. 

09-11 21:14 DEBUG    PDM_KL log: {(0.5, 1, 10): {'shapes': [(784, 291), (291,), (291, 118), (118,), (118, 10), (10,)], 'train_accuracy': 0.7597666666666667, 'test_accuracy': 0.7527}} 
09-11 21:16 DEBUG    ****** PDM_KL matching ******** 
09-11 21:16 DEBUG    Best Sigma0: 0.5. Best sigma: 1 Best gamma: 10. Best Test accuracy: 0.7673. Train acc: 0.7746. 

09-11 21:16 DEBUG    PDM_KL log: {(0.5, 1, 10): {'shapes': [(784, 396), (396,), (396, 109), (109,), (109, 10), (10,)], 'train_accuracy': 0.7746, 'test_accuracy': 0.7673}} 
09-11 21:20 DEBUG    ****** PDM_KL matching ******** 
09-11 21:20 DEBUG    Best Sigma0: 0.5. Best sigma: 1 Best gamma: 10. Best Test accuracy: 0.6913. Train acc: 0.6929166666666666. 

09-11 21:20 DEBUG    PDM_KL log: {(0.5, 1, 10): {'shapes': [(784, 522), (522,), (522, 118), (118,), (118, 10), (10,)], 'train_accuracy': 0.6929166666666666, 'test_accuracy': 0.6913}} 
09-11 21:25 DEBUG    ****** PDM_KL matching ******** 
09-11 21:25 DEBUG    Best Sigma0: 0.5. Best sigma: 1 Best gamma: 10. Best Test accuracy: 0.393. Train acc: 0.3956. 

09-11 21:25 DEBUG    PDM_KL log: {(0.5, 1, 10): {'shapes': [(784, 549), (549,), (549, 127), (127,), (127, 10), (10,)], 'train_accuracy': 0.3956, 'test_accuracy': 0.393}} 
09-11 21:30 DEBUG    ****** PDM_KL matching ******** 
09-11 21:30 DEBUG    Best Sigma0: 0.5. Best sigma: 1 Best gamma: 10. Best Test accuracy: 0.2482. Train acc: 0.24368333333333334. 

09-11 21:30 DEBUG    PDM_KL log: {(0.5, 1, 10): {'shapes': [(784, 262), (262,), (262, 127), (127,), (127, 10), (10,)], 'train_accuracy': 0.24368333333333334, 'test_accuracy': 0.2482}} 
09-11 21:33 DEBUG    ****** PDM_KL matching ******** 
09-11 21:33 DEBUG    Best Sigma0: 0.5. Best sigma: 1 Best gamma: 10. Best Test accuracy: 0.1097. Train acc: 0.10586666666666666. 

09-11 21:33 DEBUG    PDM_KL log: {(0.5, 1, 10): {'shapes': [(784, 232), (232,), (232, 127), (127,), (127, 10), (10,)], 'train_accuracy': 0.10586666666666666, 'test_accuracy': 0.1097}} 
09-11 21:33 DEBUG    Trial 8 completed
09-11 21:33 DEBUG    ####################################################################################################
09-11 21:33 DEBUG    ####################################################################################################
09-11 21:33 DEBUG    Executing Trial 9 with seed 9
09-11 21:33 DEBUG    Data statistics: {0: {0: 251, 1: 342, 2: 225, 3: 12, 4: 59, 5: 1486, 7: 17, 8: 992, 9: 515}, 1: {0: 2028, 1: 470, 2: 201, 3: 1226, 4: 192, 5: 1, 6: 1978}, 2: {0: 214, 1: 2029, 2: 634, 3: 13, 4: 480, 5: 908, 6: 383, 7: 405, 8: 682, 9: 68}, 3: {0: 401, 1: 121, 2: 45, 3: 1, 4: 537, 5: 16, 6: 263, 7: 47, 8: 1461, 9: 32}, 4: {0: 544, 1: 735, 2: 2801, 3: 44, 4: 169, 5: 636, 6: 48, 7: 1110}, 5: {0: 1374, 1: 844, 2: 661, 3: 90, 4: 363, 5: 194, 7: 3969}, 6: {0: 75, 1: 2184, 2: 333, 3: 845, 4: 2294, 5: 192, 6: 600}, 7: {0: 447, 1: 11, 2: 21, 3: 39, 5: 309, 6: 775, 7: 297, 8: 19, 9: 5334}, 8: {0: 112, 1: 5, 2: 4, 3: 3816, 4: 7, 5: 851, 6: 1183, 7: 112}, 9: {0: 477, 1: 1, 2: 1033, 3: 45, 4: 1741, 5: 828, 6: 688, 7: 308, 8: 2697}}
09-11 21:33 DEBUG    **************************************************
09-11 21:33 DEBUG    Running experiments 

09-11 21:33 DEBUG    Uniform ensemble (Train acc): 0.889400
09-11 21:33 DEBUG    Uniform ensemble (Test acc): 0.885700
09-11 21:34 DEBUG    FedAvg (Train acc): 0.097517
09-11 21:34 DEBUG    FedAvg (Test acc): 0.097400
09-11 21:36 DEBUG    ****** PDM_KL matching ******** 
09-11 21:36 DEBUG    Best Sigma0: 0.5. Best sigma: 1 Best gamma: 10. Best Test accuracy: 0.8183. Train acc: 0.8180666666666667. 

09-11 21:36 DEBUG    PDM_KL log: {(0.5, 1, 10): {'shapes': [(784, 274), (274,), (274, 118), (118,), (118, 10), (10,)], 'train_accuracy': 0.8180666666666667, 'test_accuracy': 0.8183}} 
09-11 21:38 DEBUG    ****** PDM_KL matching ******** 
09-11 21:38 DEBUG    Best Sigma0: 0.5. Best sigma: 1 Best gamma: 10. Best Test accuracy: 0.8182. Train acc: 0.8194333333333333. 

09-11 21:38 DEBUG    PDM_KL log: {(0.5, 1, 10): {'shapes': [(784, 269), (269,), (269, 118), (118,), (118, 10), (10,)], 'train_accuracy': 0.8194333333333333, 'test_accuracy': 0.8182}} 
09-11 21:40 DEBUG    ****** PDM_KL matching ******** 
09-11 21:40 DEBUG    Best Sigma0: 0.5. Best sigma: 1 Best gamma: 10. Best Test accuracy: 0.8077. Train acc: 0.8104833333333333. 

09-11 21:40 DEBUG    PDM_KL log: {(0.5, 1, 10): {'shapes': [(784, 267), (267,), (267, 118), (118,), (118, 10), (10,)], 'train_accuracy': 0.8104833333333333, 'test_accuracy': 0.8077}} 
09-11 21:43 DEBUG    ****** PDM_KL matching ******** 
09-11 21:43 DEBUG    Best Sigma0: 0.5. Best sigma: 1 Best gamma: 10. Best Test accuracy: 0.7928. Train acc: 0.7981833333333334. 

09-11 21:43 DEBUG    PDM_KL log: {(0.5, 1, 10): {'shapes': [(784, 274), (274,), (274, 118), (118,), (118, 10), (10,)], 'train_accuracy': 0.7981833333333334, 'test_accuracy': 0.7928}} 
09-11 21:45 DEBUG    ****** PDM_KL matching ******** 
09-11 21:45 DEBUG    Best Sigma0: 0.5. Best sigma: 1 Best gamma: 10. Best Test accuracy: 0.8441. Train acc: 0.8459666666666666. 

09-11 21:45 DEBUG    PDM_KL log: {(0.5, 1, 10): {'shapes': [(784, 278), (278,), (278, 118), (118,), (118, 10), (10,)], 'train_accuracy': 0.8459666666666666, 'test_accuracy': 0.8441}} 
09-11 21:48 DEBUG    ****** PDM_KL matching ******** 
09-11 21:48 DEBUG    Best Sigma0: 0.5. Best sigma: 1 Best gamma: 10. Best Test accuracy: 0.7921. Train acc: 0.7936166666666666. 

09-11 21:48 DEBUG    PDM_KL log: {(0.5, 1, 10): {'shapes': [(784, 286), (286,), (286, 118), (118,), (118, 10), (10,)], 'train_accuracy': 0.7936166666666666, 'test_accuracy': 0.7921}} 
09-11 21:52 DEBUG    ****** PDM_KL matching ******** 
09-11 21:52 DEBUG    Best Sigma0: 0.5. Best sigma: 1 Best gamma: 10. Best Test accuracy: 0.8153. Train acc: 0.8187. 

09-11 21:52 DEBUG    PDM_KL log: {(0.5, 1, 10): {'shapes': [(784, 388), (388,), (388, 118), (118,), (118, 10), (10,)], 'train_accuracy': 0.8187, 'test_accuracy': 0.8153}} 
09-11 21:58 DEBUG    ****** PDM_KL matching ******** 
09-11 21:58 DEBUG    Best Sigma0: 0.5. Best sigma: 1 Best gamma: 10. Best Test accuracy: 0.7434. Train acc: 0.7454333333333333. 

09-11 21:58 DEBUG    PDM_KL log: {(0.5, 1, 10): {'shapes': [(784, 544), (544,), (544, 118), (118,), (118, 10), (10,)], 'train_accuracy': 0.7454333333333333, 'test_accuracy': 0.7434}} 
09-11 22:07 DEBUG    ****** PDM_KL matching ******** 
09-11 22:07 DEBUG    Best Sigma0: 0.5. Best sigma: 1 Best gamma: 10. Best Test accuracy: 0.5388. Train acc: 0.5357833333333333. 

09-11 22:07 DEBUG    PDM_KL log: {(0.5, 1, 10): {'shapes': [(784, 583), (583,), (583, 127), (127,), (127, 10), (10,)], 'train_accuracy': 0.5357833333333333, 'test_accuracy': 0.5388}} 
09-11 22:11 DEBUG    ****** PDM_KL matching ******** 
09-11 22:11 DEBUG    Best Sigma0: 0.5. Best sigma: 1 Best gamma: 10. Best Test accuracy: 0.1308. Train acc: 0.12865. 

09-11 22:11 DEBUG    PDM_KL log: {(0.5, 1, 10): {'shapes': [(784, 260), (260,), (260, 127), (127,), (127, 10), (10,)], 'train_accuracy': 0.12865, 'test_accuracy': 0.1308}} 
09-11 22:15 DEBUG    ****** PDM_KL matching ******** 
09-11 22:15 DEBUG    Best Sigma0: 0.5. Best sigma: 1 Best gamma: 10. Best Test accuracy: 0.1015. Train acc: 0.09853333333333333. 

09-11 22:15 DEBUG    PDM_KL log: {(0.5, 1, 10): {'shapes': [(784, 217), (217,), (217, 127), (127,), (127, 10), (10,)], 'train_accuracy': 0.09853333333333333, 'test_accuracy': 0.1015}} 
09-11 22:15 DEBUG    Trial 9 completed
09-11 22:15 DEBUG    ####################################################################################################
