09-18 12:36 DEBUG    Experiment arguments: Namespace(alpha=0.5, communication_rounds=None, datadir='data/cifar10', dataset='cifar10', device=1.0, dropout_p=0.0, epochs=10, experiment=['all'], init_seed=0, iter_epochs=5, layers=1, loaddir='saved_weights/cifar10/homo', logdir='KL_regs_bst_hyp/cifar10/homo', lr=0.01, lr_decay=1.0, n=6, n_layers=1, n_nets=10, net_config=[3072, 100, 100, 100, 100, 100, 100, 10], num_pool_workers=6, partition='homo', pdm_gamma=10, pdm_sig=1, pdm_sig0=10, reg=1e-06, reg_fac=0.0, trials=10)
09-18 12:36 DEBUG    ####################################################################################################
09-18 12:36 DEBUG    Executing Trial 0 with seed 0
09-18 12:36 DEBUG    Data statistics: {0: {0: 503, 1: 483, 2: 487, 3: 527, 4: 473, 5: 548, 6: 491, 7: 502, 8: 482, 9: 504}, 1: {0: 501, 1: 503, 2: 529, 3: 503, 4: 494, 5: 468, 6: 462, 7: 497, 8: 507, 9: 536}, 2: {0: 510, 1: 540, 2: 498, 3: 461, 4: 516, 5: 483, 6: 502, 7: 515, 8: 492, 9: 483}, 3: {0: 487, 1: 487, 2: 493, 3: 498, 4: 523, 5: 482, 6: 500, 7: 487, 8: 495, 9: 548}, 4: {0: 505, 1: 480, 2: 488, 3: 488, 4: 480, 5: 509, 6: 537, 7: 490, 8: 490, 9: 533}, 5: {0: 504, 1: 480, 2: 511, 3: 494, 4: 530, 5: 509, 6: 521, 7: 489, 8: 490, 9: 472}, 6: {0: 512, 1: 509, 2: 512, 3: 488, 4: 488, 5: 465, 6: 490, 7: 538, 8: 506, 9: 492}, 7: {0: 472, 1: 521, 2: 463, 3: 549, 4: 502, 5: 515, 6: 518, 7: 496, 8: 479, 9: 485}, 8: {0: 505, 1: 485, 2: 487, 3: 505, 4: 497, 5: 512, 6: 508, 7: 501, 8: 531, 9: 469}, 9: {0: 501, 1: 512, 2: 532, 3: 487, 4: 497, 5: 509, 6: 471, 7: 485, 8: 528, 9: 478}}
09-18 12:36 DEBUG    **************************************************
09-18 12:36 DEBUG    Running experiments 

09-18 12:37 DEBUG    Uniform ensemble (Train acc): 0.211260
09-18 12:37 DEBUG    Uniform ensemble (Test acc): 0.211100
09-18 12:37 DEBUG    FedAvg (Train acc): 0.100000
09-18 12:37 DEBUG    FedAvg (Test acc): 0.100000
09-18 12:54 DEBUG    ****** PDM_KL matching ******** 
09-18 12:54 DEBUG    Best Sigma0: 10. Best sigma: 1 Best gamma: 10. Best Test accuracy: 0.1572. Train acc: 0.15772. 

09-18 12:54 DEBUG    PDM_KL log: {(10, 1, 10): {'shapes': [(3072, 700), (700,), (700, 136), (136,), (136, 136), (136,), (136, 136), (136,), (136, 136), (136,), (136, 118), (118,), (118, 10), (10,)], 'train_accuracy': 0.15772, 'test_accuracy': 0.1572}} 
09-18 13:34 DEBUG    ****** PDM_KL matching ******** 
09-18 13:34 DEBUG    Best Sigma0: 10. Best sigma: 1 Best gamma: 10. Best Test accuracy: 0.1388. Train acc: 0.1384. 

09-18 13:34 DEBUG    PDM_KL log: {(10, 1, 10): {'shapes': [(3072, 700), (700,), (700, 136), (136,), (136, 136), (136,), (136, 136), (136,), (136, 136), (136,), (136, 118), (118,), (118, 10), (10,)], 'train_accuracy': 0.1384, 'test_accuracy': 0.1388}} 
09-18 14:13 DEBUG    ****** PDM_KL matching ******** 
09-18 14:13 DEBUG    Best Sigma0: 10. Best sigma: 1 Best gamma: 10. Best Test accuracy: 0.1589. Train acc: 0.16146. 

09-18 14:13 DEBUG    PDM_KL log: {(10, 1, 10): {'shapes': [(3072, 700), (700,), (700, 136), (136,), (136, 136), (136,), (136, 136), (136,), (136, 136), (136,), (136, 118), (118,), (118, 10), (10,)], 'train_accuracy': 0.16146, 'test_accuracy': 0.1589}} 
09-18 14:54 DEBUG    ****** PDM_KL matching ******** 
09-18 14:54 DEBUG    Best Sigma0: 10. Best sigma: 1 Best gamma: 10. Best Test accuracy: 0.1606. Train acc: 0.1602. 

09-18 14:54 DEBUG    PDM_KL log: {(10, 1, 10): {'shapes': [(3072, 700), (700,), (700, 136), (136,), (136, 136), (136,), (136, 136), (136,), (136, 136), (136,), (136, 118), (118,), (118, 10), (10,)], 'train_accuracy': 0.1602, 'test_accuracy': 0.1606}} 
09-18 15:34 DEBUG    ****** PDM_KL matching ******** 
09-18 15:34 DEBUG    Best Sigma0: 10. Best sigma: 1 Best gamma: 10. Best Test accuracy: 0.133. Train acc: 0.1336. 

09-18 15:34 DEBUG    PDM_KL log: {(10, 1, 10): {'shapes': [(3072, 700), (700,), (700, 136), (136,), (136, 136), (136,), (136, 136), (136,), (136, 136), (136,), (136, 118), (118,), (118, 10), (10,)], 'train_accuracy': 0.1336, 'test_accuracy': 0.133}} 
09-18 16:15 DEBUG    ****** PDM_KL matching ******** 
09-18 16:15 DEBUG    Best Sigma0: 10. Best sigma: 1 Best gamma: 10. Best Test accuracy: 0.1354. Train acc: 0.13092. 

09-18 16:15 DEBUG    PDM_KL log: {(10, 1, 10): {'shapes': [(3072, 700), (700,), (700, 136), (136,), (136, 136), (136,), (136, 136), (136,), (136, 136), (136,), (136, 118), (118,), (118, 10), (10,)], 'train_accuracy': 0.13092, 'test_accuracy': 0.1354}} 
09-18 16:46 DEBUG    ****** PDM_KL matching ******** 
09-18 16:46 DEBUG    Best Sigma0: 10. Best sigma: 1 Best gamma: 10. Best Test accuracy: 0.1323. Train acc: 0.12902. 

09-18 16:46 DEBUG    PDM_KL log: {(10, 1, 10): {'shapes': [(3072, 700), (700,), (700, 127), (127,), (127, 127), (127,), (127, 127), (127,), (127, 127), (127,), (127, 127), (127,), (127, 10), (10,)], 'train_accuracy': 0.12902, 'test_accuracy': 0.1323}} 
09-18 17:03 DEBUG    ****** PDM_KL matching ******** 
09-18 17:03 DEBUG    Best Sigma0: 10. Best sigma: 1 Best gamma: 10. Best Test accuracy: 0.105. Train acc: 0.10374. 

09-18 17:03 DEBUG    PDM_KL log: {(10, 1, 10): {'shapes': [(3072, 262), (262,), (262, 127), (127,), (127, 127), (127,), (127, 127), (127,), (127, 127), (127,), (127, 127), (127,), (127, 10), (10,)], 'train_accuracy': 0.10374, 'test_accuracy': 0.105}} 
09-18 17:11 DEBUG    ****** PDM_KL matching ******** 
09-18 17:11 DEBUG    Best Sigma0: 10. Best sigma: 1 Best gamma: 10. Best Test accuracy: 0.1. Train acc: 0.1. 

09-18 17:11 DEBUG    PDM_KL log: {(10, 1, 10): {'shapes': [(3072, 100), (100,), (100, 118), (118,), (118, 118), (118,), (118, 118), (118,), (118, 118), (118,), (118, 118), (118,), (118, 10), (10,)], 'train_accuracy': 0.1, 'test_accuracy': 0.1}} 
09-18 17:21 DEBUG    ****** PDM_KL matching ******** 
09-18 17:21 DEBUG    Best Sigma0: 10. Best sigma: 1 Best gamma: 10. Best Test accuracy: 0.1. Train acc: 0.1. 

09-18 17:21 DEBUG    PDM_KL log: {(10, 1, 10): {'shapes': [(3072, 100), (100,), (100, 118), (118,), (118, 118), (118,), (118, 118), (118,), (118, 118), (118,), (118, 118), (118,), (118, 10), (10,)], 'train_accuracy': 0.1, 'test_accuracy': 0.1}} 
09-18 17:33 DEBUG    ****** PDM_KL matching ******** 
09-18 17:33 DEBUG    Best Sigma0: 10. Best sigma: 1 Best gamma: 10. Best Test accuracy: 0.1. Train acc: 0.1. 

09-18 17:33 DEBUG    PDM_KL log: {(10, 1, 10): {'shapes': [(3072, 100), (100,), (100, 118), (118,), (118, 118), (118,), (118, 118), (118,), (118, 109), (109,), (109, 118), (118,), (118, 10), (10,)], 'train_accuracy': 0.1, 'test_accuracy': 0.1}} 
09-18 17:33 DEBUG    Trial 0 completed
09-18 17:33 DEBUG    ####################################################################################################
09-18 17:33 DEBUG    ####################################################################################################
09-18 17:33 DEBUG    Executing Trial 1 with seed 1
09-18 17:33 DEBUG    Data statistics: {0: {0: 510, 1: 492, 2: 515, 3: 474, 4: 530, 5: 498, 6: 501, 7: 489, 8: 481, 9: 510}, 1: {0: 476, 1: 494, 2: 523, 3: 515, 4: 477, 5: 497, 6: 486, 7: 523, 8: 497, 9: 512}, 2: {0: 503, 1: 524, 2: 501, 3: 526, 4: 471, 5: 497, 6: 538, 7: 499, 8: 482, 9: 459}, 3: {0: 484, 1: 501, 2: 514, 3: 480, 4: 487, 5: 513, 6: 529, 7: 501, 8: 480, 9: 511}, 4: {0: 506, 1: 496, 2: 478, 3: 495, 4: 492, 5: 512, 6: 520, 7: 487, 8: 490, 9: 524}, 5: {0: 517, 1: 496, 2: 472, 3: 525, 4: 496, 5: 506, 6: 458, 7: 480, 8: 503, 9: 547}, 6: {0: 491, 1: 522, 2: 492, 3: 490, 4: 506, 5: 482, 6: 492, 7: 499, 8: 557, 9: 469}, 7: {0: 516, 1: 500, 2: 499, 3: 512, 4: 523, 5: 503, 6: 468, 7: 515, 8: 493, 9: 471}, 8: {0: 503, 1: 497, 2: 498, 3: 492, 4: 484, 5: 490, 6: 509, 7: 511, 8: 506, 9: 510}, 9: {0: 494, 1: 478, 2: 508, 3: 491, 4: 534, 5: 502, 6: 499, 7: 496, 8: 511, 9: 487}}
09-18 17:35 DEBUG    **************************************************
09-18 17:35 DEBUG    Running experiments 

09-18 17:37 DEBUG    Uniform ensemble (Train acc): 0.208160
09-18 17:37 DEBUG    Uniform ensemble (Test acc): 0.207800
09-18 17:37 DEBUG    FedAvg (Train acc): 0.100000
09-18 17:37 DEBUG    FedAvg (Test acc): 0.100000
09-18 17:58 DEBUG    ****** PDM_KL matching ******** 
09-18 17:58 DEBUG    Best Sigma0: 10. Best sigma: 1 Best gamma: 10. Best Test accuracy: 0.178. Train acc: 0.17722. 

09-18 17:58 DEBUG    PDM_KL log: {(10, 1, 10): {'shapes': [(3072, 700), (700,), (700, 136), (136,), (136, 145), (145,), (145, 136), (136,), (136, 136), (136,), (136, 127), (127,), (127, 10), (10,)], 'train_accuracy': 0.17722, 'test_accuracy': 0.178}} 
09-18 18:38 DEBUG    ****** PDM_KL matching ******** 
09-18 18:38 DEBUG    Best Sigma0: 10. Best sigma: 1 Best gamma: 10. Best Test accuracy: 0.1731. Train acc: 0.17478. 

09-18 18:38 DEBUG    PDM_KL log: {(10, 1, 10): {'shapes': [(3072, 700), (700,), (700, 145), (145,), (145, 136), (136,), (136, 145), (145,), (145, 136), (136,), (136, 127), (127,), (127, 10), (10,)], 'train_accuracy': 0.17478, 'test_accuracy': 0.1731}} 
09-18 19:17 DEBUG    ****** PDM_KL matching ******** 
09-18 19:17 DEBUG    Best Sigma0: 10. Best sigma: 1 Best gamma: 10. Best Test accuracy: 0.1759. Train acc: 0.18132. 

09-18 19:17 DEBUG    PDM_KL log: {(10, 1, 10): {'shapes': [(3072, 700), (700,), (700, 136), (136,), (136, 136), (136,), (136, 136), (136,), (136, 136), (136,), (136, 127), (127,), (127, 10), (10,)], 'train_accuracy': 0.18132, 'test_accuracy': 0.1759}} 
09-18 19:56 DEBUG    ****** PDM_KL matching ******** 
09-18 19:56 DEBUG    Best Sigma0: 10. Best sigma: 1 Best gamma: 10. Best Test accuracy: 0.1733. Train acc: 0.17614. 

09-18 19:56 DEBUG    PDM_KL log: {(10, 1, 10): {'shapes': [(3072, 700), (700,), (700, 136), (136,), (136, 145), (145,), (145, 136), (136,), (136, 136), (136,), (136, 127), (127,), (127, 10), (10,)], 'train_accuracy': 0.17614, 'test_accuracy': 0.1733}} 
09-18 20:33 DEBUG    ****** PDM_KL matching ******** 
09-18 20:33 DEBUG    Best Sigma0: 10. Best sigma: 1 Best gamma: 10. Best Test accuracy: 0.1762. Train acc: 0.17896. 

09-18 20:33 DEBUG    PDM_KL log: {(10, 1, 10): {'shapes': [(3072, 700), (700,), (700, 136), (136,), (136, 136), (136,), (136, 136), (136,), (136, 136), (136,), (136, 127), (127,), (127, 10), (10,)], 'train_accuracy': 0.17896, 'test_accuracy': 0.1762}} 
09-18 21:07 DEBUG    ****** PDM_KL matching ******** 
09-18 21:07 DEBUG    Best Sigma0: 10. Best sigma: 1 Best gamma: 10. Best Test accuracy: 0.1732. Train acc: 0.17356. 

09-18 21:07 DEBUG    PDM_KL log: {(10, 1, 10): {'shapes': [(3072, 700), (700,), (700, 136), (136,), (136, 136), (136,), (136, 136), (136,), (136, 136), (136,), (136, 127), (127,), (127, 10), (10,)], 'train_accuracy': 0.17356, 'test_accuracy': 0.1732}} 
09-18 21:37 DEBUG    ****** PDM_KL matching ******** 
09-18 21:37 DEBUG    Best Sigma0: 10. Best sigma: 1 Best gamma: 10. Best Test accuracy: 0.1733. Train acc: 0.1745. 

09-18 21:37 DEBUG    PDM_KL log: {(10, 1, 10): {'shapes': [(3072, 689), (689,), (689, 136), (136,), (136, 136), (136,), (136, 136), (136,), (136, 136), (136,), (136, 127), (127,), (127, 10), (10,)], 'train_accuracy': 0.1745, 'test_accuracy': 0.1733}} 
09-18 21:57 DEBUG    ****** PDM_KL matching ******** 
09-18 21:57 DEBUG    Best Sigma0: 10. Best sigma: 1 Best gamma: 10. Best Test accuracy: 0.1166. Train acc: 0.1149. 

09-18 21:57 DEBUG    PDM_KL log: {(10, 1, 10): {'shapes': [(3072, 271), (271,), (271, 127), (127,), (127, 127), (127,), (127, 127), (127,), (127, 127), (127,), (127, 127), (127,), (127, 10), (10,)], 'train_accuracy': 0.1149, 'test_accuracy': 0.1166}} 
09-18 22:09 DEBUG    ****** PDM_KL matching ******** 
09-18 22:09 DEBUG    Best Sigma0: 10. Best sigma: 1 Best gamma: 10. Best Test accuracy: 0.1. Train acc: 0.1. 

09-18 22:09 DEBUG    PDM_KL log: {(10, 1, 10): {'shapes': [(3072, 100), (100,), (100, 118), (118,), (118, 118), (118,), (118, 118), (118,), (118, 118), (118,), (118, 118), (118,), (118, 10), (10,)], 'train_accuracy': 0.1, 'test_accuracy': 0.1}} 
09-18 22:20 DEBUG    ****** PDM_KL matching ******** 
09-18 22:20 DEBUG    Best Sigma0: 10. Best sigma: 1 Best gamma: 10. Best Test accuracy: 0.1. Train acc: 0.1. 

09-18 22:20 DEBUG    PDM_KL log: {(10, 1, 10): {'shapes': [(3072, 100), (100,), (100, 118), (118,), (118, 118), (118,), (118, 118), (118,), (118, 118), (118,), (118, 118), (118,), (118, 10), (10,)], 'train_accuracy': 0.1, 'test_accuracy': 0.1}} 
09-18 22:34 DEBUG    ****** PDM_KL matching ******** 
09-18 22:34 DEBUG    Best Sigma0: 10. Best sigma: 1 Best gamma: 10. Best Test accuracy: 0.1. Train acc: 0.1. 

09-18 22:34 DEBUG    PDM_KL log: {(10, 1, 10): {'shapes': [(3072, 100), (100,), (100, 109), (109,), (109, 109), (109,), (109, 118), (118,), (118, 109), (109,), (109, 118), (118,), (118, 10), (10,)], 'train_accuracy': 0.1, 'test_accuracy': 0.1}} 
09-18 22:34 DEBUG    Trial 1 completed
09-18 22:34 DEBUG    ####################################################################################################
09-18 22:34 DEBUG    ####################################################################################################
09-18 22:34 DEBUG    Executing Trial 2 with seed 2
09-18 22:34 DEBUG    Data statistics: {0: {0: 515, 1: 500, 2: 501, 3: 505, 4: 515, 5: 506, 6: 524, 7: 482, 8: 475, 9: 477}, 1: {0: 514, 1: 496, 2: 530, 3: 477, 4: 493, 5: 492, 6: 470, 7: 516, 8: 514, 9: 498}, 2: {0: 496, 1: 506, 2: 499, 3: 504, 4: 471, 5: 489, 6: 507, 7: 502, 8: 484, 9: 542}, 3: {0: 475, 1: 473, 2: 480, 3: 525, 4: 506, 5: 514, 6: 515, 7: 518, 8: 506, 9: 488}, 4: {0: 522, 1: 530, 2: 486, 3: 468, 4: 510, 5: 510, 6: 494, 7: 496, 8: 497, 9: 487}, 5: {0: 519, 1: 494, 2: 514, 3: 499, 4: 512, 5: 479, 6: 470, 7: 497, 8: 505, 9: 511}, 6: {0: 485, 1: 507, 2: 509, 3: 511, 4: 488, 5: 459, 6: 496, 7: 514, 8: 518, 9: 513}, 7: {0: 485, 1: 488, 2: 482, 3: 505, 4: 546, 5: 535, 6: 505, 7: 476, 8: 486, 9: 492}, 8: {0: 512, 1: 493, 2: 513, 3: 481, 4: 512, 5: 499, 6: 513, 7: 481, 8: 508, 9: 488}, 9: {0: 477, 1: 513, 2: 486, 3: 525, 4: 447, 5: 517, 6: 506, 7: 518, 8: 507, 9: 504}}
09-18 22:37 DEBUG    **************************************************
09-18 22:37 DEBUG    Running experiments 

09-18 22:38 DEBUG    Uniform ensemble (Train acc): 0.211600
09-18 22:38 DEBUG    Uniform ensemble (Test acc): 0.212600
09-18 22:38 DEBUG    FedAvg (Train acc): 0.100000
09-18 22:38 DEBUG    FedAvg (Test acc): 0.100000
09-18 23:00 DEBUG    ****** PDM_KL matching ******** 
09-18 23:00 DEBUG    Best Sigma0: 10. Best sigma: 1 Best gamma: 10. Best Test accuracy: 0.1683. Train acc: 0.1678. 

09-18 23:00 DEBUG    PDM_KL log: {(10, 1, 10): {'shapes': [(3072, 700), (700,), (700, 136), (136,), (136, 136), (136,), (136, 136), (136,), (136, 136), (136,), (136, 118), (118,), (118, 10), (10,)], 'train_accuracy': 0.1678, 'test_accuracy': 0.1683}} 
09-18 23:40 DEBUG    ****** PDM_KL matching ******** 
09-18 23:40 DEBUG    Best Sigma0: 10. Best sigma: 1 Best gamma: 10. Best Test accuracy: 0.1829. Train acc: 0.18344. 

09-18 23:40 DEBUG    PDM_KL log: {(10, 1, 10): {'shapes': [(3072, 700), (700,), (700, 136), (136,), (136, 136), (136,), (136, 136), (136,), (136, 136), (136,), (136, 118), (118,), (118, 10), (10,)], 'train_accuracy': 0.18344, 'test_accuracy': 0.1829}} 
09-19 00:17 DEBUG    ****** PDM_KL matching ******** 
09-19 00:17 DEBUG    Best Sigma0: 10. Best sigma: 1 Best gamma: 10. Best Test accuracy: 0.0996. Train acc: 0.0988. 

09-19 00:17 DEBUG    PDM_KL log: {(10, 1, 10): {'shapes': [(3072, 700), (700,), (700, 136), (136,), (136, 136), (136,), (136, 136), (136,), (136, 136), (136,), (136, 118), (118,), (118, 10), (10,)], 'train_accuracy': 0.0988, 'test_accuracy': 0.0996}} 
09-19 00:55 DEBUG    ****** PDM_KL matching ******** 
09-19 00:55 DEBUG    Best Sigma0: 10. Best sigma: 1 Best gamma: 10. Best Test accuracy: 0.1049. Train acc: 0.10258. 

09-19 00:55 DEBUG    PDM_KL log: {(10, 1, 10): {'shapes': [(3072, 700), (700,), (700, 136), (136,), (136, 136), (136,), (136, 136), (136,), (136, 136), (136,), (136, 118), (118,), (118, 10), (10,)], 'train_accuracy': 0.10258, 'test_accuracy': 0.1049}} 
09-19 01:30 DEBUG    ****** PDM_KL matching ******** 
09-19 01:30 DEBUG    Best Sigma0: 10. Best sigma: 1 Best gamma: 10. Best Test accuracy: 0.1681. Train acc: 0.1675. 

09-19 01:30 DEBUG    PDM_KL log: {(10, 1, 10): {'shapes': [(3072, 700), (700,), (700, 136), (136,), (136, 136), (136,), (136, 136), (136,), (136, 136), (136,), (136, 118), (118,), (118, 10), (10,)], 'train_accuracy': 0.1675, 'test_accuracy': 0.1681}} 
09-19 02:03 DEBUG    ****** PDM_KL matching ******** 
09-19 02:03 DEBUG    Best Sigma0: 10. Best sigma: 1 Best gamma: 10. Best Test accuracy: 0.1351. Train acc: 0.1301. 

09-19 02:03 DEBUG    PDM_KL log: {(10, 1, 10): {'shapes': [(3072, 700), (700,), (700, 136), (136,), (136, 136), (136,), (136, 136), (136,), (136, 136), (136,), (136, 118), (118,), (118, 10), (10,)], 'train_accuracy': 0.1301, 'test_accuracy': 0.1351}} 
09-19 02:35 DEBUG    ****** PDM_KL matching ******** 
09-19 02:35 DEBUG    Best Sigma0: 10. Best sigma: 1 Best gamma: 10. Best Test accuracy: 0.1124. Train acc: 0.1117. 

09-19 02:35 DEBUG    PDM_KL log: {(10, 1, 10): {'shapes': [(3072, 700), (700,), (700, 127), (127,), (127, 127), (127,), (127, 127), (127,), (127, 127), (127,), (127, 127), (127,), (127, 10), (10,)], 'train_accuracy': 0.1117, 'test_accuracy': 0.1124}} 
09-19 02:57 DEBUG    ****** PDM_KL matching ******** 
09-19 02:57 DEBUG    Best Sigma0: 10. Best sigma: 1 Best gamma: 10. Best Test accuracy: 0.1011. Train acc: 0.10096. 

09-19 02:57 DEBUG    PDM_KL log: {(10, 1, 10): {'shapes': [(3072, 262), (262,), (262, 127), (127,), (127, 127), (127,), (127, 127), (127,), (127, 127), (127,), (127, 127), (127,), (127, 10), (10,)], 'train_accuracy': 0.10096, 'test_accuracy': 0.1011}} 
09-19 03:09 DEBUG    ****** PDM_KL matching ******** 
09-19 03:09 DEBUG    Best Sigma0: 10. Best sigma: 1 Best gamma: 10. Best Test accuracy: 0.1. Train acc: 0.1. 

09-19 03:09 DEBUG    PDM_KL log: {(10, 1, 10): {'shapes': [(3072, 100), (100,), (100, 118), (118,), (118, 118), (118,), (118, 118), (118,), (118, 118), (118,), (118, 118), (118,), (118, 10), (10,)], 'train_accuracy': 0.1, 'test_accuracy': 0.1}} 
09-19 03:22 DEBUG    ****** PDM_KL matching ******** 
09-19 03:22 DEBUG    Best Sigma0: 10. Best sigma: 1 Best gamma: 10. Best Test accuracy: 0.1. Train acc: 0.1. 

09-19 03:22 DEBUG    PDM_KL log: {(10, 1, 10): {'shapes': [(3072, 100), (100,), (100, 118), (118,), (118, 118), (118,), (118, 118), (118,), (118, 118), (118,), (118, 118), (118,), (118, 10), (10,)], 'train_accuracy': 0.1, 'test_accuracy': 0.1}} 
09-19 03:35 DEBUG    ****** PDM_KL matching ******** 
09-19 03:35 DEBUG    Best Sigma0: 10. Best sigma: 1 Best gamma: 10. Best Test accuracy: 0.1. Train acc: 0.1. 

09-19 03:35 DEBUG    PDM_KL log: {(10, 1, 10): {'shapes': [(3072, 100), (100,), (100, 109), (109,), (109, 118), (118,), (118, 118), (118,), (118, 118), (118,), (118, 118), (118,), (118, 10), (10,)], 'train_accuracy': 0.1, 'test_accuracy': 0.1}} 
09-19 03:35 DEBUG    Trial 2 completed
09-19 03:35 DEBUG    ####################################################################################################
09-19 03:35 DEBUG    ####################################################################################################
09-19 03:35 DEBUG    Executing Trial 3 with seed 3
09-19 03:35 DEBUG    Data statistics: {0: {0: 488, 1: 493, 2: 515, 3: 499, 4: 453, 5: 505, 6: 526, 7: 512, 8: 497, 9: 512}, 1: {0: 544, 1: 458, 2: 518, 3: 495, 4: 465, 5: 501, 6: 517, 7: 528, 8: 473, 9: 501}, 2: {0: 512, 1: 504, 2: 490, 3: 521, 4: 482, 5: 504, 6: 507, 7: 506, 8: 502, 9: 472}, 3: {0: 466, 1: 527, 2: 514, 3: 512, 4: 494, 5: 483, 6: 511, 7: 511, 8: 482, 9: 500}, 4: {0: 528, 1: 511, 2: 487, 3: 506, 4: 506, 5: 478, 6: 481, 7: 484, 8: 541, 9: 478}, 5: {0: 474, 1: 502, 2: 495, 3: 470, 4: 497, 5: 562, 6: 497, 7: 465, 8: 518, 9: 520}, 6: {0: 500, 1: 514, 2: 478, 3: 515, 4: 509, 5: 533, 6: 477, 7: 484, 8: 494, 9: 496}, 7: {0: 492, 1: 509, 2: 490, 3: 507, 4: 505, 5: 486, 6: 507, 7: 486, 8: 508, 9: 510}, 8: {0: 518, 1: 514, 2: 503, 3: 464, 4: 534, 5: 465, 6: 492, 7: 497, 8: 484, 9: 529}, 9: {0: 478, 1: 468, 2: 510, 3: 511, 4: 555, 5: 483, 6: 485, 7: 527, 8: 501, 9: 482}}
09-19 03:38 DEBUG    **************************************************
09-19 03:38 DEBUG    Running experiments 

09-19 03:39 DEBUG    Uniform ensemble (Train acc): 0.211520
09-19 03:39 DEBUG    Uniform ensemble (Test acc): 0.212800
09-19 03:40 DEBUG    FedAvg (Train acc): 0.100000
09-19 03:40 DEBUG    FedAvg (Test acc): 0.100000
09-19 03:59 DEBUG    ****** PDM_KL matching ******** 
09-19 03:59 DEBUG    Best Sigma0: 10. Best sigma: 1 Best gamma: 10. Best Test accuracy: 0.1936. Train acc: 0.19172. 

09-19 03:59 DEBUG    PDM_KL log: {(10, 1, 10): {'shapes': [(3072, 700), (700,), (700, 145), (145,), (145, 136), (136,), (136, 136), (136,), (136, 136), (136,), (136, 127), (127,), (127, 10), (10,)], 'train_accuracy': 0.19172, 'test_accuracy': 0.1936}} 
09-19 04:37 DEBUG    ****** PDM_KL matching ******** 
09-19 04:37 DEBUG    Best Sigma0: 10. Best sigma: 1 Best gamma: 10. Best Test accuracy: 0.1302. Train acc: 0.12788. 

09-19 04:37 DEBUG    PDM_KL log: {(10, 1, 10): {'shapes': [(3072, 700), (700,), (700, 145), (145,), (145, 145), (145,), (145, 136), (136,), (136, 136), (136,), (136, 127), (127,), (127, 10), (10,)], 'train_accuracy': 0.12788, 'test_accuracy': 0.1302}} 
09-19 05:13 DEBUG    ****** PDM_KL matching ******** 
09-19 05:13 DEBUG    Best Sigma0: 10. Best sigma: 1 Best gamma: 10. Best Test accuracy: 0.1707. Train acc: 0.16896. 

09-19 05:13 DEBUG    PDM_KL log: {(10, 1, 10): {'shapes': [(3072, 700), (700,), (700, 145), (145,), (145, 145), (145,), (145, 136), (136,), (136, 136), (136,), (136, 127), (127,), (127, 10), (10,)], 'train_accuracy': 0.16896, 'test_accuracy': 0.1707}} 
09-19 05:48 DEBUG    ****** PDM_KL matching ******** 
09-19 05:48 DEBUG    Best Sigma0: 10. Best sigma: 1 Best gamma: 10. Best Test accuracy: 0.18. Train acc: 0.17938. 

09-19 05:48 DEBUG    PDM_KL log: {(10, 1, 10): {'shapes': [(3072, 700), (700,), (700, 145), (145,), (145, 136), (136,), (136, 136), (136,), (136, 136), (136,), (136, 127), (127,), (127, 10), (10,)], 'train_accuracy': 0.17938, 'test_accuracy': 0.18}} 
09-19 06:23 DEBUG    ****** PDM_KL matching ******** 
09-19 06:23 DEBUG    Best Sigma0: 10. Best sigma: 1 Best gamma: 10. Best Test accuracy: 0.1815. Train acc: 0.1799. 

09-19 06:23 DEBUG    PDM_KL log: {(10, 1, 10): {'shapes': [(3072, 700), (700,), (700, 145), (145,), (145, 136), (136,), (136, 136), (136,), (136, 136), (136,), (136, 127), (127,), (127, 10), (10,)], 'train_accuracy': 0.1799, 'test_accuracy': 0.1815}} 
09-19 06:58 DEBUG    ****** PDM_KL matching ******** 
09-19 06:58 DEBUG    Best Sigma0: 10. Best sigma: 1 Best gamma: 10. Best Test accuracy: 0.1769. Train acc: 0.17442. 

09-19 06:58 DEBUG    PDM_KL log: {(10, 1, 10): {'shapes': [(3072, 700), (700,), (700, 145), (145,), (145, 136), (136,), (136, 136), (136,), (136, 136), (136,), (136, 127), (127,), (127, 10), (10,)], 'train_accuracy': 0.17442, 'test_accuracy': 0.1769}} 
09-19 07:32 DEBUG    ****** PDM_KL matching ******** 
09-19 07:32 DEBUG    Best Sigma0: 10. Best sigma: 1 Best gamma: 10. Best Test accuracy: 0.1357. Train acc: 0.1337. 

09-19 07:32 DEBUG    PDM_KL log: {(10, 1, 10): {'shapes': [(3072, 700), (700,), (700, 136), (136,), (136, 136), (136,), (136, 136), (136,), (136, 136), (136,), (136, 127), (127,), (127, 10), (10,)], 'train_accuracy': 0.1337, 'test_accuracy': 0.1357}} 
09-19 07:54 DEBUG    ****** PDM_KL matching ******** 
09-19 07:54 DEBUG    Best Sigma0: 10. Best sigma: 1 Best gamma: 10. Best Test accuracy: 0.1016. Train acc: 0.10126. 

09-19 07:54 DEBUG    PDM_KL log: {(10, 1, 10): {'shapes': [(3072, 244), (244,), (244, 127), (127,), (127, 127), (127,), (127, 127), (127,), (127, 127), (127,), (127, 127), (127,), (127, 10), (10,)], 'train_accuracy': 0.10126, 'test_accuracy': 0.1016}} 
09-19 08:06 DEBUG    ****** PDM_KL matching ******** 
09-19 08:06 DEBUG    Best Sigma0: 10. Best sigma: 1 Best gamma: 10. Best Test accuracy: 0.1. Train acc: 0.1. 

09-19 08:06 DEBUG    PDM_KL log: {(10, 1, 10): {'shapes': [(3072, 100), (100,), (100, 118), (118,), (118, 118), (118,), (118, 118), (118,), (118, 118), (118,), (118, 118), (118,), (118, 10), (10,)], 'train_accuracy': 0.1, 'test_accuracy': 0.1}} 
09-19 08:19 DEBUG    ****** PDM_KL matching ******** 
09-19 08:19 DEBUG    Best Sigma0: 10. Best sigma: 1 Best gamma: 10. Best Test accuracy: 0.1. Train acc: 0.1. 

09-19 08:19 DEBUG    PDM_KL log: {(10, 1, 10): {'shapes': [(3072, 100), (100,), (100, 118), (118,), (118, 118), (118,), (118, 118), (118,), (118, 118), (118,), (118, 118), (118,), (118, 10), (10,)], 'train_accuracy': 0.1, 'test_accuracy': 0.1}} 
09-19 08:33 DEBUG    ****** PDM_KL matching ******** 
09-19 08:33 DEBUG    Best Sigma0: 10. Best sigma: 1 Best gamma: 10. Best Test accuracy: 0.1. Train acc: 0.1. 

09-19 08:33 DEBUG    PDM_KL log: {(10, 1, 10): {'shapes': [(3072, 100), (100,), (100, 118), (118,), (118, 109), (109,), (109, 118), (118,), (118, 109), (109,), (109, 118), (118,), (118, 10), (10,)], 'train_accuracy': 0.1, 'test_accuracy': 0.1}} 
09-19 08:33 DEBUG    Trial 3 completed
09-19 08:33 DEBUG    ####################################################################################################
09-19 08:33 DEBUG    ####################################################################################################
09-19 08:33 DEBUG    Executing Trial 4 with seed 4
09-19 08:33 DEBUG    Data statistics: {0: {0: 493, 1: 510, 2: 503, 3: 481, 4: 493, 5: 486, 6: 511, 7: 523, 8: 478, 9: 522}, 1: {0: 540, 1: 517, 2: 471, 3: 504, 4: 472, 5: 518, 6: 509, 7: 490, 8: 482, 9: 497}, 2: {0: 488, 1: 490, 2: 482, 3: 472, 4: 540, 5: 512, 6: 512, 7: 501, 8: 519, 9: 484}, 3: {0: 532, 1: 502, 2: 528, 3: 484, 4: 490, 5: 477, 6: 569, 7: 488, 8: 466, 9: 464}, 4: {0: 475, 1: 525, 2: 514, 3: 524, 4: 516, 5: 509, 6: 467, 7: 494, 8: 487, 9: 489}, 5: {0: 512, 1: 476, 2: 518, 3: 534, 4: 464, 5: 516, 6: 458, 7: 488, 8: 538, 9: 496}, 6: {0: 471, 1: 503, 2: 487, 3: 516, 4: 493, 5: 509, 6: 500, 7: 508, 8: 497, 9: 516}, 7: {0: 518, 1: 472, 2: 488, 3: 487, 4: 525, 5: 494, 6: 479, 7: 506, 8: 501, 9: 530}, 8: {0: 494, 1: 497, 2: 489, 3: 491, 4: 514, 5: 507, 6: 476, 7: 519, 8: 524, 9: 489}, 9: {0: 477, 1: 508, 2: 520, 3: 507, 4: 493, 5: 472, 6: 519, 7: 483, 8: 508, 9: 513}}
09-19 08:36 DEBUG    **************************************************
09-19 08:36 DEBUG    Running experiments 

09-19 08:37 DEBUG    Uniform ensemble (Train acc): 0.201840
09-19 08:37 DEBUG    Uniform ensemble (Test acc): 0.200400
09-19 08:38 DEBUG    FedAvg (Train acc): 0.100000
09-19 08:38 DEBUG    FedAvg (Test acc): 0.100000
09-19 08:59 DEBUG    ****** PDM_KL matching ******** 
09-19 08:59 DEBUG    Best Sigma0: 10. Best sigma: 1 Best gamma: 10. Best Test accuracy: 0.1189. Train acc: 0.11916. 

09-19 08:59 DEBUG    PDM_KL log: {(10, 1, 10): {'shapes': [(3072, 700), (700,), (700, 136), (136,), (136, 136), (136,), (136, 136), (136,), (136, 136), (136,), (136, 118), (118,), (118, 10), (10,)], 'train_accuracy': 0.11916, 'test_accuracy': 0.1189}} 
09-19 09:36 DEBUG    ****** PDM_KL matching ******** 
09-19 09:36 DEBUG    Best Sigma0: 10. Best sigma: 1 Best gamma: 10. Best Test accuracy: 0.12. Train acc: 0.11786. 

09-19 09:36 DEBUG    PDM_KL log: {(10, 1, 10): {'shapes': [(3072, 700), (700,), (700, 136), (136,), (136, 136), (136,), (136, 136), (136,), (136, 136), (136,), (136, 118), (118,), (118, 10), (10,)], 'train_accuracy': 0.11786, 'test_accuracy': 0.12}} 
09-19 10:13 DEBUG    ****** PDM_KL matching ******** 
09-19 10:13 DEBUG    Best Sigma0: 10. Best sigma: 1 Best gamma: 10. Best Test accuracy: 0.1198. Train acc: 0.11834. 

09-19 10:13 DEBUG    PDM_KL log: {(10, 1, 10): {'shapes': [(3072, 700), (700,), (700, 136), (136,), (136, 136), (136,), (136, 136), (136,), (136, 136), (136,), (136, 118), (118,), (118, 10), (10,)], 'train_accuracy': 0.11834, 'test_accuracy': 0.1198}} 
09-19 10:48 DEBUG    ****** PDM_KL matching ******** 
09-19 10:48 DEBUG    Best Sigma0: 10. Best sigma: 1 Best gamma: 10. Best Test accuracy: 0.122. Train acc: 0.12218. 

09-19 10:48 DEBUG    PDM_KL log: {(10, 1, 10): {'shapes': [(3072, 700), (700,), (700, 136), (136,), (136, 136), (136,), (136, 136), (136,), (136, 136), (136,), (136, 118), (118,), (118, 10), (10,)], 'train_accuracy': 0.12218, 'test_accuracy': 0.122}} 
09-19 11:25 DEBUG    ****** PDM_KL matching ******** 
09-19 11:25 DEBUG    Best Sigma0: 10. Best sigma: 1 Best gamma: 10. Best Test accuracy: 0.1162. Train acc: 0.11718. 

09-19 11:25 DEBUG    PDM_KL log: {(10, 1, 10): {'shapes': [(3072, 700), (700,), (700, 136), (136,), (136, 136), (136,), (136, 136), (136,), (136, 136), (136,), (136, 118), (118,), (118, 10), (10,)], 'train_accuracy': 0.11718, 'test_accuracy': 0.1162}} 
09-19 11:58 DEBUG    ****** PDM_KL matching ******** 
09-19 11:58 DEBUG    Best Sigma0: 10. Best sigma: 1 Best gamma: 10. Best Test accuracy: 0.109. Train acc: 0.10842. 

09-19 11:58 DEBUG    PDM_KL log: {(10, 1, 10): {'shapes': [(3072, 700), (700,), (700, 136), (136,), (136, 136), (136,), (136, 136), (136,), (136, 136), (136,), (136, 118), (118,), (118, 10), (10,)], 'train_accuracy': 0.10842, 'test_accuracy': 0.109}} 
09-19 12:32 DEBUG    ****** PDM_KL matching ******** 
09-19 12:32 DEBUG    Best Sigma0: 10. Best sigma: 1 Best gamma: 10. Best Test accuracy: 0.1107. Train acc: 0.10992. 

09-19 12:32 DEBUG    PDM_KL log: {(10, 1, 10): {'shapes': [(3072, 698), (698,), (698, 127), (127,), (127, 127), (127,), (127, 127), (127,), (127, 127), (127,), (127, 127), (127,), (127, 10), (10,)], 'train_accuracy': 0.10992, 'test_accuracy': 0.1107}} 
09-19 12:56 DEBUG    ****** PDM_KL matching ******** 
09-19 12:56 DEBUG    Best Sigma0: 10. Best sigma: 1 Best gamma: 10. Best Test accuracy: 0.1087. Train acc: 0.10676. 

09-19 12:56 DEBUG    PDM_KL log: {(10, 1, 10): {'shapes': [(3072, 262), (262,), (262, 127), (127,), (127, 127), (127,), (127, 127), (127,), (127, 127), (127,), (127, 127), (127,), (127, 10), (10,)], 'train_accuracy': 0.10676, 'test_accuracy': 0.1087}} 
09-19 13:08 DEBUG    ****** PDM_KL matching ******** 
09-19 13:08 DEBUG    Best Sigma0: 10. Best sigma: 1 Best gamma: 10. Best Test accuracy: 0.1. Train acc: 0.1. 

09-19 13:08 DEBUG    PDM_KL log: {(10, 1, 10): {'shapes': [(3072, 100), (100,), (100, 118), (118,), (118, 118), (118,), (118, 118), (118,), (118, 118), (118,), (118, 118), (118,), (118, 10), (10,)], 'train_accuracy': 0.1, 'test_accuracy': 0.1}} 
09-19 13:21 DEBUG    ****** PDM_KL matching ******** 
09-19 13:21 DEBUG    Best Sigma0: 10. Best sigma: 1 Best gamma: 10. Best Test accuracy: 0.1. Train acc: 0.1. 

09-19 13:21 DEBUG    PDM_KL log: {(10, 1, 10): {'shapes': [(3072, 100), (100,), (100, 118), (118,), (118, 118), (118,), (118, 118), (118,), (118, 118), (118,), (118, 118), (118,), (118, 10), (10,)], 'train_accuracy': 0.1, 'test_accuracy': 0.1}} 
09-19 13:33 DEBUG    ****** PDM_KL matching ******** 
09-19 13:33 DEBUG    Best Sigma0: 10. Best sigma: 1 Best gamma: 10. Best Test accuracy: 0.1. Train acc: 0.1. 

09-19 13:33 DEBUG    PDM_KL log: {(10, 1, 10): {'shapes': [(3072, 100), (100,), (100, 109), (109,), (109, 118), (118,), (118, 118), (118,), (118, 109), (109,), (109, 118), (118,), (118, 10), (10,)], 'train_accuracy': 0.1, 'test_accuracy': 0.1}} 
09-19 13:33 DEBUG    Trial 4 completed
09-19 13:33 DEBUG    ####################################################################################################
09-19 13:33 DEBUG    ####################################################################################################
09-19 13:33 DEBUG    Executing Trial 5 with seed 5
09-19 13:33 DEBUG    Data statistics: {0: {0: 506, 1: 481, 2: 527, 3: 510, 4: 480, 5: 503, 6: 521, 7: 490, 8: 497, 9: 485}, 1: {0: 490, 1: 480, 2: 474, 3: 544, 4: 490, 5: 515, 6: 471, 7: 492, 8: 512, 9: 532}, 2: {0: 505, 1: 512, 2: 489, 3: 508, 4: 493, 5: 500, 6: 500, 7: 467, 8: 510, 9: 516}, 3: {0: 470, 1: 509, 2: 507, 3: 490, 4: 510, 5: 485, 6: 495, 7: 537, 8: 511, 9: 486}, 4: {0: 521, 1: 509, 2: 461, 3: 504, 4: 533, 5: 475, 6: 501, 7: 516, 8: 493, 9: 487}, 5: {0: 553, 1: 501, 2: 514, 3: 461, 4: 516, 5: 522, 6: 476, 7: 508, 8: 473, 9: 476}, 6: {0: 515, 1: 505, 2: 504, 3: 477, 4: 491, 5: 503, 6: 506, 7: 485, 8: 477, 9: 537}, 7: {0: 479, 1: 494, 2: 525, 3: 488, 4: 488, 5: 504, 6: 543, 7: 509, 8: 506, 9: 464}, 8: {0: 450, 1: 502, 2: 468, 3: 521, 4: 484, 5: 508, 6: 509, 7: 513, 8: 528, 9: 517}, 9: {0: 511, 1: 507, 2: 531, 3: 497, 4: 515, 5: 485, 6: 478, 7: 483, 8: 493, 9: 500}}
09-19 13:35 DEBUG    **************************************************
09-19 13:35 DEBUG    Running experiments 

09-19 13:35 DEBUG    Uniform ensemble (Train acc): 0.219980
09-19 13:35 DEBUG    Uniform ensemble (Test acc): 0.215800
09-19 13:35 DEBUG    FedAvg (Train acc): 0.100000
09-19 13:35 DEBUG    FedAvg (Test acc): 0.100000
09-19 13:55 DEBUG    ****** PDM_KL matching ******** 
09-19 13:55 DEBUG    Best Sigma0: 10. Best sigma: 1 Best gamma: 10. Best Test accuracy: 0.1932. Train acc: 0.1936. 

09-19 13:55 DEBUG    PDM_KL log: {(10, 1, 10): {'shapes': [(3072, 700), (700,), (700, 145), (145,), (145, 136), (136,), (136, 145), (145,), (145, 136), (136,), (136, 118), (118,), (118, 10), (10,)], 'train_accuracy': 0.1936, 'test_accuracy': 0.1932}} 
09-19 14:33 DEBUG    ****** PDM_KL matching ******** 
09-19 14:33 DEBUG    Best Sigma0: 10. Best sigma: 1 Best gamma: 10. Best Test accuracy: 0.1346. Train acc: 0.13382. 

09-19 14:33 DEBUG    PDM_KL log: {(10, 1, 10): {'shapes': [(3072, 700), (700,), (700, 145), (145,), (145, 136), (136,), (136, 145), (145,), (145, 136), (136,), (136, 118), (118,), (118, 10), (10,)], 'train_accuracy': 0.13382, 'test_accuracy': 0.1346}} 
09-19 15:08 DEBUG    ****** PDM_KL matching ******** 
09-19 15:08 DEBUG    Best Sigma0: 10. Best sigma: 1 Best gamma: 10. Best Test accuracy: 0.1476. Train acc: 0.14132. 

09-19 15:08 DEBUG    PDM_KL log: {(10, 1, 10): {'shapes': [(3072, 700), (700,), (700, 145), (145,), (145, 136), (136,), (136, 136), (136,), (136, 136), (136,), (136, 118), (118,), (118, 10), (10,)], 'train_accuracy': 0.14132, 'test_accuracy': 0.1476}} 
09-19 15:43 DEBUG    ****** PDM_KL matching ******** 
09-19 15:43 DEBUG    Best Sigma0: 10. Best sigma: 1 Best gamma: 10. Best Test accuracy: 0.1954. Train acc: 0.19194. 

09-19 15:43 DEBUG    PDM_KL log: {(10, 1, 10): {'shapes': [(3072, 700), (700,), (700, 145), (145,), (145, 136), (136,), (136, 145), (145,), (145, 136), (136,), (136, 118), (118,), (118, 10), (10,)], 'train_accuracy': 0.19194, 'test_accuracy': 0.1954}} 
09-19 16:18 DEBUG    ****** PDM_KL matching ******** 
09-19 16:18 DEBUG    Best Sigma0: 10. Best sigma: 1 Best gamma: 10. Best Test accuracy: 0.1961. Train acc: 0.19416. 

09-19 16:18 DEBUG    PDM_KL log: {(10, 1, 10): {'shapes': [(3072, 700), (700,), (700, 145), (145,), (145, 136), (136,), (136, 145), (145,), (145, 136), (136,), (136, 118), (118,), (118, 10), (10,)], 'train_accuracy': 0.19416, 'test_accuracy': 0.1961}} 
09-19 16:54 DEBUG    ****** PDM_KL matching ******** 
09-19 16:54 DEBUG    Best Sigma0: 10. Best sigma: 1 Best gamma: 10. Best Test accuracy: 0.1979. Train acc: 0.19284. 

09-19 16:54 DEBUG    PDM_KL log: {(10, 1, 10): {'shapes': [(3072, 700), (700,), (700, 136), (136,), (136, 136), (136,), (136, 145), (145,), (145, 136), (136,), (136, 118), (118,), (118, 10), (10,)], 'train_accuracy': 0.19284, 'test_accuracy': 0.1979}} 
09-19 17:27 DEBUG    ****** PDM_KL matching ******** 
09-19 17:27 DEBUG    Best Sigma0: 10. Best sigma: 1 Best gamma: 10. Best Test accuracy: 0.1698. Train acc: 0.17496. 

09-19 17:27 DEBUG    PDM_KL log: {(10, 1, 10): {'shapes': [(3072, 689), (689,), (689, 136), (136,), (136, 136), (136,), (136, 136), (136,), (136, 136), (136,), (136, 127), (127,), (127, 10), (10,)], 'train_accuracy': 0.17496, 'test_accuracy': 0.1698}} 
09-19 17:48 DEBUG    ****** PDM_KL matching ******** 
09-19 17:48 DEBUG    Best Sigma0: 10. Best sigma: 1 Best gamma: 10. Best Test accuracy: 0.1012. Train acc: 0.10116. 

09-19 17:48 DEBUG    PDM_KL log: {(10, 1, 10): {'shapes': [(3072, 262), (262,), (262, 127), (127,), (127, 127), (127,), (127, 127), (127,), (127, 127), (127,), (127, 127), (127,), (127, 10), (10,)], 'train_accuracy': 0.10116, 'test_accuracy': 0.1012}} 
09-19 18:01 DEBUG    ****** PDM_KL matching ******** 
09-19 18:01 DEBUG    Best Sigma0: 10. Best sigma: 1 Best gamma: 10. Best Test accuracy: 0.1. Train acc: 0.1. 

09-19 18:01 DEBUG    PDM_KL log: {(10, 1, 10): {'shapes': [(3072, 100), (100,), (100, 118), (118,), (118, 118), (118,), (118, 118), (118,), (118, 118), (118,), (118, 118), (118,), (118, 10), (10,)], 'train_accuracy': 0.1, 'test_accuracy': 0.1}} 
09-19 18:14 DEBUG    ****** PDM_KL matching ******** 
09-19 18:14 DEBUG    Best Sigma0: 10. Best sigma: 1 Best gamma: 10. Best Test accuracy: 0.1. Train acc: 0.1. 

09-19 18:14 DEBUG    PDM_KL log: {(10, 1, 10): {'shapes': [(3072, 100), (100,), (100, 109), (109,), (109, 118), (118,), (118, 118), (118,), (118, 118), (118,), (118, 118), (118,), (118, 10), (10,)], 'train_accuracy': 0.1, 'test_accuracy': 0.1}} 
09-19 18:27 DEBUG    ****** PDM_KL matching ******** 
09-19 18:27 DEBUG    Best Sigma0: 10. Best sigma: 1 Best gamma: 10. Best Test accuracy: 0.1. Train acc: 0.1. 

09-19 18:27 DEBUG    PDM_KL log: {(10, 1, 10): {'shapes': [(3072, 100), (100,), (100, 109), (109,), (109, 118), (118,), (118, 109), (109,), (109, 109), (109,), (109, 118), (118,), (118, 10), (10,)], 'train_accuracy': 0.1, 'test_accuracy': 0.1}} 
09-19 18:27 DEBUG    Trial 5 completed
09-19 18:27 DEBUG    ####################################################################################################
09-19 18:27 DEBUG    ####################################################################################################
09-19 18:27 DEBUG    Executing Trial 6 with seed 6
09-19 18:27 DEBUG    Data statistics: {0: {0: 525, 1: 492, 2: 476, 3: 486, 4: 508, 5: 495, 6: 524, 7: 481, 8: 510, 9: 503}, 1: {0: 492, 1: 515, 2: 471, 3: 507, 4: 523, 5: 503, 6: 486, 7: 482, 8: 510, 9: 511}, 2: {0: 513, 1: 485, 2: 481, 3: 511, 4: 480, 5: 511, 6: 512, 7: 479, 8: 516, 9: 512}, 3: {0: 467, 1: 473, 2: 526, 3: 496, 4: 514, 5: 514, 6: 469, 7: 513, 8: 520, 9: 508}, 4: {0: 500, 1: 492, 2: 499, 3: 519, 4: 534, 5: 460, 6: 525, 7: 485, 8: 514, 9: 472}, 5: {0: 508, 1: 492, 2: 507, 3: 512, 4: 466, 5: 513, 6: 523, 7: 492, 8: 494, 9: 493}, 6: {0: 468, 1: 508, 2: 533, 3: 506, 4: 439, 5: 510, 6: 510, 7: 519, 8: 501, 9: 506}, 7: {0: 540, 1: 511, 2: 499, 3: 452, 4: 508, 5: 501, 6: 464, 7: 529, 8: 474, 9: 522}, 8: {0: 497, 1: 497, 2: 496, 3: 517, 4: 511, 5: 497, 6: 493, 7: 509, 8: 497, 9: 486}, 9: {0: 490, 1: 535, 2: 512, 3: 494, 4: 517, 5: 496, 6: 494, 7: 511, 8: 464, 9: 487}}
09-19 18:30 DEBUG    **************************************************
09-19 18:30 DEBUG    Running experiments 

09-19 18:31 DEBUG    Uniform ensemble (Train acc): 0.229900
09-19 18:31 DEBUG    Uniform ensemble (Test acc): 0.227400
09-19 18:32 DEBUG    FedAvg (Train acc): 0.100000
09-19 18:32 DEBUG    FedAvg (Test acc): 0.100000
09-19 18:51 DEBUG    ****** PDM_KL matching ******** 
09-19 18:51 DEBUG    Best Sigma0: 10. Best sigma: 1 Best gamma: 10. Best Test accuracy: 0.1317. Train acc: 0.12716. 

09-19 18:51 DEBUG    PDM_KL log: {(10, 1, 10): {'shapes': [(3072, 700), (700,), (700, 136), (136,), (136, 136), (136,), (136, 136), (136,), (136, 136), (136,), (136, 118), (118,), (118, 10), (10,)], 'train_accuracy': 0.12716, 'test_accuracy': 0.1317}} 
09-19 19:24 DEBUG    ****** PDM_KL matching ******** 
09-19 19:24 DEBUG    Best Sigma0: 10. Best sigma: 1 Best gamma: 10. Best Test accuracy: 0.1211. Train acc: 0.11656. 

09-19 19:24 DEBUG    PDM_KL log: {(10, 1, 10): {'shapes': [(3072, 700), (700,), (700, 136), (136,), (136, 136), (136,), (136, 136), (136,), (136, 136), (136,), (136, 118), (118,), (118, 10), (10,)], 'train_accuracy': 0.11656, 'test_accuracy': 0.1211}} 
09-19 20:00 DEBUG    ****** PDM_KL matching ******** 
09-19 20:00 DEBUG    Best Sigma0: 10. Best sigma: 1 Best gamma: 10. Best Test accuracy: 0.1091. Train acc: 0.1109. 

09-19 20:00 DEBUG    PDM_KL log: {(10, 1, 10): {'shapes': [(3072, 700), (700,), (700, 136), (136,), (136, 136), (136,), (136, 136), (136,), (136, 136), (136,), (136, 118), (118,), (118, 10), (10,)], 'train_accuracy': 0.1109, 'test_accuracy': 0.1091}} 
09-19 20:36 DEBUG    ****** PDM_KL matching ******** 
09-19 20:36 DEBUG    Best Sigma0: 10. Best sigma: 1 Best gamma: 10. Best Test accuracy: 0.1348. Train acc: 0.13676. 

09-19 20:36 DEBUG    PDM_KL log: {(10, 1, 10): {'shapes': [(3072, 700), (700,), (700, 136), (136,), (136, 136), (136,), (136, 136), (136,), (136, 136), (136,), (136, 118), (118,), (118, 10), (10,)], 'train_accuracy': 0.13676, 'test_accuracy': 0.1348}} 
09-19 21:12 DEBUG    ****** PDM_KL matching ******** 
09-19 21:12 DEBUG    Best Sigma0: 10. Best sigma: 1 Best gamma: 10. Best Test accuracy: 0.1337. Train acc: 0.1256. 

09-19 21:12 DEBUG    PDM_KL log: {(10, 1, 10): {'shapes': [(3072, 700), (700,), (700, 136), (136,), (136, 136), (136,), (136, 136), (136,), (136, 136), (136,), (136, 118), (118,), (118, 10), (10,)], 'train_accuracy': 0.1256, 'test_accuracy': 0.1337}} 
09-19 21:45 DEBUG    ****** PDM_KL matching ******** 
09-19 21:45 DEBUG    Best Sigma0: 10. Best sigma: 1 Best gamma: 10. Best Test accuracy: 0.1364. Train acc: 0.13188. 

09-19 21:45 DEBUG    PDM_KL log: {(10, 1, 10): {'shapes': [(3072, 700), (700,), (700, 136), (136,), (136, 136), (136,), (136, 136), (136,), (136, 136), (136,), (136, 118), (118,), (118, 10), (10,)], 'train_accuracy': 0.13188, 'test_accuracy': 0.1364}} 
09-19 22:17 DEBUG    ****** PDM_KL matching ******** 
09-19 22:17 DEBUG    Best Sigma0: 10. Best sigma: 1 Best gamma: 10. Best Test accuracy: 0.1068. Train acc: 0.1053. 

09-19 22:17 DEBUG    PDM_KL log: {(10, 1, 10): {'shapes': [(3072, 693), (693,), (693, 127), (127,), (127, 127), (127,), (127, 127), (127,), (127, 127), (127,), (127, 127), (127,), (127, 10), (10,)], 'train_accuracy': 0.1053, 'test_accuracy': 0.1068}} 
09-19 22:42 DEBUG    ****** PDM_KL matching ******** 
09-19 22:42 DEBUG    Best Sigma0: 10. Best sigma: 1 Best gamma: 10. Best Test accuracy: 0.1. Train acc: 0.09998. 

09-19 22:42 DEBUG    PDM_KL log: {(10, 1, 10): {'shapes': [(3072, 262), (262,), (262, 127), (127,), (127, 127), (127,), (127, 127), (127,), (127, 127), (127,), (127, 127), (127,), (127, 10), (10,)], 'train_accuracy': 0.09998, 'test_accuracy': 0.1}} 
09-19 22:54 DEBUG    ****** PDM_KL matching ******** 
09-19 22:54 DEBUG    Best Sigma0: 10. Best sigma: 1 Best gamma: 10. Best Test accuracy: 0.1. Train acc: 0.1. 

09-19 22:54 DEBUG    PDM_KL log: {(10, 1, 10): {'shapes': [(3072, 109), (109,), (109, 118), (118,), (118, 118), (118,), (118, 118), (118,), (118, 118), (118,), (118, 118), (118,), (118, 10), (10,)], 'train_accuracy': 0.1, 'test_accuracy': 0.1}} 
09-19 23:06 DEBUG    ****** PDM_KL matching ******** 
09-19 23:06 DEBUG    Best Sigma0: 10. Best sigma: 1 Best gamma: 10. Best Test accuracy: 0.1. Train acc: 0.1. 

09-19 23:06 DEBUG    PDM_KL log: {(10, 1, 10): {'shapes': [(3072, 100), (100,), (100, 118), (118,), (118, 118), (118,), (118, 118), (118,), (118, 118), (118,), (118, 118), (118,), (118, 10), (10,)], 'train_accuracy': 0.1, 'test_accuracy': 0.1}} 
09-19 23:17 DEBUG    ****** PDM_KL matching ******** 
09-19 23:17 DEBUG    Best Sigma0: 10. Best sigma: 1 Best gamma: 10. Best Test accuracy: 0.1. Train acc: 0.1. 

09-19 23:17 DEBUG    PDM_KL log: {(10, 1, 10): {'shapes': [(3072, 100), (100,), (100, 118), (118,), (118, 118), (118,), (118, 118), (118,), (118, 109), (109,), (109, 118), (118,), (118, 10), (10,)], 'train_accuracy': 0.1, 'test_accuracy': 0.1}} 
09-19 23:17 DEBUG    Trial 6 completed
09-19 23:17 DEBUG    ####################################################################################################
09-19 23:17 DEBUG    ####################################################################################################
09-19 23:17 DEBUG    Executing Trial 7 with seed 7
09-19 23:17 DEBUG    Data statistics: {0: {0: 482, 1: 521, 2: 535, 3: 522, 4: 467, 5: 501, 6: 526, 7: 471, 8: 489, 9: 486}, 1: {0: 527, 1: 478, 2: 478, 3: 525, 4: 507, 5: 463, 6: 507, 7: 499, 8: 520, 9: 496}, 2: {0: 489, 1: 470, 2: 493, 3: 474, 4: 505, 5: 539, 6: 476, 7: 516, 8: 519, 9: 519}, 3: {0: 489, 1: 489, 2: 485, 3: 519, 4: 474, 5: 505, 6: 483, 7: 517, 8: 515, 9: 524}, 4: {0: 516, 1: 492, 2: 514, 3: 501, 4: 490, 5: 513, 6: 497, 7: 486, 8: 500, 9: 491}, 5: {0: 507, 1: 511, 2: 508, 3: 489, 4: 512, 5: 491, 6: 462, 7: 498, 8: 503, 9: 519}, 6: {0: 487, 1: 497, 2: 481, 3: 477, 4: 494, 5: 531, 6: 534, 7: 484, 8: 539, 9: 476}, 7: {0: 512, 1: 497, 2: 493, 3: 496, 4: 537, 5: 462, 6: 510, 7: 562, 8: 460, 9: 471}, 8: {0: 527, 1: 536, 2: 509, 3: 474, 4: 504, 5: 500, 6: 486, 7: 464, 8: 468, 9: 532}, 9: {0: 464, 1: 509, 2: 504, 3: 523, 4: 510, 5: 495, 6: 519, 7: 503, 8: 487, 9: 486}}
09-19 23:19 DEBUG    **************************************************
09-19 23:19 DEBUG    Running experiments 

09-19 23:20 DEBUG    Uniform ensemble (Train acc): 0.211380
09-19 23:20 DEBUG    Uniform ensemble (Test acc): 0.208600
09-19 23:21 DEBUG    FedAvg (Train acc): 0.100000
09-19 23:21 DEBUG    FedAvg (Test acc): 0.100000
09-19 23:39 DEBUG    ****** PDM_KL matching ******** 
09-19 23:39 DEBUG    Best Sigma0: 10. Best sigma: 1 Best gamma: 10. Best Test accuracy: 0.1515. Train acc: 0.15054. 

09-19 23:39 DEBUG    PDM_KL log: {(10, 1, 10): {'shapes': [(3072, 700), (700,), (700, 136), (136,), (136, 136), (136,), (136, 136), (136,), (136, 136), (136,), (136, 118), (118,), (118, 10), (10,)], 'train_accuracy': 0.15054, 'test_accuracy': 0.1515}} 
09-20 00:17 DEBUG    ****** PDM_KL matching ******** 
09-20 00:17 DEBUG    Best Sigma0: 10. Best sigma: 1 Best gamma: 10. Best Test accuracy: 0.1498. Train acc: 0.15092. 

09-20 00:17 DEBUG    PDM_KL log: {(10, 1, 10): {'shapes': [(3072, 700), (700,), (700, 136), (136,), (136, 136), (136,), (136, 136), (136,), (136, 136), (136,), (136, 118), (118,), (118, 10), (10,)], 'train_accuracy': 0.15092, 'test_accuracy': 0.1498}} 
09-20 00:51 DEBUG    ****** PDM_KL matching ******** 
09-20 00:51 DEBUG    Best Sigma0: 10. Best sigma: 1 Best gamma: 10. Best Test accuracy: 0.144. Train acc: 0.14392. 

09-20 00:51 DEBUG    PDM_KL log: {(10, 1, 10): {'shapes': [(3072, 700), (700,), (700, 136), (136,), (136, 136), (136,), (136, 136), (136,), (136, 136), (136,), (136, 118), (118,), (118, 10), (10,)], 'train_accuracy': 0.14392, 'test_accuracy': 0.144}} 
09-20 01:26 DEBUG    ****** PDM_KL matching ******** 
09-20 01:26 DEBUG    Best Sigma0: 10. Best sigma: 1 Best gamma: 10. Best Test accuracy: 0.1507. Train acc: 0.15212. 

09-20 01:26 DEBUG    PDM_KL log: {(10, 1, 10): {'shapes': [(3072, 700), (700,), (700, 136), (136,), (136, 136), (136,), (136, 136), (136,), (136, 136), (136,), (136, 118), (118,), (118, 10), (10,)], 'train_accuracy': 0.15212, 'test_accuracy': 0.1507}} 
09-20 01:59 DEBUG    ****** PDM_KL matching ******** 
09-20 01:59 DEBUG    Best Sigma0: 10. Best sigma: 1 Best gamma: 10. Best Test accuracy: 0.1496. Train acc: 0.14936. 

09-20 01:59 DEBUG    PDM_KL log: {(10, 1, 10): {'shapes': [(3072, 700), (700,), (700, 136), (136,), (136, 136), (136,), (136, 136), (136,), (136, 136), (136,), (136, 118), (118,), (118, 10), (10,)], 'train_accuracy': 0.14936, 'test_accuracy': 0.1496}} 
09-20 02:29 DEBUG    ****** PDM_KL matching ******** 
09-20 02:29 DEBUG    Best Sigma0: 10. Best sigma: 1 Best gamma: 10. Best Test accuracy: 0.1486. Train acc: 0.14682. 

09-20 02:29 DEBUG    PDM_KL log: {(10, 1, 10): {'shapes': [(3072, 700), (700,), (700, 136), (136,), (136, 136), (136,), (136, 136), (136,), (136, 136), (136,), (136, 118), (118,), (118, 10), (10,)], 'train_accuracy': 0.14682, 'test_accuracy': 0.1486}} 
09-20 02:56 DEBUG    ****** PDM_KL matching ******** 
09-20 02:56 DEBUG    Best Sigma0: 10. Best sigma: 1 Best gamma: 10. Best Test accuracy: 0.1037. Train acc: 0.10348. 

09-20 02:56 DEBUG    PDM_KL log: {(10, 1, 10): {'shapes': [(3072, 700), (700,), (700, 127), (127,), (127, 127), (127,), (127, 127), (127,), (127, 127), (127,), (127, 127), (127,), (127, 10), (10,)], 'train_accuracy': 0.10348, 'test_accuracy': 0.1037}} 
09-20 03:15 DEBUG    ****** PDM_KL matching ******** 
09-20 03:15 DEBUG    Best Sigma0: 10. Best sigma: 1 Best gamma: 10. Best Test accuracy: 0.1039. Train acc: 0.10302. 

09-20 03:15 DEBUG    PDM_KL log: {(10, 1, 10): {'shapes': [(3072, 271), (271,), (271, 127), (127,), (127, 127), (127,), (127, 127), (127,), (127, 127), (127,), (127, 127), (127,), (127, 10), (10,)], 'train_accuracy': 0.10302, 'test_accuracy': 0.1039}} 
09-20 03:22 DEBUG    ****** PDM_KL matching ******** 
09-20 03:22 DEBUG    Best Sigma0: 10. Best sigma: 1 Best gamma: 10. Best Test accuracy: 0.1. Train acc: 0.1. 

09-20 03:22 DEBUG    PDM_KL log: {(10, 1, 10): {'shapes': [(3072, 100), (100,), (100, 118), (118,), (118, 118), (118,), (118, 118), (118,), (118, 118), (118,), (118, 118), (118,), (118, 10), (10,)], 'train_accuracy': 0.1, 'test_accuracy': 0.1}} 
09-20 03:32 DEBUG    ****** PDM_KL matching ******** 
09-20 03:32 DEBUG    Best Sigma0: 10. Best sigma: 1 Best gamma: 10. Best Test accuracy: 0.1. Train acc: 0.1. 

09-20 03:32 DEBUG    PDM_KL log: {(10, 1, 10): {'shapes': [(3072, 100), (100,), (100, 118), (118,), (118, 118), (118,), (118, 118), (118,), (118, 118), (118,), (118, 118), (118,), (118, 10), (10,)], 'train_accuracy': 0.1, 'test_accuracy': 0.1}} 
09-20 03:40 DEBUG    ****** PDM_KL matching ******** 
09-20 03:40 DEBUG    Best Sigma0: 10. Best sigma: 1 Best gamma: 10. Best Test accuracy: 0.1. Train acc: 0.1. 

09-20 03:40 DEBUG    PDM_KL log: {(10, 1, 10): {'shapes': [(3072, 100), (100,), (100, 109), (109,), (109, 118), (118,), (118, 109), (109,), (109, 109), (109,), (109, 118), (118,), (118, 10), (10,)], 'train_accuracy': 0.1, 'test_accuracy': 0.1}} 
09-20 03:40 DEBUG    Trial 7 completed
09-20 03:40 DEBUG    ####################################################################################################
09-20 03:40 DEBUG    ####################################################################################################
09-20 03:40 DEBUG    Executing Trial 8 with seed 8
09-20 03:40 DEBUG    Data statistics: {0: {0: 518, 1: 496, 2: 490, 3: 514, 4: 513, 5: 507, 6: 510, 7: 462, 8: 461, 9: 529}, 1: {0: 522, 1: 510, 2: 503, 3: 490, 4: 501, 5: 481, 6: 522, 7: 496, 8: 471, 9: 504}, 2: {0: 475, 1: 498, 2: 474, 3: 476, 4: 493, 5: 531, 6: 504, 7: 508, 8: 526, 9: 515}, 3: {0: 491, 1: 516, 2: 505, 3: 501, 4: 508, 5: 499, 6: 480, 7: 486, 8: 519, 9: 495}, 4: {0: 501, 1: 463, 2: 496, 3: 496, 4: 519, 5: 487, 6: 482, 7: 543, 8: 536, 9: 477}, 5: {0: 475, 1: 502, 2: 493, 3: 483, 4: 512, 5: 511, 6: 521, 7: 468, 8: 501, 9: 534}, 6: {0: 492, 1: 517, 2: 530, 3: 502, 4: 509, 5: 480, 6: 493, 7: 488, 8: 499, 9: 490}, 7: {0: 486, 1: 501, 2: 518, 3: 524, 4: 484, 5: 491, 6: 489, 7: 507, 8: 530, 9: 470}, 8: {0: 509, 1: 511, 2: 467, 3: 503, 4: 495, 5: 509, 6: 513, 7: 516, 8: 465, 9: 512}, 9: {0: 531, 1: 486, 2: 524, 3: 511, 4: 466, 5: 504, 6: 486, 7: 526, 8: 492, 9: 474}}
09-20 03:42 DEBUG    **************************************************
09-20 03:42 DEBUG    Running experiments 

09-20 03:43 DEBUG    Uniform ensemble (Train acc): 0.205720
09-20 03:43 DEBUG    Uniform ensemble (Test acc): 0.204700
09-20 03:43 DEBUG    FedAvg (Train acc): 0.100000
09-20 03:43 DEBUG    FedAvg (Test acc): 0.100000
09-20 03:59 DEBUG    ****** PDM_KL matching ******** 
09-20 03:59 DEBUG    Best Sigma0: 10. Best sigma: 1 Best gamma: 10. Best Test accuracy: 0.1745. Train acc: 0.17742. 

09-20 03:59 DEBUG    PDM_KL log: {(10, 1, 10): {'shapes': [(3072, 700), (700,), (700, 136), (136,), (136, 136), (136,), (136, 136), (136,), (136, 136), (136,), (136, 118), (118,), (118, 10), (10,)], 'train_accuracy': 0.17742, 'test_accuracy': 0.1745}} 
09-20 04:26 DEBUG    ****** PDM_KL matching ******** 
09-20 04:26 DEBUG    Best Sigma0: 10. Best sigma: 1 Best gamma: 10. Best Test accuracy: 0.1951. Train acc: 0.19116. 

09-20 04:26 DEBUG    PDM_KL log: {(10, 1, 10): {'shapes': [(3072, 700), (700,), (700, 136), (136,), (136, 136), (136,), (136, 136), (136,), (136, 136), (136,), (136, 118), (118,), (118, 10), (10,)], 'train_accuracy': 0.19116, 'test_accuracy': 0.1951}} 
09-20 04:51 DEBUG    ****** PDM_KL matching ******** 
09-20 04:51 DEBUG    Best Sigma0: 10. Best sigma: 1 Best gamma: 10. Best Test accuracy: 0.1926. Train acc: 0.18954. 

09-20 04:51 DEBUG    PDM_KL log: {(10, 1, 10): {'shapes': [(3072, 700), (700,), (700, 136), (136,), (136, 136), (136,), (136, 136), (136,), (136, 136), (136,), (136, 118), (118,), (118, 10), (10,)], 'train_accuracy': 0.18954, 'test_accuracy': 0.1926}} 
09-20 05:15 DEBUG    ****** PDM_KL matching ******** 
09-20 05:15 DEBUG    Best Sigma0: 10. Best sigma: 1 Best gamma: 10. Best Test accuracy: 0.2022. Train acc: 0.19674. 

09-20 05:15 DEBUG    PDM_KL log: {(10, 1, 10): {'shapes': [(3072, 700), (700,), (700, 136), (136,), (136, 136), (136,), (136, 136), (136,), (136, 136), (136,), (136, 118), (118,), (118, 10), (10,)], 'train_accuracy': 0.19674, 'test_accuracy': 0.2022}} 
09-20 05:36 DEBUG    ****** PDM_KL matching ******** 
09-20 05:36 DEBUG    Best Sigma0: 10. Best sigma: 1 Best gamma: 10. Best Test accuracy: 0.1863. Train acc: 0.18518. 

09-20 05:36 DEBUG    PDM_KL log: {(10, 1, 10): {'shapes': [(3072, 700), (700,), (700, 136), (136,), (136, 136), (136,), (136, 136), (136,), (136, 136), (136,), (136, 118), (118,), (118, 10), (10,)], 'train_accuracy': 0.18518, 'test_accuracy': 0.1863}} 
09-20 05:55 DEBUG    ****** PDM_KL matching ******** 
09-20 05:55 DEBUG    Best Sigma0: 10. Best sigma: 1 Best gamma: 10. Best Test accuracy: 0.1628. Train acc: 0.16252. 

09-20 05:55 DEBUG    PDM_KL log: {(10, 1, 10): {'shapes': [(3072, 700), (700,), (700, 136), (136,), (136, 136), (136,), (136, 136), (136,), (136, 136), (136,), (136, 118), (118,), (118, 10), (10,)], 'train_accuracy': 0.16252, 'test_accuracy': 0.1628}} 
09-20 06:16 DEBUG    ****** PDM_KL matching ******** 
09-20 06:16 DEBUG    Best Sigma0: 10. Best sigma: 1 Best gamma: 10. Best Test accuracy: 0.1752. Train acc: 0.17886. 

09-20 06:16 DEBUG    PDM_KL log: {(10, 1, 10): {'shapes': [(3072, 688), (688,), (688, 136), (136,), (136, 127), (127,), (127, 127), (127,), (127, 136), (136,), (136, 127), (127,), (127, 10), (10,)], 'train_accuracy': 0.17886, 'test_accuracy': 0.1752}} 
09-20 06:27 DEBUG    ****** PDM_KL matching ******** 
09-20 06:27 DEBUG    Best Sigma0: 10. Best sigma: 1 Best gamma: 10. Best Test accuracy: 0.1144. Train acc: 0.11042. 

09-20 06:27 DEBUG    PDM_KL log: {(10, 1, 10): {'shapes': [(3072, 244), (244,), (244, 127), (127,), (127, 127), (127,), (127, 127), (127,), (127, 127), (127,), (127, 127), (127,), (127, 10), (10,)], 'train_accuracy': 0.11042, 'test_accuracy': 0.1144}} 
09-20 06:33 DEBUG    ****** PDM_KL matching ******** 
09-20 06:33 DEBUG    Best Sigma0: 10. Best sigma: 1 Best gamma: 10. Best Test accuracy: 0.1. Train acc: 0.1. 

09-20 06:33 DEBUG    PDM_KL log: {(10, 1, 10): {'shapes': [(3072, 100), (100,), (100, 118), (118,), (118, 118), (118,), (118, 118), (118,), (118, 118), (118,), (118, 118), (118,), (118, 10), (10,)], 'train_accuracy': 0.1, 'test_accuracy': 0.1}} 
09-20 06:38 DEBUG    ****** PDM_KL matching ******** 
09-20 06:38 DEBUG    Best Sigma0: 10. Best sigma: 1 Best gamma: 10. Best Test accuracy: 0.1. Train acc: 0.1. 

09-20 06:38 DEBUG    PDM_KL log: {(10, 1, 10): {'shapes': [(3072, 100), (100,), (100, 118), (118,), (118, 118), (118,), (118, 118), (118,), (118, 118), (118,), (118, 118), (118,), (118, 10), (10,)], 'train_accuracy': 0.1, 'test_accuracy': 0.1}} 
09-20 06:43 DEBUG    ****** PDM_KL matching ******** 
09-20 06:43 DEBUG    Best Sigma0: 10. Best sigma: 1 Best gamma: 10. Best Test accuracy: 0.1. Train acc: 0.1. 

09-20 06:43 DEBUG    PDM_KL log: {(10, 1, 10): {'shapes': [(3072, 100), (100,), (100, 118), (118,), (118, 118), (118,), (118, 118), (118,), (118, 118), (118,), (118, 118), (118,), (118, 10), (10,)], 'train_accuracy': 0.1, 'test_accuracy': 0.1}} 
09-20 06:43 DEBUG    Trial 8 completed
09-20 06:43 DEBUG    ####################################################################################################
09-20 06:43 DEBUG    ####################################################################################################
09-20 06:43 DEBUG    Executing Trial 9 with seed 9
09-20 06:43 DEBUG    Data statistics: {0: {0: 490, 1: 482, 2: 496, 3: 501, 4: 516, 5: 513, 6: 508, 7: 486, 8: 504, 9: 504}, 1: {0: 513, 1: 502, 2: 507, 3: 476, 4: 496, 5: 476, 6: 494, 7: 502, 8: 507, 9: 527}, 2: {0: 522, 1: 476, 2: 517, 3: 485, 4: 499, 5: 500, 6: 520, 7: 481, 8: 499, 9: 501}, 3: {0: 496, 1: 502, 2: 519, 3: 490, 4: 472, 5: 502, 6: 500, 7: 536, 8: 496, 9: 487}, 4: {0: 507, 1: 522, 2: 514, 3: 506, 4: 531, 5: 481, 6: 497, 7: 507, 8: 465, 9: 470}, 5: {0: 497, 1: 510, 2: 499, 3: 467, 4: 539, 5: 520, 6: 494, 7: 468, 8: 484, 9: 522}, 6: {0: 478, 1: 569, 2: 478, 3: 535, 4: 485, 5: 492, 6: 487, 7: 498, 8: 510, 9: 468}, 7: {0: 486, 1: 459, 2: 494, 3: 516, 4: 492, 5: 497, 6: 510, 7: 517, 8: 524, 9: 505}, 8: {0: 511, 1: 495, 2: 478, 3: 538, 4: 463, 5: 513, 6: 470, 7: 511, 8: 499, 9: 522}, 9: {0: 500, 1: 483, 2: 498, 3: 486, 4: 507, 5: 506, 6: 520, 7: 494, 8: 512, 9: 494}}
09-20 06:44 DEBUG    **************************************************
09-20 06:44 DEBUG    Running experiments 

09-20 06:45 DEBUG    Uniform ensemble (Train acc): 0.219920
09-20 06:45 DEBUG    Uniform ensemble (Test acc): 0.218400
09-20 06:45 DEBUG    FedAvg (Train acc): 0.100000
09-20 06:45 DEBUG    FedAvg (Test acc): 0.100000
09-20 06:53 DEBUG    ****** PDM_KL matching ******** 
09-20 06:53 DEBUG    Best Sigma0: 10. Best sigma: 1 Best gamma: 10. Best Test accuracy: 0.1565. Train acc: 0.15228. 

09-20 06:53 DEBUG    PDM_KL log: {(10, 1, 10): {'shapes': [(3072, 700), (700,), (700, 136), (136,), (136, 136), (136,), (136, 143), (143,), (143, 145), (145,), (145, 118), (118,), (118, 10), (10,)], 'train_accuracy': 0.15228, 'test_accuracy': 0.1565}} 
09-20 07:07 DEBUG    ****** PDM_KL matching ******** 
09-20 07:07 DEBUG    Best Sigma0: 10. Best sigma: 1 Best gamma: 10. Best Test accuracy: 0.1223. Train acc: 0.12394. 

09-20 07:07 DEBUG    PDM_KL log: {(10, 1, 10): {'shapes': [(3072, 700), (700,), (700, 136), (136,), (136, 136), (136,), (136, 145), (145,), (145, 136), (136,), (136, 118), (118,), (118, 10), (10,)], 'train_accuracy': 0.12394, 'test_accuracy': 0.1223}} 
09-20 07:19 DEBUG    ****** PDM_KL matching ******** 
09-20 07:19 DEBUG    Best Sigma0: 10. Best sigma: 1 Best gamma: 10. Best Test accuracy: 0.116. Train acc: 0.11366. 

09-20 07:19 DEBUG    PDM_KL log: {(10, 1, 10): {'shapes': [(3072, 700), (700,), (700, 136), (136,), (136, 136), (136,), (136, 136), (136,), (136, 145), (145,), (145, 118), (118,), (118, 10), (10,)], 'train_accuracy': 0.11366, 'test_accuracy': 0.116}} 
09-20 07:30 DEBUG    ****** PDM_KL matching ******** 
09-20 07:30 DEBUG    Best Sigma0: 10. Best sigma: 1 Best gamma: 10. Best Test accuracy: 0.1213. Train acc: 0.11852. 

09-20 07:30 DEBUG    PDM_KL log: {(10, 1, 10): {'shapes': [(3072, 700), (700,), (700, 136), (136,), (136, 136), (136,), (136, 145), (145,), (145, 136), (136,), (136, 118), (118,), (118, 10), (10,)], 'train_accuracy': 0.11852, 'test_accuracy': 0.1213}} 
09-20 07:39 DEBUG    ****** PDM_KL matching ******** 
09-20 07:39 DEBUG    Best Sigma0: 10. Best sigma: 1 Best gamma: 10. Best Test accuracy: 0.1235. Train acc: 0.12272. 

09-20 07:39 DEBUG    PDM_KL log: {(10, 1, 10): {'shapes': [(3072, 700), (700,), (700, 136), (136,), (136, 136), (136,), (136, 136), (136,), (136, 136), (136,), (136, 118), (118,), (118, 10), (10,)], 'train_accuracy': 0.12272, 'test_accuracy': 0.1235}} 
09-20 07:46 DEBUG    ****** PDM_KL matching ******** 
09-20 07:46 DEBUG    Best Sigma0: 10. Best sigma: 1 Best gamma: 10. Best Test accuracy: 0.1339. Train acc: 0.13924. 

09-20 07:46 DEBUG    PDM_KL log: {(10, 1, 10): {'shapes': [(3072, 700), (700,), (700, 136), (136,), (136, 136), (136,), (136, 136), (136,), (136, 136), (136,), (136, 118), (118,), (118, 10), (10,)], 'train_accuracy': 0.13924, 'test_accuracy': 0.1339}} 
09-20 07:52 DEBUG    ****** PDM_KL matching ******** 
09-20 07:52 DEBUG    Best Sigma0: 10. Best sigma: 1 Best gamma: 10. Best Test accuracy: 0.1179. Train acc: 0.1168. 

09-20 07:52 DEBUG    PDM_KL log: {(10, 1, 10): {'shapes': [(3072, 700), (700,), (700, 127), (127,), (127, 136), (136,), (136, 136), (136,), (136, 136), (136,), (136, 127), (127,), (127, 10), (10,)], 'train_accuracy': 0.1168, 'test_accuracy': 0.1179}} 
09-20 07:55 DEBUG    ****** PDM_KL matching ******** 
09-20 07:55 DEBUG    Best Sigma0: 10. Best sigma: 1 Best gamma: 10. Best Test accuracy: 0.1121. Train acc: 0.11256. 

09-20 07:55 DEBUG    PDM_KL log: {(10, 1, 10): {'shapes': [(3072, 271), (271,), (271, 127), (127,), (127, 127), (127,), (127, 127), (127,), (127, 127), (127,), (127, 127), (127,), (127, 10), (10,)], 'train_accuracy': 0.11256, 'test_accuracy': 0.1121}} 
09-20 07:57 DEBUG    ****** PDM_KL matching ******** 
09-20 07:57 DEBUG    Best Sigma0: 10. Best sigma: 1 Best gamma: 10. Best Test accuracy: 0.1. Train acc: 0.1. 

09-20 07:57 DEBUG    PDM_KL log: {(10, 1, 10): {'shapes': [(3072, 100), (100,), (100, 118), (118,), (118, 118), (118,), (118, 118), (118,), (118, 118), (118,), (118, 118), (118,), (118, 10), (10,)], 'train_accuracy': 0.1, 'test_accuracy': 0.1}} 
09-20 07:59 DEBUG    ****** PDM_KL matching ******** 
09-20 07:59 DEBUG    Best Sigma0: 10. Best sigma: 1 Best gamma: 10. Best Test accuracy: 0.1. Train acc: 0.1. 

09-20 07:59 DEBUG    PDM_KL log: {(10, 1, 10): {'shapes': [(3072, 100), (100,), (100, 118), (118,), (118, 118), (118,), (118, 118), (118,), (118, 118), (118,), (118, 118), (118,), (118, 10), (10,)], 'train_accuracy': 0.1, 'test_accuracy': 0.1}} 
09-20 08:00 DEBUG    ****** PDM_KL matching ******** 
09-20 08:00 DEBUG    Best Sigma0: 10. Best sigma: 1 Best gamma: 10. Best Test accuracy: 0.1. Train acc: 0.1. 

09-20 08:00 DEBUG    PDM_KL log: {(10, 1, 10): {'shapes': [(3072, 100), (100,), (100, 118), (118,), (118, 118), (118,), (118, 118), (118,), (118, 118), (118,), (118, 118), (118,), (118, 10), (10,)], 'train_accuracy': 0.1, 'test_accuracy': 0.1}} 
09-20 08:00 DEBUG    Trial 9 completed
09-20 08:00 DEBUG    ####################################################################################################
