09-13 02:48 DEBUG    Experiment arguments: Namespace(alpha=0.5, communication_rounds=None, datadir='data/cifar10', dataset='cifar10', device=1.0, dropout_p=0.0, epochs=10, experiment=['all'], init_seed=0, iter_epochs=5, layers=1, loaddir='saved_weights/cifar10/homo', logdir='KL_regs/cifar10/homo', lr=0.01, lr_decay=1.0, n=6, n_layers=1, n_nets=10, net_config=[3072, 100, 100, 10], num_pool_workers=6, partition='homo', pdm_gamma=1.0, pdm_sig=1.0, pdm_sig0=1.0, reg=1e-06, reg_fac=0.0, trials=10)
09-13 02:48 DEBUG    ####################################################################################################
09-13 02:48 DEBUG    Executing Trial 0 with seed 0
09-13 02:48 DEBUG    Data statistics: {0: {0: 503, 1: 483, 2: 487, 3: 527, 4: 473, 5: 548, 6: 491, 7: 502, 8: 482, 9: 504}, 1: {0: 501, 1: 503, 2: 529, 3: 503, 4: 494, 5: 468, 6: 462, 7: 497, 8: 507, 9: 536}, 2: {0: 510, 1: 540, 2: 498, 3: 461, 4: 516, 5: 483, 6: 502, 7: 515, 8: 492, 9: 483}, 3: {0: 487, 1: 487, 2: 493, 3: 498, 4: 523, 5: 482, 6: 500, 7: 487, 8: 495, 9: 548}, 4: {0: 505, 1: 480, 2: 488, 3: 488, 4: 480, 5: 509, 6: 537, 7: 490, 8: 490, 9: 533}, 5: {0: 504, 1: 480, 2: 511, 3: 494, 4: 530, 5: 509, 6: 521, 7: 489, 8: 490, 9: 472}, 6: {0: 512, 1: 509, 2: 512, 3: 488, 4: 488, 5: 465, 6: 490, 7: 538, 8: 506, 9: 492}, 7: {0: 472, 1: 521, 2: 463, 3: 549, 4: 502, 5: 515, 6: 518, 7: 496, 8: 479, 9: 485}, 8: {0: 505, 1: 485, 2: 487, 3: 505, 4: 497, 5: 512, 6: 508, 7: 501, 8: 531, 9: 469}, 9: {0: 501, 1: 512, 2: 532, 3: 487, 4: 497, 5: 509, 6: 471, 7: 485, 8: 528, 9: 478}}
09-13 02:49 DEBUG    **************************************************
09-13 02:49 DEBUG    Running experiments 

09-13 02:49 DEBUG    Uniform ensemble (Train acc): 0.340340
09-13 02:49 DEBUG    Uniform ensemble (Test acc): 0.333500
09-13 02:49 DEBUG    FedAvg (Train acc): 0.100000
09-13 02:49 DEBUG    FedAvg (Test acc): 0.100000
09-13 02:54 DEBUG    ****** PDM_KL matching ******** 
09-13 02:54 DEBUG    Best Sigma0: 0.5. Best sigma: 1 Best gamma: 10. Best Test accuracy: 0.2426. Train acc: 0.24332. 

09-13 02:54 DEBUG    PDM_KL log: {(0.5, 1, 10): {'shapes': [(3072, 264), (264,), (264, 118), (118,), (118, 10), (10,)], 'train_accuracy': 0.24332, 'test_accuracy': 0.2426}} 
09-13 03:07 DEBUG    ****** PDM_KL matching ******** 
09-13 03:07 DEBUG    Best Sigma0: 0.5. Best sigma: 1 Best gamma: 10. Best Test accuracy: 0.2569. Train acc: 0.25712. 

09-13 03:07 DEBUG    PDM_KL log: {(0.5, 1, 10): {'shapes': [(3072, 260), (260,), (260, 118), (118,), (118, 10), (10,)], 'train_accuracy': 0.25712, 'test_accuracy': 0.2569}} 
09-13 03:21 DEBUG    ****** PDM_KL matching ******** 
09-13 03:21 DEBUG    Best Sigma0: 0.5. Best sigma: 1 Best gamma: 10. Best Test accuracy: 0.2368. Train acc: 0.2366. 

09-13 03:21 DEBUG    PDM_KL log: {(0.5, 1, 10): {'shapes': [(3072, 268), (268,), (268, 118), (118,), (118, 10), (10,)], 'train_accuracy': 0.2366, 'test_accuracy': 0.2368}} 
09-13 03:34 DEBUG    ****** PDM_KL matching ******** 
09-13 03:34 DEBUG    Best Sigma0: 0.5. Best sigma: 1 Best gamma: 10. Best Test accuracy: 0.2459. Train acc: 0.24714. 

09-13 03:34 DEBUG    PDM_KL log: {(0.5, 1, 10): {'shapes': [(3072, 263), (263,), (263, 118), (118,), (118, 10), (10,)], 'train_accuracy': 0.24714, 'test_accuracy': 0.2459}} 
09-13 03:48 DEBUG    ****** PDM_KL matching ******** 
09-13 03:48 DEBUG    Best Sigma0: 0.5. Best sigma: 1 Best gamma: 10. Best Test accuracy: 0.2484. Train acc: 0.24736. 

09-13 03:48 DEBUG    PDM_KL log: {(0.5, 1, 10): {'shapes': [(3072, 269), (269,), (269, 118), (118,), (118, 10), (10,)], 'train_accuracy': 0.24736, 'test_accuracy': 0.2484}} 
09-13 04:02 DEBUG    ****** PDM_KL matching ******** 
09-13 04:02 DEBUG    Best Sigma0: 0.5. Best sigma: 1 Best gamma: 10. Best Test accuracy: 0.2425. Train acc: 0.23888. 

09-13 04:02 DEBUG    PDM_KL log: {(0.5, 1, 10): {'shapes': [(3072, 267), (267,), (267, 118), (118,), (118, 10), (10,)], 'train_accuracy': 0.23888, 'test_accuracy': 0.2425}} 
09-13 04:18 DEBUG    ****** PDM_KL matching ******** 
09-13 04:18 DEBUG    Best Sigma0: 0.5. Best sigma: 1 Best gamma: 10. Best Test accuracy: 0.2277. Train acc: 0.22674. 

09-13 04:18 DEBUG    PDM_KL log: {(0.5, 1, 10): {'shapes': [(3072, 339), (339,), (339, 118), (118,), (118, 10), (10,)], 'train_accuracy': 0.22674, 'test_accuracy': 0.2277}} 
09-13 04:41 DEBUG    ****** PDM_KL matching ******** 
09-13 04:41 DEBUG    Best Sigma0: 0.5. Best sigma: 1 Best gamma: 10. Best Test accuracy: 0.2202. Train acc: 0.2186. 

09-13 04:41 DEBUG    PDM_KL log: {(0.5, 1, 10): {'shapes': [(3072, 559), (559,), (559, 118), (118,), (118, 10), (10,)], 'train_accuracy': 0.2186, 'test_accuracy': 0.2202}} 
09-13 05:11 DEBUG    ****** PDM_KL matching ******** 
09-13 05:11 DEBUG    Best Sigma0: 0.5. Best sigma: 1 Best gamma: 10. Best Test accuracy: 0.2575. Train acc: 0.25378. 

09-13 05:11 DEBUG    PDM_KL log: {(0.5, 1, 10): {'shapes': [(3072, 693), (693,), (693, 127), (127,), (127, 10), (10,)], 'train_accuracy': 0.25378, 'test_accuracy': 0.2575}} 
09-13 05:42 DEBUG    ****** PDM_KL matching ******** 
09-13 05:42 DEBUG    Best Sigma0: 0.5. Best sigma: 1 Best gamma: 10. Best Test accuracy: 0.1. Train acc: 0.1. 

09-13 05:42 DEBUG    PDM_KL log: {(0.5, 1, 10): {'shapes': [(3072, 682), (682,), (682, 118), (118,), (118, 10), (10,)], 'train_accuracy': 0.1, 'test_accuracy': 0.1}} 
09-13 06:11 DEBUG    ****** PDM_KL matching ******** 
09-13 06:11 DEBUG    Best Sigma0: 0.5. Best sigma: 1 Best gamma: 10. Best Test accuracy: 0.1. Train acc: 0.1. 

09-13 06:11 DEBUG    PDM_KL log: {(0.5, 1, 10): {'shapes': [(3072, 698), (698,), (698, 118), (118,), (118, 10), (10,)], 'train_accuracy': 0.1, 'test_accuracy': 0.1}} 
09-13 06:11 DEBUG    Trial 0 completed
09-13 06:11 DEBUG    ####################################################################################################
09-13 06:11 DEBUG    ####################################################################################################
09-13 06:11 DEBUG    Executing Trial 1 with seed 1
09-13 06:11 DEBUG    Data statistics: {0: {0: 510, 1: 492, 2: 515, 3: 474, 4: 530, 5: 498, 6: 501, 7: 489, 8: 481, 9: 510}, 1: {0: 476, 1: 494, 2: 523, 3: 515, 4: 477, 5: 497, 6: 486, 7: 523, 8: 497, 9: 512}, 2: {0: 503, 1: 524, 2: 501, 3: 526, 4: 471, 5: 497, 6: 538, 7: 499, 8: 482, 9: 459}, 3: {0: 484, 1: 501, 2: 514, 3: 480, 4: 487, 5: 513, 6: 529, 7: 501, 8: 480, 9: 511}, 4: {0: 506, 1: 496, 2: 478, 3: 495, 4: 492, 5: 512, 6: 520, 7: 487, 8: 490, 9: 524}, 5: {0: 517, 1: 496, 2: 472, 3: 525, 4: 496, 5: 506, 6: 458, 7: 480, 8: 503, 9: 547}, 6: {0: 491, 1: 522, 2: 492, 3: 490, 4: 506, 5: 482, 6: 492, 7: 499, 8: 557, 9: 469}, 7: {0: 516, 1: 500, 2: 499, 3: 512, 4: 523, 5: 503, 6: 468, 7: 515, 8: 493, 9: 471}, 8: {0: 503, 1: 497, 2: 498, 3: 492, 4: 484, 5: 490, 6: 509, 7: 511, 8: 506, 9: 510}, 9: {0: 494, 1: 478, 2: 508, 3: 491, 4: 534, 5: 502, 6: 499, 7: 496, 8: 511, 9: 487}}
09-13 06:13 DEBUG    **************************************************
09-13 06:13 DEBUG    Running experiments 

09-13 06:14 DEBUG    Uniform ensemble (Train acc): 0.321080
09-13 06:14 DEBUG    Uniform ensemble (Test acc): 0.319600
09-13 06:14 DEBUG    FedAvg (Train acc): 0.100000
09-13 06:14 DEBUG    FedAvg (Test acc): 0.100000
09-13 06:21 DEBUG    ****** PDM_KL matching ******** 
09-13 06:21 DEBUG    Best Sigma0: 0.5. Best sigma: 1 Best gamma: 10. Best Test accuracy: 0.2105. Train acc: 0.20512. 

09-13 06:21 DEBUG    PDM_KL log: {(0.5, 1, 10): {'shapes': [(3072, 266), (266,), (266, 118), (118,), (118, 10), (10,)], 'train_accuracy': 0.20512, 'test_accuracy': 0.2105}} 
09-13 06:34 DEBUG    ****** PDM_KL matching ******** 
09-13 06:34 DEBUG    Best Sigma0: 0.5. Best sigma: 1 Best gamma: 10. Best Test accuracy: 0.2019. Train acc: 0.19764. 

09-13 06:34 DEBUG    PDM_KL log: {(0.5, 1, 10): {'shapes': [(3072, 269), (269,), (269, 118), (118,), (118, 10), (10,)], 'train_accuracy': 0.19764, 'test_accuracy': 0.2019}} 
09-13 06:45 DEBUG    ****** PDM_KL matching ******** 
09-13 06:45 DEBUG    Best Sigma0: 0.5. Best sigma: 1 Best gamma: 10. Best Test accuracy: 0.205. Train acc: 0.203. 

09-13 06:45 DEBUG    PDM_KL log: {(0.5, 1, 10): {'shapes': [(3072, 273), (273,), (273, 118), (118,), (118, 10), (10,)], 'train_accuracy': 0.203, 'test_accuracy': 0.205}} 
09-13 06:57 DEBUG    ****** PDM_KL matching ******** 
09-13 06:57 DEBUG    Best Sigma0: 0.5. Best sigma: 1 Best gamma: 10. Best Test accuracy: 0.2065. Train acc: 0.20738. 

09-13 06:57 DEBUG    PDM_KL log: {(0.5, 1, 10): {'shapes': [(3072, 272), (272,), (272, 118), (118,), (118, 10), (10,)], 'train_accuracy': 0.20738, 'test_accuracy': 0.2065}} 
09-13 07:09 DEBUG    ****** PDM_KL matching ******** 
09-13 07:09 DEBUG    Best Sigma0: 0.5. Best sigma: 1 Best gamma: 10. Best Test accuracy: 0.2053. Train acc: 0.20552. 

09-13 07:09 DEBUG    PDM_KL log: {(0.5, 1, 10): {'shapes': [(3072, 276), (276,), (276, 118), (118,), (118, 10), (10,)], 'train_accuracy': 0.20552, 'test_accuracy': 0.2053}} 
09-13 07:22 DEBUG    ****** PDM_KL matching ******** 
09-13 07:22 DEBUG    Best Sigma0: 0.5. Best sigma: 1 Best gamma: 10. Best Test accuracy: 0.202. Train acc: 0.20216. 

09-13 07:22 DEBUG    PDM_KL log: {(0.5, 1, 10): {'shapes': [(3072, 284), (284,), (284, 118), (118,), (118, 10), (10,)], 'train_accuracy': 0.20216, 'test_accuracy': 0.202}} 
09-13 07:36 DEBUG    ****** PDM_KL matching ******** 
09-13 07:36 DEBUG    Best Sigma0: 0.5. Best sigma: 1 Best gamma: 10. Best Test accuracy: 0.1967. Train acc: 0.19772. 

09-13 07:36 DEBUG    PDM_KL log: {(0.5, 1, 10): {'shapes': [(3072, 345), (345,), (345, 118), (118,), (118, 10), (10,)], 'train_accuracy': 0.19772, 'test_accuracy': 0.1967}} 
09-13 07:55 DEBUG    ****** PDM_KL matching ******** 
09-13 07:55 DEBUG    Best Sigma0: 0.5. Best sigma: 1 Best gamma: 10. Best Test accuracy: 0.2379. Train acc: 0.23106. 

09-13 07:55 DEBUG    PDM_KL log: {(0.5, 1, 10): {'shapes': [(3072, 574), (574,), (574, 118), (118,), (118, 10), (10,)], 'train_accuracy': 0.23106, 'test_accuracy': 0.2379}} 
09-13 08:16 DEBUG    ****** PDM_KL matching ******** 
09-13 08:16 DEBUG    Best Sigma0: 0.5. Best sigma: 1 Best gamma: 10. Best Test accuracy: 0.2426. Train acc: 0.24338. 

09-13 08:16 DEBUG    PDM_KL log: {(0.5, 1, 10): {'shapes': [(3072, 700), (700,), (700, 127), (127,), (127, 10), (10,)], 'train_accuracy': 0.24338, 'test_accuracy': 0.2426}} 
09-13 08:38 DEBUG    ****** PDM_KL matching ******** 
09-13 08:38 DEBUG    Best Sigma0: 0.5. Best sigma: 1 Best gamma: 10. Best Test accuracy: 0.1. Train acc: 0.1. 

09-13 08:38 DEBUG    PDM_KL log: {(0.5, 1, 10): {'shapes': [(3072, 689), (689,), (689, 118), (118,), (118, 10), (10,)], 'train_accuracy': 0.1, 'test_accuracy': 0.1}} 
09-13 09:02 DEBUG    ****** PDM_KL matching ******** 
09-13 09:02 DEBUG    Best Sigma0: 0.5. Best sigma: 1 Best gamma: 10. Best Test accuracy: 0.1. Train acc: 0.10002. 

09-13 09:02 DEBUG    PDM_KL log: {(0.5, 1, 10): {'shapes': [(3072, 700), (700,), (700, 118), (118,), (118, 10), (10,)], 'train_accuracy': 0.10002, 'test_accuracy': 0.1}} 
09-13 09:02 DEBUG    Trial 1 completed
09-13 09:02 DEBUG    ####################################################################################################
09-13 09:02 DEBUG    ####################################################################################################
09-13 09:02 DEBUG    Executing Trial 2 with seed 2
09-13 09:02 DEBUG    Data statistics: {0: {0: 515, 1: 500, 2: 501, 3: 505, 4: 515, 5: 506, 6: 524, 7: 482, 8: 475, 9: 477}, 1: {0: 514, 1: 496, 2: 530, 3: 477, 4: 493, 5: 492, 6: 470, 7: 516, 8: 514, 9: 498}, 2: {0: 496, 1: 506, 2: 499, 3: 504, 4: 471, 5: 489, 6: 507, 7: 502, 8: 484, 9: 542}, 3: {0: 475, 1: 473, 2: 480, 3: 525, 4: 506, 5: 514, 6: 515, 7: 518, 8: 506, 9: 488}, 4: {0: 522, 1: 530, 2: 486, 3: 468, 4: 510, 5: 510, 6: 494, 7: 496, 8: 497, 9: 487}, 5: {0: 519, 1: 494, 2: 514, 3: 499, 4: 512, 5: 479, 6: 470, 7: 497, 8: 505, 9: 511}, 6: {0: 485, 1: 507, 2: 509, 3: 511, 4: 488, 5: 459, 6: 496, 7: 514, 8: 518, 9: 513}, 7: {0: 485, 1: 488, 2: 482, 3: 505, 4: 546, 5: 535, 6: 505, 7: 476, 8: 486, 9: 492}, 8: {0: 512, 1: 493, 2: 513, 3: 481, 4: 512, 5: 499, 6: 513, 7: 481, 8: 508, 9: 488}, 9: {0: 477, 1: 513, 2: 486, 3: 525, 4: 447, 5: 517, 6: 506, 7: 518, 8: 507, 9: 504}}
09-13 09:04 DEBUG    **************************************************
09-13 09:04 DEBUG    Running experiments 

09-13 09:04 DEBUG    Uniform ensemble (Train acc): 0.314060
09-13 09:04 DEBUG    Uniform ensemble (Test acc): 0.313700
09-13 09:04 DEBUG    FedAvg (Train acc): 0.100000
09-13 09:04 DEBUG    FedAvg (Test acc): 0.100000
09-13 09:09 DEBUG    ****** PDM_KL matching ******** 
09-13 09:09 DEBUG    Best Sigma0: 0.5. Best sigma: 1 Best gamma: 10. Best Test accuracy: 0.2556. Train acc: 0.256. 

09-13 09:09 DEBUG    PDM_KL log: {(0.5, 1, 10): {'shapes': [(3072, 255), (255,), (255, 118), (118,), (118, 10), (10,)], 'train_accuracy': 0.256, 'test_accuracy': 0.2556}} 
09-13 09:17 DEBUG    ****** PDM_KL matching ******** 
09-13 09:17 DEBUG    Best Sigma0: 0.5. Best sigma: 1 Best gamma: 10. Best Test accuracy: 0.2466. Train acc: 0.24574. 

09-13 09:17 DEBUG    PDM_KL log: {(0.5, 1, 10): {'shapes': [(3072, 249), (249,), (249, 118), (118,), (118, 10), (10,)], 'train_accuracy': 0.24574, 'test_accuracy': 0.2466}} 
09-13 09:27 DEBUG    ****** PDM_KL matching ******** 
09-13 09:27 DEBUG    Best Sigma0: 0.5. Best sigma: 1 Best gamma: 10. Best Test accuracy: 0.2624. Train acc: 0.26346. 

09-13 09:27 DEBUG    PDM_KL log: {(0.5, 1, 10): {'shapes': [(3072, 248), (248,), (248, 118), (118,), (118, 10), (10,)], 'train_accuracy': 0.26346, 'test_accuracy': 0.2624}} 
09-13 09:36 DEBUG    ****** PDM_KL matching ******** 
09-13 09:36 DEBUG    Best Sigma0: 0.5. Best sigma: 1 Best gamma: 10. Best Test accuracy: 0.2492. Train acc: 0.24906. 

09-13 09:36 DEBUG    PDM_KL log: {(0.5, 1, 10): {'shapes': [(3072, 257), (257,), (257, 118), (118,), (118, 10), (10,)], 'train_accuracy': 0.24906, 'test_accuracy': 0.2492}} 
09-13 09:45 DEBUG    ****** PDM_KL matching ******** 
09-13 09:45 DEBUG    Best Sigma0: 0.5. Best sigma: 1 Best gamma: 10. Best Test accuracy: 0.2393. Train acc: 0.23966. 

09-13 09:45 DEBUG    PDM_KL log: {(0.5, 1, 10): {'shapes': [(3072, 259), (259,), (259, 118), (118,), (118, 10), (10,)], 'train_accuracy': 0.23966, 'test_accuracy': 0.2393}} 
09-13 09:54 DEBUG    ****** PDM_KL matching ******** 
09-13 09:54 DEBUG    Best Sigma0: 0.5. Best sigma: 1 Best gamma: 10. Best Test accuracy: 0.247. Train acc: 0.24172. 

09-13 09:54 DEBUG    PDM_KL log: {(0.5, 1, 10): {'shapes': [(3072, 260), (260,), (260, 118), (118,), (118, 10), (10,)], 'train_accuracy': 0.24172, 'test_accuracy': 0.247}} 
09-13 10:05 DEBUG    ****** PDM_KL matching ******** 
09-13 10:05 DEBUG    Best Sigma0: 0.5. Best sigma: 1 Best gamma: 10. Best Test accuracy: 0.2598. Train acc: 0.2616. 

09-13 10:05 DEBUG    PDM_KL log: {(0.5, 1, 10): {'shapes': [(3072, 332), (332,), (332, 118), (118,), (118, 10), (10,)], 'train_accuracy': 0.2616, 'test_accuracy': 0.2598}} 
09-13 10:22 DEBUG    ****** PDM_KL matching ******** 
09-13 10:22 DEBUG    Best Sigma0: 0.5. Best sigma: 1 Best gamma: 10. Best Test accuracy: 0.2625. Train acc: 0.26976. 

09-13 10:22 DEBUG    PDM_KL log: {(0.5, 1, 10): {'shapes': [(3072, 557), (557,), (557, 118), (118,), (118, 10), (10,)], 'train_accuracy': 0.26976, 'test_accuracy': 0.2625}} 
09-13 10:44 DEBUG    ****** PDM_KL matching ******** 
09-13 10:44 DEBUG    Best Sigma0: 0.5. Best sigma: 1 Best gamma: 10. Best Test accuracy: 0.2722. Train acc: 0.2732. 

09-13 10:44 DEBUG    PDM_KL log: {(0.5, 1, 10): {'shapes': [(3072, 700), (700,), (700, 127), (127,), (127, 10), (10,)], 'train_accuracy': 0.2732, 'test_accuracy': 0.2722}} 
09-13 11:04 DEBUG    ****** PDM_KL matching ******** 
09-13 11:04 DEBUG    Best Sigma0: 0.5. Best sigma: 1 Best gamma: 10. Best Test accuracy: 0.1. Train acc: 0.1. 

09-13 11:04 DEBUG    PDM_KL log: {(0.5, 1, 10): {'shapes': [(3072, 700), (700,), (700, 118), (118,), (118, 10), (10,)], 'train_accuracy': 0.1, 'test_accuracy': 0.1}} 
09-13 11:28 DEBUG    ****** PDM_KL matching ******** 
09-13 11:28 DEBUG    Best Sigma0: 0.5. Best sigma: 1 Best gamma: 10. Best Test accuracy: 0.1. Train acc: 0.1. 

09-13 11:28 DEBUG    PDM_KL log: {(0.5, 1, 10): {'shapes': [(3072, 700), (700,), (700, 118), (118,), (118, 10), (10,)], 'train_accuracy': 0.1, 'test_accuracy': 0.1}} 
09-13 11:28 DEBUG    Trial 2 completed
09-13 11:28 DEBUG    ####################################################################################################
09-13 11:28 DEBUG    ####################################################################################################
09-13 11:28 DEBUG    Executing Trial 3 with seed 3
09-13 11:28 DEBUG    Data statistics: {0: {0: 488, 1: 493, 2: 515, 3: 499, 4: 453, 5: 505, 6: 526, 7: 512, 8: 497, 9: 512}, 1: {0: 544, 1: 458, 2: 518, 3: 495, 4: 465, 5: 501, 6: 517, 7: 528, 8: 473, 9: 501}, 2: {0: 512, 1: 504, 2: 490, 3: 521, 4: 482, 5: 504, 6: 507, 7: 506, 8: 502, 9: 472}, 3: {0: 466, 1: 527, 2: 514, 3: 512, 4: 494, 5: 483, 6: 511, 7: 511, 8: 482, 9: 500}, 4: {0: 528, 1: 511, 2: 487, 3: 506, 4: 506, 5: 478, 6: 481, 7: 484, 8: 541, 9: 478}, 5: {0: 474, 1: 502, 2: 495, 3: 470, 4: 497, 5: 562, 6: 497, 7: 465, 8: 518, 9: 520}, 6: {0: 500, 1: 514, 2: 478, 3: 515, 4: 509, 5: 533, 6: 477, 7: 484, 8: 494, 9: 496}, 7: {0: 492, 1: 509, 2: 490, 3: 507, 4: 505, 5: 486, 6: 507, 7: 486, 8: 508, 9: 510}, 8: {0: 518, 1: 514, 2: 503, 3: 464, 4: 534, 5: 465, 6: 492, 7: 497, 8: 484, 9: 529}, 9: {0: 478, 1: 468, 2: 510, 3: 511, 4: 555, 5: 483, 6: 485, 7: 527, 8: 501, 9: 482}}
09-13 11:30 DEBUG    **************************************************
09-13 11:30 DEBUG    Running experiments 

09-13 11:31 DEBUG    Uniform ensemble (Train acc): 0.271820
09-13 11:31 DEBUG    Uniform ensemble (Test acc): 0.269300
09-13 11:31 DEBUG    FedAvg (Train acc): 0.100000
09-13 11:31 DEBUG    FedAvg (Test acc): 0.100000
09-13 11:36 DEBUG    ****** PDM_KL matching ******** 
09-13 11:36 DEBUG    Best Sigma0: 0.5. Best sigma: 1 Best gamma: 10. Best Test accuracy: 0.2473. Train acc: 0.24486. 

09-13 11:36 DEBUG    PDM_KL log: {(0.5, 1, 10): {'shapes': [(3072, 251), (251,), (251, 118), (118,), (118, 10), (10,)], 'train_accuracy': 0.24486, 'test_accuracy': 0.2473}} 
09-13 11:45 DEBUG    ****** PDM_KL matching ******** 
09-13 11:45 DEBUG    Best Sigma0: 0.5. Best sigma: 1 Best gamma: 10. Best Test accuracy: 0.2454. Train acc: 0.25048. 

09-13 11:45 DEBUG    PDM_KL log: {(0.5, 1, 10): {'shapes': [(3072, 257), (257,), (257, 118), (118,), (118, 10), (10,)], 'train_accuracy': 0.25048, 'test_accuracy': 0.2454}} 
09-13 11:55 DEBUG    ****** PDM_KL matching ******** 
09-13 11:55 DEBUG    Best Sigma0: 0.5. Best sigma: 1 Best gamma: 10. Best Test accuracy: 0.2541. Train acc: 0.2575. 

09-13 11:55 DEBUG    PDM_KL log: {(0.5, 1, 10): {'shapes': [(3072, 257), (257,), (257, 118), (118,), (118, 10), (10,)], 'train_accuracy': 0.2575, 'test_accuracy': 0.2541}} 
09-13 12:17 DEBUG    ****** PDM_KL matching ******** 
09-13 12:17 DEBUG    Best Sigma0: 0.5. Best sigma: 1 Best gamma: 10. Best Test accuracy: 0.2454. Train acc: 0.24868. 

09-13 12:17 DEBUG    PDM_KL log: {(0.5, 1, 10): {'shapes': [(3072, 257), (257,), (257, 118), (118,), (118, 10), (10,)], 'train_accuracy': 0.24868, 'test_accuracy': 0.2454}} 
09-13 12:39 DEBUG    ****** PDM_KL matching ******** 
09-13 12:39 DEBUG    Best Sigma0: 0.5. Best sigma: 1 Best gamma: 10. Best Test accuracy: 0.2491. Train acc: 0.25162. 

09-13 12:39 DEBUG    PDM_KL log: {(0.5, 1, 10): {'shapes': [(3072, 261), (261,), (261, 118), (118,), (118, 10), (10,)], 'train_accuracy': 0.25162, 'test_accuracy': 0.2491}} 
09-13 13:04 DEBUG    ****** PDM_KL matching ******** 
09-13 13:04 DEBUG    Best Sigma0: 0.5. Best sigma: 1 Best gamma: 10. Best Test accuracy: 0.2419. Train acc: 0.2476. 

09-13 13:04 DEBUG    PDM_KL log: {(0.5, 1, 10): {'shapes': [(3072, 261), (261,), (261, 118), (118,), (118, 10), (10,)], 'train_accuracy': 0.2476, 'test_accuracy': 0.2419}} 
09-13 13:30 DEBUG    ****** PDM_KL matching ******** 
09-13 13:30 DEBUG    Best Sigma0: 0.5. Best sigma: 1 Best gamma: 10. Best Test accuracy: 0.2478. Train acc: 0.24808. 

09-13 13:30 DEBUG    PDM_KL log: {(0.5, 1, 10): {'shapes': [(3072, 326), (326,), (326, 118), (118,), (118, 10), (10,)], 'train_accuracy': 0.24808, 'test_accuracy': 0.2478}} 
09-13 14:12 DEBUG    ****** PDM_KL matching ******** 
09-13 14:12 DEBUG    Best Sigma0: 0.5. Best sigma: 1 Best gamma: 10. Best Test accuracy: 0.222. Train acc: 0.22414. 

09-13 14:12 DEBUG    PDM_KL log: {(0.5, 1, 10): {'shapes': [(3072, 573), (573,), (573, 118), (118,), (118, 10), (10,)], 'train_accuracy': 0.22414, 'test_accuracy': 0.222}} 
09-13 15:03 DEBUG    ****** PDM_KL matching ******** 
09-13 15:03 DEBUG    Best Sigma0: 0.5. Best sigma: 1 Best gamma: 10. Best Test accuracy: 0.2149. Train acc: 0.21542. 

09-13 15:03 DEBUG    PDM_KL log: {(0.5, 1, 10): {'shapes': [(3072, 700), (700,), (700, 127), (127,), (127, 10), (10,)], 'train_accuracy': 0.21542, 'test_accuracy': 0.2149}} 
09-13 15:52 DEBUG    ****** PDM_KL matching ******** 
09-13 15:52 DEBUG    Best Sigma0: 0.5. Best sigma: 1 Best gamma: 10. Best Test accuracy: 0.1. Train acc: 0.1. 

09-13 15:52 DEBUG    PDM_KL log: {(0.5, 1, 10): {'shapes': [(3072, 700), (700,), (700, 127), (127,), (127, 10), (10,)], 'train_accuracy': 0.1, 'test_accuracy': 0.1}} 
09-13 16:45 DEBUG    ****** PDM_KL matching ******** 
09-13 16:45 DEBUG    Best Sigma0: 0.5. Best sigma: 1 Best gamma: 10. Best Test accuracy: 0.1. Train acc: 0.1. 

09-13 16:45 DEBUG    PDM_KL log: {(0.5, 1, 10): {'shapes': [(3072, 700), (700,), (700, 127), (127,), (127, 10), (10,)], 'train_accuracy': 0.1, 'test_accuracy': 0.1}} 
09-13 16:45 DEBUG    Trial 3 completed
09-13 16:45 DEBUG    ####################################################################################################
09-13 16:45 DEBUG    ####################################################################################################
09-13 16:45 DEBUG    Executing Trial 4 with seed 4
09-13 16:45 DEBUG    Data statistics: {0: {0: 493, 1: 510, 2: 503, 3: 481, 4: 493, 5: 486, 6: 511, 7: 523, 8: 478, 9: 522}, 1: {0: 540, 1: 517, 2: 471, 3: 504, 4: 472, 5: 518, 6: 509, 7: 490, 8: 482, 9: 497}, 2: {0: 488, 1: 490, 2: 482, 3: 472, 4: 540, 5: 512, 6: 512, 7: 501, 8: 519, 9: 484}, 3: {0: 532, 1: 502, 2: 528, 3: 484, 4: 490, 5: 477, 6: 569, 7: 488, 8: 466, 9: 464}, 4: {0: 475, 1: 525, 2: 514, 3: 524, 4: 516, 5: 509, 6: 467, 7: 494, 8: 487, 9: 489}, 5: {0: 512, 1: 476, 2: 518, 3: 534, 4: 464, 5: 516, 6: 458, 7: 488, 8: 538, 9: 496}, 6: {0: 471, 1: 503, 2: 487, 3: 516, 4: 493, 5: 509, 6: 500, 7: 508, 8: 497, 9: 516}, 7: {0: 518, 1: 472, 2: 488, 3: 487, 4: 525, 5: 494, 6: 479, 7: 506, 8: 501, 9: 530}, 8: {0: 494, 1: 497, 2: 489, 3: 491, 4: 514, 5: 507, 6: 476, 7: 519, 8: 524, 9: 489}, 9: {0: 477, 1: 508, 2: 520, 3: 507, 4: 493, 5: 472, 6: 519, 7: 483, 8: 508, 9: 513}}
09-13 16:48 DEBUG    **************************************************
09-13 16:48 DEBUG    Running experiments 

09-13 16:50 DEBUG    Uniform ensemble (Train acc): 0.286280
09-13 16:50 DEBUG    Uniform ensemble (Test acc): 0.288300
09-13 16:50 DEBUG    FedAvg (Train acc): 0.100000
09-13 16:50 DEBUG    FedAvg (Test acc): 0.100000
09-13 17:04 DEBUG    ****** PDM_KL matching ******** 
09-13 17:04 DEBUG    Best Sigma0: 0.5. Best sigma: 1 Best gamma: 10. Best Test accuracy: 0.1333. Train acc: 0.13492. 

09-13 17:04 DEBUG    PDM_KL log: {(0.5, 1, 10): {'shapes': [(3072, 262), (262,), (262, 118), (118,), (118, 10), (10,)], 'train_accuracy': 0.13492, 'test_accuracy': 0.1333}} 
09-13 17:29 DEBUG    ****** PDM_KL matching ******** 
09-13 17:29 DEBUG    Best Sigma0: 0.5. Best sigma: 1 Best gamma: 10. Best Test accuracy: 0.1459. Train acc: 0.1469. 

09-13 17:29 DEBUG    PDM_KL log: {(0.5, 1, 10): {'shapes': [(3072, 260), (260,), (260, 118), (118,), (118, 10), (10,)], 'train_accuracy': 0.1469, 'test_accuracy': 0.1459}} 
09-13 17:53 DEBUG    ****** PDM_KL matching ******** 
09-13 17:53 DEBUG    Best Sigma0: 0.5. Best sigma: 1 Best gamma: 10. Best Test accuracy: 0.1324. Train acc: 0.13318. 

09-13 17:53 DEBUG    PDM_KL log: {(0.5, 1, 10): {'shapes': [(3072, 270), (270,), (270, 118), (118,), (118, 10), (10,)], 'train_accuracy': 0.13318, 'test_accuracy': 0.1324}} 
09-13 18:19 DEBUG    ****** PDM_KL matching ******** 
09-13 18:19 DEBUG    Best Sigma0: 0.5. Best sigma: 1 Best gamma: 10. Best Test accuracy: 0.1331. Train acc: 0.13546. 

09-13 18:19 DEBUG    PDM_KL log: {(0.5, 1, 10): {'shapes': [(3072, 262), (262,), (262, 118), (118,), (118, 10), (10,)], 'train_accuracy': 0.13546, 'test_accuracy': 0.1331}} 
09-13 18:42 DEBUG    ****** PDM_KL matching ******** 
09-13 18:42 DEBUG    Best Sigma0: 0.5. Best sigma: 1 Best gamma: 10. Best Test accuracy: 0.1351. Train acc: 0.13622. 

09-13 18:42 DEBUG    PDM_KL log: {(0.5, 1, 10): {'shapes': [(3072, 267), (267,), (267, 118), (118,), (118, 10), (10,)], 'train_accuracy': 0.13622, 'test_accuracy': 0.1351}} 
09-13 19:09 DEBUG    ****** PDM_KL matching ******** 
09-13 19:09 DEBUG    Best Sigma0: 0.5. Best sigma: 1 Best gamma: 10. Best Test accuracy: 0.1344. Train acc: 0.136. 

09-13 19:09 DEBUG    PDM_KL log: {(0.5, 1, 10): {'shapes': [(3072, 269), (269,), (269, 118), (118,), (118, 10), (10,)], 'train_accuracy': 0.136, 'test_accuracy': 0.1344}} 
09-13 19:35 DEBUG    ****** PDM_KL matching ******** 
09-13 19:35 DEBUG    Best Sigma0: 0.5. Best sigma: 1 Best gamma: 10. Best Test accuracy: 0.1503. Train acc: 0.15458. 

09-13 19:35 DEBUG    PDM_KL log: {(0.5, 1, 10): {'shapes': [(3072, 334), (334,), (334, 118), (118,), (118, 10), (10,)], 'train_accuracy': 0.15458, 'test_accuracy': 0.1503}} 
09-13 20:17 DEBUG    ****** PDM_KL matching ******** 
09-13 20:17 DEBUG    Best Sigma0: 0.5. Best sigma: 1 Best gamma: 10. Best Test accuracy: 0.197. Train acc: 0.18948. 

09-13 20:17 DEBUG    PDM_KL log: {(0.5, 1, 10): {'shapes': [(3072, 580), (580,), (580, 118), (118,), (118, 10), (10,)], 'train_accuracy': 0.18948, 'test_accuracy': 0.197}} 
09-13 21:06 DEBUG    ****** PDM_KL matching ******** 
09-13 21:06 DEBUG    Best Sigma0: 0.5. Best sigma: 1 Best gamma: 10. Best Test accuracy: 0.2108. Train acc: 0.21324. 

09-13 21:06 DEBUG    PDM_KL log: {(0.5, 1, 10): {'shapes': [(3072, 700), (700,), (700, 127), (127,), (127, 10), (10,)], 'train_accuracy': 0.21324, 'test_accuracy': 0.2108}} 
09-13 21:56 DEBUG    ****** PDM_KL matching ******** 
09-13 21:56 DEBUG    Best Sigma0: 0.5. Best sigma: 1 Best gamma: 10. Best Test accuracy: 0.1. Train acc: 0.1. 

09-13 21:56 DEBUG    PDM_KL log: {(0.5, 1, 10): {'shapes': [(3072, 697), (697,), (697, 118), (118,), (118, 10), (10,)], 'train_accuracy': 0.1, 'test_accuracy': 0.1}} 
09-13 22:49 DEBUG    ****** PDM_KL matching ******** 
09-13 22:49 DEBUG    Best Sigma0: 0.5. Best sigma: 1 Best gamma: 10. Best Test accuracy: 0.1. Train acc: 0.1. 

09-13 22:49 DEBUG    PDM_KL log: {(0.5, 1, 10): {'shapes': [(3072, 700), (700,), (700, 127), (127,), (127, 10), (10,)], 'train_accuracy': 0.1, 'test_accuracy': 0.1}} 
09-13 22:49 DEBUG    Trial 4 completed
09-13 22:49 DEBUG    ####################################################################################################
09-13 22:49 DEBUG    ####################################################################################################
09-13 22:49 DEBUG    Executing Trial 5 with seed 5
09-13 22:50 DEBUG    Data statistics: {0: {0: 506, 1: 481, 2: 527, 3: 510, 4: 480, 5: 503, 6: 521, 7: 490, 8: 497, 9: 485}, 1: {0: 490, 1: 480, 2: 474, 3: 544, 4: 490, 5: 515, 6: 471, 7: 492, 8: 512, 9: 532}, 2: {0: 505, 1: 512, 2: 489, 3: 508, 4: 493, 5: 500, 6: 500, 7: 467, 8: 510, 9: 516}, 3: {0: 470, 1: 509, 2: 507, 3: 490, 4: 510, 5: 485, 6: 495, 7: 537, 8: 511, 9: 486}, 4: {0: 521, 1: 509, 2: 461, 3: 504, 4: 533, 5: 475, 6: 501, 7: 516, 8: 493, 9: 487}, 5: {0: 553, 1: 501, 2: 514, 3: 461, 4: 516, 5: 522, 6: 476, 7: 508, 8: 473, 9: 476}, 6: {0: 515, 1: 505, 2: 504, 3: 477, 4: 491, 5: 503, 6: 506, 7: 485, 8: 477, 9: 537}, 7: {0: 479, 1: 494, 2: 525, 3: 488, 4: 488, 5: 504, 6: 543, 7: 509, 8: 506, 9: 464}, 8: {0: 450, 1: 502, 2: 468, 3: 521, 4: 484, 5: 508, 6: 509, 7: 513, 8: 528, 9: 517}, 9: {0: 511, 1: 507, 2: 531, 3: 497, 4: 515, 5: 485, 6: 478, 7: 483, 8: 493, 9: 500}}
09-13 22:54 DEBUG    **************************************************
09-13 22:54 DEBUG    Running experiments 

09-13 22:55 DEBUG    Uniform ensemble (Train acc): 0.327240
09-13 22:55 DEBUG    Uniform ensemble (Test acc): 0.322800
09-13 22:56 DEBUG    FedAvg (Train acc): 0.100000
09-13 22:56 DEBUG    FedAvg (Test acc): 0.100000
09-13 23:08 DEBUG    ****** PDM_KL matching ******** 
09-13 23:08 DEBUG    Best Sigma0: 0.5. Best sigma: 1 Best gamma: 10. Best Test accuracy: 0.2282. Train acc: 0.22832. 

09-13 23:08 DEBUG    PDM_KL log: {(0.5, 1, 10): {'shapes': [(3072, 261), (261,), (261, 109), (109,), (109, 10), (10,)], 'train_accuracy': 0.22832, 'test_accuracy': 0.2282}} 
09-13 23:32 DEBUG    ****** PDM_KL matching ******** 
09-13 23:32 DEBUG    Best Sigma0: 0.5. Best sigma: 1 Best gamma: 10. Best Test accuracy: 0.2373. Train acc: 0.23328. 

09-13 23:32 DEBUG    PDM_KL log: {(0.5, 1, 10): {'shapes': [(3072, 254), (254,), (254, 109), (109,), (109, 10), (10,)], 'train_accuracy': 0.23328, 'test_accuracy': 0.2373}} 
09-13 23:55 DEBUG    ****** PDM_KL matching ******** 
09-13 23:55 DEBUG    Best Sigma0: 0.5. Best sigma: 1 Best gamma: 10. Best Test accuracy: 0.2148. Train acc: 0.21764. 

09-13 23:55 DEBUG    PDM_KL log: {(0.5, 1, 10): {'shapes': [(3072, 258), (258,), (258, 109), (109,), (109, 10), (10,)], 'train_accuracy': 0.21764, 'test_accuracy': 0.2148}} 
09-14 00:18 DEBUG    ****** PDM_KL matching ******** 
09-14 00:18 DEBUG    Best Sigma0: 0.5. Best sigma: 1 Best gamma: 10. Best Test accuracy: 0.2238. Train acc: 0.21858. 

09-14 00:18 DEBUG    PDM_KL log: {(0.5, 1, 10): {'shapes': [(3072, 258), (258,), (258, 109), (109,), (109, 10), (10,)], 'train_accuracy': 0.21858, 'test_accuracy': 0.2238}} 
09-14 00:44 DEBUG    ****** PDM_KL matching ******** 
09-14 00:44 DEBUG    Best Sigma0: 0.5. Best sigma: 1 Best gamma: 10. Best Test accuracy: 0.2298. Train acc: 0.2279. 

09-14 00:44 DEBUG    PDM_KL log: {(0.5, 1, 10): {'shapes': [(3072, 258), (258,), (258, 109), (109,), (109, 10), (10,)], 'train_accuracy': 0.2279, 'test_accuracy': 0.2298}} 
09-14 01:08 DEBUG    ****** PDM_KL matching ******** 
09-14 01:08 DEBUG    Best Sigma0: 0.5. Best sigma: 1 Best gamma: 10. Best Test accuracy: 0.2527. Train acc: 0.25174. 

09-14 01:08 DEBUG    PDM_KL log: {(0.5, 1, 10): {'shapes': [(3072, 265), (265,), (265, 109), (109,), (109, 10), (10,)], 'train_accuracy': 0.25174, 'test_accuracy': 0.2527}} 
09-14 01:37 DEBUG    ****** PDM_KL matching ******** 
09-14 01:37 DEBUG    Best Sigma0: 0.5. Best sigma: 1 Best gamma: 10. Best Test accuracy: 0.2287. Train acc: 0.22618. 

09-14 01:37 DEBUG    PDM_KL log: {(0.5, 1, 10): {'shapes': [(3072, 338), (338,), (338, 118), (118,), (118, 10), (10,)], 'train_accuracy': 0.22618, 'test_accuracy': 0.2287}} 
09-14 02:17 DEBUG    ****** PDM_KL matching ******** 
09-14 02:17 DEBUG    Best Sigma0: 0.5. Best sigma: 1 Best gamma: 10. Best Test accuracy: 0.2335. Train acc: 0.23148. 

09-14 02:17 DEBUG    PDM_KL log: {(0.5, 1, 10): {'shapes': [(3072, 582), (582,), (582, 118), (118,), (118, 10), (10,)], 'train_accuracy': 0.23148, 'test_accuracy': 0.2335}} 
09-14 03:07 DEBUG    ****** PDM_KL matching ******** 
09-14 03:07 DEBUG    Best Sigma0: 0.5. Best sigma: 1 Best gamma: 10. Best Test accuracy: 0.2707. Train acc: 0.27236. 

09-14 03:07 DEBUG    PDM_KL log: {(0.5, 1, 10): {'shapes': [(3072, 700), (700,), (700, 127), (127,), (127, 10), (10,)], 'train_accuracy': 0.27236, 'test_accuracy': 0.2707}} 
09-14 03:59 DEBUG    ****** PDM_KL matching ******** 
09-14 03:59 DEBUG    Best Sigma0: 0.5. Best sigma: 1 Best gamma: 10. Best Test accuracy: 0.1002. Train acc: 0.10026. 

09-14 03:59 DEBUG    PDM_KL log: {(0.5, 1, 10): {'shapes': [(3072, 700), (700,), (700, 118), (118,), (118, 10), (10,)], 'train_accuracy': 0.10026, 'test_accuracy': 0.1002}} 
09-14 04:51 DEBUG    ****** PDM_KL matching ******** 
09-14 04:51 DEBUG    Best Sigma0: 0.5. Best sigma: 1 Best gamma: 10. Best Test accuracy: 0.1. Train acc: 0.10002. 

09-14 04:51 DEBUG    PDM_KL log: {(0.5, 1, 10): {'shapes': [(3072, 700), (700,), (700, 127), (127,), (127, 10), (10,)], 'train_accuracy': 0.10002, 'test_accuracy': 0.1}} 
09-14 04:51 DEBUG    Trial 5 completed
09-14 04:51 DEBUG    ####################################################################################################
09-14 04:51 DEBUG    ####################################################################################################
09-14 04:51 DEBUG    Executing Trial 6 with seed 6
09-14 04:52 DEBUG    Data statistics: {0: {0: 525, 1: 492, 2: 476, 3: 486, 4: 508, 5: 495, 6: 524, 7: 481, 8: 510, 9: 503}, 1: {0: 492, 1: 515, 2: 471, 3: 507, 4: 523, 5: 503, 6: 486, 7: 482, 8: 510, 9: 511}, 2: {0: 513, 1: 485, 2: 481, 3: 511, 4: 480, 5: 511, 6: 512, 7: 479, 8: 516, 9: 512}, 3: {0: 467, 1: 473, 2: 526, 3: 496, 4: 514, 5: 514, 6: 469, 7: 513, 8: 520, 9: 508}, 4: {0: 500, 1: 492, 2: 499, 3: 519, 4: 534, 5: 460, 6: 525, 7: 485, 8: 514, 9: 472}, 5: {0: 508, 1: 492, 2: 507, 3: 512, 4: 466, 5: 513, 6: 523, 7: 492, 8: 494, 9: 493}, 6: {0: 468, 1: 508, 2: 533, 3: 506, 4: 439, 5: 510, 6: 510, 7: 519, 8: 501, 9: 506}, 7: {0: 540, 1: 511, 2: 499, 3: 452, 4: 508, 5: 501, 6: 464, 7: 529, 8: 474, 9: 522}, 8: {0: 497, 1: 497, 2: 496, 3: 517, 4: 511, 5: 497, 6: 493, 7: 509, 8: 497, 9: 486}, 9: {0: 490, 1: 535, 2: 512, 3: 494, 4: 517, 5: 496, 6: 494, 7: 511, 8: 464, 9: 487}}
09-14 04:56 DEBUG    **************************************************
09-14 04:56 DEBUG    Running experiments 

09-14 04:57 DEBUG    Uniform ensemble (Train acc): 0.313680
09-14 04:57 DEBUG    Uniform ensemble (Test acc): 0.316600
09-14 04:58 DEBUG    FedAvg (Train acc): 0.100000
09-14 04:58 DEBUG    FedAvg (Test acc): 0.100000
09-14 05:09 DEBUG    ****** PDM_KL matching ******** 
09-14 05:09 DEBUG    Best Sigma0: 0.5. Best sigma: 1 Best gamma: 10. Best Test accuracy: 0.2345. Train acc: 0.23554. 

09-14 05:09 DEBUG    PDM_KL log: {(0.5, 1, 10): {'shapes': [(3072, 261), (261,), (261, 118), (118,), (118, 10), (10,)], 'train_accuracy': 0.23554, 'test_accuracy': 0.2345}} 
09-14 05:36 DEBUG    ****** PDM_KL matching ******** 
09-14 05:36 DEBUG    Best Sigma0: 0.5. Best sigma: 1 Best gamma: 10. Best Test accuracy: 0.2229. Train acc: 0.22212. 

09-14 05:36 DEBUG    PDM_KL log: {(0.5, 1, 10): {'shapes': [(3072, 258), (258,), (258, 118), (118,), (118, 10), (10,)], 'train_accuracy': 0.22212, 'test_accuracy': 0.2229}} 
09-14 05:58 DEBUG    ****** PDM_KL matching ******** 
09-14 05:58 DEBUG    Best Sigma0: 0.5. Best sigma: 1 Best gamma: 10. Best Test accuracy: 0.2037. Train acc: 0.2063. 

09-14 05:58 DEBUG    PDM_KL log: {(0.5, 1, 10): {'shapes': [(3072, 258), (258,), (258, 118), (118,), (118, 10), (10,)], 'train_accuracy': 0.2063, 'test_accuracy': 0.2037}} 
09-14 06:23 DEBUG    ****** PDM_KL matching ******** 
09-14 06:23 DEBUG    Best Sigma0: 0.5. Best sigma: 1 Best gamma: 10. Best Test accuracy: 0.2052. Train acc: 0.20238. 

09-14 06:23 DEBUG    PDM_KL log: {(0.5, 1, 10): {'shapes': [(3072, 261), (261,), (261, 118), (118,), (118, 10), (10,)], 'train_accuracy': 0.20238, 'test_accuracy': 0.2052}} 
09-14 06:47 DEBUG    ****** PDM_KL matching ******** 
09-14 06:47 DEBUG    Best Sigma0: 0.5. Best sigma: 1 Best gamma: 10. Best Test accuracy: 0.2051. Train acc: 0.20316. 

09-14 06:47 DEBUG    PDM_KL log: {(0.5, 1, 10): {'shapes': [(3072, 269), (269,), (269, 118), (118,), (118, 10), (10,)], 'train_accuracy': 0.20316, 'test_accuracy': 0.2051}} 
09-14 07:12 DEBUG    ****** PDM_KL matching ******** 
09-14 07:12 DEBUG    Best Sigma0: 0.5. Best sigma: 1 Best gamma: 10. Best Test accuracy: 0.206. Train acc: 0.20884. 

09-14 07:12 DEBUG    PDM_KL log: {(0.5, 1, 10): {'shapes': [(3072, 272), (272,), (272, 118), (118,), (118, 10), (10,)], 'train_accuracy': 0.20884, 'test_accuracy': 0.206}} 
09-14 07:40 DEBUG    ****** PDM_KL matching ******** 
09-14 07:40 DEBUG    Best Sigma0: 0.5. Best sigma: 1 Best gamma: 10. Best Test accuracy: 0.2184. Train acc: 0.22142. 

09-14 07:40 DEBUG    PDM_KL log: {(0.5, 1, 10): {'shapes': [(3072, 333), (333,), (333, 118), (118,), (118, 10), (10,)], 'train_accuracy': 0.22142, 'test_accuracy': 0.2184}} 
09-14 08:23 DEBUG    ****** PDM_KL matching ******** 
09-14 08:23 DEBUG    Best Sigma0: 0.5. Best sigma: 1 Best gamma: 10. Best Test accuracy: 0.2257. Train acc: 0.22182. 

09-14 08:23 DEBUG    PDM_KL log: {(0.5, 1, 10): {'shapes': [(3072, 567), (567,), (567, 118), (118,), (118, 10), (10,)], 'train_accuracy': 0.22182, 'test_accuracy': 0.2257}} 
09-14 09:11 DEBUG    ****** PDM_KL matching ******** 
09-14 09:11 DEBUG    Best Sigma0: 0.5. Best sigma: 1 Best gamma: 10. Best Test accuracy: 0.2194. Train acc: 0.22328. 

09-14 09:11 DEBUG    PDM_KL log: {(0.5, 1, 10): {'shapes': [(3072, 695), (695,), (695, 127), (127,), (127, 10), (10,)], 'train_accuracy': 0.22328, 'test_accuracy': 0.2194}} 
09-14 10:01 DEBUG    ****** PDM_KL matching ******** 
09-14 10:01 DEBUG    Best Sigma0: 0.5. Best sigma: 1 Best gamma: 10. Best Test accuracy: 0.1. Train acc: 0.1. 

09-14 10:01 DEBUG    PDM_KL log: {(0.5, 1, 10): {'shapes': [(3072, 700), (700,), (700, 118), (118,), (118, 10), (10,)], 'train_accuracy': 0.1, 'test_accuracy': 0.1}} 
09-14 10:52 DEBUG    ****** PDM_KL matching ******** 
09-14 10:52 DEBUG    Best Sigma0: 0.5. Best sigma: 1 Best gamma: 10. Best Test accuracy: 0.1. Train acc: 0.1. 

09-14 10:52 DEBUG    PDM_KL log: {(0.5, 1, 10): {'shapes': [(3072, 700), (700,), (700, 127), (127,), (127, 10), (10,)], 'train_accuracy': 0.1, 'test_accuracy': 0.1}} 
09-14 10:52 DEBUG    Trial 6 completed
09-14 10:52 DEBUG    ####################################################################################################
09-14 10:52 DEBUG    ####################################################################################################
09-14 10:52 DEBUG    Executing Trial 7 with seed 7
09-14 10:53 DEBUG    Data statistics: {0: {0: 482, 1: 521, 2: 535, 3: 522, 4: 467, 5: 501, 6: 526, 7: 471, 8: 489, 9: 486}, 1: {0: 527, 1: 478, 2: 478, 3: 525, 4: 507, 5: 463, 6: 507, 7: 499, 8: 520, 9: 496}, 2: {0: 489, 1: 470, 2: 493, 3: 474, 4: 505, 5: 539, 6: 476, 7: 516, 8: 519, 9: 519}, 3: {0: 489, 1: 489, 2: 485, 3: 519, 4: 474, 5: 505, 6: 483, 7: 517, 8: 515, 9: 524}, 4: {0: 516, 1: 492, 2: 514, 3: 501, 4: 490, 5: 513, 6: 497, 7: 486, 8: 500, 9: 491}, 5: {0: 507, 1: 511, 2: 508, 3: 489, 4: 512, 5: 491, 6: 462, 7: 498, 8: 503, 9: 519}, 6: {0: 487, 1: 497, 2: 481, 3: 477, 4: 494, 5: 531, 6: 534, 7: 484, 8: 539, 9: 476}, 7: {0: 512, 1: 497, 2: 493, 3: 496, 4: 537, 5: 462, 6: 510, 7: 562, 8: 460, 9: 471}, 8: {0: 527, 1: 536, 2: 509, 3: 474, 4: 504, 5: 500, 6: 486, 7: 464, 8: 468, 9: 532}, 9: {0: 464, 1: 509, 2: 504, 3: 523, 4: 510, 5: 495, 6: 519, 7: 503, 8: 487, 9: 486}}
09-14 10:57 DEBUG    **************************************************
09-14 10:57 DEBUG    Running experiments 

09-14 10:59 DEBUG    Uniform ensemble (Train acc): 0.324140
09-14 10:59 DEBUG    Uniform ensemble (Test acc): 0.319700
09-14 10:59 DEBUG    FedAvg (Train acc): 0.100000
09-14 10:59 DEBUG    FedAvg (Test acc): 0.100000
09-14 11:12 DEBUG    ****** PDM_KL matching ******** 
09-14 11:12 DEBUG    Best Sigma0: 0.5. Best sigma: 1 Best gamma: 10. Best Test accuracy: 0.2079. Train acc: 0.20422. 

09-14 11:12 DEBUG    PDM_KL log: {(0.5, 1, 10): {'shapes': [(3072, 259), (259,), (259, 118), (118,), (118, 10), (10,)], 'train_accuracy': 0.20422, 'test_accuracy': 0.2079}} 
09-14 11:35 DEBUG    ****** PDM_KL matching ******** 
09-14 11:35 DEBUG    Best Sigma0: 0.5. Best sigma: 1 Best gamma: 10. Best Test accuracy: 0.2108. Train acc: 0.20802. 

09-14 11:35 DEBUG    PDM_KL log: {(0.5, 1, 10): {'shapes': [(3072, 257), (257,), (257, 118), (118,), (118, 10), (10,)], 'train_accuracy': 0.20802, 'test_accuracy': 0.2108}} 
09-14 12:00 DEBUG    ****** PDM_KL matching ******** 
09-14 12:00 DEBUG    Best Sigma0: 0.5. Best sigma: 1 Best gamma: 10. Best Test accuracy: 0.2069. Train acc: 0.20478. 

09-14 12:00 DEBUG    PDM_KL log: {(0.5, 1, 10): {'shapes': [(3072, 263), (263,), (263, 118), (118,), (118, 10), (10,)], 'train_accuracy': 0.20478, 'test_accuracy': 0.2069}} 
09-14 12:23 DEBUG    ****** PDM_KL matching ******** 
09-14 12:23 DEBUG    Best Sigma0: 0.5. Best sigma: 1 Best gamma: 10. Best Test accuracy: 0.2066. Train acc: 0.2032. 

09-14 12:23 DEBUG    PDM_KL log: {(0.5, 1, 10): {'shapes': [(3072, 265), (265,), (265, 118), (118,), (118, 10), (10,)], 'train_accuracy': 0.2032, 'test_accuracy': 0.2066}} 
09-14 12:44 DEBUG    ****** PDM_KL matching ******** 
09-14 12:44 DEBUG    Best Sigma0: 0.5. Best sigma: 1 Best gamma: 10. Best Test accuracy: 0.2076. Train acc: 0.2126. 

09-14 12:44 DEBUG    PDM_KL log: {(0.5, 1, 10): {'shapes': [(3072, 265), (265,), (265, 118), (118,), (118, 10), (10,)], 'train_accuracy': 0.2126, 'test_accuracy': 0.2076}} 
09-14 13:10 DEBUG    ****** PDM_KL matching ******** 
09-14 13:10 DEBUG    Best Sigma0: 0.5. Best sigma: 1 Best gamma: 10. Best Test accuracy: 0.208. Train acc: 0.20972. 

09-14 13:10 DEBUG    PDM_KL log: {(0.5, 1, 10): {'shapes': [(3072, 268), (268,), (268, 118), (118,), (118, 10), (10,)], 'train_accuracy': 0.20972, 'test_accuracy': 0.208}} 
09-14 13:40 DEBUG    ****** PDM_KL matching ******** 
09-14 13:40 DEBUG    Best Sigma0: 0.5. Best sigma: 1 Best gamma: 10. Best Test accuracy: 0.2184. Train acc: 0.2192. 

09-14 13:40 DEBUG    PDM_KL log: {(0.5, 1, 10): {'shapes': [(3072, 340), (340,), (340, 118), (118,), (118, 10), (10,)], 'train_accuracy': 0.2192, 'test_accuracy': 0.2184}} 
09-14 14:21 DEBUG    ****** PDM_KL matching ******** 
09-14 14:21 DEBUG    Best Sigma0: 0.5. Best sigma: 1 Best gamma: 10. Best Test accuracy: 0.2136. Train acc: 0.20978. 

09-14 14:21 DEBUG    PDM_KL log: {(0.5, 1, 10): {'shapes': [(3072, 568), (568,), (568, 118), (118,), (118, 10), (10,)], 'train_accuracy': 0.20978, 'test_accuracy': 0.2136}} 
09-14 15:12 DEBUG    ****** PDM_KL matching ******** 
09-14 15:12 DEBUG    Best Sigma0: 0.5. Best sigma: 1 Best gamma: 10. Best Test accuracy: 0.2334. Train acc: 0.24078. 

09-14 15:12 DEBUG    PDM_KL log: {(0.5, 1, 10): {'shapes': [(3072, 700), (700,), (700, 127), (127,), (127, 10), (10,)], 'train_accuracy': 0.24078, 'test_accuracy': 0.2334}} 
09-14 16:02 DEBUG    ****** PDM_KL matching ******** 
09-14 16:02 DEBUG    Best Sigma0: 0.5. Best sigma: 1 Best gamma: 10. Best Test accuracy: 0.1. Train acc: 0.1. 

09-14 16:02 DEBUG    PDM_KL log: {(0.5, 1, 10): {'shapes': [(3072, 692), (692,), (692, 118), (118,), (118, 10), (10,)], 'train_accuracy': 0.1, 'test_accuracy': 0.1}} 
09-14 16:54 DEBUG    ****** PDM_KL matching ******** 
09-14 16:54 DEBUG    Best Sigma0: 0.5. Best sigma: 1 Best gamma: 10. Best Test accuracy: 0.1. Train acc: 0.1. 

09-14 16:54 DEBUG    PDM_KL log: {(0.5, 1, 10): {'shapes': [(3072, 700), (700,), (700, 127), (127,), (127, 10), (10,)], 'train_accuracy': 0.1, 'test_accuracy': 0.1}} 
09-14 16:54 DEBUG    Trial 7 completed
09-14 16:54 DEBUG    ####################################################################################################
09-14 16:54 DEBUG    ####################################################################################################
09-14 16:54 DEBUG    Executing Trial 8 with seed 8
09-14 16:54 DEBUG    Data statistics: {0: {0: 518, 1: 496, 2: 490, 3: 514, 4: 513, 5: 507, 6: 510, 7: 462, 8: 461, 9: 529}, 1: {0: 522, 1: 510, 2: 503, 3: 490, 4: 501, 5: 481, 6: 522, 7: 496, 8: 471, 9: 504}, 2: {0: 475, 1: 498, 2: 474, 3: 476, 4: 493, 5: 531, 6: 504, 7: 508, 8: 526, 9: 515}, 3: {0: 491, 1: 516, 2: 505, 3: 501, 4: 508, 5: 499, 6: 480, 7: 486, 8: 519, 9: 495}, 4: {0: 501, 1: 463, 2: 496, 3: 496, 4: 519, 5: 487, 6: 482, 7: 543, 8: 536, 9: 477}, 5: {0: 475, 1: 502, 2: 493, 3: 483, 4: 512, 5: 511, 6: 521, 7: 468, 8: 501, 9: 534}, 6: {0: 492, 1: 517, 2: 530, 3: 502, 4: 509, 5: 480, 6: 493, 7: 488, 8: 499, 9: 490}, 7: {0: 486, 1: 501, 2: 518, 3: 524, 4: 484, 5: 491, 6: 489, 7: 507, 8: 530, 9: 470}, 8: {0: 509, 1: 511, 2: 467, 3: 503, 4: 495, 5: 509, 6: 513, 7: 516, 8: 465, 9: 512}, 9: {0: 531, 1: 486, 2: 524, 3: 511, 4: 466, 5: 504, 6: 486, 7: 526, 8: 492, 9: 474}}
09-14 16:57 DEBUG    **************************************************
09-14 16:57 DEBUG    Running experiments 

09-14 16:58 DEBUG    Uniform ensemble (Train acc): 0.264060
09-14 16:58 DEBUG    Uniform ensemble (Test acc): 0.260100
09-14 16:59 DEBUG    FedAvg (Train acc): 0.100000
09-14 16:59 DEBUG    FedAvg (Test acc): 0.100000
09-14 17:12 DEBUG    ****** PDM_KL matching ******** 
09-14 17:12 DEBUG    Best Sigma0: 0.5. Best sigma: 1 Best gamma: 10. Best Test accuracy: 0.2111. Train acc: 0.208. 

09-14 17:12 DEBUG    PDM_KL log: {(0.5, 1, 10): {'shapes': [(3072, 252), (252,), (252, 109), (109,), (109, 10), (10,)], 'train_accuracy': 0.208, 'test_accuracy': 0.2111}} 
09-14 17:35 DEBUG    ****** PDM_KL matching ******** 
09-14 17:35 DEBUG    Best Sigma0: 0.5. Best sigma: 1 Best gamma: 10. Best Test accuracy: 0.1704. Train acc: 0.1711. 

09-14 17:35 DEBUG    PDM_KL log: {(0.5, 1, 10): {'shapes': [(3072, 247), (247,), (247, 109), (109,), (109, 10), (10,)], 'train_accuracy': 0.1711, 'test_accuracy': 0.1704}} 
09-14 17:58 DEBUG    ****** PDM_KL matching ******** 
09-14 17:58 DEBUG    Best Sigma0: 0.5. Best sigma: 1 Best gamma: 10. Best Test accuracy: 0.2178. Train acc: 0.21364. 

09-14 17:58 DEBUG    PDM_KL log: {(0.5, 1, 10): {'shapes': [(3072, 260), (260,), (260, 109), (109,), (109, 10), (10,)], 'train_accuracy': 0.21364, 'test_accuracy': 0.2178}} 
09-14 18:20 DEBUG    ****** PDM_KL matching ******** 
09-14 18:20 DEBUG    Best Sigma0: 0.5. Best sigma: 1 Best gamma: 10. Best Test accuracy: 0.2171. Train acc: 0.2145. 

09-14 18:20 DEBUG    PDM_KL log: {(0.5, 1, 10): {'shapes': [(3072, 254), (254,), (254, 109), (109,), (109, 10), (10,)], 'train_accuracy': 0.2145, 'test_accuracy': 0.2171}} 
09-14 18:42 DEBUG    ****** PDM_KL matching ******** 
09-14 18:42 DEBUG    Best Sigma0: 0.5. Best sigma: 1 Best gamma: 10. Best Test accuracy: 0.1761. Train acc: 0.17308. 

09-14 18:42 DEBUG    PDM_KL log: {(0.5, 1, 10): {'shapes': [(3072, 257), (257,), (257, 109), (109,), (109, 10), (10,)], 'train_accuracy': 0.17308, 'test_accuracy': 0.1761}} 
09-14 19:06 DEBUG    ****** PDM_KL matching ******** 
09-14 19:06 DEBUG    Best Sigma0: 0.5. Best sigma: 1 Best gamma: 10. Best Test accuracy: 0.1773. Train acc: 0.17524. 

09-14 19:06 DEBUG    PDM_KL log: {(0.5, 1, 10): {'shapes': [(3072, 259), (259,), (259, 109), (109,), (109, 10), (10,)], 'train_accuracy': 0.17524, 'test_accuracy': 0.1773}} 
09-14 19:33 DEBUG    ****** PDM_KL matching ******** 
09-14 19:33 DEBUG    Best Sigma0: 0.5. Best sigma: 1 Best gamma: 10. Best Test accuracy: 0.2048. Train acc: 0.20242. 

09-14 19:33 DEBUG    PDM_KL log: {(0.5, 1, 10): {'shapes': [(3072, 347), (347,), (347, 118), (118,), (118, 10), (10,)], 'train_accuracy': 0.20242, 'test_accuracy': 0.2048}} 
09-14 20:14 DEBUG    ****** PDM_KL matching ******** 
09-14 20:14 DEBUG    Best Sigma0: 0.5. Best sigma: 1 Best gamma: 10. Best Test accuracy: 0.2098. Train acc: 0.2087. 

09-14 20:14 DEBUG    PDM_KL log: {(0.5, 1, 10): {'shapes': [(3072, 572), (572,), (572, 118), (118,), (118, 10), (10,)], 'train_accuracy': 0.2087, 'test_accuracy': 0.2098}} 
09-14 21:02 DEBUG    ****** PDM_KL matching ******** 
09-14 21:02 DEBUG    Best Sigma0: 0.5. Best sigma: 1 Best gamma: 10. Best Test accuracy: 0.2018. Train acc: 0.2011. 

09-14 21:02 DEBUG    PDM_KL log: {(0.5, 1, 10): {'shapes': [(3072, 700), (700,), (700, 127), (127,), (127, 10), (10,)], 'train_accuracy': 0.2011, 'test_accuracy': 0.2018}} 
09-14 21:50 DEBUG    ****** PDM_KL matching ******** 
09-14 21:50 DEBUG    Best Sigma0: 0.5. Best sigma: 1 Best gamma: 10. Best Test accuracy: 0.1. Train acc: 0.1. 

09-14 21:50 DEBUG    PDM_KL log: {(0.5, 1, 10): {'shapes': [(3072, 700), (700,), (700, 118), (118,), (118, 10), (10,)], 'train_accuracy': 0.1, 'test_accuracy': 0.1}} 
09-14 22:43 DEBUG    ****** PDM_KL matching ******** 
09-14 22:43 DEBUG    Best Sigma0: 0.5. Best sigma: 1 Best gamma: 10. Best Test accuracy: 0.1. Train acc: 0.1. 

09-14 22:43 DEBUG    PDM_KL log: {(0.5, 1, 10): {'shapes': [(3072, 700), (700,), (700, 118), (118,), (118, 10), (10,)], 'train_accuracy': 0.1, 'test_accuracy': 0.1}} 
09-14 22:43 DEBUG    Trial 8 completed
09-14 22:43 DEBUG    ####################################################################################################
09-14 22:43 DEBUG    ####################################################################################################
09-14 22:43 DEBUG    Executing Trial 9 with seed 9
09-14 22:43 DEBUG    Data statistics: {0: {0: 490, 1: 482, 2: 496, 3: 501, 4: 516, 5: 513, 6: 508, 7: 486, 8: 504, 9: 504}, 1: {0: 513, 1: 502, 2: 507, 3: 476, 4: 496, 5: 476, 6: 494, 7: 502, 8: 507, 9: 527}, 2: {0: 522, 1: 476, 2: 517, 3: 485, 4: 499, 5: 500, 6: 520, 7: 481, 8: 499, 9: 501}, 3: {0: 496, 1: 502, 2: 519, 3: 490, 4: 472, 5: 502, 6: 500, 7: 536, 8: 496, 9: 487}, 4: {0: 507, 1: 522, 2: 514, 3: 506, 4: 531, 5: 481, 6: 497, 7: 507, 8: 465, 9: 470}, 5: {0: 497, 1: 510, 2: 499, 3: 467, 4: 539, 5: 520, 6: 494, 7: 468, 8: 484, 9: 522}, 6: {0: 478, 1: 569, 2: 478, 3: 535, 4: 485, 5: 492, 6: 487, 7: 498, 8: 510, 9: 468}, 7: {0: 486, 1: 459, 2: 494, 3: 516, 4: 492, 5: 497, 6: 510, 7: 517, 8: 524, 9: 505}, 8: {0: 511, 1: 495, 2: 478, 3: 538, 4: 463, 5: 513, 6: 470, 7: 511, 8: 499, 9: 522}, 9: {0: 500, 1: 483, 2: 498, 3: 486, 4: 507, 5: 506, 6: 520, 7: 494, 8: 512, 9: 494}}
09-14 22:48 DEBUG    **************************************************
09-14 22:48 DEBUG    Running experiments 

09-14 22:49 DEBUG    Uniform ensemble (Train acc): 0.320620
09-14 22:49 DEBUG    Uniform ensemble (Test acc): 0.316500
09-14 22:50 DEBUG    FedAvg (Train acc): 0.100000
09-14 22:50 DEBUG    FedAvg (Test acc): 0.100000
09-14 23:03 DEBUG    ****** PDM_KL matching ******** 
09-14 23:03 DEBUG    Best Sigma0: 0.5. Best sigma: 1 Best gamma: 10. Best Test accuracy: 0.2061. Train acc: 0.2091. 

09-14 23:03 DEBUG    PDM_KL log: {(0.5, 1, 10): {'shapes': [(3072, 257), (257,), (257, 109), (109,), (109, 10), (10,)], 'train_accuracy': 0.2091, 'test_accuracy': 0.2061}} 
09-14 23:24 DEBUG    ****** PDM_KL matching ******** 
09-14 23:24 DEBUG    Best Sigma0: 0.5. Best sigma: 1 Best gamma: 10. Best Test accuracy: 0.1975. Train acc: 0.19952. 

09-14 23:24 DEBUG    PDM_KL log: {(0.5, 1, 10): {'shapes': [(3072, 251), (251,), (251, 109), (109,), (109, 10), (10,)], 'train_accuracy': 0.19952, 'test_accuracy': 0.1975}} 
09-14 23:42 DEBUG    ****** PDM_KL matching ******** 
09-14 23:42 DEBUG    Best Sigma0: 0.5. Best sigma: 1 Best gamma: 10. Best Test accuracy: 0.1995. Train acc: 0.19918. 

09-14 23:42 DEBUG    PDM_KL log: {(0.5, 1, 10): {'shapes': [(3072, 256), (256,), (256, 109), (109,), (109, 10), (10,)], 'train_accuracy': 0.19918, 'test_accuracy': 0.1995}} 
09-15 00:01 DEBUG    ****** PDM_KL matching ******** 
09-15 00:01 DEBUG    Best Sigma0: 0.5. Best sigma: 1 Best gamma: 10. Best Test accuracy: 0.1744. Train acc: 0.17546. 

09-15 00:01 DEBUG    PDM_KL log: {(0.5, 1, 10): {'shapes': [(3072, 254), (254,), (254, 109), (109,), (109, 10), (10,)], 'train_accuracy': 0.17546, 'test_accuracy': 0.1744}} 
09-15 00:19 DEBUG    ****** PDM_KL matching ******** 
09-15 00:19 DEBUG    Best Sigma0: 0.5. Best sigma: 1 Best gamma: 10. Best Test accuracy: 0.1878. Train acc: 0.1862. 

09-15 00:19 DEBUG    PDM_KL log: {(0.5, 1, 10): {'shapes': [(3072, 258), (258,), (258, 109), (109,), (109, 10), (10,)], 'train_accuracy': 0.1862, 'test_accuracy': 0.1878}} 
09-15 00:36 DEBUG    ****** PDM_KL matching ******** 
09-15 00:36 DEBUG    Best Sigma0: 0.5. Best sigma: 1 Best gamma: 10. Best Test accuracy: 0.1944. Train acc: 0.18996. 

09-15 00:36 DEBUG    PDM_KL log: {(0.5, 1, 10): {'shapes': [(3072, 269), (269,), (269, 109), (109,), (109, 10), (10,)], 'train_accuracy': 0.18996, 'test_accuracy': 0.1944}} 
09-15 01:00 DEBUG    ****** PDM_KL matching ******** 
09-15 01:00 DEBUG    Best Sigma0: 0.5. Best sigma: 1 Best gamma: 10. Best Test accuracy: 0.183. Train acc: 0.18622. 

09-15 01:00 DEBUG    PDM_KL log: {(0.5, 1, 10): {'shapes': [(3072, 338), (338,), (338, 118), (118,), (118, 10), (10,)], 'train_accuracy': 0.18622, 'test_accuracy': 0.183}} 
09-15 01:33 DEBUG    ****** PDM_KL matching ******** 
09-15 01:33 DEBUG    Best Sigma0: 0.5. Best sigma: 1 Best gamma: 10. Best Test accuracy: 0.222. Train acc: 0.22142. 

09-15 01:33 DEBUG    PDM_KL log: {(0.5, 1, 10): {'shapes': [(3072, 576), (576,), (576, 118), (118,), (118, 10), (10,)], 'train_accuracy': 0.22142, 'test_accuracy': 0.222}} 
09-15 02:11 DEBUG    ****** PDM_KL matching ******** 
09-15 02:11 DEBUG    Best Sigma0: 0.5. Best sigma: 1 Best gamma: 10. Best Test accuracy: 0.2579. Train acc: 0.2567. 

09-15 02:11 DEBUG    PDM_KL log: {(0.5, 1, 10): {'shapes': [(3072, 700), (700,), (700, 127), (127,), (127, 10), (10,)], 'train_accuracy': 0.2567, 'test_accuracy': 0.2579}} 
09-15 02:53 DEBUG    ****** PDM_KL matching ******** 
09-15 02:53 DEBUG    Best Sigma0: 0.5. Best sigma: 1 Best gamma: 10. Best Test accuracy: 0.1. Train acc: 0.1. 

09-15 02:53 DEBUG    PDM_KL log: {(0.5, 1, 10): {'shapes': [(3072, 700), (700,), (700, 118), (118,), (118, 10), (10,)], 'train_accuracy': 0.1, 'test_accuracy': 0.1}} 
09-15 03:27 DEBUG    ****** PDM_KL matching ******** 
09-15 03:27 DEBUG    Best Sigma0: 0.5. Best sigma: 1 Best gamma: 10. Best Test accuracy: 0.1. Train acc: 0.1. 

09-15 03:27 DEBUG    PDM_KL log: {(0.5, 1, 10): {'shapes': [(3072, 700), (700,), (700, 118), (118,), (118, 10), (10,)], 'train_accuracy': 0.1, 'test_accuracy': 0.1}} 
09-15 03:27 DEBUG    Trial 9 completed
09-15 03:27 DEBUG    ####################################################################################################
