09-30 02:24 DEBUG    Experiment arguments: Namespace(alpha=0.5, communication_rounds=None, datadir='data/mnist', dataset='mnist', device=1.0, dropout_p=0.0, epochs=10, experiment=['pdm_KL'], init_seed=0, iter_epochs=5, layers=1, loaddir='saved_weights/mnist/homo', logdir='KL_regs_bst_hyp_unlimi/mnist/homo', lr=0.01, lr_decay=1.0, n=4, n_layers=1, n_nets=10, net_config=[784, 100, 100, 100, 100, 10], num_pool_workers=1, partition='homo', pdm_gamma=10, pdm_sig=0.5, pdm_sig0=10, reg=1e-06, reg_fac=0.0, trials=10)
09-30 02:24 DEBUG    ####################################################################################################
09-30 02:24 DEBUG    Executing Trial 0 with seed 0
09-30 02:24 DEBUG    Data statistics: {0: {0: 605, 1: 688, 2: 586, 3: 583, 4: 565, 5: 518, 6: 631, 7: 625, 8: 584, 9: 615}, 1: {0: 600, 1: 691, 2: 580, 3: 625, 4: 588, 5: 557, 6: 559, 7: 603, 8: 607, 9: 590}, 2: {0: 607, 1: 691, 2: 583, 3: 639, 4: 577, 5: 516, 6: 571, 7: 641, 8: 596, 9: 579}, 3: {0: 605, 1: 642, 2: 610, 3: 580, 4: 590, 5: 565, 6: 572, 7: 632, 8: 591, 9: 613}, 4: {0: 578, 1: 653, 2: 600, 3: 593, 4: 627, 5: 556, 6: 629, 7: 608, 8: 581, 9: 575}, 5: {0: 596, 1: 690, 2: 594, 3: 650, 4: 589, 5: 539, 6: 547, 7: 612, 8: 568, 9: 615}, 6: {0: 598, 1: 645, 2: 614, 3: 624, 4: 572, 5: 556, 6: 605, 7: 605, 8: 601, 9: 580}, 7: {0: 544, 1: 682, 2: 604, 3: 591, 4: 605, 5: 562, 6: 601, 7: 694, 8: 525, 9: 592}, 8: {0: 564, 1: 665, 2: 608, 3: 647, 4: 566, 5: 520, 6: 615, 7: 613, 8: 594, 9: 608}, 9: {0: 626, 1: 695, 2: 579, 3: 599, 4: 563, 5: 532, 6: 588, 7: 632, 8: 604, 9: 582}}
09-30 02:24 DEBUG    **************************************************
09-30 02:24 DEBUG    Running experiments 

09-30 02:34 DEBUG    ****** PDM_KL matching ******** 
09-30 02:34 DEBUG    Best Sigma0: 10. Best sigma: 0.5 Best gamma: 10. Best Test accuracy: 0.9549. Train acc: 0.9574. 

09-30 02:34 DEBUG    PDM_KL log: {(10, 0.5, 10): {'shapes': [(784, 854), (854,), (854, 594), (594,), (594, 332), (332,), (332, 127), (127,), (127, 10), (10,)], 'train_accuracy': 0.9574, 'test_accuracy': 0.9549}} 
09-30 02:56 DEBUG    ****** PDM_KL matching ******** 
09-30 02:56 DEBUG    Best Sigma0: 10. Best sigma: 0.5 Best gamma: 10. Best Test accuracy: 0.9576. Train acc: 0.9579166666666666. 

09-30 02:56 DEBUG    PDM_KL log: {(10, 0.5, 10): {'shapes': [(784, 856), (856,), (856, 593), (593,), (593, 344), (344,), (344, 127), (127,), (127, 10), (10,)], 'train_accuracy': 0.9579166666666666, 'test_accuracy': 0.9576}} 
09-30 03:18 DEBUG    ****** PDM_KL matching ******** 
09-30 03:18 DEBUG    Best Sigma0: 10. Best sigma: 0.5 Best gamma: 10. Best Test accuracy: 0.9582. Train acc: 0.95855. 

09-30 03:18 DEBUG    PDM_KL log: {(10, 0.5, 10): {'shapes': [(784, 864), (864,), (864, 594), (594,), (594, 330), (330,), (330, 127), (127,), (127, 10), (10,)], 'train_accuracy': 0.95855, 'test_accuracy': 0.9582}} 
09-30 03:40 DEBUG    ****** PDM_KL matching ******** 
09-30 03:40 DEBUG    Best Sigma0: 10. Best sigma: 0.5 Best gamma: 10. Best Test accuracy: 0.9561. Train acc: 0.9577833333333333. 

09-30 03:40 DEBUG    PDM_KL log: {(10, 0.5, 10): {'shapes': [(784, 856), (856,), (856, 586), (586,), (586, 327), (327,), (327, 127), (127,), (127, 10), (10,)], 'train_accuracy': 0.9577833333333333, 'test_accuracy': 0.9561}} 
09-30 04:01 DEBUG    ****** PDM_KL matching ******** 
09-30 04:01 DEBUG    Best Sigma0: 10. Best sigma: 0.5 Best gamma: 10. Best Test accuracy: 0.9531. Train acc: 0.9544. 

09-30 04:01 DEBUG    PDM_KL log: {(10, 0.5, 10): {'shapes': [(784, 832), (832,), (832, 582), (582,), (582, 326), (326,), (326, 127), (127,), (127, 10), (10,)], 'train_accuracy': 0.9544, 'test_accuracy': 0.9531}} 
09-30 04:21 DEBUG    ****** PDM_KL matching ******** 
09-30 04:21 DEBUG    Best Sigma0: 10. Best sigma: 0.5 Best gamma: 10. Best Test accuracy: 0.9544. Train acc: 0.9559333333333333. 

09-30 04:21 DEBUG    PDM_KL log: {(10, 0.5, 10): {'shapes': [(784, 824), (824,), (824, 539), (539,), (539, 292), (292,), (292, 127), (127,), (127, 10), (10,)], 'train_accuracy': 0.9559333333333333, 'test_accuracy': 0.9544}} 
09-30 04:36 DEBUG    ****** PDM_KL matching ******** 
09-30 04:36 DEBUG    Best Sigma0: 10. Best sigma: 0.5 Best gamma: 10. Best Test accuracy: 0.9216. Train acc: 0.9216. 

09-30 04:36 DEBUG    PDM_KL log: {(10, 0.5, 10): {'shapes': [(784, 772), (772,), (772, 298), (298,), (298, 208), (208,), (208, 127), (127,), (127, 10), (10,)], 'train_accuracy': 0.9216, 'test_accuracy': 0.9216}} 
09-30 04:47 DEBUG    ****** PDM_KL matching ******** 
09-30 04:47 DEBUG    Best Sigma0: 10. Best sigma: 0.5 Best gamma: 10. Best Test accuracy: 0.7282. Train acc: 0.7268333333333333. 

09-30 04:47 DEBUG    PDM_KL log: {(10, 0.5, 10): {'shapes': [(784, 604), (604,), (604, 136), (136,), (136, 136), (136,), (136, 127), (127,), (127, 10), (10,)], 'train_accuracy': 0.7268333333333333, 'test_accuracy': 0.7282}} 
09-30 04:48 DEBUG    ****** PDM_KL matching ******** 
09-30 04:48 DEBUG    Best Sigma0: 10. Best sigma: 0.5 Best gamma: 10. Best Test accuracy: 0.0974. Train acc: 0.09751666666666667. 

09-30 04:48 DEBUG    PDM_KL log: {(10, 0.5, 10): {'shapes': [(784, 100), (100,), (100, 100), (100,), (100, 109), (109,), (109, 118), (118,), (118, 10), (10,)], 'train_accuracy': 0.09751666666666667, 'test_accuracy': 0.0974}} 
09-30 04:49 DEBUG    ****** PDM_KL matching ******** 
09-30 04:49 DEBUG    Best Sigma0: 10. Best sigma: 0.5 Best gamma: 10. Best Test accuracy: 0.0974. Train acc: 0.09751666666666667. 

09-30 04:49 DEBUG    PDM_KL log: {(10, 0.5, 10): {'shapes': [(784, 100), (100,), (100, 100), (100,), (100, 100), (100,), (100, 118), (118,), (118, 10), (10,)], 'train_accuracy': 0.09751666666666667, 'test_accuracy': 0.0974}} 
09-30 04:50 DEBUG    ****** PDM_KL matching ******** 
09-30 04:50 DEBUG    Best Sigma0: 10. Best sigma: 0.5 Best gamma: 10. Best Test accuracy: 0.0974. Train acc: 0.09751666666666667. 

09-30 04:50 DEBUG    PDM_KL log: {(10, 0.5, 10): {'shapes': [(784, 100), (100,), (100, 100), (100,), (100, 100), (100,), (100, 109), (109,), (109, 10), (10,)], 'train_accuracy': 0.09751666666666667, 'test_accuracy': 0.0974}} 
09-30 04:50 DEBUG    Trial 0 completed
09-30 04:50 DEBUG    ####################################################################################################
09-30 04:50 DEBUG    ####################################################################################################
09-30 04:50 DEBUG    Executing Trial 1 with seed 1
09-30 04:50 DEBUG    Data statistics: {0: {0: 557, 1: 696, 2: 602, 3: 636, 4: 575, 5: 546, 6: 627, 7: 624, 8: 576, 9: 561}, 1: {0: 601, 1: 677, 2: 592, 3: 601, 4: 582, 5: 564, 6: 560, 7: 641, 8: 596, 9: 586}, 2: {0: 591, 1: 660, 2: 607, 3: 619, 4: 583, 5: 604, 6: 584, 7: 609, 8: 571, 9: 572}, 3: {0: 623, 1: 679, 2: 587, 3: 602, 4: 589, 5: 560, 6: 607, 7: 599, 8: 574, 9: 580}, 4: {0: 590, 1: 642, 2: 599, 3: 608, 4: 583, 5: 509, 6: 602, 7: 625, 8: 610, 9: 632}, 5: {0: 583, 1: 694, 2: 623, 3: 653, 4: 590, 5: 491, 6: 584, 7: 637, 8: 556, 9: 589}, 6: {0: 602, 1: 679, 2: 644, 3: 599, 4: 566, 5: 530, 6: 564, 7: 609, 8: 624, 9: 583}, 7: {0: 573, 1: 639, 2: 569, 3: 580, 4: 608, 5: 541, 6: 602, 7: 653, 8: 589, 9: 646}, 8: {0: 622, 1: 669, 2: 567, 3: 612, 4: 597, 5: 553, 6: 579, 7: 635, 8: 578, 9: 588}, 9: {0: 581, 1: 707, 2: 568, 3: 621, 4: 569, 5: 523, 6: 609, 7: 633, 8: 577, 9: 612}}
09-30 04:51 DEBUG    **************************************************
09-30 04:51 DEBUG    Running experiments 

09-30 05:00 DEBUG    ****** PDM_KL matching ******** 
09-30 05:00 DEBUG    Best Sigma0: 10. Best sigma: 0.5 Best gamma: 10. Best Test accuracy: 0.9468. Train acc: 0.9513333333333334. 

09-30 05:00 DEBUG    PDM_KL log: {(10, 0.5, 10): {'shapes': [(784, 838), (838,), (838, 590), (590,), (590, 329), (329,), (329, 127), (127,), (127, 10), (10,)], 'train_accuracy': 0.9513333333333334, 'test_accuracy': 0.9468}} 
09-30 05:21 DEBUG    ****** PDM_KL matching ******** 
09-30 05:21 DEBUG    Best Sigma0: 10. Best sigma: 0.5 Best gamma: 10. Best Test accuracy: 0.9448. Train acc: 0.9475. 

09-30 05:21 DEBUG    PDM_KL log: {(10, 0.5, 10): {'shapes': [(784, 838), (838,), (838, 608), (608,), (608, 332), (332,), (332, 127), (127,), (127, 10), (10,)], 'train_accuracy': 0.9475, 'test_accuracy': 0.9448}} 
09-30 05:43 DEBUG    ****** PDM_KL matching ******** 
09-30 05:43 DEBUG    Best Sigma0: 10. Best sigma: 0.5 Best gamma: 10. Best Test accuracy: 0.9517. Train acc: 0.9531. 

09-30 05:43 DEBUG    PDM_KL log: {(10, 0.5, 10): {'shapes': [(784, 838), (838,), (838, 594), (594,), (594, 324), (324,), (324, 127), (127,), (127, 10), (10,)], 'train_accuracy': 0.9531, 'test_accuracy': 0.9517}} 
09-30 06:04 DEBUG    ****** PDM_KL matching ******** 
09-30 06:04 DEBUG    Best Sigma0: 10. Best sigma: 0.5 Best gamma: 10. Best Test accuracy: 0.9557. Train acc: 0.95805. 

09-30 06:04 DEBUG    PDM_KL log: {(10, 0.5, 10): {'shapes': [(784, 838), (838,), (838, 610), (610,), (610, 336), (336,), (336, 127), (127,), (127, 10), (10,)], 'train_accuracy': 0.95805, 'test_accuracy': 0.9557}} 
09-30 06:24 DEBUG    ****** PDM_KL matching ******** 
09-30 06:24 DEBUG    Best Sigma0: 10. Best sigma: 0.5 Best gamma: 10. Best Test accuracy: 0.8704. Train acc: 0.8714. 

09-30 06:24 DEBUG    PDM_KL log: {(10, 0.5, 10): {'shapes': [(784, 829), (829,), (829, 582), (582,), (582, 321), (321,), (321, 127), (127,), (127, 10), (10,)], 'train_accuracy': 0.8714, 'test_accuracy': 0.8704}} 
09-30 06:43 DEBUG    ****** PDM_KL matching ******** 
09-30 06:43 DEBUG    Best Sigma0: 10. Best sigma: 0.5 Best gamma: 10. Best Test accuracy: 0.9275. Train acc: 0.9289. 

09-30 06:43 DEBUG    PDM_KL log: {(10, 0.5, 10): {'shapes': [(784, 815), (815,), (815, 528), (528,), (528, 304), (304,), (304, 127), (127,), (127, 10), (10,)], 'train_accuracy': 0.9289, 'test_accuracy': 0.9275}} 
09-30 06:57 DEBUG    ****** PDM_KL matching ******** 
09-30 06:57 DEBUG    Best Sigma0: 10. Best sigma: 0.5 Best gamma: 10. Best Test accuracy: 0.8911. Train acc: 0.8875333333333333. 

09-30 06:57 DEBUG    PDM_KL log: {(10, 0.5, 10): {'shapes': [(784, 756), (756,), (756, 288), (288,), (288, 208), (208,), (208, 127), (127,), (127, 10), (10,)], 'train_accuracy': 0.8875333333333333, 'test_accuracy': 0.8911}} 
09-30 07:08 DEBUG    ****** PDM_KL matching ******** 
09-30 07:08 DEBUG    Best Sigma0: 10. Best sigma: 0.5 Best gamma: 10. Best Test accuracy: 0.5107. Train acc: 0.51085. 

09-30 07:08 DEBUG    PDM_KL log: {(10, 0.5, 10): {'shapes': [(784, 577), (577,), (577, 136), (136,), (136, 136), (136,), (136, 127), (127,), (127, 10), (10,)], 'train_accuracy': 0.51085, 'test_accuracy': 0.5107}} 
09-30 07:09 DEBUG    ****** PDM_KL matching ******** 
09-30 07:09 DEBUG    Best Sigma0: 10. Best sigma: 0.5 Best gamma: 10. Best Test accuracy: 0.0974. Train acc: 0.09751666666666667. 

09-30 07:09 DEBUG    PDM_KL log: {(10, 0.5, 10): {'shapes': [(784, 100), (100,), (100, 109), (109,), (109, 109), (109,), (109, 118), (118,), (118, 10), (10,)], 'train_accuracy': 0.09751666666666667, 'test_accuracy': 0.0974}} 
09-30 07:10 DEBUG    ****** PDM_KL matching ******** 
09-30 07:10 DEBUG    Best Sigma0: 10. Best sigma: 0.5 Best gamma: 10. Best Test accuracy: 0.0974. Train acc: 0.09751666666666667. 

09-30 07:10 DEBUG    PDM_KL log: {(10, 0.5, 10): {'shapes': [(784, 100), (100,), (100, 100), (100,), (100, 100), (100,), (100, 118), (118,), (118, 10), (10,)], 'train_accuracy': 0.09751666666666667, 'test_accuracy': 0.0974}} 
09-30 07:11 DEBUG    ****** PDM_KL matching ******** 
09-30 07:11 DEBUG    Best Sigma0: 10. Best sigma: 0.5 Best gamma: 10. Best Test accuracy: 0.0974. Train acc: 0.09751666666666667. 

09-30 07:11 DEBUG    PDM_KL log: {(10, 0.5, 10): {'shapes': [(784, 100), (100,), (100, 100), (100,), (100, 100), (100,), (100, 109), (109,), (109, 10), (10,)], 'train_accuracy': 0.09751666666666667, 'test_accuracy': 0.0974}} 
09-30 07:11 DEBUG    Trial 1 completed
09-30 07:11 DEBUG    ####################################################################################################
09-30 07:11 DEBUG    ####################################################################################################
09-30 07:11 DEBUG    Executing Trial 2 with seed 2
09-30 07:11 DEBUG    Data statistics: {0: {0: 613, 1: 691, 2: 569, 3: 611, 4: 600, 5: 562, 6: 585, 7: 610, 8: 590, 9: 569}, 1: {0: 570, 1: 663, 2: 625, 3: 641, 4: 617, 5: 521, 6: 584, 7: 610, 8: 576, 9: 593}, 2: {0: 595, 1: 669, 2: 620, 3: 637, 4: 572, 5: 563, 6: 606, 7: 618, 8: 547, 9: 573}, 3: {0: 572, 1: 675, 2: 577, 3: 575, 4: 587, 5: 546, 6: 611, 7: 637, 8: 606, 9: 614}, 4: {0: 569, 1: 623, 2: 612, 3: 646, 4: 593, 5: 550, 6: 617, 7: 608, 8: 584, 9: 598}, 5: {0: 587, 1: 695, 2: 601, 3: 613, 4: 563, 5: 546, 6: 576, 7: 657, 8: 593, 9: 569}, 6: {0: 618, 1: 690, 2: 608, 3: 559, 4: 573, 5: 541, 6: 572, 7: 633, 8: 590, 9: 616}, 7: {0: 611, 1: 691, 2: 579, 3: 637, 4: 587, 5: 530, 6: 551, 7: 660, 8: 555, 9: 599}, 8: {0: 640, 1: 672, 2: 587, 3: 574, 4: 581, 5: 525, 6: 595, 7: 632, 8: 580, 9: 614}, 9: {0: 548, 1: 673, 2: 580, 3: 638, 4: 569, 5: 537, 6: 621, 7: 600, 8: 630, 9: 604}}
09-30 07:12 DEBUG    **************************************************
09-30 07:12 DEBUG    Running experiments 

09-30 07:20 DEBUG    ****** PDM_KL matching ******** 
09-30 07:20 DEBUG    Best Sigma0: 10. Best sigma: 0.5 Best gamma: 10. Best Test accuracy: 0.9514. Train acc: 0.9544333333333334. 

09-30 07:20 DEBUG    PDM_KL log: {(10, 0.5, 10): {'shapes': [(784, 865), (865,), (865, 558), (558,), (558, 315), (315,), (315, 127), (127,), (127, 10), (10,)], 'train_accuracy': 0.9544333333333334, 'test_accuracy': 0.9514}} 
09-30 07:41 DEBUG    ****** PDM_KL matching ******** 
09-30 07:41 DEBUG    Best Sigma0: 10. Best sigma: 0.5 Best gamma: 10. Best Test accuracy: 0.9491. Train acc: 0.95295. 

09-30 07:41 DEBUG    PDM_KL log: {(10, 0.5, 10): {'shapes': [(784, 865), (865,), (865, 580), (580,), (580, 319), (319,), (319, 127), (127,), (127, 10), (10,)], 'train_accuracy': 0.95295, 'test_accuracy': 0.9491}} 
09-30 08:02 DEBUG    ****** PDM_KL matching ******** 
09-30 08:02 DEBUG    Best Sigma0: 10. Best sigma: 0.5 Best gamma: 10. Best Test accuracy: 0.9491. Train acc: 0.9494666666666667. 

09-30 08:02 DEBUG    PDM_KL log: {(10, 0.5, 10): {'shapes': [(784, 864), (864,), (864, 565), (565,), (565, 314), (314,), (314, 127), (127,), (127, 10), (10,)], 'train_accuracy': 0.9494666666666667, 'test_accuracy': 0.9491}} 
09-30 08:23 DEBUG    ****** PDM_KL matching ******** 
09-30 08:23 DEBUG    Best Sigma0: 10. Best sigma: 0.5 Best gamma: 10. Best Test accuracy: 0.9348. Train acc: 0.9396666666666667. 

09-30 08:23 DEBUG    PDM_KL log: {(10, 0.5, 10): {'shapes': [(784, 857), (857,), (857, 556), (556,), (556, 313), (313,), (313, 127), (127,), (127, 10), (10,)], 'train_accuracy': 0.9396666666666667, 'test_accuracy': 0.9348}} 
09-30 08:44 DEBUG    ****** PDM_KL matching ******** 
09-30 08:44 DEBUG    Best Sigma0: 10. Best sigma: 0.5 Best gamma: 10. Best Test accuracy: 0.9433. Train acc: 0.9474333333333333. 

09-30 08:44 DEBUG    PDM_KL log: {(10, 0.5, 10): {'shapes': [(784, 857), (857,), (857, 549), (549,), (549, 309), (309,), (309, 127), (127,), (127, 10), (10,)], 'train_accuracy': 0.9474333333333333, 'test_accuracy': 0.9433}} 
09-30 09:04 DEBUG    ****** PDM_KL matching ******** 
09-30 09:04 DEBUG    Best Sigma0: 10. Best sigma: 0.5 Best gamma: 10. Best Test accuracy: 0.8801. Train acc: 0.8863666666666666. 

09-30 09:04 DEBUG    PDM_KL log: {(10, 0.5, 10): {'shapes': [(784, 842), (842,), (842, 522), (522,), (522, 295), (295,), (295, 127), (127,), (127, 10), (10,)], 'train_accuracy': 0.8863666666666666, 'test_accuracy': 0.8801}} 
09-30 09:19 DEBUG    ****** PDM_KL matching ******** 
09-30 09:19 DEBUG    Best Sigma0: 10. Best sigma: 0.5 Best gamma: 10. Best Test accuracy: 0.8467. Train acc: 0.8511833333333333. 

09-30 09:19 DEBUG    PDM_KL log: {(10, 0.5, 10): {'shapes': [(784, 782), (782,), (782, 298), (298,), (298, 199), (199,), (199, 118), (118,), (118, 10), (10,)], 'train_accuracy': 0.8511833333333333, 'test_accuracy': 0.8467}} 
09-30 09:27 DEBUG    ****** PDM_KL matching ******** 
09-30 09:27 DEBUG    Best Sigma0: 10. Best sigma: 0.5 Best gamma: 10. Best Test accuracy: 0.7293. Train acc: 0.72665. 

09-30 09:27 DEBUG    PDM_KL log: {(10, 0.5, 10): {'shapes': [(784, 532), (532,), (532, 136), (136,), (136, 136), (136,), (136, 127), (127,), (127, 10), (10,)], 'train_accuracy': 0.72665, 'test_accuracy': 0.7293}} 
09-30 09:28 DEBUG    ****** PDM_KL matching ******** 
09-30 09:28 DEBUG    Best Sigma0: 10. Best sigma: 0.5 Best gamma: 10. Best Test accuracy: 0.0974. Train acc: 0.09751666666666667. 

09-30 09:28 DEBUG    PDM_KL log: {(10, 0.5, 10): {'shapes': [(784, 100), (100,), (100, 109), (109,), (109, 109), (109,), (109, 118), (118,), (118, 10), (10,)], 'train_accuracy': 0.09751666666666667, 'test_accuracy': 0.0974}} 
09-30 09:30 DEBUG    ****** PDM_KL matching ******** 
09-30 09:30 DEBUG    Best Sigma0: 10. Best sigma: 0.5 Best gamma: 10. Best Test accuracy: 0.0974. Train acc: 0.09751666666666667. 

09-30 09:30 DEBUG    PDM_KL log: {(10, 0.5, 10): {'shapes': [(784, 100), (100,), (100, 100), (100,), (100, 100), (100,), (100, 118), (118,), (118, 10), (10,)], 'train_accuracy': 0.09751666666666667, 'test_accuracy': 0.0974}} 
09-30 09:31 DEBUG    ****** PDM_KL matching ******** 
09-30 09:31 DEBUG    Best Sigma0: 10. Best sigma: 0.5 Best gamma: 10. Best Test accuracy: 0.0974. Train acc: 0.09751666666666667. 

09-30 09:31 DEBUG    PDM_KL log: {(10, 0.5, 10): {'shapes': [(784, 100), (100,), (100, 100), (100,), (100, 100), (100,), (100, 109), (109,), (109, 10), (10,)], 'train_accuracy': 0.09751666666666667, 'test_accuracy': 0.0974}} 
09-30 09:31 DEBUG    Trial 2 completed
09-30 09:31 DEBUG    ####################################################################################################
09-30 09:31 DEBUG    ####################################################################################################
09-30 09:31 DEBUG    Executing Trial 3 with seed 3
09-30 09:31 DEBUG    Data statistics: {0: {0: 578, 1: 726, 2: 611, 3: 606, 4: 571, 5: 535, 6: 562, 7: 646, 8: 594, 9: 571}, 1: {0: 600, 1: 656, 2: 590, 3: 593, 4: 586, 5: 569, 6: 596, 7: 639, 8: 573, 9: 598}, 2: {0: 557, 1: 671, 2: 594, 3: 628, 4: 595, 5: 530, 6: 564, 7: 644, 8: 612, 9: 605}, 3: {0: 574, 1: 669, 2: 615, 3: 645, 4: 595, 5: 523, 6: 579, 7: 577, 8: 600, 9: 623}, 4: {0: 574, 1: 677, 2: 571, 3: 636, 4: 600, 5: 539, 6: 608, 7: 623, 8: 579, 9: 593}, 5: {0: 585, 1: 682, 2: 619, 3: 631, 4: 587, 5: 524, 6: 591, 7: 599, 8: 553, 9: 629}, 6: {0: 626, 1: 693, 2: 582, 3: 595, 4: 568, 5: 563, 6: 605, 7: 618, 8: 588, 9: 562}, 7: {0: 613, 1: 663, 2: 592, 3: 590, 4: 550, 5: 521, 6: 600, 7: 660, 8: 615, 9: 596}, 8: {0: 624, 1: 689, 2: 589, 3: 620, 4: 567, 5: 570, 6: 575, 7: 618, 8: 563, 9: 585}, 9: {0: 592, 1: 616, 2: 595, 3: 587, 4: 623, 5: 547, 6: 638, 7: 641, 8: 574, 9: 587}}
09-30 09:31 DEBUG    **************************************************
09-30 09:31 DEBUG    Running experiments 

09-30 09:40 DEBUG    ****** PDM_KL matching ******** 
09-30 09:40 DEBUG    Best Sigma0: 10. Best sigma: 0.5 Best gamma: 10. Best Test accuracy: 0.9516. Train acc: 0.9532666666666667. 

09-30 09:40 DEBUG    PDM_KL log: {(10, 0.5, 10): {'shapes': [(784, 854), (854,), (854, 582), (582,), (582, 321), (321,), (321, 127), (127,), (127, 10), (10,)], 'train_accuracy': 0.9532666666666667, 'test_accuracy': 0.9516}} 
09-30 10:00 DEBUG    ****** PDM_KL matching ******** 
09-30 10:00 DEBUG    Best Sigma0: 10. Best sigma: 0.5 Best gamma: 10. Best Test accuracy: 0.9492. Train acc: 0.9527. 

09-30 10:00 DEBUG    PDM_KL log: {(10, 0.5, 10): {'shapes': [(784, 855), (855,), (855, 574), (574,), (574, 316), (316,), (316, 127), (127,), (127, 10), (10,)], 'train_accuracy': 0.9527, 'test_accuracy': 0.9492}} 
09-30 10:21 DEBUG    ****** PDM_KL matching ******** 
09-30 10:21 DEBUG    Best Sigma0: 10. Best sigma: 0.5 Best gamma: 10. Best Test accuracy: 0.9525. Train acc: 0.9543166666666667. 

09-30 10:21 DEBUG    PDM_KL log: {(10, 0.5, 10): {'shapes': [(784, 855), (855,), (855, 575), (575,), (575, 324), (324,), (324, 127), (127,), (127, 10), (10,)], 'train_accuracy': 0.9543166666666667, 'test_accuracy': 0.9525}} 
09-30 10:43 DEBUG    ****** PDM_KL matching ******** 
09-30 10:43 DEBUG    Best Sigma0: 10. Best sigma: 0.5 Best gamma: 10. Best Test accuracy: 0.9516. Train acc: 0.9540166666666666. 

09-30 10:43 DEBUG    PDM_KL log: {(10, 0.5, 10): {'shapes': [(784, 850), (850,), (850, 564), (564,), (564, 320), (320,), (320, 127), (127,), (127, 10), (10,)], 'train_accuracy': 0.9540166666666666, 'test_accuracy': 0.9516}} 
09-30 11:03 DEBUG    ****** PDM_KL matching ******** 
09-30 11:03 DEBUG    Best Sigma0: 10. Best sigma: 0.5 Best gamma: 10. Best Test accuracy: 0.948. Train acc: 0.9501666666666667. 

09-30 11:03 DEBUG    PDM_KL log: {(10, 0.5, 10): {'shapes': [(784, 849), (849,), (849, 533), (533,), (533, 305), (305,), (305, 127), (127,), (127, 10), (10,)], 'train_accuracy': 0.9501666666666667, 'test_accuracy': 0.948}} 
09-30 11:23 DEBUG    ****** PDM_KL matching ******** 
09-30 11:23 DEBUG    Best Sigma0: 10. Best sigma: 0.5 Best gamma: 10. Best Test accuracy: 0.9326. Train acc: 0.9368333333333333. 

09-30 11:23 DEBUG    PDM_KL log: {(10, 0.5, 10): {'shapes': [(784, 835), (835,), (835, 504), (504,), (504, 289), (289,), (289, 127), (127,), (127, 10), (10,)], 'train_accuracy': 0.9368333333333333, 'test_accuracy': 0.9326}} 
09-30 11:39 DEBUG    ****** PDM_KL matching ******** 
09-30 11:39 DEBUG    Best Sigma0: 10. Best sigma: 0.5 Best gamma: 10. Best Test accuracy: 0.9137. Train acc: 0.9104166666666667. 

09-30 11:39 DEBUG    PDM_KL log: {(10, 0.5, 10): {'shapes': [(784, 781), (781,), (781, 286), (286,), (286, 206), (206,), (206, 127), (127,), (127, 10), (10,)], 'train_accuracy': 0.9104166666666667, 'test_accuracy': 0.9137}} 
09-30 11:49 DEBUG    ****** PDM_KL matching ******** 
09-30 11:49 DEBUG    Best Sigma0: 10. Best sigma: 0.5 Best gamma: 10. Best Test accuracy: 0.813. Train acc: 0.8030333333333334. 

09-30 11:49 DEBUG    PDM_KL log: {(10, 0.5, 10): {'shapes': [(784, 586), (586,), (586, 136), (136,), (136, 136), (136,), (136, 127), (127,), (127, 10), (10,)], 'train_accuracy': 0.8030333333333334, 'test_accuracy': 0.813}} 
09-30 11:50 DEBUG    ****** PDM_KL matching ******** 
09-30 11:50 DEBUG    Best Sigma0: 10. Best sigma: 0.5 Best gamma: 10. Best Test accuracy: 0.0974. Train acc: 0.09751666666666667. 

09-30 11:50 DEBUG    PDM_KL log: {(10, 0.5, 10): {'shapes': [(784, 100), (100,), (100, 109), (109,), (109, 109), (109,), (109, 118), (118,), (118, 10), (10,)], 'train_accuracy': 0.09751666666666667, 'test_accuracy': 0.0974}} 
09-30 11:51 DEBUG    ****** PDM_KL matching ******** 
09-30 11:51 DEBUG    Best Sigma0: 10. Best sigma: 0.5 Best gamma: 10. Best Test accuracy: 0.0974. Train acc: 0.09751666666666667. 

09-30 11:51 DEBUG    PDM_KL log: {(10, 0.5, 10): {'shapes': [(784, 100), (100,), (100, 100), (100,), (100, 100), (100,), (100, 118), (118,), (118, 10), (10,)], 'train_accuracy': 0.09751666666666667, 'test_accuracy': 0.0974}} 
09-30 11:52 DEBUG    ****** PDM_KL matching ******** 
09-30 11:52 DEBUG    Best Sigma0: 10. Best sigma: 0.5 Best gamma: 10. Best Test accuracy: 0.0974. Train acc: 0.09751666666666667. 

09-30 11:52 DEBUG    PDM_KL log: {(10, 0.5, 10): {'shapes': [(784, 100), (100,), (100, 100), (100,), (100, 100), (100,), (100, 109), (109,), (109, 10), (10,)], 'train_accuracy': 0.09751666666666667, 'test_accuracy': 0.0974}} 
09-30 11:52 DEBUG    Trial 3 completed
09-30 11:52 DEBUG    ####################################################################################################
09-30 11:52 DEBUG    ####################################################################################################
09-30 11:52 DEBUG    Executing Trial 4 with seed 4
09-30 11:52 DEBUG    Data statistics: {0: {0: 580, 1: 694, 2: 624, 3: 614, 4: 560, 5: 523, 6: 605, 7: 625, 8: 581, 9: 594}, 1: {0: 617, 1: 648, 2: 621, 3: 611, 4: 566, 5: 565, 6: 567, 7: 655, 8: 587, 9: 563}, 2: {0: 557, 1: 697, 2: 599, 3: 597, 4: 588, 5: 541, 6: 602, 7: 606, 8: 620, 9: 593}, 3: {0: 594, 1: 659, 2: 550, 3: 623, 4: 626, 5: 545, 6: 592, 7: 603, 8: 560, 9: 648}, 4: {0: 579, 1: 706, 2: 598, 3: 652, 4: 580, 5: 547, 6: 641, 7: 616, 8: 507, 9: 574}, 5: {0: 631, 1: 658, 2: 584, 3: 617, 4: 603, 5: 526, 6: 583, 7: 609, 8: 604, 9: 585}, 6: {0: 576, 1: 686, 2: 595, 3: 601, 4: 573, 5: 535, 6: 589, 7: 678, 8: 559, 9: 608}, 7: {0: 614, 1: 663, 2: 624, 3: 600, 4: 587, 5: 528, 6: 574, 7: 610, 8: 636, 9: 564}, 8: {0: 577, 1: 690, 2: 601, 3: 589, 4: 581, 5: 550, 6: 549, 7: 641, 8: 593, 9: 629}, 9: {0: 598, 1: 641, 2: 562, 3: 627, 4: 578, 5: 561, 6: 616, 7: 622, 8: 604, 9: 591}}
09-30 11:53 DEBUG    **************************************************
09-30 11:53 DEBUG    Running experiments 

09-30 12:02 DEBUG    ****** PDM_KL matching ******** 
09-30 12:02 DEBUG    Best Sigma0: 10. Best sigma: 0.5 Best gamma: 10. Best Test accuracy: 0.9432. Train acc: 0.93975. 

09-30 12:02 DEBUG    PDM_KL log: {(10, 0.5, 10): {'shapes': [(784, 848), (848,), (848, 557), (557,), (557, 305), (305,), (305, 127), (127,), (127, 10), (10,)], 'train_accuracy': 0.93975, 'test_accuracy': 0.9432}} 
09-30 12:23 DEBUG    ****** PDM_KL matching ******** 
09-30 12:23 DEBUG    Best Sigma0: 10. Best sigma: 0.5 Best gamma: 10. Best Test accuracy: 0.95. Train acc: 0.9503. 

09-30 12:23 DEBUG    PDM_KL log: {(10, 0.5, 10): {'shapes': [(784, 848), (848,), (848, 566), (566,), (566, 305), (305,), (305, 127), (127,), (127, 10), (10,)], 'train_accuracy': 0.9503, 'test_accuracy': 0.95}} 
09-30 12:42 DEBUG    ****** PDM_KL matching ******** 
09-30 12:42 DEBUG    Best Sigma0: 10. Best sigma: 0.5 Best gamma: 10. Best Test accuracy: 0.9461. Train acc: 0.9468166666666666. 

09-30 12:42 DEBUG    PDM_KL log: {(10, 0.5, 10): {'shapes': [(784, 848), (848,), (848, 559), (559,), (559, 306), (306,), (306, 127), (127,), (127, 10), (10,)], 'train_accuracy': 0.9468166666666666, 'test_accuracy': 0.9461}} 
09-30 13:04 DEBUG    ****** PDM_KL matching ******** 
09-30 13:04 DEBUG    Best Sigma0: 10. Best sigma: 0.5 Best gamma: 10. Best Test accuracy: 0.955. Train acc: 0.95305. 

09-30 13:04 DEBUG    PDM_KL log: {(10, 0.5, 10): {'shapes': [(784, 848), (848,), (848, 575), (575,), (575, 311), (311,), (311, 127), (127,), (127, 10), (10,)], 'train_accuracy': 0.95305, 'test_accuracy': 0.955}} 
09-30 13:22 DEBUG    ****** PDM_KL matching ******** 
09-30 13:22 DEBUG    Best Sigma0: 10. Best sigma: 0.5 Best gamma: 10. Best Test accuracy: 0.9521. Train acc: 0.95245. 

09-30 13:22 DEBUG    PDM_KL log: {(10, 0.5, 10): {'shapes': [(784, 847), (847,), (847, 530), (530,), (530, 271), (271,), (271, 127), (127,), (127, 10), (10,)], 'train_accuracy': 0.95245, 'test_accuracy': 0.9521}} 
09-30 13:42 DEBUG    ****** PDM_KL matching ******** 
09-30 13:42 DEBUG    Best Sigma0: 10. Best sigma: 0.5 Best gamma: 10. Best Test accuracy: 0.9437. Train acc: 0.9458. 

09-30 13:42 DEBUG    PDM_KL log: {(10, 0.5, 10): {'shapes': [(784, 829), (829,), (829, 512), (512,), (512, 285), (285,), (285, 127), (127,), (127, 10), (10,)], 'train_accuracy': 0.9458, 'test_accuracy': 0.9437}} 
09-30 13:57 DEBUG    ****** PDM_KL matching ******** 
09-30 13:57 DEBUG    Best Sigma0: 10. Best sigma: 0.5 Best gamma: 10. Best Test accuracy: 0.9141. Train acc: 0.9138833333333334. 

09-30 13:57 DEBUG    PDM_KL log: {(10, 0.5, 10): {'shapes': [(784, 759), (759,), (759, 280), (280,), (280, 199), (199,), (199, 127), (127,), (127, 10), (10,)], 'train_accuracy': 0.9138833333333334, 'test_accuracy': 0.9141}} 
09-30 14:07 DEBUG    ****** PDM_KL matching ******** 
09-30 14:07 DEBUG    Best Sigma0: 10. Best sigma: 0.5 Best gamma: 10. Best Test accuracy: 0.8672. Train acc: 0.8636333333333334. 

09-30 14:07 DEBUG    PDM_KL log: {(10, 0.5, 10): {'shapes': [(784, 577), (577,), (577, 136), (136,), (136, 136), (136,), (136, 127), (127,), (127, 10), (10,)], 'train_accuracy': 0.8636333333333334, 'test_accuracy': 0.8672}} 
09-30 14:09 DEBUG    ****** PDM_KL matching ******** 
09-30 14:09 DEBUG    Best Sigma0: 10. Best sigma: 0.5 Best gamma: 10. Best Test accuracy: 0.0974. Train acc: 0.09751666666666667. 

09-30 14:09 DEBUG    PDM_KL log: {(10, 0.5, 10): {'shapes': [(784, 100), (100,), (100, 100), (100,), (100, 109), (109,), (109, 118), (118,), (118, 10), (10,)], 'train_accuracy': 0.09751666666666667, 'test_accuracy': 0.0974}} 
09-30 14:10 DEBUG    ****** PDM_KL matching ******** 
09-30 14:10 DEBUG    Best Sigma0: 10. Best sigma: 0.5 Best gamma: 10. Best Test accuracy: 0.0974. Train acc: 0.09751666666666667. 

09-30 14:10 DEBUG    PDM_KL log: {(10, 0.5, 10): {'shapes': [(784, 100), (100,), (100, 100), (100,), (100, 100), (100,), (100, 118), (118,), (118, 10), (10,)], 'train_accuracy': 0.09751666666666667, 'test_accuracy': 0.0974}} 
09-30 14:11 DEBUG    ****** PDM_KL matching ******** 
09-30 14:11 DEBUG    Best Sigma0: 10. Best sigma: 0.5 Best gamma: 10. Best Test accuracy: 0.0974. Train acc: 0.09751666666666667. 

09-30 14:11 DEBUG    PDM_KL log: {(10, 0.5, 10): {'shapes': [(784, 100), (100,), (100, 100), (100,), (100, 100), (100,), (100, 109), (109,), (109, 10), (10,)], 'train_accuracy': 0.09751666666666667, 'test_accuracy': 0.0974}} 
09-30 14:11 DEBUG    Trial 4 completed
09-30 14:11 DEBUG    ####################################################################################################
09-30 14:11 DEBUG    ####################################################################################################
09-30 14:11 DEBUG    Executing Trial 5 with seed 5
09-30 14:11 DEBUG    Data statistics: {0: {0: 565, 1: 648, 2: 579, 3: 636, 4: 604, 5: 509, 6: 611, 7: 660, 8: 602, 9: 586}, 1: {0: 633, 1: 675, 2: 592, 3: 613, 4: 571, 5: 505, 6: 594, 7: 640, 8: 580, 9: 597}, 2: {0: 603, 1: 699, 2: 564, 3: 589, 4: 573, 5: 546, 6: 576, 7: 621, 8: 593, 9: 636}, 3: {0: 626, 1: 652, 2: 608, 3: 607, 4: 574, 5: 563, 6: 581, 7: 634, 8: 552, 9: 603}, 4: {0: 579, 1: 684, 2: 592, 3: 631, 4: 561, 5: 548, 6: 565, 7: 626, 8: 637, 9: 577}, 5: {0: 579, 1: 672, 2: 616, 3: 629, 4: 575, 5: 552, 6: 588, 7: 647, 8: 559, 9: 583}, 6: {0: 579, 1: 664, 2: 607, 3: 607, 4: 628, 5: 580, 6: 564, 7: 592, 8: 565, 9: 614}, 7: {0: 572, 1: 678, 2: 612, 3: 616, 4: 591, 5: 535, 6: 626, 7: 624, 8: 557, 9: 589}, 8: {0: 603, 1: 683, 2: 591, 3: 628, 4: 582, 5: 559, 6: 610, 7: 611, 8: 571, 9: 562}, 9: {0: 584, 1: 687, 2: 597, 3: 575, 4: 583, 5: 524, 6: 603, 7: 610, 8: 635, 9: 602}}
09-30 14:11 DEBUG    **************************************************
09-30 14:11 DEBUG    Running experiments 

09-30 14:21 DEBUG    ****** PDM_KL matching ******** 
09-30 14:21 DEBUG    Best Sigma0: 10. Best sigma: 0.5 Best gamma: 10. Best Test accuracy: 0.8988. Train acc: 0.90055. 

09-30 14:21 DEBUG    PDM_KL log: {(10, 0.5, 10): {'shapes': [(784, 869), (869,), (869, 586), (586,), (586, 324), (324,), (324, 127), (127,), (127, 10), (10,)], 'train_accuracy': 0.90055, 'test_accuracy': 0.8988}} 
09-30 14:43 DEBUG    ****** PDM_KL matching ******** 
09-30 14:43 DEBUG    Best Sigma0: 10. Best sigma: 0.5 Best gamma: 10. Best Test accuracy: 0.9179. Train acc: 0.9156833333333333. 

09-30 14:43 DEBUG    PDM_KL log: {(10, 0.5, 10): {'shapes': [(784, 872), (872,), (872, 603), (603,), (603, 346), (346,), (346, 127), (127,), (127, 10), (10,)], 'train_accuracy': 0.9156833333333333, 'test_accuracy': 0.9179}} 
09-30 15:05 DEBUG    ****** PDM_KL matching ******** 
09-30 15:05 DEBUG    Best Sigma0: 10. Best sigma: 0.5 Best gamma: 10. Best Test accuracy: 0.9512. Train acc: 0.9522166666666667. 

09-30 15:05 DEBUG    PDM_KL log: {(10, 0.5, 10): {'shapes': [(784, 870), (870,), (870, 586), (586,), (586, 341), (341,), (341, 127), (127,), (127, 10), (10,)], 'train_accuracy': 0.9522166666666667, 'test_accuracy': 0.9512}} 
09-30 15:26 DEBUG    ****** PDM_KL matching ******** 
09-30 15:26 DEBUG    Best Sigma0: 10. Best sigma: 0.5 Best gamma: 10. Best Test accuracy: 0.9361. Train acc: 0.9371833333333334. 

09-30 15:26 DEBUG    PDM_KL log: {(10, 0.5, 10): {'shapes': [(784, 870), (870,), (870, 583), (583,), (583, 326), (326,), (326, 127), (127,), (127, 10), (10,)], 'train_accuracy': 0.9371833333333334, 'test_accuracy': 0.9361}} 
09-30 15:48 DEBUG    ****** PDM_KL matching ******** 
09-30 15:48 DEBUG    Best Sigma0: 10. Best sigma: 0.5 Best gamma: 10. Best Test accuracy: 0.9366. Train acc: 0.9397333333333333. 

09-30 15:48 DEBUG    PDM_KL log: {(10, 0.5, 10): {'shapes': [(784, 860), (860,), (860, 569), (569,), (569, 311), (311,), (311, 127), (127,), (127, 10), (10,)], 'train_accuracy': 0.9397333333333333, 'test_accuracy': 0.9366}} 
09-30 16:07 DEBUG    ****** PDM_KL matching ******** 
09-30 16:07 DEBUG    Best Sigma0: 10. Best sigma: 0.5 Best gamma: 10. Best Test accuracy: 0.8828. Train acc: 0.8820333333333333. 

09-30 16:07 DEBUG    PDM_KL log: {(10, 0.5, 10): {'shapes': [(784, 855), (855,), (855, 535), (535,), (535, 286), (286,), (286, 127), (127,), (127, 10), (10,)], 'train_accuracy': 0.8820333333333333, 'test_accuracy': 0.8828}} 
09-30 16:24 DEBUG    ****** PDM_KL matching ******** 
09-30 16:24 DEBUG    Best Sigma0: 10. Best sigma: 0.5 Best gamma: 10. Best Test accuracy: 0.7996. Train acc: 0.8017833333333333. 

09-30 16:24 DEBUG    PDM_KL log: {(10, 0.5, 10): {'shapes': [(784, 809), (809,), (809, 303), (303,), (303, 199), (199,), (199, 127), (127,), (127, 10), (10,)], 'train_accuracy': 0.8017833333333333, 'test_accuracy': 0.7996}} 
09-30 16:34 DEBUG    ****** PDM_KL matching ******** 
09-30 16:34 DEBUG    Best Sigma0: 10. Best sigma: 0.5 Best gamma: 10. Best Test accuracy: 0.6517. Train acc: 0.6532333333333333. 

09-30 16:34 DEBUG    PDM_KL log: {(10, 0.5, 10): {'shapes': [(784, 586), (586,), (586, 136), (136,), (136, 136), (136,), (136, 127), (127,), (127, 10), (10,)], 'train_accuracy': 0.6532333333333333, 'test_accuracy': 0.6517}} 
09-30 16:35 DEBUG    ****** PDM_KL matching ******** 
09-30 16:35 DEBUG    Best Sigma0: 10. Best sigma: 0.5 Best gamma: 10. Best Test accuracy: 0.0974. Train acc: 0.09751666666666667. 

09-30 16:35 DEBUG    PDM_KL log: {(10, 0.5, 10): {'shapes': [(784, 100), (100,), (100, 100), (100,), (100, 109), (109,), (109, 118), (118,), (118, 10), (10,)], 'train_accuracy': 0.09751666666666667, 'test_accuracy': 0.0974}} 
09-30 16:36 DEBUG    ****** PDM_KL matching ******** 
09-30 16:36 DEBUG    Best Sigma0: 10. Best sigma: 0.5 Best gamma: 10. Best Test accuracy: 0.0974. Train acc: 0.09751666666666667. 

09-30 16:36 DEBUG    PDM_KL log: {(10, 0.5, 10): {'shapes': [(784, 100), (100,), (100, 100), (100,), (100, 100), (100,), (100, 118), (118,), (118, 10), (10,)], 'train_accuracy': 0.09751666666666667, 'test_accuracy': 0.0974}} 
09-30 16:37 DEBUG    ****** PDM_KL matching ******** 
09-30 16:37 DEBUG    Best Sigma0: 10. Best sigma: 0.5 Best gamma: 10. Best Test accuracy: 0.0974. Train acc: 0.09751666666666667. 

09-30 16:37 DEBUG    PDM_KL log: {(10, 0.5, 10): {'shapes': [(784, 100), (100,), (100, 100), (100,), (100, 100), (100,), (100, 109), (109,), (109, 10), (10,)], 'train_accuracy': 0.09751666666666667, 'test_accuracy': 0.0974}} 
09-30 16:37 DEBUG    Trial 5 completed
09-30 16:37 DEBUG    ####################################################################################################
09-30 16:37 DEBUG    ####################################################################################################
09-30 16:37 DEBUG    Executing Trial 6 with seed 6
09-30 16:37 DEBUG    Data statistics: {0: {0: 590, 1: 661, 2: 587, 3: 624, 4: 613, 5: 542, 6: 623, 7: 604, 8: 557, 9: 599}, 1: {0: 561, 1: 716, 2: 606, 3: 636, 4: 568, 5: 547, 6: 552, 7: 633, 8: 614, 9: 567}, 2: {0: 606, 1: 716, 2: 582, 3: 615, 4: 579, 5: 513, 6: 583, 7: 607, 8: 571, 9: 628}, 3: {0: 589, 1: 664, 2: 553, 3: 609, 4: 561, 5: 570, 6: 620, 7: 636, 8: 604, 9: 594}, 4: {0: 592, 1: 682, 2: 656, 3: 604, 4: 573, 5: 521, 6: 594, 7: 634, 8: 569, 9: 575}, 5: {0: 572, 1: 693, 2: 589, 3: 661, 4: 560, 5: 546, 6: 572, 7: 638, 8: 589, 9: 580}, 6: {0: 626, 1: 663, 2: 593, 3: 573, 4: 615, 5: 560, 6: 604, 7: 597, 8: 566, 9: 603}, 7: {0: 617, 1: 650, 2: 594, 3: 583, 4: 591, 5: 500, 6: 617, 7: 657, 8: 579, 9: 612}, 8: {0: 578, 1: 643, 2: 592, 3: 629, 4: 581, 5: 554, 6: 571, 7: 653, 8: 588, 9: 611}, 9: {0: 592, 1: 654, 2: 606, 3: 597, 4: 601, 5: 568, 6: 582, 7: 606, 8: 614, 9: 580}}
09-30 16:38 DEBUG    **************************************************
09-30 16:38 DEBUG    Running experiments 

09-30 16:47 DEBUG    ****** PDM_KL matching ******** 
09-30 16:47 DEBUG    Best Sigma0: 10. Best sigma: 0.5 Best gamma: 10. Best Test accuracy: 0.9554. Train acc: 0.9586. 

09-30 16:47 DEBUG    PDM_KL log: {(10, 0.5, 10): {'shapes': [(784, 860), (860,), (860, 630), (630,), (630, 364), (364,), (364, 127), (127,), (127, 10), (10,)], 'train_accuracy': 0.9586, 'test_accuracy': 0.9554}} 
09-30 17:10 DEBUG    ****** PDM_KL matching ******** 
09-30 17:10 DEBUG    Best Sigma0: 10. Best sigma: 0.5 Best gamma: 10. Best Test accuracy: 0.9557. Train acc: 0.9583. 

09-30 17:10 DEBUG    PDM_KL log: {(10, 0.5, 10): {'shapes': [(784, 858), (858,), (858, 627), (627,), (627, 361), (361,), (361, 127), (127,), (127, 10), (10,)], 'train_accuracy': 0.9583, 'test_accuracy': 0.9557}} 
09-30 17:31 DEBUG    ****** PDM_KL matching ******** 
09-30 17:31 DEBUG    Best Sigma0: 10. Best sigma: 0.5 Best gamma: 10. Best Test accuracy: 0.954. Train acc: 0.95695. 

09-30 17:31 DEBUG    PDM_KL log: {(10, 0.5, 10): {'shapes': [(784, 858), (858,), (858, 619), (619,), (619, 350), (350,), (350, 127), (127,), (127, 10), (10,)], 'train_accuracy': 0.95695, 'test_accuracy': 0.954}} 
09-30 17:53 DEBUG    ****** PDM_KL matching ******** 
09-30 17:53 DEBUG    Best Sigma0: 10. Best sigma: 0.5 Best gamma: 10. Best Test accuracy: 0.9447. Train acc: 0.9452166666666667. 

09-30 17:53 DEBUG    PDM_KL log: {(10, 0.5, 10): {'shapes': [(784, 858), (858,), (858, 611), (611,), (611, 353), (353,), (353, 127), (127,), (127, 10), (10,)], 'train_accuracy': 0.9452166666666667, 'test_accuracy': 0.9447}} 
09-30 18:14 DEBUG    ****** PDM_KL matching ******** 
09-30 18:14 DEBUG    Best Sigma0: 10. Best sigma: 0.5 Best gamma: 10. Best Test accuracy: 0.9553. Train acc: 0.9583333333333334. 

09-30 18:14 DEBUG    PDM_KL log: {(10, 0.5, 10): {'shapes': [(784, 845), (845,), (845, 600), (600,), (600, 339), (339,), (339, 127), (127,), (127, 10), (10,)], 'train_accuracy': 0.9583333333333334, 'test_accuracy': 0.9553}} 
09-30 18:35 DEBUG    ****** PDM_KL matching ******** 
09-30 18:35 DEBUG    Best Sigma0: 10. Best sigma: 0.5 Best gamma: 10. Best Test accuracy: 0.953. Train acc: 0.9565833333333333. 

09-30 18:35 DEBUG    PDM_KL log: {(10, 0.5, 10): {'shapes': [(784, 833), (833,), (833, 575), (575,), (575, 328), (328,), (328, 125), (125,), (125, 10), (10,)], 'train_accuracy': 0.9565833333333333, 'test_accuracy': 0.953}} 
09-30 18:50 DEBUG    ****** PDM_KL matching ******** 
09-30 18:50 DEBUG    Best Sigma0: 10. Best sigma: 0.5 Best gamma: 10. Best Test accuracy: 0.9343. Train acc: 0.9380833333333334. 

09-30 18:50 DEBUG    PDM_KL log: {(10, 0.5, 10): {'shapes': [(784, 794), (794,), (794, 307), (307,), (307, 207), (207,), (207, 127), (127,), (127, 10), (10,)], 'train_accuracy': 0.9380833333333334, 'test_accuracy': 0.9343}} 
09-30 19:01 DEBUG    ****** PDM_KL matching ******** 
09-30 19:01 DEBUG    Best Sigma0: 10. Best sigma: 0.5 Best gamma: 10. Best Test accuracy: 0.5856. Train acc: 0.5808. 

09-30 19:01 DEBUG    PDM_KL log: {(10, 0.5, 10): {'shapes': [(784, 622), (622,), (622, 136), (136,), (136, 136), (136,), (136, 127), (127,), (127, 10), (10,)], 'train_accuracy': 0.5808, 'test_accuracy': 0.5856}} 
09-30 19:02 DEBUG    ****** PDM_KL matching ******** 
09-30 19:02 DEBUG    Best Sigma0: 10. Best sigma: 0.5 Best gamma: 10. Best Test accuracy: 0.0974. Train acc: 0.09751666666666667. 

09-30 19:02 DEBUG    PDM_KL log: {(10, 0.5, 10): {'shapes': [(784, 100), (100,), (100, 109), (109,), (109, 100), (100,), (100, 118), (118,), (118, 10), (10,)], 'train_accuracy': 0.09751666666666667, 'test_accuracy': 0.0974}} 
09-30 19:03 DEBUG    ****** PDM_KL matching ******** 
09-30 19:03 DEBUG    Best Sigma0: 10. Best sigma: 0.5 Best gamma: 10. Best Test accuracy: 0.0974. Train acc: 0.09751666666666667. 

09-30 19:03 DEBUG    PDM_KL log: {(10, 0.5, 10): {'shapes': [(784, 100), (100,), (100, 100), (100,), (100, 100), (100,), (100, 118), (118,), (118, 10), (10,)], 'train_accuracy': 0.09751666666666667, 'test_accuracy': 0.0974}} 
09-30 19:04 DEBUG    ****** PDM_KL matching ******** 
09-30 19:04 DEBUG    Best Sigma0: 10. Best sigma: 0.5 Best gamma: 10. Best Test accuracy: 0.0974. Train acc: 0.09751666666666667. 

09-30 19:04 DEBUG    PDM_KL log: {(10, 0.5, 10): {'shapes': [(784, 100), (100,), (100, 100), (100,), (100, 100), (100,), (100, 109), (109,), (109, 10), (10,)], 'train_accuracy': 0.09751666666666667, 'test_accuracy': 0.0974}} 
09-30 19:04 DEBUG    Trial 6 completed
09-30 19:04 DEBUG    ####################################################################################################
09-30 19:04 DEBUG    ####################################################################################################
09-30 19:04 DEBUG    Executing Trial 7 with seed 7
09-30 19:04 DEBUG    Data statistics: {0: {0: 554, 1: 669, 2: 572, 3: 681, 4: 598, 5: 558, 6: 636, 7: 619, 8: 562, 9: 551}, 1: {0: 590, 1: 674, 2: 557, 3: 563, 4: 600, 5: 553, 6: 565, 7: 674, 8: 639, 9: 585}, 2: {0: 605, 1: 703, 2: 584, 3: 644, 4: 578, 5: 529, 6: 563, 7: 606, 8: 577, 9: 611}, 3: {0: 581, 1: 680, 2: 615, 3: 621, 4: 560, 5: 588, 6: 616, 7: 604, 8: 523, 9: 612}, 4: {0: 623, 1: 671, 2: 621, 3: 623, 4: 589, 5: 521, 6: 604, 7: 610, 8: 560, 9: 578}, 5: {0: 571, 1: 610, 2: 573, 3: 626, 4: 602, 5: 557, 6: 561, 7: 678, 8: 604, 9: 618}, 6: {0: 552, 1: 679, 2: 615, 3: 613, 4: 559, 5: 514, 6: 599, 7: 643, 8: 606, 9: 620}, 7: {0: 620, 1: 710, 2: 621, 3: 598, 4: 568, 5: 520, 6: 575, 7: 612, 8: 597, 9: 579}, 8: {0: 625, 1: 671, 2: 596, 3: 560, 4: 620, 5: 530, 6: 646, 7: 593, 8: 558, 9: 601}, 9: {0: 602, 1: 675, 2: 604, 3: 602, 4: 568, 5: 551, 6: 553, 7: 626, 8: 625, 9: 594}}
09-30 19:04 DEBUG    **************************************************
09-30 19:04 DEBUG    Running experiments 

09-30 19:13 DEBUG    ****** PDM_KL matching ******** 
09-30 19:13 DEBUG    Best Sigma0: 10. Best sigma: 0.5 Best gamma: 10. Best Test accuracy: 0.9543. Train acc: 0.9568833333333333. 

09-30 19:13 DEBUG    PDM_KL log: {(10, 0.5, 10): {'shapes': [(784, 861), (861,), (861, 573), (573,), (573, 315), (315,), (315, 127), (127,), (127, 10), (10,)], 'train_accuracy': 0.9568833333333333, 'test_accuracy': 0.9543}} 
09-30 19:34 DEBUG    ****** PDM_KL matching ******** 
09-30 19:34 DEBUG    Best Sigma0: 10. Best sigma: 0.5 Best gamma: 10. Best Test accuracy: 0.9559. Train acc: 0.9583166666666667. 

09-30 19:34 DEBUG    PDM_KL log: {(10, 0.5, 10): {'shapes': [(784, 861), (861,), (861, 575), (575,), (575, 331), (331,), (331, 127), (127,), (127, 10), (10,)], 'train_accuracy': 0.9583166666666667, 'test_accuracy': 0.9559}} 
09-30 19:54 DEBUG    ****** PDM_KL matching ******** 
09-30 19:54 DEBUG    Best Sigma0: 10. Best sigma: 0.5 Best gamma: 10. Best Test accuracy: 0.9584. Train acc: 0.9604333333333334. 

09-30 19:54 DEBUG    PDM_KL log: {(10, 0.5, 10): {'shapes': [(784, 861), (861,), (861, 582), (582,), (582, 321), (321,), (321, 127), (127,), (127, 10), (10,)], 'train_accuracy': 0.9604333333333334, 'test_accuracy': 0.9584}} 
09-30 20:14 DEBUG    ****** PDM_KL matching ******** 
09-30 20:14 DEBUG    Best Sigma0: 10. Best sigma: 0.5 Best gamma: 10. Best Test accuracy: 0.9361. Train acc: 0.9369666666666666. 

09-30 20:14 DEBUG    PDM_KL log: {(10, 0.5, 10): {'shapes': [(784, 861), (861,), (861, 582), (582,), (582, 322), (322,), (322, 127), (127,), (127, 10), (10,)], 'train_accuracy': 0.9369666666666666, 'test_accuracy': 0.9361}} 
09-30 20:33 DEBUG    ****** PDM_KL matching ******** 
09-30 20:33 DEBUG    Best Sigma0: 10. Best sigma: 0.5 Best gamma: 10. Best Test accuracy: 0.9505. Train acc: 0.9507. 

09-30 20:33 DEBUG    PDM_KL log: {(10, 0.5, 10): {'shapes': [(784, 855), (855,), (855, 553), (553,), (553, 298), (298,), (298, 127), (127,), (127, 10), (10,)], 'train_accuracy': 0.9507, 'test_accuracy': 0.9505}} 
09-30 20:52 DEBUG    ****** PDM_KL matching ******** 
09-30 20:52 DEBUG    Best Sigma0: 10. Best sigma: 0.5 Best gamma: 10. Best Test accuracy: 0.9312. Train acc: 0.9398666666666666. 

09-30 20:52 DEBUG    PDM_KL log: {(10, 0.5, 10): {'shapes': [(784, 845), (845,), (845, 517), (517,), (517, 289), (289,), (289, 127), (127,), (127, 10), (10,)], 'train_accuracy': 0.9398666666666666, 'test_accuracy': 0.9312}} 
09-30 21:06 DEBUG    ****** PDM_KL matching ******** 
09-30 21:06 DEBUG    Best Sigma0: 10. Best sigma: 0.5 Best gamma: 10. Best Test accuracy: 0.9453. Train acc: 0.94865. 

09-30 21:06 DEBUG    PDM_KL log: {(10, 0.5, 10): {'shapes': [(784, 775), (775,), (775, 289), (289,), (289, 199), (199,), (199, 127), (127,), (127, 10), (10,)], 'train_accuracy': 0.94865, 'test_accuracy': 0.9453}} 
09-30 21:15 DEBUG    ****** PDM_KL matching ******** 
09-30 21:15 DEBUG    Best Sigma0: 10. Best sigma: 0.5 Best gamma: 10. Best Test accuracy: 0.6606. Train acc: 0.6583833333333333. 

09-30 21:15 DEBUG    PDM_KL log: {(10, 0.5, 10): {'shapes': [(784, 559), (559,), (559, 136), (136,), (136, 136), (136,), (136, 127), (127,), (127, 10), (10,)], 'train_accuracy': 0.6583833333333333, 'test_accuracy': 0.6606}} 
09-30 21:16 DEBUG    ****** PDM_KL matching ******** 
09-30 21:16 DEBUG    Best Sigma0: 10. Best sigma: 0.5 Best gamma: 10. Best Test accuracy: 0.0974. Train acc: 0.09751666666666667. 

09-30 21:16 DEBUG    PDM_KL log: {(10, 0.5, 10): {'shapes': [(784, 100), (100,), (100, 109), (109,), (109, 109), (109,), (109, 118), (118,), (118, 10), (10,)], 'train_accuracy': 0.09751666666666667, 'test_accuracy': 0.0974}} 
09-30 21:17 DEBUG    ****** PDM_KL matching ******** 
09-30 21:17 DEBUG    Best Sigma0: 10. Best sigma: 0.5 Best gamma: 10. Best Test accuracy: 0.0974. Train acc: 0.09751666666666667. 

09-30 21:17 DEBUG    PDM_KL log: {(10, 0.5, 10): {'shapes': [(784, 100), (100,), (100, 100), (100,), (100, 100), (100,), (100, 118), (118,), (118, 10), (10,)], 'train_accuracy': 0.09751666666666667, 'test_accuracy': 0.0974}} 
09-30 21:19 DEBUG    ****** PDM_KL matching ******** 
09-30 21:19 DEBUG    Best Sigma0: 10. Best sigma: 0.5 Best gamma: 10. Best Test accuracy: 0.0974. Train acc: 0.09751666666666667. 

09-30 21:19 DEBUG    PDM_KL log: {(10, 0.5, 10): {'shapes': [(784, 100), (100,), (100, 100), (100,), (100, 100), (100,), (100, 109), (109,), (109, 10), (10,)], 'train_accuracy': 0.09751666666666667, 'test_accuracy': 0.0974}} 
09-30 21:19 DEBUG    Trial 7 completed
09-30 21:19 DEBUG    ####################################################################################################
09-30 21:19 DEBUG    ####################################################################################################
09-30 21:19 DEBUG    Executing Trial 8 with seed 8
09-30 21:19 DEBUG    Data statistics: {0: {0: 620, 1: 730, 2: 568, 3: 602, 4: 590, 5: 552, 6: 565, 7: 589, 8: 589, 9: 595}, 1: {0: 561, 1: 698, 2: 592, 3: 646, 4: 560, 5: 536, 6: 577, 7: 649, 8: 588, 9: 593}, 2: {0: 570, 1: 688, 2: 603, 3: 629, 4: 604, 5: 523, 6: 550, 7: 621, 8: 604, 9: 608}, 3: {0: 578, 1: 648, 2: 618, 3: 613, 4: 572, 5: 563, 6: 582, 7: 636, 8: 600, 9: 590}, 4: {0: 619, 1: 660, 2: 598, 3: 600, 4: 586, 5: 549, 6: 620, 7: 609, 8: 554, 9: 605}, 5: {0: 615, 1: 635, 2: 587, 3: 603, 4: 618, 5: 531, 6: 612, 7: 635, 8: 575, 9: 589}, 6: {0: 582, 1: 659, 2: 579, 3: 622, 4: 554, 5: 563, 6: 560, 7: 669, 8: 594, 9: 618}, 7: {0: 582, 1: 675, 2: 607, 3: 613, 4: 578, 5: 565, 6: 612, 7: 613, 8: 558, 9: 597}, 8: {0: 586, 1: 669, 2: 609, 3: 592, 4: 589, 5: 506, 6: 616, 7: 637, 8: 604, 9: 592}, 9: {0: 610, 1: 680, 2: 597, 3: 611, 4: 591, 5: 533, 6: 624, 7: 607, 8: 585, 9: 562}}
09-30 21:19 DEBUG    **************************************************
09-30 21:19 DEBUG    Running experiments 

09-30 21:27 DEBUG    ****** PDM_KL matching ******** 
09-30 21:27 DEBUG    Best Sigma0: 10. Best sigma: 0.5 Best gamma: 10. Best Test accuracy: 0.9511. Train acc: 0.9509333333333333. 

09-30 21:27 DEBUG    PDM_KL log: {(10, 0.5, 10): {'shapes': [(784, 844), (844,), (844, 590), (590,), (590, 320), (320,), (320, 127), (127,), (127, 10), (10,)], 'train_accuracy': 0.9509333333333333, 'test_accuracy': 0.9511}} 
09-30 21:47 DEBUG    ****** PDM_KL matching ******** 
09-30 21:47 DEBUG    Best Sigma0: 10. Best sigma: 0.5 Best gamma: 10. Best Test accuracy: 0.9399. Train acc: 0.9418166666666666. 

09-30 21:47 DEBUG    PDM_KL log: {(10, 0.5, 10): {'shapes': [(784, 837), (837,), (837, 593), (593,), (593, 337), (337,), (337, 127), (127,), (127, 10), (10,)], 'train_accuracy': 0.9418166666666666, 'test_accuracy': 0.9399}} 
09-30 22:07 DEBUG    ****** PDM_KL matching ******** 
09-30 22:07 DEBUG    Best Sigma0: 10. Best sigma: 0.5 Best gamma: 10. Best Test accuracy: 0.8989. Train acc: 0.9007333333333334. 

09-30 22:07 DEBUG    PDM_KL log: {(10, 0.5, 10): {'shapes': [(784, 838), (838,), (838, 593), (593,), (593, 322), (322,), (322, 127), (127,), (127, 10), (10,)], 'train_accuracy': 0.9007333333333334, 'test_accuracy': 0.8989}} 
09-30 22:26 DEBUG    ****** PDM_KL matching ******** 
09-30 22:26 DEBUG    Best Sigma0: 10. Best sigma: 0.5 Best gamma: 10. Best Test accuracy: 0.9313. Train acc: 0.9325666666666667. 

09-30 22:26 DEBUG    PDM_KL log: {(10, 0.5, 10): {'shapes': [(784, 837), (837,), (837, 577), (577,), (577, 322), (322,), (322, 127), (127,), (127, 10), (10,)], 'train_accuracy': 0.9325666666666667, 'test_accuracy': 0.9313}} 
09-30 22:45 DEBUG    ****** PDM_KL matching ******** 
09-30 22:45 DEBUG    Best Sigma0: 10. Best sigma: 0.5 Best gamma: 10. Best Test accuracy: 0.9357. Train acc: 0.9374. 

09-30 22:45 DEBUG    PDM_KL log: {(10, 0.5, 10): {'shapes': [(784, 829), (829,), (829, 567), (567,), (567, 304), (304,), (304, 127), (127,), (127, 10), (10,)], 'train_accuracy': 0.9374, 'test_accuracy': 0.9357}} 
09-30 23:05 DEBUG    ****** PDM_KL matching ******** 
09-30 23:05 DEBUG    Best Sigma0: 10. Best sigma: 0.5 Best gamma: 10. Best Test accuracy: 0.7834. Train acc: 0.7862. 

09-30 23:05 DEBUG    PDM_KL log: {(10, 0.5, 10): {'shapes': [(784, 821), (821,), (821, 526), (526,), (526, 296), (296,), (296, 127), (127,), (127, 10), (10,)], 'train_accuracy': 0.7862, 'test_accuracy': 0.7834}} 
09-30 23:19 DEBUG    ****** PDM_KL matching ******** 
09-30 23:19 DEBUG    Best Sigma0: 10. Best sigma: 0.5 Best gamma: 10. Best Test accuracy: 0.842. Train acc: 0.845. 

09-30 23:19 DEBUG    PDM_KL log: {(10, 0.5, 10): {'shapes': [(784, 774), (774,), (774, 297), (297,), (297, 208), (208,), (208, 127), (127,), (127, 10), (10,)], 'train_accuracy': 0.845, 'test_accuracy': 0.842}} 
09-30 23:30 DEBUG    ****** PDM_KL matching ******** 
09-30 23:30 DEBUG    Best Sigma0: 10. Best sigma: 0.5 Best gamma: 10. Best Test accuracy: 0.6808. Train acc: 0.6885166666666667. 

09-30 23:30 DEBUG    PDM_KL log: {(10, 0.5, 10): {'shapes': [(784, 604), (604,), (604, 136), (136,), (136, 136), (136,), (136, 127), (127,), (127, 10), (10,)], 'train_accuracy': 0.6885166666666667, 'test_accuracy': 0.6808}} 
09-30 23:32 DEBUG    ****** PDM_KL matching ******** 
09-30 23:32 DEBUG    Best Sigma0: 10. Best sigma: 0.5 Best gamma: 10. Best Test accuracy: 0.0974. Train acc: 0.09751666666666667. 

09-30 23:32 DEBUG    PDM_KL log: {(10, 0.5, 10): {'shapes': [(784, 100), (100,), (100, 100), (100,), (100, 109), (109,), (109, 118), (118,), (118, 10), (10,)], 'train_accuracy': 0.09751666666666667, 'test_accuracy': 0.0974}} 
09-30 23:33 DEBUG    ****** PDM_KL matching ******** 
09-30 23:33 DEBUG    Best Sigma0: 10. Best sigma: 0.5 Best gamma: 10. Best Test accuracy: 0.0974. Train acc: 0.09751666666666667. 

09-30 23:33 DEBUG    PDM_KL log: {(10, 0.5, 10): {'shapes': [(784, 100), (100,), (100, 100), (100,), (100, 100), (100,), (100, 118), (118,), (118, 10), (10,)], 'train_accuracy': 0.09751666666666667, 'test_accuracy': 0.0974}} 
09-30 23:34 DEBUG    ****** PDM_KL matching ******** 
09-30 23:34 DEBUG    Best Sigma0: 10. Best sigma: 0.5 Best gamma: 10. Best Test accuracy: 0.0974. Train acc: 0.09751666666666667. 

09-30 23:34 DEBUG    PDM_KL log: {(10, 0.5, 10): {'shapes': [(784, 100), (100,), (100, 100), (100,), (100, 100), (100,), (100, 109), (109,), (109, 10), (10,)], 'train_accuracy': 0.09751666666666667, 'test_accuracy': 0.0974}} 
09-30 23:34 DEBUG    Trial 8 completed
09-30 23:34 DEBUG    ####################################################################################################
09-30 23:34 DEBUG    ####################################################################################################
09-30 23:34 DEBUG    Executing Trial 9 with seed 9
09-30 23:34 DEBUG    Data statistics: {0: {0: 598, 1: 728, 2: 564, 3: 603, 4: 586, 5: 530, 6: 612, 7: 624, 8: 566, 9: 589}, 1: {0: 563, 1: 676, 2: 586, 3: 616, 4: 577, 5: 556, 6: 577, 7: 649, 8: 605, 9: 595}, 2: {0: 620, 1: 667, 2: 583, 3: 639, 4: 578, 5: 532, 6: 603, 7: 583, 8: 558, 9: 637}, 3: {0: 588, 1: 689, 2: 594, 3: 604, 4: 561, 5: 551, 6: 585, 7: 658, 8: 580, 9: 590}, 4: {0: 601, 1: 679, 2: 570, 3: 626, 4: 610, 5: 558, 6: 563, 7: 634, 8: 591, 9: 568}, 5: {0: 588, 1: 639, 2: 616, 3: 626, 4: 579, 5: 545, 6: 570, 7: 626, 8: 593, 9: 618}, 6: {0: 589, 1: 685, 2: 623, 3: 599, 4: 599, 5: 526, 6: 599, 7: 614, 8: 608, 9: 558}, 7: {0: 590, 1: 667, 2: 618, 3: 633, 4: 582, 5: 498, 6: 604, 7: 596, 8: 594, 9: 618}, 8: {0: 586, 1: 666, 2: 650, 3: 570, 4: 599, 5: 533, 6: 573, 7: 660, 8: 563, 9: 600}, 9: {0: 600, 1: 646, 2: 554, 3: 615, 4: 571, 5: 592, 6: 632, 7: 621, 8: 593, 9: 576}}
09-30 23:34 DEBUG    **************************************************
09-30 23:34 DEBUG    Running experiments 

09-30 23:42 DEBUG    ****** PDM_KL matching ******** 
09-30 23:42 DEBUG    Best Sigma0: 10. Best sigma: 0.5 Best gamma: 10. Best Test accuracy: 0.9519. Train acc: 0.9538666666666666. 

09-30 23:42 DEBUG    PDM_KL log: {(10, 0.5, 10): {'shapes': [(784, 858), (858,), (858, 589), (589,), (589, 339), (339,), (339, 118), (118,), (118, 10), (10,)], 'train_accuracy': 0.9538666666666666, 'test_accuracy': 0.9519}} 
10-01 00:01 DEBUG    ****** PDM_KL matching ******** 
10-01 00:01 DEBUG    Best Sigma0: 10. Best sigma: 0.5 Best gamma: 10. Best Test accuracy: 0.953. Train acc: 0.9549833333333333. 

10-01 00:01 DEBUG    PDM_KL log: {(10, 0.5, 10): {'shapes': [(784, 874), (874,), (874, 584), (584,), (584, 335), (335,), (335, 118), (118,), (118, 10), (10,)], 'train_accuracy': 0.9549833333333333, 'test_accuracy': 0.953}} 
10-01 00:21 DEBUG    ****** PDM_KL matching ******** 
10-01 00:21 DEBUG    Best Sigma0: 10. Best sigma: 0.5 Best gamma: 10. Best Test accuracy: 0.93. Train acc: 0.93695. 

10-01 00:21 DEBUG    PDM_KL log: {(10, 0.5, 10): {'shapes': [(784, 874), (874,), (874, 590), (590,), (590, 331), (331,), (331, 118), (118,), (118, 10), (10,)], 'train_accuracy': 0.93695, 'test_accuracy': 0.93}} 
10-01 00:38 DEBUG    ****** PDM_KL matching ******** 
10-01 00:38 DEBUG    Best Sigma0: 10. Best sigma: 0.5 Best gamma: 10. Best Test accuracy: 0.8942. Train acc: 0.8976333333333333. 

10-01 00:38 DEBUG    PDM_KL log: {(10, 0.5, 10): {'shapes': [(784, 865), (865,), (865, 585), (585,), (585, 338), (338,), (338, 118), (118,), (118, 10), (10,)], 'train_accuracy': 0.8976333333333333, 'test_accuracy': 0.8942}} 
10-01 00:56 DEBUG    ****** PDM_KL matching ******** 
10-01 00:56 DEBUG    Best Sigma0: 10. Best sigma: 0.5 Best gamma: 10. Best Test accuracy: 0.9478. Train acc: 0.9503166666666667. 

10-01 00:56 DEBUG    PDM_KL log: {(10, 0.5, 10): {'shapes': [(784, 848), (848,), (848, 550), (550,), (550, 313), (313,), (313, 118), (118,), (118, 10), (10,)], 'train_accuracy': 0.9503166666666667, 'test_accuracy': 0.9478}} 
10-01 01:14 DEBUG    ****** PDM_KL matching ******** 
10-01 01:14 DEBUG    Best Sigma0: 10. Best sigma: 0.5 Best gamma: 10. Best Test accuracy: 0.9123. Train acc: 0.9175666666666666. 

10-01 01:14 DEBUG    PDM_KL log: {(10, 0.5, 10): {'shapes': [(784, 835), (835,), (835, 529), (529,), (529, 314), (314,), (314, 118), (118,), (118, 10), (10,)], 'train_accuracy': 0.9175666666666666, 'test_accuracy': 0.9123}} 
10-01 01:28 DEBUG    ****** PDM_KL matching ******** 
10-01 01:28 DEBUG    Best Sigma0: 10. Best sigma: 0.5 Best gamma: 10. Best Test accuracy: 0.9439. Train acc: 0.9475666666666667. 

10-01 01:28 DEBUG    PDM_KL log: {(10, 0.5, 10): {'shapes': [(784, 783), (783,), (783, 297), (297,), (297, 198), (198,), (198, 127), (127,), (127, 10), (10,)], 'train_accuracy': 0.9475666666666667, 'test_accuracy': 0.9439}} 
10-01 01:37 DEBUG    ****** PDM_KL matching ******** 
10-01 01:37 DEBUG    Best Sigma0: 10. Best sigma: 0.5 Best gamma: 10. Best Test accuracy: 0.6102. Train acc: 0.6116833333333334. 

10-01 01:37 DEBUG    PDM_KL log: {(10, 0.5, 10): {'shapes': [(784, 586), (586,), (586, 136), (136,), (136, 136), (136,), (136, 127), (127,), (127, 10), (10,)], 'train_accuracy': 0.6116833333333334, 'test_accuracy': 0.6102}} 
10-01 01:38 DEBUG    ****** PDM_KL matching ******** 
10-01 01:38 DEBUG    Best Sigma0: 10. Best sigma: 0.5 Best gamma: 10. Best Test accuracy: 0.0974. Train acc: 0.09751666666666667. 

10-01 01:38 DEBUG    PDM_KL log: {(10, 0.5, 10): {'shapes': [(784, 100), (100,), (100, 100), (100,), (100, 109), (109,), (109, 118), (118,), (118, 10), (10,)], 'train_accuracy': 0.09751666666666667, 'test_accuracy': 0.0974}} 
10-01 01:39 DEBUG    ****** PDM_KL matching ******** 
10-01 01:39 DEBUG    Best Sigma0: 10. Best sigma: 0.5 Best gamma: 10. Best Test accuracy: 0.0974. Train acc: 0.09751666666666667. 

10-01 01:39 DEBUG    PDM_KL log: {(10, 0.5, 10): {'shapes': [(784, 100), (100,), (100, 100), (100,), (100, 100), (100,), (100, 118), (118,), (118, 10), (10,)], 'train_accuracy': 0.09751666666666667, 'test_accuracy': 0.0974}} 
10-01 01:40 DEBUG    ****** PDM_KL matching ******** 
10-01 01:40 DEBUG    Best Sigma0: 10. Best sigma: 0.5 Best gamma: 10. Best Test accuracy: 0.0974. Train acc: 0.09751666666666667. 

10-01 01:40 DEBUG    PDM_KL log: {(10, 0.5, 10): {'shapes': [(784, 100), (100,), (100, 100), (100,), (100, 100), (100,), (100, 109), (109,), (109, 10), (10,)], 'train_accuracy': 0.09751666666666667, 'test_accuracy': 0.0974}} 
10-01 01:40 DEBUG    Trial 9 completed
10-01 01:40 DEBUG    ####################################################################################################
