09-12 06:27 DEBUG    Experiment arguments: Namespace(alpha=0.5, communication_rounds=None, datadir='data/cifar10', dataset='cifar10', device=1.0, dropout_p=0.0, epochs=10, experiment=['all'], init_seed=0, iter_epochs=5, layers=0, loaddir='saved_weights/cifar10/homo', logdir='KL_regs/cifar10/homo', lr=0.01, lr_decay=1.0, n=30, n_layers=1, n_nets=30, net_config=[3072, 100, 10], num_pool_workers=7, partition='homo', pdm_gamma=1.0, pdm_sig=1.0, pdm_sig0=1.0, reg=1e-06, reg_fac=0.0, trials=1)
09-12 06:27 DEBUG    ####################################################################################################
09-12 06:27 DEBUG    Executing Trial 0 with seed 0
09-12 06:27 DEBUG    Data statistics: {0: {0: 183, 1: 172, 2: 161, 3: 189, 4: 144, 5: 184, 6: 169, 7: 149, 8: 156, 9: 160}, 1: {0: 150, 1: 166, 2: 163, 3: 177, 4: 163, 5: 187, 6: 156, 7: 179, 8: 152, 9: 174}, 2: {0: 170, 1: 145, 2: 164, 3: 161, 4: 166, 5: 177, 6: 166, 7: 174, 8: 174, 9: 170}, 3: {0: 192, 1: 166, 2: 159, 3: 170, 4: 173, 5: 145, 6: 154, 7: 173, 8: 172, 9: 163}, 4: {0: 158, 1: 169, 2: 195, 3: 173, 4: 155, 5: 163, 6: 141, 7: 165, 8: 167, 9: 181}, 5: {0: 151, 1: 168, 2: 174, 3: 161, 4: 166, 5: 160, 6: 167, 7: 160, 8: 168, 9: 192}, 6: {0: 169, 1: 170, 2: 149, 3: 157, 4: 179, 5: 166, 6: 161, 7: 183, 8: 174, 9: 159}, 7: {0: 179, 1: 189, 2: 181, 3: 160, 4: 168, 5: 156, 6: 169, 7: 163, 8: 148, 9: 154}, 8: {0: 162, 1: 181, 2: 169, 3: 143, 4: 171, 5: 161, 6: 172, 7: 168, 8: 170, 9: 170}, 9: {0: 140, 1: 163, 2: 158, 3: 167, 4: 173, 5: 157, 6: 181, 7: 165, 8: 184, 9: 179}, 10: {0: 163, 1: 153, 2: 158, 3: 180, 4: 186, 5: 160, 6: 155, 7: 168, 8: 166, 9: 178}, 11: {0: 184, 1: 171, 2: 177, 3: 152, 4: 162, 5: 165, 6: 165, 7: 154, 8: 145, 9: 192}, 12: {0: 161, 1: 162, 2: 173, 3: 179, 4: 173, 5: 160, 6: 157, 7: 157, 8: 170, 9: 175}, 13: {0: 188, 1: 167, 2: 161, 3: 149, 4: 135, 5: 183, 6: 195, 7: 158, 8: 162, 9: 169}, 14: {0: 156, 1: 152, 2: 155, 3: 159, 4: 173, 5: 166, 6: 184, 7: 175, 8: 158, 9: 189}, 15: {0: 171, 1: 166, 2: 161, 3: 169, 4: 161, 5: 175, 6: 166, 7: 157, 8: 171, 9: 170}, 16: {0: 184, 1: 163, 2: 163, 3: 165, 4: 167, 5: 164, 6: 171, 7: 168, 8: 154, 9: 168}, 17: {0: 149, 1: 151, 2: 185, 3: 160, 4: 202, 5: 171, 6: 184, 7: 165, 8: 165, 9: 135}, 18: {0: 168, 1: 182, 2: 177, 3: 155, 4: 167, 5: 144, 6: 154, 7: 202, 8: 157, 9: 161}, 19: {0: 171, 1: 158, 2: 177, 3: 166, 4: 154, 5: 154, 6: 172, 7: 177, 8: 175, 9: 163}, 20: {0: 173, 1: 169, 2: 159, 3: 169, 4: 166, 5: 166, 6: 165, 7: 159, 8: 174, 9: 166}, 21: {0: 160, 1: 156, 2: 163, 3: 185, 4: 162, 5: 181, 6: 175, 7: 163, 8: 153, 9: 168}, 22: {0: 151, 1: 181, 2: 145, 3: 170, 4: 172, 5: 172, 6: 189, 7: 165, 8: 162, 9: 159}, 23: {0: 162, 1: 183, 2: 156, 3: 192, 4: 169, 5: 162, 6: 153, 7: 167, 8: 164, 9: 158}, 24: {0: 154, 1: 163, 2: 168, 3: 163, 4: 178, 5: 181, 6: 144, 7: 155, 8: 188, 9: 172}, 25: {0: 171, 1: 159, 2: 152, 3: 163, 4: 165, 5: 163, 6: 182, 7: 179, 8: 179, 9: 153}, 26: {0: 179, 1: 163, 2: 165, 3: 180, 4: 153, 5: 168, 6: 182, 7: 167, 8: 165, 9: 144}, 27: {0: 166, 1: 179, 2: 181, 3: 157, 4: 170, 5: 174, 6: 162, 7: 170, 8: 154, 9: 153}, 28: {0: 163, 1: 167, 2: 170, 3: 166, 4: 165, 5: 162, 6: 161, 7: 162, 8: 188, 9: 162}, 29: {0: 172, 1: 166, 2: 181, 3: 163, 4: 162, 5: 173, 6: 148, 7: 153, 8: 185, 9: 163}}
09-12 06:31 DEBUG    **************************************************
09-12 06:31 DEBUG    Running experiments 

09-12 06:32 DEBUG    Uniform ensemble (Train acc): 0.381640
09-12 06:32 DEBUG    Uniform ensemble (Test acc): 0.378500
09-12 06:32 DEBUG    FedAvg (Train acc): 0.100020
09-12 06:32 DEBUG    FedAvg (Test acc): 0.100000
09-12 07:18 DEBUG    ****** PDM_KL matching ******** 
09-12 07:18 DEBUG    Best Sigma0: 0.5. Best sigma: 1 Best gamma: 10. Best Test accuracy: 0.3299. Train acc: 0.33146. 

09-12 07:18 DEBUG    PDM_KL log: {(0.5, 1, 10): {'shapes': [(3072, 859), (859,), (859, 10), (10,)], 'train_accuracy': 0.33146, 'test_accuracy': 0.3299}} 
09-12 08:45 DEBUG    ****** PDM_KL matching ******** 
09-12 08:45 DEBUG    Best Sigma0: 0.5. Best sigma: 1 Best gamma: 10. Best Test accuracy: 0.3217. Train acc: 0.32564. 

09-12 08:45 DEBUG    PDM_KL log: {(0.5, 1, 10): {'shapes': [(3072, 859), (859,), (859, 10), (10,)], 'train_accuracy': 0.32564, 'test_accuracy': 0.3217}} 
09-12 09:50 DEBUG    ****** PDM_KL matching ******** 
09-12 09:50 DEBUG    Best Sigma0: 0.5. Best sigma: 1 Best gamma: 10. Best Test accuracy: 0.3307. Train acc: 0.3281. 

09-12 09:50 DEBUG    PDM_KL log: {(0.5, 1, 10): {'shapes': [(3072, 859), (859,), (859, 10), (10,)], 'train_accuracy': 0.3281, 'test_accuracy': 0.3307}} 
09-12 10:44 DEBUG    ****** PDM_KL matching ******** 
09-12 10:44 DEBUG    Best Sigma0: 0.5. Best sigma: 1 Best gamma: 10. Best Test accuracy: 0.3112. Train acc: 0.31818. 

09-12 10:44 DEBUG    PDM_KL log: {(0.5, 1, 10): {'shapes': [(3072, 859), (859,), (859, 10), (10,)], 'train_accuracy': 0.31818, 'test_accuracy': 0.3112}} 
09-12 11:28 DEBUG    ****** PDM_KL matching ******** 
09-12 11:28 DEBUG    Best Sigma0: 0.5. Best sigma: 1 Best gamma: 10. Best Test accuracy: 0.3304. Train acc: 0.3288. 

09-12 11:28 DEBUG    PDM_KL log: {(0.5, 1, 10): {'shapes': [(3072, 859), (859,), (859, 10), (10,)], 'train_accuracy': 0.3288, 'test_accuracy': 0.3304}} 
