09-16 03:45 DEBUG    Experiment arguments: Namespace(alpha=0.5, communication_rounds=None, datadir='data/mnist', dataset='mnist', device=1.0, dropout_p=0.0, epochs=10, experiment=['all'], init_seed=0, iter_epochs=5, layers=1, loaddir='saved_weights/mnist/homo', logdir='KL_regs_bst_hyp/mnist/homo', lr=0.01, lr_decay=1.0, n=6, n_layers=1, n_nets=10, net_config=[784, 100, 10], num_pool_workers=6, partition='homo', pdm_gamma=10, pdm_sig=0.5, pdm_sig0=10, reg=1e-06, reg_fac=0.0, trials=10)
09-16 03:45 DEBUG    ####################################################################################################
09-16 03:45 DEBUG    Executing Trial 0 with seed 0
09-16 03:45 DEBUG    Data statistics: {0: {0: 605, 1: 688, 2: 586, 3: 583, 4: 565, 5: 518, 6: 631, 7: 625, 8: 584, 9: 615}, 1: {0: 600, 1: 691, 2: 580, 3: 625, 4: 588, 5: 557, 6: 559, 7: 603, 8: 607, 9: 590}, 2: {0: 607, 1: 691, 2: 583, 3: 639, 4: 577, 5: 516, 6: 571, 7: 641, 8: 596, 9: 579}, 3: {0: 605, 1: 642, 2: 610, 3: 580, 4: 590, 5: 565, 6: 572, 7: 632, 8: 591, 9: 613}, 4: {0: 578, 1: 653, 2: 600, 3: 593, 4: 627, 5: 556, 6: 629, 7: 608, 8: 581, 9: 575}, 5: {0: 596, 1: 690, 2: 594, 3: 650, 4: 589, 5: 539, 6: 547, 7: 612, 8: 568, 9: 615}, 6: {0: 598, 1: 645, 2: 614, 3: 624, 4: 572, 5: 556, 6: 605, 7: 605, 8: 601, 9: 580}, 7: {0: 544, 1: 682, 2: 604, 3: 591, 4: 605, 5: 562, 6: 601, 7: 694, 8: 525, 9: 592}, 8: {0: 564, 1: 665, 2: 608, 3: 647, 4: 566, 5: 520, 6: 615, 7: 613, 8: 594, 9: 608}, 9: {0: 626, 1: 695, 2: 579, 3: 599, 4: 563, 5: 532, 6: 588, 7: 632, 8: 604, 9: 582}}
09-16 03:45 DEBUG    **************************************************
09-16 03:45 DEBUG    Running experiments 

09-16 03:46 DEBUG    Uniform ensemble (Train acc): 0.972000
09-16 03:46 DEBUG    Uniform ensemble (Test acc): 0.970000
09-16 03:46 DEBUG    FedAvg (Train acc): 0.139283
09-16 03:46 DEBUG    FedAvg (Test acc): 0.139300
09-16 03:49 DEBUG    ****** PDM_KL matching ******** 
09-16 03:49 DEBUG    Best Sigma0: 10. Best sigma: 0.5 Best gamma: 10. Best Test accuracy: 0.9705. Train acc: 0.9721. 

09-16 03:49 DEBUG    PDM_KL log: {(10, 0.5, 10): {'shapes': [(784, 700), (700,), (700, 10), (10,)], 'train_accuracy': 0.9721, 'test_accuracy': 0.9705}} 
09-16 03:57 DEBUG    ****** PDM_KL matching ******** 
09-16 03:57 DEBUG    Best Sigma0: 10. Best sigma: 0.5 Best gamma: 10. Best Test accuracy: 0.9708. Train acc: 0.97225. 

09-16 03:57 DEBUG    PDM_KL log: {(10, 0.5, 10): {'shapes': [(784, 700), (700,), (700, 10), (10,)], 'train_accuracy': 0.97225, 'test_accuracy': 0.9708}} 
09-16 04:06 DEBUG    ****** PDM_KL matching ******** 
09-16 04:06 DEBUG    Best Sigma0: 10. Best sigma: 0.5 Best gamma: 10. Best Test accuracy: 0.971. Train acc: 0.9722833333333334. 

09-16 04:06 DEBUG    PDM_KL log: {(10, 0.5, 10): {'shapes': [(784, 700), (700,), (700, 10), (10,)], 'train_accuracy': 0.9722833333333334, 'test_accuracy': 0.971}} 
09-16 04:16 DEBUG    ****** PDM_KL matching ******** 
09-16 04:16 DEBUG    Best Sigma0: 10. Best sigma: 0.5 Best gamma: 10. Best Test accuracy: 0.971. Train acc: 0.9721333333333333. 

09-16 04:16 DEBUG    PDM_KL log: {(10, 0.5, 10): {'shapes': [(784, 700), (700,), (700, 10), (10,)], 'train_accuracy': 0.9721333333333333, 'test_accuracy': 0.971}} 
09-16 04:25 DEBUG    ****** PDM_KL matching ******** 
09-16 04:25 DEBUG    Best Sigma0: 10. Best sigma: 0.5 Best gamma: 10. Best Test accuracy: 0.9708. Train acc: 0.9723. 

09-16 04:25 DEBUG    PDM_KL log: {(10, 0.5, 10): {'shapes': [(784, 700), (700,), (700, 10), (10,)], 'train_accuracy': 0.9723, 'test_accuracy': 0.9708}} 
09-16 04:36 DEBUG    ****** PDM_KL matching ******** 
09-16 04:36 DEBUG    Best Sigma0: 10. Best sigma: 0.5 Best gamma: 10. Best Test accuracy: 0.9709. Train acc: 0.97205. 

09-16 04:36 DEBUG    PDM_KL log: {(10, 0.5, 10): {'shapes': [(784, 700), (700,), (700, 10), (10,)], 'train_accuracy': 0.97205, 'test_accuracy': 0.9709}} 
09-16 04:44 DEBUG    ****** PDM_KL matching ******** 
09-16 04:44 DEBUG    Best Sigma0: 10. Best sigma: 0.5 Best gamma: 10. Best Test accuracy: 0.9705. Train acc: 0.9721. 

09-16 04:44 DEBUG    PDM_KL log: {(10, 0.5, 10): {'shapes': [(784, 700), (700,), (700, 10), (10,)], 'train_accuracy': 0.9721, 'test_accuracy': 0.9705}} 
09-16 04:53 DEBUG    ****** PDM_KL matching ******** 
09-16 04:53 DEBUG    Best Sigma0: 10. Best sigma: 0.5 Best gamma: 10. Best Test accuracy: 0.9703. Train acc: 0.9716333333333333. 

09-16 04:53 DEBUG    PDM_KL log: {(10, 0.5, 10): {'shapes': [(784, 622), (622,), (622, 10), (10,)], 'train_accuracy': 0.9716333333333333, 'test_accuracy': 0.9703}} 
09-16 04:55 DEBUG    ****** PDM_KL matching ******** 
09-16 04:55 DEBUG    Best Sigma0: 10. Best sigma: 0.5 Best gamma: 10. Best Test accuracy: 0.0974. Train acc: 0.09751666666666667. 

09-16 04:55 DEBUG    PDM_KL log: {(10, 0.5, 10): {'shapes': [(784, 100), (100,), (100, 10), (10,)], 'train_accuracy': 0.09751666666666667, 'test_accuracy': 0.0974}} 
09-16 04:57 DEBUG    ****** PDM_KL matching ******** 
09-16 04:57 DEBUG    Best Sigma0: 10. Best sigma: 0.5 Best gamma: 10. Best Test accuracy: 0.0974. Train acc: 0.09751666666666667. 

09-16 04:57 DEBUG    PDM_KL log: {(10, 0.5, 10): {'shapes': [(784, 100), (100,), (100, 10), (10,)], 'train_accuracy': 0.09751666666666667, 'test_accuracy': 0.0974}} 
09-16 04:58 DEBUG    ****** PDM_KL matching ******** 
09-16 04:58 DEBUG    Best Sigma0: 10. Best sigma: 0.5 Best gamma: 10. Best Test accuracy: 0.0974. Train acc: 0.09751666666666667. 

09-16 04:58 DEBUG    PDM_KL log: {(10, 0.5, 10): {'shapes': [(784, 100), (100,), (100, 10), (10,)], 'train_accuracy': 0.09751666666666667, 'test_accuracy': 0.0974}} 
09-16 04:58 DEBUG    Trial 0 completed
09-16 04:58 DEBUG    ####################################################################################################
09-16 04:58 DEBUG    ####################################################################################################
09-16 04:58 DEBUG    Executing Trial 1 with seed 1
09-16 04:58 DEBUG    Data statistics: {0: {0: 557, 1: 696, 2: 602, 3: 636, 4: 575, 5: 546, 6: 627, 7: 624, 8: 576, 9: 561}, 1: {0: 601, 1: 677, 2: 592, 3: 601, 4: 582, 5: 564, 6: 560, 7: 641, 8: 596, 9: 586}, 2: {0: 591, 1: 660, 2: 607, 3: 619, 4: 583, 5: 604, 6: 584, 7: 609, 8: 571, 9: 572}, 3: {0: 623, 1: 679, 2: 587, 3: 602, 4: 589, 5: 560, 6: 607, 7: 599, 8: 574, 9: 580}, 4: {0: 590, 1: 642, 2: 599, 3: 608, 4: 583, 5: 509, 6: 602, 7: 625, 8: 610, 9: 632}, 5: {0: 583, 1: 694, 2: 623, 3: 653, 4: 590, 5: 491, 6: 584, 7: 637, 8: 556, 9: 589}, 6: {0: 602, 1: 679, 2: 644, 3: 599, 4: 566, 5: 530, 6: 564, 7: 609, 8: 624, 9: 583}, 7: {0: 573, 1: 639, 2: 569, 3: 580, 4: 608, 5: 541, 6: 602, 7: 653, 8: 589, 9: 646}, 8: {0: 622, 1: 669, 2: 567, 3: 612, 4: 597, 5: 553, 6: 579, 7: 635, 8: 578, 9: 588}, 9: {0: 581, 1: 707, 2: 568, 3: 621, 4: 569, 5: 523, 6: 609, 7: 633, 8: 577, 9: 612}}
09-16 04:59 DEBUG    **************************************************
09-16 04:59 DEBUG    Running experiments 

09-16 05:00 DEBUG    Uniform ensemble (Train acc): 0.970867
09-16 05:00 DEBUG    Uniform ensemble (Test acc): 0.967500
09-16 05:01 DEBUG    FedAvg (Train acc): 0.125600
09-16 05:01 DEBUG    FedAvg (Test acc): 0.122100
09-16 05:06 DEBUG    ****** PDM_KL matching ******** 
09-16 05:06 DEBUG    Best Sigma0: 10. Best sigma: 0.5 Best gamma: 10. Best Test accuracy: 0.9678. Train acc: 0.9709333333333333. 

09-16 05:06 DEBUG    PDM_KL log: {(10, 0.5, 10): {'shapes': [(784, 700), (700,), (700, 10), (10,)], 'train_accuracy': 0.9709333333333333, 'test_accuracy': 0.9678}} 
09-16 05:14 DEBUG    ****** PDM_KL matching ******** 
09-16 05:14 DEBUG    Best Sigma0: 10. Best sigma: 0.5 Best gamma: 10. Best Test accuracy: 0.9683. Train acc: 0.97105. 

09-16 05:14 DEBUG    PDM_KL log: {(10, 0.5, 10): {'shapes': [(784, 700), (700,), (700, 10), (10,)], 'train_accuracy': 0.97105, 'test_accuracy': 0.9683}} 
09-16 05:24 DEBUG    ****** PDM_KL matching ******** 
09-16 05:24 DEBUG    Best Sigma0: 10. Best sigma: 0.5 Best gamma: 10. Best Test accuracy: 0.968. Train acc: 0.97085. 

09-16 05:24 DEBUG    PDM_KL log: {(10, 0.5, 10): {'shapes': [(784, 700), (700,), (700, 10), (10,)], 'train_accuracy': 0.97085, 'test_accuracy': 0.968}} 
09-16 05:34 DEBUG    ****** PDM_KL matching ******** 
09-16 05:34 DEBUG    Best Sigma0: 10. Best sigma: 0.5 Best gamma: 10. Best Test accuracy: 0.9678. Train acc: 0.9708666666666667. 

09-16 05:34 DEBUG    PDM_KL log: {(10, 0.5, 10): {'shapes': [(784, 700), (700,), (700, 10), (10,)], 'train_accuracy': 0.9708666666666667, 'test_accuracy': 0.9678}} 
09-16 05:41 DEBUG    ****** PDM_KL matching ******** 
09-16 05:41 DEBUG    Best Sigma0: 10. Best sigma: 0.5 Best gamma: 10. Best Test accuracy: 0.968. Train acc: 0.9709333333333333. 

09-16 05:41 DEBUG    PDM_KL log: {(10, 0.5, 10): {'shapes': [(784, 700), (700,), (700, 10), (10,)], 'train_accuracy': 0.9709333333333333, 'test_accuracy': 0.968}} 
09-16 05:50 DEBUG    ****** PDM_KL matching ******** 
09-16 05:50 DEBUG    Best Sigma0: 10. Best sigma: 0.5 Best gamma: 10. Best Test accuracy: 0.9682. Train acc: 0.9708833333333333. 

09-16 05:50 DEBUG    PDM_KL log: {(10, 0.5, 10): {'shapes': [(784, 700), (700,), (700, 10), (10,)], 'train_accuracy': 0.9708833333333333, 'test_accuracy': 0.9682}} 
09-16 06:00 DEBUG    ****** PDM_KL matching ******** 
09-16 06:00 DEBUG    Best Sigma0: 10. Best sigma: 0.5 Best gamma: 10. Best Test accuracy: 0.9677. Train acc: 0.9707. 

09-16 06:00 DEBUG    PDM_KL log: {(10, 0.5, 10): {'shapes': [(784, 700), (700,), (700, 10), (10,)], 'train_accuracy': 0.9707, 'test_accuracy': 0.9677}} 
09-16 06:06 DEBUG    ****** PDM_KL matching ******** 
09-16 06:06 DEBUG    Best Sigma0: 10. Best sigma: 0.5 Best gamma: 10. Best Test accuracy: 0.9688. Train acc: 0.9709666666666666. 

09-16 06:06 DEBUG    PDM_KL log: {(10, 0.5, 10): {'shapes': [(784, 622), (622,), (622, 10), (10,)], 'train_accuracy': 0.9709666666666666, 'test_accuracy': 0.9688}} 
09-16 06:07 DEBUG    ****** PDM_KL matching ******** 
09-16 06:07 DEBUG    Best Sigma0: 10. Best sigma: 0.5 Best gamma: 10. Best Test accuracy: 0.0974. Train acc: 0.09751666666666667. 

09-16 06:07 DEBUG    PDM_KL log: {(10, 0.5, 10): {'shapes': [(784, 100), (100,), (100, 10), (10,)], 'train_accuracy': 0.09751666666666667, 'test_accuracy': 0.0974}} 
09-16 06:09 DEBUG    ****** PDM_KL matching ******** 
09-16 06:09 DEBUG    Best Sigma0: 10. Best sigma: 0.5 Best gamma: 10. Best Test accuracy: 0.0974. Train acc: 0.09751666666666667. 

09-16 06:09 DEBUG    PDM_KL log: {(10, 0.5, 10): {'shapes': [(784, 100), (100,), (100, 10), (10,)], 'train_accuracy': 0.09751666666666667, 'test_accuracy': 0.0974}} 
09-16 06:10 DEBUG    ****** PDM_KL matching ******** 
09-16 06:10 DEBUG    Best Sigma0: 10. Best sigma: 0.5 Best gamma: 10. Best Test accuracy: 0.0974. Train acc: 0.09751666666666667. 

09-16 06:10 DEBUG    PDM_KL log: {(10, 0.5, 10): {'shapes': [(784, 100), (100,), (100, 10), (10,)], 'train_accuracy': 0.09751666666666667, 'test_accuracy': 0.0974}} 
09-16 06:10 DEBUG    Trial 1 completed
09-16 06:10 DEBUG    ####################################################################################################
09-16 06:10 DEBUG    ####################################################################################################
09-16 06:10 DEBUG    Executing Trial 2 with seed 2
09-16 06:10 DEBUG    Data statistics: {0: {0: 613, 1: 691, 2: 569, 3: 611, 4: 600, 5: 562, 6: 585, 7: 610, 8: 590, 9: 569}, 1: {0: 570, 1: 663, 2: 625, 3: 641, 4: 617, 5: 521, 6: 584, 7: 610, 8: 576, 9: 593}, 2: {0: 595, 1: 669, 2: 620, 3: 637, 4: 572, 5: 563, 6: 606, 7: 618, 8: 547, 9: 573}, 3: {0: 572, 1: 675, 2: 577, 3: 575, 4: 587, 5: 546, 6: 611, 7: 637, 8: 606, 9: 614}, 4: {0: 569, 1: 623, 2: 612, 3: 646, 4: 593, 5: 550, 6: 617, 7: 608, 8: 584, 9: 598}, 5: {0: 587, 1: 695, 2: 601, 3: 613, 4: 563, 5: 546, 6: 576, 7: 657, 8: 593, 9: 569}, 6: {0: 618, 1: 690, 2: 608, 3: 559, 4: 573, 5: 541, 6: 572, 7: 633, 8: 590, 9: 616}, 7: {0: 611, 1: 691, 2: 579, 3: 637, 4: 587, 5: 530, 6: 551, 7: 660, 8: 555, 9: 599}, 8: {0: 640, 1: 672, 2: 587, 3: 574, 4: 581, 5: 525, 6: 595, 7: 632, 8: 580, 9: 614}, 9: {0: 548, 1: 673, 2: 580, 3: 638, 4: 569, 5: 537, 6: 621, 7: 600, 8: 630, 9: 604}}
09-16 06:11 DEBUG    **************************************************
09-16 06:11 DEBUG    Running experiments 

09-16 06:12 DEBUG    Uniform ensemble (Train acc): 0.971533
09-16 06:12 DEBUG    Uniform ensemble (Test acc): 0.968000
09-16 06:12 DEBUG    FedAvg (Train acc): 0.186983
09-16 06:12 DEBUG    FedAvg (Test acc): 0.186000
09-16 06:18 DEBUG    ****** PDM_KL matching ******** 
09-16 06:18 DEBUG    Best Sigma0: 10. Best sigma: 0.5 Best gamma: 10. Best Test accuracy: 0.9673. Train acc: 0.97075. 

09-16 06:18 DEBUG    PDM_KL log: {(10, 0.5, 10): {'shapes': [(784, 700), (700,), (700, 10), (10,)], 'train_accuracy': 0.97075, 'test_accuracy': 0.9673}} 
09-16 06:25 DEBUG    ****** PDM_KL matching ******** 
09-16 06:25 DEBUG    Best Sigma0: 10. Best sigma: 0.5 Best gamma: 10. Best Test accuracy: 0.9674. Train acc: 0.9707666666666667. 

09-16 06:25 DEBUG    PDM_KL log: {(10, 0.5, 10): {'shapes': [(784, 700), (700,), (700, 10), (10,)], 'train_accuracy': 0.9707666666666667, 'test_accuracy': 0.9674}} 
09-16 06:33 DEBUG    ****** PDM_KL matching ******** 
09-16 06:33 DEBUG    Best Sigma0: 10. Best sigma: 0.5 Best gamma: 10. Best Test accuracy: 0.9678. Train acc: 0.9706166666666667. 

09-16 06:33 DEBUG    PDM_KL log: {(10, 0.5, 10): {'shapes': [(784, 700), (700,), (700, 10), (10,)], 'train_accuracy': 0.9706166666666667, 'test_accuracy': 0.9678}} 
09-16 06:42 DEBUG    ****** PDM_KL matching ******** 
09-16 06:42 DEBUG    Best Sigma0: 10. Best sigma: 0.5 Best gamma: 10. Best Test accuracy: 0.9667. Train acc: 0.9704166666666667. 

09-16 06:42 DEBUG    PDM_KL log: {(10, 0.5, 10): {'shapes': [(784, 700), (700,), (700, 10), (10,)], 'train_accuracy': 0.9704166666666667, 'test_accuracy': 0.9667}} 
09-16 06:51 DEBUG    ****** PDM_KL matching ******** 
09-16 06:51 DEBUG    Best Sigma0: 10. Best sigma: 0.5 Best gamma: 10. Best Test accuracy: 0.9677. Train acc: 0.9708166666666667. 

09-16 06:51 DEBUG    PDM_KL log: {(10, 0.5, 10): {'shapes': [(784, 700), (700,), (700, 10), (10,)], 'train_accuracy': 0.9708166666666667, 'test_accuracy': 0.9677}} 
09-16 06:59 DEBUG    ****** PDM_KL matching ******** 
09-16 06:59 DEBUG    Best Sigma0: 10. Best sigma: 0.5 Best gamma: 10. Best Test accuracy: 0.9669. Train acc: 0.9704666666666667. 

09-16 06:59 DEBUG    PDM_KL log: {(10, 0.5, 10): {'shapes': [(784, 700), (700,), (700, 10), (10,)], 'train_accuracy': 0.9704666666666667, 'test_accuracy': 0.9669}} 
09-16 07:09 DEBUG    ****** PDM_KL matching ******** 
09-16 07:09 DEBUG    Best Sigma0: 10. Best sigma: 0.5 Best gamma: 10. Best Test accuracy: 0.9678. Train acc: 0.9706166666666667. 

09-16 07:09 DEBUG    PDM_KL log: {(10, 0.5, 10): {'shapes': [(784, 700), (700,), (700, 10), (10,)], 'train_accuracy': 0.9706166666666667, 'test_accuracy': 0.9678}} 
09-16 07:16 DEBUG    ****** PDM_KL matching ******** 
09-16 07:16 DEBUG    Best Sigma0: 10. Best sigma: 0.5 Best gamma: 10. Best Test accuracy: 0.9677. Train acc: 0.9703333333333334. 

09-16 07:16 DEBUG    PDM_KL log: {(10, 0.5, 10): {'shapes': [(784, 649), (649,), (649, 10), (10,)], 'train_accuracy': 0.9703333333333334, 'test_accuracy': 0.9677}} 
09-16 07:17 DEBUG    ****** PDM_KL matching ******** 
09-16 07:17 DEBUG    Best Sigma0: 10. Best sigma: 0.5 Best gamma: 10. Best Test accuracy: 0.0974. Train acc: 0.09751666666666667. 

09-16 07:17 DEBUG    PDM_KL log: {(10, 0.5, 10): {'shapes': [(784, 100), (100,), (100, 10), (10,)], 'train_accuracy': 0.09751666666666667, 'test_accuracy': 0.0974}} 
09-16 07:18 DEBUG    ****** PDM_KL matching ******** 
09-16 07:18 DEBUG    Best Sigma0: 10. Best sigma: 0.5 Best gamma: 10. Best Test accuracy: 0.0974. Train acc: 0.09751666666666667. 

09-16 07:18 DEBUG    PDM_KL log: {(10, 0.5, 10): {'shapes': [(784, 100), (100,), (100, 10), (10,)], 'train_accuracy': 0.09751666666666667, 'test_accuracy': 0.0974}} 
09-16 07:20 DEBUG    ****** PDM_KL matching ******** 
09-16 07:20 DEBUG    Best Sigma0: 10. Best sigma: 0.5 Best gamma: 10. Best Test accuracy: 0.0974. Train acc: 0.09751666666666667. 

09-16 07:20 DEBUG    PDM_KL log: {(10, 0.5, 10): {'shapes': [(784, 100), (100,), (100, 10), (10,)], 'train_accuracy': 0.09751666666666667, 'test_accuracy': 0.0974}} 
09-16 07:20 DEBUG    Trial 2 completed
09-16 07:20 DEBUG    ####################################################################################################
09-16 07:20 DEBUG    ####################################################################################################
09-16 07:20 DEBUG    Executing Trial 3 with seed 3
09-16 07:20 DEBUG    Data statistics: {0: {0: 578, 1: 726, 2: 611, 3: 606, 4: 571, 5: 535, 6: 562, 7: 646, 8: 594, 9: 571}, 1: {0: 600, 1: 656, 2: 590, 3: 593, 4: 586, 5: 569, 6: 596, 7: 639, 8: 573, 9: 598}, 2: {0: 557, 1: 671, 2: 594, 3: 628, 4: 595, 5: 530, 6: 564, 7: 644, 8: 612, 9: 605}, 3: {0: 574, 1: 669, 2: 615, 3: 645, 4: 595, 5: 523, 6: 579, 7: 577, 8: 600, 9: 623}, 4: {0: 574, 1: 677, 2: 571, 3: 636, 4: 600, 5: 539, 6: 608, 7: 623, 8: 579, 9: 593}, 5: {0: 585, 1: 682, 2: 619, 3: 631, 4: 587, 5: 524, 6: 591, 7: 599, 8: 553, 9: 629}, 6: {0: 626, 1: 693, 2: 582, 3: 595, 4: 568, 5: 563, 6: 605, 7: 618, 8: 588, 9: 562}, 7: {0: 613, 1: 663, 2: 592, 3: 590, 4: 550, 5: 521, 6: 600, 7: 660, 8: 615, 9: 596}, 8: {0: 624, 1: 689, 2: 589, 3: 620, 4: 567, 5: 570, 6: 575, 7: 618, 8: 563, 9: 585}, 9: {0: 592, 1: 616, 2: 595, 3: 587, 4: 623, 5: 547, 6: 638, 7: 641, 8: 574, 9: 587}}
09-16 07:20 DEBUG    **************************************************
09-16 07:20 DEBUG    Running experiments 

09-16 07:21 DEBUG    Uniform ensemble (Train acc): 0.970250
09-16 07:21 DEBUG    Uniform ensemble (Test acc): 0.969400
09-16 07:21 DEBUG    FedAvg (Train acc): 0.131750
09-16 07:21 DEBUG    FedAvg (Test acc): 0.135200
09-16 07:27 DEBUG    ****** PDM_KL matching ******** 
09-16 07:27 DEBUG    Best Sigma0: 10. Best sigma: 0.5 Best gamma: 10. Best Test accuracy: 0.9695. Train acc: 0.9716666666666667. 

09-16 07:27 DEBUG    PDM_KL log: {(10, 0.5, 10): {'shapes': [(784, 700), (700,), (700, 10), (10,)], 'train_accuracy': 0.9716666666666667, 'test_accuracy': 0.9695}} 
09-16 07:35 DEBUG    ****** PDM_KL matching ******** 
09-16 07:35 DEBUG    Best Sigma0: 10. Best sigma: 0.5 Best gamma: 10. Best Test accuracy: 0.9691. Train acc: 0.9716666666666667. 

09-16 07:35 DEBUG    PDM_KL log: {(10, 0.5, 10): {'shapes': [(784, 700), (700,), (700, 10), (10,)], 'train_accuracy': 0.9716666666666667, 'test_accuracy': 0.9691}} 
09-16 07:44 DEBUG    ****** PDM_KL matching ******** 
09-16 07:44 DEBUG    Best Sigma0: 10. Best sigma: 0.5 Best gamma: 10. Best Test accuracy: 0.969. Train acc: 0.9716166666666667. 

09-16 07:44 DEBUG    PDM_KL log: {(10, 0.5, 10): {'shapes': [(784, 700), (700,), (700, 10), (10,)], 'train_accuracy': 0.9716166666666667, 'test_accuracy': 0.969}} 
09-16 07:55 DEBUG    ****** PDM_KL matching ******** 
09-16 07:55 DEBUG    Best Sigma0: 10. Best sigma: 0.5 Best gamma: 10. Best Test accuracy: 0.969. Train acc: 0.9715666666666667. 

09-16 07:55 DEBUG    PDM_KL log: {(10, 0.5, 10): {'shapes': [(784, 700), (700,), (700, 10), (10,)], 'train_accuracy': 0.9715666666666667, 'test_accuracy': 0.969}} 
09-16 08:03 DEBUG    ****** PDM_KL matching ******** 
09-16 08:03 DEBUG    Best Sigma0: 10. Best sigma: 0.5 Best gamma: 10. Best Test accuracy: 0.9691. Train acc: 0.9715666666666667. 

09-16 08:03 DEBUG    PDM_KL log: {(10, 0.5, 10): {'shapes': [(784, 700), (700,), (700, 10), (10,)], 'train_accuracy': 0.9715666666666667, 'test_accuracy': 0.9691}} 
09-16 08:12 DEBUG    ****** PDM_KL matching ******** 
09-16 08:12 DEBUG    Best Sigma0: 10. Best sigma: 0.5 Best gamma: 10. Best Test accuracy: 0.9691. Train acc: 0.9717166666666667. 

09-16 08:12 DEBUG    PDM_KL log: {(10, 0.5, 10): {'shapes': [(784, 700), (700,), (700, 10), (10,)], 'train_accuracy': 0.9717166666666667, 'test_accuracy': 0.9691}} 
09-16 08:23 DEBUG    ****** PDM_KL matching ******** 
09-16 08:23 DEBUG    Best Sigma0: 10. Best sigma: 0.5 Best gamma: 10. Best Test accuracy: 0.9687. Train acc: 0.97145. 

09-16 08:23 DEBUG    PDM_KL log: {(10, 0.5, 10): {'shapes': [(784, 700), (700,), (700, 10), (10,)], 'train_accuracy': 0.97145, 'test_accuracy': 0.9687}} 
09-16 08:27 DEBUG    ****** PDM_KL matching ******** 
09-16 08:27 DEBUG    Best Sigma0: 10. Best sigma: 0.5 Best gamma: 10. Best Test accuracy: 0.9696. Train acc: 0.9707666666666667. 

09-16 08:27 DEBUG    PDM_KL log: {(10, 0.5, 10): {'shapes': [(784, 622), (622,), (622, 10), (10,)], 'train_accuracy': 0.9707666666666667, 'test_accuracy': 0.9696}} 
09-16 08:29 DEBUG    ****** PDM_KL matching ******** 
09-16 08:29 DEBUG    Best Sigma0: 10. Best sigma: 0.5 Best gamma: 10. Best Test accuracy: 0.0974. Train acc: 0.09751666666666667. 

09-16 08:29 DEBUG    PDM_KL log: {(10, 0.5, 10): {'shapes': [(784, 100), (100,), (100, 10), (10,)], 'train_accuracy': 0.09751666666666667, 'test_accuracy': 0.0974}} 
09-16 08:31 DEBUG    ****** PDM_KL matching ******** 
09-16 08:31 DEBUG    Best Sigma0: 10. Best sigma: 0.5 Best gamma: 10. Best Test accuracy: 0.0974. Train acc: 0.09751666666666667. 

09-16 08:31 DEBUG    PDM_KL log: {(10, 0.5, 10): {'shapes': [(784, 100), (100,), (100, 10), (10,)], 'train_accuracy': 0.09751666666666667, 'test_accuracy': 0.0974}} 
09-16 08:32 DEBUG    ****** PDM_KL matching ******** 
09-16 08:32 DEBUG    Best Sigma0: 10. Best sigma: 0.5 Best gamma: 10. Best Test accuracy: 0.0974. Train acc: 0.09751666666666667. 

09-16 08:32 DEBUG    PDM_KL log: {(10, 0.5, 10): {'shapes': [(784, 100), (100,), (100, 10), (10,)], 'train_accuracy': 0.09751666666666667, 'test_accuracy': 0.0974}} 
09-16 08:32 DEBUG    Trial 3 completed
09-16 08:32 DEBUG    ####################################################################################################
09-16 08:32 DEBUG    ####################################################################################################
09-16 08:32 DEBUG    Executing Trial 4 with seed 4
09-16 08:32 DEBUG    Data statistics: {0: {0: 580, 1: 694, 2: 624, 3: 614, 4: 560, 5: 523, 6: 605, 7: 625, 8: 581, 9: 594}, 1: {0: 617, 1: 648, 2: 621, 3: 611, 4: 566, 5: 565, 6: 567, 7: 655, 8: 587, 9: 563}, 2: {0: 557, 1: 697, 2: 599, 3: 597, 4: 588, 5: 541, 6: 602, 7: 606, 8: 620, 9: 593}, 3: {0: 594, 1: 659, 2: 550, 3: 623, 4: 626, 5: 545, 6: 592, 7: 603, 8: 560, 9: 648}, 4: {0: 579, 1: 706, 2: 598, 3: 652, 4: 580, 5: 547, 6: 641, 7: 616, 8: 507, 9: 574}, 5: {0: 631, 1: 658, 2: 584, 3: 617, 4: 603, 5: 526, 6: 583, 7: 609, 8: 604, 9: 585}, 6: {0: 576, 1: 686, 2: 595, 3: 601, 4: 573, 5: 535, 6: 589, 7: 678, 8: 559, 9: 608}, 7: {0: 614, 1: 663, 2: 624, 3: 600, 4: 587, 5: 528, 6: 574, 7: 610, 8: 636, 9: 564}, 8: {0: 577, 1: 690, 2: 601, 3: 589, 4: 581, 5: 550, 6: 549, 7: 641, 8: 593, 9: 629}, 9: {0: 598, 1: 641, 2: 562, 3: 627, 4: 578, 5: 561, 6: 616, 7: 622, 8: 604, 9: 591}}
09-16 08:33 DEBUG    **************************************************
09-16 08:33 DEBUG    Running experiments 

09-16 08:34 DEBUG    Uniform ensemble (Train acc): 0.971883
09-16 08:34 DEBUG    Uniform ensemble (Test acc): 0.967800
09-16 08:35 DEBUG    FedAvg (Train acc): 0.198217
09-16 08:35 DEBUG    FedAvg (Test acc): 0.205200
09-16 08:41 DEBUG    ****** PDM_KL matching ******** 
09-16 08:41 DEBUG    Best Sigma0: 10. Best sigma: 0.5 Best gamma: 10. Best Test accuracy: 0.967. Train acc: 0.9724166666666667. 

09-16 08:41 DEBUG    PDM_KL log: {(10, 0.5, 10): {'shapes': [(784, 700), (700,), (700, 10), (10,)], 'train_accuracy': 0.9724166666666667, 'test_accuracy': 0.967}} 
09-16 08:50 DEBUG    ****** PDM_KL matching ******** 
09-16 08:50 DEBUG    Best Sigma0: 10. Best sigma: 0.5 Best gamma: 10. Best Test accuracy: 0.9674. Train acc: 0.9722833333333334. 

09-16 08:50 DEBUG    PDM_KL log: {(10, 0.5, 10): {'shapes': [(784, 700), (700,), (700, 10), (10,)], 'train_accuracy': 0.9722833333333334, 'test_accuracy': 0.9674}} 
09-16 09:00 DEBUG    ****** PDM_KL matching ******** 
09-16 09:00 DEBUG    Best Sigma0: 10. Best sigma: 0.5 Best gamma: 10. Best Test accuracy: 0.9677. Train acc: 0.9723666666666667. 

09-16 09:00 DEBUG    PDM_KL log: {(10, 0.5, 10): {'shapes': [(784, 700), (700,), (700, 10), (10,)], 'train_accuracy': 0.9723666666666667, 'test_accuracy': 0.9677}} 
09-16 09:09 DEBUG    ****** PDM_KL matching ******** 
09-16 09:09 DEBUG    Best Sigma0: 10. Best sigma: 0.5 Best gamma: 10. Best Test accuracy: 0.9677. Train acc: 0.97235. 

09-16 09:09 DEBUG    PDM_KL log: {(10, 0.5, 10): {'shapes': [(784, 700), (700,), (700, 10), (10,)], 'train_accuracy': 0.97235, 'test_accuracy': 0.9677}} 
09-16 09:16 DEBUG    ****** PDM_KL matching ******** 
09-16 09:16 DEBUG    Best Sigma0: 10. Best sigma: 0.5 Best gamma: 10. Best Test accuracy: 0.9672. Train acc: 0.9720833333333333. 

09-16 09:16 DEBUG    PDM_KL log: {(10, 0.5, 10): {'shapes': [(784, 700), (700,), (700, 10), (10,)], 'train_accuracy': 0.9720833333333333, 'test_accuracy': 0.9672}} 
09-16 09:21 DEBUG    ****** PDM_KL matching ******** 
09-16 09:21 DEBUG    Best Sigma0: 10. Best sigma: 0.5 Best gamma: 10. Best Test accuracy: 0.9676. Train acc: 0.97225. 

09-16 09:21 DEBUG    PDM_KL log: {(10, 0.5, 10): {'shapes': [(784, 700), (700,), (700, 10), (10,)], 'train_accuracy': 0.97225, 'test_accuracy': 0.9676}} 
09-16 09:30 DEBUG    ****** PDM_KL matching ******** 
09-16 09:30 DEBUG    Best Sigma0: 10. Best sigma: 0.5 Best gamma: 10. Best Test accuracy: 0.9674. Train acc: 0.9723833333333334. 

09-16 09:30 DEBUG    PDM_KL log: {(10, 0.5, 10): {'shapes': [(784, 700), (700,), (700, 10), (10,)], 'train_accuracy': 0.9723833333333334, 'test_accuracy': 0.9674}} 
09-16 09:38 DEBUG    ****** PDM_KL matching ******** 
09-16 09:38 DEBUG    Best Sigma0: 10. Best sigma: 0.5 Best gamma: 10. Best Test accuracy: 0.9681. Train acc: 0.9719833333333333. 

09-16 09:38 DEBUG    PDM_KL log: {(10, 0.5, 10): {'shapes': [(784, 630), (630,), (630, 10), (10,)], 'train_accuracy': 0.9719833333333333, 'test_accuracy': 0.9681}} 
09-16 09:39 DEBUG    ****** PDM_KL matching ******** 
09-16 09:39 DEBUG    Best Sigma0: 10. Best sigma: 0.5 Best gamma: 10. Best Test accuracy: 0.0974. Train acc: 0.09751666666666667. 

09-16 09:39 DEBUG    PDM_KL log: {(10, 0.5, 10): {'shapes': [(784, 100), (100,), (100, 10), (10,)], 'train_accuracy': 0.09751666666666667, 'test_accuracy': 0.0974}} 
09-16 09:40 DEBUG    ****** PDM_KL matching ******** 
09-16 09:40 DEBUG    Best Sigma0: 10. Best sigma: 0.5 Best gamma: 10. Best Test accuracy: 0.0974. Train acc: 0.09751666666666667. 

09-16 09:40 DEBUG    PDM_KL log: {(10, 0.5, 10): {'shapes': [(784, 100), (100,), (100, 10), (10,)], 'train_accuracy': 0.09751666666666667, 'test_accuracy': 0.0974}} 
09-16 09:42 DEBUG    ****** PDM_KL matching ******** 
09-16 09:42 DEBUG    Best Sigma0: 10. Best sigma: 0.5 Best gamma: 10. Best Test accuracy: 0.0974. Train acc: 0.09751666666666667. 

09-16 09:42 DEBUG    PDM_KL log: {(10, 0.5, 10): {'shapes': [(784, 100), (100,), (100, 10), (10,)], 'train_accuracy': 0.09751666666666667, 'test_accuracy': 0.0974}} 
09-16 09:42 DEBUG    Trial 4 completed
09-16 09:42 DEBUG    ####################################################################################################
09-16 09:42 DEBUG    ####################################################################################################
09-16 09:42 DEBUG    Executing Trial 5 with seed 5
09-16 09:42 DEBUG    Data statistics: {0: {0: 565, 1: 648, 2: 579, 3: 636, 4: 604, 5: 509, 6: 611, 7: 660, 8: 602, 9: 586}, 1: {0: 633, 1: 675, 2: 592, 3: 613, 4: 571, 5: 505, 6: 594, 7: 640, 8: 580, 9: 597}, 2: {0: 603, 1: 699, 2: 564, 3: 589, 4: 573, 5: 546, 6: 576, 7: 621, 8: 593, 9: 636}, 3: {0: 626, 1: 652, 2: 608, 3: 607, 4: 574, 5: 563, 6: 581, 7: 634, 8: 552, 9: 603}, 4: {0: 579, 1: 684, 2: 592, 3: 631, 4: 561, 5: 548, 6: 565, 7: 626, 8: 637, 9: 577}, 5: {0: 579, 1: 672, 2: 616, 3: 629, 4: 575, 5: 552, 6: 588, 7: 647, 8: 559, 9: 583}, 6: {0: 579, 1: 664, 2: 607, 3: 607, 4: 628, 5: 580, 6: 564, 7: 592, 8: 565, 9: 614}, 7: {0: 572, 1: 678, 2: 612, 3: 616, 4: 591, 5: 535, 6: 626, 7: 624, 8: 557, 9: 589}, 8: {0: 603, 1: 683, 2: 591, 3: 628, 4: 582, 5: 559, 6: 610, 7: 611, 8: 571, 9: 562}, 9: {0: 584, 1: 687, 2: 597, 3: 575, 4: 583, 5: 524, 6: 603, 7: 610, 8: 635, 9: 602}}
09-16 09:43 DEBUG    **************************************************
09-16 09:43 DEBUG    Running experiments 

09-16 09:43 DEBUG    Uniform ensemble (Train acc): 0.970783
09-16 09:43 DEBUG    Uniform ensemble (Test acc): 0.969000
09-16 09:44 DEBUG    FedAvg (Train acc): 0.158200
09-16 09:44 DEBUG    FedAvg (Test acc): 0.155200
09-16 09:50 DEBUG    ****** PDM_KL matching ******** 
09-16 09:50 DEBUG    Best Sigma0: 10. Best sigma: 0.5 Best gamma: 10. Best Test accuracy: 0.9683. Train acc: 0.9709666666666666. 

09-16 09:50 DEBUG    PDM_KL log: {(10, 0.5, 10): {'shapes': [(784, 700), (700,), (700, 10), (10,)], 'train_accuracy': 0.9709666666666666, 'test_accuracy': 0.9683}} 
09-16 09:59 DEBUG    ****** PDM_KL matching ******** 
09-16 09:59 DEBUG    Best Sigma0: 10. Best sigma: 0.5 Best gamma: 10. Best Test accuracy: 0.9683. Train acc: 0.9709333333333333. 

09-16 09:59 DEBUG    PDM_KL log: {(10, 0.5, 10): {'shapes': [(784, 700), (700,), (700, 10), (10,)], 'train_accuracy': 0.9709333333333333, 'test_accuracy': 0.9683}} 
09-16 10:09 DEBUG    ****** PDM_KL matching ******** 
09-16 10:09 DEBUG    Best Sigma0: 10. Best sigma: 0.5 Best gamma: 10. Best Test accuracy: 0.9683. Train acc: 0.9709333333333333. 

09-16 10:09 DEBUG    PDM_KL log: {(10, 0.5, 10): {'shapes': [(784, 700), (700,), (700, 10), (10,)], 'train_accuracy': 0.9709333333333333, 'test_accuracy': 0.9683}} 
09-16 10:17 DEBUG    ****** PDM_KL matching ******** 
09-16 10:17 DEBUG    Best Sigma0: 10. Best sigma: 0.5 Best gamma: 10. Best Test accuracy: 0.9681. Train acc: 0.9711333333333333. 

09-16 10:17 DEBUG    PDM_KL log: {(10, 0.5, 10): {'shapes': [(784, 700), (700,), (700, 10), (10,)], 'train_accuracy': 0.9711333333333333, 'test_accuracy': 0.9681}} 
09-16 10:26 DEBUG    ****** PDM_KL matching ******** 
09-16 10:26 DEBUG    Best Sigma0: 10. Best sigma: 0.5 Best gamma: 10. Best Test accuracy: 0.968. Train acc: 0.9711333333333333. 

09-16 10:26 DEBUG    PDM_KL log: {(10, 0.5, 10): {'shapes': [(784, 700), (700,), (700, 10), (10,)], 'train_accuracy': 0.9711333333333333, 'test_accuracy': 0.968}} 
09-16 10:33 DEBUG    ****** PDM_KL matching ******** 
09-16 10:33 DEBUG    Best Sigma0: 10. Best sigma: 0.5 Best gamma: 10. Best Test accuracy: 0.9681. Train acc: 0.9709166666666667. 

09-16 10:33 DEBUG    PDM_KL log: {(10, 0.5, 10): {'shapes': [(784, 700), (700,), (700, 10), (10,)], 'train_accuracy': 0.9709166666666667, 'test_accuracy': 0.9681}} 
09-16 10:41 DEBUG    ****** PDM_KL matching ******** 
09-16 10:41 DEBUG    Best Sigma0: 10. Best sigma: 0.5 Best gamma: 10. Best Test accuracy: 0.9685. Train acc: 0.97125. 

09-16 10:41 DEBUG    PDM_KL log: {(10, 0.5, 10): {'shapes': [(784, 700), (700,), (700, 10), (10,)], 'train_accuracy': 0.97125, 'test_accuracy': 0.9685}} 
09-16 10:47 DEBUG    ****** PDM_KL matching ******** 
09-16 10:47 DEBUG    Best Sigma0: 10. Best sigma: 0.5 Best gamma: 10. Best Test accuracy: 0.9685. Train acc: 0.9716666666666667. 

09-16 10:47 DEBUG    PDM_KL log: {(10, 0.5, 10): {'shapes': [(784, 640), (640,), (640, 10), (10,)], 'train_accuracy': 0.9716666666666667, 'test_accuracy': 0.9685}} 
09-16 10:48 DEBUG    ****** PDM_KL matching ******** 
09-16 10:48 DEBUG    Best Sigma0: 10. Best sigma: 0.5 Best gamma: 10. Best Test accuracy: 0.0974. Train acc: 0.09751666666666667. 

09-16 10:48 DEBUG    PDM_KL log: {(10, 0.5, 10): {'shapes': [(784, 100), (100,), (100, 10), (10,)], 'train_accuracy': 0.09751666666666667, 'test_accuracy': 0.0974}} 
09-16 10:49 DEBUG    ****** PDM_KL matching ******** 
09-16 10:49 DEBUG    Best Sigma0: 10. Best sigma: 0.5 Best gamma: 10. Best Test accuracy: 0.0974. Train acc: 0.09751666666666667. 

09-16 10:49 DEBUG    PDM_KL log: {(10, 0.5, 10): {'shapes': [(784, 100), (100,), (100, 10), (10,)], 'train_accuracy': 0.09751666666666667, 'test_accuracy': 0.0974}} 
09-16 10:50 DEBUG    ****** PDM_KL matching ******** 
09-16 10:50 DEBUG    Best Sigma0: 10. Best sigma: 0.5 Best gamma: 10. Best Test accuracy: 0.0974. Train acc: 0.09751666666666667. 

09-16 10:50 DEBUG    PDM_KL log: {(10, 0.5, 10): {'shapes': [(784, 100), (100,), (100, 10), (10,)], 'train_accuracy': 0.09751666666666667, 'test_accuracy': 0.0974}} 
09-16 10:50 DEBUG    Trial 5 completed
09-16 10:50 DEBUG    ####################################################################################################
09-16 10:50 DEBUG    ####################################################################################################
09-16 10:50 DEBUG    Executing Trial 6 with seed 6
09-16 10:50 DEBUG    Data statistics: {0: {0: 590, 1: 661, 2: 587, 3: 624, 4: 613, 5: 542, 6: 623, 7: 604, 8: 557, 9: 599}, 1: {0: 561, 1: 716, 2: 606, 3: 636, 4: 568, 5: 547, 6: 552, 7: 633, 8: 614, 9: 567}, 2: {0: 606, 1: 716, 2: 582, 3: 615, 4: 579, 5: 513, 6: 583, 7: 607, 8: 571, 9: 628}, 3: {0: 589, 1: 664, 2: 553, 3: 609, 4: 561, 5: 570, 6: 620, 7: 636, 8: 604, 9: 594}, 4: {0: 592, 1: 682, 2: 656, 3: 604, 4: 573, 5: 521, 6: 594, 7: 634, 8: 569, 9: 575}, 5: {0: 572, 1: 693, 2: 589, 3: 661, 4: 560, 5: 546, 6: 572, 7: 638, 8: 589, 9: 580}, 6: {0: 626, 1: 663, 2: 593, 3: 573, 4: 615, 5: 560, 6: 604, 7: 597, 8: 566, 9: 603}, 7: {0: 617, 1: 650, 2: 594, 3: 583, 4: 591, 5: 500, 6: 617, 7: 657, 8: 579, 9: 612}, 8: {0: 578, 1: 643, 2: 592, 3: 629, 4: 581, 5: 554, 6: 571, 7: 653, 8: 588, 9: 611}, 9: {0: 592, 1: 654, 2: 606, 3: 597, 4: 601, 5: 568, 6: 582, 7: 606, 8: 614, 9: 580}}
09-16 10:51 DEBUG    **************************************************
09-16 10:51 DEBUG    Running experiments 

09-16 10:52 DEBUG    Uniform ensemble (Train acc): 0.970150
09-16 10:52 DEBUG    Uniform ensemble (Test acc): 0.968000
09-16 10:52 DEBUG    FedAvg (Train acc): 0.099667
09-16 10:52 DEBUG    FedAvg (Test acc): 0.099800
09-16 11:00 DEBUG    ****** PDM_KL matching ******** 
09-16 11:00 DEBUG    Best Sigma0: 10. Best sigma: 0.5 Best gamma: 10. Best Test accuracy: 0.9674. Train acc: 0.9705333333333334. 

09-16 11:00 DEBUG    PDM_KL log: {(10, 0.5, 10): {'shapes': [(784, 700), (700,), (700, 10), (10,)], 'train_accuracy': 0.9705333333333334, 'test_accuracy': 0.9674}} 
09-16 11:07 DEBUG    ****** PDM_KL matching ******** 
09-16 11:07 DEBUG    Best Sigma0: 10. Best sigma: 0.5 Best gamma: 10. Best Test accuracy: 0.9668. Train acc: 0.9706. 

09-16 11:07 DEBUG    PDM_KL log: {(10, 0.5, 10): {'shapes': [(784, 700), (700,), (700, 10), (10,)], 'train_accuracy': 0.9706, 'test_accuracy': 0.9668}} 
09-16 11:15 DEBUG    ****** PDM_KL matching ******** 
09-16 11:15 DEBUG    Best Sigma0: 10. Best sigma: 0.5 Best gamma: 10. Best Test accuracy: 0.967. Train acc: 0.97055. 

09-16 11:15 DEBUG    PDM_KL log: {(10, 0.5, 10): {'shapes': [(784, 700), (700,), (700, 10), (10,)], 'train_accuracy': 0.97055, 'test_accuracy': 0.967}} 
09-16 11:25 DEBUG    ****** PDM_KL matching ******** 
09-16 11:25 DEBUG    Best Sigma0: 10. Best sigma: 0.5 Best gamma: 10. Best Test accuracy: 0.9668. Train acc: 0.9704333333333334. 

09-16 11:25 DEBUG    PDM_KL log: {(10, 0.5, 10): {'shapes': [(784, 700), (700,), (700, 10), (10,)], 'train_accuracy': 0.9704333333333334, 'test_accuracy': 0.9668}} 
09-16 11:36 DEBUG    ****** PDM_KL matching ******** 
09-16 11:36 DEBUG    Best Sigma0: 10. Best sigma: 0.5 Best gamma: 10. Best Test accuracy: 0.9667. Train acc: 0.9704833333333334. 

09-16 11:36 DEBUG    PDM_KL log: {(10, 0.5, 10): {'shapes': [(784, 700), (700,), (700, 10), (10,)], 'train_accuracy': 0.9704833333333334, 'test_accuracy': 0.9667}} 
09-16 11:44 DEBUG    ****** PDM_KL matching ******** 
09-16 11:44 DEBUG    Best Sigma0: 10. Best sigma: 0.5 Best gamma: 10. Best Test accuracy: 0.9668. Train acc: 0.9706833333333333. 

09-16 11:44 DEBUG    PDM_KL log: {(10, 0.5, 10): {'shapes': [(784, 700), (700,), (700, 10), (10,)], 'train_accuracy': 0.9706833333333333, 'test_accuracy': 0.9668}} 
09-16 11:53 DEBUG    ****** PDM_KL matching ******** 
09-16 11:53 DEBUG    Best Sigma0: 10. Best sigma: 0.5 Best gamma: 10. Best Test accuracy: 0.9667. Train acc: 0.9709666666666666. 

09-16 11:53 DEBUG    PDM_KL log: {(10, 0.5, 10): {'shapes': [(784, 700), (700,), (700, 10), (10,)], 'train_accuracy': 0.9709666666666666, 'test_accuracy': 0.9667}} 
09-16 11:59 DEBUG    ****** PDM_KL matching ******** 
09-16 11:59 DEBUG    Best Sigma0: 10. Best sigma: 0.5 Best gamma: 10. Best Test accuracy: 0.9673. Train acc: 0.9701333333333333. 

09-16 11:59 DEBUG    PDM_KL log: {(10, 0.5, 10): {'shapes': [(784, 658), (658,), (658, 10), (10,)], 'train_accuracy': 0.9701333333333333, 'test_accuracy': 0.9673}} 
09-16 12:00 DEBUG    ****** PDM_KL matching ******** 
09-16 12:00 DEBUG    Best Sigma0: 10. Best sigma: 0.5 Best gamma: 10. Best Test accuracy: 0.0974. Train acc: 0.09751666666666667. 

09-16 12:00 DEBUG    PDM_KL log: {(10, 0.5, 10): {'shapes': [(784, 100), (100,), (100, 10), (10,)], 'train_accuracy': 0.09751666666666667, 'test_accuracy': 0.0974}} 
09-16 12:02 DEBUG    ****** PDM_KL matching ******** 
09-16 12:02 DEBUG    Best Sigma0: 10. Best sigma: 0.5 Best gamma: 10. Best Test accuracy: 0.0974. Train acc: 0.09751666666666667. 

09-16 12:02 DEBUG    PDM_KL log: {(10, 0.5, 10): {'shapes': [(784, 100), (100,), (100, 10), (10,)], 'train_accuracy': 0.09751666666666667, 'test_accuracy': 0.0974}} 
09-16 12:03 DEBUG    ****** PDM_KL matching ******** 
09-16 12:03 DEBUG    Best Sigma0: 10. Best sigma: 0.5 Best gamma: 10. Best Test accuracy: 0.0974. Train acc: 0.09751666666666667. 

09-16 12:03 DEBUG    PDM_KL log: {(10, 0.5, 10): {'shapes': [(784, 100), (100,), (100, 10), (10,)], 'train_accuracy': 0.09751666666666667, 'test_accuracy': 0.0974}} 
09-16 12:03 DEBUG    Trial 6 completed
09-16 12:03 DEBUG    ####################################################################################################
09-16 12:03 DEBUG    ####################################################################################################
09-16 12:03 DEBUG    Executing Trial 7 with seed 7
09-16 12:03 DEBUG    Data statistics: {0: {0: 554, 1: 669, 2: 572, 3: 681, 4: 598, 5: 558, 6: 636, 7: 619, 8: 562, 9: 551}, 1: {0: 590, 1: 674, 2: 557, 3: 563, 4: 600, 5: 553, 6: 565, 7: 674, 8: 639, 9: 585}, 2: {0: 605, 1: 703, 2: 584, 3: 644, 4: 578, 5: 529, 6: 563, 7: 606, 8: 577, 9: 611}, 3: {0: 581, 1: 680, 2: 615, 3: 621, 4: 560, 5: 588, 6: 616, 7: 604, 8: 523, 9: 612}, 4: {0: 623, 1: 671, 2: 621, 3: 623, 4: 589, 5: 521, 6: 604, 7: 610, 8: 560, 9: 578}, 5: {0: 571, 1: 610, 2: 573, 3: 626, 4: 602, 5: 557, 6: 561, 7: 678, 8: 604, 9: 618}, 6: {0: 552, 1: 679, 2: 615, 3: 613, 4: 559, 5: 514, 6: 599, 7: 643, 8: 606, 9: 620}, 7: {0: 620, 1: 710, 2: 621, 3: 598, 4: 568, 5: 520, 6: 575, 7: 612, 8: 597, 9: 579}, 8: {0: 625, 1: 671, 2: 596, 3: 560, 4: 620, 5: 530, 6: 646, 7: 593, 8: 558, 9: 601}, 9: {0: 602, 1: 675, 2: 604, 3: 602, 4: 568, 5: 551, 6: 553, 7: 626, 8: 625, 9: 594}}
09-16 12:04 DEBUG    **************************************************
09-16 12:04 DEBUG    Running experiments 

09-16 12:05 DEBUG    Uniform ensemble (Train acc): 0.971400
09-16 12:05 DEBUG    Uniform ensemble (Test acc): 0.969000
09-16 12:05 DEBUG    FedAvg (Train acc): 0.145483
09-16 12:05 DEBUG    FedAvg (Test acc): 0.141100
09-16 12:10 DEBUG    ****** PDM_KL matching ******** 
09-16 12:10 DEBUG    Best Sigma0: 10. Best sigma: 0.5 Best gamma: 10. Best Test accuracy: 0.9689. Train acc: 0.9713333333333334. 

09-16 12:10 DEBUG    PDM_KL log: {(10, 0.5, 10): {'shapes': [(784, 700), (700,), (700, 10), (10,)], 'train_accuracy': 0.9713333333333334, 'test_accuracy': 0.9689}} 
09-16 12:20 DEBUG    ****** PDM_KL matching ******** 
09-16 12:20 DEBUG    Best Sigma0: 10. Best sigma: 0.5 Best gamma: 10. Best Test accuracy: 0.9691. Train acc: 0.97135. 

09-16 12:20 DEBUG    PDM_KL log: {(10, 0.5, 10): {'shapes': [(784, 700), (700,), (700, 10), (10,)], 'train_accuracy': 0.97135, 'test_accuracy': 0.9691}} 
09-16 12:29 DEBUG    ****** PDM_KL matching ******** 
09-16 12:29 DEBUG    Best Sigma0: 10. Best sigma: 0.5 Best gamma: 10. Best Test accuracy: 0.9687. Train acc: 0.9713. 

09-16 12:29 DEBUG    PDM_KL log: {(10, 0.5, 10): {'shapes': [(784, 700), (700,), (700, 10), (10,)], 'train_accuracy': 0.9713, 'test_accuracy': 0.9687}} 
09-16 12:39 DEBUG    ****** PDM_KL matching ******** 
09-16 12:39 DEBUG    Best Sigma0: 10. Best sigma: 0.5 Best gamma: 10. Best Test accuracy: 0.9685. Train acc: 0.9713666666666667. 

09-16 12:39 DEBUG    PDM_KL log: {(10, 0.5, 10): {'shapes': [(784, 700), (700,), (700, 10), (10,)], 'train_accuracy': 0.9713666666666667, 'test_accuracy': 0.9685}} 
09-16 12:49 DEBUG    ****** PDM_KL matching ******** 
09-16 12:49 DEBUG    Best Sigma0: 10. Best sigma: 0.5 Best gamma: 10. Best Test accuracy: 0.969. Train acc: 0.9716. 

09-16 12:49 DEBUG    PDM_KL log: {(10, 0.5, 10): {'shapes': [(784, 700), (700,), (700, 10), (10,)], 'train_accuracy': 0.9716, 'test_accuracy': 0.969}} 
09-16 12:57 DEBUG    ****** PDM_KL matching ******** 
09-16 12:57 DEBUG    Best Sigma0: 10. Best sigma: 0.5 Best gamma: 10. Best Test accuracy: 0.9688. Train acc: 0.9713666666666667. 

09-16 12:57 DEBUG    PDM_KL log: {(10, 0.5, 10): {'shapes': [(784, 700), (700,), (700, 10), (10,)], 'train_accuracy': 0.9713666666666667, 'test_accuracy': 0.9688}} 
09-16 13:05 DEBUG    ****** PDM_KL matching ******** 
09-16 13:05 DEBUG    Best Sigma0: 10. Best sigma: 0.5 Best gamma: 10. Best Test accuracy: 0.9688. Train acc: 0.9714166666666667. 

09-16 13:05 DEBUG    PDM_KL log: {(10, 0.5, 10): {'shapes': [(784, 700), (700,), (700, 10), (10,)], 'train_accuracy': 0.9714166666666667, 'test_accuracy': 0.9688}} 
09-16 13:10 DEBUG    ****** PDM_KL matching ******** 
09-16 13:10 DEBUG    Best Sigma0: 10. Best sigma: 0.5 Best gamma: 10. Best Test accuracy: 0.969. Train acc: 0.97125. 

09-16 13:10 DEBUG    PDM_KL log: {(10, 0.5, 10): {'shapes': [(784, 676), (676,), (676, 10), (10,)], 'train_accuracy': 0.97125, 'test_accuracy': 0.969}} 
09-16 13:11 DEBUG    ****** PDM_KL matching ******** 
09-16 13:11 DEBUG    Best Sigma0: 10. Best sigma: 0.5 Best gamma: 10. Best Test accuracy: 0.0974. Train acc: 0.09751666666666667. 

09-16 13:11 DEBUG    PDM_KL log: {(10, 0.5, 10): {'shapes': [(784, 100), (100,), (100, 10), (10,)], 'train_accuracy': 0.09751666666666667, 'test_accuracy': 0.0974}} 
09-16 13:12 DEBUG    ****** PDM_KL matching ******** 
09-16 13:12 DEBUG    Best Sigma0: 10. Best sigma: 0.5 Best gamma: 10. Best Test accuracy: 0.0974. Train acc: 0.09751666666666667. 

09-16 13:12 DEBUG    PDM_KL log: {(10, 0.5, 10): {'shapes': [(784, 100), (100,), (100, 10), (10,)], 'train_accuracy': 0.09751666666666667, 'test_accuracy': 0.0974}} 
09-16 13:13 DEBUG    ****** PDM_KL matching ******** 
09-16 13:13 DEBUG    Best Sigma0: 10. Best sigma: 0.5 Best gamma: 10. Best Test accuracy: 0.0974. Train acc: 0.09751666666666667. 

09-16 13:13 DEBUG    PDM_KL log: {(10, 0.5, 10): {'shapes': [(784, 100), (100,), (100, 10), (10,)], 'train_accuracy': 0.09751666666666667, 'test_accuracy': 0.0974}} 
09-16 13:13 DEBUG    Trial 7 completed
09-16 13:13 DEBUG    ####################################################################################################
09-16 13:13 DEBUG    ####################################################################################################
09-16 13:13 DEBUG    Executing Trial 8 with seed 8
09-16 13:13 DEBUG    Data statistics: {0: {0: 620, 1: 730, 2: 568, 3: 602, 4: 590, 5: 552, 6: 565, 7: 589, 8: 589, 9: 595}, 1: {0: 561, 1: 698, 2: 592, 3: 646, 4: 560, 5: 536, 6: 577, 7: 649, 8: 588, 9: 593}, 2: {0: 570, 1: 688, 2: 603, 3: 629, 4: 604, 5: 523, 6: 550, 7: 621, 8: 604, 9: 608}, 3: {0: 578, 1: 648, 2: 618, 3: 613, 4: 572, 5: 563, 6: 582, 7: 636, 8: 600, 9: 590}, 4: {0: 619, 1: 660, 2: 598, 3: 600, 4: 586, 5: 549, 6: 620, 7: 609, 8: 554, 9: 605}, 5: {0: 615, 1: 635, 2: 587, 3: 603, 4: 618, 5: 531, 6: 612, 7: 635, 8: 575, 9: 589}, 6: {0: 582, 1: 659, 2: 579, 3: 622, 4: 554, 5: 563, 6: 560, 7: 669, 8: 594, 9: 618}, 7: {0: 582, 1: 675, 2: 607, 3: 613, 4: 578, 5: 565, 6: 612, 7: 613, 8: 558, 9: 597}, 8: {0: 586, 1: 669, 2: 609, 3: 592, 4: 589, 5: 506, 6: 616, 7: 637, 8: 604, 9: 592}, 9: {0: 610, 1: 680, 2: 597, 3: 611, 4: 591, 5: 533, 6: 624, 7: 607, 8: 585, 9: 562}}
09-16 13:14 DEBUG    **************************************************
09-16 13:14 DEBUG    Running experiments 

09-16 13:14 DEBUG    Uniform ensemble (Train acc): 0.970267
09-16 13:14 DEBUG    Uniform ensemble (Test acc): 0.967500
09-16 13:14 DEBUG    FedAvg (Train acc): 0.141917
09-16 13:14 DEBUG    FedAvg (Test acc): 0.145600
09-16 13:19 DEBUG    ****** PDM_KL matching ******** 
09-16 13:19 DEBUG    Best Sigma0: 10. Best sigma: 0.5 Best gamma: 10. Best Test accuracy: 0.9679. Train acc: 0.9712. 

09-16 13:19 DEBUG    PDM_KL log: {(10, 0.5, 10): {'shapes': [(784, 700), (700,), (700, 10), (10,)], 'train_accuracy': 0.9712, 'test_accuracy': 0.9679}} 
09-16 13:28 DEBUG    ****** PDM_KL matching ******** 
09-16 13:28 DEBUG    Best Sigma0: 10. Best sigma: 0.5 Best gamma: 10. Best Test accuracy: 0.968. Train acc: 0.97125. 

09-16 13:28 DEBUG    PDM_KL log: {(10, 0.5, 10): {'shapes': [(784, 700), (700,), (700, 10), (10,)], 'train_accuracy': 0.97125, 'test_accuracy': 0.968}} 
09-16 13:36 DEBUG    ****** PDM_KL matching ******** 
09-16 13:36 DEBUG    Best Sigma0: 10. Best sigma: 0.5 Best gamma: 10. Best Test accuracy: 0.9677. Train acc: 0.97115. 

09-16 13:36 DEBUG    PDM_KL log: {(10, 0.5, 10): {'shapes': [(784, 700), (700,), (700, 10), (10,)], 'train_accuracy': 0.97115, 'test_accuracy': 0.9677}} 
09-16 13:46 DEBUG    ****** PDM_KL matching ******** 
09-16 13:46 DEBUG    Best Sigma0: 10. Best sigma: 0.5 Best gamma: 10. Best Test accuracy: 0.9677. Train acc: 0.9713166666666667. 

09-16 13:46 DEBUG    PDM_KL log: {(10, 0.5, 10): {'shapes': [(784, 700), (700,), (700, 10), (10,)], 'train_accuracy': 0.9713166666666667, 'test_accuracy': 0.9677}} 
09-16 13:55 DEBUG    ****** PDM_KL matching ******** 
09-16 13:55 DEBUG    Best Sigma0: 10. Best sigma: 0.5 Best gamma: 10. Best Test accuracy: 0.9677. Train acc: 0.9712166666666666. 

09-16 13:55 DEBUG    PDM_KL log: {(10, 0.5, 10): {'shapes': [(784, 700), (700,), (700, 10), (10,)], 'train_accuracy': 0.9712166666666666, 'test_accuracy': 0.9677}} 
09-16 14:03 DEBUG    ****** PDM_KL matching ******** 
09-16 14:03 DEBUG    Best Sigma0: 10. Best sigma: 0.5 Best gamma: 10. Best Test accuracy: 0.9674. Train acc: 0.9713333333333334. 

09-16 14:03 DEBUG    PDM_KL log: {(10, 0.5, 10): {'shapes': [(784, 700), (700,), (700, 10), (10,)], 'train_accuracy': 0.9713333333333334, 'test_accuracy': 0.9674}} 
09-16 14:14 DEBUG    ****** PDM_KL matching ******** 
09-16 14:14 DEBUG    Best Sigma0: 10. Best sigma: 0.5 Best gamma: 10. Best Test accuracy: 0.9678. Train acc: 0.9712666666666666. 

09-16 14:14 DEBUG    PDM_KL log: {(10, 0.5, 10): {'shapes': [(784, 700), (700,), (700, 10), (10,)], 'train_accuracy': 0.9712666666666666, 'test_accuracy': 0.9678}} 
09-16 14:21 DEBUG    ****** PDM_KL matching ******** 
09-16 14:21 DEBUG    Best Sigma0: 10. Best sigma: 0.5 Best gamma: 10. Best Test accuracy: 0.9681. Train acc: 0.9702166666666666. 

09-16 14:21 DEBUG    PDM_KL log: {(10, 0.5, 10): {'shapes': [(784, 613), (613,), (613, 10), (10,)], 'train_accuracy': 0.9702166666666666, 'test_accuracy': 0.9681}} 
09-16 14:23 DEBUG    ****** PDM_KL matching ******** 
09-16 14:23 DEBUG    Best Sigma0: 10. Best sigma: 0.5 Best gamma: 10. Best Test accuracy: 0.0974. Train acc: 0.09751666666666667. 

09-16 14:23 DEBUG    PDM_KL log: {(10, 0.5, 10): {'shapes': [(784, 100), (100,), (100, 10), (10,)], 'train_accuracy': 0.09751666666666667, 'test_accuracy': 0.0974}} 
09-16 14:25 DEBUG    ****** PDM_KL matching ******** 
09-16 14:25 DEBUG    Best Sigma0: 10. Best sigma: 0.5 Best gamma: 10. Best Test accuracy: 0.0974. Train acc: 0.09751666666666667. 

09-16 14:25 DEBUG    PDM_KL log: {(10, 0.5, 10): {'shapes': [(784, 100), (100,), (100, 10), (10,)], 'train_accuracy': 0.09751666666666667, 'test_accuracy': 0.0974}} 
09-16 14:27 DEBUG    ****** PDM_KL matching ******** 
09-16 14:27 DEBUG    Best Sigma0: 10. Best sigma: 0.5 Best gamma: 10. Best Test accuracy: 0.0974. Train acc: 0.09751666666666667. 

09-16 14:27 DEBUG    PDM_KL log: {(10, 0.5, 10): {'shapes': [(784, 100), (100,), (100, 10), (10,)], 'train_accuracy': 0.09751666666666667, 'test_accuracy': 0.0974}} 
09-16 14:27 DEBUG    Trial 8 completed
09-16 14:27 DEBUG    ####################################################################################################
09-16 14:27 DEBUG    ####################################################################################################
09-16 14:27 DEBUG    Executing Trial 9 with seed 9
09-16 14:27 DEBUG    Data statistics: {0: {0: 598, 1: 728, 2: 564, 3: 603, 4: 586, 5: 530, 6: 612, 7: 624, 8: 566, 9: 589}, 1: {0: 563, 1: 676, 2: 586, 3: 616, 4: 577, 5: 556, 6: 577, 7: 649, 8: 605, 9: 595}, 2: {0: 620, 1: 667, 2: 583, 3: 639, 4: 578, 5: 532, 6: 603, 7: 583, 8: 558, 9: 637}, 3: {0: 588, 1: 689, 2: 594, 3: 604, 4: 561, 5: 551, 6: 585, 7: 658, 8: 580, 9: 590}, 4: {0: 601, 1: 679, 2: 570, 3: 626, 4: 610, 5: 558, 6: 563, 7: 634, 8: 591, 9: 568}, 5: {0: 588, 1: 639, 2: 616, 3: 626, 4: 579, 5: 545, 6: 570, 7: 626, 8: 593, 9: 618}, 6: {0: 589, 1: 685, 2: 623, 3: 599, 4: 599, 5: 526, 6: 599, 7: 614, 8: 608, 9: 558}, 7: {0: 590, 1: 667, 2: 618, 3: 633, 4: 582, 5: 498, 6: 604, 7: 596, 8: 594, 9: 618}, 8: {0: 586, 1: 666, 2: 650, 3: 570, 4: 599, 5: 533, 6: 573, 7: 660, 8: 563, 9: 600}, 9: {0: 600, 1: 646, 2: 554, 3: 615, 4: 571, 5: 592, 6: 632, 7: 621, 8: 593, 9: 576}}
09-16 14:27 DEBUG    **************************************************
09-16 14:27 DEBUG    Running experiments 

09-16 14:28 DEBUG    Uniform ensemble (Train acc): 0.971883
09-16 14:28 DEBUG    Uniform ensemble (Test acc): 0.969600
09-16 14:28 DEBUG    FedAvg (Train acc): 0.204967
09-16 14:28 DEBUG    FedAvg (Test acc): 0.208500
09-16 14:32 DEBUG    ****** PDM_KL matching ******** 
09-16 14:32 DEBUG    Best Sigma0: 10. Best sigma: 0.5 Best gamma: 10. Best Test accuracy: 0.9689. Train acc: 0.9723333333333334. 

09-16 14:32 DEBUG    PDM_KL log: {(10, 0.5, 10): {'shapes': [(784, 700), (700,), (700, 10), (10,)], 'train_accuracy': 0.9723333333333334, 'test_accuracy': 0.9689}} 
09-16 14:42 DEBUG    ****** PDM_KL matching ******** 
09-16 14:42 DEBUG    Best Sigma0: 10. Best sigma: 0.5 Best gamma: 10. Best Test accuracy: 0.9689. Train acc: 0.9724. 

09-16 14:42 DEBUG    PDM_KL log: {(10, 0.5, 10): {'shapes': [(784, 700), (700,), (700, 10), (10,)], 'train_accuracy': 0.9724, 'test_accuracy': 0.9689}} 
09-16 14:49 DEBUG    ****** PDM_KL matching ******** 
09-16 14:49 DEBUG    Best Sigma0: 10. Best sigma: 0.5 Best gamma: 10. Best Test accuracy: 0.9693. Train acc: 0.9725333333333334. 

09-16 14:49 DEBUG    PDM_KL log: {(10, 0.5, 10): {'shapes': [(784, 700), (700,), (700, 10), (10,)], 'train_accuracy': 0.9725333333333334, 'test_accuracy': 0.9693}} 
09-16 14:55 DEBUG    ****** PDM_KL matching ******** 
09-16 14:55 DEBUG    Best Sigma0: 10. Best sigma: 0.5 Best gamma: 10. Best Test accuracy: 0.9688. Train acc: 0.97245. 

09-16 14:55 DEBUG    PDM_KL log: {(10, 0.5, 10): {'shapes': [(784, 700), (700,), (700, 10), (10,)], 'train_accuracy': 0.97245, 'test_accuracy': 0.9688}} 
09-16 15:04 DEBUG    ****** PDM_KL matching ******** 
09-16 15:04 DEBUG    Best Sigma0: 10. Best sigma: 0.5 Best gamma: 10. Best Test accuracy: 0.9689. Train acc: 0.97225. 

09-16 15:04 DEBUG    PDM_KL log: {(10, 0.5, 10): {'shapes': [(784, 700), (700,), (700, 10), (10,)], 'train_accuracy': 0.97225, 'test_accuracy': 0.9689}} 
09-16 15:11 DEBUG    ****** PDM_KL matching ******** 
09-16 15:11 DEBUG    Best Sigma0: 10. Best sigma: 0.5 Best gamma: 10. Best Test accuracy: 0.9691. Train acc: 0.97255. 

09-16 15:11 DEBUG    PDM_KL log: {(10, 0.5, 10): {'shapes': [(784, 700), (700,), (700, 10), (10,)], 'train_accuracy': 0.97255, 'test_accuracy': 0.9691}} 
09-16 15:18 DEBUG    ****** PDM_KL matching ******** 
09-16 15:18 DEBUG    Best Sigma0: 10. Best sigma: 0.5 Best gamma: 10. Best Test accuracy: 0.9688. Train acc: 0.9727. 

09-16 15:18 DEBUG    PDM_KL log: {(10, 0.5, 10): {'shapes': [(784, 700), (700,), (700, 10), (10,)], 'train_accuracy': 0.9727, 'test_accuracy': 0.9688}} 
09-16 15:27 DEBUG    ****** PDM_KL matching ******** 
09-16 15:27 DEBUG    Best Sigma0: 10. Best sigma: 0.5 Best gamma: 10. Best Test accuracy: 0.9693. Train acc: 0.97195. 

09-16 15:27 DEBUG    PDM_KL log: {(10, 0.5, 10): {'shapes': [(784, 622), (622,), (622, 10), (10,)], 'train_accuracy': 0.97195, 'test_accuracy': 0.9693}} 
09-16 15:29 DEBUG    ****** PDM_KL matching ******** 
09-16 15:29 DEBUG    Best Sigma0: 10. Best sigma: 0.5 Best gamma: 10. Best Test accuracy: 0.0974. Train acc: 0.09751666666666667. 

09-16 15:29 DEBUG    PDM_KL log: {(10, 0.5, 10): {'shapes': [(784, 100), (100,), (100, 10), (10,)], 'train_accuracy': 0.09751666666666667, 'test_accuracy': 0.0974}} 
09-16 15:30 DEBUG    ****** PDM_KL matching ******** 
09-16 15:30 DEBUG    Best Sigma0: 10. Best sigma: 0.5 Best gamma: 10. Best Test accuracy: 0.0974. Train acc: 0.09751666666666667. 

09-16 15:30 DEBUG    PDM_KL log: {(10, 0.5, 10): {'shapes': [(784, 100), (100,), (100, 10), (10,)], 'train_accuracy': 0.09751666666666667, 'test_accuracy': 0.0974}} 
09-16 15:32 DEBUG    ****** PDM_KL matching ******** 
09-16 15:32 DEBUG    Best Sigma0: 10. Best sigma: 0.5 Best gamma: 10. Best Test accuracy: 0.0974. Train acc: 0.09751666666666667. 

09-16 15:32 DEBUG    PDM_KL log: {(10, 0.5, 10): {'shapes': [(784, 100), (100,), (100, 10), (10,)], 'train_accuracy': 0.09751666666666667, 'test_accuracy': 0.0974}} 
09-16 15:32 DEBUG    Trial 9 completed
09-16 15:32 DEBUG    ####################################################################################################
