09-28 22:05 DEBUG    Experiment arguments: Namespace(alpha=0.5, communication_rounds=None, datadir='data/cifar10', dataset='cifar10', device=1.0, dropout_p=0.0, epochs=10, experiment=['pdm_KL'], init_seed=0, iter_epochs=5, layers=0, loaddir='saved_weights/cifar10/hetero-dir', logdir='KL_regs_bst_hyp_unlimi/cifar10/hetero-dir', lr=0.001, lr_decay=0.99, n=15, n_layers=1, n_nets=15, net_config=[3072, 100, 10], num_pool_workers=1, partition='hetero-dir', pdm_gamma=50, pdm_sig=1, pdm_sig0=10, reg=1e-05, reg_fac=0.0, trials=10)
09-28 22:05 DEBUG    ####################################################################################################
09-28 22:05 DEBUG    Executing Trial 0 with seed 0
09-28 22:05 DEBUG    Data statistics: {0: {0: 558, 1: 94, 2: 1590, 3: 140, 4: 1197}, 1: {0: 10, 1: 28, 2: 269, 3: 18, 4: 386, 5: 3, 6: 946, 7: 18, 8: 230, 9: 364}, 2: {0: 5, 1: 6, 2: 653, 3: 1, 4: 278, 5: 6, 6: 560, 7: 2, 8: 121, 9: 692}, 3: {0: 231, 1: 792, 2: 102, 3: 29, 4: 82, 5: 748, 6: 719, 7: 374, 8: 247, 9: 1478}, 4: {0: 296, 1: 1927, 2: 2, 3: 431, 4: 146, 5: 35, 6: 1, 7: 499}, 5: {0: 740, 1: 46, 2: 384, 3: 572, 4: 7, 5: 348, 6: 188, 7: 1520}, 6: {0: 5, 1: 181, 2: 514, 3: 760, 4: 134, 5: 309, 6: 235, 7: 51, 8: 762, 9: 917}, 7: {0: 423, 1: 2, 2: 133, 3: 1399, 5: 1645}, 8: {0: 661, 1: 101, 2: 6, 3: 34, 4: 1692, 5: 16, 6: 4, 7: 9, 8: 502, 9: 948}, 9: {0: 1, 1: 125, 3: 156, 4: 313, 5: 147, 6: 89, 7: 195, 8: 698, 9: 152}, 10: {0: 681, 1: 650, 2: 107, 3: 94, 4: 38, 5: 175, 6: 718, 7: 737, 8: 3, 9: 254}, 11: {0: 303, 1: 54, 2: 694, 3: 240, 4: 221, 5: 50, 6: 887, 7: 584, 8: 300, 9: 191}, 12: {0: 271, 1: 14, 2: 54, 3: 7, 4: 83, 5: 105, 6: 245, 7: 6, 8: 875, 9: 4}, 13: {0: 288, 1: 883, 2: 16, 3: 169, 4: 422, 5: 813, 6: 61, 7: 947}, 14: {0: 527, 1: 97, 2: 476, 3: 950, 4: 1, 5: 600, 6: 347, 7: 58, 8: 1262}}
09-28 22:05 DEBUG    **************************************************
09-28 22:05 DEBUG    Running experiments 

09-28 22:26 DEBUG    ****** PDM_KL matching ******** 
09-28 22:26 DEBUG    Best Sigma0: 10. Best sigma: 1 Best gamma: 50. Best Test accuracy: 0.2801. Train acc: 0.28114. 

09-28 22:26 DEBUG    PDM_KL log: {(10, 1, 50): {'shapes': [(3072, 1441), (1441,), (1441, 10), (10,)], 'train_accuracy': 0.28114, 'test_accuracy': 0.2801}} 
09-28 23:21 DEBUG    ****** PDM_KL matching ******** 
09-28 23:21 DEBUG    Best Sigma0: 10. Best sigma: 1 Best gamma: 50. Best Test accuracy: 0.2801. Train acc: 0.28114. 

09-28 23:21 DEBUG    PDM_KL log: {(10, 1, 50): {'shapes': [(3072, 1441), (1441,), (1441, 10), (10,)], 'train_accuracy': 0.28114, 'test_accuracy': 0.2801}} 
09-29 00:16 DEBUG    ****** PDM_KL matching ******** 
09-29 00:16 DEBUG    Best Sigma0: 10. Best sigma: 1 Best gamma: 50. Best Test accuracy: 0.2801. Train acc: 0.28114. 

09-29 00:16 DEBUG    PDM_KL log: {(10, 1, 50): {'shapes': [(3072, 1441), (1441,), (1441, 10), (10,)], 'train_accuracy': 0.28114, 'test_accuracy': 0.2801}} 
09-29 01:12 DEBUG    ****** PDM_KL matching ******** 
09-29 01:12 DEBUG    Best Sigma0: 10. Best sigma: 1 Best gamma: 50. Best Test accuracy: 0.2801. Train acc: 0.28114. 

09-29 01:12 DEBUG    PDM_KL log: {(10, 1, 50): {'shapes': [(3072, 1441), (1441,), (1441, 10), (10,)], 'train_accuracy': 0.28114, 'test_accuracy': 0.2801}} 
09-29 02:07 DEBUG    ****** PDM_KL matching ******** 
09-29 02:07 DEBUG    Best Sigma0: 10. Best sigma: 1 Best gamma: 50. Best Test accuracy: 0.2801. Train acc: 0.28114. 

09-29 02:07 DEBUG    PDM_KL log: {(10, 1, 50): {'shapes': [(3072, 1439), (1439,), (1439, 10), (10,)], 'train_accuracy': 0.28114, 'test_accuracy': 0.2801}} 
09-29 02:57 DEBUG    ****** PDM_KL matching ******** 
09-29 02:57 DEBUG    Best Sigma0: 10. Best sigma: 1 Best gamma: 50. Best Test accuracy: 0.2801. Train acc: 0.28114. 

09-29 02:57 DEBUG    PDM_KL log: {(10, 1, 50): {'shapes': [(3072, 1438), (1438,), (1438, 10), (10,)], 'train_accuracy': 0.28114, 'test_accuracy': 0.2801}} 
09-29 03:47 DEBUG    ****** PDM_KL matching ******** 
09-29 03:47 DEBUG    Best Sigma0: 10. Best sigma: 1 Best gamma: 50. Best Test accuracy: 0.2801. Train acc: 0.28114. 

09-29 03:47 DEBUG    PDM_KL log: {(10, 1, 50): {'shapes': [(3072, 1407), (1407,), (1407, 10), (10,)], 'train_accuracy': 0.28114, 'test_accuracy': 0.2801}} 
09-29 04:22 DEBUG    ****** PDM_KL matching ******** 
09-29 04:22 DEBUG    Best Sigma0: 10. Best sigma: 1 Best gamma: 50. Best Test accuracy: 0.2783. Train acc: 0.27908. 

09-29 04:22 DEBUG    PDM_KL log: {(10, 1, 50): {'shapes': [(3072, 1024), (1024,), (1024, 10), (10,)], 'train_accuracy': 0.27908, 'test_accuracy': 0.2783}} 
09-29 04:26 DEBUG    ****** PDM_KL matching ******** 
09-29 04:26 DEBUG    Best Sigma0: 10. Best sigma: 1 Best gamma: 50. Best Test accuracy: 0.1001. Train acc: 0.09992. 

09-29 04:26 DEBUG    PDM_KL log: {(10, 1, 50): {'shapes': [(3072, 114), (114,), (114, 10), (10,)], 'train_accuracy': 0.09992, 'test_accuracy': 0.1001}} 
09-29 04:28 DEBUG    ****** PDM_KL matching ******** 
09-29 04:28 DEBUG    Best Sigma0: 10. Best sigma: 1 Best gamma: 50. Best Test accuracy: 0.1. Train acc: 0.10002. 

09-29 04:28 DEBUG    PDM_KL log: {(10, 1, 50): {'shapes': [(3072, 105), (105,), (105, 10), (10,)], 'train_accuracy': 0.10002, 'test_accuracy': 0.1}} 
09-29 04:31 DEBUG    ****** PDM_KL matching ******** 
09-29 04:31 DEBUG    Best Sigma0: 10. Best sigma: 1 Best gamma: 50. Best Test accuracy: 0.1001. Train acc: 0.10002. 

09-29 04:31 DEBUG    PDM_KL log: {(10, 1, 50): {'shapes': [(3072, 100), (100,), (100, 10), (10,)], 'train_accuracy': 0.10002, 'test_accuracy': 0.1001}} 
09-29 04:31 DEBUG    Trial 0 completed
09-29 04:31 DEBUG    ####################################################################################################
09-29 04:31 DEBUG    ####################################################################################################
09-29 04:31 DEBUG    Executing Trial 1 with seed 1
09-29 04:31 DEBUG    Data statistics: {0: {0: 57, 1: 186, 2: 235, 3: 196, 4: 1145, 5: 1238, 7: 25, 8: 174, 9: 82}, 1: {0: 653, 1: 325, 2: 421, 3: 66, 4: 451, 5: 283, 6: 26, 7: 608, 8: 7, 9: 516}, 2: {0: 87, 1: 1362, 2: 441, 3: 43, 4: 168, 5: 20, 6: 654, 7: 973}, 3: {0: 1035, 1: 510, 2: 154, 3: 5, 4: 342, 5: 22, 6: 407, 8: 613, 9: 207}, 4: {0: 10, 1: 202, 2: 1300, 3: 149, 4: 41, 5: 543, 6: 91, 7: 881, 8: 492}, 5: {0: 1837, 1: 4, 2: 202, 3: 232, 4: 3, 5: 573, 6: 1, 7: 429, 8: 557}, 6: {0: 12, 1: 48, 2: 29, 3: 314, 4: 284, 5: 254, 6: 188, 7: 3, 8: 12, 9: 409}, 7: {0: 341, 1: 490, 2: 290, 3: 44, 4: 392, 5: 139, 6: 3, 7: 4, 8: 206, 9: 3294}, 8: {0: 207, 1: 101, 2: 14, 3: 2498, 4: 588}, 9: {0: 246, 1: 607, 2: 45, 3: 108, 4: 236, 5: 232, 6: 176, 7: 5, 8: 1585, 9: 28}, 10: {0: 52, 1: 417, 2: 85, 3: 148, 4: 158, 5: 474, 6: 551, 7: 719, 8: 566, 9: 184}, 11: {0: 246, 1: 475, 2: 294, 3: 945, 4: 401, 5: 67, 6: 5, 7: 292, 8: 82, 9: 3}, 12: {0: 195, 1: 222, 2: 198, 3: 181, 4: 20, 5: 359, 6: 2553}, 13: {0: 2, 1: 3, 2: 408, 3: 44, 4: 338, 5: 795, 6: 344, 7: 504, 8: 455, 9: 208}, 14: {0: 20, 1: 48, 2: 884, 3: 27, 4: 433, 5: 1, 6: 1, 7: 557, 8: 251, 9: 69}}
09-29 04:32 DEBUG    **************************************************
09-29 04:32 DEBUG    Running experiments 

09-29 04:55 DEBUG    ****** PDM_KL matching ******** 
09-29 04:55 DEBUG    Best Sigma0: 10. Best sigma: 1 Best gamma: 50. Best Test accuracy: 0.2754. Train acc: 0.28042. 

09-29 04:55 DEBUG    PDM_KL log: {(10, 1, 50): {'shapes': [(3072, 1444), (1444,), (1444, 10), (10,)], 'train_accuracy': 0.28042, 'test_accuracy': 0.2754}} 
09-29 05:48 DEBUG    ****** PDM_KL matching ******** 
09-29 05:48 DEBUG    Best Sigma0: 10. Best sigma: 1 Best gamma: 50. Best Test accuracy: 0.2754. Train acc: 0.28042. 

09-29 05:48 DEBUG    PDM_KL log: {(10, 1, 50): {'shapes': [(3072, 1444), (1444,), (1444, 10), (10,)], 'train_accuracy': 0.28042, 'test_accuracy': 0.2754}} 
09-29 06:39 DEBUG    ****** PDM_KL matching ******** 
09-29 06:39 DEBUG    Best Sigma0: 10. Best sigma: 1 Best gamma: 50. Best Test accuracy: 0.2754. Train acc: 0.28042. 

09-29 06:39 DEBUG    PDM_KL log: {(10, 1, 50): {'shapes': [(3072, 1444), (1444,), (1444, 10), (10,)], 'train_accuracy': 0.28042, 'test_accuracy': 0.2754}} 
09-29 07:33 DEBUG    ****** PDM_KL matching ******** 
09-29 07:33 DEBUG    Best Sigma0: 10. Best sigma: 1 Best gamma: 50. Best Test accuracy: 0.2754. Train acc: 0.28042. 

09-29 07:33 DEBUG    PDM_KL log: {(10, 1, 50): {'shapes': [(3072, 1444), (1444,), (1444, 10), (10,)], 'train_accuracy': 0.28042, 'test_accuracy': 0.2754}} 
09-29 08:25 DEBUG    ****** PDM_KL matching ******** 
09-29 08:25 DEBUG    Best Sigma0: 10. Best sigma: 1 Best gamma: 50. Best Test accuracy: 0.2754. Train acc: 0.28042. 

09-29 08:25 DEBUG    PDM_KL log: {(10, 1, 50): {'shapes': [(3072, 1443), (1443,), (1443, 10), (10,)], 'train_accuracy': 0.28042, 'test_accuracy': 0.2754}} 
09-29 09:17 DEBUG    ****** PDM_KL matching ******** 
09-29 09:17 DEBUG    Best Sigma0: 10. Best sigma: 1 Best gamma: 50. Best Test accuracy: 0.2754. Train acc: 0.28042. 

09-29 09:17 DEBUG    PDM_KL log: {(10, 1, 50): {'shapes': [(3072, 1443), (1443,), (1443, 10), (10,)], 'train_accuracy': 0.28042, 'test_accuracy': 0.2754}} 
09-29 10:05 DEBUG    ****** PDM_KL matching ******** 
09-29 10:05 DEBUG    Best Sigma0: 10. Best sigma: 1 Best gamma: 50. Best Test accuracy: 0.275. Train acc: 0.28088. 

09-29 10:05 DEBUG    PDM_KL log: {(10, 1, 50): {'shapes': [(3072, 1409), (1409,), (1409, 10), (10,)], 'train_accuracy': 0.28088, 'test_accuracy': 0.275}} 
09-29 10:39 DEBUG    ****** PDM_KL matching ******** 
09-29 10:39 DEBUG    Best Sigma0: 10. Best sigma: 1 Best gamma: 50. Best Test accuracy: 0.2733. Train acc: 0.2773. 

09-29 10:39 DEBUG    PDM_KL log: {(10, 1, 50): {'shapes': [(3072, 1010), (1010,), (1010, 10), (10,)], 'train_accuracy': 0.2773, 'test_accuracy': 0.2733}} 
09-29 10:43 DEBUG    ****** PDM_KL matching ******** 
09-29 10:43 DEBUG    Best Sigma0: 10. Best sigma: 1 Best gamma: 50. Best Test accuracy: 0.1. Train acc: 0.1. 

09-29 10:43 DEBUG    PDM_KL log: {(10, 1, 50): {'shapes': [(3072, 114), (114,), (114, 10), (10,)], 'train_accuracy': 0.1, 'test_accuracy': 0.1}} 
09-29 10:46 DEBUG    ****** PDM_KL matching ******** 
09-29 10:46 DEBUG    Best Sigma0: 10. Best sigma: 1 Best gamma: 50. Best Test accuracy: 0.1. Train acc: 0.1. 

09-29 10:46 DEBUG    PDM_KL log: {(10, 1, 50): {'shapes': [(3072, 112), (112,), (112, 10), (10,)], 'train_accuracy': 0.1, 'test_accuracy': 0.1}} 
09-29 10:49 DEBUG    ****** PDM_KL matching ******** 
09-29 10:49 DEBUG    Best Sigma0: 10. Best sigma: 1 Best gamma: 50. Best Test accuracy: 0.1. Train acc: 0.1. 

09-29 10:49 DEBUG    PDM_KL log: {(10, 1, 50): {'shapes': [(3072, 107), (107,), (107, 10), (10,)], 'train_accuracy': 0.1, 'test_accuracy': 0.1}} 
09-29 10:49 DEBUG    Trial 1 completed
09-29 10:49 DEBUG    ####################################################################################################
09-29 10:49 DEBUG    ####################################################################################################
09-29 10:49 DEBUG    Executing Trial 2 with seed 2
09-29 10:49 DEBUG    Data statistics: {0: {0: 9, 1: 17, 2: 257, 3: 300, 4: 41, 5: 9, 6: 804, 7: 1228, 8: 117, 9: 836}, 1: {0: 154, 1: 15, 2: 90, 3: 344, 4: 61, 5: 4, 6: 637, 7: 217, 8: 354, 9: 2}, 2: {0: 253, 1: 2, 2: 1863, 3: 39, 4: 199, 5: 94, 6: 3, 7: 147, 8: 1635}, 3: {0: 130, 1: 333, 2: 326, 3: 394, 4: 81, 5: 4, 6: 352, 7: 35, 8: 990, 9: 1311}, 4: {0: 448, 1: 95, 2: 401, 3: 43, 4: 604, 5: 57, 6: 488, 7: 491, 8: 273, 9: 66}, 5: {0: 109, 1: 141, 2: 79, 3: 2615, 4: 318, 5: 483}, 6: {0: 18, 1: 1608, 2: 80, 3: 49, 4: 1439, 5: 283}, 7: {0: 745, 1: 535, 2: 68, 3: 611, 4: 200, 5: 954, 6: 169, 7: 751}, 8: {0: 533, 1: 546, 2: 51, 3: 107, 4: 140, 5: 446, 6: 1580}, 9: {0: 6, 1: 327, 2: 240, 3: 18, 4: 7, 5: 138, 6: 239, 7: 19, 8: 325, 9: 1022}, 10: {0: 383, 1: 9, 2: 62, 3: 24, 4: 27, 5: 488, 6: 30, 7: 145, 8: 201, 9: 1203}, 11: {0: 1382, 1: 341, 2: 539, 3: 70, 4: 37, 5: 305, 7: 13, 8: 641, 9: 506}, 12: {0: 1, 1: 87, 2: 559, 3: 98, 4: 569, 5: 1189, 6: 284, 7: 617}, 13: {1: 595, 2: 158, 3: 51, 4: 42, 5: 328, 6: 293, 7: 635, 8: 464, 9: 54}, 14: {0: 829, 1: 349, 2: 227, 3: 237, 4: 1235, 5: 218, 6: 121, 7: 702}}
09-29 10:50 DEBUG    **************************************************
09-29 10:50 DEBUG    Running experiments 

09-29 11:12 DEBUG    ****** PDM_KL matching ******** 
09-29 11:12 DEBUG    Best Sigma0: 10. Best sigma: 1 Best gamma: 50. Best Test accuracy: 0.2595. Train acc: 0.26114. 

09-29 11:12 DEBUG    PDM_KL log: {(10, 1, 50): {'shapes': [(3072, 1450), (1450,), (1450, 10), (10,)], 'train_accuracy': 0.26114, 'test_accuracy': 0.2595}} 
09-29 12:02 DEBUG    ****** PDM_KL matching ******** 
09-29 12:02 DEBUG    Best Sigma0: 10. Best sigma: 1 Best gamma: 50. Best Test accuracy: 0.2595. Train acc: 0.26114. 

09-29 12:02 DEBUG    PDM_KL log: {(10, 1, 50): {'shapes': [(3072, 1448), (1448,), (1448, 10), (10,)], 'train_accuracy': 0.26114, 'test_accuracy': 0.2595}} 
09-29 12:53 DEBUG    ****** PDM_KL matching ******** 
09-29 12:53 DEBUG    Best Sigma0: 10. Best sigma: 1 Best gamma: 50. Best Test accuracy: 0.2595. Train acc: 0.26114. 

09-29 12:53 DEBUG    PDM_KL log: {(10, 1, 50): {'shapes': [(3072, 1448), (1448,), (1448, 10), (10,)], 'train_accuracy': 0.26114, 'test_accuracy': 0.2595}} 
09-29 13:45 DEBUG    ****** PDM_KL matching ******** 
09-29 13:45 DEBUG    Best Sigma0: 10. Best sigma: 1 Best gamma: 50. Best Test accuracy: 0.2595. Train acc: 0.26114. 

09-29 13:45 DEBUG    PDM_KL log: {(10, 1, 50): {'shapes': [(3072, 1448), (1448,), (1448, 10), (10,)], 'train_accuracy': 0.26114, 'test_accuracy': 0.2595}} 
09-29 15:18 DEBUG    ****** PDM_KL matching ******** 
09-29 15:18 DEBUG    Best Sigma0: 10. Best sigma: 1 Best gamma: 50. Best Test accuracy: 0.2595. Train acc: 0.26114. 

09-29 15:18 DEBUG    PDM_KL log: {(10, 1, 50): {'shapes': [(3072, 1444), (1444,), (1444, 10), (10,)], 'train_accuracy': 0.26114, 'test_accuracy': 0.2595}} 
09-29 17:03 DEBUG    ****** PDM_KL matching ******** 
09-29 17:03 DEBUG    Best Sigma0: 10. Best sigma: 1 Best gamma: 50. Best Test accuracy: 0.2595. Train acc: 0.26114. 

09-29 17:03 DEBUG    PDM_KL log: {(10, 1, 50): {'shapes': [(3072, 1443), (1443,), (1443, 10), (10,)], 'train_accuracy': 0.26114, 'test_accuracy': 0.2595}} 
09-29 18:52 DEBUG    ****** PDM_KL matching ******** 
09-29 18:52 DEBUG    Best Sigma0: 10. Best sigma: 1 Best gamma: 50. Best Test accuracy: 0.2595. Train acc: 0.26122. 

09-29 18:52 DEBUG    PDM_KL log: {(10, 1, 50): {'shapes': [(3072, 1410), (1410,), (1410, 10), (10,)], 'train_accuracy': 0.26122, 'test_accuracy': 0.2595}} 
09-29 20:01 DEBUG    ****** PDM_KL matching ******** 
09-29 20:01 DEBUG    Best Sigma0: 10. Best sigma: 1 Best gamma: 50. Best Test accuracy: 0.2533. Train acc: 0.25452. 

09-29 20:01 DEBUG    PDM_KL log: {(10, 1, 50): {'shapes': [(3072, 996), (996,), (996, 10), (10,)], 'train_accuracy': 0.25452, 'test_accuracy': 0.2533}} 
09-29 20:10 DEBUG    ****** PDM_KL matching ******** 
09-29 20:10 DEBUG    Best Sigma0: 10. Best sigma: 1 Best gamma: 50. Best Test accuracy: 0.1. Train acc: 0.10008. 

09-29 20:10 DEBUG    PDM_KL log: {(10, 1, 50): {'shapes': [(3072, 112), (112,), (112, 10), (10,)], 'train_accuracy': 0.10008, 'test_accuracy': 0.1}} 
09-29 20:17 DEBUG    ****** PDM_KL matching ******** 
09-29 20:17 DEBUG    Best Sigma0: 10. Best sigma: 1 Best gamma: 50. Best Test accuracy: 0.1. Train acc: 0.09998. 

09-29 20:17 DEBUG    PDM_KL log: {(10, 1, 50): {'shapes': [(3072, 107), (107,), (107, 10), (10,)], 'train_accuracy': 0.09998, 'test_accuracy': 0.1}} 
09-29 20:23 DEBUG    ****** PDM_KL matching ******** 
09-29 20:23 DEBUG    Best Sigma0: 10. Best sigma: 1 Best gamma: 50. Best Test accuracy: 0.1. Train acc: 0.1. 

09-29 20:23 DEBUG    PDM_KL log: {(10, 1, 50): {'shapes': [(3072, 100), (100,), (100, 10), (10,)], 'train_accuracy': 0.1, 'test_accuracy': 0.1}} 
09-29 20:23 DEBUG    Trial 2 completed
09-29 20:23 DEBUG    ####################################################################################################
09-29 20:23 DEBUG    ####################################################################################################
09-29 20:23 DEBUG    Executing Trial 3 with seed 3
09-29 20:23 DEBUG    Data statistics: {0: {0: 273, 1: 679, 2: 25, 4: 855, 5: 33, 6: 1, 7: 10, 8: 134, 9: 186}, 1: {0: 763, 1: 60, 2: 307, 3: 111, 4: 463, 5: 205, 6: 254, 8: 191, 9: 1492}, 2: {0: 321, 1: 692, 2: 4, 3: 76, 4: 82, 5: 475, 6: 225, 7: 798, 8: 248, 9: 631}, 3: {0: 6, 1: 60, 2: 1651, 3: 301, 4: 939, 5: 149, 6: 17, 7: 278}, 4: {0: 1182, 1: 122, 2: 1232, 3: 318, 4: 21, 5: 778}, 5: {0: 535, 1: 1, 2: 24, 3: 208, 4: 100, 6: 44, 7: 234, 8: 172, 9: 1909}, 6: {0: 20, 1: 98, 2: 34, 3: 394, 4: 36, 5: 553, 6: 3, 7: 537, 8: 284, 9: 31}, 7: {0: 1033, 1: 279, 2: 449, 3: 530, 4: 29, 5: 7, 6: 1102}, 8: {0: 75, 1: 140, 2: 88, 3: 38, 4: 253, 5: 1147, 6: 1, 7: 1488, 8: 248}, 9: {0: 4, 1: 623, 2: 166, 3: 693, 4: 162, 5: 291, 6: 58, 7: 32, 8: 2996}, 10: {0: 355, 1: 147, 2: 58, 3: 74, 4: 2, 5: 46, 6: 1527, 7: 1014, 8: 413}, 11: {0: 122, 1: 122, 2: 14, 3: 2133, 4: 8, 5: 25, 6: 546, 7: 542}, 12: {0: 271, 1: 162, 2: 472, 3: 73, 4: 1463, 5: 104, 6: 906}, 13: {0: 18, 1: 54, 2: 104, 3: 39, 4: 105, 5: 399, 6: 316, 7: 67, 8: 313, 9: 751}, 14: {0: 22, 1: 1761, 2: 372, 3: 12, 4: 482, 5: 788, 8: 1}}
09-29 20:24 DEBUG    **************************************************
09-29 20:24 DEBUG    Running experiments 

09-29 21:11 DEBUG    ****** PDM_KL matching ******** 
09-29 21:11 DEBUG    Best Sigma0: 10. Best sigma: 1 Best gamma: 50. Best Test accuracy: 0.2789. Train acc: 0.2829. 

09-29 21:11 DEBUG    PDM_KL log: {(10, 1, 50): {'shapes': [(3072, 1438), (1438,), (1438, 10), (10,)], 'train_accuracy': 0.2829, 'test_accuracy': 0.2789}} 
09-29 22:59 DEBUG    ****** PDM_KL matching ******** 
09-29 22:59 DEBUG    Best Sigma0: 10. Best sigma: 1 Best gamma: 50. Best Test accuracy: 0.2789. Train acc: 0.2829. 

09-29 22:59 DEBUG    PDM_KL log: {(10, 1, 50): {'shapes': [(3072, 1438), (1438,), (1438, 10), (10,)], 'train_accuracy': 0.2829, 'test_accuracy': 0.2789}} 
09-30 00:48 DEBUG    ****** PDM_KL matching ******** 
09-30 00:48 DEBUG    Best Sigma0: 10. Best sigma: 1 Best gamma: 50. Best Test accuracy: 0.2789. Train acc: 0.2829. 

09-30 00:48 DEBUG    PDM_KL log: {(10, 1, 50): {'shapes': [(3072, 1437), (1437,), (1437, 10), (10,)], 'train_accuracy': 0.2829, 'test_accuracy': 0.2789}} 
09-30 02:33 DEBUG    ****** PDM_KL matching ******** 
09-30 02:33 DEBUG    Best Sigma0: 10. Best sigma: 1 Best gamma: 50. Best Test accuracy: 0.2789. Train acc: 0.2829. 

09-30 02:33 DEBUG    PDM_KL log: {(10, 1, 50): {'shapes': [(3072, 1437), (1437,), (1437, 10), (10,)], 'train_accuracy': 0.2829, 'test_accuracy': 0.2789}} 
09-30 04:22 DEBUG    ****** PDM_KL matching ******** 
09-30 04:22 DEBUG    Best Sigma0: 10. Best sigma: 1 Best gamma: 50. Best Test accuracy: 0.2789. Train acc: 0.2829. 

09-30 04:22 DEBUG    PDM_KL log: {(10, 1, 50): {'shapes': [(3072, 1437), (1437,), (1437, 10), (10,)], 'train_accuracy': 0.2829, 'test_accuracy': 0.2789}} 
09-30 06:11 DEBUG    ****** PDM_KL matching ******** 
09-30 06:11 DEBUG    Best Sigma0: 10. Best sigma: 1 Best gamma: 50. Best Test accuracy: 0.2789. Train acc: 0.2829. 

09-30 06:11 DEBUG    PDM_KL log: {(10, 1, 50): {'shapes': [(3072, 1436), (1436,), (1436, 10), (10,)], 'train_accuracy': 0.2829, 'test_accuracy': 0.2789}} 
09-30 07:51 DEBUG    ****** PDM_KL matching ******** 
09-30 07:51 DEBUG    Best Sigma0: 10. Best sigma: 1 Best gamma: 50. Best Test accuracy: 0.2789. Train acc: 0.28282. 

09-30 07:51 DEBUG    PDM_KL log: {(10, 1, 50): {'shapes': [(3072, 1400), (1400,), (1400, 10), (10,)], 'train_accuracy': 0.28282, 'test_accuracy': 0.2789}} 
09-30 09:05 DEBUG    ****** PDM_KL matching ******** 
09-30 09:05 DEBUG    Best Sigma0: 10. Best sigma: 1 Best gamma: 50. Best Test accuracy: 0.2795. Train acc: 0.28288. 

09-30 09:05 DEBUG    PDM_KL log: {(10, 1, 50): {'shapes': [(3072, 1014), (1014,), (1014, 10), (10,)], 'train_accuracy': 0.28288, 'test_accuracy': 0.2795}} 
09-30 09:15 DEBUG    ****** PDM_KL matching ******** 
09-30 09:15 DEBUG    Best Sigma0: 10. Best sigma: 1 Best gamma: 50. Best Test accuracy: 0.1. Train acc: 0.1. 

09-30 09:15 DEBUG    PDM_KL log: {(10, 1, 50): {'shapes': [(3072, 125), (125,), (125, 10), (10,)], 'train_accuracy': 0.1, 'test_accuracy': 0.1}} 
09-30 09:24 DEBUG    ****** PDM_KL matching ******** 
09-30 09:24 DEBUG    Best Sigma0: 10. Best sigma: 1 Best gamma: 50. Best Test accuracy: 0.1. Train acc: 0.10002. 

09-30 09:24 DEBUG    PDM_KL log: {(10, 1, 50): {'shapes': [(3072, 114), (114,), (114, 10), (10,)], 'train_accuracy': 0.10002, 'test_accuracy': 0.1}} 
09-30 09:32 DEBUG    ****** PDM_KL matching ******** 
09-30 09:32 DEBUG    Best Sigma0: 10. Best sigma: 1 Best gamma: 50. Best Test accuracy: 0.1. Train acc: 0.1. 

09-30 09:32 DEBUG    PDM_KL log: {(10, 1, 50): {'shapes': [(3072, 112), (112,), (112, 10), (10,)], 'train_accuracy': 0.1, 'test_accuracy': 0.1}} 
09-30 09:32 DEBUG    Trial 3 completed
09-30 09:32 DEBUG    ####################################################################################################
09-30 09:32 DEBUG    ####################################################################################################
09-30 09:32 DEBUG    Executing Trial 4 with seed 4
09-30 09:32 DEBUG    Data statistics: {0: {0: 63, 1: 2243, 2: 2269}, 1: {0: 728, 1: 123, 2: 76, 3: 468, 4: 75, 5: 1278, 6: 188, 7: 72, 8: 302, 9: 284}, 2: {0: 474, 1: 68, 2: 93, 3: 342, 4: 1110, 5: 71, 6: 1308}, 3: {0: 568, 1: 16, 2: 366, 3: 452, 4: 422, 5: 142, 6: 332, 7: 223, 8: 14, 9: 2330}, 4: {0: 97, 1: 56, 2: 27, 3: 95, 4: 437, 5: 250, 6: 54, 7: 108, 8: 1208, 9: 137}, 5: {0: 119, 1: 233, 2: 66, 3: 37, 4: 150, 5: 931, 6: 14, 7: 25, 8: 3, 9: 12}, 6: {0: 89, 1: 1, 2: 71, 3: 14, 4: 24, 5: 106, 6: 874, 7: 217, 8: 404, 9: 227}, 7: {0: 1, 1: 14, 2: 177, 3: 12, 4: 152, 5: 878, 6: 213, 7: 1024, 8: 946}, 8: {0: 82, 1: 31, 2: 385, 3: 488, 4: 668, 5: 4, 6: 210, 7: 2307}, 9: {0: 519, 1: 42, 2: 498, 3: 817, 4: 2, 5: 646, 6: 385, 7: 213, 8: 127, 9: 247}, 10: {0: 994, 1: 1191, 2: 44, 3: 759, 4: 385}, 11: {0: 105, 1: 669, 2: 231, 3: 1188, 4: 113, 5: 231, 6: 136, 7: 2, 8: 14, 9: 20}, 12: {0: 10, 1: 1, 2: 438, 3: 85, 4: 601, 5: 274, 6: 35, 7: 2, 8: 263, 9: 197}, 13: {0: 759, 1: 11, 2: 224, 3: 241, 4: 33, 5: 146, 6: 246, 7: 782, 8: 2, 9: 1545}, 14: {0: 392, 1: 301, 2: 35, 3: 2, 4: 828, 5: 43, 6: 1005, 7: 25, 8: 1717, 9: 1}}
09-30 09:32 DEBUG    **************************************************
09-30 09:32 DEBUG    Running experiments 

09-30 10:20 DEBUG    ****** PDM_KL matching ******** 
09-30 10:20 DEBUG    Best Sigma0: 10. Best sigma: 1 Best gamma: 50. Best Test accuracy: 0.2559. Train acc: 0.26228. 

09-30 10:20 DEBUG    PDM_KL log: {(10, 1, 50): {'shapes': [(3072, 1439), (1439,), (1439, 10), (10,)], 'train_accuracy': 0.26228, 'test_accuracy': 0.2559}} 
09-30 12:08 DEBUG    ****** PDM_KL matching ******** 
09-30 12:08 DEBUG    Best Sigma0: 10. Best sigma: 1 Best gamma: 50. Best Test accuracy: 0.2559. Train acc: 0.26228. 

09-30 12:08 DEBUG    PDM_KL log: {(10, 1, 50): {'shapes': [(3072, 1439), (1439,), (1439, 10), (10,)], 'train_accuracy': 0.26228, 'test_accuracy': 0.2559}} 
09-30 13:55 DEBUG    ****** PDM_KL matching ******** 
09-30 13:55 DEBUG    Best Sigma0: 10. Best sigma: 1 Best gamma: 50. Best Test accuracy: 0.2559. Train acc: 0.26228. 

09-30 13:55 DEBUG    PDM_KL log: {(10, 1, 50): {'shapes': [(3072, 1439), (1439,), (1439, 10), (10,)], 'train_accuracy': 0.26228, 'test_accuracy': 0.2559}} 
09-30 15:42 DEBUG    ****** PDM_KL matching ******** 
09-30 15:42 DEBUG    Best Sigma0: 10. Best sigma: 1 Best gamma: 50. Best Test accuracy: 0.2559. Train acc: 0.26228. 

09-30 15:42 DEBUG    PDM_KL log: {(10, 1, 50): {'shapes': [(3072, 1439), (1439,), (1439, 10), (10,)], 'train_accuracy': 0.26228, 'test_accuracy': 0.2559}} 
09-30 17:29 DEBUG    ****** PDM_KL matching ******** 
09-30 17:29 DEBUG    Best Sigma0: 10. Best sigma: 1 Best gamma: 50. Best Test accuracy: 0.2559. Train acc: 0.26228. 

09-30 17:29 DEBUG    PDM_KL log: {(10, 1, 50): {'shapes': [(3072, 1432), (1432,), (1432, 10), (10,)], 'train_accuracy': 0.26228, 'test_accuracy': 0.2559}} 
09-30 19:13 DEBUG    ****** PDM_KL matching ******** 
09-30 19:13 DEBUG    Best Sigma0: 10. Best sigma: 1 Best gamma: 50. Best Test accuracy: 0.2559. Train acc: 0.26228. 

09-30 19:13 DEBUG    PDM_KL log: {(10, 1, 50): {'shapes': [(3072, 1431), (1431,), (1431, 10), (10,)], 'train_accuracy': 0.26228, 'test_accuracy': 0.2559}} 
09-30 20:52 DEBUG    ****** PDM_KL matching ******** 
09-30 20:52 DEBUG    Best Sigma0: 10. Best sigma: 1 Best gamma: 50. Best Test accuracy: 0.2559. Train acc: 0.26228. 

09-30 20:52 DEBUG    PDM_KL log: {(10, 1, 50): {'shapes': [(3072, 1401), (1401,), (1401, 10), (10,)], 'train_accuracy': 0.26228, 'test_accuracy': 0.2559}} 
09-30 22:01 DEBUG    ****** PDM_KL matching ******** 
09-30 22:01 DEBUG    Best Sigma0: 10. Best sigma: 1 Best gamma: 50. Best Test accuracy: 0.2633. Train acc: 0.26754. 

09-30 22:01 DEBUG    PDM_KL log: {(10, 1, 50): {'shapes': [(3072, 1010), (1010,), (1010, 10), (10,)], 'train_accuracy': 0.26754, 'test_accuracy': 0.2633}} 
09-30 22:10 DEBUG    ****** PDM_KL matching ******** 
09-30 22:10 DEBUG    Best Sigma0: 10. Best sigma: 1 Best gamma: 50. Best Test accuracy: 0.0999. Train acc: 0.09994. 

09-30 22:10 DEBUG    PDM_KL log: {(10, 1, 50): {'shapes': [(3072, 128), (128,), (128, 10), (10,)], 'train_accuracy': 0.09994, 'test_accuracy': 0.0999}} 
09-30 22:17 DEBUG    ****** PDM_KL matching ******** 
09-30 22:17 DEBUG    Best Sigma0: 10. Best sigma: 1 Best gamma: 50. Best Test accuracy: 0.1. Train acc: 0.1. 

09-30 22:17 DEBUG    PDM_KL log: {(10, 1, 50): {'shapes': [(3072, 109), (109,), (109, 10), (10,)], 'train_accuracy': 0.1, 'test_accuracy': 0.1}} 
09-30 22:24 DEBUG    ****** PDM_KL matching ******** 
09-30 22:24 DEBUG    Best Sigma0: 10. Best sigma: 1 Best gamma: 50. Best Test accuracy: 0.1. Train acc: 0.09998. 

09-30 22:24 DEBUG    PDM_KL log: {(10, 1, 50): {'shapes': [(3072, 106), (106,), (106, 10), (10,)], 'train_accuracy': 0.09998, 'test_accuracy': 0.1}} 
09-30 22:24 DEBUG    Trial 4 completed
09-30 22:24 DEBUG    ####################################################################################################
09-30 22:24 DEBUG    ####################################################################################################
09-30 22:24 DEBUG    Executing Trial 5 with seed 5
09-30 22:24 DEBUG    Data statistics: {0: {0: 20, 1: 4, 2: 108, 3: 162, 4: 507, 5: 480, 6: 104, 7: 120, 8: 229, 9: 100}, 1: {0: 3, 1: 225, 2: 72, 3: 1649, 4: 513, 5: 61, 6: 489, 7: 1320}, 2: {0: 41, 1: 1695, 2: 5, 4: 6, 5: 606, 6: 1, 7: 533, 8: 1, 9: 1052}, 3: {0: 229, 1: 10, 2: 141, 3: 7, 4: 1034, 5: 3, 7: 106, 8: 2109}, 4: {0: 3, 1: 827, 2: 537, 3: 1365, 4: 532, 5: 1023}, 5: {0: 6, 1: 211, 2: 660, 3: 159, 4: 824, 5: 154, 6: 46, 7: 3, 8: 234, 9: 199}, 6: {0: 194, 1: 6, 2: 65, 3: 215, 4: 177, 5: 387, 6: 439, 7: 328, 8: 169, 9: 594}, 7: {0: 99, 1: 1, 2: 31, 3: 826, 4: 209, 5: 40, 6: 1477, 7: 208, 8: 254, 9: 1927}, 8: {0: 6, 1: 440, 2: 25, 3: 231, 4: 13, 5: 574, 6: 125, 7: 183, 8: 655, 9: 61}, 9: {0: 24, 1: 48, 2: 704, 3: 19, 4: 237, 5: 192, 6: 743, 7: 1238, 8: 1, 9: 663}, 10: {0: 2, 1: 66, 2: 511, 3: 57, 4: 504, 5: 40, 6: 236, 7: 608, 9: 80}, 11: {0: 2467, 1: 452, 2: 483}, 12: {0: 343, 1: 498, 2: 1635, 3: 161, 4: 208, 5: 64, 6: 311, 7: 278}, 13: {0: 1016, 1: 53, 2: 4, 3: 17, 4: 170, 5: 563, 6: 1021, 7: 4, 8: 368, 9: 81}, 14: {0: 547, 1: 464, 2: 19, 3: 132, 4: 66, 5: 813, 6: 8, 7: 71, 8: 980, 9: 243}}
09-30 22:24 DEBUG    **************************************************
09-30 22:24 DEBUG    Running experiments 

09-30 23:10 DEBUG    ****** PDM_KL matching ******** 
09-30 23:10 DEBUG    Best Sigma0: 10. Best sigma: 1 Best gamma: 50. Best Test accuracy: 0.2649. Train acc: 0.27216. 

09-30 23:10 DEBUG    PDM_KL log: {(10, 1, 50): {'shapes': [(3072, 1442), (1442,), (1442, 10), (10,)], 'train_accuracy': 0.27216, 'test_accuracy': 0.2649}} 
10-01 00:52 DEBUG    ****** PDM_KL matching ******** 
10-01 00:52 DEBUG    Best Sigma0: 10. Best sigma: 1 Best gamma: 50. Best Test accuracy: 0.2649. Train acc: 0.27216. 

10-01 00:52 DEBUG    PDM_KL log: {(10, 1, 50): {'shapes': [(3072, 1442), (1442,), (1442, 10), (10,)], 'train_accuracy': 0.27216, 'test_accuracy': 0.2649}} 
10-01 02:22 DEBUG    ****** PDM_KL matching ******** 
10-01 02:22 DEBUG    Best Sigma0: 10. Best sigma: 1 Best gamma: 50. Best Test accuracy: 0.2649. Train acc: 0.27216. 

10-01 02:22 DEBUG    PDM_KL log: {(10, 1, 50): {'shapes': [(3072, 1442), (1442,), (1442, 10), (10,)], 'train_accuracy': 0.27216, 'test_accuracy': 0.2649}} 
10-01 03:46 DEBUG    ****** PDM_KL matching ******** 
10-01 03:46 DEBUG    Best Sigma0: 10. Best sigma: 1 Best gamma: 50. Best Test accuracy: 0.2649. Train acc: 0.27216. 

10-01 03:46 DEBUG    PDM_KL log: {(10, 1, 50): {'shapes': [(3072, 1442), (1442,), (1442, 10), (10,)], 'train_accuracy': 0.27216, 'test_accuracy': 0.2649}} 
10-01 05:04 DEBUG    ****** PDM_KL matching ******** 
10-01 05:04 DEBUG    Best Sigma0: 10. Best sigma: 1 Best gamma: 50. Best Test accuracy: 0.2649. Train acc: 0.27216. 

10-01 05:04 DEBUG    PDM_KL log: {(10, 1, 50): {'shapes': [(3072, 1442), (1442,), (1442, 10), (10,)], 'train_accuracy': 0.27216, 'test_accuracy': 0.2649}} 
10-01 06:21 DEBUG    ****** PDM_KL matching ******** 
10-01 06:21 DEBUG    Best Sigma0: 10. Best sigma: 1 Best gamma: 50. Best Test accuracy: 0.2649. Train acc: 0.27216. 

10-01 06:21 DEBUG    PDM_KL log: {(10, 1, 50): {'shapes': [(3072, 1435), (1435,), (1435, 10), (10,)], 'train_accuracy': 0.27216, 'test_accuracy': 0.2649}} 
10-01 07:33 DEBUG    ****** PDM_KL matching ******** 
10-01 07:33 DEBUG    Best Sigma0: 10. Best sigma: 1 Best gamma: 50. Best Test accuracy: 0.2649. Train acc: 0.27216. 

10-01 07:33 DEBUG    PDM_KL log: {(10, 1, 50): {'shapes': [(3072, 1407), (1407,), (1407, 10), (10,)], 'train_accuracy': 0.27216, 'test_accuracy': 0.2649}} 
10-01 08:24 DEBUG    ****** PDM_KL matching ******** 
10-01 08:24 DEBUG    Best Sigma0: 10. Best sigma: 1 Best gamma: 50. Best Test accuracy: 0.2681. Train acc: 0.27474. 

10-01 08:24 DEBUG    PDM_KL log: {(10, 1, 50): {'shapes': [(3072, 1024), (1024,), (1024, 10), (10,)], 'train_accuracy': 0.27474, 'test_accuracy': 0.2681}} 
10-01 08:30 DEBUG    ****** PDM_KL matching ******** 
10-01 08:30 DEBUG    Best Sigma0: 10. Best sigma: 1 Best gamma: 50. Best Test accuracy: 0.1. Train acc: 0.1. 

10-01 08:30 DEBUG    PDM_KL log: {(10, 1, 50): {'shapes': [(3072, 114), (114,), (114, 10), (10,)], 'train_accuracy': 0.1, 'test_accuracy': 0.1}} 
10-01 08:35 DEBUG    ****** PDM_KL matching ******** 
10-01 08:35 DEBUG    Best Sigma0: 10. Best sigma: 1 Best gamma: 50. Best Test accuracy: 0.1. Train acc: 0.1. 

10-01 08:35 DEBUG    PDM_KL log: {(10, 1, 50): {'shapes': [(3072, 111), (111,), (111, 10), (10,)], 'train_accuracy': 0.1, 'test_accuracy': 0.1}} 
10-01 08:40 DEBUG    ****** PDM_KL matching ******** 
10-01 08:40 DEBUG    Best Sigma0: 10. Best sigma: 1 Best gamma: 50. Best Test accuracy: 0.1. Train acc: 0.1. 

10-01 08:40 DEBUG    PDM_KL log: {(10, 1, 50): {'shapes': [(3072, 108), (108,), (108, 10), (10,)], 'train_accuracy': 0.1, 'test_accuracy': 0.1}} 
10-01 08:40 DEBUG    Trial 5 completed
10-01 08:40 DEBUG    ####################################################################################################
10-01 08:40 DEBUG    ####################################################################################################
10-01 08:40 DEBUG    Executing Trial 6 with seed 6
10-01 08:40 DEBUG    Data statistics: {0: {0: 129, 1: 852, 3: 595, 4: 36, 5: 111, 6: 65, 7: 91, 8: 198, 9: 369}, 1: {0: 1181, 1: 279, 2: 121, 3: 97, 4: 65, 5: 306, 6: 1028, 7: 16, 8: 6, 9: 368}, 2: {0: 231, 1: 37, 2: 131, 3: 1, 4: 1071, 5: 246, 6: 3, 7: 17, 8: 439, 9: 212}, 3: {0: 84, 1: 441, 2: 396, 3: 279, 4: 246, 5: 12, 6: 905, 7: 210, 8: 824}, 4: {1: 112, 2: 1655, 3: 2, 4: 2, 5: 77, 6: 279, 7: 1587}, 5: {0: 1, 1: 119, 2: 134, 3: 727, 4: 699, 5: 192, 6: 75, 7: 466, 8: 770, 9: 438}, 6: {0: 1307, 1: 748, 2: 1, 3: 334, 4: 38, 5: 1223}, 7: {0: 98, 1: 168, 2: 4, 3: 658, 4: 321, 5: 444, 6: 105, 7: 1225, 8: 112, 9: 1811}, 8: {0: 303, 1: 416, 2: 32, 3: 573, 4: 433, 6: 1059, 7: 17, 8: 185, 9: 57}, 9: {0: 4, 1: 81, 2: 660, 3: 101, 4: 171, 5: 110, 6: 344, 7: 17, 8: 1654, 9: 331}, 10: {0: 399, 1: 148, 2: 3, 3: 555, 4: 63, 5: 104, 6: 2, 7: 183, 8: 8, 9: 85}, 11: {0: 231, 1: 17, 2: 519, 3: 1, 4: 588, 5: 282, 6: 816, 7: 171, 8: 26, 9: 120}, 12: {0: 396, 1: 1118, 2: 807, 3: 26, 4: 186, 5: 1749}, 13: {0: 609, 1: 97, 2: 366, 3: 262, 4: 945, 5: 132, 6: 16, 7: 13, 8: 16, 9: 1209}, 14: {0: 27, 1: 367, 2: 171, 3: 789, 4: 136, 5: 12, 6: 303, 7: 987, 8: 762}}
10-01 08:40 DEBUG    **************************************************
10-01 08:40 DEBUG    Running experiments 

10-01 09:12 DEBUG    ****** PDM_KL matching ******** 
10-01 09:12 DEBUG    Best Sigma0: 10. Best sigma: 1 Best gamma: 50. Best Test accuracy: 0.2622. Train acc: 0.2629. 

10-01 09:12 DEBUG    PDM_KL log: {(10, 1, 50): {'shapes': [(3072, 1441), (1441,), (1441, 10), (10,)], 'train_accuracy': 0.2629, 'test_accuracy': 0.2622}} 
10-01 10:27 DEBUG    ****** PDM_KL matching ******** 
10-01 10:27 DEBUG    Best Sigma0: 10. Best sigma: 1 Best gamma: 50. Best Test accuracy: 0.2622. Train acc: 0.2629. 

10-01 10:27 DEBUG    PDM_KL log: {(10, 1, 50): {'shapes': [(3072, 1441), (1441,), (1441, 10), (10,)], 'train_accuracy': 0.2629, 'test_accuracy': 0.2622}} 
10-01 11:45 DEBUG    ****** PDM_KL matching ******** 
10-01 11:45 DEBUG    Best Sigma0: 10. Best sigma: 1 Best gamma: 50. Best Test accuracy: 0.2622. Train acc: 0.2629. 

10-01 11:45 DEBUG    PDM_KL log: {(10, 1, 50): {'shapes': [(3072, 1441), (1441,), (1441, 10), (10,)], 'train_accuracy': 0.2629, 'test_accuracy': 0.2622}} 
10-01 13:03 DEBUG    ****** PDM_KL matching ******** 
10-01 13:03 DEBUG    Best Sigma0: 10. Best sigma: 1 Best gamma: 50. Best Test accuracy: 0.2622. Train acc: 0.2629. 

10-01 13:03 DEBUG    PDM_KL log: {(10, 1, 50): {'shapes': [(3072, 1441), (1441,), (1441, 10), (10,)], 'train_accuracy': 0.2629, 'test_accuracy': 0.2622}} 
10-01 14:18 DEBUG    ****** PDM_KL matching ******** 
10-01 14:18 DEBUG    Best Sigma0: 10. Best sigma: 1 Best gamma: 50. Best Test accuracy: 0.2622. Train acc: 0.2629. 

10-01 14:18 DEBUG    PDM_KL log: {(10, 1, 50): {'shapes': [(3072, 1441), (1441,), (1441, 10), (10,)], 'train_accuracy': 0.2629, 'test_accuracy': 0.2622}} 
10-01 15:33 DEBUG    ****** PDM_KL matching ******** 
10-01 15:33 DEBUG    Best Sigma0: 10. Best sigma: 1 Best gamma: 50. Best Test accuracy: 0.2622. Train acc: 0.2629. 

10-01 15:33 DEBUG    PDM_KL log: {(10, 1, 50): {'shapes': [(3072, 1438), (1438,), (1438, 10), (10,)], 'train_accuracy': 0.2629, 'test_accuracy': 0.2622}} 
10-01 16:46 DEBUG    ****** PDM_KL matching ******** 
10-01 16:46 DEBUG    Best Sigma0: 10. Best sigma: 1 Best gamma: 50. Best Test accuracy: 0.2622. Train acc: 0.2629. 

10-01 16:46 DEBUG    PDM_KL log: {(10, 1, 50): {'shapes': [(3072, 1397), (1397,), (1397, 10), (10,)], 'train_accuracy': 0.2629, 'test_accuracy': 0.2622}} 
10-01 17:37 DEBUG    ****** PDM_KL matching ******** 
10-01 17:37 DEBUG    Best Sigma0: 10. Best sigma: 1 Best gamma: 50. Best Test accuracy: 0.2635. Train acc: 0.26296. 

10-01 17:37 DEBUG    PDM_KL log: {(10, 1, 50): {'shapes': [(3072, 1024), (1024,), (1024, 10), (10,)], 'train_accuracy': 0.26296, 'test_accuracy': 0.2635}} 
10-01 17:43 DEBUG    ****** PDM_KL matching ******** 
10-01 17:43 DEBUG    Best Sigma0: 10. Best sigma: 1 Best gamma: 50. Best Test accuracy: 0.1. Train acc: 0.1. 

10-01 17:43 DEBUG    PDM_KL log: {(10, 1, 50): {'shapes': [(3072, 114), (114,), (114, 10), (10,)], 'train_accuracy': 0.1, 'test_accuracy': 0.1}} 
10-01 17:49 DEBUG    ****** PDM_KL matching ******** 
10-01 17:49 DEBUG    Best Sigma0: 10. Best sigma: 1 Best gamma: 50. Best Test accuracy: 0.1. Train acc: 0.1. 

10-01 17:49 DEBUG    PDM_KL log: {(10, 1, 50): {'shapes': [(3072, 111), (111,), (111, 10), (10,)], 'train_accuracy': 0.1, 'test_accuracy': 0.1}} 
10-01 17:53 DEBUG    ****** PDM_KL matching ******** 
10-01 17:53 DEBUG    Best Sigma0: 10. Best sigma: 1 Best gamma: 50. Best Test accuracy: 0.1. Train acc: 0.09998. 

10-01 17:53 DEBUG    PDM_KL log: {(10, 1, 50): {'shapes': [(3072, 105), (105,), (105, 10), (10,)], 'train_accuracy': 0.09998, 'test_accuracy': 0.1}} 
10-01 17:53 DEBUG    Trial 6 completed
10-01 17:53 DEBUG    ####################################################################################################
10-01 17:53 DEBUG    ####################################################################################################
10-01 17:53 DEBUG    Executing Trial 7 with seed 7
10-01 17:53 DEBUG    Data statistics: {0: {0: 32, 1: 286, 2: 24, 3: 691, 4: 2, 6: 40, 8: 3, 9: 9}, 1: {0: 100, 1: 641, 2: 1927, 3: 642, 4: 407}, 2: {0: 9, 1: 904, 2: 263, 3: 276, 4: 128, 5: 157, 6: 33, 7: 167, 8: 215, 9: 491}, 3: {0: 82, 1: 386, 2: 32, 3: 906, 4: 409, 5: 161, 6: 795, 7: 83, 8: 275, 9: 448}, 4: {0: 15, 1: 66, 2: 53, 3: 61, 4: 884, 5: 158, 6: 42, 7: 236, 8: 669, 9: 101}, 5: {0: 309, 1: 1026, 2: 342, 3: 398, 4: 6, 5: 2682}, 6: {0: 666, 1: 275, 2: 10, 3: 279, 4: 18, 5: 266, 6: 167, 7: 116, 8: 217, 9: 27}, 7: {0: 7, 1: 7, 2: 35, 3: 122, 4: 449, 5: 1125, 6: 604, 7: 3, 8: 556, 9: 194}, 8: {0: 1281, 1: 433, 2: 3, 3: 227, 4: 178, 5: 178, 6: 38, 7: 818, 9: 1882}, 9: {0: 583, 1: 17, 2: 752, 3: 802, 4: 517, 5: 5, 6: 820}, 10: {0: 100, 1: 612, 2: 301, 4: 25, 5: 8, 6: 1017, 7: 1443}, 11: {0: 431, 1: 24, 2: 1036, 3: 13, 4: 607, 5: 39, 6: 1189}, 12: {0: 144, 1: 163, 2: 126, 3: 92, 4: 57, 5: 140, 6: 5, 7: 952, 8: 228, 9: 1848}, 13: {0: 1123, 1: 116, 2: 44, 3: 458, 4: 1038, 5: 54, 6: 9, 7: 805}, 14: {0: 118, 1: 44, 2: 52, 3: 33, 4: 275, 5: 27, 6: 241, 7: 377, 8: 2837}}
10-01 17:54 DEBUG    **************************************************
10-01 17:54 DEBUG    Running experiments 

10-01 18:28 DEBUG    ****** PDM_KL matching ******** 
10-01 18:28 DEBUG    Best Sigma0: 10. Best sigma: 1 Best gamma: 50. Best Test accuracy: 0.2705. Train acc: 0.27054. 

10-01 18:28 DEBUG    PDM_KL log: {(10, 1, 50): {'shapes': [(3072, 1432), (1432,), (1432, 10), (10,)], 'train_accuracy': 0.27054, 'test_accuracy': 0.2705}} 
10-01 19:45 DEBUG    ****** PDM_KL matching ******** 
10-01 19:45 DEBUG    Best Sigma0: 10. Best sigma: 1 Best gamma: 50. Best Test accuracy: 0.2705. Train acc: 0.27054. 

10-01 19:45 DEBUG    PDM_KL log: {(10, 1, 50): {'shapes': [(3072, 1432), (1432,), (1432, 10), (10,)], 'train_accuracy': 0.27054, 'test_accuracy': 0.2705}} 
10-01 21:00 DEBUG    ****** PDM_KL matching ******** 
10-01 21:00 DEBUG    Best Sigma0: 10. Best sigma: 1 Best gamma: 50. Best Test accuracy: 0.2705. Train acc: 0.27054. 

10-01 21:00 DEBUG    PDM_KL log: {(10, 1, 50): {'shapes': [(3072, 1432), (1432,), (1432, 10), (10,)], 'train_accuracy': 0.27054, 'test_accuracy': 0.2705}} 
10-01 22:22 DEBUG    ****** PDM_KL matching ******** 
10-01 22:22 DEBUG    Best Sigma0: 10. Best sigma: 1 Best gamma: 50. Best Test accuracy: 0.2705. Train acc: 0.27054. 

10-01 22:22 DEBUG    PDM_KL log: {(10, 1, 50): {'shapes': [(3072, 1432), (1432,), (1432, 10), (10,)], 'train_accuracy': 0.27054, 'test_accuracy': 0.2705}} 
10-01 23:33 DEBUG    ****** PDM_KL matching ******** 
10-01 23:33 DEBUG    Best Sigma0: 10. Best sigma: 1 Best gamma: 50. Best Test accuracy: 0.2705. Train acc: 0.27054. 

10-01 23:33 DEBUG    PDM_KL log: {(10, 1, 50): {'shapes': [(3072, 1432), (1432,), (1432, 10), (10,)], 'train_accuracy': 0.27054, 'test_accuracy': 0.2705}} 
10-02 00:44 DEBUG    ****** PDM_KL matching ******** 
10-02 00:44 DEBUG    Best Sigma0: 10. Best sigma: 1 Best gamma: 50. Best Test accuracy: 0.2705. Train acc: 0.27054. 

10-02 00:44 DEBUG    PDM_KL log: {(10, 1, 50): {'shapes': [(3072, 1428), (1428,), (1428, 10), (10,)], 'train_accuracy': 0.27054, 'test_accuracy': 0.2705}} 
10-02 01:52 DEBUG    ****** PDM_KL matching ******** 
10-02 01:52 DEBUG    Best Sigma0: 10. Best sigma: 1 Best gamma: 50. Best Test accuracy: 0.2706. Train acc: 0.27052. 

10-02 01:52 DEBUG    PDM_KL log: {(10, 1, 50): {'shapes': [(3072, 1393), (1393,), (1393, 10), (10,)], 'train_accuracy': 0.27052, 'test_accuracy': 0.2706}} 
10-02 02:39 DEBUG    ****** PDM_KL matching ******** 
10-02 02:39 DEBUG    Best Sigma0: 10. Best sigma: 1 Best gamma: 50. Best Test accuracy: 0.2738. Train acc: 0.27274. 

10-02 02:39 DEBUG    PDM_KL log: {(10, 1, 50): {'shapes': [(3072, 1010), (1010,), (1010, 10), (10,)], 'train_accuracy': 0.27274, 'test_accuracy': 0.2738}} 
10-02 02:45 DEBUG    ****** PDM_KL matching ******** 
10-02 02:45 DEBUG    Best Sigma0: 10. Best sigma: 1 Best gamma: 50. Best Test accuracy: 0.1. Train acc: 0.1. 

10-02 02:45 DEBUG    PDM_KL log: {(10, 1, 50): {'shapes': [(3072, 112), (112,), (112, 10), (10,)], 'train_accuracy': 0.1, 'test_accuracy': 0.1}} 
10-02 02:49 DEBUG    ****** PDM_KL matching ******** 
10-02 02:49 DEBUG    Best Sigma0: 10. Best sigma: 1 Best gamma: 50. Best Test accuracy: 0.1. Train acc: 0.09998. 

10-02 02:49 DEBUG    PDM_KL log: {(10, 1, 50): {'shapes': [(3072, 107), (107,), (107, 10), (10,)], 'train_accuracy': 0.09998, 'test_accuracy': 0.1}} 
10-02 02:52 DEBUG    ****** PDM_KL matching ******** 
10-02 02:52 DEBUG    Best Sigma0: 10. Best sigma: 1 Best gamma: 50. Best Test accuracy: 0.1. Train acc: 0.1. 

10-02 02:52 DEBUG    PDM_KL log: {(10, 1, 50): {'shapes': [(3072, 100), (100,), (100, 10), (10,)], 'train_accuracy': 0.1, 'test_accuracy': 0.1}} 
10-02 02:52 DEBUG    Trial 7 completed
10-02 02:52 DEBUG    ####################################################################################################
10-02 02:52 DEBUG    ####################################################################################################
10-02 02:52 DEBUG    Executing Trial 8 with seed 8
10-02 02:52 DEBUG    Data statistics: {0: {0: 228, 1: 581, 2: 53, 4: 23, 5: 129, 6: 158, 7: 93, 8: 322, 9: 194}, 1: {0: 4, 1: 577, 2: 111, 3: 387, 4: 382, 5: 1648, 6: 406}, 2: {0: 183, 1: 142, 2: 230, 3: 69, 4: 15, 5: 301, 6: 924, 7: 328, 8: 134, 9: 37}, 3: {0: 12, 1: 45, 2: 2632, 3: 565, 4: 49, 5: 9, 6: 721}, 4: {0: 9, 1: 627, 2: 484, 3: 6, 4: 212, 5: 235, 6: 9, 7: 1080, 8: 561, 9: 223}, 5: {0: 24, 1: 348, 2: 399, 3: 221, 4: 1508, 5: 183, 6: 23, 7: 493, 8: 29, 9: 1283}, 6: {0: 73, 1: 185, 2: 201, 3: 2, 4: 126, 5: 261, 6: 278, 7: 721, 8: 644, 9: 456}, 7: {0: 1462, 1: 194, 2: 3, 3: 9, 4: 155, 5: 70, 6: 32, 7: 62, 8: 464, 9: 229}, 8: {0: 171, 1: 493, 2: 103, 3: 1148, 4: 7, 5: 1228, 6: 94, 7: 877}, 9: {0: 11, 1: 13, 2: 126, 3: 166, 4: 39, 5: 13, 6: 763, 7: 106, 8: 1380, 9: 177}, 10: {0: 286, 1: 180, 2: 133, 3: 322, 4: 395, 5: 211, 6: 583, 7: 417, 8: 312, 9: 1090}, 11: {0: 22, 1: 1179, 2: 33, 4: 33, 5: 7, 6: 417, 7: 145, 8: 6, 9: 1168}, 12: {0: 1344, 1: 8, 2: 6, 3: 264, 4: 101, 5: 673, 6: 284, 7: 406, 8: 561}, 13: {0: 1105, 1: 289, 2: 280, 3: 823, 4: 1366}, 14: {0: 66, 1: 139, 2: 206, 3: 1018, 4: 589, 5: 32, 6: 308, 7: 272, 8: 587, 9: 143}}
10-02 02:53 DEBUG    **************************************************
10-02 02:53 DEBUG    Running experiments 

10-02 03:24 DEBUG    ****** PDM_KL matching ******** 
10-02 03:24 DEBUG    Best Sigma0: 10. Best sigma: 1 Best gamma: 50. Best Test accuracy: 0.2983. Train acc: 0.29994. 

10-02 03:24 DEBUG    PDM_KL log: {(10, 1, 50): {'shapes': [(3072, 1442), (1442,), (1442, 10), (10,)], 'train_accuracy': 0.29994, 'test_accuracy': 0.2983}} 
10-02 04:35 DEBUG    ****** PDM_KL matching ******** 
10-02 04:35 DEBUG    Best Sigma0: 10. Best sigma: 1 Best gamma: 50. Best Test accuracy: 0.2983. Train acc: 0.29994. 

10-02 04:35 DEBUG    PDM_KL log: {(10, 1, 50): {'shapes': [(3072, 1442), (1442,), (1442, 10), (10,)], 'train_accuracy': 0.29994, 'test_accuracy': 0.2983}} 
10-02 05:46 DEBUG    ****** PDM_KL matching ******** 
10-02 05:46 DEBUG    Best Sigma0: 10. Best sigma: 1 Best gamma: 50. Best Test accuracy: 0.2983. Train acc: 0.29994. 

10-02 05:46 DEBUG    PDM_KL log: {(10, 1, 50): {'shapes': [(3072, 1442), (1442,), (1442, 10), (10,)], 'train_accuracy': 0.29994, 'test_accuracy': 0.2983}} 
10-02 06:56 DEBUG    ****** PDM_KL matching ******** 
10-02 06:56 DEBUG    Best Sigma0: 10. Best sigma: 1 Best gamma: 50. Best Test accuracy: 0.2983. Train acc: 0.29994. 

10-02 06:56 DEBUG    PDM_KL log: {(10, 1, 50): {'shapes': [(3072, 1441), (1441,), (1441, 10), (10,)], 'train_accuracy': 0.29994, 'test_accuracy': 0.2983}} 
10-02 08:07 DEBUG    ****** PDM_KL matching ******** 
10-02 08:07 DEBUG    Best Sigma0: 10. Best sigma: 1 Best gamma: 50. Best Test accuracy: 0.2983. Train acc: 0.29994. 

10-02 08:07 DEBUG    PDM_KL log: {(10, 1, 50): {'shapes': [(3072, 1438), (1438,), (1438, 10), (10,)], 'train_accuracy': 0.29994, 'test_accuracy': 0.2983}} 
10-02 09:16 DEBUG    ****** PDM_KL matching ******** 
10-02 09:16 DEBUG    Best Sigma0: 10. Best sigma: 1 Best gamma: 50. Best Test accuracy: 0.2983. Train acc: 0.29994. 

10-02 09:16 DEBUG    PDM_KL log: {(10, 1, 50): {'shapes': [(3072, 1437), (1437,), (1437, 10), (10,)], 'train_accuracy': 0.29994, 'test_accuracy': 0.2983}} 
10-02 10:25 DEBUG    ****** PDM_KL matching ******** 
10-02 10:25 DEBUG    Best Sigma0: 10. Best sigma: 1 Best gamma: 50. Best Test accuracy: 0.2983. Train acc: 0.29994. 

10-02 10:25 DEBUG    PDM_KL log: {(10, 1, 50): {'shapes': [(3072, 1409), (1409,), (1409, 10), (10,)], 'train_accuracy': 0.29994, 'test_accuracy': 0.2983}} 
10-02 11:14 DEBUG    ****** PDM_KL matching ******** 
10-02 11:14 DEBUG    Best Sigma0: 10. Best sigma: 1 Best gamma: 50. Best Test accuracy: 0.2983. Train acc: 0.30016. 

10-02 11:14 DEBUG    PDM_KL log: {(10, 1, 50): {'shapes': [(3072, 1024), (1024,), (1024, 10), (10,)], 'train_accuracy': 0.30016, 'test_accuracy': 0.2983}} 
10-02 11:19 DEBUG    ****** PDM_KL matching ******** 
10-02 11:19 DEBUG    Best Sigma0: 10. Best sigma: 1 Best gamma: 50. Best Test accuracy: 0.1. Train acc: 0.1. 

10-02 11:19 DEBUG    PDM_KL log: {(10, 1, 50): {'shapes': [(3072, 114), (114,), (114, 10), (10,)], 'train_accuracy': 0.1, 'test_accuracy': 0.1}} 
10-02 11:24 DEBUG    ****** PDM_KL matching ******** 
10-02 11:24 DEBUG    Best Sigma0: 10. Best sigma: 1 Best gamma: 50. Best Test accuracy: 0.1. Train acc: 0.1. 

10-02 11:24 DEBUG    PDM_KL log: {(10, 1, 50): {'shapes': [(3072, 108), (108,), (108, 10), (10,)], 'train_accuracy': 0.1, 'test_accuracy': 0.1}} 
10-02 11:28 DEBUG    ****** PDM_KL matching ******** 
10-02 11:28 DEBUG    Best Sigma0: 10. Best sigma: 1 Best gamma: 50. Best Test accuracy: 0.1. Train acc: 0.1. 

10-02 11:28 DEBUG    PDM_KL log: {(10, 1, 50): {'shapes': [(3072, 100), (100,), (100, 10), (10,)], 'train_accuracy': 0.1, 'test_accuracy': 0.1}} 
10-02 11:28 DEBUG    Trial 8 completed
10-02 11:28 DEBUG    ####################################################################################################
10-02 11:28 DEBUG    ####################################################################################################
10-02 11:28 DEBUG    Executing Trial 9 with seed 9
10-02 11:28 DEBUG    Data statistics: {0: {0: 768, 1: 150, 2: 416, 3: 25, 4: 660, 5: 90, 6: 254, 7: 1220}, 1: {0: 187, 2: 61, 3: 34, 4: 1768, 6: 1588}, 2: {0: 247, 1: 76, 2: 51, 3: 4, 4: 167, 5: 909, 6: 14, 7: 225, 8: 1, 9: 1177}, 3: {0: 852, 1: 564, 2: 1136, 3: 318, 4: 331, 5: 81, 6: 709}, 4: {0: 638, 1: 2401, 2: 282, 3: 384}, 5: {0: 52, 1: 128, 2: 3, 3: 27, 4: 164, 5: 123, 6: 263, 7: 198, 9: 664}, 6: {0: 262, 1: 86, 2: 986, 3: 684, 4: 147, 5: 72, 6: 80, 7: 41, 8: 1, 9: 3}, 7: {0: 682, 1: 22, 2: 4, 3: 5, 4: 332, 5: 180, 6: 30, 7: 529, 8: 2302}, 8: {0: 105, 1: 257, 2: 189, 3: 736, 4: 355, 5: 443, 6: 192, 7: 63, 8: 1042}, 9: {0: 725, 1: 625, 2: 265, 3: 38, 4: 17, 5: 349, 6: 99, 7: 123, 8: 19, 9: 1077}, 10: {0: 4, 1: 450, 2: 425, 3: 761, 4: 304, 5: 1427}, 11: {0: 21, 1: 68, 2: 24, 3: 480, 4: 203, 5: 247, 6: 805, 7: 304, 8: 416, 9: 130}, 12: {0: 344, 1: 1, 2: 34, 3: 134, 4: 126, 5: 962, 6: 609, 7: 13, 8: 547, 9: 993}, 13: {0: 109, 1: 165, 2: 393, 3: 22, 4: 32, 5: 83, 6: 259, 7: 2056, 8: 536}, 14: {0: 4, 1: 7, 2: 731, 3: 1348, 4: 394, 5: 34, 6: 98, 7: 228, 8: 136, 9: 956}}
10-02 11:29 DEBUG    **************************************************
10-02 11:29 DEBUG    Running experiments 

10-02 12:01 DEBUG    ****** PDM_KL matching ******** 
10-02 12:01 DEBUG    Best Sigma0: 10. Best sigma: 1 Best gamma: 50. Best Test accuracy: 0.2837. Train acc: 0.28466. 

10-02 12:01 DEBUG    PDM_KL log: {(10, 1, 50): {'shapes': [(3072, 1449), (1449,), (1449, 10), (10,)], 'train_accuracy': 0.28466, 'test_accuracy': 0.2837}} 
10-02 13:16 DEBUG    ****** PDM_KL matching ******** 
10-02 13:16 DEBUG    Best Sigma0: 10. Best sigma: 1 Best gamma: 50. Best Test accuracy: 0.2837. Train acc: 0.28466. 

10-02 13:16 DEBUG    PDM_KL log: {(10, 1, 50): {'shapes': [(3072, 1449), (1449,), (1449, 10), (10,)], 'train_accuracy': 0.28466, 'test_accuracy': 0.2837}} 
10-02 14:28 DEBUG    ****** PDM_KL matching ******** 
10-02 14:28 DEBUG    Best Sigma0: 10. Best sigma: 1 Best gamma: 50. Best Test accuracy: 0.2837. Train acc: 0.28466. 

10-02 14:28 DEBUG    PDM_KL log: {(10, 1, 50): {'shapes': [(3072, 1449), (1449,), (1449, 10), (10,)], 'train_accuracy': 0.28466, 'test_accuracy': 0.2837}} 
10-02 15:39 DEBUG    ****** PDM_KL matching ******** 
10-02 15:39 DEBUG    Best Sigma0: 10. Best sigma: 1 Best gamma: 50. Best Test accuracy: 0.2837. Train acc: 0.28466. 

10-02 15:39 DEBUG    PDM_KL log: {(10, 1, 50): {'shapes': [(3072, 1449), (1449,), (1449, 10), (10,)], 'train_accuracy': 0.28466, 'test_accuracy': 0.2837}} 
10-02 16:52 DEBUG    ****** PDM_KL matching ******** 
10-02 16:52 DEBUG    Best Sigma0: 10. Best sigma: 1 Best gamma: 50. Best Test accuracy: 0.2837. Train acc: 0.28466. 

10-02 16:52 DEBUG    PDM_KL log: {(10, 1, 50): {'shapes': [(3072, 1449), (1449,), (1449, 10), (10,)], 'train_accuracy': 0.28466, 'test_accuracy': 0.2837}} 
10-02 18:01 DEBUG    ****** PDM_KL matching ******** 
10-02 18:01 DEBUG    Best Sigma0: 10. Best sigma: 1 Best gamma: 50. Best Test accuracy: 0.2837. Train acc: 0.28466. 

10-02 18:01 DEBUG    PDM_KL log: {(10, 1, 50): {'shapes': [(3072, 1448), (1448,), (1448, 10), (10,)], 'train_accuracy': 0.28466, 'test_accuracy': 0.2837}} 
10-02 19:13 DEBUG    ****** PDM_KL matching ******** 
10-02 19:13 DEBUG    Best Sigma0: 10. Best sigma: 1 Best gamma: 50. Best Test accuracy: 0.2837. Train acc: 0.28466. 

10-02 19:13 DEBUG    PDM_KL log: {(10, 1, 50): {'shapes': [(3072, 1420), (1420,), (1420, 10), (10,)], 'train_accuracy': 0.28466, 'test_accuracy': 0.2837}} 
10-02 20:01 DEBUG    ****** PDM_KL matching ******** 
10-02 20:01 DEBUG    Best Sigma0: 10. Best sigma: 1 Best gamma: 50. Best Test accuracy: 0.2894. Train acc: 0.28924. 

10-02 20:01 DEBUG    PDM_KL log: {(10, 1, 50): {'shapes': [(3072, 1024), (1024,), (1024, 10), (10,)], 'train_accuracy': 0.28924, 'test_accuracy': 0.2894}} 
10-02 20:06 DEBUG    ****** PDM_KL matching ******** 
10-02 20:06 DEBUG    Best Sigma0: 10. Best sigma: 1 Best gamma: 50. Best Test accuracy: 0.1. Train acc: 0.1. 

10-02 20:06 DEBUG    PDM_KL log: {(10, 1, 50): {'shapes': [(3072, 114), (114,), (114, 10), (10,)], 'train_accuracy': 0.1, 'test_accuracy': 0.1}} 
10-02 20:11 DEBUG    ****** PDM_KL matching ******** 
10-02 20:11 DEBUG    Best Sigma0: 10. Best sigma: 1 Best gamma: 50. Best Test accuracy: 0.1. Train acc: 0.09998. 

10-02 20:11 DEBUG    PDM_KL log: {(10, 1, 50): {'shapes': [(3072, 110), (110,), (110, 10), (10,)], 'train_accuracy': 0.09998, 'test_accuracy': 0.1}} 
10-02 20:15 DEBUG    ****** PDM_KL matching ******** 
10-02 20:15 DEBUG    Best Sigma0: 10. Best sigma: 1 Best gamma: 50. Best Test accuracy: 0.0999. Train acc: 0.09998. 

10-02 20:15 DEBUG    PDM_KL log: {(10, 1, 50): {'shapes': [(3072, 100), (100,), (100, 10), (10,)], 'train_accuracy': 0.09998, 'test_accuracy': 0.0999}} 
10-02 20:15 DEBUG    Trial 9 completed
10-02 20:15 DEBUG    ####################################################################################################
