09-13 02:48 DEBUG    Experiment arguments: Namespace(alpha=0.5, communication_rounds=None, datadir='data/cifar10', dataset='cifar10', device=1.0, dropout_p=0.0, epochs=10, experiment=['all'], init_seed=0, iter_epochs=5, layers=1, loaddir='saved_weights/cifar10/homo', logdir='KL_regs/cifar10/homo', lr=0.01, lr_decay=1.0, n=6, n_layers=1, n_nets=10, net_config=[3072, 100, 100, 100, 10], num_pool_workers=6, partition='homo', pdm_gamma=1.0, pdm_sig=1.0, pdm_sig0=1.0, reg=1e-06, reg_fac=0.0, trials=10)
09-13 02:48 DEBUG    ####################################################################################################
09-13 02:48 DEBUG    Executing Trial 0 with seed 0
09-13 02:48 DEBUG    Data statistics: {0: {0: 503, 1: 483, 2: 487, 3: 527, 4: 473, 5: 548, 6: 491, 7: 502, 8: 482, 9: 504}, 1: {0: 501, 1: 503, 2: 529, 3: 503, 4: 494, 5: 468, 6: 462, 7: 497, 8: 507, 9: 536}, 2: {0: 510, 1: 540, 2: 498, 3: 461, 4: 516, 5: 483, 6: 502, 7: 515, 8: 492, 9: 483}, 3: {0: 487, 1: 487, 2: 493, 3: 498, 4: 523, 5: 482, 6: 500, 7: 487, 8: 495, 9: 548}, 4: {0: 505, 1: 480, 2: 488, 3: 488, 4: 480, 5: 509, 6: 537, 7: 490, 8: 490, 9: 533}, 5: {0: 504, 1: 480, 2: 511, 3: 494, 4: 530, 5: 509, 6: 521, 7: 489, 8: 490, 9: 472}, 6: {0: 512, 1: 509, 2: 512, 3: 488, 4: 488, 5: 465, 6: 490, 7: 538, 8: 506, 9: 492}, 7: {0: 472, 1: 521, 2: 463, 3: 549, 4: 502, 5: 515, 6: 518, 7: 496, 8: 479, 9: 485}, 8: {0: 505, 1: 485, 2: 487, 3: 505, 4: 497, 5: 512, 6: 508, 7: 501, 8: 531, 9: 469}, 9: {0: 501, 1: 512, 2: 532, 3: 487, 4: 497, 5: 509, 6: 471, 7: 485, 8: 528, 9: 478}}
09-13 02:49 DEBUG    **************************************************
09-13 02:49 DEBUG    Running experiments 

09-13 02:49 DEBUG    Uniform ensemble (Train acc): 0.330360
09-13 02:49 DEBUG    Uniform ensemble (Test acc): 0.327900
09-13 02:49 DEBUG    FedAvg (Train acc): 0.100000
09-13 02:49 DEBUG    FedAvg (Test acc): 0.100000
09-13 02:54 DEBUG    ****** PDM_KL matching ******** 
09-13 02:54 DEBUG    Best Sigma0: 0.5. Best sigma: 1 Best gamma: 10. Best Test accuracy: 0.2135. Train acc: 0.21098. 

09-13 02:54 DEBUG    PDM_KL log: {(0.5, 1, 10): {'shapes': [(3072, 252), (252,), (252, 118), (118,), (118, 118), (118,), (118, 10), (10,)], 'train_accuracy': 0.21098, 'test_accuracy': 0.2135}} 
09-13 03:08 DEBUG    ****** PDM_KL matching ******** 
09-13 03:08 DEBUG    Best Sigma0: 0.5. Best sigma: 1 Best gamma: 10. Best Test accuracy: 0.1984. Train acc: 0.1961. 

09-13 03:08 DEBUG    PDM_KL log: {(0.5, 1, 10): {'shapes': [(3072, 252), (252,), (252, 118), (118,), (118, 118), (118,), (118, 10), (10,)], 'train_accuracy': 0.1961, 'test_accuracy': 0.1984}} 
09-13 03:21 DEBUG    ****** PDM_KL matching ******** 
09-13 03:21 DEBUG    Best Sigma0: 0.5. Best sigma: 1 Best gamma: 10. Best Test accuracy: 0.2025. Train acc: 0.19892. 

09-13 03:21 DEBUG    PDM_KL log: {(0.5, 1, 10): {'shapes': [(3072, 252), (252,), (252, 118), (118,), (118, 118), (118,), (118, 10), (10,)], 'train_accuracy': 0.19892, 'test_accuracy': 0.2025}} 
09-13 03:35 DEBUG    ****** PDM_KL matching ******** 
09-13 03:35 DEBUG    Best Sigma0: 0.5. Best sigma: 1 Best gamma: 10. Best Test accuracy: 0.2136. Train acc: 0.20786. 

09-13 03:35 DEBUG    PDM_KL log: {(0.5, 1, 10): {'shapes': [(3072, 250), (250,), (250, 118), (118,), (118, 118), (118,), (118, 10), (10,)], 'train_accuracy': 0.20786, 'test_accuracy': 0.2136}} 
09-13 03:49 DEBUG    ****** PDM_KL matching ******** 
09-13 03:49 DEBUG    Best Sigma0: 0.5. Best sigma: 1 Best gamma: 10. Best Test accuracy: 0.2026. Train acc: 0.19864. 

09-13 03:49 DEBUG    PDM_KL log: {(0.5, 1, 10): {'shapes': [(3072, 253), (253,), (253, 118), (118,), (118, 118), (118,), (118, 10), (10,)], 'train_accuracy': 0.19864, 'test_accuracy': 0.2026}} 
09-13 04:02 DEBUG    ****** PDM_KL matching ******** 
09-13 04:02 DEBUG    Best Sigma0: 0.5. Best sigma: 1 Best gamma: 10. Best Test accuracy: 0.2237. Train acc: 0.2218. 

09-13 04:02 DEBUG    PDM_KL log: {(0.5, 1, 10): {'shapes': [(3072, 249), (249,), (249, 118), (118,), (118, 118), (118,), (118, 10), (10,)], 'train_accuracy': 0.2218, 'test_accuracy': 0.2237}} 
09-13 04:19 DEBUG    ****** PDM_KL matching ******** 
09-13 04:19 DEBUG    Best Sigma0: 0.5. Best sigma: 1 Best gamma: 10. Best Test accuracy: 0.1976. Train acc: 0.19298. 

09-13 04:19 DEBUG    PDM_KL log: {(0.5, 1, 10): {'shapes': [(3072, 334), (334,), (334, 118), (118,), (118, 118), (118,), (118, 10), (10,)], 'train_accuracy': 0.19298, 'test_accuracy': 0.1976}} 
09-13 04:45 DEBUG    ****** PDM_KL matching ******** 
09-13 04:45 DEBUG    Best Sigma0: 0.5. Best sigma: 1 Best gamma: 10. Best Test accuracy: 0.1605. Train acc: 0.15946. 

09-13 04:45 DEBUG    PDM_KL log: {(0.5, 1, 10): {'shapes': [(3072, 553), (553,), (553, 127), (127,), (127, 118), (118,), (118, 10), (10,)], 'train_accuracy': 0.15946, 'test_accuracy': 0.1605}} 
09-13 05:16 DEBUG    ****** PDM_KL matching ******** 
09-13 05:16 DEBUG    Best Sigma0: 0.5. Best sigma: 1 Best gamma: 10. Best Test accuracy: 0.1006. Train acc: 0.1003. 

09-13 05:16 DEBUG    PDM_KL log: {(0.5, 1, 10): {'shapes': [(3072, 700), (700,), (700, 127), (127,), (127, 127), (127,), (127, 10), (10,)], 'train_accuracy': 0.1003, 'test_accuracy': 0.1006}} 
09-13 05:46 DEBUG    ****** PDM_KL matching ******** 
09-13 05:46 DEBUG    Best Sigma0: 0.5. Best sigma: 1 Best gamma: 10. Best Test accuracy: 0.1. Train acc: 0.1. 

09-13 05:46 DEBUG    PDM_KL log: {(0.5, 1, 10): {'shapes': [(3072, 667), (667,), (667, 136), (136,), (136, 118), (118,), (118, 10), (10,)], 'train_accuracy': 0.1, 'test_accuracy': 0.1}} 
09-13 06:17 DEBUG    ****** PDM_KL matching ******** 
09-13 06:17 DEBUG    Best Sigma0: 0.5. Best sigma: 1 Best gamma: 10. Best Test accuracy: 0.1. Train acc: 0.1. 

09-13 06:17 DEBUG    PDM_KL log: {(0.5, 1, 10): {'shapes': [(3072, 689), (689,), (689, 136), (136,), (136, 118), (118,), (118, 10), (10,)], 'train_accuracy': 0.1, 'test_accuracy': 0.1}} 
09-13 06:17 DEBUG    Trial 0 completed
09-13 06:17 DEBUG    ####################################################################################################
09-13 06:17 DEBUG    ####################################################################################################
09-13 06:17 DEBUG    Executing Trial 1 with seed 1
09-13 06:17 DEBUG    Data statistics: {0: {0: 510, 1: 492, 2: 515, 3: 474, 4: 530, 5: 498, 6: 501, 7: 489, 8: 481, 9: 510}, 1: {0: 476, 1: 494, 2: 523, 3: 515, 4: 477, 5: 497, 6: 486, 7: 523, 8: 497, 9: 512}, 2: {0: 503, 1: 524, 2: 501, 3: 526, 4: 471, 5: 497, 6: 538, 7: 499, 8: 482, 9: 459}, 3: {0: 484, 1: 501, 2: 514, 3: 480, 4: 487, 5: 513, 6: 529, 7: 501, 8: 480, 9: 511}, 4: {0: 506, 1: 496, 2: 478, 3: 495, 4: 492, 5: 512, 6: 520, 7: 487, 8: 490, 9: 524}, 5: {0: 517, 1: 496, 2: 472, 3: 525, 4: 496, 5: 506, 6: 458, 7: 480, 8: 503, 9: 547}, 6: {0: 491, 1: 522, 2: 492, 3: 490, 4: 506, 5: 482, 6: 492, 7: 499, 8: 557, 9: 469}, 7: {0: 516, 1: 500, 2: 499, 3: 512, 4: 523, 5: 503, 6: 468, 7: 515, 8: 493, 9: 471}, 8: {0: 503, 1: 497, 2: 498, 3: 492, 4: 484, 5: 490, 6: 509, 7: 511, 8: 506, 9: 510}, 9: {0: 494, 1: 478, 2: 508, 3: 491, 4: 534, 5: 502, 6: 499, 7: 496, 8: 511, 9: 487}}
09-13 06:19 DEBUG    **************************************************
09-13 06:19 DEBUG    Running experiments 

09-13 06:20 DEBUG    Uniform ensemble (Train acc): 0.317160
09-13 06:20 DEBUG    Uniform ensemble (Test acc): 0.317600
09-13 06:20 DEBUG    FedAvg (Train acc): 0.100000
09-13 06:20 DEBUG    FedAvg (Test acc): 0.100000
09-13 06:27 DEBUG    ****** PDM_KL matching ******** 
09-13 06:27 DEBUG    Best Sigma0: 0.5. Best sigma: 1 Best gamma: 10. Best Test accuracy: 0.2057. Train acc: 0.20766. 

09-13 06:27 DEBUG    PDM_KL log: {(0.5, 1, 10): {'shapes': [(3072, 262), (262,), (262, 118), (118,), (118, 118), (118,), (118, 10), (10,)], 'train_accuracy': 0.20766, 'test_accuracy': 0.2057}} 
09-13 06:39 DEBUG    ****** PDM_KL matching ******** 
09-13 06:39 DEBUG    Best Sigma0: 0.5. Best sigma: 1 Best gamma: 10. Best Test accuracy: 0.2131. Train acc: 0.2165. 

09-13 06:39 DEBUG    PDM_KL log: {(0.5, 1, 10): {'shapes': [(3072, 255), (255,), (255, 118), (118,), (118, 118), (118,), (118, 10), (10,)], 'train_accuracy': 0.2165, 'test_accuracy': 0.2131}} 
09-13 06:51 DEBUG    ****** PDM_KL matching ******** 
09-13 06:51 DEBUG    Best Sigma0: 0.5. Best sigma: 1 Best gamma: 10. Best Test accuracy: 0.2131. Train acc: 0.21374. 

09-13 06:51 DEBUG    PDM_KL log: {(0.5, 1, 10): {'shapes': [(3072, 256), (256,), (256, 118), (118,), (118, 118), (118,), (118, 10), (10,)], 'train_accuracy': 0.21374, 'test_accuracy': 0.2131}} 
09-13 07:04 DEBUG    ****** PDM_KL matching ******** 
09-13 07:04 DEBUG    Best Sigma0: 0.5. Best sigma: 1 Best gamma: 10. Best Test accuracy: 0.2147. Train acc: 0.2172. 

09-13 07:04 DEBUG    PDM_KL log: {(0.5, 1, 10): {'shapes': [(3072, 258), (258,), (258, 118), (118,), (118, 118), (118,), (118, 10), (10,)], 'train_accuracy': 0.2172, 'test_accuracy': 0.2147}} 
09-13 07:17 DEBUG    ****** PDM_KL matching ******** 
09-13 07:17 DEBUG    Best Sigma0: 0.5. Best sigma: 1 Best gamma: 10. Best Test accuracy: 0.1964. Train acc: 0.2005. 

09-13 07:17 DEBUG    PDM_KL log: {(0.5, 1, 10): {'shapes': [(3072, 260), (260,), (260, 118), (118,), (118, 118), (118,), (118, 10), (10,)], 'train_accuracy': 0.2005, 'test_accuracy': 0.1964}} 
09-13 07:29 DEBUG    ****** PDM_KL matching ******** 
09-13 07:29 DEBUG    Best Sigma0: 0.5. Best sigma: 1 Best gamma: 10. Best Test accuracy: 0.1915. Train acc: 0.19056. 

09-13 07:29 DEBUG    PDM_KL log: {(0.5, 1, 10): {'shapes': [(3072, 268), (268,), (268, 118), (118,), (118, 118), (118,), (118, 10), (10,)], 'train_accuracy': 0.19056, 'test_accuracy': 0.1915}} 
09-13 07:43 DEBUG    ****** PDM_KL matching ******** 
09-13 07:43 DEBUG    Best Sigma0: 0.5. Best sigma: 1 Best gamma: 10. Best Test accuracy: 0.2366. Train acc: 0.23654. 

09-13 07:43 DEBUG    PDM_KL log: {(0.5, 1, 10): {'shapes': [(3072, 321), (321,), (321, 127), (127,), (127, 118), (118,), (118, 10), (10,)], 'train_accuracy': 0.23654, 'test_accuracy': 0.2366}} 
09-13 08:01 DEBUG    ****** PDM_KL matching ******** 
09-13 08:01 DEBUG    Best Sigma0: 0.5. Best sigma: 1 Best gamma: 10. Best Test accuracy: 0.1833. Train acc: 0.18282. 

09-13 08:01 DEBUG    PDM_KL log: {(0.5, 1, 10): {'shapes': [(3072, 536), (536,), (536, 127), (127,), (127, 118), (118,), (118, 10), (10,)], 'train_accuracy': 0.18282, 'test_accuracy': 0.1833}} 
09-13 08:23 DEBUG    ****** PDM_KL matching ******** 
09-13 08:23 DEBUG    Best Sigma0: 0.5. Best sigma: 1 Best gamma: 10. Best Test accuracy: 0.1069. Train acc: 0.10246. 

09-13 08:23 DEBUG    PDM_KL log: {(0.5, 1, 10): {'shapes': [(3072, 685), (685,), (685, 127), (127,), (127, 127), (127,), (127, 10), (10,)], 'train_accuracy': 0.10246, 'test_accuracy': 0.1069}} 
09-13 08:45 DEBUG    ****** PDM_KL matching ******** 
09-13 08:45 DEBUG    Best Sigma0: 0.5. Best sigma: 1 Best gamma: 10. Best Test accuracy: 0.1. Train acc: 0.1. 

09-13 08:45 DEBUG    PDM_KL log: {(0.5, 1, 10): {'shapes': [(3072, 648), (648,), (648, 127), (127,), (127, 118), (118,), (118, 10), (10,)], 'train_accuracy': 0.1, 'test_accuracy': 0.1}} 
09-13 09:08 DEBUG    ****** PDM_KL matching ******** 
09-13 09:08 DEBUG    Best Sigma0: 0.5. Best sigma: 1 Best gamma: 10. Best Test accuracy: 0.1. Train acc: 0.1. 

09-13 09:08 DEBUG    PDM_KL log: {(0.5, 1, 10): {'shapes': [(3072, 682), (682,), (682, 136), (136,), (136, 127), (127,), (127, 10), (10,)], 'train_accuracy': 0.1, 'test_accuracy': 0.1}} 
09-13 09:08 DEBUG    Trial 1 completed
09-13 09:08 DEBUG    ####################################################################################################
09-13 09:08 DEBUG    ####################################################################################################
09-13 09:08 DEBUG    Executing Trial 2 with seed 2
09-13 09:09 DEBUG    Data statistics: {0: {0: 515, 1: 500, 2: 501, 3: 505, 4: 515, 5: 506, 6: 524, 7: 482, 8: 475, 9: 477}, 1: {0: 514, 1: 496, 2: 530, 3: 477, 4: 493, 5: 492, 6: 470, 7: 516, 8: 514, 9: 498}, 2: {0: 496, 1: 506, 2: 499, 3: 504, 4: 471, 5: 489, 6: 507, 7: 502, 8: 484, 9: 542}, 3: {0: 475, 1: 473, 2: 480, 3: 525, 4: 506, 5: 514, 6: 515, 7: 518, 8: 506, 9: 488}, 4: {0: 522, 1: 530, 2: 486, 3: 468, 4: 510, 5: 510, 6: 494, 7: 496, 8: 497, 9: 487}, 5: {0: 519, 1: 494, 2: 514, 3: 499, 4: 512, 5: 479, 6: 470, 7: 497, 8: 505, 9: 511}, 6: {0: 485, 1: 507, 2: 509, 3: 511, 4: 488, 5: 459, 6: 496, 7: 514, 8: 518, 9: 513}, 7: {0: 485, 1: 488, 2: 482, 3: 505, 4: 546, 5: 535, 6: 505, 7: 476, 8: 486, 9: 492}, 8: {0: 512, 1: 493, 2: 513, 3: 481, 4: 512, 5: 499, 6: 513, 7: 481, 8: 508, 9: 488}, 9: {0: 477, 1: 513, 2: 486, 3: 525, 4: 447, 5: 517, 6: 506, 7: 518, 8: 507, 9: 504}}
09-13 09:10 DEBUG    **************************************************
09-13 09:10 DEBUG    Running experiments 

09-13 09:11 DEBUG    Uniform ensemble (Train acc): 0.323380
09-13 09:11 DEBUG    Uniform ensemble (Test acc): 0.319800
09-13 09:11 DEBUG    FedAvg (Train acc): 0.100000
09-13 09:11 DEBUG    FedAvg (Test acc): 0.100000
09-13 09:17 DEBUG    ****** PDM_KL matching ******** 
09-13 09:17 DEBUG    Best Sigma0: 0.5. Best sigma: 1 Best gamma: 10. Best Test accuracy: 0.1789. Train acc: 0.17106. 

09-13 09:17 DEBUG    PDM_KL log: {(0.5, 1, 10): {'shapes': [(3072, 252), (252,), (252, 118), (118,), (118, 118), (118,), (118, 10), (10,)], 'train_accuracy': 0.17106, 'test_accuracy': 0.1789}} 
09-13 09:26 DEBUG    ****** PDM_KL matching ******** 
09-13 09:26 DEBUG    Best Sigma0: 0.5. Best sigma: 1 Best gamma: 10. Best Test accuracy: 0.1829. Train acc: 0.17828. 

09-13 09:26 DEBUG    PDM_KL log: {(0.5, 1, 10): {'shapes': [(3072, 248), (248,), (248, 118), (118,), (118, 118), (118,), (118, 10), (10,)], 'train_accuracy': 0.17828, 'test_accuracy': 0.1829}} 
09-13 09:36 DEBUG    ****** PDM_KL matching ******** 
09-13 09:36 DEBUG    Best Sigma0: 0.5. Best sigma: 1 Best gamma: 10. Best Test accuracy: 0.1978. Train acc: 0.19684. 

09-13 09:36 DEBUG    PDM_KL log: {(0.5, 1, 10): {'shapes': [(3072, 251), (251,), (251, 118), (118,), (118, 118), (118,), (118, 10), (10,)], 'train_accuracy': 0.19684, 'test_accuracy': 0.1978}} 
09-13 09:45 DEBUG    ****** PDM_KL matching ******** 
09-13 09:45 DEBUG    Best Sigma0: 0.5. Best sigma: 1 Best gamma: 10. Best Test accuracy: 0.1689. Train acc: 0.16298. 

09-13 09:45 DEBUG    PDM_KL log: {(0.5, 1, 10): {'shapes': [(3072, 246), (246,), (246, 118), (118,), (118, 118), (118,), (118, 10), (10,)], 'train_accuracy': 0.16298, 'test_accuracy': 0.1689}} 
09-13 09:54 DEBUG    ****** PDM_KL matching ******** 
09-13 09:54 DEBUG    Best Sigma0: 0.5. Best sigma: 1 Best gamma: 10. Best Test accuracy: 0.204. Train acc: 0.20152. 

09-13 09:54 DEBUG    PDM_KL log: {(0.5, 1, 10): {'shapes': [(3072, 259), (259,), (259, 127), (127,), (127, 118), (118,), (118, 10), (10,)], 'train_accuracy': 0.20152, 'test_accuracy': 0.204}} 
09-13 10:04 DEBUG    ****** PDM_KL matching ******** 
09-13 10:04 DEBUG    Best Sigma0: 0.5. Best sigma: 1 Best gamma: 10. Best Test accuracy: 0.1965. Train acc: 0.18836. 

09-13 10:04 DEBUG    PDM_KL log: {(0.5, 1, 10): {'shapes': [(3072, 252), (252,), (252, 118), (118,), (118, 118), (118,), (118, 10), (10,)], 'train_accuracy': 0.18836, 'test_accuracy': 0.1965}} 
09-13 10:16 DEBUG    ****** PDM_KL matching ******** 
09-13 10:16 DEBUG    Best Sigma0: 0.5. Best sigma: 1 Best gamma: 10. Best Test accuracy: 0.1944. Train acc: 0.18678. 

09-13 10:16 DEBUG    PDM_KL log: {(0.5, 1, 10): {'shapes': [(3072, 318), (318,), (318, 127), (127,), (127, 118), (118,), (118, 10), (10,)], 'train_accuracy': 0.18678, 'test_accuracy': 0.1944}} 
09-13 10:33 DEBUG    ****** PDM_KL matching ******** 
09-13 10:33 DEBUG    Best Sigma0: 0.5. Best sigma: 1 Best gamma: 10. Best Test accuracy: 0.1148. Train acc: 0.1119. 

09-13 10:33 DEBUG    PDM_KL log: {(0.5, 1, 10): {'shapes': [(3072, 531), (531,), (531, 127), (127,), (127, 118), (118,), (118, 10), (10,)], 'train_accuracy': 0.1119, 'test_accuracy': 0.1148}} 
09-13 10:55 DEBUG    ****** PDM_KL matching ******** 
09-13 10:55 DEBUG    Best Sigma0: 0.5. Best sigma: 1 Best gamma: 10. Best Test accuracy: 0.1017. Train acc: 0.1013. 

09-13 10:55 DEBUG    PDM_KL log: {(0.5, 1, 10): {'shapes': [(3072, 670), (670,), (670, 127), (127,), (127, 127), (127,), (127, 10), (10,)], 'train_accuracy': 0.1013, 'test_accuracy': 0.1017}} 
09-13 11:18 DEBUG    ****** PDM_KL matching ******** 
09-13 11:18 DEBUG    Best Sigma0: 0.5. Best sigma: 1 Best gamma: 10. Best Test accuracy: 0.1. Train acc: 0.1. 

09-13 11:18 DEBUG    PDM_KL log: {(0.5, 1, 10): {'shapes': [(3072, 664), (664,), (664, 127), (127,), (127, 118), (118,), (118, 10), (10,)], 'train_accuracy': 0.1, 'test_accuracy': 0.1}} 
09-13 11:40 DEBUG    ****** PDM_KL matching ******** 
09-13 11:40 DEBUG    Best Sigma0: 0.5. Best sigma: 1 Best gamma: 10. Best Test accuracy: 0.1. Train acc: 0.1. 

09-13 11:40 DEBUG    PDM_KL log: {(0.5, 1, 10): {'shapes': [(3072, 692), (692,), (692, 127), (127,), (127, 127), (127,), (127, 10), (10,)], 'train_accuracy': 0.1, 'test_accuracy': 0.1}} 
09-13 11:40 DEBUG    Trial 2 completed
09-13 11:40 DEBUG    ####################################################################################################
09-13 11:40 DEBUG    ####################################################################################################
09-13 11:40 DEBUG    Executing Trial 3 with seed 3
09-13 11:40 DEBUG    Data statistics: {0: {0: 488, 1: 493, 2: 515, 3: 499, 4: 453, 5: 505, 6: 526, 7: 512, 8: 497, 9: 512}, 1: {0: 544, 1: 458, 2: 518, 3: 495, 4: 465, 5: 501, 6: 517, 7: 528, 8: 473, 9: 501}, 2: {0: 512, 1: 504, 2: 490, 3: 521, 4: 482, 5: 504, 6: 507, 7: 506, 8: 502, 9: 472}, 3: {0: 466, 1: 527, 2: 514, 3: 512, 4: 494, 5: 483, 6: 511, 7: 511, 8: 482, 9: 500}, 4: {0: 528, 1: 511, 2: 487, 3: 506, 4: 506, 5: 478, 6: 481, 7: 484, 8: 541, 9: 478}, 5: {0: 474, 1: 502, 2: 495, 3: 470, 4: 497, 5: 562, 6: 497, 7: 465, 8: 518, 9: 520}, 6: {0: 500, 1: 514, 2: 478, 3: 515, 4: 509, 5: 533, 6: 477, 7: 484, 8: 494, 9: 496}, 7: {0: 492, 1: 509, 2: 490, 3: 507, 4: 505, 5: 486, 6: 507, 7: 486, 8: 508, 9: 510}, 8: {0: 518, 1: 514, 2: 503, 3: 464, 4: 534, 5: 465, 6: 492, 7: 497, 8: 484, 9: 529}, 9: {0: 478, 1: 468, 2: 510, 3: 511, 4: 555, 5: 483, 6: 485, 7: 527, 8: 501, 9: 482}}
09-13 11:42 DEBUG    **************************************************
09-13 11:42 DEBUG    Running experiments 

09-13 11:42 DEBUG    Uniform ensemble (Train acc): 0.329000
09-13 11:42 DEBUG    Uniform ensemble (Test acc): 0.328100
09-13 11:43 DEBUG    FedAvg (Train acc): 0.100000
09-13 11:43 DEBUG    FedAvg (Test acc): 0.100000
09-13 11:47 DEBUG    ****** PDM_KL matching ******** 
09-13 11:47 DEBUG    Best Sigma0: 0.5. Best sigma: 1 Best gamma: 10. Best Test accuracy: 0.227. Train acc: 0.22746. 

09-13 11:47 DEBUG    PDM_KL log: {(0.5, 1, 10): {'shapes': [(3072, 247), (247,), (247, 118), (118,), (118, 118), (118,), (118, 10), (10,)], 'train_accuracy': 0.22746, 'test_accuracy': 0.227}} 
09-13 12:00 DEBUG    ****** PDM_KL matching ******** 
09-13 12:00 DEBUG    Best Sigma0: 0.5. Best sigma: 1 Best gamma: 10. Best Test accuracy: 0.2438. Train acc: 0.2433. 

09-13 12:00 DEBUG    PDM_KL log: {(0.5, 1, 10): {'shapes': [(3072, 248), (248,), (248, 118), (118,), (118, 118), (118,), (118, 10), (10,)], 'train_accuracy': 0.2433, 'test_accuracy': 0.2438}} 
09-13 12:23 DEBUG    ****** PDM_KL matching ******** 
09-13 12:23 DEBUG    Best Sigma0: 0.5. Best sigma: 1 Best gamma: 10. Best Test accuracy: 0.2238. Train acc: 0.22396. 

09-13 12:23 DEBUG    PDM_KL log: {(0.5, 1, 10): {'shapes': [(3072, 244), (244,), (244, 118), (118,), (118, 118), (118,), (118, 10), (10,)], 'train_accuracy': 0.22396, 'test_accuracy': 0.2238}} 
09-13 12:47 DEBUG    ****** PDM_KL matching ******** 
09-13 12:47 DEBUG    Best Sigma0: 0.5. Best sigma: 1 Best gamma: 10. Best Test accuracy: 0.2371. Train acc: 0.23828. 

09-13 12:47 DEBUG    PDM_KL log: {(0.5, 1, 10): {'shapes': [(3072, 244), (244,), (244, 118), (118,), (118, 118), (118,), (118, 10), (10,)], 'train_accuracy': 0.23828, 'test_accuracy': 0.2371}} 
09-13 13:12 DEBUG    ****** PDM_KL matching ******** 
09-13 13:12 DEBUG    Best Sigma0: 0.5. Best sigma: 1 Best gamma: 10. Best Test accuracy: 0.2382. Train acc: 0.23618. 

09-13 13:12 DEBUG    PDM_KL log: {(0.5, 1, 10): {'shapes': [(3072, 255), (255,), (255, 127), (127,), (127, 118), (118,), (118, 10), (10,)], 'train_accuracy': 0.23618, 'test_accuracy': 0.2382}} 
09-13 13:35 DEBUG    ****** PDM_KL matching ******** 
09-13 13:35 DEBUG    Best Sigma0: 0.5. Best sigma: 1 Best gamma: 10. Best Test accuracy: 0.2247. Train acc: 0.22064. 

09-13 13:35 DEBUG    PDM_KL log: {(0.5, 1, 10): {'shapes': [(3072, 255), (255,), (255, 118), (118,), (118, 118), (118,), (118, 10), (10,)], 'train_accuracy': 0.22064, 'test_accuracy': 0.2247}} 
09-13 14:05 DEBUG    ****** PDM_KL matching ******** 
09-13 14:05 DEBUG    Best Sigma0: 0.5. Best sigma: 1 Best gamma: 10. Best Test accuracy: 0.2259. Train acc: 0.22106. 

09-13 14:05 DEBUG    PDM_KL log: {(0.5, 1, 10): {'shapes': [(3072, 324), (324,), (324, 127), (127,), (127, 118), (118,), (118, 10), (10,)], 'train_accuracy': 0.22106, 'test_accuracy': 0.2259}} 
09-13 14:47 DEBUG    ****** PDM_KL matching ******** 
09-13 14:47 DEBUG    Best Sigma0: 0.5. Best sigma: 1 Best gamma: 10. Best Test accuracy: 0.1867. Train acc: 0.18494. 

09-13 14:47 DEBUG    PDM_KL log: {(0.5, 1, 10): {'shapes': [(3072, 537), (537,), (537, 127), (127,), (127, 118), (118,), (118, 10), (10,)], 'train_accuracy': 0.18494, 'test_accuracy': 0.1867}} 
09-13 15:40 DEBUG    ****** PDM_KL matching ******** 
09-13 15:40 DEBUG    Best Sigma0: 0.5. Best sigma: 1 Best gamma: 10. Best Test accuracy: 0.103. Train acc: 0.10254. 

09-13 15:40 DEBUG    PDM_KL log: {(0.5, 1, 10): {'shapes': [(3072, 690), (690,), (690, 127), (127,), (127, 127), (127,), (127, 10), (10,)], 'train_accuracy': 0.10254, 'test_accuracy': 0.103}} 
09-13 16:33 DEBUG    ****** PDM_KL matching ******** 
09-13 16:33 DEBUG    Best Sigma0: 0.5. Best sigma: 1 Best gamma: 10. Best Test accuracy: 0.1. Train acc: 0.1. 

09-13 16:33 DEBUG    PDM_KL log: {(0.5, 1, 10): {'shapes': [(3072, 672), (672,), (672, 136), (136,), (136, 127), (127,), (127, 10), (10,)], 'train_accuracy': 0.1, 'test_accuracy': 0.1}} 
09-13 17:26 DEBUG    ****** PDM_KL matching ******** 
09-13 17:26 DEBUG    Best Sigma0: 0.5. Best sigma: 1 Best gamma: 10. Best Test accuracy: 0.1. Train acc: 0.10004. 

09-13 17:26 DEBUG    PDM_KL log: {(0.5, 1, 10): {'shapes': [(3072, 700), (700,), (700, 136), (136,), (136, 118), (118,), (118, 10), (10,)], 'train_accuracy': 0.10004, 'test_accuracy': 0.1}} 
09-13 17:26 DEBUG    Trial 3 completed
09-13 17:26 DEBUG    ####################################################################################################
09-13 17:26 DEBUG    ####################################################################################################
09-13 17:26 DEBUG    Executing Trial 4 with seed 4
09-13 17:26 DEBUG    Data statistics: {0: {0: 493, 1: 510, 2: 503, 3: 481, 4: 493, 5: 486, 6: 511, 7: 523, 8: 478, 9: 522}, 1: {0: 540, 1: 517, 2: 471, 3: 504, 4: 472, 5: 518, 6: 509, 7: 490, 8: 482, 9: 497}, 2: {0: 488, 1: 490, 2: 482, 3: 472, 4: 540, 5: 512, 6: 512, 7: 501, 8: 519, 9: 484}, 3: {0: 532, 1: 502, 2: 528, 3: 484, 4: 490, 5: 477, 6: 569, 7: 488, 8: 466, 9: 464}, 4: {0: 475, 1: 525, 2: 514, 3: 524, 4: 516, 5: 509, 6: 467, 7: 494, 8: 487, 9: 489}, 5: {0: 512, 1: 476, 2: 518, 3: 534, 4: 464, 5: 516, 6: 458, 7: 488, 8: 538, 9: 496}, 6: {0: 471, 1: 503, 2: 487, 3: 516, 4: 493, 5: 509, 6: 500, 7: 508, 8: 497, 9: 516}, 7: {0: 518, 1: 472, 2: 488, 3: 487, 4: 525, 5: 494, 6: 479, 7: 506, 8: 501, 9: 530}, 8: {0: 494, 1: 497, 2: 489, 3: 491, 4: 514, 5: 507, 6: 476, 7: 519, 8: 524, 9: 489}, 9: {0: 477, 1: 508, 2: 520, 3: 507, 4: 493, 5: 472, 6: 519, 7: 483, 8: 508, 9: 513}}
09-13 17:29 DEBUG    **************************************************
09-13 17:29 DEBUG    Running experiments 

09-13 17:31 DEBUG    Uniform ensemble (Train acc): 0.316980
09-13 17:31 DEBUG    Uniform ensemble (Test acc): 0.315900
09-13 17:31 DEBUG    FedAvg (Train acc): 0.100000
09-13 17:31 DEBUG    FedAvg (Test acc): 0.100000
09-13 17:44 DEBUG    ****** PDM_KL matching ******** 
09-13 17:44 DEBUG    Best Sigma0: 0.5. Best sigma: 1 Best gamma: 10. Best Test accuracy: 0.1809. Train acc: 0.17864. 

09-13 17:44 DEBUG    PDM_KL log: {(0.5, 1, 10): {'shapes': [(3072, 249), (249,), (249, 118), (118,), (118, 118), (118,), (118, 10), (10,)], 'train_accuracy': 0.17864, 'test_accuracy': 0.1809}} 
09-13 18:12 DEBUG    ****** PDM_KL matching ******** 
09-13 18:12 DEBUG    Best Sigma0: 0.5. Best sigma: 1 Best gamma: 10. Best Test accuracy: 0.1684. Train acc: 0.16476. 

09-13 18:12 DEBUG    PDM_KL log: {(0.5, 1, 10): {'shapes': [(3072, 250), (250,), (250, 118), (118,), (118, 118), (118,), (118, 10), (10,)], 'train_accuracy': 0.16476, 'test_accuracy': 0.1684}} 
09-13 18:35 DEBUG    ****** PDM_KL matching ******** 
09-13 18:35 DEBUG    Best Sigma0: 0.5. Best sigma: 1 Best gamma: 10. Best Test accuracy: 0.1728. Train acc: 0.1673. 

09-13 18:35 DEBUG    PDM_KL log: {(0.5, 1, 10): {'shapes': [(3072, 250), (250,), (250, 118), (118,), (118, 118), (118,), (118, 10), (10,)], 'train_accuracy': 0.1673, 'test_accuracy': 0.1728}} 
09-13 19:01 DEBUG    ****** PDM_KL matching ******** 
09-13 19:01 DEBUG    Best Sigma0: 0.5. Best sigma: 1 Best gamma: 10. Best Test accuracy: 0.2027. Train acc: 0.20218. 

09-13 19:01 DEBUG    PDM_KL log: {(0.5, 1, 10): {'shapes': [(3072, 254), (254,), (254, 118), (118,), (118, 118), (118,), (118, 10), (10,)], 'train_accuracy': 0.20218, 'test_accuracy': 0.2027}} 
09-13 19:24 DEBUG    ****** PDM_KL matching ******** 
09-13 19:24 DEBUG    Best Sigma0: 0.5. Best sigma: 1 Best gamma: 10. Best Test accuracy: 0.1741. Train acc: 0.17314. 

09-13 19:24 DEBUG    PDM_KL log: {(0.5, 1, 10): {'shapes': [(3072, 254), (254,), (254, 118), (118,), (118, 118), (118,), (118, 10), (10,)], 'train_accuracy': 0.17314, 'test_accuracy': 0.1741}} 
09-13 19:51 DEBUG    ****** PDM_KL matching ******** 
09-13 19:51 DEBUG    Best Sigma0: 0.5. Best sigma: 1 Best gamma: 10. Best Test accuracy: 0.1627. Train acc: 0.16138. 

09-13 19:51 DEBUG    PDM_KL log: {(0.5, 1, 10): {'shapes': [(3072, 264), (264,), (264, 118), (118,), (118, 118), (118,), (118, 10), (10,)], 'train_accuracy': 0.16138, 'test_accuracy': 0.1627}} 
09-13 20:18 DEBUG    ****** PDM_KL matching ******** 
09-13 20:18 DEBUG    Best Sigma0: 0.5. Best sigma: 1 Best gamma: 10. Best Test accuracy: 0.2189. Train acc: 0.21616. 

09-13 20:18 DEBUG    PDM_KL log: {(0.5, 1, 10): {'shapes': [(3072, 328), (328,), (328, 127), (127,), (127, 118), (118,), (118, 10), (10,)], 'train_accuracy': 0.21616, 'test_accuracy': 0.2189}} 
09-13 21:02 DEBUG    ****** PDM_KL matching ******** 
09-13 21:02 DEBUG    Best Sigma0: 0.5. Best sigma: 1 Best gamma: 10. Best Test accuracy: 0.1691. Train acc: 0.17194. 

09-13 21:02 DEBUG    PDM_KL log: {(0.5, 1, 10): {'shapes': [(3072, 555), (555,), (555, 127), (127,), (127, 118), (118,), (118, 10), (10,)], 'train_accuracy': 0.17194, 'test_accuracy': 0.1691}} 
09-13 21:54 DEBUG    ****** PDM_KL matching ******** 
09-13 21:54 DEBUG    Best Sigma0: 0.5. Best sigma: 1 Best gamma: 10. Best Test accuracy: 0.1016. Train acc: 0.10078. 

09-13 21:54 DEBUG    PDM_KL log: {(0.5, 1, 10): {'shapes': [(3072, 695), (695,), (695, 127), (127,), (127, 127), (127,), (127, 10), (10,)], 'train_accuracy': 0.10078, 'test_accuracy': 0.1016}} 
09-13 22:47 DEBUG    ****** PDM_KL matching ******** 
09-13 22:47 DEBUG    Best Sigma0: 0.5. Best sigma: 1 Best gamma: 10. Best Test accuracy: 0.1. Train acc: 0.1. 

09-13 22:47 DEBUG    PDM_KL log: {(0.5, 1, 10): {'shapes': [(3072, 664), (664,), (664, 127), (127,), (127, 118), (118,), (118, 10), (10,)], 'train_accuracy': 0.1, 'test_accuracy': 0.1}} 
09-13 23:40 DEBUG    ****** PDM_KL matching ******** 
09-13 23:40 DEBUG    Best Sigma0: 0.5. Best sigma: 1 Best gamma: 10. Best Test accuracy: 0.1. Train acc: 0.1. 

09-13 23:40 DEBUG    PDM_KL log: {(0.5, 1, 10): {'shapes': [(3072, 698), (698,), (698, 136), (136,), (136, 127), (127,), (127, 10), (10,)], 'train_accuracy': 0.1, 'test_accuracy': 0.1}} 
09-13 23:40 DEBUG    Trial 4 completed
09-13 23:40 DEBUG    ####################################################################################################
09-13 23:40 DEBUG    ####################################################################################################
09-13 23:40 DEBUG    Executing Trial 5 with seed 5
09-13 23:40 DEBUG    Data statistics: {0: {0: 506, 1: 481, 2: 527, 3: 510, 4: 480, 5: 503, 6: 521, 7: 490, 8: 497, 9: 485}, 1: {0: 490, 1: 480, 2: 474, 3: 544, 4: 490, 5: 515, 6: 471, 7: 492, 8: 512, 9: 532}, 2: {0: 505, 1: 512, 2: 489, 3: 508, 4: 493, 5: 500, 6: 500, 7: 467, 8: 510, 9: 516}, 3: {0: 470, 1: 509, 2: 507, 3: 490, 4: 510, 5: 485, 6: 495, 7: 537, 8: 511, 9: 486}, 4: {0: 521, 1: 509, 2: 461, 3: 504, 4: 533, 5: 475, 6: 501, 7: 516, 8: 493, 9: 487}, 5: {0: 553, 1: 501, 2: 514, 3: 461, 4: 516, 5: 522, 6: 476, 7: 508, 8: 473, 9: 476}, 6: {0: 515, 1: 505, 2: 504, 3: 477, 4: 491, 5: 503, 6: 506, 7: 485, 8: 477, 9: 537}, 7: {0: 479, 1: 494, 2: 525, 3: 488, 4: 488, 5: 504, 6: 543, 7: 509, 8: 506, 9: 464}, 8: {0: 450, 1: 502, 2: 468, 3: 521, 4: 484, 5: 508, 6: 509, 7: 513, 8: 528, 9: 517}, 9: {0: 511, 1: 507, 2: 531, 3: 497, 4: 515, 5: 485, 6: 478, 7: 483, 8: 493, 9: 500}}
09-13 23:44 DEBUG    **************************************************
09-13 23:44 DEBUG    Running experiments 

09-13 23:46 DEBUG    Uniform ensemble (Train acc): 0.334880
09-13 23:46 DEBUG    Uniform ensemble (Test acc): 0.331900
09-13 23:47 DEBUG    FedAvg (Train acc): 0.100000
09-13 23:47 DEBUG    FedAvg (Test acc): 0.100000
09-14 00:00 DEBUG    ****** PDM_KL matching ******** 
09-14 00:00 DEBUG    Best Sigma0: 0.5. Best sigma: 1 Best gamma: 10. Best Test accuracy: 0.2243. Train acc: 0.2271. 

09-14 00:00 DEBUG    PDM_KL log: {(0.5, 1, 10): {'shapes': [(3072, 238), (238,), (238, 118), (118,), (118, 118), (118,), (118, 10), (10,)], 'train_accuracy': 0.2271, 'test_accuracy': 0.2243}} 
09-14 00:24 DEBUG    ****** PDM_KL matching ******** 
09-14 00:24 DEBUG    Best Sigma0: 0.5. Best sigma: 1 Best gamma: 10. Best Test accuracy: 0.212. Train acc: 0.21396. 

09-14 00:24 DEBUG    PDM_KL log: {(0.5, 1, 10): {'shapes': [(3072, 239), (239,), (239, 118), (118,), (118, 118), (118,), (118, 10), (10,)], 'train_accuracy': 0.21396, 'test_accuracy': 0.212}} 
09-14 00:51 DEBUG    ****** PDM_KL matching ******** 
09-14 00:51 DEBUG    Best Sigma0: 0.5. Best sigma: 1 Best gamma: 10. Best Test accuracy: 0.1693. Train acc: 0.16862. 

09-14 00:51 DEBUG    PDM_KL log: {(0.5, 1, 10): {'shapes': [(3072, 246), (246,), (246, 118), (118,), (118, 118), (118,), (118, 10), (10,)], 'train_accuracy': 0.16862, 'test_accuracy': 0.1693}} 
09-14 01:14 DEBUG    ****** PDM_KL matching ******** 
09-14 01:14 DEBUG    Best Sigma0: 0.5. Best sigma: 1 Best gamma: 10. Best Test accuracy: 0.2187. Train acc: 0.2173. 

09-14 01:14 DEBUG    PDM_KL log: {(0.5, 1, 10): {'shapes': [(3072, 243), (243,), (243, 118), (118,), (118, 118), (118,), (118, 10), (10,)], 'train_accuracy': 0.2173, 'test_accuracy': 0.2187}} 
09-14 01:40 DEBUG    ****** PDM_KL matching ******** 
09-14 01:40 DEBUG    Best Sigma0: 0.5. Best sigma: 1 Best gamma: 10. Best Test accuracy: 0.2048. Train acc: 0.20862. 

09-14 01:40 DEBUG    PDM_KL log: {(0.5, 1, 10): {'shapes': [(3072, 241), (241,), (241, 118), (118,), (118, 118), (118,), (118, 10), (10,)], 'train_accuracy': 0.20862, 'test_accuracy': 0.2048}} 
09-14 02:02 DEBUG    ****** PDM_KL matching ******** 
09-14 02:02 DEBUG    Best Sigma0: 0.5. Best sigma: 1 Best gamma: 10. Best Test accuracy: 0.2185. Train acc: 0.219. 

09-14 02:02 DEBUG    PDM_KL log: {(0.5, 1, 10): {'shapes': [(3072, 252), (252,), (252, 127), (127,), (127, 118), (118,), (118, 10), (10,)], 'train_accuracy': 0.219, 'test_accuracy': 0.2185}} 
09-14 02:31 DEBUG    ****** PDM_KL matching ******** 
09-14 02:31 DEBUG    Best Sigma0: 0.5. Best sigma: 1 Best gamma: 10. Best Test accuracy: 0.217. Train acc: 0.21816. 

09-14 02:31 DEBUG    PDM_KL log: {(0.5, 1, 10): {'shapes': [(3072, 320), (320,), (320, 127), (127,), (127, 118), (118,), (118, 10), (10,)], 'train_accuracy': 0.21816, 'test_accuracy': 0.217}} 
09-14 03:14 DEBUG    ****** PDM_KL matching ******** 
09-14 03:14 DEBUG    Best Sigma0: 0.5. Best sigma: 1 Best gamma: 10. Best Test accuracy: 0.1347. Train acc: 0.13402. 

09-14 03:14 DEBUG    PDM_KL log: {(0.5, 1, 10): {'shapes': [(3072, 553), (553,), (553, 127), (127,), (127, 118), (118,), (118, 10), (10,)], 'train_accuracy': 0.13402, 'test_accuracy': 0.1347}} 
09-14 04:04 DEBUG    ****** PDM_KL matching ******** 
09-14 04:04 DEBUG    Best Sigma0: 0.5. Best sigma: 1 Best gamma: 10. Best Test accuracy: 0.1. Train acc: 0.10002. 

09-14 04:04 DEBUG    PDM_KL log: {(0.5, 1, 10): {'shapes': [(3072, 695), (695,), (695, 127), (127,), (127, 127), (127,), (127, 10), (10,)], 'train_accuracy': 0.10002, 'test_accuracy': 0.1}} 
09-14 04:58 DEBUG    ****** PDM_KL matching ******** 
09-14 04:58 DEBUG    Best Sigma0: 0.5. Best sigma: 1 Best gamma: 10. Best Test accuracy: 0.1. Train acc: 0.1. 

09-14 04:58 DEBUG    PDM_KL log: {(0.5, 1, 10): {'shapes': [(3072, 674), (674,), (674, 127), (127,), (127, 127), (127,), (127, 10), (10,)], 'train_accuracy': 0.1, 'test_accuracy': 0.1}} 
09-14 05:51 DEBUG    ****** PDM_KL matching ******** 
09-14 05:51 DEBUG    Best Sigma0: 0.5. Best sigma: 1 Best gamma: 10. Best Test accuracy: 0.1. Train acc: 0.1. 

09-14 05:51 DEBUG    PDM_KL log: {(0.5, 1, 10): {'shapes': [(3072, 700), (700,), (700, 135), (135,), (135, 127), (127,), (127, 10), (10,)], 'train_accuracy': 0.1, 'test_accuracy': 0.1}} 
09-14 05:51 DEBUG    Trial 5 completed
09-14 05:51 DEBUG    ####################################################################################################
09-14 05:51 DEBUG    ####################################################################################################
09-14 05:51 DEBUG    Executing Trial 6 with seed 6
09-14 05:51 DEBUG    Data statistics: {0: {0: 525, 1: 492, 2: 476, 3: 486, 4: 508, 5: 495, 6: 524, 7: 481, 8: 510, 9: 503}, 1: {0: 492, 1: 515, 2: 471, 3: 507, 4: 523, 5: 503, 6: 486, 7: 482, 8: 510, 9: 511}, 2: {0: 513, 1: 485, 2: 481, 3: 511, 4: 480, 5: 511, 6: 512, 7: 479, 8: 516, 9: 512}, 3: {0: 467, 1: 473, 2: 526, 3: 496, 4: 514, 5: 514, 6: 469, 7: 513, 8: 520, 9: 508}, 4: {0: 500, 1: 492, 2: 499, 3: 519, 4: 534, 5: 460, 6: 525, 7: 485, 8: 514, 9: 472}, 5: {0: 508, 1: 492, 2: 507, 3: 512, 4: 466, 5: 513, 6: 523, 7: 492, 8: 494, 9: 493}, 6: {0: 468, 1: 508, 2: 533, 3: 506, 4: 439, 5: 510, 6: 510, 7: 519, 8: 501, 9: 506}, 7: {0: 540, 1: 511, 2: 499, 3: 452, 4: 508, 5: 501, 6: 464, 7: 529, 8: 474, 9: 522}, 8: {0: 497, 1: 497, 2: 496, 3: 517, 4: 511, 5: 497, 6: 493, 7: 509, 8: 497, 9: 486}, 9: {0: 490, 1: 535, 2: 512, 3: 494, 4: 517, 5: 496, 6: 494, 7: 511, 8: 464, 9: 487}}
09-14 05:55 DEBUG    **************************************************
09-14 05:55 DEBUG    Running experiments 

09-14 05:56 DEBUG    Uniform ensemble (Train acc): 0.332000
09-14 05:56 DEBUG    Uniform ensemble (Test acc): 0.330100
09-14 05:57 DEBUG    FedAvg (Train acc): 0.100000
09-14 05:57 DEBUG    FedAvg (Test acc): 0.100000
09-14 06:12 DEBUG    ****** PDM_KL matching ******** 
09-14 06:12 DEBUG    Best Sigma0: 0.5. Best sigma: 1 Best gamma: 10. Best Test accuracy: 0.1447. Train acc: 0.14522. 

09-14 06:12 DEBUG    PDM_KL log: {(0.5, 1, 10): {'shapes': [(3072, 262), (262,), (262, 118), (118,), (118, 118), (118,), (118, 10), (10,)], 'train_accuracy': 0.14522, 'test_accuracy': 0.1447}} 
09-14 06:38 DEBUG    ****** PDM_KL matching ******** 
09-14 06:38 DEBUG    Best Sigma0: 0.5. Best sigma: 1 Best gamma: 10. Best Test accuracy: 0.1413. Train acc: 0.14162. 

09-14 06:38 DEBUG    PDM_KL log: {(0.5, 1, 10): {'shapes': [(3072, 258), (258,), (258, 118), (118,), (118, 118), (118,), (118, 10), (10,)], 'train_accuracy': 0.14162, 'test_accuracy': 0.1413}} 
09-14 07:05 DEBUG    ****** PDM_KL matching ******** 
09-14 07:05 DEBUG    Best Sigma0: 0.5. Best sigma: 1 Best gamma: 10. Best Test accuracy: 0.1751. Train acc: 0.17386. 

09-14 07:05 DEBUG    PDM_KL log: {(0.5, 1, 10): {'shapes': [(3072, 267), (267,), (267, 127), (127,), (127, 118), (118,), (118, 10), (10,)], 'train_accuracy': 0.17386, 'test_accuracy': 0.1751}} 
09-14 07:30 DEBUG    ****** PDM_KL matching ******** 
09-14 07:30 DEBUG    Best Sigma0: 0.5. Best sigma: 1 Best gamma: 10. Best Test accuracy: 0.2213. Train acc: 0.21916. 

09-14 07:30 DEBUG    PDM_KL log: {(0.5, 1, 10): {'shapes': [(3072, 257), (257,), (257, 118), (118,), (118, 118), (118,), (118, 10), (10,)], 'train_accuracy': 0.21916, 'test_accuracy': 0.2213}} 
09-14 07:54 DEBUG    ****** PDM_KL matching ******** 
09-14 07:54 DEBUG    Best Sigma0: 0.5. Best sigma: 1 Best gamma: 10. Best Test accuracy: 0.1649. Train acc: 0.16386. 

09-14 07:54 DEBUG    PDM_KL log: {(0.5, 1, 10): {'shapes': [(3072, 262), (262,), (262, 118), (118,), (118, 118), (118,), (118, 10), (10,)], 'train_accuracy': 0.16386, 'test_accuracy': 0.1649}} 
09-14 08:20 DEBUG    ****** PDM_KL matching ******** 
09-14 08:20 DEBUG    Best Sigma0: 0.5. Best sigma: 1 Best gamma: 10. Best Test accuracy: 0.217. Train acc: 0.21302. 

09-14 08:20 DEBUG    PDM_KL log: {(0.5, 1, 10): {'shapes': [(3072, 266), (266,), (266, 118), (118,), (118, 118), (118,), (118, 10), (10,)], 'train_accuracy': 0.21302, 'test_accuracy': 0.217}} 
09-14 08:48 DEBUG    ****** PDM_KL matching ******** 
09-14 08:48 DEBUG    Best Sigma0: 0.5. Best sigma: 1 Best gamma: 10. Best Test accuracy: 0.2246. Train acc: 0.22308. 

09-14 08:48 DEBUG    PDM_KL log: {(0.5, 1, 10): {'shapes': [(3072, 330), (330,), (330, 118), (118,), (118, 118), (118,), (118, 10), (10,)], 'train_accuracy': 0.22308, 'test_accuracy': 0.2246}} 
09-14 09:32 DEBUG    ****** PDM_KL matching ******** 
09-14 09:32 DEBUG    Best Sigma0: 0.5. Best sigma: 1 Best gamma: 10. Best Test accuracy: 0.1551. Train acc: 0.15404. 

09-14 09:32 DEBUG    PDM_KL log: {(0.5, 1, 10): {'shapes': [(3072, 555), (555,), (555, 127), (127,), (127, 118), (118,), (118, 10), (10,)], 'train_accuracy': 0.15404, 'test_accuracy': 0.1551}} 
09-14 10:23 DEBUG    ****** PDM_KL matching ******** 
09-14 10:23 DEBUG    Best Sigma0: 0.5. Best sigma: 1 Best gamma: 10. Best Test accuracy: 0.1002. Train acc: 0.1001. 

09-14 10:23 DEBUG    PDM_KL log: {(0.5, 1, 10): {'shapes': [(3072, 682), (682,), (682, 127), (127,), (127, 127), (127,), (127, 10), (10,)], 'train_accuracy': 0.1001, 'test_accuracy': 0.1002}} 
09-14 11:13 DEBUG    ****** PDM_KL matching ******** 
09-14 11:13 DEBUG    Best Sigma0: 0.5. Best sigma: 1 Best gamma: 10. Best Test accuracy: 0.1. Train acc: 0.1. 

09-14 11:13 DEBUG    PDM_KL log: {(0.5, 1, 10): {'shapes': [(3072, 667), (667,), (667, 127), (127,), (127, 118), (118,), (118, 10), (10,)], 'train_accuracy': 0.1, 'test_accuracy': 0.1}} 
09-14 12:07 DEBUG    ****** PDM_KL matching ******** 
09-14 12:07 DEBUG    Best Sigma0: 0.5. Best sigma: 1 Best gamma: 10. Best Test accuracy: 0.1. Train acc: 0.1. 

09-14 12:07 DEBUG    PDM_KL log: {(0.5, 1, 10): {'shapes': [(3072, 695), (695,), (695, 136), (136,), (136, 118), (118,), (118, 10), (10,)], 'train_accuracy': 0.1, 'test_accuracy': 0.1}} 
09-14 12:07 DEBUG    Trial 6 completed
09-14 12:07 DEBUG    ####################################################################################################
09-14 12:07 DEBUG    ####################################################################################################
09-14 12:07 DEBUG    Executing Trial 7 with seed 7
09-14 12:07 DEBUG    Data statistics: {0: {0: 482, 1: 521, 2: 535, 3: 522, 4: 467, 5: 501, 6: 526, 7: 471, 8: 489, 9: 486}, 1: {0: 527, 1: 478, 2: 478, 3: 525, 4: 507, 5: 463, 6: 507, 7: 499, 8: 520, 9: 496}, 2: {0: 489, 1: 470, 2: 493, 3: 474, 4: 505, 5: 539, 6: 476, 7: 516, 8: 519, 9: 519}, 3: {0: 489, 1: 489, 2: 485, 3: 519, 4: 474, 5: 505, 6: 483, 7: 517, 8: 515, 9: 524}, 4: {0: 516, 1: 492, 2: 514, 3: 501, 4: 490, 5: 513, 6: 497, 7: 486, 8: 500, 9: 491}, 5: {0: 507, 1: 511, 2: 508, 3: 489, 4: 512, 5: 491, 6: 462, 7: 498, 8: 503, 9: 519}, 6: {0: 487, 1: 497, 2: 481, 3: 477, 4: 494, 5: 531, 6: 534, 7: 484, 8: 539, 9: 476}, 7: {0: 512, 1: 497, 2: 493, 3: 496, 4: 537, 5: 462, 6: 510, 7: 562, 8: 460, 9: 471}, 8: {0: 527, 1: 536, 2: 509, 3: 474, 4: 504, 5: 500, 6: 486, 7: 464, 8: 468, 9: 532}, 9: {0: 464, 1: 509, 2: 504, 3: 523, 4: 510, 5: 495, 6: 519, 7: 503, 8: 487, 9: 486}}
09-14 12:10 DEBUG    **************************************************
09-14 12:10 DEBUG    Running experiments 

09-14 12:12 DEBUG    Uniform ensemble (Train acc): 0.315740
09-14 12:12 DEBUG    Uniform ensemble (Test acc): 0.318000
09-14 12:12 DEBUG    FedAvg (Train acc): 0.100000
09-14 12:12 DEBUG    FedAvg (Test acc): 0.100000
09-14 12:27 DEBUG    ****** PDM_KL matching ******** 
09-14 12:27 DEBUG    Best Sigma0: 0.5. Best sigma: 1 Best gamma: 10. Best Test accuracy: 0.1816. Train acc: 0.17852. 

09-14 12:27 DEBUG    PDM_KL log: {(0.5, 1, 10): {'shapes': [(3072, 242), (242,), (242, 127), (127,), (127, 118), (118,), (118, 10), (10,)], 'train_accuracy': 0.17852, 'test_accuracy': 0.1816}} 
09-14 12:50 DEBUG    ****** PDM_KL matching ******** 
09-14 12:50 DEBUG    Best Sigma0: 0.5. Best sigma: 1 Best gamma: 10. Best Test accuracy: 0.184. Train acc: 0.18448. 

09-14 12:50 DEBUG    PDM_KL log: {(0.5, 1, 10): {'shapes': [(3072, 252), (252,), (252, 118), (118,), (118, 118), (118,), (118, 10), (10,)], 'train_accuracy': 0.18448, 'test_accuracy': 0.184}} 
09-14 13:14 DEBUG    ****** PDM_KL matching ******** 
09-14 13:14 DEBUG    Best Sigma0: 0.5. Best sigma: 1 Best gamma: 10. Best Test accuracy: 0.1638. Train acc: 0.15846. 

09-14 13:14 DEBUG    PDM_KL log: {(0.5, 1, 10): {'shapes': [(3072, 247), (247,), (247, 127), (127,), (127, 118), (118,), (118, 10), (10,)], 'train_accuracy': 0.15846, 'test_accuracy': 0.1638}} 
09-14 13:40 DEBUG    ****** PDM_KL matching ******** 
09-14 13:40 DEBUG    Best Sigma0: 0.5. Best sigma: 1 Best gamma: 10. Best Test accuracy: 0.1223. Train acc: 0.12304. 

09-14 13:40 DEBUG    PDM_KL log: {(0.5, 1, 10): {'shapes': [(3072, 252), (252,), (252, 118), (118,), (118, 118), (118,), (118, 10), (10,)], 'train_accuracy': 0.12304, 'test_accuracy': 0.1223}} 
09-14 14:03 DEBUG    ****** PDM_KL matching ******** 
09-14 14:03 DEBUG    Best Sigma0: 0.5. Best sigma: 1 Best gamma: 10. Best Test accuracy: 0.1379. Train acc: 0.13578. 

09-14 14:03 DEBUG    PDM_KL log: {(0.5, 1, 10): {'shapes': [(3072, 252), (252,), (252, 118), (118,), (118, 118), (118,), (118, 10), (10,)], 'train_accuracy': 0.13578, 'test_accuracy': 0.1379}} 
09-14 14:29 DEBUG    ****** PDM_KL matching ******** 
09-14 14:29 DEBUG    Best Sigma0: 0.5. Best sigma: 1 Best gamma: 10. Best Test accuracy: 0.1333. Train acc: 0.13134. 

09-14 14:29 DEBUG    PDM_KL log: {(0.5, 1, 10): {'shapes': [(3072, 257), (257,), (257, 127), (127,), (127, 118), (118,), (118, 10), (10,)], 'train_accuracy': 0.13134, 'test_accuracy': 0.1333}} 
09-14 14:59 DEBUG    ****** PDM_KL matching ******** 
09-14 14:59 DEBUG    Best Sigma0: 0.5. Best sigma: 1 Best gamma: 10. Best Test accuracy: 0.2068. Train acc: 0.2078. 

09-14 14:59 DEBUG    PDM_KL log: {(0.5, 1, 10): {'shapes': [(3072, 326), (326,), (326, 127), (127,), (127, 118), (118,), (118, 10), (10,)], 'train_accuracy': 0.2078, 'test_accuracy': 0.2068}} 
09-14 15:41 DEBUG    ****** PDM_KL matching ******** 
09-14 15:41 DEBUG    Best Sigma0: 0.5. Best sigma: 1 Best gamma: 10. Best Test accuracy: 0.1071. Train acc: 0.10634. 

09-14 15:41 DEBUG    PDM_KL log: {(0.5, 1, 10): {'shapes': [(3072, 537), (537,), (537, 127), (127,), (127, 118), (118,), (118, 10), (10,)], 'train_accuracy': 0.10634, 'test_accuracy': 0.1071}} 
09-14 16:33 DEBUG    ****** PDM_KL matching ******** 
09-14 16:33 DEBUG    Best Sigma0: 0.5. Best sigma: 1 Best gamma: 10. Best Test accuracy: 0.1. Train acc: 0.10008. 

09-14 16:33 DEBUG    PDM_KL log: {(0.5, 1, 10): {'shapes': [(3072, 671), (671,), (671, 127), (127,), (127, 127), (127,), (127, 10), (10,)], 'train_accuracy': 0.10008, 'test_accuracy': 0.1}} 
09-14 17:22 DEBUG    ****** PDM_KL matching ******** 
09-14 17:22 DEBUG    Best Sigma0: 0.5. Best sigma: 1 Best gamma: 10. Best Test accuracy: 0.1. Train acc: 0.1. 

09-14 17:22 DEBUG    PDM_KL log: {(0.5, 1, 10): {'shapes': [(3072, 647), (647,), (647, 127), (127,), (127, 127), (127,), (127, 10), (10,)], 'train_accuracy': 0.1, 'test_accuracy': 0.1}} 
09-14 18:15 DEBUG    ****** PDM_KL matching ******** 
09-14 18:15 DEBUG    Best Sigma0: 0.5. Best sigma: 1 Best gamma: 10. Best Test accuracy: 0.1. Train acc: 0.1. 

09-14 18:15 DEBUG    PDM_KL log: {(0.5, 1, 10): {'shapes': [(3072, 683), (683,), (683, 136), (136,), (136, 127), (127,), (127, 10), (10,)], 'train_accuracy': 0.1, 'test_accuracy': 0.1}} 
09-14 18:15 DEBUG    Trial 7 completed
09-14 18:15 DEBUG    ####################################################################################################
09-14 18:15 DEBUG    ####################################################################################################
09-14 18:15 DEBUG    Executing Trial 8 with seed 8
09-14 18:15 DEBUG    Data statistics: {0: {0: 518, 1: 496, 2: 490, 3: 514, 4: 513, 5: 507, 6: 510, 7: 462, 8: 461, 9: 529}, 1: {0: 522, 1: 510, 2: 503, 3: 490, 4: 501, 5: 481, 6: 522, 7: 496, 8: 471, 9: 504}, 2: {0: 475, 1: 498, 2: 474, 3: 476, 4: 493, 5: 531, 6: 504, 7: 508, 8: 526, 9: 515}, 3: {0: 491, 1: 516, 2: 505, 3: 501, 4: 508, 5: 499, 6: 480, 7: 486, 8: 519, 9: 495}, 4: {0: 501, 1: 463, 2: 496, 3: 496, 4: 519, 5: 487, 6: 482, 7: 543, 8: 536, 9: 477}, 5: {0: 475, 1: 502, 2: 493, 3: 483, 4: 512, 5: 511, 6: 521, 7: 468, 8: 501, 9: 534}, 6: {0: 492, 1: 517, 2: 530, 3: 502, 4: 509, 5: 480, 6: 493, 7: 488, 8: 499, 9: 490}, 7: {0: 486, 1: 501, 2: 518, 3: 524, 4: 484, 5: 491, 6: 489, 7: 507, 8: 530, 9: 470}, 8: {0: 509, 1: 511, 2: 467, 3: 503, 4: 495, 5: 509, 6: 513, 7: 516, 8: 465, 9: 512}, 9: {0: 531, 1: 486, 2: 524, 3: 511, 4: 466, 5: 504, 6: 486, 7: 526, 8: 492, 9: 474}}
09-14 18:19 DEBUG    **************************************************
09-14 18:19 DEBUG    Running experiments 

09-14 18:20 DEBUG    Uniform ensemble (Train acc): 0.319640
09-14 18:20 DEBUG    Uniform ensemble (Test acc): 0.315100
09-14 18:20 DEBUG    FedAvg (Train acc): 0.100000
09-14 18:20 DEBUG    FedAvg (Test acc): 0.100000
09-14 18:31 DEBUG    ****** PDM_KL matching ******** 
09-14 18:31 DEBUG    Best Sigma0: 0.5. Best sigma: 1 Best gamma: 10. Best Test accuracy: 0.1544. Train acc: 0.15326. 

09-14 18:31 DEBUG    PDM_KL log: {(0.5, 1, 10): {'shapes': [(3072, 245), (245,), (245, 118), (118,), (118, 118), (118,), (118, 10), (10,)], 'train_accuracy': 0.15326, 'test_accuracy': 0.1544}} 
09-14 18:56 DEBUG    ****** PDM_KL matching ******** 
09-14 18:56 DEBUG    Best Sigma0: 0.5. Best sigma: 1 Best gamma: 10. Best Test accuracy: 0.1521. Train acc: 0.15192. 

09-14 18:56 DEBUG    PDM_KL log: {(0.5, 1, 10): {'shapes': [(3072, 250), (250,), (250, 118), (118,), (118, 118), (118,), (118, 10), (10,)], 'train_accuracy': 0.15192, 'test_accuracy': 0.1521}} 
09-14 19:19 DEBUG    ****** PDM_KL matching ******** 
09-14 19:19 DEBUG    Best Sigma0: 0.5. Best sigma: 1 Best gamma: 10. Best Test accuracy: 0.1335. Train acc: 0.13442. 

09-14 19:19 DEBUG    PDM_KL log: {(0.5, 1, 10): {'shapes': [(3072, 246), (246,), (246, 118), (118,), (118, 118), (118,), (118, 10), (10,)], 'train_accuracy': 0.13442, 'test_accuracy': 0.1335}} 
09-14 19:45 DEBUG    ****** PDM_KL matching ******** 
09-14 19:45 DEBUG    Best Sigma0: 0.5. Best sigma: 1 Best gamma: 10. Best Test accuracy: 0.185. Train acc: 0.17838. 

09-14 19:45 DEBUG    PDM_KL log: {(0.5, 1, 10): {'shapes': [(3072, 254), (254,), (254, 118), (118,), (118, 118), (118,), (118, 10), (10,)], 'train_accuracy': 0.17838, 'test_accuracy': 0.185}} 
09-14 20:08 DEBUG    ****** PDM_KL matching ******** 
09-14 20:08 DEBUG    Best Sigma0: 0.5. Best sigma: 1 Best gamma: 10. Best Test accuracy: 0.1497. Train acc: 0.1502. 

09-14 20:08 DEBUG    PDM_KL log: {(0.5, 1, 10): {'shapes': [(3072, 252), (252,), (252, 118), (118,), (118, 118), (118,), (118, 10), (10,)], 'train_accuracy': 0.1502, 'test_accuracy': 0.1497}} 
09-14 20:32 DEBUG    ****** PDM_KL matching ******** 
09-14 20:32 DEBUG    Best Sigma0: 0.5. Best sigma: 1 Best gamma: 10. Best Test accuracy: 0.1586. Train acc: 0.15648. 

09-14 20:32 DEBUG    PDM_KL log: {(0.5, 1, 10): {'shapes': [(3072, 256), (256,), (256, 118), (118,), (118, 118), (118,), (118, 10), (10,)], 'train_accuracy': 0.15648, 'test_accuracy': 0.1586}} 
09-14 21:00 DEBUG    ****** PDM_KL matching ******** 
09-14 21:00 DEBUG    Best Sigma0: 0.5. Best sigma: 1 Best gamma: 10. Best Test accuracy: 0.1884. Train acc: 0.18564. 

09-14 21:00 DEBUG    PDM_KL log: {(0.5, 1, 10): {'shapes': [(3072, 318), (318,), (318, 118), (118,), (118, 118), (118,), (118, 10), (10,)], 'train_accuracy': 0.18564, 'test_accuracy': 0.1884}} 
09-14 21:41 DEBUG    ****** PDM_KL matching ******** 
09-14 21:41 DEBUG    Best Sigma0: 0.5. Best sigma: 1 Best gamma: 10. Best Test accuracy: 0.1621. Train acc: 0.16242. 

09-14 21:41 DEBUG    PDM_KL log: {(0.5, 1, 10): {'shapes': [(3072, 528), (528,), (528, 127), (127,), (127, 118), (118,), (118, 10), (10,)], 'train_accuracy': 0.16242, 'test_accuracy': 0.1621}} 
09-14 22:33 DEBUG    ****** PDM_KL matching ******** 
09-14 22:33 DEBUG    Best Sigma0: 0.5. Best sigma: 1 Best gamma: 10. Best Test accuracy: 0.1044. Train acc: 0.10366. 

09-14 22:33 DEBUG    PDM_KL log: {(0.5, 1, 10): {'shapes': [(3072, 680), (680,), (680, 127), (127,), (127, 127), (127,), (127, 10), (10,)], 'train_accuracy': 0.10366, 'test_accuracy': 0.1044}} 
09-14 23:23 DEBUG    ****** PDM_KL matching ******** 
09-14 23:23 DEBUG    Best Sigma0: 0.5. Best sigma: 1 Best gamma: 10. Best Test accuracy: 0.1. Train acc: 0.1. 

09-14 23:23 DEBUG    PDM_KL log: {(0.5, 1, 10): {'shapes': [(3072, 662), (662,), (662, 136), (136,), (136, 127), (127,), (127, 10), (10,)], 'train_accuracy': 0.1, 'test_accuracy': 0.1}} 
09-15 00:05 DEBUG    ****** PDM_KL matching ******** 
09-15 00:05 DEBUG    Best Sigma0: 0.5. Best sigma: 1 Best gamma: 10. Best Test accuracy: 0.1. Train acc: 0.10002. 

09-15 00:05 DEBUG    PDM_KL log: {(0.5, 1, 10): {'shapes': [(3072, 695), (695,), (695, 127), (127,), (127, 127), (127,), (127, 10), (10,)], 'train_accuracy': 0.10002, 'test_accuracy': 0.1}} 
09-15 00:05 DEBUG    Trial 8 completed
09-15 00:05 DEBUG    ####################################################################################################
09-15 00:05 DEBUG    ####################################################################################################
09-15 00:05 DEBUG    Executing Trial 9 with seed 9
09-15 00:06 DEBUG    Data statistics: {0: {0: 490, 1: 482, 2: 496, 3: 501, 4: 516, 5: 513, 6: 508, 7: 486, 8: 504, 9: 504}, 1: {0: 513, 1: 502, 2: 507, 3: 476, 4: 496, 5: 476, 6: 494, 7: 502, 8: 507, 9: 527}, 2: {0: 522, 1: 476, 2: 517, 3: 485, 4: 499, 5: 500, 6: 520, 7: 481, 8: 499, 9: 501}, 3: {0: 496, 1: 502, 2: 519, 3: 490, 4: 472, 5: 502, 6: 500, 7: 536, 8: 496, 9: 487}, 4: {0: 507, 1: 522, 2: 514, 3: 506, 4: 531, 5: 481, 6: 497, 7: 507, 8: 465, 9: 470}, 5: {0: 497, 1: 510, 2: 499, 3: 467, 4: 539, 5: 520, 6: 494, 7: 468, 8: 484, 9: 522}, 6: {0: 478, 1: 569, 2: 478, 3: 535, 4: 485, 5: 492, 6: 487, 7: 498, 8: 510, 9: 468}, 7: {0: 486, 1: 459, 2: 494, 3: 516, 4: 492, 5: 497, 6: 510, 7: 517, 8: 524, 9: 505}, 8: {0: 511, 1: 495, 2: 478, 3: 538, 4: 463, 5: 513, 6: 470, 7: 511, 8: 499, 9: 522}, 9: {0: 500, 1: 483, 2: 498, 3: 486, 4: 507, 5: 506, 6: 520, 7: 494, 8: 512, 9: 494}}
09-15 00:09 DEBUG    **************************************************
09-15 00:09 DEBUG    Running experiments 

09-15 00:10 DEBUG    Uniform ensemble (Train acc): 0.338100
09-15 00:10 DEBUG    Uniform ensemble (Test acc): 0.333300
09-15 00:11 DEBUG    FedAvg (Train acc): 0.100000
09-15 00:11 DEBUG    FedAvg (Test acc): 0.100000
09-15 00:21 DEBUG    ****** PDM_KL matching ******** 
09-15 00:21 DEBUG    Best Sigma0: 0.5. Best sigma: 1 Best gamma: 10. Best Test accuracy: 0.2201. Train acc: 0.2176. 

09-15 00:21 DEBUG    PDM_KL log: {(0.5, 1, 10): {'shapes': [(3072, 246), (246,), (246, 118), (118,), (118, 118), (118,), (118, 10), (10,)], 'train_accuracy': 0.2176, 'test_accuracy': 0.2201}} 
09-15 00:38 DEBUG    ****** PDM_KL matching ******** 
09-15 00:38 DEBUG    Best Sigma0: 0.5. Best sigma: 1 Best gamma: 10. Best Test accuracy: 0.2068. Train acc: 0.1986. 

09-15 00:38 DEBUG    PDM_KL log: {(0.5, 1, 10): {'shapes': [(3072, 244), (244,), (244, 118), (118,), (118, 118), (118,), (118, 10), (10,)], 'train_accuracy': 0.1986, 'test_accuracy': 0.2068}} 
09-15 00:59 DEBUG    ****** PDM_KL matching ******** 
09-15 00:59 DEBUG    Best Sigma0: 0.5. Best sigma: 1 Best gamma: 10. Best Test accuracy: 0.2202. Train acc: 0.21582. 

09-15 00:59 DEBUG    PDM_KL log: {(0.5, 1, 10): {'shapes': [(3072, 240), (240,), (240, 118), (118,), (118, 118), (118,), (118, 10), (10,)], 'train_accuracy': 0.21582, 'test_accuracy': 0.2202}} 
09-15 01:17 DEBUG    ****** PDM_KL matching ******** 
09-15 01:17 DEBUG    Best Sigma0: 0.5. Best sigma: 1 Best gamma: 10. Best Test accuracy: 0.2325. Train acc: 0.22578. 

09-15 01:17 DEBUG    PDM_KL log: {(0.5, 1, 10): {'shapes': [(3072, 242), (242,), (242, 118), (118,), (118, 118), (118,), (118, 10), (10,)], 'train_accuracy': 0.22578, 'test_accuracy': 0.2325}} 
09-15 01:37 DEBUG    ****** PDM_KL matching ******** 
09-15 01:37 DEBUG    Best Sigma0: 0.5. Best sigma: 1 Best gamma: 10. Best Test accuracy: 0.213. Train acc: 0.21. 

09-15 01:37 DEBUG    PDM_KL log: {(0.5, 1, 10): {'shapes': [(3072, 242), (242,), (242, 118), (118,), (118, 118), (118,), (118, 10), (10,)], 'train_accuracy': 0.21, 'test_accuracy': 0.213}} 
09-15 01:54 DEBUG    ****** PDM_KL matching ******** 
09-15 01:54 DEBUG    Best Sigma0: 0.5. Best sigma: 1 Best gamma: 10. Best Test accuracy: 0.191. Train acc: 0.18962. 

09-15 01:54 DEBUG    PDM_KL log: {(0.5, 1, 10): {'shapes': [(3072, 251), (251,), (251, 118), (118,), (118, 118), (118,), (118, 10), (10,)], 'train_accuracy': 0.18962, 'test_accuracy': 0.191}} 
09-15 02:18 DEBUG    ****** PDM_KL matching ******** 
09-15 02:18 DEBUG    Best Sigma0: 0.5. Best sigma: 1 Best gamma: 10. Best Test accuracy: 0.2249. Train acc: 0.219. 

09-15 02:18 DEBUG    PDM_KL log: {(0.5, 1, 10): {'shapes': [(3072, 323), (323,), (323, 127), (127,), (127, 118), (118,), (118, 10), (10,)], 'train_accuracy': 0.219, 'test_accuracy': 0.2249}} 
09-15 02:53 DEBUG    ****** PDM_KL matching ******** 
09-15 02:53 DEBUG    Best Sigma0: 0.5. Best sigma: 1 Best gamma: 10. Best Test accuracy: 0.1686. Train acc: 0.166. 

09-15 02:53 DEBUG    PDM_KL log: {(0.5, 1, 10): {'shapes': [(3072, 539), (539,), (539, 127), (127,), (127, 118), (118,), (118, 10), (10,)], 'train_accuracy': 0.166, 'test_accuracy': 0.1686}} 
09-15 03:27 DEBUG    ****** PDM_KL matching ******** 
09-15 03:27 DEBUG    Best Sigma0: 0.5. Best sigma: 1 Best gamma: 10. Best Test accuracy: 0.1001. Train acc: 0.10004. 

09-15 03:27 DEBUG    PDM_KL log: {(0.5, 1, 10): {'shapes': [(3072, 679), (679,), (679, 127), (127,), (127, 127), (127,), (127, 10), (10,)], 'train_accuracy': 0.10004, 'test_accuracy': 0.1001}} 
09-15 03:53 DEBUG    ****** PDM_KL matching ******** 
09-15 03:53 DEBUG    Best Sigma0: 0.5. Best sigma: 1 Best gamma: 10. Best Test accuracy: 0.1. Train acc: 0.1. 

09-15 03:53 DEBUG    PDM_KL log: {(0.5, 1, 10): {'shapes': [(3072, 670), (670,), (670, 127), (127,), (127, 118), (118,), (118, 10), (10,)], 'train_accuracy': 0.1, 'test_accuracy': 0.1}} 
09-15 04:18 DEBUG    ****** PDM_KL matching ******** 
09-15 04:18 DEBUG    Best Sigma0: 0.5. Best sigma: 1 Best gamma: 10. Best Test accuracy: 0.1. Train acc: 0.1. 

09-15 04:18 DEBUG    PDM_KL log: {(0.5, 1, 10): {'shapes': [(3072, 699), (699,), (699, 136), (136,), (136, 127), (127,), (127, 10), (10,)], 'train_accuracy': 0.1, 'test_accuracy': 0.1}} 
09-15 04:18 DEBUG    Trial 9 completed
09-15 04:18 DEBUG    ####################################################################################################
