05-29 01:39 DEBUG    Experiment arguments: Namespace(alpha=0.5, communication_rounds=None, datadir='data/cifar10', dataset='cifar10', device=1.0, dropout_p=0.0, epochs=10, experiment=['pdm_KL', 'skip'], init_seed=0, iter_epochs=5, layers=1, loaddir='saved_weights/cifar10/homo', logdir='skip_pdm_compare/cifar10/homo', lr=0.01, lr_decay=1.0, n=6, n_layers=1, n_nets=10, net_config=[3072, 100, 100, 100, 100, 10], num_pool_workers=6, partition='homo', pdm_gamma=10, pdm_sig=1, pdm_sig0=10, reg=1e-06, reg_fac=0.0, trials=10, use_freq=True)
05-29 01:39 DEBUG    ####################################################################################################
05-29 01:39 DEBUG    Executing Trial 0 with seed 0
05-29 01:39 DEBUG    Data statistics: {0: {0: 503, 1: 483, 2: 487, 3: 527, 4: 473, 5: 548, 6: 491, 7: 502, 8: 482, 9: 504}, 1: {0: 501, 1: 503, 2: 529, 3: 503, 4: 494, 5: 468, 6: 462, 7: 497, 8: 507, 9: 536}, 2: {0: 510, 1: 540, 2: 498, 3: 461, 4: 516, 5: 483, 6: 502, 7: 515, 8: 492, 9: 483}, 3: {0: 487, 1: 487, 2: 493, 3: 498, 4: 523, 5: 482, 6: 500, 7: 487, 8: 495, 9: 548}, 4: {0: 505, 1: 480, 2: 488, 3: 488, 4: 480, 5: 509, 6: 537, 7: 490, 8: 490, 9: 533}, 5: {0: 504, 1: 480, 2: 511, 3: 494, 4: 530, 5: 509, 6: 521, 7: 489, 8: 490, 9: 472}, 6: {0: 512, 1: 509, 2: 512, 3: 488, 4: 488, 5: 465, 6: 490, 7: 538, 8: 506, 9: 492}, 7: {0: 472, 1: 521, 2: 463, 3: 549, 4: 502, 5: 515, 6: 518, 7: 496, 8: 479, 9: 485}, 8: {0: 505, 1: 485, 2: 487, 3: 505, 4: 497, 5: 512, 6: 508, 7: 501, 8: 531, 9: 469}, 9: {0: 501, 1: 512, 2: 532, 3: 487, 4: 497, 5: 509, 6: 471, 7: 485, 8: 528, 9: 478}}
05-29 01:39 DEBUG    **************************************************
05-29 01:39 DEBUG    Running experiments 

05-29 01:46 DEBUG    ****** PDM_KL matching ******** 
05-29 01:46 DEBUG    Best Sigma0: 10. Best sigma: 1 Best gamma: 10. Best Test accuracy: 0.198. Train acc: 0.19912. 

05-29 01:46 DEBUG    PDM_KL log: {(10, 1, 10): {'shapes': [(3072, 864), (864,), (864, 136), (136,), (136, 145), (145,), (145, 118), (118,), (118, 10), (10,)], 'train_accuracy': 0.19912, 'test_accuracy': 0.198}} 
05-29 01:52 DEBUG    ****** PDM skip matching ******** 
05-29 01:52 DEBUG    Best Sigma0: 10. Best sigma: 1 Best gamma: 10. Best Test accuracy: 0.1. Train acc: 0.1. 

05-29 01:52 DEBUG    PDM log: {(10, 1, 10): {'shapes': [(865, 3073), (101, 865), (173, 101), (101, 173), (10, 101)], 'train_accuracy': 0.1, 'test_accuracy': 0.1}} 
05-29 01:52 DEBUG    Trial 0 completed
05-29 01:52 DEBUG    ####################################################################################################
05-29 01:52 DEBUG    ####################################################################################################
05-29 01:52 DEBUG    Executing Trial 1 with seed 1
05-29 01:52 DEBUG    Data statistics: {0: {0: 510, 1: 492, 2: 515, 3: 474, 4: 530, 5: 498, 6: 501, 7: 489, 8: 481, 9: 510}, 1: {0: 476, 1: 494, 2: 523, 3: 515, 4: 477, 5: 497, 6: 486, 7: 523, 8: 497, 9: 512}, 2: {0: 503, 1: 524, 2: 501, 3: 526, 4: 471, 5: 497, 6: 538, 7: 499, 8: 482, 9: 459}, 3: {0: 484, 1: 501, 2: 514, 3: 480, 4: 487, 5: 513, 6: 529, 7: 501, 8: 480, 9: 511}, 4: {0: 506, 1: 496, 2: 478, 3: 495, 4: 492, 5: 512, 6: 520, 7: 487, 8: 490, 9: 524}, 5: {0: 517, 1: 496, 2: 472, 3: 525, 4: 496, 5: 506, 6: 458, 7: 480, 8: 503, 9: 547}, 6: {0: 491, 1: 522, 2: 492, 3: 490, 4: 506, 5: 482, 6: 492, 7: 499, 8: 557, 9: 469}, 7: {0: 516, 1: 500, 2: 499, 3: 512, 4: 523, 5: 503, 6: 468, 7: 515, 8: 493, 9: 471}, 8: {0: 503, 1: 497, 2: 498, 3: 492, 4: 484, 5: 490, 6: 509, 7: 511, 8: 506, 9: 510}, 9: {0: 494, 1: 478, 2: 508, 3: 491, 4: 534, 5: 502, 6: 499, 7: 496, 8: 511, 9: 487}}
05-29 01:52 DEBUG    **************************************************
05-29 01:52 DEBUG    Running experiments 

05-29 01:58 DEBUG    ****** PDM_KL matching ******** 
05-29 01:58 DEBUG    Best Sigma0: 10. Best sigma: 1 Best gamma: 10. Best Test accuracy: 0.2354. Train acc: 0.23782. 

05-29 01:58 DEBUG    PDM_KL log: {(10, 1, 10): {'shapes': [(3072, 858), (858,), (858, 145), (145,), (145, 145), (145,), (145, 118), (118,), (118, 10), (10,)], 'train_accuracy': 0.23782, 'test_accuracy': 0.2354}} 
05-29 02:04 DEBUG    ****** PDM skip matching ******** 
05-29 02:04 DEBUG    Best Sigma0: 10. Best sigma: 1 Best gamma: 10. Best Test accuracy: 0.1. Train acc: 0.1. 

05-29 02:04 DEBUG    PDM log: {(10, 1, 10): {'shapes': [(858, 3073), (101, 858), (182, 101), (101, 182), (10, 101)], 'train_accuracy': 0.1, 'test_accuracy': 0.1}} 
05-29 02:04 DEBUG    Trial 1 completed
05-29 02:04 DEBUG    ####################################################################################################
05-29 02:04 DEBUG    ####################################################################################################
05-29 02:04 DEBUG    Executing Trial 2 with seed 2
05-29 02:04 DEBUG    Data statistics: {0: {0: 515, 1: 500, 2: 501, 3: 505, 4: 515, 5: 506, 6: 524, 7: 482, 8: 475, 9: 477}, 1: {0: 514, 1: 496, 2: 530, 3: 477, 4: 493, 5: 492, 6: 470, 7: 516, 8: 514, 9: 498}, 2: {0: 496, 1: 506, 2: 499, 3: 504, 4: 471, 5: 489, 6: 507, 7: 502, 8: 484, 9: 542}, 3: {0: 475, 1: 473, 2: 480, 3: 525, 4: 506, 5: 514, 6: 515, 7: 518, 8: 506, 9: 488}, 4: {0: 522, 1: 530, 2: 486, 3: 468, 4: 510, 5: 510, 6: 494, 7: 496, 8: 497, 9: 487}, 5: {0: 519, 1: 494, 2: 514, 3: 499, 4: 512, 5: 479, 6: 470, 7: 497, 8: 505, 9: 511}, 6: {0: 485, 1: 507, 2: 509, 3: 511, 4: 488, 5: 459, 6: 496, 7: 514, 8: 518, 9: 513}, 7: {0: 485, 1: 488, 2: 482, 3: 505, 4: 546, 5: 535, 6: 505, 7: 476, 8: 486, 9: 492}, 8: {0: 512, 1: 493, 2: 513, 3: 481, 4: 512, 5: 499, 6: 513, 7: 481, 8: 508, 9: 488}, 9: {0: 477, 1: 513, 2: 486, 3: 525, 4: 447, 5: 517, 6: 506, 7: 518, 8: 507, 9: 504}}
05-29 02:05 DEBUG    **************************************************
05-29 02:05 DEBUG    Running experiments 

05-29 02:11 DEBUG    ****** PDM_KL matching ******** 
05-29 02:11 DEBUG    Best Sigma0: 10. Best sigma: 1 Best gamma: 10. Best Test accuracy: 0.1726. Train acc: 0.1761. 

05-29 02:11 DEBUG    PDM_KL log: {(10, 1, 10): {'shapes': [(3072, 873), (873,), (873, 145), (145,), (145, 145), (145,), (145, 118), (118,), (118, 10), (10,)], 'train_accuracy': 0.1761, 'test_accuracy': 0.1726}} 
05-29 02:17 DEBUG    ****** PDM skip matching ******** 
05-29 02:17 DEBUG    Best Sigma0: 10. Best sigma: 1 Best gamma: 10. Best Test accuracy: 0.1. Train acc: 0.1. 

05-29 02:17 DEBUG    PDM log: {(10, 1, 10): {'shapes': [(874, 3073), (101, 874), (173, 101), (101, 173), (10, 101)], 'train_accuracy': 0.1, 'test_accuracy': 0.1}} 
05-29 02:17 DEBUG    Trial 2 completed
05-29 02:17 DEBUG    ####################################################################################################
05-29 02:17 DEBUG    ####################################################################################################
05-29 02:17 DEBUG    Executing Trial 3 with seed 3
05-29 02:17 DEBUG    Data statistics: {0: {0: 488, 1: 493, 2: 515, 3: 499, 4: 453, 5: 505, 6: 526, 7: 512, 8: 497, 9: 512}, 1: {0: 544, 1: 458, 2: 518, 3: 495, 4: 465, 5: 501, 6: 517, 7: 528, 8: 473, 9: 501}, 2: {0: 512, 1: 504, 2: 490, 3: 521, 4: 482, 5: 504, 6: 507, 7: 506, 8: 502, 9: 472}, 3: {0: 466, 1: 527, 2: 514, 3: 512, 4: 494, 5: 483, 6: 511, 7: 511, 8: 482, 9: 500}, 4: {0: 528, 1: 511, 2: 487, 3: 506, 4: 506, 5: 478, 6: 481, 7: 484, 8: 541, 9: 478}, 5: {0: 474, 1: 502, 2: 495, 3: 470, 4: 497, 5: 562, 6: 497, 7: 465, 8: 518, 9: 520}, 6: {0: 500, 1: 514, 2: 478, 3: 515, 4: 509, 5: 533, 6: 477, 7: 484, 8: 494, 9: 496}, 7: {0: 492, 1: 509, 2: 490, 3: 507, 4: 505, 5: 486, 6: 507, 7: 486, 8: 508, 9: 510}, 8: {0: 518, 1: 514, 2: 503, 3: 464, 4: 534, 5: 465, 6: 492, 7: 497, 8: 484, 9: 529}, 9: {0: 478, 1: 468, 2: 510, 3: 511, 4: 555, 5: 483, 6: 485, 7: 527, 8: 501, 9: 482}}
05-29 02:18 DEBUG    **************************************************
05-29 02:18 DEBUG    Running experiments 

05-29 02:24 DEBUG    ****** PDM_KL matching ******** 
05-29 02:24 DEBUG    Best Sigma0: 10. Best sigma: 1 Best gamma: 10. Best Test accuracy: 0.2096. Train acc: 0.20858. 

05-29 02:24 DEBUG    PDM_KL log: {(10, 1, 10): {'shapes': [(3072, 875), (875,), (875, 145), (145,), (145, 145), (145,), (145, 118), (118,), (118, 10), (10,)], 'train_accuracy': 0.20858, 'test_accuracy': 0.2096}} 
05-29 02:30 DEBUG    ****** PDM skip matching ******** 
05-29 02:30 DEBUG    Best Sigma0: 10. Best sigma: 1 Best gamma: 10. Best Test accuracy: 0.1. Train acc: 0.1. 

05-29 02:30 DEBUG    PDM log: {(10, 1, 10): {'shapes': [(876, 3073), (101, 876), (182, 101), (101, 182), (10, 101)], 'train_accuracy': 0.1, 'test_accuracy': 0.1}} 
05-29 02:30 DEBUG    Trial 3 completed
05-29 02:30 DEBUG    ####################################################################################################
05-29 02:30 DEBUG    ####################################################################################################
05-29 02:30 DEBUG    Executing Trial 4 with seed 4
05-29 02:30 DEBUG    Data statistics: {0: {0: 493, 1: 510, 2: 503, 3: 481, 4: 493, 5: 486, 6: 511, 7: 523, 8: 478, 9: 522}, 1: {0: 540, 1: 517, 2: 471, 3: 504, 4: 472, 5: 518, 6: 509, 7: 490, 8: 482, 9: 497}, 2: {0: 488, 1: 490, 2: 482, 3: 472, 4: 540, 5: 512, 6: 512, 7: 501, 8: 519, 9: 484}, 3: {0: 532, 1: 502, 2: 528, 3: 484, 4: 490, 5: 477, 6: 569, 7: 488, 8: 466, 9: 464}, 4: {0: 475, 1: 525, 2: 514, 3: 524, 4: 516, 5: 509, 6: 467, 7: 494, 8: 487, 9: 489}, 5: {0: 512, 1: 476, 2: 518, 3: 534, 4: 464, 5: 516, 6: 458, 7: 488, 8: 538, 9: 496}, 6: {0: 471, 1: 503, 2: 487, 3: 516, 4: 493, 5: 509, 6: 500, 7: 508, 8: 497, 9: 516}, 7: {0: 518, 1: 472, 2: 488, 3: 487, 4: 525, 5: 494, 6: 479, 7: 506, 8: 501, 9: 530}, 8: {0: 494, 1: 497, 2: 489, 3: 491, 4: 514, 5: 507, 6: 476, 7: 519, 8: 524, 9: 489}, 9: {0: 477, 1: 508, 2: 520, 3: 507, 4: 493, 5: 472, 6: 519, 7: 483, 8: 508, 9: 513}}
05-29 02:30 DEBUG    **************************************************
05-29 02:30 DEBUG    Running experiments 

05-29 02:37 DEBUG    ****** PDM_KL matching ******** 
05-29 02:37 DEBUG    Best Sigma0: 10. Best sigma: 1 Best gamma: 10. Best Test accuracy: 0.2193. Train acc: 0.21876. 

05-29 02:37 DEBUG    PDM_KL log: {(10, 1, 10): {'shapes': [(3072, 867), (867,), (867, 136), (136,), (136, 136), (136,), (136, 118), (118,), (118, 10), (10,)], 'train_accuracy': 0.21876, 'test_accuracy': 0.2193}} 
05-29 02:43 DEBUG    ****** PDM skip matching ******** 
05-29 02:43 DEBUG    Best Sigma0: 10. Best sigma: 1 Best gamma: 10. Best Test accuracy: 0.1. Train acc: 0.1. 

05-29 02:43 DEBUG    PDM log: {(10, 1, 10): {'shapes': [(868, 3073), (101, 868), (164, 101), (101, 164), (10, 101)], 'train_accuracy': 0.1, 'test_accuracy': 0.1}} 
05-29 02:43 DEBUG    Trial 4 completed
05-29 02:43 DEBUG    ####################################################################################################
05-29 02:43 DEBUG    ####################################################################################################
05-29 02:43 DEBUG    Executing Trial 5 with seed 5
05-29 02:43 DEBUG    Data statistics: {0: {0: 506, 1: 481, 2: 527, 3: 510, 4: 480, 5: 503, 6: 521, 7: 490, 8: 497, 9: 485}, 1: {0: 490, 1: 480, 2: 474, 3: 544, 4: 490, 5: 515, 6: 471, 7: 492, 8: 512, 9: 532}, 2: {0: 505, 1: 512, 2: 489, 3: 508, 4: 493, 5: 500, 6: 500, 7: 467, 8: 510, 9: 516}, 3: {0: 470, 1: 509, 2: 507, 3: 490, 4: 510, 5: 485, 6: 495, 7: 537, 8: 511, 9: 486}, 4: {0: 521, 1: 509, 2: 461, 3: 504, 4: 533, 5: 475, 6: 501, 7: 516, 8: 493, 9: 487}, 5: {0: 553, 1: 501, 2: 514, 3: 461, 4: 516, 5: 522, 6: 476, 7: 508, 8: 473, 9: 476}, 6: {0: 515, 1: 505, 2: 504, 3: 477, 4: 491, 5: 503, 6: 506, 7: 485, 8: 477, 9: 537}, 7: {0: 479, 1: 494, 2: 525, 3: 488, 4: 488, 5: 504, 6: 543, 7: 509, 8: 506, 9: 464}, 8: {0: 450, 1: 502, 2: 468, 3: 521, 4: 484, 5: 508, 6: 509, 7: 513, 8: 528, 9: 517}, 9: {0: 511, 1: 507, 2: 531, 3: 497, 4: 515, 5: 485, 6: 478, 7: 483, 8: 493, 9: 500}}
05-29 02:43 DEBUG    **************************************************
05-29 02:43 DEBUG    Running experiments 

05-29 02:49 DEBUG    ****** PDM_KL matching ******** 
05-29 02:49 DEBUG    Best Sigma0: 10. Best sigma: 1 Best gamma: 10. Best Test accuracy: 0.2168. Train acc: 0.2149. 

05-29 02:49 DEBUG    PDM_KL log: {(10, 1, 10): {'shapes': [(3072, 874), (874,), (874, 145), (145,), (145, 145), (145,), (145, 118), (118,), (118, 10), (10,)], 'train_accuracy': 0.2149, 'test_accuracy': 0.2168}} 
05-29 02:55 DEBUG    ****** PDM skip matching ******** 
05-29 02:55 DEBUG    Best Sigma0: 10. Best sigma: 1 Best gamma: 10. Best Test accuracy: 0.0997. Train acc: 0.10014. 

05-29 02:55 DEBUG    PDM log: {(10, 1, 10): {'shapes': [(877, 3073), (101, 877), (173, 101), (101, 173), (10, 101)], 'train_accuracy': 0.10014, 'test_accuracy': 0.0997}} 
05-29 02:55 DEBUG    Trial 5 completed
05-29 02:55 DEBUG    ####################################################################################################
05-29 02:55 DEBUG    ####################################################################################################
05-29 02:55 DEBUG    Executing Trial 6 with seed 6
05-29 02:55 DEBUG    Data statistics: {0: {0: 525, 1: 492, 2: 476, 3: 486, 4: 508, 5: 495, 6: 524, 7: 481, 8: 510, 9: 503}, 1: {0: 492, 1: 515, 2: 471, 3: 507, 4: 523, 5: 503, 6: 486, 7: 482, 8: 510, 9: 511}, 2: {0: 513, 1: 485, 2: 481, 3: 511, 4: 480, 5: 511, 6: 512, 7: 479, 8: 516, 9: 512}, 3: {0: 467, 1: 473, 2: 526, 3: 496, 4: 514, 5: 514, 6: 469, 7: 513, 8: 520, 9: 508}, 4: {0: 500, 1: 492, 2: 499, 3: 519, 4: 534, 5: 460, 6: 525, 7: 485, 8: 514, 9: 472}, 5: {0: 508, 1: 492, 2: 507, 3: 512, 4: 466, 5: 513, 6: 523, 7: 492, 8: 494, 9: 493}, 6: {0: 468, 1: 508, 2: 533, 3: 506, 4: 439, 5: 510, 6: 510, 7: 519, 8: 501, 9: 506}, 7: {0: 540, 1: 511, 2: 499, 3: 452, 4: 508, 5: 501, 6: 464, 7: 529, 8: 474, 9: 522}, 8: {0: 497, 1: 497, 2: 496, 3: 517, 4: 511, 5: 497, 6: 493, 7: 509, 8: 497, 9: 486}, 9: {0: 490, 1: 535, 2: 512, 3: 494, 4: 517, 5: 496, 6: 494, 7: 511, 8: 464, 9: 487}}
05-29 02:56 DEBUG    **************************************************
05-29 02:56 DEBUG    Running experiments 

05-29 03:02 DEBUG    ****** PDM_KL matching ******** 
05-29 03:02 DEBUG    Best Sigma0: 10. Best sigma: 1 Best gamma: 10. Best Test accuracy: 0.1745. Train acc: 0.17582. 

05-29 03:02 DEBUG    PDM_KL log: {(10, 1, 10): {'shapes': [(3072, 859), (859,), (859, 136), (136,), (136, 145), (145,), (145, 118), (118,), (118, 10), (10,)], 'train_accuracy': 0.17582, 'test_accuracy': 0.1745}} 
05-29 03:08 DEBUG    ****** PDM skip matching ******** 
05-29 03:08 DEBUG    Best Sigma0: 10. Best sigma: 1 Best gamma: 10. Best Test accuracy: 0.1. Train acc: 0.1. 

05-29 03:08 DEBUG    PDM log: {(10, 1, 10): {'shapes': [(860, 3073), (101, 860), (173, 101), (101, 173), (10, 101)], 'train_accuracy': 0.1, 'test_accuracy': 0.1}} 
05-29 03:08 DEBUG    Trial 6 completed
05-29 03:08 DEBUG    ####################################################################################################
05-29 03:08 DEBUG    ####################################################################################################
05-29 03:08 DEBUG    Executing Trial 7 with seed 7
05-29 03:08 DEBUG    Data statistics: {0: {0: 482, 1: 521, 2: 535, 3: 522, 4: 467, 5: 501, 6: 526, 7: 471, 8: 489, 9: 486}, 1: {0: 527, 1: 478, 2: 478, 3: 525, 4: 507, 5: 463, 6: 507, 7: 499, 8: 520, 9: 496}, 2: {0: 489, 1: 470, 2: 493, 3: 474, 4: 505, 5: 539, 6: 476, 7: 516, 8: 519, 9: 519}, 3: {0: 489, 1: 489, 2: 485, 3: 519, 4: 474, 5: 505, 6: 483, 7: 517, 8: 515, 9: 524}, 4: {0: 516, 1: 492, 2: 514, 3: 501, 4: 490, 5: 513, 6: 497, 7: 486, 8: 500, 9: 491}, 5: {0: 507, 1: 511, 2: 508, 3: 489, 4: 512, 5: 491, 6: 462, 7: 498, 8: 503, 9: 519}, 6: {0: 487, 1: 497, 2: 481, 3: 477, 4: 494, 5: 531, 6: 534, 7: 484, 8: 539, 9: 476}, 7: {0: 512, 1: 497, 2: 493, 3: 496, 4: 537, 5: 462, 6: 510, 7: 562, 8: 460, 9: 471}, 8: {0: 527, 1: 536, 2: 509, 3: 474, 4: 504, 5: 500, 6: 486, 7: 464, 8: 468, 9: 532}, 9: {0: 464, 1: 509, 2: 504, 3: 523, 4: 510, 5: 495, 6: 519, 7: 503, 8: 487, 9: 486}}
05-29 03:09 DEBUG    **************************************************
05-29 03:09 DEBUG    Running experiments 

05-29 03:14 DEBUG    ****** PDM_KL matching ******** 
05-29 03:14 DEBUG    Best Sigma0: 10. Best sigma: 1 Best gamma: 10. Best Test accuracy: 0.203. Train acc: 0.20078. 

05-29 03:14 DEBUG    PDM_KL log: {(10, 1, 10): {'shapes': [(3072, 870), (870,), (870, 145), (145,), (145, 145), (145,), (145, 118), (118,), (118, 10), (10,)], 'train_accuracy': 0.20078, 'test_accuracy': 0.203}} 
05-29 03:20 DEBUG    ****** PDM skip matching ******** 
05-29 03:20 DEBUG    Best Sigma0: 10. Best sigma: 1 Best gamma: 10. Best Test accuracy: 0.1. Train acc: 0.1. 

05-29 03:20 DEBUG    PDM log: {(10, 1, 10): {'shapes': [(871, 3073), (101, 871), (173, 101), (101, 173), (10, 101)], 'train_accuracy': 0.1, 'test_accuracy': 0.1}} 
05-29 03:20 DEBUG    Trial 7 completed
05-29 03:20 DEBUG    ####################################################################################################
05-29 03:20 DEBUG    ####################################################################################################
05-29 03:20 DEBUG    Executing Trial 8 with seed 8
05-29 03:20 DEBUG    Data statistics: {0: {0: 518, 1: 496, 2: 490, 3: 514, 4: 513, 5: 507, 6: 510, 7: 462, 8: 461, 9: 529}, 1: {0: 522, 1: 510, 2: 503, 3: 490, 4: 501, 5: 481, 6: 522, 7: 496, 8: 471, 9: 504}, 2: {0: 475, 1: 498, 2: 474, 3: 476, 4: 493, 5: 531, 6: 504, 7: 508, 8: 526, 9: 515}, 3: {0: 491, 1: 516, 2: 505, 3: 501, 4: 508, 5: 499, 6: 480, 7: 486, 8: 519, 9: 495}, 4: {0: 501, 1: 463, 2: 496, 3: 496, 4: 519, 5: 487, 6: 482, 7: 543, 8: 536, 9: 477}, 5: {0: 475, 1: 502, 2: 493, 3: 483, 4: 512, 5: 511, 6: 521, 7: 468, 8: 501, 9: 534}, 6: {0: 492, 1: 517, 2: 530, 3: 502, 4: 509, 5: 480, 6: 493, 7: 488, 8: 499, 9: 490}, 7: {0: 486, 1: 501, 2: 518, 3: 524, 4: 484, 5: 491, 6: 489, 7: 507, 8: 530, 9: 470}, 8: {0: 509, 1: 511, 2: 467, 3: 503, 4: 495, 5: 509, 6: 513, 7: 516, 8: 465, 9: 512}, 9: {0: 531, 1: 486, 2: 524, 3: 511, 4: 466, 5: 504, 6: 486, 7: 526, 8: 492, 9: 474}}
05-29 03:21 DEBUG    **************************************************
05-29 03:21 DEBUG    Running experiments 

05-29 03:27 DEBUG    ****** PDM_KL matching ******** 
05-29 03:27 DEBUG    Best Sigma0: 10. Best sigma: 1 Best gamma: 10. Best Test accuracy: 0.2428. Train acc: 0.23764. 

05-29 03:27 DEBUG    PDM_KL log: {(10, 1, 10): {'shapes': [(3072, 879), (879,), (879, 145), (145,), (145, 136), (136,), (136, 118), (118,), (118, 10), (10,)], 'train_accuracy': 0.23764, 'test_accuracy': 0.2428}} 
05-29 03:33 DEBUG    ****** PDM skip matching ******** 
05-29 03:33 DEBUG    Best Sigma0: 10. Best sigma: 1 Best gamma: 10. Best Test accuracy: 0.1. Train acc: 0.1. 

05-29 03:33 DEBUG    PDM log: {(10, 1, 10): {'shapes': [(883, 3073), (101, 883), (173, 101), (101, 173), (10, 101)], 'train_accuracy': 0.1, 'test_accuracy': 0.1}} 
05-29 03:33 DEBUG    Trial 8 completed
05-29 03:33 DEBUG    ####################################################################################################
05-29 03:33 DEBUG    ####################################################################################################
05-29 03:33 DEBUG    Executing Trial 9 with seed 9
05-29 03:33 DEBUG    Data statistics: {0: {0: 490, 1: 482, 2: 496, 3: 501, 4: 516, 5: 513, 6: 508, 7: 486, 8: 504, 9: 504}, 1: {0: 513, 1: 502, 2: 507, 3: 476, 4: 496, 5: 476, 6: 494, 7: 502, 8: 507, 9: 527}, 2: {0: 522, 1: 476, 2: 517, 3: 485, 4: 499, 5: 500, 6: 520, 7: 481, 8: 499, 9: 501}, 3: {0: 496, 1: 502, 2: 519, 3: 490, 4: 472, 5: 502, 6: 500, 7: 536, 8: 496, 9: 487}, 4: {0: 507, 1: 522, 2: 514, 3: 506, 4: 531, 5: 481, 6: 497, 7: 507, 8: 465, 9: 470}, 5: {0: 497, 1: 510, 2: 499, 3: 467, 4: 539, 5: 520, 6: 494, 7: 468, 8: 484, 9: 522}, 6: {0: 478, 1: 569, 2: 478, 3: 535, 4: 485, 5: 492, 6: 487, 7: 498, 8: 510, 9: 468}, 7: {0: 486, 1: 459, 2: 494, 3: 516, 4: 492, 5: 497, 6: 510, 7: 517, 8: 524, 9: 505}, 8: {0: 511, 1: 495, 2: 478, 3: 538, 4: 463, 5: 513, 6: 470, 7: 511, 8: 499, 9: 522}, 9: {0: 500, 1: 483, 2: 498, 3: 486, 4: 507, 5: 506, 6: 520, 7: 494, 8: 512, 9: 494}}
05-29 03:33 DEBUG    **************************************************
05-29 03:33 DEBUG    Running experiments 

05-29 03:38 DEBUG    ****** PDM_KL matching ******** 
05-29 03:38 DEBUG    Best Sigma0: 10. Best sigma: 1 Best gamma: 10. Best Test accuracy: 0.2036. Train acc: 0.20374. 

05-29 03:38 DEBUG    PDM_KL log: {(10, 1, 10): {'shapes': [(3072, 855), (855,), (855, 145), (145,), (145, 145), (145,), (145, 118), (118,), (118, 10), (10,)], 'train_accuracy': 0.20374, 'test_accuracy': 0.2036}} 
05-29 03:41 DEBUG    ****** PDM skip matching ******** 
05-29 03:41 DEBUG    Best Sigma0: 10. Best sigma: 1 Best gamma: 10. Best Test accuracy: 0.101. Train acc: 0.10122. 

05-29 03:41 DEBUG    PDM log: {(10, 1, 10): {'shapes': [(856, 3073), (101, 856), (180, 101), (101, 180), (10, 101)], 'train_accuracy': 0.10122, 'test_accuracy': 0.101}} 
05-29 03:41 DEBUG    Trial 9 completed
05-29 03:41 DEBUG    ####################################################################################################
