09-13 02:48 DEBUG    Experiment arguments: Namespace(alpha=0.5, communication_rounds=None, datadir='data/cifar10', dataset='cifar10', device=1.0, dropout_p=0.0, epochs=10, experiment=['all'], init_seed=0, iter_epochs=5, layers=1, loaddir='saved_weights/cifar10/homo', logdir='KL_regs/cifar10/homo', lr=0.01, lr_decay=1.0, n=6, n_layers=1, n_nets=10, net_config=[3072, 100, 100, 100, 100, 100, 100, 10], num_pool_workers=6, partition='homo', pdm_gamma=1.0, pdm_sig=1.0, pdm_sig0=1.0, reg=1e-06, reg_fac=0.0, trials=10)
09-13 02:48 DEBUG    ####################################################################################################
09-13 02:48 DEBUG    Executing Trial 0 with seed 0
09-13 02:48 DEBUG    Data statistics: {0: {0: 503, 1: 483, 2: 487, 3: 527, 4: 473, 5: 548, 6: 491, 7: 502, 8: 482, 9: 504}, 1: {0: 501, 1: 503, 2: 529, 3: 503, 4: 494, 5: 468, 6: 462, 7: 497, 8: 507, 9: 536}, 2: {0: 510, 1: 540, 2: 498, 3: 461, 4: 516, 5: 483, 6: 502, 7: 515, 8: 492, 9: 483}, 3: {0: 487, 1: 487, 2: 493, 3: 498, 4: 523, 5: 482, 6: 500, 7: 487, 8: 495, 9: 548}, 4: {0: 505, 1: 480, 2: 488, 3: 488, 4: 480, 5: 509, 6: 537, 7: 490, 8: 490, 9: 533}, 5: {0: 504, 1: 480, 2: 511, 3: 494, 4: 530, 5: 509, 6: 521, 7: 489, 8: 490, 9: 472}, 6: {0: 512, 1: 509, 2: 512, 3: 488, 4: 488, 5: 465, 6: 490, 7: 538, 8: 506, 9: 492}, 7: {0: 472, 1: 521, 2: 463, 3: 549, 4: 502, 5: 515, 6: 518, 7: 496, 8: 479, 9: 485}, 8: {0: 505, 1: 485, 2: 487, 3: 505, 4: 497, 5: 512, 6: 508, 7: 501, 8: 531, 9: 469}, 9: {0: 501, 1: 512, 2: 532, 3: 487, 4: 497, 5: 509, 6: 471, 7: 485, 8: 528, 9: 478}}
09-13 02:49 DEBUG    **************************************************
09-13 02:49 DEBUG    Running experiments 

09-13 02:49 DEBUG    Uniform ensemble (Train acc): 0.211260
09-13 02:49 DEBUG    Uniform ensemble (Test acc): 0.211100
09-13 02:49 DEBUG    FedAvg (Train acc): 0.100000
09-13 02:49 DEBUG    FedAvg (Test acc): 0.100000
09-13 02:56 DEBUG    ****** PDM_KL matching ******** 
09-13 02:56 DEBUG    Best Sigma0: 0.5. Best sigma: 1 Best gamma: 10. Best Test accuracy: 0.1001. Train acc: 0.10002. 

09-13 02:56 DEBUG    PDM_KL log: {(0.5, 1, 10): {'shapes': [(3072, 259), (259,), (259, 127), (127,), (127, 127), (127,), (127, 127), (127,), (127, 118), (118,), (118, 118), (118,), (118, 10), (10,)], 'train_accuracy': 0.10002, 'test_accuracy': 0.1001}} 
09-13 03:13 DEBUG    ****** PDM_KL matching ******** 
09-13 03:13 DEBUG    Best Sigma0: 0.5. Best sigma: 1 Best gamma: 10. Best Test accuracy: 0.1. Train acc: 0.1. 

09-13 03:13 DEBUG    PDM_KL log: {(0.5, 1, 10): {'shapes': [(3072, 261), (261,), (261, 118), (118,), (118, 127), (127,), (127, 118), (118,), (118, 118), (118,), (118, 118), (118,), (118, 10), (10,)], 'train_accuracy': 0.1, 'test_accuracy': 0.1}} 
09-13 03:30 DEBUG    ****** PDM_KL matching ******** 
09-13 03:30 DEBUG    Best Sigma0: 0.5. Best sigma: 1 Best gamma: 10. Best Test accuracy: 0.0999. Train acc: 0.10002. 

09-13 03:30 DEBUG    PDM_KL log: {(0.5, 1, 10): {'shapes': [(3072, 255), (255,), (255, 118), (118,), (118, 118), (118,), (118, 123), (123,), (123, 118), (118,), (118, 118), (118,), (118, 10), (10,)], 'train_accuracy': 0.10002, 'test_accuracy': 0.0999}} 
09-13 03:47 DEBUG    ****** PDM_KL matching ******** 
09-13 03:47 DEBUG    Best Sigma0: 0.5. Best sigma: 1 Best gamma: 10. Best Test accuracy: 0.1. Train acc: 0.10004. 

09-13 03:47 DEBUG    PDM_KL log: {(0.5, 1, 10): {'shapes': [(3072, 264), (264,), (264, 118), (118,), (118, 118), (118,), (118, 118), (118,), (118, 118), (118,), (118, 118), (118,), (118, 10), (10,)], 'train_accuracy': 0.10004, 'test_accuracy': 0.1}} 
09-13 04:04 DEBUG    ****** PDM_KL matching ******** 
09-13 04:04 DEBUG    Best Sigma0: 0.5. Best sigma: 1 Best gamma: 10. Best Test accuracy: 0.1. Train acc: 0.10004. 

09-13 04:04 DEBUG    PDM_KL log: {(0.5, 1, 10): {'shapes': [(3072, 263), (263,), (263, 127), (127,), (127, 118), (118,), (118, 118), (118,), (118, 118), (118,), (118, 118), (118,), (118, 10), (10,)], 'train_accuracy': 0.10004, 'test_accuracy': 0.1}} 
09-13 04:21 DEBUG    ****** PDM_KL matching ******** 
09-13 04:21 DEBUG    Best Sigma0: 0.5. Best sigma: 1 Best gamma: 10. Best Test accuracy: 0.1001. Train acc: 0.10004. 

09-13 04:21 DEBUG    PDM_KL log: {(0.5, 1, 10): {'shapes': [(3072, 260), (260,), (260, 127), (127,), (127, 127), (127,), (127, 127), (127,), (127, 118), (118,), (118, 118), (118,), (118, 10), (10,)], 'train_accuracy': 0.10004, 'test_accuracy': 0.1001}} 
09-13 04:41 DEBUG    ****** PDM_KL matching ******** 
09-13 04:41 DEBUG    Best Sigma0: 0.5. Best sigma: 1 Best gamma: 10. Best Test accuracy: 0.1085. Train acc: 0.10612. 

09-13 04:41 DEBUG    PDM_KL log: {(0.5, 1, 10): {'shapes': [(3072, 319), (319,), (319, 127), (127,), (127, 127), (127,), (127, 127), (127,), (127, 127), (127,), (127, 118), (118,), (118, 10), (10,)], 'train_accuracy': 0.10612, 'test_accuracy': 0.1085}} 
09-13 05:09 DEBUG    ****** PDM_KL matching ******** 
09-13 05:09 DEBUG    Best Sigma0: 0.5. Best sigma: 1 Best gamma: 10. Best Test accuracy: 0.1. Train acc: 0.1. 

09-13 05:09 DEBUG    PDM_KL log: {(0.5, 1, 10): {'shapes': [(3072, 437), (437,), (437, 127), (127,), (127, 127), (127,), (127, 127), (127,), (127, 127), (127,), (127, 118), (118,), (118, 10), (10,)], 'train_accuracy': 0.1, 'test_accuracy': 0.1}} 
09-13 05:38 DEBUG    ****** PDM_KL matching ******** 
09-13 05:38 DEBUG    Best Sigma0: 0.5. Best sigma: 1 Best gamma: 10. Best Test accuracy: 0.1. Train acc: 0.1. 

09-13 05:38 DEBUG    PDM_KL log: {(0.5, 1, 10): {'shapes': [(3072, 547), (547,), (547, 127), (127,), (127, 127), (127,), (127, 127), (127,), (127, 127), (127,), (127, 127), (127,), (127, 10), (10,)], 'train_accuracy': 0.1, 'test_accuracy': 0.1}} 
09-13 06:07 DEBUG    ****** PDM_KL matching ******** 
09-13 06:07 DEBUG    Best Sigma0: 0.5. Best sigma: 1 Best gamma: 10. Best Test accuracy: 0.1. Train acc: 0.1. 

09-13 06:07 DEBUG    PDM_KL log: {(0.5, 1, 10): {'shapes': [(3072, 551), (551,), (551, 127), (127,), (127, 127), (127,), (127, 127), (127,), (127, 127), (127,), (127, 118), (118,), (118, 10), (10,)], 'train_accuracy': 0.1, 'test_accuracy': 0.1}} 
09-13 06:35 DEBUG    ****** PDM_KL matching ******** 
09-13 06:35 DEBUG    Best Sigma0: 0.5. Best sigma: 1 Best gamma: 10. Best Test accuracy: 0.1. Train acc: 0.1. 

09-13 06:35 DEBUG    PDM_KL log: {(0.5, 1, 10): {'shapes': [(3072, 593), (593,), (593, 127), (127,), (127, 127), (127,), (127, 136), (136,), (136, 136), (136,), (136, 118), (118,), (118, 10), (10,)], 'train_accuracy': 0.1, 'test_accuracy': 0.1}} 
09-13 06:35 DEBUG    Trial 0 completed
09-13 06:35 DEBUG    ####################################################################################################
09-13 06:35 DEBUG    ####################################################################################################
09-13 06:35 DEBUG    Executing Trial 1 with seed 1
09-13 06:36 DEBUG    Data statistics: {0: {0: 510, 1: 492, 2: 515, 3: 474, 4: 530, 5: 498, 6: 501, 7: 489, 8: 481, 9: 510}, 1: {0: 476, 1: 494, 2: 523, 3: 515, 4: 477, 5: 497, 6: 486, 7: 523, 8: 497, 9: 512}, 2: {0: 503, 1: 524, 2: 501, 3: 526, 4: 471, 5: 497, 6: 538, 7: 499, 8: 482, 9: 459}, 3: {0: 484, 1: 501, 2: 514, 3: 480, 4: 487, 5: 513, 6: 529, 7: 501, 8: 480, 9: 511}, 4: {0: 506, 1: 496, 2: 478, 3: 495, 4: 492, 5: 512, 6: 520, 7: 487, 8: 490, 9: 524}, 5: {0: 517, 1: 496, 2: 472, 3: 525, 4: 496, 5: 506, 6: 458, 7: 480, 8: 503, 9: 547}, 6: {0: 491, 1: 522, 2: 492, 3: 490, 4: 506, 5: 482, 6: 492, 7: 499, 8: 557, 9: 469}, 7: {0: 516, 1: 500, 2: 499, 3: 512, 4: 523, 5: 503, 6: 468, 7: 515, 8: 493, 9: 471}, 8: {0: 503, 1: 497, 2: 498, 3: 492, 4: 484, 5: 490, 6: 509, 7: 511, 8: 506, 9: 510}, 9: {0: 494, 1: 478, 2: 508, 3: 491, 4: 534, 5: 502, 6: 499, 7: 496, 8: 511, 9: 487}}
09-13 06:37 DEBUG    **************************************************
09-13 06:37 DEBUG    Running experiments 

09-13 06:38 DEBUG    Uniform ensemble (Train acc): 0.208160
09-13 06:38 DEBUG    Uniform ensemble (Test acc): 0.207800
09-13 06:39 DEBUG    FedAvg (Train acc): 0.100000
09-13 06:39 DEBUG    FedAvg (Test acc): 0.100000
09-13 06:47 DEBUG    ****** PDM_KL matching ******** 
09-13 06:47 DEBUG    Best Sigma0: 0.5. Best sigma: 1 Best gamma: 10. Best Test accuracy: 0.1002. Train acc: 0.10126. 

09-13 06:47 DEBUG    PDM_KL log: {(0.5, 1, 10): {'shapes': [(3072, 242), (242,), (242, 118), (118,), (118, 118), (118,), (118, 118), (118,), (118, 118), (118,), (118, 118), (118,), (118, 10), (10,)], 'train_accuracy': 0.10126, 'test_accuracy': 0.1002}} 
09-13 07:01 DEBUG    ****** PDM_KL matching ******** 
09-13 07:01 DEBUG    Best Sigma0: 0.5. Best sigma: 1 Best gamma: 10. Best Test accuracy: 0.0918. Train acc: 0.09222. 

09-13 07:01 DEBUG    PDM_KL log: {(0.5, 1, 10): {'shapes': [(3072, 241), (241,), (241, 118), (118,), (118, 118), (118,), (118, 118), (118,), (118, 118), (118,), (118, 118), (118,), (118, 10), (10,)], 'train_accuracy': 0.09222, 'test_accuracy': 0.0918}} 
09-13 07:15 DEBUG    ****** PDM_KL matching ******** 
09-13 07:15 DEBUG    Best Sigma0: 0.5. Best sigma: 1 Best gamma: 10. Best Test accuracy: 0.1165. Train acc: 0.11658. 

09-13 07:15 DEBUG    PDM_KL log: {(0.5, 1, 10): {'shapes': [(3072, 242), (242,), (242, 118), (118,), (118, 127), (127,), (127, 118), (118,), (118, 118), (118,), (118, 118), (118,), (118, 10), (10,)], 'train_accuracy': 0.11658, 'test_accuracy': 0.1165}} 
09-13 07:29 DEBUG    ****** PDM_KL matching ******** 
09-13 07:29 DEBUG    Best Sigma0: 0.5. Best sigma: 1 Best gamma: 10. Best Test accuracy: 0.1035. Train acc: 0.10714. 

09-13 07:29 DEBUG    PDM_KL log: {(0.5, 1, 10): {'shapes': [(3072, 245), (245,), (245, 118), (118,), (118, 127), (127,), (127, 118), (118,), (118, 118), (118,), (118, 118), (118,), (118, 10), (10,)], 'train_accuracy': 0.10714, 'test_accuracy': 0.1035}} 
09-13 07:42 DEBUG    ****** PDM_KL matching ******** 
09-13 07:42 DEBUG    Best Sigma0: 0.5. Best sigma: 1 Best gamma: 10. Best Test accuracy: 0.1109. Train acc: 0.1104. 

09-13 07:42 DEBUG    PDM_KL log: {(0.5, 1, 10): {'shapes': [(3072, 248), (248,), (248, 118), (118,), (118, 118), (118,), (118, 118), (118,), (118, 118), (118,), (118, 118), (118,), (118, 10), (10,)], 'train_accuracy': 0.1104, 'test_accuracy': 0.1109}} 
09-13 07:54 DEBUG    ****** PDM_KL matching ******** 
09-13 07:54 DEBUG    Best Sigma0: 0.5. Best sigma: 1 Best gamma: 10. Best Test accuracy: 0.1104. Train acc: 0.11088. 

09-13 07:54 DEBUG    PDM_KL log: {(0.5, 1, 10): {'shapes': [(3072, 250), (250,), (250, 118), (118,), (118, 118), (118,), (118, 127), (127,), (127, 118), (118,), (118, 118), (118,), (118, 10), (10,)], 'train_accuracy': 0.11088, 'test_accuracy': 0.1104}} 
09-13 08:07 DEBUG    ****** PDM_KL matching ******** 
09-13 08:07 DEBUG    Best Sigma0: 0.5. Best sigma: 1 Best gamma: 10. Best Test accuracy: 0.1122. Train acc: 0.11434. 

09-13 08:07 DEBUG    PDM_KL log: {(0.5, 1, 10): {'shapes': [(3072, 316), (316,), (316, 127), (127,), (127, 127), (127,), (127, 127), (127,), (127, 118), (118,), (118, 118), (118,), (118, 10), (10,)], 'train_accuracy': 0.11434, 'test_accuracy': 0.1122}} 
09-13 08:29 DEBUG    ****** PDM_KL matching ******** 
09-13 08:29 DEBUG    Best Sigma0: 0.5. Best sigma: 1 Best gamma: 10. Best Test accuracy: 0.1. Train acc: 0.1. 

09-13 08:29 DEBUG    PDM_KL log: {(0.5, 1, 10): {'shapes': [(3072, 442), (442,), (442, 127), (127,), (127, 127), (127,), (127, 127), (127,), (127, 127), (127,), (127, 118), (118,), (118, 10), (10,)], 'train_accuracy': 0.1, 'test_accuracy': 0.1}} 
09-13 08:51 DEBUG    ****** PDM_KL matching ******** 
09-13 08:51 DEBUG    Best Sigma0: 0.5. Best sigma: 1 Best gamma: 10. Best Test accuracy: 0.1. Train acc: 0.1. 

09-13 08:51 DEBUG    PDM_KL log: {(0.5, 1, 10): {'shapes': [(3072, 582), (582,), (582, 127), (127,), (127, 127), (127,), (127, 127), (127,), (127, 127), (127,), (127, 127), (127,), (127, 10), (10,)], 'train_accuracy': 0.1, 'test_accuracy': 0.1}} 
09-13 09:13 DEBUG    ****** PDM_KL matching ******** 
09-13 09:13 DEBUG    Best Sigma0: 0.5. Best sigma: 1 Best gamma: 10. Best Test accuracy: 0.1. Train acc: 0.1. 

09-13 09:13 DEBUG    PDM_KL log: {(0.5, 1, 10): {'shapes': [(3072, 586), (586,), (586, 127), (127,), (127, 127), (127,), (127, 136), (136,), (136, 136), (136,), (136, 118), (118,), (118, 10), (10,)], 'train_accuracy': 0.1, 'test_accuracy': 0.1}} 
09-13 09:35 DEBUG    ****** PDM_KL matching ******** 
09-13 09:35 DEBUG    Best Sigma0: 0.5. Best sigma: 1 Best gamma: 10. Best Test accuracy: 0.1. Train acc: 0.1. 

09-13 09:35 DEBUG    PDM_KL log: {(0.5, 1, 10): {'shapes': [(3072, 617), (617,), (617, 127), (127,), (127, 136), (136,), (136, 136), (136,), (136, 136), (136,), (136, 118), (118,), (118, 10), (10,)], 'train_accuracy': 0.1, 'test_accuracy': 0.1}} 
09-13 09:35 DEBUG    Trial 1 completed
09-13 09:35 DEBUG    ####################################################################################################
09-13 09:35 DEBUG    ####################################################################################################
09-13 09:35 DEBUG    Executing Trial 2 with seed 2
09-13 09:35 DEBUG    Data statistics: {0: {0: 515, 1: 500, 2: 501, 3: 505, 4: 515, 5: 506, 6: 524, 7: 482, 8: 475, 9: 477}, 1: {0: 514, 1: 496, 2: 530, 3: 477, 4: 493, 5: 492, 6: 470, 7: 516, 8: 514, 9: 498}, 2: {0: 496, 1: 506, 2: 499, 3: 504, 4: 471, 5: 489, 6: 507, 7: 502, 8: 484, 9: 542}, 3: {0: 475, 1: 473, 2: 480, 3: 525, 4: 506, 5: 514, 6: 515, 7: 518, 8: 506, 9: 488}, 4: {0: 522, 1: 530, 2: 486, 3: 468, 4: 510, 5: 510, 6: 494, 7: 496, 8: 497, 9: 487}, 5: {0: 519, 1: 494, 2: 514, 3: 499, 4: 512, 5: 479, 6: 470, 7: 497, 8: 505, 9: 511}, 6: {0: 485, 1: 507, 2: 509, 3: 511, 4: 488, 5: 459, 6: 496, 7: 514, 8: 518, 9: 513}, 7: {0: 485, 1: 488, 2: 482, 3: 505, 4: 546, 5: 535, 6: 505, 7: 476, 8: 486, 9: 492}, 8: {0: 512, 1: 493, 2: 513, 3: 481, 4: 512, 5: 499, 6: 513, 7: 481, 8: 508, 9: 488}, 9: {0: 477, 1: 513, 2: 486, 3: 525, 4: 447, 5: 517, 6: 506, 7: 518, 8: 507, 9: 504}}
09-13 09:36 DEBUG    **************************************************
09-13 09:36 DEBUG    Running experiments 

09-13 09:37 DEBUG    Uniform ensemble (Train acc): 0.211600
09-13 09:37 DEBUG    Uniform ensemble (Test acc): 0.212600
09-13 09:37 DEBUG    FedAvg (Train acc): 0.100000
09-13 09:37 DEBUG    FedAvg (Test acc): 0.100000
09-13 09:44 DEBUG    ****** PDM_KL matching ******** 
09-13 09:44 DEBUG    Best Sigma0: 0.5. Best sigma: 1 Best gamma: 10. Best Test accuracy: 0.1009. Train acc: 0.10106. 

09-13 09:44 DEBUG    PDM_KL log: {(0.5, 1, 10): {'shapes': [(3072, 258), (258,), (258, 118), (118,), (118, 118), (118,), (118, 118), (118,), (118, 118), (118,), (118, 118), (118,), (118, 10), (10,)], 'train_accuracy': 0.10106, 'test_accuracy': 0.1009}} 
09-13 09:56 DEBUG    ****** PDM_KL matching ******** 
09-13 09:56 DEBUG    Best Sigma0: 0.5. Best sigma: 1 Best gamma: 10. Best Test accuracy: 0.0994. Train acc: 0.09836. 

09-13 09:56 DEBUG    PDM_KL log: {(0.5, 1, 10): {'shapes': [(3072, 255), (255,), (255, 127), (127,), (127, 118), (118,), (118, 127), (127,), (127, 118), (118,), (118, 118), (118,), (118, 10), (10,)], 'train_accuracy': 0.09836, 'test_accuracy': 0.0994}} 
09-13 10:07 DEBUG    ****** PDM_KL matching ******** 
09-13 10:07 DEBUG    Best Sigma0: 0.5. Best sigma: 1 Best gamma: 10. Best Test accuracy: 0.1. Train acc: 0.10004. 

09-13 10:07 DEBUG    PDM_KL log: {(0.5, 1, 10): {'shapes': [(3072, 265), (265,), (265, 118), (118,), (118, 118), (118,), (118, 127), (127,), (127, 118), (118,), (118, 118), (118,), (118, 10), (10,)], 'train_accuracy': 0.10004, 'test_accuracy': 0.1}} 
09-13 10:20 DEBUG    ****** PDM_KL matching ******** 
09-13 10:20 DEBUG    Best Sigma0: 0.5. Best sigma: 1 Best gamma: 10. Best Test accuracy: 0.1022. Train acc: 0.09942. 

09-13 10:20 DEBUG    PDM_KL log: {(0.5, 1, 10): {'shapes': [(3072, 268), (268,), (268, 118), (118,), (118, 118), (118,), (118, 118), (118,), (118, 118), (118,), (118, 118), (118,), (118, 10), (10,)], 'train_accuracy': 0.09942, 'test_accuracy': 0.1022}} 
09-13 10:32 DEBUG    ****** PDM_KL matching ******** 
09-13 10:32 DEBUG    Best Sigma0: 0.5. Best sigma: 1 Best gamma: 10. Best Test accuracy: 0.1006. Train acc: 0.10012. 

09-13 10:32 DEBUG    PDM_KL log: {(0.5, 1, 10): {'shapes': [(3072, 264), (264,), (264, 118), (118,), (118, 118), (118,), (118, 127), (127,), (127, 118), (118,), (118, 118), (118,), (118, 10), (10,)], 'train_accuracy': 0.10012, 'test_accuracy': 0.1006}} 
09-13 10:45 DEBUG    ****** PDM_KL matching ******** 
09-13 10:45 DEBUG    Best Sigma0: 0.5. Best sigma: 1 Best gamma: 10. Best Test accuracy: 0.1006. Train acc: 0.10114. 

09-13 10:45 DEBUG    PDM_KL log: {(0.5, 1, 10): {'shapes': [(3072, 267), (267,), (267, 127), (127,), (127, 118), (118,), (118, 127), (127,), (127, 118), (118,), (118, 118), (118,), (118, 10), (10,)], 'train_accuracy': 0.10114, 'test_accuracy': 0.1006}} 
09-13 10:58 DEBUG    ****** PDM_KL matching ******** 
09-13 10:58 DEBUG    Best Sigma0: 0.5. Best sigma: 1 Best gamma: 10. Best Test accuracy: 0.1057. Train acc: 0.10578. 

09-13 10:58 DEBUG    PDM_KL log: {(0.5, 1, 10): {'shapes': [(3072, 319), (319,), (319, 118), (118,), (118, 127), (127,), (127, 127), (127,), (127, 118), (118,), (118, 118), (118,), (118, 10), (10,)], 'train_accuracy': 0.10578, 'test_accuracy': 0.1057}} 
09-13 11:20 DEBUG    ****** PDM_KL matching ******** 
09-13 11:20 DEBUG    Best Sigma0: 0.5. Best sigma: 1 Best gamma: 10. Best Test accuracy: 0.1. Train acc: 0.1. 

09-13 11:20 DEBUG    PDM_KL log: {(0.5, 1, 10): {'shapes': [(3072, 467), (467,), (467, 127), (127,), (127, 127), (127,), (127, 127), (127,), (127, 127), (127,), (127, 118), (118,), (118, 10), (10,)], 'train_accuracy': 0.1, 'test_accuracy': 0.1}} 
09-13 11:41 DEBUG    ****** PDM_KL matching ******** 
09-13 11:41 DEBUG    Best Sigma0: 0.5. Best sigma: 1 Best gamma: 10. Best Test accuracy: 0.1. Train acc: 0.1. 

09-13 11:41 DEBUG    PDM_KL log: {(0.5, 1, 10): {'shapes': [(3072, 573), (573,), (573, 127), (127,), (127, 127), (127,), (127, 127), (127,), (127, 127), (127,), (127, 127), (127,), (127, 10), (10,)], 'train_accuracy': 0.1, 'test_accuracy': 0.1}} 
09-13 12:14 DEBUG    ****** PDM_KL matching ******** 
09-13 12:14 DEBUG    Best Sigma0: 0.5. Best sigma: 1 Best gamma: 10. Best Test accuracy: 0.1. Train acc: 0.1. 

09-13 12:14 DEBUG    PDM_KL log: {(0.5, 1, 10): {'shapes': [(3072, 594), (594,), (594, 127), (127,), (127, 127), (127,), (127, 127), (127,), (127, 127), (127,), (127, 127), (127,), (127, 10), (10,)], 'train_accuracy': 0.1, 'test_accuracy': 0.1}} 
09-13 13:08 DEBUG    ****** PDM_KL matching ******** 
09-13 13:08 DEBUG    Best Sigma0: 0.5. Best sigma: 1 Best gamma: 10. Best Test accuracy: 0.1. Train acc: 0.1. 

09-13 13:08 DEBUG    PDM_KL log: {(0.5, 1, 10): {'shapes': [(3072, 611), (611,), (611, 136), (136,), (136, 127), (127,), (127, 127), (127,), (127, 127), (127,), (127, 127), (127,), (127, 10), (10,)], 'train_accuracy': 0.1, 'test_accuracy': 0.1}} 
09-13 13:08 DEBUG    Trial 2 completed
09-13 13:08 DEBUG    ####################################################################################################
09-13 13:08 DEBUG    ####################################################################################################
09-13 13:08 DEBUG    Executing Trial 3 with seed 3
09-13 13:08 DEBUG    Data statistics: {0: {0: 488, 1: 493, 2: 515, 3: 499, 4: 453, 5: 505, 6: 526, 7: 512, 8: 497, 9: 512}, 1: {0: 544, 1: 458, 2: 518, 3: 495, 4: 465, 5: 501, 6: 517, 7: 528, 8: 473, 9: 501}, 2: {0: 512, 1: 504, 2: 490, 3: 521, 4: 482, 5: 504, 6: 507, 7: 506, 8: 502, 9: 472}, 3: {0: 466, 1: 527, 2: 514, 3: 512, 4: 494, 5: 483, 6: 511, 7: 511, 8: 482, 9: 500}, 4: {0: 528, 1: 511, 2: 487, 3: 506, 4: 506, 5: 478, 6: 481, 7: 484, 8: 541, 9: 478}, 5: {0: 474, 1: 502, 2: 495, 3: 470, 4: 497, 5: 562, 6: 497, 7: 465, 8: 518, 9: 520}, 6: {0: 500, 1: 514, 2: 478, 3: 515, 4: 509, 5: 533, 6: 477, 7: 484, 8: 494, 9: 496}, 7: {0: 492, 1: 509, 2: 490, 3: 507, 4: 505, 5: 486, 6: 507, 7: 486, 8: 508, 9: 510}, 8: {0: 518, 1: 514, 2: 503, 3: 464, 4: 534, 5: 465, 6: 492, 7: 497, 8: 484, 9: 529}, 9: {0: 478, 1: 468, 2: 510, 3: 511, 4: 555, 5: 483, 6: 485, 7: 527, 8: 501, 9: 482}}
09-13 13:12 DEBUG    **************************************************
09-13 13:12 DEBUG    Running experiments 

09-13 13:14 DEBUG    Uniform ensemble (Train acc): 0.211520
09-13 13:14 DEBUG    Uniform ensemble (Test acc): 0.212800
09-13 13:14 DEBUG    FedAvg (Train acc): 0.100000
09-13 13:14 DEBUG    FedAvg (Test acc): 0.100000
09-13 13:32 DEBUG    ****** PDM_KL matching ******** 
09-13 13:32 DEBUG    Best Sigma0: 0.5. Best sigma: 1 Best gamma: 10. Best Test accuracy: 0.1028. Train acc: 0.10418. 

09-13 13:32 DEBUG    PDM_KL log: {(0.5, 1, 10): {'shapes': [(3072, 264), (264,), (264, 118), (118,), (118, 118), (118,), (118, 127), (127,), (127, 118), (118,), (118, 118), (118,), (118, 10), (10,)], 'train_accuracy': 0.10418, 'test_accuracy': 0.1028}} 
09-13 14:03 DEBUG    ****** PDM_KL matching ******** 
09-13 14:03 DEBUG    Best Sigma0: 0.5. Best sigma: 1 Best gamma: 10. Best Test accuracy: 0.1. Train acc: 0.1. 

09-13 14:03 DEBUG    PDM_KL log: {(0.5, 1, 10): {'shapes': [(3072, 252), (252,), (252, 118), (118,), (118, 127), (127,), (127, 118), (118,), (118, 118), (118,), (118, 118), (118,), (118, 10), (10,)], 'train_accuracy': 0.1, 'test_accuracy': 0.1}} 
09-13 14:32 DEBUG    ****** PDM_KL matching ******** 
09-13 14:32 DEBUG    Best Sigma0: 0.5. Best sigma: 1 Best gamma: 10. Best Test accuracy: 0.1. Train acc: 0.1. 

09-13 14:32 DEBUG    PDM_KL log: {(0.5, 1, 10): {'shapes': [(3072, 255), (255,), (255, 118), (118,), (118, 118), (118,), (118, 118), (118,), (118, 118), (118,), (118, 118), (118,), (118, 10), (10,)], 'train_accuracy': 0.1, 'test_accuracy': 0.1}} 
09-13 15:01 DEBUG    ****** PDM_KL matching ******** 
09-13 15:01 DEBUG    Best Sigma0: 0.5. Best sigma: 1 Best gamma: 10. Best Test accuracy: 0.1. Train acc: 0.1. 

09-13 15:01 DEBUG    PDM_KL log: {(0.5, 1, 10): {'shapes': [(3072, 253), (253,), (253, 118), (118,), (118, 118), (118,), (118, 118), (118,), (118, 118), (118,), (118, 118), (118,), (118, 10), (10,)], 'train_accuracy': 0.1, 'test_accuracy': 0.1}} 
09-13 15:31 DEBUG    ****** PDM_KL matching ******** 
09-13 15:31 DEBUG    Best Sigma0: 0.5. Best sigma: 1 Best gamma: 10. Best Test accuracy: 0.0999. Train acc: 0.10172. 

09-13 15:31 DEBUG    PDM_KL log: {(0.5, 1, 10): {'shapes': [(3072, 260), (260,), (260, 118), (118,), (118, 118), (118,), (118, 118), (118,), (118, 118), (118,), (118, 118), (118,), (118, 10), (10,)], 'train_accuracy': 0.10172, 'test_accuracy': 0.0999}} 
09-13 16:00 DEBUG    ****** PDM_KL matching ******** 
09-13 16:00 DEBUG    Best Sigma0: 0.5. Best sigma: 1 Best gamma: 10. Best Test accuracy: 0.1. Train acc: 0.1. 

09-13 16:00 DEBUG    PDM_KL log: {(0.5, 1, 10): {'shapes': [(3072, 265), (265,), (265, 118), (118,), (118, 118), (118,), (118, 127), (127,), (127, 118), (118,), (118, 118), (118,), (118, 10), (10,)], 'train_accuracy': 0.1, 'test_accuracy': 0.1}} 
09-13 16:37 DEBUG    ****** PDM_KL matching ******** 
09-13 16:37 DEBUG    Best Sigma0: 0.5. Best sigma: 1 Best gamma: 10. Best Test accuracy: 0.1003. Train acc: 0.10022. 

09-13 16:37 DEBUG    PDM_KL log: {(0.5, 1, 10): {'shapes': [(3072, 328), (328,), (328, 127), (127,), (127, 127), (127,), (127, 127), (127,), (127, 118), (118,), (118, 118), (118,), (118, 10), (10,)], 'train_accuracy': 0.10022, 'test_accuracy': 0.1003}} 
09-13 17:26 DEBUG    ****** PDM_KL matching ******** 
09-13 17:26 DEBUG    Best Sigma0: 0.5. Best sigma: 1 Best gamma: 10. Best Test accuracy: 0.1. Train acc: 0.1. 

09-13 17:26 DEBUG    PDM_KL log: {(0.5, 1, 10): {'shapes': [(3072, 460), (460,), (460, 127), (127,), (127, 127), (127,), (127, 127), (127,), (127, 127), (127,), (127, 118), (118,), (118, 10), (10,)], 'train_accuracy': 0.1, 'test_accuracy': 0.1}} 
09-13 18:17 DEBUG    ****** PDM_KL matching ******** 
09-13 18:17 DEBUG    Best Sigma0: 0.5. Best sigma: 1 Best gamma: 10. Best Test accuracy: 0.1. Train acc: 0.1. 

09-13 18:17 DEBUG    PDM_KL log: {(0.5, 1, 10): {'shapes': [(3072, 578), (578,), (578, 127), (127,), (127, 127), (127,), (127, 127), (127,), (127, 127), (127,), (127, 127), (127,), (127, 10), (10,)], 'train_accuracy': 0.1, 'test_accuracy': 0.1}} 
09-13 19:10 DEBUG    ****** PDM_KL matching ******** 
09-13 19:10 DEBUG    Best Sigma0: 0.5. Best sigma: 1 Best gamma: 10. Best Test accuracy: 0.1. Train acc: 0.1. 

09-13 19:10 DEBUG    PDM_KL log: {(0.5, 1, 10): {'shapes': [(3072, 566), (566,), (566, 127), (127,), (127, 127), (127,), (127, 127), (127,), (127, 136), (136,), (136, 127), (127,), (127, 10), (10,)], 'train_accuracy': 0.1, 'test_accuracy': 0.1}} 
09-13 20:04 DEBUG    ****** PDM_KL matching ******** 
09-13 20:04 DEBUG    Best Sigma0: 0.5. Best sigma: 1 Best gamma: 10. Best Test accuracy: 0.1. Train acc: 0.1. 

09-13 20:04 DEBUG    PDM_KL log: {(0.5, 1, 10): {'shapes': [(3072, 581), (581,), (581, 127), (127,), (127, 134), (134,), (134, 136), (136,), (136, 136), (136,), (136, 118), (118,), (118, 10), (10,)], 'train_accuracy': 0.1, 'test_accuracy': 0.1}} 
09-13 20:04 DEBUG    Trial 3 completed
09-13 20:04 DEBUG    ####################################################################################################
09-13 20:04 DEBUG    ####################################################################################################
09-13 20:04 DEBUG    Executing Trial 4 with seed 4
09-13 20:04 DEBUG    Data statistics: {0: {0: 493, 1: 510, 2: 503, 3: 481, 4: 493, 5: 486, 6: 511, 7: 523, 8: 478, 9: 522}, 1: {0: 540, 1: 517, 2: 471, 3: 504, 4: 472, 5: 518, 6: 509, 7: 490, 8: 482, 9: 497}, 2: {0: 488, 1: 490, 2: 482, 3: 472, 4: 540, 5: 512, 6: 512, 7: 501, 8: 519, 9: 484}, 3: {0: 532, 1: 502, 2: 528, 3: 484, 4: 490, 5: 477, 6: 569, 7: 488, 8: 466, 9: 464}, 4: {0: 475, 1: 525, 2: 514, 3: 524, 4: 516, 5: 509, 6: 467, 7: 494, 8: 487, 9: 489}, 5: {0: 512, 1: 476, 2: 518, 3: 534, 4: 464, 5: 516, 6: 458, 7: 488, 8: 538, 9: 496}, 6: {0: 471, 1: 503, 2: 487, 3: 516, 4: 493, 5: 509, 6: 500, 7: 508, 8: 497, 9: 516}, 7: {0: 518, 1: 472, 2: 488, 3: 487, 4: 525, 5: 494, 6: 479, 7: 506, 8: 501, 9: 530}, 8: {0: 494, 1: 497, 2: 489, 3: 491, 4: 514, 5: 507, 6: 476, 7: 519, 8: 524, 9: 489}, 9: {0: 477, 1: 508, 2: 520, 3: 507, 4: 493, 5: 472, 6: 519, 7: 483, 8: 508, 9: 513}}
09-13 20:08 DEBUG    **************************************************
09-13 20:08 DEBUG    Running experiments 

09-13 20:10 DEBUG    Uniform ensemble (Train acc): 0.201840
09-13 20:10 DEBUG    Uniform ensemble (Test acc): 0.200400
09-13 20:11 DEBUG    FedAvg (Train acc): 0.100000
09-13 20:11 DEBUG    FedAvg (Test acc): 0.100000
09-13 20:26 DEBUG    ****** PDM_KL matching ******** 
09-13 20:26 DEBUG    Best Sigma0: 0.5. Best sigma: 1 Best gamma: 10. Best Test accuracy: 0.1036. Train acc: 0.10324. 

09-13 20:26 DEBUG    PDM_KL log: {(0.5, 1, 10): {'shapes': [(3072, 250), (250,), (250, 118), (118,), (118, 118), (118,), (118, 118), (118,), (118, 118), (118,), (118, 118), (118,), (118, 10), (10,)], 'train_accuracy': 0.10324, 'test_accuracy': 0.1036}} 
09-13 20:56 DEBUG    ****** PDM_KL matching ******** 
09-13 20:56 DEBUG    Best Sigma0: 0.5. Best sigma: 1 Best gamma: 10. Best Test accuracy: 0.1013. Train acc: 0.10108. 

09-13 20:56 DEBUG    PDM_KL log: {(0.5, 1, 10): {'shapes': [(3072, 248), (248,), (248, 118), (118,), (118, 118), (118,), (118, 118), (118,), (118, 118), (118,), (118, 118), (118,), (118, 10), (10,)], 'train_accuracy': 0.10108, 'test_accuracy': 0.1013}} 
09-13 21:25 DEBUG    ****** PDM_KL matching ******** 
09-13 21:25 DEBUG    Best Sigma0: 0.5. Best sigma: 1 Best gamma: 10. Best Test accuracy: 0.1027. Train acc: 0.10272. 

09-13 21:25 DEBUG    PDM_KL log: {(0.5, 1, 10): {'shapes': [(3072, 257), (257,), (257, 118), (118,), (118, 118), (118,), (118, 118), (118,), (118, 118), (118,), (118, 118), (118,), (118, 10), (10,)], 'train_accuracy': 0.10272, 'test_accuracy': 0.1027}} 
09-13 21:55 DEBUG    ****** PDM_KL matching ******** 
09-13 21:55 DEBUG    Best Sigma0: 0.5. Best sigma: 1 Best gamma: 10. Best Test accuracy: 0.0993. Train acc: 0.0992. 

09-13 21:55 DEBUG    PDM_KL log: {(0.5, 1, 10): {'shapes': [(3072, 247), (247,), (247, 127), (127,), (127, 118), (118,), (118, 118), (118,), (118, 118), (118,), (118, 118), (118,), (118, 10), (10,)], 'train_accuracy': 0.0992, 'test_accuracy': 0.0993}} 
09-13 22:24 DEBUG    ****** PDM_KL matching ******** 
09-13 22:24 DEBUG    Best Sigma0: 0.5. Best sigma: 1 Best gamma: 10. Best Test accuracy: 0.1034. Train acc: 0.1034. 

09-13 22:24 DEBUG    PDM_KL log: {(0.5, 1, 10): {'shapes': [(3072, 256), (256,), (256, 118), (118,), (118, 127), (127,), (127, 118), (118,), (118, 118), (118,), (118, 118), (118,), (118, 10), (10,)], 'train_accuracy': 0.1034, 'test_accuracy': 0.1034}} 
09-13 22:54 DEBUG    ****** PDM_KL matching ******** 
09-13 22:54 DEBUG    Best Sigma0: 0.5. Best sigma: 1 Best gamma: 10. Best Test accuracy: 0.1025. Train acc: 0.10266. 

09-13 22:54 DEBUG    PDM_KL log: {(0.5, 1, 10): {'shapes': [(3072, 254), (254,), (254, 118), (118,), (118, 118), (118,), (118, 118), (118,), (118, 118), (118,), (118, 118), (118,), (118, 10), (10,)], 'train_accuracy': 0.10266, 'test_accuracy': 0.1025}} 
09-13 23:29 DEBUG    ****** PDM_KL matching ******** 
09-13 23:29 DEBUG    Best Sigma0: 0.5. Best sigma: 1 Best gamma: 10. Best Test accuracy: 0.0952. Train acc: 0.09472. 

09-13 23:29 DEBUG    PDM_KL log: {(0.5, 1, 10): {'shapes': [(3072, 321), (321,), (321, 118), (118,), (118, 118), (118,), (118, 118), (118,), (118, 127), (127,), (127, 118), (118,), (118, 10), (10,)], 'train_accuracy': 0.09472, 'test_accuracy': 0.0952}} 
09-14 00:16 DEBUG    ****** PDM_KL matching ******** 
09-14 00:16 DEBUG    Best Sigma0: 0.5. Best sigma: 1 Best gamma: 10. Best Test accuracy: 0.1. Train acc: 0.1. 

09-14 00:16 DEBUG    PDM_KL log: {(0.5, 1, 10): {'shapes': [(3072, 454), (454,), (454, 127), (127,), (127, 127), (127,), (127, 127), (127,), (127, 127), (127,), (127, 118), (118,), (118, 10), (10,)], 'train_accuracy': 0.1, 'test_accuracy': 0.1}} 
09-14 01:08 DEBUG    ****** PDM_KL matching ******** 
09-14 01:08 DEBUG    Best Sigma0: 0.5. Best sigma: 1 Best gamma: 10. Best Test accuracy: 0.1. Train acc: 0.1. 

09-14 01:08 DEBUG    PDM_KL log: {(0.5, 1, 10): {'shapes': [(3072, 579), (579,), (579, 127), (127,), (127, 127), (127,), (127, 127), (127,), (127, 127), (127,), (127, 127), (127,), (127, 10), (10,)], 'train_accuracy': 0.1, 'test_accuracy': 0.1}} 
09-14 01:59 DEBUG    ****** PDM_KL matching ******** 
09-14 01:59 DEBUG    Best Sigma0: 0.5. Best sigma: 1 Best gamma: 10. Best Test accuracy: 0.1. Train acc: 0.1. 

09-14 01:59 DEBUG    PDM_KL log: {(0.5, 1, 10): {'shapes': [(3072, 590), (590,), (590, 127), (127,), (127, 127), (127,), (127, 127), (127,), (127, 127), (127,), (127, 118), (118,), (118, 10), (10,)], 'train_accuracy': 0.1, 'test_accuracy': 0.1}} 
09-14 02:53 DEBUG    ****** PDM_KL matching ******** 
09-14 02:53 DEBUG    Best Sigma0: 0.5. Best sigma: 1 Best gamma: 10. Best Test accuracy: 0.1. Train acc: 0.1. 

09-14 02:53 DEBUG    PDM_KL log: {(0.5, 1, 10): {'shapes': [(3072, 607), (607,), (607, 127), (127,), (127, 127), (127,), (127, 127), (127,), (127, 127), (127,), (127, 118), (118,), (118, 10), (10,)], 'train_accuracy': 0.1, 'test_accuracy': 0.1}} 
09-14 02:53 DEBUG    Trial 4 completed
09-14 02:53 DEBUG    ####################################################################################################
09-14 02:53 DEBUG    ####################################################################################################
09-14 02:53 DEBUG    Executing Trial 5 with seed 5
09-14 02:54 DEBUG    Data statistics: {0: {0: 506, 1: 481, 2: 527, 3: 510, 4: 480, 5: 503, 6: 521, 7: 490, 8: 497, 9: 485}, 1: {0: 490, 1: 480, 2: 474, 3: 544, 4: 490, 5: 515, 6: 471, 7: 492, 8: 512, 9: 532}, 2: {0: 505, 1: 512, 2: 489, 3: 508, 4: 493, 5: 500, 6: 500, 7: 467, 8: 510, 9: 516}, 3: {0: 470, 1: 509, 2: 507, 3: 490, 4: 510, 5: 485, 6: 495, 7: 537, 8: 511, 9: 486}, 4: {0: 521, 1: 509, 2: 461, 3: 504, 4: 533, 5: 475, 6: 501, 7: 516, 8: 493, 9: 487}, 5: {0: 553, 1: 501, 2: 514, 3: 461, 4: 516, 5: 522, 6: 476, 7: 508, 8: 473, 9: 476}, 6: {0: 515, 1: 505, 2: 504, 3: 477, 4: 491, 5: 503, 6: 506, 7: 485, 8: 477, 9: 537}, 7: {0: 479, 1: 494, 2: 525, 3: 488, 4: 488, 5: 504, 6: 543, 7: 509, 8: 506, 9: 464}, 8: {0: 450, 1: 502, 2: 468, 3: 521, 4: 484, 5: 508, 6: 509, 7: 513, 8: 528, 9: 517}, 9: {0: 511, 1: 507, 2: 531, 3: 497, 4: 515, 5: 485, 6: 478, 7: 483, 8: 493, 9: 500}}
09-14 02:58 DEBUG    **************************************************
09-14 02:58 DEBUG    Running experiments 

09-14 03:00 DEBUG    Uniform ensemble (Train acc): 0.219980
09-14 03:00 DEBUG    Uniform ensemble (Test acc): 0.215800
09-14 03:01 DEBUG    FedAvg (Train acc): 0.100000
09-14 03:01 DEBUG    FedAvg (Test acc): 0.100000
09-14 03:16 DEBUG    ****** PDM_KL matching ******** 
09-14 03:16 DEBUG    Best Sigma0: 0.5. Best sigma: 1 Best gamma: 10. Best Test accuracy: 0.1004. Train acc: 0.10002. 

09-14 03:16 DEBUG    PDM_KL log: {(0.5, 1, 10): {'shapes': [(3072, 245), (245,), (245, 127), (127,), (127, 118), (118,), (118, 118), (118,), (118, 118), (118,), (118, 118), (118,), (118, 10), (10,)], 'train_accuracy': 0.10002, 'test_accuracy': 0.1004}} 
09-14 03:46 DEBUG    ****** PDM_KL matching ******** 
09-14 03:46 DEBUG    Best Sigma0: 0.5. Best sigma: 1 Best gamma: 10. Best Test accuracy: 0.1. Train acc: 0.10002. 

09-14 03:46 DEBUG    PDM_KL log: {(0.5, 1, 10): {'shapes': [(3072, 245), (245,), (245, 118), (118,), (118, 118), (118,), (118, 118), (118,), (118, 118), (118,), (118, 118), (118,), (118, 10), (10,)], 'train_accuracy': 0.10002, 'test_accuracy': 0.1}} 
09-14 04:14 DEBUG    ****** PDM_KL matching ******** 
09-14 04:14 DEBUG    Best Sigma0: 0.5. Best sigma: 1 Best gamma: 10. Best Test accuracy: 0.1. Train acc: 0.10004. 

09-14 04:14 DEBUG    PDM_KL log: {(0.5, 1, 10): {'shapes': [(3072, 246), (246,), (246, 118), (118,), (118, 118), (118,), (118, 118), (118,), (118, 118), (118,), (118, 118), (118,), (118, 10), (10,)], 'train_accuracy': 0.10004, 'test_accuracy': 0.1}} 
09-14 04:45 DEBUG    ****** PDM_KL matching ******** 
09-14 04:45 DEBUG    Best Sigma0: 0.5. Best sigma: 1 Best gamma: 10. Best Test accuracy: 0.1. Train acc: 0.10004. 

09-14 04:45 DEBUG    PDM_KL log: {(0.5, 1, 10): {'shapes': [(3072, 244), (244,), (244, 118), (118,), (118, 127), (127,), (127, 118), (118,), (118, 118), (118,), (118, 118), (118,), (118, 10), (10,)], 'train_accuracy': 0.10004, 'test_accuracy': 0.1}} 
09-14 05:11 DEBUG    ****** PDM_KL matching ******** 
09-14 05:11 DEBUG    Best Sigma0: 0.5. Best sigma: 1 Best gamma: 10. Best Test accuracy: 0.1001. Train acc: 0.10006. 

09-14 05:11 DEBUG    PDM_KL log: {(0.5, 1, 10): {'shapes': [(3072, 247), (247,), (247, 118), (118,), (118, 118), (118,), (118, 118), (118,), (118, 118), (118,), (118, 118), (118,), (118, 10), (10,)], 'train_accuracy': 0.10006, 'test_accuracy': 0.1001}} 
09-14 05:43 DEBUG    ****** PDM_KL matching ******** 
09-14 05:43 DEBUG    Best Sigma0: 0.5. Best sigma: 1 Best gamma: 10. Best Test accuracy: 0.1055. Train acc: 0.10484. 

09-14 05:43 DEBUG    PDM_KL log: {(0.5, 1, 10): {'shapes': [(3072, 252), (252,), (252, 118), (118,), (118, 118), (118,), (118, 118), (118,), (118, 118), (118,), (118, 118), (118,), (118, 10), (10,)], 'train_accuracy': 0.10484, 'test_accuracy': 0.1055}} 
09-14 06:16 DEBUG    ****** PDM_KL matching ******** 
09-14 06:16 DEBUG    Best Sigma0: 0.5. Best sigma: 1 Best gamma: 10. Best Test accuracy: 0.1014. Train acc: 0.10074. 

09-14 06:16 DEBUG    PDM_KL log: {(0.5, 1, 10): {'shapes': [(3072, 311), (311,), (311, 127), (127,), (127, 127), (127,), (127, 127), (127,), (127, 118), (118,), (118, 118), (118,), (118, 10), (10,)], 'train_accuracy': 0.10074, 'test_accuracy': 0.1014}} 
09-14 07:06 DEBUG    ****** PDM_KL matching ******** 
09-14 07:06 DEBUG    Best Sigma0: 0.5. Best sigma: 1 Best gamma: 10. Best Test accuracy: 0.1. Train acc: 0.1. 

09-14 07:06 DEBUG    PDM_KL log: {(0.5, 1, 10): {'shapes': [(3072, 458), (458,), (458, 127), (127,), (127, 127), (127,), (127, 127), (127,), (127, 127), (127,), (127, 118), (118,), (118, 10), (10,)], 'train_accuracy': 0.1, 'test_accuracy': 0.1}} 
09-14 07:55 DEBUG    ****** PDM_KL matching ******** 
09-14 07:55 DEBUG    Best Sigma0: 0.5. Best sigma: 1 Best gamma: 10. Best Test accuracy: 0.1. Train acc: 0.1. 

09-14 07:55 DEBUG    PDM_KL log: {(0.5, 1, 10): {'shapes': [(3072, 573), (573,), (573, 127), (127,), (127, 127), (127,), (127, 127), (127,), (127, 127), (127,), (127, 127), (127,), (127, 10), (10,)], 'train_accuracy': 0.1, 'test_accuracy': 0.1}} 
09-14 08:47 DEBUG    ****** PDM_KL matching ******** 
09-14 08:47 DEBUG    Best Sigma0: 0.5. Best sigma: 1 Best gamma: 10. Best Test accuracy: 0.1. Train acc: 0.1. 

09-14 08:47 DEBUG    PDM_KL log: {(0.5, 1, 10): {'shapes': [(3072, 593), (593,), (593, 127), (127,), (127, 136), (136,), (136, 136), (136,), (136, 136), (136,), (136, 118), (118,), (118, 10), (10,)], 'train_accuracy': 0.1, 'test_accuracy': 0.1}} 
09-14 09:42 DEBUG    ****** PDM_KL matching ******** 
09-14 09:42 DEBUG    Best Sigma0: 0.5. Best sigma: 1 Best gamma: 10. Best Test accuracy: 0.1. Train acc: 0.1. 

09-14 09:42 DEBUG    PDM_KL log: {(0.5, 1, 10): {'shapes': [(3072, 614), (614,), (614, 136), (136,), (136, 136), (136,), (136, 136), (136,), (136, 136), (136,), (136, 127), (127,), (127, 10), (10,)], 'train_accuracy': 0.1, 'test_accuracy': 0.1}} 
09-14 09:42 DEBUG    Trial 5 completed
09-14 09:42 DEBUG    ####################################################################################################
09-14 09:42 DEBUG    ####################################################################################################
09-14 09:42 DEBUG    Executing Trial 6 with seed 6
09-14 09:42 DEBUG    Data statistics: {0: {0: 525, 1: 492, 2: 476, 3: 486, 4: 508, 5: 495, 6: 524, 7: 481, 8: 510, 9: 503}, 1: {0: 492, 1: 515, 2: 471, 3: 507, 4: 523, 5: 503, 6: 486, 7: 482, 8: 510, 9: 511}, 2: {0: 513, 1: 485, 2: 481, 3: 511, 4: 480, 5: 511, 6: 512, 7: 479, 8: 516, 9: 512}, 3: {0: 467, 1: 473, 2: 526, 3: 496, 4: 514, 5: 514, 6: 469, 7: 513, 8: 520, 9: 508}, 4: {0: 500, 1: 492, 2: 499, 3: 519, 4: 534, 5: 460, 6: 525, 7: 485, 8: 514, 9: 472}, 5: {0: 508, 1: 492, 2: 507, 3: 512, 4: 466, 5: 513, 6: 523, 7: 492, 8: 494, 9: 493}, 6: {0: 468, 1: 508, 2: 533, 3: 506, 4: 439, 5: 510, 6: 510, 7: 519, 8: 501, 9: 506}, 7: {0: 540, 1: 511, 2: 499, 3: 452, 4: 508, 5: 501, 6: 464, 7: 529, 8: 474, 9: 522}, 8: {0: 497, 1: 497, 2: 496, 3: 517, 4: 511, 5: 497, 6: 493, 7: 509, 8: 497, 9: 486}, 9: {0: 490, 1: 535, 2: 512, 3: 494, 4: 517, 5: 496, 6: 494, 7: 511, 8: 464, 9: 487}}
09-14 09:47 DEBUG    **************************************************
09-14 09:47 DEBUG    Running experiments 

09-14 09:49 DEBUG    Uniform ensemble (Train acc): 0.229900
09-14 09:49 DEBUG    Uniform ensemble (Test acc): 0.227400
09-14 09:49 DEBUG    FedAvg (Train acc): 0.100000
09-14 09:49 DEBUG    FedAvg (Test acc): 0.100000
09-14 10:06 DEBUG    ****** PDM_KL matching ******** 
09-14 10:06 DEBUG    Best Sigma0: 0.5. Best sigma: 1 Best gamma: 10. Best Test accuracy: 0.1. Train acc: 0.1. 

09-14 10:06 DEBUG    PDM_KL log: {(0.5, 1, 10): {'shapes': [(3072, 247), (247,), (247, 127), (127,), (127, 118), (118,), (118, 118), (118,), (118, 118), (118,), (118, 118), (118,), (118, 10), (10,)], 'train_accuracy': 0.1, 'test_accuracy': 0.1}} 
09-14 10:36 DEBUG    ****** PDM_KL matching ******** 
09-14 10:36 DEBUG    Best Sigma0: 0.5. Best sigma: 1 Best gamma: 10. Best Test accuracy: 0.0945. Train acc: 0.09492. 

09-14 10:36 DEBUG    PDM_KL log: {(0.5, 1, 10): {'shapes': [(3072, 250), (250,), (250, 127), (127,), (127, 118), (118,), (118, 118), (118,), (118, 118), (118,), (118, 118), (118,), (118, 10), (10,)], 'train_accuracy': 0.09492, 'test_accuracy': 0.0945}} 
09-14 11:06 DEBUG    ****** PDM_KL matching ******** 
09-14 11:06 DEBUG    Best Sigma0: 0.5. Best sigma: 1 Best gamma: 10. Best Test accuracy: 0.1. Train acc: 0.1. 

09-14 11:06 DEBUG    PDM_KL log: {(0.5, 1, 10): {'shapes': [(3072, 249), (249,), (249, 127), (127,), (127, 118), (118,), (118, 118), (118,), (118, 118), (118,), (118, 118), (118,), (118, 10), (10,)], 'train_accuracy': 0.1, 'test_accuracy': 0.1}} 
09-14 11:35 DEBUG    ****** PDM_KL matching ******** 
09-14 11:35 DEBUG    Best Sigma0: 0.5. Best sigma: 1 Best gamma: 10. Best Test accuracy: 0.1. Train acc: 0.1. 

09-14 11:35 DEBUG    PDM_KL log: {(0.5, 1, 10): {'shapes': [(3072, 253), (253,), (253, 127), (127,), (127, 118), (118,), (118, 118), (118,), (118, 118), (118,), (118, 118), (118,), (118, 10), (10,)], 'train_accuracy': 0.1, 'test_accuracy': 0.1}} 
09-14 12:05 DEBUG    ****** PDM_KL matching ******** 
09-14 12:05 DEBUG    Best Sigma0: 0.5. Best sigma: 1 Best gamma: 10. Best Test accuracy: 0.1. Train acc: 0.1. 

09-14 12:05 DEBUG    PDM_KL log: {(0.5, 1, 10): {'shapes': [(3072, 249), (249,), (249, 118), (118,), (118, 127), (127,), (127, 127), (127,), (127, 118), (118,), (118, 118), (118,), (118, 10), (10,)], 'train_accuracy': 0.1, 'test_accuracy': 0.1}} 
09-14 12:33 DEBUG    ****** PDM_KL matching ******** 
09-14 12:33 DEBUG    Best Sigma0: 0.5. Best sigma: 1 Best gamma: 10. Best Test accuracy: 0.1029. Train acc: 0.10162. 

09-14 12:33 DEBUG    PDM_KL log: {(0.5, 1, 10): {'shapes': [(3072, 252), (252,), (252, 118), (118,), (118, 118), (118,), (118, 118), (118,), (118, 127), (127,), (127, 118), (118,), (118, 10), (10,)], 'train_accuracy': 0.10162, 'test_accuracy': 0.1029}} 
09-14 13:07 DEBUG    ****** PDM_KL matching ******** 
09-14 13:07 DEBUG    Best Sigma0: 0.5. Best sigma: 1 Best gamma: 10. Best Test accuracy: 0.1001. Train acc: 0.1. 

09-14 13:07 DEBUG    PDM_KL log: {(0.5, 1, 10): {'shapes': [(3072, 316), (316,), (316, 127), (127,), (127, 127), (127,), (127, 127), (127,), (127, 127), (127,), (127, 118), (118,), (118, 10), (10,)], 'train_accuracy': 0.1, 'test_accuracy': 0.1001}} 
09-14 13:55 DEBUG    ****** PDM_KL matching ******** 
09-14 13:55 DEBUG    Best Sigma0: 0.5. Best sigma: 1 Best gamma: 10. Best Test accuracy: 0.1036. Train acc: 0.1034. 

09-14 13:55 DEBUG    PDM_KL log: {(0.5, 1, 10): {'shapes': [(3072, 436), (436,), (436, 127), (127,), (127, 127), (127,), (127, 127), (127,), (127, 127), (127,), (127, 118), (118,), (118, 10), (10,)], 'train_accuracy': 0.1034, 'test_accuracy': 0.1036}} 
09-14 14:42 DEBUG    ****** PDM_KL matching ******** 
09-14 14:42 DEBUG    Best Sigma0: 0.5. Best sigma: 1 Best gamma: 10. Best Test accuracy: 0.1. Train acc: 0.1. 

09-14 14:42 DEBUG    PDM_KL log: {(0.5, 1, 10): {'shapes': [(3072, 544), (544,), (544, 127), (127,), (127, 127), (127,), (127, 127), (127,), (127, 127), (127,), (127, 127), (127,), (127, 10), (10,)], 'train_accuracy': 0.1, 'test_accuracy': 0.1}} 
09-14 15:32 DEBUG    ****** PDM_KL matching ******** 
09-14 15:32 DEBUG    Best Sigma0: 0.5. Best sigma: 1 Best gamma: 10. Best Test accuracy: 0.1. Train acc: 0.1. 

09-14 15:32 DEBUG    PDM_KL log: {(0.5, 1, 10): {'shapes': [(3072, 573), (573,), (573, 127), (127,), (127, 127), (127,), (127, 127), (127,), (127, 127), (127,), (127, 127), (127,), (127, 10), (10,)], 'train_accuracy': 0.1, 'test_accuracy': 0.1}} 
09-14 16:27 DEBUG    ****** PDM_KL matching ******** 
09-14 16:27 DEBUG    Best Sigma0: 0.5. Best sigma: 1 Best gamma: 10. Best Test accuracy: 0.1. Train acc: 0.1. 

09-14 16:27 DEBUG    PDM_KL log: {(0.5, 1, 10): {'shapes': [(3072, 615), (615,), (615, 127), (127,), (127, 127), (127,), (127, 127), (127,), (127, 127), (127,), (127, 118), (118,), (118, 10), (10,)], 'train_accuracy': 0.1, 'test_accuracy': 0.1}} 
09-14 16:27 DEBUG    Trial 6 completed
09-14 16:27 DEBUG    ####################################################################################################
09-14 16:27 DEBUG    ####################################################################################################
09-14 16:27 DEBUG    Executing Trial 7 with seed 7
09-14 16:27 DEBUG    Data statistics: {0: {0: 482, 1: 521, 2: 535, 3: 522, 4: 467, 5: 501, 6: 526, 7: 471, 8: 489, 9: 486}, 1: {0: 527, 1: 478, 2: 478, 3: 525, 4: 507, 5: 463, 6: 507, 7: 499, 8: 520, 9: 496}, 2: {0: 489, 1: 470, 2: 493, 3: 474, 4: 505, 5: 539, 6: 476, 7: 516, 8: 519, 9: 519}, 3: {0: 489, 1: 489, 2: 485, 3: 519, 4: 474, 5: 505, 6: 483, 7: 517, 8: 515, 9: 524}, 4: {0: 516, 1: 492, 2: 514, 3: 501, 4: 490, 5: 513, 6: 497, 7: 486, 8: 500, 9: 491}, 5: {0: 507, 1: 511, 2: 508, 3: 489, 4: 512, 5: 491, 6: 462, 7: 498, 8: 503, 9: 519}, 6: {0: 487, 1: 497, 2: 481, 3: 477, 4: 494, 5: 531, 6: 534, 7: 484, 8: 539, 9: 476}, 7: {0: 512, 1: 497, 2: 493, 3: 496, 4: 537, 5: 462, 6: 510, 7: 562, 8: 460, 9: 471}, 8: {0: 527, 1: 536, 2: 509, 3: 474, 4: 504, 5: 500, 6: 486, 7: 464, 8: 468, 9: 532}, 9: {0: 464, 1: 509, 2: 504, 3: 523, 4: 510, 5: 495, 6: 519, 7: 503, 8: 487, 9: 486}}
09-14 16:31 DEBUG    **************************************************
09-14 16:31 DEBUG    Running experiments 

09-14 16:33 DEBUG    Uniform ensemble (Train acc): 0.211380
09-14 16:33 DEBUG    Uniform ensemble (Test acc): 0.208600
09-14 16:34 DEBUG    FedAvg (Train acc): 0.100000
09-14 16:34 DEBUG    FedAvg (Test acc): 0.100000
09-14 16:52 DEBUG    ****** PDM_KL matching ******** 
09-14 16:52 DEBUG    Best Sigma0: 0.5. Best sigma: 1 Best gamma: 10. Best Test accuracy: 0.1123. Train acc: 0.11068. 

09-14 16:52 DEBUG    PDM_KL log: {(0.5, 1, 10): {'shapes': [(3072, 254), (254,), (254, 118), (118,), (118, 118), (118,), (118, 118), (118,), (118, 118), (118,), (118, 118), (118,), (118, 10), (10,)], 'train_accuracy': 0.11068, 'test_accuracy': 0.1123}} 
09-14 17:21 DEBUG    ****** PDM_KL matching ******** 
09-14 17:21 DEBUG    Best Sigma0: 0.5. Best sigma: 1 Best gamma: 10. Best Test accuracy: 0.1029. Train acc: 0.10176. 

09-14 17:21 DEBUG    PDM_KL log: {(0.5, 1, 10): {'shapes': [(3072, 256), (256,), (256, 127), (127,), (127, 127), (127,), (127, 118), (118,), (118, 118), (118,), (118, 118), (118,), (118, 10), (10,)], 'train_accuracy': 0.10176, 'test_accuracy': 0.1029}} 
09-14 17:49 DEBUG    ****** PDM_KL matching ******** 
09-14 17:49 DEBUG    Best Sigma0: 0.5. Best sigma: 1 Best gamma: 10. Best Test accuracy: 0.1062. Train acc: 0.1052. 

09-14 17:49 DEBUG    PDM_KL log: {(0.5, 1, 10): {'shapes': [(3072, 256), (256,), (256, 118), (118,), (118, 127), (127,), (127, 118), (118,), (118, 127), (127,), (127, 118), (118,), (118, 10), (10,)], 'train_accuracy': 0.1052, 'test_accuracy': 0.1062}} 
09-14 18:19 DEBUG    ****** PDM_KL matching ******** 
09-14 18:19 DEBUG    Best Sigma0: 0.5. Best sigma: 1 Best gamma: 10. Best Test accuracy: 0.1005. Train acc: 0.10004. 

09-14 18:19 DEBUG    PDM_KL log: {(0.5, 1, 10): {'shapes': [(3072, 259), (259,), (259, 118), (118,), (118, 118), (118,), (118, 118), (118,), (118, 118), (118,), (118, 118), (118,), (118, 10), (10,)], 'train_accuracy': 0.10004, 'test_accuracy': 0.1005}} 
09-14 18:44 DEBUG    ****** PDM_KL matching ******** 
09-14 18:44 DEBUG    Best Sigma0: 0.5. Best sigma: 1 Best gamma: 10. Best Test accuracy: 0.1079. Train acc: 0.107. 

09-14 18:44 DEBUG    PDM_KL log: {(0.5, 1, 10): {'shapes': [(3072, 254), (254,), (254, 127), (127,), (127, 118), (118,), (118, 118), (118,), (118, 127), (127,), (127, 118), (118,), (118, 10), (10,)], 'train_accuracy': 0.107, 'test_accuracy': 0.1079}} 
09-14 19:14 DEBUG    ****** PDM_KL matching ******** 
09-14 19:14 DEBUG    Best Sigma0: 0.5. Best sigma: 1 Best gamma: 10. Best Test accuracy: 0.1181. Train acc: 0.11634. 

09-14 19:14 DEBUG    PDM_KL log: {(0.5, 1, 10): {'shapes': [(3072, 264), (264,), (264, 118), (118,), (118, 118), (118,), (118, 118), (118,), (118, 127), (127,), (127, 118), (118,), (118, 10), (10,)], 'train_accuracy': 0.11634, 'test_accuracy': 0.1181}} 
09-14 19:48 DEBUG    ****** PDM_KL matching ******** 
09-14 19:48 DEBUG    Best Sigma0: 0.5. Best sigma: 1 Best gamma: 10. Best Test accuracy: 0.108. Train acc: 0.10594. 

09-14 19:48 DEBUG    PDM_KL log: {(0.5, 1, 10): {'shapes': [(3072, 311), (311,), (311, 127), (127,), (127, 127), (127,), (127, 118), (118,), (118, 127), (127,), (127, 118), (118,), (118, 10), (10,)], 'train_accuracy': 0.10594, 'test_accuracy': 0.108}} 
09-14 20:34 DEBUG    ****** PDM_KL matching ******** 
09-14 20:34 DEBUG    Best Sigma0: 0.5. Best sigma: 1 Best gamma: 10. Best Test accuracy: 0.1. Train acc: 0.1. 

09-14 20:34 DEBUG    PDM_KL log: {(0.5, 1, 10): {'shapes': [(3072, 459), (459,), (459, 127), (127,), (127, 127), (127,), (127, 127), (127,), (127, 127), (127,), (127, 118), (118,), (118, 10), (10,)], 'train_accuracy': 0.1, 'test_accuracy': 0.1}} 
09-14 21:19 DEBUG    ****** PDM_KL matching ******** 
09-14 21:19 DEBUG    Best Sigma0: 0.5. Best sigma: 1 Best gamma: 10. Best Test accuracy: 0.1. Train acc: 0.1. 

09-14 21:19 DEBUG    PDM_KL log: {(0.5, 1, 10): {'shapes': [(3072, 555), (555,), (555, 127), (127,), (127, 127), (127,), (127, 127), (127,), (127, 127), (127,), (127, 127), (127,), (127, 10), (10,)], 'train_accuracy': 0.1, 'test_accuracy': 0.1}} 
09-14 22:07 DEBUG    ****** PDM_KL matching ******** 
09-14 22:07 DEBUG    Best Sigma0: 0.5. Best sigma: 1 Best gamma: 10. Best Test accuracy: 0.1. Train acc: 0.1. 

09-14 22:07 DEBUG    PDM_KL log: {(0.5, 1, 10): {'shapes': [(3072, 543), (543,), (543, 127), (127,), (127, 127), (127,), (127, 127), (127,), (127, 127), (127,), (127, 118), (118,), (118, 10), (10,)], 'train_accuracy': 0.1, 'test_accuracy': 0.1}} 
09-14 23:03 DEBUG    ****** PDM_KL matching ******** 
09-14 23:03 DEBUG    Best Sigma0: 0.5. Best sigma: 1 Best gamma: 10. Best Test accuracy: 0.1. Train acc: 0.1. 

09-14 23:03 DEBUG    PDM_KL log: {(0.5, 1, 10): {'shapes': [(3072, 570), (570,), (570, 127), (127,), (127, 127), (127,), (127, 127), (127,), (127, 127), (127,), (127, 118), (118,), (118, 10), (10,)], 'train_accuracy': 0.1, 'test_accuracy': 0.1}} 
09-14 23:03 DEBUG    Trial 7 completed
09-14 23:03 DEBUG    ####################################################################################################
09-14 23:03 DEBUG    ####################################################################################################
09-14 23:03 DEBUG    Executing Trial 8 with seed 8
09-14 23:03 DEBUG    Data statistics: {0: {0: 518, 1: 496, 2: 490, 3: 514, 4: 513, 5: 507, 6: 510, 7: 462, 8: 461, 9: 529}, 1: {0: 522, 1: 510, 2: 503, 3: 490, 4: 501, 5: 481, 6: 522, 7: 496, 8: 471, 9: 504}, 2: {0: 475, 1: 498, 2: 474, 3: 476, 4: 493, 5: 531, 6: 504, 7: 508, 8: 526, 9: 515}, 3: {0: 491, 1: 516, 2: 505, 3: 501, 4: 508, 5: 499, 6: 480, 7: 486, 8: 519, 9: 495}, 4: {0: 501, 1: 463, 2: 496, 3: 496, 4: 519, 5: 487, 6: 482, 7: 543, 8: 536, 9: 477}, 5: {0: 475, 1: 502, 2: 493, 3: 483, 4: 512, 5: 511, 6: 521, 7: 468, 8: 501, 9: 534}, 6: {0: 492, 1: 517, 2: 530, 3: 502, 4: 509, 5: 480, 6: 493, 7: 488, 8: 499, 9: 490}, 7: {0: 486, 1: 501, 2: 518, 3: 524, 4: 484, 5: 491, 6: 489, 7: 507, 8: 530, 9: 470}, 8: {0: 509, 1: 511, 2: 467, 3: 503, 4: 495, 5: 509, 6: 513, 7: 516, 8: 465, 9: 512}, 9: {0: 531, 1: 486, 2: 524, 3: 511, 4: 466, 5: 504, 6: 486, 7: 526, 8: 492, 9: 474}}
09-14 23:07 DEBUG    **************************************************
09-14 23:07 DEBUG    Running experiments 

09-14 23:09 DEBUG    Uniform ensemble (Train acc): 0.205720
09-14 23:09 DEBUG    Uniform ensemble (Test acc): 0.204700
09-14 23:10 DEBUG    FedAvg (Train acc): 0.100000
09-14 23:10 DEBUG    FedAvg (Test acc): 0.100000
09-14 23:25 DEBUG    ****** PDM_KL matching ******** 
09-14 23:25 DEBUG    Best Sigma0: 0.5. Best sigma: 1 Best gamma: 10. Best Test accuracy: 0.0995. Train acc: 0.09946. 

09-14 23:25 DEBUG    PDM_KL log: {(0.5, 1, 10): {'shapes': [(3072, 244), (244,), (244, 127), (127,), (127, 118), (118,), (118, 127), (127,), (127, 118), (118,), (118, 118), (118,), (118, 10), (10,)], 'train_accuracy': 0.09946, 'test_accuracy': 0.0995}} 
09-14 23:47 DEBUG    ****** PDM_KL matching ******** 
09-14 23:47 DEBUG    Best Sigma0: 0.5. Best sigma: 1 Best gamma: 10. Best Test accuracy: 0.0988. Train acc: 0.09932. 

09-14 23:47 DEBUG    PDM_KL log: {(0.5, 1, 10): {'shapes': [(3072, 241), (241,), (241, 118), (118,), (118, 118), (118,), (118, 118), (118,), (118, 118), (118,), (118, 118), (118,), (118, 10), (10,)], 'train_accuracy': 0.09932, 'test_accuracy': 0.0988}} 
09-15 00:10 DEBUG    ****** PDM_KL matching ******** 
09-15 00:10 DEBUG    Best Sigma0: 0.5. Best sigma: 1 Best gamma: 10. Best Test accuracy: 0.0988. Train acc: 0.0994. 

09-15 00:10 DEBUG    PDM_KL log: {(0.5, 1, 10): {'shapes': [(3072, 242), (242,), (242, 118), (118,), (118, 118), (118,), (118, 118), (118,), (118, 118), (118,), (118, 118), (118,), (118, 10), (10,)], 'train_accuracy': 0.0994, 'test_accuracy': 0.0988}} 
09-15 00:31 DEBUG    ****** PDM_KL matching ******** 
09-15 00:31 DEBUG    Best Sigma0: 0.5. Best sigma: 1 Best gamma: 10. Best Test accuracy: 0.0995. Train acc: 0.09922. 

09-15 00:31 DEBUG    PDM_KL log: {(0.5, 1, 10): {'shapes': [(3072, 245), (245,), (245, 118), (118,), (118, 118), (118,), (118, 118), (118,), (118, 118), (118,), (118, 118), (118,), (118, 10), (10,)], 'train_accuracy': 0.09922, 'test_accuracy': 0.0995}} 
09-15 00:55 DEBUG    ****** PDM_KL matching ******** 
09-15 00:55 DEBUG    Best Sigma0: 0.5. Best sigma: 1 Best gamma: 10. Best Test accuracy: 0.1002. Train acc: 0.1. 

09-15 00:55 DEBUG    PDM_KL log: {(0.5, 1, 10): {'shapes': [(3072, 249), (249,), (249, 118), (118,), (118, 118), (118,), (118, 118), (118,), (118, 118), (118,), (118, 118), (118,), (118, 10), (10,)], 'train_accuracy': 0.1, 'test_accuracy': 0.1002}} 
09-15 01:16 DEBUG    ****** PDM_KL matching ******** 
09-15 01:16 DEBUG    Best Sigma0: 0.5. Best sigma: 1 Best gamma: 10. Best Test accuracy: 0.1014. Train acc: 0.10054. 

09-15 01:16 DEBUG    PDM_KL log: {(0.5, 1, 10): {'shapes': [(3072, 247), (247,), (247, 127), (127,), (127, 118), (118,), (118, 118), (118,), (118, 118), (118,), (118, 118), (118,), (118, 10), (10,)], 'train_accuracy': 0.10054, 'test_accuracy': 0.1014}} 
09-15 01:41 DEBUG    ****** PDM_KL matching ******** 
09-15 01:41 DEBUG    Best Sigma0: 0.5. Best sigma: 1 Best gamma: 10. Best Test accuracy: 0.1111. Train acc: 0.11194. 

09-15 01:41 DEBUG    PDM_KL log: {(0.5, 1, 10): {'shapes': [(3072, 305), (305,), (305, 127), (127,), (127, 127), (127,), (127, 127), (127,), (127, 127), (127,), (127, 118), (118,), (118, 10), (10,)], 'train_accuracy': 0.11194, 'test_accuracy': 0.1111}} 
09-15 02:17 DEBUG    ****** PDM_KL matching ******** 
09-15 02:17 DEBUG    Best Sigma0: 0.5. Best sigma: 1 Best gamma: 10. Best Test accuracy: 0.1. Train acc: 0.1. 

09-15 02:17 DEBUG    PDM_KL log: {(0.5, 1, 10): {'shapes': [(3072, 439), (439,), (439, 127), (127,), (127, 127), (127,), (127, 127), (127,), (127, 127), (127,), (127, 118), (118,), (118, 10), (10,)], 'train_accuracy': 0.1, 'test_accuracy': 0.1}} 
09-15 02:55 DEBUG    ****** PDM_KL matching ******** 
09-15 02:55 DEBUG    Best Sigma0: 0.5. Best sigma: 1 Best gamma: 10. Best Test accuracy: 0.1. Train acc: 0.1. 

09-15 02:55 DEBUG    PDM_KL log: {(0.5, 1, 10): {'shapes': [(3072, 567), (567,), (567, 127), (127,), (127, 127), (127,), (127, 127), (127,), (127, 127), (127,), (127, 127), (127,), (127, 10), (10,)], 'train_accuracy': 0.1, 'test_accuracy': 0.1}} 
09-15 03:29 DEBUG    ****** PDM_KL matching ******** 
09-15 03:29 DEBUG    Best Sigma0: 0.5. Best sigma: 1 Best gamma: 10. Best Test accuracy: 0.1. Train acc: 0.1. 

09-15 03:29 DEBUG    PDM_KL log: {(0.5, 1, 10): {'shapes': [(3072, 592), (592,), (592, 127), (127,), (127, 127), (127,), (127, 136), (136,), (136, 136), (136,), (136, 118), (118,), (118, 10), (10,)], 'train_accuracy': 0.1, 'test_accuracy': 0.1}} 
09-15 03:58 DEBUG    ****** PDM_KL matching ******** 
09-15 03:58 DEBUG    Best Sigma0: 0.5. Best sigma: 1 Best gamma: 10. Best Test accuracy: 0.1. Train acc: 0.1. 

09-15 03:58 DEBUG    PDM_KL log: {(0.5, 1, 10): {'shapes': [(3072, 626), (626,), (626, 136), (136,), (136, 136), (136,), (136, 136), (136,), (136, 136), (136,), (136, 127), (127,), (127, 10), (10,)], 'train_accuracy': 0.1, 'test_accuracy': 0.1}} 
09-15 03:58 DEBUG    Trial 8 completed
09-15 03:58 DEBUG    ####################################################################################################
09-15 03:58 DEBUG    ####################################################################################################
09-15 03:58 DEBUG    Executing Trial 9 with seed 9
09-15 03:58 DEBUG    Data statistics: {0: {0: 490, 1: 482, 2: 496, 3: 501, 4: 516, 5: 513, 6: 508, 7: 486, 8: 504, 9: 504}, 1: {0: 513, 1: 502, 2: 507, 3: 476, 4: 496, 5: 476, 6: 494, 7: 502, 8: 507, 9: 527}, 2: {0: 522, 1: 476, 2: 517, 3: 485, 4: 499, 5: 500, 6: 520, 7: 481, 8: 499, 9: 501}, 3: {0: 496, 1: 502, 2: 519, 3: 490, 4: 472, 5: 502, 6: 500, 7: 536, 8: 496, 9: 487}, 4: {0: 507, 1: 522, 2: 514, 3: 506, 4: 531, 5: 481, 6: 497, 7: 507, 8: 465, 9: 470}, 5: {0: 497, 1: 510, 2: 499, 3: 467, 4: 539, 5: 520, 6: 494, 7: 468, 8: 484, 9: 522}, 6: {0: 478, 1: 569, 2: 478, 3: 535, 4: 485, 5: 492, 6: 487, 7: 498, 8: 510, 9: 468}, 7: {0: 486, 1: 459, 2: 494, 3: 516, 4: 492, 5: 497, 6: 510, 7: 517, 8: 524, 9: 505}, 8: {0: 511, 1: 495, 2: 478, 3: 538, 4: 463, 5: 513, 6: 470, 7: 511, 8: 499, 9: 522}, 9: {0: 500, 1: 483, 2: 498, 3: 486, 4: 507, 5: 506, 6: 520, 7: 494, 8: 512, 9: 494}}
09-15 04:00 DEBUG    **************************************************
09-15 04:00 DEBUG    Running experiments 

09-15 04:01 DEBUG    Uniform ensemble (Train acc): 0.219920
09-15 04:01 DEBUG    Uniform ensemble (Test acc): 0.218400
09-15 04:01 DEBUG    FedAvg (Train acc): 0.100000
09-15 04:01 DEBUG    FedAvg (Test acc): 0.100000
09-15 04:10 DEBUG    ****** PDM_KL matching ******** 
09-15 04:10 DEBUG    Best Sigma0: 0.5. Best sigma: 1 Best gamma: 10. Best Test accuracy: 0.1031. Train acc: 0.10174. 

09-15 04:10 DEBUG    PDM_KL log: {(0.5, 1, 10): {'shapes': [(3072, 251), (251,), (251, 118), (118,), (118, 118), (118,), (118, 118), (118,), (118, 118), (118,), (118, 118), (118,), (118, 10), (10,)], 'train_accuracy': 0.10174, 'test_accuracy': 0.1031}} 
09-15 04:23 DEBUG    ****** PDM_KL matching ******** 
09-15 04:23 DEBUG    Best Sigma0: 0.5. Best sigma: 1 Best gamma: 10. Best Test accuracy: 0.1004. Train acc: 0.10042. 

09-15 04:23 DEBUG    PDM_KL log: {(0.5, 1, 10): {'shapes': [(3072, 248), (248,), (248, 118), (118,), (118, 118), (118,), (118, 118), (118,), (118, 118), (118,), (118, 118), (118,), (118, 10), (10,)], 'train_accuracy': 0.10042, 'test_accuracy': 0.1004}} 
09-15 04:34 DEBUG    ****** PDM_KL matching ******** 
09-15 04:34 DEBUG    Best Sigma0: 0.5. Best sigma: 1 Best gamma: 10. Best Test accuracy: 0.1123. Train acc: 0.11036. 

09-15 04:34 DEBUG    PDM_KL log: {(0.5, 1, 10): {'shapes': [(3072, 249), (249,), (249, 118), (118,), (118, 127), (127,), (127, 118), (118,), (118, 118), (118,), (118, 118), (118,), (118, 10), (10,)], 'train_accuracy': 0.11036, 'test_accuracy': 0.1123}} 
09-15 04:44 DEBUG    ****** PDM_KL matching ******** 
09-15 04:44 DEBUG    Best Sigma0: 0.5. Best sigma: 1 Best gamma: 10. Best Test accuracy: 0.1026. Train acc: 0.10202. 

09-15 04:44 DEBUG    PDM_KL log: {(0.5, 1, 10): {'shapes': [(3072, 252), (252,), (252, 127), (127,), (127, 118), (118,), (118, 118), (118,), (118, 118), (118,), (118, 118), (118,), (118, 10), (10,)], 'train_accuracy': 0.10202, 'test_accuracy': 0.1026}} 
09-15 04:55 DEBUG    ****** PDM_KL matching ******** 
09-15 04:55 DEBUG    Best Sigma0: 0.5. Best sigma: 1 Best gamma: 10. Best Test accuracy: 0.103. Train acc: 0.10316. 

09-15 04:55 DEBUG    PDM_KL log: {(0.5, 1, 10): {'shapes': [(3072, 250), (250,), (250, 127), (127,), (127, 118), (118,), (118, 118), (118,), (118, 118), (118,), (118, 118), (118,), (118, 10), (10,)], 'train_accuracy': 0.10316, 'test_accuracy': 0.103}} 
09-15 05:06 DEBUG    ****** PDM_KL matching ******** 
09-15 05:06 DEBUG    Best Sigma0: 0.5. Best sigma: 1 Best gamma: 10. Best Test accuracy: 0.1015. Train acc: 0.10098. 

09-15 05:06 DEBUG    PDM_KL log: {(0.5, 1, 10): {'shapes': [(3072, 255), (255,), (255, 118), (118,), (118, 127), (127,), (127, 118), (118,), (118, 118), (118,), (118, 118), (118,), (118, 10), (10,)], 'train_accuracy': 0.10098, 'test_accuracy': 0.1015}} 
09-15 05:17 DEBUG    ****** PDM_KL matching ******** 
09-15 05:17 DEBUG    Best Sigma0: 0.5. Best sigma: 1 Best gamma: 10. Best Test accuracy: 0.1242. Train acc: 0.12412. 

09-15 05:17 DEBUG    PDM_KL log: {(0.5, 1, 10): {'shapes': [(3072, 321), (321,), (321, 127), (127,), (127, 127), (127,), (127, 127), (127,), (127, 118), (118,), (118, 118), (118,), (118, 10), (10,)], 'train_accuracy': 0.12412, 'test_accuracy': 0.1242}} 
09-15 05:29 DEBUG    ****** PDM_KL matching ******** 
09-15 05:29 DEBUG    Best Sigma0: 0.5. Best sigma: 1 Best gamma: 10. Best Test accuracy: 0.1003. Train acc: 0.10018. 

09-15 05:29 DEBUG    PDM_KL log: {(0.5, 1, 10): {'shapes': [(3072, 448), (448,), (448, 127), (127,), (127, 127), (127,), (127, 127), (127,), (127, 127), (127,), (127, 118), (118,), (118, 10), (10,)], 'train_accuracy': 0.10018, 'test_accuracy': 0.1003}} 
09-15 05:42 DEBUG    ****** PDM_KL matching ******** 
09-15 05:42 DEBUG    Best Sigma0: 0.5. Best sigma: 1 Best gamma: 10. Best Test accuracy: 0.1. Train acc: 0.1. 

09-15 05:42 DEBUG    PDM_KL log: {(0.5, 1, 10): {'shapes': [(3072, 575), (575,), (575, 127), (127,), (127, 127), (127,), (127, 127), (127,), (127, 127), (127,), (127, 127), (127,), (127, 10), (10,)], 'train_accuracy': 0.1, 'test_accuracy': 0.1}} 
09-15 05:49 DEBUG    ****** PDM_KL matching ******** 
09-15 05:49 DEBUG    Best Sigma0: 0.5. Best sigma: 1 Best gamma: 10. Best Test accuracy: 0.1. Train acc: 0.1. 

09-15 05:49 DEBUG    PDM_KL log: {(0.5, 1, 10): {'shapes': [(3072, 563), (563,), (563, 127), (127,), (127, 136), (136,), (136, 127), (127,), (127, 127), (127,), (127, 118), (118,), (118, 10), (10,)], 'train_accuracy': 0.1, 'test_accuracy': 0.1}} 
09-15 05:57 DEBUG    ****** PDM_KL matching ******** 
09-15 05:57 DEBUG    Best Sigma0: 0.5. Best sigma: 1 Best gamma: 10. Best Test accuracy: 0.1. Train acc: 0.1. 

09-15 05:57 DEBUG    PDM_KL log: {(0.5, 1, 10): {'shapes': [(3072, 598), (598,), (598, 136), (136,), (136, 136), (136,), (136, 136), (136,), (136, 127), (127,), (127, 118), (118,), (118, 10), (10,)], 'train_accuracy': 0.1, 'test_accuracy': 0.1}} 
09-15 05:57 DEBUG    Trial 9 completed
09-15 05:57 DEBUG    ####################################################################################################
