09-11 21:22 DEBUG    Experiment arguments: Namespace(alpha=0.5, communication_rounds=None, datadir='data/mnist', dataset='mnist', device=1.0, dropout_p=0.0, epochs=10, experiment=['all'], init_seed=0, iter_epochs=5, layers=0, loaddir='saved_weights/mnist/hetero-dir', logdir='KL_regs/mnist/hetero-dir', lr=0.01, lr_decay=1.0, n=30, n_layers=1, n_nets=30, net_config=[784, 100, 10], num_pool_workers=7, partition='hetero-dir', pdm_gamma=1.0, pdm_sig=1.0, pdm_sig0=1.0, reg=1e-06, reg_fac=0.0, trials=1)
09-11 21:22 DEBUG    ####################################################################################################
09-11 21:22 DEBUG    Executing Trial 0 with seed 0
09-11 21:22 DEBUG    Data statistics: {0: {0: 133, 1: 31, 2: 2, 3: 366, 4: 344, 5: 27, 6: 18, 7: 38, 8: 14, 9: 832}, 1: {0: 181, 1: 9, 3: 109, 4: 425, 5: 158, 6: 151, 7: 371, 8: 333, 9: 270}, 2: {0: 170, 1: 2, 2: 27, 3: 219, 4: 1082, 5: 18, 6: 36, 7: 246, 8: 425}, 3: {0: 52, 1: 2, 2: 1, 3: 277, 4: 38, 5: 91, 6: 274, 7: 67, 8: 27}, 4: {0: 54, 1: 7, 2: 75, 3: 944, 4: 130, 5: 147, 6: 660}, 5: {0: 22, 1: 25, 2: 70, 3: 319, 4: 270, 5: 106, 6: 18, 7: 102, 8: 207, 9: 14}, 6: {0: 316, 1: 20, 3: 227, 4: 6, 5: 271, 6: 214, 7: 233, 8: 123, 9: 678}, 7: {0: 123, 1: 906, 2: 77, 3: 52, 4: 226, 5: 8, 6: 55, 7: 151, 8: 52, 9: 1284}, 8: {0: 51, 1: 306, 2: 108, 3: 242, 4: 51, 5: 45, 6: 904, 7: 1, 8: 504}, 9: {0: 206, 1: 35, 2: 636, 3: 120, 4: 82, 5: 1, 6: 40, 7: 24, 8: 79, 9: 232}, 10: {0: 739, 1: 624, 2: 55, 3: 198, 4: 10, 5: 707}, 11: {0: 5, 1: 230, 2: 357, 3: 21, 4: 33, 5: 208, 6: 970, 7: 104, 8: 846}, 12: {0: 64, 1: 48, 2: 794, 3: 304, 4: 1, 5: 572, 6: 111, 7: 4, 8: 83, 9: 38}, 13: {0: 1, 1: 343, 2: 132, 3: 37, 4: 268, 5: 92, 6: 2, 7: 129, 8: 454, 9: 19}, 14: {0: 1, 1: 108, 2: 18, 3: 594, 4: 191, 5: 211, 6: 336, 7: 238, 8: 86, 9: 8}, 15: {0: 31, 1: 293, 2: 250, 3: 157, 4: 99, 5: 17, 6: 4, 7: 2, 8: 20, 9: 428}, 16: {0: 122, 1: 210, 2: 96, 3: 349, 4: 2, 5: 48, 6: 78, 7: 35, 8: 674, 9: 43}, 17: {0: 90, 1: 73, 2: 596, 3: 350, 4: 125, 5: 4, 6: 49, 7: 753}, 18: {1: 258, 2: 518, 3: 26, 4: 306, 5: 7, 6: 9, 7: 1448}, 19: {0: 4, 1: 679, 2: 468, 3: 134, 4: 16, 5: 10, 6: 1077}, 20: {0: 520, 1: 100, 2: 155, 3: 82, 4: 77, 5: 59, 6: 16, 7: 14, 8: 261, 9: 805}, 21: {1: 580, 2: 319, 3: 224, 4: 324, 5: 145, 6: 1, 7: 112, 8: 322}, 22: {0: 8, 1: 28, 2: 1, 3: 2, 4: 636, 5: 146, 6: 460, 7: 297, 8: 242, 9: 634}, 23: {0: 988, 1: 693, 2: 78, 3: 19, 4: 32, 5: 7, 6: 237}, 24: {0: 198, 1: 7, 2: 161, 3: 35, 4: 187, 5: 133, 6: 31, 7: 12, 8: 92, 9: 98}, 25: {0: 47, 1: 1, 2: 610, 3: 6, 4: 349, 5: 82, 6: 107, 7: 1626}, 26: {0: 638, 1: 53, 2: 4, 3: 23, 4: 57, 5: 32, 6: 45, 7: 177, 8: 270, 9: 566}, 27: {0: 5, 1: 11, 2: 244, 3: 14, 4: 260, 5: 1525}, 28: {0: 1132, 1: 736, 2: 64, 3: 591}, 29: {0: 22, 1: 324, 2: 42, 3: 90, 4: 215, 5: 544, 6: 15, 7: 81, 8: 737}}
09-11 21:23 DEBUG    **************************************************
09-11 21:23 DEBUG    Running experiments 

09-11 21:23 DEBUG    Uniform ensemble (Train acc): 0.925533
09-11 21:23 DEBUG    Uniform ensemble (Test acc): 0.922000
09-11 21:24 DEBUG    FedAvg (Train acc): 0.102533
09-11 21:24 DEBUG    FedAvg (Test acc): 0.100500
09-11 21:29 DEBUG    ****** PDM_KL matching ******** 
09-11 21:29 DEBUG    Best Sigma0: 0.5. Best sigma: 1 Best gamma: 10. Best Test accuracy: 0.8446. Train acc: 0.8480166666666666. 

09-11 21:29 DEBUG    PDM_KL log: {(0.5, 1, 10): {'shapes': [(784, 323), (323,), (323, 10), (10,)], 'train_accuracy': 0.8480166666666666, 'test_accuracy': 0.8446}} 
09-11 21:39 DEBUG    ****** PDM_KL matching ******** 
09-11 21:39 DEBUG    Best Sigma0: 0.5. Best sigma: 1 Best gamma: 10. Best Test accuracy: 0.8499. Train acc: 0.8533. 

09-11 21:39 DEBUG    PDM_KL log: {(0.5, 1, 10): {'shapes': [(784, 319), (319,), (319, 10), (10,)], 'train_accuracy': 0.8533, 'test_accuracy': 0.8499}} 
09-11 21:48 DEBUG    ****** PDM_KL matching ******** 
09-11 21:48 DEBUG    Best Sigma0: 0.5. Best sigma: 1 Best gamma: 10. Best Test accuracy: 0.8418. Train acc: 0.8447. 

09-11 21:48 DEBUG    PDM_KL log: {(0.5, 1, 10): {'shapes': [(784, 318), (318,), (318, 10), (10,)], 'train_accuracy': 0.8447, 'test_accuracy': 0.8418}} 
09-11 21:58 DEBUG    ****** PDM_KL matching ******** 
09-11 21:58 DEBUG    Best Sigma0: 0.5. Best sigma: 1 Best gamma: 10. Best Test accuracy: 0.8458. Train acc: 0.84965. 

09-11 21:58 DEBUG    PDM_KL log: {(0.5, 1, 10): {'shapes': [(784, 317), (317,), (317, 10), (10,)], 'train_accuracy': 0.84965, 'test_accuracy': 0.8458}} 
09-11 22:07 DEBUG    ****** PDM_KL matching ******** 
09-11 22:07 DEBUG    Best Sigma0: 0.5. Best sigma: 1 Best gamma: 10. Best Test accuracy: 0.862. Train acc: 0.8647. 

09-11 22:07 DEBUG    PDM_KL log: {(0.5, 1, 10): {'shapes': [(784, 322), (322,), (322, 10), (10,)], 'train_accuracy': 0.8647, 'test_accuracy': 0.862}} 
09-11 22:15 DEBUG    ****** PDM_KL matching ******** 
09-11 22:15 DEBUG    Best Sigma0: 0.5. Best sigma: 1 Best gamma: 10. Best Test accuracy: 0.8623. Train acc: 0.8655166666666667. 

09-11 22:15 DEBUG    PDM_KL log: {(0.5, 1, 10): {'shapes': [(784, 326), (326,), (326, 10), (10,)], 'train_accuracy': 0.8655166666666667, 'test_accuracy': 0.8623}} 
09-11 22:24 DEBUG    ****** PDM_KL matching ******** 
09-11 22:24 DEBUG    Best Sigma0: 0.5. Best sigma: 1 Best gamma: 10. Best Test accuracy: 0.8419. Train acc: 0.8458333333333333. 

09-11 22:24 DEBUG    PDM_KL log: {(0.5, 1, 10): {'shapes': [(784, 365), (365,), (365, 10), (10,)], 'train_accuracy': 0.8458333333333333, 'test_accuracy': 0.8419}} 
09-11 22:32 DEBUG    ****** PDM_KL matching ******** 
09-11 22:32 DEBUG    Best Sigma0: 0.5. Best sigma: 1 Best gamma: 10. Best Test accuracy: 0.8623. Train acc: 0.8627666666666667. 

09-11 22:32 DEBUG    PDM_KL log: {(0.5, 1, 10): {'shapes': [(784, 340), (340,), (340, 10), (10,)], 'train_accuracy': 0.8627666666666667, 'test_accuracy': 0.8623}} 
09-11 22:37 DEBUG    ****** PDM_KL matching ******** 
09-11 22:37 DEBUG    Best Sigma0: 0.5. Best sigma: 1 Best gamma: 10. Best Test accuracy: 0.8429. Train acc: 0.84135. 

09-11 22:37 DEBUG    PDM_KL log: {(0.5, 1, 10): {'shapes': [(784, 316), (316,), (316, 10), (10,)], 'train_accuracy': 0.84135, 'test_accuracy': 0.8429}} 
09-11 22:38 DEBUG    ****** PDM_KL matching ******** 
09-11 22:38 DEBUG    Best Sigma0: 0.5. Best sigma: 1 Best gamma: 10. Best Test accuracy: 0.0892. Train acc: 0.09035. 

09-11 22:38 DEBUG    PDM_KL log: {(0.5, 1, 10): {'shapes': [(784, 129), (129,), (129, 10), (10,)], 'train_accuracy': 0.09035, 'test_accuracy': 0.0892}} 
09-11 22:39 DEBUG    ****** PDM_KL matching ******** 
09-11 22:39 DEBUG    Best Sigma0: 0.5. Best sigma: 1 Best gamma: 10. Best Test accuracy: 0.0892. Train acc: 0.09035. 

09-11 22:39 DEBUG    PDM_KL log: {(0.5, 1, 10): {'shapes': [(784, 129), (129,), (129, 10), (10,)], 'train_accuracy': 0.09035, 'test_accuracy': 0.0892}} 
09-11 22:39 DEBUG    Trial 0 completed
09-11 22:39 DEBUG    ####################################################################################################
