09-12 12:02 DEBUG    Experiment arguments: Namespace(alpha=0.5, communication_rounds=None, datadir='data/mnist', dataset='mnist', device=1.0, dropout_p=0.0, epochs=10, experiment=['all'], init_seed=0, iter_epochs=5, layers=0, loaddir='saved_weights/mnist/hetero-dir', logdir='KL_regs/mnist/hetero-dir', lr=0.01, lr_decay=1.0, n=30, n_layers=1, n_nets=30, net_config=[784, 100, 10], num_pool_workers=7, partition='hetero-dir', pdm_gamma=1.0, pdm_sig=1.0, pdm_sig0=1.0, reg=1e-06, reg_fac=0.0, trials=10)
09-12 12:02 DEBUG    ####################################################################################################
09-12 12:02 DEBUG    Executing Trial 0 with seed 0
09-12 12:02 DEBUG    Data statistics: {0: {0: 133, 1: 31, 2: 2, 3: 366, 4: 344, 5: 27, 6: 18, 7: 38, 8: 14, 9: 832}, 1: {0: 181, 1: 9, 3: 109, 4: 425, 5: 158, 6: 151, 7: 371, 8: 333, 9: 270}, 2: {0: 170, 1: 2, 2: 27, 3: 219, 4: 1082, 5: 18, 6: 36, 7: 246, 8: 425}, 3: {0: 52, 1: 2, 2: 1, 3: 277, 4: 38, 5: 91, 6: 274, 7: 67, 8: 27}, 4: {0: 54, 1: 7, 2: 75, 3: 944, 4: 130, 5: 147, 6: 660}, 5: {0: 22, 1: 25, 2: 70, 3: 319, 4: 270, 5: 106, 6: 18, 7: 102, 8: 207, 9: 14}, 6: {0: 316, 1: 20, 3: 227, 4: 6, 5: 271, 6: 214, 7: 233, 8: 123, 9: 678}, 7: {0: 123, 1: 906, 2: 77, 3: 52, 4: 226, 5: 8, 6: 55, 7: 151, 8: 52, 9: 1284}, 8: {0: 51, 1: 306, 2: 108, 3: 242, 4: 51, 5: 45, 6: 904, 7: 1, 8: 504}, 9: {0: 206, 1: 35, 2: 636, 3: 120, 4: 82, 5: 1, 6: 40, 7: 24, 8: 79, 9: 232}, 10: {0: 739, 1: 624, 2: 55, 3: 198, 4: 10, 5: 707}, 11: {0: 5, 1: 230, 2: 357, 3: 21, 4: 33, 5: 208, 6: 970, 7: 104, 8: 846}, 12: {0: 64, 1: 48, 2: 794, 3: 304, 4: 1, 5: 572, 6: 111, 7: 4, 8: 83, 9: 38}, 13: {0: 1, 1: 343, 2: 132, 3: 37, 4: 268, 5: 92, 6: 2, 7: 129, 8: 454, 9: 19}, 14: {0: 1, 1: 108, 2: 18, 3: 594, 4: 191, 5: 211, 6: 336, 7: 238, 8: 86, 9: 8}, 15: {0: 31, 1: 293, 2: 250, 3: 157, 4: 99, 5: 17, 6: 4, 7: 2, 8: 20, 9: 428}, 16: {0: 122, 1: 210, 2: 96, 3: 349, 4: 2, 5: 48, 6: 78, 7: 35, 8: 674, 9: 43}, 17: {0: 90, 1: 73, 2: 596, 3: 350, 4: 125, 5: 4, 6: 49, 7: 753}, 18: {1: 258, 2: 518, 3: 26, 4: 306, 5: 7, 6: 9, 7: 1448}, 19: {0: 4, 1: 679, 2: 468, 3: 134, 4: 16, 5: 10, 6: 1077}, 20: {0: 520, 1: 100, 2: 155, 3: 82, 4: 77, 5: 59, 6: 16, 7: 14, 8: 261, 9: 805}, 21: {1: 580, 2: 319, 3: 224, 4: 324, 5: 145, 6: 1, 7: 112, 8: 322}, 22: {0: 8, 1: 28, 2: 1, 3: 2, 4: 636, 5: 146, 6: 460, 7: 297, 8: 242, 9: 634}, 23: {0: 988, 1: 693, 2: 78, 3: 19, 4: 32, 5: 7, 6: 237}, 24: {0: 198, 1: 7, 2: 161, 3: 35, 4: 187, 5: 133, 6: 31, 7: 12, 8: 92, 9: 98}, 25: {0: 47, 1: 1, 2: 610, 3: 6, 4: 349, 5: 82, 6: 107, 7: 1626}, 26: {0: 638, 1: 53, 2: 4, 3: 23, 4: 57, 5: 32, 6: 45, 7: 177, 8: 270, 9: 566}, 27: {0: 5, 1: 11, 2: 244, 3: 14, 4: 260, 5: 1525}, 28: {0: 1132, 1: 736, 2: 64, 3: 591}, 29: {0: 22, 1: 324, 2: 42, 3: 90, 4: 215, 5: 544, 6: 15, 7: 81, 8: 737}}
09-12 12:03 DEBUG    **************************************************
09-12 12:03 DEBUG    Running experiments 

09-12 12:03 DEBUG    Uniform ensemble (Train acc): 0.925533
09-12 12:03 DEBUG    Uniform ensemble (Test acc): 0.922000
09-12 12:03 DEBUG    FedAvg (Train acc): 0.102533
09-12 12:03 DEBUG    FedAvg (Test acc): 0.100500
09-12 12:07 DEBUG    ****** PDM_KL matching ******** 
09-12 12:07 DEBUG    Best Sigma0: 0.5. Best sigma: 1 Best gamma: 10. Best Test accuracy: 0.8446. Train acc: 0.8480166666666666. 

09-12 12:07 DEBUG    PDM_KL log: {(0.5, 1, 10): {'shapes': [(784, 323), (323,), (323, 10), (10,)], 'train_accuracy': 0.8480166666666666, 'test_accuracy': 0.8446}} 
09-12 12:15 DEBUG    ****** PDM_KL matching ******** 
09-12 12:15 DEBUG    Best Sigma0: 0.5. Best sigma: 1 Best gamma: 10. Best Test accuracy: 0.8499. Train acc: 0.8533. 

09-12 12:15 DEBUG    PDM_KL log: {(0.5, 1, 10): {'shapes': [(784, 319), (319,), (319, 10), (10,)], 'train_accuracy': 0.8533, 'test_accuracy': 0.8499}} 
09-12 12:23 DEBUG    ****** PDM_KL matching ******** 
09-12 12:23 DEBUG    Best Sigma0: 0.5. Best sigma: 1 Best gamma: 10. Best Test accuracy: 0.8418. Train acc: 0.8447. 

09-12 12:23 DEBUG    PDM_KL log: {(0.5, 1, 10): {'shapes': [(784, 318), (318,), (318, 10), (10,)], 'train_accuracy': 0.8447, 'test_accuracy': 0.8418}} 
09-12 12:31 DEBUG    ****** PDM_KL matching ******** 
09-12 12:31 DEBUG    Best Sigma0: 0.5. Best sigma: 1 Best gamma: 10. Best Test accuracy: 0.8458. Train acc: 0.84965. 

09-12 12:31 DEBUG    PDM_KL log: {(0.5, 1, 10): {'shapes': [(784, 317), (317,), (317, 10), (10,)], 'train_accuracy': 0.84965, 'test_accuracy': 0.8458}} 
09-12 12:39 DEBUG    ****** PDM_KL matching ******** 
09-12 12:39 DEBUG    Best Sigma0: 0.5. Best sigma: 1 Best gamma: 10. Best Test accuracy: 0.862. Train acc: 0.8647. 

09-12 12:39 DEBUG    PDM_KL log: {(0.5, 1, 10): {'shapes': [(784, 322), (322,), (322, 10), (10,)], 'train_accuracy': 0.8647, 'test_accuracy': 0.862}} 
09-12 12:47 DEBUG    ****** PDM_KL matching ******** 
09-12 12:47 DEBUG    Best Sigma0: 0.5. Best sigma: 1 Best gamma: 10. Best Test accuracy: 0.8623. Train acc: 0.8655166666666667. 

09-12 12:47 DEBUG    PDM_KL log: {(0.5, 1, 10): {'shapes': [(784, 326), (326,), (326, 10), (10,)], 'train_accuracy': 0.8655166666666667, 'test_accuracy': 0.8623}} 
09-12 12:58 DEBUG    ****** PDM_KL matching ******** 
09-12 12:58 DEBUG    Best Sigma0: 0.5. Best sigma: 1 Best gamma: 10. Best Test accuracy: 0.8419. Train acc: 0.8458333333333333. 

09-12 12:58 DEBUG    PDM_KL log: {(0.5, 1, 10): {'shapes': [(784, 365), (365,), (365, 10), (10,)], 'train_accuracy': 0.8458333333333333, 'test_accuracy': 0.8419}} 
09-12 13:09 DEBUG    ****** PDM_KL matching ******** 
09-12 13:09 DEBUG    Best Sigma0: 0.5. Best sigma: 1 Best gamma: 10. Best Test accuracy: 0.8623. Train acc: 0.8627666666666667. 

09-12 13:09 DEBUG    PDM_KL log: {(0.5, 1, 10): {'shapes': [(784, 340), (340,), (340, 10), (10,)], 'train_accuracy': 0.8627666666666667, 'test_accuracy': 0.8623}} 
09-12 13:18 DEBUG    ****** PDM_KL matching ******** 
09-12 13:18 DEBUG    Best Sigma0: 0.5. Best sigma: 1 Best gamma: 10. Best Test accuracy: 0.8429. Train acc: 0.84135. 

09-12 13:18 DEBUG    PDM_KL log: {(0.5, 1, 10): {'shapes': [(784, 316), (316,), (316, 10), (10,)], 'train_accuracy': 0.84135, 'test_accuracy': 0.8429}} 
09-12 13:22 DEBUG    ****** PDM_KL matching ******** 
09-12 13:22 DEBUG    Best Sigma0: 0.5. Best sigma: 1 Best gamma: 10. Best Test accuracy: 0.0892. Train acc: 0.09035. 

09-12 13:22 DEBUG    PDM_KL log: {(0.5, 1, 10): {'shapes': [(784, 129), (129,), (129, 10), (10,)], 'train_accuracy': 0.09035, 'test_accuracy': 0.0892}} 
09-12 13:25 DEBUG    ****** PDM_KL matching ******** 
09-12 13:25 DEBUG    Best Sigma0: 0.5. Best sigma: 1 Best gamma: 10. Best Test accuracy: 0.0892. Train acc: 0.09035. 

09-12 13:25 DEBUG    PDM_KL log: {(0.5, 1, 10): {'shapes': [(784, 129), (129,), (129, 10), (10,)], 'train_accuracy': 0.09035, 'test_accuracy': 0.0892}} 
09-12 13:25 DEBUG    Trial 0 completed
09-12 13:25 DEBUG    ####################################################################################################
09-12 13:25 DEBUG    ####################################################################################################
09-12 13:25 DEBUG    Executing Trial 1 with seed 1
09-12 13:25 DEBUG    Data statistics: {0: {0: 96, 1: 800, 2: 72, 3: 30, 4: 49, 5: 320, 6: 11, 7: 24, 8: 905}, 1: {0: 13, 1: 8, 2: 10, 3: 35, 4: 79, 5: 396, 6: 5, 7: 342, 8: 5, 9: 197}, 2: {0: 666, 1: 20, 2: 290, 3: 67, 4: 30, 5: 474, 6: 413, 7: 55}, 3: {0: 117, 1: 18, 2: 14, 3: 167, 4: 2, 5: 68, 6: 465, 7: 105, 8: 4, 9: 1}, 4: {0: 65, 1: 45, 2: 2, 3: 15, 4: 1060, 5: 64, 6: 968}, 5: {0: 1129, 1: 1, 2: 418, 3: 206, 4: 147, 5: 32, 6: 21, 7: 48}, 6: {0: 50, 1: 166, 2: 320, 3: 196, 4: 87, 5: 31, 6: 32, 7: 178, 8: 3, 9: 13}, 7: {0: 10, 1: 54, 2: 115, 3: 853, 4: 57, 5: 15, 6: 191, 7: 118, 8: 63, 9: 272}, 8: {0: 2, 1: 27, 2: 6, 3: 45, 4: 134, 5: 688, 6: 96, 7: 441, 8: 169, 9: 2338}, 9: {0: 157, 1: 30, 2: 100, 3: 26, 4: 37, 5: 326, 6: 29, 7: 1668}, 10: {0: 131, 1: 66, 2: 100, 3: 258, 4: 49, 5: 4, 6: 37, 8: 344, 9: 142}, 11: {0: 231, 1: 30, 2: 23, 3: 396, 4: 32, 5: 44, 6: 2, 7: 1424}, 12: {0: 22, 1: 75, 2: 563, 3: 499, 4: 7, 5: 60, 6: 422, 7: 36, 8: 70, 9: 492}, 13: {0: 86, 1: 19, 2: 49, 3: 165, 4: 15, 5: 116, 6: 144, 7: 401, 8: 286, 9: 397}, 14: {0: 87, 1: 78, 2: 594, 3: 32, 4: 99, 5: 483, 6: 1118}, 15: {0: 901, 1: 116, 2: 507, 3: 5, 4: 71, 5: 499}, 16: {0: 1, 1: 52, 2: 104, 3: 36, 4: 28, 5: 170, 6: 130, 7: 25, 8: 11, 9: 997}, 17: {0: 2, 1: 867, 2: 315, 4: 904}, 18: {0: 4, 1: 435, 2: 413, 3: 654, 4: 33, 5: 315, 6: 68, 7: 29, 8: 554}, 19: {1: 202, 2: 9, 3: 40, 4: 39, 6: 1052, 7: 18, 8: 547, 9: 179}, 20: {0: 62, 1: 729, 2: 14, 3: 413, 4: 128, 5: 232, 6: 1, 7: 242, 8: 189}, 21: {0: 223, 1: 78, 2: 67, 3: 127, 4: 1, 5: 36, 6: 121, 7: 265, 8: 471, 9: 263}, 22: {0: 304, 1: 416, 2: 334, 3: 53, 4: 155, 5: 56, 6: 24, 7: 33, 8: 1556}, 23: {0: 1, 1: 20, 2: 303, 3: 139, 4: 578, 5: 24, 6: 9, 7: 571, 8: 80, 9: 8}, 24: {0: 201, 1: 423, 2: 365, 3: 785, 4: 37, 5: 113, 6: 59, 7: 18}, 25: {0: 119, 1: 1875, 2: 90}, 26: {0: 115, 1: 7, 2: 245, 3: 240, 4: 14, 5: 252, 6: 14, 7: 186, 8: 57, 9: 321}, 27: {0: 252, 1: 41, 2: 261, 3: 7, 4: 35, 5: 42, 6: 485, 7: 37, 8: 537, 9: 329}, 28: {0: 3, 1: 8, 2: 1, 3: 18, 4: 1841, 5: 351}, 29: {0: 873, 1: 36, 2: 254, 3: 624, 4: 94, 5: 210, 6: 1, 7: 1}}
09-12 13:26 DEBUG    **************************************************
09-12 13:26 DEBUG    Running experiments 

09-12 13:27 DEBUG    Uniform ensemble (Train acc): 0.909017
09-12 13:27 DEBUG    Uniform ensemble (Test acc): 0.908900
09-12 13:28 DEBUG    FedAvg (Train acc): 0.134650
09-12 13:28 DEBUG    FedAvg (Test acc): 0.138900
09-12 13:33 DEBUG    ****** PDM_KL matching ******** 
09-12 13:33 DEBUG    Best Sigma0: 0.5. Best sigma: 1 Best gamma: 10. Best Test accuracy: 0.8338. Train acc: 0.8341. 

09-12 13:33 DEBUG    PDM_KL log: {(0.5, 1, 10): {'shapes': [(784, 344), (344,), (344, 10), (10,)], 'train_accuracy': 0.8341, 'test_accuracy': 0.8338}} 
09-12 13:42 DEBUG    ****** PDM_KL matching ******** 
09-12 13:42 DEBUG    Best Sigma0: 0.5. Best sigma: 1 Best gamma: 10. Best Test accuracy: 0.8246. Train acc: 0.8244333333333334. 

09-12 13:42 DEBUG    PDM_KL log: {(0.5, 1, 10): {'shapes': [(784, 340), (340,), (340, 10), (10,)], 'train_accuracy': 0.8244333333333334, 'test_accuracy': 0.8246}} 
09-12 13:49 DEBUG    ****** PDM_KL matching ******** 
09-12 13:49 DEBUG    Best Sigma0: 0.5. Best sigma: 1 Best gamma: 10. Best Test accuracy: 0.8295. Train acc: 0.8291666666666667. 

09-12 13:49 DEBUG    PDM_KL log: {(0.5, 1, 10): {'shapes': [(784, 342), (342,), (342, 10), (10,)], 'train_accuracy': 0.8291666666666667, 'test_accuracy': 0.8295}} 
09-12 13:57 DEBUG    ****** PDM_KL matching ******** 
09-12 13:57 DEBUG    Best Sigma0: 0.5. Best sigma: 1 Best gamma: 10. Best Test accuracy: 0.8295. Train acc: 0.8293666666666667. 

09-12 13:57 DEBUG    PDM_KL log: {(0.5, 1, 10): {'shapes': [(784, 348), (348,), (348, 10), (10,)], 'train_accuracy': 0.8293666666666667, 'test_accuracy': 0.8295}} 
09-12 14:06 DEBUG    ****** PDM_KL matching ******** 
09-12 14:06 DEBUG    Best Sigma0: 0.5. Best sigma: 1 Best gamma: 10. Best Test accuracy: 0.8317. Train acc: 0.8303166666666667. 

09-12 14:06 DEBUG    PDM_KL log: {(0.5, 1, 10): {'shapes': [(784, 350), (350,), (350, 10), (10,)], 'train_accuracy': 0.8303166666666667, 'test_accuracy': 0.8317}} 
09-12 14:14 DEBUG    ****** PDM_KL matching ******** 
09-12 14:14 DEBUG    Best Sigma0: 0.5. Best sigma: 1 Best gamma: 10. Best Test accuracy: 0.8302. Train acc: 0.8300166666666666. 

09-12 14:14 DEBUG    PDM_KL log: {(0.5, 1, 10): {'shapes': [(784, 335), (335,), (335, 10), (10,)], 'train_accuracy': 0.8300166666666666, 'test_accuracy': 0.8302}} 
09-12 14:23 DEBUG    ****** PDM_KL matching ******** 
09-12 14:23 DEBUG    Best Sigma0: 0.5. Best sigma: 1 Best gamma: 10. Best Test accuracy: 0.821. Train acc: 0.8210166666666666. 

09-12 14:23 DEBUG    PDM_KL log: {(0.5, 1, 10): {'shapes': [(784, 366), (366,), (366, 10), (10,)], 'train_accuracy': 0.8210166666666666, 'test_accuracy': 0.821}} 
09-12 14:34 DEBUG    ****** PDM_KL matching ******** 
09-12 14:34 DEBUG    Best Sigma0: 0.5. Best sigma: 1 Best gamma: 10. Best Test accuracy: 0.8209. Train acc: 0.8220333333333333. 

09-12 14:34 DEBUG    PDM_KL log: {(0.5, 1, 10): {'shapes': [(784, 346), (346,), (346, 10), (10,)], 'train_accuracy': 0.8220333333333333, 'test_accuracy': 0.8209}} 
09-12 14:43 DEBUG    ****** PDM_KL matching ******** 
09-12 14:43 DEBUG    Best Sigma0: 0.5. Best sigma: 1 Best gamma: 10. Best Test accuracy: 0.7583. Train acc: 0.755. 

09-12 14:43 DEBUG    PDM_KL log: {(0.5, 1, 10): {'shapes': [(784, 276), (276,), (276, 10), (10,)], 'train_accuracy': 0.755, 'test_accuracy': 0.7583}} 
09-12 14:47 DEBUG    ****** PDM_KL matching ******** 
09-12 14:47 DEBUG    Best Sigma0: 0.5. Best sigma: 1 Best gamma: 10. Best Test accuracy: 0.0885. Train acc: 0.0899. 

09-12 14:47 DEBUG    PDM_KL log: {(0.5, 1, 10): {'shapes': [(784, 129), (129,), (129, 10), (10,)], 'train_accuracy': 0.0899, 'test_accuracy': 0.0885}} 
09-12 14:50 DEBUG    ****** PDM_KL matching ******** 
09-12 14:50 DEBUG    Best Sigma0: 0.5. Best sigma: 1 Best gamma: 10. Best Test accuracy: 0.0885. Train acc: 0.0899. 

09-12 14:50 DEBUG    PDM_KL log: {(0.5, 1, 10): {'shapes': [(784, 129), (129,), (129, 10), (10,)], 'train_accuracy': 0.0899, 'test_accuracy': 0.0885}} 
09-12 14:50 DEBUG    Trial 1 completed
09-12 14:50 DEBUG    ####################################################################################################
09-12 14:50 DEBUG    ####################################################################################################
09-12 14:50 DEBUG    Executing Trial 2 with seed 2
09-12 14:50 DEBUG    Data statistics: {0: {0: 445, 2: 288, 4: 346, 5: 1, 6: 22, 7: 56, 8: 68, 9: 352}, 1: {0: 73, 1: 198, 2: 253, 3: 73, 4: 146, 5: 9, 6: 359, 7: 164, 8: 1, 9: 8}, 2: {0: 400, 1: 313, 2: 32, 3: 241, 4: 80, 6: 140, 8: 193, 9: 10}, 3: {0: 19, 1: 4, 2: 511, 3: 73, 4: 2, 5: 104, 6: 415, 7: 24, 8: 351, 9: 392}, 4: {0: 279, 1: 4, 2: 56, 3: 211, 4: 5, 5: 185, 6: 13, 7: 26, 8: 37, 9: 154}, 5: {0: 103, 1: 8, 2: 914, 4: 1452}, 6: {0: 57, 1: 14, 2: 1, 3: 36, 4: 329, 5: 5, 7: 125, 8: 223, 9: 139}, 7: {0: 1, 1: 126, 2: 50, 4: 56, 5: 77, 6: 1, 8: 22, 9: 1503}, 8: {0: 277, 1: 624, 2: 43, 3: 14, 4: 289, 5: 154, 6: 36, 7: 898}, 9: {0: 1, 1: 83, 2: 115, 3: 4, 4: 1, 5: 64, 6: 888, 7: 163, 8: 91, 9: 54}, 10: {0: 25, 1: 276, 2: 324, 3: 1070, 4: 8, 5: 242, 6: 5, 7: 794}, 11: {0: 109, 1: 13, 2: 412, 3: 40, 4: 46, 5: 48, 6: 14, 7: 536, 8: 11, 9: 112}, 12: {0: 50, 1: 324, 2: 174, 3: 84, 4: 69, 5: 97, 6: 6, 7: 700, 8: 32, 9: 113}, 13: {0: 1056, 1: 762, 2: 884}, 14: {0: 324, 1: 559, 2: 272, 3: 28, 4: 6, 5: 343, 6: 1087}, 15: {0: 56, 1: 169, 2: 174, 3: 423, 4: 1, 5: 2, 6: 641, 7: 151, 8: 232, 9: 710}, 16: {1: 46, 2: 32, 3: 240, 4: 25, 5: 310, 6: 2, 7: 9, 8: 21, 9: 1518}, 17: {0: 18, 1: 170, 2: 187, 3: 189, 4: 225, 5: 3, 6: 59, 7: 203, 8: 672, 9: 586}, 18: {1: 474, 2: 19, 3: 57, 4: 21, 5: 250, 6: 437, 7: 2, 8: 1573}, 19: {0: 70, 1: 82, 2: 125, 3: 306, 4: 280, 5: 1005, 6: 165}, 20: {0: 55, 1: 458, 2: 1, 3: 842, 4: 8, 5: 1, 6: 241, 7: 31, 8: 445}, 21: {0: 216, 1: 169, 2: 330, 3: 250, 4: 929, 5: 45, 6: 840}, 22: {0: 432, 1: 238, 2: 292, 3: 4, 4: 324, 5: 558, 6: 29, 7: 704}, 23: {0: 216, 1: 401, 2: 22, 3: 32, 4: 140, 5: 616, 6: 29, 8: 32, 9: 83}, 24: {0: 484, 1: 191, 2: 46, 3: 410, 4: 98, 5: 575, 6: 1, 8: 896}, 25: {0: 39, 1: 80, 2: 132, 3: 336, 4: 5, 5: 205, 6: 68, 7: 320, 8: 743, 9: 202}, 26: {0: 850, 1: 129, 2: 18, 3: 452, 4: 105, 5: 281, 6: 95, 7: 240}, 27: {0: 127, 1: 6, 2: 97, 3: 72, 4: 209, 5: 9, 6: 15, 7: 815, 8: 180, 9: 12}, 28: {0: 25, 1: 391, 2: 57, 3: 200, 4: 3, 5: 35, 6: 89, 7: 304, 8: 28, 9: 1}, 29: {0: 116, 1: 430, 2: 97, 3: 444, 4: 634, 5: 197, 6: 221}}
09-12 14:51 DEBUG    **************************************************
09-12 14:51 DEBUG    Running experiments 

09-12 14:52 DEBUG    Uniform ensemble (Train acc): 0.941967
09-12 14:52 DEBUG    Uniform ensemble (Test acc): 0.942200
09-12 14:52 DEBUG    FedAvg (Train acc): 0.126967
09-12 14:52 DEBUG    FedAvg (Test acc): 0.128300
09-12 14:56 DEBUG    ****** PDM_KL matching ******** 
09-12 14:56 DEBUG    Best Sigma0: 0.5. Best sigma: 1 Best gamma: 10. Best Test accuracy: 0.8766. Train acc: 0.8770333333333333. 

09-12 14:56 DEBUG    PDM_KL log: {(0.5, 1, 10): {'shapes': [(784, 337), (337,), (337, 10), (10,)], 'train_accuracy': 0.8770333333333333, 'test_accuracy': 0.8766}} 
09-12 15:03 DEBUG    ****** PDM_KL matching ******** 
09-12 15:03 DEBUG    Best Sigma0: 0.5. Best sigma: 1 Best gamma: 10. Best Test accuracy: 0.8627. Train acc: 0.8653166666666666. 

09-12 15:03 DEBUG    PDM_KL log: {(0.5, 1, 10): {'shapes': [(784, 339), (339,), (339, 10), (10,)], 'train_accuracy': 0.8653166666666666, 'test_accuracy': 0.8627}} 
09-12 15:11 DEBUG    ****** PDM_KL matching ******** 
09-12 15:11 DEBUG    Best Sigma0: 0.5. Best sigma: 1 Best gamma: 10. Best Test accuracy: 0.8727. Train acc: 0.8755333333333334. 

09-12 15:11 DEBUG    PDM_KL log: {(0.5, 1, 10): {'shapes': [(784, 340), (340,), (340, 10), (10,)], 'train_accuracy': 0.8755333333333334, 'test_accuracy': 0.8727}} 
09-12 15:18 DEBUG    ****** PDM_KL matching ******** 
09-12 15:18 DEBUG    Best Sigma0: 0.5. Best sigma: 1 Best gamma: 10. Best Test accuracy: 0.8557. Train acc: 0.8584666666666667. 

09-12 15:18 DEBUG    PDM_KL log: {(0.5, 1, 10): {'shapes': [(784, 334), (334,), (334, 10), (10,)], 'train_accuracy': 0.8584666666666667, 'test_accuracy': 0.8557}} 
09-12 15:24 DEBUG    ****** PDM_KL matching ******** 
09-12 15:24 DEBUG    Best Sigma0: 0.5. Best sigma: 1 Best gamma: 10. Best Test accuracy: 0.881. Train acc: 0.8814166666666666. 

09-12 15:24 DEBUG    PDM_KL log: {(0.5, 1, 10): {'shapes': [(784, 336), (336,), (336, 10), (10,)], 'train_accuracy': 0.8814166666666666, 'test_accuracy': 0.881}} 
09-12 15:30 DEBUG    ****** PDM_KL matching ******** 
09-12 15:30 DEBUG    Best Sigma0: 0.5. Best sigma: 1 Best gamma: 10. Best Test accuracy: 0.8682. Train acc: 0.87025. 

09-12 15:30 DEBUG    PDM_KL log: {(0.5, 1, 10): {'shapes': [(784, 339), (339,), (339, 10), (10,)], 'train_accuracy': 0.87025, 'test_accuracy': 0.8682}} 
09-12 15:39 DEBUG    ****** PDM_KL matching ******** 
09-12 15:39 DEBUG    Best Sigma0: 0.5. Best sigma: 1 Best gamma: 10. Best Test accuracy: 0.862. Train acc: 0.8612333333333333. 

09-12 15:39 DEBUG    PDM_KL log: {(0.5, 1, 10): {'shapes': [(784, 367), (367,), (367, 10), (10,)], 'train_accuracy': 0.8612333333333333, 'test_accuracy': 0.862}} 
09-12 15:48 DEBUG    ****** PDM_KL matching ******** 
09-12 15:48 DEBUG    Best Sigma0: 0.5. Best sigma: 1 Best gamma: 10. Best Test accuracy: 0.8635. Train acc: 0.864. 

09-12 15:48 DEBUG    PDM_KL log: {(0.5, 1, 10): {'shapes': [(784, 359), (359,), (359, 10), (10,)], 'train_accuracy': 0.864, 'test_accuracy': 0.8635}} 
09-12 15:57 DEBUG    ****** PDM_KL matching ******** 
09-12 15:57 DEBUG    Best Sigma0: 0.5. Best sigma: 1 Best gamma: 10. Best Test accuracy: 0.8167. Train acc: 0.8079833333333334. 

09-12 15:57 DEBUG    PDM_KL log: {(0.5, 1, 10): {'shapes': [(784, 269), (269,), (269, 10), (10,)], 'train_accuracy': 0.8079833333333334, 'test_accuracy': 0.8167}} 
09-12 16:00 DEBUG    ****** PDM_KL matching ******** 
09-12 16:00 DEBUG    Best Sigma0: 0.5. Best sigma: 1 Best gamma: 10. Best Test accuracy: 0.0892. Train acc: 0.09035. 

09-12 16:00 DEBUG    PDM_KL log: {(0.5, 1, 10): {'shapes': [(784, 129), (129,), (129, 10), (10,)], 'train_accuracy': 0.09035, 'test_accuracy': 0.0892}} 
09-12 16:03 DEBUG    ****** PDM_KL matching ******** 
09-12 16:03 DEBUG    Best Sigma0: 0.5. Best sigma: 1 Best gamma: 10. Best Test accuracy: 0.0892. Train acc: 0.09035. 

09-12 16:03 DEBUG    PDM_KL log: {(0.5, 1, 10): {'shapes': [(784, 129), (129,), (129, 10), (10,)], 'train_accuracy': 0.09035, 'test_accuracy': 0.0892}} 
09-12 16:03 DEBUG    Trial 2 completed
09-12 16:03 DEBUG    ####################################################################################################
09-12 16:03 DEBUG    ####################################################################################################
09-12 16:03 DEBUG    Executing Trial 3 with seed 3
09-12 16:03 DEBUG    Data statistics: {0: {0: 218, 1: 125, 2: 68, 3: 201, 4: 264, 5: 54, 6: 116, 7: 56, 8: 476}, 1: {0: 23, 1: 1, 2: 365, 3: 116, 4: 52, 5: 519, 6: 1, 7: 121, 8: 9, 9: 51}, 2: {0: 3, 1: 567, 2: 1539}, 3: {0: 27, 1: 86, 2: 1, 3: 136, 4: 125, 5: 182, 6: 467, 7: 427, 8: 37, 9: 221}, 4: {0: 125, 1: 139, 2: 44, 4: 158, 5: 487, 6: 208, 7: 86, 8: 443, 9: 1054}, 5: {0: 1831, 1: 43, 2: 494}, 6: {0: 741, 1: 1247, 2: 32}, 7: {0: 12, 4: 82, 5: 148, 6: 10, 7: 22, 8: 48, 9: 1428}, 8: {0: 47, 1: 4, 2: 36, 3: 887, 4: 218, 5: 262, 6: 124, 7: 5, 8: 315, 9: 890}, 9: {0: 88, 1: 632, 2: 1, 3: 495, 4: 5, 5: 430, 6: 1, 7: 216, 8: 211}, 10: {0: 159, 1: 234, 2: 856, 3: 958}, 11: {0: 12, 1: 51, 2: 136, 3: 13, 4: 40, 5: 165, 6: 33, 7: 176, 8: 6, 9: 33}, 12: {0: 57, 2: 1, 3: 37, 4: 443, 6: 11, 7: 118, 8: 197, 9: 46}, 13: {0: 223, 1: 42, 4: 305, 5: 2, 6: 451, 7: 830, 9: 464}, 14: {0: 338, 1: 15, 3: 30, 4: 39, 5: 333, 6: 4, 7: 30, 8: 12, 9: 90}, 15: {0: 253, 1: 539, 2: 13, 3: 50, 4: 266, 5: 129, 6: 12, 8: 158, 9: 270}, 16: {0: 6, 2: 19, 3: 1124, 4: 676, 5: 26, 6: 283}, 17: {0: 1, 1: 33, 2: 73, 3: 19, 4: 445, 5: 4, 6: 1461}, 18: {0: 130, 1: 232, 2: 222, 3: 136, 4: 187, 5: 118, 6: 132, 7: 1596}, 19: {0: 16, 1: 285, 2: 20, 3: 177, 4: 98, 5: 169, 6: 588, 7: 166, 8: 2028}, 20: {0: 58, 1: 179, 2: 358, 3: 13, 4: 266, 5: 182, 6: 666, 7: 265, 8: 60}, 21: {0: 12, 1: 199, 2: 134, 3: 293, 4: 736, 5: 4, 6: 239, 7: 195, 8: 89, 9: 15}, 22: {0: 609, 1: 398, 2: 33, 3: 191, 5: 43, 6: 483, 7: 93, 8: 810}, 23: {0: 287, 1: 395, 2: 299, 3: 164, 4: 336, 5: 345, 6: 19, 7: 160}, 24: {0: 7, 1: 28, 2: 167, 3: 219, 4: 633, 5: 183, 6: 170, 7: 33, 8: 379, 9: 208}, 25: {0: 121, 1: 558, 2: 205, 3: 631, 5: 108, 6: 41, 7: 216, 8: 110, 9: 35}, 26: {0: 17, 1: 154, 2: 5, 3: 39, 4: 96, 5: 824, 6: 72, 7: 185, 8: 265, 9: 430}, 27: {0: 43, 1: 58, 2: 696, 3: 186, 4: 61, 5: 525, 6: 14, 7: 1152}, 28: {0: 72, 1: 8, 2: 96, 3: 3, 4: 122, 5: 48, 6: 13, 7: 69, 8: 5, 9: 442}, 29: {0: 387, 1: 490, 2: 45, 3: 13, 4: 189, 5: 131, 6: 299, 7: 48, 8: 193, 9: 272}}
09-12 16:04 DEBUG    **************************************************
09-12 16:04 DEBUG    Running experiments 

09-12 16:05 DEBUG    Uniform ensemble (Train acc): 0.944100
09-12 16:05 DEBUG    Uniform ensemble (Test acc): 0.945500
09-12 16:05 DEBUG    FedAvg (Train acc): 0.136150
09-12 16:05 DEBUG    FedAvg (Test acc): 0.139500
09-12 16:09 DEBUG    ****** PDM_KL matching ******** 
09-12 16:09 DEBUG    Best Sigma0: 0.5. Best sigma: 1 Best gamma: 10. Best Test accuracy: 0.8896. Train acc: 0.88825. 

09-12 16:09 DEBUG    PDM_KL log: {(0.5, 1, 10): {'shapes': [(784, 323), (323,), (323, 10), (10,)], 'train_accuracy': 0.88825, 'test_accuracy': 0.8896}} 
09-12 16:14 DEBUG    ****** PDM_KL matching ******** 
09-12 16:14 DEBUG    Best Sigma0: 0.5. Best sigma: 1 Best gamma: 10. Best Test accuracy: 0.889. Train acc: 0.8861. 

09-12 16:14 DEBUG    PDM_KL log: {(0.5, 1, 10): {'shapes': [(784, 312), (312,), (312, 10), (10,)], 'train_accuracy': 0.8861, 'test_accuracy': 0.889}} 
09-12 16:20 DEBUG    ****** PDM_KL matching ******** 
09-12 16:20 DEBUG    Best Sigma0: 0.5. Best sigma: 1 Best gamma: 10. Best Test accuracy: 0.8828. Train acc: 0.8808666666666667. 

09-12 16:20 DEBUG    PDM_KL log: {(0.5, 1, 10): {'shapes': [(784, 321), (321,), (321, 10), (10,)], 'train_accuracy': 0.8808666666666667, 'test_accuracy': 0.8828}} 
09-12 16:26 DEBUG    ****** PDM_KL matching ******** 
09-12 16:26 DEBUG    Best Sigma0: 0.5. Best sigma: 1 Best gamma: 10. Best Test accuracy: 0.8817. Train acc: 0.88115. 

09-12 16:26 DEBUG    PDM_KL log: {(0.5, 1, 10): {'shapes': [(784, 321), (321,), (321, 10), (10,)], 'train_accuracy': 0.88115, 'test_accuracy': 0.8817}} 
09-12 16:33 DEBUG    ****** PDM_KL matching ******** 
09-12 16:33 DEBUG    Best Sigma0: 0.5. Best sigma: 1 Best gamma: 10. Best Test accuracy: 0.8739. Train acc: 0.87575. 

09-12 16:33 DEBUG    PDM_KL log: {(0.5, 1, 10): {'shapes': [(784, 315), (315,), (315, 10), (10,)], 'train_accuracy': 0.87575, 'test_accuracy': 0.8739}} 
09-12 16:39 DEBUG    ****** PDM_KL matching ******** 
09-12 16:39 DEBUG    Best Sigma0: 0.5. Best sigma: 1 Best gamma: 10. Best Test accuracy: 0.8848. Train acc: 0.8857166666666667. 

09-12 16:39 DEBUG    PDM_KL log: {(0.5, 1, 10): {'shapes': [(784, 316), (316,), (316, 10), (10,)], 'train_accuracy': 0.8857166666666667, 'test_accuracy': 0.8848}} 
09-12 16:46 DEBUG    ****** PDM_KL matching ******** 
09-12 16:46 DEBUG    Best Sigma0: 0.5. Best sigma: 1 Best gamma: 10. Best Test accuracy: 0.9013. Train acc: 0.8990166666666667. 

09-12 16:46 DEBUG    PDM_KL log: {(0.5, 1, 10): {'shapes': [(784, 342), (342,), (342, 10), (10,)], 'train_accuracy': 0.8990166666666667, 'test_accuracy': 0.9013}} 
09-12 16:54 DEBUG    ****** PDM_KL matching ******** 
09-12 16:54 DEBUG    Best Sigma0: 0.5. Best sigma: 1 Best gamma: 10. Best Test accuracy: 0.9011. Train acc: 0.8954. 

09-12 16:54 DEBUG    PDM_KL log: {(0.5, 1, 10): {'shapes': [(784, 310), (310,), (310, 10), (10,)], 'train_accuracy': 0.8954, 'test_accuracy': 0.9011}} 
09-12 17:02 DEBUG    ****** PDM_KL matching ******** 
09-12 17:02 DEBUG    Best Sigma0: 0.5. Best sigma: 1 Best gamma: 10. Best Test accuracy: 0.8562. Train acc: 0.8510166666666666. 

09-12 17:02 DEBUG    PDM_KL log: {(0.5, 1, 10): {'shapes': [(784, 277), (277,), (277, 10), (10,)], 'train_accuracy': 0.8510166666666666, 'test_accuracy': 0.8562}} 
09-12 17:05 DEBUG    ****** PDM_KL matching ******** 
09-12 17:05 DEBUG    Best Sigma0: 0.5. Best sigma: 1 Best gamma: 10. Best Test accuracy: 0.0892. Train acc: 0.09035. 

09-12 17:05 DEBUG    PDM_KL log: {(0.5, 1, 10): {'shapes': [(784, 129), (129,), (129, 10), (10,)], 'train_accuracy': 0.09035, 'test_accuracy': 0.0892}} 
09-12 17:08 DEBUG    ****** PDM_KL matching ******** 
09-12 17:08 DEBUG    Best Sigma0: 0.5. Best sigma: 1 Best gamma: 10. Best Test accuracy: 0.0892. Train acc: 0.09035. 

09-12 17:08 DEBUG    PDM_KL log: {(0.5, 1, 10): {'shapes': [(784, 129), (129,), (129, 10), (10,)], 'train_accuracy': 0.09035, 'test_accuracy': 0.0892}} 
09-12 17:08 DEBUG    Trial 3 completed
09-12 17:08 DEBUG    ####################################################################################################
09-12 17:08 DEBUG    ####################################################################################################
09-12 17:08 DEBUG    Executing Trial 4 with seed 4
09-12 17:08 DEBUG    Data statistics: {0: {0: 122, 1: 356, 2: 174, 3: 760, 4: 2, 5: 3, 6: 868}, 1: {0: 263, 1: 19, 2: 423, 3: 17, 4: 246, 5: 78, 6: 245, 7: 259, 8: 253, 9: 17}, 2: {0: 174, 1: 216, 2: 396, 3: 24, 5: 497, 6: 222, 7: 335, 8: 482}, 3: {0: 240, 2: 50, 3: 46, 4: 4, 6: 10, 7: 248, 8: 169, 9: 752}, 4: {0: 1, 1: 1, 2: 17, 3: 1429, 4: 1005}, 5: {0: 89, 1: 174, 2: 48, 5: 423, 6: 51, 7: 556, 8: 535, 9: 758}, 6: {0: 45, 1: 1687, 2: 96, 3: 244}, 7: {0: 265, 1: 1016, 2: 160, 3: 56, 5: 286, 6: 57, 7: 300}, 8: {0: 971, 1: 184, 2: 899}, 9: {0: 91, 1: 152, 2: 725, 3: 2, 4: 5, 5: 3, 6: 11, 7: 574, 8: 50, 9: 237}, 10: {0: 706, 1: 122, 2: 955, 3: 434}, 11: {0: 492, 1: 4, 2: 100, 3: 23, 4: 174, 6: 799, 7: 103, 8: 612}, 12: {0: 226, 1: 43, 2: 4, 3: 6, 4: 151, 5: 838, 6: 78, 7: 12, 8: 3, 9: 130}, 13: {0: 502, 1: 385, 2: 58, 3: 133, 4: 661, 5: 734}, 14: {0: 99, 1: 5, 3: 1051, 4: 1, 5: 36, 6: 11, 8: 22, 9: 52}, 15: {0: 46, 1: 259, 2: 142, 3: 9, 4: 102, 5: 746, 6: 3, 7: 405, 8: 273, 9: 3}, 16: {0: 57, 1: 85, 2: 259, 3: 94, 4: 158, 5: 46, 6: 39, 7: 112, 8: 497, 9: 131}, 17: {0: 152, 1: 11, 2: 17, 3: 3, 4: 464, 5: 794, 6: 1109}, 18: {0: 161, 1: 304, 2: 315, 3: 5, 4: 41, 5: 1, 6: 453, 7: 74, 8: 392, 9: 286}, 19: {0: 1, 1: 172, 2: 7, 3: 536, 4: 2, 5: 278, 6: 13, 7: 1305}, 20: {0: 74, 2: 10, 3: 266, 4: 18, 5: 4, 6: 5, 7: 181, 8: 2, 9: 277}, 21: {0: 1, 1: 488, 2: 391, 3: 24, 4: 300, 5: 125, 6: 5, 7: 14, 8: 71, 9: 32}, 22: {0: 12, 1: 53, 2: 249, 3: 15, 5: 9, 6: 49, 7: 393, 8: 289, 9: 2041}, 23: {0: 1, 1: 73, 2: 17, 3: 38, 4: 735, 5: 69, 6: 314, 7: 159, 8: 447, 9: 114}, 24: {1: 56, 2: 2, 3: 52, 4: 54, 5: 39, 6: 3, 7: 142, 8: 319, 9: 315}, 25: {0: 5, 1: 579, 2: 9, 3: 322, 4: 600, 5: 293, 6: 999}, 26: {0: 800, 1: 3, 2: 278, 3: 47, 5: 16, 6: 49, 7: 327, 9: 624}, 27: {0: 111, 1: 2, 2: 35, 3: 49, 4: 577, 5: 1, 6: 96, 7: 164, 8: 819, 9: 137}, 28: {0: 108, 1: 6, 2: 109, 3: 299, 4: 129, 5: 39, 6: 65, 7: 343, 8: 73, 9: 42}, 29: {0: 108, 1: 287, 2: 13, 3: 147, 4: 413, 5: 63, 6: 364, 7: 259, 8: 543, 9: 1}}
09-12 17:10 DEBUG    **************************************************
09-12 17:10 DEBUG    Running experiments 

09-12 17:10 DEBUG    Uniform ensemble (Train acc): 0.944950
09-12 17:10 DEBUG    Uniform ensemble (Test acc): 0.944100
09-12 17:11 DEBUG    FedAvg (Train acc): 0.184133
09-12 17:11 DEBUG    FedAvg (Test acc): 0.185500
09-12 17:14 DEBUG    ****** PDM_KL matching ******** 
09-12 17:14 DEBUG    Best Sigma0: 0.5. Best sigma: 1 Best gamma: 10. Best Test accuracy: 0.915. Train acc: 0.9105333333333333. 

09-12 17:14 DEBUG    PDM_KL log: {(0.5, 1, 10): {'shapes': [(784, 334), (334,), (334, 10), (10,)], 'train_accuracy': 0.9105333333333333, 'test_accuracy': 0.915}} 
09-12 17:20 DEBUG    ****** PDM_KL matching ******** 
09-12 17:20 DEBUG    Best Sigma0: 0.5. Best sigma: 1 Best gamma: 10. Best Test accuracy: 0.9121. Train acc: 0.9089333333333334. 

09-12 17:20 DEBUG    PDM_KL log: {(0.5, 1, 10): {'shapes': [(784, 338), (338,), (338, 10), (10,)], 'train_accuracy': 0.9089333333333334, 'test_accuracy': 0.9121}} 
09-12 17:26 DEBUG    ****** PDM_KL matching ******** 
09-12 17:26 DEBUG    Best Sigma0: 0.5. Best sigma: 1 Best gamma: 10. Best Test accuracy: 0.9117. Train acc: 0.90735. 

09-12 17:26 DEBUG    PDM_KL log: {(0.5, 1, 10): {'shapes': [(784, 332), (332,), (332, 10), (10,)], 'train_accuracy': 0.90735, 'test_accuracy': 0.9117}} 
09-12 17:31 DEBUG    ****** PDM_KL matching ******** 
09-12 17:31 DEBUG    Best Sigma0: 0.5. Best sigma: 1 Best gamma: 10. Best Test accuracy: 0.9099. Train acc: 0.9070166666666667. 

09-12 17:31 DEBUG    PDM_KL log: {(0.5, 1, 10): {'shapes': [(784, 340), (340,), (340, 10), (10,)], 'train_accuracy': 0.9070166666666667, 'test_accuracy': 0.9099}} 
09-12 17:36 DEBUG    ****** PDM_KL matching ******** 
09-12 17:36 DEBUG    Best Sigma0: 0.5. Best sigma: 1 Best gamma: 10. Best Test accuracy: 0.921. Train acc: 0.9169333333333334. 

09-12 17:36 DEBUG    PDM_KL log: {(0.5, 1, 10): {'shapes': [(784, 336), (336,), (336, 10), (10,)], 'train_accuracy': 0.9169333333333334, 'test_accuracy': 0.921}} 
09-12 17:42 DEBUG    ****** PDM_KL matching ******** 
09-12 17:42 DEBUG    Best Sigma0: 0.5. Best sigma: 1 Best gamma: 10. Best Test accuracy: 0.9122. Train acc: 0.9103333333333333. 

09-12 17:42 DEBUG    PDM_KL log: {(0.5, 1, 10): {'shapes': [(784, 337), (337,), (337, 10), (10,)], 'train_accuracy': 0.9103333333333333, 'test_accuracy': 0.9122}} 
09-12 17:49 DEBUG    ****** PDM_KL matching ******** 
09-12 17:49 DEBUG    Best Sigma0: 0.5. Best sigma: 1 Best gamma: 10. Best Test accuracy: 0.9225. Train acc: 0.9194. 

09-12 17:49 DEBUG    PDM_KL log: {(0.5, 1, 10): {'shapes': [(784, 363), (363,), (363, 10), (10,)], 'train_accuracy': 0.9194, 'test_accuracy': 0.9225}} 
09-12 17:56 DEBUG    ****** PDM_KL matching ******** 
09-12 17:56 DEBUG    Best Sigma0: 0.5. Best sigma: 1 Best gamma: 10. Best Test accuracy: 0.9053. Train acc: 0.9014166666666666. 

09-12 17:56 DEBUG    PDM_KL log: {(0.5, 1, 10): {'shapes': [(784, 322), (322,), (322, 10), (10,)], 'train_accuracy': 0.9014166666666666, 'test_accuracy': 0.9053}} 
09-12 18:02 DEBUG    ****** PDM_KL matching ******** 
09-12 18:02 DEBUG    Best Sigma0: 0.5. Best sigma: 1 Best gamma: 10. Best Test accuracy: 0.8768. Train acc: 0.8705333333333334. 

09-12 18:02 DEBUG    PDM_KL log: {(0.5, 1, 10): {'shapes': [(784, 262), (262,), (262, 10), (10,)], 'train_accuracy': 0.8705333333333334, 'test_accuracy': 0.8768}} 
09-12 18:04 DEBUG    ****** PDM_KL matching ******** 
09-12 18:04 DEBUG    Best Sigma0: 0.5. Best sigma: 1 Best gamma: 10. Best Test accuracy: 0.0892. Train acc: 0.09035. 

09-12 18:04 DEBUG    PDM_KL log: {(0.5, 1, 10): {'shapes': [(784, 129), (129,), (129, 10), (10,)], 'train_accuracy': 0.09035, 'test_accuracy': 0.0892}} 
09-12 18:06 DEBUG    ****** PDM_KL matching ******** 
09-12 18:06 DEBUG    Best Sigma0: 0.5. Best sigma: 1 Best gamma: 10. Best Test accuracy: 0.0892. Train acc: 0.09035. 

09-12 18:06 DEBUG    PDM_KL log: {(0.5, 1, 10): {'shapes': [(784, 129), (129,), (129, 10), (10,)], 'train_accuracy': 0.09035, 'test_accuracy': 0.0892}} 
09-12 18:06 DEBUG    Trial 4 completed
09-12 18:06 DEBUG    ####################################################################################################
09-12 18:06 DEBUG    ####################################################################################################
09-12 18:06 DEBUG    Executing Trial 5 with seed 5
09-12 18:07 DEBUG    Data statistics: {0: {0: 165, 1: 1354, 2: 392, 3: 67, 4: 232}, 1: {0: 342, 1: 291, 2: 307, 3: 299, 4: 21, 5: 1376}, 2: {0: 121, 1: 17, 2: 12, 3: 8, 4: 1, 5: 100, 6: 14, 7: 377, 8: 25, 9: 44}, 3: {0: 1, 1: 13, 2: 232, 4: 21, 5: 74, 6: 1, 7: 12, 8: 66, 9: 529}, 4: {0: 2, 1: 3, 2: 107, 3: 754, 4: 413, 5: 25, 6: 93, 7: 2, 8: 9, 9: 118}, 5: {0: 9, 1: 65, 2: 215, 3: 143, 4: 44, 5: 95, 7: 86, 8: 2, 9: 281}, 6: {1: 1689, 2: 21, 3: 181, 4: 102, 5: 28}, 7: {0: 43, 3: 63, 4: 143, 5: 188, 6: 17, 7: 5, 8: 30, 9: 1105}, 8: {0: 73, 1: 660, 2: 3, 3: 46, 4: 72, 5: 2, 6: 91, 7: 182, 8: 6, 9: 12}, 9: {0: 15, 1: 33, 2: 533, 3: 18, 4: 525, 5: 1, 6: 113, 7: 20, 8: 1216}, 10: {0: 1118, 1: 10, 2: 138, 3: 11, 4: 10, 5: 283, 6: 119, 7: 684}, 11: {0: 2, 1: 28, 2: 335, 4: 962, 5: 1, 6: 7, 7: 472, 8: 133, 9: 262}, 12: {0: 748, 1: 197, 2: 111, 3: 359, 4: 265, 5: 236, 6: 5, 7: 430}, 13: {0: 441, 1: 725, 2: 1, 3: 208, 4: 339, 5: 2, 6: 2, 7: 315}, 14: {0: 115, 1: 216, 3: 141, 4: 8, 5: 411, 6: 55, 7: 204, 8: 1304}, 15: {0: 459, 1: 55, 2: 54, 3: 21, 4: 103, 5: 693, 6: 282, 7: 3, 8: 237, 9: 263}, 16: {0: 55, 1: 139, 2: 55, 3: 199, 4: 50, 5: 6, 6: 775, 7: 93, 8: 8}, 17: {0: 27, 1: 902, 2: 20, 3: 542, 4: 19, 5: 16, 6: 179, 7: 1, 8: 4, 9: 206}, 18: {0: 21, 1: 17, 2: 40, 4: 1129, 5: 281, 6: 1101}, 19: {0: 6, 1: 38, 2: 538, 3: 303, 5: 32, 6: 65, 7: 75, 8: 2, 9: 1222}, 20: {0: 6, 1: 153, 2: 180, 3: 122, 4: 651, 5: 33, 6: 179, 7: 10, 8: 1, 9: 1}, 21: {0: 355, 1: 13, 2: 569, 3: 311, 4: 18, 6: 42, 7: 1338}, 22: {0: 679, 1: 3, 2: 62, 3: 145, 4: 76, 5: 835, 6: 153, 7: 1359}, 23: {0: 93, 1: 11, 2: 229, 3: 567, 4: 82, 5: 3, 6: 104, 7: 259, 8: 1133}, 24: {0: 212, 1: 2, 2: 456, 3: 605, 4: 291, 5: 128, 6: 118, 7: 67, 8: 94, 9: 913}, 25: {0: 11, 1: 1, 2: 887, 3: 84, 4: 14, 5: 166, 6: 669, 7: 9, 8: 108, 9: 164}, 26: {0: 352, 1: 15, 2: 2, 3: 775, 4: 57, 5: 60, 6: 5, 8: 821}, 27: {1: 12, 2: 145, 3: 9, 5: 191, 6: 139, 7: 203, 8: 22, 9: 573}, 28: {0: 343, 1: 27, 2: 110, 3: 4, 4: 119, 5: 90, 6: 498, 7: 53, 8: 347, 9: 256}, 29: {0: 109, 1: 53, 2: 204, 3: 146, 4: 75, 5: 65, 6: 1092, 7: 6, 8: 283}}
09-12 18:08 DEBUG    **************************************************
09-12 18:08 DEBUG    Running experiments 

09-12 18:08 DEBUG    Uniform ensemble (Train acc): 0.927650
09-12 18:08 DEBUG    Uniform ensemble (Test acc): 0.926700
09-12 18:08 DEBUG    FedAvg (Train acc): 0.143017
09-12 18:08 DEBUG    FedAvg (Test acc): 0.143400
09-12 18:12 DEBUG    ****** PDM_KL matching ******** 
09-12 18:12 DEBUG    Best Sigma0: 0.5. Best sigma: 1 Best gamma: 10. Best Test accuracy: 0.8306. Train acc: 0.8335666666666667. 

09-12 18:12 DEBUG    PDM_KL log: {(0.5, 1, 10): {'shapes': [(784, 315), (315,), (315, 10), (10,)], 'train_accuracy': 0.8335666666666667, 'test_accuracy': 0.8306}} 
09-12 18:17 DEBUG    ****** PDM_KL matching ******** 
09-12 18:17 DEBUG    Best Sigma0: 0.5. Best sigma: 1 Best gamma: 10. Best Test accuracy: 0.8338. Train acc: 0.8343. 

09-12 18:17 DEBUG    PDM_KL log: {(0.5, 1, 10): {'shapes': [(784, 317), (317,), (317, 10), (10,)], 'train_accuracy': 0.8343, 'test_accuracy': 0.8338}} 
09-12 18:22 DEBUG    ****** PDM_KL matching ******** 
09-12 18:22 DEBUG    Best Sigma0: 0.5. Best sigma: 1 Best gamma: 10. Best Test accuracy: 0.8193. Train acc: 0.8212166666666667. 

09-12 18:22 DEBUG    PDM_KL log: {(0.5, 1, 10): {'shapes': [(784, 311), (311,), (311, 10), (10,)], 'train_accuracy': 0.8212166666666667, 'test_accuracy': 0.8193}} 
09-12 18:27 DEBUG    ****** PDM_KL matching ******** 
09-12 18:27 DEBUG    Best Sigma0: 0.5. Best sigma: 1 Best gamma: 10. Best Test accuracy: 0.8289. Train acc: 0.8324166666666667. 

09-12 18:27 DEBUG    PDM_KL log: {(0.5, 1, 10): {'shapes': [(784, 312), (312,), (312, 10), (10,)], 'train_accuracy': 0.8324166666666667, 'test_accuracy': 0.8289}} 
09-12 18:32 DEBUG    ****** PDM_KL matching ******** 
09-12 18:32 DEBUG    Best Sigma0: 0.5. Best sigma: 1 Best gamma: 10. Best Test accuracy: 0.8269. Train acc: 0.8297666666666667. 

09-12 18:32 DEBUG    PDM_KL log: {(0.5, 1, 10): {'shapes': [(784, 315), (315,), (315, 10), (10,)], 'train_accuracy': 0.8297666666666667, 'test_accuracy': 0.8269}} 
09-12 18:36 DEBUG    ****** PDM_KL matching ******** 
09-12 18:36 DEBUG    Best Sigma0: 0.5. Best sigma: 1 Best gamma: 10. Best Test accuracy: 0.8223. Train acc: 0.8243333333333334. 

09-12 18:36 DEBUG    PDM_KL log: {(0.5, 1, 10): {'shapes': [(784, 317), (317,), (317, 10), (10,)], 'train_accuracy': 0.8243333333333334, 'test_accuracy': 0.8223}} 
09-12 18:42 DEBUG    ****** PDM_KL matching ******** 
09-12 18:42 DEBUG    Best Sigma0: 0.5. Best sigma: 1 Best gamma: 10. Best Test accuracy: 0.8269. Train acc: 0.8282666666666667. 

09-12 18:42 DEBUG    PDM_KL log: {(0.5, 1, 10): {'shapes': [(784, 347), (347,), (347, 10), (10,)], 'train_accuracy': 0.8282666666666667, 'test_accuracy': 0.8269}} 
09-12 18:49 DEBUG    ****** PDM_KL matching ******** 
09-12 18:49 DEBUG    Best Sigma0: 0.5. Best sigma: 1 Best gamma: 10. Best Test accuracy: 0.8274. Train acc: 0.8266166666666667. 

09-12 18:49 DEBUG    PDM_KL log: {(0.5, 1, 10): {'shapes': [(784, 329), (329,), (329, 10), (10,)], 'train_accuracy': 0.8266166666666667, 'test_accuracy': 0.8274}} 
09-12 18:56 DEBUG    ****** PDM_KL matching ******** 
09-12 18:56 DEBUG    Best Sigma0: 0.5. Best sigma: 1 Best gamma: 10. Best Test accuracy: 0.8229. Train acc: 0.8234666666666667. 

09-12 18:56 DEBUG    PDM_KL log: {(0.5, 1, 10): {'shapes': [(784, 302), (302,), (302, 10), (10,)], 'train_accuracy': 0.8234666666666667, 'test_accuracy': 0.8229}} 
09-12 18:58 DEBUG    ****** PDM_KL matching ******** 
09-12 18:58 DEBUG    Best Sigma0: 0.5. Best sigma: 1 Best gamma: 10. Best Test accuracy: 0.0892. Train acc: 0.09035. 

09-12 18:58 DEBUG    PDM_KL log: {(0.5, 1, 10): {'shapes': [(784, 129), (129,), (129, 10), (10,)], 'train_accuracy': 0.09035, 'test_accuracy': 0.0892}} 
09-12 19:01 DEBUG    ****** PDM_KL matching ******** 
09-12 19:01 DEBUG    Best Sigma0: 0.5. Best sigma: 1 Best gamma: 10. Best Test accuracy: 0.0892. Train acc: 0.09035. 

09-12 19:01 DEBUG    PDM_KL log: {(0.5, 1, 10): {'shapes': [(784, 129), (129,), (129, 10), (10,)], 'train_accuracy': 0.09035, 'test_accuracy': 0.0892}} 
09-12 19:01 DEBUG    Trial 5 completed
09-12 19:01 DEBUG    ####################################################################################################
09-12 19:01 DEBUG    ####################################################################################################
09-12 19:01 DEBUG    Executing Trial 6 with seed 6
09-12 19:01 DEBUG    Data statistics: {0: {0: 647, 1: 1466}, 1: {0: 754, 1: 297, 2: 258, 3: 58, 4: 623, 5: 6, 7: 2, 8: 952}, 2: {0: 65, 1: 569, 2: 199, 3: 111, 4: 113, 5: 412, 6: 9, 7: 234, 8: 308}, 3: {0: 8, 1: 1, 2: 10, 3: 14, 4: 56, 5: 50, 6: 679, 7: 277, 8: 326, 9: 262}, 4: {0: 41, 1: 74, 2: 86, 3: 194, 4: 10, 5: 17, 6: 209, 7: 34, 8: 182, 9: 91}, 5: {1: 3, 2: 29, 3: 225, 4: 558, 5: 1, 6: 17, 7: 142, 8: 194, 9: 52}, 6: {0: 335, 2: 2, 3: 2, 4: 300, 5: 238, 6: 139, 7: 266, 8: 11, 9: 33}, 7: {0: 18, 1: 553, 2: 15, 3: 87, 4: 439, 5: 298, 6: 486, 7: 1689}, 8: {0: 75, 2: 26, 3: 671, 4: 118, 5: 76, 6: 54, 7: 174, 8: 32, 9: 189}, 9: {0: 2, 1: 133, 2: 78, 3: 335, 4: 263, 6: 1063, 7: 56, 8: 96}, 10: {0: 130, 1: 72, 2: 1, 3: 2, 5: 752, 6: 1, 7: 4, 8: 145, 9: 59}, 11: {0: 6, 1: 267, 2: 1, 3: 381, 4: 82, 5: 395, 6: 634, 7: 57, 8: 380}, 12: {0: 42, 1: 12, 2: 25, 3: 128, 4: 103, 5: 10, 6: 79, 7: 703, 8: 2, 9: 144}, 13: {0: 6, 1: 14, 2: 202, 3: 66, 4: 31, 5: 3, 6: 17, 7: 20, 9: 255}, 14: {0: 181, 1: 11, 2: 47, 3: 16, 4: 229, 5: 7, 6: 33, 7: 1028, 8: 239, 9: 299}, 15: {0: 209, 1: 36, 2: 1062, 3: 105, 4: 19, 5: 286, 6: 765}, 16: {0: 765, 1: 31, 2: 960, 3: 70, 4: 844}, 17: {0: 183, 1: 1450, 2: 1, 3: 150, 4: 16, 5: 1229}, 18: {0: 14, 1: 73, 2: 718, 3: 55, 4: 85, 5: 363, 6: 367, 7: 779}, 19: {0: 2, 1: 310, 2: 299, 3: 1168, 4: 294}, 20: {0: 218, 1: 106, 2: 292, 3: 110, 4: 16, 6: 33, 7: 207, 8: 148, 9: 7}, 21: {1: 91, 2: 582, 3: 184, 4: 200, 5: 366, 6: 6, 7: 55, 8: 295, 9: 592}, 22: {0: 431, 1: 399, 2: 78, 3: 180, 4: 9, 5: 64, 6: 100, 7: 4, 8: 334, 9: 28}, 23: {0: 478, 1: 203, 2: 231, 3: 1180}, 24: {0: 40, 1: 77, 2: 377, 3: 184, 4: 2, 5: 70, 6: 32, 7: 25, 8: 4, 9: 100}, 25: {0: 423, 1: 5, 2: 55, 3: 36, 4: 192, 5: 82, 6: 12, 7: 11, 8: 182, 9: 63}, 26: {0: 77, 1: 9, 2: 3, 3: 4, 4: 7, 5: 23, 6: 278, 7: 55, 8: 476, 9: 695}, 27: {0: 9, 1: 178, 2: 302, 3: 17, 4: 144, 5: 464, 6: 53, 7: 21, 8: 103, 9: 3080}, 28: {0: 554, 1: 9, 2: 16, 3: 305, 4: 803, 5: 184, 6: 845}, 29: {0: 210, 1: 293, 2: 3, 3: 93, 4: 286, 5: 25, 6: 7, 7: 422, 8: 1442}}
09-12 19:02 DEBUG    **************************************************
09-12 19:02 DEBUG    Running experiments 

09-12 19:03 DEBUG    Uniform ensemble (Train acc): 0.942833
09-12 19:03 DEBUG    Uniform ensemble (Test acc): 0.942300
09-12 19:03 DEBUG    FedAvg (Train acc): 0.191617
09-12 19:03 DEBUG    FedAvg (Test acc): 0.196100
09-12 19:06 DEBUG    ****** PDM_KL matching ******** 
09-12 19:06 DEBUG    Best Sigma0: 0.5. Best sigma: 1 Best gamma: 10. Best Test accuracy: 0.8385. Train acc: 0.8438333333333333. 

09-12 19:06 DEBUG    PDM_KL log: {(0.5, 1, 10): {'shapes': [(784, 330), (330,), (330, 10), (10,)], 'train_accuracy': 0.8438333333333333, 'test_accuracy': 0.8385}} 
09-12 19:10 DEBUG    ****** PDM_KL matching ******** 
09-12 19:10 DEBUG    Best Sigma0: 0.5. Best sigma: 1 Best gamma: 10. Best Test accuracy: 0.8387. Train acc: 0.8428166666666667. 

09-12 19:10 DEBUG    PDM_KL log: {(0.5, 1, 10): {'shapes': [(784, 331), (331,), (331, 10), (10,)], 'train_accuracy': 0.8428166666666667, 'test_accuracy': 0.8387}} 
09-12 19:13 DEBUG    ****** PDM_KL matching ******** 
09-12 19:13 DEBUG    Best Sigma0: 0.5. Best sigma: 1 Best gamma: 10. Best Test accuracy: 0.8385. Train acc: 0.8428. 

09-12 19:13 DEBUG    PDM_KL log: {(0.5, 1, 10): {'shapes': [(784, 331), (331,), (331, 10), (10,)], 'train_accuracy': 0.8428, 'test_accuracy': 0.8385}} 
09-12 19:17 DEBUG    ****** PDM_KL matching ******** 
09-12 19:17 DEBUG    Best Sigma0: 0.5. Best sigma: 1 Best gamma: 10. Best Test accuracy: 0.8384. Train acc: 0.8437833333333333. 

09-12 19:17 DEBUG    PDM_KL log: {(0.5, 1, 10): {'shapes': [(784, 335), (335,), (335, 10), (10,)], 'train_accuracy': 0.8437833333333333, 'test_accuracy': 0.8384}} 
09-12 19:21 DEBUG    ****** PDM_KL matching ******** 
09-12 19:21 DEBUG    Best Sigma0: 0.5. Best sigma: 1 Best gamma: 10. Best Test accuracy: 0.8413. Train acc: 0.846. 

09-12 19:21 DEBUG    PDM_KL log: {(0.5, 1, 10): {'shapes': [(784, 331), (331,), (331, 10), (10,)], 'train_accuracy': 0.846, 'test_accuracy': 0.8413}} 
09-12 19:25 DEBUG    ****** PDM_KL matching ******** 
09-12 19:25 DEBUG    Best Sigma0: 0.5. Best sigma: 1 Best gamma: 10. Best Test accuracy: 0.8468. Train acc: 0.8517. 

09-12 19:25 DEBUG    PDM_KL log: {(0.5, 1, 10): {'shapes': [(784, 329), (329,), (329, 10), (10,)], 'train_accuracy': 0.8517, 'test_accuracy': 0.8468}} 
09-12 19:30 DEBUG    ****** PDM_KL matching ******** 
09-12 19:30 DEBUG    Best Sigma0: 0.5. Best sigma: 1 Best gamma: 10. Best Test accuracy: 0.84. Train acc: 0.8429. 

09-12 19:30 DEBUG    PDM_KL log: {(0.5, 1, 10): {'shapes': [(784, 342), (342,), (342, 10), (10,)], 'train_accuracy': 0.8429, 'test_accuracy': 0.84}} 
09-12 19:35 DEBUG    ****** PDM_KL matching ******** 
09-12 19:35 DEBUG    Best Sigma0: 0.5. Best sigma: 1 Best gamma: 10. Best Test accuracy: 0.8475. Train acc: 0.8508833333333333. 

09-12 19:35 DEBUG    PDM_KL log: {(0.5, 1, 10): {'shapes': [(784, 327), (327,), (327, 10), (10,)], 'train_accuracy': 0.8508833333333333, 'test_accuracy': 0.8475}} 
09-12 19:41 DEBUG    ****** PDM_KL matching ******** 
09-12 19:41 DEBUG    Best Sigma0: 0.5. Best sigma: 1 Best gamma: 10. Best Test accuracy: 0.8338. Train acc: 0.8350666666666666. 

09-12 19:41 DEBUG    PDM_KL log: {(0.5, 1, 10): {'shapes': [(784, 314), (314,), (314, 10), (10,)], 'train_accuracy': 0.8350666666666666, 'test_accuracy': 0.8338}} 
09-12 19:43 DEBUG    ****** PDM_KL matching ******** 
09-12 19:43 DEBUG    Best Sigma0: 0.5. Best sigma: 1 Best gamma: 10. Best Test accuracy: 0.0892. Train acc: 0.09035. 

09-12 19:43 DEBUG    PDM_KL log: {(0.5, 1, 10): {'shapes': [(784, 129), (129,), (129, 10), (10,)], 'train_accuracy': 0.09035, 'test_accuracy': 0.0892}} 
09-12 19:44 DEBUG    ****** PDM_KL matching ******** 
09-12 19:44 DEBUG    Best Sigma0: 0.5. Best sigma: 1 Best gamma: 10. Best Test accuracy: 0.0892. Train acc: 0.09035. 

09-12 19:44 DEBUG    PDM_KL log: {(0.5, 1, 10): {'shapes': [(784, 129), (129,), (129, 10), (10,)], 'train_accuracy': 0.09035, 'test_accuracy': 0.0892}} 
09-12 19:44 DEBUG    Trial 6 completed
09-12 19:44 DEBUG    ####################################################################################################
09-12 19:44 DEBUG    ####################################################################################################
09-12 19:44 DEBUG    Executing Trial 7 with seed 7
09-12 19:44 DEBUG    Data statistics: {0: {0: 17, 1: 433, 2: 25, 3: 485, 4: 73, 5: 6, 6: 91, 7: 108, 8: 1, 9: 764}, 1: {0: 54, 1: 221, 2: 1932}, 2: {0: 1554, 1: 930}, 3: {0: 191, 1: 327, 2: 52, 3: 101, 4: 342, 5: 3, 6: 3, 7: 65, 8: 673, 9: 8}, 4: {0: 110, 1: 39, 2: 64, 3: 3, 4: 7, 5: 1088, 6: 13, 7: 51, 8: 267, 9: 203}, 5: {0: 46, 1: 20, 2: 160, 4: 107, 5: 73, 6: 455, 7: 141, 8: 55, 9: 65}, 6: {0: 273, 1: 456, 2: 113, 4: 340, 5: 193, 6: 41, 7: 752}, 7: {0: 47, 1: 202, 2: 14, 3: 3, 4: 100, 5: 88, 6: 685, 7: 1684}, 8: {0: 44, 1: 33, 2: 35, 3: 42, 4: 54, 5: 10, 6: 45, 7: 58, 8: 628, 9: 905}, 9: {0: 228, 1: 752, 2: 28, 4: 6, 5: 5, 6: 3, 7: 133, 8: 1128}, 10: {0: 111, 1: 249, 2: 3, 3: 1, 4: 2, 5: 8, 6: 764, 7: 41, 8: 182, 9: 18}, 11: {0: 314, 1: 4, 2: 115, 3: 248, 4: 882, 5: 194, 6: 70, 7: 522}, 12: {0: 9, 1: 163, 2: 209, 3: 10, 4: 257, 5: 889, 6: 552}, 13: {1: 144, 2: 618, 3: 73, 4: 198, 5: 1, 6: 697, 7: 463}, 14: {0: 132, 1: 768, 2: 1118}, 15: {0: 105, 1: 59, 2: 3, 3: 793, 4: 83, 5: 31, 6: 30, 7: 347, 8: 43, 9: 462}, 16: {0: 32, 1: 255, 2: 7, 3: 254, 4: 97, 5: 119, 6: 291, 7: 1, 8: 874, 9: 252}, 17: {0: 289, 1: 289, 2: 155, 3: 959, 4: 317}, 18: {0: 5, 1: 87, 3: 68, 4: 10, 5: 54, 6: 179, 8: 276, 9: 6}, 19: {0: 21, 1: 45, 3: 854, 4: 100, 5: 1134}, 20: {0: 13, 1: 67, 2: 146, 3: 68, 4: 212, 5: 4, 6: 4, 7: 152, 8: 2, 9: 1598}, 21: {0: 1143, 1: 552, 2: 271, 3: 222}, 22: {1: 198, 2: 578, 4: 285, 6: 1108}, 23: {0: 11, 1: 65, 2: 8, 3: 473, 4: 3, 5: 92, 6: 193, 7: 144, 8: 21, 9: 1487}, 24: {0: 103, 1: 52, 2: 29, 3: 292, 4: 454, 5: 114, 6: 15, 7: 1, 8: 1252}, 25: {0: 1, 2: 112, 3: 153, 4: 36, 5: 75, 7: 14, 8: 239, 9: 180}, 26: {0: 37, 1: 219, 2: 12, 3: 30, 4: 741, 5: 14, 6: 268, 7: 478, 8: 209}, 27: {0: 60, 1: 3, 2: 105, 3: 110, 4: 324, 5: 186, 6: 124, 7: 1110}, 28: {0: 907, 1: 16, 3: 374, 4: 742}, 29: {0: 66, 1: 94, 2: 46, 3: 515, 4: 70, 5: 1040, 6: 287, 8: 1, 9: 1}}
09-12 19:45 DEBUG    **************************************************
09-12 19:45 DEBUG    Running experiments 

09-12 19:45 DEBUG    Uniform ensemble (Train acc): 0.890417
09-12 19:45 DEBUG    Uniform ensemble (Test acc): 0.890800
09-12 19:45 DEBUG    FedAvg (Train acc): 0.114083
09-12 19:45 DEBUG    FedAvg (Test acc): 0.116300
09-12 19:47 DEBUG    ****** PDM_KL matching ******** 
09-12 19:47 DEBUG    Best Sigma0: 0.5. Best sigma: 1 Best gamma: 10. Best Test accuracy: 0.7913. Train acc: 0.78875. 

09-12 19:47 DEBUG    PDM_KL log: {(0.5, 1, 10): {'shapes': [(784, 325), (325,), (325, 10), (10,)], 'train_accuracy': 0.78875, 'test_accuracy': 0.7913}} 
09-12 19:51 DEBUG    ****** PDM_KL matching ******** 
09-12 19:51 DEBUG    Best Sigma0: 0.5. Best sigma: 1 Best gamma: 10. Best Test accuracy: 0.8033. Train acc: 0.8015833333333333. 

09-12 19:51 DEBUG    PDM_KL log: {(0.5, 1, 10): {'shapes': [(784, 329), (329,), (329, 10), (10,)], 'train_accuracy': 0.8015833333333333, 'test_accuracy': 0.8033}} 
09-12 19:54 DEBUG    ****** PDM_KL matching ******** 
09-12 19:54 DEBUG    Best Sigma0: 0.5. Best sigma: 1 Best gamma: 10. Best Test accuracy: 0.7909. Train acc: 0.7886. 

09-12 19:54 DEBUG    PDM_KL log: {(0.5, 1, 10): {'shapes': [(784, 322), (322,), (322, 10), (10,)], 'train_accuracy': 0.7886, 'test_accuracy': 0.7909}} 
09-12 19:58 DEBUG    ****** PDM_KL matching ******** 
09-12 19:58 DEBUG    Best Sigma0: 0.5. Best sigma: 1 Best gamma: 10. Best Test accuracy: 0.8059. Train acc: 0.80435. 

09-12 19:58 DEBUG    PDM_KL log: {(0.5, 1, 10): {'shapes': [(784, 322), (322,), (322, 10), (10,)], 'train_accuracy': 0.80435, 'test_accuracy': 0.8059}} 
09-12 20:02 DEBUG    ****** PDM_KL matching ******** 
09-12 20:02 DEBUG    Best Sigma0: 0.5. Best sigma: 1 Best gamma: 10. Best Test accuracy: 0.803. Train acc: 0.8021166666666667. 

09-12 20:02 DEBUG    PDM_KL log: {(0.5, 1, 10): {'shapes': [(784, 321), (321,), (321, 10), (10,)], 'train_accuracy': 0.8021166666666667, 'test_accuracy': 0.803}} 
09-12 20:06 DEBUG    ****** PDM_KL matching ******** 
09-12 20:06 DEBUG    Best Sigma0: 0.5. Best sigma: 1 Best gamma: 10. Best Test accuracy: 0.793. Train acc: 0.7944666666666667. 

09-12 20:06 DEBUG    PDM_KL log: {(0.5, 1, 10): {'shapes': [(784, 325), (325,), (325, 10), (10,)], 'train_accuracy': 0.7944666666666667, 'test_accuracy': 0.793}} 
09-12 20:12 DEBUG    ****** PDM_KL matching ******** 
09-12 20:12 DEBUG    Best Sigma0: 0.5. Best sigma: 1 Best gamma: 10. Best Test accuracy: 0.8101. Train acc: 0.8101166666666667. 

09-12 20:12 DEBUG    PDM_KL log: {(0.5, 1, 10): {'shapes': [(784, 324), (324,), (324, 10), (10,)], 'train_accuracy': 0.8101166666666667, 'test_accuracy': 0.8101}} 
09-12 20:16 DEBUG    ****** PDM_KL matching ******** 
09-12 20:16 DEBUG    Best Sigma0: 0.5. Best sigma: 1 Best gamma: 10. Best Test accuracy: 0.7867. Train acc: 0.78675. 

09-12 20:16 DEBUG    PDM_KL log: {(0.5, 1, 10): {'shapes': [(784, 316), (316,), (316, 10), (10,)], 'train_accuracy': 0.78675, 'test_accuracy': 0.7867}} 
09-12 20:20 DEBUG    ****** PDM_KL matching ******** 
09-12 20:20 DEBUG    Best Sigma0: 0.5. Best sigma: 1 Best gamma: 10. Best Test accuracy: 0.7844. Train acc: 0.78645. 

09-12 20:20 DEBUG    PDM_KL log: {(0.5, 1, 10): {'shapes': [(784, 304), (304,), (304, 10), (10,)], 'train_accuracy': 0.78645, 'test_accuracy': 0.7844}} 
09-12 20:21 DEBUG    ****** PDM_KL matching ******** 
09-12 20:21 DEBUG    Best Sigma0: 0.5. Best sigma: 1 Best gamma: 10. Best Test accuracy: 0.0892. Train acc: 0.09035. 

09-12 20:21 DEBUG    PDM_KL log: {(0.5, 1, 10): {'shapes': [(784, 129), (129,), (129, 10), (10,)], 'train_accuracy': 0.09035, 'test_accuracy': 0.0892}} 
09-12 20:23 DEBUG    ****** PDM_KL matching ******** 
09-12 20:23 DEBUG    Best Sigma0: 0.5. Best sigma: 1 Best gamma: 10. Best Test accuracy: 0.0892. Train acc: 0.09035. 

09-12 20:23 DEBUG    PDM_KL log: {(0.5, 1, 10): {'shapes': [(784, 129), (129,), (129, 10), (10,)], 'train_accuracy': 0.09035, 'test_accuracy': 0.0892}} 
09-12 20:23 DEBUG    Trial 7 completed
09-12 20:23 DEBUG    ####################################################################################################
09-12 20:23 DEBUG    ####################################################################################################
09-12 20:23 DEBUG    Executing Trial 8 with seed 8
09-12 20:23 DEBUG    Data statistics: {0: {0: 216, 1: 853, 2: 765, 3: 35, 4: 207}, 1: {0: 169, 1: 49, 2: 272, 3: 277, 4: 93, 5: 15, 6: 80, 7: 53, 8: 32, 9: 1152}, 2: {0: 132, 1: 54, 2: 42, 3: 62, 5: 32, 6: 111, 7: 40, 8: 877}, 3: {0: 163, 1: 77, 2: 1, 3: 1150, 4: 84, 5: 90, 6: 376, 7: 288}, 4: {0: 72, 1: 242, 2: 983, 3: 4, 4: 32, 5: 41, 7: 1658}, 5: {0: 206, 1: 478, 2: 35, 3: 259, 4: 108, 5: 46, 6: 141, 7: 31, 8: 292, 9: 254}, 6: {0: 953, 1: 341, 3: 411, 4: 297}, 7: {0: 29, 1: 18, 2: 16, 3: 81, 4: 57, 5: 377, 6: 267, 8: 553, 9: 896}, 8: {0: 177, 1: 409, 2: 29, 3: 168, 4: 118, 5: 8, 6: 39, 7: 13, 8: 5, 9: 47}, 9: {0: 56, 1: 205, 2: 41, 3: 43, 4: 111, 5: 4, 6: 44, 7: 153, 8: 9, 9: 856}, 10: {0: 68, 2: 162, 3: 83, 4: 447, 5: 3, 6: 281, 9: 116}, 11: {0: 303, 1: 1, 2: 613, 3: 418, 4: 63, 5: 84, 6: 19, 7: 16, 9: 15}, 12: {0: 54, 1: 498, 2: 442, 3: 81, 4: 166, 5: 93, 6: 979}, 13: {0: 486, 1: 258, 2: 13, 3: 4, 4: 912, 5: 1751}, 14: {0: 295, 1: 53, 3: 125, 4: 111, 5: 2, 6: 244, 7: 133, 8: 579, 9: 10}, 15: {0: 180, 1: 140, 2: 1, 3: 496, 4: 416, 5: 36, 6: 12, 7: 939}, 16: {0: 15, 1: 37, 2: 74, 3: 29, 4: 33, 5: 534, 6: 702, 7: 54, 8: 542}, 17: {0: 531, 1: 480, 3: 433, 4: 183, 5: 1380}, 18: {0: 2, 1: 194, 2: 166, 3: 256, 4: 2, 5: 2, 6: 84, 7: 429, 8: 98, 9: 1}, 19: {0: 694, 1: 109, 2: 683, 3: 164, 4: 69, 5: 47, 6: 1658}, 20: {0: 15, 1: 777, 2: 5, 3: 510, 4: 82, 6: 22, 7: 53, 9: 2}, 21: {0: 91, 1: 54, 2: 156, 3: 4, 4: 488, 5: 107, 6: 65, 7: 842, 8: 3, 9: 3}, 22: {0: 157, 1: 267, 2: 512, 3: 587, 4: 162, 5: 388}, 23: {0: 34, 1: 437, 2: 77, 3: 11, 4: 10, 5: 48, 6: 9, 7: 2, 8: 541, 9: 508}, 24: {0: 36, 2: 242, 3: 8, 4: 406, 5: 48, 6: 22, 7: 9, 8: 312, 9: 6}, 25: {0: 547, 1: 296, 2: 335, 4: 391, 5: 129, 6: 569}, 26: {0: 6, 1: 2, 2: 159, 3: 314, 4: 84, 5: 1, 6: 20, 7: 1019, 8: 749}, 27: {0: 160, 1: 7, 2: 23, 3: 12, 4: 70, 5: 90, 6: 39, 7: 279, 8: 1045, 9: 1967}, 28: {0: 74, 1: 159, 2: 15, 3: 71, 4: 639, 5: 2, 6: 39, 7: 25, 8: 192, 9: 22}, 29: {0: 2, 1: 247, 2: 96, 3: 35, 4: 1, 5: 63, 6: 96, 7: 229, 8: 22, 9: 94}}
09-12 20:23 DEBUG    **************************************************
09-12 20:23 DEBUG    Running experiments 

09-12 20:24 DEBUG    Uniform ensemble (Train acc): 0.874283
09-12 20:24 DEBUG    Uniform ensemble (Test acc): 0.872000
09-12 20:24 DEBUG    FedAvg (Train acc): 0.120917
09-12 20:24 DEBUG    FedAvg (Test acc): 0.124100
09-12 20:25 DEBUG    ****** PDM_KL matching ******** 
09-12 20:25 DEBUG    Best Sigma0: 0.5. Best sigma: 1 Best gamma: 10. Best Test accuracy: 0.7846. Train acc: 0.78795. 

09-12 20:25 DEBUG    PDM_KL log: {(0.5, 1, 10): {'shapes': [(784, 326), (326,), (326, 10), (10,)], 'train_accuracy': 0.78795, 'test_accuracy': 0.7846}} 
09-12 20:28 DEBUG    ****** PDM_KL matching ******** 
09-12 20:28 DEBUG    Best Sigma0: 0.5. Best sigma: 1 Best gamma: 10. Best Test accuracy: 0.7926. Train acc: 0.7935833333333333. 

09-12 20:28 DEBUG    PDM_KL log: {(0.5, 1, 10): {'shapes': [(784, 325), (325,), (325, 10), (10,)], 'train_accuracy': 0.7935833333333333, 'test_accuracy': 0.7926}} 
09-12 20:31 DEBUG    ****** PDM_KL matching ******** 
09-12 20:31 DEBUG    Best Sigma0: 0.5. Best sigma: 1 Best gamma: 10. Best Test accuracy: 0.7915. Train acc: 0.79385. 

09-12 20:31 DEBUG    PDM_KL log: {(0.5, 1, 10): {'shapes': [(784, 332), (332,), (332, 10), (10,)], 'train_accuracy': 0.79385, 'test_accuracy': 0.7915}} 
09-12 20:34 DEBUG    ****** PDM_KL matching ******** 
09-12 20:34 DEBUG    Best Sigma0: 0.5. Best sigma: 1 Best gamma: 10. Best Test accuracy: 0.7914. Train acc: 0.7956666666666666. 

09-12 20:34 DEBUG    PDM_KL log: {(0.5, 1, 10): {'shapes': [(784, 327), (327,), (327, 10), (10,)], 'train_accuracy': 0.7956666666666666, 'test_accuracy': 0.7914}} 
09-12 20:37 DEBUG    ****** PDM_KL matching ******** 
09-12 20:37 DEBUG    Best Sigma0: 0.5. Best sigma: 1 Best gamma: 10. Best Test accuracy: 0.7913. Train acc: 0.7931833333333334. 

09-12 20:37 DEBUG    PDM_KL log: {(0.5, 1, 10): {'shapes': [(784, 332), (332,), (332, 10), (10,)], 'train_accuracy': 0.7931833333333334, 'test_accuracy': 0.7913}} 
09-12 20:40 DEBUG    ****** PDM_KL matching ******** 
09-12 20:40 DEBUG    Best Sigma0: 0.5. Best sigma: 1 Best gamma: 10. Best Test accuracy: 0.7927. Train acc: 0.7944166666666667. 

09-12 20:40 DEBUG    PDM_KL log: {(0.5, 1, 10): {'shapes': [(784, 342), (342,), (342, 10), (10,)], 'train_accuracy': 0.7944166666666667, 'test_accuracy': 0.7927}} 
09-12 20:43 DEBUG    ****** PDM_KL matching ******** 
09-12 20:43 DEBUG    Best Sigma0: 0.5. Best sigma: 1 Best gamma: 10. Best Test accuracy: 0.8078. Train acc: 0.8105166666666667. 

09-12 20:43 DEBUG    PDM_KL log: {(0.5, 1, 10): {'shapes': [(784, 362), (362,), (362, 10), (10,)], 'train_accuracy': 0.8105166666666667, 'test_accuracy': 0.8078}} 
09-12 20:48 DEBUG    ****** PDM_KL matching ******** 
09-12 20:48 DEBUG    Best Sigma0: 0.5. Best sigma: 1 Best gamma: 10. Best Test accuracy: 0.7958. Train acc: 0.8005333333333333. 

09-12 20:48 DEBUG    PDM_KL log: {(0.5, 1, 10): {'shapes': [(784, 347), (347,), (347, 10), (10,)], 'train_accuracy': 0.8005333333333333, 'test_accuracy': 0.7958}} 
09-12 20:52 DEBUG    ****** PDM_KL matching ******** 
09-12 20:52 DEBUG    Best Sigma0: 0.5. Best sigma: 1 Best gamma: 10. Best Test accuracy: 0.7913. Train acc: 0.7973666666666667. 

09-12 20:52 DEBUG    PDM_KL log: {(0.5, 1, 10): {'shapes': [(784, 305), (305,), (305, 10), (10,)], 'train_accuracy': 0.7973666666666667, 'test_accuracy': 0.7913}} 
09-12 20:53 DEBUG    ****** PDM_KL matching ******** 
09-12 20:53 DEBUG    Best Sigma0: 0.5. Best sigma: 1 Best gamma: 10. Best Test accuracy: 0.0892. Train acc: 0.09035. 

09-12 20:53 DEBUG    PDM_KL log: {(0.5, 1, 10): {'shapes': [(784, 129), (129,), (129, 10), (10,)], 'train_accuracy': 0.09035, 'test_accuracy': 0.0892}} 
09-12 20:54 DEBUG    ****** PDM_KL matching ******** 
09-12 20:54 DEBUG    Best Sigma0: 0.5. Best sigma: 1 Best gamma: 10. Best Test accuracy: 0.0892. Train acc: 0.09035. 

09-12 20:54 DEBUG    PDM_KL log: {(0.5, 1, 10): {'shapes': [(784, 129), (129,), (129, 10), (10,)], 'train_accuracy': 0.09035, 'test_accuracy': 0.0892}} 
09-12 20:54 DEBUG    Trial 8 completed
09-12 20:54 DEBUG    ####################################################################################################
09-12 20:54 DEBUG    ####################################################################################################
09-12 20:54 DEBUG    Executing Trial 9 with seed 9
09-12 20:54 DEBUG    Data statistics: {0: {0: 75, 1: 214, 2: 297, 3: 150, 4: 780, 5: 298, 6: 2, 7: 233}, 1: {0: 609, 1: 70, 2: 100, 3: 170, 4: 3, 5: 52, 6: 83, 7: 863, 8: 260}, 2: {0: 64, 1: 832, 2: 945, 3: 366}, 3: {0: 121, 2: 187, 3: 2, 4: 244, 5: 129, 6: 442, 7: 256, 8: 14, 9: 85}, 4: {0: 163, 1: 4, 2: 378, 3: 10, 4: 394, 5: 1, 6: 20, 7: 409, 8: 55, 9: 261}, 5: {0: 412, 1: 87, 2: 82, 3: 387, 4: 283, 5: 310, 6: 205, 7: 262}, 6: {0: 23, 1: 157, 2: 90, 3: 50, 4: 49, 5: 55, 7: 248, 8: 1006, 9: 69}, 7: {0: 134, 1: 4, 2: 12, 3: 90, 4: 55, 5: 50, 6: 4, 7: 132, 8: 94, 9: 147}, 8: {0: 34, 1: 87, 2: 284, 3: 1, 4: 1, 5: 84, 6: 335, 7: 37, 8: 1707}, 9: {0: 143, 1: 145, 2: 308, 3: 2, 4: 13, 5: 14, 6: 619, 7: 396, 8: 2, 9: 244}, 10: {0: 5, 1: 339, 3: 92, 4: 283, 5: 46, 6: 36, 7: 45, 8: 579, 9: 1436}, 11: {0: 40, 1: 39, 2: 276, 3: 62, 4: 746, 5: 6, 6: 810, 7: 57}, 12: {0: 247, 1: 311, 2: 8, 3: 35, 4: 33, 5: 51, 6: 5, 7: 2, 8: 1, 9: 56}, 13: {0: 143, 1: 386, 2: 2, 4: 225, 5: 85, 6: 162, 7: 47, 8: 622, 9: 5}, 14: {0: 568, 1: 58, 2: 44, 3: 426, 4: 19, 5: 29, 6: 712, 7: 397}, 15: {0: 120, 1: 132, 2: 62, 3: 419, 4: 277, 5: 781, 6: 87, 7: 208}, 16: {0: 342, 1: 99, 2: 97, 3: 161, 4: 75, 5: 56, 6: 119, 7: 498, 8: 22, 9: 710}, 17: {0: 11, 1: 414, 2: 1, 3: 79, 4: 1149, 5: 428}, 18: {0: 61, 1: 224, 2: 5, 3: 599, 4: 2, 5: 106, 6: 59, 7: 28, 8: 140, 9: 353}, 19: {0: 110, 1: 70, 2: 51, 3: 251, 4: 186, 5: 14, 6: 31, 7: 58, 8: 27, 9: 196}, 20: {0: 74, 1: 289, 2: 50, 3: 181, 4: 24, 5: 112, 6: 37, 7: 3, 8: 1, 9: 435}, 21: {0: 6, 1: 301, 2: 61, 3: 107, 4: 133, 5: 5, 6: 499, 7: 280, 8: 605, 9: 339}, 22: {0: 783, 1: 81, 2: 101, 4: 122, 5: 2104}, 23: {0: 555, 1: 17, 2: 383, 3: 1, 4: 357, 5: 4, 6: 575, 7: 282}, 24: {0: 9, 1: 388, 2: 356, 3: 146, 4: 135, 5: 304, 6: 2, 7: 736}, 25: {0: 91, 1: 685, 2: 248, 3: 46, 4: 63, 5: 87, 6: 38, 7: 295, 8: 694}, 26: {0: 107, 1: 377, 2: 479, 3: 28, 4: 166, 5: 33, 6: 799, 7: 281}, 27: {0: 94, 1: 47, 2: 701, 3: 1949}, 28: {0: 133, 1: 87, 2: 345, 3: 296, 4: 23, 5: 169, 6: 220, 7: 56, 8: 1, 9: 124}, 29: {0: 646, 1: 798, 2: 5, 3: 25, 4: 2, 5: 8, 6: 17, 7: 156, 8: 21, 9: 1489}}
09-12 20:55 DEBUG    **************************************************
09-12 20:55 DEBUG    Running experiments 

09-12 20:55 DEBUG    Uniform ensemble (Train acc): 0.931533
09-12 20:55 DEBUG    Uniform ensemble (Test acc): 0.933300
09-12 20:55 DEBUG    FedAvg (Train acc): 0.156417
09-12 20:55 DEBUG    FedAvg (Test acc): 0.159500
09-12 20:56 DEBUG    ****** PDM_KL matching ******** 
09-12 20:56 DEBUG    Best Sigma0: 0.5. Best sigma: 1 Best gamma: 10. Best Test accuracy: 0.7987. Train acc: 0.8003166666666667. 

09-12 20:56 DEBUG    PDM_KL log: {(0.5, 1, 10): {'shapes': [(784, 328), (328,), (328, 10), (10,)], 'train_accuracy': 0.8003166666666667, 'test_accuracy': 0.7987}} 
09-12 20:59 DEBUG    ****** PDM_KL matching ******** 
09-12 20:59 DEBUG    Best Sigma0: 0.5. Best sigma: 1 Best gamma: 10. Best Test accuracy: 0.8045. Train acc: 0.80715. 

09-12 20:59 DEBUG    PDM_KL log: {(0.5, 1, 10): {'shapes': [(784, 339), (339,), (339, 10), (10,)], 'train_accuracy': 0.80715, 'test_accuracy': 0.8045}} 
09-12 21:01 DEBUG    ****** PDM_KL matching ******** 
09-12 21:01 DEBUG    Best Sigma0: 0.5. Best sigma: 1 Best gamma: 10. Best Test accuracy: 0.812. Train acc: 0.8154666666666667. 

09-12 21:01 DEBUG    PDM_KL log: {(0.5, 1, 10): {'shapes': [(784, 344), (344,), (344, 10), (10,)], 'train_accuracy': 0.8154666666666667, 'test_accuracy': 0.812}} 
09-12 21:03 DEBUG    ****** PDM_KL matching ******** 
09-12 21:03 DEBUG    Best Sigma0: 0.5. Best sigma: 1 Best gamma: 10. Best Test accuracy: 0.8154. Train acc: 0.8164166666666667. 

09-12 21:03 DEBUG    PDM_KL log: {(0.5, 1, 10): {'shapes': [(784, 331), (331,), (331, 10), (10,)], 'train_accuracy': 0.8164166666666667, 'test_accuracy': 0.8154}} 
09-12 21:06 DEBUG    ****** PDM_KL matching ******** 
09-12 21:06 DEBUG    Best Sigma0: 0.5. Best sigma: 1 Best gamma: 10. Best Test accuracy: 0.8122. Train acc: 0.81645. 

09-12 21:06 DEBUG    PDM_KL log: {(0.5, 1, 10): {'shapes': [(784, 339), (339,), (339, 10), (10,)], 'train_accuracy': 0.81645, 'test_accuracy': 0.8122}} 
09-12 21:08 DEBUG    ****** PDM_KL matching ******** 
09-12 21:08 DEBUG    Best Sigma0: 0.5. Best sigma: 1 Best gamma: 10. Best Test accuracy: 0.8029. Train acc: 0.8033333333333333. 

09-12 21:08 DEBUG    PDM_KL log: {(0.5, 1, 10): {'shapes': [(784, 339), (339,), (339, 10), (10,)], 'train_accuracy': 0.8033333333333333, 'test_accuracy': 0.8029}} 
09-12 21:11 DEBUG    ****** PDM_KL matching ******** 
09-12 21:11 DEBUG    Best Sigma0: 0.5. Best sigma: 1 Best gamma: 10. Best Test accuracy: 0.8067. Train acc: 0.8073333333333333. 

09-12 21:11 DEBUG    PDM_KL log: {(0.5, 1, 10): {'shapes': [(784, 364), (364,), (364, 10), (10,)], 'train_accuracy': 0.8073333333333333, 'test_accuracy': 0.8067}} 
09-12 21:14 DEBUG    ****** PDM_KL matching ******** 
09-12 21:14 DEBUG    Best Sigma0: 0.5. Best sigma: 1 Best gamma: 10. Best Test accuracy: 0.8169. Train acc: 0.81835. 

09-12 21:14 DEBUG    PDM_KL log: {(0.5, 1, 10): {'shapes': [(784, 343), (343,), (343, 10), (10,)], 'train_accuracy': 0.81835, 'test_accuracy': 0.8169}} 
09-12 21:18 DEBUG    ****** PDM_KL matching ******** 
09-12 21:18 DEBUG    Best Sigma0: 0.5. Best sigma: 1 Best gamma: 10. Best Test accuracy: 0.7963. Train acc: 0.79335. 

09-12 21:18 DEBUG    PDM_KL log: {(0.5, 1, 10): {'shapes': [(784, 261), (261,), (261, 10), (10,)], 'train_accuracy': 0.79335, 'test_accuracy': 0.7963}} 
09-12 21:19 DEBUG    ****** PDM_KL matching ******** 
09-12 21:19 DEBUG    Best Sigma0: 0.5. Best sigma: 1 Best gamma: 10. Best Test accuracy: 0.0892. Train acc: 0.09035. 

09-12 21:19 DEBUG    PDM_KL log: {(0.5, 1, 10): {'shapes': [(784, 129), (129,), (129, 10), (10,)], 'train_accuracy': 0.09035, 'test_accuracy': 0.0892}} 
09-12 21:20 DEBUG    ****** PDM_KL matching ******** 
09-12 21:20 DEBUG    Best Sigma0: 0.5. Best sigma: 1 Best gamma: 10. Best Test accuracy: 0.0892. Train acc: 0.09035. 

09-12 21:20 DEBUG    PDM_KL log: {(0.5, 1, 10): {'shapes': [(784, 129), (129,), (129, 10), (10,)], 'train_accuracy': 0.09035, 'test_accuracy': 0.0892}} 
09-12 21:20 DEBUG    Trial 9 completed
09-12 21:20 DEBUG    ####################################################################################################
