09-12 21:20 DEBUG    Experiment arguments: Namespace(alpha=0.5, communication_rounds=None, datadir='data/mnist', dataset='mnist', device=1.0, dropout_p=0.0, epochs=10, experiment=['all'], init_seed=0, iter_epochs=5, layers=0, loaddir='saved_weights/mnist/homo', logdir='KL_regs/mnist/homo', lr=0.01, lr_decay=1.0, n=30, n_layers=1, n_nets=20, net_config=[784, 100, 10], num_pool_workers=7, partition='homo', pdm_gamma=1.0, pdm_sig=1.0, pdm_sig0=1.0, reg=1e-06, reg_fac=0.0, trials=10)
09-12 21:20 DEBUG    ####################################################################################################
09-12 21:20 DEBUG    Executing Trial 0 with seed 0
09-12 21:20 DEBUG    Data statistics: {0: {0: 326, 1: 328, 2: 287, 3: 310, 4: 296, 5: 247, 6: 318, 7: 306, 8: 286, 9: 296}, 1: {0: 279, 1: 360, 2: 299, 3: 273, 4: 269, 5: 271, 6: 313, 7: 319, 8: 298, 9: 319}, 2: {0: 306, 1: 342, 2: 309, 3: 306, 4: 287, 5: 273, 6: 282, 7: 314, 8: 299, 9: 282}, 3: {0: 294, 1: 349, 2: 271, 3: 319, 4: 301, 5: 284, 6: 277, 7: 289, 8: 308, 9: 308}, 4: {0: 305, 1: 349, 2: 292, 3: 340, 4: 281, 5: 267, 6: 278, 7: 307, 8: 293, 9: 288}, 5: {0: 302, 1: 342, 2: 291, 3: 299, 4: 296, 5: 249, 6: 293, 7: 334, 8: 303, 9: 291}, 6: {0: 302, 1: 315, 2: 302, 3: 298, 4: 295, 5: 278, 6: 295, 7: 318, 8: 308, 9: 289}, 7: {0: 303, 1: 327, 2: 308, 3: 282, 4: 295, 5: 287, 6: 277, 7: 314, 8: 283, 9: 324}, 8: {0: 303, 1: 321, 2: 303, 3: 302, 4: 318, 5: 279, 6: 313, 7: 298, 8: 269, 9: 294}, 9: {0: 275, 1: 332, 2: 297, 3: 291, 4: 309, 5: 277, 6: 316, 7: 310, 8: 312, 9: 281}, 10: {0: 301, 1: 343, 2: 303, 3: 332, 4: 281, 5: 282, 6: 267, 7: 322, 8: 275, 9: 294}, 11: {0: 295, 1: 347, 2: 291, 3: 318, 4: 308, 5: 257, 6: 280, 7: 290, 8: 293, 9: 321}, 12: {0: 316, 1: 351, 2: 293, 3: 311, 4: 288, 5: 257, 6: 292, 7: 284, 8: 321, 9: 287}, 13: {0: 282, 1: 294, 2: 321, 3: 313, 4: 284, 5: 299, 6: 313, 7: 321, 8: 280, 9: 293}, 14: {0: 283, 1: 325, 2: 310, 3: 291, 4: 306, 5: 263, 6: 323, 7: 333, 8: 264, 9: 302}, 15: {0: 261, 1: 357, 2: 294, 3: 300, 4: 299, 5: 299, 6: 278, 7: 361, 8: 261, 9: 290}, 16: {0: 284, 1: 345, 2: 323, 3: 331, 4: 285, 5: 256, 6: 287, 7: 306, 8: 284, 9: 299}, 17: {0: 280, 1: 320, 2: 285, 3: 316, 4: 281, 5: 264, 6: 328, 7: 307, 8: 310, 9: 309}, 18: {0: 320, 1: 343, 2: 297, 3: 292, 4: 270, 5: 269, 6: 308, 7: 325, 8: 274, 9: 302}, 19: {0: 306, 1: 352, 2: 282, 3: 307, 4: 293, 5: 263, 6: 280, 7: 307, 8: 330, 9: 280}}
09-12 21:21 DEBUG    **************************************************
09-12 21:21 DEBUG    Running experiments 

09-12 21:21 DEBUG    Uniform ensemble (Train acc): 0.959833
09-12 21:21 DEBUG    Uniform ensemble (Test acc): 0.958900
09-12 21:21 DEBUG    FedAvg (Train acc): 0.149617
09-12 21:21 DEBUG    FedAvg (Test acc): 0.151300
09-12 21:24 DEBUG    ****** PDM_KL matching ******** 
09-12 21:24 DEBUG    Best Sigma0: 0.5. Best sigma: 1 Best gamma: 10. Best Test accuracy: 0.9499. Train acc: 0.9513166666666667. 

09-12 21:24 DEBUG    PDM_KL log: {(0.5, 1, 10): {'shapes': [(784, 327), (327,), (327, 10), (10,)], 'train_accuracy': 0.9513166666666667, 'test_accuracy': 0.9499}} 
09-12 21:28 DEBUG    ****** PDM_KL matching ******** 
09-12 21:28 DEBUG    Best Sigma0: 0.5. Best sigma: 1 Best gamma: 10. Best Test accuracy: 0.9502. Train acc: 0.9518666666666666. 

09-12 21:28 DEBUG    PDM_KL log: {(0.5, 1, 10): {'shapes': [(784, 336), (336,), (336, 10), (10,)], 'train_accuracy': 0.9518666666666666, 'test_accuracy': 0.9502}} 
09-12 21:33 DEBUG    ****** PDM_KL matching ******** 
09-12 21:33 DEBUG    Best Sigma0: 0.5. Best sigma: 1 Best gamma: 10. Best Test accuracy: 0.9517. Train acc: 0.9527. 

09-12 21:33 DEBUG    PDM_KL log: {(0.5, 1, 10): {'shapes': [(784, 331), (331,), (331, 10), (10,)], 'train_accuracy': 0.9527, 'test_accuracy': 0.9517}} 
09-12 21:39 DEBUG    ****** PDM_KL matching ******** 
09-12 21:39 DEBUG    Best Sigma0: 0.5. Best sigma: 1 Best gamma: 10. Best Test accuracy: 0.9525. Train acc: 0.9530833333333333. 

09-12 21:39 DEBUG    PDM_KL log: {(0.5, 1, 10): {'shapes': [(784, 334), (334,), (334, 10), (10,)], 'train_accuracy': 0.9530833333333333, 'test_accuracy': 0.9525}} 
09-12 21:45 DEBUG    ****** PDM_KL matching ******** 
09-12 21:45 DEBUG    Best Sigma0: 0.5. Best sigma: 1 Best gamma: 10. Best Test accuracy: 0.9519. Train acc: 0.9525833333333333. 

09-12 21:45 DEBUG    PDM_KL log: {(0.5, 1, 10): {'shapes': [(784, 344), (344,), (344, 10), (10,)], 'train_accuracy': 0.9525833333333333, 'test_accuracy': 0.9519}} 
09-12 21:52 DEBUG    ****** PDM_KL matching ******** 
09-12 21:52 DEBUG    Best Sigma0: 0.5. Best sigma: 1 Best gamma: 10. Best Test accuracy: 0.9498. Train acc: 0.95045. 

09-12 21:52 DEBUG    PDM_KL log: {(0.5, 1, 10): {'shapes': [(784, 355), (355,), (355, 10), (10,)], 'train_accuracy': 0.95045, 'test_accuracy': 0.9498}} 
09-12 22:01 DEBUG    ****** PDM_KL matching ******** 
09-12 22:01 DEBUG    Best Sigma0: 0.5. Best sigma: 1 Best gamma: 10. Best Test accuracy: 0.9545. Train acc: 0.95545. 

09-12 22:01 DEBUG    PDM_KL log: {(0.5, 1, 10): {'shapes': [(784, 507), (507,), (507, 10), (10,)], 'train_accuracy': 0.95545, 'test_accuracy': 0.9545}} 
09-12 22:15 DEBUG    ****** PDM_KL matching ******** 
09-12 22:15 DEBUG    Best Sigma0: 0.5. Best sigma: 1 Best gamma: 10. Best Test accuracy: 0.958. Train acc: 0.95725. 

09-12 22:15 DEBUG    PDM_KL log: {(0.5, 1, 10): {'shapes': [(784, 700), (700,), (700, 10), (10,)], 'train_accuracy': 0.95725, 'test_accuracy': 0.958}} 
09-12 22:27 DEBUG    ****** PDM_KL matching ******** 
09-12 22:27 DEBUG    Best Sigma0: 0.5. Best sigma: 1 Best gamma: 10. Best Test accuracy: 0.8767. Train acc: 0.8754833333333333. 

09-12 22:27 DEBUG    PDM_KL log: {(0.5, 1, 10): {'shapes': [(784, 331), (331,), (331, 10), (10,)], 'train_accuracy': 0.8754833333333333, 'test_accuracy': 0.8767}} 
09-12 22:31 DEBUG    ****** PDM_KL matching ******** 
09-12 22:31 DEBUG    Best Sigma0: 0.5. Best sigma: 1 Best gamma: 10. Best Test accuracy: 0.0892. Train acc: 0.09035. 

09-12 22:31 DEBUG    PDM_KL log: {(0.5, 1, 10): {'shapes': [(784, 157), (157,), (157, 10), (10,)], 'train_accuracy': 0.09035, 'test_accuracy': 0.0892}} 
09-12 22:35 DEBUG    ****** PDM_KL matching ******** 
09-12 22:35 DEBUG    Best Sigma0: 0.5. Best sigma: 1 Best gamma: 10. Best Test accuracy: 0.0892. Train acc: 0.09035. 

09-12 22:35 DEBUG    PDM_KL log: {(0.5, 1, 10): {'shapes': [(784, 157), (157,), (157, 10), (10,)], 'train_accuracy': 0.09035, 'test_accuracy': 0.0892}} 
09-12 22:35 DEBUG    Trial 0 completed
09-12 22:35 DEBUG    ####################################################################################################
09-12 22:35 DEBUG    ####################################################################################################
09-12 22:35 DEBUG    Executing Trial 1 with seed 1
09-12 22:35 DEBUG    Data statistics: {0: {0: 265, 1: 330, 2: 295, 3: 321, 4: 304, 5: 261, 6: 329, 7: 299, 8: 305, 9: 291}, 1: {0: 292, 1: 366, 2: 307, 3: 315, 4: 271, 5: 285, 6: 298, 7: 325, 8: 271, 9: 270}, 2: {0: 302, 1: 332, 2: 287, 3: 298, 4: 296, 5: 283, 6: 291, 7: 309, 8: 292, 9: 310}, 3: {0: 299, 1: 345, 2: 305, 3: 303, 4: 286, 5: 281, 6: 269, 7: 332, 8: 304, 9: 276}, 4: {0: 314, 1: 345, 2: 292, 3: 305, 4: 289, 5: 313, 6: 289, 7: 290, 8: 287, 9: 276}, 5: {0: 277, 1: 315, 2: 315, 3: 314, 4: 294, 5: 291, 6: 295, 7: 319, 8: 284, 9: 296}, 6: {0: 302, 1: 348, 2: 308, 3: 314, 4: 285, 5: 272, 6: 303, 7: 302, 8: 277, 9: 289}, 7: {0: 321, 1: 331, 2: 279, 3: 288, 4: 304, 5: 288, 6: 304, 7: 297, 8: 297, 9: 291}, 8: {0: 310, 1: 301, 2: 312, 3: 296, 4: 277, 5: 252, 6: 304, 7: 322, 8: 303, 9: 323}, 9: {0: 280, 1: 341, 2: 287, 3: 312, 4: 306, 5: 257, 6: 298, 7: 303, 8: 307, 9: 309}, 10: {0: 287, 1: 345, 2: 312, 3: 323, 4: 292, 5: 256, 6: 332, 7: 287, 8: 286, 9: 280}, 11: {0: 296, 1: 349, 2: 311, 3: 330, 4: 298, 5: 235, 6: 252, 7: 350, 8: 270, 9: 309}, 12: {0: 288, 1: 355, 2: 336, 3: 318, 4: 276, 5: 261, 6: 278, 7: 316, 8: 295, 9: 277}, 13: {0: 314, 1: 324, 2: 308, 3: 281, 4: 290, 5: 269, 6: 286, 7: 293, 8: 329, 9: 306}, 14: {0: 279, 1: 331, 2: 290, 3: 300, 4: 281, 5: 266, 6: 321, 7: 325, 8: 289, 9: 318}, 15: {0: 294, 1: 308, 2: 279, 3: 280, 4: 327, 5: 275, 6: 281, 7: 328, 8: 300, 9: 328}, 16: {0: 299, 1: 329, 2: 271, 3: 321, 4: 286, 5: 285, 6: 296, 7: 308, 8: 292, 9: 313}, 17: {0: 323, 1: 340, 2: 296, 3: 291, 4: 311, 5: 268, 6: 283, 7: 327, 8: 286, 9: 275}, 18: {0: 285, 1: 368, 2: 285, 3: 284, 4: 286, 5: 270, 6: 305, 7: 313, 8: 301, 9: 303}, 19: {0: 296, 1: 339, 2: 283, 3: 337, 4: 283, 5: 253, 6: 304, 7: 320, 8: 276, 9: 309}}
09-12 22:36 DEBUG    **************************************************
09-12 22:36 DEBUG    Running experiments 

09-12 22:37 DEBUG    Uniform ensemble (Train acc): 0.960700
09-12 22:37 DEBUG    Uniform ensemble (Test acc): 0.961300
09-12 22:37 DEBUG    FedAvg (Train acc): 0.186267
09-12 22:37 DEBUG    FedAvg (Test acc): 0.186300
09-12 22:40 DEBUG    ****** PDM_KL matching ******** 
09-12 22:40 DEBUG    Best Sigma0: 0.5. Best sigma: 1 Best gamma: 10. Best Test accuracy: 0.9514. Train acc: 0.9517833333333333. 

09-12 22:40 DEBUG    PDM_KL log: {(0.5, 1, 10): {'shapes': [(784, 337), (337,), (337, 10), (10,)], 'train_accuracy': 0.9517833333333333, 'test_accuracy': 0.9514}} 
09-12 22:44 DEBUG    ****** PDM_KL matching ******** 
09-12 22:44 DEBUG    Best Sigma0: 0.5. Best sigma: 1 Best gamma: 10. Best Test accuracy: 0.9516. Train acc: 0.9520333333333333. 

09-12 22:44 DEBUG    PDM_KL log: {(0.5, 1, 10): {'shapes': [(784, 345), (345,), (345, 10), (10,)], 'train_accuracy': 0.9520333333333333, 'test_accuracy': 0.9516}} 
09-12 22:49 DEBUG    ****** PDM_KL matching ******** 
09-12 22:49 DEBUG    Best Sigma0: 0.5. Best sigma: 1 Best gamma: 10. Best Test accuracy: 0.9526. Train acc: 0.9532666666666667. 

09-12 22:49 DEBUG    PDM_KL log: {(0.5, 1, 10): {'shapes': [(784, 348), (348,), (348, 10), (10,)], 'train_accuracy': 0.9532666666666667, 'test_accuracy': 0.9526}} 
09-12 22:53 DEBUG    ****** PDM_KL matching ******** 
09-12 22:53 DEBUG    Best Sigma0: 0.5. Best sigma: 1 Best gamma: 10. Best Test accuracy: 0.9513. Train acc: 0.9515666666666667. 

09-12 22:53 DEBUG    PDM_KL log: {(0.5, 1, 10): {'shapes': [(784, 334), (334,), (334, 10), (10,)], 'train_accuracy': 0.9515666666666667, 'test_accuracy': 0.9513}} 
09-12 22:59 DEBUG    ****** PDM_KL matching ******** 
09-12 22:59 DEBUG    Best Sigma0: 0.5. Best sigma: 1 Best gamma: 10. Best Test accuracy: 0.9518. Train acc: 0.9518833333333333. 

09-12 22:59 DEBUG    PDM_KL log: {(0.5, 1, 10): {'shapes': [(784, 345), (345,), (345, 10), (10,)], 'train_accuracy': 0.9518833333333333, 'test_accuracy': 0.9518}} 
09-12 23:06 DEBUG    ****** PDM_KL matching ******** 
09-12 23:06 DEBUG    Best Sigma0: 0.5. Best sigma: 1 Best gamma: 10. Best Test accuracy: 0.9523. Train acc: 0.95345. 

09-12 23:06 DEBUG    PDM_KL log: {(0.5, 1, 10): {'shapes': [(784, 369), (369,), (369, 10), (10,)], 'train_accuracy': 0.95345, 'test_accuracy': 0.9523}} 
09-12 23:14 DEBUG    ****** PDM_KL matching ******** 
09-12 23:14 DEBUG    Best Sigma0: 0.5. Best sigma: 1 Best gamma: 10. Best Test accuracy: 0.9526. Train acc: 0.9530333333333333. 

09-12 23:14 DEBUG    PDM_KL log: {(0.5, 1, 10): {'shapes': [(784, 529), (529,), (529, 10), (10,)], 'train_accuracy': 0.9530333333333333, 'test_accuracy': 0.9526}} 
09-12 23:26 DEBUG    ****** PDM_KL matching ******** 
09-12 23:26 DEBUG    Best Sigma0: 0.5. Best sigma: 1 Best gamma: 10. Best Test accuracy: 0.956. Train acc: 0.9576. 

09-12 23:26 DEBUG    PDM_KL log: {(0.5, 1, 10): {'shapes': [(784, 700), (700,), (700, 10), (10,)], 'train_accuracy': 0.9576, 'test_accuracy': 0.956}} 
09-12 23:36 DEBUG    ****** PDM_KL matching ******** 
09-12 23:36 DEBUG    Best Sigma0: 0.5. Best sigma: 1 Best gamma: 10. Best Test accuracy: 0.8966. Train acc: 0.8965333333333333. 

09-12 23:36 DEBUG    PDM_KL log: {(0.5, 1, 10): {'shapes': [(784, 301), (301,), (301, 10), (10,)], 'train_accuracy': 0.8965333333333333, 'test_accuracy': 0.8966}} 
09-12 23:39 DEBUG    ****** PDM_KL matching ******** 
09-12 23:39 DEBUG    Best Sigma0: 0.5. Best sigma: 1 Best gamma: 10. Best Test accuracy: 0.0892. Train acc: 0.09035. 

09-12 23:39 DEBUG    PDM_KL log: {(0.5, 1, 10): {'shapes': [(784, 157), (157,), (157, 10), (10,)], 'train_accuracy': 0.09035, 'test_accuracy': 0.0892}} 
09-12 23:43 DEBUG    ****** PDM_KL matching ******** 
09-12 23:43 DEBUG    Best Sigma0: 0.5. Best sigma: 1 Best gamma: 10. Best Test accuracy: 0.0892. Train acc: 0.09035. 

09-12 23:43 DEBUG    PDM_KL log: {(0.5, 1, 10): {'shapes': [(784, 157), (157,), (157, 10), (10,)], 'train_accuracy': 0.09035, 'test_accuracy': 0.0892}} 
09-12 23:43 DEBUG    Trial 1 completed
09-12 23:43 DEBUG    ####################################################################################################
09-12 23:43 DEBUG    ####################################################################################################
09-12 23:43 DEBUG    Executing Trial 2 with seed 2
09-12 23:43 DEBUG    Data statistics: {0: {0: 329, 1: 332, 2: 284, 3: 323, 4: 281, 5: 297, 6: 290, 7: 298, 8: 297, 9: 269}, 1: {0: 284, 1: 359, 2: 285, 3: 288, 4: 319, 5: 265, 6: 295, 7: 312, 8: 293, 9: 300}, 2: {0: 301, 1: 332, 2: 311, 3: 332, 4: 295, 5: 245, 6: 301, 7: 276, 8: 303, 9: 304}, 3: {0: 269, 1: 331, 2: 314, 3: 309, 4: 322, 5: 276, 6: 283, 7: 334, 8: 273, 9: 289}, 4: {0: 296, 1: 334, 2: 298, 3: 321, 4: 282, 5: 262, 6: 311, 7: 299, 8: 283, 9: 314}, 5: {0: 299, 1: 335, 2: 322, 3: 316, 4: 290, 5: 301, 6: 295, 7: 319, 8: 264, 9: 259}, 6: {0: 309, 1: 333, 2: 307, 3: 280, 4: 295, 5: 279, 6: 285, 7: 319, 8: 279, 9: 314}, 7: {0: 263, 1: 342, 2: 270, 3: 295, 4: 292, 5: 267, 6: 326, 7: 318, 8: 327, 9: 300}, 8: {0: 314, 1: 295, 2: 316, 3: 314, 4: 292, 5: 250, 6: 308, 7: 312, 8: 297, 9: 302}, 9: {0: 255, 1: 328, 2: 296, 3: 332, 4: 301, 5: 300, 6: 309, 7: 296, 8: 287, 9: 296}, 10: {0: 307, 1: 334, 2: 308, 3: 310, 4: 274, 5: 274, 6: 285, 7: 347, 8: 294, 9: 267}, 11: {0: 280, 1: 361, 2: 293, 3: 303, 4: 289, 5: 272, 6: 291, 7: 310, 8: 299, 9: 302}, 12: {0: 302, 1: 358, 2: 309, 3: 277, 4: 278, 5: 271, 6: 276, 7: 324, 8: 300, 9: 305}, 13: {0: 316, 1: 332, 2: 299, 3: 282, 4: 295, 5: 270, 6: 296, 7: 309, 8: 290, 9: 311}, 14: {0: 303, 1: 319, 2: 287, 3: 323, 4: 305, 5: 273, 6: 278, 7: 326, 8: 279, 9: 307}, 15: {0: 308, 1: 372, 2: 292, 3: 314, 4: 282, 5: 257, 6: 273, 7: 334, 8: 276, 9: 292}, 16: {0: 309, 1: 327, 2: 297, 3: 270, 4: 288, 5: 271, 6: 303, 7: 302, 8: 320, 9: 313}, 17: {0: 331, 1: 345, 2: 290, 3: 304, 4: 293, 5: 254, 6: 292, 7: 330, 8: 260, 9: 301}, 18: {0: 272, 1: 317, 2: 272, 3: 314, 4: 302, 5: 277, 6: 334, 7: 302, 8: 323, 9: 287}, 19: {0: 276, 1: 356, 2: 308, 3: 324, 4: 267, 5: 260, 6: 287, 7: 298, 8: 307, 9: 317}}
09-12 23:45 DEBUG    **************************************************
09-12 23:45 DEBUG    Running experiments 

09-12 23:46 DEBUG    Uniform ensemble (Train acc): 0.961183
09-12 23:46 DEBUG    Uniform ensemble (Test acc): 0.959900
09-12 23:46 DEBUG    FedAvg (Train acc): 0.174383
09-12 23:46 DEBUG    FedAvg (Test acc): 0.174600
09-12 23:49 DEBUG    ****** PDM_KL matching ******** 
09-12 23:49 DEBUG    Best Sigma0: 0.5. Best sigma: 1 Best gamma: 10. Best Test accuracy: 0.9505. Train acc: 0.9514166666666667. 

09-12 23:49 DEBUG    PDM_KL log: {(0.5, 1, 10): {'shapes': [(784, 328), (328,), (328, 10), (10,)], 'train_accuracy': 0.9514166666666667, 'test_accuracy': 0.9505}} 
09-12 23:55 DEBUG    ****** PDM_KL matching ******** 
09-12 23:55 DEBUG    Best Sigma0: 0.5. Best sigma: 1 Best gamma: 10. Best Test accuracy: 0.946. Train acc: 0.9477833333333333. 

09-12 23:55 DEBUG    PDM_KL log: {(0.5, 1, 10): {'shapes': [(784, 325), (325,), (325, 10), (10,)], 'train_accuracy': 0.9477833333333333, 'test_accuracy': 0.946}} 
09-13 00:01 DEBUG    ****** PDM_KL matching ******** 
09-13 00:01 DEBUG    Best Sigma0: 0.5. Best sigma: 1 Best gamma: 10. Best Test accuracy: 0.9447. Train acc: 0.9473. 

09-13 00:01 DEBUG    PDM_KL log: {(0.5, 1, 10): {'shapes': [(784, 342), (342,), (342, 10), (10,)], 'train_accuracy': 0.9473, 'test_accuracy': 0.9447}} 
09-13 00:06 DEBUG    ****** PDM_KL matching ******** 
09-13 00:06 DEBUG    Best Sigma0: 0.5. Best sigma: 1 Best gamma: 10. Best Test accuracy: 0.9467. Train acc: 0.9483666666666667. 

09-13 00:06 DEBUG    PDM_KL log: {(0.5, 1, 10): {'shapes': [(784, 328), (328,), (328, 10), (10,)], 'train_accuracy': 0.9483666666666667, 'test_accuracy': 0.9467}} 
09-13 00:10 DEBUG    ****** PDM_KL matching ******** 
09-13 00:10 DEBUG    Best Sigma0: 0.5. Best sigma: 1 Best gamma: 10. Best Test accuracy: 0.9476. Train acc: 0.9486333333333333. 

09-13 00:10 DEBUG    PDM_KL log: {(0.5, 1, 10): {'shapes': [(784, 343), (343,), (343, 10), (10,)], 'train_accuracy': 0.9486333333333333, 'test_accuracy': 0.9476}} 
09-13 00:15 DEBUG    ****** PDM_KL matching ******** 
09-13 00:15 DEBUG    Best Sigma0: 0.5. Best sigma: 1 Best gamma: 10. Best Test accuracy: 0.949. Train acc: 0.9499166666666666. 

09-13 00:15 DEBUG    PDM_KL log: {(0.5, 1, 10): {'shapes': [(784, 345), (345,), (345, 10), (10,)], 'train_accuracy': 0.9499166666666666, 'test_accuracy': 0.949}} 
09-13 00:23 DEBUG    ****** PDM_KL matching ******** 
09-13 00:23 DEBUG    Best Sigma0: 0.5. Best sigma: 1 Best gamma: 10. Best Test accuracy: 0.9544. Train acc: 0.9562. 

09-13 00:23 DEBUG    PDM_KL log: {(0.5, 1, 10): {'shapes': [(784, 500), (500,), (500, 10), (10,)], 'train_accuracy': 0.9562, 'test_accuracy': 0.9544}} 
09-13 00:33 DEBUG    ****** PDM_KL matching ******** 
09-13 00:33 DEBUG    Best Sigma0: 0.5. Best sigma: 1 Best gamma: 10. Best Test accuracy: 0.9579. Train acc: 0.9582666666666667. 

09-13 00:33 DEBUG    PDM_KL log: {(0.5, 1, 10): {'shapes': [(784, 697), (697,), (697, 10), (10,)], 'train_accuracy': 0.9582666666666667, 'test_accuracy': 0.9579}} 
09-13 00:42 DEBUG    ****** PDM_KL matching ******** 
09-13 00:42 DEBUG    Best Sigma0: 0.5. Best sigma: 1 Best gamma: 10. Best Test accuracy: 0.9108. Train acc: 0.9061333333333333. 

09-13 00:42 DEBUG    PDM_KL log: {(0.5, 1, 10): {'shapes': [(784, 301), (301,), (301, 10), (10,)], 'train_accuracy': 0.9061333333333333, 'test_accuracy': 0.9108}} 
09-13 00:45 DEBUG    ****** PDM_KL matching ******** 
09-13 00:45 DEBUG    Best Sigma0: 0.5. Best sigma: 1 Best gamma: 10. Best Test accuracy: 0.0974. Train acc: 0.09755. 

09-13 00:45 DEBUG    PDM_KL log: {(0.5, 1, 10): {'shapes': [(784, 157), (157,), (157, 10), (10,)], 'train_accuracy': 0.09755, 'test_accuracy': 0.0974}} 
09-13 00:48 DEBUG    ****** PDM_KL matching ******** 
09-13 00:48 DEBUG    Best Sigma0: 0.5. Best sigma: 1 Best gamma: 10. Best Test accuracy: 0.0974. Train acc: 0.09751666666666667. 

09-13 00:48 DEBUG    PDM_KL log: {(0.5, 1, 10): {'shapes': [(784, 157), (157,), (157, 10), (10,)], 'train_accuracy': 0.09751666666666667, 'test_accuracy': 0.0974}} 
09-13 00:48 DEBUG    Trial 2 completed
09-13 00:48 DEBUG    ####################################################################################################
09-13 00:48 DEBUG    ####################################################################################################
09-13 00:48 DEBUG    Executing Trial 3 with seed 3
09-13 00:48 DEBUG    Data statistics: {0: {0: 285, 1: 358, 2: 331, 3: 295, 4: 283, 5: 257, 6: 281, 7: 338, 8: 299, 9: 273}, 1: {0: 293, 1: 368, 2: 280, 3: 311, 4: 288, 5: 278, 6: 281, 7: 308, 8: 295, 9: 298}, 2: {0: 317, 1: 319, 2: 292, 3: 285, 4: 293, 5: 281, 6: 292, 7: 342, 8: 274, 9: 305}, 3: {0: 283, 1: 337, 2: 298, 3: 308, 4: 293, 5: 288, 6: 304, 7: 297, 8: 299, 9: 293}, 4: {0: 286, 1: 333, 2: 299, 3: 303, 4: 324, 5: 262, 6: 284, 7: 300, 8: 298, 9: 311}, 5: {0: 271, 1: 338, 2: 295, 3: 325, 4: 271, 5: 268, 6: 280, 7: 344, 8: 314, 9: 294}, 6: {0: 289, 1: 344, 2: 320, 3: 305, 4: 330, 5: 269, 6: 291, 7: 267, 8: 279, 9: 306}, 7: {0: 285, 1: 325, 2: 295, 3: 340, 4: 265, 5: 254, 6: 288, 7: 310, 8: 321, 9: 317}, 8: {0: 279, 1: 335, 2: 288, 3: 316, 4: 305, 5: 271, 6: 316, 7: 291, 8: 297, 9: 302}, 9: {0: 295, 1: 342, 2: 283, 3: 320, 4: 295, 5: 268, 6: 292, 7: 332, 8: 282, 9: 291}, 10: {0: 292, 1: 338, 2: 320, 3: 324, 4: 281, 5: 258, 6: 314, 7: 267, 8: 276, 9: 330}, 11: {0: 293, 1: 344, 2: 299, 3: 307, 4: 306, 5: 266, 6: 277, 7: 332, 8: 277, 9: 299}, 12: {0: 309, 1: 340, 2: 298, 3: 310, 4: 260, 5: 292, 6: 316, 7: 299, 8: 285, 9: 291}, 13: {0: 317, 1: 353, 2: 284, 3: 285, 4: 308, 5: 271, 6: 289, 7: 319, 8: 303, 9: 271}, 14: {0: 301, 1: 324, 2: 303, 3: 308, 4: 269, 5: 251, 6: 300, 7: 346, 8: 302, 9: 296}, 15: {0: 312, 1: 339, 2: 289, 3: 282, 4: 281, 5: 270, 6: 300, 7: 314, 8: 313, 9: 300}, 16: {0: 301, 1: 347, 2: 278, 3: 321, 4: 300, 5: 259, 6: 295, 7: 313, 8: 295, 9: 291}, 17: {0: 323, 1: 342, 2: 311, 3: 299, 4: 267, 5: 311, 6: 280, 7: 305, 8: 268, 9: 294}, 18: {0: 305, 1: 302, 2: 286, 3: 277, 4: 322, 5: 286, 6: 311, 7: 319, 8: 297, 9: 295}, 19: {0: 287, 1: 314, 2: 309, 3: 310, 4: 301, 5: 261, 6: 327, 7: 322, 8: 277, 9: 292}}
09-13 00:50 DEBUG    **************************************************
09-13 00:50 DEBUG    Running experiments 

09-13 00:50 DEBUG    Uniform ensemble (Train acc): 0.960933
09-13 00:50 DEBUG    Uniform ensemble (Test acc): 0.958600
09-13 00:51 DEBUG    FedAvg (Train acc): 0.149833
09-13 00:51 DEBUG    FedAvg (Test acc): 0.147000
09-13 00:53 DEBUG    ****** PDM_KL matching ******** 
09-13 00:53 DEBUG    Best Sigma0: 0.5. Best sigma: 1 Best gamma: 10. Best Test accuracy: 0.9495. Train acc: 0.9502833333333334. 

09-13 00:53 DEBUG    PDM_KL log: {(0.5, 1, 10): {'shapes': [(784, 336), (336,), (336, 10), (10,)], 'train_accuracy': 0.9502833333333334, 'test_accuracy': 0.9495}} 
09-13 00:58 DEBUG    ****** PDM_KL matching ******** 
09-13 00:58 DEBUG    Best Sigma0: 0.5. Best sigma: 1 Best gamma: 10. Best Test accuracy: 0.9469. Train acc: 0.94845. 

09-13 00:58 DEBUG    PDM_KL log: {(0.5, 1, 10): {'shapes': [(784, 340), (340,), (340, 10), (10,)], 'train_accuracy': 0.94845, 'test_accuracy': 0.9469}} 
09-13 01:02 DEBUG    ****** PDM_KL matching ******** 
09-13 01:02 DEBUG    Best Sigma0: 0.5. Best sigma: 1 Best gamma: 10. Best Test accuracy: 0.9496. Train acc: 0.95075. 

09-13 01:02 DEBUG    PDM_KL log: {(0.5, 1, 10): {'shapes': [(784, 345), (345,), (345, 10), (10,)], 'train_accuracy': 0.95075, 'test_accuracy': 0.9496}} 
09-13 01:07 DEBUG    ****** PDM_KL matching ******** 
09-13 01:07 DEBUG    Best Sigma0: 0.5. Best sigma: 1 Best gamma: 10. Best Test accuracy: 0.9457. Train acc: 0.9477. 

09-13 01:07 DEBUG    PDM_KL log: {(0.5, 1, 10): {'shapes': [(784, 344), (344,), (344, 10), (10,)], 'train_accuracy': 0.9477, 'test_accuracy': 0.9457}} 
09-13 01:12 DEBUG    ****** PDM_KL matching ******** 
09-13 01:12 DEBUG    Best Sigma0: 0.5. Best sigma: 1 Best gamma: 10. Best Test accuracy: 0.9498. Train acc: 0.9507333333333333. 

09-13 01:12 DEBUG    PDM_KL log: {(0.5, 1, 10): {'shapes': [(784, 350), (350,), (350, 10), (10,)], 'train_accuracy': 0.9507333333333333, 'test_accuracy': 0.9498}} 
09-13 01:17 DEBUG    ****** PDM_KL matching ******** 
09-13 01:17 DEBUG    Best Sigma0: 0.5. Best sigma: 1 Best gamma: 10. Best Test accuracy: 0.9499. Train acc: 0.9520833333333333. 

09-13 01:17 DEBUG    PDM_KL log: {(0.5, 1, 10): {'shapes': [(784, 363), (363,), (363, 10), (10,)], 'train_accuracy': 0.9520833333333333, 'test_accuracy': 0.9499}} 
09-13 01:26 DEBUG    ****** PDM_KL matching ******** 
09-13 01:26 DEBUG    Best Sigma0: 0.5. Best sigma: 1 Best gamma: 10. Best Test accuracy: 0.9527. Train acc: 0.9551833333333334. 

09-13 01:26 DEBUG    PDM_KL log: {(0.5, 1, 10): {'shapes': [(784, 515), (515,), (515, 10), (10,)], 'train_accuracy': 0.9551833333333334, 'test_accuracy': 0.9527}} 
09-13 01:38 DEBUG    ****** PDM_KL matching ******** 
09-13 01:38 DEBUG    Best Sigma0: 0.5. Best sigma: 1 Best gamma: 10. Best Test accuracy: 0.9557. Train acc: 0.9574833333333334. 

09-13 01:38 DEBUG    PDM_KL log: {(0.5, 1, 10): {'shapes': [(784, 700), (700,), (700, 10), (10,)], 'train_accuracy': 0.9574833333333334, 'test_accuracy': 0.9557}} 
09-13 01:46 DEBUG    ****** PDM_KL matching ******** 
09-13 01:46 DEBUG    Best Sigma0: 0.5. Best sigma: 1 Best gamma: 10. Best Test accuracy: 0.8689. Train acc: 0.869. 

09-13 01:46 DEBUG    PDM_KL log: {(0.5, 1, 10): {'shapes': [(784, 323), (323,), (323, 10), (10,)], 'train_accuracy': 0.869, 'test_accuracy': 0.8689}} 
09-13 01:48 DEBUG    ****** PDM_KL matching ******** 
09-13 01:48 DEBUG    Best Sigma0: 0.5. Best sigma: 1 Best gamma: 10. Best Test accuracy: 0.0892. Train acc: 0.09035. 

09-13 01:48 DEBUG    PDM_KL log: {(0.5, 1, 10): {'shapes': [(784, 157), (157,), (157, 10), (10,)], 'train_accuracy': 0.09035, 'test_accuracy': 0.0892}} 
09-13 01:50 DEBUG    ****** PDM_KL matching ******** 
09-13 01:50 DEBUG    Best Sigma0: 0.5. Best sigma: 1 Best gamma: 10. Best Test accuracy: 0.0892. Train acc: 0.09035. 

09-13 01:50 DEBUG    PDM_KL log: {(0.5, 1, 10): {'shapes': [(784, 157), (157,), (157, 10), (10,)], 'train_accuracy': 0.09035, 'test_accuracy': 0.0892}} 
09-13 01:50 DEBUG    Trial 3 completed
09-13 01:50 DEBUG    ####################################################################################################
09-13 01:50 DEBUG    ####################################################################################################
09-13 01:50 DEBUG    Executing Trial 4 with seed 4
09-13 01:50 DEBUG    Data statistics: {0: {0: 289, 1: 340, 2: 318, 3: 316, 4: 292, 5: 241, 6: 307, 7: 317, 8: 274, 9: 306}, 1: {0: 291, 1: 354, 2: 306, 3: 298, 4: 268, 5: 282, 6: 298, 7: 308, 8: 307, 9: 288}, 2: {0: 315, 1: 303, 2: 290, 3: 309, 4: 294, 5: 276, 6: 283, 7: 335, 8: 303, 9: 292}, 3: {0: 302, 1: 345, 2: 331, 3: 302, 4: 272, 5: 289, 6: 284, 7: 320, 8: 284, 9: 271}, 4: {0: 283, 1: 339, 2: 290, 3: 304, 4: 305, 5: 276, 6: 313, 7: 303, 8: 295, 9: 292}, 5: {0: 274, 1: 358, 2: 309, 3: 293, 4: 283, 5: 265, 6: 289, 7: 303, 8: 325, 9: 301}, 6: {0: 288, 1: 333, 2: 275, 3: 316, 4: 317, 5: 266, 6: 289, 7: 310, 8: 274, 9: 332}, 7: {0: 306, 1: 326, 2: 275, 3: 307, 4: 309, 5: 279, 6: 303, 7: 293, 8: 286, 9: 316}, 8: {0: 284, 1: 345, 2: 289, 3: 300, 4: 283, 5: 291, 6: 324, 7: 323, 8: 255, 9: 306}, 9: {0: 295, 1: 361, 2: 309, 3: 352, 4: 297, 5: 256, 6: 317, 7: 293, 8: 252, 9: 268}, 10: {0: 308, 1: 333, 2: 304, 3: 312, 4: 288, 5: 283, 6: 302, 7: 284, 8: 302, 9: 284}, 11: {0: 323, 1: 325, 2: 280, 3: 305, 4: 315, 5: 243, 6: 281, 7: 325, 8: 302, 9: 301}, 12: {0: 267, 1: 341, 2: 307, 3: 298, 4: 289, 5: 282, 6: 295, 7: 336, 8: 280, 9: 305}, 13: {0: 309, 1: 345, 2: 288, 3: 303, 4: 284, 5: 253, 6: 294, 7: 342, 8: 279, 9: 303}, 14: {0: 299, 1: 328, 2: 317, 3: 304, 4: 306, 5: 269, 6: 271, 7: 309, 8: 336, 9: 261}, 15: {0: 315, 1: 335, 2: 307, 3: 296, 4: 281, 5: 259, 6: 303, 7: 301, 8: 300, 9: 303}, 16: {0: 269, 1: 360, 2: 284, 3: 296, 4: 295, 5: 267, 6: 286, 7: 308, 8: 317, 9: 318}, 17: {0: 308, 1: 330, 2: 317, 3: 293, 4: 286, 5: 283, 6: 263, 7: 333, 8: 276, 9: 311}, 18: {0: 292, 1: 309, 2: 283, 3: 316, 4: 288, 5: 263, 6: 329, 7: 318, 8: 317, 9: 285}, 19: {0: 306, 1: 332, 2: 279, 3: 311, 4: 290, 5: 298, 6: 287, 7: 304, 8: 287, 9: 306}}
09-13 01:50 DEBUG    **************************************************
09-13 01:50 DEBUG    Running experiments 

09-13 01:51 DEBUG    Uniform ensemble (Train acc): 0.961417
09-13 01:51 DEBUG    Uniform ensemble (Test acc): 0.960500
09-13 01:51 DEBUG    FedAvg (Train acc): 0.135500
09-13 01:51 DEBUG    FedAvg (Test acc): 0.137900
09-13 01:54 DEBUG    ****** PDM_KL matching ******** 
09-13 01:54 DEBUG    Best Sigma0: 0.5. Best sigma: 1 Best gamma: 10. Best Test accuracy: 0.9508. Train acc: 0.9522833333333334. 

09-13 01:54 DEBUG    PDM_KL log: {(0.5, 1, 10): {'shapes': [(784, 342), (342,), (342, 10), (10,)], 'train_accuracy': 0.9522833333333334, 'test_accuracy': 0.9508}} 
09-13 01:59 DEBUG    ****** PDM_KL matching ******** 
09-13 01:59 DEBUG    Best Sigma0: 0.5. Best sigma: 1 Best gamma: 10. Best Test accuracy: 0.953. Train acc: 0.9532333333333334. 

09-13 01:59 DEBUG    PDM_KL log: {(0.5, 1, 10): {'shapes': [(784, 339), (339,), (339, 10), (10,)], 'train_accuracy': 0.9532333333333334, 'test_accuracy': 0.953}} 
09-13 02:03 DEBUG    ****** PDM_KL matching ******** 
09-13 02:03 DEBUG    Best Sigma0: 0.5. Best sigma: 1 Best gamma: 10. Best Test accuracy: 0.9517. Train acc: 0.9522333333333334. 

09-13 02:03 DEBUG    PDM_KL log: {(0.5, 1, 10): {'shapes': [(784, 352), (352,), (352, 10), (10,)], 'train_accuracy': 0.9522333333333334, 'test_accuracy': 0.9517}} 
09-13 02:08 DEBUG    ****** PDM_KL matching ******** 
09-13 02:08 DEBUG    Best Sigma0: 0.5. Best sigma: 1 Best gamma: 10. Best Test accuracy: 0.9525. Train acc: 0.9531333333333334. 

09-13 02:08 DEBUG    PDM_KL log: {(0.5, 1, 10): {'shapes': [(784, 348), (348,), (348, 10), (10,)], 'train_accuracy': 0.9531333333333334, 'test_accuracy': 0.9525}} 
09-13 02:13 DEBUG    ****** PDM_KL matching ******** 
09-13 02:13 DEBUG    Best Sigma0: 0.5. Best sigma: 1 Best gamma: 10. Best Test accuracy: 0.9538. Train acc: 0.9541666666666667. 

09-13 02:13 DEBUG    PDM_KL log: {(0.5, 1, 10): {'shapes': [(784, 348), (348,), (348, 10), (10,)], 'train_accuracy': 0.9541666666666667, 'test_accuracy': 0.9538}} 
09-13 02:18 DEBUG    ****** PDM_KL matching ******** 
09-13 02:18 DEBUG    Best Sigma0: 0.5. Best sigma: 1 Best gamma: 10. Best Test accuracy: 0.9502. Train acc: 0.9515166666666667. 

09-13 02:18 DEBUG    PDM_KL log: {(0.5, 1, 10): {'shapes': [(784, 366), (366,), (366, 10), (10,)], 'train_accuracy': 0.9515166666666667, 'test_accuracy': 0.9502}} 
09-13 02:28 DEBUG    ****** PDM_KL matching ******** 
09-13 02:28 DEBUG    Best Sigma0: 0.5. Best sigma: 1 Best gamma: 10. Best Test accuracy: 0.9549. Train acc: 0.9564833333333334. 

09-13 02:28 DEBUG    PDM_KL log: {(0.5, 1, 10): {'shapes': [(784, 525), (525,), (525, 10), (10,)], 'train_accuracy': 0.9564833333333334, 'test_accuracy': 0.9549}} 
09-13 02:39 DEBUG    ****** PDM_KL matching ******** 
09-13 02:39 DEBUG    Best Sigma0: 0.5. Best sigma: 1 Best gamma: 10. Best Test accuracy: 0.9574. Train acc: 0.9594666666666667. 

09-13 02:39 DEBUG    PDM_KL log: {(0.5, 1, 10): {'shapes': [(784, 700), (700,), (700, 10), (10,)], 'train_accuracy': 0.9594666666666667, 'test_accuracy': 0.9574}} 
09-13 02:46 DEBUG    ****** PDM_KL matching ******** 
09-13 02:46 DEBUG    Best Sigma0: 0.5. Best sigma: 1 Best gamma: 10. Best Test accuracy: 0.8723. Train acc: 0.8717. 

09-13 02:46 DEBUG    PDM_KL log: {(0.5, 1, 10): {'shapes': [(784, 349), (349,), (349, 10), (10,)], 'train_accuracy': 0.8717, 'test_accuracy': 0.8723}} 
09-13 02:48 DEBUG    ****** PDM_KL matching ******** 
09-13 02:48 DEBUG    Best Sigma0: 0.5. Best sigma: 1 Best gamma: 10. Best Test accuracy: 0.0892. Train acc: 0.09053333333333333. 

09-13 02:48 DEBUG    PDM_KL log: {(0.5, 1, 10): {'shapes': [(784, 157), (157,), (157, 10), (10,)], 'train_accuracy': 0.09053333333333333, 'test_accuracy': 0.0892}} 
09-13 02:50 DEBUG    ****** PDM_KL matching ******** 
09-13 02:50 DEBUG    Best Sigma0: 0.5. Best sigma: 1 Best gamma: 10. Best Test accuracy: 0.0892. Train acc: 0.09035. 

09-13 02:50 DEBUG    PDM_KL log: {(0.5, 1, 10): {'shapes': [(784, 157), (157,), (157, 10), (10,)], 'train_accuracy': 0.09035, 'test_accuracy': 0.0892}} 
09-13 02:50 DEBUG    Trial 4 completed
09-13 02:50 DEBUG    ####################################################################################################
09-13 02:50 DEBUG    ####################################################################################################
09-13 02:50 DEBUG    Executing Trial 5 with seed 5
09-13 02:50 DEBUG    Data statistics: {0: {0: 274, 1: 300, 2: 308, 3: 334, 4: 323, 5: 250, 6: 301, 7: 337, 8: 290, 9: 283}, 1: {0: 291, 1: 348, 2: 271, 3: 302, 4: 281, 5: 259, 6: 310, 7: 323, 8: 312, 9: 303}, 2: {0: 309, 1: 338, 2: 306, 3: 312, 4: 270, 5: 265, 6: 292, 7: 324, 8: 278, 9: 306}, 3: {0: 324, 1: 337, 2: 286, 3: 301, 4: 301, 5: 240, 6: 302, 7: 316, 8: 302, 9: 291}, 4: {0: 316, 1: 333, 2: 291, 3: 313, 4: 279, 5: 278, 6: 269, 7: 328, 8: 289, 9: 304}, 5: {0: 287, 1: 366, 2: 273, 3: 276, 4: 294, 5: 268, 6: 307, 7: 293, 8: 304, 9: 332}, 6: {0: 321, 1: 318, 2: 323, 3: 323, 4: 277, 5: 283, 6: 281, 7: 306, 8: 275, 9: 293}, 7: {0: 305, 1: 334, 2: 285, 3: 284, 4: 297, 5: 280, 6: 300, 7: 328, 8: 277, 9: 310}, 8: {0: 273, 1: 339, 2: 301, 3: 311, 4: 294, 5: 277, 6: 278, 7: 330, 8: 306, 9: 291}, 9: {0: 306, 1: 345, 2: 291, 3: 320, 4: 267, 5: 271, 6: 287, 7: 296, 8: 331, 9: 286}, 10: {0: 296, 1: 338, 2: 301, 3: 317, 4: 298, 5: 259, 6: 308, 7: 320, 8: 271, 9: 292}, 11: {0: 283, 1: 334, 2: 315, 3: 312, 4: 277, 5: 293, 6: 280, 7: 327, 8: 288, 9: 291}, 12: {0: 293, 1: 332, 2: 304, 3: 292, 4: 308, 5: 290, 6: 280, 7: 292, 8: 293, 9: 316}, 13: {0: 286, 1: 332, 2: 303, 3: 315, 4: 320, 5: 290, 6: 284, 7: 300, 8: 272, 9: 298}, 14: {0: 272, 1: 346, 2: 309, 3: 314, 4: 294, 5: 287, 6: 315, 7: 319, 8: 262, 9: 282}, 15: {0: 300, 1: 332, 2: 303, 3: 302, 4: 297, 5: 248, 6: 311, 7: 305, 8: 295, 9: 307}, 16: {0: 296, 1: 341, 2: 293, 3: 337, 4: 312, 5: 266, 6: 294, 7: 303, 8: 291, 9: 267}, 17: {0: 307, 1: 342, 2: 298, 3: 291, 4: 270, 5: 293, 6: 316, 7: 308, 8: 280, 9: 295}, 18: {0: 306, 1: 356, 2: 303, 3: 271, 4: 287, 5: 275, 6: 304, 7: 296, 8: 309, 9: 293}, 19: {0: 278, 1: 331, 2: 294, 3: 304, 4: 296, 5: 249, 6: 299, 7: 314, 8: 326, 9: 309}}
09-13 02:51 DEBUG    **************************************************
09-13 02:51 DEBUG    Running experiments 

09-13 02:52 DEBUG    Uniform ensemble (Train acc): 0.961317
09-13 02:52 DEBUG    Uniform ensemble (Test acc): 0.960200
09-13 02:52 DEBUG    FedAvg (Train acc): 0.126367
09-13 02:52 DEBUG    FedAvg (Test acc): 0.126300
09-13 02:55 DEBUG    ****** PDM_KL matching ******** 
09-13 02:55 DEBUG    Best Sigma0: 0.5. Best sigma: 1 Best gamma: 10. Best Test accuracy: 0.9504. Train acc: 0.9526333333333333. 

09-13 02:55 DEBUG    PDM_KL log: {(0.5, 1, 10): {'shapes': [(784, 346), (346,), (346, 10), (10,)], 'train_accuracy': 0.9526333333333333, 'test_accuracy': 0.9504}} 
09-13 03:00 DEBUG    ****** PDM_KL matching ******** 
09-13 03:00 DEBUG    Best Sigma0: 0.5. Best sigma: 1 Best gamma: 10. Best Test accuracy: 0.9512. Train acc: 0.9529. 

09-13 03:00 DEBUG    PDM_KL log: {(0.5, 1, 10): {'shapes': [(784, 347), (347,), (347, 10), (10,)], 'train_accuracy': 0.9529, 'test_accuracy': 0.9512}} 
09-13 03:04 DEBUG    ****** PDM_KL matching ******** 
09-13 03:04 DEBUG    Best Sigma0: 0.5. Best sigma: 1 Best gamma: 10. Best Test accuracy: 0.9529. Train acc: 0.9541666666666667. 

09-13 03:04 DEBUG    PDM_KL log: {(0.5, 1, 10): {'shapes': [(784, 347), (347,), (347, 10), (10,)], 'train_accuracy': 0.9541666666666667, 'test_accuracy': 0.9529}} 
09-13 03:09 DEBUG    ****** PDM_KL matching ******** 
09-13 03:09 DEBUG    Best Sigma0: 0.5. Best sigma: 1 Best gamma: 10. Best Test accuracy: 0.9491. Train acc: 0.9523. 

09-13 03:09 DEBUG    PDM_KL log: {(0.5, 1, 10): {'shapes': [(784, 352), (352,), (352, 10), (10,)], 'train_accuracy': 0.9523, 'test_accuracy': 0.9491}} 
09-13 03:12 DEBUG    ****** PDM_KL matching ******** 
09-13 03:12 DEBUG    Best Sigma0: 0.5. Best sigma: 1 Best gamma: 10. Best Test accuracy: 0.952. Train acc: 0.95305. 

09-13 03:12 DEBUG    PDM_KL log: {(0.5, 1, 10): {'shapes': [(784, 357), (357,), (357, 10), (10,)], 'train_accuracy': 0.95305, 'test_accuracy': 0.952}} 
09-13 03:16 DEBUG    ****** PDM_KL matching ******** 
09-13 03:16 DEBUG    Best Sigma0: 0.5. Best sigma: 1 Best gamma: 10. Best Test accuracy: 0.952. Train acc: 0.95475. 

09-13 03:16 DEBUG    PDM_KL log: {(0.5, 1, 10): {'shapes': [(784, 373), (373,), (373, 10), (10,)], 'train_accuracy': 0.95475, 'test_accuracy': 0.952}} 
09-13 03:22 DEBUG    ****** PDM_KL matching ******** 
09-13 03:22 DEBUG    Best Sigma0: 0.5. Best sigma: 1 Best gamma: 10. Best Test accuracy: 0.9558. Train acc: 0.9564833333333334. 

09-13 03:22 DEBUG    PDM_KL log: {(0.5, 1, 10): {'shapes': [(784, 517), (517,), (517, 10), (10,)], 'train_accuracy': 0.9564833333333334, 'test_accuracy': 0.9558}} 
09-13 03:32 DEBUG    ****** PDM_KL matching ******** 
09-13 03:32 DEBUG    Best Sigma0: 0.5. Best sigma: 1 Best gamma: 10. Best Test accuracy: 0.9588. Train acc: 0.9586. 

09-13 03:32 DEBUG    PDM_KL log: {(0.5, 1, 10): {'shapes': [(784, 700), (700,), (700, 10), (10,)], 'train_accuracy': 0.9586, 'test_accuracy': 0.9588}} 
09-13 03:39 DEBUG    ****** PDM_KL matching ******** 
09-13 03:39 DEBUG    Best Sigma0: 0.5. Best sigma: 1 Best gamma: 10. Best Test accuracy: 0.9146. Train acc: 0.9179. 

09-13 03:39 DEBUG    PDM_KL log: {(0.5, 1, 10): {'shapes': [(784, 349), (349,), (349, 10), (10,)], 'train_accuracy': 0.9179, 'test_accuracy': 0.9146}} 
09-13 03:41 DEBUG    ****** PDM_KL matching ******** 
09-13 03:41 DEBUG    Best Sigma0: 0.5. Best sigma: 1 Best gamma: 10. Best Test accuracy: 0.0892. Train acc: 0.09035. 

09-13 03:41 DEBUG    PDM_KL log: {(0.5, 1, 10): {'shapes': [(784, 157), (157,), (157, 10), (10,)], 'train_accuracy': 0.09035, 'test_accuracy': 0.0892}} 
09-13 03:43 DEBUG    ****** PDM_KL matching ******** 
09-13 03:43 DEBUG    Best Sigma0: 0.5. Best sigma: 1 Best gamma: 10. Best Test accuracy: 0.0892. Train acc: 0.09035. 

09-13 03:43 DEBUG    PDM_KL log: {(0.5, 1, 10): {'shapes': [(784, 158), (158,), (158, 10), (10,)], 'train_accuracy': 0.09035, 'test_accuracy': 0.0892}} 
09-13 03:43 DEBUG    Trial 5 completed
09-13 03:43 DEBUG    ####################################################################################################
09-13 03:43 DEBUG    ####################################################################################################
09-13 03:43 DEBUG    Executing Trial 6 with seed 6
09-13 03:43 DEBUG    Data statistics: {0: {0: 290, 1: 346, 2: 296, 3: 308, 4: 308, 5: 276, 6: 301, 7: 308, 8: 273, 9: 294}, 1: {0: 300, 1: 315, 2: 291, 3: 316, 4: 305, 5: 266, 6: 322, 7: 296, 8: 284, 9: 305}, 2: {0: 278, 1: 350, 2: 301, 3: 320, 4: 271, 5: 267, 6: 282, 7: 314, 8: 318, 9: 299}, 3: {0: 283, 1: 366, 2: 305, 3: 316, 4: 297, 5: 280, 6: 270, 7: 319, 8: 296, 9: 268}, 4: {0: 302, 1: 363, 2: 291, 3: 310, 4: 298, 5: 249, 6: 301, 7: 292, 8: 303, 9: 291}, 5: {0: 304, 1: 353, 2: 291, 3: 305, 4: 281, 5: 264, 6: 282, 7: 315, 8: 268, 9: 337}, 6: {0: 291, 1: 353, 2: 274, 3: 291, 4: 280, 5: 296, 6: 306, 7: 305, 8: 308, 9: 296}, 7: {0: 298, 1: 311, 2: 279, 3: 318, 4: 281, 5: 274, 6: 314, 7: 331, 8: 296, 9: 298}, 8: {0: 303, 1: 347, 2: 334, 3: 297, 4: 319, 5: 228, 6: 293, 7: 323, 8: 284, 9: 272}, 9: {0: 289, 1: 335, 2: 322, 3: 307, 4: 254, 5: 293, 6: 301, 7: 311, 8: 285, 9: 303}, 10: {0: 286, 1: 345, 2: 313, 3: 346, 4: 294, 5: 268, 6: 271, 7: 320, 8: 282, 9: 275}, 11: {0: 286, 1: 348, 2: 276, 3: 315, 4: 266, 5: 278, 6: 301, 7: 318, 8: 307, 9: 305}, 12: {0: 303, 1: 326, 2: 300, 3: 288, 4: 310, 5: 270, 6: 301, 7: 289, 8: 289, 9: 324}, 13: {0: 323, 1: 337, 2: 293, 3: 285, 4: 305, 5: 290, 6: 303, 7: 308, 8: 277, 9: 279}, 14: {0: 310, 1: 324, 2: 300, 3: 286, 4: 301, 5: 245, 6: 323, 7: 340, 8: 270, 9: 301}, 15: {0: 307, 1: 326, 2: 294, 3: 297, 4: 290, 5: 255, 6: 294, 7: 317, 8: 309, 9: 311}, 16: {0: 288, 1: 314, 2: 298, 3: 317, 4: 290, 5: 261, 6: 293, 7: 334, 8: 297, 9: 308}, 17: {0: 290, 1: 329, 2: 294, 3: 312, 4: 291, 5: 293, 6: 278, 7: 319, 8: 291, 9: 303}, 18: {0: 293, 1: 324, 2: 318, 3: 282, 4: 302, 5: 286, 6: 305, 7: 310, 8: 299, 9: 281}, 19: {0: 299, 1: 330, 2: 288, 3: 315, 4: 299, 5: 282, 6: 277, 7: 296, 8: 315, 9: 299}}
09-13 03:44 DEBUG    **************************************************
09-13 03:44 DEBUG    Running experiments 

09-13 03:45 DEBUG    Uniform ensemble (Train acc): 0.960350
09-13 03:45 DEBUG    Uniform ensemble (Test acc): 0.959900
09-13 03:45 DEBUG    FedAvg (Train acc): 0.149233
09-13 03:45 DEBUG    FedAvg (Test acc): 0.151800
09-13 03:47 DEBUG    ****** PDM_KL matching ******** 
09-13 03:47 DEBUG    Best Sigma0: 0.5. Best sigma: 1 Best gamma: 10. Best Test accuracy: 0.9503. Train acc: 0.9518833333333333. 

09-13 03:47 DEBUG    PDM_KL log: {(0.5, 1, 10): {'shapes': [(784, 343), (343,), (343, 10), (10,)], 'train_accuracy': 0.9518833333333333, 'test_accuracy': 0.9503}} 
09-13 03:51 DEBUG    ****** PDM_KL matching ******** 
09-13 03:51 DEBUG    Best Sigma0: 0.5. Best sigma: 1 Best gamma: 10. Best Test accuracy: 0.9527. Train acc: 0.95285. 

09-13 03:51 DEBUG    PDM_KL log: {(0.5, 1, 10): {'shapes': [(784, 347), (347,), (347, 10), (10,)], 'train_accuracy': 0.95285, 'test_accuracy': 0.9527}} 
09-13 03:55 DEBUG    ****** PDM_KL matching ******** 
09-13 03:55 DEBUG    Best Sigma0: 0.5. Best sigma: 1 Best gamma: 10. Best Test accuracy: 0.9498. Train acc: 0.94915. 

09-13 03:55 DEBUG    PDM_KL log: {(0.5, 1, 10): {'shapes': [(784, 342), (342,), (342, 10), (10,)], 'train_accuracy': 0.94915, 'test_accuracy': 0.9498}} 
09-13 03:58 DEBUG    ****** PDM_KL matching ******** 
09-13 03:58 DEBUG    Best Sigma0: 0.5. Best sigma: 1 Best gamma: 10. Best Test accuracy: 0.9502. Train acc: 0.95125. 

09-13 03:58 DEBUG    PDM_KL log: {(0.5, 1, 10): {'shapes': [(784, 343), (343,), (343, 10), (10,)], 'train_accuracy': 0.95125, 'test_accuracy': 0.9502}} 
09-13 04:01 DEBUG    ****** PDM_KL matching ******** 
09-13 04:01 DEBUG    Best Sigma0: 0.5. Best sigma: 1 Best gamma: 10. Best Test accuracy: 0.9508. Train acc: 0.9514833333333333. 

09-13 04:01 DEBUG    PDM_KL log: {(0.5, 1, 10): {'shapes': [(784, 356), (356,), (356, 10), (10,)], 'train_accuracy': 0.9514833333333333, 'test_accuracy': 0.9508}} 
09-13 04:05 DEBUG    ****** PDM_KL matching ******** 
09-13 04:05 DEBUG    Best Sigma0: 0.5. Best sigma: 1 Best gamma: 10. Best Test accuracy: 0.9519. Train acc: 0.9530333333333333. 

09-13 04:05 DEBUG    PDM_KL log: {(0.5, 1, 10): {'shapes': [(784, 364), (364,), (364, 10), (10,)], 'train_accuracy': 0.9530333333333333, 'test_accuracy': 0.9519}} 
09-13 04:10 DEBUG    ****** PDM_KL matching ******** 
09-13 04:10 DEBUG    Best Sigma0: 0.5. Best sigma: 1 Best gamma: 10. Best Test accuracy: 0.9543. Train acc: 0.9548833333333333. 

09-13 04:10 DEBUG    PDM_KL log: {(0.5, 1, 10): {'shapes': [(784, 527), (527,), (527, 10), (10,)], 'train_accuracy': 0.9548833333333333, 'test_accuracy': 0.9543}} 
09-13 04:20 DEBUG    ****** PDM_KL matching ******** 
09-13 04:20 DEBUG    Best Sigma0: 0.5. Best sigma: 1 Best gamma: 10. Best Test accuracy: 0.9575. Train acc: 0.9577833333333333. 

09-13 04:20 DEBUG    PDM_KL log: {(0.5, 1, 10): {'shapes': [(784, 700), (700,), (700, 10), (10,)], 'train_accuracy': 0.9577833333333333, 'test_accuracy': 0.9575}} 
09-13 04:28 DEBUG    ****** PDM_KL matching ******** 
09-13 04:28 DEBUG    Best Sigma0: 0.5. Best sigma: 1 Best gamma: 10. Best Test accuracy: 0.8959. Train acc: 0.8981833333333333. 

09-13 04:28 DEBUG    PDM_KL log: {(0.5, 1, 10): {'shapes': [(784, 300), (300,), (300, 10), (10,)], 'train_accuracy': 0.8981833333333333, 'test_accuracy': 0.8959}} 
09-13 04:30 DEBUG    ****** PDM_KL matching ******** 
09-13 04:30 DEBUG    Best Sigma0: 0.5. Best sigma: 1 Best gamma: 10. Best Test accuracy: 0.0892. Train acc: 0.09035. 

09-13 04:30 DEBUG    PDM_KL log: {(0.5, 1, 10): {'shapes': [(784, 157), (157,), (157, 10), (10,)], 'train_accuracy': 0.09035, 'test_accuracy': 0.0892}} 
09-13 04:33 DEBUG    ****** PDM_KL matching ******** 
09-13 04:33 DEBUG    Best Sigma0: 0.5. Best sigma: 1 Best gamma: 10. Best Test accuracy: 0.0892. Train acc: 0.09035. 

09-13 04:33 DEBUG    PDM_KL log: {(0.5, 1, 10): {'shapes': [(784, 157), (157,), (157, 10), (10,)], 'train_accuracy': 0.09035, 'test_accuracy': 0.0892}} 
09-13 04:33 DEBUG    Trial 6 completed
09-13 04:33 DEBUG    ####################################################################################################
09-13 04:33 DEBUG    ####################################################################################################
09-13 04:33 DEBUG    Executing Trial 7 with seed 7
09-13 04:33 DEBUG    Data statistics: {0: {0: 281, 1: 343, 2: 268, 3: 324, 4: 316, 5: 294, 6: 314, 7: 313, 8: 273, 9: 274}, 1: {0: 273, 1: 326, 2: 304, 3: 357, 4: 282, 5: 264, 6: 322, 7: 306, 8: 289, 9: 277}, 2: {0: 284, 1: 326, 2: 290, 3: 294, 4: 305, 5: 279, 6: 266, 7: 360, 8: 299, 9: 297}, 3: {0: 306, 1: 348, 2: 267, 3: 269, 4: 295, 5: 274, 6: 299, 7: 314, 8: 340, 9: 288}, 4: {0: 328, 1: 342, 2: 284, 3: 327, 4: 286, 5: 252, 6: 279, 7: 309, 8: 305, 9: 288}, 5: {0: 277, 1: 361, 2: 300, 3: 317, 4: 292, 5: 277, 6: 284, 7: 297, 8: 272, 9: 323}, 6: {0: 295, 1: 352, 2: 320, 3: 320, 4: 278, 5: 292, 6: 303, 7: 274, 8: 253, 9: 313}, 7: {0: 286, 1: 328, 2: 295, 3: 301, 4: 282, 5: 296, 6: 313, 7: 330, 8: 270, 9: 299}, 8: {0: 301, 1: 334, 2: 317, 3: 317, 4: 293, 5: 259, 6: 298, 7: 310, 8: 291, 9: 280}, 9: {0: 322, 1: 337, 2: 304, 3: 306, 4: 296, 5: 262, 6: 306, 7: 300, 8: 269, 9: 298}, 10: {0: 283, 1: 309, 2: 266, 3: 305, 4: 314, 5: 300, 6: 282, 7: 350, 8: 294, 9: 297}, 11: {0: 288, 1: 301, 2: 307, 3: 321, 4: 288, 5: 257, 6: 279, 7: 328, 8: 310, 9: 321}, 12: {0: 266, 1: 346, 2: 297, 3: 315, 4: 272, 5: 268, 6: 289, 7: 314, 8: 304, 9: 329}, 13: {0: 286, 1: 333, 2: 318, 3: 298, 4: 287, 5: 246, 6: 310, 7: 329, 8: 302, 9: 291}, 14: {0: 325, 1: 340, 2: 323, 3: 300, 4: 289, 5: 259, 6: 295, 7: 284, 8: 302, 9: 283}, 15: {0: 295, 1: 370, 2: 298, 3: 298, 4: 279, 5: 261, 6: 280, 7: 328, 8: 295, 9: 296}, 16: {0: 307, 1: 334, 2: 300, 3: 267, 4: 320, 5: 253, 6: 347, 7: 284, 8: 274, 9: 314}, 17: {0: 318, 1: 337, 2: 296, 3: 293, 4: 300, 5: 277, 6: 299, 7: 309, 8: 284, 9: 287}, 18: {0: 290, 1: 361, 2: 306, 3: 299, 4: 260, 5: 277, 6: 277, 7: 314, 8: 302, 9: 314}, 19: {0: 312, 1: 314, 2: 298, 3: 303, 4: 308, 5: 274, 6: 276, 7: 312, 8: 323, 9: 280}}
09-13 04:34 DEBUG    **************************************************
09-13 04:34 DEBUG    Running experiments 

09-13 04:34 DEBUG    Uniform ensemble (Train acc): 0.959950
09-13 04:34 DEBUG    Uniform ensemble (Test acc): 0.960300
09-13 04:34 DEBUG    FedAvg (Train acc): 0.129883
09-13 04:34 DEBUG    FedAvg (Test acc): 0.131500
09-13 04:36 DEBUG    ****** PDM_KL matching ******** 
09-13 04:36 DEBUG    Best Sigma0: 0.5. Best sigma: 1 Best gamma: 10. Best Test accuracy: 0.947. Train acc: 0.9492666666666667. 

09-13 04:36 DEBUG    PDM_KL log: {(0.5, 1, 10): {'shapes': [(784, 338), (338,), (338, 10), (10,)], 'train_accuracy': 0.9492666666666667, 'test_accuracy': 0.947}} 
09-13 04:39 DEBUG    ****** PDM_KL matching ******** 
09-13 04:39 DEBUG    Best Sigma0: 0.5. Best sigma: 1 Best gamma: 10. Best Test accuracy: 0.9483. Train acc: 0.9495. 

09-13 04:39 DEBUG    PDM_KL log: {(0.5, 1, 10): {'shapes': [(784, 334), (334,), (334, 10), (10,)], 'train_accuracy': 0.9495, 'test_accuracy': 0.9483}} 
09-13 04:42 DEBUG    ****** PDM_KL matching ******** 
09-13 04:42 DEBUG    Best Sigma0: 0.5. Best sigma: 1 Best gamma: 10. Best Test accuracy: 0.9459. Train acc: 0.9479333333333333. 

09-13 04:42 DEBUG    PDM_KL log: {(0.5, 1, 10): {'shapes': [(784, 338), (338,), (338, 10), (10,)], 'train_accuracy': 0.9479333333333333, 'test_accuracy': 0.9459}} 
09-13 04:45 DEBUG    ****** PDM_KL matching ******** 
09-13 04:45 DEBUG    Best Sigma0: 0.5. Best sigma: 1 Best gamma: 10. Best Test accuracy: 0.948. Train acc: 0.9497333333333333. 

09-13 04:45 DEBUG    PDM_KL log: {(0.5, 1, 10): {'shapes': [(784, 335), (335,), (335, 10), (10,)], 'train_accuracy': 0.9497333333333333, 'test_accuracy': 0.948}} 
09-13 04:49 DEBUG    ****** PDM_KL matching ******** 
09-13 04:49 DEBUG    Best Sigma0: 0.5. Best sigma: 1 Best gamma: 10. Best Test accuracy: 0.9476. Train acc: 0.9490166666666666. 

09-13 04:49 DEBUG    PDM_KL log: {(0.5, 1, 10): {'shapes': [(784, 349), (349,), (349, 10), (10,)], 'train_accuracy': 0.9490166666666666, 'test_accuracy': 0.9476}} 
09-13 04:53 DEBUG    ****** PDM_KL matching ******** 
09-13 04:53 DEBUG    Best Sigma0: 0.5. Best sigma: 1 Best gamma: 10. Best Test accuracy: 0.9485. Train acc: 0.9483833333333334. 

09-13 04:53 DEBUG    PDM_KL log: {(0.5, 1, 10): {'shapes': [(784, 355), (355,), (355, 10), (10,)], 'train_accuracy': 0.9483833333333334, 'test_accuracy': 0.9485}} 
09-13 05:00 DEBUG    ****** PDM_KL matching ******** 
09-13 05:00 DEBUG    Best Sigma0: 0.5. Best sigma: 1 Best gamma: 10. Best Test accuracy: 0.9538. Train acc: 0.9551. 

09-13 05:00 DEBUG    PDM_KL log: {(0.5, 1, 10): {'shapes': [(784, 528), (528,), (528, 10), (10,)], 'train_accuracy': 0.9551, 'test_accuracy': 0.9538}} 
09-13 05:11 DEBUG    ****** PDM_KL matching ******** 
09-13 05:11 DEBUG    Best Sigma0: 0.5. Best sigma: 1 Best gamma: 10. Best Test accuracy: 0.9576. Train acc: 0.9580666666666666. 

09-13 05:11 DEBUG    PDM_KL log: {(0.5, 1, 10): {'shapes': [(784, 701), (701,), (701, 10), (10,)], 'train_accuracy': 0.9580666666666666, 'test_accuracy': 0.9576}} 
09-13 05:17 DEBUG    ****** PDM_KL matching ******** 
09-13 05:17 DEBUG    Best Sigma0: 0.5. Best sigma: 1 Best gamma: 10. Best Test accuracy: 0.902. Train acc: 0.9015833333333333. 

09-13 05:17 DEBUG    PDM_KL log: {(0.5, 1, 10): {'shapes': [(784, 323), (323,), (323, 10), (10,)], 'train_accuracy': 0.9015833333333333, 'test_accuracy': 0.902}} 
09-13 05:18 DEBUG    ****** PDM_KL matching ******** 
09-13 05:18 DEBUG    Best Sigma0: 0.5. Best sigma: 1 Best gamma: 10. Best Test accuracy: 0.0892. Train acc: 0.09035. 

09-13 05:18 DEBUG    PDM_KL log: {(0.5, 1, 10): {'shapes': [(784, 157), (157,), (157, 10), (10,)], 'train_accuracy': 0.09035, 'test_accuracy': 0.0892}} 
09-13 05:19 DEBUG    ****** PDM_KL matching ******** 
09-13 05:19 DEBUG    Best Sigma0: 0.5. Best sigma: 1 Best gamma: 10. Best Test accuracy: 0.0892. Train acc: 0.09035. 

09-13 05:19 DEBUG    PDM_KL log: {(0.5, 1, 10): {'shapes': [(784, 176), (176,), (176, 10), (10,)], 'train_accuracy': 0.09035, 'test_accuracy': 0.0892}} 
09-13 05:19 DEBUG    Trial 7 completed
09-13 05:19 DEBUG    ####################################################################################################
09-13 05:19 DEBUG    ####################################################################################################
09-13 05:19 DEBUG    Executing Trial 8 with seed 8
09-13 05:19 DEBUG    Data statistics: {0: {0: 301, 1: 352, 2: 291, 3: 300, 4: 297, 5: 277, 6: 278, 7: 304, 8: 302, 9: 298}, 1: {0: 319, 1: 378, 2: 277, 3: 302, 4: 293, 5: 275, 6: 287, 7: 285, 8: 287, 9: 297}, 2: {0: 287, 1: 351, 2: 295, 3: 321, 4: 277, 5: 291, 6: 268, 7: 337, 8: 277, 9: 296}, 3: {0: 274, 1: 347, 2: 297, 3: 325, 4: 283, 5: 245, 6: 309, 7: 312, 8: 311, 9: 297}, 4: {0: 286, 1: 362, 2: 300, 3: 295, 4: 304, 5: 263, 6: 241, 7: 327, 8: 314, 9: 308}, 5: {0: 284, 1: 326, 2: 303, 3: 334, 4: 300, 5: 260, 6: 309, 7: 294, 8: 290, 9: 300}, 6: {0: 268, 1: 308, 2: 317, 3: 309, 4: 279, 5: 283, 6: 297, 7: 341, 8: 298, 9: 300}, 7: {0: 310, 1: 340, 2: 301, 3: 304, 4: 293, 5: 280, 6: 285, 7: 295, 8: 302, 9: 290}, 8: {0: 296, 1: 308, 2: 292, 3: 311, 4: 289, 5: 291, 6: 324, 7: 298, 8: 295, 9: 296}, 9: {0: 323, 1: 352, 2: 306, 3: 289, 4: 297, 5: 258, 6: 296, 7: 311, 8: 259, 9: 309}, 10: {0: 306, 1: 297, 2: 278, 3: 321, 4: 323, 5: 260, 6: 320, 7: 307, 8: 281, 9: 307}, 11: {0: 309, 1: 338, 2: 309, 3: 282, 4: 295, 5: 271, 6: 292, 7: 328, 8: 294, 9: 282}, 12: {0: 304, 1: 322, 2: 280, 3: 305, 4: 271, 5: 272, 6: 296, 7: 347, 8: 300, 9: 303}, 13: {0: 278, 1: 337, 2: 299, 3: 317, 4: 283, 5: 291, 6: 264, 7: 322, 8: 294, 9: 315}, 14: {0: 288, 1: 360, 2: 281, 3: 308, 4: 286, 5: 295, 6: 282, 7: 314, 8: 280, 9: 306}, 15: {0: 294, 1: 315, 2: 326, 3: 305, 4: 292, 5: 270, 6: 330, 7: 299, 8: 278, 9: 291}, 16: {0: 299, 1: 350, 2: 320, 3: 296, 4: 296, 5: 268, 6: 270, 7: 310, 8: 294, 9: 297}, 17: {0: 287, 1: 319, 2: 289, 3: 296, 4: 293, 5: 238, 6: 346, 7: 327, 8: 310, 9: 295}, 18: {0: 305, 1: 325, 2: 293, 3: 324, 4: 294, 5: 246, 6: 306, 7: 313, 8: 305, 9: 289}, 19: {0: 305, 1: 355, 2: 304, 3: 287, 4: 297, 5: 287, 6: 318, 7: 294, 8: 280, 9: 273}}
09-13 05:20 DEBUG    **************************************************
09-13 05:20 DEBUG    Running experiments 

09-13 05:20 DEBUG    Uniform ensemble (Train acc): 0.960850
09-13 05:20 DEBUG    Uniform ensemble (Test acc): 0.961100
09-13 05:21 DEBUG    FedAvg (Train acc): 0.122683
09-13 05:21 DEBUG    FedAvg (Test acc): 0.122300
09-13 05:22 DEBUG    ****** PDM_KL matching ******** 
09-13 05:22 DEBUG    Best Sigma0: 0.5. Best sigma: 1 Best gamma: 10. Best Test accuracy: 0.9511. Train acc: 0.9511333333333334. 

09-13 05:22 DEBUG    PDM_KL log: {(0.5, 1, 10): {'shapes': [(784, 345), (345,), (345, 10), (10,)], 'train_accuracy': 0.9511333333333334, 'test_accuracy': 0.9511}} 
09-13 05:25 DEBUG    ****** PDM_KL matching ******** 
09-13 05:25 DEBUG    Best Sigma0: 0.5. Best sigma: 1 Best gamma: 10. Best Test accuracy: 0.9527. Train acc: 0.95265. 

09-13 05:25 DEBUG    PDM_KL log: {(0.5, 1, 10): {'shapes': [(784, 350), (350,), (350, 10), (10,)], 'train_accuracy': 0.95265, 'test_accuracy': 0.9527}} 
09-13 05:28 DEBUG    ****** PDM_KL matching ******** 
09-13 05:28 DEBUG    Best Sigma0: 0.5. Best sigma: 1 Best gamma: 10. Best Test accuracy: 0.9543. Train acc: 0.9541166666666666. 

09-13 05:28 DEBUG    PDM_KL log: {(0.5, 1, 10): {'shapes': [(784, 357), (357,), (357, 10), (10,)], 'train_accuracy': 0.9541166666666666, 'test_accuracy': 0.9543}} 
09-13 05:31 DEBUG    ****** PDM_KL matching ******** 
09-13 05:31 DEBUG    Best Sigma0: 0.5. Best sigma: 1 Best gamma: 10. Best Test accuracy: 0.953. Train acc: 0.9531333333333334. 

09-13 05:31 DEBUG    PDM_KL log: {(0.5, 1, 10): {'shapes': [(784, 342), (342,), (342, 10), (10,)], 'train_accuracy': 0.9531333333333334, 'test_accuracy': 0.953}} 
09-13 05:33 DEBUG    ****** PDM_KL matching ******** 
09-13 05:33 DEBUG    Best Sigma0: 0.5. Best sigma: 1 Best gamma: 10. Best Test accuracy: 0.9551. Train acc: 0.9536666666666667. 

09-13 05:33 DEBUG    PDM_KL log: {(0.5, 1, 10): {'shapes': [(784, 356), (356,), (356, 10), (10,)], 'train_accuracy': 0.9536666666666667, 'test_accuracy': 0.9551}} 
09-13 05:36 DEBUG    ****** PDM_KL matching ******** 
09-13 05:36 DEBUG    Best Sigma0: 0.5. Best sigma: 1 Best gamma: 10. Best Test accuracy: 0.9531. Train acc: 0.9527333333333333. 

09-13 05:36 DEBUG    PDM_KL log: {(0.5, 1, 10): {'shapes': [(784, 374), (374,), (374, 10), (10,)], 'train_accuracy': 0.9527333333333333, 'test_accuracy': 0.9531}} 
09-13 05:40 DEBUG    ****** PDM_KL matching ******** 
09-13 05:40 DEBUG    Best Sigma0: 0.5. Best sigma: 1 Best gamma: 10. Best Test accuracy: 0.9575. Train acc: 0.9564. 

09-13 05:40 DEBUG    PDM_KL log: {(0.5, 1, 10): {'shapes': [(784, 539), (539,), (539, 10), (10,)], 'train_accuracy': 0.9564, 'test_accuracy': 0.9575}} 
09-13 05:48 DEBUG    ****** PDM_KL matching ******** 
09-13 05:48 DEBUG    Best Sigma0: 0.5. Best sigma: 1 Best gamma: 10. Best Test accuracy: 0.9589. Train acc: 0.9593833333333334. 

09-13 05:48 DEBUG    PDM_KL log: {(0.5, 1, 10): {'shapes': [(784, 700), (700,), (700, 10), (10,)], 'train_accuracy': 0.9593833333333334, 'test_accuracy': 0.9589}} 
09-13 05:54 DEBUG    ****** PDM_KL matching ******** 
09-13 05:54 DEBUG    Best Sigma0: 0.5. Best sigma: 1 Best gamma: 10. Best Test accuracy: 0.8792. Train acc: 0.8771833333333333. 

09-13 05:54 DEBUG    PDM_KL log: {(0.5, 1, 10): {'shapes': [(784, 304), (304,), (304, 10), (10,)], 'train_accuracy': 0.8771833333333333, 'test_accuracy': 0.8792}} 
09-13 05:55 DEBUG    ****** PDM_KL matching ******** 
09-13 05:55 DEBUG    Best Sigma0: 0.5. Best sigma: 1 Best gamma: 10. Best Test accuracy: 0.0892. Train acc: 0.09035. 

09-13 05:55 DEBUG    PDM_KL log: {(0.5, 1, 10): {'shapes': [(784, 157), (157,), (157, 10), (10,)], 'train_accuracy': 0.09035, 'test_accuracy': 0.0892}} 
09-13 05:57 DEBUG    ****** PDM_KL matching ******** 
09-13 05:57 DEBUG    Best Sigma0: 0.5. Best sigma: 1 Best gamma: 10. Best Test accuracy: 0.0892. Train acc: 0.09035. 

09-13 05:57 DEBUG    PDM_KL log: {(0.5, 1, 10): {'shapes': [(784, 157), (157,), (157, 10), (10,)], 'train_accuracy': 0.09035, 'test_accuracy': 0.0892}} 
09-13 05:57 DEBUG    Trial 8 completed
09-13 05:57 DEBUG    ####################################################################################################
09-13 05:57 DEBUG    ####################################################################################################
09-13 05:57 DEBUG    Executing Trial 9 with seed 9
09-13 05:57 DEBUG    Data statistics: {0: {0: 283, 1: 353, 2: 295, 3: 303, 4: 278, 5: 262, 6: 309, 7: 331, 8: 289, 9: 297}, 1: {0: 315, 1: 375, 2: 269, 3: 300, 4: 308, 5: 268, 6: 303, 7: 293, 8: 277, 9: 292}, 2: {0: 288, 1: 340, 2: 296, 3: 323, 4: 269, 5: 280, 6: 278, 7: 312, 8: 305, 9: 309}, 3: {0: 275, 1: 336, 2: 290, 3: 293, 4: 308, 5: 276, 6: 299, 7: 337, 8: 300, 9: 286}, 4: {0: 293, 1: 341, 2: 296, 3: 305, 4: 283, 5: 253, 6: 313, 7: 300, 8: 285, 9: 331}, 5: {0: 327, 1: 326, 2: 287, 3: 334, 4: 295, 5: 279, 6: 290, 7: 283, 8: 273, 9: 306}, 6: {0: 293, 1: 352, 2: 298, 3: 298, 4: 277, 5: 263, 6: 294, 7: 328, 8: 296, 9: 301}, 7: {0: 295, 1: 337, 2: 296, 3: 306, 4: 284, 5: 288, 6: 291, 7: 330, 8: 284, 9: 289}, 8: {0: 319, 1: 342, 2: 276, 3: 319, 4: 291, 5: 273, 6: 287, 7: 307, 8: 297, 9: 289}, 9: {0: 282, 1: 337, 2: 294, 3: 307, 4: 319, 5: 285, 6: 276, 7: 327, 8: 294, 9: 279}, 10: {0: 288, 1: 346, 2: 298, 3: 295, 4: 304, 5: 264, 6: 271, 7: 313, 8: 310, 9: 311}, 11: {0: 300, 1: 293, 2: 318, 3: 331, 4: 275, 5: 281, 6: 299, 7: 313, 8: 283, 9: 307}, 12: {0: 310, 1: 339, 2: 296, 3: 308, 4: 283, 5: 267, 6: 311, 7: 299, 8: 311, 9: 276}, 13: {0: 279, 1: 346, 2: 327, 3: 291, 4: 316, 5: 259, 6: 288, 7: 315, 8: 297, 9: 282}, 14: {0: 291, 1: 338, 2: 306, 3: 339, 4: 282, 5: 239, 6: 284, 7: 311, 8: 296, 9: 314}, 15: {0: 299, 1: 329, 2: 312, 3: 294, 4: 300, 5: 259, 6: 320, 7: 285, 8: 298, 9: 304}, 16: {0: 277, 1: 363, 2: 317, 3: 300, 4: 304, 5: 266, 6: 295, 7: 300, 8: 271, 9: 307}, 17: {0: 309, 1: 303, 2: 333, 3: 270, 4: 295, 5: 267, 6: 278, 7: 360, 8: 292, 9: 293}, 18: {0: 288, 1: 346, 2: 275, 3: 309, 4: 277, 5: 306, 6: 320, 7: 312, 8: 277, 9: 290}, 19: {0: 312, 1: 300, 2: 279, 3: 306, 4: 294, 5: 286, 6: 312, 7: 309, 8: 316, 9: 286}}
09-13 05:57 DEBUG    **************************************************
09-13 05:57 DEBUG    Running experiments 

09-13 05:58 DEBUG    Uniform ensemble (Train acc): 0.960183
09-13 05:58 DEBUG    Uniform ensemble (Test acc): 0.960500
09-13 05:58 DEBUG    FedAvg (Train acc): 0.099983
09-13 05:58 DEBUG    FedAvg (Test acc): 0.098700
09-13 05:59 DEBUG    ****** PDM_KL matching ******** 
09-13 05:59 DEBUG    Best Sigma0: 0.5. Best sigma: 1 Best gamma: 10. Best Test accuracy: 0.9497. Train acc: 0.9496166666666667. 

09-13 05:59 DEBUG    PDM_KL log: {(0.5, 1, 10): {'shapes': [(784, 355), (355,), (355, 10), (10,)], 'train_accuracy': 0.9496166666666667, 'test_accuracy': 0.9497}} 
09-13 06:02 DEBUG    ****** PDM_KL matching ******** 
09-13 06:02 DEBUG    Best Sigma0: 0.5. Best sigma: 1 Best gamma: 10. Best Test accuracy: 0.9507. Train acc: 0.9501833333333334. 

09-13 06:02 DEBUG    PDM_KL log: {(0.5, 1, 10): {'shapes': [(784, 358), (358,), (358, 10), (10,)], 'train_accuracy': 0.9501833333333334, 'test_accuracy': 0.9507}} 
09-13 06:05 DEBUG    ****** PDM_KL matching ******** 
09-13 06:05 DEBUG    Best Sigma0: 0.5. Best sigma: 1 Best gamma: 10. Best Test accuracy: 0.9485. Train acc: 0.9478. 

09-13 06:05 DEBUG    PDM_KL log: {(0.5, 1, 10): {'shapes': [(784, 356), (356,), (356, 10), (10,)], 'train_accuracy': 0.9478, 'test_accuracy': 0.9485}} 
09-13 06:08 DEBUG    ****** PDM_KL matching ******** 
09-13 06:08 DEBUG    Best Sigma0: 0.5. Best sigma: 1 Best gamma: 10. Best Test accuracy: 0.9476. Train acc: 0.948. 

09-13 06:08 DEBUG    PDM_KL log: {(0.5, 1, 10): {'shapes': [(784, 349), (349,), (349, 10), (10,)], 'train_accuracy': 0.948, 'test_accuracy': 0.9476}} 
09-13 06:11 DEBUG    ****** PDM_KL matching ******** 
09-13 06:11 DEBUG    Best Sigma0: 0.5. Best sigma: 1 Best gamma: 10. Best Test accuracy: 0.9502. Train acc: 0.9499333333333333. 

09-13 06:11 DEBUG    PDM_KL log: {(0.5, 1, 10): {'shapes': [(784, 366), (366,), (366, 10), (10,)], 'train_accuracy': 0.9499333333333333, 'test_accuracy': 0.9502}} 
09-13 06:14 DEBUG    ****** PDM_KL matching ******** 
09-13 06:14 DEBUG    Best Sigma0: 0.5. Best sigma: 1 Best gamma: 10. Best Test accuracy: 0.9486. Train acc: 0.9489833333333333. 

09-13 06:14 DEBUG    PDM_KL log: {(0.5, 1, 10): {'shapes': [(784, 378), (378,), (378, 10), (10,)], 'train_accuracy': 0.9489833333333333, 'test_accuracy': 0.9486}} 
09-13 06:18 DEBUG    ****** PDM_KL matching ******** 
09-13 06:18 DEBUG    Best Sigma0: 0.5. Best sigma: 1 Best gamma: 10. Best Test accuracy: 0.9511. Train acc: 0.9531833333333334. 

09-13 06:18 DEBUG    PDM_KL log: {(0.5, 1, 10): {'shapes': [(784, 556), (556,), (556, 10), (10,)], 'train_accuracy': 0.9531833333333334, 'test_accuracy': 0.9511}} 
09-13 06:25 DEBUG    ****** PDM_KL matching ******** 
09-13 06:25 DEBUG    Best Sigma0: 0.5. Best sigma: 1 Best gamma: 10. Best Test accuracy: 0.9578. Train acc: 0.9586666666666667. 

09-13 06:25 DEBUG    PDM_KL log: {(0.5, 1, 10): {'shapes': [(784, 700), (700,), (700, 10), (10,)], 'train_accuracy': 0.9586666666666667, 'test_accuracy': 0.9578}} 
09-13 06:30 DEBUG    ****** PDM_KL matching ******** 
09-13 06:30 DEBUG    Best Sigma0: 0.5. Best sigma: 1 Best gamma: 10. Best Test accuracy: 0.8767. Train acc: 0.87235. 

09-13 06:30 DEBUG    PDM_KL log: {(0.5, 1, 10): {'shapes': [(784, 314), (314,), (314, 10), (10,)], 'train_accuracy': 0.87235, 'test_accuracy': 0.8767}} 
09-13 06:32 DEBUG    ****** PDM_KL matching ******** 
09-13 06:32 DEBUG    Best Sigma0: 0.5. Best sigma: 1 Best gamma: 10. Best Test accuracy: 0.0892. Train acc: 0.09035. 

09-13 06:32 DEBUG    PDM_KL log: {(0.5, 1, 10): {'shapes': [(784, 157), (157,), (157, 10), (10,)], 'train_accuracy': 0.09035, 'test_accuracy': 0.0892}} 
09-13 06:33 DEBUG    ****** PDM_KL matching ******** 
09-13 06:33 DEBUG    Best Sigma0: 0.5. Best sigma: 1 Best gamma: 10. Best Test accuracy: 0.0892. Train acc: 0.09035. 

09-13 06:33 DEBUG    PDM_KL log: {(0.5, 1, 10): {'shapes': [(784, 157), (157,), (157, 10), (10,)], 'train_accuracy': 0.09035, 'test_accuracy': 0.0892}} 
09-13 06:33 DEBUG    Trial 9 completed
09-13 06:33 DEBUG    ####################################################################################################
