09-13 02:48 DEBUG    Experiment arguments: Namespace(alpha=0.5, communication_rounds=None, datadir='data/cifar10', dataset='cifar10', device=1.0, dropout_p=0.0, epochs=10, experiment=['all'], init_seed=0, iter_epochs=5, layers=1, loaddir='saved_weights/cifar10/homo', logdir='KL_regs/cifar10/homo', lr=0.01, lr_decay=1.0, n=6, n_layers=1, n_nets=10, net_config=[3072, 100, 100, 100, 100, 100, 10], num_pool_workers=6, partition='homo', pdm_gamma=1.0, pdm_sig=1.0, pdm_sig0=1.0, reg=1e-06, reg_fac=0.0, trials=10)
09-13 02:48 DEBUG    ####################################################################################################
09-13 02:48 DEBUG    Executing Trial 0 with seed 0
09-13 02:48 DEBUG    Data statistics: {0: {0: 503, 1: 483, 2: 487, 3: 527, 4: 473, 5: 548, 6: 491, 7: 502, 8: 482, 9: 504}, 1: {0: 501, 1: 503, 2: 529, 3: 503, 4: 494, 5: 468, 6: 462, 7: 497, 8: 507, 9: 536}, 2: {0: 510, 1: 540, 2: 498, 3: 461, 4: 516, 5: 483, 6: 502, 7: 515, 8: 492, 9: 483}, 3: {0: 487, 1: 487, 2: 493, 3: 498, 4: 523, 5: 482, 6: 500, 7: 487, 8: 495, 9: 548}, 4: {0: 505, 1: 480, 2: 488, 3: 488, 4: 480, 5: 509, 6: 537, 7: 490, 8: 490, 9: 533}, 5: {0: 504, 1: 480, 2: 511, 3: 494, 4: 530, 5: 509, 6: 521, 7: 489, 8: 490, 9: 472}, 6: {0: 512, 1: 509, 2: 512, 3: 488, 4: 488, 5: 465, 6: 490, 7: 538, 8: 506, 9: 492}, 7: {0: 472, 1: 521, 2: 463, 3: 549, 4: 502, 5: 515, 6: 518, 7: 496, 8: 479, 9: 485}, 8: {0: 505, 1: 485, 2: 487, 3: 505, 4: 497, 5: 512, 6: 508, 7: 501, 8: 531, 9: 469}, 9: {0: 501, 1: 512, 2: 532, 3: 487, 4: 497, 5: 509, 6: 471, 7: 485, 8: 528, 9: 478}}
09-13 02:49 DEBUG    **************************************************
09-13 02:49 DEBUG    Running experiments 

09-13 02:49 DEBUG    Uniform ensemble (Train acc): 0.218640
09-13 02:49 DEBUG    Uniform ensemble (Test acc): 0.219400
09-13 02:49 DEBUG    FedAvg (Train acc): 0.100000
09-13 02:49 DEBUG    FedAvg (Test acc): 0.100000
09-13 02:56 DEBUG    ****** PDM_KL matching ******** 
09-13 02:56 DEBUG    Best Sigma0: 0.5. Best sigma: 1 Best gamma: 10. Best Test accuracy: 0.1132. Train acc: 0.11336. 

09-13 02:56 DEBUG    PDM_KL log: {(0.5, 1, 10): {'shapes': [(3072, 248), (248,), (248, 118), (118,), (118, 118), (118,), (118, 118), (118,), (118, 118), (118,), (118, 10), (10,)], 'train_accuracy': 0.11336, 'test_accuracy': 0.1132}} 
09-13 03:12 DEBUG    ****** PDM_KL matching ******** 
09-13 03:12 DEBUG    Best Sigma0: 0.5. Best sigma: 1 Best gamma: 10. Best Test accuracy: 0.1164. Train acc: 0.11664. 

09-13 03:12 DEBUG    PDM_KL log: {(0.5, 1, 10): {'shapes': [(3072, 249), (249,), (249, 118), (118,), (118, 118), (118,), (118, 118), (118,), (118, 118), (118,), (118, 10), (10,)], 'train_accuracy': 0.11664, 'test_accuracy': 0.1164}} 
09-13 03:27 DEBUG    ****** PDM_KL matching ******** 
09-13 03:27 DEBUG    Best Sigma0: 0.5. Best sigma: 1 Best gamma: 10. Best Test accuracy: 0.1038. Train acc: 0.10624. 

09-13 03:27 DEBUG    PDM_KL log: {(0.5, 1, 10): {'shapes': [(3072, 252), (252,), (252, 118), (118,), (118, 118), (118,), (118, 118), (118,), (118, 118), (118,), (118, 10), (10,)], 'train_accuracy': 0.10624, 'test_accuracy': 0.1038}} 
09-13 03:42 DEBUG    ****** PDM_KL matching ******** 
09-13 03:42 DEBUG    Best Sigma0: 0.5. Best sigma: 1 Best gamma: 10. Best Test accuracy: 0.1138. Train acc: 0.11212. 

09-13 03:42 DEBUG    PDM_KL log: {(0.5, 1, 10): {'shapes': [(3072, 248), (248,), (248, 118), (118,), (118, 118), (118,), (118, 118), (118,), (118, 118), (118,), (118, 10), (10,)], 'train_accuracy': 0.11212, 'test_accuracy': 0.1138}} 
09-13 03:57 DEBUG    ****** PDM_KL matching ******** 
09-13 03:57 DEBUG    Best Sigma0: 0.5. Best sigma: 1 Best gamma: 10. Best Test accuracy: 0.117. Train acc: 0.114. 

09-13 03:57 DEBUG    PDM_KL log: {(0.5, 1, 10): {'shapes': [(3072, 254), (254,), (254, 118), (118,), (118, 127), (127,), (127, 118), (118,), (118, 118), (118,), (118, 10), (10,)], 'train_accuracy': 0.114, 'test_accuracy': 0.117}} 
09-13 04:13 DEBUG    ****** PDM_KL matching ******** 
09-13 04:13 DEBUG    Best Sigma0: 0.5. Best sigma: 1 Best gamma: 10. Best Test accuracy: 0.1086. Train acc: 0.10906. 

09-13 04:13 DEBUG    PDM_KL log: {(0.5, 1, 10): {'shapes': [(3072, 258), (258,), (258, 118), (118,), (118, 118), (118,), (118, 127), (127,), (127, 118), (118,), (118, 10), (10,)], 'train_accuracy': 0.10906, 'test_accuracy': 0.1086}} 
09-13 04:31 DEBUG    ****** PDM_KL matching ******** 
09-13 04:31 DEBUG    Best Sigma0: 0.5. Best sigma: 1 Best gamma: 10. Best Test accuracy: 0.1071. Train acc: 0.10786. 

09-13 04:31 DEBUG    PDM_KL log: {(0.5, 1, 10): {'shapes': [(3072, 319), (319,), (319, 118), (118,), (118, 127), (127,), (127, 127), (127,), (127, 118), (118,), (118, 10), (10,)], 'train_accuracy': 0.10786, 'test_accuracy': 0.1071}} 
09-13 04:58 DEBUG    ****** PDM_KL matching ******** 
09-13 04:58 DEBUG    Best Sigma0: 0.5. Best sigma: 1 Best gamma: 10. Best Test accuracy: 0.1079. Train acc: 0.10646. 

09-13 04:58 DEBUG    PDM_KL log: {(0.5, 1, 10): {'shapes': [(3072, 475), (475,), (475, 127), (127,), (127, 127), (127,), (127, 127), (127,), (127, 118), (118,), (118, 10), (10,)], 'train_accuracy': 0.10646, 'test_accuracy': 0.1079}} 
09-13 05:29 DEBUG    ****** PDM_KL matching ******** 
09-13 05:29 DEBUG    Best Sigma0: 0.5. Best sigma: 1 Best gamma: 10. Best Test accuracy: 0.1. Train acc: 0.1. 

09-13 05:29 DEBUG    PDM_KL log: {(0.5, 1, 10): {'shapes': [(3072, 619), (619,), (619, 127), (127,), (127, 127), (127,), (127, 127), (127,), (127, 127), (127,), (127, 10), (10,)], 'train_accuracy': 0.1, 'test_accuracy': 0.1}} 
09-13 05:59 DEBUG    ****** PDM_KL matching ******** 
09-13 05:59 DEBUG    Best Sigma0: 0.5. Best sigma: 1 Best gamma: 10. Best Test accuracy: 0.1. Train acc: 0.1. 

09-13 05:59 DEBUG    PDM_KL log: {(0.5, 1, 10): {'shapes': [(3072, 636), (636,), (636, 127), (127,), (127, 136), (136,), (136, 127), (127,), (127, 127), (127,), (127, 10), (10,)], 'train_accuracy': 0.1, 'test_accuracy': 0.1}} 
09-13 06:29 DEBUG    ****** PDM_KL matching ******** 
09-13 06:29 DEBUG    Best Sigma0: 0.5. Best sigma: 1 Best gamma: 10. Best Test accuracy: 0.1. Train acc: 0.1. 

09-13 06:29 DEBUG    PDM_KL log: {(0.5, 1, 10): {'shapes': [(3072, 668), (668,), (668, 127), (127,), (127, 127), (127,), (127, 127), (127,), (127, 127), (127,), (127, 10), (10,)], 'train_accuracy': 0.1, 'test_accuracy': 0.1}} 
09-13 06:29 DEBUG    Trial 0 completed
09-13 06:29 DEBUG    ####################################################################################################
09-13 06:29 DEBUG    ####################################################################################################
09-13 06:29 DEBUG    Executing Trial 1 with seed 1
09-13 06:30 DEBUG    Data statistics: {0: {0: 510, 1: 492, 2: 515, 3: 474, 4: 530, 5: 498, 6: 501, 7: 489, 8: 481, 9: 510}, 1: {0: 476, 1: 494, 2: 523, 3: 515, 4: 477, 5: 497, 6: 486, 7: 523, 8: 497, 9: 512}, 2: {0: 503, 1: 524, 2: 501, 3: 526, 4: 471, 5: 497, 6: 538, 7: 499, 8: 482, 9: 459}, 3: {0: 484, 1: 501, 2: 514, 3: 480, 4: 487, 5: 513, 6: 529, 7: 501, 8: 480, 9: 511}, 4: {0: 506, 1: 496, 2: 478, 3: 495, 4: 492, 5: 512, 6: 520, 7: 487, 8: 490, 9: 524}, 5: {0: 517, 1: 496, 2: 472, 3: 525, 4: 496, 5: 506, 6: 458, 7: 480, 8: 503, 9: 547}, 6: {0: 491, 1: 522, 2: 492, 3: 490, 4: 506, 5: 482, 6: 492, 7: 499, 8: 557, 9: 469}, 7: {0: 516, 1: 500, 2: 499, 3: 512, 4: 523, 5: 503, 6: 468, 7: 515, 8: 493, 9: 471}, 8: {0: 503, 1: 497, 2: 498, 3: 492, 4: 484, 5: 490, 6: 509, 7: 511, 8: 506, 9: 510}, 9: {0: 494, 1: 478, 2: 508, 3: 491, 4: 534, 5: 502, 6: 499, 7: 496, 8: 511, 9: 487}}
09-13 06:32 DEBUG    **************************************************
09-13 06:32 DEBUG    Running experiments 

09-13 06:33 DEBUG    Uniform ensemble (Train acc): 0.259640
09-13 06:33 DEBUG    Uniform ensemble (Test acc): 0.256500
09-13 06:34 DEBUG    FedAvg (Train acc): 0.100000
09-13 06:34 DEBUG    FedAvg (Test acc): 0.100000
09-13 06:40 DEBUG    ****** PDM_KL matching ******** 
09-13 06:40 DEBUG    Best Sigma0: 0.5. Best sigma: 1 Best gamma: 10. Best Test accuracy: 0.1114. Train acc: 0.1122. 

09-13 06:40 DEBUG    PDM_KL log: {(0.5, 1, 10): {'shapes': [(3072, 241), (241,), (241, 118), (118,), (118, 118), (118,), (118, 118), (118,), (118, 118), (118,), (118, 10), (10,)], 'train_accuracy': 0.1122, 'test_accuracy': 0.1114}} 
09-13 06:53 DEBUG    ****** PDM_KL matching ******** 
09-13 06:53 DEBUG    Best Sigma0: 0.5. Best sigma: 1 Best gamma: 10. Best Test accuracy: 0.1169. Train acc: 0.11222. 

09-13 06:53 DEBUG    PDM_KL log: {(0.5, 1, 10): {'shapes': [(3072, 237), (237,), (237, 118), (118,), (118, 127), (127,), (127, 127), (127,), (127, 118), (118,), (118, 10), (10,)], 'train_accuracy': 0.11222, 'test_accuracy': 0.1169}} 
09-13 07:05 DEBUG    ****** PDM_KL matching ******** 
09-13 07:05 DEBUG    Best Sigma0: 0.5. Best sigma: 1 Best gamma: 10. Best Test accuracy: 0.1219. Train acc: 0.11744. 

09-13 07:05 DEBUG    PDM_KL log: {(0.5, 1, 10): {'shapes': [(3072, 241), (241,), (241, 118), (118,), (118, 118), (118,), (118, 118), (118,), (118, 118), (118,), (118, 10), (10,)], 'train_accuracy': 0.11744, 'test_accuracy': 0.1219}} 
09-13 07:20 DEBUG    ****** PDM_KL matching ******** 
09-13 07:20 DEBUG    Best Sigma0: 0.5. Best sigma: 1 Best gamma: 10. Best Test accuracy: 0.1098. Train acc: 0.105. 

09-13 07:20 DEBUG    PDM_KL log: {(0.5, 1, 10): {'shapes': [(3072, 247), (247,), (247, 127), (127,), (127, 118), (118,), (118, 118), (118,), (118, 118), (118,), (118, 10), (10,)], 'train_accuracy': 0.105, 'test_accuracy': 0.1098}} 
09-13 07:32 DEBUG    ****** PDM_KL matching ******** 
09-13 07:32 DEBUG    Best Sigma0: 0.5. Best sigma: 1 Best gamma: 10. Best Test accuracy: 0.1022. Train acc: 0.10106. 

09-13 07:32 DEBUG    PDM_KL log: {(0.5, 1, 10): {'shapes': [(3072, 240), (240,), (240, 127), (127,), (127, 127), (127,), (127, 118), (118,), (118, 118), (118,), (118, 10), (10,)], 'train_accuracy': 0.10106, 'test_accuracy': 0.1022}} 
09-13 07:44 DEBUG    ****** PDM_KL matching ******** 
09-13 07:44 DEBUG    Best Sigma0: 0.5. Best sigma: 1 Best gamma: 10. Best Test accuracy: 0.1047. Train acc: 0.10398. 

09-13 07:44 DEBUG    PDM_KL log: {(0.5, 1, 10): {'shapes': [(3072, 241), (241,), (241, 127), (127,), (127, 118), (118,), (118, 118), (118,), (118, 118), (118,), (118, 10), (10,)], 'train_accuracy': 0.10398, 'test_accuracy': 0.1047}} 
09-13 07:56 DEBUG    ****** PDM_KL matching ******** 
09-13 07:56 DEBUG    Best Sigma0: 0.5. Best sigma: 1 Best gamma: 10. Best Test accuracy: 0.1275. Train acc: 0.12272. 

09-13 07:56 DEBUG    PDM_KL log: {(0.5, 1, 10): {'shapes': [(3072, 305), (305,), (305, 127), (127,), (127, 127), (127,), (127, 127), (127,), (127, 118), (118,), (118, 10), (10,)], 'train_accuracy': 0.12272, 'test_accuracy': 0.1275}} 
09-13 08:16 DEBUG    ****** PDM_KL matching ******** 
09-13 08:16 DEBUG    Best Sigma0: 0.5. Best sigma: 1 Best gamma: 10. Best Test accuracy: 0.0991. Train acc: 0.0994. 

09-13 08:16 DEBUG    PDM_KL log: {(0.5, 1, 10): {'shapes': [(3072, 471), (471,), (471, 127), (127,), (127, 127), (127,), (127, 127), (127,), (127, 118), (118,), (118, 10), (10,)], 'train_accuracy': 0.0994, 'test_accuracy': 0.0991}} 
09-13 08:39 DEBUG    ****** PDM_KL matching ******** 
09-13 08:39 DEBUG    Best Sigma0: 0.5. Best sigma: 1 Best gamma: 10. Best Test accuracy: 0.1. Train acc: 0.1. 

09-13 08:39 DEBUG    PDM_KL log: {(0.5, 1, 10): {'shapes': [(3072, 615), (615,), (615, 127), (127,), (127, 127), (127,), (127, 127), (127,), (127, 127), (127,), (127, 10), (10,)], 'train_accuracy': 0.1, 'test_accuracy': 0.1}} 
09-13 09:04 DEBUG    ****** PDM_KL matching ******** 
09-13 09:04 DEBUG    Best Sigma0: 0.5. Best sigma: 1 Best gamma: 10. Best Test accuracy: 0.1. Train acc: 0.1. 

09-13 09:04 DEBUG    PDM_KL log: {(0.5, 1, 10): {'shapes': [(3072, 620), (620,), (620, 136), (136,), (136, 127), (127,), (127, 136), (136,), (136, 127), (127,), (127, 10), (10,)], 'train_accuracy': 0.1, 'test_accuracy': 0.1}} 
09-13 09:26 DEBUG    ****** PDM_KL matching ******** 
09-13 09:26 DEBUG    Best Sigma0: 0.5. Best sigma: 1 Best gamma: 10. Best Test accuracy: 0.1. Train acc: 0.1. 

09-13 09:26 DEBUG    PDM_KL log: {(0.5, 1, 10): {'shapes': [(3072, 646), (646,), (646, 136), (136,), (136, 127), (127,), (127, 136), (136,), (136, 127), (127,), (127, 10), (10,)], 'train_accuracy': 0.1, 'test_accuracy': 0.1}} 
09-13 09:26 DEBUG    Trial 1 completed
09-13 09:26 DEBUG    ####################################################################################################
09-13 09:26 DEBUG    ####################################################################################################
09-13 09:26 DEBUG    Executing Trial 2 with seed 2
09-13 09:26 DEBUG    Data statistics: {0: {0: 515, 1: 500, 2: 501, 3: 505, 4: 515, 5: 506, 6: 524, 7: 482, 8: 475, 9: 477}, 1: {0: 514, 1: 496, 2: 530, 3: 477, 4: 493, 5: 492, 6: 470, 7: 516, 8: 514, 9: 498}, 2: {0: 496, 1: 506, 2: 499, 3: 504, 4: 471, 5: 489, 6: 507, 7: 502, 8: 484, 9: 542}, 3: {0: 475, 1: 473, 2: 480, 3: 525, 4: 506, 5: 514, 6: 515, 7: 518, 8: 506, 9: 488}, 4: {0: 522, 1: 530, 2: 486, 3: 468, 4: 510, 5: 510, 6: 494, 7: 496, 8: 497, 9: 487}, 5: {0: 519, 1: 494, 2: 514, 3: 499, 4: 512, 5: 479, 6: 470, 7: 497, 8: 505, 9: 511}, 6: {0: 485, 1: 507, 2: 509, 3: 511, 4: 488, 5: 459, 6: 496, 7: 514, 8: 518, 9: 513}, 7: {0: 485, 1: 488, 2: 482, 3: 505, 4: 546, 5: 535, 6: 505, 7: 476, 8: 486, 9: 492}, 8: {0: 512, 1: 493, 2: 513, 3: 481, 4: 512, 5: 499, 6: 513, 7: 481, 8: 508, 9: 488}, 9: {0: 477, 1: 513, 2: 486, 3: 525, 4: 447, 5: 517, 6: 506, 7: 518, 8: 507, 9: 504}}
09-13 09:27 DEBUG    **************************************************
09-13 09:27 DEBUG    Running experiments 

09-13 09:28 DEBUG    Uniform ensemble (Train acc): 0.270260
09-13 09:28 DEBUG    Uniform ensemble (Test acc): 0.274300
09-13 09:28 DEBUG    FedAvg (Train acc): 0.100000
09-13 09:28 DEBUG    FedAvg (Test acc): 0.100000
09-13 09:35 DEBUG    ****** PDM_KL matching ******** 
09-13 09:35 DEBUG    Best Sigma0: 0.5. Best sigma: 1 Best gamma: 10. Best Test accuracy: 0.1156. Train acc: 0.1154. 

09-13 09:35 DEBUG    PDM_KL log: {(0.5, 1, 10): {'shapes': [(3072, 242), (242,), (242, 118), (118,), (118, 118), (118,), (118, 118), (118,), (118, 118), (118,), (118, 10), (10,)], 'train_accuracy': 0.1154, 'test_accuracy': 0.1156}} 
09-13 09:45 DEBUG    ****** PDM_KL matching ******** 
09-13 09:45 DEBUG    Best Sigma0: 0.5. Best sigma: 1 Best gamma: 10. Best Test accuracy: 0.1308. Train acc: 0.1265. 

09-13 09:45 DEBUG    PDM_KL log: {(0.5, 1, 10): {'shapes': [(3072, 241), (241,), (241, 118), (118,), (118, 118), (118,), (118, 118), (118,), (118, 118), (118,), (118, 10), (10,)], 'train_accuracy': 0.1265, 'test_accuracy': 0.1308}} 
09-13 09:56 DEBUG    ****** PDM_KL matching ******** 
09-13 09:56 DEBUG    Best Sigma0: 0.5. Best sigma: 1 Best gamma: 10. Best Test accuracy: 0.1096. Train acc: 0.10918. 

09-13 09:56 DEBUG    PDM_KL log: {(0.5, 1, 10): {'shapes': [(3072, 239), (239,), (239, 118), (118,), (118, 118), (118,), (118, 118), (118,), (118, 118), (118,), (118, 10), (10,)], 'train_accuracy': 0.10918, 'test_accuracy': 0.1096}} 
09-13 10:06 DEBUG    ****** PDM_KL matching ******** 
09-13 10:06 DEBUG    Best Sigma0: 0.5. Best sigma: 1 Best gamma: 10. Best Test accuracy: 0.1156. Train acc: 0.1147. 

09-13 10:06 DEBUG    PDM_KL log: {(0.5, 1, 10): {'shapes': [(3072, 243), (243,), (243, 118), (118,), (118, 118), (118,), (118, 118), (118,), (118, 118), (118,), (118, 10), (10,)], 'train_accuracy': 0.1147, 'test_accuracy': 0.1156}} 
09-13 10:17 DEBUG    ****** PDM_KL matching ******** 
09-13 10:17 DEBUG    Best Sigma0: 0.5. Best sigma: 1 Best gamma: 10. Best Test accuracy: 0.1134. Train acc: 0.11286. 

09-13 10:17 DEBUG    PDM_KL log: {(0.5, 1, 10): {'shapes': [(3072, 251), (251,), (251, 118), (118,), (118, 127), (127,), (127, 118), (118,), (118, 118), (118,), (118, 10), (10,)], 'train_accuracy': 0.11286, 'test_accuracy': 0.1134}} 
09-13 10:28 DEBUG    ****** PDM_KL matching ******** 
09-13 10:28 DEBUG    Best Sigma0: 0.5. Best sigma: 1 Best gamma: 10. Best Test accuracy: 0.1102. Train acc: 0.10886. 

09-13 10:28 DEBUG    PDM_KL log: {(0.5, 1, 10): {'shapes': [(3072, 245), (245,), (245, 127), (127,), (127, 127), (127,), (127, 118), (118,), (118, 118), (118,), (118, 10), (10,)], 'train_accuracy': 0.10886, 'test_accuracy': 0.1102}} 
09-13 10:41 DEBUG    ****** PDM_KL matching ******** 
09-13 10:41 DEBUG    Best Sigma0: 0.5. Best sigma: 1 Best gamma: 10. Best Test accuracy: 0.1356. Train acc: 0.13252. 

09-13 10:41 DEBUG    PDM_KL log: {(0.5, 1, 10): {'shapes': [(3072, 321), (321,), (321, 127), (127,), (127, 118), (118,), (118, 127), (127,), (127, 118), (118,), (118, 10), (10,)], 'train_accuracy': 0.13252, 'test_accuracy': 0.1356}} 
09-13 11:01 DEBUG    ****** PDM_KL matching ******** 
09-13 11:01 DEBUG    Best Sigma0: 0.5. Best sigma: 1 Best gamma: 10. Best Test accuracy: 0.1002. Train acc: 0.10018. 

09-13 11:01 DEBUG    PDM_KL log: {(0.5, 1, 10): {'shapes': [(3072, 486), (486,), (486, 127), (127,), (127, 127), (127,), (127, 127), (127,), (127, 118), (118,), (118, 10), (10,)], 'train_accuracy': 0.10018, 'test_accuracy': 0.1002}} 
09-13 11:23 DEBUG    ****** PDM_KL matching ******** 
09-13 11:23 DEBUG    Best Sigma0: 0.5. Best sigma: 1 Best gamma: 10. Best Test accuracy: 0.1. Train acc: 0.1. 

09-13 11:23 DEBUG    PDM_KL log: {(0.5, 1, 10): {'shapes': [(3072, 618), (618,), (618, 127), (127,), (127, 127), (127,), (127, 127), (127,), (127, 127), (127,), (127, 10), (10,)], 'train_accuracy': 0.1, 'test_accuracy': 0.1}} 
09-13 11:45 DEBUG    ****** PDM_KL matching ******** 
09-13 11:45 DEBUG    Best Sigma0: 0.5. Best sigma: 1 Best gamma: 10. Best Test accuracy: 0.1. Train acc: 0.1. 

09-13 11:45 DEBUG    PDM_KL log: {(0.5, 1, 10): {'shapes': [(3072, 610), (610,), (610, 136), (136,), (136, 136), (136,), (136, 127), (127,), (127, 118), (118,), (118, 10), (10,)], 'train_accuracy': 0.1, 'test_accuracy': 0.1}} 
09-13 12:23 DEBUG    ****** PDM_KL matching ******** 
09-13 12:23 DEBUG    Best Sigma0: 0.5. Best sigma: 1 Best gamma: 10. Best Test accuracy: 0.1. Train acc: 0.1. 

09-13 12:23 DEBUG    PDM_KL log: {(0.5, 1, 10): {'shapes': [(3072, 634), (634,), (634, 136), (136,), (136, 136), (136,), (136, 127), (127,), (127, 127), (127,), (127, 10), (10,)], 'train_accuracy': 0.1, 'test_accuracy': 0.1}} 
09-13 12:23 DEBUG    Trial 2 completed
09-13 12:23 DEBUG    ####################################################################################################
09-13 12:23 DEBUG    ####################################################################################################
09-13 12:23 DEBUG    Executing Trial 3 with seed 3
09-13 12:24 DEBUG    Data statistics: {0: {0: 488, 1: 493, 2: 515, 3: 499, 4: 453, 5: 505, 6: 526, 7: 512, 8: 497, 9: 512}, 1: {0: 544, 1: 458, 2: 518, 3: 495, 4: 465, 5: 501, 6: 517, 7: 528, 8: 473, 9: 501}, 2: {0: 512, 1: 504, 2: 490, 3: 521, 4: 482, 5: 504, 6: 507, 7: 506, 8: 502, 9: 472}, 3: {0: 466, 1: 527, 2: 514, 3: 512, 4: 494, 5: 483, 6: 511, 7: 511, 8: 482, 9: 500}, 4: {0: 528, 1: 511, 2: 487, 3: 506, 4: 506, 5: 478, 6: 481, 7: 484, 8: 541, 9: 478}, 5: {0: 474, 1: 502, 2: 495, 3: 470, 4: 497, 5: 562, 6: 497, 7: 465, 8: 518, 9: 520}, 6: {0: 500, 1: 514, 2: 478, 3: 515, 4: 509, 5: 533, 6: 477, 7: 484, 8: 494, 9: 496}, 7: {0: 492, 1: 509, 2: 490, 3: 507, 4: 505, 5: 486, 6: 507, 7: 486, 8: 508, 9: 510}, 8: {0: 518, 1: 514, 2: 503, 3: 464, 4: 534, 5: 465, 6: 492, 7: 497, 8: 484, 9: 529}, 9: {0: 478, 1: 468, 2: 510, 3: 511, 4: 555, 5: 483, 6: 485, 7: 527, 8: 501, 9: 482}}
09-13 12:28 DEBUG    **************************************************
09-13 12:28 DEBUG    Running experiments 

09-13 12:30 DEBUG    Uniform ensemble (Train acc): 0.251740
09-13 12:30 DEBUG    Uniform ensemble (Test acc): 0.244300
09-13 12:31 DEBUG    FedAvg (Train acc): 0.100000
09-13 12:31 DEBUG    FedAvg (Test acc): 0.100000
09-13 12:47 DEBUG    ****** PDM_KL matching ******** 
09-13 12:47 DEBUG    Best Sigma0: 0.5. Best sigma: 1 Best gamma: 10. Best Test accuracy: 0.0933. Train acc: 0.09514. 

09-13 12:47 DEBUG    PDM_KL log: {(0.5, 1, 10): {'shapes': [(3072, 259), (259,), (259, 118), (118,), (118, 127), (127,), (127, 118), (118,), (118, 118), (118,), (118, 10), (10,)], 'train_accuracy': 0.09514, 'test_accuracy': 0.0933}} 
09-13 13:15 DEBUG    ****** PDM_KL matching ******** 
09-13 13:15 DEBUG    Best Sigma0: 0.5. Best sigma: 1 Best gamma: 10. Best Test accuracy: 0.1001. Train acc: 0.10004. 

09-13 13:15 DEBUG    PDM_KL log: {(0.5, 1, 10): {'shapes': [(3072, 253), (253,), (253, 118), (118,), (118, 127), (127,), (127, 118), (118,), (118, 118), (118,), (118, 10), (10,)], 'train_accuracy': 0.10004, 'test_accuracy': 0.1001}} 
09-13 13:41 DEBUG    ****** PDM_KL matching ******** 
09-13 13:41 DEBUG    Best Sigma0: 0.5. Best sigma: 1 Best gamma: 10. Best Test accuracy: 0.1181. Train acc: 0.11628. 

09-13 13:41 DEBUG    PDM_KL log: {(0.5, 1, 10): {'shapes': [(3072, 254), (254,), (254, 118), (118,), (118, 118), (118,), (118, 118), (118,), (118, 118), (118,), (118, 10), (10,)], 'train_accuracy': 0.11628, 'test_accuracy': 0.1181}} 
09-13 14:10 DEBUG    ****** PDM_KL matching ******** 
09-13 14:10 DEBUG    Best Sigma0: 0.5. Best sigma: 1 Best gamma: 10. Best Test accuracy: 0.1076. Train acc: 0.10386. 

09-13 14:10 DEBUG    PDM_KL log: {(0.5, 1, 10): {'shapes': [(3072, 251), (251,), (251, 118), (118,), (118, 118), (118,), (118, 118), (118,), (118, 118), (118,), (118, 10), (10,)], 'train_accuracy': 0.10386, 'test_accuracy': 0.1076}} 
09-13 14:38 DEBUG    ****** PDM_KL matching ******** 
09-13 14:38 DEBUG    Best Sigma0: 0.5. Best sigma: 1 Best gamma: 10. Best Test accuracy: 0.1009. Train acc: 0.10062. 

09-13 14:38 DEBUG    PDM_KL log: {(0.5, 1, 10): {'shapes': [(3072, 256), (256,), (256, 118), (118,), (118, 118), (118,), (118, 118), (118,), (118, 118), (118,), (118, 10), (10,)], 'train_accuracy': 0.10062, 'test_accuracy': 0.1009}} 
09-13 15:05 DEBUG    ****** PDM_KL matching ******** 
09-13 15:05 DEBUG    Best Sigma0: 0.5. Best sigma: 1 Best gamma: 10. Best Test accuracy: 0.0999. Train acc: 0.10154. 

09-13 15:05 DEBUG    PDM_KL log: {(0.5, 1, 10): {'shapes': [(3072, 260), (260,), (260, 118), (118,), (118, 127), (127,), (127, 127), (127,), (127, 118), (118,), (118, 10), (10,)], 'train_accuracy': 0.10154, 'test_accuracy': 0.0999}} 
09-13 15:40 DEBUG    ****** PDM_KL matching ******** 
09-13 15:40 DEBUG    Best Sigma0: 0.5. Best sigma: 1 Best gamma: 10. Best Test accuracy: 0.1001. Train acc: 0.10052. 

09-13 15:40 DEBUG    PDM_KL log: {(0.5, 1, 10): {'shapes': [(3072, 323), (323,), (323, 127), (127,), (127, 127), (127,), (127, 118), (118,), (118, 118), (118,), (118, 10), (10,)], 'train_accuracy': 0.10052, 'test_accuracy': 0.1001}} 
09-13 16:29 DEBUG    ****** PDM_KL matching ******** 
09-13 16:29 DEBUG    Best Sigma0: 0.5. Best sigma: 1 Best gamma: 10. Best Test accuracy: 0.1. Train acc: 0.1. 

09-13 16:29 DEBUG    PDM_KL log: {(0.5, 1, 10): {'shapes': [(3072, 483), (483,), (483, 127), (127,), (127, 127), (127,), (127, 127), (127,), (127, 118), (118,), (118, 10), (10,)], 'train_accuracy': 0.1, 'test_accuracy': 0.1}} 
09-13 17:19 DEBUG    ****** PDM_KL matching ******** 
09-13 17:19 DEBUG    Best Sigma0: 0.5. Best sigma: 1 Best gamma: 10. Best Test accuracy: 0.1. Train acc: 0.1. 

09-13 17:19 DEBUG    PDM_KL log: {(0.5, 1, 10): {'shapes': [(3072, 602), (602,), (602, 127), (127,), (127, 127), (127,), (127, 127), (127,), (127, 127), (127,), (127, 10), (10,)], 'train_accuracy': 0.1, 'test_accuracy': 0.1}} 
09-13 18:13 DEBUG    ****** PDM_KL matching ******** 
09-13 18:13 DEBUG    Best Sigma0: 0.5. Best sigma: 1 Best gamma: 10. Best Test accuracy: 0.1. Train acc: 0.1. 

09-13 18:13 DEBUG    PDM_KL log: {(0.5, 1, 10): {'shapes': [(3072, 603), (603,), (603, 127), (127,), (127, 136), (136,), (136, 127), (127,), (127, 118), (118,), (118, 10), (10,)], 'train_accuracy': 0.1, 'test_accuracy': 0.1}} 
09-13 19:08 DEBUG    ****** PDM_KL matching ******** 
09-13 19:08 DEBUG    Best Sigma0: 0.5. Best sigma: 1 Best gamma: 10. Best Test accuracy: 0.1. Train acc: 0.1. 

09-13 19:08 DEBUG    PDM_KL log: {(0.5, 1, 10): {'shapes': [(3072, 616), (616,), (616, 136), (136,), (136, 136), (136,), (136, 136), (136,), (136, 127), (127,), (127, 10), (10,)], 'train_accuracy': 0.1, 'test_accuracy': 0.1}} 
09-13 19:08 DEBUG    Trial 3 completed
09-13 19:08 DEBUG    ####################################################################################################
09-13 19:08 DEBUG    ####################################################################################################
09-13 19:08 DEBUG    Executing Trial 4 with seed 4
09-13 19:08 DEBUG    Data statistics: {0: {0: 493, 1: 510, 2: 503, 3: 481, 4: 493, 5: 486, 6: 511, 7: 523, 8: 478, 9: 522}, 1: {0: 540, 1: 517, 2: 471, 3: 504, 4: 472, 5: 518, 6: 509, 7: 490, 8: 482, 9: 497}, 2: {0: 488, 1: 490, 2: 482, 3: 472, 4: 540, 5: 512, 6: 512, 7: 501, 8: 519, 9: 484}, 3: {0: 532, 1: 502, 2: 528, 3: 484, 4: 490, 5: 477, 6: 569, 7: 488, 8: 466, 9: 464}, 4: {0: 475, 1: 525, 2: 514, 3: 524, 4: 516, 5: 509, 6: 467, 7: 494, 8: 487, 9: 489}, 5: {0: 512, 1: 476, 2: 518, 3: 534, 4: 464, 5: 516, 6: 458, 7: 488, 8: 538, 9: 496}, 6: {0: 471, 1: 503, 2: 487, 3: 516, 4: 493, 5: 509, 6: 500, 7: 508, 8: 497, 9: 516}, 7: {0: 518, 1: 472, 2: 488, 3: 487, 4: 525, 5: 494, 6: 479, 7: 506, 8: 501, 9: 530}, 8: {0: 494, 1: 497, 2: 489, 3: 491, 4: 514, 5: 507, 6: 476, 7: 519, 8: 524, 9: 489}, 9: {0: 477, 1: 508, 2: 520, 3: 507, 4: 493, 5: 472, 6: 519, 7: 483, 8: 508, 9: 513}}
09-13 19:12 DEBUG    **************************************************
09-13 19:12 DEBUG    Running experiments 

09-13 19:14 DEBUG    Uniform ensemble (Train acc): 0.261160
09-13 19:14 DEBUG    Uniform ensemble (Test acc): 0.254900
09-13 19:15 DEBUG    FedAvg (Train acc): 0.100000
09-13 19:15 DEBUG    FedAvg (Test acc): 0.100000
09-13 19:30 DEBUG    ****** PDM_KL matching ******** 
09-13 19:30 DEBUG    Best Sigma0: 0.5. Best sigma: 1 Best gamma: 10. Best Test accuracy: 0.1188. Train acc: 0.11886. 

09-13 19:30 DEBUG    PDM_KL log: {(0.5, 1, 10): {'shapes': [(3072, 252), (252,), (252, 118), (118,), (118, 127), (127,), (127, 118), (118,), (118, 118), (118,), (118, 10), (10,)], 'train_accuracy': 0.11886, 'test_accuracy': 0.1188}} 
09-13 19:59 DEBUG    ****** PDM_KL matching ******** 
09-13 19:59 DEBUG    Best Sigma0: 0.5. Best sigma: 1 Best gamma: 10. Best Test accuracy: 0.1076. Train acc: 0.10934. 

09-13 19:59 DEBUG    PDM_KL log: {(0.5, 1, 10): {'shapes': [(3072, 245), (245,), (245, 118), (118,), (118, 118), (118,), (118, 118), (118,), (118, 118), (118,), (118, 10), (10,)], 'train_accuracy': 0.10934, 'test_accuracy': 0.1076}} 
09-13 20:23 DEBUG    ****** PDM_KL matching ******** 
09-13 20:23 DEBUG    Best Sigma0: 0.5. Best sigma: 1 Best gamma: 10. Best Test accuracy: 0.1244. Train acc: 0.12102. 

09-13 20:23 DEBUG    PDM_KL log: {(0.5, 1, 10): {'shapes': [(3072, 250), (250,), (250, 127), (127,), (127, 118), (118,), (118, 118), (118,), (118, 118), (118,), (118, 10), (10,)], 'train_accuracy': 0.12102, 'test_accuracy': 0.1244}} 
09-13 20:52 DEBUG    ****** PDM_KL matching ******** 
09-13 20:52 DEBUG    Best Sigma0: 0.5. Best sigma: 1 Best gamma: 10. Best Test accuracy: 0.1086. Train acc: 0.11098. 

09-13 20:52 DEBUG    PDM_KL log: {(0.5, 1, 10): {'shapes': [(3072, 249), (249,), (249, 118), (118,), (118, 127), (127,), (127, 118), (118,), (118, 118), (118,), (118, 10), (10,)], 'train_accuracy': 0.11098, 'test_accuracy': 0.1086}} 
09-13 21:20 DEBUG    ****** PDM_KL matching ******** 
09-13 21:20 DEBUG    Best Sigma0: 0.5. Best sigma: 1 Best gamma: 10. Best Test accuracy: 0.1104. Train acc: 0.10782. 

09-13 21:20 DEBUG    PDM_KL log: {(0.5, 1, 10): {'shapes': [(3072, 252), (252,), (252, 118), (118,), (118, 118), (118,), (118, 118), (118,), (118, 118), (118,), (118, 10), (10,)], 'train_accuracy': 0.10782, 'test_accuracy': 0.1104}} 
09-13 21:50 DEBUG    ****** PDM_KL matching ******** 
09-13 21:50 DEBUG    Best Sigma0: 0.5. Best sigma: 1 Best gamma: 10. Best Test accuracy: 0.1119. Train acc: 0.10828. 

09-13 21:50 DEBUG    PDM_KL log: {(0.5, 1, 10): {'shapes': [(3072, 252), (252,), (252, 118), (118,), (118, 127), (127,), (127, 118), (118,), (118, 118), (118,), (118, 10), (10,)], 'train_accuracy': 0.10828, 'test_accuracy': 0.1119}} 
09-13 22:22 DEBUG    ****** PDM_KL matching ******** 
09-13 22:22 DEBUG    Best Sigma0: 0.5. Best sigma: 1 Best gamma: 10. Best Test accuracy: 0.1215. Train acc: 0.11616. 

09-13 22:22 DEBUG    PDM_KL log: {(0.5, 1, 10): {'shapes': [(3072, 316), (316,), (316, 118), (118,), (118, 118), (118,), (118, 118), (118,), (118, 118), (118,), (118, 10), (10,)], 'train_accuracy': 0.11616, 'test_accuracy': 0.1215}} 
09-13 23:08 DEBUG    ****** PDM_KL matching ******** 
09-13 23:08 DEBUG    Best Sigma0: 0.5. Best sigma: 1 Best gamma: 10. Best Test accuracy: 0.1036. Train acc: 0.104. 

09-13 23:08 DEBUG    PDM_KL log: {(0.5, 1, 10): {'shapes': [(3072, 484), (484,), (484, 127), (127,), (127, 127), (127,), (127, 127), (127,), (127, 118), (118,), (118, 10), (10,)], 'train_accuracy': 0.104, 'test_accuracy': 0.1036}} 
09-14 00:00 DEBUG    ****** PDM_KL matching ******** 
09-14 00:00 DEBUG    Best Sigma0: 0.5. Best sigma: 1 Best gamma: 10. Best Test accuracy: 0.1. Train acc: 0.1. 

09-14 00:00 DEBUG    PDM_KL log: {(0.5, 1, 10): {'shapes': [(3072, 609), (609,), (609, 127), (127,), (127, 127), (127,), (127, 127), (127,), (127, 127), (127,), (127, 10), (10,)], 'train_accuracy': 0.1, 'test_accuracy': 0.1}} 
09-14 00:54 DEBUG    ****** PDM_KL matching ******** 
09-14 00:54 DEBUG    Best Sigma0: 0.5. Best sigma: 1 Best gamma: 10. Best Test accuracy: 0.1. Train acc: 0.1. 

09-14 00:54 DEBUG    PDM_KL log: {(0.5, 1, 10): {'shapes': [(3072, 611), (611,), (611, 127), (127,), (127, 127), (127,), (127, 127), (127,), (127, 118), (118,), (118, 10), (10,)], 'train_accuracy': 0.1, 'test_accuracy': 0.1}} 
09-14 01:47 DEBUG    ****** PDM_KL matching ******** 
09-14 01:47 DEBUG    Best Sigma0: 0.5. Best sigma: 1 Best gamma: 10. Best Test accuracy: 0.1. Train acc: 0.1. 

09-14 01:47 DEBUG    PDM_KL log: {(0.5, 1, 10): {'shapes': [(3072, 636), (636,), (636, 136), (136,), (136, 136), (136,), (136, 136), (136,), (136, 118), (118,), (118, 10), (10,)], 'train_accuracy': 0.1, 'test_accuracy': 0.1}} 
09-14 01:47 DEBUG    Trial 4 completed
09-14 01:47 DEBUG    ####################################################################################################
09-14 01:47 DEBUG    ####################################################################################################
09-14 01:47 DEBUG    Executing Trial 5 with seed 5
09-14 01:47 DEBUG    Data statistics: {0: {0: 506, 1: 481, 2: 527, 3: 510, 4: 480, 5: 503, 6: 521, 7: 490, 8: 497, 9: 485}, 1: {0: 490, 1: 480, 2: 474, 3: 544, 4: 490, 5: 515, 6: 471, 7: 492, 8: 512, 9: 532}, 2: {0: 505, 1: 512, 2: 489, 3: 508, 4: 493, 5: 500, 6: 500, 7: 467, 8: 510, 9: 516}, 3: {0: 470, 1: 509, 2: 507, 3: 490, 4: 510, 5: 485, 6: 495, 7: 537, 8: 511, 9: 486}, 4: {0: 521, 1: 509, 2: 461, 3: 504, 4: 533, 5: 475, 6: 501, 7: 516, 8: 493, 9: 487}, 5: {0: 553, 1: 501, 2: 514, 3: 461, 4: 516, 5: 522, 6: 476, 7: 508, 8: 473, 9: 476}, 6: {0: 515, 1: 505, 2: 504, 3: 477, 4: 491, 5: 503, 6: 506, 7: 485, 8: 477, 9: 537}, 7: {0: 479, 1: 494, 2: 525, 3: 488, 4: 488, 5: 504, 6: 543, 7: 509, 8: 506, 9: 464}, 8: {0: 450, 1: 502, 2: 468, 3: 521, 4: 484, 5: 508, 6: 509, 7: 513, 8: 528, 9: 517}, 9: {0: 511, 1: 507, 2: 531, 3: 497, 4: 515, 5: 485, 6: 478, 7: 483, 8: 493, 9: 500}}
09-14 01:52 DEBUG    **************************************************
09-14 01:52 DEBUG    Running experiments 

09-14 01:54 DEBUG    Uniform ensemble (Train acc): 0.249400
09-14 01:54 DEBUG    Uniform ensemble (Test acc): 0.247500
09-14 01:54 DEBUG    FedAvg (Train acc): 0.100000
09-14 01:54 DEBUG    FedAvg (Test acc): 0.100000
09-14 02:09 DEBUG    ****** PDM_KL matching ******** 
09-14 02:09 DEBUG    Best Sigma0: 0.5. Best sigma: 1 Best gamma: 10. Best Test accuracy: 0.116. Train acc: 0.11346. 

09-14 02:09 DEBUG    PDM_KL log: {(0.5, 1, 10): {'shapes': [(3072, 249), (249,), (249, 127), (127,), (127, 127), (127,), (127, 127), (127,), (127, 118), (118,), (118, 10), (10,)], 'train_accuracy': 0.11346, 'test_accuracy': 0.116}} 
09-14 02:37 DEBUG    ****** PDM_KL matching ******** 
09-14 02:37 DEBUG    Best Sigma0: 0.5. Best sigma: 1 Best gamma: 10. Best Test accuracy: 0.1201. Train acc: 0.11964. 

09-14 02:37 DEBUG    PDM_KL log: {(0.5, 1, 10): {'shapes': [(3072, 259), (259,), (259, 118), (118,), (118, 118), (118,), (118, 118), (118,), (118, 118), (118,), (118, 10), (10,)], 'train_accuracy': 0.11964, 'test_accuracy': 0.1201}} 
09-14 03:04 DEBUG    ****** PDM_KL matching ******** 
09-14 03:04 DEBUG    Best Sigma0: 0.5. Best sigma: 1 Best gamma: 10. Best Test accuracy: 0.1278. Train acc: 0.12874. 

09-14 03:04 DEBUG    PDM_KL log: {(0.5, 1, 10): {'shapes': [(3072, 250), (250,), (250, 127), (127,), (127, 118), (118,), (118, 127), (127,), (127, 118), (118,), (118, 10), (10,)], 'train_accuracy': 0.12874, 'test_accuracy': 0.1278}} 
09-14 03:31 DEBUG    ****** PDM_KL matching ******** 
09-14 03:31 DEBUG    Best Sigma0: 0.5. Best sigma: 1 Best gamma: 10. Best Test accuracy: 0.1206. Train acc: 0.11974. 

09-14 03:31 DEBUG    PDM_KL log: {(0.5, 1, 10): {'shapes': [(3072, 251), (251,), (251, 118), (118,), (118, 118), (118,), (118, 118), (118,), (118, 118), (118,), (118, 10), (10,)], 'train_accuracy': 0.11974, 'test_accuracy': 0.1206}} 
09-14 04:00 DEBUG    ****** PDM_KL matching ******** 
09-14 04:00 DEBUG    Best Sigma0: 0.5. Best sigma: 1 Best gamma: 10. Best Test accuracy: 0.1171. Train acc: 0.11534. 

09-14 04:00 DEBUG    PDM_KL log: {(0.5, 1, 10): {'shapes': [(3072, 256), (256,), (256, 118), (118,), (118, 118), (118,), (118, 118), (118,), (118, 118), (118,), (118, 10), (10,)], 'train_accuracy': 0.11534, 'test_accuracy': 0.1171}} 
09-14 04:29 DEBUG    ****** PDM_KL matching ******** 
09-14 04:29 DEBUG    Best Sigma0: 0.5. Best sigma: 1 Best gamma: 10. Best Test accuracy: 0.136. Train acc: 0.13672. 

09-14 04:29 DEBUG    PDM_KL log: {(0.5, 1, 10): {'shapes': [(3072, 259), (259,), (259, 118), (118,), (118, 118), (118,), (118, 127), (127,), (127, 118), (118,), (118, 10), (10,)], 'train_accuracy': 0.13672, 'test_accuracy': 0.136}} 
09-14 05:00 DEBUG    ****** PDM_KL matching ******** 
09-14 05:00 DEBUG    Best Sigma0: 0.5. Best sigma: 1 Best gamma: 10. Best Test accuracy: 0.1243. Train acc: 0.12346. 

09-14 05:00 DEBUG    PDM_KL log: {(0.5, 1, 10): {'shapes': [(3072, 313), (313,), (313, 127), (127,), (127, 127), (127,), (127, 127), (127,), (127, 118), (118,), (118, 10), (10,)], 'train_accuracy': 0.12346, 'test_accuracy': 0.1243}} 
09-14 05:48 DEBUG    ****** PDM_KL matching ******** 
09-14 05:48 DEBUG    Best Sigma0: 0.5. Best sigma: 1 Best gamma: 10. Best Test accuracy: 0.1058. Train acc: 0.10488. 

09-14 05:48 DEBUG    PDM_KL log: {(0.5, 1, 10): {'shapes': [(3072, 482), (482,), (482, 127), (127,), (127, 127), (127,), (127, 127), (127,), (127, 118), (118,), (118, 10), (10,)], 'train_accuracy': 0.10488, 'test_accuracy': 0.1058}} 
09-14 06:39 DEBUG    ****** PDM_KL matching ******** 
09-14 06:39 DEBUG    Best Sigma0: 0.5. Best sigma: 1 Best gamma: 10. Best Test accuracy: 0.1. Train acc: 0.10004. 

09-14 06:39 DEBUG    PDM_KL log: {(0.5, 1, 10): {'shapes': [(3072, 624), (624,), (624, 127), (127,), (127, 127), (127,), (127, 127), (127,), (127, 127), (127,), (127, 10), (10,)], 'train_accuracy': 0.10004, 'test_accuracy': 0.1}} 
09-14 07:31 DEBUG    ****** PDM_KL matching ******** 
09-14 07:31 DEBUG    Best Sigma0: 0.5. Best sigma: 1 Best gamma: 10. Best Test accuracy: 0.1. Train acc: 0.1. 

09-14 07:31 DEBUG    PDM_KL log: {(0.5, 1, 10): {'shapes': [(3072, 609), (609,), (609, 127), (127,), (127, 127), (127,), (127, 136), (136,), (136, 118), (118,), (118, 10), (10,)], 'train_accuracy': 0.1, 'test_accuracy': 0.1}} 
09-14 08:25 DEBUG    ****** PDM_KL matching ******** 
09-14 08:25 DEBUG    Best Sigma0: 0.5. Best sigma: 1 Best gamma: 10. Best Test accuracy: 0.1. Train acc: 0.1. 

09-14 08:25 DEBUG    PDM_KL log: {(0.5, 1, 10): {'shapes': [(3072, 645), (645,), (645, 136), (136,), (136, 136), (136,), (136, 127), (127,), (127, 127), (127,), (127, 10), (10,)], 'train_accuracy': 0.1, 'test_accuracy': 0.1}} 
09-14 08:25 DEBUG    Trial 5 completed
09-14 08:25 DEBUG    ####################################################################################################
09-14 08:25 DEBUG    ####################################################################################################
09-14 08:25 DEBUG    Executing Trial 6 with seed 6
09-14 08:25 DEBUG    Data statistics: {0: {0: 525, 1: 492, 2: 476, 3: 486, 4: 508, 5: 495, 6: 524, 7: 481, 8: 510, 9: 503}, 1: {0: 492, 1: 515, 2: 471, 3: 507, 4: 523, 5: 503, 6: 486, 7: 482, 8: 510, 9: 511}, 2: {0: 513, 1: 485, 2: 481, 3: 511, 4: 480, 5: 511, 6: 512, 7: 479, 8: 516, 9: 512}, 3: {0: 467, 1: 473, 2: 526, 3: 496, 4: 514, 5: 514, 6: 469, 7: 513, 8: 520, 9: 508}, 4: {0: 500, 1: 492, 2: 499, 3: 519, 4: 534, 5: 460, 6: 525, 7: 485, 8: 514, 9: 472}, 5: {0: 508, 1: 492, 2: 507, 3: 512, 4: 466, 5: 513, 6: 523, 7: 492, 8: 494, 9: 493}, 6: {0: 468, 1: 508, 2: 533, 3: 506, 4: 439, 5: 510, 6: 510, 7: 519, 8: 501, 9: 506}, 7: {0: 540, 1: 511, 2: 499, 3: 452, 4: 508, 5: 501, 6: 464, 7: 529, 8: 474, 9: 522}, 8: {0: 497, 1: 497, 2: 496, 3: 517, 4: 511, 5: 497, 6: 493, 7: 509, 8: 497, 9: 486}, 9: {0: 490, 1: 535, 2: 512, 3: 494, 4: 517, 5: 496, 6: 494, 7: 511, 8: 464, 9: 487}}
09-14 08:30 DEBUG    **************************************************
09-14 08:30 DEBUG    Running experiments 

09-14 08:32 DEBUG    Uniform ensemble (Train acc): 0.264220
09-14 08:32 DEBUG    Uniform ensemble (Test acc): 0.256800
09-14 08:33 DEBUG    FedAvg (Train acc): 0.100000
09-14 08:33 DEBUG    FedAvg (Test acc): 0.100000
09-14 08:49 DEBUG    ****** PDM_KL matching ******** 
09-14 08:49 DEBUG    Best Sigma0: 0.5. Best sigma: 1 Best gamma: 10. Best Test accuracy: 0.1618. Train acc: 0.1571. 

09-14 08:49 DEBUG    PDM_KL log: {(0.5, 1, 10): {'shapes': [(3072, 266), (266,), (266, 118), (118,), (118, 118), (118,), (118, 118), (118,), (118, 118), (118,), (118, 10), (10,)], 'train_accuracy': 0.1571, 'test_accuracy': 0.1618}} 
09-14 09:18 DEBUG    ****** PDM_KL matching ******** 
09-14 09:18 DEBUG    Best Sigma0: 0.5. Best sigma: 1 Best gamma: 10. Best Test accuracy: 0.1244. Train acc: 0.12472. 

09-14 09:18 DEBUG    PDM_KL log: {(0.5, 1, 10): {'shapes': [(3072, 263), (263,), (263, 118), (118,), (118, 127), (127,), (127, 118), (118,), (118, 118), (118,), (118, 10), (10,)], 'train_accuracy': 0.12472, 'test_accuracy': 0.1244}} 
09-14 09:47 DEBUG    ****** PDM_KL matching ******** 
09-14 09:47 DEBUG    Best Sigma0: 0.5. Best sigma: 1 Best gamma: 10. Best Test accuracy: 0.1322. Train acc: 0.13186. 

09-14 09:47 DEBUG    PDM_KL log: {(0.5, 1, 10): {'shapes': [(3072, 261), (261,), (261, 118), (118,), (118, 118), (118,), (118, 118), (118,), (118, 118), (118,), (118, 10), (10,)], 'train_accuracy': 0.13186, 'test_accuracy': 0.1322}} 
09-14 10:15 DEBUG    ****** PDM_KL matching ******** 
09-14 10:15 DEBUG    Best Sigma0: 0.5. Best sigma: 1 Best gamma: 10. Best Test accuracy: 0.1311. Train acc: 0.13018. 

09-14 10:15 DEBUG    PDM_KL log: {(0.5, 1, 10): {'shapes': [(3072, 261), (261,), (261, 127), (127,), (127, 118), (118,), (118, 118), (118,), (118, 118), (118,), (118, 10), (10,)], 'train_accuracy': 0.13018, 'test_accuracy': 0.1311}} 
09-14 10:44 DEBUG    ****** PDM_KL matching ******** 
09-14 10:44 DEBUG    Best Sigma0: 0.5. Best sigma: 1 Best gamma: 10. Best Test accuracy: 0.1243. Train acc: 0.12214. 

09-14 10:44 DEBUG    PDM_KL log: {(0.5, 1, 10): {'shapes': [(3072, 268), (268,), (268, 127), (127,), (127, 127), (127,), (127, 118), (118,), (118, 118), (118,), (118, 10), (10,)], 'train_accuracy': 0.12214, 'test_accuracy': 0.1243}} 
09-14 11:13 DEBUG    ****** PDM_KL matching ******** 
09-14 11:13 DEBUG    Best Sigma0: 0.5. Best sigma: 1 Best gamma: 10. Best Test accuracy: 0.1607. Train acc: 0.16004. 

09-14 11:13 DEBUG    PDM_KL log: {(0.5, 1, 10): {'shapes': [(3072, 272), (272,), (272, 127), (127,), (127, 118), (118,), (118, 118), (118,), (118, 118), (118,), (118, 10), (10,)], 'train_accuracy': 0.16004, 'test_accuracy': 0.1607}} 
09-14 11:46 DEBUG    ****** PDM_KL matching ******** 
09-14 11:46 DEBUG    Best Sigma0: 0.5. Best sigma: 1 Best gamma: 10. Best Test accuracy: 0.1365. Train acc: 0.13442. 

09-14 11:46 DEBUG    PDM_KL log: {(0.5, 1, 10): {'shapes': [(3072, 336), (336,), (336, 127), (127,), (127, 127), (127,), (127, 118), (118,), (118, 118), (118,), (118, 10), (10,)], 'train_accuracy': 0.13442, 'test_accuracy': 0.1365}} 
09-14 12:31 DEBUG    ****** PDM_KL matching ******** 
09-14 12:31 DEBUG    Best Sigma0: 0.5. Best sigma: 1 Best gamma: 10. Best Test accuracy: 0.1082. Train acc: 0.10746. 

09-14 12:31 DEBUG    PDM_KL log: {(0.5, 1, 10): {'shapes': [(3072, 487), (487,), (487, 127), (127,), (127, 127), (127,), (127, 127), (127,), (127, 118), (118,), (118, 10), (10,)], 'train_accuracy': 0.10746, 'test_accuracy': 0.1082}} 
09-14 13:20 DEBUG    ****** PDM_KL matching ******** 
09-14 13:20 DEBUG    Best Sigma0: 0.5. Best sigma: 1 Best gamma: 10. Best Test accuracy: 0.1. Train acc: 0.1. 

09-14 13:20 DEBUG    PDM_KL log: {(0.5, 1, 10): {'shapes': [(3072, 606), (606,), (606, 127), (127,), (127, 127), (127,), (127, 127), (127,), (127, 127), (127,), (127, 10), (10,)], 'train_accuracy': 0.1, 'test_accuracy': 0.1}} 
09-14 14:13 DEBUG    ****** PDM_KL matching ******** 
09-14 14:13 DEBUG    Best Sigma0: 0.5. Best sigma: 1 Best gamma: 10. Best Test accuracy: 0.1. Train acc: 0.1. 

09-14 14:13 DEBUG    PDM_KL log: {(0.5, 1, 10): {'shapes': [(3072, 593), (593,), (593, 127), (127,), (127, 127), (127,), (127, 127), (127,), (127, 127), (127,), (127, 10), (10,)], 'train_accuracy': 0.1, 'test_accuracy': 0.1}} 
09-14 15:04 DEBUG    ****** PDM_KL matching ******** 
09-14 15:04 DEBUG    Best Sigma0: 0.5. Best sigma: 1 Best gamma: 10. Best Test accuracy: 0.1. Train acc: 0.1. 

09-14 15:04 DEBUG    PDM_KL log: {(0.5, 1, 10): {'shapes': [(3072, 602), (602,), (602, 136), (136,), (136, 127), (127,), (127, 127), (127,), (127, 118), (118,), (118, 10), (10,)], 'train_accuracy': 0.1, 'test_accuracy': 0.1}} 
09-14 15:04 DEBUG    Trial 6 completed
09-14 15:04 DEBUG    ####################################################################################################
09-14 15:04 DEBUG    ####################################################################################################
09-14 15:04 DEBUG    Executing Trial 7 with seed 7
09-14 15:05 DEBUG    Data statistics: {0: {0: 482, 1: 521, 2: 535, 3: 522, 4: 467, 5: 501, 6: 526, 7: 471, 8: 489, 9: 486}, 1: {0: 527, 1: 478, 2: 478, 3: 525, 4: 507, 5: 463, 6: 507, 7: 499, 8: 520, 9: 496}, 2: {0: 489, 1: 470, 2: 493, 3: 474, 4: 505, 5: 539, 6: 476, 7: 516, 8: 519, 9: 519}, 3: {0: 489, 1: 489, 2: 485, 3: 519, 4: 474, 5: 505, 6: 483, 7: 517, 8: 515, 9: 524}, 4: {0: 516, 1: 492, 2: 514, 3: 501, 4: 490, 5: 513, 6: 497, 7: 486, 8: 500, 9: 491}, 5: {0: 507, 1: 511, 2: 508, 3: 489, 4: 512, 5: 491, 6: 462, 7: 498, 8: 503, 9: 519}, 6: {0: 487, 1: 497, 2: 481, 3: 477, 4: 494, 5: 531, 6: 534, 7: 484, 8: 539, 9: 476}, 7: {0: 512, 1: 497, 2: 493, 3: 496, 4: 537, 5: 462, 6: 510, 7: 562, 8: 460, 9: 471}, 8: {0: 527, 1: 536, 2: 509, 3: 474, 4: 504, 5: 500, 6: 486, 7: 464, 8: 468, 9: 532}, 9: {0: 464, 1: 509, 2: 504, 3: 523, 4: 510, 5: 495, 6: 519, 7: 503, 8: 487, 9: 486}}
09-14 15:09 DEBUG    **************************************************
09-14 15:09 DEBUG    Running experiments 

09-14 15:11 DEBUG    Uniform ensemble (Train acc): 0.264580
09-14 15:11 DEBUG    Uniform ensemble (Test acc): 0.264400
09-14 15:12 DEBUG    FedAvg (Train acc): 0.100000
09-14 15:12 DEBUG    FedAvg (Test acc): 0.100000
09-14 15:28 DEBUG    ****** PDM_KL matching ******** 
09-14 15:28 DEBUG    Best Sigma0: 0.5. Best sigma: 1 Best gamma: 10. Best Test accuracy: 0.1016. Train acc: 0.10092. 

09-14 15:28 DEBUG    PDM_KL log: {(0.5, 1, 10): {'shapes': [(3072, 255), (255,), (255, 127), (127,), (127, 118), (118,), (118, 118), (118,), (118, 118), (118,), (118, 10), (10,)], 'train_accuracy': 0.10092, 'test_accuracy': 0.1016}} 
09-14 15:56 DEBUG    ****** PDM_KL matching ******** 
09-14 15:56 DEBUG    Best Sigma0: 0.5. Best sigma: 1 Best gamma: 10. Best Test accuracy: 0.1147. Train acc: 0.11264. 

09-14 15:56 DEBUG    PDM_KL log: {(0.5, 1, 10): {'shapes': [(3072, 253), (253,), (253, 118), (118,), (118, 118), (118,), (118, 118), (118,), (118, 118), (118,), (118, 10), (10,)], 'train_accuracy': 0.11264, 'test_accuracy': 0.1147}} 
09-14 16:26 DEBUG    ****** PDM_KL matching ******** 
09-14 16:26 DEBUG    Best Sigma0: 0.5. Best sigma: 1 Best gamma: 10. Best Test accuracy: 0.1027. Train acc: 0.10194. 

09-14 16:26 DEBUG    PDM_KL log: {(0.5, 1, 10): {'shapes': [(3072, 260), (260,), (260, 118), (118,), (118, 127), (127,), (127, 118), (118,), (118, 118), (118,), (118, 10), (10,)], 'train_accuracy': 0.10194, 'test_accuracy': 0.1027}} 
09-14 16:52 DEBUG    ****** PDM_KL matching ******** 
09-14 16:52 DEBUG    Best Sigma0: 0.5. Best sigma: 1 Best gamma: 10. Best Test accuracy: 0.1088. Train acc: 0.10784. 

09-14 16:52 DEBUG    PDM_KL log: {(0.5, 1, 10): {'shapes': [(3072, 254), (254,), (254, 118), (118,), (118, 127), (127,), (127, 118), (118,), (118, 118), (118,), (118, 10), (10,)], 'train_accuracy': 0.10784, 'test_accuracy': 0.1088}} 
09-14 17:19 DEBUG    ****** PDM_KL matching ******** 
09-14 17:19 DEBUG    Best Sigma0: 0.5. Best sigma: 1 Best gamma: 10. Best Test accuracy: 0.1028. Train acc: 0.10256. 

09-14 17:19 DEBUG    PDM_KL log: {(0.5, 1, 10): {'shapes': [(3072, 257), (257,), (257, 127), (127,), (127, 127), (127,), (127, 118), (118,), (118, 118), (118,), (118, 10), (10,)], 'train_accuracy': 0.10256, 'test_accuracy': 0.1028}} 
09-14 17:47 DEBUG    ****** PDM_KL matching ******** 
09-14 17:47 DEBUG    Best Sigma0: 0.5. Best sigma: 1 Best gamma: 10. Best Test accuracy: 0.104. Train acc: 0.10336. 

09-14 17:47 DEBUG    PDM_KL log: {(0.5, 1, 10): {'shapes': [(3072, 269), (269,), (269, 118), (118,), (118, 118), (118,), (118, 118), (118,), (118, 118), (118,), (118, 10), (10,)], 'train_accuracy': 0.10336, 'test_accuracy': 0.104}} 
09-14 18:18 DEBUG    ****** PDM_KL matching ******** 
09-14 18:18 DEBUG    Best Sigma0: 0.5. Best sigma: 1 Best gamma: 10. Best Test accuracy: 0.1286. Train acc: 0.12612. 

09-14 18:18 DEBUG    PDM_KL log: {(0.5, 1, 10): {'shapes': [(3072, 320), (320,), (320, 127), (127,), (127, 127), (127,), (127, 118), (118,), (118, 118), (118,), (118, 10), (10,)], 'train_accuracy': 0.12612, 'test_accuracy': 0.1286}} 
09-14 19:02 DEBUG    ****** PDM_KL matching ******** 
09-14 19:02 DEBUG    Best Sigma0: 0.5. Best sigma: 1 Best gamma: 10. Best Test accuracy: 0.1. Train acc: 0.10006. 

09-14 19:02 DEBUG    PDM_KL log: {(0.5, 1, 10): {'shapes': [(3072, 496), (496,), (496, 127), (127,), (127, 127), (127,), (127, 127), (127,), (127, 118), (118,), (118, 10), (10,)], 'train_accuracy': 0.10006, 'test_accuracy': 0.1}} 
09-14 19:51 DEBUG    ****** PDM_KL matching ******** 
09-14 19:51 DEBUG    Best Sigma0: 0.5. Best sigma: 1 Best gamma: 10. Best Test accuracy: 0.1. Train acc: 0.1. 

09-14 19:51 DEBUG    PDM_KL log: {(0.5, 1, 10): {'shapes': [(3072, 603), (603,), (603, 127), (127,), (127, 127), (127,), (127, 127), (127,), (127, 127), (127,), (127, 10), (10,)], 'train_accuracy': 0.1, 'test_accuracy': 0.1}} 
09-14 20:39 DEBUG    ****** PDM_KL matching ******** 
09-14 20:39 DEBUG    Best Sigma0: 0.5. Best sigma: 1 Best gamma: 10. Best Test accuracy: 0.1. Train acc: 0.1. 

09-14 20:39 DEBUG    PDM_KL log: {(0.5, 1, 10): {'shapes': [(3072, 591), (591,), (591, 136), (136,), (136, 127), (127,), (127, 136), (136,), (136, 118), (118,), (118, 10), (10,)], 'train_accuracy': 0.1, 'test_accuracy': 0.1}} 
09-14 21:31 DEBUG    ****** PDM_KL matching ******** 
09-14 21:31 DEBUG    Best Sigma0: 0.5. Best sigma: 1 Best gamma: 10. Best Test accuracy: 0.1. Train acc: 0.1. 

09-14 21:31 DEBUG    PDM_KL log: {(0.5, 1, 10): {'shapes': [(3072, 622), (622,), (622, 127), (127,), (127, 127), (127,), (127, 136), (136,), (136, 127), (127,), (127, 10), (10,)], 'train_accuracy': 0.1, 'test_accuracy': 0.1}} 
09-14 21:31 DEBUG    Trial 7 completed
09-14 21:31 DEBUG    ####################################################################################################
09-14 21:31 DEBUG    ####################################################################################################
09-14 21:31 DEBUG    Executing Trial 8 with seed 8
09-14 21:31 DEBUG    Data statistics: {0: {0: 518, 1: 496, 2: 490, 3: 514, 4: 513, 5: 507, 6: 510, 7: 462, 8: 461, 9: 529}, 1: {0: 522, 1: 510, 2: 503, 3: 490, 4: 501, 5: 481, 6: 522, 7: 496, 8: 471, 9: 504}, 2: {0: 475, 1: 498, 2: 474, 3: 476, 4: 493, 5: 531, 6: 504, 7: 508, 8: 526, 9: 515}, 3: {0: 491, 1: 516, 2: 505, 3: 501, 4: 508, 5: 499, 6: 480, 7: 486, 8: 519, 9: 495}, 4: {0: 501, 1: 463, 2: 496, 3: 496, 4: 519, 5: 487, 6: 482, 7: 543, 8: 536, 9: 477}, 5: {0: 475, 1: 502, 2: 493, 3: 483, 4: 512, 5: 511, 6: 521, 7: 468, 8: 501, 9: 534}, 6: {0: 492, 1: 517, 2: 530, 3: 502, 4: 509, 5: 480, 6: 493, 7: 488, 8: 499, 9: 490}, 7: {0: 486, 1: 501, 2: 518, 3: 524, 4: 484, 5: 491, 6: 489, 7: 507, 8: 530, 9: 470}, 8: {0: 509, 1: 511, 2: 467, 3: 503, 4: 495, 5: 509, 6: 513, 7: 516, 8: 465, 9: 512}, 9: {0: 531, 1: 486, 2: 524, 3: 511, 4: 466, 5: 504, 6: 486, 7: 526, 8: 492, 9: 474}}
09-14 21:34 DEBUG    **************************************************
09-14 21:34 DEBUG    Running experiments 

09-14 21:35 DEBUG    Uniform ensemble (Train acc): 0.269480
09-14 21:35 DEBUG    Uniform ensemble (Test acc): 0.271000
09-14 21:35 DEBUG    FedAvg (Train acc): 0.100000
09-14 21:35 DEBUG    FedAvg (Test acc): 0.100000
09-14 21:51 DEBUG    ****** PDM_KL matching ******** 
09-14 21:51 DEBUG    Best Sigma0: 0.5. Best sigma: 1 Best gamma: 10. Best Test accuracy: 0.1098. Train acc: 0.10814. 

09-14 21:51 DEBUG    PDM_KL log: {(0.5, 1, 10): {'shapes': [(3072, 250), (250,), (250, 118), (118,), (118, 118), (118,), (118, 118), (118,), (118, 118), (118,), (118, 10), (10,)], 'train_accuracy': 0.10814, 'test_accuracy': 0.1098}} 
09-14 22:20 DEBUG    ****** PDM_KL matching ******** 
09-14 22:20 DEBUG    Best Sigma0: 0.5. Best sigma: 1 Best gamma: 10. Best Test accuracy: 0.1118. Train acc: 0.11302. 

09-14 22:20 DEBUG    PDM_KL log: {(0.5, 1, 10): {'shapes': [(3072, 253), (253,), (253, 118), (118,), (118, 118), (118,), (118, 118), (118,), (118, 118), (118,), (118, 10), (10,)], 'train_accuracy': 0.11302, 'test_accuracy': 0.1118}} 
09-14 22:49 DEBUG    ****** PDM_KL matching ******** 
09-14 22:49 DEBUG    Best Sigma0: 0.5. Best sigma: 1 Best gamma: 10. Best Test accuracy: 0.1005. Train acc: 0.10018. 

09-14 22:49 DEBUG    PDM_KL log: {(0.5, 1, 10): {'shapes': [(3072, 251), (251,), (251, 118), (118,), (118, 127), (127,), (127, 118), (118,), (118, 118), (118,), (118, 10), (10,)], 'train_accuracy': 0.10018, 'test_accuracy': 0.1005}} 
09-14 23:15 DEBUG    ****** PDM_KL matching ******** 
09-14 23:15 DEBUG    Best Sigma0: 0.5. Best sigma: 1 Best gamma: 10. Best Test accuracy: 0.1119. Train acc: 0.11462. 

09-14 23:15 DEBUG    PDM_KL log: {(0.5, 1, 10): {'shapes': [(3072, 248), (248,), (248, 118), (118,), (118, 127), (127,), (127, 118), (118,), (118, 118), (118,), (118, 10), (10,)], 'train_accuracy': 0.11462, 'test_accuracy': 0.1119}} 
09-14 23:38 DEBUG    ****** PDM_KL matching ******** 
09-14 23:38 DEBUG    Best Sigma0: 0.5. Best sigma: 1 Best gamma: 10. Best Test accuracy: 0.1071. Train acc: 0.1075. 

09-14 23:38 DEBUG    PDM_KL log: {(0.5, 1, 10): {'shapes': [(3072, 255), (255,), (255, 118), (118,), (118, 118), (118,), (118, 118), (118,), (118, 118), (118,), (118, 10), (10,)], 'train_accuracy': 0.1075, 'test_accuracy': 0.1071}} 
09-15 00:01 DEBUG    ****** PDM_KL matching ******** 
09-15 00:01 DEBUG    Best Sigma0: 0.5. Best sigma: 1 Best gamma: 10. Best Test accuracy: 0.1027. Train acc: 0.10292. 

09-15 00:01 DEBUG    PDM_KL log: {(0.5, 1, 10): {'shapes': [(3072, 267), (267,), (267, 118), (118,), (118, 118), (118,), (118, 127), (127,), (127, 118), (118,), (118, 10), (10,)], 'train_accuracy': 0.10292, 'test_accuracy': 0.1027}} 
09-15 00:25 DEBUG    ****** PDM_KL matching ******** 
09-15 00:25 DEBUG    Best Sigma0: 0.5. Best sigma: 1 Best gamma: 10. Best Test accuracy: 0.1274. Train acc: 0.12206. 

09-15 00:25 DEBUG    PDM_KL log: {(0.5, 1, 10): {'shapes': [(3072, 314), (314,), (314, 127), (127,), (127, 127), (127,), (127, 127), (127,), (127, 118), (118,), (118, 10), (10,)], 'train_accuracy': 0.12206, 'test_accuracy': 0.1274}} 
09-15 01:00 DEBUG    ****** PDM_KL matching ******** 
09-15 01:00 DEBUG    Best Sigma0: 0.5. Best sigma: 1 Best gamma: 10. Best Test accuracy: 0.1. Train acc: 0.1. 

09-15 01:00 DEBUG    PDM_KL log: {(0.5, 1, 10): {'shapes': [(3072, 466), (466,), (466, 127), (127,), (127, 127), (127,), (127, 127), (127,), (127, 118), (118,), (118, 10), (10,)], 'train_accuracy': 0.1, 'test_accuracy': 0.1}} 
09-15 01:40 DEBUG    ****** PDM_KL matching ******** 
09-15 01:40 DEBUG    Best Sigma0: 0.5. Best sigma: 1 Best gamma: 10. Best Test accuracy: 0.1. Train acc: 0.1. 

09-15 01:40 DEBUG    PDM_KL log: {(0.5, 1, 10): {'shapes': [(3072, 604), (604,), (604, 127), (127,), (127, 127), (127,), (127, 127), (127,), (127, 127), (127,), (127, 10), (10,)], 'train_accuracy': 0.1, 'test_accuracy': 0.1}} 
09-15 02:19 DEBUG    ****** PDM_KL matching ******** 
09-15 02:19 DEBUG    Best Sigma0: 0.5. Best sigma: 1 Best gamma: 10. Best Test accuracy: 0.1. Train acc: 0.1. 

09-15 02:19 DEBUG    PDM_KL log: {(0.5, 1, 10): {'shapes': [(3072, 591), (591,), (591, 127), (127,), (127, 127), (127,), (127, 127), (127,), (127, 127), (127,), (127, 10), (10,)], 'train_accuracy': 0.1, 'test_accuracy': 0.1}} 
09-15 03:01 DEBUG    ****** PDM_KL matching ******** 
09-15 03:01 DEBUG    Best Sigma0: 0.5. Best sigma: 1 Best gamma: 10. Best Test accuracy: 0.1. Train acc: 0.1. 

09-15 03:01 DEBUG    PDM_KL log: {(0.5, 1, 10): {'shapes': [(3072, 626), (626,), (626, 136), (136,), (136, 127), (127,), (127, 135), (135,), (135, 127), (127,), (127, 10), (10,)], 'train_accuracy': 0.1, 'test_accuracy': 0.1}} 
09-15 03:01 DEBUG    Trial 8 completed
09-15 03:01 DEBUG    ####################################################################################################
09-15 03:01 DEBUG    ####################################################################################################
09-15 03:01 DEBUG    Executing Trial 9 with seed 9
09-15 03:01 DEBUG    Data statistics: {0: {0: 490, 1: 482, 2: 496, 3: 501, 4: 516, 5: 513, 6: 508, 7: 486, 8: 504, 9: 504}, 1: {0: 513, 1: 502, 2: 507, 3: 476, 4: 496, 5: 476, 6: 494, 7: 502, 8: 507, 9: 527}, 2: {0: 522, 1: 476, 2: 517, 3: 485, 4: 499, 5: 500, 6: 520, 7: 481, 8: 499, 9: 501}, 3: {0: 496, 1: 502, 2: 519, 3: 490, 4: 472, 5: 502, 6: 500, 7: 536, 8: 496, 9: 487}, 4: {0: 507, 1: 522, 2: 514, 3: 506, 4: 531, 5: 481, 6: 497, 7: 507, 8: 465, 9: 470}, 5: {0: 497, 1: 510, 2: 499, 3: 467, 4: 539, 5: 520, 6: 494, 7: 468, 8: 484, 9: 522}, 6: {0: 478, 1: 569, 2: 478, 3: 535, 4: 485, 5: 492, 6: 487, 7: 498, 8: 510, 9: 468}, 7: {0: 486, 1: 459, 2: 494, 3: 516, 4: 492, 5: 497, 6: 510, 7: 517, 8: 524, 9: 505}, 8: {0: 511, 1: 495, 2: 478, 3: 538, 4: 463, 5: 513, 6: 470, 7: 511, 8: 499, 9: 522}, 9: {0: 500, 1: 483, 2: 498, 3: 486, 4: 507, 5: 506, 6: 520, 7: 494, 8: 512, 9: 494}}
09-15 03:03 DEBUG    **************************************************
09-15 03:03 DEBUG    Running experiments 

09-15 03:04 DEBUG    Uniform ensemble (Train acc): 0.244340
09-15 03:04 DEBUG    Uniform ensemble (Test acc): 0.244600
09-15 03:04 DEBUG    FedAvg (Train acc): 0.100000
09-15 03:04 DEBUG    FedAvg (Test acc): 0.100000
09-15 03:16 DEBUG    ****** PDM_KL matching ******** 
09-15 03:16 DEBUG    Best Sigma0: 0.5. Best sigma: 1 Best gamma: 10. Best Test accuracy: 0.1173. Train acc: 0.11838. 

09-15 03:16 DEBUG    PDM_KL log: {(0.5, 1, 10): {'shapes': [(3072, 246), (246,), (246, 118), (118,), (118, 118), (118,), (118, 118), (118,), (118, 118), (118,), (118, 10), (10,)], 'train_accuracy': 0.11838, 'test_accuracy': 0.1173}} 
09-15 03:32 DEBUG    ****** PDM_KL matching ******** 
09-15 03:32 DEBUG    Best Sigma0: 0.5. Best sigma: 1 Best gamma: 10. Best Test accuracy: 0.1063. Train acc: 0.10528. 

09-15 03:32 DEBUG    PDM_KL log: {(0.5, 1, 10): {'shapes': [(3072, 247), (247,), (247, 127), (127,), (127, 118), (118,), (118, 127), (127,), (127, 118), (118,), (118, 10), (10,)], 'train_accuracy': 0.10528, 'test_accuracy': 0.1063}} 
09-15 03:47 DEBUG    ****** PDM_KL matching ******** 
09-15 03:47 DEBUG    Best Sigma0: 0.5. Best sigma: 1 Best gamma: 10. Best Test accuracy: 0.1025. Train acc: 0.10216. 

09-15 03:47 DEBUG    PDM_KL log: {(0.5, 1, 10): {'shapes': [(3072, 238), (238,), (238, 118), (118,), (118, 118), (118,), (118, 118), (118,), (118, 118), (118,), (118, 10), (10,)], 'train_accuracy': 0.10216, 'test_accuracy': 0.1025}} 
09-15 04:00 DEBUG    ****** PDM_KL matching ******** 
09-15 04:00 DEBUG    Best Sigma0: 0.5. Best sigma: 1 Best gamma: 10. Best Test accuracy: 0.1288. Train acc: 0.12878. 

09-15 04:00 DEBUG    PDM_KL log: {(0.5, 1, 10): {'shapes': [(3072, 244), (244,), (244, 118), (118,), (118, 118), (118,), (118, 118), (118,), (118, 118), (118,), (118, 10), (10,)], 'train_accuracy': 0.12878, 'test_accuracy': 0.1288}} 
09-15 04:13 DEBUG    ****** PDM_KL matching ******** 
09-15 04:13 DEBUG    Best Sigma0: 0.5. Best sigma: 1 Best gamma: 10. Best Test accuracy: 0.1155. Train acc: 0.1123. 

09-15 04:13 DEBUG    PDM_KL log: {(0.5, 1, 10): {'shapes': [(3072, 246), (246,), (246, 118), (118,), (118, 118), (118,), (118, 118), (118,), (118, 118), (118,), (118, 10), (10,)], 'train_accuracy': 0.1123, 'test_accuracy': 0.1155}} 
09-15 04:25 DEBUG    ****** PDM_KL matching ******** 
09-15 04:25 DEBUG    Best Sigma0: 0.5. Best sigma: 1 Best gamma: 10. Best Test accuracy: 0.1007. Train acc: 0.1004. 

09-15 04:25 DEBUG    PDM_KL log: {(0.5, 1, 10): {'shapes': [(3072, 253), (253,), (253, 118), (118,), (118, 118), (118,), (118, 127), (127,), (127, 118), (118,), (118, 10), (10,)], 'train_accuracy': 0.1004, 'test_accuracy': 0.1007}} 
09-15 04:36 DEBUG    ****** PDM_KL matching ******** 
09-15 04:36 DEBUG    Best Sigma0: 0.5. Best sigma: 1 Best gamma: 10. Best Test accuracy: 0.1226. Train acc: 0.12338. 

09-15 04:36 DEBUG    PDM_KL log: {(0.5, 1, 10): {'shapes': [(3072, 319), (319,), (319, 127), (127,), (127, 118), (118,), (118, 127), (127,), (127, 118), (118,), (118, 10), (10,)], 'train_accuracy': 0.12338, 'test_accuracy': 0.1226}} 
09-15 04:55 DEBUG    ****** PDM_KL matching ******** 
09-15 04:55 DEBUG    Best Sigma0: 0.5. Best sigma: 1 Best gamma: 10. Best Test accuracy: 0.1012. Train acc: 0.10054. 

09-15 04:55 DEBUG    PDM_KL log: {(0.5, 1, 10): {'shapes': [(3072, 480), (480,), (480, 127), (127,), (127, 127), (127,), (127, 127), (127,), (127, 118), (118,), (118, 10), (10,)], 'train_accuracy': 0.10054, 'test_accuracy': 0.1012}} 
09-15 05:15 DEBUG    ****** PDM_KL matching ******** 
09-15 05:15 DEBUG    Best Sigma0: 0.5. Best sigma: 1 Best gamma: 10. Best Test accuracy: 0.1. Train acc: 0.1. 

09-15 05:15 DEBUG    PDM_KL log: {(0.5, 1, 10): {'shapes': [(3072, 615), (615,), (615, 127), (127,), (127, 127), (127,), (127, 127), (127,), (127, 127), (127,), (127, 10), (10,)], 'train_accuracy': 0.1, 'test_accuracy': 0.1}} 
09-15 05:28 DEBUG    ****** PDM_KL matching ******** 
09-15 05:28 DEBUG    Best Sigma0: 0.5. Best sigma: 1 Best gamma: 10. Best Test accuracy: 0.1. Train acc: 0.1. 

09-15 05:28 DEBUG    PDM_KL log: {(0.5, 1, 10): {'shapes': [(3072, 633), (633,), (633, 136), (136,), (136, 136), (136,), (136, 136), (136,), (136, 118), (118,), (118, 10), (10,)], 'train_accuracy': 0.1, 'test_accuracy': 0.1}} 
09-15 05:42 DEBUG    ****** PDM_KL matching ******** 
09-15 05:42 DEBUG    Best Sigma0: 0.5. Best sigma: 1 Best gamma: 10. Best Test accuracy: 0.1. Train acc: 0.1. 

09-15 05:42 DEBUG    PDM_KL log: {(0.5, 1, 10): {'shapes': [(3072, 649), (649,), (649, 136), (136,), (136, 136), (136,), (136, 136), (136,), (136, 127), (127,), (127, 10), (10,)], 'train_accuracy': 0.1, 'test_accuracy': 0.1}} 
09-15 05:42 DEBUG    Trial 9 completed
09-15 05:42 DEBUG    ####################################################################################################
