09-29 13:57 DEBUG    Experiment arguments: Namespace(alpha=0.5, communication_rounds=None, datadir='data/mnist', dataset='mnist', device=1.0, dropout_p=0.0, epochs=10, experiment=['pdm_KL'], init_seed=0, iter_epochs=5, layers=1, loaddir='saved_weights/mnist/hetero-dir', logdir='KL_regs_bst_hyp_unlimi/mnist/hetero-dir', lr=0.01, lr_decay=1.0, n=4, n_layers=1, n_nets=10, net_config=[784, 100, 100, 100, 100, 10], num_pool_workers=1, partition='hetero-dir', pdm_gamma=1, pdm_sig=0.9, pdm_sig0=3, reg=1e-06, reg_fac=0.0, trials=10)
09-29 13:57 DEBUG    ####################################################################################################
09-29 13:57 DEBUG    Executing Trial 0 with seed 0
09-29 13:57 DEBUG    Data statistics: {0: {0: 602, 2: 796, 3: 948, 4: 477, 5: 120, 6: 546, 7: 191, 8: 143, 9: 1650}, 1: {0: 820, 1: 2411, 2: 2824}, 2: {0: 770, 1: 25, 2: 669, 3: 963, 4: 2734, 5: 28, 6: 7, 7: 16, 8: 602, 9: 663}, 3: {0: 237, 1: 923, 2: 396, 3: 273, 4: 609, 5: 240, 6: 468, 7: 150, 8: 2975}, 4: {0: 241, 1: 409, 2: 58, 3: 1175, 4: 425, 5: 64, 6: 88, 7: 55, 8: 100, 9: 670}, 5: {0: 103, 1: 356, 3: 10, 4: 474, 5: 29, 6: 2121, 7: 554, 8: 888, 9: 2934}, 6: {0: 1430, 1: 2487, 2: 58, 3: 266, 4: 650, 5: 551, 6: 128, 7: 2929}, 7: {0: 554, 1: 1, 2: 160, 3: 51, 5: 1511, 6: 2451, 7: 1609}, 8: {0: 234, 1: 100, 2: 867, 3: 1177, 4: 77, 5: 2396, 6: 92, 7: 646, 8: 1133}, 9: {0: 932, 1: 30, 2: 130, 3: 1268, 4: 396, 5: 482, 6: 17, 7: 115, 8: 10, 9: 32}}
09-29 13:57 DEBUG    **************************************************
09-29 13:57 DEBUG    Running experiments 

09-29 14:00 DEBUG    ****** PDM_KL matching ******** 
09-29 14:00 DEBUG    Best Sigma0: 3. Best sigma: 0.9 Best gamma: 1. Best Test accuracy: 0.1994. Train acc: 0.1945. 

09-29 14:00 DEBUG    PDM_KL log: {(3, 0.9, 1): {'shapes': [(784, 613), (613,), (613, 116), (116,), (116, 109), (109,), (109, 101), (101,), (101, 10), (10,)], 'train_accuracy': 0.1945, 'test_accuracy': 0.1994}} 
09-29 14:09 DEBUG    ****** PDM_KL matching ******** 
09-29 14:09 DEBUG    Best Sigma0: 3. Best sigma: 0.9 Best gamma: 1. Best Test accuracy: 0.1209. Train acc: 0.11585. 

09-29 14:09 DEBUG    PDM_KL log: {(3, 0.9, 1): {'shapes': [(784, 611), (611,), (611, 109), (109,), (109, 109), (109,), (109, 101), (101,), (101, 10), (10,)], 'train_accuracy': 0.11585, 'test_accuracy': 0.1209}} 
09-29 14:19 DEBUG    ****** PDM_KL matching ******** 
09-29 14:19 DEBUG    Best Sigma0: 3. Best sigma: 0.9 Best gamma: 1. Best Test accuracy: 0.118. Train acc: 0.11266666666666666. 

09-29 14:19 DEBUG    PDM_KL log: {(3, 0.9, 1): {'shapes': [(784, 615), (615,), (615, 117), (117,), (117, 109), (109,), (109, 101), (101,), (101, 10), (10,)], 'train_accuracy': 0.11266666666666666, 'test_accuracy': 0.118}} 
09-29 14:29 DEBUG    ****** PDM_KL matching ******** 
09-29 14:29 DEBUG    Best Sigma0: 3. Best sigma: 0.9 Best gamma: 1. Best Test accuracy: 0.1879. Train acc: 0.17966666666666667. 

09-29 14:29 DEBUG    PDM_KL log: {(3, 0.9, 1): {'shapes': [(784, 611), (611,), (611, 117), (117,), (117, 109), (109,), (109, 101), (101,), (101, 10), (10,)], 'train_accuracy': 0.17966666666666667, 'test_accuracy': 0.1879}} 
09-29 14:39 DEBUG    ****** PDM_KL matching ******** 
09-29 14:39 DEBUG    Best Sigma0: 3. Best sigma: 0.9 Best gamma: 1. Best Test accuracy: 0.2277. Train acc: 0.22463333333333332. 

09-29 14:39 DEBUG    PDM_KL log: {(3, 0.9, 1): {'shapes': [(784, 612), (612,), (612, 109), (109,), (109, 108), (108,), (108, 101), (101,), (101, 10), (10,)], 'train_accuracy': 0.22463333333333332, 'test_accuracy': 0.2277}} 
09-29 14:49 DEBUG    ****** PDM_KL matching ******** 
09-29 14:49 DEBUG    Best Sigma0: 3. Best sigma: 0.9 Best gamma: 1. Best Test accuracy: 0.2085. Train acc: 0.2053. 

09-29 14:49 DEBUG    PDM_KL log: {(3, 0.9, 1): {'shapes': [(784, 607), (607,), (607, 109), (109,), (109, 109), (109,), (109, 101), (101,), (101, 10), (10,)], 'train_accuracy': 0.2053, 'test_accuracy': 0.2085}} 
09-29 14:58 DEBUG    ****** PDM_KL matching ******** 
09-29 14:58 DEBUG    Best Sigma0: 3. Best sigma: 0.9 Best gamma: 1. Best Test accuracy: 0.2915. Train acc: 0.28475. 

09-29 14:58 DEBUG    PDM_KL log: {(3, 0.9, 1): {'shapes': [(784, 571), (571,), (571, 109), (109,), (109, 100), (100,), (100, 101), (101,), (101, 10), (10,)], 'train_accuracy': 0.28475, 'test_accuracy': 0.2915}} 
09-29 15:05 DEBUG    ****** PDM_KL matching ******** 
09-29 15:05 DEBUG    Best Sigma0: 3. Best sigma: 0.9 Best gamma: 1. Best Test accuracy: 0.1454. Train acc: 0.14323333333333332. 

09-29 15:05 DEBUG    PDM_KL log: {(3, 0.9, 1): {'shapes': [(784, 466), (466,), (466, 100), (100,), (100, 100), (100,), (100, 101), (101,), (101, 10), (10,)], 'train_accuracy': 0.14323333333333332, 'test_accuracy': 0.1454}} 
09-29 15:06 DEBUG    ****** PDM_KL matching ******** 
09-29 15:06 DEBUG    Best Sigma0: 3. Best sigma: 0.9 Best gamma: 1. Best Test accuracy: 0.0974. Train acc: 0.09751666666666667. 

09-29 15:06 DEBUG    PDM_KL log: {(3, 0.9, 1): {'shapes': [(784, 100), (100,), (100, 100), (100,), (100, 100), (100,), (100, 100), (100,), (100, 10), (10,)], 'train_accuracy': 0.09751666666666667, 'test_accuracy': 0.0974}} 
09-29 15:08 DEBUG    ****** PDM_KL matching ******** 
09-29 15:08 DEBUG    Best Sigma0: 3. Best sigma: 0.9 Best gamma: 1. Best Test accuracy: 0.0974. Train acc: 0.09751666666666667. 

09-29 15:08 DEBUG    PDM_KL log: {(3, 0.9, 1): {'shapes': [(784, 100), (100,), (100, 100), (100,), (100, 100), (100,), (100, 100), (100,), (100, 10), (10,)], 'train_accuracy': 0.09751666666666667, 'test_accuracy': 0.0974}} 
09-29 15:09 DEBUG    ****** PDM_KL matching ******** 
09-29 15:09 DEBUG    Best Sigma0: 3. Best sigma: 0.9 Best gamma: 1. Best Test accuracy: 0.0974. Train acc: 0.09751666666666667. 

09-29 15:09 DEBUG    PDM_KL log: {(3, 0.9, 1): {'shapes': [(784, 100), (100,), (100, 100), (100,), (100, 100), (100,), (100, 100), (100,), (100, 10), (10,)], 'train_accuracy': 0.09751666666666667, 'test_accuracy': 0.0974}} 
09-29 15:09 DEBUG    Trial 0 completed
09-29 15:09 DEBUG    ####################################################################################################
09-29 15:09 DEBUG    ####################################################################################################
09-29 15:09 DEBUG    Executing Trial 1 with seed 1
09-29 15:09 DEBUG    Data statistics: {0: {0: 248, 1: 83, 2: 207, 3: 99, 4: 776, 5: 380, 6: 206, 7: 350, 8: 326, 9: 117}, 1: {0: 32, 1: 787, 2: 107, 3: 76, 4: 860, 5: 388, 6: 1125, 7: 1, 8: 586, 9: 2654}, 2: {0: 1711, 1: 1222, 2: 2657, 3: 143, 4: 349}, 3: {0: 301, 1: 336, 2: 1374, 3: 1805, 4: 2026, 5: 2536}, 4: {0: 166, 1: 315, 2: 274, 3: 12, 4: 47, 5: 38, 6: 723, 7: 175, 8: 48, 9: 2474}, 5: {0: 2902, 1: 187, 3: 322, 4: 24, 5: 71, 6: 2360, 7: 2841}, 6: {0: 127, 1: 963, 2: 729, 3: 810, 4: 960, 5: 24, 6: 804, 7: 111, 8: 1703}, 7: {0: 28, 1: 1747, 2: 276, 3: 72, 4: 657, 5: 1128, 6: 668, 7: 58, 8: 457, 9: 122}, 8: {0: 4, 1: 364, 2: 138, 3: 177, 4: 45, 5: 798, 7: 2648, 8: 2247}, 9: {0: 404, 1: 738, 2: 196, 3: 2615, 4: 98, 5: 58, 6: 32, 7: 81, 8: 484, 9: 582}}
09-29 15:09 DEBUG    **************************************************
09-29 15:09 DEBUG    Running experiments 

09-29 15:14 DEBUG    ****** PDM_KL matching ******** 
09-29 15:14 DEBUG    Best Sigma0: 3. Best sigma: 0.9 Best gamma: 1. Best Test accuracy: 0.1876. Train acc: 0.18633333333333332. 

09-29 15:14 DEBUG    PDM_KL log: {(3, 0.9, 1): {'shapes': [(784, 643), (643,), (643, 112), (112,), (112, 109), (109,), (109, 102), (102,), (102, 10), (10,)], 'train_accuracy': 0.18633333333333332, 'test_accuracy': 0.1876}} 
09-29 15:25 DEBUG    ****** PDM_KL matching ******** 
09-29 15:25 DEBUG    Best Sigma0: 3. Best sigma: 0.9 Best gamma: 1. Best Test accuracy: 0.1632. Train acc: 0.15721666666666667. 

09-29 15:25 DEBUG    PDM_KL log: {(3, 0.9, 1): {'shapes': [(784, 645), (645,), (645, 111), (111,), (111, 109), (109,), (109, 102), (102,), (102, 10), (10,)], 'train_accuracy': 0.15721666666666667, 'test_accuracy': 0.1632}} 
09-29 15:35 DEBUG    ****** PDM_KL matching ******** 
09-29 15:35 DEBUG    Best Sigma0: 3. Best sigma: 0.9 Best gamma: 1. Best Test accuracy: 0.1351. Train acc: 0.13253333333333334. 

09-29 15:35 DEBUG    PDM_KL log: {(3, 0.9, 1): {'shapes': [(784, 641), (641,), (641, 115), (115,), (115, 109), (109,), (109, 102), (102,), (102, 10), (10,)], 'train_accuracy': 0.13253333333333334, 'test_accuracy': 0.1351}} 
09-29 15:46 DEBUG    ****** PDM_KL matching ******** 
09-29 15:46 DEBUG    Best Sigma0: 3. Best sigma: 0.9 Best gamma: 1. Best Test accuracy: 0.1885. Train acc: 0.18461666666666668. 

09-29 15:46 DEBUG    PDM_KL log: {(3, 0.9, 1): {'shapes': [(784, 642), (642,), (642, 117), (117,), (117, 109), (109,), (109, 102), (102,), (102, 10), (10,)], 'train_accuracy': 0.18461666666666668, 'test_accuracy': 0.1885}} 
09-29 15:57 DEBUG    ****** PDM_KL matching ******** 
09-29 15:57 DEBUG    Best Sigma0: 3. Best sigma: 0.9 Best gamma: 1. Best Test accuracy: 0.1665. Train acc: 0.16533333333333333. 

09-29 15:57 DEBUG    PDM_KL log: {(3, 0.9, 1): {'shapes': [(784, 640), (640,), (640, 111), (111,), (111, 109), (109,), (109, 102), (102,), (102, 10), (10,)], 'train_accuracy': 0.16533333333333333, 'test_accuracy': 0.1665}} 
09-29 16:08 DEBUG    ****** PDM_KL matching ******** 
09-29 16:08 DEBUG    Best Sigma0: 3. Best sigma: 0.9 Best gamma: 1. Best Test accuracy: 0.1931. Train acc: 0.19225. 

09-29 16:08 DEBUG    PDM_KL log: {(3, 0.9, 1): {'shapes': [(784, 639), (639,), (639, 110), (110,), (110, 109), (109,), (109, 102), (102,), (102, 10), (10,)], 'train_accuracy': 0.19225, 'test_accuracy': 0.1931}} 
09-29 16:18 DEBUG    ****** PDM_KL matching ******** 
09-29 16:18 DEBUG    Best Sigma0: 3. Best sigma: 0.9 Best gamma: 1. Best Test accuracy: 0.1863. Train acc: 0.1827. 

09-29 16:18 DEBUG    PDM_KL log: {(3, 0.9, 1): {'shapes': [(784, 597), (597,), (597, 109), (109,), (109, 100), (100,), (100, 102), (102,), (102, 10), (10,)], 'train_accuracy': 0.1827, 'test_accuracy': 0.1863}} 
09-29 16:24 DEBUG    ****** PDM_KL matching ******** 
09-29 16:24 DEBUG    Best Sigma0: 3. Best sigma: 0.9 Best gamma: 1. Best Test accuracy: 0.2951. Train acc: 0.28418333333333334. 

09-29 16:24 DEBUG    PDM_KL log: {(3, 0.9, 1): {'shapes': [(784, 476), (476,), (476, 100), (100,), (100, 100), (100,), (100, 100), (100,), (100, 10), (10,)], 'train_accuracy': 0.28418333333333334, 'test_accuracy': 0.2951}} 
09-29 16:26 DEBUG    ****** PDM_KL matching ******** 
09-29 16:26 DEBUG    Best Sigma0: 3. Best sigma: 0.9 Best gamma: 1. Best Test accuracy: 0.0974. Train acc: 0.09751666666666667. 

09-29 16:26 DEBUG    PDM_KL log: {(3, 0.9, 1): {'shapes': [(784, 100), (100,), (100, 100), (100,), (100, 100), (100,), (100, 100), (100,), (100, 10), (10,)], 'train_accuracy': 0.09751666666666667, 'test_accuracy': 0.0974}} 
09-29 16:27 DEBUG    ****** PDM_KL matching ******** 
09-29 16:27 DEBUG    Best Sigma0: 3. Best sigma: 0.9 Best gamma: 1. Best Test accuracy: 0.0974. Train acc: 0.09751666666666667. 

09-29 16:27 DEBUG    PDM_KL log: {(3, 0.9, 1): {'shapes': [(784, 100), (100,), (100, 100), (100,), (100, 100), (100,), (100, 100), (100,), (100, 10), (10,)], 'train_accuracy': 0.09751666666666667, 'test_accuracy': 0.0974}} 
09-29 16:28 DEBUG    ****** PDM_KL matching ******** 
09-29 16:28 DEBUG    Best Sigma0: 3. Best sigma: 0.9 Best gamma: 1. Best Test accuracy: 0.0974. Train acc: 0.09751666666666667. 

09-29 16:28 DEBUG    PDM_KL log: {(3, 0.9, 1): {'shapes': [(784, 100), (100,), (100, 100), (100,), (100, 100), (100,), (100, 100), (100,), (100, 10), (10,)], 'train_accuracy': 0.09751666666666667, 'test_accuracy': 0.0974}} 
09-29 16:28 DEBUG    Trial 1 completed
09-29 16:28 DEBUG    ####################################################################################################
09-29 16:28 DEBUG    ####################################################################################################
09-29 16:28 DEBUG    Executing Trial 2 with seed 2
09-29 16:28 DEBUG    Data statistics: {0: {0: 1593, 1: 475, 2: 877, 3: 767, 4: 2, 5: 8, 6: 895, 7: 50, 8: 962, 9: 212}, 1: {0: 260, 1: 1498, 2: 2, 3: 84, 4: 346, 5: 957, 6: 1195, 7: 381, 8: 642, 9: 2884}, 2: {0: 1433, 1: 390, 2: 392, 3: 285, 4: 2456, 5: 192, 6: 418, 7: 586}, 3: {0: 68, 1: 2184, 2: 1, 3: 162, 4: 195, 5: 473, 6: 704, 7: 293, 8: 1474, 9: 12}, 4: {0: 997, 2: 102, 3: 259, 4: 100, 5: 1559, 6: 164, 7: 88, 8: 1216, 9: 6}, 5: {0: 371, 1: 826, 2: 1594, 3: 2116, 4: 906, 5: 127, 6: 1421}, 6: {0: 203, 1: 1300, 2: 255, 3: 53, 4: 67, 5: 54, 6: 308, 7: 900, 8: 432, 9: 455}, 7: {0: 2, 1: 19, 2: 86, 3: 846, 4: 1087, 5: 1307, 6: 694, 7: 185, 9: 519}, 8: {0: 992, 1: 15, 2: 1552, 3: 1413, 4: 514, 5: 329, 6: 99, 7: 142, 8: 660, 9: 569}, 9: {0: 4, 1: 35, 2: 1097, 3: 146, 4: 169, 5: 415, 6: 20, 7: 3640, 8: 465, 9: 1292}}
09-29 16:28 DEBUG    **************************************************
09-29 16:28 DEBUG    Running experiments 

09-29 16:33 DEBUG    ****** PDM_KL matching ******** 
09-29 16:33 DEBUG    Best Sigma0: 3. Best sigma: 0.9 Best gamma: 1. Best Test accuracy: 0.3886. Train acc: 0.3917. 

09-29 16:33 DEBUG    PDM_KL log: {(3, 0.9, 1): {'shapes': [(784, 649), (649,), (649, 118), (118,), (118, 109), (109,), (109, 100), (100,), (100, 10), (10,)], 'train_accuracy': 0.3917, 'test_accuracy': 0.3886}} 
09-29 16:44 DEBUG    ****** PDM_KL matching ******** 
09-29 16:44 DEBUG    Best Sigma0: 3. Best sigma: 0.9 Best gamma: 1. Best Test accuracy: 0.4331. Train acc: 0.43143333333333334. 

09-29 16:44 DEBUG    PDM_KL log: {(3, 0.9, 1): {'shapes': [(784, 648), (648,), (648, 118), (118,), (118, 109), (109,), (109, 100), (100,), (100, 10), (10,)], 'train_accuracy': 0.43143333333333334, 'test_accuracy': 0.4331}} 
09-29 16:55 DEBUG    ****** PDM_KL matching ******** 
09-29 16:55 DEBUG    Best Sigma0: 3. Best sigma: 0.9 Best gamma: 1. Best Test accuracy: 0.4091. Train acc: 0.40818333333333334. 

09-29 16:55 DEBUG    PDM_KL log: {(3, 0.9, 1): {'shapes': [(784, 648), (648,), (648, 118), (118,), (118, 109), (109,), (109, 100), (100,), (100, 10), (10,)], 'train_accuracy': 0.40818333333333334, 'test_accuracy': 0.4091}} 
09-29 17:06 DEBUG    ****** PDM_KL matching ******** 
09-29 17:06 DEBUG    Best Sigma0: 3. Best sigma: 0.9 Best gamma: 1. Best Test accuracy: 0.2694. Train acc: 0.28005. 

09-29 17:06 DEBUG    PDM_KL log: {(3, 0.9, 1): {'shapes': [(784, 645), (645,), (645, 118), (118,), (118, 109), (109,), (109, 100), (100,), (100, 10), (10,)], 'train_accuracy': 0.28005, 'test_accuracy': 0.2694}} 
09-29 17:17 DEBUG    ****** PDM_KL matching ******** 
09-29 17:17 DEBUG    Best Sigma0: 3. Best sigma: 0.9 Best gamma: 1. Best Test accuracy: 0.3393. Train acc: 0.33721666666666666. 

09-29 17:17 DEBUG    PDM_KL log: {(3, 0.9, 1): {'shapes': [(784, 645), (645,), (645, 118), (118,), (118, 109), (109,), (109, 100), (100,), (100, 10), (10,)], 'train_accuracy': 0.33721666666666666, 'test_accuracy': 0.3393}} 
09-29 17:28 DEBUG    ****** PDM_KL matching ******** 
09-29 17:28 DEBUG    Best Sigma0: 3. Best sigma: 0.9 Best gamma: 1. Best Test accuracy: 0.4528. Train acc: 0.4506833333333333. 

09-29 17:28 DEBUG    PDM_KL log: {(3, 0.9, 1): {'shapes': [(784, 641), (641,), (641, 116), (116,), (116, 109), (109,), (109, 100), (100,), (100, 10), (10,)], 'train_accuracy': 0.4506833333333333, 'test_accuracy': 0.4528}} 
09-29 17:38 DEBUG    ****** PDM_KL matching ******** 
09-29 17:38 DEBUG    Best Sigma0: 3. Best sigma: 0.9 Best gamma: 1. Best Test accuracy: 0.268. Train acc: 0.2662833333333333. 

09-29 17:38 DEBUG    PDM_KL log: {(3, 0.9, 1): {'shapes': [(784, 595), (595,), (595, 109), (109,), (109, 100), (100,), (100, 100), (100,), (100, 10), (10,)], 'train_accuracy': 0.2662833333333333, 'test_accuracy': 0.268}} 
09-29 17:44 DEBUG    ****** PDM_KL matching ******** 
09-29 17:44 DEBUG    Best Sigma0: 3. Best sigma: 0.9 Best gamma: 1. Best Test accuracy: 0.4618. Train acc: 0.4568833333333333. 

09-29 17:44 DEBUG    PDM_KL log: {(3, 0.9, 1): {'shapes': [(784, 467), (467,), (467, 109), (109,), (109, 100), (100,), (100, 100), (100,), (100, 10), (10,)], 'train_accuracy': 0.4568833333333333, 'test_accuracy': 0.4618}} 
09-29 17:45 DEBUG    ****** PDM_KL matching ******** 
09-29 17:45 DEBUG    Best Sigma0: 3. Best sigma: 0.9 Best gamma: 1. Best Test accuracy: 0.0974. Train acc: 0.09751666666666667. 

09-29 17:45 DEBUG    PDM_KL log: {(3, 0.9, 1): {'shapes': [(784, 100), (100,), (100, 100), (100,), (100, 100), (100,), (100, 100), (100,), (100, 10), (10,)], 'train_accuracy': 0.09751666666666667, 'test_accuracy': 0.0974}} 
09-29 17:46 DEBUG    ****** PDM_KL matching ******** 
09-29 17:46 DEBUG    Best Sigma0: 3. Best sigma: 0.9 Best gamma: 1. Best Test accuracy: 0.0974. Train acc: 0.09751666666666667. 

09-29 17:46 DEBUG    PDM_KL log: {(3, 0.9, 1): {'shapes': [(784, 100), (100,), (100, 100), (100,), (100, 100), (100,), (100, 100), (100,), (100, 10), (10,)], 'train_accuracy': 0.09751666666666667, 'test_accuracy': 0.0974}} 
09-29 17:47 DEBUG    ****** PDM_KL matching ******** 
09-29 17:47 DEBUG    Best Sigma0: 3. Best sigma: 0.9 Best gamma: 1. Best Test accuracy: 0.0974. Train acc: 0.09751666666666667. 

09-29 17:47 DEBUG    PDM_KL log: {(3, 0.9, 1): {'shapes': [(784, 100), (100,), (100, 100), (100,), (100, 100), (100,), (100, 100), (100,), (100, 10), (10,)], 'train_accuracy': 0.09751666666666667, 'test_accuracy': 0.0974}} 
09-29 17:47 DEBUG    Trial 2 completed
09-29 17:47 DEBUG    ####################################################################################################
09-29 17:47 DEBUG    ####################################################################################################
09-29 17:47 DEBUG    Executing Trial 3 with seed 3
09-29 17:47 DEBUG    Data statistics: {0: {0: 416, 1: 250, 2: 208, 3: 168, 4: 7, 5: 2127, 6: 1354, 7: 1453, 8: 272}, 1: {0: 44, 1: 656, 2: 58, 3: 207, 4: 338, 5: 859, 6: 919, 7: 1, 8: 211, 9: 4223}, 2: {0: 4, 1: 136, 2: 877, 3: 632, 4: 143, 5: 124, 6: 212, 7: 11, 9: 17}, 3: {0: 51, 1: 5, 2: 1548, 3: 15, 4: 1673, 5: 159, 6: 226, 7: 867, 8: 99, 9: 893}, 4: {0: 238, 1: 152, 2: 122, 3: 1396, 4: 18, 5: 460, 6: 246, 7: 262, 8: 1433, 9: 815}, 5: {0: 3481, 1: 2521}, 6: {0: 1409, 1: 1469, 2: 476, 3: 30, 4: 74, 5: 233, 6: 756, 7: 25, 8: 2145}, 7: {0: 22, 1: 1, 2: 57, 3: 1707, 4: 2570, 5: 136, 6: 1234, 7: 2438}, 8: {0: 89, 1: 381, 2: 2176, 3: 1701, 4: 184, 5: 174, 6: 906, 7: 223, 8: 551}, 9: {0: 169, 1: 1171, 2: 436, 3: 275, 4: 835, 5: 1149, 6: 65, 7: 985, 8: 1140, 9: 1}}
09-29 17:48 DEBUG    **************************************************
09-29 17:48 DEBUG    Running experiments 

09-29 17:52 DEBUG    ****** PDM_KL matching ******** 
09-29 17:52 DEBUG    Best Sigma0: 3. Best sigma: 0.9 Best gamma: 1. Best Test accuracy: 0.2041. Train acc: 0.20898333333333333. 

09-29 17:52 DEBUG    PDM_KL log: {(3, 0.9, 1): {'shapes': [(784, 606), (606,), (606, 112), (112,), (112, 106), (106,), (106, 100), (100,), (100, 10), (10,)], 'train_accuracy': 0.20898333333333333, 'test_accuracy': 0.2041}} 
09-29 18:02 DEBUG    ****** PDM_KL matching ******** 
09-29 18:02 DEBUG    Best Sigma0: 3. Best sigma: 0.9 Best gamma: 1. Best Test accuracy: 0.1892. Train acc: 0.19155. 

09-29 18:02 DEBUG    PDM_KL log: {(3, 0.9, 1): {'shapes': [(784, 603), (603,), (603, 114), (114,), (114, 108), (108,), (108, 100), (100,), (100, 10), (10,)], 'train_accuracy': 0.19155, 'test_accuracy': 0.1892}} 
09-29 18:11 DEBUG    ****** PDM_KL matching ******** 
09-29 18:11 DEBUG    Best Sigma0: 3. Best sigma: 0.9 Best gamma: 1. Best Test accuracy: 0.2805. Train acc: 0.28323333333333334. 

09-29 18:11 DEBUG    PDM_KL log: {(3, 0.9, 1): {'shapes': [(784, 604), (604,), (604, 112), (112,), (112, 103), (103,), (103, 100), (100,), (100, 10), (10,)], 'train_accuracy': 0.28323333333333334, 'test_accuracy': 0.2805}} 
09-29 18:22 DEBUG    ****** PDM_KL matching ******** 
09-29 18:22 DEBUG    Best Sigma0: 3. Best sigma: 0.9 Best gamma: 1. Best Test accuracy: 0.1496. Train acc: 0.14888333333333334. 

09-29 18:22 DEBUG    PDM_KL log: {(3, 0.9, 1): {'shapes': [(784, 605), (605,), (605, 114), (114,), (114, 105), (105,), (105, 100), (100,), (100, 10), (10,)], 'train_accuracy': 0.14888333333333334, 'test_accuracy': 0.1496}} 
09-29 18:32 DEBUG    ****** PDM_KL matching ******** 
09-29 18:32 DEBUG    Best Sigma0: 3. Best sigma: 0.9 Best gamma: 1. Best Test accuracy: 0.1923. Train acc: 0.19753333333333334. 

09-29 18:32 DEBUG    PDM_KL log: {(3, 0.9, 1): {'shapes': [(784, 603), (603,), (603, 108), (108,), (108, 102), (102,), (102, 100), (100,), (100, 10), (10,)], 'train_accuracy': 0.19753333333333334, 'test_accuracy': 0.1923}} 
09-29 18:41 DEBUG    ****** PDM_KL matching ******** 
09-29 18:41 DEBUG    Best Sigma0: 3. Best sigma: 0.9 Best gamma: 1. Best Test accuracy: 0.1907. Train acc: 0.19466666666666665. 

09-29 18:41 DEBUG    PDM_KL log: {(3, 0.9, 1): {'shapes': [(784, 599), (599,), (599, 107), (107,), (107, 100), (100,), (100, 100), (100,), (100, 10), (10,)], 'train_accuracy': 0.19466666666666665, 'test_accuracy': 0.1907}} 
09-29 18:50 DEBUG    ****** PDM_KL matching ******** 
09-29 18:50 DEBUG    Best Sigma0: 3. Best sigma: 0.9 Best gamma: 1. Best Test accuracy: 0.2664. Train acc: 0.2685. 

09-29 18:50 DEBUG    PDM_KL log: {(3, 0.9, 1): {'shapes': [(784, 562), (562,), (562, 100), (100,), (100, 100), (100,), (100, 100), (100,), (100, 10), (10,)], 'train_accuracy': 0.2685, 'test_accuracy': 0.2664}} 
09-29 18:56 DEBUG    ****** PDM_KL matching ******** 
09-29 18:56 DEBUG    Best Sigma0: 3. Best sigma: 0.9 Best gamma: 1. Best Test accuracy: 0.1382. Train acc: 0.1373. 

09-29 18:56 DEBUG    PDM_KL log: {(3, 0.9, 1): {'shapes': [(784, 446), (446,), (446, 100), (100,), (100, 100), (100,), (100, 100), (100,), (100, 10), (10,)], 'train_accuracy': 0.1373, 'test_accuracy': 0.1382}} 
09-29 18:57 DEBUG    ****** PDM_KL matching ******** 
09-29 18:57 DEBUG    Best Sigma0: 3. Best sigma: 0.9 Best gamma: 1. Best Test accuracy: 0.0974. Train acc: 0.09751666666666667. 

09-29 18:57 DEBUG    PDM_KL log: {(3, 0.9, 1): {'shapes': [(784, 100), (100,), (100, 100), (100,), (100, 100), (100,), (100, 100), (100,), (100, 10), (10,)], 'train_accuracy': 0.09751666666666667, 'test_accuracy': 0.0974}} 
09-29 18:58 DEBUG    ****** PDM_KL matching ******** 
09-29 18:58 DEBUG    Best Sigma0: 3. Best sigma: 0.9 Best gamma: 1. Best Test accuracy: 0.0974. Train acc: 0.09751666666666667. 

09-29 18:58 DEBUG    PDM_KL log: {(3, 0.9, 1): {'shapes': [(784, 100), (100,), (100, 100), (100,), (100, 100), (100,), (100, 100), (100,), (100, 10), (10,)], 'train_accuracy': 0.09751666666666667, 'test_accuracy': 0.0974}} 
09-29 18:59 DEBUG    ****** PDM_KL matching ******** 
09-29 18:59 DEBUG    Best Sigma0: 3. Best sigma: 0.9 Best gamma: 1. Best Test accuracy: 0.0974. Train acc: 0.09751666666666667. 

09-29 18:59 DEBUG    PDM_KL log: {(3, 0.9, 1): {'shapes': [(784, 100), (100,), (100, 100), (100,), (100, 100), (100,), (100, 100), (100,), (100, 10), (10,)], 'train_accuracy': 0.09751666666666667, 'test_accuracy': 0.0974}} 
09-29 18:59 DEBUG    Trial 3 completed
09-29 18:59 DEBUG    ####################################################################################################
09-29 18:59 DEBUG    ####################################################################################################
09-29 18:59 DEBUG    Executing Trial 4 with seed 4
09-29 18:59 DEBUG    Data statistics: {0: {0: 321, 1: 1287, 2: 157, 3: 21, 4: 607, 5: 1592, 6: 2154}, 1: {0: 689, 1: 357, 2: 399, 3: 51, 4: 2117, 5: 62, 6: 291, 7: 1583, 8: 204, 9: 143}, 2: {0: 455, 1: 255, 2: 873, 3: 149, 4: 226, 5: 168, 7: 212, 8: 34, 9: 1895}, 3: {0: 629, 1: 1403, 2: 274, 3: 870, 4: 911, 5: 436, 6: 1, 7: 829, 8: 48, 9: 10}, 4: {0: 2, 1: 2167, 2: 2124, 3: 72, 4: 6, 5: 431, 6: 83, 7: 97, 8: 407, 9: 295}, 5: {0: 234, 1: 4, 2: 589, 3: 2311, 4: 245, 5: 329, 6: 445, 7: 448, 8: 24, 9: 2405}, 6: {0: 118, 1: 210, 2: 490, 3: 10, 4: 1, 5: 1653, 6: 1894, 7: 3, 8: 1496, 9: 178}, 7: {0: 693, 1: 224, 2: 255, 3: 789, 4: 1093, 5: 63, 6: 837, 7: 916, 8: 3239}, 8: {0: 2544, 1: 789, 2: 131, 3: 422, 4: 176, 5: 2, 6: 135, 7: 1957}, 9: {0: 238, 1: 46, 2: 666, 3: 1436, 4: 460, 5: 685, 6: 78, 7: 220, 8: 399, 9: 1023}}
09-29 19:00 DEBUG    **************************************************
09-29 19:00 DEBUG    Running experiments 

09-29 19:04 DEBUG    ****** PDM_KL matching ******** 
09-29 19:04 DEBUG    Best Sigma0: 3. Best sigma: 0.9 Best gamma: 1. Best Test accuracy: 0.2746. Train acc: 0.27896666666666664. 

09-29 19:04 DEBUG    PDM_KL log: {(3, 0.9, 1): {'shapes': [(784, 642), (642,), (642, 118), (118,), (118, 109), (109,), (109, 101), (101,), (101, 10), (10,)], 'train_accuracy': 0.27896666666666664, 'test_accuracy': 0.2746}} 
09-29 19:14 DEBUG    ****** PDM_KL matching ******** 
09-29 19:14 DEBUG    Best Sigma0: 3. Best sigma: 0.9 Best gamma: 1. Best Test accuracy: 0.2323. Train acc: 0.22203333333333333. 

09-29 19:14 DEBUG    PDM_KL log: {(3, 0.9, 1): {'shapes': [(784, 642), (642,), (642, 117), (117,), (117, 109), (109,), (109, 101), (101,), (101, 10), (10,)], 'train_accuracy': 0.22203333333333333, 'test_accuracy': 0.2323}} 
09-29 19:26 DEBUG    ****** PDM_KL matching ******** 
09-29 19:26 DEBUG    Best Sigma0: 3. Best sigma: 0.9 Best gamma: 1. Best Test accuracy: 0.2594. Train acc: 0.2588666666666667. 

09-29 19:26 DEBUG    PDM_KL log: {(3, 0.9, 1): {'shapes': [(784, 642), (642,), (642, 117), (117,), (117, 109), (109,), (109, 101), (101,), (101, 10), (10,)], 'train_accuracy': 0.2588666666666667, 'test_accuracy': 0.2594}} 
09-29 19:36 DEBUG    ****** PDM_KL matching ******** 
09-29 19:36 DEBUG    Best Sigma0: 3. Best sigma: 0.9 Best gamma: 1. Best Test accuracy: 0.1811. Train acc: 0.18101666666666666. 

09-29 19:36 DEBUG    PDM_KL log: {(3, 0.9, 1): {'shapes': [(784, 644), (644,), (644, 114), (114,), (114, 109), (109,), (109, 101), (101,), (101, 10), (10,)], 'train_accuracy': 0.18101666666666666, 'test_accuracy': 0.1811}} 
09-29 19:46 DEBUG    ****** PDM_KL matching ******** 
09-29 19:46 DEBUG    Best Sigma0: 3. Best sigma: 0.9 Best gamma: 1. Best Test accuracy: 0.2798. Train acc: 0.2857. 

09-29 19:46 DEBUG    PDM_KL log: {(3, 0.9, 1): {'shapes': [(784, 639), (639,), (639, 117), (117,), (117, 109), (109,), (109, 101), (101,), (101, 10), (10,)], 'train_accuracy': 0.2857, 'test_accuracy': 0.2798}} 
09-29 19:57 DEBUG    ****** PDM_KL matching ******** 
09-29 19:57 DEBUG    Best Sigma0: 3. Best sigma: 0.9 Best gamma: 1. Best Test accuracy: 0.2197. Train acc: 0.215. 

09-29 19:57 DEBUG    PDM_KL log: {(3, 0.9, 1): {'shapes': [(784, 638), (638,), (638, 118), (118,), (118, 109), (109,), (109, 101), (101,), (101, 10), (10,)], 'train_accuracy': 0.215, 'test_accuracy': 0.2197}} 
09-29 20:06 DEBUG    ****** PDM_KL matching ******** 
09-29 20:06 DEBUG    Best Sigma0: 3. Best sigma: 0.9 Best gamma: 1. Best Test accuracy: 0.2081. Train acc: 0.2064. 

09-29 20:06 DEBUG    PDM_KL log: {(3, 0.9, 1): {'shapes': [(784, 598), (598,), (598, 109), (109,), (109, 109), (109,), (109, 100), (100,), (100, 10), (10,)], 'train_accuracy': 0.2064, 'test_accuracy': 0.2081}} 
09-29 20:13 DEBUG    ****** PDM_KL matching ******** 
09-29 20:13 DEBUG    Best Sigma0: 3. Best sigma: 0.9 Best gamma: 1. Best Test accuracy: 0.2371. Train acc: 0.23933333333333334. 

09-29 20:13 DEBUG    PDM_KL log: {(3, 0.9, 1): {'shapes': [(784, 484), (484,), (484, 100), (100,), (100, 100), (100,), (100, 100), (100,), (100, 10), (10,)], 'train_accuracy': 0.23933333333333334, 'test_accuracy': 0.2371}} 
09-29 20:14 DEBUG    ****** PDM_KL matching ******** 
09-29 20:14 DEBUG    Best Sigma0: 3. Best sigma: 0.9 Best gamma: 1. Best Test accuracy: 0.0974. Train acc: 0.09751666666666667. 

09-29 20:14 DEBUG    PDM_KL log: {(3, 0.9, 1): {'shapes': [(784, 100), (100,), (100, 100), (100,), (100, 100), (100,), (100, 100), (100,), (100, 10), (10,)], 'train_accuracy': 0.09751666666666667, 'test_accuracy': 0.0974}} 
09-29 20:15 DEBUG    ****** PDM_KL matching ******** 
09-29 20:15 DEBUG    Best Sigma0: 3. Best sigma: 0.9 Best gamma: 1. Best Test accuracy: 0.0974. Train acc: 0.09751666666666667. 

09-29 20:15 DEBUG    PDM_KL log: {(3, 0.9, 1): {'shapes': [(784, 100), (100,), (100, 100), (100,), (100, 100), (100,), (100, 100), (100,), (100, 10), (10,)], 'train_accuracy': 0.09751666666666667, 'test_accuracy': 0.0974}} 
09-29 20:17 DEBUG    ****** PDM_KL matching ******** 
09-29 20:17 DEBUG    Best Sigma0: 3. Best sigma: 0.9 Best gamma: 1. Best Test accuracy: 0.0974. Train acc: 0.09751666666666667. 

09-29 20:17 DEBUG    PDM_KL log: {(3, 0.9, 1): {'shapes': [(784, 100), (100,), (100, 100), (100,), (100, 100), (100,), (100, 100), (100,), (100, 10), (10,)], 'train_accuracy': 0.09751666666666667, 'test_accuracy': 0.0974}} 
09-29 20:17 DEBUG    Trial 4 completed
09-29 20:17 DEBUG    ####################################################################################################
09-29 20:17 DEBUG    ####################################################################################################
09-29 20:17 DEBUG    Executing Trial 5 with seed 5
09-29 20:17 DEBUG    Data statistics: {0: {0: 1274, 1: 582, 3: 276, 4: 2899, 5: 487, 6: 472, 7: 30}, 1: {0: 2625, 1: 243, 2: 511, 3: 1290, 4: 253, 5: 1031, 6: 601}, 2: {0: 927, 1: 1352, 2: 97, 3: 196, 4: 833, 5: 111, 6: 25, 7: 1460, 8: 231, 9: 134}, 3: {0: 12, 1: 382, 2: 692, 3: 41, 4: 55, 5: 73, 6: 59, 7: 274, 8: 782, 9: 653}, 4: {0: 16, 1: 32, 2: 4, 3: 31, 4: 410, 5: 1631, 6: 13, 7: 148, 8: 3007, 9: 2564}, 5: {0: 63, 1: 315, 2: 43, 3: 3062, 4: 9, 5: 287, 6: 1396, 7: 1188}, 6: {1: 2919, 2: 102, 3: 33, 4: 980, 5: 573, 6: 1114, 7: 47, 8: 1144}, 7: {0: 332, 1: 36, 2: 3305, 3: 223, 4: 56, 5: 446, 6: 328, 7: 2857}, 8: {0: 564, 1: 28, 2: 1048, 3: 932, 4: 277, 5: 696, 6: 142, 7: 144, 8: 395, 9: 481}, 9: {0: 110, 1: 853, 2: 156, 3: 47, 4: 70, 5: 86, 6: 1768, 7: 117, 8: 292, 9: 2117}}
09-29 20:17 DEBUG    **************************************************
09-29 20:17 DEBUG    Running experiments 

09-29 20:22 DEBUG    ****** PDM_KL matching ******** 
09-29 20:22 DEBUG    Best Sigma0: 3. Best sigma: 0.9 Best gamma: 1. Best Test accuracy: 0.3056. Train acc: 0.30638333333333334. 

09-29 20:22 DEBUG    PDM_KL log: {(3, 0.9, 1): {'shapes': [(784, 615), (615,), (615, 116), (116,), (116, 109), (109,), (109, 101), (101,), (101, 10), (10,)], 'train_accuracy': 0.30638333333333334, 'test_accuracy': 0.3056}} 
09-29 20:32 DEBUG    ****** PDM_KL matching ******** 
09-29 20:32 DEBUG    Best Sigma0: 3. Best sigma: 0.9 Best gamma: 1. Best Test accuracy: 0.3547. Train acc: 0.3540333333333333. 

09-29 20:32 DEBUG    PDM_KL log: {(3, 0.9, 1): {'shapes': [(784, 614), (614,), (614, 115), (115,), (115, 108), (108,), (108, 101), (101,), (101, 10), (10,)], 'train_accuracy': 0.3540333333333333, 'test_accuracy': 0.3547}} 
09-29 20:43 DEBUG    ****** PDM_KL matching ******** 
09-29 20:43 DEBUG    Best Sigma0: 3. Best sigma: 0.9 Best gamma: 1. Best Test accuracy: 0.286. Train acc: 0.28078333333333333. 

09-29 20:43 DEBUG    PDM_KL log: {(3, 0.9, 1): {'shapes': [(784, 617), (617,), (617, 116), (116,), (116, 109), (109,), (109, 101), (101,), (101, 10), (10,)], 'train_accuracy': 0.28078333333333333, 'test_accuracy': 0.286}} 
09-29 20:53 DEBUG    ****** PDM_KL matching ******** 
09-29 20:53 DEBUG    Best Sigma0: 3. Best sigma: 0.9 Best gamma: 1. Best Test accuracy: 0.2674. Train acc: 0.2669666666666667. 

09-29 20:53 DEBUG    PDM_KL log: {(3, 0.9, 1): {'shapes': [(784, 618), (618,), (618, 116), (116,), (116, 109), (109,), (109, 101), (101,), (101, 10), (10,)], 'train_accuracy': 0.2669666666666667, 'test_accuracy': 0.2674}} 
09-29 21:03 DEBUG    ****** PDM_KL matching ******** 
09-29 21:03 DEBUG    Best Sigma0: 3. Best sigma: 0.9 Best gamma: 1. Best Test accuracy: 0.2435. Train acc: 0.24955. 

09-29 21:03 DEBUG    PDM_KL log: {(3, 0.9, 1): {'shapes': [(784, 614), (614,), (614, 114), (114,), (114, 109), (109,), (109, 101), (101,), (101, 10), (10,)], 'train_accuracy': 0.24955, 'test_accuracy': 0.2435}} 
09-29 21:12 DEBUG    ****** PDM_KL matching ******** 
09-29 21:12 DEBUG    Best Sigma0: 3. Best sigma: 0.9 Best gamma: 1. Best Test accuracy: 0.2769. Train acc: 0.27715. 

09-29 21:12 DEBUG    PDM_KL log: {(3, 0.9, 1): {'shapes': [(784, 611), (611,), (611, 109), (109,), (109, 109), (109,), (109, 101), (101,), (101, 10), (10,)], 'train_accuracy': 0.27715, 'test_accuracy': 0.2769}} 
09-29 21:21 DEBUG    ****** PDM_KL matching ******** 
09-29 21:21 DEBUG    Best Sigma0: 3. Best sigma: 0.9 Best gamma: 1. Best Test accuracy: 0.2403. Train acc: 0.23423333333333332. 

09-29 21:21 DEBUG    PDM_KL log: {(3, 0.9, 1): {'shapes': [(784, 574), (574,), (574, 109), (109,), (109, 100), (100,), (100, 101), (101,), (101, 10), (10,)], 'train_accuracy': 0.23423333333333332, 'test_accuracy': 0.2403}} 
09-29 21:28 DEBUG    ****** PDM_KL matching ******** 
09-29 21:28 DEBUG    Best Sigma0: 3. Best sigma: 0.9 Best gamma: 1. Best Test accuracy: 0.3128. Train acc: 0.31555. 

09-29 21:28 DEBUG    PDM_KL log: {(3, 0.9, 1): {'shapes': [(784, 452), (452,), (452, 100), (100,), (100, 100), (100,), (100, 100), (100,), (100, 10), (10,)], 'train_accuracy': 0.31555, 'test_accuracy': 0.3128}} 
09-29 21:29 DEBUG    ****** PDM_KL matching ******** 
09-29 21:29 DEBUG    Best Sigma0: 3. Best sigma: 0.9 Best gamma: 1. Best Test accuracy: 0.1032. Train acc: 0.0993. 

09-29 21:29 DEBUG    PDM_KL log: {(3, 0.9, 1): {'shapes': [(784, 100), (100,), (100, 100), (100,), (100, 100), (100,), (100, 100), (100,), (100, 10), (10,)], 'train_accuracy': 0.0993, 'test_accuracy': 0.1032}} 
09-29 21:30 DEBUG    ****** PDM_KL matching ******** 
09-29 21:30 DEBUG    Best Sigma0: 3. Best sigma: 0.9 Best gamma: 1. Best Test accuracy: 0.1032. Train acc: 0.0993. 

09-29 21:30 DEBUG    PDM_KL log: {(3, 0.9, 1): {'shapes': [(784, 100), (100,), (100, 100), (100,), (100, 100), (100,), (100, 100), (100,), (100, 10), (10,)], 'train_accuracy': 0.0993, 'test_accuracy': 0.1032}} 
09-29 21:31 DEBUG    ****** PDM_KL matching ******** 
09-29 21:31 DEBUG    Best Sigma0: 3. Best sigma: 0.9 Best gamma: 1. Best Test accuracy: 0.1032. Train acc: 0.0993. 

09-29 21:31 DEBUG    PDM_KL log: {(3, 0.9, 1): {'shapes': [(784, 100), (100,), (100, 100), (100,), (100, 100), (100,), (100, 100), (100,), (100, 10), (10,)], 'train_accuracy': 0.0993, 'test_accuracy': 0.1032}} 
09-29 21:31 DEBUG    Trial 5 completed
09-29 21:31 DEBUG    ####################################################################################################
09-29 21:31 DEBUG    ####################################################################################################
09-29 21:31 DEBUG    Executing Trial 6 with seed 6
09-29 21:31 DEBUG    Data statistics: {0: {0: 1969, 1: 73, 2: 724, 3: 808, 4: 281, 5: 2, 6: 905, 7: 172, 8: 491, 9: 1202}, 1: {0: 2298, 1: 612, 2: 588, 3: 1362, 4: 39, 5: 100, 6: 367, 7: 1669}, 2: {0: 198, 1: 72, 2: 874, 3: 365, 4: 552, 5: 45, 6: 805, 7: 495, 8: 27, 9: 168}, 3: {0: 22, 1: 20, 2: 513, 3: 1968, 4: 932, 5: 99, 6: 6, 7: 2975}, 4: {0: 126, 1: 1063, 2: 1297, 3: 26, 4: 1, 5: 758, 6: 3057}, 5: {0: 1, 1: 3254, 2: 807, 3: 77, 4: 49, 5: 520, 6: 70, 7: 53, 8: 596, 9: 379}, 6: {0: 1020, 1: 102, 2: 155, 3: 556, 4: 32, 5: 195, 6: 336, 7: 452, 8: 1109, 9: 4199}, 7: {0: 55, 1: 127, 2: 74, 3: 365, 4: 41, 5: 86, 6: 214, 7: 114, 8: 1004, 9: 1}, 8: {0: 226, 1: 18, 2: 156, 3: 603, 4: 2813, 5: 495, 6: 158, 7: 335, 8: 2624}, 9: {0: 8, 1: 1401, 2: 770, 3: 1, 4: 1102, 5: 3121}}
09-29 21:32 DEBUG    **************************************************
09-29 21:32 DEBUG    Running experiments 

09-29 21:35 DEBUG    ****** PDM_KL matching ******** 
09-29 21:35 DEBUG    Best Sigma0: 3. Best sigma: 0.9 Best gamma: 1. Best Test accuracy: 0.3571. Train acc: 0.3534833333333333. 

09-29 21:35 DEBUG    PDM_KL log: {(3, 0.9, 1): {'shapes': [(784, 609), (609,), (609, 117), (117,), (117, 109), (109,), (109, 101), (101,), (101, 10), (10,)], 'train_accuracy': 0.3534833333333333, 'test_accuracy': 0.3571}} 
09-29 21:46 DEBUG    ****** PDM_KL matching ******** 
09-29 21:46 DEBUG    Best Sigma0: 3. Best sigma: 0.9 Best gamma: 1. Best Test accuracy: 0.1714. Train acc: 0.17711666666666667. 

09-29 21:46 DEBUG    PDM_KL log: {(3, 0.9, 1): {'shapes': [(784, 609), (609,), (609, 122), (122,), (122, 109), (109,), (109, 101), (101,), (101, 10), (10,)], 'train_accuracy': 0.17711666666666667, 'test_accuracy': 0.1714}} 
09-29 21:56 DEBUG    ****** PDM_KL matching ******** 
09-29 21:56 DEBUG    Best Sigma0: 3. Best sigma: 0.9 Best gamma: 1. Best Test accuracy: 0.2373. Train acc: 0.23188333333333333. 

09-29 21:56 DEBUG    PDM_KL log: {(3, 0.9, 1): {'shapes': [(784, 608), (608,), (608, 115), (115,), (115, 109), (109,), (109, 101), (101,), (101, 10), (10,)], 'train_accuracy': 0.23188333333333333, 'test_accuracy': 0.2373}} 
09-29 22:05 DEBUG    ****** PDM_KL matching ******** 
09-29 22:05 DEBUG    Best Sigma0: 3. Best sigma: 0.9 Best gamma: 1. Best Test accuracy: 0.1769. Train acc: 0.17438333333333333. 

09-29 22:05 DEBUG    PDM_KL log: {(3, 0.9, 1): {'shapes': [(784, 609), (609,), (609, 114), (114,), (114, 109), (109,), (109, 101), (101,), (101, 10), (10,)], 'train_accuracy': 0.17438333333333333, 'test_accuracy': 0.1769}} 
09-29 22:15 DEBUG    ****** PDM_KL matching ******** 
09-29 22:15 DEBUG    Best Sigma0: 3. Best sigma: 0.9 Best gamma: 1. Best Test accuracy: 0.2817. Train acc: 0.28081666666666666. 

09-29 22:15 DEBUG    PDM_KL log: {(3, 0.9, 1): {'shapes': [(784, 608), (608,), (608, 114), (114,), (114, 109), (109,), (109, 101), (101,), (101, 10), (10,)], 'train_accuracy': 0.28081666666666666, 'test_accuracy': 0.2817}} 
09-29 22:25 DEBUG    ****** PDM_KL matching ******** 
09-29 22:25 DEBUG    Best Sigma0: 3. Best sigma: 0.9 Best gamma: 1. Best Test accuracy: 0.3219. Train acc: 0.32256666666666667. 

09-29 22:25 DEBUG    PDM_KL log: {(3, 0.9, 1): {'shapes': [(784, 604), (604,), (604, 111), (111,), (111, 108), (108,), (108, 101), (101,), (101, 10), (10,)], 'train_accuracy': 0.32256666666666667, 'test_accuracy': 0.3219}} 
09-29 22:34 DEBUG    ****** PDM_KL matching ******** 
09-29 22:34 DEBUG    Best Sigma0: 3. Best sigma: 0.9 Best gamma: 1. Best Test accuracy: 0.2746. Train acc: 0.27746666666666664. 

09-29 22:34 DEBUG    PDM_KL log: {(3, 0.9, 1): {'shapes': [(784, 567), (567,), (567, 109), (109,), (109, 100), (100,), (100, 101), (101,), (101, 10), (10,)], 'train_accuracy': 0.27746666666666664, 'test_accuracy': 0.2746}} 
09-29 22:40 DEBUG    ****** PDM_KL matching ******** 
09-29 22:40 DEBUG    Best Sigma0: 3. Best sigma: 0.9 Best gamma: 1. Best Test accuracy: 0.3039. Train acc: 0.3048. 

09-29 22:40 DEBUG    PDM_KL log: {(3, 0.9, 1): {'shapes': [(784, 461), (461,), (461, 100), (100,), (100, 100), (100,), (100, 100), (100,), (100, 10), (10,)], 'train_accuracy': 0.3048, 'test_accuracy': 0.3039}} 
09-29 22:41 DEBUG    ****** PDM_KL matching ******** 
09-29 22:41 DEBUG    Best Sigma0: 3. Best sigma: 0.9 Best gamma: 1. Best Test accuracy: 0.0974. Train acc: 0.09751666666666667. 

09-29 22:41 DEBUG    PDM_KL log: {(3, 0.9, 1): {'shapes': [(784, 100), (100,), (100, 100), (100,), (100, 100), (100,), (100, 100), (100,), (100, 10), (10,)], 'train_accuracy': 0.09751666666666667, 'test_accuracy': 0.0974}} 
09-29 22:42 DEBUG    ****** PDM_KL matching ******** 
09-29 22:42 DEBUG    Best Sigma0: 3. Best sigma: 0.9 Best gamma: 1. Best Test accuracy: 0.0974. Train acc: 0.09751666666666667. 

09-29 22:42 DEBUG    PDM_KL log: {(3, 0.9, 1): {'shapes': [(784, 100), (100,), (100, 100), (100,), (100, 100), (100,), (100, 100), (100,), (100, 10), (10,)], 'train_accuracy': 0.09751666666666667, 'test_accuracy': 0.0974}} 
09-29 22:44 DEBUG    ****** PDM_KL matching ******** 
09-29 22:44 DEBUG    Best Sigma0: 3. Best sigma: 0.9 Best gamma: 1. Best Test accuracy: 0.0974. Train acc: 0.09751666666666667. 

09-29 22:44 DEBUG    PDM_KL log: {(3, 0.9, 1): {'shapes': [(784, 100), (100,), (100, 100), (100,), (100, 100), (100,), (100, 100), (100,), (100, 10), (10,)], 'train_accuracy': 0.09751666666666667, 'test_accuracy': 0.0974}} 
09-29 22:44 DEBUG    Trial 6 completed
09-29 22:44 DEBUG    ####################################################################################################
09-29 22:44 DEBUG    ####################################################################################################
09-29 22:44 DEBUG    Executing Trial 7 with seed 7
09-29 22:44 DEBUG    Data statistics: {0: {0: 39, 1: 2014, 2: 25, 3: 43, 4: 1522, 5: 21, 6: 303, 7: 229, 8: 2115}, 1: {0: 127, 1: 213, 2: 2333, 3: 2359, 4: 151, 5: 803, 6: 394}, 2: {0: 3587, 2: 44, 3: 1117, 4: 286, 5: 577, 6: 30, 7: 2393}, 3: {0: 443, 1: 33, 2: 537, 3: 707, 4: 598, 5: 84, 6: 2435, 7: 187, 8: 144, 9: 775}, 4: {0: 253, 1: 17, 3: 149, 4: 1600, 5: 1235, 6: 70, 7: 1179, 8: 605, 9: 538}, 5: {0: 107, 1: 166, 2: 48, 3: 28, 4: 166, 5: 517, 6: 73, 7: 255, 8: 2148, 9: 677}, 6: {0: 629, 1: 23, 2: 1190, 3: 175, 4: 1064, 5: 810, 6: 26, 8: 526, 9: 3818}, 7: {0: 108, 1: 239, 2: 1388, 3: 133, 4: 435, 5: 1312, 6: 461, 8: 112, 9: 123}, 8: {0: 102, 1: 407, 2: 331, 3: 1094, 4: 1, 5: 60, 6: 272, 7: 2022, 8: 200, 9: 18}, 9: {0: 528, 1: 3630, 2: 62, 3: 326, 4: 19, 5: 2, 6: 1854, 8: 1}}
09-29 22:44 DEBUG    **************************************************
09-29 22:44 DEBUG    Running experiments 

09-29 22:48 DEBUG    ****** PDM_KL matching ******** 
09-29 22:48 DEBUG    Best Sigma0: 3. Best sigma: 0.9 Best gamma: 1. Best Test accuracy: 0.1829. Train acc: 0.18706666666666666. 

09-29 22:48 DEBUG    PDM_KL log: {(3, 0.9, 1): {'shapes': [(784, 592), (592,), (592, 115), (115,), (115, 109), (109,), (109, 101), (101,), (101, 10), (10,)], 'train_accuracy': 0.18706666666666666, 'test_accuracy': 0.1829}} 
09-29 22:58 DEBUG    ****** PDM_KL matching ******** 
09-29 22:58 DEBUG    Best Sigma0: 3. Best sigma: 0.9 Best gamma: 1. Best Test accuracy: 0.1388. Train acc: 0.13508333333333333. 

09-29 22:58 DEBUG    PDM_KL log: {(3, 0.9, 1): {'shapes': [(784, 591), (591,), (591, 115), (115,), (115, 109), (109,), (109, 101), (101,), (101, 10), (10,)], 'train_accuracy': 0.13508333333333333, 'test_accuracy': 0.1388}} 
09-29 23:07 DEBUG    ****** PDM_KL matching ******** 
09-29 23:07 DEBUG    Best Sigma0: 3. Best sigma: 0.9 Best gamma: 1. Best Test accuracy: 0.1361. Train acc: 0.1403. 

09-29 23:07 DEBUG    PDM_KL log: {(3, 0.9, 1): {'shapes': [(784, 594), (594,), (594, 116), (116,), (116, 109), (109,), (109, 101), (101,), (101, 10), (10,)], 'train_accuracy': 0.1403, 'test_accuracy': 0.1361}} 
09-29 23:17 DEBUG    ****** PDM_KL matching ******** 
09-29 23:17 DEBUG    Best Sigma0: 3. Best sigma: 0.9 Best gamma: 1. Best Test accuracy: 0.1274. Train acc: 0.12541666666666668. 

09-29 23:17 DEBUG    PDM_KL log: {(3, 0.9, 1): {'shapes': [(784, 595), (595,), (595, 115), (115,), (115, 109), (109,), (109, 101), (101,), (101, 10), (10,)], 'train_accuracy': 0.12541666666666668, 'test_accuracy': 0.1274}} 
09-29 23:27 DEBUG    ****** PDM_KL matching ******** 
09-29 23:27 DEBUG    Best Sigma0: 3. Best sigma: 0.9 Best gamma: 1. Best Test accuracy: 0.2803. Train acc: 0.27065. 

09-29 23:27 DEBUG    PDM_KL log: {(3, 0.9, 1): {'shapes': [(784, 592), (592,), (592, 118), (118,), (118, 109), (109,), (109, 101), (101,), (101, 10), (10,)], 'train_accuracy': 0.27065, 'test_accuracy': 0.2803}} 
09-29 23:37 DEBUG    ****** PDM_KL matching ******** 
09-29 23:37 DEBUG    Best Sigma0: 3. Best sigma: 0.9 Best gamma: 1. Best Test accuracy: 0.1464. Train acc: 0.14451666666666665. 

09-29 23:37 DEBUG    PDM_KL log: {(3, 0.9, 1): {'shapes': [(784, 587), (587,), (587, 115), (115,), (115, 109), (109,), (109, 101), (101,), (101, 10), (10,)], 'train_accuracy': 0.14451666666666665, 'test_accuracy': 0.1464}} 
09-29 23:46 DEBUG    ****** PDM_KL matching ******** 
09-29 23:46 DEBUG    Best Sigma0: 3. Best sigma: 0.9 Best gamma: 1. Best Test accuracy: 0.1353. Train acc: 0.1348. 

09-29 23:46 DEBUG    PDM_KL log: {(3, 0.9, 1): {'shapes': [(784, 552), (552,), (552, 109), (109,), (109, 100), (100,), (100, 100), (100,), (100, 10), (10,)], 'train_accuracy': 0.1348, 'test_accuracy': 0.1353}} 
09-29 23:51 DEBUG    ****** PDM_KL matching ******** 
09-29 23:51 DEBUG    Best Sigma0: 3. Best sigma: 0.9 Best gamma: 1. Best Test accuracy: 0.099. Train acc: 0.09855. 

09-29 23:51 DEBUG    PDM_KL log: {(3, 0.9, 1): {'shapes': [(784, 424), (424,), (424, 100), (100,), (100, 100), (100,), (100, 100), (100,), (100, 10), (10,)], 'train_accuracy': 0.09855, 'test_accuracy': 0.099}} 
09-29 23:53 DEBUG    ****** PDM_KL matching ******** 
09-29 23:53 DEBUG    Best Sigma0: 3. Best sigma: 0.9 Best gamma: 1. Best Test accuracy: 0.0974. Train acc: 0.09751666666666667. 

09-29 23:53 DEBUG    PDM_KL log: {(3, 0.9, 1): {'shapes': [(784, 100), (100,), (100, 100), (100,), (100, 100), (100,), (100, 100), (100,), (100, 10), (10,)], 'train_accuracy': 0.09751666666666667, 'test_accuracy': 0.0974}} 
09-29 23:54 DEBUG    ****** PDM_KL matching ******** 
09-29 23:54 DEBUG    Best Sigma0: 3. Best sigma: 0.9 Best gamma: 1. Best Test accuracy: 0.0974. Train acc: 0.09751666666666667. 

09-29 23:54 DEBUG    PDM_KL log: {(3, 0.9, 1): {'shapes': [(784, 100), (100,), (100, 100), (100,), (100, 100), (100,), (100, 100), (100,), (100, 10), (10,)], 'train_accuracy': 0.09751666666666667, 'test_accuracy': 0.0974}} 
09-29 23:55 DEBUG    ****** PDM_KL matching ******** 
09-29 23:55 DEBUG    Best Sigma0: 3. Best sigma: 0.9 Best gamma: 1. Best Test accuracy: 0.0974. Train acc: 0.09751666666666667. 

09-29 23:55 DEBUG    PDM_KL log: {(3, 0.9, 1): {'shapes': [(784, 100), (100,), (100, 100), (100,), (100, 100), (100,), (100, 100), (100,), (100, 10), (10,)], 'train_accuracy': 0.09751666666666667, 'test_accuracy': 0.0974}} 
09-29 23:55 DEBUG    Trial 7 completed
09-29 23:55 DEBUG    ####################################################################################################
09-29 23:55 DEBUG    ####################################################################################################
09-29 23:55 DEBUG    Executing Trial 8 with seed 8
09-29 23:55 DEBUG    Data statistics: {0: {0: 588, 1: 601, 2: 566, 3: 535, 4: 165, 5: 3, 6: 1215, 7: 1269, 8: 1173}, 1: {0: 461, 1: 185, 2: 96, 3: 3974, 4: 2103}, 2: {0: 361, 1: 4, 2: 3, 3: 40, 4: 50, 5: 2242, 6: 364, 7: 148, 8: 4444}, 3: {0: 445, 1: 921, 2: 1207, 3: 32, 4: 566, 5: 5, 6: 389, 7: 26, 8: 160, 9: 698}, 4: {0: 195, 1: 178, 2: 470, 3: 83, 4: 673, 5: 1991, 6: 1114, 7: 301, 8: 30, 9: 1077}, 5: {0: 562, 1: 1196, 2: 911, 3: 171, 4: 495, 5: 14, 6: 155, 7: 3853}, 6: {0: 2595, 1: 742, 2: 2407, 3: 316}, 7: {0: 81, 1: 15, 2: 169, 3: 333, 4: 1, 5: 127, 6: 293, 7: 297, 8: 26, 9: 4172}, 8: {0: 482, 1: 996, 2: 6, 3: 55, 4: 1783, 5: 935, 6: 2201}, 9: {0: 153, 1: 1904, 2: 123, 3: 592, 4: 6, 5: 104, 6: 187, 7: 371, 8: 18, 9: 2}}
09-29 23:55 DEBUG    **************************************************
09-29 23:55 DEBUG    Running experiments 

09-29 23:59 DEBUG    ****** PDM_KL matching ******** 
09-29 23:59 DEBUG    Best Sigma0: 3. Best sigma: 0.9 Best gamma: 1. Best Test accuracy: 0.1099. Train acc: 0.10688333333333333. 

09-29 23:59 DEBUG    PDM_KL log: {(3, 0.9, 1): {'shapes': [(784, 628), (628,), (628, 117), (117,), (117, 109), (109,), (109, 102), (102,), (102, 10), (10,)], 'train_accuracy': 0.10688333333333333, 'test_accuracy': 0.1099}} 
09-30 00:10 DEBUG    ****** PDM_KL matching ******** 
09-30 00:10 DEBUG    Best Sigma0: 3. Best sigma: 0.9 Best gamma: 1. Best Test accuracy: 0.146. Train acc: 0.1442. 

09-30 00:10 DEBUG    PDM_KL log: {(3, 0.9, 1): {'shapes': [(784, 631), (631,), (631, 120), (120,), (120, 109), (109,), (109, 102), (102,), (102, 10), (10,)], 'train_accuracy': 0.1442, 'test_accuracy': 0.146}} 
09-30 00:21 DEBUG    ****** PDM_KL matching ******** 
09-30 00:21 DEBUG    Best Sigma0: 3. Best sigma: 0.9 Best gamma: 1. Best Test accuracy: 0.124. Train acc: 0.1181. 

09-30 00:21 DEBUG    PDM_KL log: {(3, 0.9, 1): {'shapes': [(784, 629), (629,), (629, 118), (118,), (118, 109), (109,), (109, 102), (102,), (102, 10), (10,)], 'train_accuracy': 0.1181, 'test_accuracy': 0.124}} 
09-30 00:31 DEBUG    ****** PDM_KL matching ******** 
09-30 00:31 DEBUG    Best Sigma0: 3. Best sigma: 0.9 Best gamma: 1. Best Test accuracy: 0.1596. Train acc: 0.16078333333333333. 

09-30 00:31 DEBUG    PDM_KL log: {(3, 0.9, 1): {'shapes': [(784, 628), (628,), (628, 110), (110,), (110, 109), (109,), (109, 102), (102,), (102, 10), (10,)], 'train_accuracy': 0.16078333333333333, 'test_accuracy': 0.1596}} 
09-30 00:42 DEBUG    ****** PDM_KL matching ******** 
09-30 00:42 DEBUG    Best Sigma0: 3. Best sigma: 0.9 Best gamma: 1. Best Test accuracy: 0.1327. Train acc: 0.12795. 

09-30 00:42 DEBUG    PDM_KL log: {(3, 0.9, 1): {'shapes': [(784, 623), (623,), (623, 114), (114,), (114, 108), (108,), (108, 102), (102,), (102, 10), (10,)], 'train_accuracy': 0.12795, 'test_accuracy': 0.1327}} 
09-30 00:51 DEBUG    ****** PDM_KL matching ******** 
09-30 00:51 DEBUG    Best Sigma0: 3. Best sigma: 0.9 Best gamma: 1. Best Test accuracy: 0.1408. Train acc: 0.13765. 

09-30 00:51 DEBUG    PDM_KL log: {(3, 0.9, 1): {'shapes': [(784, 621), (621,), (621, 116), (116,), (116, 109), (109,), (109, 102), (102,), (102, 10), (10,)], 'train_accuracy': 0.13765, 'test_accuracy': 0.1408}} 
09-30 01:00 DEBUG    ****** PDM_KL matching ******** 
09-30 01:00 DEBUG    Best Sigma0: 3. Best sigma: 0.9 Best gamma: 1. Best Test accuracy: 0.118. Train acc: 0.11276666666666667. 

09-30 01:00 DEBUG    PDM_KL log: {(3, 0.9, 1): {'shapes': [(784, 559), (559,), (559, 109), (109,), (109, 100), (100,), (100, 101), (101,), (101, 10), (10,)], 'train_accuracy': 0.11276666666666667, 'test_accuracy': 0.118}} 
09-30 01:06 DEBUG    ****** PDM_KL matching ******** 
09-30 01:06 DEBUG    Best Sigma0: 3. Best sigma: 0.9 Best gamma: 1. Best Test accuracy: 0.1409. Train acc: 0.13996666666666666. 

09-30 01:06 DEBUG    PDM_KL log: {(3, 0.9, 1): {'shapes': [(784, 419), (419,), (419, 100), (100,), (100, 100), (100,), (100, 100), (100,), (100, 10), (10,)], 'train_accuracy': 0.13996666666666666, 'test_accuracy': 0.1409}} 
09-30 01:07 DEBUG    ****** PDM_KL matching ******** 
09-30 01:07 DEBUG    Best Sigma0: 3. Best sigma: 0.9 Best gamma: 1. Best Test accuracy: 0.101. Train acc: 0.10218333333333333. 

09-30 01:07 DEBUG    PDM_KL log: {(3, 0.9, 1): {'shapes': [(784, 100), (100,), (100, 100), (100,), (100, 100), (100,), (100, 100), (100,), (100, 10), (10,)], 'train_accuracy': 0.10218333333333333, 'test_accuracy': 0.101}} 
09-30 01:08 DEBUG    ****** PDM_KL matching ******** 
09-30 01:08 DEBUG    Best Sigma0: 3. Best sigma: 0.9 Best gamma: 1. Best Test accuracy: 0.101. Train acc: 0.10218333333333333. 

09-30 01:08 DEBUG    PDM_KL log: {(3, 0.9, 1): {'shapes': [(784, 100), (100,), (100, 100), (100,), (100, 100), (100,), (100, 100), (100,), (100, 10), (10,)], 'train_accuracy': 0.10218333333333333, 'test_accuracy': 0.101}} 
09-30 01:09 DEBUG    ****** PDM_KL matching ******** 
09-30 01:09 DEBUG    Best Sigma0: 3. Best sigma: 0.9 Best gamma: 1. Best Test accuracy: 0.101. Train acc: 0.10218333333333333. 

09-30 01:09 DEBUG    PDM_KL log: {(3, 0.9, 1): {'shapes': [(784, 100), (100,), (100, 100), (100,), (100, 100), (100,), (100, 100), (100,), (100, 10), (10,)], 'train_accuracy': 0.10218333333333333, 'test_accuracy': 0.101}} 
09-30 01:09 DEBUG    Trial 8 completed
09-30 01:09 DEBUG    ####################################################################################################
09-30 01:09 DEBUG    ####################################################################################################
09-30 01:09 DEBUG    Executing Trial 9 with seed 9
09-30 01:09 DEBUG    Data statistics: {0: {0: 251, 1: 342, 2: 225, 3: 12, 4: 59, 5: 1486, 7: 17, 8: 992, 9: 515}, 1: {0: 2028, 1: 470, 2: 201, 3: 1226, 4: 192, 5: 1, 6: 1978}, 2: {0: 214, 1: 2029, 2: 634, 3: 13, 4: 480, 5: 908, 6: 383, 7: 405, 8: 682, 9: 68}, 3: {0: 401, 1: 121, 2: 45, 3: 1, 4: 537, 5: 16, 6: 263, 7: 47, 8: 1461, 9: 32}, 4: {0: 544, 1: 735, 2: 2801, 3: 44, 4: 169, 5: 636, 6: 48, 7: 1110}, 5: {0: 1374, 1: 844, 2: 661, 3: 90, 4: 363, 5: 194, 7: 3969}, 6: {0: 75, 1: 2184, 2: 333, 3: 845, 4: 2294, 5: 192, 6: 600}, 7: {0: 447, 1: 11, 2: 21, 3: 39, 5: 309, 6: 775, 7: 297, 8: 19, 9: 5334}, 8: {0: 112, 1: 5, 2: 4, 3: 3816, 4: 7, 5: 851, 6: 1183, 7: 112}, 9: {0: 477, 1: 1, 2: 1033, 3: 45, 4: 1741, 5: 828, 6: 688, 7: 308, 8: 2697}}
09-30 01:10 DEBUG    **************************************************
09-30 01:10 DEBUG    Running experiments 

09-30 01:14 DEBUG    ****** PDM_KL matching ******** 
09-30 01:14 DEBUG    Best Sigma0: 3. Best sigma: 0.9 Best gamma: 1. Best Test accuracy: 0.273. Train acc: 0.2757. 

09-30 01:14 DEBUG    PDM_KL log: {(3, 0.9, 1): {'shapes': [(784, 630), (630,), (630, 117), (117,), (117, 109), (109,), (109, 101), (101,), (101, 10), (10,)], 'train_accuracy': 0.2757, 'test_accuracy': 0.273}} 
09-30 01:24 DEBUG    ****** PDM_KL matching ******** 
09-30 01:24 DEBUG    Best Sigma0: 3. Best sigma: 0.9 Best gamma: 1. Best Test accuracy: 0.2239. Train acc: 0.22618333333333332. 

09-30 01:24 DEBUG    PDM_KL log: {(3, 0.9, 1): {'shapes': [(784, 628), (628,), (628, 115), (115,), (115, 109), (109,), (109, 101), (101,), (101, 10), (10,)], 'train_accuracy': 0.22618333333333332, 'test_accuracy': 0.2239}} 
09-30 01:33 DEBUG    ****** PDM_KL matching ******** 
09-30 01:33 DEBUG    Best Sigma0: 3. Best sigma: 0.9 Best gamma: 1. Best Test accuracy: 0.3016. Train acc: 0.3027. 

09-30 01:33 DEBUG    PDM_KL log: {(3, 0.9, 1): {'shapes': [(784, 631), (631,), (631, 117), (117,), (117, 109), (109,), (109, 101), (101,), (101, 10), (10,)], 'train_accuracy': 0.3027, 'test_accuracy': 0.3016}} 
09-30 01:43 DEBUG    ****** PDM_KL matching ******** 
09-30 01:43 DEBUG    Best Sigma0: 3. Best sigma: 0.9 Best gamma: 1. Best Test accuracy: 0.1804. Train acc: 0.18313333333333334. 

09-30 01:43 DEBUG    PDM_KL log: {(3, 0.9, 1): {'shapes': [(784, 627), (627,), (627, 115), (115,), (115, 109), (109,), (109, 101), (101,), (101, 10), (10,)], 'train_accuracy': 0.18313333333333334, 'test_accuracy': 0.1804}} 
09-30 01:54 DEBUG    ****** PDM_KL matching ******** 
09-30 01:54 DEBUG    Best Sigma0: 3. Best sigma: 0.9 Best gamma: 1. Best Test accuracy: 0.2637. Train acc: 0.27353333333333335. 

09-30 01:54 DEBUG    PDM_KL log: {(3, 0.9, 1): {'shapes': [(784, 624), (624,), (624, 116), (116,), (116, 109), (109,), (109, 101), (101,), (101, 10), (10,)], 'train_accuracy': 0.27353333333333335, 'test_accuracy': 0.2637}} 
09-30 02:05 DEBUG    ****** PDM_KL matching ******** 
09-30 02:05 DEBUG    Best Sigma0: 3. Best sigma: 0.9 Best gamma: 1. Best Test accuracy: 0.3083. Train acc: 0.30796666666666667. 

09-30 02:05 DEBUG    PDM_KL log: {(3, 0.9, 1): {'shapes': [(784, 621), (621,), (621, 116), (116,), (116, 109), (109,), (109, 101), (101,), (101, 10), (10,)], 'train_accuracy': 0.30796666666666667, 'test_accuracy': 0.3083}} 
09-30 02:14 DEBUG    ****** PDM_KL matching ******** 
09-30 02:14 DEBUG    Best Sigma0: 3. Best sigma: 0.9 Best gamma: 1. Best Test accuracy: 0.1701. Train acc: 0.17205. 

09-30 02:14 DEBUG    PDM_KL log: {(3, 0.9, 1): {'shapes': [(784, 573), (573,), (573, 108), (108,), (108, 100), (100,), (100, 101), (101,), (101, 10), (10,)], 'train_accuracy': 0.17205, 'test_accuracy': 0.1701}} 
09-30 02:20 DEBUG    ****** PDM_KL matching ******** 
09-30 02:20 DEBUG    Best Sigma0: 3. Best sigma: 0.9 Best gamma: 1. Best Test accuracy: 0.1648. Train acc: 0.1608. 

09-30 02:20 DEBUG    PDM_KL log: {(3, 0.9, 1): {'shapes': [(784, 447), (447,), (447, 100), (100,), (100, 100), (100,), (100, 100), (100,), (100, 10), (10,)], 'train_accuracy': 0.1608, 'test_accuracy': 0.1648}} 
09-30 02:21 DEBUG    ****** PDM_KL matching ******** 
09-30 02:21 DEBUG    Best Sigma0: 3. Best sigma: 0.9 Best gamma: 1. Best Test accuracy: 0.101. Train acc: 0.10218333333333333. 

09-30 02:21 DEBUG    PDM_KL log: {(3, 0.9, 1): {'shapes': [(784, 100), (100,), (100, 100), (100,), (100, 100), (100,), (100, 100), (100,), (100, 10), (10,)], 'train_accuracy': 0.10218333333333333, 'test_accuracy': 0.101}} 
09-30 02:22 DEBUG    ****** PDM_KL matching ******** 
09-30 02:22 DEBUG    Best Sigma0: 3. Best sigma: 0.9 Best gamma: 1. Best Test accuracy: 0.101. Train acc: 0.10218333333333333. 

09-30 02:22 DEBUG    PDM_KL log: {(3, 0.9, 1): {'shapes': [(784, 100), (100,), (100, 100), (100,), (100, 100), (100,), (100, 100), (100,), (100, 10), (10,)], 'train_accuracy': 0.10218333333333333, 'test_accuracy': 0.101}} 
09-30 02:24 DEBUG    ****** PDM_KL matching ******** 
09-30 02:24 DEBUG    Best Sigma0: 3. Best sigma: 0.9 Best gamma: 1. Best Test accuracy: 0.101. Train acc: 0.10218333333333333. 

09-30 02:24 DEBUG    PDM_KL log: {(3, 0.9, 1): {'shapes': [(784, 100), (100,), (100, 100), (100,), (100, 100), (100,), (100, 100), (100,), (100, 10), (10,)], 'train_accuracy': 0.10218333333333333, 'test_accuracy': 0.101}} 
09-30 02:24 DEBUG    Trial 9 completed
09-30 02:24 DEBUG    ####################################################################################################
