09-28 22:05 DEBUG    Experiment arguments: Namespace(alpha=0.5, communication_rounds=None, datadir='data/cifar10', dataset='cifar10', device=1.0, dropout_p=0.0, epochs=10, experiment=['pdm_KL'], init_seed=0, iter_epochs=5, layers=0, loaddir='saved_weights/cifar10/hetero-dir', logdir='KL_regs_bst_hyp_unlimi/cifar10/hetero-dir', lr=0.001, lr_decay=0.99, n=20, n_layers=1, n_nets=20, net_config=[3072, 100, 10], num_pool_workers=1, partition='hetero-dir', pdm_gamma=50, pdm_sig=1, pdm_sig0=10, reg=1e-05, reg_fac=0.0, trials=10)
09-28 22:05 DEBUG    ####################################################################################################
09-28 22:05 DEBUG    Executing Trial 0 with seed 0
09-28 22:05 DEBUG    Data statistics: {0: {0: 530, 1: 489, 2: 27, 3: 69, 4: 104, 5: 75, 6: 217, 7: 22, 8: 1204}, 1: {0: 9, 1: 54, 2: 19, 3: 13, 4: 126, 5: 1202, 6: 302, 7: 1, 8: 417, 9: 688}, 2: {0: 5, 1: 1, 2: 235, 3: 55, 5: 573, 6: 811, 7: 1132}, 3: {0: 220, 1: 166, 2: 68, 3: 34, 4: 19, 5: 824, 6: 35, 7: 602, 9: 235}, 4: {0: 281, 1: 132, 2: 55, 3: 45, 4: 146, 5: 178, 6: 48, 7: 230, 8: 440, 9: 2209}, 5: {0: 702, 1: 349, 2: 345, 3: 255, 4: 541, 5: 27, 6: 739}, 6: {0: 6, 1: 125, 2: 1096, 3: 10, 4: 47, 5: 24, 6: 10, 7: 148, 8: 20, 9: 68}, 7: {0: 401, 1: 9, 2: 51, 3: 382, 4: 376, 5: 254, 6: 115, 7: 2, 8: 739, 9: 478}, 8: {0: 628, 1: 391, 2: 19, 3: 14, 4: 970, 5: 35, 6: 443}, 9: {0: 1, 1: 82, 2: 38, 3: 28, 4: 1040, 5: 220, 6: 997, 7: 31, 8: 93}, 10: {0: 647, 1: 839, 2: 259, 3: 278, 4: 36, 5: 275, 6: 20, 7: 192}, 11: {0: 287, 1: 822, 2: 807, 3: 41, 4: 24, 5: 182, 6: 88, 7: 27, 8: 85, 9: 30}, 12: {0: 257, 1: 337, 2: 209, 4: 167, 6: 40, 7: 1704}, 13: {0: 274, 1: 30, 2: 43, 3: 1144, 4: 642, 5: 169, 6: 198}, 14: {0: 501, 1: 50, 2: 165, 3: 204, 5: 7, 7: 168, 8: 186, 9: 802}, 15: {0: 151, 1: 224, 2: 203, 3: 1090, 4: 85, 5: 8, 6: 150, 7: 14, 8: 684}, 16: {0: 30, 1: 353, 2: 320, 3: 281, 4: 160, 5: 48, 6: 71, 7: 12, 8: 217, 9: 74}, 17: {0: 2, 1: 453, 2: 696, 3: 277, 4: 17, 5: 887, 6: 692}, 18: {0: 33, 1: 93, 2: 179, 3: 365, 4: 444, 6: 21, 7: 672, 8: 201, 9: 15}, 19: {0: 35, 1: 1, 2: 166, 3: 415, 4: 56, 5: 12, 6: 3, 7: 43, 8: 714, 9: 401}}
09-28 22:06 DEBUG    **************************************************
09-28 22:06 DEBUG    Running experiments 

09-28 22:53 DEBUG    ****** PDM_KL matching ******** 
09-28 22:53 DEBUG    Best Sigma0: 10. Best sigma: 1 Best gamma: 50. Best Test accuracy: 0.2835. Train acc: 0.2858. 

09-28 22:53 DEBUG    PDM_KL log: {(10, 1, 50): {'shapes': [(3072, 1929), (1929,), (1929, 10), (10,)], 'train_accuracy': 0.2858, 'test_accuracy': 0.2835}} 
09-29 00:40 DEBUG    ****** PDM_KL matching ******** 
09-29 00:40 DEBUG    Best Sigma0: 10. Best sigma: 1 Best gamma: 50. Best Test accuracy: 0.2835. Train acc: 0.2858. 

09-29 00:40 DEBUG    PDM_KL log: {(10, 1, 50): {'shapes': [(3072, 1929), (1929,), (1929, 10), (10,)], 'train_accuracy': 0.2858, 'test_accuracy': 0.2835}} 
09-29 02:28 DEBUG    ****** PDM_KL matching ******** 
09-29 02:28 DEBUG    Best Sigma0: 10. Best sigma: 1 Best gamma: 50. Best Test accuracy: 0.2835. Train acc: 0.2858. 

09-29 02:28 DEBUG    PDM_KL log: {(10, 1, 50): {'shapes': [(3072, 1929), (1929,), (1929, 10), (10,)], 'train_accuracy': 0.2858, 'test_accuracy': 0.2835}} 
09-29 04:15 DEBUG    ****** PDM_KL matching ******** 
09-29 04:15 DEBUG    Best Sigma0: 10. Best sigma: 1 Best gamma: 50. Best Test accuracy: 0.2835. Train acc: 0.2858. 

09-29 04:15 DEBUG    PDM_KL log: {(10, 1, 50): {'shapes': [(3072, 1929), (1929,), (1929, 10), (10,)], 'train_accuracy': 0.2858, 'test_accuracy': 0.2835}} 
09-29 06:03 DEBUG    ****** PDM_KL matching ******** 
09-29 06:03 DEBUG    Best Sigma0: 10. Best sigma: 1 Best gamma: 50. Best Test accuracy: 0.2835. Train acc: 0.2858. 

09-29 06:03 DEBUG    PDM_KL log: {(10, 1, 50): {'shapes': [(3072, 1926), (1926,), (1926, 10), (10,)], 'train_accuracy': 0.2858, 'test_accuracy': 0.2835}} 
09-29 07:51 DEBUG    ****** PDM_KL matching ******** 
09-29 07:51 DEBUG    Best Sigma0: 10. Best sigma: 1 Best gamma: 50. Best Test accuracy: 0.2835. Train acc: 0.2858. 

09-29 07:51 DEBUG    PDM_KL log: {(10, 1, 50): {'shapes': [(3072, 1918), (1918,), (1918, 10), (10,)], 'train_accuracy': 0.2858, 'test_accuracy': 0.2835}} 
09-29 09:32 DEBUG    ****** PDM_KL matching ******** 
09-29 09:32 DEBUG    Best Sigma0: 10. Best sigma: 1 Best gamma: 50. Best Test accuracy: 0.283. Train acc: 0.28618. 

09-29 09:32 DEBUG    PDM_KL log: {(10, 1, 50): {'shapes': [(3072, 1873), (1873,), (1873, 10), (10,)], 'train_accuracy': 0.28618, 'test_accuracy': 0.283}} 
09-29 10:31 DEBUG    ****** PDM_KL matching ******** 
09-29 10:31 DEBUG    Best Sigma0: 10. Best sigma: 1 Best gamma: 50. Best Test accuracy: 0.2846. Train acc: 0.28802. 

09-29 10:31 DEBUG    PDM_KL log: {(10, 1, 50): {'shapes': [(3072, 1126), (1126,), (1126, 10), (10,)], 'train_accuracy': 0.28802, 'test_accuracy': 0.2846}} 
09-29 10:36 DEBUG    ****** PDM_KL matching ******** 
09-29 10:36 DEBUG    Best Sigma0: 10. Best sigma: 1 Best gamma: 50. Best Test accuracy: 0.1013. Train acc: 0.1016. 

09-29 10:36 DEBUG    PDM_KL log: {(10, 1, 50): {'shapes': [(3072, 119), (119,), (119, 10), (10,)], 'train_accuracy': 0.1016, 'test_accuracy': 0.1013}} 
09-29 10:41 DEBUG    ****** PDM_KL matching ******** 
09-29 10:41 DEBUG    Best Sigma0: 10. Best sigma: 1 Best gamma: 50. Best Test accuracy: 0.0999. Train acc: 0.1. 

09-29 10:41 DEBUG    PDM_KL log: {(10, 1, 50): {'shapes': [(3072, 115), (115,), (115, 10), (10,)], 'train_accuracy': 0.1, 'test_accuracy': 0.0999}} 
09-29 10:46 DEBUG    ****** PDM_KL matching ******** 
09-29 10:46 DEBUG    Best Sigma0: 10. Best sigma: 1 Best gamma: 50. Best Test accuracy: 0.1. Train acc: 0.1. 

09-29 10:46 DEBUG    PDM_KL log: {(10, 1, 50): {'shapes': [(3072, 109), (109,), (109, 10), (10,)], 'train_accuracy': 0.1, 'test_accuracy': 0.1}} 
09-29 10:46 DEBUG    Trial 0 completed
09-29 10:46 DEBUG    ####################################################################################################
09-29 10:46 DEBUG    ####################################################################################################
09-29 10:46 DEBUG    Executing Trial 1 with seed 1
09-29 10:46 DEBUG    Data statistics: {0: {0: 37, 1: 712, 3: 500, 4: 107, 5: 52, 6: 5, 7: 417, 8: 224, 9: 193}, 1: {0: 421, 1: 116, 2: 1887, 3: 1, 4: 185}, 2: {0: 56, 1: 1, 2: 6, 3: 520, 4: 457, 5: 1, 6: 254, 7: 1, 8: 640, 9: 81}, 3: {0: 669, 1: 51, 2: 356, 3: 71, 4: 320, 5: 4, 6: 132, 7: 1, 8: 791, 9: 634}, 4: {0: 6, 1: 83, 2: 105, 3: 196, 4: 2, 5: 13, 6: 137, 7: 78, 9: 191}, 5: {0: 1186, 1: 46, 3: 13, 4: 5, 5: 1197, 6: 445}, 6: {0: 7, 1: 785, 2: 3, 3: 13, 4: 693, 5: 1629}, 7: {0: 221, 1: 152, 2: 3, 3: 375, 4: 9, 5: 57, 6: 25, 7: 103, 8: 6, 9: 819}, 8: {0: 133, 1: 99, 2: 17, 3: 604, 4: 248, 5: 30, 6: 90, 7: 1084, 8: 129, 9: 1208}, 9: {0: 159, 1: 100, 2: 50, 3: 12, 4: 143, 5: 47, 6: 161, 7: 1141, 8: 19, 9: 12}, 10: {0: 33, 1: 151, 2: 177, 3: 254, 4: 105, 5: 647, 6: 132, 7: 59, 8: 786, 9: 195}, 11: {0: 159, 1: 81, 3: 2, 4: 922, 5: 34, 6: 251, 7: 14, 8: 3, 9: 212}, 12: {0: 126, 1: 5, 2: 7, 3: 107, 4: 401, 5: 320, 6: 737, 7: 2, 8: 481, 9: 229}, 13: {0: 1, 1: 288, 2: 542, 3: 309, 4: 49, 5: 95, 7: 1249}, 14: {0: 13, 1: 1296, 2: 543, 3: 555, 4: 118}, 15: {0: 119, 1: 560, 2: 344, 3: 212, 4: 420, 5: 295, 6: 52, 7: 331, 8: 1710}, 16: {0: 74, 1: 110, 2: 55, 3: 427, 4: 43, 5: 9, 6: 15, 7: 99, 9: 1226}, 17: {0: 434, 1: 214, 2: 262, 3: 9, 4: 184, 5: 16, 6: 2014}, 18: {0: 419, 1: 17, 2: 293, 3: 575, 4: 588, 5: 400, 6: 40, 7: 126, 8: 90}, 19: {0: 727, 1: 133, 2: 350, 3: 245, 4: 1, 5: 154, 6: 510, 7: 295, 8: 121}}
09-29 10:47 DEBUG    **************************************************
09-29 10:47 DEBUG    Running experiments 

09-29 11:35 DEBUG    ****** PDM_KL matching ******** 
09-29 11:35 DEBUG    Best Sigma0: 10. Best sigma: 1 Best gamma: 50. Best Test accuracy: 0.2632. Train acc: 0.26224. 

09-29 11:35 DEBUG    PDM_KL log: {(10, 1, 50): {'shapes': [(3072, 1941), (1941,), (1941, 10), (10,)], 'train_accuracy': 0.26224, 'test_accuracy': 0.2632}} 
09-29 13:25 DEBUG    ****** PDM_KL matching ******** 
09-29 13:25 DEBUG    Best Sigma0: 10. Best sigma: 1 Best gamma: 50. Best Test accuracy: 0.2632. Train acc: 0.26224. 

09-29 13:25 DEBUG    PDM_KL log: {(10, 1, 50): {'shapes': [(3072, 1942), (1942,), (1942, 10), (10,)], 'train_accuracy': 0.26224, 'test_accuracy': 0.2632}} 
09-29 16:34 DEBUG    ****** PDM_KL matching ******** 
09-29 16:34 DEBUG    Best Sigma0: 10. Best sigma: 1 Best gamma: 50. Best Test accuracy: 0.2632. Train acc: 0.26224. 

09-29 16:34 DEBUG    PDM_KL log: {(10, 1, 50): {'shapes': [(3072, 1942), (1942,), (1942, 10), (10,)], 'train_accuracy': 0.26224, 'test_accuracy': 0.2632}} 
09-29 20:16 DEBUG    ****** PDM_KL matching ******** 
09-29 20:16 DEBUG    Best Sigma0: 10. Best sigma: 1 Best gamma: 50. Best Test accuracy: 0.2632. Train acc: 0.26224. 

09-29 20:16 DEBUG    PDM_KL log: {(10, 1, 50): {'shapes': [(3072, 1940), (1940,), (1940, 10), (10,)], 'train_accuracy': 0.26224, 'test_accuracy': 0.2632}} 
09-29 23:58 DEBUG    ****** PDM_KL matching ******** 
09-29 23:58 DEBUG    Best Sigma0: 10. Best sigma: 1 Best gamma: 50. Best Test accuracy: 0.2632. Train acc: 0.26224. 

09-29 23:58 DEBUG    PDM_KL log: {(10, 1, 50): {'shapes': [(3072, 1939), (1939,), (1939, 10), (10,)], 'train_accuracy': 0.26224, 'test_accuracy': 0.2632}} 
09-30 03:41 DEBUG    ****** PDM_KL matching ******** 
09-30 03:41 DEBUG    Best Sigma0: 10. Best sigma: 1 Best gamma: 50. Best Test accuracy: 0.2632. Train acc: 0.26224. 

09-30 03:41 DEBUG    PDM_KL log: {(10, 1, 50): {'shapes': [(3072, 1937), (1937,), (1937, 10), (10,)], 'train_accuracy': 0.26224, 'test_accuracy': 0.2632}} 
09-30 07:16 DEBUG    ****** PDM_KL matching ******** 
09-30 07:16 DEBUG    Best Sigma0: 10. Best sigma: 1 Best gamma: 50. Best Test accuracy: 0.2627. Train acc: 0.26206. 

09-30 07:16 DEBUG    PDM_KL log: {(10, 1, 50): {'shapes': [(3072, 1887), (1887,), (1887, 10), (10,)], 'train_accuracy': 0.26206, 'test_accuracy': 0.2627}} 
09-30 09:24 DEBUG    ****** PDM_KL matching ******** 
09-30 09:24 DEBUG    Best Sigma0: 10. Best sigma: 1 Best gamma: 50. Best Test accuracy: 0.2607. Train acc: 0.26154. 

09-30 09:24 DEBUG    PDM_KL log: {(10, 1, 50): {'shapes': [(3072, 1145), (1145,), (1145, 10), (10,)], 'train_accuracy': 0.26154, 'test_accuracy': 0.2607}} 
09-30 09:34 DEBUG    ****** PDM_KL matching ******** 
09-30 09:34 DEBUG    Best Sigma0: 10. Best sigma: 1 Best gamma: 50. Best Test accuracy: 0.0997. Train acc: 0.10006. 

09-30 09:34 DEBUG    PDM_KL log: {(10, 1, 50): {'shapes': [(3072, 115), (115,), (115, 10), (10,)], 'train_accuracy': 0.10006, 'test_accuracy': 0.0997}} 
09-30 09:43 DEBUG    ****** PDM_KL matching ******** 
09-30 09:43 DEBUG    Best Sigma0: 10. Best sigma: 1 Best gamma: 50. Best Test accuracy: 0.1. Train acc: 0.1. 

09-30 09:43 DEBUG    PDM_KL log: {(10, 1, 50): {'shapes': [(3072, 100), (100,), (100, 10), (10,)], 'train_accuracy': 0.1, 'test_accuracy': 0.1}} 
09-30 09:52 DEBUG    ****** PDM_KL matching ******** 
09-30 09:52 DEBUG    Best Sigma0: 10. Best sigma: 1 Best gamma: 50. Best Test accuracy: 0.1. Train acc: 0.1. 

09-30 09:52 DEBUG    PDM_KL log: {(10, 1, 50): {'shapes': [(3072, 100), (100,), (100, 10), (10,)], 'train_accuracy': 0.1, 'test_accuracy': 0.1}} 
09-30 09:52 DEBUG    Trial 1 completed
09-30 09:52 DEBUG    ####################################################################################################
09-30 09:52 DEBUG    ####################################################################################################
09-30 09:52 DEBUG    Executing Trial 2 with seed 2
09-30 09:52 DEBUG    Data statistics: {0: {0: 8, 1: 275, 2: 672, 3: 45, 4: 222, 5: 296, 6: 23, 7: 51, 8: 1181}, 1: {0: 128, 1: 78, 2: 93, 3: 23, 4: 437, 5: 185, 6: 39, 7: 495, 8: 4, 9: 284}, 2: {0: 211, 1: 118, 2: 24, 3: 87, 4: 125, 5: 722, 6: 542, 7: 16, 8: 546}, 3: {0: 109, 1: 1331, 2: 25, 3: 234, 4: 153, 5: 199, 6: 5, 7: 13, 8: 429, 9: 319}, 4: {0: 374, 1: 442, 2: 31, 3: 403, 4: 7, 5: 133, 6: 314, 7: 1428}, 5: {0: 91, 1: 452, 2: 184, 3: 20, 4: 16, 5: 1339, 6: 318, 7: 376}, 6: {0: 16, 1: 271, 2: 2, 3: 6, 4: 672, 5: 30, 6: 437, 8: 15, 9: 16}, 7: {0: 622, 1: 8, 2: 85, 3: 1386, 4: 222, 6: 5, 7: 215}, 8: {0: 445, 1: 282, 2: 9, 3: 18, 4: 133, 5: 478, 6: 626, 7: 131, 9: 183}, 9: {0: 5, 1: 72, 2: 2074, 3: 129, 4: 272}, 10: {0: 320, 1: 493, 2: 80, 3: 616, 4: 740, 5: 85, 6: 423}, 11: {0: 1154, 1: 288, 2: 5, 3: 109, 4: 316, 5: 77, 6: 78, 7: 33, 8: 2, 9: 12}, 12: {0: 1, 1: 6, 2: 469, 3: 48, 4: 27, 5: 30, 6: 908, 7: 20, 8: 144}, 13: {1: 63, 2: 98, 3: 82, 4: 198, 5: 348, 6: 59, 7: 356, 8: 346, 9: 2621}, 14: {0: 692, 1: 11, 2: 119, 3: 7, 4: 235, 5: 262, 6: 304, 7: 858, 8: 464}, 15: {0: 342, 1: 283, 2: 50, 3: 12, 4: 25, 5: 291, 6: 858, 7: 17, 8: 573, 9: 35}, 16: {0: 88, 1: 38, 2: 71, 3: 388, 5: 235, 6: 2, 7: 967, 8: 602, 9: 823}, 17: {0: 174, 1: 439, 3: 561, 4: 201, 5: 260, 6: 5, 7: 11, 8: 312, 9: 1}, 18: {0: 20, 1: 7, 2: 393, 3: 28, 4: 2, 5: 29, 6: 53, 7: 12, 8: 382, 9: 706}, 19: {0: 200, 1: 43, 2: 516, 3: 798, 4: 997, 5: 1, 6: 1, 7: 1}}
09-30 09:53 DEBUG    **************************************************
09-30 09:53 DEBUG    Running experiments 

09-30 11:32 DEBUG    ****** PDM_KL matching ******** 
09-30 11:32 DEBUG    Best Sigma0: 10. Best sigma: 1 Best gamma: 50. Best Test accuracy: 0.2802. Train acc: 0.27816. 

09-30 11:32 DEBUG    PDM_KL log: {(10, 1, 50): {'shapes': [(3072, 1927), (1927,), (1927, 10), (10,)], 'train_accuracy': 0.27816, 'test_accuracy': 0.2802}} 
09-30 15:14 DEBUG    ****** PDM_KL matching ******** 
09-30 15:14 DEBUG    Best Sigma0: 10. Best sigma: 1 Best gamma: 50. Best Test accuracy: 0.2804. Train acc: 0.27768. 

09-30 15:14 DEBUG    PDM_KL log: {(10, 1, 50): {'shapes': [(3072, 1926), (1926,), (1926, 10), (10,)], 'train_accuracy': 0.27768, 'test_accuracy': 0.2804}} 
09-30 18:54 DEBUG    ****** PDM_KL matching ******** 
09-30 18:54 DEBUG    Best Sigma0: 10. Best sigma: 1 Best gamma: 50. Best Test accuracy: 0.2804. Train acc: 0.27768. 

09-30 18:54 DEBUG    PDM_KL log: {(10, 1, 50): {'shapes': [(3072, 1926), (1926,), (1926, 10), (10,)], 'train_accuracy': 0.27768, 'test_accuracy': 0.2804}} 
09-30 22:26 DEBUG    ****** PDM_KL matching ******** 
09-30 22:26 DEBUG    Best Sigma0: 10. Best sigma: 1 Best gamma: 50. Best Test accuracy: 0.2804. Train acc: 0.27768. 

09-30 22:26 DEBUG    PDM_KL log: {(10, 1, 50): {'shapes': [(3072, 1926), (1926,), (1926, 10), (10,)], 'train_accuracy': 0.27768, 'test_accuracy': 0.2804}} 
10-01 01:49 DEBUG    ****** PDM_KL matching ******** 
10-01 01:49 DEBUG    Best Sigma0: 10. Best sigma: 1 Best gamma: 50. Best Test accuracy: 0.2804. Train acc: 0.27768. 

10-01 01:49 DEBUG    PDM_KL log: {(10, 1, 50): {'shapes': [(3072, 1925), (1925,), (1925, 10), (10,)], 'train_accuracy': 0.27768, 'test_accuracy': 0.2804}} 
10-01 04:36 DEBUG    ****** PDM_KL matching ******** 
10-01 04:36 DEBUG    Best Sigma0: 10. Best sigma: 1 Best gamma: 50. Best Test accuracy: 0.2804. Train acc: 0.27768. 

10-01 04:36 DEBUG    PDM_KL log: {(10, 1, 50): {'shapes': [(3072, 1924), (1924,), (1924, 10), (10,)], 'train_accuracy': 0.27768, 'test_accuracy': 0.2804}} 
10-01 07:09 DEBUG    ****** PDM_KL matching ******** 
10-01 07:09 DEBUG    Best Sigma0: 10. Best sigma: 1 Best gamma: 50. Best Test accuracy: 0.2804. Train acc: 0.27766. 

10-01 07:09 DEBUG    PDM_KL log: {(10, 1, 50): {'shapes': [(3072, 1880), (1880,), (1880, 10), (10,)], 'train_accuracy': 0.27766, 'test_accuracy': 0.2804}} 
10-01 08:38 DEBUG    ****** PDM_KL matching ******** 
10-01 08:38 DEBUG    Best Sigma0: 10. Best sigma: 1 Best gamma: 50. Best Test accuracy: 0.2783. Train acc: 0.2775. 

10-01 08:38 DEBUG    PDM_KL log: {(10, 1, 50): {'shapes': [(3072, 1145), (1145,), (1145, 10), (10,)], 'train_accuracy': 0.2775, 'test_accuracy': 0.2783}} 
10-01 08:46 DEBUG    ****** PDM_KL matching ******** 
10-01 08:46 DEBUG    Best Sigma0: 10. Best sigma: 1 Best gamma: 50. Best Test accuracy: 0.1. Train acc: 0.1. 

10-01 08:46 DEBUG    PDM_KL log: {(10, 1, 50): {'shapes': [(3072, 119), (119,), (119, 10), (10,)], 'train_accuracy': 0.1, 'test_accuracy': 0.1}} 
10-01 08:53 DEBUG    ****** PDM_KL matching ******** 
10-01 08:53 DEBUG    Best Sigma0: 10. Best sigma: 1 Best gamma: 50. Best Test accuracy: 0.1. Train acc: 0.1. 

10-01 08:53 DEBUG    PDM_KL log: {(10, 1, 50): {'shapes': [(3072, 109), (109,), (109, 10), (10,)], 'train_accuracy': 0.1, 'test_accuracy': 0.1}} 
10-01 08:59 DEBUG    ****** PDM_KL matching ******** 
10-01 08:59 DEBUG    Best Sigma0: 10. Best sigma: 1 Best gamma: 50. Best Test accuracy: 0.1. Train acc: 0.1. 

10-01 08:59 DEBUG    PDM_KL log: {(10, 1, 50): {'shapes': [(3072, 107), (107,), (107, 10), (10,)], 'train_accuracy': 0.1, 'test_accuracy': 0.1}} 
10-01 08:59 DEBUG    Trial 2 completed
10-01 08:59 DEBUG    ####################################################################################################
10-01 08:59 DEBUG    ####################################################################################################
10-01 08:59 DEBUG    Executing Trial 3 with seed 3
10-01 08:59 DEBUG    Data statistics: {0: {0: 241, 1: 31, 4: 174, 5: 217, 6: 400, 7: 47, 8: 93, 9: 496}, 1: {0: 673, 1: 365, 2: 675, 3: 503, 4: 353}, 2: {0: 283, 1: 31, 2: 20, 3: 1152, 4: 16, 5: 7, 6: 25, 7: 354, 8: 341, 9: 1047}, 3: {0: 5, 1: 65, 2: 285, 3: 21, 4: 126, 5: 177, 6: 24, 7: 283, 8: 547, 9: 17}, 4: {0: 1043, 2: 260, 3: 469, 4: 75, 5: 1772}, 5: {0: 472, 1: 51, 2: 229, 3: 221, 4: 27, 5: 267, 6: 676, 8: 817}, 6: {0: 18, 1: 148, 2: 53, 3: 299, 4: 1, 5: 180, 6: 261, 7: 2, 8: 175, 9: 148}, 7: {0: 911, 1: 73, 2: 331, 3: 349, 4: 25, 5: 630, 6: 168, 7: 884}, 8: {0: 66, 1: 329, 2: 83, 3: 74, 4: 3, 5: 130, 6: 82, 7: 248, 8: 1445, 9: 276}, 9: {0: 4, 1: 77, 2: 55, 3: 112, 4: 81, 5: 47, 6: 768, 7: 200, 8: 408, 9: 35}, 10: {0: 313, 1: 64, 2: 306, 3: 288, 4: 727, 5: 141, 6: 735}, 11: {0: 108, 1: 86, 2: 87, 3: 24, 4: 618, 5: 31, 6: 1039, 7: 185, 8: 221, 9: 67}, 12: {0: 239, 1: 28, 2: 216, 3: 225, 4: 950, 5: 1076}, 13: {0: 16, 1: 928, 2: 416, 3: 476, 4: 24, 5: 148, 6: 488, 7: 195}, 14: {0: 19, 2: 249, 3: 38, 4: 7, 6: 89, 7: 861, 8: 610, 9: 538}, 15: {0: 41, 1: 100, 2: 365, 4: 294, 5: 29, 6: 89, 7: 1070, 9: 907}, 16: {0: 181, 1: 171, 2: 165, 3: 280, 4: 123, 5: 25, 7: 38, 8: 163, 9: 1292}, 17: {0: 92, 1: 2110, 2: 590}, 18: {0: 70, 1: 324, 2: 322, 3: 401, 4: 80, 5: 8, 6: 150, 7: 195, 8: 179, 9: 32}, 19: {0: 205, 1: 19, 2: 293, 3: 68, 4: 1296, 5: 115, 6: 6, 7: 438, 8: 1, 9: 145}}
10-01 09:00 DEBUG    **************************************************
10-01 09:00 DEBUG    Running experiments 

10-01 10:11 DEBUG    ****** PDM_KL matching ******** 
10-01 10:11 DEBUG    Best Sigma0: 10. Best sigma: 1 Best gamma: 50. Best Test accuracy: 0.226. Train acc: 0.22814. 

10-01 10:11 DEBUG    PDM_KL log: {(10, 1, 50): {'shapes': [(3072, 1923), (1923,), (1923, 10), (10,)], 'train_accuracy': 0.22814, 'test_accuracy': 0.226}} 
10-01 12:50 DEBUG    ****** PDM_KL matching ******** 
10-01 12:50 DEBUG    Best Sigma0: 10. Best sigma: 1 Best gamma: 50. Best Test accuracy: 0.226. Train acc: 0.22814. 

10-01 12:50 DEBUG    PDM_KL log: {(10, 1, 50): {'shapes': [(3072, 1922), (1922,), (1922, 10), (10,)], 'train_accuracy': 0.22814, 'test_accuracy': 0.226}} 
10-01 15:27 DEBUG    ****** PDM_KL matching ******** 
10-01 15:27 DEBUG    Best Sigma0: 10. Best sigma: 1 Best gamma: 50. Best Test accuracy: 0.226. Train acc: 0.22814. 

10-01 15:27 DEBUG    PDM_KL log: {(10, 1, 50): {'shapes': [(3072, 1922), (1922,), (1922, 10), (10,)], 'train_accuracy': 0.22814, 'test_accuracy': 0.226}} 
10-01 18:07 DEBUG    ****** PDM_KL matching ******** 
10-01 18:07 DEBUG    Best Sigma0: 10. Best sigma: 1 Best gamma: 50. Best Test accuracy: 0.226. Train acc: 0.22814. 

10-01 18:07 DEBUG    PDM_KL log: {(10, 1, 50): {'shapes': [(3072, 1922), (1922,), (1922, 10), (10,)], 'train_accuracy': 0.22814, 'test_accuracy': 0.226}} 
10-01 20:46 DEBUG    ****** PDM_KL matching ******** 
10-01 20:46 DEBUG    Best Sigma0: 10. Best sigma: 1 Best gamma: 50. Best Test accuracy: 0.226. Train acc: 0.22814. 

10-01 20:46 DEBUG    PDM_KL log: {(10, 1, 50): {'shapes': [(3072, 1922), (1922,), (1922, 10), (10,)], 'train_accuracy': 0.22814, 'test_accuracy': 0.226}} 
10-01 23:23 DEBUG    ****** PDM_KL matching ******** 
10-01 23:23 DEBUG    Best Sigma0: 10. Best sigma: 1 Best gamma: 50. Best Test accuracy: 0.226. Train acc: 0.22814. 

10-01 23:23 DEBUG    PDM_KL log: {(10, 1, 50): {'shapes': [(3072, 1919), (1919,), (1919, 10), (10,)], 'train_accuracy': 0.22814, 'test_accuracy': 0.226}} 
10-02 01:45 DEBUG    ****** PDM_KL matching ******** 
10-02 01:45 DEBUG    Best Sigma0: 10. Best sigma: 1 Best gamma: 50. Best Test accuracy: 0.2261. Train acc: 0.22792. 

10-02 01:45 DEBUG    PDM_KL log: {(10, 1, 50): {'shapes': [(3072, 1873), (1873,), (1873, 10), (10,)], 'train_accuracy': 0.22792, 'test_accuracy': 0.2261}} 
10-02 03:06 DEBUG    ****** PDM_KL matching ******** 
10-02 03:06 DEBUG    Best Sigma0: 10. Best sigma: 1 Best gamma: 50. Best Test accuracy: 0.2234. Train acc: 0.22642. 

10-02 03:06 DEBUG    PDM_KL log: {(10, 1, 50): {'shapes': [(3072, 1158), (1158,), (1158, 10), (10,)], 'train_accuracy': 0.22642, 'test_accuracy': 0.2234}} 
10-02 03:14 DEBUG    ****** PDM_KL matching ******** 
10-02 03:14 DEBUG    Best Sigma0: 10. Best sigma: 1 Best gamma: 50. Best Test accuracy: 0.1. Train acc: 0.1. 

10-02 03:14 DEBUG    PDM_KL log: {(10, 1, 50): {'shapes': [(3072, 119), (119,), (119, 10), (10,)], 'train_accuracy': 0.1, 'test_accuracy': 0.1}} 
10-02 03:20 DEBUG    ****** PDM_KL matching ******** 
10-02 03:20 DEBUG    Best Sigma0: 10. Best sigma: 1 Best gamma: 50. Best Test accuracy: 0.1. Train acc: 0.1. 

10-02 03:20 DEBUG    PDM_KL log: {(10, 1, 50): {'shapes': [(3072, 109), (109,), (109, 10), (10,)], 'train_accuracy': 0.1, 'test_accuracy': 0.1}} 
10-02 03:26 DEBUG    ****** PDM_KL matching ******** 
10-02 03:26 DEBUG    Best Sigma0: 10. Best sigma: 1 Best gamma: 50. Best Test accuracy: 0.1. Train acc: 0.1. 

10-02 03:26 DEBUG    PDM_KL log: {(10, 1, 50): {'shapes': [(3072, 107), (107,), (107, 10), (10,)], 'train_accuracy': 0.1, 'test_accuracy': 0.1}} 
10-02 03:26 DEBUG    Trial 3 completed
10-02 03:26 DEBUG    ####################################################################################################
10-02 03:26 DEBUG    ####################################################################################################
10-02 03:26 DEBUG    Executing Trial 4 with seed 4
10-02 03:26 DEBUG    Data statistics: {0: {0: 51, 1: 114, 2: 45, 3: 332, 4: 35, 5: 21, 6: 519, 7: 841, 8: 72, 9: 272}, 1: {0: 589, 1: 65, 2: 99, 3: 150, 4: 273, 5: 268, 6: 226, 7: 191, 8: 560, 9: 312}, 2: {0: 384, 1: 14, 2: 128, 3: 797, 4: 1126, 5: 36, 6: 28}, 3: {0: 459, 1: 53, 2: 11, 3: 16, 4: 380, 5: 237, 6: 99, 8: 134, 9: 46}, 4: {0: 79, 1: 218, 2: 60, 3: 576, 4: 1, 5: 12, 7: 65, 8: 203, 9: 454}, 5: {0: 96, 1: 1, 2: 112, 3: 5, 4: 59, 5: 163, 7: 354, 8: 1192, 9: 600}, 6: {0: 72, 1: 13, 2: 58, 3: 1, 4: 1002, 5: 287, 6: 772, 7: 747}, 7: {0: 1, 1: 29, 2: 9, 3: 62, 4: 9, 5: 249, 6: 39, 7: 2052, 8: 241}, 8: {0: 67, 1: 40, 2: 133, 3: 149, 4: 107, 5: 525, 6: 6, 7: 18, 8: 39}, 9: {0: 419, 1: 1114, 2: 1875}, 10: {0: 804, 1: 627, 2: 363, 3: 234, 4: 47, 5: 833}, 11: {0: 86, 1: 1, 2: 247, 3: 158, 4: 127, 5: 10, 6: 885, 7: 26, 8: 920, 9: 233}, 12: {0: 8, 1: 9, 2: 217, 3: 1436, 4: 277, 5: 102, 6: 452}, 13: {0: 614, 1: 282, 2: 504, 3: 28, 4: 1, 5: 514, 6: 24, 7: 305, 8: 514}, 14: {0: 317, 1: 459, 2: 246, 3: 175, 4: 494, 5: 85, 6: 208, 7: 6, 8: 29}, 15: {0: 22, 1: 465, 2: 78, 3: 323, 4: 332, 5: 1, 6: 8, 7: 32, 8: 835, 9: 2759}, 16: {0: 151, 1: 336, 2: 25, 3: 89, 4: 139, 5: 658, 6: 20, 7: 310, 8: 94, 9: 3}, 17: {0: 353, 1: 475, 2: 157, 4: 48, 5: 736, 6: 4, 8: 49, 9: 1}, 18: {0: 211, 1: 682, 2: 65, 3: 376, 4: 503, 5: 85, 6: 279, 7: 53, 8: 118, 9: 320}, 19: {0: 217, 1: 3, 2: 568, 3: 93, 4: 40, 5: 178, 6: 1431}}
10-02 03:27 DEBUG    **************************************************
10-02 03:27 DEBUG    Running experiments 

10-02 04:34 DEBUG    ****** PDM_KL matching ******** 
10-02 04:34 DEBUG    Best Sigma0: 10. Best sigma: 1 Best gamma: 50. Best Test accuracy: 0.2467. Train acc: 0.25088. 

10-02 04:34 DEBUG    PDM_KL log: {(10, 1, 50): {'shapes': [(3072, 1934), (1934,), (1934, 10), (10,)], 'train_accuracy': 0.25088, 'test_accuracy': 0.2467}} 
10-02 07:04 DEBUG    ****** PDM_KL matching ******** 
10-02 07:04 DEBUG    Best Sigma0: 10. Best sigma: 1 Best gamma: 50. Best Test accuracy: 0.2467. Train acc: 0.25088. 

10-02 07:04 DEBUG    PDM_KL log: {(10, 1, 50): {'shapes': [(3072, 1933), (1933,), (1933, 10), (10,)], 'train_accuracy': 0.25088, 'test_accuracy': 0.2467}} 
10-02 09:36 DEBUG    ****** PDM_KL matching ******** 
10-02 09:36 DEBUG    Best Sigma0: 10. Best sigma: 1 Best gamma: 50. Best Test accuracy: 0.2467. Train acc: 0.25088. 

10-02 09:36 DEBUG    PDM_KL log: {(10, 1, 50): {'shapes': [(3072, 1933), (1933,), (1933, 10), (10,)], 'train_accuracy': 0.25088, 'test_accuracy': 0.2467}} 
10-02 12:08 DEBUG    ****** PDM_KL matching ******** 
10-02 12:08 DEBUG    Best Sigma0: 10. Best sigma: 1 Best gamma: 50. Best Test accuracy: 0.2467. Train acc: 0.25088. 

10-02 12:08 DEBUG    PDM_KL log: {(10, 1, 50): {'shapes': [(3072, 1933), (1933,), (1933, 10), (10,)], 'train_accuracy': 0.25088, 'test_accuracy': 0.2467}} 
10-02 14:40 DEBUG    ****** PDM_KL matching ******** 
10-02 14:40 DEBUG    Best Sigma0: 10. Best sigma: 1 Best gamma: 50. Best Test accuracy: 0.2467. Train acc: 0.25088. 

10-02 14:40 DEBUG    PDM_KL log: {(10, 1, 50): {'shapes': [(3072, 1928), (1928,), (1928, 10), (10,)], 'train_accuracy': 0.25088, 'test_accuracy': 0.2467}} 
10-02 17:09 DEBUG    ****** PDM_KL matching ******** 
10-02 17:09 DEBUG    Best Sigma0: 10. Best sigma: 1 Best gamma: 50. Best Test accuracy: 0.2467. Train acc: 0.25088. 

10-02 17:09 DEBUG    PDM_KL log: {(10, 1, 50): {'shapes': [(3072, 1928), (1928,), (1928, 10), (10,)], 'train_accuracy': 0.25088, 'test_accuracy': 0.2467}} 
10-02 19:30 DEBUG    ****** PDM_KL matching ******** 
10-02 19:30 DEBUG    Best Sigma0: 10. Best sigma: 1 Best gamma: 50. Best Test accuracy: 0.246. Train acc: 0.25066. 

10-02 19:30 DEBUG    PDM_KL log: {(10, 1, 50): {'shapes': [(3072, 1887), (1887,), (1887, 10), (10,)], 'train_accuracy': 0.25066, 'test_accuracy': 0.246}} 
10-02 20:49 DEBUG    ****** PDM_KL matching ******** 
10-02 20:49 DEBUG    Best Sigma0: 10. Best sigma: 1 Best gamma: 50. Best Test accuracy: 0.2474. Train acc: 0.2497. 

10-02 20:49 DEBUG    PDM_KL log: {(10, 1, 50): {'shapes': [(3072, 1126), (1126,), (1126, 10), (10,)], 'train_accuracy': 0.2497, 'test_accuracy': 0.2474}} 
10-02 20:56 DEBUG    ****** PDM_KL matching ******** 
10-02 20:56 DEBUG    Best Sigma0: 10. Best sigma: 1 Best gamma: 50. Best Test accuracy: 0.1. Train acc: 0.10002. 

10-02 20:56 DEBUG    PDM_KL log: {(10, 1, 50): {'shapes': [(3072, 117), (117,), (117, 10), (10,)], 'train_accuracy': 0.10002, 'test_accuracy': 0.1}} 
10-02 21:02 DEBUG    ****** PDM_KL matching ******** 
10-02 21:02 DEBUG    Best Sigma0: 10. Best sigma: 1 Best gamma: 50. Best Test accuracy: 0.1. Train acc: 0.10002. 

10-02 21:02 DEBUG    PDM_KL log: {(10, 1, 50): {'shapes': [(3072, 109), (109,), (109, 10), (10,)], 'train_accuracy': 0.10002, 'test_accuracy': 0.1}} 
10-02 21:08 DEBUG    ****** PDM_KL matching ******** 
10-02 21:08 DEBUG    Best Sigma0: 10. Best sigma: 1 Best gamma: 50. Best Test accuracy: 0.1. Train acc: 0.1. 

10-02 21:08 DEBUG    PDM_KL log: {(10, 1, 50): {'shapes': [(3072, 106), (106,), (106, 10), (10,)], 'train_accuracy': 0.1, 'test_accuracy': 0.1}} 
10-02 21:08 DEBUG    Trial 4 completed
10-02 21:08 DEBUG    ####################################################################################################
10-02 21:08 DEBUG    ####################################################################################################
10-02 21:08 DEBUG    Executing Trial 5 with seed 5
10-02 21:08 DEBUG    Data statistics: {0: {0: 16, 1: 3, 2: 494, 3: 1193, 4: 45, 5: 149, 6: 656}, 1: {0: 3, 1: 183, 2: 359, 3: 1, 4: 55, 5: 36, 6: 9, 7: 84, 8: 187, 9: 154}, 2: {0: 34, 1: 1380, 2: 339, 3: 7, 4: 719, 5: 7, 7: 265}, 3: {0: 192, 1: 9, 2: 1149, 3: 13, 4: 593, 5: 66, 6: 334, 7: 113, 8: 430}, 4: {0: 3, 1: 673, 2: 2, 3: 29, 4: 331, 5: 13, 6: 392, 7: 1528}, 5: {0: 4, 1: 172, 2: 13, 3: 98, 4: 265, 5: 334, 6: 10, 7: 587, 8: 171, 9: 1918}, 6: {0: 162, 1: 5, 2: 1, 4: 139, 5: 15, 6: 3, 7: 16, 8: 33, 9: 12}, 7: {0: 83, 1: 1, 2: 170, 3: 907, 4: 5, 5: 25, 6: 598, 7: 4, 8: 415}, 8: {0: 5, 1: 358, 2: 52, 3: 1088, 5: 33, 6: 228, 7: 229, 8: 22, 9: 4}, 9: {0: 20, 1: 39, 2: 2, 3: 426, 4: 32, 5: 2138}, 10: {0: 2, 1: 54, 2: 188, 3: 184, 5: 86, 6: 15, 7: 255, 8: 118, 9: 64}, 11: {0: 2061, 1: 368, 2: 844}, 12: {0: 288, 1: 406, 2: 225, 3: 8, 4: 571, 5: 41, 6: 11, 7: 25, 8: 538, 9: 53}, 13: {0: 849, 1: 43, 3: 62, 4: 486, 5: 665, 6: 276, 7: 350}, 14: {0: 456, 1: 377, 2: 42, 3: 188, 4: 964, 5: 22, 6: 280, 7: 1, 8: 746}, 15: {0: 231, 1: 89, 2: 166, 4: 180, 5: 18, 6: 26, 7: 849, 8: 2203}, 16: {0: 382, 1: 224, 2: 101, 3: 34, 4: 204, 5: 26, 6: 165, 7: 516, 8: 93, 9: 2220}, 17: {0: 171, 1: 260, 2: 20, 3: 287, 4: 206, 5: 69, 6: 551, 7: 12, 8: 25, 9: 567}, 18: {0: 37, 1: 353, 2: 446, 3: 34, 4: 8, 5: 24, 6: 1307, 7: 20, 8: 19, 9: 7}, 19: {0: 1, 1: 3, 2: 387, 3: 441, 4: 197, 5: 1233, 6: 139, 7: 146, 9: 1}}
10-02 21:09 DEBUG    **************************************************
10-02 21:09 DEBUG    Running experiments 

10-02 22:15 DEBUG    ****** PDM_KL matching ******** 
10-02 22:15 DEBUG    Best Sigma0: 10. Best sigma: 1 Best gamma: 50. Best Test accuracy: 0.2852. Train acc: 0.28696. 

10-02 22:15 DEBUG    PDM_KL log: {(10, 1, 50): {'shapes': [(3072, 1925), (1925,), (1925, 10), (10,)], 'train_accuracy': 0.28696, 'test_accuracy': 0.2852}} 
10-03 00:31 DEBUG    ****** PDM_KL matching ******** 
10-03 00:31 DEBUG    Best Sigma0: 10. Best sigma: 1 Best gamma: 50. Best Test accuracy: 0.2852. Train acc: 0.28696. 

10-03 00:31 DEBUG    PDM_KL log: {(10, 1, 50): {'shapes': [(3072, 1925), (1925,), (1925, 10), (10,)], 'train_accuracy': 0.28696, 'test_accuracy': 0.2852}} 
10-03 02:00 DEBUG    ****** PDM_KL matching ******** 
10-03 02:00 DEBUG    Best Sigma0: 10. Best sigma: 1 Best gamma: 50. Best Test accuracy: 0.2852. Train acc: 0.28696. 

10-03 02:00 DEBUG    PDM_KL log: {(10, 1, 50): {'shapes': [(3072, 1925), (1925,), (1925, 10), (10,)], 'train_accuracy': 0.28696, 'test_accuracy': 0.2852}} 
10-03 03:19 DEBUG    ****** PDM_KL matching ******** 
10-03 03:19 DEBUG    Best Sigma0: 10. Best sigma: 1 Best gamma: 50. Best Test accuracy: 0.2852. Train acc: 0.28696. 

10-03 03:19 DEBUG    PDM_KL log: {(10, 1, 50): {'shapes': [(3072, 1925), (1925,), (1925, 10), (10,)], 'train_accuracy': 0.28696, 'test_accuracy': 0.2852}} 
10-03 04:36 DEBUG    ****** PDM_KL matching ******** 
10-03 04:36 DEBUG    Best Sigma0: 10. Best sigma: 1 Best gamma: 50. Best Test accuracy: 0.2852. Train acc: 0.28696. 

10-03 04:36 DEBUG    PDM_KL log: {(10, 1, 50): {'shapes': [(3072, 1922), (1922,), (1922, 10), (10,)], 'train_accuracy': 0.28696, 'test_accuracy': 0.2852}} 
10-03 05:54 DEBUG    ****** PDM_KL matching ******** 
10-03 05:54 DEBUG    Best Sigma0: 10. Best sigma: 1 Best gamma: 50. Best Test accuracy: 0.2852. Train acc: 0.28696. 

10-03 05:54 DEBUG    PDM_KL log: {(10, 1, 50): {'shapes': [(3072, 1919), (1919,), (1919, 10), (10,)], 'train_accuracy': 0.28696, 'test_accuracy': 0.2852}} 
10-03 07:07 DEBUG    ****** PDM_KL matching ******** 
10-03 07:07 DEBUG    Best Sigma0: 10. Best sigma: 1 Best gamma: 50. Best Test accuracy: 0.2852. Train acc: 0.28696. 

10-03 07:07 DEBUG    PDM_KL log: {(10, 1, 50): {'shapes': [(3072, 1878), (1878,), (1878, 10), (10,)], 'train_accuracy': 0.28696, 'test_accuracy': 0.2852}} 
10-03 07:49 DEBUG    ****** PDM_KL matching ******** 
10-03 07:49 DEBUG    Best Sigma0: 10. Best sigma: 1 Best gamma: 50. Best Test accuracy: 0.2862. Train acc: 0.28722. 

10-03 07:49 DEBUG    PDM_KL log: {(10, 1, 50): {'shapes': [(3072, 1107), (1107,), (1107, 10), (10,)], 'train_accuracy': 0.28722, 'test_accuracy': 0.2862}} 
10-03 07:53 DEBUG    ****** PDM_KL matching ******** 
10-03 07:53 DEBUG    Best Sigma0: 10. Best sigma: 1 Best gamma: 50. Best Test accuracy: 0.1. Train acc: 0.1. 

10-03 07:53 DEBUG    PDM_KL log: {(10, 1, 50): {'shapes': [(3072, 119), (119,), (119, 10), (10,)], 'train_accuracy': 0.1, 'test_accuracy': 0.1}} 
10-03 07:56 DEBUG    ****** PDM_KL matching ******** 
10-03 07:56 DEBUG    Best Sigma0: 10. Best sigma: 1 Best gamma: 50. Best Test accuracy: 0.1. Train acc: 0.1. 

10-03 07:56 DEBUG    PDM_KL log: {(10, 1, 50): {'shapes': [(3072, 113), (113,), (113, 10), (10,)], 'train_accuracy': 0.1, 'test_accuracy': 0.1}} 
10-03 07:59 DEBUG    ****** PDM_KL matching ******** 
10-03 07:59 DEBUG    Best Sigma0: 10. Best sigma: 1 Best gamma: 50. Best Test accuracy: 0.1. Train acc: 0.1. 

10-03 07:59 DEBUG    PDM_KL log: {(10, 1, 50): {'shapes': [(3072, 109), (109,), (109, 10), (10,)], 'train_accuracy': 0.1, 'test_accuracy': 0.1}} 
10-03 07:59 DEBUG    Trial 5 completed
10-03 07:59 DEBUG    ####################################################################################################
10-03 07:59 DEBUG    ####################################################################################################
10-03 07:59 DEBUG    Executing Trial 6 with seed 6
10-03 07:59 DEBUG    Data statistics: {0: {0: 110, 1: 138, 2: 442, 3: 70, 4: 347, 5: 21, 6: 1212, 7: 256}, 1: {0: 1009, 1: 16, 2: 688, 3: 288, 4: 181, 5: 395}, 2: {0: 197, 1: 1047, 2: 312, 3: 48, 4: 454, 5: 9, 6: 345, 7: 14, 8: 67, 9: 340}, 3: {0: 72, 1: 91, 2: 145, 3: 1123, 4: 260, 5: 1268}, 4: {1: 343, 2: 654, 4: 5, 5: 1, 6: 2, 7: 20, 8: 44, 9: 49}, 5: {1: 445, 2: 16, 3: 226, 4: 178, 5: 407, 6: 74, 7: 434, 8: 501, 9: 1129}, 6: {0: 1117, 1: 29, 2: 199, 3: 8, 4: 323, 5: 97, 6: 16, 7: 3, 8: 1030}, 7: {0: 84, 1: 344, 2: 943, 3: 51, 4: 285, 5: 43, 6: 624, 7: 430}, 8: {0: 258, 1: 1, 2: 30, 3: 387, 4: 37, 5: 590, 6: 1, 7: 86, 8: 484, 9: 1890}, 9: {0: 4, 1: 669, 2: 116, 3: 342, 4: 10, 5: 76, 6: 17, 7: 436, 8: 62, 9: 62}, 10: {0: 341, 1: 111, 2: 877, 3: 568, 4: 69, 5: 2, 6: 251, 7: 253, 8: 672}, 11: {0: 197, 1: 437, 2: 9, 3: 1, 4: 578, 5: 286, 6: 692, 7: 774}, 12: {0: 338, 1: 199, 2: 337, 3: 416, 4: 4, 5: 25, 6: 224, 7: 4, 8: 391, 9: 322}, 13: {0: 520, 1: 40, 2: 143, 3: 9, 4: 118, 5: 99, 6: 1, 7: 128, 8: 530, 9: 213}, 14: {0: 22, 1: 179, 2: 1, 3: 37, 4: 416, 5: 496, 6: 238, 7: 378, 8: 49, 9: 531}, 15: {0: 16, 1: 710, 2: 2, 3: 34, 4: 54, 5: 172, 6: 530, 7: 334, 8: 1}, 16: {0: 11, 1: 41, 2: 27, 3: 602, 4: 1535, 5: 636}, 17: {0: 18, 1: 84, 2: 3, 3: 142, 4: 28, 5: 217, 6: 742, 7: 1013, 8: 157, 9: 217}, 18: {0: 172, 1: 1, 2: 49, 3: 541, 4: 115, 5: 7, 6: 28, 7: 17, 8: 747, 9: 36}, 19: {0: 514, 1: 75, 2: 7, 3: 107, 4: 3, 5: 153, 6: 3, 7: 420, 8: 265, 9: 211}}
10-03 08:00 DEBUG    **************************************************
10-03 08:00 DEBUG    Running experiments 

10-03 08:33 DEBUG    ****** PDM_KL matching ******** 
10-03 08:33 DEBUG    Best Sigma0: 10. Best sigma: 1 Best gamma: 50. Best Test accuracy: 0.292. Train acc: 0.29524. 

10-03 08:33 DEBUG    PDM_KL log: {(10, 1, 50): {'shapes': [(3072, 1920), (1920,), (1920, 10), (10,)], 'train_accuracy': 0.29524, 'test_accuracy': 0.292}} 
10-03 09:50 DEBUG    ****** PDM_KL matching ******** 
10-03 09:50 DEBUG    Best Sigma0: 10. Best sigma: 1 Best gamma: 50. Best Test accuracy: 0.292. Train acc: 0.29524. 

10-03 09:50 DEBUG    PDM_KL log: {(10, 1, 50): {'shapes': [(3072, 1920), (1920,), (1920, 10), (10,)], 'train_accuracy': 0.29524, 'test_accuracy': 0.292}} 
10-03 11:05 DEBUG    ****** PDM_KL matching ******** 
10-03 11:05 DEBUG    Best Sigma0: 10. Best sigma: 1 Best gamma: 50. Best Test accuracy: 0.292. Train acc: 0.29524. 

10-03 11:05 DEBUG    PDM_KL log: {(10, 1, 50): {'shapes': [(3072, 1920), (1920,), (1920, 10), (10,)], 'train_accuracy': 0.29524, 'test_accuracy': 0.292}} 
10-03 12:22 DEBUG    ****** PDM_KL matching ******** 
10-03 12:22 DEBUG    Best Sigma0: 10. Best sigma: 1 Best gamma: 50. Best Test accuracy: 0.292. Train acc: 0.29524. 

10-03 12:22 DEBUG    PDM_KL log: {(10, 1, 50): {'shapes': [(3072, 1920), (1920,), (1920, 10), (10,)], 'train_accuracy': 0.29524, 'test_accuracy': 0.292}} 
10-03 13:38 DEBUG    ****** PDM_KL matching ******** 
10-03 13:38 DEBUG    Best Sigma0: 10. Best sigma: 1 Best gamma: 50. Best Test accuracy: 0.292. Train acc: 0.29524. 

10-03 13:38 DEBUG    PDM_KL log: {(10, 1, 50): {'shapes': [(3072, 1920), (1920,), (1920, 10), (10,)], 'train_accuracy': 0.29524, 'test_accuracy': 0.292}} 
10-03 14:53 DEBUG    ****** PDM_KL matching ******** 
10-03 14:53 DEBUG    Best Sigma0: 10. Best sigma: 1 Best gamma: 50. Best Test accuracy: 0.292. Train acc: 0.29524. 

10-03 14:53 DEBUG    PDM_KL log: {(10, 1, 50): {'shapes': [(3072, 1917), (1917,), (1917, 10), (10,)], 'train_accuracy': 0.29524, 'test_accuracy': 0.292}} 
10-03 16:06 DEBUG    ****** PDM_KL matching ******** 
10-03 16:06 DEBUG    Best Sigma0: 10. Best sigma: 1 Best gamma: 50. Best Test accuracy: 0.2947. Train acc: 0.2976. 

10-03 16:06 DEBUG    PDM_KL log: {(10, 1, 50): {'shapes': [(3072, 1872), (1872,), (1872, 10), (10,)], 'train_accuracy': 0.2976, 'test_accuracy': 0.2947}} 
10-03 16:47 DEBUG    ****** PDM_KL matching ******** 
10-03 16:47 DEBUG    Best Sigma0: 10. Best sigma: 1 Best gamma: 50. Best Test accuracy: 0.2919. Train acc: 0.29234. 

10-03 16:47 DEBUG    PDM_KL log: {(10, 1, 50): {'shapes': [(3072, 1107), (1107,), (1107, 10), (10,)], 'train_accuracy': 0.29234, 'test_accuracy': 0.2919}} 
10-03 16:51 DEBUG    ****** PDM_KL matching ******** 
10-03 16:51 DEBUG    Best Sigma0: 10. Best sigma: 1 Best gamma: 50. Best Test accuracy: 0.1. Train acc: 0.09998. 

10-03 16:51 DEBUG    PDM_KL log: {(10, 1, 50): {'shapes': [(3072, 119), (119,), (119, 10), (10,)], 'train_accuracy': 0.09998, 'test_accuracy': 0.1}} 
10-03 16:54 DEBUG    ****** PDM_KL matching ******** 
10-03 16:54 DEBUG    Best Sigma0: 10. Best sigma: 1 Best gamma: 50. Best Test accuracy: 0.1. Train acc: 0.1. 

10-03 16:54 DEBUG    PDM_KL log: {(10, 1, 50): {'shapes': [(3072, 108), (108,), (108, 10), (10,)], 'train_accuracy': 0.1, 'test_accuracy': 0.1}} 
10-03 16:56 DEBUG    ****** PDM_KL matching ******** 
10-03 16:56 DEBUG    Best Sigma0: 10. Best sigma: 1 Best gamma: 50. Best Test accuracy: 0.1. Train acc: 0.09998. 

10-03 16:56 DEBUG    PDM_KL log: {(10, 1, 50): {'shapes': [(3072, 105), (105,), (105, 10), (10,)], 'train_accuracy': 0.09998, 'test_accuracy': 0.1}} 
10-03 16:56 DEBUG    Trial 6 completed
10-03 16:56 DEBUG    ####################################################################################################
10-03 16:56 DEBUG    ####################################################################################################
10-03 16:56 DEBUG    Executing Trial 7 with seed 7
10-03 16:56 DEBUG    Data statistics: {0: {0: 29, 1: 374, 2: 291, 3: 80, 4: 453, 5: 26, 6: 255, 7: 266, 8: 443, 9: 29}, 1: {0: 90, 1: 64, 2: 117, 3: 49, 4: 153, 5: 162, 6: 819, 7: 4, 8: 13, 9: 659}, 2: {0: 8, 1: 997, 2: 403, 3: 175, 4: 754, 5: 13, 6: 54, 7: 2, 8: 435}, 3: {0: 75, 1: 267, 2: 49, 3: 193, 4: 1, 6: 422, 7: 144, 8: 267, 9: 536}, 4: {0: 12, 1: 6, 2: 17, 3: 114, 4: 20, 5: 120, 6: 1, 7: 61, 8: 1162, 9: 18}, 5: {0: 280, 1: 421, 2: 20, 3: 132, 4: 4, 5: 5, 6: 57, 7: 286, 8: 14, 9: 195}, 6: {0: 602, 1: 16, 2: 212, 3: 206, 4: 66, 5: 29, 6: 345, 7: 161, 8: 33, 9: 778}, 7: {0: 5, 1: 595, 2: 734, 3: 2, 4: 717, 5: 195, 6: 152, 7: 398}, 8: {0: 1157, 1: 23, 3: 23, 4: 102, 5: 1279}, 9: {0: 526, 1: 159, 2: 179, 3: 958, 4: 315, 5: 476}, 10: {0: 91, 1: 113, 2: 265, 3: 192, 4: 3, 5: 430, 7: 194, 8: 100, 9: 61}, 11: {0: 389, 1: 42, 2: 73, 3: 158, 4: 7, 5: 11, 6: 1349, 7: 152, 8: 44, 9: 159}, 12: {0: 130, 1: 1109, 2: 227, 3: 19, 4: 35, 5: 655, 6: 18, 7: 748}, 13: {0: 1014, 1: 43, 2: 748, 3: 318, 5: 5, 6: 9, 7: 313, 8: 5, 9: 1474}, 14: {0: 106, 1: 46, 2: 341, 3: 322, 4: 184, 5: 247, 6: 31, 7: 1123, 8: 844}, 15: {0: 268, 1: 61, 2: 458, 3: 5, 4: 271, 5: 69, 6: 22, 7: 914, 8: 340, 9: 1023}, 16: {0: 37, 1: 259, 2: 78, 3: 407, 4: 43, 5: 989, 6: 17, 7: 212, 8: 488}, 17: {0: 146, 1: 81, 2: 33, 3: 881, 4: 600, 5: 235, 6: 110, 7: 8, 8: 421}, 18: {0: 34, 1: 178, 2: 147, 3: 87, 4: 906, 5: 8, 6: 20, 7: 14, 8: 391, 9: 68}, 19: {0: 1, 1: 146, 2: 608, 3: 679, 4: 366, 5: 46, 6: 1319}}
10-03 16:57 DEBUG    **************************************************
10-03 16:57 DEBUG    Running experiments 

10-03 17:31 DEBUG    ****** PDM_KL matching ******** 
10-03 17:31 DEBUG    Best Sigma0: 10. Best sigma: 1 Best gamma: 50. Best Test accuracy: 0.2745. Train acc: 0.27624. 

10-03 17:31 DEBUG    PDM_KL log: {(10, 1, 50): {'shapes': [(3072, 1927), (1927,), (1927, 10), (10,)], 'train_accuracy': 0.27624, 'test_accuracy': 0.2745}} 
10-03 18:49 DEBUG    ****** PDM_KL matching ******** 
10-03 18:49 DEBUG    Best Sigma0: 10. Best sigma: 1 Best gamma: 50. Best Test accuracy: 0.2745. Train acc: 0.27624. 

10-03 18:49 DEBUG    PDM_KL log: {(10, 1, 50): {'shapes': [(3072, 1927), (1927,), (1927, 10), (10,)], 'train_accuracy': 0.27624, 'test_accuracy': 0.2745}} 
10-03 19:58 DEBUG    ****** PDM_KL matching ******** 
10-03 19:58 DEBUG    Best Sigma0: 10. Best sigma: 1 Best gamma: 50. Best Test accuracy: 0.2745. Train acc: 0.27624. 

10-03 19:58 DEBUG    PDM_KL log: {(10, 1, 50): {'shapes': [(3072, 1927), (1927,), (1927, 10), (10,)], 'train_accuracy': 0.27624, 'test_accuracy': 0.2745}} 
10-03 21:04 DEBUG    ****** PDM_KL matching ******** 
10-03 21:04 DEBUG    Best Sigma0: 10. Best sigma: 1 Best gamma: 50. Best Test accuracy: 0.2745. Train acc: 0.27624. 

10-03 21:04 DEBUG    PDM_KL log: {(10, 1, 50): {'shapes': [(3072, 1927), (1927,), (1927, 10), (10,)], 'train_accuracy': 0.27624, 'test_accuracy': 0.2745}} 
10-03 22:09 DEBUG    ****** PDM_KL matching ******** 
10-03 22:09 DEBUG    Best Sigma0: 10. Best sigma: 1 Best gamma: 50. Best Test accuracy: 0.2745. Train acc: 0.27624. 

10-03 22:09 DEBUG    PDM_KL log: {(10, 1, 50): {'shapes': [(3072, 1924), (1924,), (1924, 10), (10,)], 'train_accuracy': 0.27624, 'test_accuracy': 0.2745}} 
10-03 23:13 DEBUG    ****** PDM_KL matching ******** 
10-03 23:13 DEBUG    Best Sigma0: 10. Best sigma: 1 Best gamma: 50. Best Test accuracy: 0.2745. Train acc: 0.27626. 

10-03 23:13 DEBUG    PDM_KL log: {(10, 1, 50): {'shapes': [(3072, 1923), (1923,), (1923, 10), (10,)], 'train_accuracy': 0.27626, 'test_accuracy': 0.2745}} 
10-04 00:15 DEBUG    ****** PDM_KL matching ******** 
10-04 00:15 DEBUG    Best Sigma0: 10. Best sigma: 1 Best gamma: 50. Best Test accuracy: 0.2738. Train acc: 0.27734. 

10-04 00:15 DEBUG    PDM_KL log: {(10, 1, 50): {'shapes': [(3072, 1878), (1878,), (1878, 10), (10,)], 'train_accuracy': 0.27734, 'test_accuracy': 0.2738}} 
10-04 00:50 DEBUG    ****** PDM_KL matching ******** 
10-04 00:50 DEBUG    Best Sigma0: 10. Best sigma: 1 Best gamma: 50. Best Test accuracy: 0.2718. Train acc: 0.2758. 

10-04 00:50 DEBUG    PDM_KL log: {(10, 1, 50): {'shapes': [(3072, 1126), (1126,), (1126, 10), (10,)], 'train_accuracy': 0.2758, 'test_accuracy': 0.2718}} 
10-04 00:53 DEBUG    ****** PDM_KL matching ******** 
10-04 00:53 DEBUG    Best Sigma0: 10. Best sigma: 1 Best gamma: 50. Best Test accuracy: 0.1. Train acc: 0.1. 

10-04 00:53 DEBUG    PDM_KL log: {(10, 1, 50): {'shapes': [(3072, 119), (119,), (119, 10), (10,)], 'train_accuracy': 0.1, 'test_accuracy': 0.1}} 
10-04 00:56 DEBUG    ****** PDM_KL matching ******** 
10-04 00:56 DEBUG    Best Sigma0: 10. Best sigma: 1 Best gamma: 50. Best Test accuracy: 0.1. Train acc: 0.1. 

10-04 00:56 DEBUG    PDM_KL log: {(10, 1, 50): {'shapes': [(3072, 108), (108,), (108, 10), (10,)], 'train_accuracy': 0.1, 'test_accuracy': 0.1}} 
10-04 00:58 DEBUG    ****** PDM_KL matching ******** 
10-04 00:58 DEBUG    Best Sigma0: 10. Best sigma: 1 Best gamma: 50. Best Test accuracy: 0.1. Train acc: 0.1. 

10-04 00:58 DEBUG    PDM_KL log: {(10, 1, 50): {'shapes': [(3072, 106), (106,), (106, 10), (10,)], 'train_accuracy': 0.1, 'test_accuracy': 0.1}} 
10-04 00:58 DEBUG    Trial 7 completed
10-04 00:58 DEBUG    ####################################################################################################
10-04 00:58 DEBUG    ####################################################################################################
10-04 00:58 DEBUG    Executing Trial 8 with seed 8
10-04 00:58 DEBUG    Data statistics: {0: {0: 218, 1: 484, 2: 19, 3: 291, 4: 93, 5: 2, 6: 674, 7: 23, 8: 281, 9: 75}, 1: {0: 4, 1: 481, 2: 3, 3: 361, 4: 29, 5: 97, 6: 235, 7: 2003}, 2: {0: 175, 1: 119, 2: 163, 3: 118, 4: 130, 5: 299, 6: 367, 7: 311, 8: 51, 9: 416}, 3: {0: 11, 1: 37, 2: 119, 3: 784, 5: 340, 6: 48, 7: 112, 8: 17, 9: 635}, 4: {0: 9, 1: 523, 2: 29, 3: 138, 4: 8, 5: 116, 6: 2, 7: 1421, 8: 1784}, 5: {0: 23, 1: 290, 2: 203, 3: 187, 4: 10, 5: 48, 6: 184, 7: 150, 9: 181}, 6: {0: 70, 1: 154, 2: 3, 3: 2, 4: 27, 5: 13, 7: 139, 8: 49, 9: 1628}, 7: {0: 1398, 1: 162, 2: 144, 3: 421, 4: 91, 5: 31, 6: 322}, 8: {0: 164, 1: 411, 2: 352, 3: 371, 4: 250, 5: 191, 6: 398, 7: 83, 8: 650}, 9: {0: 10, 1: 11, 2: 81, 3: 7, 4: 392, 5: 1184, 6: 539, 7: 225, 8: 223}, 10: {0: 273, 1: 150, 3: 221, 4: 22, 5: 56, 6: 111, 7: 161, 8: 18, 9: 193}, 11: {0: 22, 1: 983, 2: 506, 3: 27, 4: 8, 5: 305, 6: 225, 7: 50, 8: 475}, 12: {0: 1285, 1: 6, 2: 23, 3: 558, 4: 526, 5: 310}, 13: {0: 1057, 1: 242, 2: 21, 3: 403, 4: 51, 5: 15, 7: 48, 8: 177, 9: 433}, 14: {0: 63, 1: 115, 2: 1193, 3: 87, 4: 33, 5: 706, 6: 920}, 15: {1: 191, 2: 2, 3: 365, 4: 854, 5: 194, 6: 20, 7: 161, 8: 16, 9: 2}, 16: {0: 1, 1: 9, 2: 584, 3: 526, 4: 297, 5: 204, 6: 51, 7: 51, 8: 1016}, 17: {0: 30, 1: 5, 2: 189, 3: 39, 4: 9, 5: 290, 6: 779, 7: 61, 8: 99, 9: 740}, 18: {0: 12, 1: 63, 3: 82, 4: 2149, 5: 594}, 19: {0: 175, 1: 564, 2: 1366, 3: 12, 4: 21, 5: 5, 6: 125, 7: 1, 8: 144, 9: 697}}
10-04 00:59 DEBUG    **************************************************
10-04 00:59 DEBUG    Running experiments 

10-04 01:28 DEBUG    ****** PDM_KL matching ******** 
10-04 01:28 DEBUG    Best Sigma0: 10. Best sigma: 1 Best gamma: 50. Best Test accuracy: 0.2486. Train acc: 0.24872. 

10-04 01:28 DEBUG    PDM_KL log: {(10, 1, 50): {'shapes': [(3072, 1933), (1933,), (1933, 10), (10,)], 'train_accuracy': 0.24872, 'test_accuracy': 0.2486}} 
10-04 02:34 DEBUG    ****** PDM_KL matching ******** 
10-04 02:34 DEBUG    Best Sigma0: 10. Best sigma: 1 Best gamma: 50. Best Test accuracy: 0.2486. Train acc: 0.24872. 

10-04 02:34 DEBUG    PDM_KL log: {(10, 1, 50): {'shapes': [(3072, 1933), (1933,), (1933, 10), (10,)], 'train_accuracy': 0.24872, 'test_accuracy': 0.2486}} 
10-04 03:39 DEBUG    ****** PDM_KL matching ******** 
10-04 03:39 DEBUG    Best Sigma0: 10. Best sigma: 1 Best gamma: 50. Best Test accuracy: 0.2486. Train acc: 0.24872. 

10-04 03:39 DEBUG    PDM_KL log: {(10, 1, 50): {'shapes': [(3072, 1933), (1933,), (1933, 10), (10,)], 'train_accuracy': 0.24872, 'test_accuracy': 0.2486}} 
10-04 04:46 DEBUG    ****** PDM_KL matching ******** 
10-04 04:46 DEBUG    Best Sigma0: 10. Best sigma: 1 Best gamma: 50. Best Test accuracy: 0.2486. Train acc: 0.24872. 

10-04 04:46 DEBUG    PDM_KL log: {(10, 1, 50): {'shapes': [(3072, 1933), (1933,), (1933, 10), (10,)], 'train_accuracy': 0.24872, 'test_accuracy': 0.2486}} 
10-04 05:52 DEBUG    ****** PDM_KL matching ******** 
10-04 05:52 DEBUG    Best Sigma0: 10. Best sigma: 1 Best gamma: 50. Best Test accuracy: 0.2486. Train acc: 0.24872. 

10-04 05:52 DEBUG    PDM_KL log: {(10, 1, 50): {'shapes': [(3072, 1930), (1930,), (1930, 10), (10,)], 'train_accuracy': 0.24872, 'test_accuracy': 0.2486}} 
10-04 06:58 DEBUG    ****** PDM_KL matching ******** 
10-04 06:58 DEBUG    Best Sigma0: 10. Best sigma: 1 Best gamma: 50. Best Test accuracy: 0.2486. Train acc: 0.24872. 

10-04 06:58 DEBUG    PDM_KL log: {(10, 1, 50): {'shapes': [(3072, 1924), (1924,), (1924, 10), (10,)], 'train_accuracy': 0.24872, 'test_accuracy': 0.2486}} 
10-04 08:00 DEBUG    ****** PDM_KL matching ******** 
10-04 08:00 DEBUG    Best Sigma0: 10. Best sigma: 1 Best gamma: 50. Best Test accuracy: 0.2484. Train acc: 0.24932. 

10-04 08:00 DEBUG    PDM_KL log: {(10, 1, 50): {'shapes': [(3072, 1871), (1871,), (1871, 10), (10,)], 'train_accuracy': 0.24932, 'test_accuracy': 0.2484}} 
10-04 08:34 DEBUG    ****** PDM_KL matching ******** 
10-04 08:34 DEBUG    Best Sigma0: 10. Best sigma: 1 Best gamma: 50. Best Test accuracy: 0.25. Train acc: 0.25122. 

10-04 08:34 DEBUG    PDM_KL log: {(10, 1, 50): {'shapes': [(3072, 1145), (1145,), (1145, 10), (10,)], 'train_accuracy': 0.25122, 'test_accuracy': 0.25}} 
10-04 08:37 DEBUG    ****** PDM_KL matching ******** 
10-04 08:37 DEBUG    Best Sigma0: 10. Best sigma: 1 Best gamma: 50. Best Test accuracy: 0.0997. Train acc: 0.0998. 

10-04 08:37 DEBUG    PDM_KL log: {(10, 1, 50): {'shapes': [(3072, 119), (119,), (119, 10), (10,)], 'train_accuracy': 0.0998, 'test_accuracy': 0.0997}} 
10-04 08:40 DEBUG    ****** PDM_KL matching ******** 
10-04 08:40 DEBUG    Best Sigma0: 10. Best sigma: 1 Best gamma: 50. Best Test accuracy: 0.1. Train acc: 0.10002. 

10-04 08:40 DEBUG    PDM_KL log: {(10, 1, 50): {'shapes': [(3072, 112), (112,), (112, 10), (10,)], 'train_accuracy': 0.10002, 'test_accuracy': 0.1}} 
10-04 08:42 DEBUG    ****** PDM_KL matching ******** 
10-04 08:42 DEBUG    Best Sigma0: 10. Best sigma: 1 Best gamma: 50. Best Test accuracy: 0.1. Train acc: 0.1. 

10-04 08:42 DEBUG    PDM_KL log: {(10, 1, 50): {'shapes': [(3072, 100), (100,), (100, 10), (10,)], 'train_accuracy': 0.1, 'test_accuracy': 0.1}} 
10-04 08:42 DEBUG    Trial 8 completed
10-04 08:42 DEBUG    ####################################################################################################
10-04 08:42 DEBUG    ####################################################################################################
10-04 08:42 DEBUG    Executing Trial 9 with seed 9
10-04 08:42 DEBUG    Data statistics: {0: {0: 509, 1: 34, 3: 5, 4: 107, 5: 170, 6: 731, 7: 187, 8: 502, 9: 80}, 1: {0: 124, 1: 23, 2: 1556, 3: 242, 4: 438, 5: 37, 6: 576}, 2: {0: 163, 1: 6, 2: 323, 3: 1, 4: 207, 5: 69, 6: 138, 7: 85, 8: 707, 9: 161}, 3: {0: 565, 1: 69, 2: 364, 3: 19, 4: 93, 5: 227, 6: 60, 7: 708, 8: 462}, 4: {0: 423, 1: 169, 2: 123, 3: 3, 4: 398, 5: 143, 6: 593, 7: 137, 9: 198}, 5: {0: 34, 1: 121, 2: 783, 3: 141, 4: 1083, 5: 120, 6: 188, 7: 93}, 6: {0: 174, 1: 18, 2: 24, 3: 881, 4: 413, 5: 19, 6: 6, 7: 3, 8: 244, 9: 1051}, 7: {0: 451, 2: 39, 3: 305, 4: 639, 5: 73, 6: 110, 7: 142, 8: 491, 9: 297}, 8: {0: 70, 1: 44, 2: 35, 3: 12, 4: 124, 5: 3, 6: 7, 7: 565, 8: 19, 9: 1130}, 9: {0: 481, 1: 2, 2: 509, 3: 321, 4: 45, 5: 106, 6: 439, 7: 22, 8: 574, 9: 5}, 10: {0: 3, 1: 75, 2: 62, 3: 138, 4: 200, 5: 743, 6: 58, 7: 502, 8: 2, 9: 150}, 11: {0: 13, 1: 159, 2: 258, 4: 26, 5: 305, 6: 28, 7: 866, 8: 729, 9: 304}, 12: {0: 228, 1: 34, 2: 2, 3: 124, 4: 57, 5: 189, 6: 523, 7: 71, 8: 392, 9: 104}, 13: {0: 72, 1: 1, 2: 56, 3: 184, 4: 28, 5: 4, 6: 791, 7: 4, 8: 84, 9: 1277}, 14: {0: 3, 1: 278, 2: 61, 3: 471, 4: 50, 5: 1156, 6: 76, 7: 5, 8: 38, 9: 243}, 15: {0: 190, 1: 173, 2: 548, 3: 1063, 4: 240, 5: 307}, 16: {0: 1006, 1: 29, 2: 130, 3: 72, 5: 914, 6: 142, 7: 1457}, 17: {0: 437, 1: 1151, 2: 8, 3: 305, 4: 722}, 18: {0: 17, 1: 338, 2: 62, 3: 644, 4: 61, 5: 415, 6: 534, 7: 153, 8: 756}, 19: {0: 37, 1: 2276, 2: 57, 3: 69, 4: 69}}
10-04 08:43 DEBUG    **************************************************
10-04 08:43 DEBUG    Running experiments 

10-04 09:12 DEBUG    ****** PDM_KL matching ******** 
10-04 09:12 DEBUG    Best Sigma0: 10. Best sigma: 1 Best gamma: 50. Best Test accuracy: 0.268. Train acc: 0.27294. 

10-04 09:12 DEBUG    PDM_KL log: {(10, 1, 50): {'shapes': [(3072, 1943), (1943,), (1943, 10), (10,)], 'train_accuracy': 0.27294, 'test_accuracy': 0.268}} 
10-04 10:16 DEBUG    ****** PDM_KL matching ******** 
10-04 10:16 DEBUG    Best Sigma0: 10. Best sigma: 1 Best gamma: 50. Best Test accuracy: 0.268. Train acc: 0.27294. 

10-04 10:16 DEBUG    PDM_KL log: {(10, 1, 50): {'shapes': [(3072, 1943), (1943,), (1943, 10), (10,)], 'train_accuracy': 0.27294, 'test_accuracy': 0.268}} 
10-04 11:21 DEBUG    ****** PDM_KL matching ******** 
10-04 11:21 DEBUG    Best Sigma0: 10. Best sigma: 1 Best gamma: 50. Best Test accuracy: 0.268. Train acc: 0.27294. 

10-04 11:21 DEBUG    PDM_KL log: {(10, 1, 50): {'shapes': [(3072, 1943), (1943,), (1943, 10), (10,)], 'train_accuracy': 0.27294, 'test_accuracy': 0.268}} 
10-04 12:18 DEBUG    ****** PDM_KL matching ******** 
10-04 12:18 DEBUG    Best Sigma0: 10. Best sigma: 1 Best gamma: 50. Best Test accuracy: 0.268. Train acc: 0.27294. 

10-04 12:18 DEBUG    PDM_KL log: {(10, 1, 50): {'shapes': [(3072, 1943), (1943,), (1943, 10), (10,)], 'train_accuracy': 0.27294, 'test_accuracy': 0.268}} 
10-04 13:10 DEBUG    ****** PDM_KL matching ******** 
10-04 13:10 DEBUG    Best Sigma0: 10. Best sigma: 1 Best gamma: 50. Best Test accuracy: 0.268. Train acc: 0.27294. 

10-04 13:10 DEBUG    PDM_KL log: {(10, 1, 50): {'shapes': [(3072, 1942), (1942,), (1942, 10), (10,)], 'train_accuracy': 0.27294, 'test_accuracy': 0.268}} 
10-04 14:02 DEBUG    ****** PDM_KL matching ******** 
10-04 14:02 DEBUG    Best Sigma0: 10. Best sigma: 1 Best gamma: 50. Best Test accuracy: 0.268. Train acc: 0.27294. 

10-04 14:02 DEBUG    PDM_KL log: {(10, 1, 50): {'shapes': [(3072, 1938), (1938,), (1938, 10), (10,)], 'train_accuracy': 0.27294, 'test_accuracy': 0.268}} 
10-04 14:53 DEBUG    ****** PDM_KL matching ******** 
10-04 14:53 DEBUG    Best Sigma0: 10. Best sigma: 1 Best gamma: 50. Best Test accuracy: 0.2675. Train acc: 0.27256. 

10-04 14:53 DEBUG    PDM_KL log: {(10, 1, 50): {'shapes': [(3072, 1903), (1903,), (1903, 10), (10,)], 'train_accuracy': 0.27256, 'test_accuracy': 0.2675}} 
10-04 15:21 DEBUG    ****** PDM_KL matching ******** 
10-04 15:21 DEBUG    Best Sigma0: 10. Best sigma: 1 Best gamma: 50. Best Test accuracy: 0.2694. Train acc: 0.27314. 

10-04 15:21 DEBUG    PDM_KL log: {(10, 1, 50): {'shapes': [(3072, 1145), (1145,), (1145, 10), (10,)], 'train_accuracy': 0.27314, 'test_accuracy': 0.2694}} 
10-04 15:24 DEBUG    ****** PDM_KL matching ******** 
10-04 15:24 DEBUG    Best Sigma0: 10. Best sigma: 1 Best gamma: 50. Best Test accuracy: 0.1. Train acc: 0.1. 

10-04 15:24 DEBUG    PDM_KL log: {(10, 1, 50): {'shapes': [(3072, 119), (119,), (119, 10), (10,)], 'train_accuracy': 0.1, 'test_accuracy': 0.1}} 
10-04 15:26 DEBUG    ****** PDM_KL matching ******** 
10-04 15:26 DEBUG    Best Sigma0: 10. Best sigma: 1 Best gamma: 50. Best Test accuracy: 0.1. Train acc: 0.1. 

10-04 15:26 DEBUG    PDM_KL log: {(10, 1, 50): {'shapes': [(3072, 111), (111,), (111, 10), (10,)], 'train_accuracy': 0.1, 'test_accuracy': 0.1}} 
10-04 15:28 DEBUG    ****** PDM_KL matching ******** 
10-04 15:28 DEBUG    Best Sigma0: 10. Best sigma: 1 Best gamma: 50. Best Test accuracy: 0.1. Train acc: 0.1. 

10-04 15:28 DEBUG    PDM_KL log: {(10, 1, 50): {'shapes': [(3072, 100), (100,), (100, 10), (10,)], 'train_accuracy': 0.1, 'test_accuracy': 0.1}} 
10-04 15:28 DEBUG    Trial 9 completed
10-04 15:28 DEBUG    ####################################################################################################
