09-17 08:25 DEBUG    Experiment arguments: Namespace(alpha=0.5, communication_rounds=None, datadir='data/cifar10', dataset='cifar10', device=1.0, dropout_p=0.0, epochs=10, experiment=['all'], init_seed=0, iter_epochs=5, layers=0, loaddir='saved_weights/cifar10/homo', logdir='KL_regs_bst_hyp/cifar10/homo', lr=0.01, lr_decay=1.0, n=30, n_layers=1, n_nets=10, net_config=[3072, 100, 10], num_pool_workers=7, partition='homo', pdm_gamma=10, pdm_sig=1, pdm_sig0=10, reg=1e-06, reg_fac=0.0, trials=10)
09-17 08:25 DEBUG    ####################################################################################################
09-17 08:25 DEBUG    Executing Trial 0 with seed 0
09-17 08:25 DEBUG    Data statistics: {0: {0: 503, 1: 483, 2: 487, 3: 527, 4: 473, 5: 548, 6: 491, 7: 502, 8: 482, 9: 504}, 1: {0: 501, 1: 503, 2: 529, 3: 503, 4: 494, 5: 468, 6: 462, 7: 497, 8: 507, 9: 536}, 2: {0: 510, 1: 540, 2: 498, 3: 461, 4: 516, 5: 483, 6: 502, 7: 515, 8: 492, 9: 483}, 3: {0: 487, 1: 487, 2: 493, 3: 498, 4: 523, 5: 482, 6: 500, 7: 487, 8: 495, 9: 548}, 4: {0: 505, 1: 480, 2: 488, 3: 488, 4: 480, 5: 509, 6: 537, 7: 490, 8: 490, 9: 533}, 5: {0: 504, 1: 480, 2: 511, 3: 494, 4: 530, 5: 509, 6: 521, 7: 489, 8: 490, 9: 472}, 6: {0: 512, 1: 509, 2: 512, 3: 488, 4: 488, 5: 465, 6: 490, 7: 538, 8: 506, 9: 492}, 7: {0: 472, 1: 521, 2: 463, 3: 549, 4: 502, 5: 515, 6: 518, 7: 496, 8: 479, 9: 485}, 8: {0: 505, 1: 485, 2: 487, 3: 505, 4: 497, 5: 512, 6: 508, 7: 501, 8: 531, 9: 469}, 9: {0: 501, 1: 512, 2: 532, 3: 487, 4: 497, 5: 509, 6: 471, 7: 485, 8: 528, 9: 478}}
09-17 08:26 DEBUG    **************************************************
09-17 08:26 DEBUG    Running experiments 

09-17 08:26 DEBUG    Uniform ensemble (Train acc): 0.424760
09-17 08:26 DEBUG    Uniform ensemble (Test acc): 0.421000
09-17 08:26 DEBUG    FedAvg (Train acc): 0.101320
09-17 08:26 DEBUG    FedAvg (Test acc): 0.101400
09-17 08:36 DEBUG    ****** PDM_KL matching ******** 
09-17 08:36 DEBUG    Best Sigma0: 10. Best sigma: 1 Best gamma: 10. Best Test accuracy: 0.417. Train acc: 0.4199. 

09-17 08:36 DEBUG    PDM_KL log: {(10, 1, 10): {'shapes': [(3072, 700), (700,), (700, 10), (10,)], 'train_accuracy': 0.4199, 'test_accuracy': 0.417}} 
09-17 09:00 DEBUG    ****** PDM_KL matching ******** 
09-17 09:00 DEBUG    Best Sigma0: 10. Best sigma: 1 Best gamma: 10. Best Test accuracy: 0.417. Train acc: 0.41986. 

09-17 09:00 DEBUG    PDM_KL log: {(10, 1, 10): {'shapes': [(3072, 700), (700,), (700, 10), (10,)], 'train_accuracy': 0.41986, 'test_accuracy': 0.417}} 
09-17 09:25 DEBUG    ****** PDM_KL matching ******** 
09-17 09:25 DEBUG    Best Sigma0: 10. Best sigma: 1 Best gamma: 10. Best Test accuracy: 0.417. Train acc: 0.41986. 

09-17 09:25 DEBUG    PDM_KL log: {(10, 1, 10): {'shapes': [(3072, 700), (700,), (700, 10), (10,)], 'train_accuracy': 0.41986, 'test_accuracy': 0.417}} 
09-17 09:50 DEBUG    ****** PDM_KL matching ******** 
09-17 09:50 DEBUG    Best Sigma0: 10. Best sigma: 1 Best gamma: 10. Best Test accuracy: 0.417. Train acc: 0.41988. 

09-17 09:50 DEBUG    PDM_KL log: {(10, 1, 10): {'shapes': [(3072, 700), (700,), (700, 10), (10,)], 'train_accuracy': 0.41988, 'test_accuracy': 0.417}} 
09-17 10:16 DEBUG    ****** PDM_KL matching ******** 
09-17 10:16 DEBUG    Best Sigma0: 10. Best sigma: 1 Best gamma: 10. Best Test accuracy: 0.417. Train acc: 0.41988. 

09-17 10:16 DEBUG    PDM_KL log: {(10, 1, 10): {'shapes': [(3072, 700), (700,), (700, 10), (10,)], 'train_accuracy': 0.41988, 'test_accuracy': 0.417}} 
09-17 10:40 DEBUG    ****** PDM_KL matching ******** 
09-17 10:40 DEBUG    Best Sigma0: 10. Best sigma: 1 Best gamma: 10. Best Test accuracy: 0.417. Train acc: 0.4199. 

09-17 10:40 DEBUG    PDM_KL log: {(10, 1, 10): {'shapes': [(3072, 700), (700,), (700, 10), (10,)], 'train_accuracy': 0.4199, 'test_accuracy': 0.417}} 
09-17 11:15 DEBUG    ****** PDM_KL matching ******** 
09-17 11:15 DEBUG    Best Sigma0: 10. Best sigma: 1 Best gamma: 10. Best Test accuracy: 0.417. Train acc: 0.4199. 

09-17 11:15 DEBUG    PDM_KL log: {(10, 1, 10): {'shapes': [(3072, 700), (700,), (700, 10), (10,)], 'train_accuracy': 0.4199, 'test_accuracy': 0.417}} 
09-17 11:32 DEBUG    ****** PDM_KL matching ******** 
09-17 11:32 DEBUG    Best Sigma0: 10. Best sigma: 1 Best gamma: 10. Best Test accuracy: 0.3977. Train acc: 0.39518. 

09-17 11:32 DEBUG    PDM_KL log: {(10, 1, 10): {'shapes': [(3072, 271), (271,), (271, 10), (10,)], 'train_accuracy': 0.39518, 'test_accuracy': 0.3977}} 
09-17 11:38 DEBUG    ****** PDM_KL matching ******** 
09-17 11:38 DEBUG    Best Sigma0: 10. Best sigma: 1 Best gamma: 10. Best Test accuracy: 0.1001. Train acc: 0.10004. 

09-17 11:38 DEBUG    PDM_KL log: {(10, 1, 10): {'shapes': [(3072, 100), (100,), (100, 10), (10,)], 'train_accuracy': 0.10004, 'test_accuracy': 0.1001}} 
09-17 11:45 DEBUG    ****** PDM_KL matching ******** 
09-17 11:45 DEBUG    Best Sigma0: 10. Best sigma: 1 Best gamma: 10. Best Test accuracy: 0.1. Train acc: 0.10002. 

09-17 11:45 DEBUG    PDM_KL log: {(10, 1, 10): {'shapes': [(3072, 100), (100,), (100, 10), (10,)], 'train_accuracy': 0.10002, 'test_accuracy': 0.1}} 
09-17 11:51 DEBUG    ****** PDM_KL matching ******** 
09-17 11:51 DEBUG    Best Sigma0: 10. Best sigma: 1 Best gamma: 10. Best Test accuracy: 0.1. Train acc: 0.10002. 

09-17 11:51 DEBUG    PDM_KL log: {(10, 1, 10): {'shapes': [(3072, 100), (100,), (100, 10), (10,)], 'train_accuracy': 0.10002, 'test_accuracy': 0.1}} 
09-17 11:51 DEBUG    Trial 0 completed
09-17 11:51 DEBUG    ####################################################################################################
09-17 11:51 DEBUG    ####################################################################################################
09-17 11:51 DEBUG    Executing Trial 1 with seed 1
09-17 11:51 DEBUG    Data statistics: {0: {0: 510, 1: 492, 2: 515, 3: 474, 4: 530, 5: 498, 6: 501, 7: 489, 8: 481, 9: 510}, 1: {0: 476, 1: 494, 2: 523, 3: 515, 4: 477, 5: 497, 6: 486, 7: 523, 8: 497, 9: 512}, 2: {0: 503, 1: 524, 2: 501, 3: 526, 4: 471, 5: 497, 6: 538, 7: 499, 8: 482, 9: 459}, 3: {0: 484, 1: 501, 2: 514, 3: 480, 4: 487, 5: 513, 6: 529, 7: 501, 8: 480, 9: 511}, 4: {0: 506, 1: 496, 2: 478, 3: 495, 4: 492, 5: 512, 6: 520, 7: 487, 8: 490, 9: 524}, 5: {0: 517, 1: 496, 2: 472, 3: 525, 4: 496, 5: 506, 6: 458, 7: 480, 8: 503, 9: 547}, 6: {0: 491, 1: 522, 2: 492, 3: 490, 4: 506, 5: 482, 6: 492, 7: 499, 8: 557, 9: 469}, 7: {0: 516, 1: 500, 2: 499, 3: 512, 4: 523, 5: 503, 6: 468, 7: 515, 8: 493, 9: 471}, 8: {0: 503, 1: 497, 2: 498, 3: 492, 4: 484, 5: 490, 6: 509, 7: 511, 8: 506, 9: 510}, 9: {0: 494, 1: 478, 2: 508, 3: 491, 4: 534, 5: 502, 6: 499, 7: 496, 8: 511, 9: 487}}
09-17 11:53 DEBUG    **************************************************
09-17 11:53 DEBUG    Running experiments 

09-17 11:54 DEBUG    Uniform ensemble (Train acc): 0.427780
09-17 11:54 DEBUG    Uniform ensemble (Test acc): 0.425400
09-17 11:55 DEBUG    FedAvg (Train acc): 0.104740
09-17 11:55 DEBUG    FedAvg (Test acc): 0.106100
09-17 12:12 DEBUG    ****** PDM_KL matching ******** 
09-17 12:12 DEBUG    Best Sigma0: 10. Best sigma: 1 Best gamma: 10. Best Test accuracy: 0.421. Train acc: 0.424. 

09-17 12:12 DEBUG    PDM_KL log: {(10, 1, 10): {'shapes': [(3072, 700), (700,), (700, 10), (10,)], 'train_accuracy': 0.424, 'test_accuracy': 0.421}} 
09-17 12:47 DEBUG    ****** PDM_KL matching ******** 
09-17 12:47 DEBUG    Best Sigma0: 10. Best sigma: 1 Best gamma: 10. Best Test accuracy: 0.4209. Train acc: 0.42398. 

09-17 12:47 DEBUG    PDM_KL log: {(10, 1, 10): {'shapes': [(3072, 700), (700,), (700, 10), (10,)], 'train_accuracy': 0.42398, 'test_accuracy': 0.4209}} 
09-17 13:21 DEBUG    ****** PDM_KL matching ******** 
09-17 13:21 DEBUG    Best Sigma0: 10. Best sigma: 1 Best gamma: 10. Best Test accuracy: 0.421. Train acc: 0.42402. 

09-17 13:21 DEBUG    PDM_KL log: {(10, 1, 10): {'shapes': [(3072, 700), (700,), (700, 10), (10,)], 'train_accuracy': 0.42402, 'test_accuracy': 0.421}} 
09-17 13:53 DEBUG    ****** PDM_KL matching ******** 
09-17 13:53 DEBUG    Best Sigma0: 10. Best sigma: 1 Best gamma: 10. Best Test accuracy: 0.421. Train acc: 0.42402. 

09-17 13:53 DEBUG    PDM_KL log: {(10, 1, 10): {'shapes': [(3072, 700), (700,), (700, 10), (10,)], 'train_accuracy': 0.42402, 'test_accuracy': 0.421}} 
09-17 14:26 DEBUG    ****** PDM_KL matching ******** 
09-17 14:26 DEBUG    Best Sigma0: 10. Best sigma: 1 Best gamma: 10. Best Test accuracy: 0.421. Train acc: 0.42398. 

09-17 14:26 DEBUG    PDM_KL log: {(10, 1, 10): {'shapes': [(3072, 700), (700,), (700, 10), (10,)], 'train_accuracy': 0.42398, 'test_accuracy': 0.421}} 
09-17 14:58 DEBUG    ****** PDM_KL matching ******** 
09-17 14:58 DEBUG    Best Sigma0: 10. Best sigma: 1 Best gamma: 10. Best Test accuracy: 0.421. Train acc: 0.424. 

09-17 14:58 DEBUG    PDM_KL log: {(10, 1, 10): {'shapes': [(3072, 700), (700,), (700, 10), (10,)], 'train_accuracy': 0.424, 'test_accuracy': 0.421}} 
09-17 15:33 DEBUG    ****** PDM_KL matching ******** 
09-17 15:33 DEBUG    Best Sigma0: 10. Best sigma: 1 Best gamma: 10. Best Test accuracy: 0.4211. Train acc: 0.42396. 

09-17 15:33 DEBUG    PDM_KL log: {(10, 1, 10): {'shapes': [(3072, 700), (700,), (700, 10), (10,)], 'train_accuracy': 0.42396, 'test_accuracy': 0.4211}} 
09-17 15:50 DEBUG    ****** PDM_KL matching ******** 
09-17 15:50 DEBUG    Best Sigma0: 10. Best sigma: 1 Best gamma: 10. Best Test accuracy: 0.4136. Train acc: 0.4169. 

09-17 15:50 DEBUG    PDM_KL log: {(10, 1, 10): {'shapes': [(3072, 271), (271,), (271, 10), (10,)], 'train_accuracy': 0.4169, 'test_accuracy': 0.4136}} 
09-17 15:56 DEBUG    ****** PDM_KL matching ******** 
09-17 15:56 DEBUG    Best Sigma0: 10. Best sigma: 1 Best gamma: 10. Best Test accuracy: 0.1. Train acc: 0.09998. 

09-17 15:56 DEBUG    PDM_KL log: {(10, 1, 10): {'shapes': [(3072, 109), (109,), (109, 10), (10,)], 'train_accuracy': 0.09998, 'test_accuracy': 0.1}} 
09-17 16:02 DEBUG    ****** PDM_KL matching ******** 
09-17 16:02 DEBUG    Best Sigma0: 10. Best sigma: 1 Best gamma: 10. Best Test accuracy: 0.1001. Train acc: 0.1. 

09-17 16:02 DEBUG    PDM_KL log: {(10, 1, 10): {'shapes': [(3072, 100), (100,), (100, 10), (10,)], 'train_accuracy': 0.1, 'test_accuracy': 0.1001}} 
09-17 16:08 DEBUG    ****** PDM_KL matching ******** 
09-17 16:08 DEBUG    Best Sigma0: 10. Best sigma: 1 Best gamma: 10. Best Test accuracy: 0.1. Train acc: 0.09998. 

09-17 16:08 DEBUG    PDM_KL log: {(10, 1, 10): {'shapes': [(3072, 100), (100,), (100, 10), (10,)], 'train_accuracy': 0.09998, 'test_accuracy': 0.1}} 
09-17 16:08 DEBUG    Trial 1 completed
09-17 16:08 DEBUG    ####################################################################################################
09-17 16:08 DEBUG    ####################################################################################################
09-17 16:08 DEBUG    Executing Trial 2 with seed 2
09-17 16:09 DEBUG    Data statistics: {0: {0: 515, 1: 500, 2: 501, 3: 505, 4: 515, 5: 506, 6: 524, 7: 482, 8: 475, 9: 477}, 1: {0: 514, 1: 496, 2: 530, 3: 477, 4: 493, 5: 492, 6: 470, 7: 516, 8: 514, 9: 498}, 2: {0: 496, 1: 506, 2: 499, 3: 504, 4: 471, 5: 489, 6: 507, 7: 502, 8: 484, 9: 542}, 3: {0: 475, 1: 473, 2: 480, 3: 525, 4: 506, 5: 514, 6: 515, 7: 518, 8: 506, 9: 488}, 4: {0: 522, 1: 530, 2: 486, 3: 468, 4: 510, 5: 510, 6: 494, 7: 496, 8: 497, 9: 487}, 5: {0: 519, 1: 494, 2: 514, 3: 499, 4: 512, 5: 479, 6: 470, 7: 497, 8: 505, 9: 511}, 6: {0: 485, 1: 507, 2: 509, 3: 511, 4: 488, 5: 459, 6: 496, 7: 514, 8: 518, 9: 513}, 7: {0: 485, 1: 488, 2: 482, 3: 505, 4: 546, 5: 535, 6: 505, 7: 476, 8: 486, 9: 492}, 8: {0: 512, 1: 493, 2: 513, 3: 481, 4: 512, 5: 499, 6: 513, 7: 481, 8: 508, 9: 488}, 9: {0: 477, 1: 513, 2: 486, 3: 525, 4: 447, 5: 517, 6: 506, 7: 518, 8: 507, 9: 504}}
09-17 16:11 DEBUG    **************************************************
09-17 16:11 DEBUG    Running experiments 

09-17 16:12 DEBUG    Uniform ensemble (Train acc): 0.424280
09-17 16:12 DEBUG    Uniform ensemble (Test acc): 0.420200
09-17 16:12 DEBUG    FedAvg (Train acc): 0.100040
09-17 16:12 DEBUG    FedAvg (Test acc): 0.099900
09-17 16:27 DEBUG    ****** PDM_KL matching ******** 
09-17 16:27 DEBUG    Best Sigma0: 10. Best sigma: 1 Best gamma: 10. Best Test accuracy: 0.4115. Train acc: 0.42088. 

09-17 16:27 DEBUG    PDM_KL log: {(10, 1, 10): {'shapes': [(3072, 700), (700,), (700, 10), (10,)], 'train_accuracy': 0.42088, 'test_accuracy': 0.4115}} 
09-17 17:00 DEBUG    ****** PDM_KL matching ******** 
09-17 17:00 DEBUG    Best Sigma0: 10. Best sigma: 1 Best gamma: 10. Best Test accuracy: 0.4136. Train acc: 0.42158. 

09-17 17:00 DEBUG    PDM_KL log: {(10, 1, 10): {'shapes': [(3072, 700), (700,), (700, 10), (10,)], 'train_accuracy': 0.42158, 'test_accuracy': 0.4136}} 
09-17 17:35 DEBUG    ****** PDM_KL matching ******** 
09-17 17:35 DEBUG    Best Sigma0: 10. Best sigma: 1 Best gamma: 10. Best Test accuracy: 0.4115. Train acc: 0.4209. 

09-17 17:35 DEBUG    PDM_KL log: {(10, 1, 10): {'shapes': [(3072, 700), (700,), (700, 10), (10,)], 'train_accuracy': 0.4209, 'test_accuracy': 0.4115}} 
09-17 18:07 DEBUG    ****** PDM_KL matching ******** 
09-17 18:07 DEBUG    Best Sigma0: 10. Best sigma: 1 Best gamma: 10. Best Test accuracy: 0.4136. Train acc: 0.42162. 

09-17 18:07 DEBUG    PDM_KL log: {(10, 1, 10): {'shapes': [(3072, 700), (700,), (700, 10), (10,)], 'train_accuracy': 0.42162, 'test_accuracy': 0.4136}} 
09-17 18:40 DEBUG    ****** PDM_KL matching ******** 
09-17 18:40 DEBUG    Best Sigma0: 10. Best sigma: 1 Best gamma: 10. Best Test accuracy: 0.4115. Train acc: 0.42088. 

09-17 18:40 DEBUG    PDM_KL log: {(10, 1, 10): {'shapes': [(3072, 700), (700,), (700, 10), (10,)], 'train_accuracy': 0.42088, 'test_accuracy': 0.4115}} 
09-17 19:11 DEBUG    ****** PDM_KL matching ******** 
09-17 19:11 DEBUG    Best Sigma0: 10. Best sigma: 1 Best gamma: 10. Best Test accuracy: 0.4136. Train acc: 0.42158. 

09-17 19:11 DEBUG    PDM_KL log: {(10, 1, 10): {'shapes': [(3072, 700), (700,), (700, 10), (10,)], 'train_accuracy': 0.42158, 'test_accuracy': 0.4136}} 
09-17 19:43 DEBUG    ****** PDM_KL matching ******** 
09-17 19:43 DEBUG    Best Sigma0: 10. Best sigma: 1 Best gamma: 10. Best Test accuracy: 0.4115. Train acc: 0.4209. 

09-17 19:43 DEBUG    PDM_KL log: {(10, 1, 10): {'shapes': [(3072, 700), (700,), (700, 10), (10,)], 'train_accuracy': 0.4209, 'test_accuracy': 0.4115}} 
09-17 20:00 DEBUG    ****** PDM_KL matching ******** 
09-17 20:00 DEBUG    Best Sigma0: 10. Best sigma: 1 Best gamma: 10. Best Test accuracy: 0.4112. Train acc: 0.4145. 

09-17 20:00 DEBUG    PDM_KL log: {(10, 1, 10): {'shapes': [(3072, 271), (271,), (271, 10), (10,)], 'train_accuracy': 0.4145, 'test_accuracy': 0.4112}} 
09-17 20:07 DEBUG    ****** PDM_KL matching ******** 
09-17 20:07 DEBUG    Best Sigma0: 10. Best sigma: 1 Best gamma: 10. Best Test accuracy: 0.1001. Train acc: 0.1. 

09-17 20:07 DEBUG    PDM_KL log: {(10, 1, 10): {'shapes': [(3072, 109), (109,), (109, 10), (10,)], 'train_accuracy': 0.1, 'test_accuracy': 0.1001}} 
09-17 20:13 DEBUG    ****** PDM_KL matching ******** 
09-17 20:13 DEBUG    Best Sigma0: 10. Best sigma: 1 Best gamma: 10. Best Test accuracy: 0.0999. Train acc: 0.09992. 

09-17 20:13 DEBUG    PDM_KL log: {(10, 1, 10): {'shapes': [(3072, 100), (100,), (100, 10), (10,)], 'train_accuracy': 0.09992, 'test_accuracy': 0.0999}} 
09-17 20:19 DEBUG    ****** PDM_KL matching ******** 
09-17 20:19 DEBUG    Best Sigma0: 10. Best sigma: 1 Best gamma: 10. Best Test accuracy: 0.1. Train acc: 0.1. 

09-17 20:19 DEBUG    PDM_KL log: {(10, 1, 10): {'shapes': [(3072, 100), (100,), (100, 10), (10,)], 'train_accuracy': 0.1, 'test_accuracy': 0.1}} 
09-17 20:19 DEBUG    Trial 2 completed
09-17 20:19 DEBUG    ####################################################################################################
09-17 20:19 DEBUG    ####################################################################################################
09-17 20:19 DEBUG    Executing Trial 3 with seed 3
09-17 20:19 DEBUG    Data statistics: {0: {0: 488, 1: 493, 2: 515, 3: 499, 4: 453, 5: 505, 6: 526, 7: 512, 8: 497, 9: 512}, 1: {0: 544, 1: 458, 2: 518, 3: 495, 4: 465, 5: 501, 6: 517, 7: 528, 8: 473, 9: 501}, 2: {0: 512, 1: 504, 2: 490, 3: 521, 4: 482, 5: 504, 6: 507, 7: 506, 8: 502, 9: 472}, 3: {0: 466, 1: 527, 2: 514, 3: 512, 4: 494, 5: 483, 6: 511, 7: 511, 8: 482, 9: 500}, 4: {0: 528, 1: 511, 2: 487, 3: 506, 4: 506, 5: 478, 6: 481, 7: 484, 8: 541, 9: 478}, 5: {0: 474, 1: 502, 2: 495, 3: 470, 4: 497, 5: 562, 6: 497, 7: 465, 8: 518, 9: 520}, 6: {0: 500, 1: 514, 2: 478, 3: 515, 4: 509, 5: 533, 6: 477, 7: 484, 8: 494, 9: 496}, 7: {0: 492, 1: 509, 2: 490, 3: 507, 4: 505, 5: 486, 6: 507, 7: 486, 8: 508, 9: 510}, 8: {0: 518, 1: 514, 2: 503, 3: 464, 4: 534, 5: 465, 6: 492, 7: 497, 8: 484, 9: 529}, 9: {0: 478, 1: 468, 2: 510, 3: 511, 4: 555, 5: 483, 6: 485, 7: 527, 8: 501, 9: 482}}
09-17 20:21 DEBUG    **************************************************
09-17 20:21 DEBUG    Running experiments 

09-17 20:22 DEBUG    Uniform ensemble (Train acc): 0.423800
09-17 20:22 DEBUG    Uniform ensemble (Test acc): 0.422200
09-17 20:23 DEBUG    FedAvg (Train acc): 0.100920
09-17 20:23 DEBUG    FedAvg (Test acc): 0.101400
09-17 20:37 DEBUG    ****** PDM_KL matching ******** 
09-17 20:37 DEBUG    Best Sigma0: 10. Best sigma: 1 Best gamma: 10. Best Test accuracy: 0.4175. Train acc: 0.41778. 

09-17 20:37 DEBUG    PDM_KL log: {(10, 1, 10): {'shapes': [(3072, 700), (700,), (700, 10), (10,)], 'train_accuracy': 0.41778, 'test_accuracy': 0.4175}} 
09-17 21:07 DEBUG    ****** PDM_KL matching ******** 
09-17 21:07 DEBUG    Best Sigma0: 10. Best sigma: 1 Best gamma: 10. Best Test accuracy: 0.4175. Train acc: 0.41778. 

09-17 21:07 DEBUG    PDM_KL log: {(10, 1, 10): {'shapes': [(3072, 700), (700,), (700, 10), (10,)], 'train_accuracy': 0.41778, 'test_accuracy': 0.4175}} 
09-17 21:40 DEBUG    ****** PDM_KL matching ******** 
09-17 21:40 DEBUG    Best Sigma0: 10. Best sigma: 1 Best gamma: 10. Best Test accuracy: 0.4175. Train acc: 0.4178. 

09-17 21:40 DEBUG    PDM_KL log: {(10, 1, 10): {'shapes': [(3072, 700), (700,), (700, 10), (10,)], 'train_accuracy': 0.4178, 'test_accuracy': 0.4175}} 
09-17 22:12 DEBUG    ****** PDM_KL matching ******** 
09-17 22:12 DEBUG    Best Sigma0: 10. Best sigma: 1 Best gamma: 10. Best Test accuracy: 0.4174. Train acc: 0.41764. 

09-17 22:12 DEBUG    PDM_KL log: {(10, 1, 10): {'shapes': [(3072, 700), (700,), (700, 10), (10,)], 'train_accuracy': 0.41764, 'test_accuracy': 0.4174}} 
09-17 22:41 DEBUG    ****** PDM_KL matching ******** 
09-17 22:41 DEBUG    Best Sigma0: 10. Best sigma: 1 Best gamma: 10. Best Test accuracy: 0.4171. Train acc: 0.41634. 

09-17 22:41 DEBUG    PDM_KL log: {(10, 1, 10): {'shapes': [(3072, 700), (700,), (700, 10), (10,)], 'train_accuracy': 0.41634, 'test_accuracy': 0.4171}} 
09-17 23:09 DEBUG    ****** PDM_KL matching ******** 
09-17 23:09 DEBUG    Best Sigma0: 10. Best sigma: 1 Best gamma: 10. Best Test accuracy: 0.4175. Train acc: 0.4178. 

09-17 23:09 DEBUG    PDM_KL log: {(10, 1, 10): {'shapes': [(3072, 700), (700,), (700, 10), (10,)], 'train_accuracy': 0.4178, 'test_accuracy': 0.4175}} 
09-17 23:38 DEBUG    ****** PDM_KL matching ******** 
09-17 23:38 DEBUG    Best Sigma0: 10. Best sigma: 1 Best gamma: 10. Best Test accuracy: 0.4169. Train acc: 0.41646. 

09-17 23:38 DEBUG    PDM_KL log: {(10, 1, 10): {'shapes': [(3072, 700), (700,), (700, 10), (10,)], 'train_accuracy': 0.41646, 'test_accuracy': 0.4169}} 
09-17 23:52 DEBUG    ****** PDM_KL matching ******** 
09-17 23:52 DEBUG    Best Sigma0: 10. Best sigma: 1 Best gamma: 10. Best Test accuracy: 0.4142. Train acc: 0.415. 

09-17 23:52 DEBUG    PDM_KL log: {(10, 1, 10): {'shapes': [(3072, 280), (280,), (280, 10), (10,)], 'train_accuracy': 0.415, 'test_accuracy': 0.4142}} 
09-17 23:58 DEBUG    ****** PDM_KL matching ******** 
09-17 23:58 DEBUG    Best Sigma0: 10. Best sigma: 1 Best gamma: 10. Best Test accuracy: 0.1. Train acc: 0.10002. 

09-17 23:58 DEBUG    PDM_KL log: {(10, 1, 10): {'shapes': [(3072, 109), (109,), (109, 10), (10,)], 'train_accuracy': 0.10002, 'test_accuracy': 0.1}} 
09-18 00:03 DEBUG    ****** PDM_KL matching ******** 
09-18 00:03 DEBUG    Best Sigma0: 10. Best sigma: 1 Best gamma: 10. Best Test accuracy: 0.1. Train acc: 0.09996. 

09-18 00:03 DEBUG    PDM_KL log: {(10, 1, 10): {'shapes': [(3072, 100), (100,), (100, 10), (10,)], 'train_accuracy': 0.09996, 'test_accuracy': 0.1}} 
09-18 00:08 DEBUG    ****** PDM_KL matching ******** 
09-18 00:08 DEBUG    Best Sigma0: 10. Best sigma: 1 Best gamma: 10. Best Test accuracy: 0.1001. Train acc: 0.09998. 

09-18 00:08 DEBUG    PDM_KL log: {(10, 1, 10): {'shapes': [(3072, 100), (100,), (100, 10), (10,)], 'train_accuracy': 0.09998, 'test_accuracy': 0.1001}} 
09-18 00:08 DEBUG    Trial 3 completed
09-18 00:08 DEBUG    ####################################################################################################
09-18 00:08 DEBUG    ####################################################################################################
09-18 00:08 DEBUG    Executing Trial 4 with seed 4
09-18 00:08 DEBUG    Data statistics: {0: {0: 493, 1: 510, 2: 503, 3: 481, 4: 493, 5: 486, 6: 511, 7: 523, 8: 478, 9: 522}, 1: {0: 540, 1: 517, 2: 471, 3: 504, 4: 472, 5: 518, 6: 509, 7: 490, 8: 482, 9: 497}, 2: {0: 488, 1: 490, 2: 482, 3: 472, 4: 540, 5: 512, 6: 512, 7: 501, 8: 519, 9: 484}, 3: {0: 532, 1: 502, 2: 528, 3: 484, 4: 490, 5: 477, 6: 569, 7: 488, 8: 466, 9: 464}, 4: {0: 475, 1: 525, 2: 514, 3: 524, 4: 516, 5: 509, 6: 467, 7: 494, 8: 487, 9: 489}, 5: {0: 512, 1: 476, 2: 518, 3: 534, 4: 464, 5: 516, 6: 458, 7: 488, 8: 538, 9: 496}, 6: {0: 471, 1: 503, 2: 487, 3: 516, 4: 493, 5: 509, 6: 500, 7: 508, 8: 497, 9: 516}, 7: {0: 518, 1: 472, 2: 488, 3: 487, 4: 525, 5: 494, 6: 479, 7: 506, 8: 501, 9: 530}, 8: {0: 494, 1: 497, 2: 489, 3: 491, 4: 514, 5: 507, 6: 476, 7: 519, 8: 524, 9: 489}, 9: {0: 477, 1: 508, 2: 520, 3: 507, 4: 493, 5: 472, 6: 519, 7: 483, 8: 508, 9: 513}}
09-18 00:10 DEBUG    **************************************************
09-18 00:10 DEBUG    Running experiments 

09-18 00:11 DEBUG    Uniform ensemble (Train acc): 0.418900
09-18 00:11 DEBUG    Uniform ensemble (Test acc): 0.412500
09-18 00:11 DEBUG    FedAvg (Train acc): 0.100120
09-18 00:11 DEBUG    FedAvg (Test acc): 0.100000
09-18 00:25 DEBUG    ****** PDM_KL matching ******** 
09-18 00:25 DEBUG    Best Sigma0: 10. Best sigma: 1 Best gamma: 10. Best Test accuracy: 0.409. Train acc: 0.41732. 

09-18 00:25 DEBUG    PDM_KL log: {(10, 1, 10): {'shapes': [(3072, 700), (700,), (700, 10), (10,)], 'train_accuracy': 0.41732, 'test_accuracy': 0.409}} 
09-18 00:53 DEBUG    ****** PDM_KL matching ******** 
09-18 00:53 DEBUG    Best Sigma0: 10. Best sigma: 1 Best gamma: 10. Best Test accuracy: 0.409. Train acc: 0.41734. 

09-18 00:53 DEBUG    PDM_KL log: {(10, 1, 10): {'shapes': [(3072, 700), (700,), (700, 10), (10,)], 'train_accuracy': 0.41734, 'test_accuracy': 0.409}} 
09-18 01:21 DEBUG    ****** PDM_KL matching ******** 
09-18 01:21 DEBUG    Best Sigma0: 10. Best sigma: 1 Best gamma: 10. Best Test accuracy: 0.409. Train acc: 0.41734. 

09-18 01:21 DEBUG    PDM_KL log: {(10, 1, 10): {'shapes': [(3072, 700), (700,), (700, 10), (10,)], 'train_accuracy': 0.41734, 'test_accuracy': 0.409}} 
09-18 01:50 DEBUG    ****** PDM_KL matching ******** 
09-18 01:50 DEBUG    Best Sigma0: 10. Best sigma: 1 Best gamma: 10. Best Test accuracy: 0.409. Train acc: 0.41734. 

09-18 01:50 DEBUG    PDM_KL log: {(10, 1, 10): {'shapes': [(3072, 700), (700,), (700, 10), (10,)], 'train_accuracy': 0.41734, 'test_accuracy': 0.409}} 
09-18 02:17 DEBUG    ****** PDM_KL matching ******** 
09-18 02:17 DEBUG    Best Sigma0: 10. Best sigma: 1 Best gamma: 10. Best Test accuracy: 0.409. Train acc: 0.4173. 

09-18 02:17 DEBUG    PDM_KL log: {(10, 1, 10): {'shapes': [(3072, 700), (700,), (700, 10), (10,)], 'train_accuracy': 0.4173, 'test_accuracy': 0.409}} 
09-18 02:44 DEBUG    ****** PDM_KL matching ******** 
09-18 02:44 DEBUG    Best Sigma0: 10. Best sigma: 1 Best gamma: 10. Best Test accuracy: 0.409. Train acc: 0.4173. 

09-18 02:44 DEBUG    PDM_KL log: {(10, 1, 10): {'shapes': [(3072, 700), (700,), (700, 10), (10,)], 'train_accuracy': 0.4173, 'test_accuracy': 0.409}} 
09-18 03:13 DEBUG    ****** PDM_KL matching ******** 
09-18 03:13 DEBUG    Best Sigma0: 10. Best sigma: 1 Best gamma: 10. Best Test accuracy: 0.409. Train acc: 0.41734. 

09-18 03:13 DEBUG    PDM_KL log: {(10, 1, 10): {'shapes': [(3072, 700), (700,), (700, 10), (10,)], 'train_accuracy': 0.41734, 'test_accuracy': 0.409}} 
09-18 03:27 DEBUG    ****** PDM_KL matching ******** 
09-18 03:27 DEBUG    Best Sigma0: 10. Best sigma: 1 Best gamma: 10. Best Test accuracy: 0.3983. Train acc: 0.4081. 

09-18 03:27 DEBUG    PDM_KL log: {(10, 1, 10): {'shapes': [(3072, 271), (271,), (271, 10), (10,)], 'train_accuracy': 0.4081, 'test_accuracy': 0.3983}} 
09-18 03:33 DEBUG    ****** PDM_KL matching ******** 
09-18 03:33 DEBUG    Best Sigma0: 10. Best sigma: 1 Best gamma: 10. Best Test accuracy: 0.1. Train acc: 0.1. 

09-18 03:33 DEBUG    PDM_KL log: {(10, 1, 10): {'shapes': [(3072, 109), (109,), (109, 10), (10,)], 'train_accuracy': 0.1, 'test_accuracy': 0.1}} 
09-18 03:38 DEBUG    ****** PDM_KL matching ******** 
09-18 03:38 DEBUG    Best Sigma0: 10. Best sigma: 1 Best gamma: 10. Best Test accuracy: 0.1. Train acc: 0.1. 

09-18 03:38 DEBUG    PDM_KL log: {(10, 1, 10): {'shapes': [(3072, 100), (100,), (100, 10), (10,)], 'train_accuracy': 0.1, 'test_accuracy': 0.1}} 
09-18 03:43 DEBUG    ****** PDM_KL matching ******** 
09-18 03:43 DEBUG    Best Sigma0: 10. Best sigma: 1 Best gamma: 10. Best Test accuracy: 0.1. Train acc: 0.1. 

09-18 03:43 DEBUG    PDM_KL log: {(10, 1, 10): {'shapes': [(3072, 100), (100,), (100, 10), (10,)], 'train_accuracy': 0.1, 'test_accuracy': 0.1}} 
09-18 03:43 DEBUG    Trial 4 completed
09-18 03:43 DEBUG    ####################################################################################################
09-18 03:43 DEBUG    ####################################################################################################
09-18 03:43 DEBUG    Executing Trial 5 with seed 5
09-18 03:43 DEBUG    Data statistics: {0: {0: 506, 1: 481, 2: 527, 3: 510, 4: 480, 5: 503, 6: 521, 7: 490, 8: 497, 9: 485}, 1: {0: 490, 1: 480, 2: 474, 3: 544, 4: 490, 5: 515, 6: 471, 7: 492, 8: 512, 9: 532}, 2: {0: 505, 1: 512, 2: 489, 3: 508, 4: 493, 5: 500, 6: 500, 7: 467, 8: 510, 9: 516}, 3: {0: 470, 1: 509, 2: 507, 3: 490, 4: 510, 5: 485, 6: 495, 7: 537, 8: 511, 9: 486}, 4: {0: 521, 1: 509, 2: 461, 3: 504, 4: 533, 5: 475, 6: 501, 7: 516, 8: 493, 9: 487}, 5: {0: 553, 1: 501, 2: 514, 3: 461, 4: 516, 5: 522, 6: 476, 7: 508, 8: 473, 9: 476}, 6: {0: 515, 1: 505, 2: 504, 3: 477, 4: 491, 5: 503, 6: 506, 7: 485, 8: 477, 9: 537}, 7: {0: 479, 1: 494, 2: 525, 3: 488, 4: 488, 5: 504, 6: 543, 7: 509, 8: 506, 9: 464}, 8: {0: 450, 1: 502, 2: 468, 3: 521, 4: 484, 5: 508, 6: 509, 7: 513, 8: 528, 9: 517}, 9: {0: 511, 1: 507, 2: 531, 3: 497, 4: 515, 5: 485, 6: 478, 7: 483, 8: 493, 9: 500}}
09-18 03:45 DEBUG    **************************************************
09-18 03:45 DEBUG    Running experiments 

09-18 03:46 DEBUG    Uniform ensemble (Train acc): 0.419840
09-18 03:46 DEBUG    Uniform ensemble (Test acc): 0.415600
09-18 03:46 DEBUG    FedAvg (Train acc): 0.093860
09-18 03:46 DEBUG    FedAvg (Test acc): 0.095800
09-18 04:01 DEBUG    ****** PDM_KL matching ******** 
09-18 04:01 DEBUG    Best Sigma0: 10. Best sigma: 1 Best gamma: 10. Best Test accuracy: 0.4148. Train acc: 0.41306. 

09-18 04:01 DEBUG    PDM_KL log: {(10, 1, 10): {'shapes': [(3072, 700), (700,), (700, 10), (10,)], 'train_accuracy': 0.41306, 'test_accuracy': 0.4148}} 
09-18 04:30 DEBUG    ****** PDM_KL matching ******** 
09-18 04:30 DEBUG    Best Sigma0: 10. Best sigma: 1 Best gamma: 10. Best Test accuracy: 0.4147. Train acc: 0.41302. 

09-18 04:30 DEBUG    PDM_KL log: {(10, 1, 10): {'shapes': [(3072, 700), (700,), (700, 10), (10,)], 'train_accuracy': 0.41302, 'test_accuracy': 0.4147}} 
09-18 04:55 DEBUG    ****** PDM_KL matching ******** 
09-18 04:55 DEBUG    Best Sigma0: 10. Best sigma: 1 Best gamma: 10. Best Test accuracy: 0.4146. Train acc: 0.41308. 

09-18 04:55 DEBUG    PDM_KL log: {(10, 1, 10): {'shapes': [(3072, 700), (700,), (700, 10), (10,)], 'train_accuracy': 0.41308, 'test_accuracy': 0.4146}} 
09-18 05:23 DEBUG    ****** PDM_KL matching ******** 
09-18 05:23 DEBUG    Best Sigma0: 10. Best sigma: 1 Best gamma: 10. Best Test accuracy: 0.4148. Train acc: 0.41308. 

09-18 05:23 DEBUG    PDM_KL log: {(10, 1, 10): {'shapes': [(3072, 700), (700,), (700, 10), (10,)], 'train_accuracy': 0.41308, 'test_accuracy': 0.4148}} 
09-18 05:52 DEBUG    ****** PDM_KL matching ******** 
09-18 05:52 DEBUG    Best Sigma0: 10. Best sigma: 1 Best gamma: 10. Best Test accuracy: 0.4147. Train acc: 0.4131. 

09-18 05:52 DEBUG    PDM_KL log: {(10, 1, 10): {'shapes': [(3072, 700), (700,), (700, 10), (10,)], 'train_accuracy': 0.4131, 'test_accuracy': 0.4147}} 
09-18 06:21 DEBUG    ****** PDM_KL matching ******** 
09-18 06:21 DEBUG    Best Sigma0: 10. Best sigma: 1 Best gamma: 10. Best Test accuracy: 0.4147. Train acc: 0.41312. 

09-18 06:21 DEBUG    PDM_KL log: {(10, 1, 10): {'shapes': [(3072, 700), (700,), (700, 10), (10,)], 'train_accuracy': 0.41312, 'test_accuracy': 0.4147}} 
09-18 06:50 DEBUG    ****** PDM_KL matching ******** 
09-18 06:50 DEBUG    Best Sigma0: 10. Best sigma: 1 Best gamma: 10. Best Test accuracy: 0.4147. Train acc: 0.41312. 

09-18 06:50 DEBUG    PDM_KL log: {(10, 1, 10): {'shapes': [(3072, 700), (700,), (700, 10), (10,)], 'train_accuracy': 0.41312, 'test_accuracy': 0.4147}} 
09-18 07:04 DEBUG    ****** PDM_KL matching ******** 
09-18 07:04 DEBUG    Best Sigma0: 10. Best sigma: 1 Best gamma: 10. Best Test accuracy: 0.4035. Train acc: 0.40468. 

09-18 07:04 DEBUG    PDM_KL log: {(10, 1, 10): {'shapes': [(3072, 271), (271,), (271, 10), (10,)], 'train_accuracy': 0.40468, 'test_accuracy': 0.4035}} 
09-18 07:09 DEBUG    ****** PDM_KL matching ******** 
09-18 07:09 DEBUG    Best Sigma0: 10. Best sigma: 1 Best gamma: 10. Best Test accuracy: 0.1. Train acc: 0.1. 

09-18 07:09 DEBUG    PDM_KL log: {(10, 1, 10): {'shapes': [(3072, 109), (109,), (109, 10), (10,)], 'train_accuracy': 0.1, 'test_accuracy': 0.1}} 
09-18 07:14 DEBUG    ****** PDM_KL matching ******** 
09-18 07:14 DEBUG    Best Sigma0: 10. Best sigma: 1 Best gamma: 10. Best Test accuracy: 0.0999. Train acc: 0.09992. 

09-18 07:14 DEBUG    PDM_KL log: {(10, 1, 10): {'shapes': [(3072, 100), (100,), (100, 10), (10,)], 'train_accuracy': 0.09992, 'test_accuracy': 0.0999}} 
09-18 07:18 DEBUG    ****** PDM_KL matching ******** 
09-18 07:18 DEBUG    Best Sigma0: 10. Best sigma: 1 Best gamma: 10. Best Test accuracy: 0.1. Train acc: 0.10002. 

09-18 07:18 DEBUG    PDM_KL log: {(10, 1, 10): {'shapes': [(3072, 100), (100,), (100, 10), (10,)], 'train_accuracy': 0.10002, 'test_accuracy': 0.1}} 
09-18 07:18 DEBUG    Trial 5 completed
09-18 07:18 DEBUG    ####################################################################################################
09-18 07:18 DEBUG    ####################################################################################################
09-18 07:18 DEBUG    Executing Trial 6 with seed 6
09-18 07:18 DEBUG    Data statistics: {0: {0: 525, 1: 492, 2: 476, 3: 486, 4: 508, 5: 495, 6: 524, 7: 481, 8: 510, 9: 503}, 1: {0: 492, 1: 515, 2: 471, 3: 507, 4: 523, 5: 503, 6: 486, 7: 482, 8: 510, 9: 511}, 2: {0: 513, 1: 485, 2: 481, 3: 511, 4: 480, 5: 511, 6: 512, 7: 479, 8: 516, 9: 512}, 3: {0: 467, 1: 473, 2: 526, 3: 496, 4: 514, 5: 514, 6: 469, 7: 513, 8: 520, 9: 508}, 4: {0: 500, 1: 492, 2: 499, 3: 519, 4: 534, 5: 460, 6: 525, 7: 485, 8: 514, 9: 472}, 5: {0: 508, 1: 492, 2: 507, 3: 512, 4: 466, 5: 513, 6: 523, 7: 492, 8: 494, 9: 493}, 6: {0: 468, 1: 508, 2: 533, 3: 506, 4: 439, 5: 510, 6: 510, 7: 519, 8: 501, 9: 506}, 7: {0: 540, 1: 511, 2: 499, 3: 452, 4: 508, 5: 501, 6: 464, 7: 529, 8: 474, 9: 522}, 8: {0: 497, 1: 497, 2: 496, 3: 517, 4: 511, 5: 497, 6: 493, 7: 509, 8: 497, 9: 486}, 9: {0: 490, 1: 535, 2: 512, 3: 494, 4: 517, 5: 496, 6: 494, 7: 511, 8: 464, 9: 487}}
09-18 07:20 DEBUG    **************************************************
09-18 07:20 DEBUG    Running experiments 

09-18 07:20 DEBUG    Uniform ensemble (Train acc): 0.421120
09-18 07:20 DEBUG    Uniform ensemble (Test acc): 0.417700
09-18 07:21 DEBUG    FedAvg (Train acc): 0.100040
09-18 07:21 DEBUG    FedAvg (Test acc): 0.099400
09-18 07:34 DEBUG    ****** PDM_KL matching ******** 
09-18 07:34 DEBUG    Best Sigma0: 10. Best sigma: 1 Best gamma: 10. Best Test accuracy: 0.4119. Train acc: 0.4181. 

09-18 07:34 DEBUG    PDM_KL log: {(10, 1, 10): {'shapes': [(3072, 700), (700,), (700, 10), (10,)], 'train_accuracy': 0.4181, 'test_accuracy': 0.4119}} 
09-18 07:58 DEBUG    ****** PDM_KL matching ******** 
09-18 07:58 DEBUG    Best Sigma0: 10. Best sigma: 1 Best gamma: 10. Best Test accuracy: 0.4119. Train acc: 0.4181. 

09-18 07:58 DEBUG    PDM_KL log: {(10, 1, 10): {'shapes': [(3072, 700), (700,), (700, 10), (10,)], 'train_accuracy': 0.4181, 'test_accuracy': 0.4119}} 
09-18 08:22 DEBUG    ****** PDM_KL matching ******** 
09-18 08:22 DEBUG    Best Sigma0: 10. Best sigma: 1 Best gamma: 10. Best Test accuracy: 0.4116. Train acc: 0.41852. 

09-18 08:22 DEBUG    PDM_KL log: {(10, 1, 10): {'shapes': [(3072, 700), (700,), (700, 10), (10,)], 'train_accuracy': 0.41852, 'test_accuracy': 0.4116}} 
09-18 08:47 DEBUG    ****** PDM_KL matching ******** 
09-18 08:47 DEBUG    Best Sigma0: 10. Best sigma: 1 Best gamma: 10. Best Test accuracy: 0.4119. Train acc: 0.4181. 

09-18 08:47 DEBUG    PDM_KL log: {(10, 1, 10): {'shapes': [(3072, 700), (700,), (700, 10), (10,)], 'train_accuracy': 0.4181, 'test_accuracy': 0.4119}} 
09-18 09:12 DEBUG    ****** PDM_KL matching ******** 
09-18 09:12 DEBUG    Best Sigma0: 10. Best sigma: 1 Best gamma: 10. Best Test accuracy: 0.4119. Train acc: 0.41808. 

09-18 09:12 DEBUG    PDM_KL log: {(10, 1, 10): {'shapes': [(3072, 700), (700,), (700, 10), (10,)], 'train_accuracy': 0.41808, 'test_accuracy': 0.4119}} 
09-18 09:37 DEBUG    ****** PDM_KL matching ******** 
09-18 09:37 DEBUG    Best Sigma0: 10. Best sigma: 1 Best gamma: 10. Best Test accuracy: 0.4135. Train acc: 0.41902. 

09-18 09:37 DEBUG    PDM_KL log: {(10, 1, 10): {'shapes': [(3072, 700), (700,), (700, 10), (10,)], 'train_accuracy': 0.41902, 'test_accuracy': 0.4135}} 
09-18 10:04 DEBUG    ****** PDM_KL matching ******** 
09-18 10:04 DEBUG    Best Sigma0: 10. Best sigma: 1 Best gamma: 10. Best Test accuracy: 0.4116. Train acc: 0.4186. 

09-18 10:04 DEBUG    PDM_KL log: {(10, 1, 10): {'shapes': [(3072, 700), (700,), (700, 10), (10,)], 'train_accuracy': 0.4186, 'test_accuracy': 0.4116}} 
09-18 10:17 DEBUG    ****** PDM_KL matching ******** 
09-18 10:17 DEBUG    Best Sigma0: 10. Best sigma: 1 Best gamma: 10. Best Test accuracy: 0.4008. Train acc: 0.40744. 

09-18 10:17 DEBUG    PDM_KL log: {(10, 1, 10): {'shapes': [(3072, 262), (262,), (262, 10), (10,)], 'train_accuracy': 0.40744, 'test_accuracy': 0.4008}} 
09-18 10:22 DEBUG    ****** PDM_KL matching ******** 
09-18 10:22 DEBUG    Best Sigma0: 10. Best sigma: 1 Best gamma: 10. Best Test accuracy: 0.1003. Train acc: 0.10008. 

09-18 10:22 DEBUG    PDM_KL log: {(10, 1, 10): {'shapes': [(3072, 109), (109,), (109, 10), (10,)], 'train_accuracy': 0.10008, 'test_accuracy': 0.1003}} 
09-18 10:27 DEBUG    ****** PDM_KL matching ******** 
09-18 10:27 DEBUG    Best Sigma0: 10. Best sigma: 1 Best gamma: 10. Best Test accuracy: 0.1. Train acc: 0.09998. 

09-18 10:27 DEBUG    PDM_KL log: {(10, 1, 10): {'shapes': [(3072, 100), (100,), (100, 10), (10,)], 'train_accuracy': 0.09998, 'test_accuracy': 0.1}} 
09-18 10:30 DEBUG    ****** PDM_KL matching ******** 
09-18 10:30 DEBUG    Best Sigma0: 10. Best sigma: 1 Best gamma: 10. Best Test accuracy: 0.1001. Train acc: 0.1001. 

09-18 10:30 DEBUG    PDM_KL log: {(10, 1, 10): {'shapes': [(3072, 100), (100,), (100, 10), (10,)], 'train_accuracy': 0.1001, 'test_accuracy': 0.1001}} 
09-18 10:30 DEBUG    Trial 6 completed
09-18 10:30 DEBUG    ####################################################################################################
09-18 10:30 DEBUG    ####################################################################################################
09-18 10:30 DEBUG    Executing Trial 7 with seed 7
09-18 10:30 DEBUG    Data statistics: {0: {0: 482, 1: 521, 2: 535, 3: 522, 4: 467, 5: 501, 6: 526, 7: 471, 8: 489, 9: 486}, 1: {0: 527, 1: 478, 2: 478, 3: 525, 4: 507, 5: 463, 6: 507, 7: 499, 8: 520, 9: 496}, 2: {0: 489, 1: 470, 2: 493, 3: 474, 4: 505, 5: 539, 6: 476, 7: 516, 8: 519, 9: 519}, 3: {0: 489, 1: 489, 2: 485, 3: 519, 4: 474, 5: 505, 6: 483, 7: 517, 8: 515, 9: 524}, 4: {0: 516, 1: 492, 2: 514, 3: 501, 4: 490, 5: 513, 6: 497, 7: 486, 8: 500, 9: 491}, 5: {0: 507, 1: 511, 2: 508, 3: 489, 4: 512, 5: 491, 6: 462, 7: 498, 8: 503, 9: 519}, 6: {0: 487, 1: 497, 2: 481, 3: 477, 4: 494, 5: 531, 6: 534, 7: 484, 8: 539, 9: 476}, 7: {0: 512, 1: 497, 2: 493, 3: 496, 4: 537, 5: 462, 6: 510, 7: 562, 8: 460, 9: 471}, 8: {0: 527, 1: 536, 2: 509, 3: 474, 4: 504, 5: 500, 6: 486, 7: 464, 8: 468, 9: 532}, 9: {0: 464, 1: 509, 2: 504, 3: 523, 4: 510, 5: 495, 6: 519, 7: 503, 8: 487, 9: 486}}
09-18 10:32 DEBUG    **************************************************
09-18 10:32 DEBUG    Running experiments 

09-18 10:33 DEBUG    Uniform ensemble (Train acc): 0.423060
09-18 10:33 DEBUG    Uniform ensemble (Test acc): 0.416500
09-18 10:33 DEBUG    FedAvg (Train acc): 0.100140
09-18 10:33 DEBUG    FedAvg (Test acc): 0.100100
09-18 10:45 DEBUG    ****** PDM_KL matching ******** 
09-18 10:45 DEBUG    Best Sigma0: 10. Best sigma: 1 Best gamma: 10. Best Test accuracy: 0.4096. Train acc: 0.41508. 

09-18 10:45 DEBUG    PDM_KL log: {(10, 1, 10): {'shapes': [(3072, 700), (700,), (700, 10), (10,)], 'train_accuracy': 0.41508, 'test_accuracy': 0.4096}} 
09-18 11:10 DEBUG    ****** PDM_KL matching ******** 
09-18 11:10 DEBUG    Best Sigma0: 10. Best sigma: 1 Best gamma: 10. Best Test accuracy: 0.4095. Train acc: 0.41512. 

09-18 11:10 DEBUG    PDM_KL log: {(10, 1, 10): {'shapes': [(3072, 700), (700,), (700, 10), (10,)], 'train_accuracy': 0.41512, 'test_accuracy': 0.4095}} 
09-18 11:33 DEBUG    ****** PDM_KL matching ******** 
09-18 11:33 DEBUG    Best Sigma0: 10. Best sigma: 1 Best gamma: 10. Best Test accuracy: 0.4098. Train acc: 0.41512. 

09-18 11:33 DEBUG    PDM_KL log: {(10, 1, 10): {'shapes': [(3072, 700), (700,), (700, 10), (10,)], 'train_accuracy': 0.41512, 'test_accuracy': 0.4098}} 
09-18 11:58 DEBUG    ****** PDM_KL matching ******** 
09-18 11:58 DEBUG    Best Sigma0: 10. Best sigma: 1 Best gamma: 10. Best Test accuracy: 0.4109. Train acc: 0.41582. 

09-18 11:58 DEBUG    PDM_KL log: {(10, 1, 10): {'shapes': [(3072, 700), (700,), (700, 10), (10,)], 'train_accuracy': 0.41582, 'test_accuracy': 0.4109}} 
09-18 12:22 DEBUG    ****** PDM_KL matching ******** 
09-18 12:22 DEBUG    Best Sigma0: 10. Best sigma: 1 Best gamma: 10. Best Test accuracy: 0.4096. Train acc: 0.41506. 

09-18 12:22 DEBUG    PDM_KL log: {(10, 1, 10): {'shapes': [(3072, 700), (700,), (700, 10), (10,)], 'train_accuracy': 0.41506, 'test_accuracy': 0.4096}} 
09-18 12:45 DEBUG    ****** PDM_KL matching ******** 
09-18 12:45 DEBUG    Best Sigma0: 10. Best sigma: 1 Best gamma: 10. Best Test accuracy: 0.4096. Train acc: 0.41508. 

09-18 12:45 DEBUG    PDM_KL log: {(10, 1, 10): {'shapes': [(3072, 700), (700,), (700, 10), (10,)], 'train_accuracy': 0.41508, 'test_accuracy': 0.4096}} 
09-18 13:13 DEBUG    ****** PDM_KL matching ******** 
09-18 13:13 DEBUG    Best Sigma0: 10. Best sigma: 1 Best gamma: 10. Best Test accuracy: 0.4096. Train acc: 0.41522. 

09-18 13:13 DEBUG    PDM_KL log: {(10, 1, 10): {'shapes': [(3072, 700), (700,), (700, 10), (10,)], 'train_accuracy': 0.41522, 'test_accuracy': 0.4096}} 
09-18 13:26 DEBUG    ****** PDM_KL matching ******** 
09-18 13:26 DEBUG    Best Sigma0: 10. Best sigma: 1 Best gamma: 10. Best Test accuracy: 0.4059. Train acc: 0.41022. 

09-18 13:26 DEBUG    PDM_KL log: {(10, 1, 10): {'shapes': [(3072, 271), (271,), (271, 10), (10,)], 'train_accuracy': 0.41022, 'test_accuracy': 0.4059}} 
09-18 13:31 DEBUG    ****** PDM_KL matching ******** 
09-18 13:31 DEBUG    Best Sigma0: 10. Best sigma: 1 Best gamma: 10. Best Test accuracy: 0.1. Train acc: 0.1. 

09-18 13:31 DEBUG    PDM_KL log: {(10, 1, 10): {'shapes': [(3072, 109), (109,), (109, 10), (10,)], 'train_accuracy': 0.1, 'test_accuracy': 0.1}} 
09-18 13:36 DEBUG    ****** PDM_KL matching ******** 
09-18 13:36 DEBUG    Best Sigma0: 10. Best sigma: 1 Best gamma: 10. Best Test accuracy: 0.1. Train acc: 0.1. 

09-18 13:36 DEBUG    PDM_KL log: {(10, 1, 10): {'shapes': [(3072, 100), (100,), (100, 10), (10,)], 'train_accuracy': 0.1, 'test_accuracy': 0.1}} 
09-18 13:40 DEBUG    ****** PDM_KL matching ******** 
09-18 13:40 DEBUG    Best Sigma0: 10. Best sigma: 1 Best gamma: 10. Best Test accuracy: 0.1. Train acc: 0.09998. 

09-18 13:40 DEBUG    PDM_KL log: {(10, 1, 10): {'shapes': [(3072, 100), (100,), (100, 10), (10,)], 'train_accuracy': 0.09998, 'test_accuracy': 0.1}} 
09-18 13:40 DEBUG    Trial 7 completed
09-18 13:40 DEBUG    ####################################################################################################
09-18 13:40 DEBUG    ####################################################################################################
09-18 13:40 DEBUG    Executing Trial 8 with seed 8
09-18 13:40 DEBUG    Data statistics: {0: {0: 518, 1: 496, 2: 490, 3: 514, 4: 513, 5: 507, 6: 510, 7: 462, 8: 461, 9: 529}, 1: {0: 522, 1: 510, 2: 503, 3: 490, 4: 501, 5: 481, 6: 522, 7: 496, 8: 471, 9: 504}, 2: {0: 475, 1: 498, 2: 474, 3: 476, 4: 493, 5: 531, 6: 504, 7: 508, 8: 526, 9: 515}, 3: {0: 491, 1: 516, 2: 505, 3: 501, 4: 508, 5: 499, 6: 480, 7: 486, 8: 519, 9: 495}, 4: {0: 501, 1: 463, 2: 496, 3: 496, 4: 519, 5: 487, 6: 482, 7: 543, 8: 536, 9: 477}, 5: {0: 475, 1: 502, 2: 493, 3: 483, 4: 512, 5: 511, 6: 521, 7: 468, 8: 501, 9: 534}, 6: {0: 492, 1: 517, 2: 530, 3: 502, 4: 509, 5: 480, 6: 493, 7: 488, 8: 499, 9: 490}, 7: {0: 486, 1: 501, 2: 518, 3: 524, 4: 484, 5: 491, 6: 489, 7: 507, 8: 530, 9: 470}, 8: {0: 509, 1: 511, 2: 467, 3: 503, 4: 495, 5: 509, 6: 513, 7: 516, 8: 465, 9: 512}, 9: {0: 531, 1: 486, 2: 524, 3: 511, 4: 466, 5: 504, 6: 486, 7: 526, 8: 492, 9: 474}}
09-18 13:42 DEBUG    **************************************************
09-18 13:42 DEBUG    Running experiments 

09-18 13:43 DEBUG    Uniform ensemble (Train acc): 0.420840
09-18 13:43 DEBUG    Uniform ensemble (Test acc): 0.415000
09-18 13:43 DEBUG    FedAvg (Train acc): 0.100340
09-18 13:43 DEBUG    FedAvg (Test acc): 0.100200
09-18 13:57 DEBUG    ****** PDM_KL matching ******** 
09-18 13:57 DEBUG    Best Sigma0: 10. Best sigma: 1 Best gamma: 10. Best Test accuracy: 0.408. Train acc: 0.4108. 

09-18 13:57 DEBUG    PDM_KL log: {(10, 1, 10): {'shapes': [(3072, 700), (700,), (700, 10), (10,)], 'train_accuracy': 0.4108, 'test_accuracy': 0.408}} 
09-18 14:26 DEBUG    ****** PDM_KL matching ******** 
09-18 14:26 DEBUG    Best Sigma0: 10. Best sigma: 1 Best gamma: 10. Best Test accuracy: 0.408. Train acc: 0.4108. 

09-18 14:26 DEBUG    PDM_KL log: {(10, 1, 10): {'shapes': [(3072, 700), (700,), (700, 10), (10,)], 'train_accuracy': 0.4108, 'test_accuracy': 0.408}} 
09-18 14:53 DEBUG    ****** PDM_KL matching ******** 
09-18 14:53 DEBUG    Best Sigma0: 10. Best sigma: 1 Best gamma: 10. Best Test accuracy: 0.408. Train acc: 0.4108. 

09-18 14:53 DEBUG    PDM_KL log: {(10, 1, 10): {'shapes': [(3072, 700), (700,), (700, 10), (10,)], 'train_accuracy': 0.4108, 'test_accuracy': 0.408}} 
09-18 15:22 DEBUG    ****** PDM_KL matching ******** 
09-18 15:22 DEBUG    Best Sigma0: 10. Best sigma: 1 Best gamma: 10. Best Test accuracy: 0.408. Train acc: 0.41082. 

09-18 15:22 DEBUG    PDM_KL log: {(10, 1, 10): {'shapes': [(3072, 700), (700,), (700, 10), (10,)], 'train_accuracy': 0.41082, 'test_accuracy': 0.408}} 
09-18 15:52 DEBUG    ****** PDM_KL matching ******** 
09-18 15:52 DEBUG    Best Sigma0: 10. Best sigma: 1 Best gamma: 10. Best Test accuracy: 0.408. Train acc: 0.4108. 

09-18 15:52 DEBUG    PDM_KL log: {(10, 1, 10): {'shapes': [(3072, 700), (700,), (700, 10), (10,)], 'train_accuracy': 0.4108, 'test_accuracy': 0.408}} 
09-18 16:22 DEBUG    ****** PDM_KL matching ******** 
09-18 16:22 DEBUG    Best Sigma0: 10. Best sigma: 1 Best gamma: 10. Best Test accuracy: 0.408. Train acc: 0.4108. 

09-18 16:22 DEBUG    PDM_KL log: {(10, 1, 10): {'shapes': [(3072, 700), (700,), (700, 10), (10,)], 'train_accuracy': 0.4108, 'test_accuracy': 0.408}} 
09-18 16:50 DEBUG    ****** PDM_KL matching ******** 
09-18 16:50 DEBUG    Best Sigma0: 10. Best sigma: 1 Best gamma: 10. Best Test accuracy: 0.408. Train acc: 0.41084. 

09-18 16:50 DEBUG    PDM_KL log: {(10, 1, 10): {'shapes': [(3072, 700), (700,), (700, 10), (10,)], 'train_accuracy': 0.41084, 'test_accuracy': 0.408}} 
09-18 17:05 DEBUG    ****** PDM_KL matching ******** 
09-18 17:05 DEBUG    Best Sigma0: 10. Best sigma: 1 Best gamma: 10. Best Test accuracy: 0.3994. Train acc: 0.40282. 

09-18 17:05 DEBUG    PDM_KL log: {(10, 1, 10): {'shapes': [(3072, 271), (271,), (271, 10), (10,)], 'train_accuracy': 0.40282, 'test_accuracy': 0.3994}} 
09-18 17:10 DEBUG    ****** PDM_KL matching ******** 
09-18 17:10 DEBUG    Best Sigma0: 10. Best sigma: 1 Best gamma: 10. Best Test accuracy: 0.1. Train acc: 0.10004. 

09-18 17:10 DEBUG    PDM_KL log: {(10, 1, 10): {'shapes': [(3072, 100), (100,), (100, 10), (10,)], 'train_accuracy': 0.10004, 'test_accuracy': 0.1}} 
09-18 17:15 DEBUG    ****** PDM_KL matching ******** 
09-18 17:15 DEBUG    Best Sigma0: 10. Best sigma: 1 Best gamma: 10. Best Test accuracy: 0.1. Train acc: 0.1. 

09-18 17:15 DEBUG    PDM_KL log: {(10, 1, 10): {'shapes': [(3072, 100), (100,), (100, 10), (10,)], 'train_accuracy': 0.1, 'test_accuracy': 0.1}} 
09-18 17:21 DEBUG    ****** PDM_KL matching ******** 
09-18 17:21 DEBUG    Best Sigma0: 10. Best sigma: 1 Best gamma: 10. Best Test accuracy: 0.1. Train acc: 0.1. 

09-18 17:21 DEBUG    PDM_KL log: {(10, 1, 10): {'shapes': [(3072, 100), (100,), (100, 10), (10,)], 'train_accuracy': 0.1, 'test_accuracy': 0.1}} 
09-18 17:21 DEBUG    Trial 8 completed
09-18 17:21 DEBUG    ####################################################################################################
09-18 17:21 DEBUG    ####################################################################################################
09-18 17:21 DEBUG    Executing Trial 9 with seed 9
09-18 17:21 DEBUG    Data statistics: {0: {0: 490, 1: 482, 2: 496, 3: 501, 4: 516, 5: 513, 6: 508, 7: 486, 8: 504, 9: 504}, 1: {0: 513, 1: 502, 2: 507, 3: 476, 4: 496, 5: 476, 6: 494, 7: 502, 8: 507, 9: 527}, 2: {0: 522, 1: 476, 2: 517, 3: 485, 4: 499, 5: 500, 6: 520, 7: 481, 8: 499, 9: 501}, 3: {0: 496, 1: 502, 2: 519, 3: 490, 4: 472, 5: 502, 6: 500, 7: 536, 8: 496, 9: 487}, 4: {0: 507, 1: 522, 2: 514, 3: 506, 4: 531, 5: 481, 6: 497, 7: 507, 8: 465, 9: 470}, 5: {0: 497, 1: 510, 2: 499, 3: 467, 4: 539, 5: 520, 6: 494, 7: 468, 8: 484, 9: 522}, 6: {0: 478, 1: 569, 2: 478, 3: 535, 4: 485, 5: 492, 6: 487, 7: 498, 8: 510, 9: 468}, 7: {0: 486, 1: 459, 2: 494, 3: 516, 4: 492, 5: 497, 6: 510, 7: 517, 8: 524, 9: 505}, 8: {0: 511, 1: 495, 2: 478, 3: 538, 4: 463, 5: 513, 6: 470, 7: 511, 8: 499, 9: 522}, 9: {0: 500, 1: 483, 2: 498, 3: 486, 4: 507, 5: 506, 6: 520, 7: 494, 8: 512, 9: 494}}
09-18 17:23 DEBUG    **************************************************
09-18 17:23 DEBUG    Running experiments 

09-18 17:24 DEBUG    Uniform ensemble (Train acc): 0.426600
09-18 17:24 DEBUG    Uniform ensemble (Test acc): 0.421700
09-18 17:24 DEBUG    FedAvg (Train acc): 0.099240
09-18 17:24 DEBUG    FedAvg (Test acc): 0.099200
09-18 17:39 DEBUG    ****** PDM_KL matching ******** 
09-18 17:39 DEBUG    Best Sigma0: 10. Best sigma: 1 Best gamma: 10. Best Test accuracy: 0.4163. Train acc: 0.42114. 

09-18 17:39 DEBUG    PDM_KL log: {(10, 1, 10): {'shapes': [(3072, 700), (700,), (700, 10), (10,)], 'train_accuracy': 0.42114, 'test_accuracy': 0.4163}} 
09-18 18:09 DEBUG    ****** PDM_KL matching ******** 
09-18 18:09 DEBUG    Best Sigma0: 10. Best sigma: 1 Best gamma: 10. Best Test accuracy: 0.4166. Train acc: 0.42126. 

09-18 18:09 DEBUG    PDM_KL log: {(10, 1, 10): {'shapes': [(3072, 700), (700,), (700, 10), (10,)], 'train_accuracy': 0.42126, 'test_accuracy': 0.4166}} 
09-18 18:36 DEBUG    ****** PDM_KL matching ******** 
09-18 18:36 DEBUG    Best Sigma0: 10. Best sigma: 1 Best gamma: 10. Best Test accuracy: 0.4164. Train acc: 0.4211. 

09-18 18:36 DEBUG    PDM_KL log: {(10, 1, 10): {'shapes': [(3072, 700), (700,), (700, 10), (10,)], 'train_accuracy': 0.4211, 'test_accuracy': 0.4164}} 
09-18 19:05 DEBUG    ****** PDM_KL matching ******** 
09-18 19:05 DEBUG    Best Sigma0: 10. Best sigma: 1 Best gamma: 10. Best Test accuracy: 0.4165. Train acc: 0.4211. 

09-18 19:05 DEBUG    PDM_KL log: {(10, 1, 10): {'shapes': [(3072, 700), (700,), (700, 10), (10,)], 'train_accuracy': 0.4211, 'test_accuracy': 0.4165}} 
09-18 19:33 DEBUG    ****** PDM_KL matching ******** 
09-18 19:33 DEBUG    Best Sigma0: 10. Best sigma: 1 Best gamma: 10. Best Test accuracy: 0.4163. Train acc: 0.42112. 

09-18 19:33 DEBUG    PDM_KL log: {(10, 1, 10): {'shapes': [(3072, 700), (700,), (700, 10), (10,)], 'train_accuracy': 0.42112, 'test_accuracy': 0.4163}} 
09-18 20:01 DEBUG    ****** PDM_KL matching ******** 
09-18 20:01 DEBUG    Best Sigma0: 10. Best sigma: 1 Best gamma: 10. Best Test accuracy: 0.4166. Train acc: 0.42144. 

09-18 20:01 DEBUG    PDM_KL log: {(10, 1, 10): {'shapes': [(3072, 700), (700,), (700, 10), (10,)], 'train_accuracy': 0.42144, 'test_accuracy': 0.4166}} 
09-18 20:27 DEBUG    ****** PDM_KL matching ******** 
09-18 20:27 DEBUG    Best Sigma0: 10. Best sigma: 1 Best gamma: 10. Best Test accuracy: 0.4167. Train acc: 0.42136. 

09-18 20:27 DEBUG    PDM_KL log: {(10, 1, 10): {'shapes': [(3072, 700), (700,), (700, 10), (10,)], 'train_accuracy': 0.42136, 'test_accuracy': 0.4167}} 
09-18 20:41 DEBUG    ****** PDM_KL matching ******** 
09-18 20:41 DEBUG    Best Sigma0: 10. Best sigma: 1 Best gamma: 10. Best Test accuracy: 0.4087. Train acc: 0.40916. 

09-18 20:41 DEBUG    PDM_KL log: {(10, 1, 10): {'shapes': [(3072, 271), (271,), (271, 10), (10,)], 'train_accuracy': 0.40916, 'test_accuracy': 0.4087}} 
09-18 20:46 DEBUG    ****** PDM_KL matching ******** 
09-18 20:46 DEBUG    Best Sigma0: 10. Best sigma: 1 Best gamma: 10. Best Test accuracy: 0.1. Train acc: 0.1. 

09-18 20:46 DEBUG    PDM_KL log: {(10, 1, 10): {'shapes': [(3072, 100), (100,), (100, 10), (10,)], 'train_accuracy': 0.1, 'test_accuracy': 0.1}} 
09-18 20:51 DEBUG    ****** PDM_KL matching ******** 
09-18 20:51 DEBUG    Best Sigma0: 10. Best sigma: 1 Best gamma: 10. Best Test accuracy: 0.1. Train acc: 0.1. 

09-18 20:51 DEBUG    PDM_KL log: {(10, 1, 10): {'shapes': [(3072, 100), (100,), (100, 10), (10,)], 'train_accuracy': 0.1, 'test_accuracy': 0.1}} 
09-18 20:56 DEBUG    ****** PDM_KL matching ******** 
09-18 20:56 DEBUG    Best Sigma0: 10. Best sigma: 1 Best gamma: 10. Best Test accuracy: 0.1002. Train acc: 0.09998. 

09-18 20:56 DEBUG    PDM_KL log: {(10, 1, 10): {'shapes': [(3072, 100), (100,), (100, 10), (10,)], 'train_accuracy': 0.09998, 'test_accuracy': 0.1002}} 
09-18 20:56 DEBUG    Trial 9 completed
09-18 20:56 DEBUG    ####################################################################################################
