09-29 12:18 DEBUG    Experiment arguments: Namespace(alpha=0.5, communication_rounds=None, datadir='data/mnist', dataset='mnist', device=1.0, dropout_p=0.0, epochs=20, experiment=['pdm_KL'], init_seed=0, iter_epochs=5, layers=0, loaddir='saved_weights/mnist/homo', logdir='KL_regs_bst_hyp_unlimi/mnist/homo', lr=0.01, lr_decay=0.99, n=20, n_layers=1, n_nets=20, net_config=[784, 100, 10], num_pool_workers=1, partition='homo', pdm_gamma=10, pdm_sig=0.5, pdm_sig0=10, reg=1e-06, reg_fac=0.0, trials=10)
09-29 12:18 DEBUG    ####################################################################################################
09-29 12:18 DEBUG    Executing Trial 0 with seed 0
09-29 12:18 DEBUG    Data statistics: {0: {0: 326, 1: 328, 2: 287, 3: 310, 4: 296, 5: 247, 6: 318, 7: 306, 8: 286, 9: 296}, 1: {0: 279, 1: 360, 2: 299, 3: 273, 4: 269, 5: 271, 6: 313, 7: 319, 8: 298, 9: 319}, 2: {0: 306, 1: 342, 2: 309, 3: 306, 4: 287, 5: 273, 6: 282, 7: 314, 8: 299, 9: 282}, 3: {0: 294, 1: 349, 2: 271, 3: 319, 4: 301, 5: 284, 6: 277, 7: 289, 8: 308, 9: 308}, 4: {0: 305, 1: 349, 2: 292, 3: 340, 4: 281, 5: 267, 6: 278, 7: 307, 8: 293, 9: 288}, 5: {0: 302, 1: 342, 2: 291, 3: 299, 4: 296, 5: 249, 6: 293, 7: 334, 8: 303, 9: 291}, 6: {0: 302, 1: 315, 2: 302, 3: 298, 4: 295, 5: 278, 6: 295, 7: 318, 8: 308, 9: 289}, 7: {0: 303, 1: 327, 2: 308, 3: 282, 4: 295, 5: 287, 6: 277, 7: 314, 8: 283, 9: 324}, 8: {0: 303, 1: 321, 2: 303, 3: 302, 4: 318, 5: 279, 6: 313, 7: 298, 8: 269, 9: 294}, 9: {0: 275, 1: 332, 2: 297, 3: 291, 4: 309, 5: 277, 6: 316, 7: 310, 8: 312, 9: 281}, 10: {0: 301, 1: 343, 2: 303, 3: 332, 4: 281, 5: 282, 6: 267, 7: 322, 8: 275, 9: 294}, 11: {0: 295, 1: 347, 2: 291, 3: 318, 4: 308, 5: 257, 6: 280, 7: 290, 8: 293, 9: 321}, 12: {0: 316, 1: 351, 2: 293, 3: 311, 4: 288, 5: 257, 6: 292, 7: 284, 8: 321, 9: 287}, 13: {0: 282, 1: 294, 2: 321, 3: 313, 4: 284, 5: 299, 6: 313, 7: 321, 8: 280, 9: 293}, 14: {0: 283, 1: 325, 2: 310, 3: 291, 4: 306, 5: 263, 6: 323, 7: 333, 8: 264, 9: 302}, 15: {0: 261, 1: 357, 2: 294, 3: 300, 4: 299, 5: 299, 6: 278, 7: 361, 8: 261, 9: 290}, 16: {0: 284, 1: 345, 2: 323, 3: 331, 4: 285, 5: 256, 6: 287, 7: 306, 8: 284, 9: 299}, 17: {0: 280, 1: 320, 2: 285, 3: 316, 4: 281, 5: 264, 6: 328, 7: 307, 8: 310, 9: 309}, 18: {0: 320, 1: 343, 2: 297, 3: 292, 4: 270, 5: 269, 6: 308, 7: 325, 8: 274, 9: 302}, 19: {0: 306, 1: 352, 2: 282, 3: 307, 4: 293, 5: 263, 6: 280, 7: 307, 8: 330, 9: 280}}
09-29 12:19 DEBUG    **************************************************
09-29 12:19 DEBUG    Running experiments 

09-29 12:36 DEBUG    ****** PDM_KL matching ******** 
09-29 12:36 DEBUG    Best Sigma0: 10. Best sigma: 0.5 Best gamma: 10. Best Test accuracy: 0.9599. Train acc: 0.9601666666666666. 

09-29 12:36 DEBUG    PDM_KL log: {(10, 0.5, 10): {'shapes': [(784, 1754), (1754,), (1754, 10), (10,)], 'train_accuracy': 0.9601666666666666, 'test_accuracy': 0.9599}} 
09-29 13:07 DEBUG    ****** PDM_KL matching ******** 
09-29 13:07 DEBUG    Best Sigma0: 10. Best sigma: 0.5 Best gamma: 10. Best Test accuracy: 0.9599. Train acc: 0.9601666666666666. 

09-29 13:07 DEBUG    PDM_KL log: {(10, 0.5, 10): {'shapes': [(784, 1762), (1762,), (1762, 10), (10,)], 'train_accuracy': 0.9601666666666666, 'test_accuracy': 0.9599}} 
09-29 13:38 DEBUG    ****** PDM_KL matching ******** 
09-29 13:38 DEBUG    Best Sigma0: 10. Best sigma: 0.5 Best gamma: 10. Best Test accuracy: 0.9599. Train acc: 0.9601666666666666. 

09-29 13:38 DEBUG    PDM_KL log: {(10, 0.5, 10): {'shapes': [(784, 1758), (1758,), (1758, 10), (10,)], 'train_accuracy': 0.9601666666666666, 'test_accuracy': 0.9599}} 
09-29 14:20 DEBUG    ****** PDM_KL matching ******** 
09-29 14:20 DEBUG    Best Sigma0: 10. Best sigma: 0.5 Best gamma: 10. Best Test accuracy: 0.9599. Train acc: 0.9601666666666666. 

09-29 14:20 DEBUG    PDM_KL log: {(10, 0.5, 10): {'shapes': [(784, 1760), (1760,), (1760, 10), (10,)], 'train_accuracy': 0.9601666666666666, 'test_accuracy': 0.9599}} 
09-29 15:22 DEBUG    ****** PDM_KL matching ******** 
09-29 15:22 DEBUG    Best Sigma0: 10. Best sigma: 0.5 Best gamma: 10. Best Test accuracy: 0.9599. Train acc: 0.9601666666666666. 

09-29 15:22 DEBUG    PDM_KL log: {(10, 0.5, 10): {'shapes': [(784, 1749), (1749,), (1749, 10), (10,)], 'train_accuracy': 0.9601666666666666, 'test_accuracy': 0.9599}} 
09-29 16:25 DEBUG    ****** PDM_KL matching ******** 
09-29 16:25 DEBUG    Best Sigma0: 10. Best sigma: 0.5 Best gamma: 10. Best Test accuracy: 0.9599. Train acc: 0.9601666666666666. 

09-29 16:25 DEBUG    PDM_KL log: {(10, 0.5, 10): {'shapes': [(784, 1736), (1736,), (1736, 10), (10,)], 'train_accuracy': 0.9601666666666666, 'test_accuracy': 0.9599}} 
09-29 17:27 DEBUG    ****** PDM_KL matching ******** 
09-29 17:27 DEBUG    Best Sigma0: 10. Best sigma: 0.5 Best gamma: 10. Best Test accuracy: 0.9599. Train acc: 0.9601333333333333. 

09-29 17:27 DEBUG    PDM_KL log: {(10, 0.5, 10): {'shapes': [(784, 1675), (1675,), (1675, 10), (10,)], 'train_accuracy': 0.9601333333333333, 'test_accuracy': 0.9599}} 
09-29 17:30 DEBUG    ****** PDM_KL matching ******** 
09-29 17:30 DEBUG    Best Sigma0: 10. Best sigma: 0.5 Best gamma: 10. Best Test accuracy: 0.6734. Train acc: 0.6757. 

09-29 17:30 DEBUG    PDM_KL log: {(10, 0.5, 10): {'shapes': [(784, 195), (195,), (195, 10), (10,)], 'train_accuracy': 0.6757, 'test_accuracy': 0.6734}} 
09-29 17:31 DEBUG    ****** PDM_KL matching ******** 
09-29 17:31 DEBUG    Best Sigma0: 10. Best sigma: 0.5 Best gamma: 10. Best Test accuracy: 0.0892. Train acc: 0.09035. 

09-29 17:31 DEBUG    PDM_KL log: {(10, 0.5, 10): {'shapes': [(784, 100), (100,), (100, 10), (10,)], 'train_accuracy': 0.09035, 'test_accuracy': 0.0892}} 
09-29 17:31 DEBUG    ****** PDM_KL matching ******** 
09-29 17:31 DEBUG    Best Sigma0: 10. Best sigma: 0.5 Best gamma: 10. Best Test accuracy: 0.0892. Train acc: 0.09035. 

09-29 17:31 DEBUG    PDM_KL log: {(10, 0.5, 10): {'shapes': [(784, 100), (100,), (100, 10), (10,)], 'train_accuracy': 0.09035, 'test_accuracy': 0.0892}} 
09-29 17:32 DEBUG    ****** PDM_KL matching ******** 
09-29 17:32 DEBUG    Best Sigma0: 10. Best sigma: 0.5 Best gamma: 10. Best Test accuracy: 0.0892. Train acc: 0.09035. 

09-29 17:32 DEBUG    PDM_KL log: {(10, 0.5, 10): {'shapes': [(784, 100), (100,), (100, 10), (10,)], 'train_accuracy': 0.09035, 'test_accuracy': 0.0892}} 
09-29 17:32 DEBUG    Trial 0 completed
09-29 17:32 DEBUG    ####################################################################################################
09-29 17:32 DEBUG    ####################################################################################################
09-29 17:32 DEBUG    Executing Trial 1 with seed 1
09-29 17:32 DEBUG    Data statistics: {0: {0: 265, 1: 330, 2: 295, 3: 321, 4: 304, 5: 261, 6: 329, 7: 299, 8: 305, 9: 291}, 1: {0: 292, 1: 366, 2: 307, 3: 315, 4: 271, 5: 285, 6: 298, 7: 325, 8: 271, 9: 270}, 2: {0: 302, 1: 332, 2: 287, 3: 298, 4: 296, 5: 283, 6: 291, 7: 309, 8: 292, 9: 310}, 3: {0: 299, 1: 345, 2: 305, 3: 303, 4: 286, 5: 281, 6: 269, 7: 332, 8: 304, 9: 276}, 4: {0: 314, 1: 345, 2: 292, 3: 305, 4: 289, 5: 313, 6: 289, 7: 290, 8: 287, 9: 276}, 5: {0: 277, 1: 315, 2: 315, 3: 314, 4: 294, 5: 291, 6: 295, 7: 319, 8: 284, 9: 296}, 6: {0: 302, 1: 348, 2: 308, 3: 314, 4: 285, 5: 272, 6: 303, 7: 302, 8: 277, 9: 289}, 7: {0: 321, 1: 331, 2: 279, 3: 288, 4: 304, 5: 288, 6: 304, 7: 297, 8: 297, 9: 291}, 8: {0: 310, 1: 301, 2: 312, 3: 296, 4: 277, 5: 252, 6: 304, 7: 322, 8: 303, 9: 323}, 9: {0: 280, 1: 341, 2: 287, 3: 312, 4: 306, 5: 257, 6: 298, 7: 303, 8: 307, 9: 309}, 10: {0: 287, 1: 345, 2: 312, 3: 323, 4: 292, 5: 256, 6: 332, 7: 287, 8: 286, 9: 280}, 11: {0: 296, 1: 349, 2: 311, 3: 330, 4: 298, 5: 235, 6: 252, 7: 350, 8: 270, 9: 309}, 12: {0: 288, 1: 355, 2: 336, 3: 318, 4: 276, 5: 261, 6: 278, 7: 316, 8: 295, 9: 277}, 13: {0: 314, 1: 324, 2: 308, 3: 281, 4: 290, 5: 269, 6: 286, 7: 293, 8: 329, 9: 306}, 14: {0: 279, 1: 331, 2: 290, 3: 300, 4: 281, 5: 266, 6: 321, 7: 325, 8: 289, 9: 318}, 15: {0: 294, 1: 308, 2: 279, 3: 280, 4: 327, 5: 275, 6: 281, 7: 328, 8: 300, 9: 328}, 16: {0: 299, 1: 329, 2: 271, 3: 321, 4: 286, 5: 285, 6: 296, 7: 308, 8: 292, 9: 313}, 17: {0: 323, 1: 340, 2: 296, 3: 291, 4: 311, 5: 268, 6: 283, 7: 327, 8: 286, 9: 275}, 18: {0: 285, 1: 368, 2: 285, 3: 284, 4: 286, 5: 270, 6: 305, 7: 313, 8: 301, 9: 303}, 19: {0: 296, 1: 339, 2: 283, 3: 337, 4: 283, 5: 253, 6: 304, 7: 320, 8: 276, 9: 309}}
09-29 17:33 DEBUG    **************************************************
09-29 17:33 DEBUG    Running experiments 

09-29 18:07 DEBUG    ****** PDM_KL matching ******** 
09-29 18:07 DEBUG    Best Sigma0: 10. Best sigma: 0.5 Best gamma: 10. Best Test accuracy: 0.962. Train acc: 0.9610166666666666. 

09-29 18:07 DEBUG    PDM_KL log: {(10, 0.5, 10): {'shapes': [(784, 1737), (1737,), (1737, 10), (10,)], 'train_accuracy': 0.9610166666666666, 'test_accuracy': 0.962}} 
09-29 19:09 DEBUG    ****** PDM_KL matching ******** 
09-29 19:09 DEBUG    Best Sigma0: 10. Best sigma: 0.5 Best gamma: 10. Best Test accuracy: 0.962. Train acc: 0.9610166666666666. 

09-29 19:09 DEBUG    PDM_KL log: {(10, 0.5, 10): {'shapes': [(784, 1734), (1734,), (1734, 10), (10,)], 'train_accuracy': 0.9610166666666666, 'test_accuracy': 0.962}} 
09-29 20:11 DEBUG    ****** PDM_KL matching ******** 
09-29 20:11 DEBUG    Best Sigma0: 10. Best sigma: 0.5 Best gamma: 10. Best Test accuracy: 0.962. Train acc: 0.9610166666666666. 

09-29 20:11 DEBUG    PDM_KL log: {(10, 0.5, 10): {'shapes': [(784, 1733), (1733,), (1733, 10), (10,)], 'train_accuracy': 0.9610166666666666, 'test_accuracy': 0.962}} 
09-29 21:12 DEBUG    ****** PDM_KL matching ******** 
09-29 21:12 DEBUG    Best Sigma0: 10. Best sigma: 0.5 Best gamma: 10. Best Test accuracy: 0.962. Train acc: 0.9610166666666666. 

09-29 21:12 DEBUG    PDM_KL log: {(10, 0.5, 10): {'shapes': [(784, 1724), (1724,), (1724, 10), (10,)], 'train_accuracy': 0.9610166666666666, 'test_accuracy': 0.962}} 
09-29 22:13 DEBUG    ****** PDM_KL matching ******** 
09-29 22:13 DEBUG    Best Sigma0: 10. Best sigma: 0.5 Best gamma: 10. Best Test accuracy: 0.962. Train acc: 0.9610166666666666. 

09-29 22:13 DEBUG    PDM_KL log: {(10, 0.5, 10): {'shapes': [(784, 1714), (1714,), (1714, 10), (10,)], 'train_accuracy': 0.9610166666666666, 'test_accuracy': 0.962}} 
09-29 23:13 DEBUG    ****** PDM_KL matching ******** 
09-29 23:13 DEBUG    Best Sigma0: 10. Best sigma: 0.5 Best gamma: 10. Best Test accuracy: 0.962. Train acc: 0.9610166666666666. 

09-29 23:13 DEBUG    PDM_KL log: {(10, 0.5, 10): {'shapes': [(784, 1711), (1711,), (1711, 10), (10,)], 'train_accuracy': 0.9610166666666666, 'test_accuracy': 0.962}} 
09-30 00:13 DEBUG    ****** PDM_KL matching ******** 
09-30 00:13 DEBUG    Best Sigma0: 10. Best sigma: 0.5 Best gamma: 10. Best Test accuracy: 0.9619. Train acc: 0.9610833333333333. 

09-30 00:13 DEBUG    PDM_KL log: {(10, 0.5, 10): {'shapes': [(784, 1622), (1622,), (1622, 10), (10,)], 'train_accuracy': 0.9610833333333333, 'test_accuracy': 0.9619}} 
09-30 00:16 DEBUG    ****** PDM_KL matching ******** 
09-30 00:16 DEBUG    Best Sigma0: 10. Best sigma: 0.5 Best gamma: 10. Best Test accuracy: 0.8084. Train acc: 0.8041166666666667. 

09-30 00:16 DEBUG    PDM_KL log: {(10, 0.5, 10): {'shapes': [(784, 195), (195,), (195, 10), (10,)], 'train_accuracy': 0.8041166666666667, 'test_accuracy': 0.8084}} 
09-30 00:16 DEBUG    ****** PDM_KL matching ******** 
09-30 00:16 DEBUG    Best Sigma0: 10. Best sigma: 0.5 Best gamma: 10. Best Test accuracy: 0.0892. Train acc: 0.09035. 

09-30 00:16 DEBUG    PDM_KL log: {(10, 0.5, 10): {'shapes': [(784, 100), (100,), (100, 10), (10,)], 'train_accuracy': 0.09035, 'test_accuracy': 0.0892}} 
09-30 00:17 DEBUG    ****** PDM_KL matching ******** 
09-30 00:17 DEBUG    Best Sigma0: 10. Best sigma: 0.5 Best gamma: 10. Best Test accuracy: 0.0892. Train acc: 0.09035. 

09-30 00:17 DEBUG    PDM_KL log: {(10, 0.5, 10): {'shapes': [(784, 100), (100,), (100, 10), (10,)], 'train_accuracy': 0.09035, 'test_accuracy': 0.0892}} 
09-30 00:18 DEBUG    ****** PDM_KL matching ******** 
09-30 00:18 DEBUG    Best Sigma0: 10. Best sigma: 0.5 Best gamma: 10. Best Test accuracy: 0.0892. Train acc: 0.09035. 

09-30 00:18 DEBUG    PDM_KL log: {(10, 0.5, 10): {'shapes': [(784, 100), (100,), (100, 10), (10,)], 'train_accuracy': 0.09035, 'test_accuracy': 0.0892}} 
09-30 00:18 DEBUG    Trial 1 completed
09-30 00:18 DEBUG    ####################################################################################################
09-30 00:18 DEBUG    ####################################################################################################
09-30 00:18 DEBUG    Executing Trial 2 with seed 2
09-30 00:18 DEBUG    Data statistics: {0: {0: 329, 1: 332, 2: 284, 3: 323, 4: 281, 5: 297, 6: 290, 7: 298, 8: 297, 9: 269}, 1: {0: 284, 1: 359, 2: 285, 3: 288, 4: 319, 5: 265, 6: 295, 7: 312, 8: 293, 9: 300}, 2: {0: 301, 1: 332, 2: 311, 3: 332, 4: 295, 5: 245, 6: 301, 7: 276, 8: 303, 9: 304}, 3: {0: 269, 1: 331, 2: 314, 3: 309, 4: 322, 5: 276, 6: 283, 7: 334, 8: 273, 9: 289}, 4: {0: 296, 1: 334, 2: 298, 3: 321, 4: 282, 5: 262, 6: 311, 7: 299, 8: 283, 9: 314}, 5: {0: 299, 1: 335, 2: 322, 3: 316, 4: 290, 5: 301, 6: 295, 7: 319, 8: 264, 9: 259}, 6: {0: 309, 1: 333, 2: 307, 3: 280, 4: 295, 5: 279, 6: 285, 7: 319, 8: 279, 9: 314}, 7: {0: 263, 1: 342, 2: 270, 3: 295, 4: 292, 5: 267, 6: 326, 7: 318, 8: 327, 9: 300}, 8: {0: 314, 1: 295, 2: 316, 3: 314, 4: 292, 5: 250, 6: 308, 7: 312, 8: 297, 9: 302}, 9: {0: 255, 1: 328, 2: 296, 3: 332, 4: 301, 5: 300, 6: 309, 7: 296, 8: 287, 9: 296}, 10: {0: 307, 1: 334, 2: 308, 3: 310, 4: 274, 5: 274, 6: 285, 7: 347, 8: 294, 9: 267}, 11: {0: 280, 1: 361, 2: 293, 3: 303, 4: 289, 5: 272, 6: 291, 7: 310, 8: 299, 9: 302}, 12: {0: 302, 1: 358, 2: 309, 3: 277, 4: 278, 5: 271, 6: 276, 7: 324, 8: 300, 9: 305}, 13: {0: 316, 1: 332, 2: 299, 3: 282, 4: 295, 5: 270, 6: 296, 7: 309, 8: 290, 9: 311}, 14: {0: 303, 1: 319, 2: 287, 3: 323, 4: 305, 5: 273, 6: 278, 7: 326, 8: 279, 9: 307}, 15: {0: 308, 1: 372, 2: 292, 3: 314, 4: 282, 5: 257, 6: 273, 7: 334, 8: 276, 9: 292}, 16: {0: 309, 1: 327, 2: 297, 3: 270, 4: 288, 5: 271, 6: 303, 7: 302, 8: 320, 9: 313}, 17: {0: 331, 1: 345, 2: 290, 3: 304, 4: 293, 5: 254, 6: 292, 7: 330, 8: 260, 9: 301}, 18: {0: 272, 1: 317, 2: 272, 3: 314, 4: 302, 5: 277, 6: 334, 7: 302, 8: 323, 9: 287}, 19: {0: 276, 1: 356, 2: 308, 3: 324, 4: 267, 5: 260, 6: 287, 7: 298, 8: 307, 9: 317}}
09-30 00:18 DEBUG    **************************************************
09-30 00:18 DEBUG    Running experiments 

09-30 00:53 DEBUG    ****** PDM_KL matching ******** 
09-30 00:53 DEBUG    Best Sigma0: 10. Best sigma: 0.5 Best gamma: 10. Best Test accuracy: 0.9606. Train acc: 0.9611333333333333. 

09-30 00:53 DEBUG    PDM_KL log: {(10, 0.5, 10): {'shapes': [(784, 1749), (1749,), (1749, 10), (10,)], 'train_accuracy': 0.9611333333333333, 'test_accuracy': 0.9606}} 
09-30 01:56 DEBUG    ****** PDM_KL matching ******** 
09-30 01:56 DEBUG    Best Sigma0: 10. Best sigma: 0.5 Best gamma: 10. Best Test accuracy: 0.9606. Train acc: 0.9611333333333333. 

09-30 01:56 DEBUG    PDM_KL log: {(10, 0.5, 10): {'shapes': [(784, 1749), (1749,), (1749, 10), (10,)], 'train_accuracy': 0.9611333333333333, 'test_accuracy': 0.9606}} 
09-30 02:58 DEBUG    ****** PDM_KL matching ******** 
09-30 02:58 DEBUG    Best Sigma0: 10. Best sigma: 0.5 Best gamma: 10. Best Test accuracy: 0.9606. Train acc: 0.9611333333333333. 

09-30 02:58 DEBUG    PDM_KL log: {(10, 0.5, 10): {'shapes': [(784, 1750), (1750,), (1750, 10), (10,)], 'train_accuracy': 0.9611333333333333, 'test_accuracy': 0.9606}} 
09-30 04:03 DEBUG    ****** PDM_KL matching ******** 
09-30 04:03 DEBUG    Best Sigma0: 10. Best sigma: 0.5 Best gamma: 10. Best Test accuracy: 0.9606. Train acc: 0.9611333333333333. 

09-30 04:03 DEBUG    PDM_KL log: {(10, 0.5, 10): {'shapes': [(784, 1744), (1744,), (1744, 10), (10,)], 'train_accuracy': 0.9611333333333333, 'test_accuracy': 0.9606}} 
09-30 05:05 DEBUG    ****** PDM_KL matching ******** 
09-30 05:05 DEBUG    Best Sigma0: 10. Best sigma: 0.5 Best gamma: 10. Best Test accuracy: 0.9606. Train acc: 0.9611333333333333. 

09-30 05:05 DEBUG    PDM_KL log: {(10, 0.5, 10): {'shapes': [(784, 1737), (1737,), (1737, 10), (10,)], 'train_accuracy': 0.9611333333333333, 'test_accuracy': 0.9606}} 
09-30 06:09 DEBUG    ****** PDM_KL matching ******** 
09-30 06:09 DEBUG    Best Sigma0: 10. Best sigma: 0.5 Best gamma: 10. Best Test accuracy: 0.9606. Train acc: 0.9611333333333333. 

09-30 06:09 DEBUG    PDM_KL log: {(10, 0.5, 10): {'shapes': [(784, 1724), (1724,), (1724, 10), (10,)], 'train_accuracy': 0.9611333333333333, 'test_accuracy': 0.9606}} 
09-30 07:10 DEBUG    ****** PDM_KL matching ******** 
09-30 07:10 DEBUG    Best Sigma0: 10. Best sigma: 0.5 Best gamma: 10. Best Test accuracy: 0.9606. Train acc: 0.9611166666666666. 

09-30 07:10 DEBUG    PDM_KL log: {(10, 0.5, 10): {'shapes': [(784, 1661), (1661,), (1661, 10), (10,)], 'train_accuracy': 0.9611166666666666, 'test_accuracy': 0.9606}} 
09-30 07:13 DEBUG    ****** PDM_KL matching ******** 
09-30 07:13 DEBUG    Best Sigma0: 10. Best sigma: 0.5 Best gamma: 10. Best Test accuracy: 0.8188. Train acc: 0.8181666666666667. 

09-30 07:13 DEBUG    PDM_KL log: {(10, 0.5, 10): {'shapes': [(784, 194), (194,), (194, 10), (10,)], 'train_accuracy': 0.8181666666666667, 'test_accuracy': 0.8188}} 
09-30 07:14 DEBUG    ****** PDM_KL matching ******** 
09-30 07:14 DEBUG    Best Sigma0: 10. Best sigma: 0.5 Best gamma: 10. Best Test accuracy: 0.0974. Train acc: 0.09751666666666667. 

09-30 07:14 DEBUG    PDM_KL log: {(10, 0.5, 10): {'shapes': [(784, 100), (100,), (100, 10), (10,)], 'train_accuracy': 0.09751666666666667, 'test_accuracy': 0.0974}} 
09-30 07:15 DEBUG    ****** PDM_KL matching ******** 
09-30 07:15 DEBUG    Best Sigma0: 10. Best sigma: 0.5 Best gamma: 10. Best Test accuracy: 0.0974. Train acc: 0.09751666666666667. 

09-30 07:15 DEBUG    PDM_KL log: {(10, 0.5, 10): {'shapes': [(784, 100), (100,), (100, 10), (10,)], 'train_accuracy': 0.09751666666666667, 'test_accuracy': 0.0974}} 
09-30 07:15 DEBUG    ****** PDM_KL matching ******** 
09-30 07:15 DEBUG    Best Sigma0: 10. Best sigma: 0.5 Best gamma: 10. Best Test accuracy: 0.0974. Train acc: 0.09751666666666667. 

09-30 07:15 DEBUG    PDM_KL log: {(10, 0.5, 10): {'shapes': [(784, 100), (100,), (100, 10), (10,)], 'train_accuracy': 0.09751666666666667, 'test_accuracy': 0.0974}} 
09-30 07:15 DEBUG    Trial 2 completed
09-30 07:15 DEBUG    ####################################################################################################
09-30 07:15 DEBUG    ####################################################################################################
09-30 07:15 DEBUG    Executing Trial 3 with seed 3
09-30 07:15 DEBUG    Data statistics: {0: {0: 285, 1: 358, 2: 331, 3: 295, 4: 283, 5: 257, 6: 281, 7: 338, 8: 299, 9: 273}, 1: {0: 293, 1: 368, 2: 280, 3: 311, 4: 288, 5: 278, 6: 281, 7: 308, 8: 295, 9: 298}, 2: {0: 317, 1: 319, 2: 292, 3: 285, 4: 293, 5: 281, 6: 292, 7: 342, 8: 274, 9: 305}, 3: {0: 283, 1: 337, 2: 298, 3: 308, 4: 293, 5: 288, 6: 304, 7: 297, 8: 299, 9: 293}, 4: {0: 286, 1: 333, 2: 299, 3: 303, 4: 324, 5: 262, 6: 284, 7: 300, 8: 298, 9: 311}, 5: {0: 271, 1: 338, 2: 295, 3: 325, 4: 271, 5: 268, 6: 280, 7: 344, 8: 314, 9: 294}, 6: {0: 289, 1: 344, 2: 320, 3: 305, 4: 330, 5: 269, 6: 291, 7: 267, 8: 279, 9: 306}, 7: {0: 285, 1: 325, 2: 295, 3: 340, 4: 265, 5: 254, 6: 288, 7: 310, 8: 321, 9: 317}, 8: {0: 279, 1: 335, 2: 288, 3: 316, 4: 305, 5: 271, 6: 316, 7: 291, 8: 297, 9: 302}, 9: {0: 295, 1: 342, 2: 283, 3: 320, 4: 295, 5: 268, 6: 292, 7: 332, 8: 282, 9: 291}, 10: {0: 292, 1: 338, 2: 320, 3: 324, 4: 281, 5: 258, 6: 314, 7: 267, 8: 276, 9: 330}, 11: {0: 293, 1: 344, 2: 299, 3: 307, 4: 306, 5: 266, 6: 277, 7: 332, 8: 277, 9: 299}, 12: {0: 309, 1: 340, 2: 298, 3: 310, 4: 260, 5: 292, 6: 316, 7: 299, 8: 285, 9: 291}, 13: {0: 317, 1: 353, 2: 284, 3: 285, 4: 308, 5: 271, 6: 289, 7: 319, 8: 303, 9: 271}, 14: {0: 301, 1: 324, 2: 303, 3: 308, 4: 269, 5: 251, 6: 300, 7: 346, 8: 302, 9: 296}, 15: {0: 312, 1: 339, 2: 289, 3: 282, 4: 281, 5: 270, 6: 300, 7: 314, 8: 313, 9: 300}, 16: {0: 301, 1: 347, 2: 278, 3: 321, 4: 300, 5: 259, 6: 295, 7: 313, 8: 295, 9: 291}, 17: {0: 323, 1: 342, 2: 311, 3: 299, 4: 267, 5: 311, 6: 280, 7: 305, 8: 268, 9: 294}, 18: {0: 305, 1: 302, 2: 286, 3: 277, 4: 322, 5: 286, 6: 311, 7: 319, 8: 297, 9: 295}, 19: {0: 287, 1: 314, 2: 309, 3: 310, 4: 301, 5: 261, 6: 327, 7: 322, 8: 277, 9: 292}}
09-30 07:16 DEBUG    **************************************************
09-30 07:16 DEBUG    Running experiments 

09-30 07:51 DEBUG    ****** PDM_KL matching ******** 
09-30 07:51 DEBUG    Best Sigma0: 10. Best sigma: 0.5 Best gamma: 10. Best Test accuracy: 0.9593. Train acc: 0.9607333333333333. 

09-30 07:51 DEBUG    PDM_KL log: {(10, 0.5, 10): {'shapes': [(784, 1744), (1744,), (1744, 10), (10,)], 'train_accuracy': 0.9607333333333333, 'test_accuracy': 0.9593}} 
09-30 08:55 DEBUG    ****** PDM_KL matching ******** 
09-30 08:55 DEBUG    Best Sigma0: 10. Best sigma: 0.5 Best gamma: 10. Best Test accuracy: 0.9593. Train acc: 0.9607333333333333. 

09-30 08:55 DEBUG    PDM_KL log: {(10, 0.5, 10): {'shapes': [(784, 1743), (1743,), (1743, 10), (10,)], 'train_accuracy': 0.9607333333333333, 'test_accuracy': 0.9593}} 
09-30 09:59 DEBUG    ****** PDM_KL matching ******** 
09-30 09:59 DEBUG    Best Sigma0: 10. Best sigma: 0.5 Best gamma: 10. Best Test accuracy: 0.9593. Train acc: 0.9607333333333333. 

09-30 09:59 DEBUG    PDM_KL log: {(10, 0.5, 10): {'shapes': [(784, 1740), (1740,), (1740, 10), (10,)], 'train_accuracy': 0.9607333333333333, 'test_accuracy': 0.9593}} 
09-30 11:03 DEBUG    ****** PDM_KL matching ******** 
09-30 11:03 DEBUG    Best Sigma0: 10. Best sigma: 0.5 Best gamma: 10. Best Test accuracy: 0.9593. Train acc: 0.9607333333333333. 

09-30 11:03 DEBUG    PDM_KL log: {(10, 0.5, 10): {'shapes': [(784, 1742), (1742,), (1742, 10), (10,)], 'train_accuracy': 0.9607333333333333, 'test_accuracy': 0.9593}} 
09-30 12:06 DEBUG    ****** PDM_KL matching ******** 
09-30 12:06 DEBUG    Best Sigma0: 10. Best sigma: 0.5 Best gamma: 10. Best Test accuracy: 0.9593. Train acc: 0.9607333333333333. 

09-30 12:06 DEBUG    PDM_KL log: {(10, 0.5, 10): {'shapes': [(784, 1737), (1737,), (1737, 10), (10,)], 'train_accuracy': 0.9607333333333333, 'test_accuracy': 0.9593}} 
09-30 13:08 DEBUG    ****** PDM_KL matching ******** 
09-30 13:08 DEBUG    Best Sigma0: 10. Best sigma: 0.5 Best gamma: 10. Best Test accuracy: 0.9593. Train acc: 0.9607333333333333. 

09-30 13:08 DEBUG    PDM_KL log: {(10, 0.5, 10): {'shapes': [(784, 1728), (1728,), (1728, 10), (10,)], 'train_accuracy': 0.9607333333333333, 'test_accuracy': 0.9593}} 
09-30 14:09 DEBUG    ****** PDM_KL matching ******** 
09-30 14:09 DEBUG    Best Sigma0: 10. Best sigma: 0.5 Best gamma: 10. Best Test accuracy: 0.9593. Train acc: 0.9607666666666667. 

09-30 14:09 DEBUG    PDM_KL log: {(10, 0.5, 10): {'shapes': [(784, 1659), (1659,), (1659, 10), (10,)], 'train_accuracy': 0.9607666666666667, 'test_accuracy': 0.9593}} 
09-30 14:12 DEBUG    ****** PDM_KL matching ******** 
09-30 14:12 DEBUG    Best Sigma0: 10. Best sigma: 0.5 Best gamma: 10. Best Test accuracy: 0.6677. Train acc: 0.6657833333333333. 

09-30 14:12 DEBUG    PDM_KL log: {(10, 0.5, 10): {'shapes': [(784, 185), (185,), (185, 10), (10,)], 'train_accuracy': 0.6657833333333333, 'test_accuracy': 0.6677}} 
09-30 14:12 DEBUG    ****** PDM_KL matching ******** 
09-30 14:12 DEBUG    Best Sigma0: 10. Best sigma: 0.5 Best gamma: 10. Best Test accuracy: 0.0892. Train acc: 0.09035. 

09-30 14:12 DEBUG    PDM_KL log: {(10, 0.5, 10): {'shapes': [(784, 100), (100,), (100, 10), (10,)], 'train_accuracy': 0.09035, 'test_accuracy': 0.0892}} 
09-30 14:13 DEBUG    ****** PDM_KL matching ******** 
09-30 14:13 DEBUG    Best Sigma0: 10. Best sigma: 0.5 Best gamma: 10. Best Test accuracy: 0.0892. Train acc: 0.09035. 

09-30 14:13 DEBUG    PDM_KL log: {(10, 0.5, 10): {'shapes': [(784, 100), (100,), (100, 10), (10,)], 'train_accuracy': 0.09035, 'test_accuracy': 0.0892}} 
09-30 14:14 DEBUG    ****** PDM_KL matching ******** 
09-30 14:14 DEBUG    Best Sigma0: 10. Best sigma: 0.5 Best gamma: 10. Best Test accuracy: 0.0892. Train acc: 0.09035. 

09-30 14:14 DEBUG    PDM_KL log: {(10, 0.5, 10): {'shapes': [(784, 100), (100,), (100, 10), (10,)], 'train_accuracy': 0.09035, 'test_accuracy': 0.0892}} 
09-30 14:14 DEBUG    Trial 3 completed
09-30 14:14 DEBUG    ####################################################################################################
09-30 14:14 DEBUG    ####################################################################################################
09-30 14:14 DEBUG    Executing Trial 4 with seed 4
09-30 14:14 DEBUG    Data statistics: {0: {0: 289, 1: 340, 2: 318, 3: 316, 4: 292, 5: 241, 6: 307, 7: 317, 8: 274, 9: 306}, 1: {0: 291, 1: 354, 2: 306, 3: 298, 4: 268, 5: 282, 6: 298, 7: 308, 8: 307, 9: 288}, 2: {0: 315, 1: 303, 2: 290, 3: 309, 4: 294, 5: 276, 6: 283, 7: 335, 8: 303, 9: 292}, 3: {0: 302, 1: 345, 2: 331, 3: 302, 4: 272, 5: 289, 6: 284, 7: 320, 8: 284, 9: 271}, 4: {0: 283, 1: 339, 2: 290, 3: 304, 4: 305, 5: 276, 6: 313, 7: 303, 8: 295, 9: 292}, 5: {0: 274, 1: 358, 2: 309, 3: 293, 4: 283, 5: 265, 6: 289, 7: 303, 8: 325, 9: 301}, 6: {0: 288, 1: 333, 2: 275, 3: 316, 4: 317, 5: 266, 6: 289, 7: 310, 8: 274, 9: 332}, 7: {0: 306, 1: 326, 2: 275, 3: 307, 4: 309, 5: 279, 6: 303, 7: 293, 8: 286, 9: 316}, 8: {0: 284, 1: 345, 2: 289, 3: 300, 4: 283, 5: 291, 6: 324, 7: 323, 8: 255, 9: 306}, 9: {0: 295, 1: 361, 2: 309, 3: 352, 4: 297, 5: 256, 6: 317, 7: 293, 8: 252, 9: 268}, 10: {0: 308, 1: 333, 2: 304, 3: 312, 4: 288, 5: 283, 6: 302, 7: 284, 8: 302, 9: 284}, 11: {0: 323, 1: 325, 2: 280, 3: 305, 4: 315, 5: 243, 6: 281, 7: 325, 8: 302, 9: 301}, 12: {0: 267, 1: 341, 2: 307, 3: 298, 4: 289, 5: 282, 6: 295, 7: 336, 8: 280, 9: 305}, 13: {0: 309, 1: 345, 2: 288, 3: 303, 4: 284, 5: 253, 6: 294, 7: 342, 8: 279, 9: 303}, 14: {0: 299, 1: 328, 2: 317, 3: 304, 4: 306, 5: 269, 6: 271, 7: 309, 8: 336, 9: 261}, 15: {0: 315, 1: 335, 2: 307, 3: 296, 4: 281, 5: 259, 6: 303, 7: 301, 8: 300, 9: 303}, 16: {0: 269, 1: 360, 2: 284, 3: 296, 4: 295, 5: 267, 6: 286, 7: 308, 8: 317, 9: 318}, 17: {0: 308, 1: 330, 2: 317, 3: 293, 4: 286, 5: 283, 6: 263, 7: 333, 8: 276, 9: 311}, 18: {0: 292, 1: 309, 2: 283, 3: 316, 4: 288, 5: 263, 6: 329, 7: 318, 8: 317, 9: 285}, 19: {0: 306, 1: 332, 2: 279, 3: 311, 4: 290, 5: 298, 6: 287, 7: 304, 8: 287, 9: 306}}
09-30 14:14 DEBUG    **************************************************
09-30 14:14 DEBUG    Running experiments 

09-30 14:50 DEBUG    ****** PDM_KL matching ******** 
09-30 14:50 DEBUG    Best Sigma0: 10. Best sigma: 0.5 Best gamma: 10. Best Test accuracy: 0.9609. Train acc: 0.9616333333333333. 

09-30 14:50 DEBUG    PDM_KL log: {(10, 0.5, 10): {'shapes': [(784, 1735), (1735,), (1735, 10), (10,)], 'train_accuracy': 0.9616333333333333, 'test_accuracy': 0.9609}} 
09-30 15:53 DEBUG    ****** PDM_KL matching ******** 
09-30 15:53 DEBUG    Best Sigma0: 10. Best sigma: 0.5 Best gamma: 10. Best Test accuracy: 0.9609. Train acc: 0.9616333333333333. 

09-30 15:53 DEBUG    PDM_KL log: {(10, 0.5, 10): {'shapes': [(784, 1729), (1729,), (1729, 10), (10,)], 'train_accuracy': 0.9616333333333333, 'test_accuracy': 0.9609}} 
09-30 16:57 DEBUG    ****** PDM_KL matching ******** 
09-30 16:57 DEBUG    Best Sigma0: 10. Best sigma: 0.5 Best gamma: 10. Best Test accuracy: 0.9609. Train acc: 0.9616333333333333. 

09-30 16:57 DEBUG    PDM_KL log: {(10, 0.5, 10): {'shapes': [(784, 1735), (1735,), (1735, 10), (10,)], 'train_accuracy': 0.9616333333333333, 'test_accuracy': 0.9609}} 
09-30 17:59 DEBUG    ****** PDM_KL matching ******** 
09-30 17:59 DEBUG    Best Sigma0: 10. Best sigma: 0.5 Best gamma: 10. Best Test accuracy: 0.9609. Train acc: 0.9616333333333333. 

09-30 17:59 DEBUG    PDM_KL log: {(10, 0.5, 10): {'shapes': [(784, 1729), (1729,), (1729, 10), (10,)], 'train_accuracy': 0.9616333333333333, 'test_accuracy': 0.9609}} 
09-30 19:01 DEBUG    ****** PDM_KL matching ******** 
09-30 19:01 DEBUG    Best Sigma0: 10. Best sigma: 0.5 Best gamma: 10. Best Test accuracy: 0.9609. Train acc: 0.9616333333333333. 

09-30 19:01 DEBUG    PDM_KL log: {(10, 0.5, 10): {'shapes': [(784, 1723), (1723,), (1723, 10), (10,)], 'train_accuracy': 0.9616333333333333, 'test_accuracy': 0.9609}} 
09-30 19:59 DEBUG    ****** PDM_KL matching ******** 
09-30 19:59 DEBUG    Best Sigma0: 10. Best sigma: 0.5 Best gamma: 10. Best Test accuracy: 0.9609. Train acc: 0.9616333333333333. 

09-30 19:59 DEBUG    PDM_KL log: {(10, 0.5, 10): {'shapes': [(784, 1706), (1706,), (1706, 10), (10,)], 'train_accuracy': 0.9616333333333333, 'test_accuracy': 0.9609}} 
09-30 20:58 DEBUG    ****** PDM_KL matching ******** 
09-30 20:58 DEBUG    Best Sigma0: 10. Best sigma: 0.5 Best gamma: 10. Best Test accuracy: 0.9609. Train acc: 0.96165. 

09-30 20:58 DEBUG    PDM_KL log: {(10, 0.5, 10): {'shapes': [(784, 1640), (1640,), (1640, 10), (10,)], 'train_accuracy': 0.96165, 'test_accuracy': 0.9609}} 
09-30 21:01 DEBUG    ****** PDM_KL matching ******** 
09-30 21:01 DEBUG    Best Sigma0: 10. Best sigma: 0.5 Best gamma: 10. Best Test accuracy: 0.7429. Train acc: 0.7439333333333333. 

09-30 21:01 DEBUG    PDM_KL log: {(10, 0.5, 10): {'shapes': [(784, 197), (197,), (197, 10), (10,)], 'train_accuracy': 0.7439333333333333, 'test_accuracy': 0.7429}} 
09-30 21:01 DEBUG    ****** PDM_KL matching ******** 
09-30 21:01 DEBUG    Best Sigma0: 10. Best sigma: 0.5 Best gamma: 10. Best Test accuracy: 0.0892. Train acc: 0.09035. 

09-30 21:01 DEBUG    PDM_KL log: {(10, 0.5, 10): {'shapes': [(784, 100), (100,), (100, 10), (10,)], 'train_accuracy': 0.09035, 'test_accuracy': 0.0892}} 
09-30 21:02 DEBUG    ****** PDM_KL matching ******** 
09-30 21:02 DEBUG    Best Sigma0: 10. Best sigma: 0.5 Best gamma: 10. Best Test accuracy: 0.0892. Train acc: 0.09035. 

09-30 21:02 DEBUG    PDM_KL log: {(10, 0.5, 10): {'shapes': [(784, 100), (100,), (100, 10), (10,)], 'train_accuracy': 0.09035, 'test_accuracy': 0.0892}} 
09-30 21:03 DEBUG    ****** PDM_KL matching ******** 
09-30 21:03 DEBUG    Best Sigma0: 10. Best sigma: 0.5 Best gamma: 10. Best Test accuracy: 0.0892. Train acc: 0.09035. 

09-30 21:03 DEBUG    PDM_KL log: {(10, 0.5, 10): {'shapes': [(784, 100), (100,), (100, 10), (10,)], 'train_accuracy': 0.09035, 'test_accuracy': 0.0892}} 
09-30 21:03 DEBUG    Trial 4 completed
09-30 21:03 DEBUG    ####################################################################################################
09-30 21:03 DEBUG    ####################################################################################################
09-30 21:03 DEBUG    Executing Trial 5 with seed 5
09-30 21:03 DEBUG    Data statistics: {0: {0: 274, 1: 300, 2: 308, 3: 334, 4: 323, 5: 250, 6: 301, 7: 337, 8: 290, 9: 283}, 1: {0: 291, 1: 348, 2: 271, 3: 302, 4: 281, 5: 259, 6: 310, 7: 323, 8: 312, 9: 303}, 2: {0: 309, 1: 338, 2: 306, 3: 312, 4: 270, 5: 265, 6: 292, 7: 324, 8: 278, 9: 306}, 3: {0: 324, 1: 337, 2: 286, 3: 301, 4: 301, 5: 240, 6: 302, 7: 316, 8: 302, 9: 291}, 4: {0: 316, 1: 333, 2: 291, 3: 313, 4: 279, 5: 278, 6: 269, 7: 328, 8: 289, 9: 304}, 5: {0: 287, 1: 366, 2: 273, 3: 276, 4: 294, 5: 268, 6: 307, 7: 293, 8: 304, 9: 332}, 6: {0: 321, 1: 318, 2: 323, 3: 323, 4: 277, 5: 283, 6: 281, 7: 306, 8: 275, 9: 293}, 7: {0: 305, 1: 334, 2: 285, 3: 284, 4: 297, 5: 280, 6: 300, 7: 328, 8: 277, 9: 310}, 8: {0: 273, 1: 339, 2: 301, 3: 311, 4: 294, 5: 277, 6: 278, 7: 330, 8: 306, 9: 291}, 9: {0: 306, 1: 345, 2: 291, 3: 320, 4: 267, 5: 271, 6: 287, 7: 296, 8: 331, 9: 286}, 10: {0: 296, 1: 338, 2: 301, 3: 317, 4: 298, 5: 259, 6: 308, 7: 320, 8: 271, 9: 292}, 11: {0: 283, 1: 334, 2: 315, 3: 312, 4: 277, 5: 293, 6: 280, 7: 327, 8: 288, 9: 291}, 12: {0: 293, 1: 332, 2: 304, 3: 292, 4: 308, 5: 290, 6: 280, 7: 292, 8: 293, 9: 316}, 13: {0: 286, 1: 332, 2: 303, 3: 315, 4: 320, 5: 290, 6: 284, 7: 300, 8: 272, 9: 298}, 14: {0: 272, 1: 346, 2: 309, 3: 314, 4: 294, 5: 287, 6: 315, 7: 319, 8: 262, 9: 282}, 15: {0: 300, 1: 332, 2: 303, 3: 302, 4: 297, 5: 248, 6: 311, 7: 305, 8: 295, 9: 307}, 16: {0: 296, 1: 341, 2: 293, 3: 337, 4: 312, 5: 266, 6: 294, 7: 303, 8: 291, 9: 267}, 17: {0: 307, 1: 342, 2: 298, 3: 291, 4: 270, 5: 293, 6: 316, 7: 308, 8: 280, 9: 295}, 18: {0: 306, 1: 356, 2: 303, 3: 271, 4: 287, 5: 275, 6: 304, 7: 296, 8: 309, 9: 293}, 19: {0: 278, 1: 331, 2: 294, 3: 304, 4: 296, 5: 249, 6: 299, 7: 314, 8: 326, 9: 309}}
09-30 21:03 DEBUG    **************************************************
09-30 21:03 DEBUG    Running experiments 

09-30 21:36 DEBUG    ****** PDM_KL matching ******** 
09-30 21:36 DEBUG    Best Sigma0: 10. Best sigma: 0.5 Best gamma: 10. Best Test accuracy: 0.9609. Train acc: 0.9612333333333334. 

09-30 21:36 DEBUG    PDM_KL log: {(10, 0.5, 10): {'shapes': [(784, 1719), (1719,), (1719, 10), (10,)], 'train_accuracy': 0.9612333333333334, 'test_accuracy': 0.9609}} 
09-30 22:36 DEBUG    ****** PDM_KL matching ******** 
09-30 22:36 DEBUG    Best Sigma0: 10. Best sigma: 0.5 Best gamma: 10. Best Test accuracy: 0.9609. Train acc: 0.9612333333333334. 

09-30 22:36 DEBUG    PDM_KL log: {(10, 0.5, 10): {'shapes': [(784, 1728), (1728,), (1728, 10), (10,)], 'train_accuracy': 0.9612333333333334, 'test_accuracy': 0.9609}} 
09-30 23:37 DEBUG    ****** PDM_KL matching ******** 
09-30 23:37 DEBUG    Best Sigma0: 10. Best sigma: 0.5 Best gamma: 10. Best Test accuracy: 0.9609. Train acc: 0.9612333333333334. 

09-30 23:37 DEBUG    PDM_KL log: {(10, 0.5, 10): {'shapes': [(784, 1719), (1719,), (1719, 10), (10,)], 'train_accuracy': 0.9612333333333334, 'test_accuracy': 0.9609}} 
10-01 00:33 DEBUG    ****** PDM_KL matching ******** 
10-01 00:33 DEBUG    Best Sigma0: 10. Best sigma: 0.5 Best gamma: 10. Best Test accuracy: 0.9609. Train acc: 0.9612333333333334. 

10-01 00:33 DEBUG    PDM_KL log: {(10, 0.5, 10): {'shapes': [(784, 1717), (1717,), (1717, 10), (10,)], 'train_accuracy': 0.9612333333333334, 'test_accuracy': 0.9609}} 
10-01 01:28 DEBUG    ****** PDM_KL matching ******** 
10-01 01:28 DEBUG    Best Sigma0: 10. Best sigma: 0.5 Best gamma: 10. Best Test accuracy: 0.9609. Train acc: 0.9612333333333334. 

10-01 01:28 DEBUG    PDM_KL log: {(10, 0.5, 10): {'shapes': [(784, 1702), (1702,), (1702, 10), (10,)], 'train_accuracy': 0.9612333333333334, 'test_accuracy': 0.9609}} 
10-01 02:17 DEBUG    ****** PDM_KL matching ******** 
10-01 02:17 DEBUG    Best Sigma0: 10. Best sigma: 0.5 Best gamma: 10. Best Test accuracy: 0.9609. Train acc: 0.9612333333333334. 

10-01 02:17 DEBUG    PDM_KL log: {(10, 0.5, 10): {'shapes': [(784, 1693), (1693,), (1693, 10), (10,)], 'train_accuracy': 0.9612333333333334, 'test_accuracy': 0.9609}} 
10-01 03:05 DEBUG    ****** PDM_KL matching ******** 
10-01 03:05 DEBUG    Best Sigma0: 10. Best sigma: 0.5 Best gamma: 10. Best Test accuracy: 0.9609. Train acc: 0.96115. 

10-01 03:05 DEBUG    PDM_KL log: {(10, 0.5, 10): {'shapes': [(784, 1634), (1634,), (1634, 10), (10,)], 'train_accuracy': 0.96115, 'test_accuracy': 0.9609}} 
10-01 03:08 DEBUG    ****** PDM_KL matching ******** 
10-01 03:08 DEBUG    Best Sigma0: 10. Best sigma: 0.5 Best gamma: 10. Best Test accuracy: 0.7976. Train acc: 0.7887333333333333. 

10-01 03:08 DEBUG    PDM_KL log: {(10, 0.5, 10): {'shapes': [(784, 192), (192,), (192, 10), (10,)], 'train_accuracy': 0.7887333333333333, 'test_accuracy': 0.7976}} 
10-01 03:08 DEBUG    ****** PDM_KL matching ******** 
10-01 03:08 DEBUG    Best Sigma0: 10. Best sigma: 0.5 Best gamma: 10. Best Test accuracy: 0.0892. Train acc: 0.09035. 

10-01 03:08 DEBUG    PDM_KL log: {(10, 0.5, 10): {'shapes': [(784, 100), (100,), (100, 10), (10,)], 'train_accuracy': 0.09035, 'test_accuracy': 0.0892}} 
10-01 03:09 DEBUG    ****** PDM_KL matching ******** 
10-01 03:09 DEBUG    Best Sigma0: 10. Best sigma: 0.5 Best gamma: 10. Best Test accuracy: 0.0892. Train acc: 0.09035. 

10-01 03:09 DEBUG    PDM_KL log: {(10, 0.5, 10): {'shapes': [(784, 100), (100,), (100, 10), (10,)], 'train_accuracy': 0.09035, 'test_accuracy': 0.0892}} 
10-01 03:10 DEBUG    ****** PDM_KL matching ******** 
10-01 03:10 DEBUG    Best Sigma0: 10. Best sigma: 0.5 Best gamma: 10. Best Test accuracy: 0.0892. Train acc: 0.09035. 

10-01 03:10 DEBUG    PDM_KL log: {(10, 0.5, 10): {'shapes': [(784, 100), (100,), (100, 10), (10,)], 'train_accuracy': 0.09035, 'test_accuracy': 0.0892}} 
10-01 03:10 DEBUG    Trial 5 completed
10-01 03:10 DEBUG    ####################################################################################################
10-01 03:10 DEBUG    ####################################################################################################
10-01 03:10 DEBUG    Executing Trial 6 with seed 6
10-01 03:10 DEBUG    Data statistics: {0: {0: 290, 1: 346, 2: 296, 3: 308, 4: 308, 5: 276, 6: 301, 7: 308, 8: 273, 9: 294}, 1: {0: 300, 1: 315, 2: 291, 3: 316, 4: 305, 5: 266, 6: 322, 7: 296, 8: 284, 9: 305}, 2: {0: 278, 1: 350, 2: 301, 3: 320, 4: 271, 5: 267, 6: 282, 7: 314, 8: 318, 9: 299}, 3: {0: 283, 1: 366, 2: 305, 3: 316, 4: 297, 5: 280, 6: 270, 7: 319, 8: 296, 9: 268}, 4: {0: 302, 1: 363, 2: 291, 3: 310, 4: 298, 5: 249, 6: 301, 7: 292, 8: 303, 9: 291}, 5: {0: 304, 1: 353, 2: 291, 3: 305, 4: 281, 5: 264, 6: 282, 7: 315, 8: 268, 9: 337}, 6: {0: 291, 1: 353, 2: 274, 3: 291, 4: 280, 5: 296, 6: 306, 7: 305, 8: 308, 9: 296}, 7: {0: 298, 1: 311, 2: 279, 3: 318, 4: 281, 5: 274, 6: 314, 7: 331, 8: 296, 9: 298}, 8: {0: 303, 1: 347, 2: 334, 3: 297, 4: 319, 5: 228, 6: 293, 7: 323, 8: 284, 9: 272}, 9: {0: 289, 1: 335, 2: 322, 3: 307, 4: 254, 5: 293, 6: 301, 7: 311, 8: 285, 9: 303}, 10: {0: 286, 1: 345, 2: 313, 3: 346, 4: 294, 5: 268, 6: 271, 7: 320, 8: 282, 9: 275}, 11: {0: 286, 1: 348, 2: 276, 3: 315, 4: 266, 5: 278, 6: 301, 7: 318, 8: 307, 9: 305}, 12: {0: 303, 1: 326, 2: 300, 3: 288, 4: 310, 5: 270, 6: 301, 7: 289, 8: 289, 9: 324}, 13: {0: 323, 1: 337, 2: 293, 3: 285, 4: 305, 5: 290, 6: 303, 7: 308, 8: 277, 9: 279}, 14: {0: 310, 1: 324, 2: 300, 3: 286, 4: 301, 5: 245, 6: 323, 7: 340, 8: 270, 9: 301}, 15: {0: 307, 1: 326, 2: 294, 3: 297, 4: 290, 5: 255, 6: 294, 7: 317, 8: 309, 9: 311}, 16: {0: 288, 1: 314, 2: 298, 3: 317, 4: 290, 5: 261, 6: 293, 7: 334, 8: 297, 9: 308}, 17: {0: 290, 1: 329, 2: 294, 3: 312, 4: 291, 5: 293, 6: 278, 7: 319, 8: 291, 9: 303}, 18: {0: 293, 1: 324, 2: 318, 3: 282, 4: 302, 5: 286, 6: 305, 7: 310, 8: 299, 9: 281}, 19: {0: 299, 1: 330, 2: 288, 3: 315, 4: 299, 5: 282, 6: 277, 7: 296, 8: 315, 9: 299}}
10-01 03:10 DEBUG    **************************************************
10-01 03:10 DEBUG    Running experiments 

10-01 03:35 DEBUG    ****** PDM_KL matching ******** 
10-01 03:35 DEBUG    Best Sigma0: 10. Best sigma: 0.5 Best gamma: 10. Best Test accuracy: 0.9605. Train acc: 0.9602. 

10-01 03:35 DEBUG    PDM_KL log: {(10, 0.5, 10): {'shapes': [(784, 1747), (1747,), (1747, 10), (10,)], 'train_accuracy': 0.9602, 'test_accuracy': 0.9605}} 
10-01 04:20 DEBUG    ****** PDM_KL matching ******** 
10-01 04:20 DEBUG    Best Sigma0: 10. Best sigma: 0.5 Best gamma: 10. Best Test accuracy: 0.9605. Train acc: 0.9602. 

10-01 04:20 DEBUG    PDM_KL log: {(10, 0.5, 10): {'shapes': [(784, 1745), (1745,), (1745, 10), (10,)], 'train_accuracy': 0.9602, 'test_accuracy': 0.9605}} 
10-01 05:04 DEBUG    ****** PDM_KL matching ******** 
10-01 05:04 DEBUG    Best Sigma0: 10. Best sigma: 0.5 Best gamma: 10. Best Test accuracy: 0.9605. Train acc: 0.9602. 

10-01 05:04 DEBUG    PDM_KL log: {(10, 0.5, 10): {'shapes': [(784, 1743), (1743,), (1743, 10), (10,)], 'train_accuracy': 0.9602, 'test_accuracy': 0.9605}} 
10-01 05:48 DEBUG    ****** PDM_KL matching ******** 
10-01 05:48 DEBUG    Best Sigma0: 10. Best sigma: 0.5 Best gamma: 10. Best Test accuracy: 0.9605. Train acc: 0.9602. 

10-01 05:48 DEBUG    PDM_KL log: {(10, 0.5, 10): {'shapes': [(784, 1741), (1741,), (1741, 10), (10,)], 'train_accuracy': 0.9602, 'test_accuracy': 0.9605}} 
10-01 06:32 DEBUG    ****** PDM_KL matching ******** 
10-01 06:32 DEBUG    Best Sigma0: 10. Best sigma: 0.5 Best gamma: 10. Best Test accuracy: 0.9605. Train acc: 0.9602. 

10-01 06:32 DEBUG    PDM_KL log: {(10, 0.5, 10): {'shapes': [(784, 1733), (1733,), (1733, 10), (10,)], 'train_accuracy': 0.9602, 'test_accuracy': 0.9605}} 
10-01 07:16 DEBUG    ****** PDM_KL matching ******** 
10-01 07:16 DEBUG    Best Sigma0: 10. Best sigma: 0.5 Best gamma: 10. Best Test accuracy: 0.9605. Train acc: 0.9602. 

10-01 07:16 DEBUG    PDM_KL log: {(10, 0.5, 10): {'shapes': [(784, 1722), (1722,), (1722, 10), (10,)], 'train_accuracy': 0.9602, 'test_accuracy': 0.9605}} 
10-01 07:59 DEBUG    ****** PDM_KL matching ******** 
10-01 07:59 DEBUG    Best Sigma0: 10. Best sigma: 0.5 Best gamma: 10. Best Test accuracy: 0.9606. Train acc: 0.9601833333333334. 

10-01 07:59 DEBUG    PDM_KL log: {(10, 0.5, 10): {'shapes': [(784, 1661), (1661,), (1661, 10), (10,)], 'train_accuracy': 0.9601833333333334, 'test_accuracy': 0.9606}} 
10-01 08:02 DEBUG    ****** PDM_KL matching ******** 
10-01 08:02 DEBUG    Best Sigma0: 10. Best sigma: 0.5 Best gamma: 10. Best Test accuracy: 0.6998. Train acc: 0.6923833333333334. 

10-01 08:02 DEBUG    PDM_KL log: {(10, 0.5, 10): {'shapes': [(784, 194), (194,), (194, 10), (10,)], 'train_accuracy': 0.6923833333333334, 'test_accuracy': 0.6998}} 
10-01 08:02 DEBUG    ****** PDM_KL matching ******** 
10-01 08:02 DEBUG    Best Sigma0: 10. Best sigma: 0.5 Best gamma: 10. Best Test accuracy: 0.0892. Train acc: 0.09035. 

10-01 08:02 DEBUG    PDM_KL log: {(10, 0.5, 10): {'shapes': [(784, 100), (100,), (100, 10), (10,)], 'train_accuracy': 0.09035, 'test_accuracy': 0.0892}} 
10-01 08:03 DEBUG    ****** PDM_KL matching ******** 
10-01 08:03 DEBUG    Best Sigma0: 10. Best sigma: 0.5 Best gamma: 10. Best Test accuracy: 0.0892. Train acc: 0.09035. 

10-01 08:03 DEBUG    PDM_KL log: {(10, 0.5, 10): {'shapes': [(784, 100), (100,), (100, 10), (10,)], 'train_accuracy': 0.09035, 'test_accuracy': 0.0892}} 
10-01 08:04 DEBUG    ****** PDM_KL matching ******** 
10-01 08:04 DEBUG    Best Sigma0: 10. Best sigma: 0.5 Best gamma: 10. Best Test accuracy: 0.0892. Train acc: 0.09035. 

10-01 08:04 DEBUG    PDM_KL log: {(10, 0.5, 10): {'shapes': [(784, 100), (100,), (100, 10), (10,)], 'train_accuracy': 0.09035, 'test_accuracy': 0.0892}} 
10-01 08:04 DEBUG    Trial 6 completed
10-01 08:04 DEBUG    ####################################################################################################
10-01 08:04 DEBUG    ####################################################################################################
10-01 08:04 DEBUG    Executing Trial 7 with seed 7
10-01 08:04 DEBUG    Data statistics: {0: {0: 281, 1: 343, 2: 268, 3: 324, 4: 316, 5: 294, 6: 314, 7: 313, 8: 273, 9: 274}, 1: {0: 273, 1: 326, 2: 304, 3: 357, 4: 282, 5: 264, 6: 322, 7: 306, 8: 289, 9: 277}, 2: {0: 284, 1: 326, 2: 290, 3: 294, 4: 305, 5: 279, 6: 266, 7: 360, 8: 299, 9: 297}, 3: {0: 306, 1: 348, 2: 267, 3: 269, 4: 295, 5: 274, 6: 299, 7: 314, 8: 340, 9: 288}, 4: {0: 328, 1: 342, 2: 284, 3: 327, 4: 286, 5: 252, 6: 279, 7: 309, 8: 305, 9: 288}, 5: {0: 277, 1: 361, 2: 300, 3: 317, 4: 292, 5: 277, 6: 284, 7: 297, 8: 272, 9: 323}, 6: {0: 295, 1: 352, 2: 320, 3: 320, 4: 278, 5: 292, 6: 303, 7: 274, 8: 253, 9: 313}, 7: {0: 286, 1: 328, 2: 295, 3: 301, 4: 282, 5: 296, 6: 313, 7: 330, 8: 270, 9: 299}, 8: {0: 301, 1: 334, 2: 317, 3: 317, 4: 293, 5: 259, 6: 298, 7: 310, 8: 291, 9: 280}, 9: {0: 322, 1: 337, 2: 304, 3: 306, 4: 296, 5: 262, 6: 306, 7: 300, 8: 269, 9: 298}, 10: {0: 283, 1: 309, 2: 266, 3: 305, 4: 314, 5: 300, 6: 282, 7: 350, 8: 294, 9: 297}, 11: {0: 288, 1: 301, 2: 307, 3: 321, 4: 288, 5: 257, 6: 279, 7: 328, 8: 310, 9: 321}, 12: {0: 266, 1: 346, 2: 297, 3: 315, 4: 272, 5: 268, 6: 289, 7: 314, 8: 304, 9: 329}, 13: {0: 286, 1: 333, 2: 318, 3: 298, 4: 287, 5: 246, 6: 310, 7: 329, 8: 302, 9: 291}, 14: {0: 325, 1: 340, 2: 323, 3: 300, 4: 289, 5: 259, 6: 295, 7: 284, 8: 302, 9: 283}, 15: {0: 295, 1: 370, 2: 298, 3: 298, 4: 279, 5: 261, 6: 280, 7: 328, 8: 295, 9: 296}, 16: {0: 307, 1: 334, 2: 300, 3: 267, 4: 320, 5: 253, 6: 347, 7: 284, 8: 274, 9: 314}, 17: {0: 318, 1: 337, 2: 296, 3: 293, 4: 300, 5: 277, 6: 299, 7: 309, 8: 284, 9: 287}, 18: {0: 290, 1: 361, 2: 306, 3: 299, 4: 260, 5: 277, 6: 277, 7: 314, 8: 302, 9: 314}, 19: {0: 312, 1: 314, 2: 298, 3: 303, 4: 308, 5: 274, 6: 276, 7: 312, 8: 323, 9: 280}}
10-01 08:04 DEBUG    **************************************************
10-01 08:04 DEBUG    Running experiments 

10-01 08:28 DEBUG    ****** PDM_KL matching ******** 
10-01 08:28 DEBUG    Best Sigma0: 10. Best sigma: 0.5 Best gamma: 10. Best Test accuracy: 0.9603. Train acc: 0.9603166666666667. 

10-01 08:28 DEBUG    PDM_KL log: {(10, 0.5, 10): {'shapes': [(784, 1719), (1719,), (1719, 10), (10,)], 'train_accuracy': 0.9603166666666667, 'test_accuracy': 0.9603}} 
10-01 09:11 DEBUG    ****** PDM_KL matching ******** 
10-01 09:11 DEBUG    Best Sigma0: 10. Best sigma: 0.5 Best gamma: 10. Best Test accuracy: 0.9603. Train acc: 0.9603166666666667. 

10-01 09:11 DEBUG    PDM_KL log: {(10, 0.5, 10): {'shapes': [(784, 1718), (1718,), (1718, 10), (10,)], 'train_accuracy': 0.9603166666666667, 'test_accuracy': 0.9603}} 
10-01 09:55 DEBUG    ****** PDM_KL matching ******** 
10-01 09:55 DEBUG    Best Sigma0: 10. Best sigma: 0.5 Best gamma: 10. Best Test accuracy: 0.9603. Train acc: 0.9603166666666667. 

10-01 09:55 DEBUG    PDM_KL log: {(10, 0.5, 10): {'shapes': [(784, 1721), (1721,), (1721, 10), (10,)], 'train_accuracy': 0.9603166666666667, 'test_accuracy': 0.9603}} 
10-01 10:38 DEBUG    ****** PDM_KL matching ******** 
10-01 10:38 DEBUG    Best Sigma0: 10. Best sigma: 0.5 Best gamma: 10. Best Test accuracy: 0.9603. Train acc: 0.9603166666666667. 

10-01 10:38 DEBUG    PDM_KL log: {(10, 0.5, 10): {'shapes': [(784, 1719), (1719,), (1719, 10), (10,)], 'train_accuracy': 0.9603166666666667, 'test_accuracy': 0.9603}} 
10-01 11:22 DEBUG    ****** PDM_KL matching ******** 
10-01 11:22 DEBUG    Best Sigma0: 10. Best sigma: 0.5 Best gamma: 10. Best Test accuracy: 0.9603. Train acc: 0.9603166666666667. 

10-01 11:22 DEBUG    PDM_KL log: {(10, 0.5, 10): {'shapes': [(784, 1705), (1705,), (1705, 10), (10,)], 'train_accuracy': 0.9603166666666667, 'test_accuracy': 0.9603}} 
10-01 12:05 DEBUG    ****** PDM_KL matching ******** 
10-01 12:05 DEBUG    Best Sigma0: 10. Best sigma: 0.5 Best gamma: 10. Best Test accuracy: 0.9603. Train acc: 0.9603166666666667. 

10-01 12:05 DEBUG    PDM_KL log: {(10, 0.5, 10): {'shapes': [(784, 1700), (1700,), (1700, 10), (10,)], 'train_accuracy': 0.9603166666666667, 'test_accuracy': 0.9603}} 
10-01 12:47 DEBUG    ****** PDM_KL matching ******** 
10-01 12:47 DEBUG    Best Sigma0: 10. Best sigma: 0.5 Best gamma: 10. Best Test accuracy: 0.9603. Train acc: 0.9603. 

10-01 12:47 DEBUG    PDM_KL log: {(10, 0.5, 10): {'shapes': [(784, 1622), (1622,), (1622, 10), (10,)], 'train_accuracy': 0.9603, 'test_accuracy': 0.9603}} 
10-01 12:50 DEBUG    ****** PDM_KL matching ******** 
10-01 12:50 DEBUG    Best Sigma0: 10. Best sigma: 0.5 Best gamma: 10. Best Test accuracy: 0.7519. Train acc: 0.7470166666666667. 

10-01 12:50 DEBUG    PDM_KL log: {(10, 0.5, 10): {'shapes': [(784, 187), (187,), (187, 10), (10,)], 'train_accuracy': 0.7470166666666667, 'test_accuracy': 0.7519}} 
10-01 12:50 DEBUG    ****** PDM_KL matching ******** 
10-01 12:50 DEBUG    Best Sigma0: 10. Best sigma: 0.5 Best gamma: 10. Best Test accuracy: 0.0892. Train acc: 0.09035. 

10-01 12:50 DEBUG    PDM_KL log: {(10, 0.5, 10): {'shapes': [(784, 100), (100,), (100, 10), (10,)], 'train_accuracy': 0.09035, 'test_accuracy': 0.0892}} 
10-01 12:51 DEBUG    ****** PDM_KL matching ******** 
10-01 12:51 DEBUG    Best Sigma0: 10. Best sigma: 0.5 Best gamma: 10. Best Test accuracy: 0.0892. Train acc: 0.09035. 

10-01 12:51 DEBUG    PDM_KL log: {(10, 0.5, 10): {'shapes': [(784, 100), (100,), (100, 10), (10,)], 'train_accuracy': 0.09035, 'test_accuracy': 0.0892}} 
10-01 12:51 DEBUG    ****** PDM_KL matching ******** 
10-01 12:51 DEBUG    Best Sigma0: 10. Best sigma: 0.5 Best gamma: 10. Best Test accuracy: 0.0892. Train acc: 0.09035. 

10-01 12:51 DEBUG    PDM_KL log: {(10, 0.5, 10): {'shapes': [(784, 100), (100,), (100, 10), (10,)], 'train_accuracy': 0.09035, 'test_accuracy': 0.0892}} 
10-01 12:51 DEBUG    Trial 7 completed
10-01 12:51 DEBUG    ####################################################################################################
10-01 12:51 DEBUG    ####################################################################################################
10-01 12:51 DEBUG    Executing Trial 8 with seed 8
10-01 12:51 DEBUG    Data statistics: {0: {0: 301, 1: 352, 2: 291, 3: 300, 4: 297, 5: 277, 6: 278, 7: 304, 8: 302, 9: 298}, 1: {0: 319, 1: 378, 2: 277, 3: 302, 4: 293, 5: 275, 6: 287, 7: 285, 8: 287, 9: 297}, 2: {0: 287, 1: 351, 2: 295, 3: 321, 4: 277, 5: 291, 6: 268, 7: 337, 8: 277, 9: 296}, 3: {0: 274, 1: 347, 2: 297, 3: 325, 4: 283, 5: 245, 6: 309, 7: 312, 8: 311, 9: 297}, 4: {0: 286, 1: 362, 2: 300, 3: 295, 4: 304, 5: 263, 6: 241, 7: 327, 8: 314, 9: 308}, 5: {0: 284, 1: 326, 2: 303, 3: 334, 4: 300, 5: 260, 6: 309, 7: 294, 8: 290, 9: 300}, 6: {0: 268, 1: 308, 2: 317, 3: 309, 4: 279, 5: 283, 6: 297, 7: 341, 8: 298, 9: 300}, 7: {0: 310, 1: 340, 2: 301, 3: 304, 4: 293, 5: 280, 6: 285, 7: 295, 8: 302, 9: 290}, 8: {0: 296, 1: 308, 2: 292, 3: 311, 4: 289, 5: 291, 6: 324, 7: 298, 8: 295, 9: 296}, 9: {0: 323, 1: 352, 2: 306, 3: 289, 4: 297, 5: 258, 6: 296, 7: 311, 8: 259, 9: 309}, 10: {0: 306, 1: 297, 2: 278, 3: 321, 4: 323, 5: 260, 6: 320, 7: 307, 8: 281, 9: 307}, 11: {0: 309, 1: 338, 2: 309, 3: 282, 4: 295, 5: 271, 6: 292, 7: 328, 8: 294, 9: 282}, 12: {0: 304, 1: 322, 2: 280, 3: 305, 4: 271, 5: 272, 6: 296, 7: 347, 8: 300, 9: 303}, 13: {0: 278, 1: 337, 2: 299, 3: 317, 4: 283, 5: 291, 6: 264, 7: 322, 8: 294, 9: 315}, 14: {0: 288, 1: 360, 2: 281, 3: 308, 4: 286, 5: 295, 6: 282, 7: 314, 8: 280, 9: 306}, 15: {0: 294, 1: 315, 2: 326, 3: 305, 4: 292, 5: 270, 6: 330, 7: 299, 8: 278, 9: 291}, 16: {0: 299, 1: 350, 2: 320, 3: 296, 4: 296, 5: 268, 6: 270, 7: 310, 8: 294, 9: 297}, 17: {0: 287, 1: 319, 2: 289, 3: 296, 4: 293, 5: 238, 6: 346, 7: 327, 8: 310, 9: 295}, 18: {0: 305, 1: 325, 2: 293, 3: 324, 4: 294, 5: 246, 6: 306, 7: 313, 8: 305, 9: 289}, 19: {0: 305, 1: 355, 2: 304, 3: 287, 4: 297, 5: 287, 6: 318, 7: 294, 8: 280, 9: 273}}
10-01 12:52 DEBUG    **************************************************
10-01 12:52 DEBUG    Running experiments 

10-01 13:16 DEBUG    ****** PDM_KL matching ******** 
10-01 13:16 DEBUG    Best Sigma0: 10. Best sigma: 0.5 Best gamma: 10. Best Test accuracy: 0.9615. Train acc: 0.9608666666666666. 

10-01 13:16 DEBUG    PDM_KL log: {(10, 0.5, 10): {'shapes': [(784, 1765), (1765,), (1765, 10), (10,)], 'train_accuracy': 0.9608666666666666, 'test_accuracy': 0.9615}} 
10-01 14:01 DEBUG    ****** PDM_KL matching ******** 
10-01 14:01 DEBUG    Best Sigma0: 10. Best sigma: 0.5 Best gamma: 10. Best Test accuracy: 0.9615. Train acc: 0.9608666666666666. 

10-01 14:01 DEBUG    PDM_KL log: {(10, 0.5, 10): {'shapes': [(784, 1765), (1765,), (1765, 10), (10,)], 'train_accuracy': 0.9608666666666666, 'test_accuracy': 0.9615}} 
10-01 14:47 DEBUG    ****** PDM_KL matching ******** 
10-01 14:47 DEBUG    Best Sigma0: 10. Best sigma: 0.5 Best gamma: 10. Best Test accuracy: 0.9615. Train acc: 0.9608666666666666. 

10-01 14:47 DEBUG    PDM_KL log: {(10, 0.5, 10): {'shapes': [(784, 1763), (1763,), (1763, 10), (10,)], 'train_accuracy': 0.9608666666666666, 'test_accuracy': 0.9615}} 
10-01 15:32 DEBUG    ****** PDM_KL matching ******** 
10-01 15:32 DEBUG    Best Sigma0: 10. Best sigma: 0.5 Best gamma: 10. Best Test accuracy: 0.9615. Train acc: 0.9608666666666666. 

10-01 15:32 DEBUG    PDM_KL log: {(10, 0.5, 10): {'shapes': [(784, 1763), (1763,), (1763, 10), (10,)], 'train_accuracy': 0.9608666666666666, 'test_accuracy': 0.9615}} 
10-01 16:16 DEBUG    ****** PDM_KL matching ******** 
10-01 16:16 DEBUG    Best Sigma0: 10. Best sigma: 0.5 Best gamma: 10. Best Test accuracy: 0.9615. Train acc: 0.9608666666666666. 

10-01 16:16 DEBUG    PDM_KL log: {(10, 0.5, 10): {'shapes': [(784, 1750), (1750,), (1750, 10), (10,)], 'train_accuracy': 0.9608666666666666, 'test_accuracy': 0.9615}} 
10-01 16:59 DEBUG    ****** PDM_KL matching ******** 
10-01 16:59 DEBUG    Best Sigma0: 10. Best sigma: 0.5 Best gamma: 10. Best Test accuracy: 0.9615. Train acc: 0.9608666666666666. 

10-01 16:59 DEBUG    PDM_KL log: {(10, 0.5, 10): {'shapes': [(784, 1735), (1735,), (1735, 10), (10,)], 'train_accuracy': 0.9608666666666666, 'test_accuracy': 0.9615}} 
10-01 17:42 DEBUG    ****** PDM_KL matching ******** 
10-01 17:42 DEBUG    Best Sigma0: 10. Best sigma: 0.5 Best gamma: 10. Best Test accuracy: 0.9615. Train acc: 0.9608666666666666. 

10-01 17:42 DEBUG    PDM_KL log: {(10, 0.5, 10): {'shapes': [(784, 1679), (1679,), (1679, 10), (10,)], 'train_accuracy': 0.9608666666666666, 'test_accuracy': 0.9615}} 
10-01 17:44 DEBUG    ****** PDM_KL matching ******** 
10-01 17:44 DEBUG    Best Sigma0: 10. Best sigma: 0.5 Best gamma: 10. Best Test accuracy: 0.8065. Train acc: 0.8086666666666666. 

10-01 17:44 DEBUG    PDM_KL log: {(10, 0.5, 10): {'shapes': [(784, 200), (200,), (200, 10), (10,)], 'train_accuracy': 0.8086666666666666, 'test_accuracy': 0.8065}} 
10-01 17:45 DEBUG    ****** PDM_KL matching ******** 
10-01 17:45 DEBUG    Best Sigma0: 10. Best sigma: 0.5 Best gamma: 10. Best Test accuracy: 0.0892. Train acc: 0.09035. 

10-01 17:45 DEBUG    PDM_KL log: {(10, 0.5, 10): {'shapes': [(784, 100), (100,), (100, 10), (10,)], 'train_accuracy': 0.09035, 'test_accuracy': 0.0892}} 
10-01 17:45 DEBUG    ****** PDM_KL matching ******** 
10-01 17:45 DEBUG    Best Sigma0: 10. Best sigma: 0.5 Best gamma: 10. Best Test accuracy: 0.0892. Train acc: 0.09035. 

10-01 17:45 DEBUG    PDM_KL log: {(10, 0.5, 10): {'shapes': [(784, 100), (100,), (100, 10), (10,)], 'train_accuracy': 0.09035, 'test_accuracy': 0.0892}} 
10-01 17:46 DEBUG    ****** PDM_KL matching ******** 
10-01 17:46 DEBUG    Best Sigma0: 10. Best sigma: 0.5 Best gamma: 10. Best Test accuracy: 0.0892. Train acc: 0.09035. 

10-01 17:46 DEBUG    PDM_KL log: {(10, 0.5, 10): {'shapes': [(784, 100), (100,), (100, 10), (10,)], 'train_accuracy': 0.09035, 'test_accuracy': 0.0892}} 
10-01 17:46 DEBUG    Trial 8 completed
10-01 17:46 DEBUG    ####################################################################################################
10-01 17:46 DEBUG    ####################################################################################################
10-01 17:46 DEBUG    Executing Trial 9 with seed 9
10-01 17:46 DEBUG    Data statistics: {0: {0: 283, 1: 353, 2: 295, 3: 303, 4: 278, 5: 262, 6: 309, 7: 331, 8: 289, 9: 297}, 1: {0: 315, 1: 375, 2: 269, 3: 300, 4: 308, 5: 268, 6: 303, 7: 293, 8: 277, 9: 292}, 2: {0: 288, 1: 340, 2: 296, 3: 323, 4: 269, 5: 280, 6: 278, 7: 312, 8: 305, 9: 309}, 3: {0: 275, 1: 336, 2: 290, 3: 293, 4: 308, 5: 276, 6: 299, 7: 337, 8: 300, 9: 286}, 4: {0: 293, 1: 341, 2: 296, 3: 305, 4: 283, 5: 253, 6: 313, 7: 300, 8: 285, 9: 331}, 5: {0: 327, 1: 326, 2: 287, 3: 334, 4: 295, 5: 279, 6: 290, 7: 283, 8: 273, 9: 306}, 6: {0: 293, 1: 352, 2: 298, 3: 298, 4: 277, 5: 263, 6: 294, 7: 328, 8: 296, 9: 301}, 7: {0: 295, 1: 337, 2: 296, 3: 306, 4: 284, 5: 288, 6: 291, 7: 330, 8: 284, 9: 289}, 8: {0: 319, 1: 342, 2: 276, 3: 319, 4: 291, 5: 273, 6: 287, 7: 307, 8: 297, 9: 289}, 9: {0: 282, 1: 337, 2: 294, 3: 307, 4: 319, 5: 285, 6: 276, 7: 327, 8: 294, 9: 279}, 10: {0: 288, 1: 346, 2: 298, 3: 295, 4: 304, 5: 264, 6: 271, 7: 313, 8: 310, 9: 311}, 11: {0: 300, 1: 293, 2: 318, 3: 331, 4: 275, 5: 281, 6: 299, 7: 313, 8: 283, 9: 307}, 12: {0: 310, 1: 339, 2: 296, 3: 308, 4: 283, 5: 267, 6: 311, 7: 299, 8: 311, 9: 276}, 13: {0: 279, 1: 346, 2: 327, 3: 291, 4: 316, 5: 259, 6: 288, 7: 315, 8: 297, 9: 282}, 14: {0: 291, 1: 338, 2: 306, 3: 339, 4: 282, 5: 239, 6: 284, 7: 311, 8: 296, 9: 314}, 15: {0: 299, 1: 329, 2: 312, 3: 294, 4: 300, 5: 259, 6: 320, 7: 285, 8: 298, 9: 304}, 16: {0: 277, 1: 363, 2: 317, 3: 300, 4: 304, 5: 266, 6: 295, 7: 300, 8: 271, 9: 307}, 17: {0: 309, 1: 303, 2: 333, 3: 270, 4: 295, 5: 267, 6: 278, 7: 360, 8: 292, 9: 293}, 18: {0: 288, 1: 346, 2: 275, 3: 309, 4: 277, 5: 306, 6: 320, 7: 312, 8: 277, 9: 290}, 19: {0: 312, 1: 300, 2: 279, 3: 306, 4: 294, 5: 286, 6: 312, 7: 309, 8: 316, 9: 286}}
10-01 17:47 DEBUG    **************************************************
10-01 17:47 DEBUG    Running experiments 

10-01 18:11 DEBUG    ****** PDM_KL matching ******** 
10-01 18:11 DEBUG    Best Sigma0: 10. Best sigma: 0.5 Best gamma: 10. Best Test accuracy: 0.9599. Train acc: 0.9603333333333334. 

10-01 18:11 DEBUG    PDM_KL log: {(10, 0.5, 10): {'shapes': [(784, 1737), (1737,), (1737, 10), (10,)], 'train_accuracy': 0.9603333333333334, 'test_accuracy': 0.9599}} 
10-01 18:56 DEBUG    ****** PDM_KL matching ******** 
10-01 18:56 DEBUG    Best Sigma0: 10. Best sigma: 0.5 Best gamma: 10. Best Test accuracy: 0.9599. Train acc: 0.9603333333333334. 

10-01 18:56 DEBUG    PDM_KL log: {(10, 0.5, 10): {'shapes': [(784, 1739), (1739,), (1739, 10), (10,)], 'train_accuracy': 0.9603333333333334, 'test_accuracy': 0.9599}} 
10-01 19:40 DEBUG    ****** PDM_KL matching ******** 
10-01 19:40 DEBUG    Best Sigma0: 10. Best sigma: 0.5 Best gamma: 10. Best Test accuracy: 0.9599. Train acc: 0.9603333333333334. 

10-01 19:40 DEBUG    PDM_KL log: {(10, 0.5, 10): {'shapes': [(784, 1730), (1730,), (1730, 10), (10,)], 'train_accuracy': 0.9603333333333334, 'test_accuracy': 0.9599}} 
10-01 20:23 DEBUG    ****** PDM_KL matching ******** 
10-01 20:23 DEBUG    Best Sigma0: 10. Best sigma: 0.5 Best gamma: 10. Best Test accuracy: 0.9599. Train acc: 0.9603333333333334. 

10-01 20:23 DEBUG    PDM_KL log: {(10, 0.5, 10): {'shapes': [(784, 1729), (1729,), (1729, 10), (10,)], 'train_accuracy': 0.9603333333333334, 'test_accuracy': 0.9599}} 
10-01 21:07 DEBUG    ****** PDM_KL matching ******** 
10-01 21:07 DEBUG    Best Sigma0: 10. Best sigma: 0.5 Best gamma: 10. Best Test accuracy: 0.9599. Train acc: 0.9603333333333334. 

10-01 21:07 DEBUG    PDM_KL log: {(10, 0.5, 10): {'shapes': [(784, 1717), (1717,), (1717, 10), (10,)], 'train_accuracy': 0.9603333333333334, 'test_accuracy': 0.9599}} 
10-01 21:51 DEBUG    ****** PDM_KL matching ******** 
10-01 21:51 DEBUG    Best Sigma0: 10. Best sigma: 0.5 Best gamma: 10. Best Test accuracy: 0.9599. Train acc: 0.9603333333333334. 

10-01 21:51 DEBUG    PDM_KL log: {(10, 0.5, 10): {'shapes': [(784, 1699), (1699,), (1699, 10), (10,)], 'train_accuracy': 0.9603333333333334, 'test_accuracy': 0.9599}} 
10-01 22:34 DEBUG    ****** PDM_KL matching ******** 
10-01 22:34 DEBUG    Best Sigma0: 10. Best sigma: 0.5 Best gamma: 10. Best Test accuracy: 0.9598. Train acc: 0.96035. 

10-01 22:34 DEBUG    PDM_KL log: {(10, 0.5, 10): {'shapes': [(784, 1642), (1642,), (1642, 10), (10,)], 'train_accuracy': 0.96035, 'test_accuracy': 0.9598}} 
10-01 22:36 DEBUG    ****** PDM_KL matching ******** 
10-01 22:36 DEBUG    Best Sigma0: 10. Best sigma: 0.5 Best gamma: 10. Best Test accuracy: 0.7902. Train acc: 0.7938833333333334. 

10-01 22:36 DEBUG    PDM_KL log: {(10, 0.5, 10): {'shapes': [(784, 199), (199,), (199, 10), (10,)], 'train_accuracy': 0.7938833333333334, 'test_accuracy': 0.7902}} 
10-01 22:37 DEBUG    ****** PDM_KL matching ******** 
10-01 22:37 DEBUG    Best Sigma0: 10. Best sigma: 0.5 Best gamma: 10. Best Test accuracy: 0.0892. Train acc: 0.09035. 

10-01 22:37 DEBUG    PDM_KL log: {(10, 0.5, 10): {'shapes': [(784, 100), (100,), (100, 10), (10,)], 'train_accuracy': 0.09035, 'test_accuracy': 0.0892}} 
10-01 22:38 DEBUG    ****** PDM_KL matching ******** 
10-01 22:38 DEBUG    Best Sigma0: 10. Best sigma: 0.5 Best gamma: 10. Best Test accuracy: 0.0892. Train acc: 0.09035. 

10-01 22:38 DEBUG    PDM_KL log: {(10, 0.5, 10): {'shapes': [(784, 100), (100,), (100, 10), (10,)], 'train_accuracy': 0.09035, 'test_accuracy': 0.0892}} 
10-01 22:38 DEBUG    ****** PDM_KL matching ******** 
10-01 22:38 DEBUG    Best Sigma0: 10. Best sigma: 0.5 Best gamma: 10. Best Test accuracy: 0.0892. Train acc: 0.09035. 

10-01 22:38 DEBUG    PDM_KL log: {(10, 0.5, 10): {'shapes': [(784, 100), (100,), (100, 10), (10,)], 'train_accuracy': 0.09035, 'test_accuracy': 0.0892}} 
10-01 22:38 DEBUG    Trial 9 completed
10-01 22:38 DEBUG    ####################################################################################################
