09-29 13:58 DEBUG    Experiment arguments: Namespace(alpha=0.5, communication_rounds=None, datadir='data/mnist', dataset='mnist', device=1.0, dropout_p=0.0, epochs=10, experiment=['pdm_KL'], init_seed=0, iter_epochs=5, layers=1, loaddir='saved_weights/mnist/hetero-dir', logdir='KL_regs_bst_hyp_unlimi/mnist/hetero-dir', lr=0.01, lr_decay=1.0, n=3, n_layers=1, n_nets=10, net_config=[784, 100, 100, 100, 10], num_pool_workers=1, partition='hetero-dir', pdm_gamma=1, pdm_sig=0.9, pdm_sig0=3, reg=1e-06, reg_fac=0.0, trials=10)
09-29 13:58 DEBUG    ####################################################################################################
09-29 13:58 DEBUG    Executing Trial 0 with seed 0
09-29 13:58 DEBUG    Data statistics: {0: {0: 602, 2: 796, 3: 948, 4: 477, 5: 120, 6: 546, 7: 191, 8: 143, 9: 1650}, 1: {0: 820, 1: 2411, 2: 2824}, 2: {0: 770, 1: 25, 2: 669, 3: 963, 4: 2734, 5: 28, 6: 7, 7: 16, 8: 602, 9: 663}, 3: {0: 237, 1: 923, 2: 396, 3: 273, 4: 609, 5: 240, 6: 468, 7: 150, 8: 2975}, 4: {0: 241, 1: 409, 2: 58, 3: 1175, 4: 425, 5: 64, 6: 88, 7: 55, 8: 100, 9: 670}, 5: {0: 103, 1: 356, 3: 10, 4: 474, 5: 29, 6: 2121, 7: 554, 8: 888, 9: 2934}, 6: {0: 1430, 1: 2487, 2: 58, 3: 266, 4: 650, 5: 551, 6: 128, 7: 2929}, 7: {0: 554, 1: 1, 2: 160, 3: 51, 5: 1511, 6: 2451, 7: 1609}, 8: {0: 234, 1: 100, 2: 867, 3: 1177, 4: 77, 5: 2396, 6: 92, 7: 646, 8: 1133}, 9: {0: 932, 1: 30, 2: 130, 3: 1268, 4: 396, 5: 482, 6: 17, 7: 115, 8: 10, 9: 32}}
09-29 13:58 DEBUG    **************************************************
09-29 13:58 DEBUG    Running experiments 

09-29 14:02 DEBUG    ****** PDM_KL matching ******** 
09-29 14:02 DEBUG    Best Sigma0: 3. Best sigma: 0.9 Best gamma: 1. Best Test accuracy: 0.719. Train acc: 0.7225833333333334. 

09-29 14:02 DEBUG    PDM_KL log: {(3, 0.9, 1): {'shapes': [(784, 625), (625,), (625, 109), (109,), (109, 100), (100,), (100, 10), (10,)], 'train_accuracy': 0.7225833333333334, 'test_accuracy': 0.719}} 
09-29 14:12 DEBUG    ****** PDM_KL matching ******** 
09-29 14:12 DEBUG    Best Sigma0: 3. Best sigma: 0.9 Best gamma: 1. Best Test accuracy: 0.5318. Train acc: 0.52545. 

09-29 14:12 DEBUG    PDM_KL log: {(3, 0.9, 1): {'shapes': [(784, 627), (627,), (627, 109), (109,), (109, 100), (100,), (100, 10), (10,)], 'train_accuracy': 0.52545, 'test_accuracy': 0.5318}} 
09-29 14:23 DEBUG    ****** PDM_KL matching ******** 
09-29 14:23 DEBUG    Best Sigma0: 3. Best sigma: 0.9 Best gamma: 1. Best Test accuracy: 0.6431. Train acc: 0.63975. 

09-29 14:23 DEBUG    PDM_KL log: {(3, 0.9, 1): {'shapes': [(784, 626), (626,), (626, 109), (109,), (109, 100), (100,), (100, 10), (10,)], 'train_accuracy': 0.63975, 'test_accuracy': 0.6431}} 
09-29 14:34 DEBUG    ****** PDM_KL matching ******** 
09-29 14:34 DEBUG    Best Sigma0: 3. Best sigma: 0.9 Best gamma: 1. Best Test accuracy: 0.7138. Train acc: 0.7153166666666667. 

09-29 14:34 DEBUG    PDM_KL log: {(3, 0.9, 1): {'shapes': [(784, 625), (625,), (625, 109), (109,), (109, 100), (100,), (100, 10), (10,)], 'train_accuracy': 0.7153166666666667, 'test_accuracy': 0.7138}} 
09-29 14:45 DEBUG    ****** PDM_KL matching ******** 
09-29 14:45 DEBUG    Best Sigma0: 3. Best sigma: 0.9 Best gamma: 1. Best Test accuracy: 0.7179. Train acc: 0.7206. 

09-29 14:45 DEBUG    PDM_KL log: {(3, 0.9, 1): {'shapes': [(784, 625), (625,), (625, 109), (109,), (109, 100), (100,), (100, 10), (10,)], 'train_accuracy': 0.7206, 'test_accuracy': 0.7179}} 
09-29 14:56 DEBUG    ****** PDM_KL matching ******** 
09-29 14:56 DEBUG    Best Sigma0: 3. Best sigma: 0.9 Best gamma: 1. Best Test accuracy: 0.6698. Train acc: 0.6661666666666667. 

09-29 14:56 DEBUG    PDM_KL log: {(3, 0.9, 1): {'shapes': [(784, 620), (620,), (620, 109), (109,), (109, 100), (100,), (100, 10), (10,)], 'train_accuracy': 0.6661666666666667, 'test_accuracy': 0.6698}} 
09-29 15:04 DEBUG    ****** PDM_KL matching ******** 
09-29 15:04 DEBUG    Best Sigma0: 3. Best sigma: 0.9 Best gamma: 1. Best Test accuracy: 0.7963. Train acc: 0.7971333333333334. 

09-29 15:04 DEBUG    PDM_KL log: {(3, 0.9, 1): {'shapes': [(784, 578), (578,), (578, 100), (100,), (100, 100), (100,), (100, 10), (10,)], 'train_accuracy': 0.7971333333333334, 'test_accuracy': 0.7963}} 
09-29 15:09 DEBUG    ****** PDM_KL matching ******** 
09-29 15:09 DEBUG    Best Sigma0: 3. Best sigma: 0.9 Best gamma: 1. Best Test accuracy: 0.4732. Train acc: 0.47486666666666666. 

09-29 15:09 DEBUG    PDM_KL log: {(3, 0.9, 1): {'shapes': [(784, 437), (437,), (437, 100), (100,), (100, 100), (100,), (100, 10), (10,)], 'train_accuracy': 0.47486666666666666, 'test_accuracy': 0.4732}} 
09-29 15:10 DEBUG    ****** PDM_KL matching ******** 
09-29 15:10 DEBUG    Best Sigma0: 3. Best sigma: 0.9 Best gamma: 1. Best Test accuracy: 0.0974. Train acc: 0.09751666666666667. 

09-29 15:10 DEBUG    PDM_KL log: {(3, 0.9, 1): {'shapes': [(784, 100), (100,), (100, 100), (100,), (100, 100), (100,), (100, 10), (10,)], 'train_accuracy': 0.09751666666666667, 'test_accuracy': 0.0974}} 
09-29 15:11 DEBUG    ****** PDM_KL matching ******** 
09-29 15:11 DEBUG    Best Sigma0: 3. Best sigma: 0.9 Best gamma: 1. Best Test accuracy: 0.0974. Train acc: 0.09751666666666667. 

09-29 15:11 DEBUG    PDM_KL log: {(3, 0.9, 1): {'shapes': [(784, 100), (100,), (100, 100), (100,), (100, 100), (100,), (100, 10), (10,)], 'train_accuracy': 0.09751666666666667, 'test_accuracy': 0.0974}} 
09-29 15:13 DEBUG    ****** PDM_KL matching ******** 
09-29 15:13 DEBUG    Best Sigma0: 3. Best sigma: 0.9 Best gamma: 1. Best Test accuracy: 0.0974. Train acc: 0.09751666666666667. 

09-29 15:13 DEBUG    PDM_KL log: {(3, 0.9, 1): {'shapes': [(784, 100), (100,), (100, 100), (100,), (100, 100), (100,), (100, 10), (10,)], 'train_accuracy': 0.09751666666666667, 'test_accuracy': 0.0974}} 
09-29 15:13 DEBUG    Trial 0 completed
09-29 15:13 DEBUG    ####################################################################################################
09-29 15:13 DEBUG    ####################################################################################################
09-29 15:13 DEBUG    Executing Trial 1 with seed 1
09-29 15:13 DEBUG    Data statistics: {0: {0: 248, 1: 83, 2: 207, 3: 99, 4: 776, 5: 380, 6: 206, 7: 350, 8: 326, 9: 117}, 1: {0: 32, 1: 787, 2: 107, 3: 76, 4: 860, 5: 388, 6: 1125, 7: 1, 8: 586, 9: 2654}, 2: {0: 1711, 1: 1222, 2: 2657, 3: 143, 4: 349}, 3: {0: 301, 1: 336, 2: 1374, 3: 1805, 4: 2026, 5: 2536}, 4: {0: 166, 1: 315, 2: 274, 3: 12, 4: 47, 5: 38, 6: 723, 7: 175, 8: 48, 9: 2474}, 5: {0: 2902, 1: 187, 3: 322, 4: 24, 5: 71, 6: 2360, 7: 2841}, 6: {0: 127, 1: 963, 2: 729, 3: 810, 4: 960, 5: 24, 6: 804, 7: 111, 8: 1703}, 7: {0: 28, 1: 1747, 2: 276, 3: 72, 4: 657, 5: 1128, 6: 668, 7: 58, 8: 457, 9: 122}, 8: {0: 4, 1: 364, 2: 138, 3: 177, 4: 45, 5: 798, 7: 2648, 8: 2247}, 9: {0: 404, 1: 738, 2: 196, 3: 2615, 4: 98, 5: 58, 6: 32, 7: 81, 8: 484, 9: 582}}
09-29 15:13 DEBUG    **************************************************
09-29 15:13 DEBUG    Running experiments 

09-29 15:17 DEBUG    ****** PDM_KL matching ******** 
09-29 15:17 DEBUG    Best Sigma0: 3. Best sigma: 0.9 Best gamma: 1. Best Test accuracy: 0.5802. Train acc: 0.57695. 

09-29 15:17 DEBUG    PDM_KL log: {(3, 0.9, 1): {'shapes': [(784, 656), (656,), (656, 109), (109,), (109, 100), (100,), (100, 10), (10,)], 'train_accuracy': 0.57695, 'test_accuracy': 0.5802}} 
09-29 15:29 DEBUG    ****** PDM_KL matching ******** 
09-29 15:29 DEBUG    Best Sigma0: 3. Best sigma: 0.9 Best gamma: 1. Best Test accuracy: 0.663. Train acc: 0.6513333333333333. 

09-29 15:29 DEBUG    PDM_KL log: {(3, 0.9, 1): {'shapes': [(784, 653), (653,), (653, 109), (109,), (109, 100), (100,), (100, 10), (10,)], 'train_accuracy': 0.6513333333333333, 'test_accuracy': 0.663}} 
09-29 15:40 DEBUG    ****** PDM_KL matching ******** 
09-29 15:40 DEBUG    Best Sigma0: 3. Best sigma: 0.9 Best gamma: 1. Best Test accuracy: 0.637. Train acc: 0.62775. 

09-29 15:40 DEBUG    PDM_KL log: {(3, 0.9, 1): {'shapes': [(784, 655), (655,), (655, 109), (109,), (109, 100), (100,), (100, 10), (10,)], 'train_accuracy': 0.62775, 'test_accuracy': 0.637}} 
09-29 15:51 DEBUG    ****** PDM_KL matching ******** 
09-29 15:51 DEBUG    Best Sigma0: 3. Best sigma: 0.9 Best gamma: 1. Best Test accuracy: 0.53. Train acc: 0.5299. 

09-29 15:51 DEBUG    PDM_KL log: {(3, 0.9, 1): {'shapes': [(784, 652), (652,), (652, 109), (109,), (109, 100), (100,), (100, 10), (10,)], 'train_accuracy': 0.5299, 'test_accuracy': 0.53}} 
09-29 16:02 DEBUG    ****** PDM_KL matching ******** 
09-29 16:02 DEBUG    Best Sigma0: 3. Best sigma: 0.9 Best gamma: 1. Best Test accuracy: 0.6716. Train acc: 0.6609. 

09-29 16:02 DEBUG    PDM_KL log: {(3, 0.9, 1): {'shapes': [(784, 651), (651,), (651, 109), (109,), (109, 100), (100,), (100, 10), (10,)], 'train_accuracy': 0.6609, 'test_accuracy': 0.6716}} 
09-29 16:12 DEBUG    ****** PDM_KL matching ******** 
09-29 16:12 DEBUG    Best Sigma0: 3. Best sigma: 0.9 Best gamma: 1. Best Test accuracy: 0.5702. Train acc: 0.56455. 

09-29 16:12 DEBUG    PDM_KL log: {(3, 0.9, 1): {'shapes': [(784, 647), (647,), (647, 109), (109,), (109, 100), (100,), (100, 10), (10,)], 'train_accuracy': 0.56455, 'test_accuracy': 0.5702}} 
09-29 16:22 DEBUG    ****** PDM_KL matching ******** 
09-29 16:22 DEBUG    Best Sigma0: 3. Best sigma: 0.9 Best gamma: 1. Best Test accuracy: 0.6415. Train acc: 0.6301833333333333. 

09-29 16:22 DEBUG    PDM_KL log: {(3, 0.9, 1): {'shapes': [(784, 598), (598,), (598, 109), (109,), (109, 100), (100,), (100, 10), (10,)], 'train_accuracy': 0.6301833333333333, 'test_accuracy': 0.6415}} 
09-29 16:28 DEBUG    ****** PDM_KL matching ******** 
09-29 16:28 DEBUG    Best Sigma0: 3. Best sigma: 0.9 Best gamma: 1. Best Test accuracy: 0.5845. Train acc: 0.5803666666666667. 

09-29 16:28 DEBUG    PDM_KL log: {(3, 0.9, 1): {'shapes': [(784, 457), (457,), (457, 100), (100,), (100, 100), (100,), (100, 10), (10,)], 'train_accuracy': 0.5803666666666667, 'test_accuracy': 0.5845}} 
09-29 16:29 DEBUG    ****** PDM_KL matching ******** 
09-29 16:29 DEBUG    Best Sigma0: 3. Best sigma: 0.9 Best gamma: 1. Best Test accuracy: 0.0974. Train acc: 0.09751666666666667. 

09-29 16:29 DEBUG    PDM_KL log: {(3, 0.9, 1): {'shapes': [(784, 100), (100,), (100, 100), (100,), (100, 100), (100,), (100, 10), (10,)], 'train_accuracy': 0.09751666666666667, 'test_accuracy': 0.0974}} 
09-29 16:31 DEBUG    ****** PDM_KL matching ******** 
09-29 16:31 DEBUG    Best Sigma0: 3. Best sigma: 0.9 Best gamma: 1. Best Test accuracy: 0.0974. Train acc: 0.09751666666666667. 

09-29 16:31 DEBUG    PDM_KL log: {(3, 0.9, 1): {'shapes': [(784, 100), (100,), (100, 100), (100,), (100, 100), (100,), (100, 10), (10,)], 'train_accuracy': 0.09751666666666667, 'test_accuracy': 0.0974}} 
09-29 16:32 DEBUG    ****** PDM_KL matching ******** 
09-29 16:32 DEBUG    Best Sigma0: 3. Best sigma: 0.9 Best gamma: 1. Best Test accuracy: 0.0974. Train acc: 0.09751666666666667. 

09-29 16:32 DEBUG    PDM_KL log: {(3, 0.9, 1): {'shapes': [(784, 100), (100,), (100, 100), (100,), (100, 100), (100,), (100, 10), (10,)], 'train_accuracy': 0.09751666666666667, 'test_accuracy': 0.0974}} 
09-29 16:32 DEBUG    Trial 1 completed
09-29 16:32 DEBUG    ####################################################################################################
09-29 16:32 DEBUG    ####################################################################################################
09-29 16:32 DEBUG    Executing Trial 2 with seed 2
09-29 16:32 DEBUG    Data statistics: {0: {0: 1593, 1: 475, 2: 877, 3: 767, 4: 2, 5: 8, 6: 895, 7: 50, 8: 962, 9: 212}, 1: {0: 260, 1: 1498, 2: 2, 3: 84, 4: 346, 5: 957, 6: 1195, 7: 381, 8: 642, 9: 2884}, 2: {0: 1433, 1: 390, 2: 392, 3: 285, 4: 2456, 5: 192, 6: 418, 7: 586}, 3: {0: 68, 1: 2184, 2: 1, 3: 162, 4: 195, 5: 473, 6: 704, 7: 293, 8: 1474, 9: 12}, 4: {0: 997, 2: 102, 3: 259, 4: 100, 5: 1559, 6: 164, 7: 88, 8: 1216, 9: 6}, 5: {0: 371, 1: 826, 2: 1594, 3: 2116, 4: 906, 5: 127, 6: 1421}, 6: {0: 203, 1: 1300, 2: 255, 3: 53, 4: 67, 5: 54, 6: 308, 7: 900, 8: 432, 9: 455}, 7: {0: 2, 1: 19, 2: 86, 3: 846, 4: 1087, 5: 1307, 6: 694, 7: 185, 9: 519}, 8: {0: 992, 1: 15, 2: 1552, 3: 1413, 4: 514, 5: 329, 6: 99, 7: 142, 8: 660, 9: 569}, 9: {0: 4, 1: 35, 2: 1097, 3: 146, 4: 169, 5: 415, 6: 20, 7: 3640, 8: 465, 9: 1292}}
09-29 16:32 DEBUG    **************************************************
09-29 16:32 DEBUG    Running experiments 

09-29 16:36 DEBUG    ****** PDM_KL matching ******** 
09-29 16:36 DEBUG    Best Sigma0: 3. Best sigma: 0.9 Best gamma: 1. Best Test accuracy: 0.7128. Train acc: 0.71695. 

09-29 16:36 DEBUG    PDM_KL log: {(3, 0.9, 1): {'shapes': [(784, 660), (660,), (660, 114), (114,), (114, 100), (100,), (100, 10), (10,)], 'train_accuracy': 0.71695, 'test_accuracy': 0.7128}} 
09-29 16:47 DEBUG    ****** PDM_KL matching ******** 
09-29 16:47 DEBUG    Best Sigma0: 3. Best sigma: 0.9 Best gamma: 1. Best Test accuracy: 0.6859. Train acc: 0.6911666666666667. 

09-29 16:47 DEBUG    PDM_KL log: {(3, 0.9, 1): {'shapes': [(784, 661), (661,), (661, 109), (109,), (109, 100), (100,), (100, 10), (10,)], 'train_accuracy': 0.6911666666666667, 'test_accuracy': 0.6859}} 
09-29 16:59 DEBUG    ****** PDM_KL matching ******** 
09-29 16:59 DEBUG    Best Sigma0: 3. Best sigma: 0.9 Best gamma: 1. Best Test accuracy: 0.6087. Train acc: 0.6206833333333334. 

09-29 16:59 DEBUG    PDM_KL log: {(3, 0.9, 1): {'shapes': [(784, 662), (662,), (662, 113), (113,), (113, 100), (100,), (100, 10), (10,)], 'train_accuracy': 0.6206833333333334, 'test_accuracy': 0.6087}} 
09-29 17:10 DEBUG    ****** PDM_KL matching ******** 
09-29 17:10 DEBUG    Best Sigma0: 3. Best sigma: 0.9 Best gamma: 1. Best Test accuracy: 0.6242. Train acc: 0.62195. 

09-29 17:10 DEBUG    PDM_KL log: {(3, 0.9, 1): {'shapes': [(784, 659), (659,), (659, 109), (109,), (109, 100), (100,), (100, 10), (10,)], 'train_accuracy': 0.62195, 'test_accuracy': 0.6242}} 
09-29 17:22 DEBUG    ****** PDM_KL matching ******** 
09-29 17:22 DEBUG    Best Sigma0: 3. Best sigma: 0.9 Best gamma: 1. Best Test accuracy: 0.6223. Train acc: 0.6218. 

09-29 17:22 DEBUG    PDM_KL log: {(3, 0.9, 1): {'shapes': [(784, 660), (660,), (660, 109), (109,), (109, 100), (100,), (100, 10), (10,)], 'train_accuracy': 0.6218, 'test_accuracy': 0.6223}} 
09-29 17:33 DEBUG    ****** PDM_KL matching ******** 
09-29 17:33 DEBUG    Best Sigma0: 3. Best sigma: 0.9 Best gamma: 1. Best Test accuracy: 0.6727. Train acc: 0.6662. 

09-29 17:33 DEBUG    PDM_KL log: {(3, 0.9, 1): {'shapes': [(784, 658), (658,), (658, 109), (109,), (109, 100), (100,), (100, 10), (10,)], 'train_accuracy': 0.6662, 'test_accuracy': 0.6727}} 
09-29 17:43 DEBUG    ****** PDM_KL matching ******** 
09-29 17:43 DEBUG    Best Sigma0: 3. Best sigma: 0.9 Best gamma: 1. Best Test accuracy: 0.6795. Train acc: 0.6846. 

09-29 17:43 DEBUG    PDM_KL log: {(3, 0.9, 1): {'shapes': [(784, 626), (626,), (626, 109), (109,), (109, 100), (100,), (100, 10), (10,)], 'train_accuracy': 0.6846, 'test_accuracy': 0.6795}} 
09-29 17:50 DEBUG    ****** PDM_KL matching ******** 
09-29 17:50 DEBUG    Best Sigma0: 3. Best sigma: 0.9 Best gamma: 1. Best Test accuracy: 0.5383. Train acc: 0.5433666666666667. 

09-29 17:50 DEBUG    PDM_KL log: {(3, 0.9, 1): {'shapes': [(784, 507), (507,), (507, 100), (100,), (100, 100), (100,), (100, 10), (10,)], 'train_accuracy': 0.5433666666666667, 'test_accuracy': 0.5383}} 
09-29 17:51 DEBUG    ****** PDM_KL matching ******** 
09-29 17:51 DEBUG    Best Sigma0: 3. Best sigma: 0.9 Best gamma: 1. Best Test accuracy: 0.0974. Train acc: 0.09751666666666667. 

09-29 17:51 DEBUG    PDM_KL log: {(3, 0.9, 1): {'shapes': [(784, 100), (100,), (100, 100), (100,), (100, 100), (100,), (100, 10), (10,)], 'train_accuracy': 0.09751666666666667, 'test_accuracy': 0.0974}} 
09-29 17:52 DEBUG    ****** PDM_KL matching ******** 
09-29 17:52 DEBUG    Best Sigma0: 3. Best sigma: 0.9 Best gamma: 1. Best Test accuracy: 0.0974. Train acc: 0.09751666666666667. 

09-29 17:52 DEBUG    PDM_KL log: {(3, 0.9, 1): {'shapes': [(784, 100), (100,), (100, 100), (100,), (100, 100), (100,), (100, 10), (10,)], 'train_accuracy': 0.09751666666666667, 'test_accuracy': 0.0974}} 
09-29 17:53 DEBUG    ****** PDM_KL matching ******** 
09-29 17:53 DEBUG    Best Sigma0: 3. Best sigma: 0.9 Best gamma: 1. Best Test accuracy: 0.0974. Train acc: 0.09751666666666667. 

09-29 17:53 DEBUG    PDM_KL log: {(3, 0.9, 1): {'shapes': [(784, 100), (100,), (100, 100), (100,), (100, 100), (100,), (100, 10), (10,)], 'train_accuracy': 0.09751666666666667, 'test_accuracy': 0.0974}} 
09-29 17:53 DEBUG    Trial 2 completed
09-29 17:53 DEBUG    ####################################################################################################
09-29 17:53 DEBUG    ####################################################################################################
09-29 17:53 DEBUG    Executing Trial 3 with seed 3
09-29 17:53 DEBUG    Data statistics: {0: {0: 416, 1: 250, 2: 208, 3: 168, 4: 7, 5: 2127, 6: 1354, 7: 1453, 8: 272}, 1: {0: 44, 1: 656, 2: 58, 3: 207, 4: 338, 5: 859, 6: 919, 7: 1, 8: 211, 9: 4223}, 2: {0: 4, 1: 136, 2: 877, 3: 632, 4: 143, 5: 124, 6: 212, 7: 11, 9: 17}, 3: {0: 51, 1: 5, 2: 1548, 3: 15, 4: 1673, 5: 159, 6: 226, 7: 867, 8: 99, 9: 893}, 4: {0: 238, 1: 152, 2: 122, 3: 1396, 4: 18, 5: 460, 6: 246, 7: 262, 8: 1433, 9: 815}, 5: {0: 3481, 1: 2521}, 6: {0: 1409, 1: 1469, 2: 476, 3: 30, 4: 74, 5: 233, 6: 756, 7: 25, 8: 2145}, 7: {0: 22, 1: 1, 2: 57, 3: 1707, 4: 2570, 5: 136, 6: 1234, 7: 2438}, 8: {0: 89, 1: 381, 2: 2176, 3: 1701, 4: 184, 5: 174, 6: 906, 7: 223, 8: 551}, 9: {0: 169, 1: 1171, 2: 436, 3: 275, 4: 835, 5: 1149, 6: 65, 7: 985, 8: 1140, 9: 1}}
09-29 17:54 DEBUG    **************************************************
09-29 17:54 DEBUG    Running experiments 

09-29 17:58 DEBUG    ****** PDM_KL matching ******** 
09-29 17:58 DEBUG    Best Sigma0: 3. Best sigma: 0.9 Best gamma: 1. Best Test accuracy: 0.5788. Train acc: 0.5745166666666667. 

09-29 17:58 DEBUG    PDM_KL log: {(3, 0.9, 1): {'shapes': [(784, 654), (654,), (654, 109), (109,), (109, 101), (101,), (101, 10), (10,)], 'train_accuracy': 0.5745166666666667, 'test_accuracy': 0.5788}} 
09-29 18:08 DEBUG    ****** PDM_KL matching ******** 
09-29 18:08 DEBUG    Best Sigma0: 3. Best sigma: 0.9 Best gamma: 1. Best Test accuracy: 0.5298. Train acc: 0.5241. 

09-29 18:08 DEBUG    PDM_KL log: {(3, 0.9, 1): {'shapes': [(784, 655), (655,), (655, 110), (110,), (110, 101), (101,), (101, 10), (10,)], 'train_accuracy': 0.5241, 'test_accuracy': 0.5298}} 
09-29 18:19 DEBUG    ****** PDM_KL matching ******** 
09-29 18:19 DEBUG    Best Sigma0: 3. Best sigma: 0.9 Best gamma: 1. Best Test accuracy: 0.5482. Train acc: 0.5451666666666667. 

09-29 18:19 DEBUG    PDM_KL log: {(3, 0.9, 1): {'shapes': [(784, 654), (654,), (654, 109), (109,), (109, 101), (101,), (101, 10), (10,)], 'train_accuracy': 0.5451666666666667, 'test_accuracy': 0.5482}} 
09-29 18:29 DEBUG    ****** PDM_KL matching ******** 
09-29 18:29 DEBUG    Best Sigma0: 3. Best sigma: 0.9 Best gamma: 1. Best Test accuracy: 0.5264. Train acc: 0.5260166666666667. 

09-29 18:29 DEBUG    PDM_KL log: {(3, 0.9, 1): {'shapes': [(784, 653), (653,), (653, 109), (109,), (109, 101), (101,), (101, 10), (10,)], 'train_accuracy': 0.5260166666666667, 'test_accuracy': 0.5264}} 
09-29 18:40 DEBUG    ****** PDM_KL matching ******** 
09-29 18:40 DEBUG    Best Sigma0: 3. Best sigma: 0.9 Best gamma: 1. Best Test accuracy: 0.6343. Train acc: 0.6285666666666667. 

09-29 18:40 DEBUG    PDM_KL log: {(3, 0.9, 1): {'shapes': [(784, 652), (652,), (652, 109), (109,), (109, 101), (101,), (101, 10), (10,)], 'train_accuracy': 0.6285666666666667, 'test_accuracy': 0.6343}} 
09-29 18:50 DEBUG    ****** PDM_KL matching ******** 
09-29 18:50 DEBUG    Best Sigma0: 3. Best sigma: 0.9 Best gamma: 1. Best Test accuracy: 0.7191. Train acc: 0.7159333333333333. 

09-29 18:50 DEBUG    PDM_KL log: {(3, 0.9, 1): {'shapes': [(784, 649), (649,), (649, 109), (109,), (109, 101), (101,), (101, 10), (10,)], 'train_accuracy': 0.7159333333333333, 'test_accuracy': 0.7191}} 
09-29 19:00 DEBUG    ****** PDM_KL matching ******** 
09-29 19:00 DEBUG    Best Sigma0: 3. Best sigma: 0.9 Best gamma: 1. Best Test accuracy: 0.5698. Train acc: 0.5779166666666666. 

09-29 19:00 DEBUG    PDM_KL log: {(3, 0.9, 1): {'shapes': [(784, 605), (605,), (605, 100), (100,), (100, 100), (100,), (100, 10), (10,)], 'train_accuracy': 0.5779166666666666, 'test_accuracy': 0.5698}} 
09-29 19:06 DEBUG    ****** PDM_KL matching ******** 
09-29 19:06 DEBUG    Best Sigma0: 3. Best sigma: 0.9 Best gamma: 1. Best Test accuracy: 0.6721. Train acc: 0.6803333333333333. 

09-29 19:06 DEBUG    PDM_KL log: {(3, 0.9, 1): {'shapes': [(784, 464), (464,), (464, 100), (100,), (100, 100), (100,), (100, 10), (10,)], 'train_accuracy': 0.6803333333333333, 'test_accuracy': 0.6721}} 
09-29 19:07 DEBUG    ****** PDM_KL matching ******** 
09-29 19:07 DEBUG    Best Sigma0: 3. Best sigma: 0.9 Best gamma: 1. Best Test accuracy: 0.0974. Train acc: 0.09751666666666667. 

09-29 19:07 DEBUG    PDM_KL log: {(3, 0.9, 1): {'shapes': [(784, 100), (100,), (100, 100), (100,), (100, 100), (100,), (100, 10), (10,)], 'train_accuracy': 0.09751666666666667, 'test_accuracy': 0.0974}} 
09-29 19:08 DEBUG    ****** PDM_KL matching ******** 
09-29 19:08 DEBUG    Best Sigma0: 3. Best sigma: 0.9 Best gamma: 1. Best Test accuracy: 0.0974. Train acc: 0.09751666666666667. 

09-29 19:08 DEBUG    PDM_KL log: {(3, 0.9, 1): {'shapes': [(784, 100), (100,), (100, 100), (100,), (100, 100), (100,), (100, 10), (10,)], 'train_accuracy': 0.09751666666666667, 'test_accuracy': 0.0974}} 
09-29 19:09 DEBUG    ****** PDM_KL matching ******** 
09-29 19:09 DEBUG    Best Sigma0: 3. Best sigma: 0.9 Best gamma: 1. Best Test accuracy: 0.0974. Train acc: 0.09751666666666667. 

09-29 19:09 DEBUG    PDM_KL log: {(3, 0.9, 1): {'shapes': [(784, 100), (100,), (100, 100), (100,), (100, 100), (100,), (100, 10), (10,)], 'train_accuracy': 0.09751666666666667, 'test_accuracy': 0.0974}} 
09-29 19:09 DEBUG    Trial 3 completed
09-29 19:09 DEBUG    ####################################################################################################
09-29 19:09 DEBUG    ####################################################################################################
09-29 19:09 DEBUG    Executing Trial 4 with seed 4
09-29 19:09 DEBUG    Data statistics: {0: {0: 321, 1: 1287, 2: 157, 3: 21, 4: 607, 5: 1592, 6: 2154}, 1: {0: 689, 1: 357, 2: 399, 3: 51, 4: 2117, 5: 62, 6: 291, 7: 1583, 8: 204, 9: 143}, 2: {0: 455, 1: 255, 2: 873, 3: 149, 4: 226, 5: 168, 7: 212, 8: 34, 9: 1895}, 3: {0: 629, 1: 1403, 2: 274, 3: 870, 4: 911, 5: 436, 6: 1, 7: 829, 8: 48, 9: 10}, 4: {0: 2, 1: 2167, 2: 2124, 3: 72, 4: 6, 5: 431, 6: 83, 7: 97, 8: 407, 9: 295}, 5: {0: 234, 1: 4, 2: 589, 3: 2311, 4: 245, 5: 329, 6: 445, 7: 448, 8: 24, 9: 2405}, 6: {0: 118, 1: 210, 2: 490, 3: 10, 4: 1, 5: 1653, 6: 1894, 7: 3, 8: 1496, 9: 178}, 7: {0: 693, 1: 224, 2: 255, 3: 789, 4: 1093, 5: 63, 6: 837, 7: 916, 8: 3239}, 8: {0: 2544, 1: 789, 2: 131, 3: 422, 4: 176, 5: 2, 6: 135, 7: 1957}, 9: {0: 238, 1: 46, 2: 666, 3: 1436, 4: 460, 5: 685, 6: 78, 7: 220, 8: 399, 9: 1023}}
09-29 19:10 DEBUG    **************************************************
09-29 19:10 DEBUG    Running experiments 

09-29 19:14 DEBUG    ****** PDM_KL matching ******** 
09-29 19:14 DEBUG    Best Sigma0: 3. Best sigma: 0.9 Best gamma: 1. Best Test accuracy: 0.5763. Train acc: 0.5621166666666667. 

09-29 19:14 DEBUG    PDM_KL log: {(3, 0.9, 1): {'shapes': [(784, 659), (659,), (659, 109), (109,), (109, 100), (100,), (100, 10), (10,)], 'train_accuracy': 0.5621166666666667, 'test_accuracy': 0.5763}} 
09-29 19:26 DEBUG    ****** PDM_KL matching ******** 
09-29 19:26 DEBUG    Best Sigma0: 3. Best sigma: 0.9 Best gamma: 1. Best Test accuracy: 0.7582. Train acc: 0.7613166666666666. 

09-29 19:26 DEBUG    PDM_KL log: {(3, 0.9, 1): {'shapes': [(784, 661), (661,), (661, 116), (116,), (116, 100), (100,), (100, 10), (10,)], 'train_accuracy': 0.7613166666666666, 'test_accuracy': 0.7582}} 
09-29 19:36 DEBUG    ****** PDM_KL matching ******** 
09-29 19:36 DEBUG    Best Sigma0: 3. Best sigma: 0.9 Best gamma: 1. Best Test accuracy: 0.6012. Train acc: 0.60465. 

09-29 19:36 DEBUG    PDM_KL log: {(3, 0.9, 1): {'shapes': [(784, 657), (657,), (657, 109), (109,), (109, 100), (100,), (100, 10), (10,)], 'train_accuracy': 0.60465, 'test_accuracy': 0.6012}} 
09-29 19:46 DEBUG    ****** PDM_KL matching ******** 
09-29 19:46 DEBUG    Best Sigma0: 3. Best sigma: 0.9 Best gamma: 1. Best Test accuracy: 0.6462. Train acc: 0.64625. 

09-29 19:46 DEBUG    PDM_KL log: {(3, 0.9, 1): {'shapes': [(784, 657), (657,), (657, 109), (109,), (109, 100), (100,), (100, 10), (10,)], 'train_accuracy': 0.64625, 'test_accuracy': 0.6462}} 
09-29 19:57 DEBUG    ****** PDM_KL matching ******** 
09-29 19:57 DEBUG    Best Sigma0: 3. Best sigma: 0.9 Best gamma: 1. Best Test accuracy: 0.6174. Train acc: 0.6156333333333334. 

09-29 19:57 DEBUG    PDM_KL log: {(3, 0.9, 1): {'shapes': [(784, 655), (655,), (655, 114), (114,), (114, 100), (100,), (100, 10), (10,)], 'train_accuracy': 0.6156333333333334, 'test_accuracy': 0.6174}} 
09-29 20:08 DEBUG    ****** PDM_KL matching ******** 
09-29 20:08 DEBUG    Best Sigma0: 3. Best sigma: 0.9 Best gamma: 1. Best Test accuracy: 0.5226. Train acc: 0.5162333333333333. 

09-29 20:08 DEBUG    PDM_KL log: {(3, 0.9, 1): {'shapes': [(784, 651), (651,), (651, 109), (109,), (109, 100), (100,), (100, 10), (10,)], 'train_accuracy': 0.5162333333333333, 'test_accuracy': 0.5226}} 
09-29 20:17 DEBUG    ****** PDM_KL matching ******** 
09-29 20:17 DEBUG    Best Sigma0: 3. Best sigma: 0.9 Best gamma: 1. Best Test accuracy: 0.6114. Train acc: 0.6069666666666667. 

09-29 20:17 DEBUG    PDM_KL log: {(3, 0.9, 1): {'shapes': [(784, 611), (611,), (611, 109), (109,), (109, 100), (100,), (100, 10), (10,)], 'train_accuracy': 0.6069666666666667, 'test_accuracy': 0.6114}} 
09-29 20:24 DEBUG    ****** PDM_KL matching ******** 
09-29 20:24 DEBUG    Best Sigma0: 3. Best sigma: 0.9 Best gamma: 1. Best Test accuracy: 0.705. Train acc: 0.6998166666666666. 

09-29 20:24 DEBUG    PDM_KL log: {(3, 0.9, 1): {'shapes': [(784, 489), (489,), (489, 100), (100,), (100, 100), (100,), (100, 10), (10,)], 'train_accuracy': 0.6998166666666666, 'test_accuracy': 0.705}} 
09-29 20:25 DEBUG    ****** PDM_KL matching ******** 
09-29 20:25 DEBUG    Best Sigma0: 3. Best sigma: 0.9 Best gamma: 1. Best Test accuracy: 0.0974. Train acc: 0.09751666666666667. 

09-29 20:25 DEBUG    PDM_KL log: {(3, 0.9, 1): {'shapes': [(784, 100), (100,), (100, 100), (100,), (100, 100), (100,), (100, 10), (10,)], 'train_accuracy': 0.09751666666666667, 'test_accuracy': 0.0974}} 
09-29 20:26 DEBUG    ****** PDM_KL matching ******** 
09-29 20:26 DEBUG    Best Sigma0: 3. Best sigma: 0.9 Best gamma: 1. Best Test accuracy: 0.0974. Train acc: 0.09751666666666667. 

09-29 20:26 DEBUG    PDM_KL log: {(3, 0.9, 1): {'shapes': [(784, 100), (100,), (100, 100), (100,), (100, 100), (100,), (100, 10), (10,)], 'train_accuracy': 0.09751666666666667, 'test_accuracy': 0.0974}} 
09-29 20:27 DEBUG    ****** PDM_KL matching ******** 
09-29 20:27 DEBUG    Best Sigma0: 3. Best sigma: 0.9 Best gamma: 1. Best Test accuracy: 0.0974. Train acc: 0.09751666666666667. 

09-29 20:27 DEBUG    PDM_KL log: {(3, 0.9, 1): {'shapes': [(784, 100), (100,), (100, 100), (100,), (100, 100), (100,), (100, 10), (10,)], 'train_accuracy': 0.09751666666666667, 'test_accuracy': 0.0974}} 
09-29 20:27 DEBUG    Trial 4 completed
09-29 20:27 DEBUG    ####################################################################################################
09-29 20:27 DEBUG    ####################################################################################################
09-29 20:27 DEBUG    Executing Trial 5 with seed 5
09-29 20:27 DEBUG    Data statistics: {0: {0: 1274, 1: 582, 3: 276, 4: 2899, 5: 487, 6: 472, 7: 30}, 1: {0: 2625, 1: 243, 2: 511, 3: 1290, 4: 253, 5: 1031, 6: 601}, 2: {0: 927, 1: 1352, 2: 97, 3: 196, 4: 833, 5: 111, 6: 25, 7: 1460, 8: 231, 9: 134}, 3: {0: 12, 1: 382, 2: 692, 3: 41, 4: 55, 5: 73, 6: 59, 7: 274, 8: 782, 9: 653}, 4: {0: 16, 1: 32, 2: 4, 3: 31, 4: 410, 5: 1631, 6: 13, 7: 148, 8: 3007, 9: 2564}, 5: {0: 63, 1: 315, 2: 43, 3: 3062, 4: 9, 5: 287, 6: 1396, 7: 1188}, 6: {1: 2919, 2: 102, 3: 33, 4: 980, 5: 573, 6: 1114, 7: 47, 8: 1144}, 7: {0: 332, 1: 36, 2: 3305, 3: 223, 4: 56, 5: 446, 6: 328, 7: 2857}, 8: {0: 564, 1: 28, 2: 1048, 3: 932, 4: 277, 5: 696, 6: 142, 7: 144, 8: 395, 9: 481}, 9: {0: 110, 1: 853, 2: 156, 3: 47, 4: 70, 5: 86, 6: 1768, 7: 117, 8: 292, 9: 2117}}
09-29 20:27 DEBUG    **************************************************
09-29 20:27 DEBUG    Running experiments 

09-29 20:31 DEBUG    ****** PDM_KL matching ******** 
09-29 20:31 DEBUG    Best Sigma0: 3. Best sigma: 0.9 Best gamma: 1. Best Test accuracy: 0.6252. Train acc: 0.6306833333333334. 

09-29 20:31 DEBUG    PDM_KL log: {(3, 0.9, 1): {'shapes': [(784, 631), (631,), (631, 109), (109,), (109, 101), (101,), (101, 10), (10,)], 'train_accuracy': 0.6306833333333334, 'test_accuracy': 0.6252}} 
09-29 20:41 DEBUG    ****** PDM_KL matching ******** 
09-29 20:41 DEBUG    Best Sigma0: 3. Best sigma: 0.9 Best gamma: 1. Best Test accuracy: 0.6835. Train acc: 0.6830333333333334. 

09-29 20:41 DEBUG    PDM_KL log: {(3, 0.9, 1): {'shapes': [(784, 628), (628,), (628, 109), (109,), (109, 101), (101,), (101, 10), (10,)], 'train_accuracy': 0.6830333333333334, 'test_accuracy': 0.6835}} 
09-29 20:52 DEBUG    ****** PDM_KL matching ******** 
09-29 20:52 DEBUG    Best Sigma0: 3. Best sigma: 0.9 Best gamma: 1. Best Test accuracy: 0.6136. Train acc: 0.6176166666666667. 

09-29 20:52 DEBUG    PDM_KL log: {(3, 0.9, 1): {'shapes': [(784, 631), (631,), (631, 109), (109,), (109, 101), (101,), (101, 10), (10,)], 'train_accuracy': 0.6176166666666667, 'test_accuracy': 0.6136}} 
09-29 21:02 DEBUG    ****** PDM_KL matching ******** 
09-29 21:02 DEBUG    Best Sigma0: 3. Best sigma: 0.9 Best gamma: 1. Best Test accuracy: 0.6505. Train acc: 0.6573166666666667. 

09-29 21:02 DEBUG    PDM_KL log: {(3, 0.9, 1): {'shapes': [(784, 628), (628,), (628, 109), (109,), (109, 101), (101,), (101, 10), (10,)], 'train_accuracy': 0.6573166666666667, 'test_accuracy': 0.6505}} 
09-29 21:13 DEBUG    ****** PDM_KL matching ******** 
09-29 21:13 DEBUG    Best Sigma0: 3. Best sigma: 0.9 Best gamma: 1. Best Test accuracy: 0.61. Train acc: 0.6199333333333333. 

09-29 21:13 DEBUG    PDM_KL log: {(3, 0.9, 1): {'shapes': [(784, 627), (627,), (627, 109), (109,), (109, 101), (101,), (101, 10), (10,)], 'train_accuracy': 0.6199333333333333, 'test_accuracy': 0.61}} 
09-29 21:23 DEBUG    ****** PDM_KL matching ******** 
09-29 21:23 DEBUG    Best Sigma0: 3. Best sigma: 0.9 Best gamma: 1. Best Test accuracy: 0.6009. Train acc: 0.6113. 

09-29 21:23 DEBUG    PDM_KL log: {(3, 0.9, 1): {'shapes': [(784, 619), (619,), (619, 109), (109,), (109, 101), (101,), (101, 10), (10,)], 'train_accuracy': 0.6113, 'test_accuracy': 0.6009}} 
09-29 21:32 DEBUG    ****** PDM_KL matching ******** 
09-29 21:32 DEBUG    Best Sigma0: 3. Best sigma: 0.9 Best gamma: 1. Best Test accuracy: 0.6498. Train acc: 0.6580333333333334. 

09-29 21:32 DEBUG    PDM_KL log: {(3, 0.9, 1): {'shapes': [(784, 584), (584,), (584, 109), (109,), (109, 100), (100,), (100, 10), (10,)], 'train_accuracy': 0.6580333333333334, 'test_accuracy': 0.6498}} 
09-29 21:39 DEBUG    ****** PDM_KL matching ******** 
09-29 21:39 DEBUG    Best Sigma0: 3. Best sigma: 0.9 Best gamma: 1. Best Test accuracy: 0.545. Train acc: 0.5464333333333333. 

09-29 21:39 DEBUG    PDM_KL log: {(3, 0.9, 1): {'shapes': [(784, 452), (452,), (452, 100), (100,), (100, 100), (100,), (100, 10), (10,)], 'train_accuracy': 0.5464333333333333, 'test_accuracy': 0.545}} 
09-29 21:40 DEBUG    ****** PDM_KL matching ******** 
09-29 21:40 DEBUG    Best Sigma0: 3. Best sigma: 0.9 Best gamma: 1. Best Test accuracy: 0.0974. Train acc: 0.09751666666666667. 

09-29 21:40 DEBUG    PDM_KL log: {(3, 0.9, 1): {'shapes': [(784, 100), (100,), (100, 100), (100,), (100, 100), (100,), (100, 10), (10,)], 'train_accuracy': 0.09751666666666667, 'test_accuracy': 0.0974}} 
09-29 21:41 DEBUG    ****** PDM_KL matching ******** 
09-29 21:41 DEBUG    Best Sigma0: 3. Best sigma: 0.9 Best gamma: 1. Best Test accuracy: 0.0974. Train acc: 0.09751666666666667. 

09-29 21:41 DEBUG    PDM_KL log: {(3, 0.9, 1): {'shapes': [(784, 100), (100,), (100, 100), (100,), (100, 100), (100,), (100, 10), (10,)], 'train_accuracy': 0.09751666666666667, 'test_accuracy': 0.0974}} 
09-29 21:42 DEBUG    ****** PDM_KL matching ******** 
09-29 21:42 DEBUG    Best Sigma0: 3. Best sigma: 0.9 Best gamma: 1. Best Test accuracy: 0.0974. Train acc: 0.09751666666666667. 

09-29 21:42 DEBUG    PDM_KL log: {(3, 0.9, 1): {'shapes': [(784, 100), (100,), (100, 100), (100,), (100, 100), (100,), (100, 10), (10,)], 'train_accuracy': 0.09751666666666667, 'test_accuracy': 0.0974}} 
09-29 21:42 DEBUG    Trial 5 completed
09-29 21:42 DEBUG    ####################################################################################################
09-29 21:42 DEBUG    ####################################################################################################
09-29 21:42 DEBUG    Executing Trial 6 with seed 6
09-29 21:42 DEBUG    Data statistics: {0: {0: 1969, 1: 73, 2: 724, 3: 808, 4: 281, 5: 2, 6: 905, 7: 172, 8: 491, 9: 1202}, 1: {0: 2298, 1: 612, 2: 588, 3: 1362, 4: 39, 5: 100, 6: 367, 7: 1669}, 2: {0: 198, 1: 72, 2: 874, 3: 365, 4: 552, 5: 45, 6: 805, 7: 495, 8: 27, 9: 168}, 3: {0: 22, 1: 20, 2: 513, 3: 1968, 4: 932, 5: 99, 6: 6, 7: 2975}, 4: {0: 126, 1: 1063, 2: 1297, 3: 26, 4: 1, 5: 758, 6: 3057}, 5: {0: 1, 1: 3254, 2: 807, 3: 77, 4: 49, 5: 520, 6: 70, 7: 53, 8: 596, 9: 379}, 6: {0: 1020, 1: 102, 2: 155, 3: 556, 4: 32, 5: 195, 6: 336, 7: 452, 8: 1109, 9: 4199}, 7: {0: 55, 1: 127, 2: 74, 3: 365, 4: 41, 5: 86, 6: 214, 7: 114, 8: 1004, 9: 1}, 8: {0: 226, 1: 18, 2: 156, 3: 603, 4: 2813, 5: 495, 6: 158, 7: 335, 8: 2624}, 9: {0: 8, 1: 1401, 2: 770, 3: 1, 4: 1102, 5: 3121}}
09-29 21:42 DEBUG    **************************************************
09-29 21:42 DEBUG    Running experiments 

09-29 21:47 DEBUG    ****** PDM_KL matching ******** 
09-29 21:47 DEBUG    Best Sigma0: 3. Best sigma: 0.9 Best gamma: 1. Best Test accuracy: 0.6005. Train acc: 0.5967333333333333. 

09-29 21:47 DEBUG    PDM_KL log: {(3, 0.9, 1): {'shapes': [(784, 626), (626,), (626, 116), (116,), (116, 101), (101,), (101, 10), (10,)], 'train_accuracy': 0.5967333333333333, 'test_accuracy': 0.6005}} 
09-29 21:57 DEBUG    ****** PDM_KL matching ******** 
09-29 21:57 DEBUG    Best Sigma0: 3. Best sigma: 0.9 Best gamma: 1. Best Test accuracy: 0.6093. Train acc: 0.6091833333333333. 

09-29 21:57 DEBUG    PDM_KL log: {(3, 0.9, 1): {'shapes': [(784, 626), (626,), (626, 112), (112,), (112, 101), (101,), (101, 10), (10,)], 'train_accuracy': 0.6091833333333333, 'test_accuracy': 0.6093}} 
09-29 22:07 DEBUG    ****** PDM_KL matching ******** 
09-29 22:07 DEBUG    Best Sigma0: 3. Best sigma: 0.9 Best gamma: 1. Best Test accuracy: 0.4953. Train acc: 0.498. 

09-29 22:07 DEBUG    PDM_KL log: {(3, 0.9, 1): {'shapes': [(784, 629), (629,), (629, 111), (111,), (111, 101), (101,), (101, 10), (10,)], 'train_accuracy': 0.498, 'test_accuracy': 0.4953}} 
09-29 22:18 DEBUG    ****** PDM_KL matching ******** 
09-29 22:18 DEBUG    Best Sigma0: 3. Best sigma: 0.9 Best gamma: 1. Best Test accuracy: 0.49. Train acc: 0.4795333333333333. 

09-29 22:18 DEBUG    PDM_KL log: {(3, 0.9, 1): {'shapes': [(784, 629), (629,), (629, 109), (109,), (109, 101), (101,), (101, 10), (10,)], 'train_accuracy': 0.4795333333333333, 'test_accuracy': 0.49}} 
09-29 22:28 DEBUG    ****** PDM_KL matching ******** 
09-29 22:28 DEBUG    Best Sigma0: 3. Best sigma: 0.9 Best gamma: 1. Best Test accuracy: 0.5787. Train acc: 0.5771166666666666. 

09-29 22:28 DEBUG    PDM_KL log: {(3, 0.9, 1): {'shapes': [(784, 626), (626,), (626, 114), (114,), (114, 100), (100,), (100, 10), (10,)], 'train_accuracy': 0.5771166666666666, 'test_accuracy': 0.5787}} 
09-29 22:38 DEBUG    ****** PDM_KL matching ******** 
09-29 22:38 DEBUG    Best Sigma0: 3. Best sigma: 0.9 Best gamma: 1. Best Test accuracy: 0.5653. Train acc: 0.5583. 

09-29 22:38 DEBUG    PDM_KL log: {(3, 0.9, 1): {'shapes': [(784, 623), (623,), (623, 114), (114,), (114, 100), (100,), (100, 10), (10,)], 'train_accuracy': 0.5583, 'test_accuracy': 0.5653}} 
09-29 22:47 DEBUG    ****** PDM_KL matching ******** 
09-29 22:47 DEBUG    Best Sigma0: 3. Best sigma: 0.9 Best gamma: 1. Best Test accuracy: 0.6343. Train acc: 0.6317166666666667. 

09-29 22:47 DEBUG    PDM_KL log: {(3, 0.9, 1): {'shapes': [(784, 582), (582,), (582, 108), (108,), (108, 100), (100,), (100, 10), (10,)], 'train_accuracy': 0.6317166666666667, 'test_accuracy': 0.6343}} 
09-29 22:53 DEBUG    ****** PDM_KL matching ******** 
09-29 22:53 DEBUG    Best Sigma0: 3. Best sigma: 0.9 Best gamma: 1. Best Test accuracy: 0.4534. Train acc: 0.44456666666666667. 

09-29 22:53 DEBUG    PDM_KL log: {(3, 0.9, 1): {'shapes': [(784, 449), (449,), (449, 100), (100,), (100, 100), (100,), (100, 10), (10,)], 'train_accuracy': 0.44456666666666667, 'test_accuracy': 0.4534}} 
09-29 22:54 DEBUG    ****** PDM_KL matching ******** 
09-29 22:54 DEBUG    Best Sigma0: 3. Best sigma: 0.9 Best gamma: 1. Best Test accuracy: 0.0974. Train acc: 0.09751666666666667. 

09-29 22:54 DEBUG    PDM_KL log: {(3, 0.9, 1): {'shapes': [(784, 100), (100,), (100, 100), (100,), (100, 100), (100,), (100, 10), (10,)], 'train_accuracy': 0.09751666666666667, 'test_accuracy': 0.0974}} 
09-29 22:55 DEBUG    ****** PDM_KL matching ******** 
09-29 22:55 DEBUG    Best Sigma0: 3. Best sigma: 0.9 Best gamma: 1. Best Test accuracy: 0.0974. Train acc: 0.09751666666666667. 

09-29 22:55 DEBUG    PDM_KL log: {(3, 0.9, 1): {'shapes': [(784, 100), (100,), (100, 100), (100,), (100, 100), (100,), (100, 10), (10,)], 'train_accuracy': 0.09751666666666667, 'test_accuracy': 0.0974}} 
09-29 22:56 DEBUG    ****** PDM_KL matching ******** 
09-29 22:56 DEBUG    Best Sigma0: 3. Best sigma: 0.9 Best gamma: 1. Best Test accuracy: 0.0974. Train acc: 0.09751666666666667. 

09-29 22:56 DEBUG    PDM_KL log: {(3, 0.9, 1): {'shapes': [(784, 100), (100,), (100, 100), (100,), (100, 100), (100,), (100, 10), (10,)], 'train_accuracy': 0.09751666666666667, 'test_accuracy': 0.0974}} 
09-29 22:56 DEBUG    Trial 6 completed
09-29 22:56 DEBUG    ####################################################################################################
09-29 22:56 DEBUG    ####################################################################################################
09-29 22:56 DEBUG    Executing Trial 7 with seed 7
09-29 22:56 DEBUG    Data statistics: {0: {0: 39, 1: 2014, 2: 25, 3: 43, 4: 1522, 5: 21, 6: 303, 7: 229, 8: 2115}, 1: {0: 127, 1: 213, 2: 2333, 3: 2359, 4: 151, 5: 803, 6: 394}, 2: {0: 3587, 2: 44, 3: 1117, 4: 286, 5: 577, 6: 30, 7: 2393}, 3: {0: 443, 1: 33, 2: 537, 3: 707, 4: 598, 5: 84, 6: 2435, 7: 187, 8: 144, 9: 775}, 4: {0: 253, 1: 17, 3: 149, 4: 1600, 5: 1235, 6: 70, 7: 1179, 8: 605, 9: 538}, 5: {0: 107, 1: 166, 2: 48, 3: 28, 4: 166, 5: 517, 6: 73, 7: 255, 8: 2148, 9: 677}, 6: {0: 629, 1: 23, 2: 1190, 3: 175, 4: 1064, 5: 810, 6: 26, 8: 526, 9: 3818}, 7: {0: 108, 1: 239, 2: 1388, 3: 133, 4: 435, 5: 1312, 6: 461, 8: 112, 9: 123}, 8: {0: 102, 1: 407, 2: 331, 3: 1094, 4: 1, 5: 60, 6: 272, 7: 2022, 8: 200, 9: 18}, 9: {0: 528, 1: 3630, 2: 62, 3: 326, 4: 19, 5: 2, 6: 1854, 8: 1}}
09-29 22:57 DEBUG    **************************************************
09-29 22:57 DEBUG    Running experiments 

09-29 23:01 DEBUG    ****** PDM_KL matching ******** 
09-29 23:01 DEBUG    Best Sigma0: 3. Best sigma: 0.9 Best gamma: 1. Best Test accuracy: 0.5688. Train acc: 0.5767166666666667. 

09-29 23:01 DEBUG    PDM_KL log: {(3, 0.9, 1): {'shapes': [(784, 607), (607,), (607, 109), (109,), (109, 100), (100,), (100, 10), (10,)], 'train_accuracy': 0.5767166666666667, 'test_accuracy': 0.5688}} 
09-29 23:10 DEBUG    ****** PDM_KL matching ******** 
09-29 23:10 DEBUG    Best Sigma0: 3. Best sigma: 0.9 Best gamma: 1. Best Test accuracy: 0.5821. Train acc: 0.5858166666666667. 

09-29 23:10 DEBUG    PDM_KL log: {(3, 0.9, 1): {'shapes': [(784, 606), (606,), (606, 115), (115,), (115, 100), (100,), (100, 10), (10,)], 'train_accuracy': 0.5858166666666667, 'test_accuracy': 0.5821}} 
09-29 23:20 DEBUG    ****** PDM_KL matching ******** 
09-29 23:20 DEBUG    Best Sigma0: 3. Best sigma: 0.9 Best gamma: 1. Best Test accuracy: 0.7114. Train acc: 0.7164333333333334. 

09-29 23:20 DEBUG    PDM_KL log: {(3, 0.9, 1): {'shapes': [(784, 605), (605,), (605, 112), (112,), (112, 100), (100,), (100, 10), (10,)], 'train_accuracy': 0.7164333333333334, 'test_accuracy': 0.7114}} 
09-29 23:29 DEBUG    ****** PDM_KL matching ******** 
09-29 23:29 DEBUG    Best Sigma0: 3. Best sigma: 0.9 Best gamma: 1. Best Test accuracy: 0.4766. Train acc: 0.4805333333333333. 

09-29 23:29 DEBUG    PDM_KL log: {(3, 0.9, 1): {'shapes': [(784, 605), (605,), (605, 109), (109,), (109, 100), (100,), (100, 10), (10,)], 'train_accuracy': 0.4805333333333333, 'test_accuracy': 0.4766}} 
09-29 23:39 DEBUG    ****** PDM_KL matching ******** 
09-29 23:39 DEBUG    Best Sigma0: 3. Best sigma: 0.9 Best gamma: 1. Best Test accuracy: 0.5386. Train acc: 0.5399333333333334. 

09-29 23:39 DEBUG    PDM_KL log: {(3, 0.9, 1): {'shapes': [(784, 604), (604,), (604, 109), (109,), (109, 100), (100,), (100, 10), (10,)], 'train_accuracy': 0.5399333333333334, 'test_accuracy': 0.5386}} 
09-29 23:48 DEBUG    ****** PDM_KL matching ******** 
09-29 23:48 DEBUG    Best Sigma0: 3. Best sigma: 0.9 Best gamma: 1. Best Test accuracy: 0.5546. Train acc: 0.5557333333333333. 

09-29 23:48 DEBUG    PDM_KL log: {(3, 0.9, 1): {'shapes': [(784, 599), (599,), (599, 109), (109,), (109, 100), (100,), (100, 10), (10,)], 'train_accuracy': 0.5557333333333333, 'test_accuracy': 0.5546}} 
09-29 23:56 DEBUG    ****** PDM_KL matching ******** 
09-29 23:56 DEBUG    Best Sigma0: 3. Best sigma: 0.9 Best gamma: 1. Best Test accuracy: 0.5203. Train acc: 0.5296833333333333. 

09-29 23:56 DEBUG    PDM_KL log: {(3, 0.9, 1): {'shapes': [(784, 564), (564,), (564, 108), (108,), (108, 100), (100,), (100, 10), (10,)], 'train_accuracy': 0.5296833333333333, 'test_accuracy': 0.5203}} 
09-30 00:02 DEBUG    ****** PDM_KL matching ******** 
09-30 00:02 DEBUG    Best Sigma0: 3. Best sigma: 0.9 Best gamma: 1. Best Test accuracy: 0.462. Train acc: 0.47908333333333336. 

09-30 00:02 DEBUG    PDM_KL log: {(3, 0.9, 1): {'shapes': [(784, 462), (462,), (462, 100), (100,), (100, 100), (100,), (100, 10), (10,)], 'train_accuracy': 0.47908333333333336, 'test_accuracy': 0.462}} 
09-30 00:03 DEBUG    ****** PDM_KL matching ******** 
09-30 00:03 DEBUG    Best Sigma0: 3. Best sigma: 0.9 Best gamma: 1. Best Test accuracy: 0.0974. Train acc: 0.09751666666666667. 

09-30 00:03 DEBUG    PDM_KL log: {(3, 0.9, 1): {'shapes': [(784, 100), (100,), (100, 100), (100,), (100, 100), (100,), (100, 10), (10,)], 'train_accuracy': 0.09751666666666667, 'test_accuracy': 0.0974}} 
09-30 00:04 DEBUG    ****** PDM_KL matching ******** 
09-30 00:04 DEBUG    Best Sigma0: 3. Best sigma: 0.9 Best gamma: 1. Best Test accuracy: 0.0974. Train acc: 0.09751666666666667. 

09-30 00:04 DEBUG    PDM_KL log: {(3, 0.9, 1): {'shapes': [(784, 100), (100,), (100, 100), (100,), (100, 100), (100,), (100, 10), (10,)], 'train_accuracy': 0.09751666666666667, 'test_accuracy': 0.0974}} 
09-30 00:05 DEBUG    ****** PDM_KL matching ******** 
09-30 00:05 DEBUG    Best Sigma0: 3. Best sigma: 0.9 Best gamma: 1. Best Test accuracy: 0.0974. Train acc: 0.09751666666666667. 

09-30 00:05 DEBUG    PDM_KL log: {(3, 0.9, 1): {'shapes': [(784, 100), (100,), (100, 100), (100,), (100, 100), (100,), (100, 10), (10,)], 'train_accuracy': 0.09751666666666667, 'test_accuracy': 0.0974}} 
09-30 00:05 DEBUG    Trial 7 completed
09-30 00:05 DEBUG    ####################################################################################################
09-30 00:05 DEBUG    ####################################################################################################
09-30 00:05 DEBUG    Executing Trial 8 with seed 8
09-30 00:05 DEBUG    Data statistics: {0: {0: 588, 1: 601, 2: 566, 3: 535, 4: 165, 5: 3, 6: 1215, 7: 1269, 8: 1173}, 1: {0: 461, 1: 185, 2: 96, 3: 3974, 4: 2103}, 2: {0: 361, 1: 4, 2: 3, 3: 40, 4: 50, 5: 2242, 6: 364, 7: 148, 8: 4444}, 3: {0: 445, 1: 921, 2: 1207, 3: 32, 4: 566, 5: 5, 6: 389, 7: 26, 8: 160, 9: 698}, 4: {0: 195, 1: 178, 2: 470, 3: 83, 4: 673, 5: 1991, 6: 1114, 7: 301, 8: 30, 9: 1077}, 5: {0: 562, 1: 1196, 2: 911, 3: 171, 4: 495, 5: 14, 6: 155, 7: 3853}, 6: {0: 2595, 1: 742, 2: 2407, 3: 316}, 7: {0: 81, 1: 15, 2: 169, 3: 333, 4: 1, 5: 127, 6: 293, 7: 297, 8: 26, 9: 4172}, 8: {0: 482, 1: 996, 2: 6, 3: 55, 4: 1783, 5: 935, 6: 2201}, 9: {0: 153, 1: 1904, 2: 123, 3: 592, 4: 6, 5: 104, 6: 187, 7: 371, 8: 18, 9: 2}}
09-30 00:06 DEBUG    **************************************************
09-30 00:06 DEBUG    Running experiments 

09-30 00:09 DEBUG    ****** PDM_KL matching ******** 
09-30 00:09 DEBUG    Best Sigma0: 3. Best sigma: 0.9 Best gamma: 1. Best Test accuracy: 0.5621. Train acc: 0.5572666666666667. 

09-30 00:09 DEBUG    PDM_KL log: {(3, 0.9, 1): {'shapes': [(784, 595), (595,), (595, 109), (109,), (109, 101), (101,), (101, 10), (10,)], 'train_accuracy': 0.5572666666666667, 'test_accuracy': 0.5621}} 
09-30 00:19 DEBUG    ****** PDM_KL matching ******** 
09-30 00:19 DEBUG    Best Sigma0: 3. Best sigma: 0.9 Best gamma: 1. Best Test accuracy: 0.4737. Train acc: 0.47558333333333336. 

09-30 00:19 DEBUG    PDM_KL log: {(3, 0.9, 1): {'shapes': [(784, 594), (594,), (594, 109), (109,), (109, 101), (101,), (101, 10), (10,)], 'train_accuracy': 0.47558333333333336, 'test_accuracy': 0.4737}} 
09-30 00:28 DEBUG    ****** PDM_KL matching ******** 
09-30 00:28 DEBUG    Best Sigma0: 3. Best sigma: 0.9 Best gamma: 1. Best Test accuracy: 0.4426. Train acc: 0.44511666666666666. 

09-30 00:28 DEBUG    PDM_KL log: {(3, 0.9, 1): {'shapes': [(784, 597), (597,), (597, 109), (109,), (109, 101), (101,), (101, 10), (10,)], 'train_accuracy': 0.44511666666666666, 'test_accuracy': 0.4426}} 
09-30 00:38 DEBUG    ****** PDM_KL matching ******** 
09-30 00:38 DEBUG    Best Sigma0: 3. Best sigma: 0.9 Best gamma: 1. Best Test accuracy: 0.4672. Train acc: 0.4631166666666667. 

09-30 00:38 DEBUG    PDM_KL log: {(3, 0.9, 1): {'shapes': [(784, 594), (594,), (594, 109), (109,), (109, 101), (101,), (101, 10), (10,)], 'train_accuracy': 0.4631166666666667, 'test_accuracy': 0.4672}} 
09-30 00:47 DEBUG    ****** PDM_KL matching ******** 
09-30 00:47 DEBUG    Best Sigma0: 3. Best sigma: 0.9 Best gamma: 1. Best Test accuracy: 0.4378. Train acc: 0.43301666666666666. 

09-30 00:47 DEBUG    PDM_KL log: {(3, 0.9, 1): {'shapes': [(784, 595), (595,), (595, 109), (109,), (109, 101), (101,), (101, 10), (10,)], 'train_accuracy': 0.43301666666666666, 'test_accuracy': 0.4378}} 
09-30 00:56 DEBUG    ****** PDM_KL matching ******** 
09-30 00:56 DEBUG    Best Sigma0: 3. Best sigma: 0.9 Best gamma: 1. Best Test accuracy: 0.5345. Train acc: 0.53045. 

09-30 00:56 DEBUG    PDM_KL log: {(3, 0.9, 1): {'shapes': [(784, 591), (591,), (591, 109), (109,), (109, 101), (101,), (101, 10), (10,)], 'train_accuracy': 0.53045, 'test_accuracy': 0.5345}} 
09-30 01:04 DEBUG    ****** PDM_KL matching ******** 
09-30 01:04 DEBUG    Best Sigma0: 3. Best sigma: 0.9 Best gamma: 1. Best Test accuracy: 0.4788. Train acc: 0.48086666666666666. 

09-30 01:04 DEBUG    PDM_KL log: {(3, 0.9, 1): {'shapes': [(784, 548), (548,), (548, 109), (109,), (109, 101), (101,), (101, 10), (10,)], 'train_accuracy': 0.48086666666666666, 'test_accuracy': 0.4788}} 
09-30 01:09 DEBUG    ****** PDM_KL matching ******** 
09-30 01:09 DEBUG    Best Sigma0: 3. Best sigma: 0.9 Best gamma: 1. Best Test accuracy: 0.4822. Train acc: 0.4772666666666667. 

09-30 01:09 DEBUG    PDM_KL log: {(3, 0.9, 1): {'shapes': [(784, 418), (418,), (418, 100), (100,), (100, 101), (101,), (101, 10), (10,)], 'train_accuracy': 0.4772666666666667, 'test_accuracy': 0.4822}} 
09-30 01:10 DEBUG    ****** PDM_KL matching ******** 
09-30 01:10 DEBUG    Best Sigma0: 3. Best sigma: 0.9 Best gamma: 1. Best Test accuracy: 0.0974. Train acc: 0.09751666666666667. 

09-30 01:10 DEBUG    PDM_KL log: {(3, 0.9, 1): {'shapes': [(784, 100), (100,), (100, 100), (100,), (100, 100), (100,), (100, 10), (10,)], 'train_accuracy': 0.09751666666666667, 'test_accuracy': 0.0974}} 
09-30 01:11 DEBUG    ****** PDM_KL matching ******** 
09-30 01:11 DEBUG    Best Sigma0: 3. Best sigma: 0.9 Best gamma: 1. Best Test accuracy: 0.0974. Train acc: 0.09751666666666667. 

09-30 01:11 DEBUG    PDM_KL log: {(3, 0.9, 1): {'shapes': [(784, 100), (100,), (100, 100), (100,), (100, 100), (100,), (100, 10), (10,)], 'train_accuracy': 0.09751666666666667, 'test_accuracy': 0.0974}} 
09-30 01:13 DEBUG    ****** PDM_KL matching ******** 
09-30 01:13 DEBUG    Best Sigma0: 3. Best sigma: 0.9 Best gamma: 1. Best Test accuracy: 0.0974. Train acc: 0.09751666666666667. 

09-30 01:13 DEBUG    PDM_KL log: {(3, 0.9, 1): {'shapes': [(784, 100), (100,), (100, 100), (100,), (100, 100), (100,), (100, 10), (10,)], 'train_accuracy': 0.09751666666666667, 'test_accuracy': 0.0974}} 
09-30 01:13 DEBUG    Trial 8 completed
09-30 01:13 DEBUG    ####################################################################################################
09-30 01:13 DEBUG    ####################################################################################################
09-30 01:13 DEBUG    Executing Trial 9 with seed 9
09-30 01:13 DEBUG    Data statistics: {0: {0: 251, 1: 342, 2: 225, 3: 12, 4: 59, 5: 1486, 7: 17, 8: 992, 9: 515}, 1: {0: 2028, 1: 470, 2: 201, 3: 1226, 4: 192, 5: 1, 6: 1978}, 2: {0: 214, 1: 2029, 2: 634, 3: 13, 4: 480, 5: 908, 6: 383, 7: 405, 8: 682, 9: 68}, 3: {0: 401, 1: 121, 2: 45, 3: 1, 4: 537, 5: 16, 6: 263, 7: 47, 8: 1461, 9: 32}, 4: {0: 544, 1: 735, 2: 2801, 3: 44, 4: 169, 5: 636, 6: 48, 7: 1110}, 5: {0: 1374, 1: 844, 2: 661, 3: 90, 4: 363, 5: 194, 7: 3969}, 6: {0: 75, 1: 2184, 2: 333, 3: 845, 4: 2294, 5: 192, 6: 600}, 7: {0: 447, 1: 11, 2: 21, 3: 39, 5: 309, 6: 775, 7: 297, 8: 19, 9: 5334}, 8: {0: 112, 1: 5, 2: 4, 3: 3816, 4: 7, 5: 851, 6: 1183, 7: 112}, 9: {0: 477, 1: 1, 2: 1033, 3: 45, 4: 1741, 5: 828, 6: 688, 7: 308, 8: 2697}}
09-30 01:13 DEBUG    **************************************************
09-30 01:13 DEBUG    Running experiments 

09-30 01:17 DEBUG    ****** PDM_KL matching ******** 
09-30 01:17 DEBUG    Best Sigma0: 3. Best sigma: 0.9 Best gamma: 1. Best Test accuracy: 0.6083. Train acc: 0.6032166666666666. 

09-30 01:17 DEBUG    PDM_KL log: {(3, 0.9, 1): {'shapes': [(784, 622), (622,), (622, 109), (109,), (109, 100), (100,), (100, 10), (10,)], 'train_accuracy': 0.6032166666666666, 'test_accuracy': 0.6083}} 
09-30 01:27 DEBUG    ****** PDM_KL matching ******** 
09-30 01:27 DEBUG    Best Sigma0: 3. Best sigma: 0.9 Best gamma: 1. Best Test accuracy: 0.6167. Train acc: 0.6089833333333333. 

09-30 01:27 DEBUG    PDM_KL log: {(3, 0.9, 1): {'shapes': [(784, 620), (620,), (620, 109), (109,), (109, 100), (100,), (100, 10), (10,)], 'train_accuracy': 0.6089833333333333, 'test_accuracy': 0.6167}} 
09-30 01:37 DEBUG    ****** PDM_KL matching ******** 
09-30 01:37 DEBUG    Best Sigma0: 3. Best sigma: 0.9 Best gamma: 1. Best Test accuracy: 0.6783. Train acc: 0.66655. 

09-30 01:37 DEBUG    PDM_KL log: {(3, 0.9, 1): {'shapes': [(784, 622), (622,), (622, 109), (109,), (109, 100), (100,), (100, 10), (10,)], 'train_accuracy': 0.66655, 'test_accuracy': 0.6783}} 
09-30 01:47 DEBUG    ****** PDM_KL matching ******** 
09-30 01:47 DEBUG    Best Sigma0: 3. Best sigma: 0.9 Best gamma: 1. Best Test accuracy: 0.6413. Train acc: 0.6504666666666666. 

09-30 01:47 DEBUG    PDM_KL log: {(3, 0.9, 1): {'shapes': [(784, 622), (622,), (622, 109), (109,), (109, 100), (100,), (100, 10), (10,)], 'train_accuracy': 0.6504666666666666, 'test_accuracy': 0.6413}} 
09-30 01:57 DEBUG    ****** PDM_KL matching ******** 
09-30 01:57 DEBUG    Best Sigma0: 3. Best sigma: 0.9 Best gamma: 1. Best Test accuracy: 0.5874. Train acc: 0.5863333333333334. 

09-30 01:57 DEBUG    PDM_KL log: {(3, 0.9, 1): {'shapes': [(784, 620), (620,), (620, 109), (109,), (109, 100), (100,), (100, 10), (10,)], 'train_accuracy': 0.5863333333333334, 'test_accuracy': 0.5874}} 
09-30 02:07 DEBUG    ****** PDM_KL matching ******** 
09-30 02:07 DEBUG    Best Sigma0: 3. Best sigma: 0.9 Best gamma: 1. Best Test accuracy: 0.658. Train acc: 0.6522666666666667. 

09-30 02:07 DEBUG    PDM_KL log: {(3, 0.9, 1): {'shapes': [(784, 616), (616,), (616, 109), (109,), (109, 100), (100,), (100, 10), (10,)], 'train_accuracy': 0.6522666666666667, 'test_accuracy': 0.658}} 
09-30 02:17 DEBUG    ****** PDM_KL matching ******** 
09-30 02:17 DEBUG    Best Sigma0: 3. Best sigma: 0.9 Best gamma: 1. Best Test accuracy: 0.6231. Train acc: 0.6187. 

09-30 02:17 DEBUG    PDM_KL log: {(3, 0.9, 1): {'shapes': [(784, 581), (581,), (581, 109), (109,), (109, 100), (100,), (100, 10), (10,)], 'train_accuracy': 0.6187, 'test_accuracy': 0.6231}} 
09-30 02:23 DEBUG    ****** PDM_KL matching ******** 
09-30 02:23 DEBUG    Best Sigma0: 3. Best sigma: 0.9 Best gamma: 1. Best Test accuracy: 0.6142. Train acc: 0.61265. 

09-30 02:23 DEBUG    PDM_KL log: {(3, 0.9, 1): {'shapes': [(784, 454), (454,), (454, 100), (100,), (100, 100), (100,), (100, 10), (10,)], 'train_accuracy': 0.61265, 'test_accuracy': 0.6142}} 
09-30 02:24 DEBUG    ****** PDM_KL matching ******** 
09-30 02:24 DEBUG    Best Sigma0: 3. Best sigma: 0.9 Best gamma: 1. Best Test accuracy: 0.0974. Train acc: 0.09751666666666667. 

09-30 02:24 DEBUG    PDM_KL log: {(3, 0.9, 1): {'shapes': [(784, 100), (100,), (100, 100), (100,), (100, 100), (100,), (100, 10), (10,)], 'train_accuracy': 0.09751666666666667, 'test_accuracy': 0.0974}} 
09-30 02:25 DEBUG    ****** PDM_KL matching ******** 
09-30 02:25 DEBUG    Best Sigma0: 3. Best sigma: 0.9 Best gamma: 1. Best Test accuracy: 0.0974. Train acc: 0.09751666666666667. 

09-30 02:25 DEBUG    PDM_KL log: {(3, 0.9, 1): {'shapes': [(784, 100), (100,), (100, 100), (100,), (100, 100), (100,), (100, 10), (10,)], 'train_accuracy': 0.09751666666666667, 'test_accuracy': 0.0974}} 
09-30 02:26 DEBUG    ****** PDM_KL matching ******** 
09-30 02:26 DEBUG    Best Sigma0: 3. Best sigma: 0.9 Best gamma: 1. Best Test accuracy: 0.0974. Train acc: 0.09751666666666667. 

09-30 02:26 DEBUG    PDM_KL log: {(3, 0.9, 1): {'shapes': [(784, 100), (100,), (100, 100), (100,), (100, 100), (100,), (100, 10), (10,)], 'train_accuracy': 0.09751666666666667, 'test_accuracy': 0.0974}} 
09-30 02:26 DEBUG    Trial 9 completed
09-30 02:26 DEBUG    ####################################################################################################
