05-28 23:20 DEBUG    Experiment arguments: Namespace(alpha=0.5, communication_rounds=None, datadir='data/mnist', dataset='mnist', device=1.0, dropout_p=0.0, epochs=10, experiment=['pdm_KL', 'skip'], init_seed=0, iter_epochs=5, layers=1, loaddir='saved_weights/mnist/homo', logdir='skip_pdm_compare/mnist/homo', lr=0.01, lr_decay=1.0, n=6, n_layers=1, n_nets=10, net_config=[784, 100, 100, 100, 100, 10], num_pool_workers=6, partition='homo', pdm_gamma=10, pdm_sig=0.5, pdm_sig0=10, reg=1e-06, reg_fac=0.0, trials=10, use_freq=True)
05-28 23:20 DEBUG    ####################################################################################################
05-28 23:20 DEBUG    Executing Trial 0 with seed 0
05-28 23:20 DEBUG    Data statistics: {0: {0: 605, 1: 688, 2: 586, 3: 583, 4: 565, 5: 518, 6: 631, 7: 625, 8: 584, 9: 615}, 1: {0: 600, 1: 691, 2: 580, 3: 625, 4: 588, 5: 557, 6: 559, 7: 603, 8: 607, 9: 590}, 2: {0: 607, 1: 691, 2: 583, 3: 639, 4: 577, 5: 516, 6: 571, 7: 641, 8: 596, 9: 579}, 3: {0: 605, 1: 642, 2: 610, 3: 580, 4: 590, 5: 565, 6: 572, 7: 632, 8: 591, 9: 613}, 4: {0: 578, 1: 653, 2: 600, 3: 593, 4: 627, 5: 556, 6: 629, 7: 608, 8: 581, 9: 575}, 5: {0: 596, 1: 690, 2: 594, 3: 650, 4: 589, 5: 539, 6: 547, 7: 612, 8: 568, 9: 615}, 6: {0: 598, 1: 645, 2: 614, 3: 624, 4: 572, 5: 556, 6: 605, 7: 605, 8: 601, 9: 580}, 7: {0: 544, 1: 682, 2: 604, 3: 591, 4: 605, 5: 562, 6: 601, 7: 694, 8: 525, 9: 592}, 8: {0: 564, 1: 665, 2: 608, 3: 647, 4: 566, 5: 520, 6: 615, 7: 613, 8: 594, 9: 608}, 9: {0: 626, 1: 695, 2: 579, 3: 599, 4: 563, 5: 532, 6: 588, 7: 632, 8: 604, 9: 582}}
05-28 23:20 DEBUG    **************************************************
05-28 23:20 DEBUG    Running experiments 

05-28 23:28 DEBUG    ****** PDM_KL matching ******** 
05-28 23:28 DEBUG    Best Sigma0: 10. Best sigma: 0.5 Best gamma: 10. Best Test accuracy: 0.8913. Train acc: 0.8911666666666667. 

05-28 23:28 DEBUG    PDM_KL log: {(10, 0.5, 10): {'shapes': [(784, 855), (855,), (855, 604), (604,), (604, 326), (326,), (326, 118), (118,), (118, 10), (10,)], 'train_accuracy': 0.8911666666666667, 'test_accuracy': 0.8913}} 
05-28 23:34 DEBUG    ****** PDM skip matching ******** 
05-28 23:34 DEBUG    Best Sigma0: 10. Best sigma: 0.5 Best gamma: 10. Best Test accuracy: 0.0974. Train acc: 0.09751666666666667. 

05-28 23:34 DEBUG    PDM log: {(10, 0.5, 10): {'shapes': [(849, 785), (101, 849), (773, 101), (101, 773), (10, 101)], 'train_accuracy': 0.09751666666666667, 'test_accuracy': 0.0974}} 
05-28 23:34 DEBUG    Trial 0 completed
05-28 23:34 DEBUG    ####################################################################################################
05-28 23:34 DEBUG    ####################################################################################################
05-28 23:34 DEBUG    Executing Trial 1 with seed 1
05-28 23:34 DEBUG    Data statistics: {0: {0: 557, 1: 696, 2: 602, 3: 636, 4: 575, 5: 546, 6: 627, 7: 624, 8: 576, 9: 561}, 1: {0: 601, 1: 677, 2: 592, 3: 601, 4: 582, 5: 564, 6: 560, 7: 641, 8: 596, 9: 586}, 2: {0: 591, 1: 660, 2: 607, 3: 619, 4: 583, 5: 604, 6: 584, 7: 609, 8: 571, 9: 572}, 3: {0: 623, 1: 679, 2: 587, 3: 602, 4: 589, 5: 560, 6: 607, 7: 599, 8: 574, 9: 580}, 4: {0: 590, 1: 642, 2: 599, 3: 608, 4: 583, 5: 509, 6: 602, 7: 625, 8: 610, 9: 632}, 5: {0: 583, 1: 694, 2: 623, 3: 653, 4: 590, 5: 491, 6: 584, 7: 637, 8: 556, 9: 589}, 6: {0: 602, 1: 679, 2: 644, 3: 599, 4: 566, 5: 530, 6: 564, 7: 609, 8: 624, 9: 583}, 7: {0: 573, 1: 639, 2: 569, 3: 580, 4: 608, 5: 541, 6: 602, 7: 653, 8: 589, 9: 646}, 8: {0: 622, 1: 669, 2: 567, 3: 612, 4: 597, 5: 553, 6: 579, 7: 635, 8: 578, 9: 588}, 9: {0: 581, 1: 707, 2: 568, 3: 621, 4: 569, 5: 523, 6: 609, 7: 633, 8: 577, 9: 612}}
05-28 23:35 DEBUG    **************************************************
05-28 23:35 DEBUG    Running experiments 

05-28 23:41 DEBUG    ****** PDM_KL matching ******** 
05-28 23:41 DEBUG    Best Sigma0: 10. Best sigma: 0.5 Best gamma: 10. Best Test accuracy: 0.9225. Train acc: 0.9248166666666666. 

05-28 23:41 DEBUG    PDM_KL log: {(10, 0.5, 10): {'shapes': [(784, 838), (838,), (838, 593), (593,), (593, 334), (334,), (334, 118), (118,), (118, 10), (10,)], 'train_accuracy': 0.9248166666666666, 'test_accuracy': 0.9225}} 
05-28 23:47 DEBUG    ****** PDM skip matching ******** 
05-28 23:47 DEBUG    Best Sigma0: 10. Best sigma: 0.5 Best gamma: 10. Best Test accuracy: 0.0974. Train acc: 0.09751666666666667. 

05-28 23:47 DEBUG    PDM log: {(10, 0.5, 10): {'shapes': [(839, 785), (101, 839), (790, 101), (101, 790), (10, 101)], 'train_accuracy': 0.09751666666666667, 'test_accuracy': 0.0974}} 
05-28 23:47 DEBUG    Trial 1 completed
05-28 23:47 DEBUG    ####################################################################################################
05-28 23:47 DEBUG    ####################################################################################################
05-28 23:47 DEBUG    Executing Trial 2 with seed 2
05-28 23:47 DEBUG    Data statistics: {0: {0: 613, 1: 691, 2: 569, 3: 611, 4: 600, 5: 562, 6: 585, 7: 610, 8: 590, 9: 569}, 1: {0: 570, 1: 663, 2: 625, 3: 641, 4: 617, 5: 521, 6: 584, 7: 610, 8: 576, 9: 593}, 2: {0: 595, 1: 669, 2: 620, 3: 637, 4: 572, 5: 563, 6: 606, 7: 618, 8: 547, 9: 573}, 3: {0: 572, 1: 675, 2: 577, 3: 575, 4: 587, 5: 546, 6: 611, 7: 637, 8: 606, 9: 614}, 4: {0: 569, 1: 623, 2: 612, 3: 646, 4: 593, 5: 550, 6: 617, 7: 608, 8: 584, 9: 598}, 5: {0: 587, 1: 695, 2: 601, 3: 613, 4: 563, 5: 546, 6: 576, 7: 657, 8: 593, 9: 569}, 6: {0: 618, 1: 690, 2: 608, 3: 559, 4: 573, 5: 541, 6: 572, 7: 633, 8: 590, 9: 616}, 7: {0: 611, 1: 691, 2: 579, 3: 637, 4: 587, 5: 530, 6: 551, 7: 660, 8: 555, 9: 599}, 8: {0: 640, 1: 672, 2: 587, 3: 574, 4: 581, 5: 525, 6: 595, 7: 632, 8: 580, 9: 614}, 9: {0: 548, 1: 673, 2: 580, 3: 638, 4: 569, 5: 537, 6: 621, 7: 600, 8: 630, 9: 604}}
05-28 23:48 DEBUG    **************************************************
05-28 23:48 DEBUG    Running experiments 

05-28 23:55 DEBUG    ****** PDM_KL matching ******** 
05-28 23:55 DEBUG    Best Sigma0: 10. Best sigma: 0.5 Best gamma: 10. Best Test accuracy: 0.8799. Train acc: 0.8842166666666667. 

05-28 23:55 DEBUG    PDM_KL log: {(10, 0.5, 10): {'shapes': [(784, 865), (865,), (865, 563), (563,), (563, 307), (307,), (307, 118), (118,), (118, 10), (10,)], 'train_accuracy': 0.8842166666666667, 'test_accuracy': 0.8799}} 
05-29 00:01 DEBUG    ****** PDM skip matching ******** 
05-29 00:01 DEBUG    Best Sigma0: 10. Best sigma: 0.5 Best gamma: 10. Best Test accuracy: 0.0974. Train acc: 0.09751666666666667. 

05-29 00:01 DEBUG    PDM log: {(10, 0.5, 10): {'shapes': [(858, 785), (101, 858), (785, 101), (101, 785), (10, 101)], 'train_accuracy': 0.09751666666666667, 'test_accuracy': 0.0974}} 
05-29 00:01 DEBUG    Trial 2 completed
05-29 00:01 DEBUG    ####################################################################################################
05-29 00:01 DEBUG    ####################################################################################################
05-29 00:01 DEBUG    Executing Trial 3 with seed 3
05-29 00:01 DEBUG    Data statistics: {0: {0: 578, 1: 726, 2: 611, 3: 606, 4: 571, 5: 535, 6: 562, 7: 646, 8: 594, 9: 571}, 1: {0: 600, 1: 656, 2: 590, 3: 593, 4: 586, 5: 569, 6: 596, 7: 639, 8: 573, 9: 598}, 2: {0: 557, 1: 671, 2: 594, 3: 628, 4: 595, 5: 530, 6: 564, 7: 644, 8: 612, 9: 605}, 3: {0: 574, 1: 669, 2: 615, 3: 645, 4: 595, 5: 523, 6: 579, 7: 577, 8: 600, 9: 623}, 4: {0: 574, 1: 677, 2: 571, 3: 636, 4: 600, 5: 539, 6: 608, 7: 623, 8: 579, 9: 593}, 5: {0: 585, 1: 682, 2: 619, 3: 631, 4: 587, 5: 524, 6: 591, 7: 599, 8: 553, 9: 629}, 6: {0: 626, 1: 693, 2: 582, 3: 595, 4: 568, 5: 563, 6: 605, 7: 618, 8: 588, 9: 562}, 7: {0: 613, 1: 663, 2: 592, 3: 590, 4: 550, 5: 521, 6: 600, 7: 660, 8: 615, 9: 596}, 8: {0: 624, 1: 689, 2: 589, 3: 620, 4: 567, 5: 570, 6: 575, 7: 618, 8: 563, 9: 585}, 9: {0: 592, 1: 616, 2: 595, 3: 587, 4: 623, 5: 547, 6: 638, 7: 641, 8: 574, 9: 587}}
05-29 00:01 DEBUG    **************************************************
05-29 00:01 DEBUG    Running experiments 

05-29 00:08 DEBUG    ****** PDM_KL matching ******** 
05-29 00:08 DEBUG    Best Sigma0: 10. Best sigma: 0.5 Best gamma: 10. Best Test accuracy: 0.937. Train acc: 0.9372. 

05-29 00:08 DEBUG    PDM_KL log: {(10, 0.5, 10): {'shapes': [(784, 857), (857,), (857, 576), (576,), (576, 320), (320,), (320, 118), (118,), (118, 10), (10,)], 'train_accuracy': 0.9372, 'test_accuracy': 0.937}} 
05-29 00:14 DEBUG    ****** PDM skip matching ******** 
05-29 00:14 DEBUG    Best Sigma0: 10. Best sigma: 0.5 Best gamma: 10. Best Test accuracy: 0.0974. Train acc: 0.09751666666666667. 

05-29 00:14 DEBUG    PDM log: {(10, 0.5, 10): {'shapes': [(851, 785), (101, 851), (770, 101), (101, 770), (10, 101)], 'train_accuracy': 0.09751666666666667, 'test_accuracy': 0.0974}} 
05-29 00:14 DEBUG    Trial 3 completed
05-29 00:14 DEBUG    ####################################################################################################
05-29 00:14 DEBUG    ####################################################################################################
05-29 00:14 DEBUG    Executing Trial 4 with seed 4
05-29 00:14 DEBUG    Data statistics: {0: {0: 580, 1: 694, 2: 624, 3: 614, 4: 560, 5: 523, 6: 605, 7: 625, 8: 581, 9: 594}, 1: {0: 617, 1: 648, 2: 621, 3: 611, 4: 566, 5: 565, 6: 567, 7: 655, 8: 587, 9: 563}, 2: {0: 557, 1: 697, 2: 599, 3: 597, 4: 588, 5: 541, 6: 602, 7: 606, 8: 620, 9: 593}, 3: {0: 594, 1: 659, 2: 550, 3: 623, 4: 626, 5: 545, 6: 592, 7: 603, 8: 560, 9: 648}, 4: {0: 579, 1: 706, 2: 598, 3: 652, 4: 580, 5: 547, 6: 641, 7: 616, 8: 507, 9: 574}, 5: {0: 631, 1: 658, 2: 584, 3: 617, 4: 603, 5: 526, 6: 583, 7: 609, 8: 604, 9: 585}, 6: {0: 576, 1: 686, 2: 595, 3: 601, 4: 573, 5: 535, 6: 589, 7: 678, 8: 559, 9: 608}, 7: {0: 614, 1: 663, 2: 624, 3: 600, 4: 587, 5: 528, 6: 574, 7: 610, 8: 636, 9: 564}, 8: {0: 577, 1: 690, 2: 601, 3: 589, 4: 581, 5: 550, 6: 549, 7: 641, 8: 593, 9: 629}, 9: {0: 598, 1: 641, 2: 562, 3: 627, 4: 578, 5: 561, 6: 616, 7: 622, 8: 604, 9: 591}}
05-29 00:15 DEBUG    **************************************************
05-29 00:15 DEBUG    Running experiments 

05-29 00:22 DEBUG    ****** PDM_KL matching ******** 
05-29 00:22 DEBUG    Best Sigma0: 10. Best sigma: 0.5 Best gamma: 10. Best Test accuracy: 0.9544. Train acc: 0.9549333333333333. 

05-29 00:22 DEBUG    PDM_KL log: {(10, 0.5, 10): {'shapes': [(784, 848), (848,), (848, 565), (565,), (565, 303), (303,), (303, 118), (118,), (118, 10), (10,)], 'train_accuracy': 0.9549333333333333, 'test_accuracy': 0.9544}} 
05-29 00:28 DEBUG    ****** PDM skip matching ******** 
05-29 00:28 DEBUG    Best Sigma0: 10. Best sigma: 0.5 Best gamma: 10. Best Test accuracy: 0.0974. Train acc: 0.09751666666666667. 

05-29 00:28 DEBUG    PDM log: {(10, 0.5, 10): {'shapes': [(859, 785), (101, 859), (756, 101), (101, 756), (10, 101)], 'train_accuracy': 0.09751666666666667, 'test_accuracy': 0.0974}} 
05-29 00:28 DEBUG    Trial 4 completed
05-29 00:28 DEBUG    ####################################################################################################
05-29 00:28 DEBUG    ####################################################################################################
05-29 00:28 DEBUG    Executing Trial 5 with seed 5
05-29 00:28 DEBUG    Data statistics: {0: {0: 565, 1: 648, 2: 579, 3: 636, 4: 604, 5: 509, 6: 611, 7: 660, 8: 602, 9: 586}, 1: {0: 633, 1: 675, 2: 592, 3: 613, 4: 571, 5: 505, 6: 594, 7: 640, 8: 580, 9: 597}, 2: {0: 603, 1: 699, 2: 564, 3: 589, 4: 573, 5: 546, 6: 576, 7: 621, 8: 593, 9: 636}, 3: {0: 626, 1: 652, 2: 608, 3: 607, 4: 574, 5: 563, 6: 581, 7: 634, 8: 552, 9: 603}, 4: {0: 579, 1: 684, 2: 592, 3: 631, 4: 561, 5: 548, 6: 565, 7: 626, 8: 637, 9: 577}, 5: {0: 579, 1: 672, 2: 616, 3: 629, 4: 575, 5: 552, 6: 588, 7: 647, 8: 559, 9: 583}, 6: {0: 579, 1: 664, 2: 607, 3: 607, 4: 628, 5: 580, 6: 564, 7: 592, 8: 565, 9: 614}, 7: {0: 572, 1: 678, 2: 612, 3: 616, 4: 591, 5: 535, 6: 626, 7: 624, 8: 557, 9: 589}, 8: {0: 603, 1: 683, 2: 591, 3: 628, 4: 582, 5: 559, 6: 610, 7: 611, 8: 571, 9: 562}, 9: {0: 584, 1: 687, 2: 597, 3: 575, 4: 583, 5: 524, 6: 603, 7: 610, 8: 635, 9: 602}}
05-29 00:28 DEBUG    **************************************************
05-29 00:28 DEBUG    Running experiments 

05-29 00:36 DEBUG    ****** PDM_KL matching ******** 
05-29 00:36 DEBUG    Best Sigma0: 10. Best sigma: 0.5 Best gamma: 10. Best Test accuracy: 0.9422. Train acc: 0.9445166666666667. 

05-29 00:36 DEBUG    PDM_KL log: {(10, 0.5, 10): {'shapes': [(784, 871), (871,), (871, 593), (593,), (593, 312), (312,), (312, 118), (118,), (118, 10), (10,)], 'train_accuracy': 0.9445166666666667, 'test_accuracy': 0.9422}} 
05-29 00:41 DEBUG    ****** PDM skip matching ******** 
05-29 00:41 DEBUG    Best Sigma0: 10. Best sigma: 0.5 Best gamma: 10. Best Test accuracy: 0.0974. Train acc: 0.09751666666666667. 

05-29 00:41 DEBUG    PDM log: {(10, 0.5, 10): {'shapes': [(870, 785), (101, 870), (772, 101), (101, 772), (10, 101)], 'train_accuracy': 0.09751666666666667, 'test_accuracy': 0.0974}} 
05-29 00:41 DEBUG    Trial 5 completed
05-29 00:41 DEBUG    ####################################################################################################
05-29 00:41 DEBUG    ####################################################################################################
05-29 00:41 DEBUG    Executing Trial 6 with seed 6
05-29 00:41 DEBUG    Data statistics: {0: {0: 590, 1: 661, 2: 587, 3: 624, 4: 613, 5: 542, 6: 623, 7: 604, 8: 557, 9: 599}, 1: {0: 561, 1: 716, 2: 606, 3: 636, 4: 568, 5: 547, 6: 552, 7: 633, 8: 614, 9: 567}, 2: {0: 606, 1: 716, 2: 582, 3: 615, 4: 579, 5: 513, 6: 583, 7: 607, 8: 571, 9: 628}, 3: {0: 589, 1: 664, 2: 553, 3: 609, 4: 561, 5: 570, 6: 620, 7: 636, 8: 604, 9: 594}, 4: {0: 592, 1: 682, 2: 656, 3: 604, 4: 573, 5: 521, 6: 594, 7: 634, 8: 569, 9: 575}, 5: {0: 572, 1: 693, 2: 589, 3: 661, 4: 560, 5: 546, 6: 572, 7: 638, 8: 589, 9: 580}, 6: {0: 626, 1: 663, 2: 593, 3: 573, 4: 615, 5: 560, 6: 604, 7: 597, 8: 566, 9: 603}, 7: {0: 617, 1: 650, 2: 594, 3: 583, 4: 591, 5: 500, 6: 617, 7: 657, 8: 579, 9: 612}, 8: {0: 578, 1: 643, 2: 592, 3: 629, 4: 581, 5: 554, 6: 571, 7: 653, 8: 588, 9: 611}, 9: {0: 592, 1: 654, 2: 606, 3: 597, 4: 601, 5: 568, 6: 582, 7: 606, 8: 614, 9: 580}}
05-29 00:41 DEBUG    **************************************************
05-29 00:41 DEBUG    Running experiments 

05-29 00:47 DEBUG    ****** PDM_KL matching ******** 
05-29 00:47 DEBUG    Best Sigma0: 10. Best sigma: 0.5 Best gamma: 10. Best Test accuracy: 0.9247. Train acc: 0.9313166666666667. 

05-29 00:47 DEBUG    PDM_KL log: {(10, 0.5, 10): {'shapes': [(784, 857), (857,), (857, 618), (618,), (618, 348), (348,), (348, 118), (118,), (118, 10), (10,)], 'train_accuracy': 0.9313166666666667, 'test_accuracy': 0.9247}} 
05-29 00:51 DEBUG    ****** PDM skip matching ******** 
05-29 00:51 DEBUG    Best Sigma0: 10. Best sigma: 0.5 Best gamma: 10. Best Test accuracy: 0.0974. Train acc: 0.09751666666666667. 

05-29 00:51 DEBUG    PDM log: {(10, 0.5, 10): {'shapes': [(860, 785), (101, 860), (781, 101), (101, 781), (10, 101)], 'train_accuracy': 0.09751666666666667, 'test_accuracy': 0.0974}} 
05-29 00:51 DEBUG    Trial 6 completed
05-29 00:51 DEBUG    ####################################################################################################
05-29 00:51 DEBUG    ####################################################################################################
05-29 00:51 DEBUG    Executing Trial 7 with seed 7
05-29 00:51 DEBUG    Data statistics: {0: {0: 554, 1: 669, 2: 572, 3: 681, 4: 598, 5: 558, 6: 636, 7: 619, 8: 562, 9: 551}, 1: {0: 590, 1: 674, 2: 557, 3: 563, 4: 600, 5: 553, 6: 565, 7: 674, 8: 639, 9: 585}, 2: {0: 605, 1: 703, 2: 584, 3: 644, 4: 578, 5: 529, 6: 563, 7: 606, 8: 577, 9: 611}, 3: {0: 581, 1: 680, 2: 615, 3: 621, 4: 560, 5: 588, 6: 616, 7: 604, 8: 523, 9: 612}, 4: {0: 623, 1: 671, 2: 621, 3: 623, 4: 589, 5: 521, 6: 604, 7: 610, 8: 560, 9: 578}, 5: {0: 571, 1: 610, 2: 573, 3: 626, 4: 602, 5: 557, 6: 561, 7: 678, 8: 604, 9: 618}, 6: {0: 552, 1: 679, 2: 615, 3: 613, 4: 559, 5: 514, 6: 599, 7: 643, 8: 606, 9: 620}, 7: {0: 620, 1: 710, 2: 621, 3: 598, 4: 568, 5: 520, 6: 575, 7: 612, 8: 597, 9: 579}, 8: {0: 625, 1: 671, 2: 596, 3: 560, 4: 620, 5: 530, 6: 646, 7: 593, 8: 558, 9: 601}, 9: {0: 602, 1: 675, 2: 604, 3: 602, 4: 568, 5: 551, 6: 553, 7: 626, 8: 625, 9: 594}}
05-29 00:51 DEBUG    **************************************************
05-29 00:51 DEBUG    Running experiments 

05-29 00:56 DEBUG    ****** PDM_KL matching ******** 
05-29 00:56 DEBUG    Best Sigma0: 10. Best sigma: 0.5 Best gamma: 10. Best Test accuracy: 0.928. Train acc: 0.9302. 

05-29 00:56 DEBUG    PDM_KL log: {(10, 0.5, 10): {'shapes': [(784, 862), (862,), (862, 576), (576,), (576, 320), (320,), (320, 118), (118,), (118, 10), (10,)], 'train_accuracy': 0.9302, 'test_accuracy': 0.928}} 
05-29 01:00 DEBUG    ****** PDM skip matching ******** 
05-29 01:00 DEBUG    Best Sigma0: 10. Best sigma: 0.5 Best gamma: 10. Best Test accuracy: 0.0974. Train acc: 0.09751666666666667. 

05-29 01:00 DEBUG    PDM log: {(10, 0.5, 10): {'shapes': [(857, 785), (101, 857), (766, 101), (101, 766), (10, 101)], 'train_accuracy': 0.09751666666666667, 'test_accuracy': 0.0974}} 
05-29 01:00 DEBUG    Trial 7 completed
05-29 01:00 DEBUG    ####################################################################################################
05-29 01:00 DEBUG    ####################################################################################################
05-29 01:00 DEBUG    Executing Trial 8 with seed 8
05-29 01:00 DEBUG    Data statistics: {0: {0: 620, 1: 730, 2: 568, 3: 602, 4: 590, 5: 552, 6: 565, 7: 589, 8: 589, 9: 595}, 1: {0: 561, 1: 698, 2: 592, 3: 646, 4: 560, 5: 536, 6: 577, 7: 649, 8: 588, 9: 593}, 2: {0: 570, 1: 688, 2: 603, 3: 629, 4: 604, 5: 523, 6: 550, 7: 621, 8: 604, 9: 608}, 3: {0: 578, 1: 648, 2: 618, 3: 613, 4: 572, 5: 563, 6: 582, 7: 636, 8: 600, 9: 590}, 4: {0: 619, 1: 660, 2: 598, 3: 600, 4: 586, 5: 549, 6: 620, 7: 609, 8: 554, 9: 605}, 5: {0: 615, 1: 635, 2: 587, 3: 603, 4: 618, 5: 531, 6: 612, 7: 635, 8: 575, 9: 589}, 6: {0: 582, 1: 659, 2: 579, 3: 622, 4: 554, 5: 563, 6: 560, 7: 669, 8: 594, 9: 618}, 7: {0: 582, 1: 675, 2: 607, 3: 613, 4: 578, 5: 565, 6: 612, 7: 613, 8: 558, 9: 597}, 8: {0: 586, 1: 669, 2: 609, 3: 592, 4: 589, 5: 506, 6: 616, 7: 637, 8: 604, 9: 592}, 9: {0: 610, 1: 680, 2: 597, 3: 611, 4: 591, 5: 533, 6: 624, 7: 607, 8: 585, 9: 562}}
05-29 01:01 DEBUG    **************************************************
05-29 01:01 DEBUG    Running experiments 

05-29 01:04 DEBUG    ****** PDM_KL matching ******** 
05-29 01:04 DEBUG    Best Sigma0: 10. Best sigma: 0.5 Best gamma: 10. Best Test accuracy: 0.7929. Train acc: 0.7982833333333333. 

05-29 01:04 DEBUG    PDM_KL log: {(10, 0.5, 10): {'shapes': [(784, 837), (837,), (837, 593), (593,), (593, 318), (318,), (318, 118), (118,), (118, 10), (10,)], 'train_accuracy': 0.7982833333333333, 'test_accuracy': 0.7929}} 
05-29 01:08 DEBUG    ****** PDM skip matching ******** 
05-29 01:08 DEBUG    Best Sigma0: 10. Best sigma: 0.5 Best gamma: 10. Best Test accuracy: 0.0974. Train acc: 0.09751666666666667. 

05-29 01:08 DEBUG    PDM log: {(10, 0.5, 10): {'shapes': [(839, 785), (101, 839), (783, 101), (101, 783), (10, 101)], 'train_accuracy': 0.09751666666666667, 'test_accuracy': 0.0974}} 
05-29 01:08 DEBUG    Trial 8 completed
05-29 01:08 DEBUG    ####################################################################################################
05-29 01:08 DEBUG    ####################################################################################################
05-29 01:08 DEBUG    Executing Trial 9 with seed 9
05-29 01:08 DEBUG    Data statistics: {0: {0: 598, 1: 728, 2: 564, 3: 603, 4: 586, 5: 530, 6: 612, 7: 624, 8: 566, 9: 589}, 1: {0: 563, 1: 676, 2: 586, 3: 616, 4: 577, 5: 556, 6: 577, 7: 649, 8: 605, 9: 595}, 2: {0: 620, 1: 667, 2: 583, 3: 639, 4: 578, 5: 532, 6: 603, 7: 583, 8: 558, 9: 637}, 3: {0: 588, 1: 689, 2: 594, 3: 604, 4: 561, 5: 551, 6: 585, 7: 658, 8: 580, 9: 590}, 4: {0: 601, 1: 679, 2: 570, 3: 626, 4: 610, 5: 558, 6: 563, 7: 634, 8: 591, 9: 568}, 5: {0: 588, 1: 639, 2: 616, 3: 626, 4: 579, 5: 545, 6: 570, 7: 626, 8: 593, 9: 618}, 6: {0: 589, 1: 685, 2: 623, 3: 599, 4: 599, 5: 526, 6: 599, 7: 614, 8: 608, 9: 558}, 7: {0: 590, 1: 667, 2: 618, 3: 633, 4: 582, 5: 498, 6: 604, 7: 596, 8: 594, 9: 618}, 8: {0: 586, 1: 666, 2: 650, 3: 570, 4: 599, 5: 533, 6: 573, 7: 660, 8: 563, 9: 600}, 9: {0: 600, 1: 646, 2: 554, 3: 615, 4: 571, 5: 592, 6: 632, 7: 621, 8: 593, 9: 576}}
05-29 01:09 DEBUG    **************************************************
05-29 01:09 DEBUG    Running experiments 

05-29 01:12 DEBUG    ****** PDM_KL matching ******** 
05-29 01:12 DEBUG    Best Sigma0: 10. Best sigma: 0.5 Best gamma: 10. Best Test accuracy: 0.9281. Train acc: 0.9346833333333333. 

05-29 01:12 DEBUG    PDM_KL log: {(10, 0.5, 10): {'shapes': [(784, 858), (858,), (858, 577), (577,), (577, 331), (331,), (331, 118), (118,), (118, 10), (10,)], 'train_accuracy': 0.9346833333333333, 'test_accuracy': 0.9281}} 
05-29 01:15 DEBUG    ****** PDM skip matching ******** 
05-29 01:15 DEBUG    Best Sigma0: 10. Best sigma: 0.5 Best gamma: 10. Best Test accuracy: 0.0974. Train acc: 0.09751666666666667. 

05-29 01:15 DEBUG    PDM log: {(10, 0.5, 10): {'shapes': [(867, 785), (101, 867), (768, 101), (101, 768), (10, 101)], 'train_accuracy': 0.09751666666666667, 'test_accuracy': 0.0974}} 
05-29 01:15 DEBUG    Trial 9 completed
05-29 01:15 DEBUG    ####################################################################################################
