09-14 21:35 DEBUG    Experiment arguments: Namespace(alpha=0.5, communication_rounds=None, datadir='data/mnist', dataset='mnist', device=1.0, dropout_p=0.0, epochs=10, experiment=['all'], init_seed=0, iter_epochs=5, layers=0, loaddir='saved_weights/mnist/homo', logdir='KL_regs_bst_hyp/mnist/homo', lr=0.01, lr_decay=1.0, n=30, n_layers=1, n_nets=30, net_config=[784, 100, 10], num_pool_workers=7, partition='homo', pdm_gamma=10, pdm_sig=0.5, pdm_sig0=10, reg=1e-06, reg_fac=0.0, trials=10)
09-14 21:35 DEBUG    ####################################################################################################
09-14 21:35 DEBUG    Executing Trial 0 with seed 0
09-14 21:35 DEBUG    Data statistics: {0: {0: 221, 1: 200, 2: 193, 3: 213, 4: 201, 5: 170, 6: 205, 7: 217, 8: 185, 9: 195}, 1: {0: 198, 1: 242, 2: 195, 3: 175, 4: 185, 5: 172, 6: 209, 7: 211, 8: 198, 9: 215}, 2: {0: 186, 1: 246, 2: 198, 3: 195, 4: 179, 5: 176, 6: 217, 7: 197, 8: 201, 9: 205}, 3: {0: 203, 1: 228, 2: 207, 3: 207, 4: 191, 5: 184, 6: 175, 7: 204, 8: 210, 9: 191}, 4: {0: 193, 1: 237, 2: 180, 3: 195, 4: 188, 5: 189, 6: 212, 7: 211, 8: 188, 9: 207}, 5: {0: 204, 1: 226, 2: 193, 3: 223, 4: 209, 5: 184, 6: 172, 7: 188, 8: 209, 9: 192}, 6: {0: 214, 1: 237, 2: 199, 3: 225, 4: 177, 5: 190, 6: 178, 7: 209, 8: 196, 9: 175}, 7: {0: 179, 1: 238, 2: 187, 3: 211, 4: 204, 5: 156, 6: 200, 7: 223, 8: 190, 9: 212}, 8: {0: 214, 1: 216, 2: 197, 3: 203, 4: 196, 5: 170, 6: 193, 7: 209, 8: 210, 9: 192}, 9: {0: 204, 1: 214, 2: 212, 3: 190, 4: 190, 5: 186, 6: 192, 7: 207, 8: 208, 9: 197}, 10: {0: 187, 1: 212, 2: 187, 3: 204, 4: 207, 5: 193, 6: 192, 7: 222, 8: 196, 9: 200}, 11: {0: 214, 1: 216, 2: 211, 3: 186, 4: 193, 5: 186, 6: 188, 7: 203, 8: 187, 9: 216}, 12: {0: 206, 1: 208, 2: 202, 3: 205, 4: 207, 5: 188, 6: 200, 7: 214, 8: 173, 9: 197}, 13: {0: 184, 1: 222, 2: 203, 3: 180, 4: 228, 5: 200, 6: 231, 7: 179, 8: 189, 9: 184}, 14: {0: 188, 1: 223, 2: 195, 3: 208, 4: 192, 5: 168, 6: 198, 7: 215, 8: 219, 9: 194}, 15: {0: 180, 1: 232, 2: 214, 3: 214, 4: 183, 5: 199, 6: 171, 7: 217, 8: 192, 9: 198}, 16: {0: 216, 1: 248, 2: 180, 3: 221, 4: 209, 5: 162, 6: 190, 7: 213, 8: 167, 9: 194}, 17: {0: 200, 1: 210, 2: 200, 3: 215, 4: 197, 5: 178, 6: 186, 7: 182, 8: 209, 9: 223}, 18: {0: 204, 1: 238, 2: 193, 3: 208, 4: 190, 5: 175, 6: 212, 7: 191, 8: 213, 9: 176}, 19: {0: 212, 1: 215, 2: 204, 3: 190, 4: 191, 5: 186, 6: 188, 7: 204, 8: 200, 9: 210}, 20: {0: 182, 1: 192, 2: 217, 3: 226, 4: 191, 5: 195, 6: 205, 7: 210, 8: 188, 9: 194}, 21: {0: 206, 1: 209, 2: 206, 3: 191, 4: 193, 5: 177, 6: 215, 7: 229, 8: 179, 9: 195}, 22: {0: 172, 1: 233, 2: 218, 3: 198, 4: 219, 5: 177, 6: 196, 7: 208, 8: 181, 9: 198}, 23: {0: 166, 1: 240, 2: 180, 3: 202, 4: 193, 5: 208, 6: 190, 7: 257, 8: 165, 9: 199}, 24: {0: 184, 1: 247, 2: 213, 3: 220, 4: 188, 5: 162, 6: 192, 7: 207, 8: 184, 9: 203}, 25: {0: 193, 1: 204, 2: 203, 3: 203, 4: 195, 5: 176, 6: 187, 7: 211, 8: 213, 9: 215}, 26: {0: 187, 1: 214, 2: 192, 3: 224, 4: 183, 5: 182, 6: 236, 7: 195, 8: 197, 9: 190}, 27: {0: 193, 1: 229, 2: 194, 3: 188, 4: 190, 5: 170, 6: 208, 7: 216, 8: 190, 9: 222}, 28: {0: 230, 1: 234, 2: 195, 3: 203, 4: 182, 5: 187, 6: 188, 7: 210, 8: 197, 9: 174}, 29: {0: 203, 1: 232, 2: 190, 3: 208, 4: 191, 5: 175, 6: 192, 7: 206, 8: 217, 9: 186}}
09-14 21:37 DEBUG    **************************************************
09-14 21:37 DEBUG    Running experiments 

09-14 21:38 DEBUG    Uniform ensemble (Train acc): 0.951733
09-14 21:38 DEBUG    Uniform ensemble (Test acc): 0.952400
09-14 21:38 DEBUG    FedAvg (Train acc): 0.155750
09-14 21:38 DEBUG    FedAvg (Test acc): 0.153500
09-14 22:08 DEBUG    ****** PDM_KL matching ******** 
09-14 22:08 DEBUG    Best Sigma0: 10. Best sigma: 0.5 Best gamma: 10. Best Test accuracy: 0.9512. Train acc: 0.9498166666666666. 

09-14 22:08 DEBUG    PDM_KL log: {(10, 0.5, 10): {'shapes': [(784, 700), (700,), (700, 10), (10,)], 'train_accuracy': 0.9498166666666666, 'test_accuracy': 0.9512}} 
09-14 23:06 DEBUG    ****** PDM_KL matching ******** 
09-14 23:06 DEBUG    Best Sigma0: 10. Best sigma: 0.5 Best gamma: 10. Best Test accuracy: 0.9513. Train acc: 0.9508833333333333. 

09-14 23:06 DEBUG    PDM_KL log: {(10, 0.5, 10): {'shapes': [(784, 700), (700,), (700, 10), (10,)], 'train_accuracy': 0.9508833333333333, 'test_accuracy': 0.9513}} 
09-15 00:00 DEBUG    ****** PDM_KL matching ******** 
09-15 00:00 DEBUG    Best Sigma0: 10. Best sigma: 0.5 Best gamma: 10. Best Test accuracy: 0.9512. Train acc: 0.9502833333333334. 

09-15 00:00 DEBUG    PDM_KL log: {(10, 0.5, 10): {'shapes': [(784, 700), (700,), (700, 10), (10,)], 'train_accuracy': 0.9502833333333334, 'test_accuracy': 0.9512}} 
09-15 00:51 DEBUG    ****** PDM_KL matching ******** 
09-15 00:51 DEBUG    Best Sigma0: 10. Best sigma: 0.5 Best gamma: 10. Best Test accuracy: 0.9521. Train acc: 0.9504833333333333. 

09-15 00:51 DEBUG    PDM_KL log: {(10, 0.5, 10): {'shapes': [(784, 700), (700,), (700, 10), (10,)], 'train_accuracy': 0.9504833333333333, 'test_accuracy': 0.9521}} 
09-15 01:40 DEBUG    ****** PDM_KL matching ******** 
09-15 01:40 DEBUG    Best Sigma0: 10. Best sigma: 0.5 Best gamma: 10. Best Test accuracy: 0.9517. Train acc: 0.95025. 

09-15 01:40 DEBUG    PDM_KL log: {(10, 0.5, 10): {'shapes': [(784, 700), (700,), (700, 10), (10,)], 'train_accuracy': 0.95025, 'test_accuracy': 0.9517}} 
09-15 02:26 DEBUG    ****** PDM_KL matching ******** 
09-15 02:26 DEBUG    Best Sigma0: 10. Best sigma: 0.5 Best gamma: 10. Best Test accuracy: 0.9515. Train acc: 0.9498833333333333. 

09-15 02:26 DEBUG    PDM_KL log: {(10, 0.5, 10): {'shapes': [(784, 700), (700,), (700, 10), (10,)], 'train_accuracy': 0.9498833333333333, 'test_accuracy': 0.9515}} 
09-15 03:09 DEBUG    ****** PDM_KL matching ******** 
09-15 03:09 DEBUG    Best Sigma0: 10. Best sigma: 0.5 Best gamma: 10. Best Test accuracy: 0.9514. Train acc: 0.9498. 

09-15 03:09 DEBUG    PDM_KL log: {(10, 0.5, 10): {'shapes': [(784, 700), (700,), (700, 10), (10,)], 'train_accuracy': 0.9498, 'test_accuracy': 0.9514}} 
09-15 03:22 DEBUG    ****** PDM_KL matching ******** 
09-15 03:22 DEBUG    Best Sigma0: 10. Best sigma: 0.5 Best gamma: 10. Best Test accuracy: 0.9083. Train acc: 0.9053666666666667. 

09-15 03:22 DEBUG    PDM_KL log: {(10, 0.5, 10): {'shapes': [(784, 228), (228,), (228, 10), (10,)], 'train_accuracy': 0.9053666666666667, 'test_accuracy': 0.9083}} 
09-15 03:31 DEBUG    ****** PDM_KL matching ******** 
09-15 03:31 DEBUG    Best Sigma0: 10. Best sigma: 0.5 Best gamma: 10. Best Test accuracy: 0.5975. Train acc: 0.6004166666666667. 

09-15 03:31 DEBUG    PDM_KL log: {(10, 0.5, 10): {'shapes': [(784, 143), (143,), (143, 10), (10,)], 'train_accuracy': 0.6004166666666667, 'test_accuracy': 0.5975}} 
09-15 03:35 DEBUG    ****** PDM_KL matching ******** 
09-15 03:35 DEBUG    Best Sigma0: 10. Best sigma: 0.5 Best gamma: 10. Best Test accuracy: 0.0892. Train acc: 0.09035. 

09-15 03:35 DEBUG    PDM_KL log: {(10, 0.5, 10): {'shapes': [(784, 100), (100,), (100, 10), (10,)], 'train_accuracy': 0.09035, 'test_accuracy': 0.0892}} 
09-15 03:38 DEBUG    ****** PDM_KL matching ******** 
09-15 03:38 DEBUG    Best Sigma0: 10. Best sigma: 0.5 Best gamma: 10. Best Test accuracy: 0.0892. Train acc: 0.09035. 

09-15 03:38 DEBUG    PDM_KL log: {(10, 0.5, 10): {'shapes': [(784, 100), (100,), (100, 10), (10,)], 'train_accuracy': 0.09035, 'test_accuracy': 0.0892}} 
09-15 03:38 DEBUG    Trial 0 completed
09-15 03:38 DEBUG    ####################################################################################################
09-15 03:38 DEBUG    ####################################################################################################
09-15 03:38 DEBUG    Executing Trial 1 with seed 1
09-15 03:38 DEBUG    Data statistics: {0: {0: 180, 1: 219, 2: 203, 3: 205, 4: 191, 5: 185, 6: 225, 7: 202, 8: 200, 9: 190}, 1: {0: 177, 1: 240, 2: 180, 3: 228, 4: 207, 5: 159, 6: 198, 7: 208, 8: 200, 9: 203}, 2: {0: 200, 1: 237, 2: 219, 3: 203, 4: 177, 5: 202, 6: 204, 7: 214, 8: 176, 9: 168}, 3: {0: 204, 1: 216, 2: 176, 3: 192, 4: 199, 5: 194, 6: 203, 7: 200, 8: 190, 9: 226}, 4: {0: 191, 1: 238, 2: 200, 3: 201, 4: 208, 5: 176, 6: 183, 7: 230, 8: 194, 9: 179}, 5: {0: 206, 1: 223, 2: 216, 3: 208, 4: 175, 5: 194, 6: 174, 7: 211, 8: 212, 9: 181}, 6: {0: 218, 1: 235, 2: 187, 3: 209, 4: 194, 5: 200, 6: 197, 7: 187, 8: 191, 9: 182}, 7: {0: 191, 1: 216, 2: 218, 3: 198, 4: 193, 5: 217, 6: 182, 7: 208, 8: 189, 9: 188}, 8: {0: 182, 1: 209, 2: 202, 3: 212, 4: 196, 5: 187, 6: 205, 7: 214, 8: 191, 9: 202}, 9: {0: 197, 1: 231, 2: 201, 3: 219, 4: 179, 5: 188, 6: 206, 7: 215, 8: 181, 9: 183}, 10: {0: 221, 1: 216, 2: 209, 3: 186, 4: 197, 5: 184, 6: 194, 7: 181, 8: 209, 9: 203}, 11: {0: 205, 1: 232, 2: 177, 3: 197, 4: 213, 5: 188, 6: 207, 7: 203, 8: 184, 9: 194}, 12: {0: 224, 1: 215, 2: 201, 3: 195, 4: 183, 5: 159, 6: 204, 7: 214, 8: 194, 9: 211}, 13: {0: 189, 1: 205, 2: 208, 3: 194, 4: 192, 5: 182, 6: 195, 7: 219, 8: 198, 9: 218}, 14: {0: 177, 1: 222, 2: 190, 3: 219, 4: 208, 5: 168, 6: 203, 7: 192, 8: 218, 9: 203}, 15: {0: 200, 1: 239, 2: 205, 3: 214, 4: 198, 5: 163, 6: 227, 7: 191, 8: 185, 9: 178}, 16: {0: 179, 1: 222, 2: 209, 3: 208, 4: 203, 5: 176, 6: 202, 7: 208, 8: 189, 9: 204}, 17: {0: 204, 1: 233, 2: 209, 3: 231, 4: 189, 5: 152, 6: 155, 7: 238, 8: 182, 9: 207}, 18: {0: 207, 1: 221, 2: 232, 3: 221, 4: 166, 5: 185, 6: 183, 7: 205, 8: 199, 9: 181}, 19: {0: 194, 1: 258, 2: 193, 3: 198, 4: 198, 5: 163, 6: 186, 7: 221, 8: 197, 9: 192}, 20: {0: 201, 1: 200, 2: 219, 3: 180, 4: 202, 5: 182, 6: 195, 7: 183, 8: 228, 9: 210}, 21: {0: 174, 1: 222, 2: 197, 3: 201, 4: 187, 5: 176, 6: 211, 7: 205, 8: 197, 9: 230}, 22: {0: 212, 1: 208, 2: 183, 3: 183, 4: 205, 5: 183, 6: 198, 7: 227, 8: 202, 9: 199}, 23: {0: 187, 1: 209, 2: 189, 3: 196, 4: 216, 5: 182, 6: 193, 7: 221, 8: 190, 9: 217}, 24: {0: 199, 1: 220, 2: 168, 3: 220, 4: 192, 5: 189, 6: 187, 7: 221, 8: 202, 9: 202}, 25: {0: 205, 1: 212, 2: 204, 3: 203, 4: 203, 5: 178, 6: 205, 7: 201, 8: 186, 9: 203}, 26: {0: 218, 1: 237, 2: 195, 3: 189, 4: 202, 5: 186, 6: 187, 7: 213, 8: 190, 9: 183}, 27: {0: 194, 1: 231, 2: 188, 3: 196, 4: 188, 5: 166, 6: 210, 7: 206, 8: 216, 9: 205}, 28: {0: 187, 1: 248, 2: 187, 3: 206, 4: 194, 5: 178, 6: 196, 7: 230, 8: 177, 9: 197}, 29: {0: 200, 1: 228, 2: 193, 3: 219, 4: 187, 5: 179, 6: 203, 7: 197, 8: 184, 9: 210}}
09-15 03:41 DEBUG    **************************************************
09-15 03:41 DEBUG    Running experiments 

09-15 03:43 DEBUG    Uniform ensemble (Train acc): 0.951650
09-15 03:43 DEBUG    Uniform ensemble (Test acc): 0.950800
09-15 03:44 DEBUG    FedAvg (Train acc): 0.094617
09-15 03:44 DEBUG    FedAvg (Test acc): 0.093000
09-15 04:06 DEBUG    ****** PDM_KL matching ******** 
09-15 04:06 DEBUG    Best Sigma0: 10. Best sigma: 0.5 Best gamma: 10. Best Test accuracy: 0.9498. Train acc: 0.9487166666666667. 

09-15 04:06 DEBUG    PDM_KL log: {(10, 0.5, 10): {'shapes': [(784, 700), (700,), (700, 10), (10,)], 'train_accuracy': 0.9487166666666667, 'test_accuracy': 0.9498}} 
09-15 04:50 DEBUG    ****** PDM_KL matching ******** 
09-15 04:50 DEBUG    Best Sigma0: 10. Best sigma: 0.5 Best gamma: 10. Best Test accuracy: 0.9502. Train acc: 0.9488166666666666. 

09-15 04:50 DEBUG    PDM_KL log: {(10, 0.5, 10): {'shapes': [(784, 700), (700,), (700, 10), (10,)], 'train_accuracy': 0.9488166666666666, 'test_accuracy': 0.9502}} 
09-15 05:29 DEBUG    ****** PDM_KL matching ******** 
09-15 05:29 DEBUG    Best Sigma0: 10. Best sigma: 0.5 Best gamma: 10. Best Test accuracy: 0.951. Train acc: 0.9498833333333333. 

09-15 05:29 DEBUG    PDM_KL log: {(10, 0.5, 10): {'shapes': [(784, 700), (700,), (700, 10), (10,)], 'train_accuracy': 0.9498833333333333, 'test_accuracy': 0.951}} 
09-15 06:01 DEBUG    ****** PDM_KL matching ******** 
09-15 06:01 DEBUG    Best Sigma0: 10. Best sigma: 0.5 Best gamma: 10. Best Test accuracy: 0.9498. Train acc: 0.9490833333333333. 

09-15 06:01 DEBUG    PDM_KL log: {(10, 0.5, 10): {'shapes': [(784, 700), (700,), (700, 10), (10,)], 'train_accuracy': 0.9490833333333333, 'test_accuracy': 0.9498}} 
09-15 06:27 DEBUG    ****** PDM_KL matching ******** 
09-15 06:27 DEBUG    Best Sigma0: 10. Best sigma: 0.5 Best gamma: 10. Best Test accuracy: 0.9496. Train acc: 0.9496. 

09-15 06:27 DEBUG    PDM_KL log: {(10, 0.5, 10): {'shapes': [(784, 700), (700,), (700, 10), (10,)], 'train_accuracy': 0.9496, 'test_accuracy': 0.9496}} 
09-15 06:54 DEBUG    ****** PDM_KL matching ******** 
09-15 06:54 DEBUG    Best Sigma0: 10. Best sigma: 0.5 Best gamma: 10. Best Test accuracy: 0.9493. Train acc: 0.9493166666666667. 

09-15 06:54 DEBUG    PDM_KL log: {(10, 0.5, 10): {'shapes': [(784, 700), (700,), (700, 10), (10,)], 'train_accuracy': 0.9493166666666667, 'test_accuracy': 0.9493}} 
09-15 07:22 DEBUG    ****** PDM_KL matching ******** 
09-15 07:22 DEBUG    Best Sigma0: 10. Best sigma: 0.5 Best gamma: 10. Best Test accuracy: 0.9495. Train acc: 0.9476666666666667. 

09-15 07:22 DEBUG    PDM_KL log: {(10, 0.5, 10): {'shapes': [(784, 700), (700,), (700, 10), (10,)], 'train_accuracy': 0.9476666666666667, 'test_accuracy': 0.9495}} 
09-15 07:30 DEBUG    ****** PDM_KL matching ******** 
09-15 07:30 DEBUG    Best Sigma0: 10. Best sigma: 0.5 Best gamma: 10. Best Test accuracy: 0.8986. Train acc: 0.8951833333333333. 

09-15 07:30 DEBUG    PDM_KL log: {(10, 0.5, 10): {'shapes': [(784, 232), (232,), (232, 10), (10,)], 'train_accuracy': 0.8951833333333333, 'test_accuracy': 0.8986}} 
09-15 07:34 DEBUG    ****** PDM_KL matching ******** 
09-15 07:34 DEBUG    Best Sigma0: 10. Best sigma: 0.5 Best gamma: 10. Best Test accuracy: 0.2389. Train acc: 0.23561666666666667. 

09-15 07:34 DEBUG    PDM_KL log: {(10, 0.5, 10): {'shapes': [(784, 148), (148,), (148, 10), (10,)], 'train_accuracy': 0.23561666666666667, 'test_accuracy': 0.2389}} 
09-15 07:36 DEBUG    ****** PDM_KL matching ******** 
09-15 07:36 DEBUG    Best Sigma0: 10. Best sigma: 0.5 Best gamma: 10. Best Test accuracy: 0.0892. Train acc: 0.09035. 

09-15 07:36 DEBUG    PDM_KL log: {(10, 0.5, 10): {'shapes': [(784, 101), (101,), (101, 10), (10,)], 'train_accuracy': 0.09035, 'test_accuracy': 0.0892}} 
09-15 07:38 DEBUG    ****** PDM_KL matching ******** 
09-15 07:38 DEBUG    Best Sigma0: 10. Best sigma: 0.5 Best gamma: 10. Best Test accuracy: 0.0892. Train acc: 0.09035. 

09-15 07:38 DEBUG    PDM_KL log: {(10, 0.5, 10): {'shapes': [(784, 101), (101,), (101, 10), (10,)], 'train_accuracy': 0.09035, 'test_accuracy': 0.0892}} 
09-15 07:38 DEBUG    Trial 1 completed
09-15 07:38 DEBUG    ####################################################################################################
09-15 07:38 DEBUG    ####################################################################################################
09-15 07:38 DEBUG    Executing Trial 2 with seed 2
09-15 07:38 DEBUG    Data statistics: {0: {0: 223, 1: 221, 2: 185, 3: 210, 4: 194, 5: 204, 6: 199, 7: 204, 8: 192, 9: 168}, 1: {0: 217, 1: 235, 2: 205, 3: 194, 4: 187, 5: 187, 6: 195, 7: 191, 8: 195, 9: 194}, 2: {0: 173, 1: 235, 2: 179, 3: 207, 4: 219, 5: 171, 6: 191, 7: 215, 8: 203, 9: 207}, 3: {0: 200, 1: 234, 2: 190, 3: 231, 4: 186, 5: 160, 6: 211, 7: 174, 8: 206, 9: 208}, 4: {0: 193, 1: 222, 2: 211, 3: 209, 4: 226, 5: 172, 6: 180, 7: 213, 8: 188, 9: 186}, 5: {0: 177, 1: 207, 2: 224, 3: 201, 4: 205, 5: 189, 6: 193, 7: 223, 8: 182, 9: 199}, 6: {0: 207, 1: 233, 2: 198, 3: 208, 4: 176, 5: 173, 6: 201, 7: 202, 8: 196, 9: 206}, 7: {0: 182, 1: 220, 2: 206, 3: 211, 4: 205, 5: 195, 6: 202, 7: 200, 8: 171, 9: 208}, 8: {0: 206, 1: 216, 2: 216, 3: 218, 4: 191, 5: 195, 6: 203, 7: 216, 8: 180, 9: 159}, 9: {0: 207, 1: 229, 2: 196, 3: 187, 4: 185, 5: 187, 6: 198, 7: 209, 8: 187, 9: 215}, 10: {0: 199, 1: 218, 2: 216, 3: 193, 4: 196, 5: 178, 6: 187, 7: 208, 8: 199, 9: 206}, 11: {0: 166, 1: 228, 2: 165, 3: 195, 4: 206, 5: 181, 6: 226, 7: 220, 8: 220, 9: 193}, 12: {0: 201, 1: 202, 2: 197, 3: 209, 4: 197, 5: 168, 6: 213, 7: 202, 8: 209, 9: 202}, 13: {0: 198, 1: 203, 2: 214, 3: 203, 4: 200, 5: 182, 6: 202, 7: 203, 8: 190, 9: 205}, 14: {0: 170, 1: 218, 2: 201, 3: 234, 4: 196, 5: 200, 6: 202, 7: 203, 8: 185, 9: 191}, 15: {0: 217, 1: 220, 2: 198, 3: 226, 4: 178, 5: 186, 6: 187, 7: 223, 8: 194, 9: 171}, 16: {0: 176, 1: 232, 2: 221, 3: 178, 4: 191, 5: 175, 6: 193, 7: 227, 8: 206, 9: 201}, 17: {0: 194, 1: 243, 2: 182, 3: 209, 4: 194, 5: 185, 6: 196, 7: 207, 8: 193, 9: 197}, 18: {0: 207, 1: 241, 2: 202, 3: 188, 4: 193, 5: 178, 6: 181, 7: 205, 8: 205, 9: 200}, 19: {0: 199, 1: 211, 2: 209, 3: 196, 4: 201, 5: 186, 6: 180, 7: 220, 8: 184, 9: 214}, 20: {0: 212, 1: 238, 2: 197, 3: 175, 4: 179, 5: 177, 6: 211, 7: 208, 8: 201, 9: 202}, 21: {0: 209, 1: 210, 2: 178, 3: 210, 4: 221, 5: 172, 6: 183, 7: 222, 8: 196, 9: 199}, 22: {0: 205, 1: 234, 2: 202, 3: 238, 4: 176, 5: 172, 6: 196, 7: 216, 8: 153, 9: 208}, 23: {0: 197, 1: 247, 2: 199, 3: 189, 4: 190, 5: 186, 6: 172, 7: 222, 8: 206, 9: 192}, 24: {0: 213, 1: 218, 2: 196, 3: 167, 4: 199, 5: 171, 6: 199, 7: 205, 8: 206, 9: 226}, 25: {0: 194, 1: 216, 2: 204, 3: 208, 4: 185, 5: 180, 6: 213, 7: 203, 8: 204, 9: 193}, 26: {0: 233, 1: 238, 2: 187, 3: 199, 4: 197, 5: 174, 6: 183, 7: 224, 8: 170, 9: 195}, 27: {0: 187, 1: 228, 2: 184, 3: 196, 4: 208, 5: 183, 6: 214, 7: 198, 8: 201, 9: 201}, 28: {0: 177, 1: 219, 2: 179, 3: 234, 4: 177, 5: 178, 6: 214, 7: 206, 8: 228, 9: 188}, 29: {0: 184, 1: 226, 2: 217, 3: 208, 4: 184, 5: 176, 6: 193, 7: 196, 8: 201, 9: 215}}
09-15 07:40 DEBUG    **************************************************
09-15 07:40 DEBUG    Running experiments 

09-15 07:41 DEBUG    Uniform ensemble (Train acc): 0.952083
09-15 07:41 DEBUG    Uniform ensemble (Test acc): 0.952700
09-15 07:41 DEBUG    FedAvg (Train acc): 0.129250
09-15 07:41 DEBUG    FedAvg (Test acc): 0.130200
09-15 07:58 DEBUG    ****** PDM_KL matching ******** 
09-15 07:58 DEBUG    Best Sigma0: 10. Best sigma: 0.5 Best gamma: 10. Best Test accuracy: 0.9485. Train acc: 0.9469833333333333. 

09-15 07:58 DEBUG    PDM_KL log: {(10, 0.5, 10): {'shapes': [(784, 700), (700,), (700, 10), (10,)], 'train_accuracy': 0.9469833333333333, 'test_accuracy': 0.9485}} 
09-15 08:26 DEBUG    ****** PDM_KL matching ******** 
09-15 08:26 DEBUG    Best Sigma0: 10. Best sigma: 0.5 Best gamma: 10. Best Test accuracy: 0.9475. Train acc: 0.9479833333333333. 

09-15 08:26 DEBUG    PDM_KL log: {(10, 0.5, 10): {'shapes': [(784, 700), (700,), (700, 10), (10,)], 'train_accuracy': 0.9479833333333333, 'test_accuracy': 0.9475}} 
09-15 08:56 DEBUG    ****** PDM_KL matching ******** 
09-15 08:56 DEBUG    Best Sigma0: 10. Best sigma: 0.5 Best gamma: 10. Best Test accuracy: 0.9478. Train acc: 0.9475833333333333. 

09-15 08:56 DEBUG    PDM_KL log: {(10, 0.5, 10): {'shapes': [(784, 700), (700,), (700, 10), (10,)], 'train_accuracy': 0.9475833333333333, 'test_accuracy': 0.9478}} 
09-15 09:19 DEBUG    ****** PDM_KL matching ******** 
09-15 09:19 DEBUG    Best Sigma0: 10. Best sigma: 0.5 Best gamma: 10. Best Test accuracy: 0.9467. Train acc: 0.9464. 

09-15 09:19 DEBUG    PDM_KL log: {(10, 0.5, 10): {'shapes': [(784, 700), (700,), (700, 10), (10,)], 'train_accuracy': 0.9464, 'test_accuracy': 0.9467}} 
09-15 09:42 DEBUG    ****** PDM_KL matching ******** 
09-15 09:42 DEBUG    Best Sigma0: 10. Best sigma: 0.5 Best gamma: 10. Best Test accuracy: 0.9488. Train acc: 0.9476. 

09-15 09:42 DEBUG    PDM_KL log: {(10, 0.5, 10): {'shapes': [(784, 700), (700,), (700, 10), (10,)], 'train_accuracy': 0.9476, 'test_accuracy': 0.9488}} 
09-15 10:10 DEBUG    ****** PDM_KL matching ******** 
09-15 10:10 DEBUG    Best Sigma0: 10. Best sigma: 0.5 Best gamma: 10. Best Test accuracy: 0.9491. Train acc: 0.9473833333333334. 

09-15 10:10 DEBUG    PDM_KL log: {(10, 0.5, 10): {'shapes': [(784, 700), (700,), (700, 10), (10,)], 'train_accuracy': 0.9473833333333334, 'test_accuracy': 0.9491}} 
09-15 10:39 DEBUG    ****** PDM_KL matching ******** 
09-15 10:39 DEBUG    Best Sigma0: 10. Best sigma: 0.5 Best gamma: 10. Best Test accuracy: 0.9473. Train acc: 0.9459666666666666. 

09-15 10:39 DEBUG    PDM_KL log: {(10, 0.5, 10): {'shapes': [(784, 700), (700,), (700, 10), (10,)], 'train_accuracy': 0.9459666666666666, 'test_accuracy': 0.9473}} 
09-15 10:47 DEBUG    ****** PDM_KL matching ******** 
09-15 10:47 DEBUG    Best Sigma0: 10. Best sigma: 0.5 Best gamma: 10. Best Test accuracy: 0.9129. Train acc: 0.9119666666666667. 

09-15 10:47 DEBUG    PDM_KL log: {(10, 0.5, 10): {'shapes': [(784, 229), (229,), (229, 10), (10,)], 'train_accuracy': 0.9119666666666667, 'test_accuracy': 0.9129}} 
09-15 10:52 DEBUG    ****** PDM_KL matching ******** 
09-15 10:52 DEBUG    Best Sigma0: 10. Best sigma: 0.5 Best gamma: 10. Best Test accuracy: 0.2161. Train acc: 0.21158333333333335. 

09-15 10:52 DEBUG    PDM_KL log: {(10, 0.5, 10): {'shapes': [(784, 150), (150,), (150, 10), (10,)], 'train_accuracy': 0.21158333333333335, 'test_accuracy': 0.2161}} 
09-15 10:55 DEBUG    ****** PDM_KL matching ******** 
09-15 10:55 DEBUG    Best Sigma0: 10. Best sigma: 0.5 Best gamma: 10. Best Test accuracy: 0.0892. Train acc: 0.09035. 

09-15 10:55 DEBUG    PDM_KL log: {(10, 0.5, 10): {'shapes': [(784, 101), (101,), (101, 10), (10,)], 'train_accuracy': 0.09035, 'test_accuracy': 0.0892}} 
09-15 10:57 DEBUG    ****** PDM_KL matching ******** 
09-15 10:57 DEBUG    Best Sigma0: 10. Best sigma: 0.5 Best gamma: 10. Best Test accuracy: 0.0892. Train acc: 0.09035. 

09-15 10:57 DEBUG    PDM_KL log: {(10, 0.5, 10): {'shapes': [(784, 101), (101,), (101, 10), (10,)], 'train_accuracy': 0.09035, 'test_accuracy': 0.0892}} 
09-15 10:57 DEBUG    Trial 2 completed
09-15 10:57 DEBUG    ####################################################################################################
09-15 10:57 DEBUG    ####################################################################################################
09-15 10:57 DEBUG    Executing Trial 3 with seed 3
09-15 10:57 DEBUG    Data statistics: {0: {0: 183, 1: 245, 2: 214, 3: 200, 4: 179, 5: 180, 6: 195, 7: 216, 8: 207, 9: 181}, 1: {0: 190, 1: 234, 2: 209, 3: 194, 4: 196, 5: 175, 6: 179, 7: 231, 8: 196, 9: 196}, 2: {0: 205, 1: 247, 2: 188, 3: 212, 4: 196, 5: 180, 6: 188, 7: 199, 8: 191, 9: 194}, 3: {0: 220, 1: 221, 2: 191, 3: 191, 4: 182, 5: 189, 6: 203, 7: 226, 8: 179, 9: 198}, 4: {0: 204, 1: 204, 2: 195, 3: 205, 4: 199, 5: 171, 6: 187, 7: 216, 8: 209, 9: 210}, 5: {0: 176, 1: 231, 2: 204, 3: 197, 4: 205, 5: 209, 6: 206, 7: 197, 8: 185, 9: 190}, 6: {0: 210, 1: 217, 2: 202, 3: 203, 4: 211, 5: 183, 6: 184, 7: 204, 8: 191, 9: 195}, 7: {0: 181, 1: 223, 2: 185, 3: 221, 4: 201, 5: 161, 6: 193, 7: 214, 8: 209, 9: 212}, 8: {0: 166, 1: 231, 2: 207, 3: 204, 4: 183, 5: 186, 6: 187, 7: 226, 8: 212, 9: 198}, 9: {0: 182, 1: 236, 2: 209, 3: 199, 4: 214, 5: 189, 6: 196, 7: 195, 8: 179, 9: 201}, 10: {0: 208, 1: 215, 2: 206, 3: 219, 4: 207, 5: 161, 6: 194, 7: 181, 8: 205, 9: 204}, 11: {0: 184, 1: 218, 2: 200, 3: 227, 4: 174, 5: 173, 6: 189, 7: 201, 8: 216, 9: 218}, 12: {0: 187, 1: 219, 2: 181, 3: 208, 4: 204, 5: 205, 6: 206, 7: 200, 8: 193, 9: 197}, 13: {0: 189, 1: 234, 2: 199, 3: 210, 4: 188, 5: 166, 6: 209, 7: 200, 8: 204, 9: 201}, 14: {0: 198, 1: 224, 2: 191, 3: 218, 4: 208, 5: 168, 6: 193, 7: 223, 8: 182, 9: 195}, 15: {0: 203, 1: 222, 2: 215, 3: 236, 4: 182, 5: 159, 6: 192, 7: 190, 8: 186, 9: 215}, 16: {0: 177, 1: 226, 2: 206, 3: 191, 4: 200, 5: 189, 6: 214, 7: 195, 8: 174, 9: 228}, 17: {0: 205, 1: 234, 2: 198, 3: 204, 4: 205, 5: 176, 6: 185, 7: 214, 8: 193, 9: 186}, 18: {0: 219, 1: 233, 2: 207, 3: 205, 4: 161, 5: 193, 6: 204, 7: 202, 8: 185, 9: 191}, 19: {0: 213, 1: 223, 2: 181, 3: 205, 4: 192, 5: 193, 6: 218, 7: 203, 8: 186, 9: 186}, 20: {0: 194, 1: 237, 2: 194, 3: 185, 4: 215, 5: 177, 6: 183, 7: 213, 8: 217, 9: 185}, 21: {0: 212, 1: 211, 2: 205, 3: 199, 4: 176, 5: 155, 6: 204, 7: 231, 8: 202, 9: 205}, 22: {0: 192, 1: 235, 2: 184, 3: 203, 4: 185, 5: 176, 6: 189, 7: 230, 8: 210, 9: 196}, 23: {0: 209, 1: 217, 2: 203, 3: 188, 4: 189, 5: 190, 6: 207, 7: 199, 8: 203, 9: 195}, 24: {0: 209, 1: 233, 2: 185, 3: 210, 4: 183, 5: 170, 6: 192, 7: 206, 8: 211, 9: 201}, 25: {0: 195, 1: 227, 2: 214, 3: 196, 4: 219, 5: 178, 6: 190, 7: 211, 8: 174, 9: 196}, 26: {0: 220, 1: 229, 2: 190, 3: 214, 4: 165, 5: 222, 6: 193, 7: 201, 8: 178, 9: 188}, 27: {0: 199, 1: 203, 2: 191, 3: 205, 4: 223, 5: 175, 6: 213, 7: 209, 8: 187, 9: 195}, 28: {0: 193, 1: 195, 2: 200, 3: 177, 4: 200, 5: 192, 6: 224, 7: 222, 8: 203, 9: 194}, 29: {0: 200, 1: 218, 2: 204, 3: 205, 4: 200, 5: 180, 6: 201, 7: 210, 8: 184, 9: 198}}
09-15 10:59 DEBUG    **************************************************
09-15 10:59 DEBUG    Running experiments 

09-15 11:00 DEBUG    Uniform ensemble (Train acc): 0.951717
09-15 11:00 DEBUG    Uniform ensemble (Test acc): 0.951500
09-15 11:01 DEBUG    FedAvg (Train acc): 0.114650
09-15 11:01 DEBUG    FedAvg (Test acc): 0.113700
09-15 11:20 DEBUG    ****** PDM_KL matching ******** 
09-15 11:20 DEBUG    Best Sigma0: 10. Best sigma: 0.5 Best gamma: 10. Best Test accuracy: 0.9517. Train acc: 0.9503166666666667. 

09-15 11:20 DEBUG    PDM_KL log: {(10, 0.5, 10): {'shapes': [(784, 700), (700,), (700, 10), (10,)], 'train_accuracy': 0.9503166666666667, 'test_accuracy': 0.9517}} 
09-15 11:56 DEBUG    ****** PDM_KL matching ******** 
09-15 11:56 DEBUG    Best Sigma0: 10. Best sigma: 0.5 Best gamma: 10. Best Test accuracy: 0.9518. Train acc: 0.9504166666666667. 

09-15 11:56 DEBUG    PDM_KL log: {(10, 0.5, 10): {'shapes': [(784, 700), (700,), (700, 10), (10,)], 'train_accuracy': 0.9504166666666667, 'test_accuracy': 0.9518}} 
09-15 12:25 DEBUG    ****** PDM_KL matching ******** 
09-15 12:25 DEBUG    Best Sigma0: 10. Best sigma: 0.5 Best gamma: 10. Best Test accuracy: 0.9519. Train acc: 0.95065. 

09-15 12:25 DEBUG    PDM_KL log: {(10, 0.5, 10): {'shapes': [(784, 700), (700,), (700, 10), (10,)], 'train_accuracy': 0.95065, 'test_accuracy': 0.9519}} 
09-15 13:01 DEBUG    ****** PDM_KL matching ******** 
09-15 13:01 DEBUG    Best Sigma0: 10. Best sigma: 0.5 Best gamma: 10. Best Test accuracy: 0.9495. Train acc: 0.94985. 

09-15 13:01 DEBUG    PDM_KL log: {(10, 0.5, 10): {'shapes': [(784, 700), (700,), (700, 10), (10,)], 'train_accuracy': 0.94985, 'test_accuracy': 0.9495}} 
09-15 13:37 DEBUG    ****** PDM_KL matching ******** 
09-15 13:37 DEBUG    Best Sigma0: 10. Best sigma: 0.5 Best gamma: 10. Best Test accuracy: 0.9521. Train acc: 0.9504166666666667. 

09-15 13:37 DEBUG    PDM_KL log: {(10, 0.5, 10): {'shapes': [(784, 700), (700,), (700, 10), (10,)], 'train_accuracy': 0.9504166666666667, 'test_accuracy': 0.9521}} 
09-15 14:09 DEBUG    ****** PDM_KL matching ******** 
09-15 14:09 DEBUG    Best Sigma0: 10. Best sigma: 0.5 Best gamma: 10. Best Test accuracy: 0.9516. Train acc: 0.9508166666666666. 

09-15 14:09 DEBUG    PDM_KL log: {(10, 0.5, 10): {'shapes': [(784, 700), (700,), (700, 10), (10,)], 'train_accuracy': 0.9508166666666666, 'test_accuracy': 0.9516}} 
09-15 14:39 DEBUG    ****** PDM_KL matching ******** 
09-15 14:39 DEBUG    Best Sigma0: 10. Best sigma: 0.5 Best gamma: 10. Best Test accuracy: 0.9494. Train acc: 0.9477666666666666. 

09-15 14:39 DEBUG    PDM_KL log: {(10, 0.5, 10): {'shapes': [(784, 700), (700,), (700, 10), (10,)], 'train_accuracy': 0.9477666666666666, 'test_accuracy': 0.9494}} 
09-15 14:46 DEBUG    ****** PDM_KL matching ******** 
09-15 14:46 DEBUG    Best Sigma0: 10. Best sigma: 0.5 Best gamma: 10. Best Test accuracy: 0.876. Train acc: 0.8761666666666666. 

09-15 14:46 DEBUG    PDM_KL log: {(10, 0.5, 10): {'shapes': [(784, 230), (230,), (230, 10), (10,)], 'train_accuracy': 0.8761666666666666, 'test_accuracy': 0.876}} 
09-15 14:49 DEBUG    ****** PDM_KL matching ******** 
09-15 14:49 DEBUG    Best Sigma0: 10. Best sigma: 0.5 Best gamma: 10. Best Test accuracy: 0.4901. Train acc: 0.48165. 

09-15 14:49 DEBUG    PDM_KL log: {(10, 0.5, 10): {'shapes': [(784, 147), (147,), (147, 10), (10,)], 'train_accuracy': 0.48165, 'test_accuracy': 0.4901}} 
09-15 14:51 DEBUG    ****** PDM_KL matching ******** 
09-15 14:51 DEBUG    Best Sigma0: 10. Best sigma: 0.5 Best gamma: 10. Best Test accuracy: 0.0892. Train acc: 0.09035. 

09-15 14:51 DEBUG    PDM_KL log: {(10, 0.5, 10): {'shapes': [(784, 100), (100,), (100, 10), (10,)], 'train_accuracy': 0.09035, 'test_accuracy': 0.0892}} 
09-15 14:53 DEBUG    ****** PDM_KL matching ******** 
09-15 14:53 DEBUG    Best Sigma0: 10. Best sigma: 0.5 Best gamma: 10. Best Test accuracy: 0.0892. Train acc: 0.09035. 

09-15 14:53 DEBUG    PDM_KL log: {(10, 0.5, 10): {'shapes': [(784, 101), (101,), (101, 10), (10,)], 'train_accuracy': 0.09035, 'test_accuracy': 0.0892}} 
09-15 14:53 DEBUG    Trial 3 completed
09-15 14:53 DEBUG    ####################################################################################################
09-15 14:53 DEBUG    ####################################################################################################
09-15 14:53 DEBUG    Executing Trial 4 with seed 4
09-15 14:53 DEBUG    Data statistics: {0: {0: 197, 1: 214, 2: 219, 3: 221, 4: 193, 5: 154, 6: 191, 7: 216, 8: 189, 9: 206}, 1: {0: 183, 1: 234, 2: 214, 3: 196, 4: 184, 5: 183, 6: 210, 7: 210, 8: 190, 9: 196}, 2: {0: 200, 1: 246, 2: 191, 3: 197, 4: 183, 5: 186, 6: 204, 7: 199, 8: 202, 9: 192}, 3: {0: 232, 1: 214, 2: 183, 3: 197, 4: 201, 5: 172, 6: 182, 7: 224, 8: 207, 9: 188}, 4: {0: 177, 1: 202, 2: 212, 3: 215, 4: 195, 5: 206, 6: 188, 7: 220, 8: 188, 9: 197}, 5: {0: 208, 1: 232, 2: 226, 3: 199, 4: 170, 5: 187, 6: 197, 7: 211, 8: 192, 9: 178}, 6: {0: 193, 1: 226, 2: 204, 3: 199, 4: 194, 5: 179, 6: 211, 7: 195, 8: 209, 9: 190}, 7: {0: 188, 1: 227, 2: 184, 3: 212, 4: 210, 5: 181, 6: 200, 7: 201, 8: 183, 9: 214}, 8: {0: 176, 1: 244, 2: 211, 3: 186, 4: 184, 5: 181, 6: 191, 7: 210, 8: 228, 9: 189}, 9: {0: 195, 1: 217, 2: 173, 3: 211, 4: 219, 5: 169, 6: 194, 7: 210, 8: 186, 9: 226}, 10: {0: 179, 1: 219, 2: 197, 3: 207, 4: 204, 5: 184, 6: 197, 7: 198, 8: 192, 9: 223}, 11: {0: 220, 1: 223, 2: 180, 3: 205, 4: 203, 5: 192, 6: 201, 7: 195, 8: 182, 9: 199}, 12: {0: 196, 1: 228, 2: 199, 3: 192, 4: 181, 5: 190, 6: 209, 7: 228, 8: 161, 9: 216}, 13: {0: 188, 1: 233, 2: 203, 3: 236, 4: 191, 5: 191, 6: 216, 7: 185, 8: 181, 9: 176}, 14: {0: 195, 1: 245, 2: 196, 3: 224, 4: 208, 5: 166, 6: 216, 7: 203, 8: 165, 9: 182}, 15: {0: 222, 1: 201, 2: 204, 3: 206, 4: 199, 5: 200, 6: 193, 7: 172, 8: 212, 9: 191}, 16: {0: 182, 1: 239, 2: 199, 3: 220, 4: 210, 5: 156, 6: 217, 7: 210, 8: 188, 9: 179}, 17: {0: 227, 1: 218, 2: 181, 3: 191, 4: 194, 5: 170, 6: 173, 7: 227, 8: 204, 9: 215}, 18: {0: 170, 1: 225, 2: 206, 3: 211, 4: 182, 5: 185, 6: 211, 7: 227, 8: 187, 9: 196}, 19: {0: 194, 1: 229, 2: 198, 3: 195, 4: 211, 5: 192, 6: 177, 7: 222, 8: 181, 9: 201}, 20: {0: 212, 1: 232, 2: 191, 3: 195, 4: 180, 5: 158, 6: 201, 7: 229, 8: 191, 9: 211}, 21: {0: 184, 1: 228, 2: 221, 3: 202, 4: 197, 5: 179, 6: 179, 7: 219, 8: 220, 9: 171}, 22: {0: 202, 1: 203, 2: 190, 3: 215, 4: 210, 5: 175, 6: 190, 7: 194, 8: 223, 9: 198}, 23: {0: 228, 1: 232, 2: 213, 3: 183, 4: 180, 5: 174, 6: 205, 7: 197, 8: 193, 9: 195}, 24: {0: 188, 1: 222, 2: 190, 3: 198, 4: 198, 5: 171, 6: 185, 7: 206, 8: 224, 9: 218}, 25: {0: 191, 1: 255, 2: 204, 3: 199, 4: 196, 5: 191, 6: 185, 7: 205, 8: 175, 9: 199}, 26: {0: 198, 1: 213, 2: 207, 3: 192, 4: 187, 5: 188, 6: 179, 7: 230, 8: 194, 9: 212}, 27: {0: 201, 1: 202, 2: 198, 3: 216, 4: 188, 5: 174, 6: 223, 7: 203, 8: 197, 9: 198}, 28: {0: 187, 1: 216, 2: 181, 3: 207, 4: 204, 5: 196, 6: 204, 7: 209, 8: 212, 9: 184}, 29: {0: 210, 1: 223, 2: 183, 3: 204, 4: 186, 5: 191, 6: 189, 7: 210, 8: 195, 9: 209}}
09-15 14:55 DEBUG    **************************************************
09-15 14:55 DEBUG    Running experiments 

09-15 14:56 DEBUG    Uniform ensemble (Train acc): 0.952267
09-15 14:56 DEBUG    Uniform ensemble (Test acc): 0.952600
09-15 14:56 DEBUG    FedAvg (Train acc): 0.125217
09-15 14:56 DEBUG    FedAvg (Test acc): 0.124400
09-15 15:12 DEBUG    ****** PDM_KL matching ******** 
09-15 15:12 DEBUG    Best Sigma0: 10. Best sigma: 0.5 Best gamma: 10. Best Test accuracy: 0.95. Train acc: 0.9494166666666667. 

09-15 15:12 DEBUG    PDM_KL log: {(10, 0.5, 10): {'shapes': [(784, 700), (700,), (700, 10), (10,)], 'train_accuracy': 0.9494166666666667, 'test_accuracy': 0.95}} 
09-15 15:39 DEBUG    ****** PDM_KL matching ******** 
09-15 15:39 DEBUG    Best Sigma0: 10. Best sigma: 0.5 Best gamma: 10. Best Test accuracy: 0.9529. Train acc: 0.9509166666666666. 

09-15 15:39 DEBUG    PDM_KL log: {(10, 0.5, 10): {'shapes': [(784, 700), (700,), (700, 10), (10,)], 'train_accuracy': 0.9509166666666666, 'test_accuracy': 0.9529}} 
09-15 16:10 DEBUG    ****** PDM_KL matching ******** 
09-15 16:10 DEBUG    Best Sigma0: 10. Best sigma: 0.5 Best gamma: 10. Best Test accuracy: 0.9501. Train acc: 0.9493833333333334. 

09-15 16:10 DEBUG    PDM_KL log: {(10, 0.5, 10): {'shapes': [(784, 700), (700,), (700, 10), (10,)], 'train_accuracy': 0.9493833333333334, 'test_accuracy': 0.9501}} 
09-15 16:39 DEBUG    ****** PDM_KL matching ******** 
09-15 16:39 DEBUG    Best Sigma0: 10. Best sigma: 0.5 Best gamma: 10. Best Test accuracy: 0.9518. Train acc: 0.9497833333333333. 

09-15 16:39 DEBUG    PDM_KL log: {(10, 0.5, 10): {'shapes': [(784, 700), (700,), (700, 10), (10,)], 'train_accuracy': 0.9497833333333333, 'test_accuracy': 0.9518}} 
09-15 17:04 DEBUG    ****** PDM_KL matching ******** 
09-15 17:04 DEBUG    Best Sigma0: 10. Best sigma: 0.5 Best gamma: 10. Best Test accuracy: 0.9503. Train acc: 0.9498333333333333. 

09-15 17:04 DEBUG    PDM_KL log: {(10, 0.5, 10): {'shapes': [(784, 700), (700,), (700, 10), (10,)], 'train_accuracy': 0.9498333333333333, 'test_accuracy': 0.9503}} 
09-15 17:34 DEBUG    ****** PDM_KL matching ******** 
09-15 17:34 DEBUG    Best Sigma0: 10. Best sigma: 0.5 Best gamma: 10. Best Test accuracy: 0.9508. Train acc: 0.9499. 

09-15 17:34 DEBUG    PDM_KL log: {(10, 0.5, 10): {'shapes': [(784, 700), (700,), (700, 10), (10,)], 'train_accuracy': 0.9499, 'test_accuracy': 0.9508}} 
09-15 18:05 DEBUG    ****** PDM_KL matching ******** 
09-15 18:05 DEBUG    Best Sigma0: 10. Best sigma: 0.5 Best gamma: 10. Best Test accuracy: 0.9508. Train acc: 0.9500166666666666. 

09-15 18:05 DEBUG    PDM_KL log: {(10, 0.5, 10): {'shapes': [(784, 700), (700,), (700, 10), (10,)], 'train_accuracy': 0.9500166666666666, 'test_accuracy': 0.9508}} 
09-15 18:12 DEBUG    ****** PDM_KL matching ******** 
09-15 18:12 DEBUG    Best Sigma0: 10. Best sigma: 0.5 Best gamma: 10. Best Test accuracy: 0.8538. Train acc: 0.8483333333333334. 

09-15 18:12 DEBUG    PDM_KL log: {(10, 0.5, 10): {'shapes': [(784, 229), (229,), (229, 10), (10,)], 'train_accuracy': 0.8483333333333334, 'test_accuracy': 0.8538}} 
09-15 18:16 DEBUG    ****** PDM_KL matching ******** 
09-15 18:16 DEBUG    Best Sigma0: 10. Best sigma: 0.5 Best gamma: 10. Best Test accuracy: 0.4527. Train acc: 0.4447. 

09-15 18:16 DEBUG    PDM_KL log: {(10, 0.5, 10): {'shapes': [(784, 147), (147,), (147, 10), (10,)], 'train_accuracy': 0.4447, 'test_accuracy': 0.4527}} 
09-15 18:18 DEBUG    ****** PDM_KL matching ******** 
09-15 18:18 DEBUG    Best Sigma0: 10. Best sigma: 0.5 Best gamma: 10. Best Test accuracy: 0.0892. Train acc: 0.09035. 

09-15 18:18 DEBUG    PDM_KL log: {(10, 0.5, 10): {'shapes': [(784, 100), (100,), (100, 10), (10,)], 'train_accuracy': 0.09035, 'test_accuracy': 0.0892}} 
09-15 18:19 DEBUG    ****** PDM_KL matching ******** 
09-15 18:19 DEBUG    Best Sigma0: 10. Best sigma: 0.5 Best gamma: 10. Best Test accuracy: 0.0892. Train acc: 0.09035. 

09-15 18:19 DEBUG    PDM_KL log: {(10, 0.5, 10): {'shapes': [(784, 101), (101,), (101, 10), (10,)], 'train_accuracy': 0.09035, 'test_accuracy': 0.0892}} 
09-15 18:19 DEBUG    Trial 4 completed
09-15 18:19 DEBUG    ####################################################################################################
09-15 18:19 DEBUG    ####################################################################################################
09-15 18:19 DEBUG    Executing Trial 5 with seed 5
09-15 18:19 DEBUG    Data statistics: {0: {0: 183, 1: 194, 2: 196, 3: 217, 4: 214, 5: 179, 6: 200, 7: 242, 8: 199, 9: 176}, 1: {0: 192, 1: 227, 2: 207, 3: 213, 4: 197, 5: 164, 6: 202, 7: 201, 8: 187, 9: 210}, 2: {0: 190, 1: 227, 2: 176, 3: 206, 4: 193, 5: 166, 6: 209, 7: 217, 8: 216, 9: 200}, 3: {0: 205, 1: 223, 2: 195, 3: 212, 4: 183, 5: 172, 6: 211, 7: 203, 8: 188, 9: 208}, 4: {0: 206, 1: 227, 2: 204, 3: 202, 4: 189, 5: 169, 6: 190, 7: 225, 8: 192, 9: 196}, 5: {0: 222, 1: 225, 2: 193, 3: 199, 4: 199, 5: 164, 6: 193, 7: 212, 8: 200, 9: 193}, 6: {0: 206, 1: 214, 2: 171, 3: 219, 4: 184, 5: 176, 6: 182, 7: 223, 8: 209, 9: 216}, 7: {0: 207, 1: 252, 2: 199, 3: 185, 4: 191, 5: 184, 6: 192, 7: 200, 8: 184, 9: 206}, 8: {0: 190, 1: 233, 2: 194, 3: 185, 4: 198, 5: 186, 6: 202, 7: 198, 8: 200, 9: 214}, 9: {0: 207, 1: 211, 2: 215, 3: 211, 4: 195, 5: 179, 6: 200, 7: 199, 8: 199, 9: 184}, 10: {0: 201, 1: 221, 2: 210, 3: 197, 4: 189, 5: 192, 6: 183, 7: 233, 8: 166, 9: 208}, 11: {0: 218, 1: 220, 2: 183, 3: 199, 4: 190, 5: 192, 6: 198, 7: 202, 8: 187, 9: 211}, 12: {0: 181, 1: 222, 2: 199, 3: 215, 4: 191, 5: 172, 6: 188, 7: 233, 8: 203, 9: 196}, 13: {0: 188, 1: 233, 2: 195, 3: 198, 4: 193, 5: 202, 6: 189, 7: 197, 8: 221, 9: 184}, 14: {0: 210, 1: 229, 2: 198, 3: 218, 4: 177, 5: 174, 6: 188, 7: 196, 8: 213, 9: 197}, 15: {0: 193, 1: 215, 2: 200, 3: 217, 4: 208, 5: 170, 6: 208, 7: 202, 8: 180, 9: 207}, 16: {0: 193, 1: 232, 2: 205, 3: 209, 4: 188, 5: 183, 6: 191, 7: 233, 8: 187, 9: 179}, 17: {0: 193, 1: 225, 2: 211, 3: 203, 4: 179, 5: 199, 6: 189, 7: 212, 8: 192, 9: 197}, 18: {0: 192, 1: 221, 2: 204, 3: 198, 4: 206, 5: 196, 6: 181, 7: 195, 8: 196, 9: 211}, 19: {0: 192, 1: 217, 2: 209, 3: 218, 4: 215, 5: 188, 6: 190, 7: 198, 8: 171, 9: 202}, 20: {0: 195, 1: 226, 2: 194, 3: 191, 4: 207, 5: 196, 6: 193, 7: 199, 8: 198, 9: 201}, 21: {0: 170, 1: 228, 2: 220, 3: 211, 4: 199, 5: 191, 6: 203, 7: 209, 8: 173, 9: 196}, 22: {0: 200, 1: 242, 2: 189, 3: 210, 4: 200, 5: 173, 6: 209, 7: 203, 8: 181, 9: 193}, 23: {0: 202, 1: 208, 2: 203, 3: 195, 4: 192, 5: 171, 6: 214, 7: 212, 8: 203, 9: 200}, 24: {0: 200, 1: 227, 2: 194, 3: 221, 4: 206, 5: 178, 6: 181, 7: 212, 8: 200, 9: 181}, 25: {0: 188, 1: 240, 2: 194, 3: 215, 4: 195, 5: 188, 6: 211, 7: 207, 8: 188, 9: 174}, 26: {0: 215, 1: 216, 2: 203, 3: 192, 4: 181, 5: 193, 6: 218, 7: 192, 8: 183, 9: 207}, 27: {0: 209, 1: 226, 2: 197, 3: 184, 4: 187, 5: 188, 6: 200, 7: 205, 8: 208, 9: 196}, 28: {0: 192, 1: 238, 2: 210, 3: 185, 4: 207, 5: 161, 6: 218, 7: 194, 8: 197, 9: 198}, 29: {0: 183, 1: 223, 2: 190, 3: 206, 4: 189, 5: 175, 6: 185, 7: 211, 8: 230, 9: 208}}
09-15 18:20 DEBUG    **************************************************
09-15 18:20 DEBUG    Running experiments 

09-15 18:21 DEBUG    Uniform ensemble (Train acc): 0.951717
09-15 18:21 DEBUG    Uniform ensemble (Test acc): 0.952900
09-15 18:21 DEBUG    FedAvg (Train acc): 0.130350
09-15 18:21 DEBUG    FedAvg (Test acc): 0.124400
09-15 18:33 DEBUG    ****** PDM_KL matching ******** 
09-15 18:33 DEBUG    Best Sigma0: 10. Best sigma: 0.5 Best gamma: 10. Best Test accuracy: 0.952. Train acc: 0.9498. 

09-15 18:33 DEBUG    PDM_KL log: {(10, 0.5, 10): {'shapes': [(784, 700), (700,), (700, 10), (10,)], 'train_accuracy': 0.9498, 'test_accuracy': 0.952}} 
09-15 18:56 DEBUG    ****** PDM_KL matching ******** 
09-15 18:56 DEBUG    Best Sigma0: 10. Best sigma: 0.5 Best gamma: 10. Best Test accuracy: 0.9521. Train acc: 0.9496. 

09-15 18:56 DEBUG    PDM_KL log: {(10, 0.5, 10): {'shapes': [(784, 700), (700,), (700, 10), (10,)], 'train_accuracy': 0.9496, 'test_accuracy': 0.9521}} 
09-15 19:15 DEBUG    ****** PDM_KL matching ******** 
09-15 19:15 DEBUG    Best Sigma0: 10. Best sigma: 0.5 Best gamma: 10. Best Test accuracy: 0.952. Train acc: 0.9498166666666666. 

09-15 19:15 DEBUG    PDM_KL log: {(10, 0.5, 10): {'shapes': [(784, 700), (700,), (700, 10), (10,)], 'train_accuracy': 0.9498166666666666, 'test_accuracy': 0.952}} 
09-15 19:39 DEBUG    ****** PDM_KL matching ******** 
09-15 19:39 DEBUG    Best Sigma0: 10. Best sigma: 0.5 Best gamma: 10. Best Test accuracy: 0.9503. Train acc: 0.9479166666666666. 

09-15 19:39 DEBUG    PDM_KL log: {(10, 0.5, 10): {'shapes': [(784, 700), (700,), (700, 10), (10,)], 'train_accuracy': 0.9479166666666666, 'test_accuracy': 0.9503}} 
09-15 20:01 DEBUG    ****** PDM_KL matching ******** 
09-15 20:01 DEBUG    Best Sigma0: 10. Best sigma: 0.5 Best gamma: 10. Best Test accuracy: 0.9519. Train acc: 0.9502666666666667. 

09-15 20:01 DEBUG    PDM_KL log: {(10, 0.5, 10): {'shapes': [(784, 700), (700,), (700, 10), (10,)], 'train_accuracy': 0.9502666666666667, 'test_accuracy': 0.9519}} 
09-15 20:24 DEBUG    ****** PDM_KL matching ******** 
09-15 20:24 DEBUG    Best Sigma0: 10. Best sigma: 0.5 Best gamma: 10. Best Test accuracy: 0.9515. Train acc: 0.9496833333333333. 

09-15 20:24 DEBUG    PDM_KL log: {(10, 0.5, 10): {'shapes': [(784, 700), (700,), (700, 10), (10,)], 'train_accuracy': 0.9496833333333333, 'test_accuracy': 0.9515}} 
09-15 20:42 DEBUG    ****** PDM_KL matching ******** 
09-15 20:42 DEBUG    Best Sigma0: 10. Best sigma: 0.5 Best gamma: 10. Best Test accuracy: 0.9503. Train acc: 0.9475333333333333. 

09-15 20:42 DEBUG    PDM_KL log: {(10, 0.5, 10): {'shapes': [(784, 700), (700,), (700, 10), (10,)], 'train_accuracy': 0.9475333333333333, 'test_accuracy': 0.9503}} 
09-15 20:46 DEBUG    ****** PDM_KL matching ******** 
09-15 20:46 DEBUG    Best Sigma0: 10. Best sigma: 0.5 Best gamma: 10. Best Test accuracy: 0.8448. Train acc: 0.84265. 

09-15 20:46 DEBUG    PDM_KL log: {(10, 0.5, 10): {'shapes': [(784, 230), (230,), (230, 10), (10,)], 'train_accuracy': 0.84265, 'test_accuracy': 0.8448}} 
09-15 20:49 DEBUG    ****** PDM_KL matching ******** 
09-15 20:49 DEBUG    Best Sigma0: 10. Best sigma: 0.5 Best gamma: 10. Best Test accuracy: 0.3547. Train acc: 0.35678333333333334. 

09-15 20:49 DEBUG    PDM_KL log: {(10, 0.5, 10): {'shapes': [(784, 149), (149,), (149, 10), (10,)], 'train_accuracy': 0.35678333333333334, 'test_accuracy': 0.3547}} 
09-15 20:51 DEBUG    ****** PDM_KL matching ******** 
09-15 20:51 DEBUG    Best Sigma0: 10. Best sigma: 0.5 Best gamma: 10. Best Test accuracy: 0.0892. Train acc: 0.09035. 

09-15 20:51 DEBUG    PDM_KL log: {(10, 0.5, 10): {'shapes': [(784, 100), (100,), (100, 10), (10,)], 'train_accuracy': 0.09035, 'test_accuracy': 0.0892}} 
09-15 20:52 DEBUG    ****** PDM_KL matching ******** 
09-15 20:52 DEBUG    Best Sigma0: 10. Best sigma: 0.5 Best gamma: 10. Best Test accuracy: 0.0892. Train acc: 0.09035. 

09-15 20:52 DEBUG    PDM_KL log: {(10, 0.5, 10): {'shapes': [(784, 100), (100,), (100, 10), (10,)], 'train_accuracy': 0.09035, 'test_accuracy': 0.0892}} 
09-15 20:52 DEBUG    Trial 5 completed
09-15 20:52 DEBUG    ####################################################################################################
09-15 20:52 DEBUG    ####################################################################################################
09-15 20:52 DEBUG    Executing Trial 6 with seed 6
09-15 20:52 DEBUG    Data statistics: {0: {0: 201, 1: 231, 2: 202, 3: 199, 4: 201, 5: 180, 6: 194, 7: 207, 8: 186, 9: 199}, 1: {0: 184, 1: 223, 2: 168, 3: 220, 4: 215, 5: 179, 6: 232, 7: 201, 8: 182, 9: 196}, 2: {0: 205, 1: 207, 2: 217, 3: 205, 4: 197, 5: 183, 6: 197, 7: 196, 8: 189, 9: 204}, 3: {0: 184, 1: 222, 2: 182, 3: 234, 4: 183, 5: 163, 6: 186, 7: 207, 8: 218, 9: 221}, 4: {0: 184, 1: 274, 2: 228, 3: 173, 4: 194, 5: 192, 6: 185, 7: 210, 8: 198, 9: 162}, 5: {0: 193, 1: 220, 2: 196, 3: 229, 4: 191, 5: 192, 6: 181, 7: 216, 8: 198, 9: 184}, 6: {0: 204, 1: 231, 2: 193, 3: 216, 4: 202, 5: 171, 6: 201, 7: 195, 8: 197, 9: 190}, 7: {0: 206, 1: 236, 2: 194, 3: 198, 4: 177, 5: 167, 6: 194, 7: 208, 8: 204, 9: 216}, 8: {0: 196, 1: 249, 2: 195, 3: 201, 4: 200, 5: 175, 6: 188, 7: 204, 8: 170, 9: 222}, 9: {0: 200, 1: 228, 2: 179, 3: 211, 4: 187, 5: 192, 6: 210, 7: 202, 8: 199, 9: 192}, 10: {0: 186, 1: 219, 2: 182, 3: 192, 4: 194, 5: 197, 6: 202, 7: 225, 8: 208, 9: 195}, 11: {0: 203, 1: 217, 2: 192, 3: 206, 4: 180, 5: 181, 6: 208, 7: 209, 8: 197, 9: 207}, 12: {0: 204, 1: 225, 2: 232, 3: 190, 4: 222, 5: 156, 6: 194, 7: 208, 8: 190, 9: 179}, 13: {0: 192, 1: 238, 2: 195, 3: 211, 4: 200, 5: 163, 6: 200, 7: 228, 8: 181, 9: 192}, 14: {0: 196, 1: 219, 2: 229, 3: 203, 4: 151, 5: 202, 6: 200, 7: 198, 8: 198, 9: 204}, 15: {0: 199, 1: 229, 2: 212, 3: 240, 4: 189, 5: 172, 6: 180, 7: 217, 8: 183, 9: 179}, 16: {0: 177, 1: 248, 2: 198, 3: 214, 4: 191, 5: 196, 6: 192, 7: 198, 8: 192, 9: 194}, 17: {0: 196, 1: 216, 2: 179, 3: 207, 4: 180, 5: 178, 6: 200, 7: 223, 8: 214, 9: 207}, 18: {0: 199, 1: 213, 2: 194, 3: 192, 4: 209, 5: 181, 6: 206, 7: 187, 8: 199, 9: 220}, 19: {0: 198, 1: 224, 2: 188, 3: 196, 4: 199, 5: 184, 6: 204, 7: 204, 8: 201, 9: 202}, 20: {0: 229, 1: 226, 2: 211, 3: 185, 4: 207, 5: 195, 6: 194, 7: 206, 8: 166, 9: 181}, 21: {0: 202, 1: 219, 2: 187, 3: 186, 4: 203, 5: 168, 6: 209, 7: 220, 8: 200, 9: 206}, 22: {0: 206, 1: 219, 2: 209, 3: 197, 4: 188, 5: 172, 6: 210, 7: 229, 8: 174, 9: 196}, 23: {0: 209, 1: 212, 2: 198, 3: 200, 4: 200, 5: 160, 6: 198, 7: 208, 8: 205, 9: 210}, 24: {0: 194, 1: 217, 2: 198, 3: 206, 4: 180, 5: 177, 6: 191, 7: 238, 8: 202, 9: 197}, 25: {0: 194, 1: 208, 2: 197, 3: 212, 4: 219, 5: 171, 6: 203, 7: 214, 8: 182, 9: 200}, 26: {0: 190, 1: 218, 2: 197, 3: 211, 4: 182, 5: 206, 6: 177, 7: 201, 8: 204, 9: 214}, 27: {0: 187, 1: 222, 2: 216, 3: 193, 4: 200, 5: 191, 6: 180, 7: 230, 8: 193, 9: 188}, 28: {0: 209, 1: 213, 2: 209, 3: 200, 4: 205, 5: 184, 6: 226, 7: 171, 8: 207, 9: 176}, 29: {0: 196, 1: 219, 2: 181, 3: 204, 4: 196, 5: 193, 6: 176, 7: 205, 8: 214, 9: 216}}
09-15 20:54 DEBUG    **************************************************
09-15 20:54 DEBUG    Running experiments 

09-15 20:55 DEBUG    Uniform ensemble (Train acc): 0.952350
09-15 20:55 DEBUG    Uniform ensemble (Test acc): 0.953800
09-15 20:55 DEBUG    FedAvg (Train acc): 0.133100
09-15 20:55 DEBUG    FedAvg (Test acc): 0.134900
09-15 21:08 DEBUG    ****** PDM_KL matching ******** 
09-15 21:08 DEBUG    Best Sigma0: 10. Best sigma: 0.5 Best gamma: 10. Best Test accuracy: 0.9507. Train acc: 0.9507333333333333. 

09-15 21:08 DEBUG    PDM_KL log: {(10, 0.5, 10): {'shapes': [(784, 700), (700,), (700, 10), (10,)], 'train_accuracy': 0.9507333333333333, 'test_accuracy': 0.9507}} 
09-15 21:31 DEBUG    ****** PDM_KL matching ******** 
09-15 21:31 DEBUG    Best Sigma0: 10. Best sigma: 0.5 Best gamma: 10. Best Test accuracy: 0.9505. Train acc: 0.9508666666666666. 

09-15 21:31 DEBUG    PDM_KL log: {(10, 0.5, 10): {'shapes': [(784, 700), (700,), (700, 10), (10,)], 'train_accuracy': 0.9508666666666666, 'test_accuracy': 0.9505}} 
09-15 21:55 DEBUG    ****** PDM_KL matching ******** 
09-15 21:55 DEBUG    Best Sigma0: 10. Best sigma: 0.5 Best gamma: 10. Best Test accuracy: 0.9512. Train acc: 0.9504. 

09-15 21:55 DEBUG    PDM_KL log: {(10, 0.5, 10): {'shapes': [(784, 700), (700,), (700, 10), (10,)], 'train_accuracy': 0.9504, 'test_accuracy': 0.9512}} 
09-15 22:18 DEBUG    ****** PDM_KL matching ******** 
09-15 22:18 DEBUG    Best Sigma0: 10. Best sigma: 0.5 Best gamma: 10. Best Test accuracy: 0.952. Train acc: 0.9508166666666666. 

09-15 22:18 DEBUG    PDM_KL log: {(10, 0.5, 10): {'shapes': [(784, 700), (700,), (700, 10), (10,)], 'train_accuracy': 0.9508166666666666, 'test_accuracy': 0.952}} 
09-15 22:33 DEBUG    ****** PDM_KL matching ******** 
09-15 22:33 DEBUG    Best Sigma0: 10. Best sigma: 0.5 Best gamma: 10. Best Test accuracy: 0.9509. Train acc: 0.95. 

09-15 22:33 DEBUG    PDM_KL log: {(10, 0.5, 10): {'shapes': [(784, 700), (700,), (700, 10), (10,)], 'train_accuracy': 0.95, 'test_accuracy': 0.9509}} 
09-15 22:45 DEBUG    ****** PDM_KL matching ******** 
09-15 22:45 DEBUG    Best Sigma0: 10. Best sigma: 0.5 Best gamma: 10. Best Test accuracy: 0.9511. Train acc: 0.9503333333333334. 

09-15 22:45 DEBUG    PDM_KL log: {(10, 0.5, 10): {'shapes': [(784, 700), (700,), (700, 10), (10,)], 'train_accuracy': 0.9503333333333334, 'test_accuracy': 0.9511}} 
09-15 23:00 DEBUG    ****** PDM_KL matching ******** 
09-15 23:00 DEBUG    Best Sigma0: 10. Best sigma: 0.5 Best gamma: 10. Best Test accuracy: 0.9513. Train acc: 0.94925. 

09-15 23:00 DEBUG    PDM_KL log: {(10, 0.5, 10): {'shapes': [(784, 700), (700,), (700, 10), (10,)], 'train_accuracy': 0.94925, 'test_accuracy': 0.9513}} 
09-15 23:03 DEBUG    ****** PDM_KL matching ******** 
09-15 23:03 DEBUG    Best Sigma0: 10. Best sigma: 0.5 Best gamma: 10. Best Test accuracy: 0.9063. Train acc: 0.9049833333333334. 

09-15 23:03 DEBUG    PDM_KL log: {(10, 0.5, 10): {'shapes': [(784, 235), (235,), (235, 10), (10,)], 'train_accuracy': 0.9049833333333334, 'test_accuracy': 0.9063}} 
09-15 23:06 DEBUG    ****** PDM_KL matching ******** 
09-15 23:06 DEBUG    Best Sigma0: 10. Best sigma: 0.5 Best gamma: 10. Best Test accuracy: 0.4207. Train acc: 0.4191666666666667. 

09-15 23:06 DEBUG    PDM_KL log: {(10, 0.5, 10): {'shapes': [(784, 147), (147,), (147, 10), (10,)], 'train_accuracy': 0.4191666666666667, 'test_accuracy': 0.4207}} 
09-15 23:07 DEBUG    ****** PDM_KL matching ******** 
09-15 23:07 DEBUG    Best Sigma0: 10. Best sigma: 0.5 Best gamma: 10. Best Test accuracy: 0.0892. Train acc: 0.09035. 

09-15 23:07 DEBUG    PDM_KL log: {(10, 0.5, 10): {'shapes': [(784, 101), (101,), (101, 10), (10,)], 'train_accuracy': 0.09035, 'test_accuracy': 0.0892}} 
09-15 23:08 DEBUG    ****** PDM_KL matching ******** 
09-15 23:08 DEBUG    Best Sigma0: 10. Best sigma: 0.5 Best gamma: 10. Best Test accuracy: 0.0892. Train acc: 0.09035. 

09-15 23:08 DEBUG    PDM_KL log: {(10, 0.5, 10): {'shapes': [(784, 101), (101,), (101, 10), (10,)], 'train_accuracy': 0.09035, 'test_accuracy': 0.0892}} 
09-15 23:08 DEBUG    Trial 6 completed
09-15 23:08 DEBUG    ####################################################################################################
09-15 23:08 DEBUG    ####################################################################################################
09-15 23:08 DEBUG    Executing Trial 7 with seed 7
09-15 23:08 DEBUG    Data statistics: {0: {0: 181, 1: 230, 2: 192, 3: 208, 4: 203, 5: 195, 6: 224, 7: 192, 8: 179, 9: 196}, 1: {0: 189, 1: 218, 2: 176, 3: 239, 4: 200, 5: 196, 6: 195, 7: 226, 8: 194, 9: 167}, 2: {0: 184, 1: 221, 2: 204, 3: 234, 4: 195, 5: 167, 6: 217, 7: 201, 8: 189, 9: 188}, 3: {0: 185, 1: 235, 2: 191, 3: 189, 4: 203, 5: 186, 6: 181, 7: 230, 8: 198, 9: 202}, 4: {0: 202, 1: 211, 2: 190, 3: 194, 4: 197, 5: 186, 6: 187, 7: 237, 8: 209, 9: 187}, 5: {0: 203, 1: 228, 2: 176, 3: 180, 4: 200, 5: 181, 6: 197, 7: 207, 8: 232, 9: 196}, 6: {0: 227, 1: 213, 2: 194, 3: 213, 4: 187, 5: 166, 6: 198, 7: 205, 8: 192, 9: 205}, 7: {0: 207, 1: 238, 2: 193, 3: 217, 4: 199, 5: 186, 6: 176, 7: 197, 8: 203, 9: 184}, 8: {0: 171, 1: 252, 2: 197, 3: 214, 4: 192, 5: 177, 6: 189, 7: 204, 8: 182, 9: 222}, 9: {0: 193, 1: 244, 2: 220, 3: 202, 4: 190, 5: 205, 6: 198, 7: 183, 8: 171, 9: 194}, 10: {0: 205, 1: 213, 2: 200, 3: 231, 4: 177, 5: 188, 6: 207, 7: 205, 8: 166, 9: 208}, 11: {0: 183, 1: 223, 2: 195, 3: 188, 4: 193, 5: 195, 6: 211, 7: 216, 8: 186, 9: 210}, 12: {0: 209, 1: 231, 2: 210, 3: 208, 4: 204, 5: 171, 6: 195, 7: 196, 8: 201, 9: 175}, 13: {0: 197, 1: 222, 2: 201, 3: 201, 4: 200, 5: 189, 6: 198, 7: 207, 8: 180, 9: 205}, 14: {0: 217, 1: 218, 2: 210, 3: 214, 4: 185, 5: 161, 6: 211, 7: 207, 8: 179, 9: 198}, 15: {0: 189, 1: 207, 2: 176, 3: 197, 4: 206, 5: 205, 6: 199, 7: 230, 8: 202, 9: 189}, 16: {0: 188, 1: 212, 2: 193, 3: 227, 4: 200, 5: 176, 6: 168, 7: 229, 8: 200, 9: 207}, 17: {0: 194, 1: 191, 2: 204, 3: 202, 4: 196, 5: 176, 6: 194, 7: 219, 8: 202, 9: 222}, 18: {0: 188, 1: 241, 2: 193, 3: 205, 4: 179, 5: 177, 6: 187, 7: 215, 8: 198, 9: 217}, 19: {0: 189, 1: 217, 2: 197, 3: 212, 4: 186, 5: 162, 6: 208, 7: 220, 8: 197, 9: 212}, 20: {0: 175, 1: 221, 2: 225, 3: 196, 4: 194, 5: 175, 6: 204, 7: 208, 8: 211, 9: 191}, 21: {0: 215, 1: 226, 2: 213, 3: 201, 4: 186, 5: 177, 6: 209, 7: 181, 8: 198, 9: 194}, 22: {0: 210, 1: 232, 2: 204, 3: 186, 4: 207, 5: 178, 6: 181, 7: 212, 8: 195, 9: 195}, 23: {0: 195, 1: 252, 2: 204, 3: 211, 4: 175, 5: 165, 6: 185, 7: 219, 8: 204, 9: 190}, 24: {0: 200, 1: 226, 2: 190, 3: 177, 4: 202, 5: 179, 6: 231, 7: 197, 8: 186, 9: 212}, 25: {0: 221, 1: 209, 2: 197, 3: 180, 4: 219, 5: 176, 6: 217, 7: 192, 8: 181, 9: 208}, 26: {0: 204, 1: 236, 2: 209, 3: 203, 4: 199, 5: 175, 6: 198, 7: 204, 8: 191, 9: 181}, 27: {0: 189, 1: 230, 2: 206, 3: 205, 4: 170, 5: 193, 6: 172, 7: 228, 8: 213, 9: 194}, 28: {0: 195, 1: 235, 2: 208, 3: 204, 4: 188, 5: 177, 6: 189, 7: 193, 8: 199, 9: 212}, 29: {0: 218, 1: 210, 2: 190, 3: 193, 4: 210, 5: 181, 6: 192, 7: 205, 8: 213, 9: 188}}
09-15 23:09 DEBUG    **************************************************
09-15 23:09 DEBUG    Running experiments 

09-15 23:09 DEBUG    Uniform ensemble (Train acc): 0.952067
09-15 23:09 DEBUG    Uniform ensemble (Test acc): 0.952400
09-15 23:09 DEBUG    FedAvg (Train acc): 0.129150
09-15 23:09 DEBUG    FedAvg (Test acc): 0.131700
09-15 23:17 DEBUG    ****** PDM_KL matching ******** 
09-15 23:17 DEBUG    Best Sigma0: 10. Best sigma: 0.5 Best gamma: 10. Best Test accuracy: 0.9513. Train acc: 0.9512. 

09-15 23:17 DEBUG    PDM_KL log: {(10, 0.5, 10): {'shapes': [(784, 700), (700,), (700, 10), (10,)], 'train_accuracy': 0.9512, 'test_accuracy': 0.9513}} 
09-15 23:32 DEBUG    ****** PDM_KL matching ******** 
09-15 23:32 DEBUG    Best Sigma0: 10. Best sigma: 0.5 Best gamma: 10. Best Test accuracy: 0.9501. Train acc: 0.9508166666666666. 

09-15 23:32 DEBUG    PDM_KL log: {(10, 0.5, 10): {'shapes': [(784, 700), (700,), (700, 10), (10,)], 'train_accuracy': 0.9508166666666666, 'test_accuracy': 0.9501}} 
09-15 23:47 DEBUG    ****** PDM_KL matching ******** 
09-15 23:47 DEBUG    Best Sigma0: 10. Best sigma: 0.5 Best gamma: 10. Best Test accuracy: 0.9493. Train acc: 0.9497166666666667. 

09-15 23:47 DEBUG    PDM_KL log: {(10, 0.5, 10): {'shapes': [(784, 700), (700,), (700, 10), (10,)], 'train_accuracy': 0.9497166666666667, 'test_accuracy': 0.9493}} 
09-15 23:57 DEBUG    ****** PDM_KL matching ******** 
09-15 23:57 DEBUG    Best Sigma0: 10. Best sigma: 0.5 Best gamma: 10. Best Test accuracy: 0.9509. Train acc: 0.95135. 

09-15 23:57 DEBUG    PDM_KL log: {(10, 0.5, 10): {'shapes': [(784, 700), (700,), (700, 10), (10,)], 'train_accuracy': 0.95135, 'test_accuracy': 0.9509}} 
09-16 00:11 DEBUG    ****** PDM_KL matching ******** 
09-16 00:11 DEBUG    Best Sigma0: 10. Best sigma: 0.5 Best gamma: 10. Best Test accuracy: 0.9507. Train acc: 0.9509666666666666. 

09-16 00:11 DEBUG    PDM_KL log: {(10, 0.5, 10): {'shapes': [(784, 700), (700,), (700, 10), (10,)], 'train_accuracy': 0.9509666666666666, 'test_accuracy': 0.9507}} 
09-16 00:26 DEBUG    ****** PDM_KL matching ******** 
09-16 00:26 DEBUG    Best Sigma0: 10. Best sigma: 0.5 Best gamma: 10. Best Test accuracy: 0.9506. Train acc: 0.9513. 

09-16 00:26 DEBUG    PDM_KL log: {(10, 0.5, 10): {'shapes': [(784, 700), (700,), (700, 10), (10,)], 'train_accuracy': 0.9513, 'test_accuracy': 0.9506}} 
09-16 00:41 DEBUG    ****** PDM_KL matching ******** 
09-16 00:41 DEBUG    Best Sigma0: 10. Best sigma: 0.5 Best gamma: 10. Best Test accuracy: 0.9485. Train acc: 0.9489333333333333. 

09-16 00:41 DEBUG    PDM_KL log: {(10, 0.5, 10): {'shapes': [(784, 700), (700,), (700, 10), (10,)], 'train_accuracy': 0.9489333333333333, 'test_accuracy': 0.9485}} 
09-16 00:45 DEBUG    ****** PDM_KL matching ******** 
09-16 00:45 DEBUG    Best Sigma0: 10. Best sigma: 0.5 Best gamma: 10. Best Test accuracy: 0.8184. Train acc: 0.81565. 

09-16 00:45 DEBUG    PDM_KL log: {(10, 0.5, 10): {'shapes': [(784, 235), (235,), (235, 10), (10,)], 'train_accuracy': 0.81565, 'test_accuracy': 0.8184}} 
09-16 00:47 DEBUG    ****** PDM_KL matching ******** 
09-16 00:47 DEBUG    Best Sigma0: 10. Best sigma: 0.5 Best gamma: 10. Best Test accuracy: 0.3377. Train acc: 0.3398. 

09-16 00:47 DEBUG    PDM_KL log: {(10, 0.5, 10): {'shapes': [(784, 148), (148,), (148, 10), (10,)], 'train_accuracy': 0.3398, 'test_accuracy': 0.3377}} 
09-16 00:48 DEBUG    ****** PDM_KL matching ******** 
09-16 00:48 DEBUG    Best Sigma0: 10. Best sigma: 0.5 Best gamma: 10. Best Test accuracy: 0.0892. Train acc: 0.09035. 

09-16 00:48 DEBUG    PDM_KL log: {(10, 0.5, 10): {'shapes': [(784, 100), (100,), (100, 10), (10,)], 'train_accuracy': 0.09035, 'test_accuracy': 0.0892}} 
09-16 00:49 DEBUG    ****** PDM_KL matching ******** 
09-16 00:49 DEBUG    Best Sigma0: 10. Best sigma: 0.5 Best gamma: 10. Best Test accuracy: 0.0892. Train acc: 0.09035. 

09-16 00:49 DEBUG    PDM_KL log: {(10, 0.5, 10): {'shapes': [(784, 100), (100,), (100, 10), (10,)], 'train_accuracy': 0.09035, 'test_accuracy': 0.0892}} 
09-16 00:49 DEBUG    Trial 7 completed
09-16 00:49 DEBUG    ####################################################################################################
09-16 00:49 DEBUG    ####################################################################################################
09-16 00:49 DEBUG    Executing Trial 8 with seed 8
09-16 00:49 DEBUG    Data statistics: {0: {0: 201, 1: 234, 2: 199, 3: 199, 4: 197, 5: 188, 6: 181, 7: 210, 8: 192, 9: 199}, 1: {0: 201, 1: 261, 2: 192, 3: 211, 4: 197, 5: 167, 6: 204, 7: 187, 8: 191, 9: 189}, 2: {0: 218, 1: 235, 2: 177, 3: 192, 4: 196, 5: 197, 6: 180, 7: 192, 8: 206, 9: 207}, 3: {0: 193, 1: 229, 2: 196, 3: 220, 4: 194, 5: 180, 6: 187, 7: 222, 8: 180, 9: 199}, 4: {0: 187, 1: 237, 2: 200, 3: 222, 4: 179, 5: 207, 6: 187, 7: 210, 8: 183, 9: 188}, 5: {0: 181, 1: 232, 2: 196, 3: 204, 4: 187, 5: 149, 6: 203, 7: 217, 8: 225, 9: 206}, 6: {0: 197, 1: 242, 2: 201, 3: 208, 4: 199, 5: 178, 6: 149, 7: 223, 8: 207, 9: 196}, 7: {0: 188, 1: 233, 2: 197, 3: 193, 4: 209, 5: 177, 6: 182, 7: 205, 8: 204, 9: 212}, 8: {0: 185, 1: 213, 2: 205, 3: 228, 4: 196, 5: 168, 6: 219, 7: 193, 8: 193, 9: 200}, 9: {0: 180, 1: 196, 2: 214, 3: 197, 4: 180, 5: 190, 6: 191, 7: 245, 8: 205, 9: 202}, 10: {0: 196, 1: 215, 2: 186, 3: 215, 4: 208, 5: 166, 6: 203, 7: 190, 8: 214, 9: 207}, 11: {0: 202, 1: 237, 2: 218, 3: 201, 4: 184, 5: 207, 6: 188, 7: 201, 8: 181, 9: 181}, 12: {0: 209, 1: 194, 2: 184, 3: 207, 4: 193, 5: 195, 6: 220, 7: 204, 8: 195, 9: 199}, 13: {0: 202, 1: 243, 2: 196, 3: 205, 4: 185, 5: 184, 6: 198, 7: 200, 8: 186, 9: 201}, 14: {0: 208, 1: 223, 2: 218, 3: 188, 4: 208, 5: 170, 6: 202, 7: 205, 8: 173, 9: 205}, 15: {0: 195, 1: 213, 2: 182, 3: 231, 4: 203, 5: 174, 6: 203, 7: 211, 8: 193, 9: 195}, 16: {0: 226, 1: 211, 2: 198, 3: 191, 4: 215, 5: 180, 6: 199, 7: 197, 8: 182, 9: 201}, 17: {0: 194, 1: 211, 2: 207, 3: 181, 4: 200, 5: 177, 6: 210, 7: 227, 8: 200, 9: 193}, 18: {0: 206, 1: 221, 2: 189, 3: 210, 4: 184, 5: 180, 6: 183, 7: 221, 8: 206, 9: 200}, 19: {0: 195, 1: 207, 2: 189, 3: 198, 4: 186, 5: 184, 6: 191, 7: 238, 8: 190, 9: 222}, 20: {0: 181, 1: 231, 2: 201, 3: 214, 4: 184, 5: 199, 6: 186, 7: 210, 8: 198, 9: 196}, 21: {0: 193, 1: 245, 2: 187, 3: 224, 4: 191, 5: 189, 6: 183, 7: 214, 8: 175, 9: 199}, 22: {0: 193, 1: 213, 2: 198, 3: 184, 4: 184, 5: 203, 6: 205, 7: 202, 8: 208, 9: 210}, 23: {0: 196, 1: 217, 2: 222, 3: 205, 4: 203, 5: 173, 6: 224, 7: 197, 8: 175, 9: 188}, 24: {0: 203, 1: 234, 2: 225, 3: 209, 4: 191, 5: 178, 6: 179, 7: 194, 8: 190, 9: 197}, 25: {0: 189, 1: 206, 2: 198, 3: 193, 4: 212, 5: 166, 6: 209, 7: 218, 8: 213, 9: 196}, 26: {0: 194, 1: 229, 2: 186, 3: 190, 4: 186, 5: 162, 6: 228, 7: 225, 8: 201, 9: 199}, 27: {0: 195, 1: 203, 2: 194, 3: 224, 4: 197, 5: 162, 6: 214, 7: 207, 8: 203, 9: 201}, 28: {0: 200, 1: 246, 2: 197, 3: 195, 4: 187, 5: 196, 6: 201, 7: 211, 8: 202, 9: 165}, 29: {0: 215, 1: 231, 2: 206, 3: 192, 4: 207, 5: 175, 6: 209, 7: 189, 8: 180, 9: 196}}
09-16 00:49 DEBUG    **************************************************
09-16 00:49 DEBUG    Running experiments 

09-16 00:50 DEBUG    Uniform ensemble (Train acc): 0.952067
09-16 00:50 DEBUG    Uniform ensemble (Test acc): 0.953400
09-16 00:50 DEBUG    FedAvg (Train acc): 0.100083
09-16 00:50 DEBUG    FedAvg (Test acc): 0.098900
09-16 00:58 DEBUG    ****** PDM_KL matching ******** 
09-16 00:58 DEBUG    Best Sigma0: 10. Best sigma: 0.5 Best gamma: 10. Best Test accuracy: 0.9525. Train acc: 0.9499333333333333. 

09-16 00:58 DEBUG    PDM_KL log: {(10, 0.5, 10): {'shapes': [(784, 701), (701,), (701, 10), (10,)], 'train_accuracy': 0.9499333333333333, 'test_accuracy': 0.9525}} 
09-16 01:12 DEBUG    ****** PDM_KL matching ******** 
09-16 01:12 DEBUG    Best Sigma0: 10. Best sigma: 0.5 Best gamma: 10. Best Test accuracy: 0.9516. Train acc: 0.95. 

09-16 01:12 DEBUG    PDM_KL log: {(10, 0.5, 10): {'shapes': [(784, 700), (700,), (700, 10), (10,)], 'train_accuracy': 0.95, 'test_accuracy': 0.9516}} 
09-16 01:21 DEBUG    ****** PDM_KL matching ******** 
09-16 01:21 DEBUG    Best Sigma0: 10. Best sigma: 0.5 Best gamma: 10. Best Test accuracy: 0.9515. Train acc: 0.94905. 

09-16 01:21 DEBUG    PDM_KL log: {(10, 0.5, 10): {'shapes': [(784, 700), (700,), (700, 10), (10,)], 'train_accuracy': 0.94905, 'test_accuracy': 0.9515}} 
09-16 01:28 DEBUG    ****** PDM_KL matching ******** 
09-16 01:28 DEBUG    Best Sigma0: 10. Best sigma: 0.5 Best gamma: 10. Best Test accuracy: 0.9501. Train acc: 0.9486. 

09-16 01:28 DEBUG    PDM_KL log: {(10, 0.5, 10): {'shapes': [(784, 701), (701,), (701, 10), (10,)], 'train_accuracy': 0.9486, 'test_accuracy': 0.9501}} 
09-16 01:34 DEBUG    ****** PDM_KL matching ******** 
09-16 01:34 DEBUG    Best Sigma0: 10. Best sigma: 0.5 Best gamma: 10. Best Test accuracy: 0.9513. Train acc: 0.9498666666666666. 

09-16 01:34 DEBUG    PDM_KL log: {(10, 0.5, 10): {'shapes': [(784, 700), (700,), (700, 10), (10,)], 'train_accuracy': 0.9498666666666666, 'test_accuracy': 0.9513}} 
09-16 01:42 DEBUG    ****** PDM_KL matching ******** 
09-16 01:42 DEBUG    Best Sigma0: 10. Best sigma: 0.5 Best gamma: 10. Best Test accuracy: 0.9511. Train acc: 0.9492. 

09-16 01:42 DEBUG    PDM_KL log: {(10, 0.5, 10): {'shapes': [(784, 702), (702,), (702, 10), (10,)], 'train_accuracy': 0.9492, 'test_accuracy': 0.9511}} 
09-16 01:49 DEBUG    ****** PDM_KL matching ******** 
09-16 01:49 DEBUG    Best Sigma0: 10. Best sigma: 0.5 Best gamma: 10. Best Test accuracy: 0.9488. Train acc: 0.9469833333333333. 

09-16 01:49 DEBUG    PDM_KL log: {(10, 0.5, 10): {'shapes': [(784, 700), (700,), (700, 10), (10,)], 'train_accuracy': 0.9469833333333333, 'test_accuracy': 0.9488}} 
09-16 01:51 DEBUG    ****** PDM_KL matching ******** 
09-16 01:51 DEBUG    Best Sigma0: 10. Best sigma: 0.5 Best gamma: 10. Best Test accuracy: 0.8928. Train acc: 0.8896333333333334. 

09-16 01:51 DEBUG    PDM_KL log: {(10, 0.5, 10): {'shapes': [(784, 228), (228,), (228, 10), (10,)], 'train_accuracy': 0.8896333333333334, 'test_accuracy': 0.8928}} 
09-16 01:52 DEBUG    ****** PDM_KL matching ******** 
09-16 01:52 DEBUG    Best Sigma0: 10. Best sigma: 0.5 Best gamma: 10. Best Test accuracy: 0.5267. Train acc: 0.5258333333333334. 

09-16 01:52 DEBUG    PDM_KL log: {(10, 0.5, 10): {'shapes': [(784, 144), (144,), (144, 10), (10,)], 'train_accuracy': 0.5258333333333334, 'test_accuracy': 0.5267}} 
09-16 01:53 DEBUG    ****** PDM_KL matching ******** 
09-16 01:53 DEBUG    Best Sigma0: 10. Best sigma: 0.5 Best gamma: 10. Best Test accuracy: 0.0892. Train acc: 0.09035. 

09-16 01:53 DEBUG    PDM_KL log: {(10, 0.5, 10): {'shapes': [(784, 100), (100,), (100, 10), (10,)], 'train_accuracy': 0.09035, 'test_accuracy': 0.0892}} 
09-16 01:53 DEBUG    ****** PDM_KL matching ******** 
09-16 01:53 DEBUG    Best Sigma0: 10. Best sigma: 0.5 Best gamma: 10. Best Test accuracy: 0.0892. Train acc: 0.09035. 

09-16 01:53 DEBUG    PDM_KL log: {(10, 0.5, 10): {'shapes': [(784, 100), (100,), (100, 10), (10,)], 'train_accuracy': 0.09035, 'test_accuracy': 0.0892}} 
09-16 01:53 DEBUG    Trial 8 completed
09-16 01:53 DEBUG    ####################################################################################################
09-16 01:53 DEBUG    ####################################################################################################
09-16 01:53 DEBUG    Executing Trial 9 with seed 9
09-16 01:53 DEBUG    Data statistics: {0: {0: 199, 1: 234, 2: 194, 3: 203, 4: 183, 5: 183, 6: 197, 7: 225, 8: 194, 9: 188}, 1: {0: 184, 1: 244, 2: 198, 3: 195, 4: 206, 5: 159, 6: 209, 7: 207, 8: 193, 9: 205}, 2: {0: 215, 1: 250, 2: 172, 3: 205, 4: 197, 5: 188, 6: 206, 7: 192, 8: 179, 9: 196}, 3: {0: 206, 1: 236, 2: 192, 3: 208, 4: 175, 5: 182, 6: 177, 7: 213, 8: 207, 9: 204}, 4: {0: 162, 1: 210, 2: 209, 3: 218, 4: 204, 5: 189, 6: 195, 7: 215, 8: 199, 9: 199}, 5: {0: 195, 1: 230, 2: 185, 3: 190, 4: 198, 5: 185, 6: 205, 7: 221, 8: 199, 9: 192}, 6: {0: 199, 1: 236, 2: 195, 3: 198, 4: 184, 5: 176, 6: 188, 7: 203, 8: 196, 9: 225}, 7: {0: 200, 1: 221, 2: 212, 3: 198, 4: 195, 5: 165, 6: 205, 7: 194, 8: 189, 9: 221}, 8: {0: 221, 1: 210, 2: 176, 3: 243, 4: 199, 5: 191, 6: 210, 7: 186, 8: 173, 9: 191}, 9: {0: 182, 1: 221, 2: 202, 3: 208, 4: 185, 5: 177, 6: 204, 7: 225, 8: 191, 9: 205}, 10: {0: 203, 1: 238, 2: 186, 3: 193, 4: 190, 5: 188, 6: 180, 7: 205, 8: 210, 9: 207}, 11: {0: 203, 1: 230, 2: 206, 3: 203, 4: 186, 5: 186, 6: 201, 7: 228, 8: 179, 9: 178}, 12: {0: 210, 1: 239, 2: 179, 3: 222, 4: 189, 5: 195, 6: 194, 7: 194, 8: 196, 9: 182}, 13: {0: 219, 1: 216, 2: 186, 3: 198, 4: 210, 5: 168, 6: 172, 7: 235, 8: 205, 9: 191}, 14: {0: 172, 1: 224, 2: 205, 3: 206, 4: 211, 5: 195, 6: 197, 7: 205, 8: 190, 9: 195}, 15: {0: 195, 1: 225, 2: 200, 3: 200, 4: 190, 5: 179, 6: 182, 7: 211, 8: 214, 9: 204}, 16: {0: 192, 1: 223, 2: 195, 3: 215, 4: 202, 5: 173, 6: 188, 7: 203, 8: 194, 9: 215}, 17: {0: 201, 1: 191, 2: 221, 3: 211, 4: 187, 5: 193, 6: 200, 7: 212, 8: 185, 9: 199}, 18: {0: 208, 1: 221, 2: 196, 3: 222, 4: 193, 5: 173, 6: 200, 7: 191, 8: 213, 9: 183}, 19: {0: 203, 1: 228, 2: 211, 3: 183, 4: 199, 5: 184, 6: 211, 7: 204, 8: 181, 9: 196}, 20: {0: 178, 1: 236, 2: 216, 3: 194, 4: 207, 5: 169, 6: 188, 7: 219, 8: 214, 9: 179}, 21: {0: 182, 1: 228, 2: 206, 3: 229, 4: 190, 5: 163, 6: 187, 7: 212, 8: 203, 9: 200}, 22: {0: 209, 1: 229, 2: 207, 3: 212, 4: 181, 5: 169, 6: 206, 7: 196, 8: 184, 9: 207}, 23: {0: 199, 1: 210, 2: 205, 3: 192, 4: 211, 5: 166, 6: 211, 7: 188, 8: 207, 9: 211}, 24: {0: 192, 1: 250, 2: 200, 3: 221, 4: 201, 5: 173, 6: 187, 7: 198, 8: 186, 9: 192}, 25: {0: 188, 1: 227, 2: 231, 3: 164, 4: 199, 5: 187, 6: 195, 7: 218, 8: 183, 9: 208}, 26: {0: 206, 1: 189, 2: 219, 3: 185, 4: 199, 5: 173, 6: 191, 7: 244, 8: 194, 9: 200}, 27: {0: 198, 1: 244, 2: 182, 3: 193, 4: 195, 5: 201, 6: 197, 7: 209, 8: 190, 9: 191}, 28: {0: 196, 1: 206, 2: 198, 3: 207, 4: 187, 5: 211, 6: 213, 7: 208, 8: 176, 9: 198}, 29: {0: 206, 1: 196, 2: 174, 3: 215, 4: 189, 5: 180, 6: 222, 7: 204, 8: 227, 9: 187}}
09-16 01:54 DEBUG    **************************************************
09-16 01:54 DEBUG    Running experiments 

09-16 01:54 DEBUG    Uniform ensemble (Train acc): 0.952717
09-16 01:54 DEBUG    Uniform ensemble (Test acc): 0.953600
09-16 01:55 DEBUG    FedAvg (Train acc): 0.183950
09-16 01:55 DEBUG    FedAvg (Test acc): 0.190000
09-16 01:59 DEBUG    ****** PDM_KL matching ******** 
09-16 01:59 DEBUG    Best Sigma0: 10. Best sigma: 0.5 Best gamma: 10. Best Test accuracy: 0.9508. Train acc: 0.9511833333333334. 

09-16 01:59 DEBUG    PDM_KL log: {(10, 0.5, 10): {'shapes': [(784, 700), (700,), (700, 10), (10,)], 'train_accuracy': 0.9511833333333334, 'test_accuracy': 0.9508}} 
09-16 02:06 DEBUG    ****** PDM_KL matching ******** 
09-16 02:06 DEBUG    Best Sigma0: 10. Best sigma: 0.5 Best gamma: 10. Best Test accuracy: 0.9503. Train acc: 0.9501666666666667. 

09-16 02:06 DEBUG    PDM_KL log: {(10, 0.5, 10): {'shapes': [(784, 700), (700,), (700, 10), (10,)], 'train_accuracy': 0.9501666666666667, 'test_accuracy': 0.9503}} 
09-16 02:13 DEBUG    ****** PDM_KL matching ******** 
09-16 02:13 DEBUG    Best Sigma0: 10. Best sigma: 0.5 Best gamma: 10. Best Test accuracy: 0.9524. Train acc: 0.9510166666666666. 

09-16 02:13 DEBUG    PDM_KL log: {(10, 0.5, 10): {'shapes': [(784, 700), (700,), (700, 10), (10,)], 'train_accuracy': 0.9510166666666666, 'test_accuracy': 0.9524}} 
09-16 02:20 DEBUG    ****** PDM_KL matching ******** 
09-16 02:20 DEBUG    Best Sigma0: 10. Best sigma: 0.5 Best gamma: 10. Best Test accuracy: 0.9512. Train acc: 0.9510333333333333. 

09-16 02:20 DEBUG    PDM_KL log: {(10, 0.5, 10): {'shapes': [(784, 700), (700,), (700, 10), (10,)], 'train_accuracy': 0.9510333333333333, 'test_accuracy': 0.9512}} 
09-16 02:28 DEBUG    ****** PDM_KL matching ******** 
09-16 02:28 DEBUG    Best Sigma0: 10. Best sigma: 0.5 Best gamma: 10. Best Test accuracy: 0.9518. Train acc: 0.9509833333333333. 

09-16 02:28 DEBUG    PDM_KL log: {(10, 0.5, 10): {'shapes': [(784, 700), (700,), (700, 10), (10,)], 'train_accuracy': 0.9509833333333333, 'test_accuracy': 0.9518}} 
09-16 02:35 DEBUG    ****** PDM_KL matching ******** 
09-16 02:35 DEBUG    Best Sigma0: 10. Best sigma: 0.5 Best gamma: 10. Best Test accuracy: 0.9508. Train acc: 0.9495666666666667. 

09-16 02:35 DEBUG    PDM_KL log: {(10, 0.5, 10): {'shapes': [(784, 700), (700,), (700, 10), (10,)], 'train_accuracy': 0.9495666666666667, 'test_accuracy': 0.9508}} 
09-16 02:42 DEBUG    ****** PDM_KL matching ******** 
09-16 02:42 DEBUG    Best Sigma0: 10. Best sigma: 0.5 Best gamma: 10. Best Test accuracy: 0.9494. Train acc: 0.9481833333333334. 

09-16 02:42 DEBUG    PDM_KL log: {(10, 0.5, 10): {'shapes': [(784, 700), (700,), (700, 10), (10,)], 'train_accuracy': 0.9481833333333334, 'test_accuracy': 0.9494}} 
09-16 02:43 DEBUG    ****** PDM_KL matching ******** 
09-16 02:43 DEBUG    Best Sigma0: 10. Best sigma: 0.5 Best gamma: 10. Best Test accuracy: 0.8988. Train acc: 0.8949. 

09-16 02:43 DEBUG    PDM_KL log: {(10, 0.5, 10): {'shapes': [(784, 229), (229,), (229, 10), (10,)], 'train_accuracy': 0.8949, 'test_accuracy': 0.8988}} 
09-16 02:45 DEBUG    ****** PDM_KL matching ******** 
09-16 02:45 DEBUG    Best Sigma0: 10. Best sigma: 0.5 Best gamma: 10. Best Test accuracy: 0.4011. Train acc: 0.41358333333333336. 

09-16 02:45 DEBUG    PDM_KL log: {(10, 0.5, 10): {'shapes': [(784, 146), (146,), (146, 10), (10,)], 'train_accuracy': 0.41358333333333336, 'test_accuracy': 0.4011}} 
09-16 02:46 DEBUG    ****** PDM_KL matching ******** 
09-16 02:46 DEBUG    Best Sigma0: 10. Best sigma: 0.5 Best gamma: 10. Best Test accuracy: 0.0892. Train acc: 0.09035. 

09-16 02:46 DEBUG    PDM_KL log: {(10, 0.5, 10): {'shapes': [(784, 101), (101,), (101, 10), (10,)], 'train_accuracy': 0.09035, 'test_accuracy': 0.0892}} 
09-16 02:46 DEBUG    ****** PDM_KL matching ******** 
09-16 02:46 DEBUG    Best Sigma0: 10. Best sigma: 0.5 Best gamma: 10. Best Test accuracy: 0.0892. Train acc: 0.09035. 

09-16 02:46 DEBUG    PDM_KL log: {(10, 0.5, 10): {'shapes': [(784, 101), (101,), (101, 10), (10,)], 'train_accuracy': 0.09035, 'test_accuracy': 0.0892}} 
09-16 02:46 DEBUG    Trial 9 completed
09-16 02:46 DEBUG    ####################################################################################################
