09-11 17:38 DEBUG    Experiment arguments: Namespace(alpha=0.5, communication_rounds=None, datadir='data/cifar10', dataset='cifar10', device=1.0, dropout_p=0.0, epochs=10, experiment=['all'], init_seed=0, iter_epochs=5, layers=1, loaddir='saved_weights/cifar10/hetero-dir', logdir='KL_regs/cifar10/hetero-dir', lr=0.01, lr_decay=1.0, n=6, n_layers=1, n_nets=10, net_config=[3072, 100, 100, 100, 10], num_pool_workers=6, partition='hetero-dir', pdm_gamma=1.0, pdm_sig=1.0, pdm_sig0=1.0, reg=1e-06, reg_fac=0.0, trials=10)
09-11 17:38 DEBUG    ####################################################################################################
09-11 17:38 DEBUG    Executing Trial 0 with seed 0
09-11 17:38 DEBUG    Data statistics: {0: {0: 953, 1: 142, 2: 141, 3: 75, 4: 695, 5: 819, 7: 2482}, 1: {0: 16, 1: 43, 2: 902, 3: 1650, 4: 86, 5: 182, 7: 693, 8: 110, 9: 6}, 2: {0: 9, 1: 8, 2: 290, 3: 769, 4: 841, 5: 283, 6: 119, 7: 1044, 8: 1014, 9: 58}, 3: {0: 395, 1: 1200, 2: 48, 3: 68, 4: 896, 5: 681, 6: 90, 7: 17, 8: 1351, 9: 301}, 4: {0: 504, 1: 2917, 2: 570, 3: 721, 4: 121, 5: 356}, 5: {0: 1262, 1: 71, 2: 325, 3: 119, 4: 1560, 5: 14, 6: 1, 7: 85, 8: 366}, 6: {0: 9, 1: 273, 2: 1657, 3: 40, 4: 1, 5: 130, 6: 1911, 7: 21, 8: 1160}, 7: {0: 722, 1: 3, 2: 281, 3: 738, 4: 22, 5: 974, 6: 624, 7: 1, 8: 82, 9: 878}, 8: {0: 1127, 1: 153, 2: 680, 3: 500, 4: 698, 5: 1139, 6: 92, 7: 23, 8: 1, 9: 3665}, 9: {0: 3, 1: 190, 2: 106, 3: 320, 4: 80, 5: 422, 6: 2163, 7: 634, 8: 916, 9: 92}}
09-11 17:39 DEBUG    **************************************************
09-11 17:39 DEBUG    Running experiments 

09-11 17:39 DEBUG    Uniform ensemble (Train acc): 0.350660
09-11 17:39 DEBUG    Uniform ensemble (Test acc): 0.349000
09-11 17:39 DEBUG    FedAvg (Train acc): 0.100000
09-11 17:39 DEBUG    FedAvg (Test acc): 0.100000
09-11 17:43 DEBUG    ****** PDM_KL matching ******** 
09-11 17:43 DEBUG    Best Sigma0: 0.5. Best sigma: 1 Best gamma: 10. Best Test accuracy: 0.1037. Train acc: 0.10542. 

09-11 17:43 DEBUG    PDM_KL log: {(0.5, 1, 10): {'shapes': [(3072, 263), (263,), (263, 118), (118,), (118, 106), (106,), (106, 10), (10,)], 'train_accuracy': 0.10542, 'test_accuracy': 0.1037}} 
09-11 17:52 DEBUG    ****** PDM_KL matching ******** 
09-11 17:52 DEBUG    Best Sigma0: 0.5. Best sigma: 1 Best gamma: 10. Best Test accuracy: 0.0999. Train acc: 0.0997. 

09-11 17:52 DEBUG    PDM_KL log: {(0.5, 1, 10): {'shapes': [(3072, 267), (267,), (267, 127), (127,), (127, 112), (112,), (112, 10), (10,)], 'train_accuracy': 0.0997, 'test_accuracy': 0.0999}} 
09-11 18:01 DEBUG    ****** PDM_KL matching ******** 
09-11 18:01 DEBUG    Best Sigma0: 0.5. Best sigma: 1 Best gamma: 10. Best Test accuracy: 0.1. Train acc: 0.10016. 

09-11 18:01 DEBUG    PDM_KL log: {(0.5, 1, 10): {'shapes': [(3072, 267), (267,), (267, 118), (118,), (118, 112), (112,), (112, 10), (10,)], 'train_accuracy': 0.10016, 'test_accuracy': 0.1}} 
09-11 18:09 DEBUG    ****** PDM_KL matching ******** 
09-11 18:09 DEBUG    Best Sigma0: 0.5. Best sigma: 1 Best gamma: 10. Best Test accuracy: 0.094. Train acc: 0.0947. 

09-11 18:09 DEBUG    PDM_KL log: {(0.5, 1, 10): {'shapes': [(3072, 263), (263,), (263, 118), (118,), (118, 106), (106,), (106, 10), (10,)], 'train_accuracy': 0.0947, 'test_accuracy': 0.094}} 
09-11 18:18 DEBUG    ****** PDM_KL matching ******** 
09-11 18:18 DEBUG    Best Sigma0: 0.5. Best sigma: 1 Best gamma: 10. Best Test accuracy: 0.1049. Train acc: 0.1048. 

09-11 18:18 DEBUG    PDM_KL log: {(0.5, 1, 10): {'shapes': [(3072, 271), (271,), (271, 118), (118,), (118, 112), (112,), (112, 10), (10,)], 'train_accuracy': 0.1048, 'test_accuracy': 0.1049}} 
09-11 18:27 DEBUG    ****** PDM_KL matching ******** 
09-11 18:27 DEBUG    Best Sigma0: 0.5. Best sigma: 1 Best gamma: 10. Best Test accuracy: 0.1039. Train acc: 0.10394. 

09-11 18:27 DEBUG    PDM_KL log: {(0.5, 1, 10): {'shapes': [(3072, 278), (278,), (278, 118), (118,), (118, 112), (112,), (112, 10), (10,)], 'train_accuracy': 0.10394, 'test_accuracy': 0.1039}} 
09-11 18:38 DEBUG    ****** PDM_KL matching ******** 
09-11 18:38 DEBUG    Best Sigma0: 0.5. Best sigma: 1 Best gamma: 10. Best Test accuracy: 0.1016. Train acc: 0.10138. 

09-11 18:38 DEBUG    PDM_KL log: {(0.5, 1, 10): {'shapes': [(3072, 334), (334,), (334, 127), (127,), (127, 115), (115,), (115, 10), (10,)], 'train_accuracy': 0.10138, 'test_accuracy': 0.1016}} 
09-11 18:54 DEBUG    ****** PDM_KL matching ******** 
09-11 18:54 DEBUG    Best Sigma0: 0.5. Best sigma: 1 Best gamma: 10. Best Test accuracy: 0.099. Train acc: 0.10046. 

09-11 18:54 DEBUG    PDM_KL log: {(0.5, 1, 10): {'shapes': [(3072, 568), (568,), (568, 127), (127,), (127, 118), (118,), (118, 10), (10,)], 'train_accuracy': 0.10046, 'test_accuracy': 0.099}} 
09-11 19:15 DEBUG    ****** PDM_KL matching ******** 
09-11 19:15 DEBUG    Best Sigma0: 0.5. Best sigma: 1 Best gamma: 10. Best Test accuracy: 0.093. Train acc: 0.09536. 

09-11 19:15 DEBUG    PDM_KL log: {(0.5, 1, 10): {'shapes': [(3072, 700), (700,), (700, 127), (127,), (127, 127), (127,), (127, 10), (10,)], 'train_accuracy': 0.09536, 'test_accuracy': 0.093}} 
09-11 19:35 DEBUG    ****** PDM_KL matching ******** 
09-11 19:35 DEBUG    Best Sigma0: 0.5. Best sigma: 1 Best gamma: 10. Best Test accuracy: 0.1014. Train acc: 0.1024. 

09-11 19:35 DEBUG    PDM_KL log: {(0.5, 1, 10): {'shapes': [(3072, 665), (665,), (665, 127), (127,), (127, 118), (118,), (118, 10), (10,)], 'train_accuracy': 0.1024, 'test_accuracy': 0.1014}} 
09-11 19:55 DEBUG    ****** PDM_KL matching ******** 
09-11 19:55 DEBUG    Best Sigma0: 0.5. Best sigma: 1 Best gamma: 10. Best Test accuracy: 0.1089. Train acc: 0.10844. 

09-11 19:55 DEBUG    PDM_KL log: {(0.5, 1, 10): {'shapes': [(3072, 690), (690,), (690, 127), (127,), (127, 127), (127,), (127, 10), (10,)], 'train_accuracy': 0.10844, 'test_accuracy': 0.1089}} 
09-11 19:55 DEBUG    Trial 0 completed
09-11 19:55 DEBUG    ####################################################################################################
09-11 19:55 DEBUG    ####################################################################################################
09-11 19:55 DEBUG    Executing Trial 1 with seed 1
09-11 19:55 DEBUG    Data statistics: {0: {0: 64, 1: 306, 2: 78, 3: 575, 4: 153, 5: 1405, 6: 540, 7: 346, 8: 1359, 9: 1110}, 1: {0: 727, 1: 1165, 2: 328, 3: 541, 4: 88, 5: 2, 6: 289, 7: 5, 8: 96, 9: 963}, 2: {0: 97, 1: 6, 2: 449, 3: 1188, 4: 884, 5: 1983, 6: 1198}, 3: {0: 1155, 1: 249, 2: 41, 3: 844, 4: 1354, 5: 27, 6: 2, 7: 612, 8: 1013}, 4: {0: 11, 1: 434, 2: 412, 3: 239, 4: 1707, 5: 740, 6: 107, 7: 830, 8: 236, 9: 272}, 5: {0: 2048, 1: 1819, 2: 716, 3: 194, 4: 566}, 6: {0: 12, 1: 682, 2: 1563, 3: 2, 4: 108, 5: 36, 6: 1697, 7: 811, 8: 52, 9: 2532}, 7: {0: 381, 1: 270, 2: 1103, 3: 250, 4: 16, 5: 214, 6: 381, 7: 1715, 8: 828}, 8: {0: 231, 1: 5, 3: 617, 4: 123, 5: 326, 6: 2, 8: 664, 9: 12}, 9: {0: 274, 1: 64, 2: 310, 3: 550, 4: 1, 5: 267, 6: 784, 7: 681, 8: 752, 9: 111}}
09-11 19:56 DEBUG    **************************************************
09-11 19:56 DEBUG    Running experiments 

09-11 19:57 DEBUG    Uniform ensemble (Train acc): 0.323180
09-11 19:57 DEBUG    Uniform ensemble (Test acc): 0.321600
09-11 19:57 DEBUG    FedAvg (Train acc): 0.100000
09-11 19:57 DEBUG    FedAvg (Test acc): 0.100000
09-11 20:02 DEBUG    ****** PDM_KL matching ******** 
09-11 20:02 DEBUG    Best Sigma0: 0.5. Best sigma: 1 Best gamma: 10. Best Test accuracy: 0.1627. Train acc: 0.16328. 

09-11 20:02 DEBUG    PDM_KL log: {(0.5, 1, 10): {'shapes': [(3072, 275), (275,), (275, 118), (118,), (118, 115), (115,), (115, 10), (10,)], 'train_accuracy': 0.16328, 'test_accuracy': 0.1627}} 
09-11 20:10 DEBUG    ****** PDM_KL matching ******** 
09-11 20:10 DEBUG    Best Sigma0: 0.5. Best sigma: 1 Best gamma: 10. Best Test accuracy: 0.1149. Train acc: 0.11292. 

09-11 20:10 DEBUG    PDM_KL log: {(0.5, 1, 10): {'shapes': [(3072, 273), (273,), (273, 127), (127,), (127, 114), (114,), (114, 10), (10,)], 'train_accuracy': 0.11292, 'test_accuracy': 0.1149}} 
09-11 20:19 DEBUG    ****** PDM_KL matching ******** 
09-11 20:19 DEBUG    Best Sigma0: 0.5. Best sigma: 1 Best gamma: 10. Best Test accuracy: 0.1027. Train acc: 0.1033. 

09-11 20:19 DEBUG    PDM_KL log: {(0.5, 1, 10): {'shapes': [(3072, 275), (275,), (275, 127), (127,), (127, 114), (114,), (114, 10), (10,)], 'train_accuracy': 0.1033, 'test_accuracy': 0.1027}} 
09-11 20:27 DEBUG    ****** PDM_KL matching ******** 
09-11 20:27 DEBUG    Best Sigma0: 0.5. Best sigma: 1 Best gamma: 10. Best Test accuracy: 0.1463. Train acc: 0.14736. 

09-11 20:27 DEBUG    PDM_KL log: {(0.5, 1, 10): {'shapes': [(3072, 269), (269,), (269, 118), (118,), (118, 115), (115,), (115, 10), (10,)], 'train_accuracy': 0.14736, 'test_accuracy': 0.1463}} 
09-11 20:37 DEBUG    ****** PDM_KL matching ******** 
09-11 20:37 DEBUG    Best Sigma0: 0.5. Best sigma: 1 Best gamma: 10. Best Test accuracy: 0.1083. Train acc: 0.11016. 

09-11 20:37 DEBUG    PDM_KL log: {(0.5, 1, 10): {'shapes': [(3072, 273), (273,), (273, 118), (118,), (118, 115), (115,), (115, 10), (10,)], 'train_accuracy': 0.11016, 'test_accuracy': 0.1083}} 
09-11 20:46 DEBUG    ****** PDM_KL matching ******** 
09-11 20:46 DEBUG    Best Sigma0: 0.5. Best sigma: 1 Best gamma: 10. Best Test accuracy: 0.1063. Train acc: 0.10322. 

09-11 20:46 DEBUG    PDM_KL log: {(0.5, 1, 10): {'shapes': [(3072, 276), (276,), (276, 127), (127,), (127, 115), (115,), (115, 10), (10,)], 'train_accuracy': 0.10322, 'test_accuracy': 0.1063}} 
09-11 20:56 DEBUG    ****** PDM_KL matching ******** 
09-11 20:56 DEBUG    Best Sigma0: 0.5. Best sigma: 1 Best gamma: 10. Best Test accuracy: 0.1113. Train acc: 0.11202. 

09-11 20:56 DEBUG    PDM_KL log: {(0.5, 1, 10): {'shapes': [(3072, 339), (339,), (339, 127), (127,), (127, 116), (116,), (116, 10), (10,)], 'train_accuracy': 0.11202, 'test_accuracy': 0.1113}} 
09-11 21:11 DEBUG    ****** PDM_KL matching ******** 
09-11 21:11 DEBUG    Best Sigma0: 0.5. Best sigma: 1 Best gamma: 10. Best Test accuracy: 0.1039. Train acc: 0.10378. 

09-11 21:11 DEBUG    PDM_KL log: {(0.5, 1, 10): {'shapes': [(3072, 551), (551,), (551, 127), (127,), (127, 126), (126,), (126, 10), (10,)], 'train_accuracy': 0.10378, 'test_accuracy': 0.1039}} 
09-11 21:39 DEBUG    ****** PDM_KL matching ******** 
09-11 21:39 DEBUG    Best Sigma0: 0.5. Best sigma: 1 Best gamma: 10. Best Test accuracy: 0.1001. Train acc: 0.10004. 

09-11 21:39 DEBUG    PDM_KL log: {(0.5, 1, 10): {'shapes': [(3072, 680), (680,), (680, 127), (127,), (127, 127), (127,), (127, 10), (10,)], 'train_accuracy': 0.10004, 'test_accuracy': 0.1001}} 
09-11 22:19 DEBUG    ****** PDM_KL matching ******** 
09-11 22:19 DEBUG    Best Sigma0: 0.5. Best sigma: 1 Best gamma: 10. Best Test accuracy: 0.1015. Train acc: 0.10102. 

09-11 22:19 DEBUG    PDM_KL log: {(0.5, 1, 10): {'shapes': [(3072, 670), (670,), (670, 127), (127,), (127, 118), (118,), (118, 10), (10,)], 'train_accuracy': 0.10102, 'test_accuracy': 0.1015}} 
09-11 22:59 DEBUG    ****** PDM_KL matching ******** 
09-11 22:59 DEBUG    Best Sigma0: 0.5. Best sigma: 1 Best gamma: 10. Best Test accuracy: 0.1. Train acc: 0.1. 

09-11 22:59 DEBUG    PDM_KL log: {(0.5, 1, 10): {'shapes': [(3072, 700), (700,), (700, 136), (136,), (136, 118), (118,), (118, 10), (10,)], 'train_accuracy': 0.1, 'test_accuracy': 0.1}} 
09-11 22:59 DEBUG    Trial 1 completed
09-11 22:59 DEBUG    ####################################################################################################
09-11 22:59 DEBUG    ####################################################################################################
09-11 22:59 DEBUG    Executing Trial 2 with seed 2
09-11 23:00 DEBUG    Data statistics: {0: {0: 20, 1: 166, 2: 805, 3: 1865, 4: 1297, 5: 1014}, 1: {0: 318, 1: 1068, 2: 10, 3: 177, 4: 73, 5: 25, 6: 630, 7: 719, 8: 206, 9: 1249}, 2: {0: 527, 1: 20, 2: 32, 3: 198, 4: 71, 5: 33, 6: 27, 7: 626, 8: 383, 9: 244}, 3: {0: 271, 1: 1707, 2: 2, 3: 229, 4: 526, 5: 372, 6: 24, 7: 175, 8: 413, 9: 1788}, 4: {0: 930, 1: 357, 2: 340, 3: 268, 4: 2215, 5: 2429}, 5: {0: 226, 1: 83, 2: 2028, 3: 461, 4: 131, 5: 293, 6: 10, 7: 3134}, 6: {0: 39, 1: 1568, 2: 691, 3: 1584, 4: 370, 5: 669, 6: 1506}, 7: {0: 1548, 1: 6, 2: 397, 3: 188, 4: 35, 5: 155, 6: 806, 7: 179, 8: 2216}, 8: {0: 1107, 1: 22, 2: 294, 3: 17, 4: 264, 6: 1214, 7: 8, 8: 749, 9: 929}, 9: {0: 14, 1: 3, 2: 401, 3: 13, 4: 18, 5: 10, 6: 783, 7: 159, 8: 1033, 9: 790}}
09-11 23:02 DEBUG    **************************************************
09-11 23:02 DEBUG    Running experiments 

09-11 23:03 DEBUG    Uniform ensemble (Train acc): 0.349940
09-11 23:03 DEBUG    Uniform ensemble (Test acc): 0.345200
09-11 23:04 DEBUG    FedAvg (Train acc): 0.100000
09-11 23:04 DEBUG    FedAvg (Test acc): 0.100000
09-11 23:14 DEBUG    ****** PDM_KL matching ******** 
09-11 23:14 DEBUG    Best Sigma0: 0.5. Best sigma: 1 Best gamma: 10. Best Test accuracy: 0.101. Train acc: 0.10076. 

09-11 23:14 DEBUG    PDM_KL log: {(0.5, 1, 10): {'shapes': [(3072, 260), (260,), (260, 118), (118,), (118, 111), (111,), (111, 10), (10,)], 'train_accuracy': 0.10076, 'test_accuracy': 0.101}} 
09-11 23:32 DEBUG    ****** PDM_KL matching ******** 
09-11 23:32 DEBUG    Best Sigma0: 0.5. Best sigma: 1 Best gamma: 10. Best Test accuracy: 0.1003. Train acc: 0.10018. 

09-11 23:32 DEBUG    PDM_KL log: {(0.5, 1, 10): {'shapes': [(3072, 266), (266,), (266, 118), (118,), (118, 111), (111,), (111, 10), (10,)], 'train_accuracy': 0.10018, 'test_accuracy': 0.1003}} 
09-11 23:48 DEBUG    ****** PDM_KL matching ******** 
09-11 23:48 DEBUG    Best Sigma0: 0.5. Best sigma: 1 Best gamma: 10. Best Test accuracy: 0.1026. Train acc: 0.10074. 

09-11 23:48 DEBUG    PDM_KL log: {(0.5, 1, 10): {'shapes': [(3072, 259), (259,), (259, 118), (118,), (118, 111), (111,), (111, 10), (10,)], 'train_accuracy': 0.10074, 'test_accuracy': 0.1026}} 
09-12 00:01 DEBUG    ****** PDM_KL matching ******** 
09-12 00:01 DEBUG    Best Sigma0: 0.5. Best sigma: 1 Best gamma: 10. Best Test accuracy: 0.1001. Train acc: 0.09996. 

09-12 00:01 DEBUG    PDM_KL log: {(0.5, 1, 10): {'shapes': [(3072, 265), (265,), (265, 127), (127,), (127, 111), (111,), (111, 10), (10,)], 'train_accuracy': 0.09996, 'test_accuracy': 0.1001}} 
09-12 00:13 DEBUG    ****** PDM_KL matching ******** 
09-12 00:13 DEBUG    Best Sigma0: 0.5. Best sigma: 1 Best gamma: 10. Best Test accuracy: 0.1006. Train acc: 0.09988. 

09-12 00:13 DEBUG    PDM_KL log: {(0.5, 1, 10): {'shapes': [(3072, 271), (271,), (271, 127), (127,), (127, 111), (111,), (111, 10), (10,)], 'train_accuracy': 0.09988, 'test_accuracy': 0.1006}} 
09-12 00:27 DEBUG    ****** PDM_KL matching ******** 
09-12 00:27 DEBUG    Best Sigma0: 0.5. Best sigma: 1 Best gamma: 10. Best Test accuracy: 0.1069. Train acc: 0.10534. 

09-12 00:27 DEBUG    PDM_KL log: {(0.5, 1, 10): {'shapes': [(3072, 274), (274,), (274, 127), (127,), (127, 111), (111,), (111, 10), (10,)], 'train_accuracy': 0.10534, 'test_accuracy': 0.1069}} 
09-12 00:45 DEBUG    ****** PDM_KL matching ******** 
09-12 00:45 DEBUG    Best Sigma0: 0.5. Best sigma: 1 Best gamma: 10. Best Test accuracy: 0.1039. Train acc: 0.10496. 

09-12 00:45 DEBUG    PDM_KL log: {(0.5, 1, 10): {'shapes': [(3072, 340), (340,), (340, 127), (127,), (127, 111), (111,), (111, 10), (10,)], 'train_accuracy': 0.10496, 'test_accuracy': 0.1039}} 
09-12 01:12 DEBUG    ****** PDM_KL matching ******** 
09-12 01:12 DEBUG    Best Sigma0: 0.5. Best sigma: 1 Best gamma: 10. Best Test accuracy: 0.1. Train acc: 0.1. 

09-12 01:12 DEBUG    PDM_KL log: {(0.5, 1, 10): {'shapes': [(3072, 560), (560,), (560, 127), (127,), (127, 117), (117,), (117, 10), (10,)], 'train_accuracy': 0.1, 'test_accuracy': 0.1}} 
09-12 01:43 DEBUG    ****** PDM_KL matching ******** 
09-12 01:43 DEBUG    Best Sigma0: 0.5. Best sigma: 1 Best gamma: 10. Best Test accuracy: 0.1. Train acc: 0.1. 

09-12 01:43 DEBUG    PDM_KL log: {(0.5, 1, 10): {'shapes': [(3072, 699), (699,), (699, 127), (127,), (127, 127), (127,), (127, 10), (10,)], 'train_accuracy': 0.1, 'test_accuracy': 0.1}} 
09-12 02:15 DEBUG    ****** PDM_KL matching ******** 
09-12 02:15 DEBUG    Best Sigma0: 0.5. Best sigma: 1 Best gamma: 10. Best Test accuracy: 0.1. Train acc: 0.1. 

09-12 02:15 DEBUG    PDM_KL log: {(0.5, 1, 10): {'shapes': [(3072, 672), (672,), (672, 127), (127,), (127, 127), (127,), (127, 10), (10,)], 'train_accuracy': 0.1, 'test_accuracy': 0.1}} 
09-12 02:47 DEBUG    ****** PDM_KL matching ******** 
09-12 02:47 DEBUG    Best Sigma0: 0.5. Best sigma: 1 Best gamma: 10. Best Test accuracy: 0.1001. Train acc: 0.1002. 

09-12 02:47 DEBUG    PDM_KL log: {(0.5, 1, 10): {'shapes': [(3072, 690), (690,), (690, 127), (127,), (127, 118), (118,), (118, 10), (10,)], 'train_accuracy': 0.1002, 'test_accuracy': 0.1001}} 
09-12 02:47 DEBUG    Trial 2 completed
09-12 02:47 DEBUG    ####################################################################################################
09-12 02:47 DEBUG    ####################################################################################################
09-12 02:47 DEBUG    Executing Trial 3 with seed 3
09-12 02:47 DEBUG    Data statistics: {0: {0: 324, 1: 286, 2: 177, 3: 114, 4: 936, 5: 105, 6: 350, 7: 5, 8: 428, 9: 978}, 1: {0: 906, 1: 924, 2: 1139, 3: 191, 4: 579, 5: 333, 6: 718, 7: 28, 8: 83, 9: 1105}, 2: {0: 381, 1: 108, 2: 483, 3: 1152, 4: 1050, 5: 78, 6: 954, 7: 206, 8: 620}, 3: {0: 7, 1: 1745, 2: 1728, 3: 388, 4: 193, 5: 831, 6: 841}, 4: {0: 1403, 1: 431, 2: 577, 3: 316, 4: 1020, 5: 559, 6: 1770}, 5: {0: 635, 1: 195, 2: 61, 3: 595, 4: 275, 5: 842, 6: 4, 7: 3009}, 6: {0: 23, 1: 46, 2: 454, 3: 833, 4: 189, 5: 117, 6: 161, 7: 426, 8: 1887, 9: 1182}, 7: {0: 1227, 1: 455, 2: 49, 3: 370, 4: 150, 5: 261, 6: 18, 7: 1, 8: 35, 9: 120}, 8: {0: 88, 1: 72, 2: 3, 3: 1022, 4: 57, 5: 627, 6: 66, 7: 1039, 8: 1251, 9: 1308}, 9: {0: 6, 1: 738, 2: 329, 3: 19, 4: 551, 5: 1247, 6: 118, 7: 286, 8: 696, 9: 307}}
09-12 02:49 DEBUG    **************************************************
09-12 02:49 DEBUG    Running experiments 

09-12 02:50 DEBUG    Uniform ensemble (Train acc): 0.363960
09-12 02:50 DEBUG    Uniform ensemble (Test acc): 0.351800
09-12 02:50 DEBUG    FedAvg (Train acc): 0.100000
09-12 02:50 DEBUG    FedAvg (Test acc): 0.100000
09-12 02:58 DEBUG    ****** PDM_KL matching ******** 
09-12 02:58 DEBUG    Best Sigma0: 0.5. Best sigma: 1 Best gamma: 10. Best Test accuracy: 0.1032. Train acc: 0.10262. 

09-12 02:58 DEBUG    PDM_KL log: {(0.5, 1, 10): {'shapes': [(3072, 257), (257,), (257, 127), (127,), (127, 111), (111,), (111, 10), (10,)], 'train_accuracy': 0.10262, 'test_accuracy': 0.1032}} 
09-12 03:14 DEBUG    ****** PDM_KL matching ******** 
09-12 03:14 DEBUG    Best Sigma0: 0.5. Best sigma: 1 Best gamma: 10. Best Test accuracy: 0.1152. Train acc: 0.11486. 

09-12 03:14 DEBUG    PDM_KL log: {(0.5, 1, 10): {'shapes': [(3072, 262), (262,), (262, 127), (127,), (127, 111), (111,), (111, 10), (10,)], 'train_accuracy': 0.11486, 'test_accuracy': 0.1152}} 
09-12 03:28 DEBUG    ****** PDM_KL matching ******** 
09-12 03:28 DEBUG    Best Sigma0: 0.5. Best sigma: 1 Best gamma: 10. Best Test accuracy: 0.1172. Train acc: 0.11692. 

09-12 03:28 DEBUG    PDM_KL log: {(0.5, 1, 10): {'shapes': [(3072, 260), (260,), (260, 118), (118,), (118, 108), (108,), (108, 10), (10,)], 'train_accuracy': 0.11692, 'test_accuracy': 0.1172}} 
09-12 03:43 DEBUG    ****** PDM_KL matching ******** 
09-12 03:43 DEBUG    Best Sigma0: 0.5. Best sigma: 1 Best gamma: 10. Best Test accuracy: 0.1259. Train acc: 0.12292. 

09-12 03:43 DEBUG    PDM_KL log: {(0.5, 1, 10): {'shapes': [(3072, 256), (256,), (256, 118), (118,), (118, 107), (107,), (107, 10), (10,)], 'train_accuracy': 0.12292, 'test_accuracy': 0.1259}} 
09-12 03:57 DEBUG    ****** PDM_KL matching ******** 
09-12 03:57 DEBUG    Best Sigma0: 0.5. Best sigma: 1 Best gamma: 10. Best Test accuracy: 0.1099. Train acc: 0.10952. 

09-12 03:57 DEBUG    PDM_KL log: {(0.5, 1, 10): {'shapes': [(3072, 259), (259,), (259, 127), (127,), (127, 111), (111,), (111, 10), (10,)], 'train_accuracy': 0.10952, 'test_accuracy': 0.1099}} 
09-12 04:12 DEBUG    ****** PDM_KL matching ******** 
09-12 04:12 DEBUG    Best Sigma0: 0.5. Best sigma: 1 Best gamma: 10. Best Test accuracy: 0.1161. Train acc: 0.1143. 

09-12 04:12 DEBUG    PDM_KL log: {(0.5, 1, 10): {'shapes': [(3072, 263), (263,), (263, 118), (118,), (118, 111), (111,), (111, 10), (10,)], 'train_accuracy': 0.1143, 'test_accuracy': 0.1161}} 
09-12 04:30 DEBUG    ****** PDM_KL matching ******** 
09-12 04:30 DEBUG    Best Sigma0: 0.5. Best sigma: 1 Best gamma: 10. Best Test accuracy: 0.0957. Train acc: 0.09366. 

09-12 04:30 DEBUG    PDM_KL log: {(0.5, 1, 10): {'shapes': [(3072, 327), (327,), (327, 127), (127,), (127, 108), (108,), (108, 10), (10,)], 'train_accuracy': 0.09366, 'test_accuracy': 0.0957}} 
09-12 04:54 DEBUG    ****** PDM_KL matching ******** 
09-12 04:54 DEBUG    Best Sigma0: 0.5. Best sigma: 1 Best gamma: 10. Best Test accuracy: 0.1046. Train acc: 0.10496. 

09-12 04:54 DEBUG    PDM_KL log: {(0.5, 1, 10): {'shapes': [(3072, 536), (536,), (536, 127), (127,), (127, 118), (118,), (118, 10), (10,)], 'train_accuracy': 0.10496, 'test_accuracy': 0.1046}} 
09-12 05:23 DEBUG    ****** PDM_KL matching ******** 
09-12 05:23 DEBUG    Best Sigma0: 0.5. Best sigma: 1 Best gamma: 10. Best Test accuracy: 0.0837. Train acc: 0.08394. 

09-12 05:23 DEBUG    PDM_KL log: {(0.5, 1, 10): {'shapes': [(3072, 669), (669,), (669, 127), (127,), (127, 127), (127,), (127, 10), (10,)], 'train_accuracy': 0.08394, 'test_accuracy': 0.0837}} 
09-12 05:52 DEBUG    ****** PDM_KL matching ******** 
09-12 05:52 DEBUG    Best Sigma0: 0.5. Best sigma: 1 Best gamma: 10. Best Test accuracy: 0.1. Train acc: 0.1. 

09-12 05:52 DEBUG    PDM_KL log: {(0.5, 1, 10): {'shapes': [(3072, 634), (634,), (634, 127), (127,), (127, 118), (118,), (118, 10), (10,)], 'train_accuracy': 0.1, 'test_accuracy': 0.1}} 
09-12 06:20 DEBUG    ****** PDM_KL matching ******** 
09-12 06:20 DEBUG    Best Sigma0: 0.5. Best sigma: 1 Best gamma: 10. Best Test accuracy: 0.1. Train acc: 0.09998. 

09-12 06:20 DEBUG    PDM_KL log: {(0.5, 1, 10): {'shapes': [(3072, 664), (664,), (664, 118), (118,), (118, 109), (109,), (109, 10), (10,)], 'train_accuracy': 0.09998, 'test_accuracy': 0.1}} 
09-12 06:20 DEBUG    Trial 3 completed
09-12 06:20 DEBUG    ####################################################################################################
09-12 06:20 DEBUG    ####################################################################################################
09-12 06:20 DEBUG    Executing Trial 4 with seed 4
09-12 06:20 DEBUG    Data statistics: {0: {0: 116, 1: 167, 2: 88, 3: 501, 4: 1763, 5: 100, 6: 1147, 7: 1088, 8: 101}, 1: {0: 1327, 1: 229, 2: 881, 3: 372, 4: 1411, 5: 4, 6: 263, 7: 15, 8: 830}, 2: {0: 866, 1: 225, 2: 26, 3: 5, 4: 46, 5: 576, 6: 123, 7: 66, 8: 2380, 9: 108}, 3: {0: 1036, 1: 224, 2: 53, 3: 278, 4: 529, 5: 27, 6: 210, 7: 986, 8: 945, 9: 642}, 4: {0: 177, 1: 95, 2: 97, 3: 238, 4: 1032, 5: 782, 6: 1659, 7: 18, 8: 55, 9: 19}, 5: {0: 218, 1: 12, 2: 2048, 3: 2046, 4: 22, 5: 257, 6: 1287}, 6: {0: 161, 1: 358, 2: 10, 3: 353, 4: 105, 5: 1008, 6: 3, 7: 102, 8: 192, 9: 1874}, 7: {0: 2, 1: 3399, 2: 1473, 3: 595}, 8: {0: 151, 1: 187, 2: 41, 3: 128, 4: 67, 5: 398, 6: 54, 7: 181, 8: 497, 9: 2357}, 9: {0: 946, 1: 104, 2: 283, 3: 484, 4: 25, 5: 1848, 6: 254, 7: 2544}}
09-12 06:22 DEBUG    **************************************************
09-12 06:22 DEBUG    Running experiments 

09-12 06:23 DEBUG    Uniform ensemble (Train acc): 0.323180
09-12 06:23 DEBUG    Uniform ensemble (Test acc): 0.321900
09-12 06:23 DEBUG    FedAvg (Train acc): 0.100000
09-12 06:23 DEBUG    FedAvg (Test acc): 0.100000
09-12 06:32 DEBUG    ****** PDM_KL matching ******** 
09-12 06:32 DEBUG    Best Sigma0: 0.5. Best sigma: 1 Best gamma: 10. Best Test accuracy: 0.0976. Train acc: 0.0989. 

09-12 06:32 DEBUG    PDM_KL log: {(0.5, 1, 10): {'shapes': [(3072, 264), (264,), (264, 118), (118,), (118, 112), (112,), (112, 10), (10,)], 'train_accuracy': 0.0989, 'test_accuracy': 0.0976}} 
09-12 06:46 DEBUG    ****** PDM_KL matching ******** 
09-12 06:46 DEBUG    Best Sigma0: 0.5. Best sigma: 1 Best gamma: 10. Best Test accuracy: 0.0948. Train acc: 0.09234. 

09-12 06:46 DEBUG    PDM_KL log: {(0.5, 1, 10): {'shapes': [(3072, 266), (266,), (266, 127), (127,), (127, 112), (112,), (112, 10), (10,)], 'train_accuracy': 0.09234, 'test_accuracy': 0.0948}} 
09-12 07:01 DEBUG    ****** PDM_KL matching ******** 
09-12 07:01 DEBUG    Best Sigma0: 0.5. Best sigma: 1 Best gamma: 10. Best Test accuracy: 0.1031. Train acc: 0.10106. 

09-12 07:01 DEBUG    PDM_KL log: {(0.5, 1, 10): {'shapes': [(3072, 263), (263,), (263, 127), (127,), (127, 112), (112,), (112, 10), (10,)], 'train_accuracy': 0.10106, 'test_accuracy': 0.1031}} 
09-12 07:15 DEBUG    ****** PDM_KL matching ******** 
09-12 07:15 DEBUG    Best Sigma0: 0.5. Best sigma: 1 Best gamma: 10. Best Test accuracy: 0.1086. Train acc: 0.10706. 

09-12 07:15 DEBUG    PDM_KL log: {(0.5, 1, 10): {'shapes': [(3072, 267), (267,), (267, 127), (127,), (127, 110), (110,), (110, 10), (10,)], 'train_accuracy': 0.10706, 'test_accuracy': 0.1086}} 
09-12 07:29 DEBUG    ****** PDM_KL matching ******** 
09-12 07:29 DEBUG    Best Sigma0: 0.5. Best sigma: 1 Best gamma: 10. Best Test accuracy: 0.0857. Train acc: 0.08246. 

09-12 07:29 DEBUG    PDM_KL log: {(0.5, 1, 10): {'shapes': [(3072, 267), (267,), (267, 127), (127,), (127, 112), (112,), (112, 10), (10,)], 'train_accuracy': 0.08246, 'test_accuracy': 0.0857}} 
09-12 07:44 DEBUG    ****** PDM_KL matching ******** 
09-12 07:44 DEBUG    Best Sigma0: 0.5. Best sigma: 1 Best gamma: 10. Best Test accuracy: 0.1057. Train acc: 0.10446. 

09-12 07:44 DEBUG    PDM_KL log: {(0.5, 1, 10): {'shapes': [(3072, 275), (275,), (275, 118), (118,), (118, 109), (109,), (109, 10), (10,)], 'train_accuracy': 0.10446, 'test_accuracy': 0.1057}} 
09-12 07:58 DEBUG    ****** PDM_KL matching ******** 
09-12 07:58 DEBUG    Best Sigma0: 0.5. Best sigma: 1 Best gamma: 10. Best Test accuracy: 0.0913. Train acc: 0.09068. 

09-12 07:58 DEBUG    PDM_KL log: {(0.5, 1, 10): {'shapes': [(3072, 335), (335,), (335, 118), (118,), (118, 117), (117,), (117, 10), (10,)], 'train_accuracy': 0.09068, 'test_accuracy': 0.0913}} 
09-12 08:22 DEBUG    ****** PDM_KL matching ******** 
09-12 08:22 DEBUG    Best Sigma0: 0.5. Best sigma: 1 Best gamma: 10. Best Test accuracy: 0.1169. Train acc: 0.11824. 

09-12 08:22 DEBUG    PDM_KL log: {(0.5, 1, 10): {'shapes': [(3072, 560), (560,), (560, 127), (127,), (127, 118), (118,), (118, 10), (10,)], 'train_accuracy': 0.11824, 'test_accuracy': 0.1169}} 
09-12 08:45 DEBUG    ****** PDM_KL matching ******** 
09-12 08:45 DEBUG    Best Sigma0: 0.5. Best sigma: 1 Best gamma: 10. Best Test accuracy: 0.1019. Train acc: 0.10114. 

09-12 08:45 DEBUG    PDM_KL log: {(0.5, 1, 10): {'shapes': [(3072, 693), (693,), (693, 127), (127,), (127, 127), (127,), (127, 10), (10,)], 'train_accuracy': 0.10114, 'test_accuracy': 0.1019}} 
09-12 09:09 DEBUG    ****** PDM_KL matching ******** 
09-12 09:09 DEBUG    Best Sigma0: 0.5. Best sigma: 1 Best gamma: 10. Best Test accuracy: 0.1. Train acc: 0.1. 

09-12 09:09 DEBUG    PDM_KL log: {(0.5, 1, 10): {'shapes': [(3072, 659), (659,), (659, 127), (127,), (127, 118), (118,), (118, 10), (10,)], 'train_accuracy': 0.1, 'test_accuracy': 0.1}} 
09-12 09:31 DEBUG    ****** PDM_KL matching ******** 
09-12 09:31 DEBUG    Best Sigma0: 0.5. Best sigma: 1 Best gamma: 10. Best Test accuracy: 0.1. Train acc: 0.1. 

09-12 09:31 DEBUG    PDM_KL log: {(0.5, 1, 10): {'shapes': [(3072, 689), (689,), (689, 127), (127,), (127, 118), (118,), (118, 10), (10,)], 'train_accuracy': 0.1, 'test_accuracy': 0.1}} 
09-12 09:31 DEBUG    Trial 4 completed
09-12 09:31 DEBUG    ####################################################################################################
09-12 09:31 DEBUG    ####################################################################################################
09-12 09:31 DEBUG    Executing Trial 5 with seed 5
09-12 09:32 DEBUG    Data statistics: {0: {0: 160, 1: 191, 2: 2146, 3: 460, 5: 1, 6: 98, 7: 491, 8: 455, 9: 624}, 1: {0: 26, 1: 1554, 2: 97, 3: 112, 4: 906, 5: 998, 6: 109, 7: 1910}, 2: {0: 329, 1: 8, 2: 65, 3: 34, 4: 1651, 5: 55, 6: 1842, 7: 465, 8: 2, 9: 15}, 3: {0: 1828, 1: 177, 2: 821, 3: 523, 4: 165, 5: 304, 6: 1230}, 4: {0: 29, 1: 76, 2: 1207, 3: 188, 4: 164, 5: 234, 6: 100, 7: 11, 8: 2266, 9: 1034}, 5: {0: 42, 1: 358, 2: 148, 3: 1909, 4: 121, 5: 105, 6: 985, 7: 503, 8: 466, 9: 2717}, 6: {0: 1553, 1: 12, 2: 282, 3: 1, 4: 1311, 5: 2405}, 7: {0: 795, 1: 736, 2: 8, 3: 7, 4: 150, 5: 523, 6: 216, 7: 1253, 8: 507, 9: 374}, 8: {0: 44, 1: 347, 2: 76, 3: 1581, 4: 14, 5: 360, 6: 22, 7: 103, 8: 1303, 9: 19}, 9: {0: 194, 1: 1541, 2: 150, 3: 185, 4: 518, 5: 15, 6: 398, 7: 264, 8: 1, 9: 217}}
09-12 09:33 DEBUG    **************************************************
09-12 09:33 DEBUG    Running experiments 

09-12 09:34 DEBUG    Uniform ensemble (Train acc): 0.368380
09-12 09:34 DEBUG    Uniform ensemble (Test acc): 0.362500
09-12 09:34 DEBUG    FedAvg (Train acc): 0.100000
09-12 09:34 DEBUG    FedAvg (Test acc): 0.100000
09-12 09:40 DEBUG    ****** PDM_KL matching ******** 
09-12 09:40 DEBUG    Best Sigma0: 0.5. Best sigma: 1 Best gamma: 10. Best Test accuracy: 0.1. Train acc: 0.0999. 

09-12 09:40 DEBUG    PDM_KL log: {(0.5, 1, 10): {'shapes': [(3072, 278), (278,), (278, 118), (118,), (118, 113), (113,), (113, 10), (10,)], 'train_accuracy': 0.0999, 'test_accuracy': 0.1}} 
09-12 09:52 DEBUG    ****** PDM_KL matching ******** 
09-12 09:52 DEBUG    Best Sigma0: 0.5. Best sigma: 1 Best gamma: 10. Best Test accuracy: 0.1. Train acc: 0.1. 

09-12 09:52 DEBUG    PDM_KL log: {(0.5, 1, 10): {'shapes': [(3072, 276), (276,), (276, 118), (118,), (118, 113), (113,), (113, 10), (10,)], 'train_accuracy': 0.1, 'test_accuracy': 0.1}} 
09-12 10:02 DEBUG    ****** PDM_KL matching ******** 
09-12 10:02 DEBUG    Best Sigma0: 0.5. Best sigma: 1 Best gamma: 10. Best Test accuracy: 0.1. Train acc: 0.1. 

09-12 10:02 DEBUG    PDM_KL log: {(0.5, 1, 10): {'shapes': [(3072, 279), (279,), (279, 118), (118,), (118, 113), (113,), (113, 10), (10,)], 'train_accuracy': 0.1, 'test_accuracy': 0.1}} 
09-12 10:13 DEBUG    ****** PDM_KL matching ******** 
09-12 10:13 DEBUG    Best Sigma0: 0.5. Best sigma: 1 Best gamma: 10. Best Test accuracy: 0.1. Train acc: 0.1. 

09-12 10:13 DEBUG    PDM_KL log: {(0.5, 1, 10): {'shapes': [(3072, 279), (279,), (279, 127), (127,), (127, 113), (113,), (113, 10), (10,)], 'train_accuracy': 0.1, 'test_accuracy': 0.1}} 
09-12 10:23 DEBUG    ****** PDM_KL matching ******** 
09-12 10:23 DEBUG    Best Sigma0: 0.5. Best sigma: 1 Best gamma: 10. Best Test accuracy: 0.1. Train acc: 0.1. 

09-12 10:23 DEBUG    PDM_KL log: {(0.5, 1, 10): {'shapes': [(3072, 285), (285,), (285, 118), (118,), (118, 113), (113,), (113, 10), (10,)], 'train_accuracy': 0.1, 'test_accuracy': 0.1}} 
09-12 10:33 DEBUG    ****** PDM_KL matching ******** 
09-12 10:33 DEBUG    Best Sigma0: 0.5. Best sigma: 1 Best gamma: 10. Best Test accuracy: 0.1013. Train acc: 0.10008. 

09-12 10:33 DEBUG    PDM_KL log: {(0.5, 1, 10): {'shapes': [(3072, 287), (287,), (287, 127), (127,), (127, 113), (113,), (113, 10), (10,)], 'train_accuracy': 0.10008, 'test_accuracy': 0.1013}} 
09-12 10:46 DEBUG    ****** PDM_KL matching ******** 
09-12 10:46 DEBUG    Best Sigma0: 0.5. Best sigma: 1 Best gamma: 10. Best Test accuracy: 0.1002. Train acc: 0.10002. 

09-12 10:46 DEBUG    PDM_KL log: {(0.5, 1, 10): {'shapes': [(3072, 360), (360,), (360, 127), (127,), (127, 115), (115,), (115, 10), (10,)], 'train_accuracy': 0.10002, 'test_accuracy': 0.1002}} 
09-12 11:05 DEBUG    ****** PDM_KL matching ******** 
09-12 11:05 DEBUG    Best Sigma0: 0.5. Best sigma: 1 Best gamma: 10. Best Test accuracy: 0.0991. Train acc: 0.09936. 

09-12 11:05 DEBUG    PDM_KL log: {(0.5, 1, 10): {'shapes': [(3072, 574), (574,), (574, 127), (127,), (127, 126), (126,), (126, 10), (10,)], 'train_accuracy': 0.09936, 'test_accuracy': 0.0991}} 
09-12 11:27 DEBUG    ****** PDM_KL matching ******** 
09-12 11:27 DEBUG    Best Sigma0: 0.5. Best sigma: 1 Best gamma: 10. Best Test accuracy: 0.1. Train acc: 0.1. 

09-12 11:27 DEBUG    PDM_KL log: {(0.5, 1, 10): {'shapes': [(3072, 700), (700,), (700, 127), (127,), (127, 127), (127,), (127, 10), (10,)], 'train_accuracy': 0.1, 'test_accuracy': 0.1}} 
09-12 11:48 DEBUG    ****** PDM_KL matching ******** 
09-12 11:48 DEBUG    Best Sigma0: 0.5. Best sigma: 1 Best gamma: 10. Best Test accuracy: 0.0988. Train acc: 0.09932. 

09-12 11:48 DEBUG    PDM_KL log: {(0.5, 1, 10): {'shapes': [(3072, 663), (663,), (663, 127), (127,), (127, 127), (127,), (127, 10), (10,)], 'train_accuracy': 0.09932, 'test_accuracy': 0.0988}} 
09-12 12:14 DEBUG    ****** PDM_KL matching ******** 
09-12 12:14 DEBUG    Best Sigma0: 0.5. Best sigma: 1 Best gamma: 10. Best Test accuracy: 0.1. Train acc: 0.09998. 

09-12 12:14 DEBUG    PDM_KL log: {(0.5, 1, 10): {'shapes': [(3072, 683), (683,), (683, 127), (127,), (127, 118), (118,), (118, 10), (10,)], 'train_accuracy': 0.09998, 'test_accuracy': 0.1}} 
09-12 12:14 DEBUG    Trial 5 completed
09-12 12:14 DEBUG    ####################################################################################################
09-12 12:14 DEBUG    ####################################################################################################
09-12 12:14 DEBUG    Executing Trial 6 with seed 6
09-12 12:14 DEBUG    Data statistics: {0: {0: 193, 1: 210, 3: 460, 4: 26, 5: 5, 6: 126, 7: 49, 8: 874, 9: 332}, 1: {0: 1769, 1: 168, 2: 620, 3: 158, 4: 2341}, 2: {0: 346, 1: 931, 2: 26, 3: 64, 4: 636, 5: 23, 6: 462, 7: 144, 8: 1123, 9: 3145}, 3: {0: 126, 1: 415, 2: 75, 3: 2, 4: 736, 5: 57, 6: 327, 7: 3568}, 4: {1: 503, 2: 2042, 3: 114, 4: 84, 5: 81, 6: 1902, 7: 282}, 5: {0: 1, 1: 1891, 2: 88, 3: 53, 4: 33, 5: 2056, 6: 159, 7: 13, 8: 1196}, 6: {0: 1958, 1: 90, 2: 196, 3: 739, 4: 670, 5: 89, 6: 25, 7: 71, 8: 1494}, 7: {0: 147, 1: 44, 2: 165, 3: 2558, 4: 99, 5: 1075, 6: 1979}, 8: {0: 453, 1: 735, 2: 111, 3: 484, 4: 164, 5: 1328, 6: 16, 7: 565, 8: 300, 9: 1430}, 9: {0: 7, 1: 13, 2: 1677, 3: 368, 4: 211, 5: 286, 6: 4, 7: 308, 8: 13, 9: 93}}
09-12 12:16 DEBUG    **************************************************
09-12 12:16 DEBUG    Running experiments 

09-12 12:17 DEBUG    Uniform ensemble (Train acc): 0.348780
09-12 12:17 DEBUG    Uniform ensemble (Test acc): 0.348800
09-12 12:18 DEBUG    FedAvg (Train acc): 0.100000
09-12 12:18 DEBUG    FedAvg (Test acc): 0.100000
09-12 12:26 DEBUG    ****** PDM_KL matching ******** 
09-12 12:26 DEBUG    Best Sigma0: 0.5. Best sigma: 1 Best gamma: 10. Best Test accuracy: 0.0992. Train acc: 0.10028. 

09-12 12:26 DEBUG    PDM_KL log: {(0.5, 1, 10): {'shapes': [(3072, 268), (268,), (268, 118), (118,), (118, 113), (113,), (113, 10), (10,)], 'train_accuracy': 0.10028, 'test_accuracy': 0.0992}} 
09-12 12:42 DEBUG    ****** PDM_KL matching ******** 
09-12 12:42 DEBUG    Best Sigma0: 0.5. Best sigma: 1 Best gamma: 10. Best Test accuracy: 0.1001. Train acc: 0.10004. 

09-12 12:42 DEBUG    PDM_KL log: {(0.5, 1, 10): {'shapes': [(3072, 264), (264,), (264, 118), (118,), (118, 113), (113,), (113, 10), (10,)], 'train_accuracy': 0.10004, 'test_accuracy': 0.1001}} 
09-12 12:55 DEBUG    ****** PDM_KL matching ******** 
09-12 12:55 DEBUG    Best Sigma0: 0.5. Best sigma: 1 Best gamma: 10. Best Test accuracy: 0.1003. Train acc: 0.10018. 

09-12 12:55 DEBUG    PDM_KL log: {(0.5, 1, 10): {'shapes': [(3072, 268), (268,), (268, 118), (118,), (118, 108), (108,), (108, 10), (10,)], 'train_accuracy': 0.10018, 'test_accuracy': 0.1003}} 
09-12 13:11 DEBUG    ****** PDM_KL matching ******** 
09-12 13:11 DEBUG    Best Sigma0: 0.5. Best sigma: 1 Best gamma: 10. Best Test accuracy: 0.1. Train acc: 0.1. 

09-12 13:11 DEBUG    PDM_KL log: {(0.5, 1, 10): {'shapes': [(3072, 269), (269,), (269, 118), (118,), (118, 108), (108,), (108, 10), (10,)], 'train_accuracy': 0.1, 'test_accuracy': 0.1}} 
09-12 13:26 DEBUG    ****** PDM_KL matching ******** 
09-12 13:26 DEBUG    Best Sigma0: 0.5. Best sigma: 1 Best gamma: 10. Best Test accuracy: 0.1. Train acc: 0.1. 

09-12 13:26 DEBUG    PDM_KL log: {(0.5, 1, 10): {'shapes': [(3072, 268), (268,), (268, 118), (118,), (118, 108), (108,), (108, 10), (10,)], 'train_accuracy': 0.1, 'test_accuracy': 0.1}} 
09-12 13:42 DEBUG    ****** PDM_KL matching ******** 
09-12 13:42 DEBUG    Best Sigma0: 0.5. Best sigma: 1 Best gamma: 10. Best Test accuracy: 0.1004. Train acc: 0.1012. 

09-12 13:42 DEBUG    PDM_KL log: {(0.5, 1, 10): {'shapes': [(3072, 271), (271,), (271, 118), (118,), (118, 113), (113,), (113, 10), (10,)], 'train_accuracy': 0.1012, 'test_accuracy': 0.1004}} 
09-12 13:59 DEBUG    ****** PDM_KL matching ******** 
09-12 13:59 DEBUG    Best Sigma0: 0.5. Best sigma: 1 Best gamma: 10. Best Test accuracy: 0.1. Train acc: 0.1. 

09-12 13:59 DEBUG    PDM_KL log: {(0.5, 1, 10): {'shapes': [(3072, 344), (344,), (344, 127), (127,), (127, 109), (109,), (109, 10), (10,)], 'train_accuracy': 0.1, 'test_accuracy': 0.1}} 
09-12 14:26 DEBUG    ****** PDM_KL matching ******** 
09-12 14:26 DEBUG    Best Sigma0: 0.5. Best sigma: 1 Best gamma: 10. Best Test accuracy: 0.1. Train acc: 0.1. 

09-12 14:26 DEBUG    PDM_KL log: {(0.5, 1, 10): {'shapes': [(3072, 552), (552,), (552, 127), (127,), (127, 118), (118,), (118, 10), (10,)], 'train_accuracy': 0.1, 'test_accuracy': 0.1}} 
09-12 14:55 DEBUG    ****** PDM_KL matching ******** 
09-12 14:55 DEBUG    Best Sigma0: 0.5. Best sigma: 1 Best gamma: 10. Best Test accuracy: 0.1. Train acc: 0.1. 

09-12 14:55 DEBUG    PDM_KL log: {(0.5, 1, 10): {'shapes': [(3072, 700), (700,), (700, 127), (127,), (127, 127), (127,), (127, 10), (10,)], 'train_accuracy': 0.1, 'test_accuracy': 0.1}} 
09-12 15:25 DEBUG    ****** PDM_KL matching ******** 
09-12 15:25 DEBUG    Best Sigma0: 0.5. Best sigma: 1 Best gamma: 10. Best Test accuracy: 0.1. Train acc: 0.1. 

09-12 15:25 DEBUG    PDM_KL log: {(0.5, 1, 10): {'shapes': [(3072, 673), (673,), (673, 127), (127,), (127, 127), (127,), (127, 10), (10,)], 'train_accuracy': 0.1, 'test_accuracy': 0.1}} 
09-12 15:57 DEBUG    ****** PDM_KL matching ******** 
09-12 15:57 DEBUG    Best Sigma0: 0.5. Best sigma: 1 Best gamma: 10. Best Test accuracy: 0.1. Train acc: 0.1. 

09-12 15:57 DEBUG    PDM_KL log: {(0.5, 1, 10): {'shapes': [(3072, 700), (700,), (700, 127), (127,), (127, 118), (118,), (118, 10), (10,)], 'train_accuracy': 0.1, 'test_accuracy': 0.1}} 
09-12 15:57 DEBUG    Trial 6 completed
09-12 15:57 DEBUG    ####################################################################################################
09-12 15:57 DEBUG    ####################################################################################################
09-12 15:57 DEBUG    Executing Trial 7 with seed 7
09-12 15:57 DEBUG    Data statistics: {0: {0: 52, 1: 603, 2: 315, 3: 412, 5: 3608, 6: 16}, 1: {0: 162, 1: 1520, 2: 51, 3: 67, 4: 978, 5: 22, 6: 467, 7: 46, 9: 76}, 2: {0: 15, 1: 17, 2: 1323, 3: 1633, 4: 80, 5: 211, 6: 2577}, 3: {0: 133, 1: 14, 2: 5, 3: 1, 4: 47, 5: 760, 6: 167, 7: 266, 8: 2296, 9: 2060}, 4: {0: 23, 1: 546, 2: 655, 3: 267, 4: 307, 5: 19, 6: 17, 7: 2045, 8: 2274}, 5: {0: 502, 1: 44, 2: 36, 3: 1384, 4: 56, 5: 169, 6: 353, 7: 78, 8: 163, 9: 1041}, 6: {0: 1081, 1: 586, 2: 261, 3: 178, 4: 3212}, 7: {0: 10, 1: 549, 2: 1142, 3: 864, 4: 131, 5: 7, 6: 967, 7: 1968}, 8: {0: 2077, 1: 24, 2: 767, 3: 109, 4: 114, 5: 34, 6: 12, 7: 596, 8: 261, 9: 602}, 9: {0: 945, 1: 1097, 2: 445, 3: 85, 4: 75, 5: 170, 6: 424, 7: 1, 8: 6, 9: 1221}}
09-12 15:59 DEBUG    **************************************************
09-12 15:59 DEBUG    Running experiments 

09-12 16:00 DEBUG    Uniform ensemble (Train acc): 0.349840
09-12 16:00 DEBUG    Uniform ensemble (Test acc): 0.349500
09-12 16:00 DEBUG    FedAvg (Train acc): 0.100000
09-12 16:00 DEBUG    FedAvg (Test acc): 0.100000
09-12 16:07 DEBUG    ****** PDM_KL matching ******** 
09-12 16:07 DEBUG    Best Sigma0: 0.5. Best sigma: 1 Best gamma: 10. Best Test accuracy: 0.1013. Train acc: 0.1022. 

09-12 16:07 DEBUG    PDM_KL log: {(0.5, 1, 10): {'shapes': [(3072, 273), (273,), (273, 118), (118,), (118, 111), (111,), (111, 10), (10,)], 'train_accuracy': 0.1022, 'test_accuracy': 0.1013}} 
09-12 16:22 DEBUG    ****** PDM_KL matching ******** 
09-12 16:22 DEBUG    Best Sigma0: 0.5. Best sigma: 1 Best gamma: 10. Best Test accuracy: 0.0955. Train acc: 0.09558. 

09-12 16:22 DEBUG    PDM_KL log: {(0.5, 1, 10): {'shapes': [(3072, 271), (271,), (271, 127), (127,), (127, 111), (111,), (111, 10), (10,)], 'train_accuracy': 0.09558, 'test_accuracy': 0.0955}} 
09-12 16:37 DEBUG    ****** PDM_KL matching ******** 
09-12 16:37 DEBUG    Best Sigma0: 0.5. Best sigma: 1 Best gamma: 10. Best Test accuracy: 0.0954. Train acc: 0.09676. 

09-12 16:37 DEBUG    PDM_KL log: {(0.5, 1, 10): {'shapes': [(3072, 272), (272,), (272, 127), (127,), (127, 111), (111,), (111, 10), (10,)], 'train_accuracy': 0.09676, 'test_accuracy': 0.0954}} 
09-12 16:51 DEBUG    ****** PDM_KL matching ******** 
09-12 16:51 DEBUG    Best Sigma0: 0.5. Best sigma: 1 Best gamma: 10. Best Test accuracy: 0.1. Train acc: 0.1. 

09-12 16:51 DEBUG    PDM_KL log: {(0.5, 1, 10): {'shapes': [(3072, 277), (277,), (277, 118), (118,), (118, 111), (111,), (111, 10), (10,)], 'train_accuracy': 0.1, 'test_accuracy': 0.1}} 
09-12 17:06 DEBUG    ****** PDM_KL matching ******** 
09-12 17:06 DEBUG    Best Sigma0: 0.5. Best sigma: 1 Best gamma: 10. Best Test accuracy: 0.0957. Train acc: 0.09616. 

09-12 17:06 DEBUG    PDM_KL log: {(0.5, 1, 10): {'shapes': [(3072, 280), (280,), (280, 118), (118,), (118, 111), (111,), (111, 10), (10,)], 'train_accuracy': 0.09616, 'test_accuracy': 0.0957}} 
09-12 17:23 DEBUG    ****** PDM_KL matching ******** 
09-12 17:23 DEBUG    Best Sigma0: 0.5. Best sigma: 1 Best gamma: 10. Best Test accuracy: 0.0946. Train acc: 0.09526. 

09-12 17:23 DEBUG    PDM_KL log: {(0.5, 1, 10): {'shapes': [(3072, 285), (285,), (285, 118), (118,), (118, 111), (111,), (111, 10), (10,)], 'train_accuracy': 0.09526, 'test_accuracy': 0.0946}} 
09-12 17:40 DEBUG    ****** PDM_KL matching ******** 
09-12 17:40 DEBUG    Best Sigma0: 0.5. Best sigma: 1 Best gamma: 10. Best Test accuracy: 0.0966. Train acc: 0.09728. 

09-12 17:40 DEBUG    PDM_KL log: {(0.5, 1, 10): {'shapes': [(3072, 348), (348,), (348, 127), (127,), (127, 114), (114,), (114, 10), (10,)], 'train_accuracy': 0.09728, 'test_accuracy': 0.0966}} 
09-12 18:05 DEBUG    ****** PDM_KL matching ******** 
09-12 18:05 DEBUG    Best Sigma0: 0.5. Best sigma: 1 Best gamma: 10. Best Test accuracy: 0.1033. Train acc: 0.10292. 

09-12 18:05 DEBUG    PDM_KL log: {(0.5, 1, 10): {'shapes': [(3072, 543), (543,), (543, 127), (127,), (127, 118), (118,), (118, 10), (10,)], 'train_accuracy': 0.10292, 'test_accuracy': 0.1033}} 
09-12 18:35 DEBUG    ****** PDM_KL matching ******** 
09-12 18:35 DEBUG    Best Sigma0: 0.5. Best sigma: 1 Best gamma: 10. Best Test accuracy: 0.1. Train acc: 0.1. 

09-12 18:35 DEBUG    PDM_KL log: {(0.5, 1, 10): {'shapes': [(3072, 668), (668,), (668, 127), (127,), (127, 127), (127,), (127, 10), (10,)], 'train_accuracy': 0.1, 'test_accuracy': 0.1}} 
09-12 19:03 DEBUG    ****** PDM_KL matching ******** 
09-12 19:03 DEBUG    Best Sigma0: 0.5. Best sigma: 1 Best gamma: 10. Best Test accuracy: 0.0986. Train acc: 0.09858. 

09-12 19:03 DEBUG    PDM_KL log: {(0.5, 1, 10): {'shapes': [(3072, 636), (636,), (636, 127), (127,), (127, 118), (118,), (118, 10), (10,)], 'train_accuracy': 0.09858, 'test_accuracy': 0.0986}} 
09-12 19:30 DEBUG    ****** PDM_KL matching ******** 
09-12 19:30 DEBUG    Best Sigma0: 0.5. Best sigma: 1 Best gamma: 10. Best Test accuracy: 0.1. Train acc: 0.1. 

09-12 19:30 DEBUG    PDM_KL log: {(0.5, 1, 10): {'shapes': [(3072, 648), (648,), (648, 127), (127,), (127, 118), (118,), (118, 10), (10,)], 'train_accuracy': 0.1, 'test_accuracy': 0.1}} 
09-12 19:30 DEBUG    Trial 7 completed
09-12 19:30 DEBUG    ####################################################################################################
09-12 19:30 DEBUG    ####################################################################################################
09-12 19:30 DEBUG    Executing Trial 8 with seed 8
09-12 19:30 DEBUG    Data statistics: {0: {0: 524, 1: 168, 2: 259, 3: 1157, 4: 846, 5: 351, 6: 350, 7: 125, 8: 1521}, 1: {0: 10, 1: 1310, 2: 1614, 3: 90, 4: 8, 5: 214, 6: 861, 7: 1092}, 2: {0: 419, 1: 407, 2: 225, 3: 92, 4: 239, 5: 194, 6: 1031, 7: 439, 8: 285, 9: 15}, 3: {0: 28, 1: 306, 2: 33, 3: 771, 4: 66, 5: 275, 6: 140, 7: 431, 8: 14, 9: 3014}, 4: {0: 21, 1: 95, 2: 123, 3: 552, 5: 857, 6: 67, 7: 1578, 8: 108, 9: 1722}, 5: {0: 56, 1: 317, 2: 1458, 3: 2, 4: 205, 5: 2189, 6: 1243}, 6: {0: 167, 1: 198, 2: 701, 3: 793, 4: 735, 5: 779, 6: 196, 7: 139, 8: 3050}, 7: {0: 3355, 1: 1713}, 8: {0: 395, 1: 94, 2: 284, 3: 1438, 4: 88, 5: 140, 7: 515, 8: 21, 9: 249}, 9: {0: 25, 1: 392, 2: 303, 3: 105, 4: 2813, 5: 1, 6: 1112, 7: 681, 8: 1}}
09-12 19:32 DEBUG    **************************************************
09-12 19:32 DEBUG    Running experiments 

09-12 19:33 DEBUG    Uniform ensemble (Train acc): 0.323320
09-12 19:33 DEBUG    Uniform ensemble (Test acc): 0.324600
09-12 19:33 DEBUG    FedAvg (Train acc): 0.100000
09-12 19:33 DEBUG    FedAvg (Test acc): 0.100000
09-12 19:41 DEBUG    ****** PDM_KL matching ******** 
09-12 19:41 DEBUG    Best Sigma0: 0.5. Best sigma: 1 Best gamma: 10. Best Test accuracy: 0.1319. Train acc: 0.13176. 

09-12 19:41 DEBUG    PDM_KL log: {(0.5, 1, 10): {'shapes': [(3072, 269), (269,), (269, 127), (127,), (127, 113), (113,), (113, 10), (10,)], 'train_accuracy': 0.13176, 'test_accuracy': 0.1319}} 
09-12 19:53 DEBUG    ****** PDM_KL matching ******** 
09-12 19:53 DEBUG    Best Sigma0: 0.5. Best sigma: 1 Best gamma: 10. Best Test accuracy: 0.1406. Train acc: 0.14152. 

09-12 19:53 DEBUG    PDM_KL log: {(0.5, 1, 10): {'shapes': [(3072, 265), (265,), (265, 118), (118,), (118, 113), (113,), (113, 10), (10,)], 'train_accuracy': 0.14152, 'test_accuracy': 0.1406}} 
09-12 20:09 DEBUG    ****** PDM_KL matching ******** 
09-12 20:09 DEBUG    Best Sigma0: 0.5. Best sigma: 1 Best gamma: 10. Best Test accuracy: 0.1371. Train acc: 0.13788. 

09-12 20:09 DEBUG    PDM_KL log: {(0.5, 1, 10): {'shapes': [(3072, 269), (269,), (269, 127), (127,), (127, 113), (113,), (113, 10), (10,)], 'train_accuracy': 0.13788, 'test_accuracy': 0.1371}} 
09-12 20:22 DEBUG    ****** PDM_KL matching ******** 
09-12 20:22 DEBUG    Best Sigma0: 0.5. Best sigma: 1 Best gamma: 10. Best Test accuracy: 0.1342. Train acc: 0.1343. 

09-12 20:22 DEBUG    PDM_KL log: {(0.5, 1, 10): {'shapes': [(3072, 270), (270,), (270, 118), (118,), (118, 113), (113,), (113, 10), (10,)], 'train_accuracy': 0.1343, 'test_accuracy': 0.1342}} 
09-12 20:34 DEBUG    ****** PDM_KL matching ******** 
09-12 20:34 DEBUG    Best Sigma0: 0.5. Best sigma: 1 Best gamma: 10. Best Test accuracy: 0.1329. Train acc: 0.13256. 

09-12 20:34 DEBUG    PDM_KL log: {(0.5, 1, 10): {'shapes': [(3072, 274), (274,), (274, 118), (118,), (118, 113), (113,), (113, 10), (10,)], 'train_accuracy': 0.13256, 'test_accuracy': 0.1329}} 
09-12 20:48 DEBUG    ****** PDM_KL matching ******** 
09-12 20:48 DEBUG    Best Sigma0: 0.5. Best sigma: 1 Best gamma: 10. Best Test accuracy: 0.1402. Train acc: 0.14166. 

09-12 20:48 DEBUG    PDM_KL log: {(0.5, 1, 10): {'shapes': [(3072, 277), (277,), (277, 127), (127,), (127, 112), (112,), (112, 10), (10,)], 'train_accuracy': 0.14166, 'test_accuracy': 0.1402}} 
09-12 21:03 DEBUG    ****** PDM_KL matching ******** 
09-12 21:03 DEBUG    Best Sigma0: 0.5. Best sigma: 1 Best gamma: 10. Best Test accuracy: 0.1428. Train acc: 0.14406. 

09-12 21:03 DEBUG    PDM_KL log: {(0.5, 1, 10): {'shapes': [(3072, 343), (343,), (343, 127), (127,), (127, 117), (117,), (117, 10), (10,)], 'train_accuracy': 0.14406, 'test_accuracy': 0.1428}} 
09-12 21:22 DEBUG    ****** PDM_KL matching ******** 
09-12 21:22 DEBUG    Best Sigma0: 0.5. Best sigma: 1 Best gamma: 10. Best Test accuracy: 0.1348. Train acc: 0.13606. 

09-12 21:22 DEBUG    PDM_KL log: {(0.5, 1, 10): {'shapes': [(3072, 553), (553,), (553, 127), (127,), (127, 119), (119,), (119, 10), (10,)], 'train_accuracy': 0.13606, 'test_accuracy': 0.1348}} 
09-12 21:54 DEBUG    ****** PDM_KL matching ******** 
09-12 21:54 DEBUG    Best Sigma0: 0.5. Best sigma: 1 Best gamma: 10. Best Test accuracy: 0.1. Train acc: 0.1. 

09-12 21:54 DEBUG    PDM_KL log: {(0.5, 1, 10): {'shapes': [(3072, 692), (692,), (692, 127), (127,), (127, 127), (127,), (127, 10), (10,)], 'train_accuracy': 0.1, 'test_accuracy': 0.1}} 
09-12 22:21 DEBUG    ****** PDM_KL matching ******** 
09-12 22:21 DEBUG    Best Sigma0: 0.5. Best sigma: 1 Best gamma: 10. Best Test accuracy: 0.1. Train acc: 0.1. 

09-12 22:21 DEBUG    PDM_KL log: {(0.5, 1, 10): {'shapes': [(3072, 634), (634,), (634, 127), (127,), (127, 127), (127,), (127, 10), (10,)], 'train_accuracy': 0.1, 'test_accuracy': 0.1}} 
09-12 22:45 DEBUG    ****** PDM_KL matching ******** 
09-12 22:45 DEBUG    Best Sigma0: 0.5. Best sigma: 1 Best gamma: 10. Best Test accuracy: 0.0999. Train acc: 0.10012. 

09-12 22:45 DEBUG    PDM_KL log: {(0.5, 1, 10): {'shapes': [(3072, 655), (655,), (655, 127), (127,), (127, 127), (127,), (127, 10), (10,)], 'train_accuracy': 0.10012, 'test_accuracy': 0.0999}} 
09-12 22:45 DEBUG    Trial 8 completed
09-12 22:45 DEBUG    ####################################################################################################
09-12 22:45 DEBUG    ####################################################################################################
09-12 22:45 DEBUG    Executing Trial 9 with seed 9
09-12 22:45 DEBUG    Data statistics: {0: {0: 850, 1: 134, 2: 1, 3: 25, 4: 72, 5: 460, 6: 154, 7: 349, 8: 2830, 9: 76}, 1: {0: 207, 1: 1494, 2: 666, 3: 1620, 4: 108, 5: 232, 6: 695}, 2: {0: 273, 1: 142, 2: 96, 3: 413, 4: 807, 5: 440, 6: 112, 7: 72, 8: 6, 9: 476}, 3: {0: 943, 1: 497, 2: 82, 3: 901, 4: 767, 5: 61, 6: 16, 7: 1049, 8: 13, 9: 18}, 4: {0: 706, 1: 124, 2: 1814, 3: 664, 4: 2594}, 5: {0: 58, 2: 452, 3: 3, 4: 95, 5: 842, 6: 14, 7: 1323, 8: 1770, 9: 199}, 6: {0: 289, 1: 63, 2: 4, 3: 214, 4: 342, 5: 1069, 6: 860, 7: 239, 9: 2287}, 7: {0: 755, 1: 464, 2: 1575, 3: 452, 4: 50, 5: 8, 6: 2365}, 8: {0: 116, 1: 1976, 2: 6, 3: 563, 4: 76, 5: 1467, 6: 95, 7: 785}, 9: {0: 803, 1: 106, 2: 304, 3: 145, 4: 89, 5: 421, 6: 689, 7: 1183, 8: 381, 9: 1944}}
09-12 22:47 DEBUG    **************************************************
09-12 22:47 DEBUG    Running experiments 

09-12 22:47 DEBUG    Uniform ensemble (Train acc): 0.345140
09-12 22:47 DEBUG    Uniform ensemble (Test acc): 0.341400
09-12 22:48 DEBUG    FedAvg (Train acc): 0.100000
09-12 22:48 DEBUG    FedAvg (Test acc): 0.100000
09-12 22:54 DEBUG    ****** PDM_KL matching ******** 
09-12 22:54 DEBUG    Best Sigma0: 0.5. Best sigma: 1 Best gamma: 10. Best Test accuracy: 0.1212. Train acc: 0.12616. 

09-12 22:54 DEBUG    PDM_KL log: {(0.5, 1, 10): {'shapes': [(3072, 270), (270,), (270, 118), (118,), (118, 109), (109,), (109, 10), (10,)], 'train_accuracy': 0.12616, 'test_accuracy': 0.1212}} 
09-12 23:06 DEBUG    ****** PDM_KL matching ******** 
09-12 23:06 DEBUG    Best Sigma0: 0.5. Best sigma: 1 Best gamma: 10. Best Test accuracy: 0.1035. Train acc: 0.10378. 

09-12 23:06 DEBUG    PDM_KL log: {(0.5, 1, 10): {'shapes': [(3072, 267), (267,), (267, 118), (118,), (118, 111), (111,), (111, 10), (10,)], 'train_accuracy': 0.10378, 'test_accuracy': 0.1035}} 
09-12 23:18 DEBUG    ****** PDM_KL matching ******** 
09-12 23:18 DEBUG    Best Sigma0: 0.5. Best sigma: 1 Best gamma: 10. Best Test accuracy: 0.1171. Train acc: 0.11864. 

09-12 23:18 DEBUG    PDM_KL log: {(0.5, 1, 10): {'shapes': [(3072, 270), (270,), (270, 127), (127,), (127, 109), (109,), (109, 10), (10,)], 'train_accuracy': 0.11864, 'test_accuracy': 0.1171}} 
09-12 23:31 DEBUG    ****** PDM_KL matching ******** 
09-12 23:31 DEBUG    Best Sigma0: 0.5. Best sigma: 1 Best gamma: 10. Best Test accuracy: 0.1134. Train acc: 0.116. 

09-12 23:31 DEBUG    PDM_KL log: {(0.5, 1, 10): {'shapes': [(3072, 272), (272,), (272, 118), (118,), (118, 109), (109,), (109, 10), (10,)], 'train_accuracy': 0.116, 'test_accuracy': 0.1134}} 
09-12 23:42 DEBUG    ****** PDM_KL matching ******** 
09-12 23:42 DEBUG    Best Sigma0: 0.5. Best sigma: 1 Best gamma: 10. Best Test accuracy: 0.13. Train acc: 0.13208. 

09-12 23:42 DEBUG    PDM_KL log: {(0.5, 1, 10): {'shapes': [(3072, 273), (273,), (273, 118), (118,), (118, 108), (108,), (108, 10), (10,)], 'train_accuracy': 0.13208, 'test_accuracy': 0.13}} 
09-12 23:56 DEBUG    ****** PDM_KL matching ******** 
09-12 23:56 DEBUG    Best Sigma0: 0.5. Best sigma: 1 Best gamma: 10. Best Test accuracy: 0.1286. Train acc: 0.12958. 

09-12 23:56 DEBUG    PDM_KL log: {(0.5, 1, 10): {'shapes': [(3072, 276), (276,), (276, 118), (118,), (118, 109), (109,), (109, 10), (10,)], 'train_accuracy': 0.12958, 'test_accuracy': 0.1286}} 
09-13 00:09 DEBUG    ****** PDM_KL matching ******** 
09-13 00:09 DEBUG    Best Sigma0: 0.5. Best sigma: 1 Best gamma: 10. Best Test accuracy: 0.1191. Train acc: 0.12106. 

09-13 00:09 DEBUG    PDM_KL log: {(0.5, 1, 10): {'shapes': [(3072, 336), (336,), (336, 118), (118,), (118, 116), (116,), (116, 10), (10,)], 'train_accuracy': 0.12106, 'test_accuracy': 0.1191}} 
09-13 00:31 DEBUG    ****** PDM_KL matching ******** 
09-13 00:31 DEBUG    Best Sigma0: 0.5. Best sigma: 1 Best gamma: 10. Best Test accuracy: 0.1169. Train acc: 0.11586. 

09-13 00:31 DEBUG    PDM_KL log: {(0.5, 1, 10): {'shapes': [(3072, 567), (567,), (567, 127), (127,), (127, 118), (118,), (118, 10), (10,)], 'train_accuracy': 0.11586, 'test_accuracy': 0.1169}} 
09-13 00:54 DEBUG    ****** PDM_KL matching ******** 
09-13 00:54 DEBUG    Best Sigma0: 0.5. Best sigma: 1 Best gamma: 10. Best Test accuracy: 0.1024. Train acc: 0.10548. 

09-13 00:54 DEBUG    PDM_KL log: {(0.5, 1, 10): {'shapes': [(3072, 690), (690,), (690, 127), (127,), (127, 127), (127,), (127, 10), (10,)], 'train_accuracy': 0.10548, 'test_accuracy': 0.1024}} 
09-13 01:13 DEBUG    ****** PDM_KL matching ******** 
09-13 01:13 DEBUG    Best Sigma0: 0.5. Best sigma: 1 Best gamma: 10. Best Test accuracy: 0.1. Train acc: 0.1. 

09-13 01:13 DEBUG    PDM_KL log: {(0.5, 1, 10): {'shapes': [(3072, 639), (639,), (639, 127), (127,), (127, 127), (127,), (127, 10), (10,)], 'train_accuracy': 0.1, 'test_accuracy': 0.1}} 
09-13 01:33 DEBUG    ****** PDM_KL matching ******** 
09-13 01:33 DEBUG    Best Sigma0: 0.5. Best sigma: 1 Best gamma: 10. Best Test accuracy: 0.1. Train acc: 0.1. 

09-13 01:33 DEBUG    PDM_KL log: {(0.5, 1, 10): {'shapes': [(3072, 674), (674,), (674, 127), (127,), (127, 127), (127,), (127, 10), (10,)], 'train_accuracy': 0.1, 'test_accuracy': 0.1}} 
09-13 01:33 DEBUG    Trial 9 completed
09-13 01:33 DEBUG    ####################################################################################################
