09-11 17:38 DEBUG    Experiment arguments: Namespace(alpha=0.5, communication_rounds=None, datadir='data/cifar10', dataset='cifar10', device=1.0, dropout_p=0.0, epochs=10, experiment=['all'], init_seed=0, iter_epochs=5, layers=1, loaddir='saved_weights/cifar10/hetero-dir', logdir='KL_regs/cifar10/hetero-dir', lr=0.01, lr_decay=1.0, n=6, n_layers=1, n_nets=10, net_config=[3072, 100, 100, 100, 100, 10], num_pool_workers=6, partition='hetero-dir', pdm_gamma=1.0, pdm_sig=1.0, pdm_sig0=1.0, reg=1e-06, reg_fac=0.0, trials=10)
09-11 17:38 DEBUG    ####################################################################################################
09-11 17:38 DEBUG    Executing Trial 0 with seed 0
09-11 17:38 DEBUG    Data statistics: {0: {0: 953, 1: 142, 2: 141, 3: 75, 4: 695, 5: 819, 7: 2482}, 1: {0: 16, 1: 43, 2: 902, 3: 1650, 4: 86, 5: 182, 7: 693, 8: 110, 9: 6}, 2: {0: 9, 1: 8, 2: 290, 3: 769, 4: 841, 5: 283, 6: 119, 7: 1044, 8: 1014, 9: 58}, 3: {0: 395, 1: 1200, 2: 48, 3: 68, 4: 896, 5: 681, 6: 90, 7: 17, 8: 1351, 9: 301}, 4: {0: 504, 1: 2917, 2: 570, 3: 721, 4: 121, 5: 356}, 5: {0: 1262, 1: 71, 2: 325, 3: 119, 4: 1560, 5: 14, 6: 1, 7: 85, 8: 366}, 6: {0: 9, 1: 273, 2: 1657, 3: 40, 4: 1, 5: 130, 6: 1911, 7: 21, 8: 1160}, 7: {0: 722, 1: 3, 2: 281, 3: 738, 4: 22, 5: 974, 6: 624, 7: 1, 8: 82, 9: 878}, 8: {0: 1127, 1: 153, 2: 680, 3: 500, 4: 698, 5: 1139, 6: 92, 7: 23, 8: 1, 9: 3665}, 9: {0: 3, 1: 190, 2: 106, 3: 320, 4: 80, 5: 422, 6: 2163, 7: 634, 8: 916, 9: 92}}
09-11 17:39 DEBUG    **************************************************
09-11 17:39 DEBUG    Running experiments 

09-11 17:39 DEBUG    Uniform ensemble (Train acc): 0.323860
09-11 17:39 DEBUG    Uniform ensemble (Test acc): 0.321600
09-11 17:39 DEBUG    FedAvg (Train acc): 0.100000
09-11 17:39 DEBUG    FedAvg (Test acc): 0.100000
09-11 17:43 DEBUG    ****** PDM_KL matching ******** 
09-11 17:43 DEBUG    Best Sigma0: 0.5. Best sigma: 1 Best gamma: 10. Best Test accuracy: 0.1066. Train acc: 0.10822. 

09-11 17:43 DEBUG    PDM_KL log: {(0.5, 1, 10): {'shapes': [(3072, 263), (263,), (263, 118), (118,), (118, 118), (118,), (118, 111), (111,), (111, 10), (10,)], 'train_accuracy': 0.10822, 'test_accuracy': 0.1066}} 
09-11 17:53 DEBUG    ****** PDM_KL matching ******** 
09-11 17:53 DEBUG    Best Sigma0: 0.5. Best sigma: 1 Best gamma: 10. Best Test accuracy: 0.1. Train acc: 0.10016. 

09-11 17:53 DEBUG    PDM_KL log: {(0.5, 1, 10): {'shapes': [(3072, 266), (266,), (266, 118), (118,), (118, 118), (118,), (118, 111), (111,), (111, 10), (10,)], 'train_accuracy': 0.10016, 'test_accuracy': 0.1}} 
09-11 18:02 DEBUG    ****** PDM_KL matching ******** 
09-11 18:02 DEBUG    Best Sigma0: 0.5. Best sigma: 1 Best gamma: 10. Best Test accuracy: 0.098. Train acc: 0.09438. 

09-11 18:02 DEBUG    PDM_KL log: {(0.5, 1, 10): {'shapes': [(3072, 256), (256,), (256, 118), (118,), (118, 118), (118,), (118, 111), (111,), (111, 10), (10,)], 'train_accuracy': 0.09438, 'test_accuracy': 0.098}} 
09-11 18:11 DEBUG    ****** PDM_KL matching ******** 
09-11 18:11 DEBUG    Best Sigma0: 0.5. Best sigma: 1 Best gamma: 10. Best Test accuracy: 0.0995. Train acc: 0.10058. 

09-11 18:11 DEBUG    PDM_KL log: {(0.5, 1, 10): {'shapes': [(3072, 261), (261,), (261, 118), (118,), (118, 118), (118,), (118, 111), (111,), (111, 10), (10,)], 'train_accuracy': 0.10058, 'test_accuracy': 0.0995}} 
09-11 18:20 DEBUG    ****** PDM_KL matching ******** 
09-11 18:20 DEBUG    Best Sigma0: 0.5. Best sigma: 1 Best gamma: 10. Best Test accuracy: 0.1001. Train acc: 0.10012. 

09-11 18:20 DEBUG    PDM_KL log: {(0.5, 1, 10): {'shapes': [(3072, 274), (274,), (274, 127), (127,), (127, 118), (118,), (118, 111), (111,), (111, 10), (10,)], 'train_accuracy': 0.10012, 'test_accuracy': 0.1001}} 
09-11 18:30 DEBUG    ****** PDM_KL matching ******** 
09-11 18:30 DEBUG    Best Sigma0: 0.5. Best sigma: 1 Best gamma: 10. Best Test accuracy: 0.0956. Train acc: 0.09718. 

09-11 18:30 DEBUG    PDM_KL log: {(0.5, 1, 10): {'shapes': [(3072, 272), (272,), (272, 118), (118,), (118, 127), (127,), (127, 108), (108,), (108, 10), (10,)], 'train_accuracy': 0.09718, 'test_accuracy': 0.0956}} 
09-11 18:41 DEBUG    ****** PDM_KL matching ******** 
09-11 18:41 DEBUG    Best Sigma0: 0.5. Best sigma: 1 Best gamma: 10. Best Test accuracy: 0.0999. Train acc: 0.10002. 

09-11 18:41 DEBUG    PDM_KL log: {(0.5, 1, 10): {'shapes': [(3072, 325), (325,), (325, 127), (127,), (127, 127), (127,), (127, 113), (113,), (113, 10), (10,)], 'train_accuracy': 0.10002, 'test_accuracy': 0.0999}} 
09-11 18:58 DEBUG    ****** PDM_KL matching ******** 
09-11 18:58 DEBUG    Best Sigma0: 0.5. Best sigma: 1 Best gamma: 10. Best Test accuracy: 0.1. Train acc: 0.1. 

09-11 18:58 DEBUG    PDM_KL log: {(0.5, 1, 10): {'shapes': [(3072, 542), (542,), (542, 127), (127,), (127, 127), (127,), (127, 118), (118,), (118, 10), (10,)], 'train_accuracy': 0.1, 'test_accuracy': 0.1}} 
09-11 19:19 DEBUG    ****** PDM_KL matching ******** 
09-11 19:19 DEBUG    Best Sigma0: 0.5. Best sigma: 1 Best gamma: 10. Best Test accuracy: 0.1. Train acc: 0.1. 

09-11 19:19 DEBUG    PDM_KL log: {(0.5, 1, 10): {'shapes': [(3072, 682), (682,), (682, 127), (127,), (127, 127), (127,), (127, 127), (127,), (127, 10), (10,)], 'train_accuracy': 0.1, 'test_accuracy': 0.1}} 
09-11 19:39 DEBUG    ****** PDM_KL matching ******** 
09-11 19:39 DEBUG    Best Sigma0: 0.5. Best sigma: 1 Best gamma: 10. Best Test accuracy: 0.1. Train acc: 0.1. 

09-11 19:39 DEBUG    PDM_KL log: {(0.5, 1, 10): {'shapes': [(3072, 653), (653,), (653, 136), (136,), (136, 127), (127,), (127, 118), (118,), (118, 10), (10,)], 'train_accuracy': 0.1, 'test_accuracy': 0.1}} 
09-11 19:59 DEBUG    ****** PDM_KL matching ******** 
09-11 19:59 DEBUG    Best Sigma0: 0.5. Best sigma: 1 Best gamma: 10. Best Test accuracy: 0.1. Train acc: 0.1. 

09-11 19:59 DEBUG    PDM_KL log: {(0.5, 1, 10): {'shapes': [(3072, 670), (670,), (670, 127), (127,), (127, 127), (127,), (127, 118), (118,), (118, 10), (10,)], 'train_accuracy': 0.1, 'test_accuracy': 0.1}} 
09-11 19:59 DEBUG    Trial 0 completed
09-11 19:59 DEBUG    ####################################################################################################
09-11 19:59 DEBUG    ####################################################################################################
09-11 19:59 DEBUG    Executing Trial 1 with seed 1
09-11 19:59 DEBUG    Data statistics: {0: {0: 64, 1: 306, 2: 78, 3: 575, 4: 153, 5: 1405, 6: 540, 7: 346, 8: 1359, 9: 1110}, 1: {0: 727, 1: 1165, 2: 328, 3: 541, 4: 88, 5: 2, 6: 289, 7: 5, 8: 96, 9: 963}, 2: {0: 97, 1: 6, 2: 449, 3: 1188, 4: 884, 5: 1983, 6: 1198}, 3: {0: 1155, 1: 249, 2: 41, 3: 844, 4: 1354, 5: 27, 6: 2, 7: 612, 8: 1013}, 4: {0: 11, 1: 434, 2: 412, 3: 239, 4: 1707, 5: 740, 6: 107, 7: 830, 8: 236, 9: 272}, 5: {0: 2048, 1: 1819, 2: 716, 3: 194, 4: 566}, 6: {0: 12, 1: 682, 2: 1563, 3: 2, 4: 108, 5: 36, 6: 1697, 7: 811, 8: 52, 9: 2532}, 7: {0: 381, 1: 270, 2: 1103, 3: 250, 4: 16, 5: 214, 6: 381, 7: 1715, 8: 828}, 8: {0: 231, 1: 5, 3: 617, 4: 123, 5: 326, 6: 2, 8: 664, 9: 12}, 9: {0: 274, 1: 64, 2: 310, 3: 550, 4: 1, 5: 267, 6: 784, 7: 681, 8: 752, 9: 111}}
09-11 20:01 DEBUG    **************************************************
09-11 20:01 DEBUG    Running experiments 

09-11 20:01 DEBUG    Uniform ensemble (Train acc): 0.348420
09-11 20:01 DEBUG    Uniform ensemble (Test acc): 0.344100
09-11 20:01 DEBUG    FedAvg (Train acc): 0.100000
09-11 20:01 DEBUG    FedAvg (Test acc): 0.100000
09-11 20:06 DEBUG    ****** PDM_KL matching ******** 
09-11 20:06 DEBUG    Best Sigma0: 0.5. Best sigma: 1 Best gamma: 10. Best Test accuracy: 0.0995. Train acc: 0.09796. 

09-11 20:06 DEBUG    PDM_KL log: {(0.5, 1, 10): {'shapes': [(3072, 258), (258,), (258, 118), (118,), (118, 118), (118,), (118, 116), (116,), (116, 10), (10,)], 'train_accuracy': 0.09796, 'test_accuracy': 0.0995}} 
09-11 20:15 DEBUG    ****** PDM_KL matching ******** 
09-11 20:15 DEBUG    Best Sigma0: 0.5. Best sigma: 1 Best gamma: 10. Best Test accuracy: 0.1008. Train acc: 0.10008. 

09-11 20:15 DEBUG    PDM_KL log: {(0.5, 1, 10): {'shapes': [(3072, 258), (258,), (258, 127), (127,), (127, 118), (118,), (118, 116), (116,), (116, 10), (10,)], 'train_accuracy': 0.10008, 'test_accuracy': 0.1008}} 
09-11 20:24 DEBUG    ****** PDM_KL matching ******** 
09-11 20:24 DEBUG    Best Sigma0: 0.5. Best sigma: 1 Best gamma: 10. Best Test accuracy: 0.1. Train acc: 0.1. 

09-11 20:24 DEBUG    PDM_KL log: {(0.5, 1, 10): {'shapes': [(3072, 257), (257,), (257, 127), (127,), (127, 118), (118,), (118, 116), (116,), (116, 10), (10,)], 'train_accuracy': 0.1, 'test_accuracy': 0.1}} 
09-11 20:33 DEBUG    ****** PDM_KL matching ******** 
09-11 20:33 DEBUG    Best Sigma0: 0.5. Best sigma: 1 Best gamma: 10. Best Test accuracy: 0.114. Train acc: 0.11046. 

09-11 20:33 DEBUG    PDM_KL log: {(0.5, 1, 10): {'shapes': [(3072, 257), (257,), (257, 118), (118,), (118, 118), (118,), (118, 117), (117,), (117, 10), (10,)], 'train_accuracy': 0.11046, 'test_accuracy': 0.114}} 
09-11 20:42 DEBUG    ****** PDM_KL matching ******** 
09-11 20:42 DEBUG    Best Sigma0: 0.5. Best sigma: 1 Best gamma: 10. Best Test accuracy: 0.1002. Train acc: 0.1. 

09-11 20:42 DEBUG    PDM_KL log: {(0.5, 1, 10): {'shapes': [(3072, 257), (257,), (257, 127), (127,), (127, 118), (118,), (118, 117), (117,), (117, 10), (10,)], 'train_accuracy': 0.1, 'test_accuracy': 0.1002}} 
09-11 20:51 DEBUG    ****** PDM_KL matching ******** 
09-11 20:51 DEBUG    Best Sigma0: 0.5. Best sigma: 1 Best gamma: 10. Best Test accuracy: 0.1125. Train acc: 0.11122. 

09-11 20:51 DEBUG    PDM_KL log: {(0.5, 1, 10): {'shapes': [(3072, 262), (262,), (262, 127), (127,), (127, 118), (118,), (118, 116), (116,), (116, 10), (10,)], 'train_accuracy': 0.11122, 'test_accuracy': 0.1125}} 
09-11 21:02 DEBUG    ****** PDM_KL matching ******** 
09-11 21:02 DEBUG    Best Sigma0: 0.5. Best sigma: 1 Best gamma: 10. Best Test accuracy: 0.1. Train acc: 0.1. 

09-11 21:02 DEBUG    PDM_KL log: {(0.5, 1, 10): {'shapes': [(3072, 316), (316,), (316, 127), (127,), (127, 127), (127,), (127, 117), (117,), (117, 10), (10,)], 'train_accuracy': 0.1, 'test_accuracy': 0.1}} 
09-11 21:18 DEBUG    ****** PDM_KL matching ******** 
09-11 21:18 DEBUG    Best Sigma0: 0.5. Best sigma: 1 Best gamma: 10. Best Test accuracy: 0.1. Train acc: 0.1. 

09-11 21:18 DEBUG    PDM_KL log: {(0.5, 1, 10): {'shapes': [(3072, 540), (540,), (540, 127), (127,), (127, 127), (127,), (127, 119), (119,), (119, 10), (10,)], 'train_accuracy': 0.1, 'test_accuracy': 0.1}} 
09-11 21:53 DEBUG    ****** PDM_KL matching ******** 
09-11 21:53 DEBUG    Best Sigma0: 0.5. Best sigma: 1 Best gamma: 10. Best Test accuracy: 0.1. Train acc: 0.1. 

09-11 21:53 DEBUG    PDM_KL log: {(0.5, 1, 10): {'shapes': [(3072, 689), (689,), (689, 127), (127,), (127, 127), (127,), (127, 127), (127,), (127, 10), (10,)], 'train_accuracy': 0.1, 'test_accuracy': 0.1}} 
09-11 22:34 DEBUG    ****** PDM_KL matching ******** 
09-11 22:34 DEBUG    Best Sigma0: 0.5. Best sigma: 1 Best gamma: 10. Best Test accuracy: 0.1. Train acc: 0.1. 

09-11 22:34 DEBUG    PDM_KL log: {(0.5, 1, 10): {'shapes': [(3072, 672), (672,), (672, 136), (136,), (136, 127), (127,), (127, 127), (127,), (127, 10), (10,)], 'train_accuracy': 0.1, 'test_accuracy': 0.1}} 
09-11 23:12 DEBUG    ****** PDM_KL matching ******** 
09-11 23:12 DEBUG    Best Sigma0: 0.5. Best sigma: 1 Best gamma: 10. Best Test accuracy: 0.1. Train acc: 0.1. 

09-11 23:12 DEBUG    PDM_KL log: {(0.5, 1, 10): {'shapes': [(3072, 681), (681,), (681, 136), (136,), (136, 127), (127,), (127, 118), (118,), (118, 10), (10,)], 'train_accuracy': 0.1, 'test_accuracy': 0.1}} 
09-11 23:12 DEBUG    Trial 1 completed
09-11 23:12 DEBUG    ####################################################################################################
09-11 23:12 DEBUG    ####################################################################################################
09-11 23:12 DEBUG    Executing Trial 2 with seed 2
09-11 23:12 DEBUG    Data statistics: {0: {0: 20, 1: 166, 2: 805, 3: 1865, 4: 1297, 5: 1014}, 1: {0: 318, 1: 1068, 2: 10, 3: 177, 4: 73, 5: 25, 6: 630, 7: 719, 8: 206, 9: 1249}, 2: {0: 527, 1: 20, 2: 32, 3: 198, 4: 71, 5: 33, 6: 27, 7: 626, 8: 383, 9: 244}, 3: {0: 271, 1: 1707, 2: 2, 3: 229, 4: 526, 5: 372, 6: 24, 7: 175, 8: 413, 9: 1788}, 4: {0: 930, 1: 357, 2: 340, 3: 268, 4: 2215, 5: 2429}, 5: {0: 226, 1: 83, 2: 2028, 3: 461, 4: 131, 5: 293, 6: 10, 7: 3134}, 6: {0: 39, 1: 1568, 2: 691, 3: 1584, 4: 370, 5: 669, 6: 1506}, 7: {0: 1548, 1: 6, 2: 397, 3: 188, 4: 35, 5: 155, 6: 806, 7: 179, 8: 2216}, 8: {0: 1107, 1: 22, 2: 294, 3: 17, 4: 264, 6: 1214, 7: 8, 8: 749, 9: 929}, 9: {0: 14, 1: 3, 2: 401, 3: 13, 4: 18, 5: 10, 6: 783, 7: 159, 8: 1033, 9: 790}}
09-11 23:15 DEBUG    **************************************************
09-11 23:15 DEBUG    Running experiments 

09-11 23:16 DEBUG    Uniform ensemble (Train acc): 0.335580
09-11 23:16 DEBUG    Uniform ensemble (Test acc): 0.332100
09-11 23:16 DEBUG    FedAvg (Train acc): 0.100000
09-11 23:16 DEBUG    FedAvg (Test acc): 0.100000
09-11 23:27 DEBUG    ****** PDM_KL matching ******** 
09-11 23:27 DEBUG    Best Sigma0: 0.5. Best sigma: 1 Best gamma: 10. Best Test accuracy: 0.1. Train acc: 0.1. 

09-11 23:27 DEBUG    PDM_KL log: {(0.5, 1, 10): {'shapes': [(3072, 255), (255,), (255, 127), (127,), (127, 118), (118,), (118, 111), (111,), (111, 10), (10,)], 'train_accuracy': 0.1, 'test_accuracy': 0.1}} 
09-11 23:45 DEBUG    ****** PDM_KL matching ******** 
09-11 23:45 DEBUG    Best Sigma0: 0.5. Best sigma: 1 Best gamma: 10. Best Test accuracy: 0.1. Train acc: 0.1. 

09-11 23:45 DEBUG    PDM_KL log: {(0.5, 1, 10): {'shapes': [(3072, 254), (254,), (254, 127), (127,), (127, 118), (118,), (118, 111), (111,), (111, 10), (10,)], 'train_accuracy': 0.1, 'test_accuracy': 0.1}} 
09-12 00:00 DEBUG    ****** PDM_KL matching ******** 
09-12 00:00 DEBUG    Best Sigma0: 0.5. Best sigma: 1 Best gamma: 10. Best Test accuracy: 0.1. Train acc: 0.1. 

09-12 00:00 DEBUG    PDM_KL log: {(0.5, 1, 10): {'shapes': [(3072, 252), (252,), (252, 127), (127,), (127, 118), (118,), (118, 111), (111,), (111, 10), (10,)], 'train_accuracy': 0.1, 'test_accuracy': 0.1}} 
09-12 00:12 DEBUG    ****** PDM_KL matching ******** 
09-12 00:12 DEBUG    Best Sigma0: 0.5. Best sigma: 1 Best gamma: 10. Best Test accuracy: 0.1. Train acc: 0.1. 

09-12 00:12 DEBUG    PDM_KL log: {(0.5, 1, 10): {'shapes': [(3072, 254), (254,), (254, 118), (118,), (118, 118), (118,), (118, 111), (111,), (111, 10), (10,)], 'train_accuracy': 0.1, 'test_accuracy': 0.1}} 
09-12 00:24 DEBUG    ****** PDM_KL matching ******** 
09-12 00:24 DEBUG    Best Sigma0: 0.5. Best sigma: 1 Best gamma: 10. Best Test accuracy: 0.1. Train acc: 0.1. 

09-12 00:24 DEBUG    PDM_KL log: {(0.5, 1, 10): {'shapes': [(3072, 254), (254,), (254, 118), (118,), (118, 127), (127,), (127, 112), (112,), (112, 10), (10,)], 'train_accuracy': 0.1, 'test_accuracy': 0.1}} 
09-12 00:40 DEBUG    ****** PDM_KL matching ******** 
09-12 00:40 DEBUG    Best Sigma0: 0.5. Best sigma: 1 Best gamma: 10. Best Test accuracy: 0.1. Train acc: 0.1. 

09-12 00:40 DEBUG    PDM_KL log: {(0.5, 1, 10): {'shapes': [(3072, 259), (259,), (259, 118), (118,), (118, 118), (118,), (118, 112), (112,), (112, 10), (10,)], 'train_accuracy': 0.1, 'test_accuracy': 0.1}} 
09-12 00:59 DEBUG    ****** PDM_KL matching ******** 
09-12 00:59 DEBUG    Best Sigma0: 0.5. Best sigma: 1 Best gamma: 10. Best Test accuracy: 0.1. Train acc: 0.1. 

09-12 00:59 DEBUG    PDM_KL log: {(0.5, 1, 10): {'shapes': [(3072, 328), (328,), (328, 127), (127,), (127, 118), (118,), (118, 115), (115,), (115, 10), (10,)], 'train_accuracy': 0.1, 'test_accuracy': 0.1}} 
09-12 01:24 DEBUG    ****** PDM_KL matching ******** 
09-12 01:24 DEBUG    Best Sigma0: 0.5. Best sigma: 1 Best gamma: 10. Best Test accuracy: 0.1. Train acc: 0.1. 

09-12 01:24 DEBUG    PDM_KL log: {(0.5, 1, 10): {'shapes': [(3072, 544), (544,), (544, 127), (127,), (127, 127), (127,), (127, 117), (117,), (117, 10), (10,)], 'train_accuracy': 0.1, 'test_accuracy': 0.1}} 
09-12 01:57 DEBUG    ****** PDM_KL matching ******** 
09-12 01:57 DEBUG    Best Sigma0: 0.5. Best sigma: 1 Best gamma: 10. Best Test accuracy: 0.0951. Train acc: 0.09436. 

09-12 01:57 DEBUG    PDM_KL log: {(0.5, 1, 10): {'shapes': [(3072, 686), (686,), (686, 127), (127,), (127, 127), (127,), (127, 127), (127,), (127, 10), (10,)], 'train_accuracy': 0.09436, 'test_accuracy': 0.0951}} 
09-12 02:30 DEBUG    ****** PDM_KL matching ******** 
09-12 02:30 DEBUG    Best Sigma0: 0.5. Best sigma: 1 Best gamma: 10. Best Test accuracy: 0.1. Train acc: 0.1. 

09-12 02:30 DEBUG    PDM_KL log: {(0.5, 1, 10): {'shapes': [(3072, 662), (662,), (662, 127), (127,), (127, 127), (127,), (127, 118), (118,), (118, 10), (10,)], 'train_accuracy': 0.1, 'test_accuracy': 0.1}} 
09-12 03:03 DEBUG    ****** PDM_KL matching ******** 
09-12 03:03 DEBUG    Best Sigma0: 0.5. Best sigma: 1 Best gamma: 10. Best Test accuracy: 0.1. Train acc: 0.1. 

09-12 03:03 DEBUG    PDM_KL log: {(0.5, 1, 10): {'shapes': [(3072, 691), (691,), (691, 127), (127,), (127, 127), (127,), (127, 118), (118,), (118, 10), (10,)], 'train_accuracy': 0.1, 'test_accuracy': 0.1}} 
09-12 03:03 DEBUG    Trial 2 completed
09-12 03:03 DEBUG    ####################################################################################################
09-12 03:03 DEBUG    ####################################################################################################
09-12 03:03 DEBUG    Executing Trial 3 with seed 3
09-12 03:03 DEBUG    Data statistics: {0: {0: 324, 1: 286, 2: 177, 3: 114, 4: 936, 5: 105, 6: 350, 7: 5, 8: 428, 9: 978}, 1: {0: 906, 1: 924, 2: 1139, 3: 191, 4: 579, 5: 333, 6: 718, 7: 28, 8: 83, 9: 1105}, 2: {0: 381, 1: 108, 2: 483, 3: 1152, 4: 1050, 5: 78, 6: 954, 7: 206, 8: 620}, 3: {0: 7, 1: 1745, 2: 1728, 3: 388, 4: 193, 5: 831, 6: 841}, 4: {0: 1403, 1: 431, 2: 577, 3: 316, 4: 1020, 5: 559, 6: 1770}, 5: {0: 635, 1: 195, 2: 61, 3: 595, 4: 275, 5: 842, 6: 4, 7: 3009}, 6: {0: 23, 1: 46, 2: 454, 3: 833, 4: 189, 5: 117, 6: 161, 7: 426, 8: 1887, 9: 1182}, 7: {0: 1227, 1: 455, 2: 49, 3: 370, 4: 150, 5: 261, 6: 18, 7: 1, 8: 35, 9: 120}, 8: {0: 88, 1: 72, 2: 3, 3: 1022, 4: 57, 5: 627, 6: 66, 7: 1039, 8: 1251, 9: 1308}, 9: {0: 6, 1: 738, 2: 329, 3: 19, 4: 551, 5: 1247, 6: 118, 7: 286, 8: 696, 9: 307}}
09-12 03:05 DEBUG    **************************************************
09-12 03:05 DEBUG    Running experiments 

09-12 03:06 DEBUG    Uniform ensemble (Train acc): 0.339100
09-12 03:06 DEBUG    Uniform ensemble (Test acc): 0.340700
09-12 03:07 DEBUG    FedAvg (Train acc): 0.100000
09-12 03:07 DEBUG    FedAvg (Test acc): 0.100000
09-12 03:16 DEBUG    ****** PDM_KL matching ******** 
09-12 03:16 DEBUG    Best Sigma0: 0.5. Best sigma: 1 Best gamma: 10. Best Test accuracy: 0.1278. Train acc: 0.12458. 

09-12 03:16 DEBUG    PDM_KL log: {(0.5, 1, 10): {'shapes': [(3072, 261), (261,), (261, 118), (118,), (118, 118), (118,), (118, 107), (107,), (107, 10), (10,)], 'train_accuracy': 0.12458, 'test_accuracy': 0.1278}} 
09-12 03:30 DEBUG    ****** PDM_KL matching ******** 
09-12 03:30 DEBUG    Best Sigma0: 0.5. Best sigma: 1 Best gamma: 10. Best Test accuracy: 0.1263. Train acc: 0.12376. 

09-12 03:30 DEBUG    PDM_KL log: {(0.5, 1, 10): {'shapes': [(3072, 264), (264,), (264, 118), (118,), (118, 118), (118,), (118, 108), (108,), (108, 10), (10,)], 'train_accuracy': 0.12376, 'test_accuracy': 0.1263}} 
09-12 03:47 DEBUG    ****** PDM_KL matching ******** 
09-12 03:47 DEBUG    Best Sigma0: 0.5. Best sigma: 1 Best gamma: 10. Best Test accuracy: 0.1268. Train acc: 0.12548. 

09-12 03:47 DEBUG    PDM_KL log: {(0.5, 1, 10): {'shapes': [(3072, 264), (264,), (264, 118), (118,), (118, 118), (118,), (118, 108), (108,), (108, 10), (10,)], 'train_accuracy': 0.12548, 'test_accuracy': 0.1268}} 
09-12 04:01 DEBUG    ****** PDM_KL matching ******** 
09-12 04:01 DEBUG    Best Sigma0: 0.5. Best sigma: 1 Best gamma: 10. Best Test accuracy: 0.128. Train acc: 0.12238. 

09-12 04:01 DEBUG    PDM_KL log: {(0.5, 1, 10): {'shapes': [(3072, 263), (263,), (263, 118), (118,), (118, 118), (118,), (118, 107), (107,), (107, 10), (10,)], 'train_accuracy': 0.12238, 'test_accuracy': 0.128}} 
09-12 04:17 DEBUG    ****** PDM_KL matching ******** 
09-12 04:17 DEBUG    Best Sigma0: 0.5. Best sigma: 1 Best gamma: 10. Best Test accuracy: 0.127. Train acc: 0.12438. 

09-12 04:17 DEBUG    PDM_KL log: {(0.5, 1, 10): {'shapes': [(3072, 264), (264,), (264, 118), (118,), (118, 118), (118,), (118, 108), (108,), (108, 10), (10,)], 'train_accuracy': 0.12438, 'test_accuracy': 0.127}} 
09-12 04:32 DEBUG    ****** PDM_KL matching ******** 
09-12 04:32 DEBUG    Best Sigma0: 0.5. Best sigma: 1 Best gamma: 10. Best Test accuracy: 0.1325. Train acc: 0.12552. 

09-12 04:32 DEBUG    PDM_KL log: {(0.5, 1, 10): {'shapes': [(3072, 270), (270,), (270, 127), (127,), (127, 118), (118,), (118, 113), (113,), (113, 10), (10,)], 'train_accuracy': 0.12552, 'test_accuracy': 0.1325}} 
09-12 04:50 DEBUG    ****** PDM_KL matching ******** 
09-12 04:50 DEBUG    Best Sigma0: 0.5. Best sigma: 1 Best gamma: 10. Best Test accuracy: 0.1295. Train acc: 0.1301. 

09-12 04:50 DEBUG    PDM_KL log: {(0.5, 1, 10): {'shapes': [(3072, 320), (320,), (320, 127), (127,), (127, 127), (127,), (127, 114), (114,), (114, 10), (10,)], 'train_accuracy': 0.1301, 'test_accuracy': 0.1295}} 
09-12 05:15 DEBUG    ****** PDM_KL matching ******** 
09-12 05:15 DEBUG    Best Sigma0: 0.5. Best sigma: 1 Best gamma: 10. Best Test accuracy: 0.1257. Train acc: 0.12618. 

09-12 05:15 DEBUG    PDM_KL log: {(0.5, 1, 10): {'shapes': [(3072, 506), (506,), (506, 127), (127,), (127, 127), (127,), (127, 117), (117,), (117, 10), (10,)], 'train_accuracy': 0.12618, 'test_accuracy': 0.1257}} 
09-12 05:45 DEBUG    ****** PDM_KL matching ******** 
09-12 05:45 DEBUG    Best Sigma0: 0.5. Best sigma: 1 Best gamma: 10. Best Test accuracy: 0.1. Train acc: 0.1. 

09-12 05:45 DEBUG    PDM_KL log: {(0.5, 1, 10): {'shapes': [(3072, 666), (666,), (666, 127), (127,), (127, 127), (127,), (127, 127), (127,), (127, 10), (10,)], 'train_accuracy': 0.1, 'test_accuracy': 0.1}} 
09-12 06:13 DEBUG    ****** PDM_KL matching ******** 
09-12 06:13 DEBUG    Best Sigma0: 0.5. Best sigma: 1 Best gamma: 10. Best Test accuracy: 0.1. Train acc: 0.1. 

09-12 06:13 DEBUG    PDM_KL log: {(0.5, 1, 10): {'shapes': [(3072, 627), (627,), (627, 127), (127,), (127, 127), (127,), (127, 118), (118,), (118, 10), (10,)], 'train_accuracy': 0.1, 'test_accuracy': 0.1}} 
09-12 06:43 DEBUG    ****** PDM_KL matching ******** 
09-12 06:43 DEBUG    Best Sigma0: 0.5. Best sigma: 1 Best gamma: 10. Best Test accuracy: 0.1. Train acc: 0.1. 

09-12 06:43 DEBUG    PDM_KL log: {(0.5, 1, 10): {'shapes': [(3072, 658), (658,), (658, 136), (136,), (136, 136), (136,), (136, 118), (118,), (118, 10), (10,)], 'train_accuracy': 0.1, 'test_accuracy': 0.1}} 
09-12 06:43 DEBUG    Trial 3 completed
09-12 06:43 DEBUG    ####################################################################################################
09-12 06:43 DEBUG    ####################################################################################################
09-12 06:43 DEBUG    Executing Trial 4 with seed 4
09-12 06:43 DEBUG    Data statistics: {0: {0: 116, 1: 167, 2: 88, 3: 501, 4: 1763, 5: 100, 6: 1147, 7: 1088, 8: 101}, 1: {0: 1327, 1: 229, 2: 881, 3: 372, 4: 1411, 5: 4, 6: 263, 7: 15, 8: 830}, 2: {0: 866, 1: 225, 2: 26, 3: 5, 4: 46, 5: 576, 6: 123, 7: 66, 8: 2380, 9: 108}, 3: {0: 1036, 1: 224, 2: 53, 3: 278, 4: 529, 5: 27, 6: 210, 7: 986, 8: 945, 9: 642}, 4: {0: 177, 1: 95, 2: 97, 3: 238, 4: 1032, 5: 782, 6: 1659, 7: 18, 8: 55, 9: 19}, 5: {0: 218, 1: 12, 2: 2048, 3: 2046, 4: 22, 5: 257, 6: 1287}, 6: {0: 161, 1: 358, 2: 10, 3: 353, 4: 105, 5: 1008, 6: 3, 7: 102, 8: 192, 9: 1874}, 7: {0: 2, 1: 3399, 2: 1473, 3: 595}, 8: {0: 151, 1: 187, 2: 41, 3: 128, 4: 67, 5: 398, 6: 54, 7: 181, 8: 497, 9: 2357}, 9: {0: 946, 1: 104, 2: 283, 3: 484, 4: 25, 5: 1848, 6: 254, 7: 2544}}
09-12 06:45 DEBUG    **************************************************
09-12 06:45 DEBUG    Running experiments 

09-12 06:46 DEBUG    Uniform ensemble (Train acc): 0.302820
09-12 06:46 DEBUG    Uniform ensemble (Test acc): 0.297500
09-12 06:46 DEBUG    FedAvg (Train acc): 0.100000
09-12 06:46 DEBUG    FedAvg (Test acc): 0.100000
09-12 06:54 DEBUG    ****** PDM_KL matching ******** 
09-12 06:54 DEBUG    Best Sigma0: 0.5. Best sigma: 1 Best gamma: 10. Best Test accuracy: 0.1. Train acc: 0.1. 

09-12 06:54 DEBUG    PDM_KL log: {(0.5, 1, 10): {'shapes': [(3072, 240), (240,), (240, 118), (118,), (118, 118), (118,), (118, 114), (114,), (114, 10), (10,)], 'train_accuracy': 0.1, 'test_accuracy': 0.1}} 
09-12 07:10 DEBUG    ****** PDM_KL matching ******** 
09-12 07:10 DEBUG    Best Sigma0: 0.5. Best sigma: 1 Best gamma: 10. Best Test accuracy: 0.1. Train acc: 0.1. 

09-12 07:10 DEBUG    PDM_KL log: {(0.5, 1, 10): {'shapes': [(3072, 243), (243,), (243, 118), (118,), (118, 118), (118,), (118, 114), (114,), (114, 10), (10,)], 'train_accuracy': 0.1, 'test_accuracy': 0.1}} 
09-12 07:23 DEBUG    ****** PDM_KL matching ******** 
09-12 07:23 DEBUG    Best Sigma0: 0.5. Best sigma: 1 Best gamma: 10. Best Test accuracy: 0.1003. Train acc: 0.10034. 

09-12 07:23 DEBUG    PDM_KL log: {(0.5, 1, 10): {'shapes': [(3072, 241), (241,), (241, 118), (118,), (118, 118), (118,), (118, 114), (114,), (114, 10), (10,)], 'train_accuracy': 0.10034, 'test_accuracy': 0.1003}} 
09-12 07:39 DEBUG    ****** PDM_KL matching ******** 
09-12 07:39 DEBUG    Best Sigma0: 0.5. Best sigma: 1 Best gamma: 10. Best Test accuracy: 0.1. Train acc: 0.1. 

09-12 07:39 DEBUG    PDM_KL log: {(0.5, 1, 10): {'shapes': [(3072, 239), (239,), (239, 118), (118,), (118, 118), (118,), (118, 114), (114,), (114, 10), (10,)], 'train_accuracy': 0.1, 'test_accuracy': 0.1}} 
09-12 07:52 DEBUG    ****** PDM_KL matching ******** 
09-12 07:52 DEBUG    Best Sigma0: 0.5. Best sigma: 1 Best gamma: 10. Best Test accuracy: 0.1008. Train acc: 0.1008. 

09-12 07:52 DEBUG    PDM_KL log: {(0.5, 1, 10): {'shapes': [(3072, 244), (244,), (244, 124), (124,), (124, 127), (127,), (127, 114), (114,), (114, 10), (10,)], 'train_accuracy': 0.1008, 'test_accuracy': 0.1008}} 
09-12 08:05 DEBUG    ****** PDM_KL matching ******** 
09-12 08:05 DEBUG    Best Sigma0: 0.5. Best sigma: 1 Best gamma: 10. Best Test accuracy: 0.1015. Train acc: 0.10136. 

09-12 08:05 DEBUG    PDM_KL log: {(0.5, 1, 10): {'shapes': [(3072, 250), (250,), (250, 118), (118,), (118, 127), (127,), (127, 114), (114,), (114, 10), (10,)], 'train_accuracy': 0.10136, 'test_accuracy': 0.1015}} 
09-12 08:20 DEBUG    ****** PDM_KL matching ******** 
09-12 08:20 DEBUG    Best Sigma0: 0.5. Best sigma: 1 Best gamma: 10. Best Test accuracy: 0.1. Train acc: 0.10002. 

09-12 08:20 DEBUG    PDM_KL log: {(0.5, 1, 10): {'shapes': [(3072, 312), (312,), (312, 127), (127,), (127, 127), (127,), (127, 113), (113,), (113, 10), (10,)], 'train_accuracy': 0.10002, 'test_accuracy': 0.1}} 
09-12 08:42 DEBUG    ****** PDM_KL matching ******** 
09-12 08:42 DEBUG    Best Sigma0: 0.5. Best sigma: 1 Best gamma: 10. Best Test accuracy: 0.1. Train acc: 0.1. 

09-12 08:42 DEBUG    PDM_KL log: {(0.5, 1, 10): {'shapes': [(3072, 519), (519,), (519, 127), (127,), (127, 127), (127,), (127, 118), (118,), (118, 10), (10,)], 'train_accuracy': 0.1, 'test_accuracy': 0.1}} 
09-12 09:05 DEBUG    ****** PDM_KL matching ******** 
09-12 09:05 DEBUG    Best Sigma0: 0.5. Best sigma: 1 Best gamma: 10. Best Test accuracy: 0.1. Train acc: 0.1. 

09-12 09:05 DEBUG    PDM_KL log: {(0.5, 1, 10): {'shapes': [(3072, 668), (668,), (668, 127), (127,), (127, 127), (127,), (127, 127), (127,), (127, 10), (10,)], 'train_accuracy': 0.1, 'test_accuracy': 0.1}} 
09-12 09:28 DEBUG    ****** PDM_KL matching ******** 
09-12 09:28 DEBUG    Best Sigma0: 0.5. Best sigma: 1 Best gamma: 10. Best Test accuracy: 0.1. Train acc: 0.1. 

09-12 09:28 DEBUG    PDM_KL log: {(0.5, 1, 10): {'shapes': [(3072, 663), (663,), (663, 136), (136,), (136, 127), (127,), (127, 127), (127,), (127, 10), (10,)], 'train_accuracy': 0.1, 'test_accuracy': 0.1}} 
09-12 09:52 DEBUG    ****** PDM_KL matching ******** 
09-12 09:52 DEBUG    Best Sigma0: 0.5. Best sigma: 1 Best gamma: 10. Best Test accuracy: 0.1. Train acc: 0.1. 

09-12 09:52 DEBUG    PDM_KL log: {(0.5, 1, 10): {'shapes': [(3072, 692), (692,), (692, 136), (136,), (136, 127), (127,), (127, 118), (118,), (118, 10), (10,)], 'train_accuracy': 0.1, 'test_accuracy': 0.1}} 
09-12 09:52 DEBUG    Trial 4 completed
09-12 09:52 DEBUG    ####################################################################################################
09-12 09:52 DEBUG    ####################################################################################################
09-12 09:52 DEBUG    Executing Trial 5 with seed 5
09-12 09:52 DEBUG    Data statistics: {0: {0: 160, 1: 191, 2: 2146, 3: 460, 5: 1, 6: 98, 7: 491, 8: 455, 9: 624}, 1: {0: 26, 1: 1554, 2: 97, 3: 112, 4: 906, 5: 998, 6: 109, 7: 1910}, 2: {0: 329, 1: 8, 2: 65, 3: 34, 4: 1651, 5: 55, 6: 1842, 7: 465, 8: 2, 9: 15}, 3: {0: 1828, 1: 177, 2: 821, 3: 523, 4: 165, 5: 304, 6: 1230}, 4: {0: 29, 1: 76, 2: 1207, 3: 188, 4: 164, 5: 234, 6: 100, 7: 11, 8: 2266, 9: 1034}, 5: {0: 42, 1: 358, 2: 148, 3: 1909, 4: 121, 5: 105, 6: 985, 7: 503, 8: 466, 9: 2717}, 6: {0: 1553, 1: 12, 2: 282, 3: 1, 4: 1311, 5: 2405}, 7: {0: 795, 1: 736, 2: 8, 3: 7, 4: 150, 5: 523, 6: 216, 7: 1253, 8: 507, 9: 374}, 8: {0: 44, 1: 347, 2: 76, 3: 1581, 4: 14, 5: 360, 6: 22, 7: 103, 8: 1303, 9: 19}, 9: {0: 194, 1: 1541, 2: 150, 3: 185, 4: 518, 5: 15, 6: 398, 7: 264, 8: 1, 9: 217}}
09-12 09:54 DEBUG    **************************************************
09-12 09:54 DEBUG    Running experiments 

09-12 09:55 DEBUG    Uniform ensemble (Train acc): 0.358320
09-12 09:55 DEBUG    Uniform ensemble (Test acc): 0.347000
09-12 09:55 DEBUG    FedAvg (Train acc): 0.100000
09-12 09:55 DEBUG    FedAvg (Test acc): 0.100000
09-12 10:01 DEBUG    ****** PDM_KL matching ******** 
09-12 10:01 DEBUG    Best Sigma0: 0.5. Best sigma: 1 Best gamma: 10. Best Test accuracy: 0.1. Train acc: 0.1. 

09-12 10:01 DEBUG    PDM_KL log: {(0.5, 1, 10): {'shapes': [(3072, 250), (250,), (250, 118), (118,), (118, 118), (118,), (118, 108), (108,), (108, 10), (10,)], 'train_accuracy': 0.1, 'test_accuracy': 0.1}} 
09-12 10:11 DEBUG    ****** PDM_KL matching ******** 
09-12 10:11 DEBUG    Best Sigma0: 0.5. Best sigma: 1 Best gamma: 10. Best Test accuracy: 0.1. Train acc: 0.1. 

09-12 10:11 DEBUG    PDM_KL log: {(0.5, 1, 10): {'shapes': [(3072, 251), (251,), (251, 118), (118,), (118, 118), (118,), (118, 108), (108,), (108, 10), (10,)], 'train_accuracy': 0.1, 'test_accuracy': 0.1}} 
09-12 10:22 DEBUG    ****** PDM_KL matching ******** 
09-12 10:22 DEBUG    Best Sigma0: 0.5. Best sigma: 1 Best gamma: 10. Best Test accuracy: 0.1. Train acc: 0.1. 

09-12 10:22 DEBUG    PDM_KL log: {(0.5, 1, 10): {'shapes': [(3072, 250), (250,), (250, 118), (118,), (118, 118), (118,), (118, 108), (108,), (108, 10), (10,)], 'train_accuracy': 0.1, 'test_accuracy': 0.1}} 
09-12 10:32 DEBUG    ****** PDM_KL matching ******** 
09-12 10:32 DEBUG    Best Sigma0: 0.5. Best sigma: 1 Best gamma: 10. Best Test accuracy: 0.1. Train acc: 0.1. 

09-12 10:32 DEBUG    PDM_KL log: {(0.5, 1, 10): {'shapes': [(3072, 256), (256,), (256, 118), (118,), (118, 118), (118,), (118, 108), (108,), (108, 10), (10,)], 'train_accuracy': 0.1, 'test_accuracy': 0.1}} 
09-12 10:43 DEBUG    ****** PDM_KL matching ******** 
09-12 10:43 DEBUG    Best Sigma0: 0.5. Best sigma: 1 Best gamma: 10. Best Test accuracy: 0.1. Train acc: 0.10002. 

09-12 10:43 DEBUG    PDM_KL log: {(0.5, 1, 10): {'shapes': [(3072, 259), (259,), (259, 118), (118,), (118, 118), (118,), (118, 108), (108,), (108, 10), (10,)], 'train_accuracy': 0.10002, 'test_accuracy': 0.1}} 
09-12 10:54 DEBUG    ****** PDM_KL matching ******** 
09-12 10:54 DEBUG    Best Sigma0: 0.5. Best sigma: 1 Best gamma: 10. Best Test accuracy: 0.1. Train acc: 0.1. 

09-12 10:54 DEBUG    PDM_KL log: {(0.5, 1, 10): {'shapes': [(3072, 261), (261,), (261, 123), (123,), (123, 118), (118,), (118, 108), (108,), (108, 10), (10,)], 'train_accuracy': 0.1, 'test_accuracy': 0.1}} 
09-12 11:05 DEBUG    ****** PDM_KL matching ******** 
09-12 11:05 DEBUG    Best Sigma0: 0.5. Best sigma: 1 Best gamma: 10. Best Test accuracy: 0.0998. Train acc: 0.09994. 

09-12 11:05 DEBUG    PDM_KL log: {(0.5, 1, 10): {'shapes': [(3072, 316), (316,), (316, 127), (127,), (127, 127), (127,), (127, 116), (116,), (116, 10), (10,)], 'train_accuracy': 0.09994, 'test_accuracy': 0.0998}} 
09-12 11:25 DEBUG    ****** PDM_KL matching ******** 
09-12 11:25 DEBUG    Best Sigma0: 0.5. Best sigma: 1 Best gamma: 10. Best Test accuracy: 0.1. Train acc: 0.1. 

09-12 11:25 DEBUG    PDM_KL log: {(0.5, 1, 10): {'shapes': [(3072, 534), (534,), (534, 127), (127,), (127, 127), (127,), (127, 118), (118,), (118, 10), (10,)], 'train_accuracy': 0.1, 'test_accuracy': 0.1}} 
09-12 11:47 DEBUG    ****** PDM_KL matching ******** 
09-12 11:47 DEBUG    Best Sigma0: 0.5. Best sigma: 1 Best gamma: 10. Best Test accuracy: 0.1. Train acc: 0.1. 

09-12 11:47 DEBUG    PDM_KL log: {(0.5, 1, 10): {'shapes': [(3072, 687), (687,), (687, 127), (127,), (127, 127), (127,), (127, 127), (127,), (127, 10), (10,)], 'train_accuracy': 0.1, 'test_accuracy': 0.1}} 
09-12 12:12 DEBUG    ****** PDM_KL matching ******** 
09-12 12:12 DEBUG    Best Sigma0: 0.5. Best sigma: 1 Best gamma: 10. Best Test accuracy: 0.1. Train acc: 0.1. 

09-12 12:12 DEBUG    PDM_KL log: {(0.5, 1, 10): {'shapes': [(3072, 661), (661,), (661, 136), (136,), (136, 127), (127,), (127, 127), (127,), (127, 10), (10,)], 'train_accuracy': 0.1, 'test_accuracy': 0.1}} 
09-12 12:44 DEBUG    ****** PDM_KL matching ******** 
09-12 12:44 DEBUG    Best Sigma0: 0.5. Best sigma: 1 Best gamma: 10. Best Test accuracy: 0.1. Train acc: 0.1. 

09-12 12:44 DEBUG    PDM_KL log: {(0.5, 1, 10): {'shapes': [(3072, 692), (692,), (692, 127), (127,), (127, 136), (136,), (136, 127), (127,), (127, 10), (10,)], 'train_accuracy': 0.1, 'test_accuracy': 0.1}} 
09-12 12:44 DEBUG    Trial 5 completed
09-12 12:44 DEBUG    ####################################################################################################
09-12 12:44 DEBUG    ####################################################################################################
09-12 12:44 DEBUG    Executing Trial 6 with seed 6
09-12 12:44 DEBUG    Data statistics: {0: {0: 193, 1: 210, 3: 460, 4: 26, 5: 5, 6: 126, 7: 49, 8: 874, 9: 332}, 1: {0: 1769, 1: 168, 2: 620, 3: 158, 4: 2341}, 2: {0: 346, 1: 931, 2: 26, 3: 64, 4: 636, 5: 23, 6: 462, 7: 144, 8: 1123, 9: 3145}, 3: {0: 126, 1: 415, 2: 75, 3: 2, 4: 736, 5: 57, 6: 327, 7: 3568}, 4: {1: 503, 2: 2042, 3: 114, 4: 84, 5: 81, 6: 1902, 7: 282}, 5: {0: 1, 1: 1891, 2: 88, 3: 53, 4: 33, 5: 2056, 6: 159, 7: 13, 8: 1196}, 6: {0: 1958, 1: 90, 2: 196, 3: 739, 4: 670, 5: 89, 6: 25, 7: 71, 8: 1494}, 7: {0: 147, 1: 44, 2: 165, 3: 2558, 4: 99, 5: 1075, 6: 1979}, 8: {0: 453, 1: 735, 2: 111, 3: 484, 4: 164, 5: 1328, 6: 16, 7: 565, 8: 300, 9: 1430}, 9: {0: 7, 1: 13, 2: 1677, 3: 368, 4: 211, 5: 286, 6: 4, 7: 308, 8: 13, 9: 93}}
09-12 12:47 DEBUG    **************************************************
09-12 12:47 DEBUG    Running experiments 

09-12 12:48 DEBUG    Uniform ensemble (Train acc): 0.321460
09-12 12:48 DEBUG    Uniform ensemble (Test acc): 0.312600
09-12 12:48 DEBUG    FedAvg (Train acc): 0.100000
09-12 12:48 DEBUG    FedAvg (Test acc): 0.100000
09-12 12:56 DEBUG    ****** PDM_KL matching ******** 
09-12 12:56 DEBUG    Best Sigma0: 0.5. Best sigma: 1 Best gamma: 10. Best Test accuracy: 0.1001. Train acc: 0.1002. 

09-12 12:56 DEBUG    PDM_KL log: {(0.5, 1, 10): {'shapes': [(3072, 265), (265,), (265, 118), (118,), (118, 118), (118,), (118, 108), (108,), (108, 10), (10,)], 'train_accuracy': 0.1002, 'test_accuracy': 0.1001}} 
09-12 13:12 DEBUG    ****** PDM_KL matching ******** 
09-12 13:12 DEBUG    Best Sigma0: 0.5. Best sigma: 1 Best gamma: 10. Best Test accuracy: 0.1. Train acc: 0.1. 

09-12 13:12 DEBUG    PDM_KL log: {(0.5, 1, 10): {'shapes': [(3072, 261), (261,), (261, 118), (118,), (118, 118), (118,), (118, 109), (109,), (109, 10), (10,)], 'train_accuracy': 0.1, 'test_accuracy': 0.1}} 
09-12 13:28 DEBUG    ****** PDM_KL matching ******** 
09-12 13:28 DEBUG    Best Sigma0: 0.5. Best sigma: 1 Best gamma: 10. Best Test accuracy: 0.1. Train acc: 0.1. 

09-12 13:28 DEBUG    PDM_KL log: {(0.5, 1, 10): {'shapes': [(3072, 258), (258,), (258, 118), (118,), (118, 118), (118,), (118, 108), (108,), (108, 10), (10,)], 'train_accuracy': 0.1, 'test_accuracy': 0.1}} 
09-12 13:43 DEBUG    ****** PDM_KL matching ******** 
09-12 13:43 DEBUG    Best Sigma0: 0.5. Best sigma: 1 Best gamma: 10. Best Test accuracy: 0.1. Train acc: 0.1. 

09-12 13:43 DEBUG    PDM_KL log: {(0.5, 1, 10): {'shapes': [(3072, 262), (262,), (262, 118), (118,), (118, 118), (118,), (118, 109), (109,), (109, 10), (10,)], 'train_accuracy': 0.1, 'test_accuracy': 0.1}} 
09-12 14:00 DEBUG    ****** PDM_KL matching ******** 
09-12 14:00 DEBUG    Best Sigma0: 0.5. Best sigma: 1 Best gamma: 10. Best Test accuracy: 0.0999. Train acc: 0.1. 

09-12 14:00 DEBUG    PDM_KL log: {(0.5, 1, 10): {'shapes': [(3072, 265), (265,), (265, 118), (118,), (118, 118), (118,), (118, 108), (108,), (108, 10), (10,)], 'train_accuracy': 0.1, 'test_accuracy': 0.0999}} 
09-12 14:16 DEBUG    ****** PDM_KL matching ******** 
09-12 14:16 DEBUG    Best Sigma0: 0.5. Best sigma: 1 Best gamma: 10. Best Test accuracy: 0.1. Train acc: 0.1. 

09-12 14:16 DEBUG    PDM_KL log: {(0.5, 1, 10): {'shapes': [(3072, 269), (269,), (269, 118), (118,), (118, 118), (118,), (118, 108), (108,), (108, 10), (10,)], 'train_accuracy': 0.1, 'test_accuracy': 0.1}} 
09-12 14:35 DEBUG    ****** PDM_KL matching ******** 
09-12 14:35 DEBUG    Best Sigma0: 0.5. Best sigma: 1 Best gamma: 10. Best Test accuracy: 0.1103. Train acc: 0.11236. 

09-12 14:35 DEBUG    PDM_KL log: {(0.5, 1, 10): {'shapes': [(3072, 329), (329,), (329, 127), (127,), (127, 118), (118,), (118, 112), (112,), (112, 10), (10,)], 'train_accuracy': 0.11236, 'test_accuracy': 0.1103}} 
09-12 15:02 DEBUG    ****** PDM_KL matching ******** 
09-12 15:02 DEBUG    Best Sigma0: 0.5. Best sigma: 1 Best gamma: 10. Best Test accuracy: 0.1. Train acc: 0.1. 

09-12 15:02 DEBUG    PDM_KL log: {(0.5, 1, 10): {'shapes': [(3072, 536), (536,), (536, 127), (127,), (127, 127), (127,), (127, 118), (118,), (118, 10), (10,)], 'train_accuracy': 0.1, 'test_accuracy': 0.1}} 
09-12 15:34 DEBUG    ****** PDM_KL matching ******** 
09-12 15:34 DEBUG    Best Sigma0: 0.5. Best sigma: 1 Best gamma: 10. Best Test accuracy: 0.1. Train acc: 0.1. 

09-12 15:34 DEBUG    PDM_KL log: {(0.5, 1, 10): {'shapes': [(3072, 680), (680,), (680, 127), (127,), (127, 127), (127,), (127, 127), (127,), (127, 10), (10,)], 'train_accuracy': 0.1, 'test_accuracy': 0.1}} 
09-12 16:04 DEBUG    ****** PDM_KL matching ******** 
09-12 16:04 DEBUG    Best Sigma0: 0.5. Best sigma: 1 Best gamma: 10. Best Test accuracy: 0.0998. Train acc: 0.09978. 

09-12 16:04 DEBUG    PDM_KL log: {(0.5, 1, 10): {'shapes': [(3072, 649), (649,), (649, 127), (127,), (127, 127), (127,), (127, 118), (118,), (118, 10), (10,)], 'train_accuracy': 0.09978, 'test_accuracy': 0.0998}} 
09-12 16:36 DEBUG    ****** PDM_KL matching ******** 
09-12 16:36 DEBUG    Best Sigma0: 0.5. Best sigma: 1 Best gamma: 10. Best Test accuracy: 0.1. Train acc: 0.1. 

09-12 16:36 DEBUG    PDM_KL log: {(0.5, 1, 10): {'shapes': [(3072, 676), (676,), (676, 127), (127,), (127, 127), (127,), (127, 118), (118,), (118, 10), (10,)], 'train_accuracy': 0.1, 'test_accuracy': 0.1}} 
09-12 16:36 DEBUG    Trial 6 completed
09-12 16:36 DEBUG    ####################################################################################################
09-12 16:36 DEBUG    ####################################################################################################
09-12 16:36 DEBUG    Executing Trial 7 with seed 7
09-12 16:36 DEBUG    Data statistics: {0: {0: 52, 1: 603, 2: 315, 3: 412, 5: 3608, 6: 16}, 1: {0: 162, 1: 1520, 2: 51, 3: 67, 4: 978, 5: 22, 6: 467, 7: 46, 9: 76}, 2: {0: 15, 1: 17, 2: 1323, 3: 1633, 4: 80, 5: 211, 6: 2577}, 3: {0: 133, 1: 14, 2: 5, 3: 1, 4: 47, 5: 760, 6: 167, 7: 266, 8: 2296, 9: 2060}, 4: {0: 23, 1: 546, 2: 655, 3: 267, 4: 307, 5: 19, 6: 17, 7: 2045, 8: 2274}, 5: {0: 502, 1: 44, 2: 36, 3: 1384, 4: 56, 5: 169, 6: 353, 7: 78, 8: 163, 9: 1041}, 6: {0: 1081, 1: 586, 2: 261, 3: 178, 4: 3212}, 7: {0: 10, 1: 549, 2: 1142, 3: 864, 4: 131, 5: 7, 6: 967, 7: 1968}, 8: {0: 2077, 1: 24, 2: 767, 3: 109, 4: 114, 5: 34, 6: 12, 7: 596, 8: 261, 9: 602}, 9: {0: 945, 1: 1097, 2: 445, 3: 85, 4: 75, 5: 170, 6: 424, 7: 1, 8: 6, 9: 1221}}
09-12 16:37 DEBUG    **************************************************
09-12 16:37 DEBUG    Running experiments 

09-12 16:38 DEBUG    Uniform ensemble (Train acc): 0.295320
09-12 16:38 DEBUG    Uniform ensemble (Test acc): 0.297300
09-12 16:39 DEBUG    FedAvg (Train acc): 0.100000
09-12 16:39 DEBUG    FedAvg (Test acc): 0.100000
09-12 16:48 DEBUG    ****** PDM_KL matching ******** 
09-12 16:48 DEBUG    Best Sigma0: 0.5. Best sigma: 1 Best gamma: 10. Best Test accuracy: 0.1. Train acc: 0.1. 

09-12 16:48 DEBUG    PDM_KL log: {(0.5, 1, 10): {'shapes': [(3072, 252), (252,), (252, 118), (118,), (118, 118), (118,), (118, 105), (105,), (105, 10), (10,)], 'train_accuracy': 0.1, 'test_accuracy': 0.1}} 
09-12 17:03 DEBUG    ****** PDM_KL matching ******** 
09-12 17:03 DEBUG    Best Sigma0: 0.5. Best sigma: 1 Best gamma: 10. Best Test accuracy: 0.1. Train acc: 0.09992. 

09-12 17:03 DEBUG    PDM_KL log: {(0.5, 1, 10): {'shapes': [(3072, 252), (252,), (252, 118), (118,), (118, 118), (118,), (118, 110), (110,), (110, 10), (10,)], 'train_accuracy': 0.09992, 'test_accuracy': 0.1}} 
09-12 17:19 DEBUG    ****** PDM_KL matching ******** 
09-12 17:19 DEBUG    Best Sigma0: 0.5. Best sigma: 1 Best gamma: 10. Best Test accuracy: 0.1. Train acc: 0.1. 

09-12 17:19 DEBUG    PDM_KL log: {(0.5, 1, 10): {'shapes': [(3072, 250), (250,), (250, 118), (118,), (118, 118), (118,), (118, 110), (110,), (110, 10), (10,)], 'train_accuracy': 0.1, 'test_accuracy': 0.1}} 
09-12 17:35 DEBUG    ****** PDM_KL matching ******** 
09-12 17:35 DEBUG    Best Sigma0: 0.5. Best sigma: 1 Best gamma: 10. Best Test accuracy: 0.1. Train acc: 0.09992. 

09-12 17:35 DEBUG    PDM_KL log: {(0.5, 1, 10): {'shapes': [(3072, 253), (253,), (253, 118), (118,), (118, 118), (118,), (118, 110), (110,), (110, 10), (10,)], 'train_accuracy': 0.09992, 'test_accuracy': 0.1}} 
09-12 17:49 DEBUG    ****** PDM_KL matching ******** 
09-12 17:49 DEBUG    Best Sigma0: 0.5. Best sigma: 1 Best gamma: 10. Best Test accuracy: 0.1. Train acc: 0.1. 

09-12 17:49 DEBUG    PDM_KL log: {(0.5, 1, 10): {'shapes': [(3072, 256), (256,), (256, 118), (118,), (118, 118), (118,), (118, 110), (110,), (110, 10), (10,)], 'train_accuracy': 0.1, 'test_accuracy': 0.1}} 
09-12 18:05 DEBUG    ****** PDM_KL matching ******** 
09-12 18:05 DEBUG    Best Sigma0: 0.5. Best sigma: 1 Best gamma: 10. Best Test accuracy: 0.1074. Train acc: 0.10664. 

09-12 18:05 DEBUG    PDM_KL log: {(0.5, 1, 10): {'shapes': [(3072, 263), (263,), (263, 118), (118,), (118, 127), (127,), (127, 113), (113,), (113, 10), (10,)], 'train_accuracy': 0.10664, 'test_accuracy': 0.1074}} 
09-12 18:23 DEBUG    ****** PDM_KL matching ******** 
09-12 18:23 DEBUG    Best Sigma0: 0.5. Best sigma: 1 Best gamma: 10. Best Test accuracy: 0.1. Train acc: 0.1. 

09-12 18:23 DEBUG    PDM_KL log: {(0.5, 1, 10): {'shapes': [(3072, 320), (320,), (320, 118), (118,), (118, 127), (127,), (127, 114), (114,), (114, 10), (10,)], 'train_accuracy': 0.1, 'test_accuracy': 0.1}} 
09-12 18:48 DEBUG    ****** PDM_KL matching ******** 
09-12 18:48 DEBUG    Best Sigma0: 0.5. Best sigma: 1 Best gamma: 10. Best Test accuracy: 0.1092. Train acc: 0.10896. 

09-12 18:48 DEBUG    PDM_KL log: {(0.5, 1, 10): {'shapes': [(3072, 527), (527,), (527, 127), (127,), (127, 127), (127,), (127, 117), (117,), (117, 10), (10,)], 'train_accuracy': 0.10896, 'test_accuracy': 0.1092}} 
09-12 19:17 DEBUG    ****** PDM_KL matching ******** 
09-12 19:17 DEBUG    Best Sigma0: 0.5. Best sigma: 1 Best gamma: 10. Best Test accuracy: 0.1. Train acc: 0.1. 

09-12 19:17 DEBUG    PDM_KL log: {(0.5, 1, 10): {'shapes': [(3072, 659), (659,), (659, 127), (127,), (127, 127), (127,), (127, 127), (127,), (127, 10), (10,)], 'train_accuracy': 0.1, 'test_accuracy': 0.1}} 
09-12 19:46 DEBUG    ****** PDM_KL matching ******** 
09-12 19:46 DEBUG    Best Sigma0: 0.5. Best sigma: 1 Best gamma: 10. Best Test accuracy: 0.1. Train acc: 0.1. 

09-12 19:46 DEBUG    PDM_KL log: {(0.5, 1, 10): {'shapes': [(3072, 648), (648,), (648, 127), (127,), (127, 127), (127,), (127, 127), (127,), (127, 10), (10,)], 'train_accuracy': 0.1, 'test_accuracy': 0.1}} 
09-12 20:17 DEBUG    ****** PDM_KL matching ******** 
09-12 20:17 DEBUG    Best Sigma0: 0.5. Best sigma: 1 Best gamma: 10. Best Test accuracy: 0.1. Train acc: 0.1. 

09-12 20:17 DEBUG    PDM_KL log: {(0.5, 1, 10): {'shapes': [(3072, 680), (680,), (680, 127), (127,), (127, 127), (127,), (127, 118), (118,), (118, 10), (10,)], 'train_accuracy': 0.1, 'test_accuracy': 0.1}} 
09-12 20:17 DEBUG    Trial 7 completed
09-12 20:17 DEBUG    ####################################################################################################
09-12 20:17 DEBUG    ####################################################################################################
09-12 20:17 DEBUG    Executing Trial 8 with seed 8
09-12 20:17 DEBUG    Data statistics: {0: {0: 524, 1: 168, 2: 259, 3: 1157, 4: 846, 5: 351, 6: 350, 7: 125, 8: 1521}, 1: {0: 10, 1: 1310, 2: 1614, 3: 90, 4: 8, 5: 214, 6: 861, 7: 1092}, 2: {0: 419, 1: 407, 2: 225, 3: 92, 4: 239, 5: 194, 6: 1031, 7: 439, 8: 285, 9: 15}, 3: {0: 28, 1: 306, 2: 33, 3: 771, 4: 66, 5: 275, 6: 140, 7: 431, 8: 14, 9: 3014}, 4: {0: 21, 1: 95, 2: 123, 3: 552, 5: 857, 6: 67, 7: 1578, 8: 108, 9: 1722}, 5: {0: 56, 1: 317, 2: 1458, 3: 2, 4: 205, 5: 2189, 6: 1243}, 6: {0: 167, 1: 198, 2: 701, 3: 793, 4: 735, 5: 779, 6: 196, 7: 139, 8: 3050}, 7: {0: 3355, 1: 1713}, 8: {0: 395, 1: 94, 2: 284, 3: 1438, 4: 88, 5: 140, 7: 515, 8: 21, 9: 249}, 9: {0: 25, 1: 392, 2: 303, 3: 105, 4: 2813, 5: 1, 6: 1112, 7: 681, 8: 1}}
09-12 20:19 DEBUG    **************************************************
09-12 20:19 DEBUG    Running experiments 

09-12 20:20 DEBUG    Uniform ensemble (Train acc): 0.309120
09-12 20:20 DEBUG    Uniform ensemble (Test acc): 0.303400
09-12 20:20 DEBUG    FedAvg (Train acc): 0.100000
09-12 20:20 DEBUG    FedAvg (Test acc): 0.100000
09-12 20:26 DEBUG    ****** PDM_KL matching ******** 
09-12 20:26 DEBUG    Best Sigma0: 0.5. Best sigma: 1 Best gamma: 10. Best Test accuracy: 0.1. Train acc: 0.1. 

09-12 20:26 DEBUG    PDM_KL log: {(0.5, 1, 10): {'shapes': [(3072, 250), (250,), (250, 118), (118,), (118, 127), (127,), (127, 112), (112,), (112, 10), (10,)], 'train_accuracy': 0.1, 'test_accuracy': 0.1}} 
09-12 20:40 DEBUG    ****** PDM_KL matching ******** 
09-12 20:40 DEBUG    Best Sigma0: 0.5. Best sigma: 1 Best gamma: 10. Best Test accuracy: 0.1. Train acc: 0.1. 

09-12 20:40 DEBUG    PDM_KL log: {(0.5, 1, 10): {'shapes': [(3072, 254), (254,), (254, 118), (118,), (118, 118), (118,), (118, 112), (112,), (112, 10), (10,)], 'train_accuracy': 0.1, 'test_accuracy': 0.1}} 
09-12 20:53 DEBUG    ****** PDM_KL matching ******** 
09-12 20:53 DEBUG    Best Sigma0: 0.5. Best sigma: 1 Best gamma: 10. Best Test accuracy: 0.1. Train acc: 0.1. 

09-12 20:53 DEBUG    PDM_KL log: {(0.5, 1, 10): {'shapes': [(3072, 252), (252,), (252, 118), (118,), (118, 127), (127,), (127, 112), (112,), (112, 10), (10,)], 'train_accuracy': 0.1, 'test_accuracy': 0.1}} 
09-12 21:06 DEBUG    ****** PDM_KL matching ******** 
09-12 21:06 DEBUG    Best Sigma0: 0.5. Best sigma: 1 Best gamma: 10. Best Test accuracy: 0.1. Train acc: 0.1. 

09-12 21:06 DEBUG    PDM_KL log: {(0.5, 1, 10): {'shapes': [(3072, 257), (257,), (257, 118), (118,), (118, 118), (118,), (118, 112), (112,), (112, 10), (10,)], 'train_accuracy': 0.1, 'test_accuracy': 0.1}} 
09-12 21:18 DEBUG    ****** PDM_KL matching ******** 
09-12 21:18 DEBUG    Best Sigma0: 0.5. Best sigma: 1 Best gamma: 10. Best Test accuracy: 0.1. Train acc: 0.1. 

09-12 21:18 DEBUG    PDM_KL log: {(0.5, 1, 10): {'shapes': [(3072, 259), (259,), (259, 127), (127,), (127, 118), (118,), (118, 112), (112,), (112, 10), (10,)], 'train_accuracy': 0.1, 'test_accuracy': 0.1}} 
09-12 21:33 DEBUG    ****** PDM_KL matching ******** 
09-12 21:33 DEBUG    Best Sigma0: 0.5. Best sigma: 1 Best gamma: 10. Best Test accuracy: 0.1. Train acc: 0.1. 

09-12 21:33 DEBUG    PDM_KL log: {(0.5, 1, 10): {'shapes': [(3072, 261), (261,), (261, 118), (118,), (118, 118), (118,), (118, 112), (112,), (112, 10), (10,)], 'train_accuracy': 0.1, 'test_accuracy': 0.1}} 
09-12 21:52 DEBUG    ****** PDM_KL matching ******** 
09-12 21:52 DEBUG    Best Sigma0: 0.5. Best sigma: 1 Best gamma: 10. Best Test accuracy: 0.1. Train acc: 0.1. 

09-12 21:52 DEBUG    PDM_KL log: {(0.5, 1, 10): {'shapes': [(3072, 331), (331,), (331, 118), (118,), (118, 118), (118,), (118, 114), (114,), (114, 10), (10,)], 'train_accuracy': 0.1, 'test_accuracy': 0.1}} 
09-12 22:17 DEBUG    ****** PDM_KL matching ******** 
09-12 22:17 DEBUG    Best Sigma0: 0.5. Best sigma: 1 Best gamma: 10. Best Test accuracy: 0.1. Train acc: 0.1. 

09-12 22:17 DEBUG    PDM_KL log: {(0.5, 1, 10): {'shapes': [(3072, 537), (537,), (537, 127), (127,), (127, 127), (127,), (127, 118), (118,), (118, 10), (10,)], 'train_accuracy': 0.1, 'test_accuracy': 0.1}} 
09-12 22:42 DEBUG    ****** PDM_KL matching ******** 
09-12 22:42 DEBUG    Best Sigma0: 0.5. Best sigma: 1 Best gamma: 10. Best Test accuracy: 0.1. Train acc: 0.1. 

09-12 22:42 DEBUG    PDM_KL log: {(0.5, 1, 10): {'shapes': [(3072, 691), (691,), (691, 127), (127,), (127, 127), (127,), (127, 127), (127,), (127, 10), (10,)], 'train_accuracy': 0.1, 'test_accuracy': 0.1}} 
09-12 23:08 DEBUG    ****** PDM_KL matching ******** 
09-12 23:08 DEBUG    Best Sigma0: 0.5. Best sigma: 1 Best gamma: 10. Best Test accuracy: 0.1. Train acc: 0.10002. 

09-12 23:08 DEBUG    PDM_KL log: {(0.5, 1, 10): {'shapes': [(3072, 657), (657,), (657, 136), (136,), (136, 127), (127,), (127, 127), (127,), (127, 10), (10,)], 'train_accuracy': 0.10002, 'test_accuracy': 0.1}} 
09-12 23:35 DEBUG    ****** PDM_KL matching ******** 
09-12 23:35 DEBUG    Best Sigma0: 0.5. Best sigma: 1 Best gamma: 10. Best Test accuracy: 0.1. Train acc: 0.1. 

09-12 23:35 DEBUG    PDM_KL log: {(0.5, 1, 10): {'shapes': [(3072, 676), (676,), (676, 136), (136,), (136, 127), (127,), (127, 118), (118,), (118, 10), (10,)], 'train_accuracy': 0.1, 'test_accuracy': 0.1}} 
09-12 23:35 DEBUG    Trial 8 completed
09-12 23:35 DEBUG    ####################################################################################################
09-12 23:35 DEBUG    ####################################################################################################
09-12 23:35 DEBUG    Executing Trial 9 with seed 9
09-12 23:35 DEBUG    Data statistics: {0: {0: 850, 1: 134, 2: 1, 3: 25, 4: 72, 5: 460, 6: 154, 7: 349, 8: 2830, 9: 76}, 1: {0: 207, 1: 1494, 2: 666, 3: 1620, 4: 108, 5: 232, 6: 695}, 2: {0: 273, 1: 142, 2: 96, 3: 413, 4: 807, 5: 440, 6: 112, 7: 72, 8: 6, 9: 476}, 3: {0: 943, 1: 497, 2: 82, 3: 901, 4: 767, 5: 61, 6: 16, 7: 1049, 8: 13, 9: 18}, 4: {0: 706, 1: 124, 2: 1814, 3: 664, 4: 2594}, 5: {0: 58, 2: 452, 3: 3, 4: 95, 5: 842, 6: 14, 7: 1323, 8: 1770, 9: 199}, 6: {0: 289, 1: 63, 2: 4, 3: 214, 4: 342, 5: 1069, 6: 860, 7: 239, 9: 2287}, 7: {0: 755, 1: 464, 2: 1575, 3: 452, 4: 50, 5: 8, 6: 2365}, 8: {0: 116, 1: 1976, 2: 6, 3: 563, 4: 76, 5: 1467, 6: 95, 7: 785}, 9: {0: 803, 1: 106, 2: 304, 3: 145, 4: 89, 5: 421, 6: 689, 7: 1183, 8: 381, 9: 1944}}
09-12 23:37 DEBUG    **************************************************
09-12 23:37 DEBUG    Running experiments 

09-12 23:38 DEBUG    Uniform ensemble (Train acc): 0.312240
09-12 23:38 DEBUG    Uniform ensemble (Test acc): 0.307600
09-12 23:38 DEBUG    FedAvg (Train acc): 0.100000
09-12 23:38 DEBUG    FedAvg (Test acc): 0.100000
09-12 23:43 DEBUG    ****** PDM_KL matching ******** 
09-12 23:43 DEBUG    Best Sigma0: 0.5. Best sigma: 1 Best gamma: 10. Best Test accuracy: 0.1. Train acc: 0.1. 

09-12 23:43 DEBUG    PDM_KL log: {(0.5, 1, 10): {'shapes': [(3072, 253), (253,), (253, 118), (118,), (118, 118), (118,), (118, 112), (112,), (112, 10), (10,)], 'train_accuracy': 0.1, 'test_accuracy': 0.1}} 
09-12 23:57 DEBUG    ****** PDM_KL matching ******** 
09-12 23:57 DEBUG    Best Sigma0: 0.5. Best sigma: 1 Best gamma: 10. Best Test accuracy: 0.1005. Train acc: 0.1003. 

09-12 23:57 DEBUG    PDM_KL log: {(0.5, 1, 10): {'shapes': [(3072, 248), (248,), (248, 118), (118,), (118, 118), (118,), (118, 113), (113,), (113, 10), (10,)], 'train_accuracy': 0.1003, 'test_accuracy': 0.1005}} 
09-13 00:08 DEBUG    ****** PDM_KL matching ******** 
09-13 00:08 DEBUG    Best Sigma0: 0.5. Best sigma: 1 Best gamma: 10. Best Test accuracy: 0.1. Train acc: 0.1. 

09-13 00:08 DEBUG    PDM_KL log: {(0.5, 1, 10): {'shapes': [(3072, 244), (244,), (244, 118), (118,), (118, 118), (118,), (118, 112), (112,), (112, 10), (10,)], 'train_accuracy': 0.1, 'test_accuracy': 0.1}} 
09-13 00:21 DEBUG    ****** PDM_KL matching ******** 
09-13 00:21 DEBUG    Best Sigma0: 0.5. Best sigma: 1 Best gamma: 10. Best Test accuracy: 0.1. Train acc: 0.1. 

09-13 00:21 DEBUG    PDM_KL log: {(0.5, 1, 10): {'shapes': [(3072, 248), (248,), (248, 127), (127,), (127, 118), (118,), (118, 113), (113,), (113, 10), (10,)], 'train_accuracy': 0.1, 'test_accuracy': 0.1}} 
09-13 00:34 DEBUG    ****** PDM_KL matching ******** 
09-13 00:34 DEBUG    Best Sigma0: 0.5. Best sigma: 1 Best gamma: 10. Best Test accuracy: 0.1. Train acc: 0.1. 

09-13 00:34 DEBUG    PDM_KL log: {(0.5, 1, 10): {'shapes': [(3072, 246), (246,), (246, 118), (118,), (118, 118), (118,), (118, 113), (113,), (113, 10), (10,)], 'train_accuracy': 0.1, 'test_accuracy': 0.1}} 
09-13 00:45 DEBUG    ****** PDM_KL matching ******** 
09-13 00:45 DEBUG    Best Sigma0: 0.5. Best sigma: 1 Best gamma: 10. Best Test accuracy: 0.1077. Train acc: 0.10612. 

09-13 00:45 DEBUG    PDM_KL log: {(0.5, 1, 10): {'shapes': [(3072, 257), (257,), (257, 118), (118,), (118, 118), (118,), (118, 113), (113,), (113, 10), (10,)], 'train_accuracy': 0.10612, 'test_accuracy': 0.1077}} 
09-13 00:58 DEBUG    ****** PDM_KL matching ******** 
09-13 00:58 DEBUG    Best Sigma0: 0.5. Best sigma: 1 Best gamma: 10. Best Test accuracy: 0.1003. Train acc: 0.1001. 

09-13 00:58 DEBUG    PDM_KL log: {(0.5, 1, 10): {'shapes': [(3072, 318), (318,), (318, 127), (127,), (127, 127), (127,), (127, 115), (115,), (115, 10), (10,)], 'train_accuracy': 0.1001, 'test_accuracy': 0.1003}} 
09-13 01:15 DEBUG    ****** PDM_KL matching ******** 
09-13 01:15 DEBUG    Best Sigma0: 0.5. Best sigma: 1 Best gamma: 10. Best Test accuracy: 0.1. Train acc: 0.1. 

09-13 01:15 DEBUG    PDM_KL log: {(0.5, 1, 10): {'shapes': [(3072, 520), (520,), (520, 127), (127,), (127, 127), (127,), (127, 119), (119,), (119, 10), (10,)], 'train_accuracy': 0.1, 'test_accuracy': 0.1}} 
09-13 01:35 DEBUG    ****** PDM_KL matching ******** 
09-13 01:35 DEBUG    Best Sigma0: 0.5. Best sigma: 1 Best gamma: 10. Best Test accuracy: 0.1. Train acc: 0.1. 

09-13 01:35 DEBUG    PDM_KL log: {(0.5, 1, 10): {'shapes': [(3072, 664), (664,), (664, 127), (127,), (127, 127), (127,), (127, 127), (127,), (127, 10), (10,)], 'train_accuracy': 0.1, 'test_accuracy': 0.1}} 
09-13 01:49 DEBUG    ****** PDM_KL matching ******** 
09-13 01:49 DEBUG    Best Sigma0: 0.5. Best sigma: 1 Best gamma: 10. Best Test accuracy: 0.0992. Train acc: 0.09946. 

09-13 01:49 DEBUG    PDM_KL log: {(0.5, 1, 10): {'shapes': [(3072, 653), (653,), (653, 127), (127,), (127, 127), (127,), (127, 118), (118,), (118, 10), (10,)], 'train_accuracy': 0.09946, 'test_accuracy': 0.0992}} 
09-13 02:04 DEBUG    ****** PDM_KL matching ******** 
09-13 02:04 DEBUG    Best Sigma0: 0.5. Best sigma: 1 Best gamma: 10. Best Test accuracy: 0.1. Train acc: 0.1. 

09-13 02:04 DEBUG    PDM_KL log: {(0.5, 1, 10): {'shapes': [(3072, 680), (680,), (680, 127), (127,), (127, 127), (127,), (127, 118), (118,), (118, 10), (10,)], 'train_accuracy': 0.1, 'test_accuracy': 0.1}} 
09-13 02:04 DEBUG    Trial 9 completed
09-13 02:04 DEBUG    ####################################################################################################
