09-12 21:20 DEBUG    Experiment arguments: Namespace(alpha=0.5, communication_rounds=None, datadir='data/mnist', dataset='mnist', device=1.0, dropout_p=0.0, epochs=10, experiment=['all'], init_seed=0, iter_epochs=5, layers=0, loaddir='saved_weights/mnist/homo', logdir='KL_regs/mnist/homo', lr=0.01, lr_decay=1.0, n=30, n_layers=1, n_nets=5, net_config=[784, 100, 10], num_pool_workers=7, partition='homo', pdm_gamma=1.0, pdm_sig=1.0, pdm_sig0=1.0, reg=1e-06, reg_fac=0.0, trials=10)
09-12 21:20 DEBUG    ####################################################################################################
09-12 21:20 DEBUG    Executing Trial 0 with seed 0
09-12 21:20 DEBUG    Data statistics: {0: {0: 1205, 1: 1379, 2: 1166, 3: 1208, 4: 1153, 5: 1075, 6: 1190, 7: 1228, 8: 1191, 9: 1205}, 1: {0: 1212, 1: 1333, 2: 1193, 3: 1219, 4: 1167, 5: 1081, 6: 1143, 7: 1273, 8: 1187, 9: 1192}, 2: {0: 1174, 1: 1343, 2: 1194, 3: 1243, 4: 1216, 5: 1095, 6: 1176, 7: 1220, 8: 1149, 9: 1190}, 3: {0: 1142, 1: 1327, 2: 1218, 3: 1215, 4: 1177, 5: 1118, 6: 1206, 7: 1299, 8: 1126, 9: 1172}, 4: {0: 1190, 1: 1360, 2: 1187, 3: 1246, 4: 1129, 5: 1052, 6: 1203, 7: 1245, 8: 1198, 9: 1190}}
09-12 21:21 DEBUG    **************************************************
09-12 21:21 DEBUG    Running experiments 

09-12 21:21 DEBUG    Uniform ensemble (Train acc): 0.977367
09-12 21:21 DEBUG    Uniform ensemble (Test acc): 0.972000
09-12 21:21 DEBUG    FedAvg (Train acc): 0.250817
09-12 21:21 DEBUG    FedAvg (Test acc): 0.243900
09-12 21:21 DEBUG    ****** PDM_KL matching ******** 
09-12 21:21 DEBUG    Best Sigma0: 0.5. Best sigma: 1 Best gamma: 10. Best Test accuracy: 0.9679. Train acc: 0.9733833333333334. 

09-12 21:21 DEBUG    PDM_KL log: {(0.5, 1, 10): {'shapes': [(784, 197), (197,), (197, 10), (10,)], 'train_accuracy': 0.9733833333333334, 'test_accuracy': 0.9679}} 
09-12 21:22 DEBUG    ****** PDM_KL matching ******** 
09-12 21:22 DEBUG    Best Sigma0: 0.5. Best sigma: 1 Best gamma: 10. Best Test accuracy: 0.9674. Train acc: 0.9732166666666666. 

09-12 21:22 DEBUG    PDM_KL log: {(0.5, 1, 10): {'shapes': [(784, 201), (201,), (201, 10), (10,)], 'train_accuracy': 0.9732166666666666, 'test_accuracy': 0.9674}} 
09-12 21:23 DEBUG    ****** PDM_KL matching ******** 
09-12 21:23 DEBUG    Best Sigma0: 0.5. Best sigma: 1 Best gamma: 10. Best Test accuracy: 0.9679. Train acc: 0.9734833333333334. 

09-12 21:23 DEBUG    PDM_KL log: {(0.5, 1, 10): {'shapes': [(784, 200), (200,), (200, 10), (10,)], 'train_accuracy': 0.9734833333333334, 'test_accuracy': 0.9679}} 
09-12 21:24 DEBUG    ****** PDM_KL matching ******** 
09-12 21:24 DEBUG    Best Sigma0: 0.5. Best sigma: 1 Best gamma: 10. Best Test accuracy: 0.9682. Train acc: 0.9739833333333333. 

09-12 21:24 DEBUG    PDM_KL log: {(0.5, 1, 10): {'shapes': [(784, 201), (201,), (201, 10), (10,)], 'train_accuracy': 0.9739833333333333, 'test_accuracy': 0.9682}} 
09-12 21:25 DEBUG    ****** PDM_KL matching ******** 
09-12 21:25 DEBUG    Best Sigma0: 0.5. Best sigma: 1 Best gamma: 10. Best Test accuracy: 0.9667. Train acc: 0.9726833333333333. 

09-12 21:25 DEBUG    PDM_KL log: {(0.5, 1, 10): {'shapes': [(784, 204), (204,), (204, 10), (10,)], 'train_accuracy': 0.9726833333333333, 'test_accuracy': 0.9667}} 
09-12 21:26 DEBUG    ****** PDM_KL matching ******** 
09-12 21:26 DEBUG    Best Sigma0: 0.5. Best sigma: 1 Best gamma: 10. Best Test accuracy: 0.9678. Train acc: 0.9726833333333333. 

09-12 21:26 DEBUG    PDM_KL log: {(0.5, 1, 10): {'shapes': [(784, 209), (209,), (209, 10), (10,)], 'train_accuracy': 0.9726833333333333, 'test_accuracy': 0.9678}} 
09-12 21:27 DEBUG    ****** PDM_KL matching ******** 
09-12 21:27 DEBUG    Best Sigma0: 0.5. Best sigma: 1 Best gamma: 10. Best Test accuracy: 0.972. Train acc: 0.97705. 

09-12 21:27 DEBUG    PDM_KL log: {(0.5, 1, 10): {'shapes': [(784, 289), (289,), (289, 10), (10,)], 'train_accuracy': 0.97705, 'test_accuracy': 0.972}} 
09-12 21:29 DEBUG    ****** PDM_KL matching ******** 
09-12 21:29 DEBUG    Best Sigma0: 0.5. Best sigma: 1 Best gamma: 10. Best Test accuracy: 0.9742. Train acc: 0.9791. 

09-12 21:29 DEBUG    PDM_KL log: {(0.5, 1, 10): {'shapes': [(784, 410), (410,), (410, 10), (10,)], 'train_accuracy': 0.9791, 'test_accuracy': 0.9742}} 
09-12 21:32 DEBUG    ****** PDM_KL matching ******** 
09-12 21:32 DEBUG    Best Sigma0: 0.5. Best sigma: 1 Best gamma: 10. Best Test accuracy: 0.9745. Train acc: 0.9792166666666666. 

09-12 21:32 DEBUG    PDM_KL log: {(0.5, 1, 10): {'shapes': [(784, 427), (427,), (427, 10), (10,)], 'train_accuracy': 0.9792166666666666, 'test_accuracy': 0.9745}} 
09-12 21:34 DEBUG    ****** PDM_KL matching ******** 
09-12 21:34 DEBUG    Best Sigma0: 0.5. Best sigma: 1 Best gamma: 10. Best Test accuracy: 0.9742. Train acc: 0.97915. 

09-12 21:34 DEBUG    PDM_KL log: {(0.5, 1, 10): {'shapes': [(784, 417), (417,), (417, 10), (10,)], 'train_accuracy': 0.97915, 'test_accuracy': 0.9742}} 
09-12 21:35 DEBUG    ****** PDM_KL matching ******** 
09-12 21:35 DEBUG    Best Sigma0: 0.5. Best sigma: 1 Best gamma: 10. Best Test accuracy: 0.6178. Train acc: 0.6215666666666667. 

09-12 21:35 DEBUG    PDM_KL log: {(0.5, 1, 10): {'shapes': [(784, 181), (181,), (181, 10), (10,)], 'train_accuracy': 0.6215666666666667, 'test_accuracy': 0.6178}} 
09-12 21:35 DEBUG    Trial 0 completed
09-12 21:35 DEBUG    ####################################################################################################
09-12 21:35 DEBUG    ####################################################################################################
09-12 21:35 DEBUG    Executing Trial 1 with seed 1
09-12 21:35 DEBUG    Data statistics: {0: {0: 1158, 1: 1373, 2: 1194, 3: 1237, 4: 1157, 5: 1110, 6: 1187, 7: 1265, 8: 1172, 9: 1147}, 1: {0: 1214, 1: 1339, 2: 1194, 3: 1221, 4: 1172, 5: 1164, 6: 1191, 7: 1208, 8: 1145, 9: 1152}, 2: {0: 1173, 1: 1336, 2: 1222, 3: 1261, 4: 1173, 5: 1000, 6: 1186, 7: 1262, 8: 1166, 9: 1221}, 3: {0: 1175, 1: 1318, 2: 1213, 3: 1179, 4: 1174, 5: 1071, 6: 1166, 7: 1262, 8: 1213, 9: 1229}, 4: {0: 1203, 1: 1376, 2: 1135, 3: 1233, 4: 1166, 5: 1076, 6: 1188, 7: 1268, 8: 1155, 9: 1200}}
09-12 21:36 DEBUG    **************************************************
09-12 21:36 DEBUG    Running experiments 

09-12 21:37 DEBUG    Uniform ensemble (Train acc): 0.978500
09-12 21:37 DEBUG    Uniform ensemble (Test acc): 0.974600
09-12 21:37 DEBUG    FedAvg (Train acc): 0.270383
09-12 21:37 DEBUG    FedAvg (Test acc): 0.278200
09-12 21:38 DEBUG    ****** PDM_KL matching ******** 
09-12 21:38 DEBUG    Best Sigma0: 0.5. Best sigma: 1 Best gamma: 10. Best Test accuracy: 0.9684. Train acc: 0.9734333333333334. 

09-12 21:38 DEBUG    PDM_KL log: {(0.5, 1, 10): {'shapes': [(784, 197), (197,), (197, 10), (10,)], 'train_accuracy': 0.9734333333333334, 'test_accuracy': 0.9684}} 
09-12 21:39 DEBUG    ****** PDM_KL matching ******** 
09-12 21:39 DEBUG    Best Sigma0: 0.5. Best sigma: 1 Best gamma: 10. Best Test accuracy: 0.9693. Train acc: 0.9737166666666667. 

09-12 21:39 DEBUG    PDM_KL log: {(0.5, 1, 10): {'shapes': [(784, 195), (195,), (195, 10), (10,)], 'train_accuracy': 0.9737166666666667, 'test_accuracy': 0.9693}} 
09-12 21:40 DEBUG    ****** PDM_KL matching ******** 
09-12 21:40 DEBUG    Best Sigma0: 0.5. Best sigma: 1 Best gamma: 10. Best Test accuracy: 0.9676. Train acc: 0.9731. 

09-12 21:40 DEBUG    PDM_KL log: {(0.5, 1, 10): {'shapes': [(784, 193), (193,), (193, 10), (10,)], 'train_accuracy': 0.9731, 'test_accuracy': 0.9676}} 
09-12 21:42 DEBUG    ****** PDM_KL matching ******** 
09-12 21:42 DEBUG    Best Sigma0: 0.5. Best sigma: 1 Best gamma: 10. Best Test accuracy: 0.9684. Train acc: 0.9733666666666667. 

09-12 21:42 DEBUG    PDM_KL log: {(0.5, 1, 10): {'shapes': [(784, 197), (197,), (197, 10), (10,)], 'train_accuracy': 0.9733666666666667, 'test_accuracy': 0.9684}} 
09-12 21:43 DEBUG    ****** PDM_KL matching ******** 
09-12 21:43 DEBUG    Best Sigma0: 0.5. Best sigma: 1 Best gamma: 10. Best Test accuracy: 0.9691. Train acc: 0.97435. 

09-12 21:43 DEBUG    PDM_KL log: {(0.5, 1, 10): {'shapes': [(784, 201), (201,), (201, 10), (10,)], 'train_accuracy': 0.97435, 'test_accuracy': 0.9691}} 
09-12 21:44 DEBUG    ****** PDM_KL matching ******** 
09-12 21:44 DEBUG    Best Sigma0: 0.5. Best sigma: 1 Best gamma: 10. Best Test accuracy: 0.9694. Train acc: 0.97495. 

09-12 21:44 DEBUG    PDM_KL log: {(0.5, 1, 10): {'shapes': [(784, 208), (208,), (208, 10), (10,)], 'train_accuracy': 0.97495, 'test_accuracy': 0.9694}} 
09-12 21:46 DEBUG    ****** PDM_KL matching ******** 
09-12 21:46 DEBUG    Best Sigma0: 0.5. Best sigma: 1 Best gamma: 10. Best Test accuracy: 0.9743. Train acc: 0.97825. 

09-12 21:46 DEBUG    PDM_KL log: {(0.5, 1, 10): {'shapes': [(784, 284), (284,), (284, 10), (10,)], 'train_accuracy': 0.97825, 'test_accuracy': 0.9743}} 
09-12 21:49 DEBUG    ****** PDM_KL matching ******** 
09-12 21:49 DEBUG    Best Sigma0: 0.5. Best sigma: 1 Best gamma: 10. Best Test accuracy: 0.976. Train acc: 0.9799333333333333. 

09-12 21:49 DEBUG    PDM_KL log: {(0.5, 1, 10): {'shapes': [(784, 400), (400,), (400, 10), (10,)], 'train_accuracy': 0.9799333333333333, 'test_accuracy': 0.976}} 
09-12 21:52 DEBUG    ****** PDM_KL matching ******** 
09-12 21:52 DEBUG    Best Sigma0: 0.5. Best sigma: 1 Best gamma: 10. Best Test accuracy: 0.976. Train acc: 0.9800833333333333. 

09-12 21:52 DEBUG    PDM_KL log: {(0.5, 1, 10): {'shapes': [(784, 418), (418,), (418, 10), (10,)], 'train_accuracy': 0.9800833333333333, 'test_accuracy': 0.976}} 
09-12 21:54 DEBUG    ****** PDM_KL matching ******** 
09-12 21:54 DEBUG    Best Sigma0: 0.5. Best sigma: 1 Best gamma: 10. Best Test accuracy: 0.9757. Train acc: 0.9801333333333333. 

09-12 21:54 DEBUG    PDM_KL log: {(0.5, 1, 10): {'shapes': [(784, 417), (417,), (417, 10), (10,)], 'train_accuracy': 0.9801333333333333, 'test_accuracy': 0.9757}} 
09-12 21:56 DEBUG    ****** PDM_KL matching ******** 
09-12 21:56 DEBUG    Best Sigma0: 0.5. Best sigma: 1 Best gamma: 10. Best Test accuracy: 0.7042. Train acc: 0.7057666666666667. 

09-12 21:56 DEBUG    PDM_KL log: {(0.5, 1, 10): {'shapes': [(784, 177), (177,), (177, 10), (10,)], 'train_accuracy': 0.7057666666666667, 'test_accuracy': 0.7042}} 
09-12 21:56 DEBUG    Trial 1 completed
09-12 21:56 DEBUG    ####################################################################################################
09-12 21:56 DEBUG    ####################################################################################################
09-12 21:56 DEBUG    Executing Trial 2 with seed 2
09-12 21:56 DEBUG    Data statistics: {0: {0: 1183, 1: 1354, 2: 1194, 3: 1252, 4: 1217, 5: 1083, 6: 1169, 7: 1220, 8: 1166, 9: 1162}, 1: {0: 1167, 1: 1344, 2: 1197, 3: 1212, 4: 1159, 5: 1109, 6: 1217, 7: 1255, 8: 1153, 9: 1187}, 2: {0: 1156, 1: 1318, 2: 1213, 3: 1259, 4: 1156, 5: 1096, 6: 1193, 7: 1265, 8: 1177, 9: 1167}, 3: {0: 1229, 1: 1381, 2: 1187, 3: 1196, 4: 1160, 5: 1071, 6: 1123, 7: 1293, 8: 1145, 9: 1215}, 4: {0: 1188, 1: 1345, 2: 1167, 3: 1212, 4: 1150, 5: 1062, 6: 1216, 7: 1232, 8: 1210, 9: 1218}}
09-12 21:56 DEBUG    **************************************************
09-12 21:56 DEBUG    Running experiments 

09-12 21:57 DEBUG    Uniform ensemble (Train acc): 0.977417
09-12 21:57 DEBUG    Uniform ensemble (Test acc): 0.970400
09-12 21:57 DEBUG    FedAvg (Train acc): 0.255600
09-12 21:57 DEBUG    FedAvg (Test acc): 0.252500
09-12 21:58 DEBUG    ****** PDM_KL matching ******** 
09-12 21:58 DEBUG    Best Sigma0: 0.5. Best sigma: 1 Best gamma: 10. Best Test accuracy: 0.966. Train acc: 0.9727666666666667. 

09-12 21:58 DEBUG    PDM_KL log: {(0.5, 1, 10): {'shapes': [(784, 193), (193,), (193, 10), (10,)], 'train_accuracy': 0.9727666666666667, 'test_accuracy': 0.966}} 
09-12 21:59 DEBUG    ****** PDM_KL matching ******** 
09-12 21:59 DEBUG    Best Sigma0: 0.5. Best sigma: 1 Best gamma: 10. Best Test accuracy: 0.966. Train acc: 0.9725833333333334. 

09-12 21:59 DEBUG    PDM_KL log: {(0.5, 1, 10): {'shapes': [(784, 193), (193,), (193, 10), (10,)], 'train_accuracy': 0.9725833333333334, 'test_accuracy': 0.966}} 
09-12 22:01 DEBUG    ****** PDM_KL matching ******** 
09-12 22:01 DEBUG    Best Sigma0: 0.5. Best sigma: 1 Best gamma: 10. Best Test accuracy: 0.9664. Train acc: 0.97225. 

09-12 22:01 DEBUG    PDM_KL log: {(0.5, 1, 10): {'shapes': [(784, 190), (190,), (190, 10), (10,)], 'train_accuracy': 0.97225, 'test_accuracy': 0.9664}} 
09-12 22:02 DEBUG    ****** PDM_KL matching ******** 
09-12 22:02 DEBUG    Best Sigma0: 0.5. Best sigma: 1 Best gamma: 10. Best Test accuracy: 0.9652. Train acc: 0.9722833333333334. 

09-12 22:02 DEBUG    PDM_KL log: {(0.5, 1, 10): {'shapes': [(784, 192), (192,), (192, 10), (10,)], 'train_accuracy': 0.9722833333333334, 'test_accuracy': 0.9652}} 
09-12 22:03 DEBUG    ****** PDM_KL matching ******** 
09-12 22:03 DEBUG    Best Sigma0: 0.5. Best sigma: 1 Best gamma: 10. Best Test accuracy: 0.9651. Train acc: 0.97275. 

09-12 22:03 DEBUG    PDM_KL log: {(0.5, 1, 10): {'shapes': [(784, 194), (194,), (194, 10), (10,)], 'train_accuracy': 0.97275, 'test_accuracy': 0.9651}} 
09-12 22:04 DEBUG    ****** PDM_KL matching ******** 
09-12 22:04 DEBUG    Best Sigma0: 0.5. Best sigma: 1 Best gamma: 10. Best Test accuracy: 0.965. Train acc: 0.97265. 

09-12 22:04 DEBUG    PDM_KL log: {(0.5, 1, 10): {'shapes': [(784, 204), (204,), (204, 10), (10,)], 'train_accuracy': 0.97265, 'test_accuracy': 0.965}} 
09-12 22:06 DEBUG    ****** PDM_KL matching ******** 
09-12 22:06 DEBUG    Best Sigma0: 0.5. Best sigma: 1 Best gamma: 10. Best Test accuracy: 0.9706. Train acc: 0.9769666666666666. 

09-12 22:06 DEBUG    PDM_KL log: {(0.5, 1, 10): {'shapes': [(784, 284), (284,), (284, 10), (10,)], 'train_accuracy': 0.9769666666666666, 'test_accuracy': 0.9706}} 
09-12 22:09 DEBUG    ****** PDM_KL matching ******** 
09-12 22:09 DEBUG    Best Sigma0: 0.5. Best sigma: 1 Best gamma: 10. Best Test accuracy: 0.9724. Train acc: 0.9785. 

09-12 22:09 DEBUG    PDM_KL log: {(0.5, 1, 10): {'shapes': [(784, 401), (401,), (401, 10), (10,)], 'train_accuracy': 0.9785, 'test_accuracy': 0.9724}} 
09-12 22:11 DEBUG    ****** PDM_KL matching ******** 
09-12 22:11 DEBUG    Best Sigma0: 0.5. Best sigma: 1 Best gamma: 10. Best Test accuracy: 0.9726. Train acc: 0.9785166666666667. 

09-12 22:11 DEBUG    PDM_KL log: {(0.5, 1, 10): {'shapes': [(784, 418), (418,), (418, 10), (10,)], 'train_accuracy': 0.9785166666666667, 'test_accuracy': 0.9726}} 
09-12 22:14 DEBUG    ****** PDM_KL matching ******** 
09-12 22:14 DEBUG    Best Sigma0: 0.5. Best sigma: 1 Best gamma: 10. Best Test accuracy: 0.9715. Train acc: 0.97835. 

09-12 22:14 DEBUG    PDM_KL log: {(0.5, 1, 10): {'shapes': [(784, 410), (410,), (410, 10), (10,)], 'train_accuracy': 0.97835, 'test_accuracy': 0.9715}} 
09-12 22:15 DEBUG    ****** PDM_KL matching ******** 
09-12 22:15 DEBUG    Best Sigma0: 0.5. Best sigma: 1 Best gamma: 10. Best Test accuracy: 0.6631. Train acc: 0.66905. 

09-12 22:15 DEBUG    PDM_KL log: {(0.5, 1, 10): {'shapes': [(784, 184), (184,), (184, 10), (10,)], 'train_accuracy': 0.66905, 'test_accuracy': 0.6631}} 
09-12 22:15 DEBUG    Trial 2 completed
09-12 22:15 DEBUG    ####################################################################################################
09-12 22:15 DEBUG    ####################################################################################################
09-12 22:15 DEBUG    Executing Trial 3 with seed 3
09-12 22:15 DEBUG    Data statistics: {0: {0: 1178, 1: 1382, 2: 1201, 3: 1199, 4: 1157, 5: 1104, 6: 1158, 7: 1285, 8: 1167, 9: 1169}, 1: {0: 1131, 1: 1340, 2: 1209, 3: 1273, 4: 1190, 5: 1053, 6: 1143, 7: 1221, 8: 1212, 9: 1228}, 2: {0: 1159, 1: 1359, 2: 1190, 3: 1267, 4: 1187, 5: 1063, 6: 1199, 7: 1222, 8: 1132, 9: 1222}, 3: {0: 1239, 1: 1356, 2: 1174, 3: 1185, 4: 1118, 5: 1084, 6: 1205, 7: 1278, 8: 1203, 9: 1158}, 4: {0: 1216, 1: 1305, 2: 1184, 3: 1207, 4: 1190, 5: 1117, 6: 1213, 7: 1259, 8: 1137, 9: 1172}}
09-12 22:16 DEBUG    **************************************************
09-12 22:16 DEBUG    Running experiments 

09-12 22:17 DEBUG    Uniform ensemble (Train acc): 0.979467
09-12 22:17 DEBUG    Uniform ensemble (Test acc): 0.974800
09-12 22:17 DEBUG    FedAvg (Train acc): 0.243883
09-12 22:17 DEBUG    FedAvg (Test acc): 0.239200
09-12 22:18 DEBUG    ****** PDM_KL matching ******** 
09-12 22:18 DEBUG    Best Sigma0: 0.5. Best sigma: 1 Best gamma: 10. Best Test accuracy: 0.967. Train acc: 0.97225. 

09-12 22:18 DEBUG    PDM_KL log: {(0.5, 1, 10): {'shapes': [(784, 192), (192,), (192, 10), (10,)], 'train_accuracy': 0.97225, 'test_accuracy': 0.967}} 
09-12 22:19 DEBUG    ****** PDM_KL matching ******** 
09-12 22:19 DEBUG    Best Sigma0: 0.5. Best sigma: 1 Best gamma: 10. Best Test accuracy: 0.9667. Train acc: 0.9725166666666667. 

09-12 22:19 DEBUG    PDM_KL log: {(0.5, 1, 10): {'shapes': [(784, 192), (192,), (192, 10), (10,)], 'train_accuracy': 0.9725166666666667, 'test_accuracy': 0.9667}} 
09-12 22:21 DEBUG    ****** PDM_KL matching ******** 
09-12 22:21 DEBUG    Best Sigma0: 0.5. Best sigma: 1 Best gamma: 10. Best Test accuracy: 0.9672. Train acc: 0.9724833333333334. 

09-12 22:21 DEBUG    PDM_KL log: {(0.5, 1, 10): {'shapes': [(784, 193), (193,), (193, 10), (10,)], 'train_accuracy': 0.9724833333333334, 'test_accuracy': 0.9672}} 
09-12 22:22 DEBUG    ****** PDM_KL matching ******** 
09-12 22:22 DEBUG    Best Sigma0: 0.5. Best sigma: 1 Best gamma: 10. Best Test accuracy: 0.9677. Train acc: 0.9728166666666667. 

09-12 22:22 DEBUG    PDM_KL log: {(0.5, 1, 10): {'shapes': [(784, 196), (196,), (196, 10), (10,)], 'train_accuracy': 0.9728166666666667, 'test_accuracy': 0.9677}} 
09-12 22:24 DEBUG    ****** PDM_KL matching ******** 
09-12 22:24 DEBUG    Best Sigma0: 0.5. Best sigma: 1 Best gamma: 10. Best Test accuracy: 0.9685. Train acc: 0.9728666666666667. 

09-12 22:24 DEBUG    PDM_KL log: {(0.5, 1, 10): {'shapes': [(784, 200), (200,), (200, 10), (10,)], 'train_accuracy': 0.9728666666666667, 'test_accuracy': 0.9685}} 
09-12 22:25 DEBUG    ****** PDM_KL matching ******** 
09-12 22:25 DEBUG    Best Sigma0: 0.5. Best sigma: 1 Best gamma: 10. Best Test accuracy: 0.9688. Train acc: 0.97315. 

09-12 22:25 DEBUG    PDM_KL log: {(0.5, 1, 10): {'shapes': [(784, 207), (207,), (207, 10), (10,)], 'train_accuracy': 0.97315, 'test_accuracy': 0.9688}} 
09-12 22:27 DEBUG    ****** PDM_KL matching ******** 
09-12 22:27 DEBUG    Best Sigma0: 0.5. Best sigma: 1 Best gamma: 10. Best Test accuracy: 0.9731. Train acc: 0.9778333333333333. 

09-12 22:27 DEBUG    PDM_KL log: {(0.5, 1, 10): {'shapes': [(784, 287), (287,), (287, 10), (10,)], 'train_accuracy': 0.9778333333333333, 'test_accuracy': 0.9731}} 
09-12 22:29 DEBUG    ****** PDM_KL matching ******** 
09-12 22:29 DEBUG    Best Sigma0: 0.5. Best sigma: 1 Best gamma: 10. Best Test accuracy: 0.9756. Train acc: 0.9804833333333334. 

09-12 22:29 DEBUG    PDM_KL log: {(0.5, 1, 10): {'shapes': [(784, 411), (411,), (411, 10), (10,)], 'train_accuracy': 0.9804833333333334, 'test_accuracy': 0.9756}} 
09-12 22:32 DEBUG    ****** PDM_KL matching ******** 
09-12 22:32 DEBUG    Best Sigma0: 0.5. Best sigma: 1 Best gamma: 10. Best Test accuracy: 0.9754. Train acc: 0.9803666666666667. 

09-12 22:32 DEBUG    PDM_KL log: {(0.5, 1, 10): {'shapes': [(784, 421), (421,), (421, 10), (10,)], 'train_accuracy': 0.9803666666666667, 'test_accuracy': 0.9754}} 
09-12 22:35 DEBUG    ****** PDM_KL matching ******** 
09-12 22:35 DEBUG    Best Sigma0: 0.5. Best sigma: 1 Best gamma: 10. Best Test accuracy: 0.9749. Train acc: 0.9794833333333334. 

09-12 22:35 DEBUG    PDM_KL log: {(0.5, 1, 10): {'shapes': [(784, 390), (390,), (390, 10), (10,)], 'train_accuracy': 0.9794833333333334, 'test_accuracy': 0.9749}} 
09-12 22:36 DEBUG    ****** PDM_KL matching ******** 
09-12 22:36 DEBUG    Best Sigma0: 0.5. Best sigma: 1 Best gamma: 10. Best Test accuracy: 0.7121. Train acc: 0.7221333333333333. 

09-12 22:36 DEBUG    PDM_KL log: {(0.5, 1, 10): {'shapes': [(784, 188), (188,), (188, 10), (10,)], 'train_accuracy': 0.7221333333333333, 'test_accuracy': 0.7121}} 
09-12 22:36 DEBUG    Trial 3 completed
09-12 22:36 DEBUG    ####################################################################################################
09-12 22:36 DEBUG    ####################################################################################################
09-12 22:36 DEBUG    Executing Trial 4 with seed 4
09-12 22:36 DEBUG    Data statistics: {0: {0: 1197, 1: 1342, 2: 1245, 3: 1225, 4: 1126, 5: 1088, 6: 1172, 7: 1280, 8: 1168, 9: 1157}, 1: {0: 1151, 1: 1356, 2: 1149, 3: 1220, 4: 1214, 5: 1086, 6: 1194, 7: 1209, 8: 1180, 9: 1241}, 2: {0: 1210, 1: 1364, 2: 1182, 3: 1269, 4: 1183, 5: 1073, 6: 1224, 7: 1225, 8: 1111, 9: 1159}, 3: {0: 1190, 1: 1349, 2: 1219, 3: 1201, 4: 1160, 5: 1063, 6: 1163, 7: 1288, 8: 1195, 9: 1172}, 4: {0: 1175, 1: 1331, 2: 1163, 3: 1216, 4: 1159, 5: 1111, 6: 1165, 7: 1263, 8: 1197, 9: 1220}}
09-12 22:36 DEBUG    **************************************************
09-12 22:36 DEBUG    Running experiments 

09-12 22:37 DEBUG    Uniform ensemble (Train acc): 0.980183
09-12 22:37 DEBUG    Uniform ensemble (Test acc): 0.972700
09-12 22:37 DEBUG    FedAvg (Train acc): 0.253150
09-12 22:37 DEBUG    FedAvg (Test acc): 0.256700
09-12 22:38 DEBUG    ****** PDM_KL matching ******** 
09-12 22:38 DEBUG    Best Sigma0: 0.5. Best sigma: 1 Best gamma: 10. Best Test accuracy: 0.9698. Train acc: 0.9728. 

09-12 22:38 DEBUG    PDM_KL log: {(0.5, 1, 10): {'shapes': [(784, 192), (192,), (192, 10), (10,)], 'train_accuracy': 0.9728, 'test_accuracy': 0.9698}} 
09-12 22:39 DEBUG    ****** PDM_KL matching ******** 
09-12 22:39 DEBUG    Best Sigma0: 0.5. Best sigma: 1 Best gamma: 10. Best Test accuracy: 0.9685. Train acc: 0.97185. 

09-12 22:39 DEBUG    PDM_KL log: {(0.5, 1, 10): {'shapes': [(784, 189), (189,), (189, 10), (10,)], 'train_accuracy': 0.97185, 'test_accuracy': 0.9685}} 
09-12 22:40 DEBUG    ****** PDM_KL matching ******** 
09-12 22:40 DEBUG    Best Sigma0: 0.5. Best sigma: 1 Best gamma: 10. Best Test accuracy: 0.9694. Train acc: 0.9726. 

09-12 22:40 DEBUG    PDM_KL log: {(0.5, 1, 10): {'shapes': [(784, 192), (192,), (192, 10), (10,)], 'train_accuracy': 0.9726, 'test_accuracy': 0.9694}} 
09-12 22:40 DEBUG    ****** PDM_KL matching ******** 
09-12 22:40 DEBUG    Best Sigma0: 0.5. Best sigma: 1 Best gamma: 10. Best Test accuracy: 0.9706. Train acc: 0.9722833333333334. 

09-12 22:40 DEBUG    PDM_KL log: {(0.5, 1, 10): {'shapes': [(784, 192), (192,), (192, 10), (10,)], 'train_accuracy': 0.9722833333333334, 'test_accuracy': 0.9706}} 
09-12 22:41 DEBUG    ****** PDM_KL matching ******** 
09-12 22:41 DEBUG    Best Sigma0: 0.5. Best sigma: 1 Best gamma: 10. Best Test accuracy: 0.9693. Train acc: 0.9729333333333333. 

09-12 22:41 DEBUG    PDM_KL log: {(0.5, 1, 10): {'shapes': [(784, 196), (196,), (196, 10), (10,)], 'train_accuracy': 0.9729333333333333, 'test_accuracy': 0.9693}} 
09-12 22:43 DEBUG    ****** PDM_KL matching ******** 
09-12 22:43 DEBUG    Best Sigma0: 0.5. Best sigma: 1 Best gamma: 10. Best Test accuracy: 0.9709. Train acc: 0.9737333333333333. 

09-12 22:43 DEBUG    PDM_KL log: {(0.5, 1, 10): {'shapes': [(784, 204), (204,), (204, 10), (10,)], 'train_accuracy': 0.9737333333333333, 'test_accuracy': 0.9709}} 
09-12 22:44 DEBUG    ****** PDM_KL matching ******** 
09-12 22:44 DEBUG    Best Sigma0: 0.5. Best sigma: 1 Best gamma: 10. Best Test accuracy: 0.9749. Train acc: 0.9787166666666667. 

09-12 22:44 DEBUG    PDM_KL log: {(0.5, 1, 10): {'shapes': [(784, 289), (289,), (289, 10), (10,)], 'train_accuracy': 0.9787166666666667, 'test_accuracy': 0.9749}} 
09-12 22:46 DEBUG    ****** PDM_KL matching ******** 
09-12 22:46 DEBUG    Best Sigma0: 0.5. Best sigma: 1 Best gamma: 10. Best Test accuracy: 0.9753. Train acc: 0.9808333333333333. 

09-12 22:46 DEBUG    PDM_KL log: {(0.5, 1, 10): {'shapes': [(784, 412), (412,), (412, 10), (10,)], 'train_accuracy': 0.9808333333333333, 'test_accuracy': 0.9753}} 
09-12 22:48 DEBUG    ****** PDM_KL matching ******** 
09-12 22:48 DEBUG    Best Sigma0: 0.5. Best sigma: 1 Best gamma: 10. Best Test accuracy: 0.9755. Train acc: 0.9809166666666667. 

09-12 22:48 DEBUG    PDM_KL log: {(0.5, 1, 10): {'shapes': [(784, 427), (427,), (427, 10), (10,)], 'train_accuracy': 0.9809166666666667, 'test_accuracy': 0.9755}} 
09-12 22:50 DEBUG    ****** PDM_KL matching ******** 
09-12 22:50 DEBUG    Best Sigma0: 0.5. Best sigma: 1 Best gamma: 10. Best Test accuracy: 0.9746. Train acc: 0.9796833333333334. 

09-12 22:50 DEBUG    PDM_KL log: {(0.5, 1, 10): {'shapes': [(784, 408), (408,), (408, 10), (10,)], 'train_accuracy': 0.9796833333333334, 'test_accuracy': 0.9746}} 
09-12 22:51 DEBUG    ****** PDM_KL matching ******** 
09-12 22:51 DEBUG    Best Sigma0: 0.5. Best sigma: 1 Best gamma: 10. Best Test accuracy: 0.672. Train acc: 0.6793666666666667. 

09-12 22:51 DEBUG    PDM_KL log: {(0.5, 1, 10): {'shapes': [(784, 184), (184,), (184, 10), (10,)], 'train_accuracy': 0.6793666666666667, 'test_accuracy': 0.672}} 
09-12 22:51 DEBUG    Trial 4 completed
09-12 22:51 DEBUG    ####################################################################################################
09-12 22:51 DEBUG    ####################################################################################################
09-12 22:51 DEBUG    Executing Trial 5 with seed 5
09-12 22:51 DEBUG    Data statistics: {0: {0: 1198, 1: 1323, 2: 1171, 3: 1249, 4: 1175, 5: 1014, 6: 1205, 7: 1300, 8: 1182, 9: 1183}, 1: {0: 1229, 1: 1351, 2: 1172, 3: 1196, 4: 1147, 5: 1109, 6: 1157, 7: 1255, 8: 1145, 9: 1239}, 2: {0: 1158, 1: 1356, 2: 1208, 3: 1260, 4: 1136, 5: 1100, 6: 1153, 7: 1273, 8: 1196, 9: 1160}, 3: {0: 1151, 1: 1342, 2: 1219, 3: 1223, 4: 1219, 5: 1115, 6: 1190, 7: 1216, 8: 1122, 9: 1203}, 4: {0: 1187, 1: 1370, 2: 1188, 3: 1203, 4: 1165, 5: 1083, 6: 1213, 7: 1221, 8: 1206, 9: 1164}}
09-12 22:51 DEBUG    **************************************************
09-12 22:51 DEBUG    Running experiments 

09-12 22:52 DEBUG    Uniform ensemble (Train acc): 0.978233
09-12 22:52 DEBUG    Uniform ensemble (Test acc): 0.971800
09-12 22:52 DEBUG    FedAvg (Train acc): 0.243067
09-12 22:52 DEBUG    FedAvg (Test acc): 0.241200
09-12 22:53 DEBUG    ****** PDM_KL matching ******** 
09-12 22:53 DEBUG    Best Sigma0: 0.5. Best sigma: 1 Best gamma: 10. Best Test accuracy: 0.9701. Train acc: 0.97375. 

09-12 22:53 DEBUG    PDM_KL log: {(0.5, 1, 10): {'shapes': [(784, 194), (194,), (194, 10), (10,)], 'train_accuracy': 0.97375, 'test_accuracy': 0.9701}} 
09-12 22:54 DEBUG    ****** PDM_KL matching ******** 
09-12 22:54 DEBUG    Best Sigma0: 0.5. Best sigma: 1 Best gamma: 10. Best Test accuracy: 0.9692. Train acc: 0.9733166666666667. 

09-12 22:54 DEBUG    PDM_KL log: {(0.5, 1, 10): {'shapes': [(784, 193), (193,), (193, 10), (10,)], 'train_accuracy': 0.9733166666666667, 'test_accuracy': 0.9692}} 
09-12 22:55 DEBUG    ****** PDM_KL matching ******** 
09-12 22:55 DEBUG    Best Sigma0: 0.5. Best sigma: 1 Best gamma: 10. Best Test accuracy: 0.9684. Train acc: 0.9732666666666666. 

09-12 22:55 DEBUG    PDM_KL log: {(0.5, 1, 10): {'shapes': [(784, 194), (194,), (194, 10), (10,)], 'train_accuracy': 0.9732666666666666, 'test_accuracy': 0.9684}} 
09-12 22:57 DEBUG    ****** PDM_KL matching ******** 
09-12 22:57 DEBUG    Best Sigma0: 0.5. Best sigma: 1 Best gamma: 10. Best Test accuracy: 0.9686. Train acc: 0.9731833333333333. 

09-12 22:57 DEBUG    PDM_KL log: {(0.5, 1, 10): {'shapes': [(784, 193), (193,), (193, 10), (10,)], 'train_accuracy': 0.9731833333333333, 'test_accuracy': 0.9686}} 
09-12 22:58 DEBUG    ****** PDM_KL matching ******** 
09-12 22:58 DEBUG    Best Sigma0: 0.5. Best sigma: 1 Best gamma: 10. Best Test accuracy: 0.9693. Train acc: 0.97435. 

09-12 22:58 DEBUG    PDM_KL log: {(0.5, 1, 10): {'shapes': [(784, 200), (200,), (200, 10), (10,)], 'train_accuracy': 0.97435, 'test_accuracy': 0.9693}} 
09-12 23:00 DEBUG    ****** PDM_KL matching ******** 
09-12 23:00 DEBUG    Best Sigma0: 0.5. Best sigma: 1 Best gamma: 10. Best Test accuracy: 0.9709. Train acc: 0.9743. 

09-12 23:00 DEBUG    PDM_KL log: {(0.5, 1, 10): {'shapes': [(784, 206), (206,), (206, 10), (10,)], 'train_accuracy': 0.9743, 'test_accuracy': 0.9709}} 
09-12 23:01 DEBUG    ****** PDM_KL matching ******** 
09-12 23:01 DEBUG    Best Sigma0: 0.5. Best sigma: 1 Best gamma: 10. Best Test accuracy: 0.9725. Train acc: 0.9776833333333333. 

09-12 23:01 DEBUG    PDM_KL log: {(0.5, 1, 10): {'shapes': [(784, 283), (283,), (283, 10), (10,)], 'train_accuracy': 0.9776833333333333, 'test_accuracy': 0.9725}} 
09-12 23:04 DEBUG    ****** PDM_KL matching ******** 
09-12 23:04 DEBUG    Best Sigma0: 0.5. Best sigma: 1 Best gamma: 10. Best Test accuracy: 0.9735. Train acc: 0.9788333333333333. 

09-12 23:04 DEBUG    PDM_KL log: {(0.5, 1, 10): {'shapes': [(784, 400), (400,), (400, 10), (10,)], 'train_accuracy': 0.9788333333333333, 'test_accuracy': 0.9735}} 
09-12 23:06 DEBUG    ****** PDM_KL matching ******** 
09-12 23:06 DEBUG    Best Sigma0: 0.5. Best sigma: 1 Best gamma: 10. Best Test accuracy: 0.9737. Train acc: 0.9789166666666667. 

09-12 23:06 DEBUG    PDM_KL log: {(0.5, 1, 10): {'shapes': [(784, 413), (413,), (413, 10), (10,)], 'train_accuracy': 0.9789166666666667, 'test_accuracy': 0.9737}} 
09-12 23:09 DEBUG    ****** PDM_KL matching ******** 
09-12 23:09 DEBUG    Best Sigma0: 0.5. Best sigma: 1 Best gamma: 10. Best Test accuracy: 0.9732. Train acc: 0.97805. 

09-12 23:09 DEBUG    PDM_KL log: {(0.5, 1, 10): {'shapes': [(784, 396), (396,), (396, 10), (10,)], 'train_accuracy': 0.97805, 'test_accuracy': 0.9732}} 
09-12 23:10 DEBUG    ****** PDM_KL matching ******** 
09-12 23:10 DEBUG    Best Sigma0: 0.5. Best sigma: 1 Best gamma: 10. Best Test accuracy: 0.7357. Train acc: 0.7469166666666667. 

09-12 23:10 DEBUG    PDM_KL log: {(0.5, 1, 10): {'shapes': [(784, 191), (191,), (191, 10), (10,)], 'train_accuracy': 0.7469166666666667, 'test_accuracy': 0.7357}} 
09-12 23:10 DEBUG    Trial 5 completed
09-12 23:10 DEBUG    ####################################################################################################
09-12 23:10 DEBUG    ####################################################################################################
09-12 23:10 DEBUG    Executing Trial 6 with seed 6
09-12 23:10 DEBUG    Data statistics: {0: {0: 1151, 1: 1377, 2: 1193, 3: 1260, 4: 1181, 5: 1089, 6: 1175, 7: 1237, 8: 1171, 9: 1166}, 1: {0: 1195, 1: 1380, 2: 1135, 3: 1224, 4: 1140, 5: 1083, 6: 1203, 7: 1243, 8: 1175, 9: 1222}, 2: {0: 1164, 1: 1375, 2: 1245, 3: 1265, 4: 1133, 5: 1067, 6: 1166, 7: 1272, 8: 1158, 9: 1155}, 3: {0: 1243, 1: 1313, 2: 1187, 3: 1156, 4: 1206, 5: 1060, 6: 1221, 7: 1254, 8: 1145, 9: 1215}, 4: {0: 1170, 1: 1297, 2: 1198, 3: 1226, 4: 1182, 5: 1122, 6: 1153, 7: 1259, 8: 1202, 9: 1191}}
09-12 23:11 DEBUG    **************************************************
09-12 23:11 DEBUG    Running experiments 

09-12 23:11 DEBUG    Uniform ensemble (Train acc): 0.978033
09-12 23:11 DEBUG    Uniform ensemble (Test acc): 0.973200
09-12 23:11 DEBUG    FedAvg (Train acc): 0.188067
09-12 23:11 DEBUG    FedAvg (Test acc): 0.187900
09-12 23:12 DEBUG    ****** PDM_KL matching ******** 
09-12 23:12 DEBUG    Best Sigma0: 0.5. Best sigma: 1 Best gamma: 10. Best Test accuracy: 0.9675. Train acc: 0.9724833333333334. 

09-12 23:12 DEBUG    PDM_KL log: {(0.5, 1, 10): {'shapes': [(784, 189), (189,), (189, 10), (10,)], 'train_accuracy': 0.9724833333333334, 'test_accuracy': 0.9675}} 
09-12 23:13 DEBUG    ****** PDM_KL matching ******** 
09-12 23:13 DEBUG    Best Sigma0: 0.5. Best sigma: 1 Best gamma: 10. Best Test accuracy: 0.9681. Train acc: 0.9728. 

09-12 23:13 DEBUG    PDM_KL log: {(0.5, 1, 10): {'shapes': [(784, 189), (189,), (189, 10), (10,)], 'train_accuracy': 0.9728, 'test_accuracy': 0.9681}} 
09-12 23:14 DEBUG    ****** PDM_KL matching ******** 
09-12 23:14 DEBUG    Best Sigma0: 0.5. Best sigma: 1 Best gamma: 10. Best Test accuracy: 0.9682. Train acc: 0.97295. 

09-12 23:14 DEBUG    PDM_KL log: {(0.5, 1, 10): {'shapes': [(784, 190), (190,), (190, 10), (10,)], 'train_accuracy': 0.97295, 'test_accuracy': 0.9682}} 
09-12 23:14 DEBUG    ****** PDM_KL matching ******** 
09-12 23:14 DEBUG    Best Sigma0: 0.5. Best sigma: 1 Best gamma: 10. Best Test accuracy: 0.9684. Train acc: 0.9734. 

09-12 23:14 DEBUG    PDM_KL log: {(0.5, 1, 10): {'shapes': [(784, 191), (191,), (191, 10), (10,)], 'train_accuracy': 0.9734, 'test_accuracy': 0.9684}} 
09-12 23:16 DEBUG    ****** PDM_KL matching ******** 
09-12 23:16 DEBUG    Best Sigma0: 0.5. Best sigma: 1 Best gamma: 10. Best Test accuracy: 0.9687. Train acc: 0.97355. 

09-12 23:16 DEBUG    PDM_KL log: {(0.5, 1, 10): {'shapes': [(784, 198), (198,), (198, 10), (10,)], 'train_accuracy': 0.97355, 'test_accuracy': 0.9687}} 
09-12 23:17 DEBUG    ****** PDM_KL matching ******** 
09-12 23:17 DEBUG    Best Sigma0: 0.5. Best sigma: 1 Best gamma: 10. Best Test accuracy: 0.97. Train acc: 0.9740833333333333. 

09-12 23:17 DEBUG    PDM_KL log: {(0.5, 1, 10): {'shapes': [(784, 205), (205,), (205, 10), (10,)], 'train_accuracy': 0.9740833333333333, 'test_accuracy': 0.97}} 
09-12 23:19 DEBUG    ****** PDM_KL matching ******** 
09-12 23:19 DEBUG    Best Sigma0: 0.5. Best sigma: 1 Best gamma: 10. Best Test accuracy: 0.9729. Train acc: 0.9771833333333333. 

09-12 23:19 DEBUG    PDM_KL log: {(0.5, 1, 10): {'shapes': [(784, 286), (286,), (286, 10), (10,)], 'train_accuracy': 0.9771833333333333, 'test_accuracy': 0.9729}} 
09-12 23:21 DEBUG    ****** PDM_KL matching ******** 
09-12 23:21 DEBUG    Best Sigma0: 0.5. Best sigma: 1 Best gamma: 10. Best Test accuracy: 0.9759. Train acc: 0.9797666666666667. 

09-12 23:21 DEBUG    PDM_KL log: {(0.5, 1, 10): {'shapes': [(784, 410), (410,), (410, 10), (10,)], 'train_accuracy': 0.9797666666666667, 'test_accuracy': 0.9759}} 
09-12 23:23 DEBUG    ****** PDM_KL matching ******** 
09-12 23:23 DEBUG    Best Sigma0: 0.5. Best sigma: 1 Best gamma: 10. Best Test accuracy: 0.9762. Train acc: 0.9797833333333333. 

09-12 23:23 DEBUG    PDM_KL log: {(0.5, 1, 10): {'shapes': [(784, 421), (421,), (421, 10), (10,)], 'train_accuracy': 0.9797833333333333, 'test_accuracy': 0.9762}} 
09-12 23:26 DEBUG    ****** PDM_KL matching ******** 
09-12 23:26 DEBUG    Best Sigma0: 0.5. Best sigma: 1 Best gamma: 10. Best Test accuracy: 0.9752. Train acc: 0.9794166666666667. 

09-12 23:26 DEBUG    PDM_KL log: {(0.5, 1, 10): {'shapes': [(784, 412), (412,), (412, 10), (10,)], 'train_accuracy': 0.9794166666666667, 'test_accuracy': 0.9752}} 
09-12 23:27 DEBUG    ****** PDM_KL matching ******** 
09-12 23:27 DEBUG    Best Sigma0: 0.5. Best sigma: 1 Best gamma: 10. Best Test accuracy: 0.6402. Train acc: 0.6511333333333333. 

09-12 23:27 DEBUG    PDM_KL log: {(0.5, 1, 10): {'shapes': [(784, 177), (177,), (177, 10), (10,)], 'train_accuracy': 0.6511333333333333, 'test_accuracy': 0.6402}} 
09-12 23:27 DEBUG    Trial 6 completed
09-12 23:27 DEBUG    ####################################################################################################
09-12 23:27 DEBUG    ####################################################################################################
09-12 23:27 DEBUG    Executing Trial 7 with seed 7
09-12 23:27 DEBUG    Data statistics: {0: {0: 1144, 1: 1343, 2: 1129, 3: 1244, 4: 1198, 5: 1111, 6: 1201, 7: 1293, 8: 1201, 9: 1136}, 1: {0: 1186, 1: 1383, 2: 1199, 3: 1265, 4: 1138, 5: 1117, 6: 1179, 7: 1210, 8: 1100, 9: 1223}, 2: {0: 1194, 1: 1281, 2: 1194, 3: 1249, 4: 1191, 5: 1078, 6: 1165, 7: 1288, 8: 1164, 9: 1196}, 3: {0: 1172, 1: 1389, 2: 1236, 3: 1211, 4: 1127, 5: 1034, 6: 1174, 7: 1255, 8: 1203, 9: 1199}, 4: {0: 1227, 1: 1346, 2: 1200, 3: 1162, 4: 1188, 5: 1081, 6: 1199, 7: 1219, 8: 1183, 9: 1195}}
09-12 23:27 DEBUG    **************************************************
09-12 23:27 DEBUG    Running experiments 

09-12 23:28 DEBUG    Uniform ensemble (Train acc): 0.978217
09-12 23:28 DEBUG    Uniform ensemble (Test acc): 0.971100
09-12 23:28 DEBUG    FedAvg (Train acc): 0.235233
09-12 23:28 DEBUG    FedAvg (Test acc): 0.243200
09-12 23:29 DEBUG    ****** PDM_KL matching ******** 
09-12 23:29 DEBUG    Best Sigma0: 0.5. Best sigma: 1 Best gamma: 10. Best Test accuracy: 0.9612. Train acc: 0.9668666666666667. 

09-12 23:29 DEBUG    PDM_KL log: {(0.5, 1, 10): {'shapes': [(784, 190), (190,), (190, 10), (10,)], 'train_accuracy': 0.9668666666666667, 'test_accuracy': 0.9612}} 
09-12 23:30 DEBUG    ****** PDM_KL matching ******** 
09-12 23:30 DEBUG    Best Sigma0: 0.5. Best sigma: 1 Best gamma: 10. Best Test accuracy: 0.9614. Train acc: 0.9670666666666666. 

09-12 23:30 DEBUG    PDM_KL log: {(0.5, 1, 10): {'shapes': [(784, 191), (191,), (191, 10), (10,)], 'train_accuracy': 0.9670666666666666, 'test_accuracy': 0.9614}} 
09-12 23:31 DEBUG    ****** PDM_KL matching ******** 
09-12 23:31 DEBUG    Best Sigma0: 0.5. Best sigma: 1 Best gamma: 10. Best Test accuracy: 0.9621. Train acc: 0.96755. 

09-12 23:31 DEBUG    PDM_KL log: {(0.5, 1, 10): {'shapes': [(784, 192), (192,), (192, 10), (10,)], 'train_accuracy': 0.96755, 'test_accuracy': 0.9621}} 
09-12 23:32 DEBUG    ****** PDM_KL matching ******** 
09-12 23:32 DEBUG    Best Sigma0: 0.5. Best sigma: 1 Best gamma: 10. Best Test accuracy: 0.9614. Train acc: 0.9667833333333333. 

09-12 23:32 DEBUG    PDM_KL log: {(0.5, 1, 10): {'shapes': [(784, 192), (192,), (192, 10), (10,)], 'train_accuracy': 0.9667833333333333, 'test_accuracy': 0.9614}} 
09-12 23:33 DEBUG    ****** PDM_KL matching ******** 
09-12 23:33 DEBUG    Best Sigma0: 0.5. Best sigma: 1 Best gamma: 10. Best Test accuracy: 0.9636. Train acc: 0.9689166666666666. 

09-12 23:33 DEBUG    PDM_KL log: {(0.5, 1, 10): {'shapes': [(784, 198), (198,), (198, 10), (10,)], 'train_accuracy': 0.9689166666666666, 'test_accuracy': 0.9636}} 
09-12 23:35 DEBUG    ****** PDM_KL matching ******** 
09-12 23:35 DEBUG    Best Sigma0: 0.5. Best sigma: 1 Best gamma: 10. Best Test accuracy: 0.9628. Train acc: 0.9692166666666666. 

09-12 23:35 DEBUG    PDM_KL log: {(0.5, 1, 10): {'shapes': [(784, 206), (206,), (206, 10), (10,)], 'train_accuracy': 0.9692166666666666, 'test_accuracy': 0.9628}} 
09-12 23:36 DEBUG    ****** PDM_KL matching ******** 
09-12 23:36 DEBUG    Best Sigma0: 0.5. Best sigma: 1 Best gamma: 10. Best Test accuracy: 0.9707. Train acc: 0.9762666666666666. 

09-12 23:36 DEBUG    PDM_KL log: {(0.5, 1, 10): {'shapes': [(784, 283), (283,), (283, 10), (10,)], 'train_accuracy': 0.9762666666666666, 'test_accuracy': 0.9707}} 
09-12 23:39 DEBUG    ****** PDM_KL matching ******** 
09-12 23:39 DEBUG    Best Sigma0: 0.5. Best sigma: 1 Best gamma: 10. Best Test accuracy: 0.9716. Train acc: 0.97905. 

09-12 23:39 DEBUG    PDM_KL log: {(0.5, 1, 10): {'shapes': [(784, 410), (410,), (410, 10), (10,)], 'train_accuracy': 0.97905, 'test_accuracy': 0.9716}} 
09-12 23:41 DEBUG    ****** PDM_KL matching ******** 
09-12 23:41 DEBUG    Best Sigma0: 0.5. Best sigma: 1 Best gamma: 10. Best Test accuracy: 0.9722. Train acc: 0.97915. 

09-12 23:41 DEBUG    PDM_KL log: {(0.5, 1, 10): {'shapes': [(784, 426), (426,), (426, 10), (10,)], 'train_accuracy': 0.97915, 'test_accuracy': 0.9722}} 
09-12 23:44 DEBUG    ****** PDM_KL matching ******** 
09-12 23:44 DEBUG    Best Sigma0: 0.5. Best sigma: 1 Best gamma: 10. Best Test accuracy: 0.9721. Train acc: 0.9785333333333334. 

09-12 23:44 DEBUG    PDM_KL log: {(0.5, 1, 10): {'shapes': [(784, 422), (422,), (422, 10), (10,)], 'train_accuracy': 0.9785333333333334, 'test_accuracy': 0.9721}} 
09-12 23:46 DEBUG    ****** PDM_KL matching ******** 
09-12 23:46 DEBUG    Best Sigma0: 0.5. Best sigma: 1 Best gamma: 10. Best Test accuracy: 0.8486. Train acc: 0.8502666666666666. 

09-12 23:46 DEBUG    PDM_KL log: {(0.5, 1, 10): {'shapes': [(784, 184), (184,), (184, 10), (10,)], 'train_accuracy': 0.8502666666666666, 'test_accuracy': 0.8486}} 
09-12 23:46 DEBUG    Trial 7 completed
09-12 23:46 DEBUG    ####################################################################################################
09-12 23:46 DEBUG    ####################################################################################################
09-12 23:46 DEBUG    Executing Trial 8 with seed 8
09-12 23:46 DEBUG    Data statistics: {0: {0: 1181, 1: 1428, 2: 1160, 3: 1248, 4: 1150, 5: 1088, 6: 1142, 7: 1238, 8: 1177, 9: 1188}, 1: {0: 1148, 1: 1336, 2: 1221, 3: 1242, 4: 1176, 5: 1086, 6: 1132, 7: 1257, 8: 1204, 9: 1198}, 2: {0: 1234, 1: 1295, 2: 1185, 3: 1203, 4: 1204, 5: 1080, 6: 1232, 7: 1244, 8: 1129, 9: 1194}, 3: {0: 1164, 1: 1334, 2: 1186, 3: 1235, 4: 1132, 5: 1128, 6: 1172, 7: 1282, 8: 1152, 9: 1215}, 4: {0: 1196, 1: 1349, 2: 1206, 3: 1203, 4: 1180, 5: 1039, 6: 1240, 7: 1244, 8: 1189, 9: 1154}}
09-12 23:46 DEBUG    **************************************************
09-12 23:46 DEBUG    Running experiments 

09-12 23:47 DEBUG    Uniform ensemble (Train acc): 0.978633
09-12 23:47 DEBUG    Uniform ensemble (Test acc): 0.973300
09-12 23:47 DEBUG    FedAvg (Train acc): 0.205267
09-12 23:47 DEBUG    FedAvg (Test acc): 0.210400
09-12 23:49 DEBUG    ****** PDM_KL matching ******** 
09-12 23:49 DEBUG    Best Sigma0: 0.5. Best sigma: 1 Best gamma: 10. Best Test accuracy: 0.9665. Train acc: 0.974. 

09-12 23:49 DEBUG    PDM_KL log: {(0.5, 1, 10): {'shapes': [(784, 195), (195,), (195, 10), (10,)], 'train_accuracy': 0.974, 'test_accuracy': 0.9665}} 
09-12 23:50 DEBUG    ****** PDM_KL matching ******** 
09-12 23:50 DEBUG    Best Sigma0: 0.5. Best sigma: 1 Best gamma: 10. Best Test accuracy: 0.9677. Train acc: 0.9744666666666667. 

09-12 23:50 DEBUG    PDM_KL log: {(0.5, 1, 10): {'shapes': [(784, 196), (196,), (196, 10), (10,)], 'train_accuracy': 0.9744666666666667, 'test_accuracy': 0.9677}} 
09-12 23:51 DEBUG    ****** PDM_KL matching ******** 
09-12 23:51 DEBUG    Best Sigma0: 0.5. Best sigma: 1 Best gamma: 10. Best Test accuracy: 0.9663. Train acc: 0.9739666666666666. 

09-12 23:51 DEBUG    PDM_KL log: {(0.5, 1, 10): {'shapes': [(784, 196), (196,), (196, 10), (10,)], 'train_accuracy': 0.9739666666666666, 'test_accuracy': 0.9663}} 
09-12 23:52 DEBUG    ****** PDM_KL matching ******** 
09-12 23:52 DEBUG    Best Sigma0: 0.5. Best sigma: 1 Best gamma: 10. Best Test accuracy: 0.9668. Train acc: 0.9738833333333333. 

09-12 23:52 DEBUG    PDM_KL log: {(0.5, 1, 10): {'shapes': [(784, 197), (197,), (197, 10), (10,)], 'train_accuracy': 0.9738833333333333, 'test_accuracy': 0.9668}} 
09-12 23:53 DEBUG    ****** PDM_KL matching ******** 
09-12 23:53 DEBUG    Best Sigma0: 0.5. Best sigma: 1 Best gamma: 10. Best Test accuracy: 0.9678. Train acc: 0.9743833333333334. 

09-12 23:53 DEBUG    PDM_KL log: {(0.5, 1, 10): {'shapes': [(784, 204), (204,), (204, 10), (10,)], 'train_accuracy': 0.9743833333333334, 'test_accuracy': 0.9678}} 
09-12 23:55 DEBUG    ****** PDM_KL matching ******** 
09-12 23:55 DEBUG    Best Sigma0: 0.5. Best sigma: 1 Best gamma: 10. Best Test accuracy: 0.9677. Train acc: 0.9747833333333333. 

09-12 23:55 DEBUG    PDM_KL log: {(0.5, 1, 10): {'shapes': [(784, 211), (211,), (211, 10), (10,)], 'train_accuracy': 0.9747833333333333, 'test_accuracy': 0.9677}} 
09-12 23:56 DEBUG    ****** PDM_KL matching ******** 
09-12 23:56 DEBUG    Best Sigma0: 0.5. Best sigma: 1 Best gamma: 10. Best Test accuracy: 0.9733. Train acc: 0.9785333333333334. 

09-12 23:56 DEBUG    PDM_KL log: {(0.5, 1, 10): {'shapes': [(784, 296), (296,), (296, 10), (10,)], 'train_accuracy': 0.9785333333333334, 'test_accuracy': 0.9733}} 
09-12 23:59 DEBUG    ****** PDM_KL matching ******** 
09-12 23:59 DEBUG    Best Sigma0: 0.5. Best sigma: 1 Best gamma: 10. Best Test accuracy: 0.9745. Train acc: 0.9805833333333334. 

09-12 23:59 DEBUG    PDM_KL log: {(0.5, 1, 10): {'shapes': [(784, 414), (414,), (414, 10), (10,)], 'train_accuracy': 0.9805833333333334, 'test_accuracy': 0.9745}} 
09-13 00:01 DEBUG    ****** PDM_KL matching ******** 
09-13 00:01 DEBUG    Best Sigma0: 0.5. Best sigma: 1 Best gamma: 10. Best Test accuracy: 0.9745. Train acc: 0.98055. 

09-13 00:01 DEBUG    PDM_KL log: {(0.5, 1, 10): {'shapes': [(784, 424), (424,), (424, 10), (10,)], 'train_accuracy': 0.98055, 'test_accuracy': 0.9745}} 
09-13 00:04 DEBUG    ****** PDM_KL matching ******** 
09-13 00:04 DEBUG    Best Sigma0: 0.5. Best sigma: 1 Best gamma: 10. Best Test accuracy: 0.9738. Train acc: 0.9795333333333334. 

09-13 00:04 DEBUG    PDM_KL log: {(0.5, 1, 10): {'shapes': [(784, 409), (409,), (409, 10), (10,)], 'train_accuracy': 0.9795333333333334, 'test_accuracy': 0.9738}} 
09-13 00:05 DEBUG    ****** PDM_KL matching ******** 
09-13 00:05 DEBUG    Best Sigma0: 0.5. Best sigma: 1 Best gamma: 10. Best Test accuracy: 0.5865. Train acc: 0.5961833333333333. 

09-13 00:05 DEBUG    PDM_KL log: {(0.5, 1, 10): {'shapes': [(784, 178), (178,), (178, 10), (10,)], 'train_accuracy': 0.5961833333333333, 'test_accuracy': 0.5865}} 
09-13 00:05 DEBUG    Trial 8 completed
09-13 00:05 DEBUG    ####################################################################################################
09-13 00:05 DEBUG    ####################################################################################################
09-13 00:05 DEBUG    Executing Trial 9 with seed 9
09-13 00:05 DEBUG    Data statistics: {0: {0: 1161, 1: 1404, 2: 1150, 3: 1219, 4: 1163, 5: 1086, 6: 1189, 7: 1273, 8: 1171, 9: 1184}, 1: {0: 1208, 1: 1356, 2: 1177, 3: 1243, 4: 1139, 5: 1083, 6: 1188, 7: 1241, 8: 1138, 9: 1227}, 2: {0: 1189, 1: 1318, 2: 1186, 3: 1252, 4: 1189, 5: 1103, 6: 1133, 7: 1260, 8: 1184, 9: 1186}, 3: {0: 1179, 1: 1352, 2: 1241, 3: 1232, 4: 1181, 5: 1024, 6: 1203, 7: 1210, 8: 1202, 9: 1176}, 4: {0: 1186, 1: 1312, 2: 1204, 3: 1185, 4: 1170, 5: 1125, 6: 1205, 7: 1281, 8: 1156, 9: 1176}}
09-13 00:05 DEBUG    **************************************************
09-13 00:05 DEBUG    Running experiments 

09-13 00:06 DEBUG    Uniform ensemble (Train acc): 0.978400
09-13 00:06 DEBUG    Uniform ensemble (Test acc): 0.970300
09-13 00:06 DEBUG    FedAvg (Train acc): 0.261117
09-13 00:06 DEBUG    FedAvg (Test acc): 0.251400
09-13 00:07 DEBUG    ****** PDM_KL matching ******** 
09-13 00:07 DEBUG    Best Sigma0: 0.5. Best sigma: 1 Best gamma: 10. Best Test accuracy: 0.9659. Train acc: 0.9729666666666666. 

09-13 00:07 DEBUG    PDM_KL log: {(0.5, 1, 10): {'shapes': [(784, 194), (194,), (194, 10), (10,)], 'train_accuracy': 0.9729666666666666, 'test_accuracy': 0.9659}} 
09-13 00:08 DEBUG    ****** PDM_KL matching ******** 
09-13 00:08 DEBUG    Best Sigma0: 0.5. Best sigma: 1 Best gamma: 10. Best Test accuracy: 0.9654. Train acc: 0.9725833333333334. 

09-13 00:08 DEBUG    PDM_KL log: {(0.5, 1, 10): {'shapes': [(784, 193), (193,), (193, 10), (10,)], 'train_accuracy': 0.9725833333333334, 'test_accuracy': 0.9654}} 
09-13 00:09 DEBUG    ****** PDM_KL matching ******** 
09-13 00:09 DEBUG    Best Sigma0: 0.5. Best sigma: 1 Best gamma: 10. Best Test accuracy: 0.966. Train acc: 0.9730833333333333. 

09-13 00:09 DEBUG    PDM_KL log: {(0.5, 1, 10): {'shapes': [(784, 192), (192,), (192, 10), (10,)], 'train_accuracy': 0.9730833333333333, 'test_accuracy': 0.966}} 
09-13 00:10 DEBUG    ****** PDM_KL matching ******** 
09-13 00:10 DEBUG    Best Sigma0: 0.5. Best sigma: 1 Best gamma: 10. Best Test accuracy: 0.9652. Train acc: 0.97265. 

09-13 00:10 DEBUG    PDM_KL log: {(0.5, 1, 10): {'shapes': [(784, 193), (193,), (193, 10), (10,)], 'train_accuracy': 0.97265, 'test_accuracy': 0.9652}} 
09-13 00:11 DEBUG    ****** PDM_KL matching ******** 
09-13 00:11 DEBUG    Best Sigma0: 0.5. Best sigma: 1 Best gamma: 10. Best Test accuracy: 0.9667. Train acc: 0.97345. 

09-13 00:11 DEBUG    PDM_KL log: {(0.5, 1, 10): {'shapes': [(784, 200), (200,), (200, 10), (10,)], 'train_accuracy': 0.97345, 'test_accuracy': 0.9667}} 
09-13 00:11 DEBUG    ****** PDM_KL matching ******** 
09-13 00:11 DEBUG    Best Sigma0: 0.5. Best sigma: 1 Best gamma: 10. Best Test accuracy: 0.9668. Train acc: 0.9735166666666667. 

09-13 00:11 DEBUG    PDM_KL log: {(0.5, 1, 10): {'shapes': [(784, 205), (205,), (205, 10), (10,)], 'train_accuracy': 0.9735166666666667, 'test_accuracy': 0.9668}} 
09-13 00:13 DEBUG    ****** PDM_KL matching ******** 
09-13 00:13 DEBUG    Best Sigma0: 0.5. Best sigma: 1 Best gamma: 10. Best Test accuracy: 0.9712. Train acc: 0.9777666666666667. 

09-13 00:13 DEBUG    PDM_KL log: {(0.5, 1, 10): {'shapes': [(784, 288), (288,), (288, 10), (10,)], 'train_accuracy': 0.9777666666666667, 'test_accuracy': 0.9712}} 
09-13 00:15 DEBUG    ****** PDM_KL matching ******** 
09-13 00:15 DEBUG    Best Sigma0: 0.5. Best sigma: 1 Best gamma: 10. Best Test accuracy: 0.9726. Train acc: 0.9794833333333334. 

09-13 00:15 DEBUG    PDM_KL log: {(0.5, 1, 10): {'shapes': [(784, 412), (412,), (412, 10), (10,)], 'train_accuracy': 0.9794833333333334, 'test_accuracy': 0.9726}} 
09-13 00:17 DEBUG    ****** PDM_KL matching ******** 
09-13 00:17 DEBUG    Best Sigma0: 0.5. Best sigma: 1 Best gamma: 10. Best Test accuracy: 0.9727. Train acc: 0.9794166666666667. 

09-13 00:17 DEBUG    PDM_KL log: {(0.5, 1, 10): {'shapes': [(784, 426), (426,), (426, 10), (10,)], 'train_accuracy': 0.9794166666666667, 'test_accuracy': 0.9727}} 
09-13 00:19 DEBUG    ****** PDM_KL matching ******** 
09-13 00:19 DEBUG    Best Sigma0: 0.5. Best sigma: 1 Best gamma: 10. Best Test accuracy: 0.9729. Train acc: 0.9790333333333333. 

09-13 00:19 DEBUG    PDM_KL log: {(0.5, 1, 10): {'shapes': [(784, 406), (406,), (406, 10), (10,)], 'train_accuracy': 0.9790333333333333, 'test_accuracy': 0.9729}} 
09-13 00:21 DEBUG    ****** PDM_KL matching ******** 
09-13 00:21 DEBUG    Best Sigma0: 0.5. Best sigma: 1 Best gamma: 10. Best Test accuracy: 0.6541. Train acc: 0.6569. 

09-13 00:21 DEBUG    PDM_KL log: {(0.5, 1, 10): {'shapes': [(784, 186), (186,), (186, 10), (10,)], 'train_accuracy': 0.6569, 'test_accuracy': 0.6541}} 
09-13 00:21 DEBUG    Trial 9 completed
09-13 00:21 DEBUG    ####################################################################################################
